#                                                                            --- full sequence --- -------------- this domain -------------   hmm coord   ali coord   env coord
# target name        accession   tlen query name           accession   qlen   E-value  score  bias   #  of  c-Evalue  i-Evalue  score  bias  from    to  from    to  from    to  acc description of target
#------------------- ---------- ----- -------------------- ---------- ----- --------- ------ ----- --- --- --------- --------- ------ ----- ----- ----- ----- ----- ----- ----- ---- ---------------------
Dbuz01234-RA         -            754 1314980at2759        -            513  2.9e-165  550.0  10.5   1   4  3.4e-132  8.8e-129  429.7   0.0     1   307     4   360     4   404 0.90 protein AED:0.11 eAED:0.11 QI:172|1|1|1|1|1|2|33|754
Dbuz01234-RA         -            754 1314980at2759        -            513  2.9e-165  550.0  10.5   2   4   5.1e-05      0.13   10.1   0.1   333   354   462   483   421   487 0.79 protein AED:0.11 eAED:0.11 QI:172|1|1|1|1|1|2|33|754
Dbuz01234-RA         -            754 1314980at2759        -            513  2.9e-165  550.0  10.5   3   4   3.2e-27   8.2e-24   83.3   0.2   350   458   519   644   493   649 0.78 protein AED:0.11 eAED:0.11 QI:172|1|1|1|1|1|2|33|754
Dbuz01234-RA         -            754 1314980at2759        -            513  2.9e-165  550.0  10.5   4   4   8.5e-11   2.2e-07   29.1   0.3   459   513   681   754   656   754 0.78 protein AED:0.11 eAED:0.11 QI:172|1|1|1|1|1|2|33|754
Dbuz00408-RA         -            597 1314980at2759        -            513   1.5e-49  168.2   0.0   1   2   6.1e-47   1.6e-43  148.4   0.0     8   304    13   351     4   356 0.80 protein AED:0.35 eAED:0.35 QI:56|1|1|1|1|1|3|1449|597
Dbuz00408-RA         -            597 1314980at2759        -            513   1.5e-49  168.2   0.0   2   2   5.6e-07    0.0014   16.5   0.0   362   406   376   420   367   430 0.90 protein AED:0.35 eAED:0.35 QI:56|1|1|1|1|1|3|1449|597
Dbuz00145-RA         -            686 1314980at2759        -            513   1.2e-45  155.4   0.0   1   2   3.4e-44   8.8e-41  139.3   0.0     9   304    30   363    21   381 0.84 protein AED:0.25 eAED:0.25 QI:139|1|1|1|0.57|0.62|8|3949|686
Dbuz00145-RA         -            686 1314980at2759        -            513   1.2e-45  155.4   0.0   2   2   4.7e-06     0.012   13.5   0.0   362   407   388   433   379   455 0.82 protein AED:0.25 eAED:0.25 QI:139|1|1|1|0.57|0.62|8|3949|686
Dbuz03532-RA         -            659 1314980at2759        -            513   5.2e-19   67.5   0.0   1   3    0.0015         4    5.2   0.0    10    34    10    34     1    38 0.80 protein AED:0.36 eAED:0.36 QI:34|1|1|1|0.5|0.66|3|25|659
Dbuz03532-RA         -            659 1314980at2759        -            513   5.2e-19   67.5   0.0   2   3   9.1e-08   0.00023   19.1   0.0    44    93    94   142    83   147 0.89 protein AED:0.36 eAED:0.36 QI:34|1|1|1|0.5|0.66|3|25|659
Dbuz03532-RA         -            659 1314980at2759        -            513   5.2e-19   67.5   0.0   3   3   9.3e-14   2.4e-10   38.9   0.0   116   306   209   425   178   432 0.73 protein AED:0.36 eAED:0.36 QI:34|1|1|1|0.5|0.66|3|25|659
Dbuz08541-RA         -           1260 1314980at2759        -            513   0.00047   18.1   0.0   1   1   2.8e-07   0.00073   17.5   0.0    23   118   999  1100   988  1117 0.85 protein AED:0.13 eAED:0.13 QI:2000|0.92|0.85|1|0.69|0.5|14|2966|1260
#
# Program:         hmmsearch
# Version:         3.1b2 (February 2015)
# Pipeline mode:   SEARCH
# Query file:      /home/nmoreyra/Documents/Academico/Repositorios/BUSCO2Tree/test_marzo2023/busco_downloads/lineages/eukaryota_odb10/hmms/1314980at2759.hmm
# Target file:     /home/nmoreyra/Documents/Academico/Repositorios/BUSCO2Tree/test_marzo2023/00_proteins/Dbuz.fasta
# Option settings: hmmsearch --domtblout /home/nmoreyra/Documents/Academico/Repositorios/BUSCO2Tree/test_marzo2023/Results/00_proteins/Dbuz/run_eukaryota_odb10/hmmer_output/initial_run_results/1314980at2759.out --cpu 1 /home/nmoreyra/Documents/Academico/Repositorios/BUSCO2Tree/test_marzo2023/busco_downloads/lineages/eukaryota_odb10/hmms/1314980at2759.hmm /home/nmoreyra/Documents/Academico/Repositorios/BUSCO2Tree/test_marzo2023/00_proteins/Dbuz.fasta 
# Current dir:     /home/nmoreyra/Documents/Academico/Repositorios/BUSCO2Tree/test_marzo2023
# Date:            Thu Mar 23 14:21:19 2023
# [ok]
