#                                                                            --- full sequence --- -------------- this domain -------------   hmm coord   ali coord   env coord
# target name        accession   tlen query name           accession   qlen   E-value  score  bias   #  of  c-Evalue  i-Evalue  score  bias  from    to  from    to  from    to  acc description of target
#------------------- ---------- ----- -------------------- ---------- ----- --------- ------ ----- --- --- --------- --------- ------ ----- ----- ----- ----- ----- ----- ----- ---- ---------------------
Dbuz09782-RA         -            900 692986at2759         -            386   1.4e-97  326.4  35.4   1   6   1.5e-35   9.8e-32  109.7  12.8     1   164   124   322   124   341 0.78 protein AED:0.13 eAED:0.13 QI:53|1|1|1|0.77|0.7|10|1311|900
Dbuz09782-RA         -            900 692986at2759         -            386   1.4e-97  326.4  35.4   2   6   7.8e-26     5e-22   77.8   0.9   169   238   351   430   331   434 0.88 protein AED:0.13 eAED:0.13 QI:53|1|1|1|0.77|0.7|10|1311|900
Dbuz09782-RA         -            900 692986at2759         -            386   1.4e-97  326.4  35.4   3   6   1.4e-06     0.009   14.4   0.1   231   281   441   501   437   530 0.69 protein AED:0.13 eAED:0.13 QI:53|1|1|1|0.77|0.7|10|1311|900
Dbuz09782-RA         -            900 692986at2759         -            386   1.4e-97  326.4  35.4   4   6   1.5e-35   9.4e-32  109.8   0.1   244   337   517   614   502   622 0.86 protein AED:0.13 eAED:0.13 QI:53|1|1|1|0.77|0.7|10|1311|900
Dbuz09782-RA         -            900 692986at2759         -            386   1.4e-97  326.4  35.4   5   6   1.2e-07    0.0008   17.9   0.0   324   361   643   681   633   702 0.84 protein AED:0.13 eAED:0.13 QI:53|1|1|1|0.77|0.7|10|1311|900
Dbuz09782-RA         -            900 692986at2759         -            386   1.4e-97  326.4  35.4   6   6    0.0003       1.9    6.7   0.2   354   386   740   774   730   774 0.81 protein AED:0.13 eAED:0.13 QI:53|1|1|1|0.77|0.7|10|1311|900
Dbuz09225-RA         -            356 692986at2759         -            386      0.02   13.3   0.2   1   2   6.9e-06     0.044   12.1   0.1    56   101    18    65     1    70 0.73 protein AED:0.26 eAED:0.26 QI:340|1|1|1|0|0|4|178|356
Dbuz09225-RA         -            356 692986at2759         -            386      0.02   13.3   0.2   2   2      0.21   1.3e+03   -2.6   0.0   152   195   176   218   171   224 0.63 protein AED:0.26 eAED:0.26 QI:340|1|1|1|0|0|4|178|356
#
# Program:         hmmsearch
# Version:         3.1b2 (February 2015)
# Pipeline mode:   SEARCH
# Query file:      /home/nmoreyra/Documents/Academico/Repositorios/BUSCO2Tree/test_marzo2023/busco_downloads/lineages/eukaryota_odb10/hmms/692986at2759.hmm
# Target file:     /home/nmoreyra/Documents/Academico/Repositorios/BUSCO2Tree/test_marzo2023/00_proteins/Dbuz.fasta
# Option settings: hmmsearch --domtblout /home/nmoreyra/Documents/Academico/Repositorios/BUSCO2Tree/test_marzo2023/Results/00_proteins/Dbuz/run_eukaryota_odb10/hmmer_output/initial_run_results/692986at2759.out --cpu 1 /home/nmoreyra/Documents/Academico/Repositorios/BUSCO2Tree/test_marzo2023/busco_downloads/lineages/eukaryota_odb10/hmms/692986at2759.hmm /home/nmoreyra/Documents/Academico/Repositorios/BUSCO2Tree/test_marzo2023/00_proteins/Dbuz.fasta 
# Current dir:     /home/nmoreyra/Documents/Academico/Repositorios/BUSCO2Tree/test_marzo2023
# Date:            Thu Mar 23 14:21:24 2023
# [ok]
