#                                                                            --- full sequence --- -------------- this domain -------------   hmm coord   ali coord   env coord
# target name        accession   tlen query name           accession   qlen   E-value  score  bias   #  of  c-Evalue  i-Evalue  score  bias  from    to  from    to  from    to  acc description of target
#------------------- ---------- ----- -------------------- ---------- ----- --------- ------ ----- --- --- --------- --------- ------ ----- ----- ----- ----- ----- ----- ----- ---- ---------------------
Dbrb03303-RA         -           1368 12426at7147          -            512  5.8e-196  652.1  96.8   1  12   4.4e-12   3.7e-09   35.8   5.0     1    50     1    51     1    70 0.88 -
Dbrb03303-RA         -           1368 12426at7147          -            512  5.8e-196  652.1  96.8   2  12       0.4   3.4e+02   -0.4   0.1    17    49   128   160   120   173 0.69 -
Dbrb03303-RA         -           1368 12426at7147          -            512  5.8e-196  652.1  96.8   3  12   0.00011     0.096   11.3   0.1    43    69   191   217   166   228 0.82 -
Dbrb03303-RA         -           1368 12426at7147          -            512  5.8e-196  652.1  96.8   4  12      0.45   3.8e+02   -0.5  11.9   247   288   264   305   236   317 0.72 -
Dbrb03303-RA         -           1368 12426at7147          -            512  5.8e-196  652.1  96.8   5  12   3.4e-30   2.9e-27   95.6   8.5    24   216   343   559   323   561 0.71 -
Dbrb03303-RA         -           1368 12426at7147          -            512  5.8e-196  652.1  96.8   6  12   1.2e-47     1e-44  153.1   8.2    16   217   463   677   454   686 0.71 -
Dbrb03303-RA         -           1368 12426at7147          -            512  5.8e-196  652.1  96.8   7  12   7.2e-18   6.1e-15   54.9   2.6   225   273   751   804   738   834 0.86 -
Dbrb03303-RA         -           1368 12426at7147          -            512  5.8e-196  652.1  96.8   8  12   1.6e-66   1.4e-63  215.4   5.2   272   387   856   999   851  1006 0.86 -
Dbrb03303-RA         -           1368 12426at7147          -            512  5.8e-196  652.1  96.8   9  12       7.7   6.5e+03   -4.6   4.5   119   153  1009  1043  1001  1045 0.66 -
Dbrb03303-RA         -           1368 12426at7147          -            512  5.8e-196  652.1  96.8  10  12   2.8e-20   2.4e-17   62.8   0.0   384   436  1047  1109  1039  1115 0.86 -
Dbrb03303-RA         -           1368 12426at7147          -            512  5.8e-196  652.1  96.8  11  12   1.3e-14   1.1e-11   44.1   0.0   433   464  1152  1183  1147  1198 0.91 -
Dbrb03303-RA         -           1368 12426at7147          -            512  5.8e-196  652.1  96.8  12  12   1.6e-07   0.00013   20.8   0.0   465   512  1304  1368  1291  1368 0.78 -
Dbrb12671-RA         -           1341 12426at7147          -            512     1e-06   27.8  16.2   1   4     0.016        14    4.2   0.7    30   123   326   419   295   439 0.58 -
Dbrb12671-RA         -           1341 12426at7147          -            512     1e-06   27.8  16.2   2   4     5e-06    0.0043   15.8   1.4   225   308   623   716   614   721 0.78 -
Dbrb12671-RA         -           1341 12426at7147          -            512     1e-06   27.8  16.2   3   4    0.0032       2.7    6.6   0.0   382   413   937   968   934   975 0.90 -
Dbrb12671-RA         -           1341 12426at7147          -            512     1e-06   27.8  16.2   4   4     0.002       1.7    7.2   0.3   244   287  1099  1149  1093  1161 0.76 -
Dbrb01709-RA         -            627 12426at7147          -            512   3.6e-05   22.7   9.9   1   3     0.048        41    2.7   3.7    40   109   243   312   202   317 0.63 -
Dbrb01709-RA         -            627 12426at7147          -            512   3.6e-05   22.7   9.9   2   3       2.3     2e+03   -2.9  22.0   262   415   261   408   251   412 0.71 -
Dbrb01709-RA         -            627 12426at7147          -            512   3.6e-05   22.7   9.9   3   3   4.2e-08   3.6e-05   22.7   9.9   168   291   420   545   408   560 0.83 -
Dbrb09408-RA         -            322 12426at7147          -            512     4e-05   22.5  12.1   1   3    0.0013       1.1    7.9   1.7   385   462   110   192    95   197 0.71 -
Dbrb09408-RA         -            322 12426at7147          -            512     4e-05   22.5  12.1   2   3      0.27   2.3e+02    0.2   0.1   388   407   198   217   191   223 0.74 -
Dbrb09408-RA         -            322 12426at7147          -            512     4e-05   22.5  12.1   3   3   1.9e-07   0.00016   20.5   0.6   183   271   223   318   215   321 0.81 -
Dbrb16497-RA         -            404 12426at7147          -            512   0.00019   20.3  13.8   1   4    0.0044       3.7    6.1   1.3   247   274   172   199   152   225 0.82 -
Dbrb16497-RA         -            404 12426at7147          -            512   0.00019   20.3  13.8   2   4     0.023        19    3.7   2.9   249   274   174   199   173   241 0.67 -
Dbrb16497-RA         -            404 12426at7147          -            512   0.00019   20.3  13.8   3   4      0.33   2.8e+02   -0.1   0.1   388   407   280   299   270   305 0.75 -
Dbrb16497-RA         -            404 12426at7147          -            512   0.00019   20.3  13.8   4   4   2.7e-07   0.00022   20.0   0.3   183   271   305   400   302   403 0.80 -
Dbrb04404-RA         -             90 12426at7147          -            512     0.001   17.8   6.8   1   2   2.3e-05      0.02   13.6   0.5    93   116    17    40     6    45 0.88 -
Dbrb04404-RA         -             90 12426at7147          -            512     0.001   17.8   6.8   2   2   0.00067      0.56    8.8   1.2   181   209    40    68    39    73 0.88 -
Dbrb02973-RA         -            444 12426at7147          -            512     0.001   17.8   0.3   1   2      0.13   1.1e+02    1.3   0.0    78   111   169   203   154   242 0.75 -
Dbrb02973-RA         -            444 12426at7147          -            512     0.001   17.8   0.3   2   2   1.5e-05     0.012   14.3   0.2   185   271   328   423   294   434 0.51 -
Dbrb15383-RA         -            539 12426at7147          -            512    0.0011   17.7  23.6   1   4   0.00017      0.14   10.8   3.9   353   415   149   209   140   278 0.72 -
Dbrb15383-RA         -            539 12426at7147          -            512    0.0011   17.7  23.6   2   4    0.0054       4.6    5.8   8.3    92   114   312   334   212   358 0.77 -
Dbrb15383-RA         -            539 12426at7147          -            512    0.0011   17.7  23.6   3   4      0.84   7.1e+02   -1.4   0.4   248   271   340   362   336   395 0.67 -
Dbrb15383-RA         -            539 12426at7147          -            512    0.0011   17.7  23.6   4   4    0.0018       1.5    7.4   0.6    93   113   396   416   382   450 0.72 -
Dbrb16274-RA         -            517 12426at7147          -            512    0.0014   17.4   3.6   1   5   1.6e-06    0.0014   17.4   3.6     4   113    51   163    48   167 0.48 -
Dbrb16274-RA         -            517 12426at7147          -            512    0.0014   17.4   3.6   2   5     0.042        35    2.9   9.6   195   413   173   281   165   296 0.50 -
Dbrb16274-RA         -            517 12426at7147          -            512    0.0014   17.4   3.6   3   5      0.03        26    3.3   8.4   354   415   226   283   219   318 0.79 -
Dbrb16274-RA         -            517 12426at7147          -            512    0.0014   17.4   3.6   4   5      0.77   6.6e+02   -1.3   4.7   254   296   291   335   283   361 0.58 -
Dbrb16274-RA         -            517 12426at7147          -            512    0.0014   17.4   3.6   5   5       1.9   1.6e+03   -2.6   3.5   122   144   475   497   457   514 0.52 -
Dbrb01621-RA         -            603 12426at7147          -            512    0.0047   15.7  39.9   1   3    0.0099       8.4    4.9  22.2   122   209   185   274   176   285 0.82 -
Dbrb01621-RA         -            603 12426at7147          -            512    0.0047   15.7  39.9   2   3   0.00053      0.45    9.1   0.6   384   413   286   315   275   340 0.78 -
Dbrb01621-RA         -            603 12426at7147          -            512    0.0047   15.7  39.9   3   3   5.5e-05     0.047   12.4   1.7   323   438   465   585   458   596 0.77 -
Dbrb13493-RA         -            439 12426at7147          -            512    0.0061   15.3  13.3   1   3     0.017        14    4.2   2.1    83   111   173   203    90   212 0.56 -
Dbrb13493-RA         -            439 12426at7147          -            512    0.0061   15.3  13.3   2   3    0.0028       2.4    6.7   0.3   358   410   214   262   210   266 0.88 -
Dbrb13493-RA         -            439 12426at7147          -            512    0.0061   15.3  13.3   3   3    0.0001     0.085   11.5   0.3   182   215   265   296   252   301 0.80 -
Dbrb10787-RA         -            379 12426at7147          -            512    0.0082   14.9   9.1   1   3     0.073        62    2.1   0.3   248   334   224   243   195   275 0.64 -
Dbrb10787-RA         -            379 12426at7147          -            512    0.0082   14.9   9.1   2   3    0.0021       1.8    7.2   1.0   316   411   225   303   220   307 0.57 -
Dbrb10787-RA         -            379 12426at7147          -            512    0.0082   14.9   9.1   3   3   0.00022      0.18   10.4   0.8   248   296   308   360   304   370 0.83 -
Dbrb03619-RA         -            910 12426at7147          -            512     0.025   13.3   0.4   1   1   5.2e-05     0.044   12.5   0.4   378   491   197   308   190   310 0.74 -
Dbrb16493-RA         -            220 12426at7147          -            512     0.044   12.5   8.7   1   2     0.028        23    3.5   0.5   249   270   105   126   100   130 0.85 -
Dbrb16493-RA         -            220 12426at7147          -            512     0.044   12.5   8.7   2   2   5.8e-05      0.05   12.3   3.6   242   295   128   187   126   201 0.76 -
Dbrb09620-RA         -             76 12426at7147          -            512     0.054   12.2   0.1   1   1   6.3e-05     0.054   12.2   0.1   387   434     3    51     1    62 0.75 -
Dbrb16491-RA         -             76 12426at7147          -            512     0.075   11.7   4.9   1   2     0.011         9    4.8   0.6   388   409    16    37     7    43 0.65 -
Dbrb16491-RA         -             76 12426at7147          -            512     0.075   11.7   4.9   2   2   0.00076      0.65    8.6   0.3    92   110    45    63    41    67 0.84 -
Dbrb01934-RA         -            285 12426at7147          -            512     0.077   11.7   0.2   1   3       0.2   1.7e+02    0.6   1.9    97   134    38    76    11    92 0.48 -
Dbrb01934-RA         -            285 12426at7147          -            512     0.077   11.7   0.2   2   3       3.6   3.1e+03   -3.5   0.3    26    44   179   196   162   228 0.47 -
Dbrb01934-RA         -            285 12426at7147          -            512     0.077   11.7   0.2   3   3   9.1e-05     0.077   11.7   0.2   386   411   257   282   247   284 0.84 -
Dbrb01944-RA         -            327 12426at7147          -            512     0.084   11.5   1.5   1   1    0.0002      0.17   10.6   1.5   359   412    27    78    10   100 0.73 -
Dbrb09623-RA         -            436 12426at7147          -            512      0.97    8.0  17.4   1   2       0.2   1.7e+02    0.7   0.2   333   363    40    70    11    91 0.78 -
Dbrb09623-RA         -            436 12426at7147          -            512      0.97    8.0  17.4   2   2    0.0034       2.9    6.5  11.5   188   287   296   393   292   416 0.71 -
Dbrb08453-RA         -            274 12426at7147          -            512       9.5    4.8   6.5   1   1     0.016        14    4.2   6.5     2    44   125   167   124   218 0.68 -
#
# Program:         hmmsearch
# Version:         3.1b2 (February 2015)
# Pipeline mode:   SEARCH
# Query file:      /home/nmoreyra/Documents/Genomics/03_orthologs_search/00_Phylogenomics_BUSCO-groups/busco4_odb10/busco_downloads/lineages/diptera_odb10/hmms/12426at7147.hmm
# Target file:     /home/nmoreyra/Documents/Genomics/03_orthologs_search/00_Phylogenomics_BUSCO-groups/busco4_odb10/../00_proteins/Dbrb_proteins.fasta
# Option settings: /home/nmoreyra/Software/miniconda3/envs/busco4/bin/hmmsearch --domtblout /home/nmoreyra/Documents/Genomics/03_orthologs_search/00_Phylogenomics_BUSCO-groups/busco4_odb10/Dbrb_diptera/run_diptera_odb10/hmmer_output/initial_run_results/12426at7147.out --cpu 1 /home/nmoreyra/Documents/Genomics/03_orthologs_search/00_Phylogenomics_BUSCO-groups/busco4_odb10/busco_downloads/lineages/diptera_odb10/hmms/12426at7147.hmm /home/nmoreyra/Documents/Genomics/03_orthologs_search/00_Phylogenomics_BUSCO-groups/busco4_odb10/../00_proteins/Dbrb_proteins.fasta 
# Current dir:     /home/nmoreyra/Documents/Genomics/03_orthologs_search/00_Phylogenomics_BUSCO-groups/busco4_odb10
# Date:            Mon Jan 25 13:02:48 2021
# [ok]
