#                                                                            --- full sequence --- -------------- this domain -------------   hmm coord   ali coord   env coord
# target name        accession   tlen query name           accession   qlen   E-value  score  bias   #  of  c-Evalue  i-Evalue  score  bias  from    to  from    to  from    to  acc description of target
#------------------- ---------- ----- -------------------- ---------- ----- --------- ------ ----- --- --- --------- --------- ------ ----- ----- ----- ----- ----- ----- ----- ---- ---------------------
Dbrb11183-RA         -            707 13754at7147          -            423  2.5e-177  589.8  10.9   1   3  3.1e-176    1e-172  574.6   1.4     1   385     9   488     9   508 0.88 -
Dbrb11183-RA         -            707 13754at7147          -            423  2.5e-177  589.8  10.9   2   3    0.0011       3.8    6.1   1.3   381   405   538   563   513   578 0.71 -
Dbrb11183-RA         -            707 13754at7147          -            423  2.5e-177  589.8  10.9   3   3   5.2e-05      0.18   10.4   0.0   392   421   614   654   599   656 0.72 -
Dbrb06071-RA         -            860 13754at7147          -            423   3.1e-24   85.4   0.1   1   2   6.9e-13   2.3e-09   36.4   0.0    33   127    56   152    25   157 0.75 -
Dbrb06071-RA         -            860 13754at7147          -            423   3.1e-24   85.4   0.1   2   2   6.1e-16   2.1e-12   46.4   0.1   188   336   253   406   234   425 0.87 -
Dbrb06404-RA         -            855 13754at7147          -            423   3.4e-11   42.4   4.6   1   2   6.2e-08   0.00021   20.1   0.0    32   127    77   192    45   200 0.71 -
Dbrb06404-RA         -            855 13754at7147          -            423   3.4e-11   42.4   4.6   2   2   1.7e-08   5.7e-05   21.9   2.4   164   309   289   440   280   460 0.80 -
Dbrb03520-RA         -           1188 13754at7147          -            423   4.4e-06   25.6   3.9   1   4     0.013        43    2.6   0.0    35    64   380   409   353   423 0.76 -
Dbrb03520-RA         -           1188 13754at7147          -            423   4.4e-06   25.6   3.9   2   4   1.2e-06     0.004   15.9   0.0    79   131   474   529   465   535 0.86 -
Dbrb03520-RA         -           1188 13754at7147          -            423   4.4e-06   25.6   3.9   3   4    0.0018       6.1    5.4   0.4   175   297   633   759   619   780 0.67 -
Dbrb03520-RA         -           1188 13754at7147          -            423   4.4e-06   25.6   3.9   4   4      0.11   3.9e+02   -0.6   0.1   314   399   723   810   709   829 0.74 -
Dbrb04700-RA         -            583 13754at7147          -            423     0.042   12.5   0.1   1   1   2.5e-05     0.083   11.5   0.1    36    60    69    93    50   110 0.79 -
#
# Program:         hmmsearch
# Version:         3.1b2 (February 2015)
# Pipeline mode:   SEARCH
# Query file:      /home/nmoreyra/Documents/Genomics/03_orthologs_search/00_Phylogenomics_BUSCO-groups/busco4_odb10/busco_downloads/lineages/diptera_odb10/hmms/13754at7147.hmm
# Target file:     /home/nmoreyra/Documents/Genomics/03_orthologs_search/00_Phylogenomics_BUSCO-groups/busco4_odb10/../00_proteins/Dbrb_proteins.fasta
# Option settings: /home/nmoreyra/Software/miniconda3/envs/busco4/bin/hmmsearch --domtblout /home/nmoreyra/Documents/Genomics/03_orthologs_search/00_Phylogenomics_BUSCO-groups/busco4_odb10/Dbrb_diptera/run_diptera_odb10/hmmer_output/initial_run_results/13754at7147.out --cpu 1 /home/nmoreyra/Documents/Genomics/03_orthologs_search/00_Phylogenomics_BUSCO-groups/busco4_odb10/busco_downloads/lineages/diptera_odb10/hmms/13754at7147.hmm /home/nmoreyra/Documents/Genomics/03_orthologs_search/00_Phylogenomics_BUSCO-groups/busco4_odb10/../00_proteins/Dbrb_proteins.fasta 
# Current dir:     /home/nmoreyra/Documents/Genomics/03_orthologs_search/00_Phylogenomics_BUSCO-groups/busco4_odb10
# Date:            Mon Jan 25 13:05:00 2021
# [ok]
