#                                                                            --- full sequence --- -------------- this domain -------------   hmm coord   ali coord   env coord
# target name        accession   tlen query name           accession   qlen   E-value  score  bias   #  of  c-Evalue  i-Evalue  score  bias  from    to  from    to  from    to  acc description of target
#------------------- ---------- ----- -------------------- ---------- ----- --------- ------ ----- --- --- --------- --------- ------ ----- ----- ----- ----- ----- ----- ----- ---- ---------------------
Dbrb05338-RA         -           1223 13964at7147          -            464  1.1e-225  749.1   6.1   1   3   1.2e-07   1.6e-05   23.3   0.1     4    33   500   529   497   540 0.87 -
Dbrb05338-RA         -           1223 13964at7147          -            464  1.1e-225  749.1   6.1   2   3   1.4e-50   1.9e-48  164.8   0.0    30   141   581   702   574   710 0.92 -
Dbrb05338-RA         -           1223 13964at7147          -            464  1.1e-225  749.1   6.1   3   3  1.5e-169    2e-167  557.1   2.5   140   464   820  1220   812  1220 0.88 -
Dbrb05837-RA         -            620 13964at7147          -            464   3.9e-17   61.6   0.0   1   2   3.1e-10   4.3e-08   31.8   0.0   235   398   133   296   129   322 0.79 -
Dbrb05837-RA         -            620 13964at7147          -            464   3.9e-17   61.6   0.0   2   2   8.3e-09   1.1e-06   27.1   0.0   201   362   363   518   347   527 0.81 -
Dbrb07410-RA         -            609 13964at7147          -            464   2.3e-12   45.8   0.2   1   4       0.2        26    2.8   0.0   117   155    20    59    14    86 0.83 -
Dbrb07410-RA         -            609 13964at7147          -            464   2.3e-12   45.8   0.2   2   4     4e-05    0.0055   14.9   0.1   253   292   130   169   123   235 0.84 -
Dbrb07410-RA         -            609 13964at7147          -            464   2.3e-12   45.8   0.2   3   4      0.18        24    2.9   0.0   117   155   331   370   320   396 0.83 -
Dbrb07410-RA         -            609 13964at7147          -            464   2.3e-12   45.8   0.2   4   4   2.4e-05    0.0032   15.7   0.2   253   293   441   481   435   548 0.65 -
Dbrb11104-RA         -            328 13964at7147          -            464   4.8e-11   41.5   0.0   1   1   4.7e-13   6.4e-11   41.1   0.0   242   356   163   270   140   293 0.84 -
Dbrb03807-RA         -           1241 13964at7147          -            464   4.9e-11   41.5   0.0   1   3   6.1e-10   8.3e-08   30.8   0.0   245   360   424   529   412   576 0.83 -
Dbrb03807-RA         -           1241 13964at7147          -            464   4.9e-11   41.5   0.0   2   3     0.015         2    6.5   0.1   245   279   775   809   763   813 0.82 -
Dbrb03807-RA         -           1241 13964at7147          -            464   4.9e-11   41.5   0.0   3   3       2.2     3e+02   -0.7   0.0   332   418   836   925   829   935 0.78 -
Dbrb01149-RA         -           1633 13964at7147          -            464     1e-10   40.4   0.0   1   1   1.7e-12   2.3e-10   39.3   0.0   246   379   204   331   163   358 0.75 -
Dbrb06536-RA         -            398 13964at7147          -            464   1.4e-10   39.9   0.0   1   2     0.019       2.6    6.1   0.0   112   154   134   177   121   184 0.87 -
Dbrb06536-RA         -            398 13964at7147          -            464   1.4e-10   39.9   0.0   2   2   4.1e-10   5.6e-08   31.4   0.0   239   370   235   352   226   385 0.86 -
Dbrb08911-RA         -           1487 13964at7147          -            464   2.4e-10   39.2   0.0   1   1   3.1e-12   4.2e-10   38.4   0.0   251   358  1302  1404  1296  1451 0.86 -
Dbrb15528-RA         -           1558 13964at7147          -            464   2.7e-10   39.0   0.0   1   1   3.1e-12   4.2e-10   38.4   0.0   248   359   150   262   109   312 0.75 -
Dbrb03955-RA         -            495 13964at7147          -            464   4.7e-10   38.2   0.0   1   1   5.2e-12   7.1e-10   37.7   0.0   248   370   178   288   161   306 0.86 -
Dbrb09126-RA         -            590 13964at7147          -            464   5.5e-10   38.0   0.0   1   1   6.4e-12   8.7e-10   37.4   0.0   241   358   247   356   236   374 0.86 -
Dbrb10968-RA         -            290 13964at7147          -            464   2.1e-09   36.1   0.0   1   1   2.2e-11   2.9e-09   35.6   0.0   244   377   110   230    93   260 0.85 -
Dbrb04294-RA         -            998 13964at7147          -            464   2.5e-09   35.8   0.0   1   1     3e-11     4e-09   35.2   0.0   253   357   256   347   235   354 0.85 -
Dbrb09319-RA         -            300 13964at7147          -            464     3e-09   35.6   0.0   1   1   3.6e-11   4.8e-09   34.9   0.0   242   359   123   232    75   271 0.83 -
Dbrb06327-RA         -            710 13964at7147          -            464   3.1e-09   35.5   0.0   1   1   3.8e-11   5.2e-09   34.8   0.0   253   358   538   631   525   640 0.89 -
Dbrb15626-RA         -            865 13964at7147          -            464   4.2e-09   35.1   0.0   1   1   6.7e-11   9.1e-09   34.0   0.0   251   389   446   592   441   597 0.75 -
Dbrb05578-RA         -            890 13964at7147          -            464   4.4e-09   35.0   0.0   1   1     7e-11   9.5e-09   33.9   0.0   251   389   661   807   656   812 0.75 -
Dbrb02094-RA         -            678 13964at7147          -            464   4.9e-09   34.9   0.0   1   1   5.2e-11     7e-09   34.4   0.0   257   353   495   589   454   597 0.79 -
Dbrb02265-RA         -            533 13964at7147          -            464   5.6e-09   34.7   0.0   1   1   6.6e-11     9e-09   34.0   0.0   265   351   350   434   312   450 0.92 -
Dbrb04869-RA         -           1365 13964at7147          -            464   6.6e-09   34.5   0.0   1   1   9.8e-11   1.3e-08   33.5   0.0   245   360   171   279   162   291 0.83 -
Dbrb01128-RA         -           4185 13964at7147          -            464   6.6e-09   34.5   0.0   1   2   0.00018     0.024   12.8   0.0   251   359  3256  3353  3236  3361 0.80 -
Dbrb01128-RA         -           4185 13964at7147          -            464   6.6e-09   34.5   0.0   2   2   2.1e-06   0.00028   19.2   0.0   240   405  3955  4105  3947  4133 0.74 -
Dbrb04871-RA         -            617 13964at7147          -            464   9.1e-09   34.0   0.0   1   1   1.8e-10   2.5e-08   32.6   0.0   250   359   445   542   410   550 0.84 -
Dbrb04721-RA         -            636 13964at7147          -            464   1.3e-08   33.4   0.0   1   1   1.6e-10   2.2e-08   32.7   0.0   237   359   120   235   115   246 0.83 -
Dbrb09957-RA         -            759 13964at7147          -            464   2.5e-08   32.6   0.0   1   1     3e-10   4.1e-08   31.8   0.0   245   363    24   139    13   182 0.78 -
Dbrb07676-RA         -            508 13964at7147          -            464   3.7e-08   32.0   0.0   1   1   5.4e-10   7.3e-08   31.0   0.0   250   351   116   207   108   216 0.82 -
Dbrb05431-RA         -           1230 13964at7147          -            464   4.2e-08   31.8   0.3   1   1   7.8e-10   1.1e-07   30.5   0.3   225   358   134   277    29   293 0.78 -
Dbrb15501-RA         -            578 13964at7147          -            464   4.3e-08   31.8   0.5   1   1   1.7e-09   2.3e-07   29.4   0.5   202   370   370   528   331   540 0.80 -
Dbrb03605-RA         -           1840 13964at7147          -            464   5.7e-08   31.4   0.0   1   1   9.5e-10   1.3e-07   30.2   0.0   249   368   201   317   168   343 0.86 -
Dbrb08140-RA         -            493 13964at7147          -            464   1.2e-07   30.3   0.1   1   1   2.7e-09   3.7e-07   28.7   0.0   249   360   110   211    96   310 0.66 -
Dbrb06506-RA         -            457 13964at7147          -            464   1.7e-07   29.8   0.1   1   1     3e-09     4e-07   28.6   0.0   257   358   247   352   230   358 0.75 -
Dbrb05002-RA         -            794 13964at7147          -            464   1.7e-07   29.8   0.0   1   1   2.2e-09     3e-07   29.0   0.0   251   359   106   202    82   241 0.86 -
Dbrb15617-RA         -            438 13964at7147          -            464   1.9e-07   29.6   0.0   1   1   3.6e-09   4.9e-07   28.3   0.0   250   360   156   255   145   266 0.82 -
Dbrb05569-RA         -            446 13964at7147          -            464     2e-07   29.6   0.0   1   1   3.7e-09     5e-07   28.2   0.0   250   360   182   281   171   292 0.82 -
Dbrb10515-RA         -            575 13964at7147          -            464     2e-07   29.5   0.0   1   1   3.4e-09   4.6e-07   28.4   0.0   189   386    82   265    58   296 0.76 -
Dbrb09980-RA         -            458 13964at7147          -            464   2.5e-07   29.2   0.1   1   2   6.4e-08   8.7e-06   24.2   0.0   255   296   200   241   158   249 0.85 -
Dbrb09980-RA         -            458 13964at7147          -            464   2.5e-07   29.2   0.1   2   2       0.2        27    2.8   0.0   330   368   300   339   290   347 0.80 -
Dbrb11364-RA         -            459 13964at7147          -            464   2.7e-07   29.2   0.0   1   1   4.8e-09   6.5e-07   27.9   0.0   246   357   260   364   245   372 0.66 -
Dbrb06296-RA         -            638 13964at7147          -            464   2.9e-07   29.1   2.3   1   1   2.5e-08   3.4e-06   25.5   2.3   227   388   422   614   387   619 0.68 -
Dbrb02692-RA         -            921 13964at7147          -            464   2.9e-07   29.0   0.1   1   2   9.2e-08   1.2e-05   23.7   0.0   251   291   376   416   349   423 0.93 -
Dbrb02692-RA         -            921 13964at7147          -            464   2.9e-07   29.0   0.1   2   2      0.18        24    2.9   0.0   317   359   519   555   512   566 0.76 -
Dbrb02121-RA         -            294 13964at7147          -            464   5.2e-07   28.2   0.1   1   1     1e-08   1.4e-06   26.8   0.1   233   292    88   148    85   207 0.85 -
Dbrb03668-RA         -           2148 13964at7147          -            464   1.1e-06   27.1   0.0   1   1   2.5e-08   3.4e-06   25.5   0.0   250   366   957  1082   949  1151 0.68 -
Dbrb10553-RA         -            752 13964at7147          -            464   1.6e-06   26.6   0.0   1   2   1.9e-06   0.00026   19.3   0.0   249   291    95   137    66   143 0.91 -
Dbrb10553-RA         -            752 13964at7147          -            464   1.6e-06   26.6   0.0   2   2     0.044       5.9    4.9   0.0   336   358   217   239   211   287 0.69 -
Dbrb08182-RA         -           1226 13964at7147          -            464   1.6e-06   26.6   1.0   1   2       2.5   3.4e+02   -0.9   0.0   117   156    56    96    48   104 0.82 -
Dbrb08182-RA         -           1226 13964at7147          -            464   1.6e-06   26.6   1.0   2   2   5.1e-08   6.9e-06   24.5   0.0   246   359   162   280   147   329 0.67 -
Dbrb06845-RA         -            531 13964at7147          -            464   2.1e-06   26.2   0.0   1   1   2.6e-08   3.5e-06   25.5   0.0   250   291   133   174   123   232 0.91 -
Dbrb06668-RA         -           1335 13964at7147          -            464   2.4e-06   26.0   0.0   1   1     3e-08     4e-06   25.3   0.0   250   357   684   782   662   793 0.77 -
Dbrb04582-RA         -            355 13964at7147          -            464   2.5e-06   25.9   0.1   1   2   4.1e-07   5.6e-05   21.5   0.0   242   359   114   221   101   235 0.74 -
Dbrb04582-RA         -            355 13964at7147          -            464   2.5e-06   25.9   0.1   2   2       6.5   8.8e+02   -2.2   0.0   371   389   254   272   244   278 0.83 -
Dbrb01708-RA         -           1433 13964at7147          -            464   2.6e-06   25.9   0.1   1   1   1.2e-07   1.6e-05   23.3   0.1   250   292    37    79    27   178 0.82 -
Dbrb04158-RA         -            975 13964at7147          -            464   3.1e-06   25.6   0.0   1   1     4e-08   5.5e-06   24.8   0.0   220   291   644   727   614   736 0.69 -
Dbrb04700-RA         -            583 13964at7147          -            464   3.9e-06   25.3   0.2   1   1   9.5e-08   1.3e-05   23.6   0.2   249   358   130   227   114   272 0.72 -
Dbrb09085-RA         -            454 13964at7147          -            464   4.1e-06   25.3   0.3   1   1   7.1e-08   9.6e-06   24.0   0.3   228   360   255   389   247   442 0.73 -
Dbrb04782-RA         -           1324 13964at7147          -            464   6.7e-06   24.6   0.0   1   1   7.8e-08   1.1e-05   23.9   0.0   256   358   306   398   299   411 0.83 -
Dbrb10372-RA         -            925 13964at7147          -            464   7.1e-06   24.5   0.0   1   1   8.1e-08   1.1e-05   23.8   0.0   261   359   355   459   346   469 0.81 -
Dbrb05538-RA         -           8125 13964at7147          -            464   8.2e-06   24.3   0.0   1   1   1.1e-07   1.4e-05   23.4   0.0   248   358  7398  7497  7382  7508 0.81 -
Dbrb07088-RA         -            383 13964at7147          -            464   1.7e-05   23.2   1.0   1   1     9e-07   0.00012   20.4   1.0   184   363    93   252    75   282 0.60 -
Dbrb09572-RA         -            776 13964at7147          -            464   2.3e-05   22.8   0.6   1   1   3.9e-07   5.3e-05   21.6   0.6   235   290   222   279   175   285 0.83 -
Dbrb16229-RA         -            697 13964at7147          -            464   2.7e-05   22.6   0.1   1   1   5.8e-07   7.8e-05   21.0   0.1   228   346   315   422   312   435 0.71 -
Dbrb15957-RA         -            264 13964at7147          -            464   2.8e-05   22.5   0.0   1   1   2.5e-07   3.4e-05   22.2   0.0   233   300    88   155    77   246 0.77 -
Dbrb04238-RA         -            733 13964at7147          -            464   2.9e-05   22.4   0.0   1   1   3.9e-07   5.3e-05   21.6   0.0   250   389    76   216    56   220 0.78 -
Dbrb10674-RA         -           1394 13964at7147          -            464   3.1e-05   22.3   0.0   1   1   5.2e-07   7.1e-05   21.2   0.0   250   291   250   291   233   301 0.90 -
Dbrb14777-RA         -            375 13964at7147          -            464   3.2e-05   22.3   0.1   1   1     4e-07   5.5e-05   21.5   0.1   247   354   138   237   114   250 0.78 -
Dbrb07559-RA         -            723 13964at7147          -            464   3.2e-05   22.3   0.0   1   1   5.3e-07   7.2e-05   21.1   0.0   228   353    86   196    46   208 0.72 -
Dbrb05722-RA         -            524 13964at7147          -            464   3.8e-05   22.1   0.1   1   1   6.3e-07   8.5e-05   20.9   0.1   227   291   113   178    58   229 0.83 -
Dbrb03722-RA         -            358 13964at7147          -            464   4.9e-05   21.7   0.0   1   1   6.1e-07   8.3e-05   20.9   0.0   248   355    72   169    56   187 0.73 -
Dbrb03191-RA         -            408 13964at7147          -            464   5.1e-05   21.6   0.0   1   1   6.7e-07   9.1e-05   20.8   0.0   241   294   183   236   171   244 0.89 -
Dbrb12729-RA         -            620 13964at7147          -            464   5.7e-05   21.5   0.3   1   1   6.5e-07   8.9e-05   20.8   0.3   218   288   429   496   384   500 0.76 -
Dbrb04781-RA         -            335 13964at7147          -            464   6.2e-05   21.3   0.0   1   1   6.6e-07     9e-05   20.8   0.0   255   357   157   251   127   261 0.79 -
Dbrb12725-RA         -            549 13964at7147          -            464   7.7e-05   21.0   0.1   1   1   1.1e-06   0.00015   20.1   0.1   222   288   362   425   331   429 0.85 -
Dbrb08840-RA         -            620 13964at7147          -            464   8.7e-05   20.9   0.0   1   1   1.2e-06   0.00016   20.0   0.0   257   358   341   429   329   447 0.85 -
Dbrb07148-RA         -            787 13964at7147          -            464   9.2e-05   20.8   0.2   1   2   5.3e-06   0.00071   17.9   0.2   232   292   356   417   342   430 0.82 -
Dbrb07148-RA         -            787 13964at7147          -            464   9.2e-05   20.8   0.2   2   2       1.9   2.5e+02   -0.4   0.0   336   360   564   588   553   601 0.86 -
Dbrb05717-RA         -            661 13964at7147          -            464   9.9e-05   20.7   0.0   1   1   1.3e-06   0.00018   19.9   0.0   257   358   369   457   357   475 0.85 -
Dbrb03000-RA         -            937 13964at7147          -            464    0.0001   20.6   0.0   1   1   1.6e-06   0.00022   19.6   0.0   226   352   702   814   699   846 0.71 -
Dbrb05773-RA         -            314 13964at7147          -            464   0.00012   20.5   0.1   1   1   1.4e-06   0.00019   19.7   0.1   228   292    80   152    56   204 0.80 -
Dbrb05744-RA         -            295 13964at7147          -            464   0.00012   20.4   0.3   1   1     6e-06   0.00081   17.7   0.0   254   292   115   153    91   242 0.70 -
Dbrb08623-RA         -           1485 13964at7147          -            464   0.00012   20.4   0.0   1   1   1.7e-06   0.00022   19.5   0.0   242   385   714   858   704   870 0.77 -
Dbrb09071-RA         -            837 13964at7147          -            464   0.00016   20.0   0.1   1   1   3.5e-06   0.00048   18.4   0.1   244   292   199   247   191   306 0.87 -
Dbrb01494-RA         -            317 13964at7147          -            464   0.00016   20.0   0.1   1   1   4.4e-06    0.0006   18.1   0.1   252   305   139   189   130   241 0.73 -
Dbrb05863-RA         -            518 13964at7147          -            464   0.00018   19.8   0.0   1   1     2e-06   0.00027   19.2   0.0   265   351   328   409   305   415 0.83 -
Dbrb01074-RA         -           1279 13964at7147          -            464   0.00018   19.8   0.1   1   1   2.7e-06   0.00036   18.8   0.1   246   291   453   498   426   596 0.90 -
Dbrb04712-RA         -            343 13964at7147          -            464    0.0002   19.7   0.0   1   1   2.2e-06    0.0003   19.1   0.0   235   307   104   181    77   193 0.85 -
Dbrb09285-RA         -            839 13964at7147          -            464   0.00022   19.6   0.0   1   1   2.8e-06   0.00039   18.7   0.0   241   359   640   748   628   802 0.69 -
Dbrb01591-RA         -           8858 13964at7147          -            464   0.00025   19.3   0.0   1   1     4e-06   0.00054   18.3   0.0   246   359  8331  8433  8316  8444 0.82 -
Dbrb15569-RA         -            370 13964at7147          -            464   0.00026   19.3   0.1   1   1   2.8e-06   0.00038   18.8   0.1   236   305   112   186   105   196 0.80 -
Dbrb06663-RA         -           1097 13964at7147          -            464   0.00027   19.3   0.0   1   1   3.5e-06   0.00047   18.4   0.0   234   332   647   750   641   779 0.72 -
Dbrb00241-RA         -            846 13964at7147          -            464   0.00031   19.0   0.0   1   1   4.6e-06   0.00063   18.0   0.0   245   359   136   239   125   253 0.76 -
Dbrb05767-RA         -           2429 13964at7147          -            464   0.00034   18.9   0.0   1   1   4.6e-06   0.00062   18.1   0.0   231   358  1824  1953  1818  1972 0.81 -
Dbrb04116-RA         -           1542 13964at7147          -            464   0.00044   18.5   0.0   1   1   7.6e-06     0.001   17.3   0.0   213   375   618   768   605   778 0.78 -
Dbrb01531-RA         -           1708 13964at7147          -            464   0.00049   18.4   0.2   1   1   8.4e-06    0.0011   17.2   0.0   250   388   124   264    66   315 0.69 -
Dbrb09115-RA         -            548 13964at7147          -            464   0.00051   18.3   0.0   1   1     6e-06   0.00081   17.7   0.0   251   357   259   357   247   407 0.78 -
Dbrb07308-RA         -            330 13964at7147          -            464   0.00063   18.0   0.0   1   1   6.4e-06   0.00087   17.6   0.0   236   303   104   174    94   184 0.82 -
Dbrb02335-RA         -           1619 13964at7147          -            464   0.00079   17.7   0.1   1   1   1.2e-05    0.0016   16.7   0.1   236   279  1424  1467  1403  1497 0.73 -
Dbrb06040-RA         -            381 13964at7147          -            464   0.00086   17.6   0.0   1   1   1.2e-05    0.0017   16.6   0.0   236   291    36    94    28   114 0.81 -
Dbrb05331-RA         -            779 13964at7147          -            464   0.00086   17.6   0.2   1   2   6.9e-05    0.0094   14.2   0.0   238   291   269   323   256   330 0.80 -
Dbrb05331-RA         -            779 13964at7147          -            464   0.00086   17.6   0.2   2   2      0.98   1.3e+02    0.5   0.0   336   360   545   569   534   580 0.86 -
Dbrb04072-RA         -            703 13964at7147          -            464   0.00094   17.5   0.0   1   1   1.1e-05    0.0015   16.8   0.0   249   328   210   282   180   356 0.67 -
Dbrb12848-RA         -           1176 13964at7147          -            464     0.001   17.4   0.1   1   1   1.4e-05    0.0019   16.5   0.1   240   293   986  1047   964  1052 0.75 -
Dbrb05055-RA         -            762 13964at7147          -            464    0.0013   17.0   0.0   1   1   2.1e-05    0.0028   15.9   0.0   259   358   200   287   168   296 0.79 -
Dbrb09779-RA         -            418 13964at7147          -            464    0.0016   16.7   0.1   1   2   3.4e-05    0.0046   15.2   0.1   240   291   176   227   162   234 0.89 -
Dbrb09779-RA         -            418 13964at7147          -            464    0.0016   16.7   0.1   2   2       7.6     1e+03   -2.5   0.0   333   356   254   278   245   290 0.77 -
Dbrb18273-RA         -            537 13964at7147          -            464    0.0017   16.6   0.0   1   1   2.1e-05    0.0028   15.9   0.0   236   291   144   202   136   222 0.81 -
Dbrb01116-RA         -            700 13964at7147          -            464    0.0019   16.5   0.0   1   1   2.4e-05    0.0032   15.7   0.0   252   359   300   394   280   413 0.77 -
Dbrb08047-RA         -           1038 13964at7147          -            464    0.0019   16.5   0.0   1   1   2.5e-05    0.0033   15.6   0.0   250   292   836   878   781   987 0.83 -
Dbrb07484-RA         -            913 13964at7147          -            464    0.0019   16.5   0.0   1   1   2.5e-05    0.0034   15.6   0.0   250   366   706   809   691   834 0.81 -
Dbrb04711-RA         -            343 13964at7147          -            464    0.0021   16.3   0.1   1   1   2.4e-05    0.0032   15.7   0.1   235   291   104   163    74   182 0.83 -
Dbrb14716-RA         -            361 13964at7147          -            464    0.0023   16.2   0.2   1   1   3.5e-05    0.0048   15.1   0.2   244   291   123   170    98   222 0.86 -
Dbrb16472-RA         -            442 13964at7147          -            464    0.0029   15.9   0.0   1   1   3.8e-05    0.0051   15.0   0.0   253   291   157   195   149   198 0.91 -
Dbrb07445-RA         -            537 13964at7147          -            464    0.0029   15.9   0.0   1   1   5.2e-05    0.0071   14.6   0.0   245   360   375   479   352   488 0.76 -
Dbrb11185-RA         -            849 13964at7147          -            464    0.0032   15.7   0.1   1   1   9.8e-05     0.013   13.7   0.1   249   351   676   768   665   829 0.68 -
Dbrb12658-RA         -           1972 13964at7147          -            464    0.0038   15.5   0.0   1   1   6.8e-05    0.0092   14.2   0.0   251   357  1437  1538  1424  1554 0.81 -
Dbrb08485-RA         -            318 13964at7147          -            464    0.0042   15.3   0.0   1   1   4.7e-05    0.0064   14.7   0.0   253   357   147   251   121   262 0.79 -
Dbrb08108-RA         -            697 13964at7147          -            464    0.0049   15.1   0.0   1   2       6.5   8.8e+02   -2.2   0.0   111   198   296   382   286   396 0.69 -
Dbrb08108-RA         -            697 13964at7147          -            464    0.0049   15.1   0.0   2   2   9.6e-05     0.013   13.7   0.0   247   360   417   523   394   591 0.70 -
Dbrb05374-RA         -            351 13964at7147          -            464    0.0063   14.7   0.1   1   2   0.00013     0.017   13.3   0.1   236   291    95   158    59   164 0.70 -
Dbrb05374-RA         -            351 13964at7147          -            464    0.0063   14.7   0.1   2   2       5.4   7.3e+02   -2.0   0.0   338   358   194   213   166   221 0.66 -
Dbrb02017-RA         -           1077 13964at7147          -            464     0.007   14.6   0.0   1   1   8.3e-05     0.011   13.9   0.0   222   280   251   315   235   321 0.76 -
Dbrb08043-RA         -            400 13964at7147          -            464    0.0073   14.5   0.1   1   1   8.3e-05     0.011   13.9   0.1   238   290   119   174   112   180 0.83 -
Dbrb01395-RA         -            710 13964at7147          -            464    0.0089   14.3   0.0   1   1   0.00011     0.015   13.5   0.0   252   290   128   168   121   191 0.83 -
Dbrb01823-RA         -            388 13964at7147          -            464    0.0089   14.3   0.2   1   1   9.4e-05     0.013   13.7   0.2   250   291   159   200   109   203 0.78 -
Dbrb05435-RA         -            396 13964at7147          -            464     0.009   14.2   0.0   1   1   9.2e-05     0.012   13.8   0.0   256   291   194   230   169   246 0.86 -
Dbrb05733-RA         -           1387 13964at7147          -            464    0.0092   14.2   0.0   1   1   0.00014     0.019   13.2   0.0   249   290   127   168    93   171 0.83 -
Dbrb04598-RA         -           1189 13964at7147          -            464    0.0096   14.1   0.0   1   1   0.00011     0.016   13.4   0.0   238   291   478   531   471   557 0.87 -
Dbrb08081-RA         -            444 13964at7147          -            464    0.0096   14.1   0.2   1   1   0.00021     0.029   12.6   0.2   251   290   243   283   226   358 0.84 -
Dbrb06921-RA         -            786 13964at7147          -            464     0.011   14.0   0.0   1   1   0.00022     0.029   12.5   0.0   250   359   580   676   569   690 0.78 -
Dbrb15667-RA         -           1223 13964at7147          -            464     0.011   14.0   0.0   1   2       6.5   8.9e+02   -2.2   0.0   337   355   757   775   752   786 0.78 -
Dbrb15667-RA         -           1223 13964at7147          -            464     0.011   14.0   0.0   2   2   0.00024     0.032   12.4   0.0   244   305  1006  1067   949  1109 0.73 -
Dbrb16962-RA         -           1206 13964at7147          -            464     0.012   13.8   0.0   1   1   0.00016     0.022   13.0   0.0   265   357   238   324   223   332 0.79 -
Dbrb07742-RA         -            455 13964at7147          -            464     0.015   13.5   0.0   1   1   0.00023     0.031   12.5   0.0   249   359   201   304   191   336 0.72 -
Dbrb03057-RA         -           1163 13964at7147          -            464     0.018   13.3   0.0   1   2   0.00054     0.073   11.2   0.0   257   293   913   949   826   967 0.85 -
Dbrb03057-RA         -           1163 13964at7147          -            464     0.018   13.3   0.0   2   2       3.5   4.7e+02   -1.3   0.0   336   362  1043  1069  1026  1079 0.80 -
Dbrb13261-RA         -            798 13964at7147          -            464     0.026   12.7   0.2   1   1    0.0035      0.48    8.5   0.2   268   371   646   735   632   762 0.75 -
Dbrb10390-RA         -            448 13964at7147          -            464     0.028   12.6   0.0   1   2    0.0034      0.46    8.6   0.0   250   278   131   159   112   176 0.88 -
Dbrb10390-RA         -            448 13964at7147          -            464     0.028   12.6   0.0   2   2      0.76     1e+02    0.9   0.0   334   359   210   236   201   256 0.83 -
Dbrb00541-RA         -           1165 13964at7147          -            464     0.032   12.4   0.0   1   1    0.0004     0.054   11.7   0.0   241   291   709   760   699   823 0.89 -
Dbrb05914-RA         -            268 13964at7147          -            464     0.034   12.3   0.6   1   2     0.041       5.5    5.0   0.0   113   156     3    46     1    70 0.83 -
Dbrb05914-RA         -            268 13964at7147          -            464     0.034   12.3   0.6   2   2      0.03       4.1    5.5   0.1   248   289   103   146    65   153 0.64 -
#
# Program:         hmmsearch
# Version:         3.1b2 (February 2015)
# Pipeline mode:   SEARCH
# Query file:      /home/nmoreyra/Documents/Genomics/03_orthologs_search/00_Phylogenomics_BUSCO-groups/busco4_odb10/busco_downloads/lineages/diptera_odb10/hmms/13964at7147.hmm
# Target file:     /home/nmoreyra/Documents/Genomics/03_orthologs_search/00_Phylogenomics_BUSCO-groups/busco4_odb10/../00_proteins/Dbrb_proteins.fasta
# Option settings: /home/nmoreyra/Software/miniconda3/envs/busco4/bin/hmmsearch --domtblout /home/nmoreyra/Documents/Genomics/03_orthologs_search/00_Phylogenomics_BUSCO-groups/busco4_odb10/Dbrb_diptera/run_diptera_odb10/hmmer_output/initial_run_results/13964at7147.out --cpu 1 /home/nmoreyra/Documents/Genomics/03_orthologs_search/00_Phylogenomics_BUSCO-groups/busco4_odb10/busco_downloads/lineages/diptera_odb10/hmms/13964at7147.hmm /home/nmoreyra/Documents/Genomics/03_orthologs_search/00_Phylogenomics_BUSCO-groups/busco4_odb10/../00_proteins/Dbrb_proteins.fasta 
# Current dir:     /home/nmoreyra/Documents/Genomics/03_orthologs_search/00_Phylogenomics_BUSCO-groups/busco4_odb10
# Date:            Mon Jan 25 13:02:14 2021
# [ok]
