#                                                                            --- full sequence --- -------------- this domain -------------   hmm coord   ali coord   env coord
# target name        accession   tlen query name           accession   qlen   E-value  score  bias   #  of  c-Evalue  i-Evalue  score  bias  from    to  from    to  from    to  acc description of target
#------------------- ---------- ----- -------------------- ---------- ----- --------- ------ ----- --- --- --------- --------- ------ ----- ----- ----- ----- ----- ----- ----- ---- ---------------------
Dbrb01884-RA         -            665 18262at7147          -            509         0 1025.9   1.1   1   1         0         0 1025.7   1.1     1   504    42   560    42   573 0.96 -
Dbrb08180-RA         -            609 18262at7147          -            509  8.2e-125  417.1   0.4   1   1  1.1e-127    1e-124  416.8   0.4     7   499    83   599    78   609 0.90 -
Dbrb06233-RA         -            462 18262at7147          -            509   2.6e-12   46.0   1.0   1   2   2.4e-05     0.023   13.2   1.2   100   251     7   158     3   174 0.68 -
Dbrb06233-RA         -            462 18262at7147          -            509   2.6e-12   46.0   1.0   2   2   1.4e-09   1.3e-06   27.2   0.0   325   473   244   395   234   402 0.73 -
Dbrb17718-RA         -            462 18262at7147          -            509   2.6e-12   46.0   1.0   1   2   2.4e-05     0.023   13.2   1.2   100   251     7   158     3   174 0.68 -
Dbrb17718-RA         -            462 18262at7147          -            509   2.6e-12   46.0   1.0   2   2   1.4e-09   1.3e-06   27.2   0.0   325   473   244   395   234   402 0.73 -
Dbrb02602-RA         -            670 18262at7147          -            509   1.8e-11   43.2   1.3   1   1   3.4e-14   3.2e-11   42.4   1.3    96   457   243   606   219   627 0.78 -
Dbrb15109-RA         -            461 18262at7147          -            509   6.1e-09   34.8   1.0   1   3      0.13   1.2e+02    0.9   0.1   101   122    13    34     4    49 0.80 -
Dbrb15109-RA         -            461 18262at7147          -            509   6.1e-09   34.8   1.0   2   3   4.2e-06     0.004   15.7   0.1   187   269    78   159    41   163 0.84 -
Dbrb15109-RA         -            461 18262at7147          -            509   6.1e-09   34.8   1.0   3   3   5.4e-06    0.0051   15.3   0.0   328   499   212   391   206   400 0.61 -
Dbrb00018-RA         -           1361 18262at7147          -            509   1.7e-08   33.4   1.0   1   1   3.2e-10     3e-07   29.3   1.0   189   496    68   375    59   388 0.69 -
Dbrb01628-RA         -            320 18262at7147          -            509   5.4e-08   31.7   0.0   1   2    0.0021         2    6.8   0.1   211   257     9    56     2    80 0.83 -
Dbrb01628-RA         -            320 18262at7147          -            509   5.4e-08   31.7   0.0   2   2   2.6e-08   2.4e-05   23.0   0.0   327   498   121   300   114   311 0.74 -
Dbrb15169-RA         -           1058 18262at7147          -            509   5.4e-08   31.7   0.0   1   2   2.8e-08   2.6e-05   22.9   0.0   183   282   493   586   481   588 0.88 -
Dbrb15169-RA         -           1058 18262at7147          -            509   5.4e-08   31.7   0.0   2   2   9.6e-05     0.091   11.2   0.0   299   406   580   695   578   715 0.69 -
Dbrb16632-RA         -           1392 18262at7147          -            509   1.3e-07   30.5   1.0   1   3       0.2   1.9e+02    0.3   0.1   100   122   709   731   689   744 0.70 -
Dbrb16632-RA         -           1392 18262at7147          -            509   1.3e-07   30.5   1.0   2   3   2.1e-05      0.02   13.4   0.1   187   269   775   856   743   859 0.84 -
Dbrb16632-RA         -           1392 18262at7147          -            509   1.3e-07   30.5   1.0   3   3   3.1e-05     0.029   12.8   0.0   328   429   909  1011   903  1091 0.68 -
Dbrb01503-RA         -            678 18262at7147          -            509   7.5e-07   28.0   0.9   1   3       1.2   1.2e+03   -2.4   0.0   102   119     6    23     3    26 0.81 -
Dbrb01503-RA         -            678 18262at7147          -            509   7.5e-07   28.0   0.9   2   3   1.6e-07   0.00015   20.4   0.1   186   385    65   248    60   277 0.78 -
Dbrb01503-RA         -            678 18262at7147          -            509   7.5e-07   28.0   0.9   3   3      0.66   6.2e+02   -1.5   0.0   417   486   356   427   349   438 0.85 -
Dbrb11686-RA         -            396 18262at7147          -            509   1.5e-06   27.0   0.2   1   3       3.9   3.6e+03   -4.0   0.1   105   122    17    34    14    40 0.82 -
Dbrb11686-RA         -            396 18262at7147          -            509   1.5e-06   27.0   0.2   2   3   3.2e-06     0.003   16.1   0.0   185   252    76   142    67   162 0.81 -
Dbrb11686-RA         -            396 18262at7147          -            509   1.5e-06   27.0   0.2   3   3   0.00059      0.56    8.6   0.0   329   489   215   382   208   395 0.66 -
Dbrb08170-RA         -            686 18262at7147          -            509   1.8e-06   26.7   3.8   1   4     0.035        33    2.8   0.2   103   128   155   180   151   200 0.85 -
Dbrb08170-RA         -            686 18262at7147          -            509   1.8e-06   26.7   3.8   2   4   2.7e-07   0.00026   19.6   0.0   184   260   200   274   187   287 0.87 -
Dbrb08170-RA         -            686 18262at7147          -            509   1.8e-06   26.7   3.8   3   4       0.7   6.6e+02   -1.5   0.0   382   414   332   365   318   387 0.69 -
Dbrb08170-RA         -            686 18262at7147          -            509   1.8e-06   26.7   3.8   4   4     0.033        31    2.8   0.1   268   408   472   627   465   645 0.72 -
Dbrb15434-RA         -            642 18262at7147          -            509   4.6e-06   25.4   4.2   1   2     0.003       2.8    6.3   0.9    91   135   209   248   186   379 0.53 -
Dbrb15434-RA         -            642 18262at7147          -            509   4.6e-06   25.4   4.2   2   2   5.5e-07   0.00052   18.6   0.1   338   476   457   597   437   605 0.75 -
Dbrb17836-RA         -            601 18262at7147          -            509   1.1e-05   24.2   0.0   1   2    0.0014       1.4    7.3   0.0   206   269     3    68     1    72 0.80 -
Dbrb17836-RA         -            601 18262at7147          -            509   1.1e-05   24.2   0.0   2   2   8.1e-06    0.0076   14.7   0.0   328   489   121   289   115   306 0.61 -
Dbrb13072-RA         -            333 18262at7147          -            509   0.00012   20.7   0.1   1   2    0.0026       2.4    6.5   0.1   206   254     3    53     1    70 0.76 -
Dbrb13072-RA         -            333 18262at7147          -            509   0.00012   20.7   0.1   2   2     4e-05     0.038   12.5   0.0   328   430   121   225   111   306 0.79 -
Dbrb17538-RA         -            250 18262at7147          -            509    0.0037   15.8   0.0   1   1   5.3e-06     0.005   15.4   0.0   328   428    73   174    67   185 0.77 -
Dbrb11793-RA         -            876 18262at7147          -            509     0.074   11.5   0.1   1   2   0.00063      0.59    8.5   0.0   103   124   265   286   220   303 0.80 -
Dbrb11793-RA         -            876 18262at7147          -            509     0.074   11.5   0.1   2   2      0.21     2e+02    0.2   0.0   188   251   343   405   334   426 0.81 -
#
# Program:         hmmsearch
# Version:         3.1b2 (February 2015)
# Pipeline mode:   SEARCH
# Query file:      /home/nmoreyra/Documents/Genomics/03_orthologs_search/00_Phylogenomics_BUSCO-groups/busco4_odb10/busco_downloads/lineages/diptera_odb10/hmms/18262at7147.hmm
# Target file:     /home/nmoreyra/Documents/Genomics/03_orthologs_search/00_Phylogenomics_BUSCO-groups/busco4_odb10/../00_proteins/Dbrb_proteins.fasta
# Option settings: /home/nmoreyra/Software/miniconda3/envs/busco4/bin/hmmsearch --domtblout /home/nmoreyra/Documents/Genomics/03_orthologs_search/00_Phylogenomics_BUSCO-groups/busco4_odb10/Dbrb_diptera/run_diptera_odb10/hmmer_output/initial_run_results/18262at7147.out --cpu 1 /home/nmoreyra/Documents/Genomics/03_orthologs_search/00_Phylogenomics_BUSCO-groups/busco4_odb10/busco_downloads/lineages/diptera_odb10/hmms/18262at7147.hmm /home/nmoreyra/Documents/Genomics/03_orthologs_search/00_Phylogenomics_BUSCO-groups/busco4_odb10/../00_proteins/Dbrb_proteins.fasta 
# Current dir:     /home/nmoreyra/Documents/Genomics/03_orthologs_search/00_Phylogenomics_BUSCO-groups/busco4_odb10
# Date:            Mon Jan 25 13:04:06 2021
# [ok]
