#                                                                            --- full sequence --- -------------- this domain -------------   hmm coord   ali coord   env coord
# target name        accession   tlen query name           accession   qlen   E-value  score  bias   #  of  c-Evalue  i-Evalue  score  bias  from    to  from    to  from    to  acc description of target
#------------------- ---------- ----- -------------------- ---------- ----- --------- ------ ----- --- --- --------- --------- ------ ----- ----- ----- ----- ----- ----- ----- ---- ---------------------
Dbrb00638-RA         -            663 20050at7147          -            526  3.1e-289  959.6   2.3   1   3   4.6e-72   7.8e-69  232.3   0.3     1   119    27   150    27   163 0.94 -
Dbrb00638-RA         -            663 20050at7147          -            526  3.1e-289  959.6   2.3   2   3  6.2e-185  1.1e-181  604.8   0.0   114   449   173   543   163   564 0.91 -
Dbrb00638-RA         -            663 20050at7147          -            526  3.1e-289  959.6   2.3   3   3   1.1e-37   1.9e-34  118.9   0.3   448   526   570   652   567   652 0.94 -
Dbrb15181-RA         -            629 20050at7147          -            526  1.5e-164  548.2   0.6   1   3   5.4e-48   9.2e-45  152.9   0.5     1   129     7   138     7   149 0.86 -
Dbrb15181-RA         -            629 20050at7147          -            526  1.5e-164  548.2   0.6   2   3  5.4e-113  9.1e-110  367.4   0.0   118   437   150   492   145   500 0.86 -
Dbrb15181-RA         -            629 20050at7147          -            526  1.5e-164  548.2   0.6   3   3     4e-09   6.9e-06   24.6   0.1   448   526   540   621   530   621 0.82 -
Dbrb12431-RA         -            463 20050at7147          -            526    1e-136  456.3   0.1   1   2   1.9e-32   3.2e-29  101.6   0.0    39   110     1    76     1    85 0.90 -
Dbrb12431-RA         -            463 20050at7147          -            526    1e-136  456.3   0.1   2   2  1.4e-108  2.4e-105  352.8   0.0   118   402   107   413    98   436 0.89 -
Dbrb18018-RA         -            142 20050at7147          -            526   9.9e-24   83.5   0.0   1   1   7.9e-27   1.3e-23   83.1   0.0   317   378    64   131    58   135 0.84 -
Dbrb18017-RA         -            170 20050at7147          -            526     7e-16   57.6   0.0   1   1   5.6e-19   9.5e-16   57.2   0.0    18   179     2   164     1   168 0.81 -
Dbrb11727-RA         -            401 20050at7147          -            526     0.098   10.9   0.8   1   2   0.00065       1.1    7.4   0.3     2    32    12    42    11    54 0.92 -
Dbrb11727-RA         -            401 20050at7147          -            526     0.098   10.9   0.8   2   2      0.04        67    1.5   0.0   303   332   348   378   331   383 0.81 -
Dbrb14983-RA         -            684 20050at7147          -            526      0.11   10.7   1.8   1   3   0.00018       0.3    9.3   0.1     1    32   373   404   373   410 0.93 -
Dbrb14983-RA         -            684 20050at7147          -            526      0.11   10.7   1.8   2   3       1.8     3e+03   -3.9   0.0   253   287   435   469   430   474 0.82 -
Dbrb14983-RA         -            684 20050at7147          -            526      0.11   10.7   1.8   3   3      0.11   1.9e+02    0.1   0.1     3    22   518   537   516   550 0.77 -
Dbrb18034-RA         -            165 20050at7147          -            526      0.13   10.5   0.2   1   2      0.48   8.2e+02   -2.0   0.0   414   447    57    90    50    97 0.70 -
Dbrb18034-RA         -            165 20050at7147          -            526      0.13   10.5   0.2   2   2   0.00012      0.21    9.8   0.1   319   343   121   145    73   154 0.83 -
Dbrb17493-RA         -            684 20050at7147          -            526      0.13   10.5   2.1   1   3   0.00018       0.3    9.3   0.1     1    32   373   404   373   410 0.93 -
Dbrb17493-RA         -            684 20050at7147          -            526      0.13   10.5   2.1   2   3       1.8     3e+03   -3.9   0.0   253   287   435   469   430   474 0.82 -
Dbrb17493-RA         -            684 20050at7147          -            526      0.13   10.5   2.1   3   3      0.12     2e+02    0.0   0.1     3    22   518   537   516   549 0.77 -
Dbrb09887-RA         -            504 20050at7147          -            526      0.18   10.0   3.7   1   2   4.8e-05      0.08   11.2   0.5     2    58    39    98    38   196 0.67 -
Dbrb09887-RA         -            504 20050at7147          -            526      0.18   10.0   3.7   2   2      0.21   3.6e+02   -0.8   0.1     3    39   212   247   211   254 0.83 -
#
# Program:         hmmsearch
# Version:         3.1b2 (February 2015)
# Pipeline mode:   SEARCH
# Query file:      /home/nmoreyra/Documents/Genomics/03_orthologs_search/00_Phylogenomics_BUSCO-groups/busco4_odb10/busco_downloads/lineages/diptera_odb10/hmms/20050at7147.hmm
# Target file:     /home/nmoreyra/Documents/Genomics/03_orthologs_search/00_Phylogenomics_BUSCO-groups/busco4_odb10/../00_proteins/Dbrb_proteins.fasta
# Option settings: /home/nmoreyra/Software/miniconda3/envs/busco4/bin/hmmsearch --domtblout /home/nmoreyra/Documents/Genomics/03_orthologs_search/00_Phylogenomics_BUSCO-groups/busco4_odb10/Dbrb_diptera/run_diptera_odb10/hmmer_output/initial_run_results/20050at7147.out --cpu 1 /home/nmoreyra/Documents/Genomics/03_orthologs_search/00_Phylogenomics_BUSCO-groups/busco4_odb10/busco_downloads/lineages/diptera_odb10/hmms/20050at7147.hmm /home/nmoreyra/Documents/Genomics/03_orthologs_search/00_Phylogenomics_BUSCO-groups/busco4_odb10/../00_proteins/Dbrb_proteins.fasta 
# Current dir:     /home/nmoreyra/Documents/Genomics/03_orthologs_search/00_Phylogenomics_BUSCO-groups/busco4_odb10
# Date:            Mon Jan 25 13:03:18 2021
# [ok]
