#                                                                            --- full sequence --- -------------- this domain -------------   hmm coord   ali coord   env coord
# target name        accession   tlen query name           accession   qlen   E-value  score  bias   #  of  c-Evalue  i-Evalue  score  bias  from    to  from    to  from    to  acc description of target
#------------------- ---------- ----- -------------------- ---------- ----- --------- ------ ----- --- --- --------- --------- ------ ----- ----- ----- ----- ----- ----- ----- ---- ---------------------
Dbrb04338-RA         -            541 20540at7147          -            464  1.4e-268  891.0   9.1   1   1  1.7e-270  9.1e-268  888.3   9.1     1   464    38   538    38   538 0.97 -
Dbrb17057-RA         -            456 20540at7147          -            464   7.9e-61  206.1   0.0   1   1   1.8e-63   9.5e-61  205.8   0.0    32   450    36   455    23   456 0.92 -
Dbrb12421-RA         -            448 20540at7147          -            464     1e-58  199.1   0.0   1   1   2.3e-61   1.2e-58  198.8   0.0    35   451    24   447    12   448 0.91 -
Dbrb13702-RA         -            684 20540at7147          -            464   2.3e-56  191.3   0.0   1   1   7.1e-59   3.7e-56  190.6   0.0    29   443    61   479    48   493 0.88 -
Dbrb09231-RA         -            525 20540at7147          -            464     1e-54  185.9   0.2   1   1   2.4e-57   1.2e-54  185.6   0.2    36   451   106   523    76   525 0.90 -
Dbrb06618-RA         -            501 20540at7147          -            464   3.7e-54  184.0   1.5   1   1     9e-57   4.8e-54  183.7   1.5    30   448    68   493    51   499 0.88 -
Dbrb07113-RA         -            516 20540at7147          -            464   1.1e-53  182.5   0.0   1   1   2.5e-56   1.3e-53  182.2   0.0    35   453    91   512    67   516 0.89 -
Dbrb11299-RA         -            519 20540at7147          -            464   3.4e-53  180.9   0.0   1   1   8.3e-56   4.4e-53  180.5   0.0    36   451    94   513    50   519 0.87 -
Dbrb11288-RA         -            913 20540at7147          -            464   7.9e-50  169.8   0.0   1   1   2.6e-52   1.4e-49  169.0   0.0    30   452   480   913   464   913 0.84 -
Dbrb14987-RA         -            494 20540at7147          -            464   2.1e-49  168.4   0.0   1   1   4.7e-52   2.5e-49  168.1   0.0    21   450    54   489    48   494 0.87 -
Dbrb11567-RA         -           1006 20540at7147          -            464   3.9e-48  164.2   0.1   1   1   1.2e-50   6.5e-48  163.5   0.1    36   416    69   455    48   472 0.86 -
Dbrb11592-RA         -            489 20540at7147          -            464     9e-40  136.6   0.0   1   1   2.2e-42   1.2e-39  136.3   0.0    32   454    52   479    36   486 0.89 -
Dbrb12152-RA         -            515 20540at7147          -            464   9.3e-39  133.3   0.0   1   1   2.6e-41   1.4e-38  132.7   0.0    31   441    86   499    54   510 0.86 -
Dbrb12198-RA         -            497 20540at7147          -            464   8.3e-37  126.8   0.0   1   1     2e-39   1.1e-36  126.5   0.0    19   427    38   454    28   483 0.85 -
Dbrb11994-RA         -           1211 20540at7147          -            464   2.5e-36  125.3   0.2   1   2      0.14        76    1.7   0.0   234   336   141   251   134   299 0.75 -
Dbrb11994-RA         -           1211 20540at7147          -            464   2.5e-36  125.3   0.2   2   2   9.3e-38   4.9e-35  121.0   0.0    29   435   604  1009   589  1013 0.83 -
Dbrb12567-RA         -            474 20540at7147          -            464   3.5e-35  121.5   0.0   1   1   8.6e-38   4.6e-35  121.1   0.0    33   409    67   455    44   462 0.83 -
Dbrb04734-RA         -            520 20540at7147          -            464   1.5e-34  119.4   0.4   1   1   3.4e-37   1.8e-34  119.2   0.4    31   411    73   459    50   514 0.81 -
Dbrb11841-RA         -           1077 20540at7147          -            464   2.3e-34  118.8   0.0   1   1   6.9e-37   3.6e-34  118.1   0.0    28   443   263   679   247   694 0.84 -
Dbrb14009-RA         -           1324 20540at7147          -            464   5.4e-34  117.6   0.0   1   1   1.9e-36     1e-33  116.7   0.0    29   435   692  1103   669  1110 0.80 -
Dbrb11598-RA         -            587 20540at7147          -            464   1.2e-30  106.6   0.0   1   1   1.4e-31   7.2e-29  100.7   0.0    29   397    55   407    45   420 0.85 -
Dbrb16756-RA         -            558 20540at7147          -            464     2e-27   95.9   0.1   1   2    0.0023       1.2    7.6   0.0    21    77   259   315   254   324 0.90 -
Dbrb16756-RA         -            558 20540at7147          -            464     2e-27   95.9   0.1   2   2   3.3e-27   1.8e-24   86.2   0.1   117   332   332   552   318   555 0.86 -
Dbrb12516-RA         -            473 20540at7147          -            464   1.6e-24   86.4   0.0   1   1   4.2e-27   2.2e-24   85.9   0.0   117   452   107   446   102   454 0.83 -
Dbrb04385-RA         -            567 20540at7147          -            464   3.7e-22   78.5   0.0   1   1   9.6e-25   5.1e-22   78.1   0.0    35   433   116   534   106   546 0.77 -
Dbrb02537-RA         -            496 20540at7147          -            464   1.1e-21   77.0   0.0   1   1   2.9e-24   1.5e-21   76.5   0.0   118   445   102   424    94   434 0.80 -
Dbrb17657-RA         -            386 20540at7147          -            464   1.6e-19   69.9   0.0   1   1   6.3e-22   3.3e-19   68.8   0.0    63   261   105   296    97   367 0.72 -
Dbrb05735-RA         -           1203 20540at7147          -            464   9.1e-17   60.8   0.0   1   1     3e-19   1.6e-16   60.0   0.0   121   437    56   388    42   403 0.82 -
Dbrb16838-RA         -            488 20540at7147          -            464   2.4e-13   49.5   0.0   1   1   6.9e-16   3.7e-13   48.9   0.0   253   358     7   114     3   132 0.92 -
Dbrb12571-RA         -            679 20540at7147          -            464   2.8e-13   49.2   0.0   1   1   1.3e-15   6.8e-13   48.0   0.0   121   449   149   505   140   514 0.73 -
Dbrb13625-RA         -            565 20540at7147          -            464   5.4e-07   28.6   2.3   1   1   2.4e-09   1.3e-06   27.3   2.3   120   395   224   504   211   535 0.72 -
Dbrb13733-RA         -            935 20540at7147          -            464   1.6e-05   23.7   1.4   1   2   6.5e-07   0.00035   19.3   0.2   114   275   450   615   420   631 0.68 -
Dbrb13733-RA         -            935 20540at7147          -            464   1.6e-05   23.7   1.4   2   2     0.052        28    3.1   0.1   361   423   665   724   653   735 0.80 -
Dbrb16839-RA         -            165 20540at7147          -            464    0.0034   16.0   0.1   1   1   2.9e-05     0.015   13.9   0.1    60   211     4   152     1   161 0.64 -
Dbrb09819-RA         -            746 20540at7147          -            464    0.0078   14.8   0.0   1   2   5.2e-05     0.028   13.0   0.0   138   289   445   599   407   625 0.80 -
Dbrb09819-RA         -            746 20540at7147          -            464    0.0078   14.8   0.0   2   2      0.81   4.3e+02   -0.8   0.0   364   409   634   679   589   696 0.80 -
#
# Program:         hmmsearch
# Version:         3.1b2 (February 2015)
# Pipeline mode:   SEARCH
# Query file:      /home/nmoreyra/Documents/Genomics/03_orthologs_search/00_Phylogenomics_BUSCO-groups/busco4_odb10/busco_downloads/lineages/diptera_odb10/hmms/20540at7147.hmm
# Target file:     /home/nmoreyra/Documents/Genomics/03_orthologs_search/00_Phylogenomics_BUSCO-groups/busco4_odb10/../00_proteins/Dbrb_proteins.fasta
# Option settings: /home/nmoreyra/Software/miniconda3/envs/busco4/bin/hmmsearch --domtblout /home/nmoreyra/Documents/Genomics/03_orthologs_search/00_Phylogenomics_BUSCO-groups/busco4_odb10/Dbrb_diptera/run_diptera_odb10/hmmer_output/initial_run_results/20540at7147.out --cpu 1 /home/nmoreyra/Documents/Genomics/03_orthologs_search/00_Phylogenomics_BUSCO-groups/busco4_odb10/busco_downloads/lineages/diptera_odb10/hmms/20540at7147.hmm /home/nmoreyra/Documents/Genomics/03_orthologs_search/00_Phylogenomics_BUSCO-groups/busco4_odb10/../00_proteins/Dbrb_proteins.fasta 
# Current dir:     /home/nmoreyra/Documents/Genomics/03_orthologs_search/00_Phylogenomics_BUSCO-groups/busco4_odb10
# Date:            Mon Jan 25 13:03:54 2021
# [ok]
