#                                                                            --- full sequence --- -------------- this domain -------------   hmm coord   ali coord   env coord
# target name        accession   tlen query name           accession   qlen   E-value  score  bias   #  of  c-Evalue  i-Evalue  score  bias  from    to  from    to  from    to  acc description of target
#------------------- ---------- ----- -------------------- ---------- ----- --------- ------ ----- --- --- --------- --------- ------ ----- ----- ----- ----- ----- ----- ----- ---- ---------------------
Dbrb08642-RA         -           1722 2118at7147           -           1156         0 1828.9  58.9   1   6     2e-08   1.9e-05   22.5   0.1   201   287   102   195    82   206 0.78 -
Dbrb08642-RA         -           1722 2118at7147           -           1156         0 1828.9  58.9   2   6     0.039        37    1.6   0.0   385   418   206   240   192   241 0.74 -
Dbrb08642-RA         -           1722 2118at7147           -           1156         0 1828.9  58.9   3   6         0         0 1328.3  24.9     1   713   240  1006   240  1012 0.96 -
Dbrb08642-RA         -           1722 2118at7147           -           1156         0 1828.9  58.9   4   6  1.1e-144    1e-141  473.8   4.0   706  1125  1032  1566  1023  1580 0.83 -
Dbrb08642-RA         -           1722 2118at7147           -           1156         0 1828.9  58.9   5   6     0.043        40    1.5   2.4  1106  1133  1582  1608  1564  1651 0.55 -
Dbrb08642-RA         -           1722 2118at7147           -           1156         0 1828.9  58.9   6   6   4.8e-08   4.5e-05   21.2   1.0  1092  1156  1649  1722  1638  1722 0.64 -
Dbrb13209-RA         -           5162 2118at7147           -           1156         0 1152.1 112.2   1  17   1.5e-16   1.4e-13   49.4   0.2   385   594    86   322    78   331 0.59 -
Dbrb13209-RA         -           5162 2118at7147           -           1156         0 1152.1 112.2   2  17     2e-28   1.9e-25   88.7   3.8   351   559   387   619   324   632 0.76 -
Dbrb13209-RA         -           5162 2118at7147           -           1156         0 1152.1 112.2   3  17   4.7e-05     0.044   11.3   0.0   256   301   607   653   603   654 0.86 -
Dbrb13209-RA         -           5162 2118at7147           -           1156         0 1152.1 112.2   4  17   2.2e-12     2e-09   35.6   0.0   385   452   639   710   622   721 0.88 -
Dbrb13209-RA         -           5162 2118at7147           -           1156         0 1152.1 112.2   5  17     2e-19   1.8e-16   59.0   0.8   252   423   718   895   712   900 0.85 -
Dbrb13209-RA         -           5162 2118at7147           -           1156         0 1152.1 112.2   6  17   5.2e-32   4.9e-29  100.6   0.1   228   493   906  1189   899  1198 0.84 -
Dbrb13209-RA         -           5162 2118at7147           -           1156         0 1152.1 112.2   7  17   1.9e-47   1.8e-44  151.7   7.4   313   706  1228  1672  1213  1702 0.77 -
Dbrb13209-RA         -           5162 2118at7147           -           1156         0 1152.1 112.2   8  17   4.7e-32   4.4e-29  100.8   6.5   283   558  1751  2049  1729  2050 0.84 -
Dbrb13209-RA         -           5162 2118at7147           -           1156         0 1152.1 112.2   9  17     1e-26   9.7e-24   83.1   2.5   322   514  1897  2105  1894  2116 0.83 -
Dbrb13209-RA         -           5162 2118at7147           -           1156         0 1152.1 112.2  10  17   6.8e-32   6.4e-29  100.2   6.7   219   453  2139  2394  2106  2414 0.81 -
Dbrb13209-RA         -           5162 2118at7147           -           1156         0 1152.1 112.2  11  17   5.6e-28   5.3e-25   87.2   1.2   361   547  2406  2609  2400  2615 0.86 -
Dbrb13209-RA         -           5162 2118at7147           -           1156         0 1152.1 112.2  12  17   1.8e-31   1.7e-28   98.8   1.5   258   535  2615  2914  2609  2915 0.85 -
Dbrb13209-RA         -           5162 2118at7147           -           1156         0 1152.1 112.2  13  17     3e-23   2.8e-20   71.6   0.3   336   546  2907  3136  2903  3136 0.84 -
Dbrb13209-RA         -           5162 2118at7147           -           1156         0 1152.1 112.2  14  17   2.5e-34   2.3e-31  108.3   1.3   228   444  3109  3337  3084  3348 0.82 -
Dbrb13209-RA         -           5162 2118at7147           -           1156         0 1152.1 112.2  15  17   3.1e-23   2.9e-20   71.6   0.4   257   432  3353  3533  3347  3542 0.82 -
Dbrb13209-RA         -           5162 2118at7147           -           1156         0 1152.1 112.2  16  17     4e-21   3.8e-18   64.5   1.0   322   443  3528  3653  3524  3658 0.91 -
Dbrb13209-RA         -           5162 2118at7147           -           1156         0 1152.1 112.2  17  17   4.7e-06    0.0045   14.6   0.0   361   440  3671  3756  3661  3769 0.83 -
Dbrb10506-RA         -           4019 2118at7147           -           1156  6.8e-299  994.3 167.1   1  14     3e-15   2.9e-12   45.1   4.1   338   560    57   318    51   324 0.73 -
Dbrb10506-RA         -           4019 2118at7147           -           1156  6.8e-299  994.3 167.1   2  14   1.1e-40   9.9e-38  129.4   8.5   223   584   270   669   262   677 0.79 -
Dbrb10506-RA         -           4019 2118at7147           -           1156  6.8e-299  994.3 167.1   3  14   7.7e-19   7.2e-16   57.0   0.1   334   474   763   915   754   919 0.85 -
Dbrb10506-RA         -           4019 2118at7147           -           1156  6.8e-299  994.3 167.1   4  14   7.4e-35     7e-32  110.0   4.3   330   608   865  1170   859  1174 0.86 -
Dbrb10506-RA         -           4019 2118at7147           -           1156  6.8e-299  994.3 167.1   5  14   2.6e-41   2.4e-38  131.4   6.4   257   530  1105  1396  1102  1398 0.87 -
Dbrb10506-RA         -           4019 2118at7147           -           1156  6.8e-299  994.3 167.1   6  14     2e-36   1.9e-33  115.2   7.2   255   546  1313  1622  1304  1624 0.84 -
Dbrb10506-RA         -           4019 2118at7147           -           1156  6.8e-299  994.3 167.1   7  14   7.5e-28   7.1e-25   86.8   4.6   230   453  1597  1825  1596  1836 0.87 -
Dbrb10506-RA         -           4019 2118at7147           -           1156  6.8e-299  994.3 167.1   8  14   1.5e-15   1.4e-12   46.1   8.4   320   561  1839  2097  1822  2100 0.78 -
Dbrb10506-RA         -           4019 2118at7147           -           1156  6.8e-299  994.3 167.1   9  14   8.5e-23     8e-20   70.1   4.5   348   560  2100  2334  2098  2340 0.84 -
Dbrb10506-RA         -           4019 2118at7147           -           1156  6.8e-299  994.3 167.1  10  14   3.3e-18   3.1e-15   54.9   7.2   362   601  2334  2591  2328  2599 0.82 -
Dbrb10506-RA         -           4019 2118at7147           -           1156  6.8e-299  994.3 167.1  11  14   1.2e-27   1.1e-24   86.2   6.7   185   440  2562  2825  2550  2828 0.80 -
Dbrb10506-RA         -           4019 2118at7147           -           1156  6.8e-299  994.3 167.1  12  14   2.1e-17     2e-14   52.2   0.7   340   474  2825  2970  2823  2973 0.85 -
Dbrb10506-RA         -           4019 2118at7147           -           1156  6.8e-299  994.3 167.1  13  14   1.4e-34   1.4e-31  109.1   2.1   340   536  2929  3142  2928  3144 0.88 -
Dbrb10506-RA         -           4019 2118at7147           -           1156  6.8e-299  994.3 167.1  14  14   1.2e-36   1.1e-33  116.0   5.4   261   590  3057  3418  3057  3428 0.81 -
Dbrb06927-RA         -           3089 2118at7147           -           1156  9.1e-224  745.5  17.7   1  11   6.5e-13   6.1e-10   37.4   0.0   355   443    35   127    28   139 0.87 -
Dbrb06927-RA         -           3089 2118at7147           -           1156  9.1e-224  745.5  17.7   2  11   1.5e-33   1.4e-30  105.7   0.9   258   529   150   453   134   454 0.81 -
Dbrb06927-RA         -           3089 2118at7147           -           1156  9.1e-224  745.5  17.7   3  11     1e-48   9.8e-46  155.9   0.2   289   621   401   793   401   794 0.78 -
Dbrb06927-RA         -           3089 2118at7147           -           1156  9.1e-224  745.5  17.7   4  11     2e-19   1.9e-16   58.9   0.0   386   534   921  1098   898  1099 0.78 -
Dbrb06927-RA         -           3089 2118at7147           -           1156  9.1e-224  745.5  17.7   5  11   9.2e-07   0.00087   17.0   0.0   387   446  1038  1102  1034  1118 0.87 -
Dbrb06927-RA         -           3089 2118at7147           -           1156  9.1e-224  745.5  17.7   6  11   1.4e-23   1.3e-20   72.7   0.0   228   441  1081  1318  1079  1331 0.80 -
Dbrb06927-RA         -           3089 2118at7147           -           1156  9.1e-224  745.5  17.7   7  11   5.6e-46   5.3e-43  146.9   0.0   229   591  1330  1734  1326  1741 0.81 -
Dbrb06927-RA         -           3089 2118at7147           -           1156  9.1e-224  745.5  17.7   8  11   1.8e-26   1.7e-23   82.3   2.5   208   489  1789  2102  1777  2105 0.76 -
Dbrb06927-RA         -           3089 2118at7147           -           1156  9.1e-224  745.5  17.7   9  11   6.5e-11   6.1e-08   30.7   0.3   254   443  2061  2264  2046  2267 0.72 -
Dbrb06927-RA         -           3089 2118at7147           -           1156  9.1e-224  745.5  17.7  10  11   4.1e-24   3.9e-21   74.4   0.0   329   589  2251  2544  2244  2544 0.77 -
Dbrb06927-RA         -           3089 2118at7147           -           1156  9.1e-224  745.5  17.7  11  11   2.1e-11   1.9e-08   32.4   0.0   376   490  2410  2538  2407  2583 0.78 -
Dbrb01957-RA         -           3614 2118at7147           -           1156    7e-122  408.1  28.5   1   4     6e-33   5.7e-30  103.7   1.8   337   558   369   625   354   627 0.82 -
Dbrb01957-RA         -           3614 2118at7147           -           1156    7e-122  408.1  28.5   2   4     1e-34   9.7e-32  109.5   1.7   362   546   620   819   611   820 0.84 -
Dbrb01957-RA         -           3614 2118at7147           -           1156    7e-122  408.1  28.5   3   4   1.9e-35   1.8e-32  112.0   1.4   337   535   802  1021   801  1022 0.88 -
Dbrb01957-RA         -           3614 2118at7147           -           1156    7e-122  408.1  28.5   4   4   2.5e-41   2.3e-38  131.5   1.9   259   583   930  1289   928  1313 0.80 -
Dbrb03314-RA         -           1826 2118at7147           -           1156  8.1e-102  341.6  47.0   1   6   5.4e-21   5.1e-18   64.1   0.4   346   558    38   280    21   294 0.78 -
Dbrb03314-RA         -           1826 2118at7147           -           1156  8.1e-102  341.6  47.0   2   6   1.7e-05     0.016   12.7   0.0   500   548   335   386   328   435 0.75 -
Dbrb03314-RA         -           1826 2118at7147           -           1156  8.1e-102  341.6  47.0   3   6     7e-29   6.6e-26   90.2   0.2   196   445   440   704   434   711 0.82 -
Dbrb03314-RA         -           1826 2118at7147           -           1156  8.1e-102  341.6  47.0   4   6   3.2e-13     3e-10   38.4   7.8   344   535   716   945   707   947 0.72 -
Dbrb03314-RA         -           1826 2118at7147           -           1156  8.1e-102  341.6  47.0   5   6   1.4e-35   1.3e-32  112.4  15.8   277   709   870  1382   862  1386 0.75 -
Dbrb03314-RA         -           1826 2118at7147           -           1156  8.1e-102  341.6  47.0   6   6   1.2e-26   1.1e-23   82.8   7.5   258   570  1195  1564  1191  1597 0.74 -
Dbrb09525-RA         -           1952 2118at7147           -           1156   6.5e-99  332.0  57.5   1   6   6.1e-18   5.7e-15   54.0   3.9   337   603    22   321    12   336 0.72 -
Dbrb09525-RA         -           1952 2118at7147           -           1156   6.5e-99  332.0  57.5   2   6   1.4e-12   1.3e-09   36.3   1.1   516   682   340   533   329   538 0.55 -
Dbrb09525-RA         -           1952 2118at7147           -           1156   6.5e-99  332.0  57.5   3   6   2.2e-32     2e-29  101.9   3.8   307   561   633   909   618   931 0.83 -
Dbrb09525-RA         -           1952 2118at7147           -           1156   6.5e-99  332.0  57.5   4   6   2.1e-27     2e-24   85.3   7.8   321   600   983  1287   958  1295 0.82 -
Dbrb09525-RA         -           1952 2118at7147           -           1156   6.5e-99  332.0  57.5   5   6   3.2e-21     3e-18   64.9   6.4   246   477  1303  1569  1285  1584 0.75 -
Dbrb09525-RA         -           1952 2118at7147           -           1156   6.5e-99  332.0  57.5   6   6   1.5e-10   1.4e-07   29.5   3.7   784  1103  1508  1871  1502  1885 0.64 -
Dbrb06764-RA         -            935 2118at7147           -           1156   3.5e-97  326.3  29.5   1   6   4.1e-10   3.9e-07   28.1   0.1   518   613    14   117     8   121 0.82 -
Dbrb06764-RA         -            935 2118at7147           -           1156   3.5e-97  326.3  29.5   2   6     2e-36   1.9e-33  115.2   3.3   330   536   128   347   101   349 0.85 -
Dbrb06764-RA         -            935 2118at7147           -           1156   3.5e-97  326.3  29.5   3   6   6.8e-15   6.4e-12   43.9   1.0   335   453   338   468   335   471 0.84 -
Dbrb06764-RA         -            935 2118at7147           -           1156   3.5e-97  326.3  29.5   4   6   1.5e-31   1.4e-28   99.0   2.2   258   444   475   672   469   675 0.87 -
Dbrb06764-RA         -            935 2118at7147           -           1156   3.5e-97  326.3  29.5   5   6   8.1e-13   7.6e-10   37.0   0.1   296   443   676   840   672   850 0.81 -
Dbrb06764-RA         -            935 2118at7147           -           1156   3.5e-97  326.3  29.5   6   6   4.7e-10   4.4e-07   27.9   0.1   628   701   846   921   841   927 0.92 -
Dbrb05905-RA         -           1965 2118at7147           -           1156   7.1e-94  315.3  40.7   1   9   2.6e-30   2.5e-27   94.9   1.2   331   596    40   339    26   352 0.79 -
Dbrb05905-RA         -           1965 2118at7147           -           1156   7.1e-94  315.3  40.7   2   9    0.0012       1.1    6.6   0.6   511   565   361   415   352   429 0.81 -
Dbrb05905-RA         -           1965 2118at7147           -           1156   7.1e-94  315.3  40.7   3   9   6.3e-08   5.9e-05   20.8   0.1   785   837   483   540   451   548 0.63 -
Dbrb05905-RA         -           1965 2118at7147           -           1156   7.1e-94  315.3  40.7   4   9   2.2e-07    0.0002   19.1   0.1   498   592   576   681   554   696 0.66 -
Dbrb05905-RA         -           1965 2118at7147           -           1156   7.1e-94  315.3  40.7   5   9   7.4e-33     7e-30  103.4   8.5   309   701   700  1150   687  1154 0.76 -
Dbrb05905-RA         -           1965 2118at7147           -           1156   7.1e-94  315.3  40.7   6   9   0.00062      0.59    7.6   0.0   212   319  1152  1267  1150  1276 0.76 -
Dbrb05905-RA         -           1965 2118at7147           -           1156   7.1e-94  315.3  40.7   7   9   2.6e-12   2.5e-09   35.4   0.0   607   706  1278  1379  1270  1411 0.85 -
Dbrb05905-RA         -           1965 2118at7147           -           1156   7.1e-94  315.3  40.7   8   9     2e-07   0.00019   19.2   0.0   366   420  1434  1490  1427  1519 0.86 -
Dbrb05905-RA         -           1965 2118at7147           -           1156   7.1e-94  315.3  40.7   9   9     1e-07   9.8e-05   20.1   0.2   404   509  1542  1672  1536  1689 0.69 -
Dbrb08696-RA         -           2255 2118at7147           -           1156     1e-87  294.9  14.5   1   8   1.2e-23   1.2e-20   72.9   0.1   196   492   129   472    95   498 0.68 -
Dbrb08696-RA         -           2255 2118at7147           -           1156     1e-87  294.9  14.5   2   8   4.4e-14   4.2e-11   41.2   0.0   424   589   510   701   506   715 0.62 -
Dbrb08696-RA         -           2255 2118at7147           -           1156     1e-87  294.9  14.5   3   8   2.5e-11   2.4e-08   32.1   0.7   386   474   870   970   851   988 0.76 -
Dbrb08696-RA         -           2255 2118at7147           -           1156     1e-87  294.9  14.5   4   8   1.2e-08   1.2e-05   23.2   0.0   400   449  1046  1095  1041  1100 0.94 -
Dbrb08696-RA         -           2255 2118at7147           -           1156     1e-87  294.9  14.5   5   8   0.00096       0.9    7.0   0.0   807   855  1181  1229  1177  1232 0.85 -
Dbrb08696-RA         -           2255 2118at7147           -           1156     1e-87  294.9  14.5   6   8   1.6e-19   1.5e-16   59.2   0.2   383   535  1231  1394  1225  1404 0.74 -
Dbrb08696-RA         -           2255 2118at7147           -           1156     1e-87  294.9  14.5   7   8   1.9e-10   1.8e-07   29.2   0.0   257   418  1432  1619  1402  1637 0.74 -
Dbrb08696-RA         -           2255 2118at7147           -           1156     1e-87  294.9  14.5   8   8   9.3e-11   8.8e-08   30.2   0.0   787   956  1647  1831  1644  1858 0.73 -
Dbrb06763-RA         -           1806 2118at7147           -           1156   2.9e-59  200.7  22.8   1   4   5.7e-31   5.4e-28   97.1   1.8   333   547    41   279    33   285 0.84 -
Dbrb06763-RA         -           1806 2118at7147           -           1156   2.9e-59  200.7  22.8   2   4   3.5e-27   3.3e-24   84.6   6.1   257   569   170   538   163   540 0.73 -
Dbrb06763-RA         -           1806 2118at7147           -           1156   2.9e-59  200.7  22.8   3   4   7.8e-13   7.3e-10   37.1   0.1   365   453   520   613   514   635 0.78 -
Dbrb06763-RA         -           1806 2118at7147           -           1156   2.9e-59  200.7  22.8   4   4   8.2e-08   7.8e-05   20.5   0.1   371   530   646   816   637   826 0.76 -
Dbrb01334-RA         -           1517 2118at7147           -           1156   8.7e-59  199.1  36.2   1   5   2.4e-20   2.2e-17   62.0   2.0   543   701   109   282    89   283 0.76 -
Dbrb01334-RA         -           1517 2118at7147           -           1156   8.7e-59  199.1  36.2   2   5   5.8e-28   5.5e-25   87.2   7.5   185   514   141   503   138   508 0.79 -
Dbrb01334-RA         -           1517 2118at7147           -           1156   8.7e-59  199.1  36.2   3   5   1.3e-20   1.2e-17   62.9   4.6   335   475   523   674   505   678 0.83 -
Dbrb01334-RA         -           1517 2118at7147           -           1156   8.7e-59  199.1  36.2   4   5   1.4e-07   0.00013   19.7   0.0   190   293   685   797   678   799 0.71 -
Dbrb01334-RA         -           1517 2118at7147           -           1156   8.7e-59  199.1  36.2   5   5   1.2e-07   0.00011   19.9   0.3   401   531   805   949   793   996 0.79 -
Dbrb06926-RA         -            609 2118at7147           -           1156   6.1e-48  163.2   8.4   1   2   2.5e-28   2.4e-25   88.4   2.3   287   563    95   404    85   414 0.79 -
Dbrb06926-RA         -            609 2118at7147           -           1156   6.1e-48  163.2   8.4   2   2   1.5e-26   1.5e-23   82.5   0.8   350   549   379   600   377   606 0.78 -
Dbrb07865-RA         -           1859 2118at7147           -           1156   3.4e-23   81.3   3.4   1   3   4.7e-11   4.5e-08   31.2   0.2   225   445   328   583   321   583 0.70 -
Dbrb07865-RA         -           1859 2118at7147           -           1156   3.4e-23   81.3   3.4   2   3   3.7e-15   3.5e-12   44.8   0.6   314   445   550   691   491   701 0.76 -
Dbrb07865-RA         -           1859 2118at7147           -           1156   3.4e-23   81.3   3.4   3   3   7.5e-06    0.0071   14.0   0.0   639   687   707   754   696   801 0.83 -
Dbrb07997-RA         -            797 2118at7147           -           1156   5.2e-21   74.0   0.0   1   3   1.4e-08   1.3e-05   23.0   0.0   427   536   125   250   116   253 0.77 -
Dbrb07997-RA         -            797 2118at7147           -           1156   5.2e-21   74.0   0.0   2   3   9.1e-09   8.6e-06   23.6   0.0    13   129   231   334   228   349 0.84 -
Dbrb07997-RA         -            797 2118at7147           -           1156   5.2e-21   74.0   0.0   3   3   7.1e-10   6.7e-07   27.3   0.0   339   466   356   482   325   488 0.81 -
Dbrb06768-RA         -            146 2118at7147           -           1156   1.4e-11   42.8   1.0   1   2   3.4e-12   3.2e-09   35.0   0.1   373   448     7    82     3    88 0.87 -
Dbrb06768-RA         -            146 2118at7147           -           1156   1.4e-11   42.8   1.0   2   2    0.0014       1.3    6.5   0.1   257   299    95   141    88   146 0.76 -
Dbrb06765-RA         -            420 2118at7147           -           1156   9.5e-07   26.8   0.6   1   2      0.09        85    0.5   0.1   841   900   153   217   140   223 0.80 -
Dbrb06765-RA         -            420 2118at7147           -           1156   9.5e-07   26.8   0.6   2   2   6.4e-09     6e-06   24.1   0.1   390   450   289   352   279   357 0.85 -
Dbrb06767-RA         -           1123 2118at7147           -           1156    0.0015   16.2   0.0   1   1   2.2e-06    0.0021   15.7   0.0   394   551    12   180     4   217 0.73 -
#
# Program:         hmmsearch
# Version:         3.1b2 (February 2015)
# Pipeline mode:   SEARCH
# Query file:      /home/nmoreyra/Documents/Genomics/03_orthologs_search/00_Phylogenomics_BUSCO-groups/busco4_odb10/busco_downloads/lineages/diptera_odb10/hmms/2118at7147.hmm
# Target file:     /home/nmoreyra/Documents/Genomics/03_orthologs_search/00_Phylogenomics_BUSCO-groups/busco4_odb10/../00_proteins/Dbrb_proteins.fasta
# Option settings: /home/nmoreyra/Software/miniconda3/envs/busco4/bin/hmmsearch --domtblout /home/nmoreyra/Documents/Genomics/03_orthologs_search/00_Phylogenomics_BUSCO-groups/busco4_odb10/Dbrb_diptera/run_diptera_odb10/hmmer_output/initial_run_results/2118at7147.out --cpu 1 /home/nmoreyra/Documents/Genomics/03_orthologs_search/00_Phylogenomics_BUSCO-groups/busco4_odb10/busco_downloads/lineages/diptera_odb10/hmms/2118at7147.hmm /home/nmoreyra/Documents/Genomics/03_orthologs_search/00_Phylogenomics_BUSCO-groups/busco4_odb10/../00_proteins/Dbrb_proteins.fasta 
# Current dir:     /home/nmoreyra/Documents/Genomics/03_orthologs_search/00_Phylogenomics_BUSCO-groups/busco4_odb10
# Date:            Mon Jan 25 13:01:57 2021
# [ok]
