#                                                                            --- full sequence --- -------------- this domain -------------   hmm coord   ali coord   env coord
# target name        accession   tlen query name           accession   qlen   E-value  score  bias   #  of  c-Evalue  i-Evalue  score  bias  from    to  from    to  from    to  acc description of target
#------------------- ---------- ----- -------------------- ---------- ----- --------- ------ ----- --- --- --------- --------- ------ ----- ----- ----- ----- ----- ----- ----- ---- ---------------------
Dbrb12689-RA         -            717 24552at7147          -            519  7.2e-176  585.7  52.8   1   4   6.4e-35   3.6e-31  108.2   7.2     2    82     4   105     3   110 0.85 -
Dbrb12689-RA         -            717 24552at7147          -            519  7.2e-176  585.7  52.8   2   4   1.8e-18     1e-14   54.0   0.0    87   131   146   194   131   217 0.82 -
Dbrb12689-RA         -            717 24552at7147          -            519  7.2e-176  585.7  52.8   3   4  5.9e-127  3.3e-123  411.9  27.7   128   467   222   604   210   630 0.86 -
Dbrb12689-RA         -            717 24552at7147          -            519  7.2e-176  585.7  52.8   4   4   1.2e-06    0.0067   15.0   1.9   464   510   628   694   618   716 0.72 -
Dbrb16766-RA         -            201 24552at7147          -            519      0.87    8.0   8.7   1   2   0.00011      0.64    8.4   6.3   232   310    20    98     7   105 0.87 -
Dbrb16766-RA         -            201 24552at7147          -            519      0.87    8.0   8.7   2   2     0.059   3.3e+02   -0.5   0.0   265   321   109   165   101   179 0.76 -
Dbrb03712-RA         -           1234 24552at7147          -            519       7.4    4.9  26.0   1   2      0.01        57    2.0   8.7   233   288   131   186    97   211 0.78 -
Dbrb03712-RA         -           1234 24552at7147          -            519       7.4    4.9  26.0   2   2   0.00014      0.77    8.2   9.4   208   315   352   474   311   489 0.72 -
#
# Program:         hmmsearch
# Version:         3.1b2 (February 2015)
# Pipeline mode:   SEARCH
# Query file:      /home/nmoreyra/Documents/Genomics/03_orthologs_search/00_Phylogenomics_BUSCO-groups/busco4_odb10/busco_downloads/lineages/diptera_odb10/hmms/24552at7147.hmm
# Target file:     /home/nmoreyra/Documents/Genomics/03_orthologs_search/00_Phylogenomics_BUSCO-groups/busco4_odb10/../00_proteins/Dbrb_proteins.fasta
# Option settings: /home/nmoreyra/Software/miniconda3/envs/busco4/bin/hmmsearch --domtblout /home/nmoreyra/Documents/Genomics/03_orthologs_search/00_Phylogenomics_BUSCO-groups/busco4_odb10/Dbrb_diptera/run_diptera_odb10/hmmer_output/initial_run_results/24552at7147.out --cpu 1 /home/nmoreyra/Documents/Genomics/03_orthologs_search/00_Phylogenomics_BUSCO-groups/busco4_odb10/busco_downloads/lineages/diptera_odb10/hmms/24552at7147.hmm /home/nmoreyra/Documents/Genomics/03_orthologs_search/00_Phylogenomics_BUSCO-groups/busco4_odb10/../00_proteins/Dbrb_proteins.fasta 
# Current dir:     /home/nmoreyra/Documents/Genomics/03_orthologs_search/00_Phylogenomics_BUSCO-groups/busco4_odb10
# Date:            Mon Jan 25 13:04:26 2021
# [ok]
