#                                                                            --- full sequence --- -------------- this domain -------------   hmm coord   ali coord   env coord
# target name        accession   tlen query name           accession   qlen   E-value  score  bias   #  of  c-Evalue  i-Evalue  score  bias  from    to  from    to  from    to  acc description of target
#------------------- ---------- ----- -------------------- ---------- ----- --------- ------ ----- --- --- --------- --------- ------ ----- ----- ----- ----- ----- ----- ----- ---- ---------------------
Dbrb10799-RA         -            553 25215at7147          -            372  2.5e-196  651.7   0.0   1   2     6e-42   5.6e-39  133.9   0.0     1   100    98   204    98   240 0.92 -
Dbrb10799-RA         -            553 25215at7147          -            372  2.5e-196  651.7   0.0   2   2  4.8e-158  4.5e-155  516.0   0.0    91   368   252   546   242   553 0.94 -
Dbrb10032-RA         -            446 25215at7147          -            372   6.2e-16   58.1   0.0   1   3     0.024        23    3.6   0.0    41   112    64   144    18   149 0.67 -
Dbrb10032-RA         -            446 25215at7147          -            372   6.2e-16   58.1   0.0   2   3   8.1e-16   7.6e-13   47.9   0.0    86   235   148   308   144   318 0.83 -
Dbrb10032-RA         -            446 25215at7147          -            372   6.2e-16   58.1   0.0   3   3     0.035        32    3.1   0.0   343   368   407   432   392   436 0.81 -
Dbrb01160-RA         -            154 25215at7147          -            372   5.5e-11   41.8   0.2   1   2   2.1e-05      0.02   13.6   0.0   245   302    13    70     2    80 0.84 -
Dbrb01160-RA         -            154 25215at7147          -            372   5.5e-11   41.8   0.2   2   2   1.8e-09   1.7e-06   27.1   0.1   237   303    81   147    67   152 0.84 -
Dbrb03227-RA         -            155 25215at7147          -            372   2.1e-10   39.9   0.3   1   2    0.0014       1.3    7.6   0.0   245   296    16    67     2    79 0.78 -
Dbrb03227-RA         -            155 25215at7147          -            372   2.1e-10   39.9   0.3   2   2   1.2e-10   1.1e-07   30.9   0.1   236   303    83   150    72   154 0.90 -
Dbrb02401-RA         -            155 25215at7147          -            372   9.4e-10   37.8   0.4   1   2    0.0013       1.2    7.8   0.0   246   301    17    72     3    83 0.80 -
Dbrb02401-RA         -            155 25215at7147          -            372   9.4e-10   37.8   0.4   2   2   5.2e-10   4.9e-07   28.8   0.1   237   303    84   150    71   154 0.91 -
Dbrb07550-RA         -            226 25215at7147          -            372   6.8e-09   34.9   0.4   1   2   1.5e-05     0.014   14.1   0.1   239   303    81   145    70   159 0.79 -
Dbrb07550-RA         -            226 25215at7147          -            372   6.8e-09   34.9   0.4   2   2   3.4e-07   0.00032   19.5   0.0   238   303   156   221   147   225 0.86 -
Dbrb02542-RA         -            321 25215at7147          -            372   7.4e-08   31.5   0.3   1   2    0.0004      0.38    9.4   0.0   239   300    80   140    67   147 0.85 -
Dbrb02542-RA         -            321 25215at7147          -            372   7.4e-08   31.5   0.3   2   2   3.3e-07   0.00031   19.6   0.2   239   303   253   317   240   320 0.83 -
Dbrb01284-RA         -            149 25215at7147          -            372   3.7e-07   29.2   0.1   1   2    0.0074         7    5.3   0.0   246   302    14    70     3    79 0.84 -
Dbrb01284-RA         -            149 25215at7147          -            372   3.7e-07   29.2   0.1   2   2   3.7e-08   3.5e-05   22.7   0.1   239   301    79   142    69   148 0.81 -
Dbrb06638-RA         -            315 25215at7147          -            372   2.6e-06   26.4   2.6   1   3   0.00088      0.83    8.3   0.1   248   302    33    87    19    93 0.88 -
Dbrb06638-RA         -            315 25215at7147          -            372   2.6e-06   26.4   2.6   2   3     0.014        14    4.3   0.0   238   282    96   140    89   175 0.74 -
Dbrb06638-RA         -            315 25215at7147          -            372   2.6e-06   26.4   2.6   3   3   5.1e-05     0.048   12.4   0.1   233   302   241   309   230   314 0.82 -
Dbrb01161-RA         -            156 25215at7147          -            372   0.00019   20.3   0.0   1   2    0.0041       3.8    6.1   0.0   245   302    14    71     7    84 0.90 -
Dbrb01161-RA         -            156 25215at7147          -            372   0.00019   20.3   0.0   2   2     5e-05     0.047   12.4   0.0   247   303    93   149    80   153 0.90 -
Dbrb07233-RA         -            147 25215at7147          -            372   0.00019   20.3   1.0   1   2      0.28   2.7e+02    0.1   0.0   246   303    12    69     4    84 0.72 -
Dbrb07233-RA         -            147 25215at7147          -            372   0.00019   20.3   1.0   2   2   5.1e-07   0.00048   19.0   0.3   243   303    82   142    68   146 0.89 -
Dbrb01932-RA         -            199 25215at7147          -            372   0.00048   19.0   0.0   1   2      0.21     2e+02    0.5   0.0   243   302    33    93    26   101 0.78 -
Dbrb01932-RA         -            199 25215at7147          -            372   0.00048   19.0   0.0   2   2     3e-06    0.0029   16.4   0.0   247   302   104   159    97   174 0.91 -
Dbrb10939-RA         -            392 25215at7147          -            372   0.00049   18.9   0.2   1   2    0.0086       8.1    5.1   0.0   244   303   218   277   205   288 0.86 -
Dbrb10939-RA         -            392 25215at7147          -            372   0.00049   18.9   0.2   2   2   5.5e-05     0.052   12.3   0.1   235   304   290   359   277   374 0.81 -
Dbrb08105-RA         -            178 25215at7147          -            372   0.00058   18.7   0.0   1   2     0.025        23    3.5   0.0   248   301    17    71    10    75 0.89 -
Dbrb08105-RA         -            178 25215at7147          -            372   0.00058   18.7   0.0   2   2   2.8e-05     0.026   13.3   0.0   248   303    84   139    79   170 0.93 -
Dbrb06637-RA         -            148 25215at7147          -            372    0.0035   16.1   0.3   1   2     0.012        11    4.6   0.0   247   302    16    71     5    85 0.76 -
Dbrb06637-RA         -            148 25215at7147          -            372    0.0035   16.1   0.3   2   2   0.00017      0.16   10.6   0.1   241   302    83   144    74   147 0.83 -
Dbrb07145-RA         -            415 25215at7147          -            372    0.0056   15.5   0.1   1   1   1.1e-05     0.011   14.5   0.1   243   302   274   333   259   353 0.91 -
Dbrb00275-RA         -            192 25215at7147          -            372     0.019   13.7   0.1   1   2     0.037        35    3.0   0.0   248   282    44    76    27   108 0.55 -
Dbrb00275-RA         -            192 25215at7147          -            372     0.019   13.7   0.1   2   2    0.0011         1    8.0   0.0   228   272   124   164   109   188 0.71 -
Dbrb11173-RA         -            200 25215at7147          -            372     0.044   12.5   0.1   1   2   0.00019      0.18   10.5   0.0   246   303    62   119    49   132 0.90 -
Dbrb11173-RA         -            200 25215at7147          -            372     0.044   12.5   0.1   2   2      0.36   3.4e+02   -0.3   0.0   246   285   135   175   122   194 0.72 -
#
# Program:         hmmsearch
# Version:         3.1b2 (February 2015)
# Pipeline mode:   SEARCH
# Query file:      /home/nmoreyra/Documents/Genomics/03_orthologs_search/00_Phylogenomics_BUSCO-groups/busco4_odb10/busco_downloads/lineages/diptera_odb10/hmms/25215at7147.hmm
# Target file:     /home/nmoreyra/Documents/Genomics/03_orthologs_search/00_Phylogenomics_BUSCO-groups/busco4_odb10/../00_proteins/Dbrb_proteins.fasta
# Option settings: /home/nmoreyra/Software/miniconda3/envs/busco4/bin/hmmsearch --domtblout /home/nmoreyra/Documents/Genomics/03_orthologs_search/00_Phylogenomics_BUSCO-groups/busco4_odb10/Dbrb_diptera/run_diptera_odb10/hmmer_output/initial_run_results/25215at7147.out --cpu 1 /home/nmoreyra/Documents/Genomics/03_orthologs_search/00_Phylogenomics_BUSCO-groups/busco4_odb10/busco_downloads/lineages/diptera_odb10/hmms/25215at7147.hmm /home/nmoreyra/Documents/Genomics/03_orthologs_search/00_Phylogenomics_BUSCO-groups/busco4_odb10/../00_proteins/Dbrb_proteins.fasta 
# Current dir:     /home/nmoreyra/Documents/Genomics/03_orthologs_search/00_Phylogenomics_BUSCO-groups/busco4_odb10
# Date:            Mon Jan 25 13:05:34 2021
# [ok]
