#                                                                            --- full sequence --- -------------- this domain -------------   hmm coord   ali coord   env coord
# target name        accession   tlen query name           accession   qlen   E-value  score  bias   #  of  c-Evalue  i-Evalue  score  bias  from    to  from    to  from    to  acc description of target
#------------------- ---------- ----- -------------------- ---------- ----- --------- ------ ----- --- --- --------- --------- ------ ----- ----- ----- ----- ----- ----- ----- ---- ---------------------
Dbrb08170-RA         -            686 25290at7147          -            534  3.4e-268  890.4  15.5   1   1  8.4e-270  2.9e-267  887.3  15.5     4   534    80   686    78   686 0.91 -
Dbrb03427-RA         -           1125 25290at7147          -            534   8.6e-89  298.3   9.3   1   2   4.3e-59   1.5e-56  191.9   2.4    15   182   532   720   520   728 0.85 -
Dbrb03427-RA         -           1125 25290at7147          -            534   8.6e-89  298.3   9.3   2   2   2.9e-37   9.9e-35  119.9   0.7   178   410   759   992   720  1029 0.76 -
Dbrb16632-RA         -           1392 25290at7147          -            534   3.8e-24   85.0   3.7   1   2   2.3e-10   7.8e-08   31.1   0.0   107   179    82   154    60   173 0.92 -
Dbrb16632-RA         -           1392 25290at7147          -            534   3.8e-24   85.0   3.7   2   2   9.7e-17   3.3e-14   52.2   1.5    49   174   698   840   687   846 0.73 -
Dbrb05174-RA         -            668 25290at7147          -            534   2.4e-20   72.4   3.3   1   2   1.3e-22   4.4e-20   71.5   0.4    60   254    72   289    25   314 0.74 -
Dbrb05174-RA         -            668 25290at7147          -            534   2.4e-20   72.4   3.3   2   2       1.2   4.3e+02   -1.0   0.1   413   460   579   625   572   651 0.80 -
Dbrb01503-RA         -            678 25290at7147          -            534   4.6e-19   68.2   0.2   1   1   3.9e-21   1.3e-18   66.7   0.2    62   208     7   179     4   194 0.72 -
Dbrb12058-RA         -            601 25290at7147          -            534   5.8e-18   64.6   0.3   1   1   6.7e-20   2.3e-17   62.6   0.3    63   254    13   228    10   261 0.78 -
Dbrb13931-RA         -            562 25290at7147          -            534   1.1e-16   60.4   0.0   1   1   5.5e-19   1.9e-16   59.6   0.0   105   252    34   186    11   201 0.82 -
Dbrb15109-RA         -            461 25290at7147          -            534   2.5e-15   55.9   1.8   1   1   4.9e-17   1.7e-14   53.1   1.8    56   174     8   143     1   151 0.72 -
Dbrb11686-RA         -            396 25290at7147          -            534   4.4e-15   55.1   1.4   1   2   1.3e-17   4.4e-15   55.1   1.4    54   174     8   143     1   148 0.72 -
Dbrb11686-RA         -            396 25290at7147          -            534   4.4e-15   55.1   1.4   2   2       4.3   1.5e+03   -2.8   0.3   210   250   245   287   233   297 0.76 -
Dbrb02886-RA         -            905 25290at7147          -            534   2.5e-13   49.3   0.1   1   1   3.5e-15   1.2e-12   47.0   0.1    56   174    16   154     9   164 0.74 -
Dbrb08762-RA         -            744 25290at7147          -            534   6.3e-13   48.0   0.3   1   2   1.2e-13   4.3e-11   41.9   0.1    87   181    78   171    32   189 0.77 -
Dbrb08762-RA         -            744 25290at7147          -            534   6.3e-13   48.0   0.3   2   2     0.069        24    3.1   0.0   423   522   297   401   278   408 0.74 -
Dbrb11793-RA         -            876 25290at7147          -            534   1.1e-12   47.2   1.5   1   2   4.1e-05     0.014   13.8   0.1    42    80   245   283   214   301 0.72 -
Dbrb11793-RA         -            876 25290at7147          -            534   1.1e-12   47.2   1.5   2   2   9.4e-11   3.3e-08   32.4   0.2   104   186   336   419   324   446 0.88 -
Dbrb11974-RA         -           1281 25290at7147          -            534   1.3e-12   46.9   0.3   1   2   7.7e-07   0.00027   19.5   0.0    42   204   797   970   788   976 0.76 -
Dbrb11974-RA         -           1281 25290at7147          -            534   1.3e-12   46.9   0.3   2   2   1.3e-08   4.6e-06   25.3   0.1    61   215  1015  1190   999  1199 0.78 -
Dbrb11739-RA         -            515 25290at7147          -            534   3.9e-12   45.3   0.0   1   2       0.2        70    1.6   0.0    57    90    14    47     2    52 0.75 -
Dbrb11739-RA         -            515 25290at7147          -            534   3.9e-12   45.3   0.0   2   2   1.8e-13   6.4e-11   41.3   0.0   110   175    88   153    76   161 0.94 -
Dbrb08344-RA         -            974 25290at7147          -            534   6.1e-12   44.7   0.7   1   1   1.7e-13     6e-11   41.4   0.7    62   172   135   266    84   276 0.74 -
Dbrb15434-RA         -            642 25290at7147          -            534   1.6e-11   43.3   0.1   1   2    0.0085       2.9    6.1   0.1    44    75   202   234   169   242 0.67 -
Dbrb15434-RA         -            642 25290at7147          -            534   1.6e-11   43.3   0.1   2   2   1.8e-11   6.3e-09   34.7   0.0   104   183   294   380   274   395 0.82 -
Dbrb11941-RA         -            988 25290at7147          -            534   5.4e-11   41.6   0.1   1   2   4.5e-13   1.5e-10   40.1   0.0    85   179   187   280   135   306 0.81 -
Dbrb11941-RA         -            988 25290at7147          -            534   5.4e-11   41.6   0.1   2   2       5.1   1.8e+03   -3.0   0.0   220   256   444   480   441   487 0.82 -
Dbrb07428-RA         -            747 25290at7147          -            534   6.1e-11   41.4   0.1   1   1   8.8e-13     3e-10   39.1   0.1    91   178    97   183    28   193 0.84 -
Dbrb00018-RA         -           1361 25290at7147          -            534   8.7e-11   40.9   0.7   1   1   5.6e-13   1.9e-10   39.8   0.7    86   176    43   133     3   165 0.77 -
Dbrb00089-RA         -            823 25290at7147          -            534   9.9e-11   40.7   0.4   1   2   0.00021     0.072   11.5   0.1    61    90    21    52    10    57 0.73 -
Dbrb00089-RA         -            823 25290at7147          -            534   9.9e-11   40.7   0.4   2   2   3.5e-09   1.2e-06   27.2   0.0   108   172   103   167    97   177 0.92 -
Dbrb15169-RA         -           1058 25290at7147          -            534   1.4e-10   40.2   2.7   1   2     0.093        32    2.7   0.0   182   234   188   240   184   258 0.88 -
Dbrb15169-RA         -           1058 25290at7147          -            534   1.4e-10   40.2   2.7   2   2     4e-12   1.4e-09   36.9   0.9    62   282   446   680   435   719 0.66 -
Dbrb02602-RA         -            670 25290at7147          -            534     5e-10   38.4   2.2   1   3       6.5   2.2e+03   -3.4   0.4    11    50    52    92    48   105 0.52 -
Dbrb02602-RA         -            670 25290at7147          -            534     5e-10   38.4   2.2   2   3     0.004       1.4    7.2   0.0    53    79   241   267   207   276 0.63 -
Dbrb02602-RA         -            670 25290at7147          -            534     5e-10   38.4   2.2   3   3   3.6e-10   1.2e-07   30.5   0.0    86   177   305   403   290   442 0.83 -
Dbrb11263-RA         -            844 25290at7147          -            534   6.2e-10   38.1   0.7   1   2   0.00049      0.17   10.2   0.1    61    87    21    48    10    58 0.71 -
Dbrb11263-RA         -            844 25290at7147          -            534   6.2e-10   38.1   0.7   2   2   8.3e-09   2.9e-06   26.0   0.1   109   172   104   167    99   178 0.93 -
Dbrb17834-RA         -            525 25290at7147          -            534   1.3e-09   37.0   0.0   1   1   6.9e-12   2.4e-09   36.1   0.0    63   179    14   143     3   159 0.76 -
Dbrb13127-RA         -            853 25290at7147          -            534   7.7e-09   34.5   0.1   1   1   1.7e-10   5.8e-08   31.6   0.1    62   187   159   308   135   334 0.67 -
Dbrb06233-RA         -            462 25290at7147          -            534     4e-08   32.1   0.2   1   2      0.15        52    2.0   0.2    62    75    10    23     3    29 0.83 -
Dbrb06233-RA         -            462 25290at7147          -            534     4e-08   32.1   0.2   2   2   2.5e-09   8.8e-07   27.7   0.0    91   183    70   169    55   208 0.77 -
Dbrb17718-RA         -            462 25290at7147          -            534     4e-08   32.1   0.2   1   2      0.15        52    2.0   0.2    62    75    10    23     3    29 0.83 -
Dbrb17718-RA         -            462 25290at7147          -            534     4e-08   32.1   0.2   2   2   2.5e-09   8.8e-07   27.7   0.0    91   183    70   169    55   208 0.77 -
Dbrb01884-RA         -            665 25290at7147          -            534     2e-07   29.8   1.3   1   4     0.013       4.6    5.5   0.1    61    87   147   173   104   193 0.82 -
Dbrb01884-RA         -            665 25290at7147          -            534     2e-07   29.8   1.3   2   4   1.6e-07   5.7e-05   21.7   0.0   106   172   228   296   219   309 0.87 -
Dbrb01884-RA         -            665 25290at7147          -            534     2e-07   29.8   1.3   3   4       2.3   7.8e+02   -1.9   0.0   243   270   451   478   433   522 0.78 -
Dbrb01884-RA         -            665 25290at7147          -            534     2e-07   29.8   1.3   4   4       7.8   2.7e+03   -3.6   0.0   458   488   507   537   490   541 0.83 -
Dbrb13072-RA         -            333 25290at7147          -            534   2.3e-07   29.6   0.0   1   1     1e-09   3.6e-07   29.0   0.0   127   175     4    53     2    78 0.88 -
Dbrb01628-RA         -            320 25290at7147          -            534   4.4e-07   28.7   0.1   1   1   1.9e-09   6.5e-07   28.1   0.1   127   175     4    53     2    90 0.90 -
Dbrb17836-RA         -            601 25290at7147          -            534   5.1e-07   28.5   0.1   1   1   2.4e-09   8.3e-07   27.7   0.1   127   174     4    52     2    61 0.92 -
Dbrb08576-RA         -           1017 25290at7147          -            534     9e-07   27.6   0.3   1   2      0.11        39    2.4   0.0    47    81    27    62     2    69 0.70 -
Dbrb08576-RA         -           1017 25290at7147          -            534     9e-07   27.6   0.3   2   2   6.7e-08   2.3e-05   23.0   0.1   107   206   669   780   663   788 0.76 -
Dbrb17038-RA         -            155 25290at7147          -            534   1.4e-06   27.0   0.3   1   1   4.9e-09   1.7e-06   26.7   0.3    51   120    54   130    39   138 0.79 -
Dbrb15046-RA         -           2591 25290at7147          -            534   5.2e-06   25.1   0.2   1   1   3.3e-08   1.1e-05   24.0   0.2    31   206  1592  1778  1574  1784 0.75 -
Dbrb18079-RA         -            189 25290at7147          -            534   3.1e-05   22.6   0.0   1   1   1.1e-07   3.6e-05   22.3   0.0   109   201    53   154    25   177 0.78 -
Dbrb07187-RA         -            216 25290at7147          -            534   6.2e-05   21.6   0.0   1   1     2e-07   7.1e-05   21.4   0.0    65   206    34   185    12   190 0.70 -
Dbrb13932-RA         -            713 25290at7147          -            534   0.00017   20.2   0.1   1   1   7.4e-07   0.00026   19.5   0.1   104   207   464   581   453   585 0.72 -
Dbrb08180-RA         -            609 25290at7147          -            534   0.00028   19.4   0.8   1   2     0.086        30    2.8   0.2    52    85   174   207   149   212 0.73 -
Dbrb08180-RA         -            609 25290at7147          -            534   0.00028   19.4   0.8   2   2   1.9e-05    0.0067   14.9   0.0   105   174   263   334   253   394 0.88 -
Dbrb11982-RA         -           1716 25290at7147          -            534    0.0018   16.8   0.2   1   1   9.6e-06    0.0033   15.9   0.2    39   208  1464  1650  1445  1662 0.67 -
Dbrb17537-RA         -            794 25290at7147          -            534    0.0038   15.7   0.0   1   1   1.9e-05    0.0066   14.9   0.0   125   179   182   236   150   256 0.83 -
Dbrb11464-RA         -            371 25290at7147          -            534    0.0047   15.4   0.0   1   1   3.3e-05     0.011   14.1   0.0    60   206   198   359   171   363 0.69 -
Dbrb12050-RA         -            273 25290at7147          -            534    0.0064   14.9   0.1   1   1   2.6e-05    0.0089   14.5   0.1   104   205    26   140    15   145 0.74 -
Dbrb01629-RA         -            718 25290at7147          -            534    0.0078   14.6   0.0   1   1   4.1e-05     0.014   13.8   0.0    46    83   624   662   602   672 0.69 -
Dbrb02521-RA         -            274 25290at7147          -            534    0.0083   14.6   0.0   1   1   3.2e-05     0.011   14.1   0.0   108   182    55   135    49   180 0.76 -
Dbrb06439-RA         -            522 25290at7147          -            534    0.0092   14.4   0.1   1   1   4.3e-05     0.015   13.7   0.1    27   208   250   459   221   473 0.67 -
Dbrb02824-RA         -            192 25290at7147          -            534     0.036   12.4   0.0   1   1   0.00013     0.044   12.2   0.0   107   175    53   126    44   168 0.75 -
Dbrb10933-RA         -            391 25290at7147          -            534     0.055   11.8   0.0   1   2       2.9   9.9e+02   -2.2   0.0    54    79    30    55    20    62 0.81 -
Dbrb10933-RA         -            391 25290at7147          -            534     0.055   11.8   0.0   2   2   0.00053      0.18   10.1   0.0   105   173   130   211   104   217 0.76 -
Dbrb00087-RA         -            379 25290at7147          -            534      0.06   11.7   0.1   1   1    0.0003       0.1   11.0   0.1    51   173    57   194    24   199 0.75 -
Dbrb05981-RA         -            199 25290at7147          -            534     0.065   11.6   0.0   1   1   0.00026     0.089   11.1   0.0    66   189    27   157    18   173 0.70 -
#
# Program:         hmmsearch
# Version:         3.1b2 (February 2015)
# Pipeline mode:   SEARCH
# Query file:      /home/nmoreyra/Documents/Genomics/03_orthologs_search/00_Phylogenomics_BUSCO-groups/busco4_odb10/busco_downloads/lineages/diptera_odb10/hmms/25290at7147.hmm
# Target file:     /home/nmoreyra/Documents/Genomics/03_orthologs_search/00_Phylogenomics_BUSCO-groups/busco4_odb10/../00_proteins/Dbrb_proteins.fasta
# Option settings: /home/nmoreyra/Software/miniconda3/envs/busco4/bin/hmmsearch --domtblout /home/nmoreyra/Documents/Genomics/03_orthologs_search/00_Phylogenomics_BUSCO-groups/busco4_odb10/Dbrb_diptera/run_diptera_odb10/hmmer_output/initial_run_results/25290at7147.out --cpu 1 /home/nmoreyra/Documents/Genomics/03_orthologs_search/00_Phylogenomics_BUSCO-groups/busco4_odb10/busco_downloads/lineages/diptera_odb10/hmms/25290at7147.hmm /home/nmoreyra/Documents/Genomics/03_orthologs_search/00_Phylogenomics_BUSCO-groups/busco4_odb10/../00_proteins/Dbrb_proteins.fasta 
# Current dir:     /home/nmoreyra/Documents/Genomics/03_orthologs_search/00_Phylogenomics_BUSCO-groups/busco4_odb10
# Date:            Mon Jan 25 13:05:40 2021
# [ok]
