#                                                                            --- full sequence --- -------------- this domain -------------   hmm coord   ali coord   env coord
# target name        accession   tlen query name           accession   qlen   E-value  score  bias   #  of  c-Evalue  i-Evalue  score  bias  from    to  from    to  from    to  acc description of target
#------------------- ---------- ----- -------------------- ---------- ----- --------- ------ ----- --- --- --------- --------- ------ ----- ----- ----- ----- ----- ----- ----- ---- ---------------------
Dbrb03239-RA         -           1120 26072at7147          -            350  6.9e-133  443.0  52.9   1   8   1.5e-68   3.2e-65  220.5   4.0     5   106   233   334   229   396 0.87 -
Dbrb03239-RA         -           1120 26072at7147          -            350  6.9e-133  443.0  52.9   2   8     0.016        34    3.3   0.1   102   150   410   458   401   464 0.75 -
Dbrb03239-RA         -           1120 26072at7147          -            350  6.9e-133  443.0  52.9   3   8   3.2e-47   6.7e-44  150.4  17.4   100   248   469   667   461   730 0.73 -
Dbrb03239-RA         -           1120 26072at7147          -            350  6.9e-133  443.0  52.9   4   8   2.3e-05     0.049   12.7   0.1   251   273   744   766   729   770 0.87 -
Dbrb03239-RA         -           1120 26072at7147          -            350  6.9e-133  443.0  52.9   5   8   3.8e-15   8.1e-12   44.9   0.1   256   319   816   886   793   888 0.80 -
Dbrb03239-RA         -           1120 26072at7147          -            350  6.9e-133  443.0  52.9   6   8     0.029        62    2.5   0.0   305   317   917   929   902   933 0.84 -
Dbrb03239-RA         -           1120 26072at7147          -            350  6.9e-133  443.0  52.9   7   8    0.0015       3.2    6.7   0.1   311   330  1026  1045  1009  1049 0.84 -
Dbrb03239-RA         -           1120 26072at7147          -            350  6.9e-133  443.0  52.9   8   8   1.1e-06    0.0023   17.0   0.2   330   350  1091  1111  1087  1111 0.91 -
Dbrb07463-RA         -           2349 26072at7147          -            350   5.4e-06   25.7   0.1   1   1   4.4e-09   9.3e-06   24.9   0.1     6   108   388   485   383   497 0.86 -
Dbrb10922-RA         -           1616 26072at7147          -            350   9.3e-06   24.9   0.6   1   2         8   1.7e+04   -6.6   4.3   194   225   481   512   472   568 0.51 -
Dbrb10922-RA         -           1616 26072at7147          -            350   9.3e-06   24.9   0.6   2   2   4.4e-09   9.3e-06   24.9   0.6     7   102   678   761   675   787 0.79 -
Dbrb05463-RA         -           1307 26072at7147          -            350   4.8e-05   22.6   1.2   1   2      0.26   5.4e+02   -0.6   0.3   176   197   573   594   554   618 0.82 -
Dbrb05463-RA         -           1307 26072at7147          -            350   4.8e-05   22.6   1.2   2   2   1.1e-07   0.00024   20.3   0.0     7    93  1216  1298  1212  1302 0.89 -
Dbrb06707-RA         -           1975 26072at7147          -            350   0.00029   20.0   1.1   1   2       1.2   2.6e+03   -2.8   0.1   161   201  1266  1306  1263  1314 0.86 -
Dbrb06707-RA         -           1975 26072at7147          -            350   0.00029   20.0   1.1   2   2   2.3e-07   0.00049   19.3   0.1     7    90  1887  1968  1882  1974 0.84 -
Dbrb07751-RA         -            310 26072at7147          -            350    0.0007   18.7   0.0   1   1   5.9e-07    0.0012   17.9   0.0    51   129    65   144    31   154 0.78 -
Dbrb15502-RA         -            171 26072at7147          -            350    0.0041   16.2   0.0   1   1   2.6e-06    0.0056   15.8   0.0    63   103    67   107    54   115 0.87 -
Dbrb04474-RA         -            983 26072at7147          -            350     0.013   14.5   0.7   1   1   9.8e-06     0.021   13.9   0.7     5   114   423   531   419   559 0.80 -
#
# Program:         hmmsearch
# Version:         3.1b2 (February 2015)
# Pipeline mode:   SEARCH
# Query file:      /home/nmoreyra/Documents/Genomics/03_orthologs_search/00_Phylogenomics_BUSCO-groups/busco4_odb10/busco_downloads/lineages/diptera_odb10/hmms/26072at7147.hmm
# Target file:     /home/nmoreyra/Documents/Genomics/03_orthologs_search/00_Phylogenomics_BUSCO-groups/busco4_odb10/../00_proteins/Dbrb_proteins.fasta
# Option settings: /home/nmoreyra/Software/miniconda3/envs/busco4/bin/hmmsearch --domtblout /home/nmoreyra/Documents/Genomics/03_orthologs_search/00_Phylogenomics_BUSCO-groups/busco4_odb10/Dbrb_diptera/run_diptera_odb10/hmmer_output/initial_run_results/26072at7147.out --cpu 1 /home/nmoreyra/Documents/Genomics/03_orthologs_search/00_Phylogenomics_BUSCO-groups/busco4_odb10/busco_downloads/lineages/diptera_odb10/hmms/26072at7147.hmm /home/nmoreyra/Documents/Genomics/03_orthologs_search/00_Phylogenomics_BUSCO-groups/busco4_odb10/../00_proteins/Dbrb_proteins.fasta 
# Current dir:     /home/nmoreyra/Documents/Genomics/03_orthologs_search/00_Phylogenomics_BUSCO-groups/busco4_odb10
# Date:            Mon Jan 25 13:06:27 2021
# [ok]
