#                                                                            --- full sequence --- -------------- this domain -------------   hmm coord   ali coord   env coord
# target name        accession   tlen query name           accession   qlen   E-value  score  bias   #  of  c-Evalue  i-Evalue  score  bias  from    to  from    to  from    to  acc description of target
#------------------- ---------- ----- -------------------- ---------- ----- --------- ------ ----- --- --- --------- --------- ------ ----- ----- ----- ----- ----- ----- ----- ---- ---------------------
Dbrb11534-RA         -            616 26337at7147          -            317  1.2e-145  484.8  28.7   1   3    1e-126  2.2e-124  414.8  16.7     1   219   201   429   201   443 0.95 -
Dbrb11534-RA         -            616 26337at7147          -            317  1.2e-145  484.8  28.7   2   3      0.37        82    2.3   0.2   206   226   512   532   500   544 0.74 -
Dbrb11534-RA         -            616 26337at7147          -            317  1.2e-145  484.8  28.7   3   3   2.3e-23   5.2e-21   75.2   0.4   220   263   573   616   567   616 0.95 -
Dbrb08879-RA         -            885 26337at7147          -            317   2.7e-41  141.9  35.7   1   2   3.9e-26   8.6e-24   84.4  27.4    17   310   134   425   124   428 0.80 -
Dbrb08879-RA         -            885 26337at7147          -            317   2.7e-41  141.9  35.7   2   2   3.3e-18   7.3e-16   58.3   1.2   173   315   604   753   594   755 0.75 -
Dbrb05649-RA         -            371 26337at7147          -            317   5.2e-40  137.7  27.9   1   1   2.1e-39   4.7e-37  127.9  27.9     6   315    48   346    46   348 0.85 -
Dbrb08777-RA         -            371 26337at7147          -            317   5.2e-40  137.7  27.9   1   1   2.1e-39   4.7e-37  127.9  27.9     6   315    48   346    46   348 0.85 -
Dbrb08936-RA         -            519 26337at7147          -            317   4.2e-37  128.1  23.7   1   1   5.8e-38   1.3e-35  123.2  23.7    20   310   102   387    91   394 0.82 -
Dbrb05772-RA         -           1021 26337at7147          -            317   1.4e-34  119.9  19.5   1   4   3.1e-23     7e-21   74.8   8.3    11   146    21   157    16   165 0.91 -
Dbrb05772-RA         -           1021 26337at7147          -            317   1.4e-34  119.9  19.5   2   4      0.19        42    3.2   0.0   177   235   297   354   289   356 0.85 -
Dbrb05772-RA         -           1021 26337at7147          -            317   1.4e-34  119.9  19.5   3   4     9e-08     2e-05   24.0   0.2   230   312   520   597   496   603 0.78 -
Dbrb05772-RA         -           1021 26337at7147          -            317   1.4e-34  119.9  19.5   4   4   1.8e-07   4.1e-05   23.0   0.2   231   312   842   918   813   925 0.79 -
Dbrb09862-RA         -            497 26337at7147          -            317   2.2e-33  115.9  18.4   1   2   7.4e-24   1.6e-21   76.9  11.2    11   155    76   220    69   230 0.88 -
Dbrb09862-RA         -            497 26337at7147          -            317   2.2e-33  115.9  18.4   2   2   1.1e-13   2.4e-11   43.5   0.7   216   316   270   371   264   372 0.89 -
Dbrb07949-RA         -            469 26337at7147          -            317   1.3e-31  110.1  29.2   1   1   3.4e-32   7.5e-30  104.3  29.2    11   314    23   320    19   322 0.82 -
Dbrb01009-RA         -            475 26337at7147          -            317   4.9e-30  104.9  18.3   1   2   1.3e-23   2.8e-21   76.1   7.8    12   199    71   275    63   287 0.84 -
Dbrb01009-RA         -            475 26337at7147          -            317   4.9e-30  104.9  18.3   2   2     5e-11   1.1e-08   34.7   2.7   229   313   287   372   276   375 0.91 -
Dbrb09861-RA         -            576 26337at7147          -            317   7.2e-30  104.3  23.4   1   2   3.8e-23   8.5e-21   74.5  17.3     9   191   175   365   171   373 0.85 -
Dbrb09861-RA         -            576 26337at7147          -            317   7.2e-30  104.3  23.4   2   2   9.7e-11   2.2e-08   33.8   0.3   223   316   375   467   367   468 0.83 -
Dbrb08058-RA         -            621 26337at7147          -            317   1.3e-28  100.2  15.5   1   2   1.5e-25   3.4e-23   82.4  10.4    11   224   120   336   113   348 0.82 -
Dbrb08058-RA         -            621 26337at7147          -            317   1.3e-28  100.2  15.5   2   2   1.3e-06   0.00028   20.2   0.2   235   308   527   596   503   603 0.76 -
Dbrb06368-RA         -            509 26337at7147          -            317   1.8e-28   99.7  16.8   1   2   4.3e-20   9.6e-18   64.5   9.1    13   199    34   223    24   254 0.86 -
Dbrb06368-RA         -            509 26337at7147          -            317   1.8e-28   99.7  16.8   2   2   1.2e-12   2.7e-10   40.0   0.9   233   312   284   368   272   373 0.83 -
Dbrb09738-RA         -            818 26337at7147          -            317   2.1e-28   99.5  14.2   1   2     6e-26   1.3e-23   83.7   8.6    17   198   115   298   104   314 0.83 -
Dbrb09738-RA         -            818 26337at7147          -            317   2.1e-28   99.5  14.2   2   2   3.1e-06    0.0007   19.0   0.3   238   314   413   487   391   490 0.79 -
Dbrb04232-RA         -            449 26337at7147          -            317   5.8e-28   98.1  22.9   1   1   9.1e-30     2e-27   96.3  22.9    13   313    58   360    53   364 0.83 -
Dbrb09724-RA         -           1288 26337at7147          -            317   6.3e-28   98.0  15.4   1   2     2e-22   4.5e-20   72.1  12.5    16   204   172   368   159   384 0.81 -
Dbrb09724-RA         -           1288 26337at7147          -            317   6.3e-28   98.0  15.4   2   2   1.8e-08     4e-06   26.3   0.0   232   314  1194  1273  1159  1275 0.80 -
Dbrb09722-RA         -            622 26337at7147          -            317   3.5e-27   95.5  25.2   1   2   4.3e-20   9.6e-18   64.5  16.7    16   191   187   369   179   387 0.85 -
Dbrb09722-RA         -            622 26337at7147          -            317   3.5e-27   95.5  25.2   2   2   1.7e-11   3.8e-09   36.3   0.9   235   315   436   512   405   518 0.81 -
Dbrb10153-RA         -            615 26337at7147          -            317   4.7e-27   95.1  19.9   1   2   1.2e-20   2.7e-18   66.3  14.4     5   154    89   236    86   243 0.92 -
Dbrb10153-RA         -            615 26337at7147          -            317   4.7e-27   95.1  19.9   2   2   4.9e-10   1.1e-07   31.5   0.2   164   313   291   424   270   427 0.81 -
Dbrb09822-RA         -            620 26337at7147          -            317   3.4e-26   92.2  13.3   1   2   2.3e-23   5.2e-21   75.2   9.9    16   200   140   326   133   353 0.88 -
Dbrb09822-RA         -            620 26337at7147          -            317   3.4e-26   92.2  13.3   2   2   5.7e-06    0.0013   18.1   0.1   230   311   540   617   511   619 0.85 -
Dbrb08562-RA         -            371 26337at7147          -            317   3.8e-26   92.1  13.8   1   1   2.7e-28   6.1e-26   91.4  13.8    17   304     7   291     3   307 0.87 -
Dbrb06035-RA         -            459 26337at7147          -            317   9.7e-26   90.8  15.2   1   2   5.6e-23   1.3e-20   74.0  10.2    12   194    21   205    13   224 0.86 -
Dbrb06035-RA         -            459 26337at7147          -            317   9.7e-26   90.8  15.2   2   2   2.1e-06   0.00046   19.6   0.2   242   312   330   395   318   401 0.74 -
Dbrb09153-RA         -            661 26337at7147          -            317     2e-25   89.8  15.2   1   1   4.7e-27   1.1e-24   87.4  15.2    17   312    82   369    74   374 0.85 -
Dbrb03794-RA         -            566 26337at7147          -            317   5.5e-25   88.3  18.5   1   1   4.5e-25   9.9e-23   80.9  18.5    16   310    42   333    31   343 0.78 -
Dbrb01994-RA         -            645 26337at7147          -            317   8.3e-24   84.4  12.8   1   2   6.4e-20   1.4e-17   63.9   9.4     9   209   139   343   137   368 0.79 -
Dbrb01994-RA         -            645 26337at7147          -            317   8.3e-24   84.4  12.8   2   2   4.6e-07    0.0001   21.7   0.1   234   312   558   632   536   636 0.80 -
Dbrb00093-RA         -            431 26337at7147          -            317   7.6e-23   81.2  17.8   1   2   4.9e-16   1.1e-13   51.2   2.8    44   149    21   124     8   140 0.85 -
Dbrb00093-RA         -            431 26337at7147          -            317   7.6e-23   81.2  17.8   2   2   1.2e-10   2.7e-08   33.5   7.2   177   314   198   321   179   324 0.72 -
Dbrb03896-RA         -            465 26337at7147          -            317   4.8e-21   75.3  21.7   1   2   3.5e-17   7.9e-15   54.9  17.1    17   209    64   262    52   289 0.79 -
Dbrb03896-RA         -            465 26337at7147          -            317   4.8e-21   75.3  21.7   2   2   2.2e-07   4.8e-05   22.8   0.1   203   307   302   414   295   421 0.66 -
Dbrb00034-RA         -            771 26337at7147          -            317   2.5e-20   73.0   2.0   1   2     4e-18   8.9e-16   58.0   0.4    18   223   107   317    97   328 0.78 -
Dbrb00034-RA         -            771 26337at7147          -            317   2.5e-20   73.0   2.0   2   2   7.5e-05     0.017   14.4   0.1   282   316   724   758   663   759 0.91 -
Dbrb09391-RA         -            811 26337at7147          -            317   9.5e-20   71.1  18.8   1   1   7.7e-22   1.7e-19   70.2  18.8    15   312    52   356    42   359 0.78 -
Dbrb09805-RA         -            288 26337at7147          -            317   1.1e-19   70.8  10.8   1   1   7.2e-22   1.6e-19   70.3  10.8    12   145   137   271   130   279 0.91 -
Dbrb06669-RA         -            373 26337at7147          -            317   5.6e-19   68.6   3.4   1   1   3.9e-21   8.7e-19   67.9   3.4    14   224    53   270    47   348 0.87 -
Dbrb09220-RA         -            256 26337at7147          -            317   1.1e-18   67.6  10.5   1   1   6.4e-21   1.4e-18   67.2  10.5    12   144   102   234    93   244 0.87 -
Dbrb08408-RA         -            492 26337at7147          -            317   1.2e-18   67.5  18.7   1   2   5.5e-10   1.2e-07   31.3   6.9    13    81   123   193   115   194 0.84 -
Dbrb08408-RA         -            492 26337at7147          -            317   1.2e-18   67.5  18.7   2   2   6.2e-14   1.4e-11   44.3   3.7   109   311   192   408   191   414 0.80 -
Dbrb11068-RA         -            463 26337at7147          -            317   2.1e-18   66.7  19.5   1   1   1.6e-20   3.5e-18   65.9  19.5    12   300    44   327    35   340 0.80 -
Dbrb06323-RA         -            951 26337at7147          -            317   4.6e-18   65.6  19.0   1   2   6.8e-17   1.5e-14   54.0  10.0    24   204   310   492   296   500 0.76 -
Dbrb06323-RA         -            951 26337at7147          -            317   4.6e-18   65.6  19.0   2   2   1.4e-05    0.0032   16.8   1.6   221   315   797   887   787   889 0.81 -
Dbrb05012-RA         -            203 26337at7147          -            317   7.9e-18   64.8   2.0   1   1   4.5e-20     1e-17   64.4   2.0    12    90   116   194   109   202 0.92 -
Dbrb10675-RA         -            525 26337at7147          -            317   9.4e-17   61.2  12.7   1   2   5.5e-13   1.2e-10   41.2   5.8    15   198    57   246    47   264 0.84 -
Dbrb10675-RA         -            525 26337at7147          -            317   9.4e-17   61.2  12.7   2   2   7.3e-08   1.6e-05   24.3   0.6   234   314   429   501   388   504 0.85 -
Dbrb16311-RA         -             89 26337at7147          -            317   3.3e-16   59.4   3.3   1   1   1.5e-18   3.5e-16   59.4   3.3    41   125     1    85     1    89 0.96 -
Dbrb16312-RA         -            229 26337at7147          -            317   2.4e-15   56.6   5.9   1   3    0.0047         1    8.5   0.1   168   207    47    86     2    92 0.78 -
Dbrb16312-RA         -            229 26337at7147          -            317   2.4e-15   56.6   5.9   2   3   1.7e-06   0.00038   19.8   0.3   230   259    88   117    81   126 0.87 -
Dbrb16312-RA         -            229 26337at7147          -            317   2.4e-15   56.6   5.9   3   3     4e-10     9e-08   31.7   0.1   268   314   154   200   141   202 0.88 -
Dbrb05011-RA         -            380 26337at7147          -            317   4.3e-15   55.8   5.7   1   2   4.7e-11     1e-08   34.8   0.6    93   196     7   117     3   127 0.82 -
Dbrb05011-RA         -            380 26337at7147          -            317   4.3e-15   55.8   5.7   2   2   1.4e-07   3.2e-05   23.4   0.5   226   307   236   316   222   322 0.80 -
Dbrb05930-RA         -            369 26337at7147          -            317   4.9e-15   55.6   8.3   1   1   4.3e-17   9.6e-15   54.6   8.3    22   225    59   267    48   347 0.70 -
Dbrb08886-RA         -            338 26337at7147          -            317   5.6e-15   55.4  10.2   1   1   3.8e-17   8.5e-15   54.8  10.2     9   108   239   338   233   338 0.96 -
Dbrb16480-RA         -            576 26337at7147          -            317   1.9e-14   53.6  12.3   1   1   1.5e-16   3.3e-14   52.9  12.3    13   224   257   472   247   501 0.85 -
Dbrb09152-RA         -            690 26337at7147          -            317   2.1e-14   53.5   9.8   1   2   0.00053      0.12   11.6   0.1    70   122   162   214   145   221 0.89 -
Dbrb09152-RA         -            690 26337at7147          -            317   2.1e-14   53.5   9.8   2   2   6.2e-13   1.4e-10   41.0   6.1   123   309   243   422   222   428 0.79 -
Dbrb03328-RA         -            487 26337at7147          -            317   2.8e-14   53.1   6.2   1   1   2.6e-16   5.7e-14   52.1   5.6    11   195   125   317   116   337 0.79 -
Dbrb04765-RA         -            313 26337at7147          -            317   4.1e-14   52.6  14.5   1   1   2.4e-16   5.4e-14   52.2  14.5    12   304    15   313    10   313 0.75 -
Dbrb09807-RA         -            622 26337at7147          -            317   5.4e-14   52.2  12.9   1   1   4.1e-16   9.1e-14   51.4  12.9    13   224   303   518   293   546 0.85 -
Dbrb00231-RA         -            394 26337at7147          -            317   6.4e-14   51.9  23.7   1   1   1.3e-14   2.9e-12   46.5  23.7    25   308    47   316    34   323 0.80 -
Dbrb05084-RA         -            397 26337at7147          -            317   7.3e-14   51.7  23.3   1   2     9e-10     2e-07   30.6  15.9    13   141    61   192    58   205 0.84 -
Dbrb05084-RA         -            397 26337at7147          -            317   7.3e-14   51.7  23.3   2   2   2.5e-08   5.6e-06   25.8   0.7   196   314   230   345   209   348 0.81 -
Dbrb03033-RA         -            322 26337at7147          -            317     9e-14   51.4   5.9   1   1     4e-16     9e-14   51.4   5.9    15   161    20   170     5   216 0.84 -
Dbrb03495-RA         -            609 26337at7147          -            317     6e-13   48.7  12.3   1   1   4.1e-15   9.1e-13   48.1  12.3    16   298   145   438   135   448 0.73 -
Dbrb08055-RA         -            795 26337at7147          -            317   2.6e-11   43.4  12.9   1   2   8.4e-13   1.9e-10   40.5   9.3    19   199   461   651   452   667 0.73 -
Dbrb08055-RA         -            795 26337at7147          -            317   2.6e-11   43.4  12.9   2   2      0.15        34    3.6   0.1   287   311   711   735   696   741 0.78 -
Dbrb09956-RA         -            383 26337at7147          -            317   9.5e-11   41.5   7.1   1   1   5.6e-13   1.2e-10   41.1   7.1    15   238    64   290    56   348 0.78 -
Dbrb05480-RA         -            227 26337at7147          -            317   1.9e-10   40.5   1.5   1   1     1e-12   2.3e-10   40.2   1.5    69   199     4   133     1   149 0.84 -
Dbrb07195-RA         -            386 26337at7147          -            317   3.6e-10   39.6   6.1   1   1   2.1e-12   4.6e-10   39.3   6.1    12   247    59   295    53   338 0.81 -
Dbrb08057-RA         -            370 26337at7147          -            317   8.8e-10   38.3   6.7   1   2   1.2e-11   2.7e-09   36.7   3.6    11    70    13    72     8   109 0.87 -
Dbrb08057-RA         -            370 26337at7147          -            317   8.8e-10   38.3   6.7   2   2       0.3        67    2.6   0.1   280   304   322   344   274   356 0.78 -
Dbrb11397-RA         -           1405 26337at7147          -            317   1.4e-09   37.7   9.5   1   2   1.3e-09   2.9e-07   30.1   7.4    19   136   805   930   798   952 0.82 -
Dbrb11397-RA         -           1405 26337at7147          -            317   1.4e-09   37.7   9.5   2   2     0.012       2.7    7.2   0.0   281   307  1045  1071  1037  1077 0.85 -
Dbrb02000-RA         -            317 26337at7147          -            317   1.7e-09   37.4   6.4   1   1     1e-11   2.3e-09   37.0   6.4    14   106   224   316   213   317 0.85 -
Dbrb09252-RA         -           1004 26337at7147          -            317   1.8e-09   37.3  14.5   1   2   2.1e-08   4.7e-06   26.1  10.6    19   151   140   267   127   342 0.68 -
Dbrb09252-RA         -           1004 26337at7147          -            317   1.8e-09   37.3  14.5   2   2   0.00027     0.061   12.6   0.1   230   311   920   997   890  1002 0.79 -
Dbrb08663-RA         -            380 26337at7147          -            317   2.6e-08   33.5   6.2   1   1   1.8e-10     4e-08   32.9   6.2    13   237    58   285    52   306 0.75 -
Dbrb17895-RA         -            380 26337at7147          -            317   2.6e-08   33.5   6.2   1   1   1.8e-10     4e-08   32.9   6.2    13   237    58   285    52   306 0.75 -
Dbrb07754-RA         -            567 26337at7147          -            317     3e-08   33.3   9.9   1   3         8   1.8e+03   -2.1   0.0   288   305    30    47     6    49 0.84 -
Dbrb07754-RA         -            567 26337at7147          -            317     3e-08   33.3   9.9   2   3   8.6e-07   0.00019   20.8   3.4    16   155   105   245    95   254 0.70 -
Dbrb07754-RA         -            567 26337at7147          -            317     3e-08   33.3   9.9   3   3   3.8e-05    0.0084   15.4   0.4   228   302   431   501   425   507 0.79 -
Dbrb01211-RA         -            758 26337at7147          -            317   1.6e-07   30.9   7.6   1   2   5.2e-09   1.2e-06   28.1   5.7    19   138    58   182    46   238 0.74 -
Dbrb01211-RA         -            758 26337at7147          -            317   1.6e-07   30.9   7.6   2   2      0.34        77    2.4   0.0   280   311   405   439   333   443 0.71 -
Dbrb06144-RA         -            574 26337at7147          -            317   1.8e-07   30.7  23.9   1   2     0.022       4.9    6.3   2.0    12    56   140   184   135   204 0.86 -
Dbrb06144-RA         -            574 26337at7147          -            317   1.8e-07   30.7  23.9   2   2   6.2e-08   1.4e-05   24.6  16.7    37   312   200   476   187   481 0.72 -
Dbrb05482-RA         -            290 26337at7147          -            317   2.5e-07   30.3   0.4   1   1   1.6e-09   3.6e-07   29.8   0.4   219   311   195   287   150   289 0.73 -
Dbrb05008-RA         -            316 26337at7147          -            317   1.8e-06   27.4   3.0   1   1   1.8e-08   3.9e-06   26.3   3.0    90   200    12   131     4   175 0.70 -
Dbrb03762-RA         -            481 26337at7147          -            317   3.6e-06   26.5  14.8   1   2   1.1e-06   0.00024   20.5   5.8    17   151    29   172    19   220 0.76 -
Dbrb03762-RA         -            481 26337at7147          -            317   3.6e-06   26.5  14.8   2   2   0.00084      0.19   11.0   1.6   171   308   279   421   255   428 0.69 -
Dbrb03761-RA         -            486 26337at7147          -            317   5.4e-06   25.9  15.1   1   2   3.8e-06   0.00084   18.7   6.6    18   147    32   170    26   181 0.69 -
Dbrb03761-RA         -            486 26337at7147          -            317   5.4e-06   25.9  15.1   2   2   0.00039     0.087   12.1   1.3   171   307   274   420   242   428 0.74 -
Dbrb15369-RA         -            885 26337at7147          -            317   6.9e-06   25.5   6.5   1   2   9.6e-06    0.0021   17.4   2.0    83   189    61   168    55   182 0.76 -
Dbrb15369-RA         -            885 26337at7147          -            317   6.9e-06   25.5   6.5   2   2    0.0017      0.37   10.0   0.2   208   308   728   826   716   831 0.78 -
Dbrb00048-RA         -            489 26337at7147          -            317   1.5e-05   24.4  27.5   1   2   8.2e-08   1.8e-05   24.2  20.5    10   214    31   257    26   265 0.73 -
Dbrb00048-RA         -            489 26337at7147          -            317   1.5e-05   24.4  27.5   2   2      0.15        33    3.6   0.6   228   305   315   388   282   403 0.65 -
Dbrb05006-RA         -            235 26337at7147          -            317   1.5e-05   24.4   0.5   1   1     9e-08     2e-05   24.0   0.5   224   307   100   182    70   193 0.73 -
Dbrb06386-RA         -            169 26337at7147          -            317   5.7e-05   22.5   2.3   1   1   3.6e-07   8.1e-05   22.0   2.3    16    62   107   152    92   165 0.82 -
Dbrb10396-RA         -            608 26337at7147          -            317    0.0002   20.8  21.5   1   1   4.3e-05    0.0096   15.2  21.5    30   304   201   471   184   481 0.63 -
Dbrb06384-RA         -            204 26337at7147          -            317   0.00024   20.5   0.1   1   1   1.5e-06   0.00034   20.0   0.1   211   312    61   155    48   158 0.76 -
Dbrb09219-RA         -            162 26337at7147          -            317   0.00049   19.5   0.1   1   1   3.6e-06    0.0008   18.8   0.1   172   217    84   130    75   139 0.76 -
Dbrb09804-RA         -            428 26337at7147          -            317   0.00077   18.8   0.2   1   2       0.6   1.3e+02    1.6   0.0   177   211    16    51     7    64 0.81 -
Dbrb09804-RA         -            428 26337at7147          -            317   0.00077   18.8   0.2   2   2   5.5e-05     0.012   14.9   0.1   279   312   394   427   340   428 0.74 -
Dbrb04624-RA         -            801 26337at7147          -            317   0.00095   18.5   4.3   1   2   0.00063      0.14   11.4   0.9    22   136   471   593   458   672 0.77 -
Dbrb04624-RA         -            801 26337at7147          -            317   0.00095   18.5   4.3   2   2    0.0074       1.6    7.9   0.1   241   309   684   747   668   757 0.74 -
Dbrb08884-RA         -            504 26337at7147          -            317    0.0029   16.9   7.5   1   2      0.39        87    2.2   0.2   106   156    28    76    26    83 0.79 -
Dbrb08884-RA         -            504 26337at7147          -            317    0.0029   16.9   7.5   2   2   2.7e-05     0.006   15.9   2.6   231   311   154   234   101   239 0.68 -
#
# Program:         hmmsearch
# Version:         3.1b2 (February 2015)
# Pipeline mode:   SEARCH
# Query file:      /home/nmoreyra/Documents/Genomics/03_orthologs_search/00_Phylogenomics_BUSCO-groups/busco4_odb10/busco_downloads/lineages/diptera_odb10/hmms/26337at7147.hmm
# Target file:     /home/nmoreyra/Documents/Genomics/03_orthologs_search/00_Phylogenomics_BUSCO-groups/busco4_odb10/../00_proteins/Dbrb_proteins.fasta
# Option settings: /home/nmoreyra/Software/miniconda3/envs/busco4/bin/hmmsearch --domtblout /home/nmoreyra/Documents/Genomics/03_orthologs_search/00_Phylogenomics_BUSCO-groups/busco4_odb10/Dbrb_diptera/run_diptera_odb10/hmmer_output/initial_run_results/26337at7147.out --cpu 1 /home/nmoreyra/Documents/Genomics/03_orthologs_search/00_Phylogenomics_BUSCO-groups/busco4_odb10/busco_downloads/lineages/diptera_odb10/hmms/26337at7147.hmm /home/nmoreyra/Documents/Genomics/03_orthologs_search/00_Phylogenomics_BUSCO-groups/busco4_odb10/../00_proteins/Dbrb_proteins.fasta 
# Current dir:     /home/nmoreyra/Documents/Genomics/03_orthologs_search/00_Phylogenomics_BUSCO-groups/busco4_odb10
# Date:            Mon Jan 25 13:06:48 2021
# [ok]
