#                                                                            --- full sequence --- -------------- this domain -------------   hmm coord   ali coord   env coord
# target name        accession   tlen query name           accession   qlen   E-value  score  bias   #  of  c-Evalue  i-Evalue  score  bias  from    to  from    to  from    to  acc description of target
#------------------- ---------- ----- -------------------- ---------- ----- --------- ------ ----- --- --- --------- --------- ------ ----- ----- ----- ----- ----- ----- ----- ---- ---------------------
Dbrb01546-RA         -            793 26468at7147          -            488    2e-250  831.5  47.1   1   5      0.87   2.6e+02    0.1   0.5    88   111    72    95    61    97 0.84 -
Dbrb01546-RA         -            793 26468at7147          -            488    2e-250  831.5  47.1   2   5   1.4e-44   4.1e-42  144.5  21.9     1   105    98   206    98   270 0.82 -
Dbrb01546-RA         -            793 26468at7147          -            488    2e-250  831.5  47.1   3   5  6.9e-122  2.1e-119  399.5   2.1    90   287   270   470   257   495 0.94 -
Dbrb01546-RA         -            793 26468at7147          -            488    2e-250  831.5  47.1   4   5         2   6.1e+02   -1.1   1.1    75   104   483   512   479   520 0.89 -
Dbrb01546-RA         -            793 26468at7147          -            488    2e-250  831.5  47.1   5   5   1.7e-90   5.1e-88  295.9   0.2   298   488   576   792   567   792 0.93 -
Dbrb13416-RA         -           5805 26468at7147          -            488   1.6e-71  241.5  11.4   1   4   1.8e-07   5.2e-05   22.1   0.1     6    90   522   607   519   616 0.78 -
Dbrb13416-RA         -           5805 26468at7147          -            488   1.6e-71  241.5  11.4   2   4     4e-52   1.2e-49  169.4   0.3   128   317   613   799   598   846 0.86 -
Dbrb13416-RA         -           5805 26468at7147          -            488   1.6e-71  241.5  11.4   3   4   1.7e-08     5e-06   25.5   3.3   364   465  1167  1283  1126  1288 0.61 -
Dbrb13416-RA         -           5805 26468at7147          -            488   1.6e-71  241.5  11.4   4   4   2.5e-19   7.3e-17   61.2   0.0   337   483  5648  5802  5638  5805 0.85 -
Dbrb09799-RA         -            476 26468at7147          -            488     4e-15   55.5   0.0   1   3   3.7e-07   0.00011   21.1   0.0   134   209     6    79     2    86 0.86 -
Dbrb09799-RA         -            476 26468at7147          -            488     4e-15   55.5   0.0   2   3   2.8e-07   8.4e-05   21.5   0.0   127   207    87   168    83   176 0.89 -
Dbrb09799-RA         -            476 26468at7147          -            488     4e-15   55.5   0.0   3   3    0.0028      0.82    8.3   0.0   209   269   216   281   209   293 0.76 -
Dbrb03464-RA         -            350 26468at7147          -            488   1.7e-13   50.1   0.0   1   1   8.4e-16   2.5e-13   49.6   0.0   134   293     6   164     3   186 0.89 -
Dbrb00745-RA         -            644 26468at7147          -            488   1.6e-12   47.0   0.4   1   3   0.00014     0.042   12.6   0.0   136   277     3   159     1   178 0.84 -
Dbrb00745-RA         -            644 26468at7147          -            488   1.6e-12   47.0   0.4   2   3   0.00014     0.042   12.6   0.0   138   202   186   250   177   256 0.90 -
Dbrb00745-RA         -            644 26468at7147          -            488   1.6e-12   47.0   0.4   3   3   2.1e-06   0.00064   18.6   0.0   133   203   285   355   255   365 0.86 -
Dbrb08296-RA         -            550 26468at7147          -            488   5.7e-11   41.8   0.0   1   2   6.5e-05     0.019   13.7   0.0   112   266   144   304   103   325 0.75 -
Dbrb08296-RA         -            550 26468at7147          -            488   5.7e-11   41.8   0.0   2   2   1.1e-08   3.2e-06   26.1   0.0   131   257   330   454   321   462 0.86 -
Dbrb09106-RA         -            322 26468at7147          -            488   2.4e-10   39.8   0.2   1   1   1.1e-12   3.3e-10   39.3   0.2   134   247    56   168    50   197 0.84 -
Dbrb00535-RA         -            954 26468at7147          -            488   6.6e-10   38.3   0.0   1   1   2.2e-12   6.6e-10   38.3   0.0   130   215   190   278    98   284 0.91 -
Dbrb02250-RA         -            690 26468at7147          -            488   1.6e-09   37.0   2.9   1   2     1e-06   0.00031   19.6   0.0   136   200    85   149    34   168 0.79 -
Dbrb02250-RA         -            690 26468at7147          -            488   1.6e-09   37.0   2.9   2   2   8.6e-06    0.0026   16.6   1.3    82   188   203   315   167   321 0.77 -
Dbrb05747-RA         -            404 26468at7147          -            488   3.5e-09   35.9   0.2   1   2     6e-07   0.00018   20.4   0.0   129   192    21    85     5   101 0.81 -
Dbrb05747-RA         -            404 26468at7147          -            488   3.5e-09   35.9   0.2   2   2   6.7e-05      0.02   13.6   0.0   133   190   116   174   104   182 0.83 -
Dbrb05779-RA         -            763 26468at7147          -            488   3.8e-09   35.8   0.1   1   2   1.1e-05    0.0033   16.2   0.0   137   239   228   330   220   341 0.88 -
Dbrb05779-RA         -            763 26468at7147          -            488   3.8e-09   35.8   0.1   2   2   9.5e-07   0.00028   19.7   0.1   137   277   309   458   306   480 0.71 -
Dbrb16151-RA         -            317 26468at7147          -            488     5e-09   35.4   0.0   1   2     3e-07   8.9e-05   21.4   0.0   174   288    45   172    35   181 0.82 -
Dbrb16151-RA         -            317 26468at7147          -            488     5e-09   35.4   0.0   2   2    0.0002      0.06   12.1   0.0   137   210   236   310   226   317 0.86 -
Dbrb04649-RA         -            918 26468at7147          -            488   7.2e-09   34.9   0.8   1   5     5e-06    0.0015   17.4   0.0   142   204     9    71     3    81 0.85 -
Dbrb04649-RA         -            918 26468at7147          -            488   7.2e-09   34.9   0.8   2   5      0.32        95    1.5   0.0   128   166   364   402   262   439 0.47 -
Dbrb04649-RA         -            918 26468at7147          -            488   7.2e-09   34.9   0.8   3   5      0.91   2.7e+02    0.0   0.0   215   264   557   609   553   617 0.75 -
Dbrb04649-RA         -            918 26468at7147          -            488   7.2e-09   34.9   0.8   4   5    0.0054       1.6    7.3   0.2   126   200   675   755   602   764 0.72 -
Dbrb04649-RA         -            918 26468at7147          -            488   7.2e-09   34.9   0.8   5   5      0.36   1.1e+02    1.3   0.0   140   196   794   853   781   861 0.80 -
Dbrb11212-RA         -            701 26468at7147          -            488   2.4e-08   33.2  10.9   1   3   1.1e-09   3.2e-07   29.5   0.0   129   287   111   283    83   335 0.82 -
Dbrb11212-RA         -            701 26468at7147          -            488   2.4e-08   33.2  10.9   2   3     0.014       4.1    6.0   0.0   136   202   364   431   352   446 0.86 -
Dbrb11212-RA         -            701 26468at7147          -            488   2.4e-08   33.2  10.9   3   3       0.2        58    2.2   1.4   271   339   588   656   583   697 0.53 -
Dbrb15830-RA         -            255 26468at7147          -            488     1e-07   31.1   0.0   1   1   8.6e-10   2.5e-07   29.8   0.0   136   273    64   215    52   233 0.76 -
Dbrb09108-RA         -            426 26468at7147          -            488   1.6e-07   30.5   0.0   1   1   8.8e-10   2.6e-07   29.7   0.0   132   247    50   178    40   216 0.79 -
Dbrb02791-RA         -            467 26468at7147          -            488     3e-07   29.5   0.0   1   4   1.1e-05    0.0034   16.2   0.0   128   203    20    94    15   103 0.82 -
Dbrb02791-RA         -            467 26468at7147          -            488     3e-07   29.5   0.0   2   4     0.011       3.1    6.4   0.0   146   199   131   185   123   194 0.86 -
Dbrb02791-RA         -            467 26468at7147          -            488     3e-07   29.5   0.0   3   4       4.1   1.2e+03   -2.2   0.0   147   197   275   324   263   333 0.66 -
Dbrb02791-RA         -            467 26468at7147          -            488     3e-07   29.5   0.0   4   4      0.18        54    2.3   0.0   251   283   416   446   353   466 0.72 -
Dbrb10689-RA         -            529 26468at7147          -            488     3e-07   29.5   5.1   1   3       8.5   2.5e+03   -3.2   3.9   292   417    31   152    14   186 0.53 -
Dbrb10689-RA         -            529 26468at7147          -            488     3e-07   29.5   5.1   2   3   5.7e-06    0.0017   17.2   0.0   138   270   198   358   183   375 0.64 -
Dbrb10689-RA         -            529 26468at7147          -            488     3e-07   29.5   5.1   3   3   0.00015     0.046   12.4   0.0   137   209   450   523   442   528 0.86 -
Dbrb04728-RA         -            335 26468at7147          -            488   4.7e-07   28.9   0.0   1   2      0.27        79    1.8   0.0   217   276    14    82     8    99 0.67 -
Dbrb04728-RA         -            335 26468at7147          -            488   4.7e-07   28.9   0.0   2   2   2.4e-08   7.1e-06   25.0   0.0   136   209   101   176    95   182 0.87 -
Dbrb06791-RA         -            379 26468at7147          -            488   1.4e-06   27.4   0.0   1   2     3e-05     0.009   14.8   0.0   134   191     4    61     2    73 0.88 -
Dbrb06791-RA         -            379 26468at7147          -            488   1.4e-06   27.4   0.0   2   2   0.00064      0.19   10.4   0.0   227   283   305   368   291   375 0.71 -
Dbrb09109-RA         -            376 26468at7147          -            488   2.1e-06   26.8   0.3   1   2   2.4e-08   7.1e-06   25.0   0.2   124   247    14   147     3   168 0.80 -
Dbrb09109-RA         -            376 26468at7147          -            488   2.1e-06   26.8   0.3   2   2       2.2   6.6e+02   -1.3   0.0   235   266   163   194   154   201 0.87 -
Dbrb06445-RA         -            670 26468at7147          -            488   2.3e-06   26.6   0.0   1   1   7.7e-09   2.3e-06   26.6   0.0   136   244   222   337   215   346 0.83 -
Dbrb03860-RA         -            121 26468at7147          -            488   1.2e-05   24.3   0.0   1   1   4.3e-08   1.3e-05   24.2   0.0   133   203    13    81     8   114 0.85 -
Dbrb07174-RA         -            581 26468at7147          -            488   3.1e-05   22.9   0.0   1   1   1.6e-07   4.8e-05   22.3   0.0   136   248   203   309   189   331 0.86 -
Dbrb02641-RA         -            623 26468at7147          -            488   3.5e-05   22.7   0.0   1   1   6.8e-07    0.0002   20.2   0.0   136   276   118   283    95   290 0.72 -
Dbrb09677-RA         -            301 26468at7147          -            488   6.1e-05   21.9   0.0   1   1   3.1e-07   9.1e-05   21.4   0.0   136   207   198   270   185   276 0.89 -
Dbrb07874-RA         -            172 26468at7147          -            488   6.2e-05   21.9   0.0   1   1   2.4e-07   7.3e-05   21.7   0.0   137   207    13    79     5   132 0.78 -
Dbrb05126-RA         -            589 26468at7147          -            488   7.6e-05   21.6   0.0   1   2      0.05        15    4.2   0.0   135   210    79   155    70   158 0.83 -
Dbrb05126-RA         -            589 26468at7147          -            488   7.6e-05   21.6   0.0   2   2   2.5e-07   7.6e-05   21.6   0.0   127   195   157   226   152   230 0.83 -
Dbrb06794-RA         -            616 26468at7147          -            488   9.8e-05   21.2   0.0   1   2   0.00067       0.2   10.3   0.0   134   189    28    83    24    94 0.90 -
Dbrb06794-RA         -            616 26468at7147          -            488   9.8e-05   21.2   0.0   2   2    0.0029      0.87    8.2   0.0   251   284   575   606   531   614 0.71 -
Dbrb07521-RA         -            423 26468at7147          -            488   0.00013   20.9   0.0   1   1   5.9e-07   0.00018   20.4   0.0   136   247     8   127     2   183 0.82 -
Dbrb01548-RA         -            300 26468at7147          -            488   0.00014   20.8   0.8   1   3       3.3   9.7e+02   -1.8   0.1   351   414    37   101    25   107 0.70 -
Dbrb01548-RA         -            300 26468at7147          -            488   0.00014   20.8   0.8   2   3     0.013       3.8    6.1   0.1   137   200   108   171   101   183 0.75 -
Dbrb01548-RA         -            300 26468at7147          -            488   0.00014   20.8   0.8   3   3   0.00016     0.047   12.4   0.0   134   204   195   265   176   269 0.92 -
Dbrb00907-RA         -            302 26468at7147          -            488   0.00017   20.4   0.0   1   1   7.8e-07   0.00023   20.0   0.0   217   290     7    87     2   135 0.83 -
Dbrb08339-RA         -            182 26468at7147          -            488   0.00018   20.4   0.0   1   1   6.9e-07    0.0002   20.2   0.0   136   210    52   127    17   135 0.80 -
Dbrb04815-RA         -            216 26468at7147          -            488   0.00019   20.3   0.0   1   2   7.1e-06    0.0021   16.9   0.0   214   300     5    99     2   140 0.62 -
Dbrb04815-RA         -            216 26468at7147          -            488   0.00019   20.3   0.0   2   2      0.39   1.2e+02    1.2   0.0   218   286   144   215   135   216 0.69 -
Dbrb01086-RA         -            913 26468at7147          -            488   0.00021   20.1   0.0   1   2   4.7e-05     0.014   14.1   0.0   102   242   473   616   458   618 0.80 -
Dbrb01086-RA         -            913 26468at7147          -            488   0.00021   20.1   0.0   2   2   0.00063      0.19   10.4   0.0   137   189   592   640   586   645 0.89 -
Dbrb07520-RA         -            746 26468at7147          -            488   0.00034   19.5   0.1   1   1   1.1e-06   0.00034   19.5   0.1   216   293     8    89     3    98 0.79 -
Dbrb15365-RA         -             89 26468at7147          -            488   0.00065   18.5   0.0   1   1   2.4e-06   0.00072   18.4   0.0   133   190     8    66     4    83 0.83 -
Dbrb08610-RA         -            244 26468at7147          -            488    0.0011   17.7   0.0   1   2   3.8e-06    0.0011   17.7   0.0   216   306     7   100     3   116 0.86 -
Dbrb08610-RA         -            244 26468at7147          -            488    0.0011   17.7   0.0   2   2       1.4   4.2e+02   -0.6   5.6   260   337   161   233   111   244 0.62 -
Dbrb07540-RA         -            451 26468at7147          -            488    0.0016   17.3   0.0   1   1   5.2e-06    0.0016   17.3   0.0   130   207    99   175    87   196 0.85 -
Dbrb06501-RA         -            382 26468at7147          -            488    0.0018   17.1   0.0   1   1   5.9e-06    0.0018   17.1   0.0   138   202   230   296   223   302 0.74 -
Dbrb13207-RA         -            253 26468at7147          -            488    0.0022   16.8   0.0   1   1   1.3e-05    0.0038   16.0   0.0   128   184    68   124    54   152 0.88 -
Dbrb09660-RA         -            277 26468at7147          -            488    0.0022   16.8   0.0   1   1   1.3e-05    0.0039   16.0   0.0   210   283   113   194   108   204 0.87 -
Dbrb15433-RA         -            212 26468at7147          -            488    0.0022   16.8   0.1   1   1   7.5e-06    0.0022   16.8   0.1   141   206    39   105    35   121 0.81 -
Dbrb08338-RA         -            266 26468at7147          -            488    0.0023   16.7   0.0   1   1   1.1e-05    0.0033   16.2   0.0   208   267    22    88     6   105 0.77 -
Dbrb09324-RA         -            429 26468at7147          -            488    0.0033   16.2   0.0   1   1   1.6e-05    0.0048   15.7   0.0   133   205    14    87     7    97 0.89 -
Dbrb08336-RA         -            412 26468at7147          -            488    0.0046   15.7   0.0   1   2      0.17        51    2.4   0.0   169   212    11    54     1    69 0.76 -
Dbrb08336-RA         -            412 26468at7147          -            488    0.0046   15.7   0.0   2   2   0.00034       0.1   11.3   0.0   141   211    92   157    67   171 0.67 -
Dbrb00430-RA         -            428 26468at7147          -            488    0.0053   15.5   7.4   1   4       1.1   3.3e+02   -0.3   3.9   299   331     4    39     1    81 0.57 -
Dbrb00430-RA         -            428 26468at7147          -            488    0.0053   15.5   7.4   2   4      0.78   2.3e+02    0.2   0.0   135   197   101   169    94   182 0.55 -
Dbrb00430-RA         -            428 26468at7147          -            488    0.0053   15.5   7.4   3   4      0.03       8.8    4.9   0.0   135   204   222   292   212   299 0.88 -
Dbrb00430-RA         -            428 26468at7147          -            488    0.0053   15.5   7.4   4   4    0.0025      0.75    8.4   0.0   151   199   355   406   346   414 0.83 -
Dbrb06411-RA         -            473 26468at7147          -            488      0.01   14.6   6.8   1   2    0.0021      0.64    8.7   0.0   123   192    22    95     9   112 0.80 -
Dbrb06411-RA         -            473 26468at7147          -            488      0.01   14.6   6.8   2   2    0.0014       0.4    9.3   0.0   130   193   123   187   114   196 0.85 -
Dbrb05623-RA         -            647 26468at7147          -            488     0.016   13.9   0.0   1   1   9.7e-05     0.029   13.1   0.0   133   187    83   137    75   148 0.88 -
Dbrb00523-RA         -            128 26468at7147          -            488     0.017   13.9   0.0   1   2       4.9   1.5e+03   -2.4   3.1   312   333     4    21     1    40 0.55 -
Dbrb00523-RA         -            128 26468at7147          -            488     0.017   13.9   0.0   2   2   5.8e-05     0.017   13.9   0.0   250   298    55   103    33   116 0.83 -
Dbrb10295-RA         -            997 26468at7147          -            488     0.018   13.8   0.0   1   1     6e-05     0.018   13.8   0.0   135   206   451   521   439   534 0.86 -
Dbrb04797-RA         -            294 26468at7147          -            488     0.033   12.9   0.0   1   1   0.00019     0.056   12.1   0.0   137   210   213   287   207   294 0.86 -
Dbrb05420-RA         -            152 26468at7147          -            488     0.036   12.8  12.4   1   1    0.0022      0.67    8.6  12.4   216   292    11    89     8   151 0.60 -
Dbrb02869-RA         -            241 26468at7147          -            488     0.043   12.5   0.0   1   1    0.0002      0.06   12.1   0.0   135   190    82   137    72   161 0.66 -
Dbrb05051-RA         -            417 26468at7147          -            488     0.073   11.8   0.2   1   1   0.00089      0.27    9.9   0.2   216   298   121   220   112   228 0.64 -
Dbrb07911-RA         -            154 26468at7147          -            488      0.11   11.2   0.1   1   1    0.0004      0.12   11.1   0.1   135   206    30   102    19   136 0.63 -
Dbrb16331-RA         -            327 26468at7147          -            488      0.53    8.9   7.8   1   2   0.00016     0.048   12.4   0.9    89   185   156   253   148   282 0.69 -
Dbrb16331-RA         -            327 26468at7147          -            488      0.53    8.9   7.8   2   2   0.00012     0.037   12.7   0.8   216   315   208   313   205   319 0.69 -
#
# Program:         hmmsearch
# Version:         3.1b2 (February 2015)
# Pipeline mode:   SEARCH
# Query file:      /home/nmoreyra/Documents/Genomics/03_orthologs_search/00_Phylogenomics_BUSCO-groups/busco4_odb10/busco_downloads/lineages/diptera_odb10/hmms/26468at7147.hmm
# Target file:     /home/nmoreyra/Documents/Genomics/03_orthologs_search/00_Phylogenomics_BUSCO-groups/busco4_odb10/../00_proteins/Dbrb_proteins.fasta
# Option settings: /home/nmoreyra/Software/miniconda3/envs/busco4/bin/hmmsearch --domtblout /home/nmoreyra/Documents/Genomics/03_orthologs_search/00_Phylogenomics_BUSCO-groups/busco4_odb10/Dbrb_diptera/run_diptera_odb10/hmmer_output/initial_run_results/26468at7147.out --cpu 1 /home/nmoreyra/Documents/Genomics/03_orthologs_search/00_Phylogenomics_BUSCO-groups/busco4_odb10/busco_downloads/lineages/diptera_odb10/hmms/26468at7147.hmm /home/nmoreyra/Documents/Genomics/03_orthologs_search/00_Phylogenomics_BUSCO-groups/busco4_odb10/../00_proteins/Dbrb_proteins.fasta 
# Current dir:     /home/nmoreyra/Documents/Genomics/03_orthologs_search/00_Phylogenomics_BUSCO-groups/busco4_odb10
# Date:            Mon Jan 25 13:07:08 2021
# [ok]
