#                                                                            --- full sequence --- -------------- this domain -------------   hmm coord   ali coord   env coord
# target name        accession   tlen query name           accession   qlen   E-value  score  bias   #  of  c-Evalue  i-Evalue  score  bias  from    to  from    to  from    to  acc description of target
#------------------- ---------- ----- -------------------- ---------- ----- --------- ------ ----- --- --- --------- --------- ------ ----- ----- ----- ----- ----- ----- ----- ---- ---------------------
Dbrb07742-RA         -            455 27244at7147          -            322  9.5e-181  599.9   0.5   1   1  1.1e-182  1.2e-180  599.5   0.5     1   322    85   438    85   438 0.95 -
Dbrb01395-RA         -            710 27244at7147          -            322   2.5e-79  266.6   0.0   1   1     3e-81   3.4e-79  266.1   0.0     1   276     9   297     9   328 0.92 -
Dbrb07410-RA         -            609 27244at7147          -            322     1e-42  146.3   0.0   1   2   1.3e-20   1.5e-18   66.9   0.0    16   214    21   223    15   298 0.82 -
Dbrb07410-RA         -            609 27244at7147          -            322     1e-42  146.3   0.0   2   2   8.4e-24   9.8e-22   77.3   0.0    16   253   332   571   325   603 0.84 -
Dbrb01128-RA         -           4185 27244at7147          -            322   3.2e-27   95.4   0.0   1   2   3.3e-08   3.9e-06   26.1   0.0    13   248  3151  3390  3146  3409 0.75 -
Dbrb01128-RA         -           4185 27244at7147          -            322   3.2e-27   95.4   0.0   2   2   1.5e-20   1.8e-18   66.7   0.1    13   256  3860  4100  3852  4131 0.80 -
Dbrb05837-RA         -            620 27244at7147          -            322   2.2e-24   86.1   0.6   1   2   2.9e-14   3.4e-12   46.0   0.2    20   213    48   242    37   261 0.72 -
Dbrb05837-RA         -            620 27244at7147          -            322   2.2e-24   86.1   0.6   2   2   6.8e-12   7.9e-10   38.2   0.0   107   213   413   515   305   530 0.85 -
Dbrb10674-RA         -           1394 27244at7147          -            322   5.8e-24   84.7   0.1   1   1   9.3e-26   1.1e-23   83.8   0.1    16   212   147   346   139   357 0.85 -
Dbrb09572-RA         -            776 27244at7147          -            322     2e-22   79.6   0.0   1   1     4e-24   4.6e-22   78.4   0.0    17   215   137   338   133   394 0.77 -
Dbrb03807-RA         -           1241 27244at7147          -            322   4.1e-21   75.3   0.1   1   3   1.9e-13   2.2e-11   43.3   0.0    15   241   318   554   313   572 0.73 -
Dbrb03807-RA         -           1241 27244at7147          -            322   4.1e-21   75.3   0.1   2   3   1.1e-08   1.3e-06   27.7   0.1    69   142   734   807   718   816 0.88 -
Dbrb03807-RA         -           1241 27244at7147          -            322   4.1e-21   75.3   0.1   3   3       3.2   3.8e+02   -0.1   0.0   191   215   842   866   817   902 0.79 -
Dbrb01531-RA         -           1708 27244at7147          -            322   5.3e-21   74.9   0.1   1   1   8.5e-23     1e-20   74.0   0.1    13   228    17   237    14   322 0.80 -
Dbrb11185-RA         -            849 27244at7147          -            322   7.5e-21   74.4   0.0   1   1   1.1e-22   1.3e-20   73.6   0.0     8   215   567   778   562   790 0.81 -
Dbrb04869-RA         -           1365 27244at7147          -            322   1.8e-20   73.2   0.0   1   1   5.4e-22   6.3e-20   71.4   0.0    10   217    67   282    60   321 0.79 -
Dbrb01074-RA         -           1279 27244at7147          -            322   1.8e-20   73.2   0.0   1   1   3.1e-22   3.7e-20   72.2   0.0    16   215   354   556   350   614 0.81 -
Dbrb06845-RA         -            531 27244at7147          -            322   1.6e-19   70.1   0.0   1   1   2.1e-21   2.4e-19   69.5   0.0    23   213    35   232    28   235 0.85 -
Dbrb09285-RA         -            839 27244at7147          -            322   4.3e-19   68.7   0.0   1   1     8e-21   9.4e-19   67.6   0.0    20   226   549   762   537   798 0.76 -
Dbrb07676-RA         -            508 27244at7147          -            322   4.4e-19   68.6   0.0   1   1   6.7e-21   7.8e-19   67.8   0.0    15   308    13   308     7   315 0.78 -
Dbrb05538-RA         -           8125 27244at7147          -            322   1.3e-18   67.1   0.0   1   1   2.2e-20   2.6e-18   66.1   0.0    13   222  7295  7507  7284  7548 0.79 -
Dbrb06536-RA         -            398 27244at7147          -            322   1.9e-18   66.5   0.1   1   1   2.3e-20   2.7e-18   66.0   0.1    16   233   140   359   135   378 0.77 -
Dbrb00241-RA         -            846 27244at7147          -            322   8.6e-18   64.4   0.0   1   1   1.2e-19   1.4e-17   63.7   0.0    17   278    40   299    25   336 0.79 -
Dbrb11513-RA         -            644 27244at7147          -            322   8.8e-18   64.4   3.5   1   3       1.1   1.2e+02    1.4   0.0   191   248    64   121    52   150 0.74 -
Dbrb11513-RA         -            644 27244at7147          -            322   8.8e-18   64.4   3.5   2   3   0.00015     0.018   14.1   0.7    51   212   207   371   170   388 0.71 -
Dbrb11513-RA         -            644 27244at7147          -            322   8.8e-18   64.4   3.5   3   3   8.4e-15   9.8e-13   47.8   0.1    74   212   430   570   381   574 0.76 -
Dbrb09319-RA         -            300 27244at7147          -            322   8.9e-18   64.3   0.0   1   1     1e-19   1.2e-17   63.9   0.0     8   218    16   237    11   262 0.71 -
Dbrb08140-RA         -            493 27244at7147          -            322   1.9e-17   63.2   0.1   1   1   2.4e-19   2.8e-17   62.7   0.1    15   213     7   210     1   216 0.79 -
Dbrb11104-RA         -            328 27244at7147          -            322   3.6e-17   62.4   0.1   1   1   4.1e-19   4.8e-17   61.9   0.1    20   213    71   273    56   278 0.74 -
Dbrb04871-RA         -            617 27244at7147          -            322   6.5e-17   61.5   0.0   1   1   8.1e-19   9.5e-17   61.0   0.0    23   212   352   541   343   581 0.81 -
Dbrb04700-RA         -            583 27244at7147          -            322   1.2e-16   60.7   0.0   1   1   1.5e-18   1.7e-16   60.1   0.0    14   213    25   228    19   283 0.78 -
Dbrb03605-RA         -           1840 27244at7147          -            322   1.5e-16   60.3   0.4   1   1   5.2e-18   6.1e-16   58.3   0.0    13   218   101   312    91   338 0.81 -
Dbrb07484-RA         -            913 27244at7147          -            322   1.7e-16   60.1   0.0   1   1   2.2e-18   2.6e-16   59.5   0.0    71   253   661   838   604   864 0.78 -
Dbrb04294-RA         -            998 27244at7147          -            322   4.7e-16   58.7   0.1   1   1   6.9e-18     8e-16   57.9   0.1    63   215   201   351   173   355 0.78 -
Dbrb09071-RA         -            837 27244at7147          -            322   8.2e-16   57.9   0.0   1   1   1.2e-17   1.4e-15   57.1   0.0    15   201    98   289    88   303 0.78 -
Dbrb03668-RA         -           2148 27244at7147          -            322   8.5e-16   57.8   1.3   1   1   2.2e-16   2.6e-14   53.0   1.3    10   179   847  1018   840  1079 0.72 -
Dbrb03955-RA         -            495 27244at7147          -            322   2.7e-15   56.2   0.0   1   1   3.4e-17   3.9e-15   55.6   0.0    16   213    72   277    66   292 0.78 -
Dbrb06668-RA         -           1335 27244at7147          -            322   3.7e-15   55.7   0.0   1   1   5.5e-17   6.4e-15   54.9   0.0    18   253   582   822   569   834 0.78 -
Dbrb15617-RA         -            438 27244at7147          -            322   5.7e-15   55.1   0.0   1   1   1.3e-16   1.5e-14   53.7   0.0    70   227   110   266    98   354 0.72 -
Dbrb05569-RA         -            446 27244at7147          -            322   7.8e-15   54.7   0.1   1   1   1.5e-16   1.8e-14   53.5   0.0    69   214   135   281    95   360 0.80 -
Dbrb06327-RA         -            710 27244at7147          -            322   1.4e-14   53.9   0.0   1   1   1.9e-16   2.2e-14   53.2   0.0    36   244   456   664   433   680 0.82 -
Dbrb05002-RA         -            794 27244at7147          -            322   1.7e-14   53.6   0.0   1   1   2.4e-16   2.8e-14   52.8   0.0    16   214     3   203     1   221 0.76 -
Dbrb01708-RA         -           1433 27244at7147          -            322   1.8e-14   53.5   0.0   1   1   2.3e-16   2.7e-14   52.9   0.0    87   212     8   133     1   150 0.82 -
Dbrb01591-RA         -           8858 27244at7147          -            322   1.9e-14   53.4   0.0   1   1   3.7e-16   4.3e-14   52.2   0.0    15   214  8231  8434  8224  8490 0.77 -
Dbrb04582-RA         -            355 27244at7147          -            322   2.3e-14   53.1   0.0   1   1   2.6e-16     3e-14   52.7   0.0    13   215    15   223    10   289 0.76 -
Dbrb04238-RA         -            733 27244at7147          -            322   3.7e-14   52.4   0.0   1   1   5.2e-16   6.1e-14   51.7   0.0    69   213    27   173    13   200 0.84 -
Dbrb10515-RA         -            575 27244at7147          -            322   8.4e-14   51.3   0.3   1   1   1.2e-15   1.4e-13   50.5   0.3    17   262    25   268    10   284 0.69 -
Dbrb15626-RA         -            865 27244at7147          -            322     1e-13   51.0   0.0   1   1   1.5e-15   1.8e-13   50.2   0.0    55   215   385   547   345   574 0.81 -
Dbrb04721-RA         -            636 27244at7147          -            322   1.1e-13   50.9   0.0   1   1   2.8e-15   3.2e-13   49.4   0.0    64   215    81   238    67   251 0.81 -
Dbrb10757-RA         -            692 27244at7147          -            322   1.1e-13   50.9   0.0   1   1   1.4e-15   1.7e-13   50.3   0.0    42   270    32   268    13   292 0.77 -
Dbrb05578-RA         -            890 27244at7147          -            322   1.1e-13   50.8   0.0   1   1   1.6e-15   1.9e-13   50.1   0.0    55   215   600   762   560   789 0.81 -
Dbrb11364-RA         -            459 27244at7147          -            322   1.6e-13   50.4   0.0   1   1   2.6e-15   3.1e-13   49.4   0.0     7   212   144   365   140   370 0.71 -
Dbrb06921-RA         -            786 27244at7147          -            322   1.7e-13   50.3   0.0   1   1   2.2e-15   2.6e-13   49.7   0.0     8   218   466   681   462   736 0.75 -
Dbrb06506-RA         -            457 27244at7147          -            322   3.2e-13   49.4   0.0   1   1   6.2e-15   7.2e-13   48.2   0.0    59   212   183   352   130   363 0.73 -
Dbrb04667-RA         -            943 27244at7147          -            322   4.1e-13   49.0   0.1   1   1   5.5e-15   6.4e-13   48.4   0.1    13   211   168   374   162   386 0.81 -
Dbrb07445-RA         -            537 27244at7147          -            322   7.1e-13   48.2   2.8   1   2     0.053       6.1    5.7   0.4    50   158    42   154    13   220 0.68 -
Dbrb07445-RA         -            537 27244at7147          -            322   7.1e-13   48.2   2.8   2   2   3.1e-13   3.6e-11   42.6   0.1     7   212   268   477   263   493 0.79 -
Dbrb01149-RA         -           1633 27244at7147          -            322   1.1e-12   47.6   0.0   1   1   1.8e-14   2.1e-12   46.7   0.0    12   230    99   326    91   376 0.76 -
Dbrb01116-RA         -            700 27244at7147          -            322     3e-12   46.2   0.0   1   1   4.4e-14   5.1e-12   45.4   0.0    15   219   189   399   176   427 0.73 -
Dbrb10968-RA         -            290 27244at7147          -            322   4.4e-12   45.6   0.0   1   1   4.8e-14   5.6e-12   45.3   0.0    21   213    12   213     6   256 0.78 -
Dbrb16962-RA         -           1206 27244at7147          -            322   4.5e-12   45.6   0.0   1   1   6.8e-14     8e-12   44.8   0.0     7   214   110   327   105   334 0.75 -
Dbrb07088-RA         -            383 27244at7147          -            322   4.5e-12   45.6   0.1   1   1   5.3e-14   6.2e-12   45.1   0.1    18   208    48   244    43   259 0.74 -
Dbrb08840-RA         -            620 27244at7147          -            322     9e-12   44.6   0.0   1   1     2e-13   2.3e-11   43.3   0.0    78   248   293   467   227   488 0.83 -
Dbrb02692-RA         -            921 27244at7147          -            322   1.3e-11   44.1   0.0   1   2   2.2e-11   2.6e-09   36.6   0.0    19   158   273   416   260   427 0.75 -
Dbrb02692-RA         -            921 27244at7147          -            322   1.3e-11   44.1   0.0   2   2      0.08       9.4    5.1   0.0   177   214   521   556   509   595 0.80 -
Dbrb09085-RA         -            454 27244at7147          -            322   1.5e-11   43.9   0.3   1   1   1.9e-13   2.2e-11   43.3   0.3    39   215   206   390   167   417 0.70 -
Dbrb10553-RA         -            752 27244at7147          -            322   1.5e-11   43.8   0.0   1   2   1.3e-10   1.5e-08   34.0   0.0    72   160    52   139    46   163 0.89 -
Dbrb10553-RA         -            752 27244at7147          -            322   1.5e-11   43.8   0.0   2   2     0.015       1.8    7.5   0.0   185   215   210   242   204   292 0.70 -
Dbrb15599-RA         -            943 27244at7147          -            322   1.7e-11   43.7   1.5   1   1   2.1e-13   2.5e-11   43.1   1.5    13   209   375   577   366   585 0.82 -
Dbrb05717-RA         -            661 27244at7147          -            322   1.8e-11   43.6   0.0   1   1   2.2e-13   2.6e-11   43.1   0.0    78   248   321   495   256   516 0.83 -
Dbrb05914-RA         -            268 27244at7147          -            322   1.9e-11   43.5   0.3   1   1   2.1e-13   2.4e-11   43.2   0.3    23   213    15   201     3   217 0.74 -
Dbrb09957-RA         -            759 27244at7147          -            322   4.4e-11   42.4   0.0   1   1     5e-13   5.9e-11   41.9   0.0    90   212     3   134     1   177 0.84 -
Dbrb08911-RA         -           1487 27244at7147          -            322   5.5e-11   42.0   0.0   1   1     9e-13   1.1e-10   41.1   0.0    23   215  1205  1407  1199  1439 0.76 -
Dbrb03191-RA         -            408 27244at7147          -            322   1.2e-10   40.9   0.0   1   1   1.4e-12   1.7e-10   40.4   0.0    22   210    96   287    83   299 0.81 -
Dbrb09980-RA         -            458 27244at7147          -            322   1.3e-10   40.8   1.5   1   2   3.8e-10   4.4e-08   32.5   0.2    15   160    90   238    84   248 0.77 -
Dbrb09980-RA         -            458 27244at7147          -            322   1.3e-10   40.8   1.5   2   2     0.016       1.9    7.4   0.1   191   215   308   332   247   348 0.81 -
Dbrb05435-RA         -            396 27244at7147          -            322   3.4e-10   39.4   0.0   1   1     4e-12   4.7e-10   39.0   0.0    33   210   104   281    83   288 0.80 -
Dbrb04781-RA         -            335 27244at7147          -            322   4.4e-10   39.1   0.0   1   1   5.3e-12   6.2e-10   38.6   0.0    33   213    64   253    41   257 0.69 -
Dbrb05431-RA         -           1230 27244at7147          -            322   4.7e-10   39.0   0.5   1   1   9.1e-12   1.1e-09   37.8   0.5    13   159    58   208    50   228 0.76 -
Dbrb08182-RA         -           1226 27244at7147          -            322   7.9e-10   38.2   0.0   1   1   1.7e-11   1.9e-09   36.9   0.0    20   212    61   279    52   291 0.73 -
Dbrb08174-RA         -            450 27244at7147          -            322     2e-09   36.9   0.0   1   1   2.4e-11   2.8e-09   36.4   0.0    11   213     6   223     2   309 0.75 -
Dbrb16472-RA         -            442 27244at7147          -            322   2.3e-09   36.7   0.0   1   2   6.5e-11   7.5e-09   35.0   0.0    15   211    50   249    46   259 0.73 -
Dbrb16472-RA         -            442 27244at7147          -            322   2.3e-09   36.7   0.0   2   2       8.6     1e+03   -1.5   0.0   248   296   311   359   306   375 0.75 -
Dbrb01823-RA         -            388 27244at7147          -            322   2.4e-09   36.7   0.0   1   1   2.7e-11   3.2e-09   36.2   0.0    96   209   138   253    60   259 0.78 -
Dbrb12725-RA         -            549 27244at7147          -            322   6.4e-09   35.2   0.0   1   1   9.4e-11   1.1e-08   34.5   0.0    21   218   286   492   276   511 0.72 -
Dbrb07559-RA         -            723 27244at7147          -            322   9.5e-09   34.7   0.0   1   1   1.3e-10   1.5e-08   34.0   0.0    22   159     9   147     1   199 0.75 -
Dbrb15528-RA         -           1558 27244at7147          -            322   9.8e-09   34.6   0.0   1   1   1.5e-10   1.7e-08   33.8   0.0    18   211    42   260    36   276 0.73 -
Dbrb15730-RA         -           1385 27244at7147          -            322   1.4e-08   34.2   0.1   1   1   2.5e-10     3e-08   33.1   0.1    53   213  1092  1268  1040  1324 0.76 -
Dbrb04598-RA         -           1189 27244at7147          -            322   1.4e-08   34.1   0.2   1   1   2.1e-10   2.4e-08   33.3   0.2    20   157   392   530   378   535 0.79 -
Dbrb17686-RA         -           1137 27244at7147          -            322   1.5e-08   34.0   0.0   1   1   2.2e-10   2.6e-08   33.2   0.0    19   205   127   318   114   324 0.77 -
Dbrb04782-RA         -           1324 27244at7147          -            322   2.1e-08   33.5   0.0   1   1   2.9e-10   3.4e-08   32.9   0.0    94   213   279   399   209   405 0.79 -
Dbrb08995-RA         -           1330 27244at7147          -            322   2.4e-08   33.4   0.0   1   1   3.4e-10     4e-08   32.6   0.0    19   205   218   409   205   415 0.77 -
Dbrb14768-RA         -           1270 27244at7147          -            322     4e-08   32.6   0.0   1   1   7.2e-10   8.4e-08   31.6   0.0    12   241   883  1129   873  1179 0.68 -
Dbrb15667-RA         -           1223 27244at7147          -            322     4e-08   32.6   0.3   1   1   1.1e-09   1.3e-07   31.0   0.0    40   205   940  1103   907  1111 0.78 -
Dbrb07308-RA         -            330 27244at7147          -            322   4.3e-08   32.5   0.0   1   1   8.3e-10   9.7e-08   31.4   0.0    12   250    14   262     7   285 0.77 -
Dbrb02121-RA         -            294 27244at7147          -            322   4.4e-08   32.5   0.0   1   1   4.4e-10   5.2e-08   32.3   0.0    15   171     2   160     1   211 0.73 -
Dbrb09126-RA         -            590 27244at7147          -            322     1e-07   31.3   0.0   1   1   1.3e-09   1.5e-07   30.8   0.0    58   211   199   355   154   361 0.81 -
Dbrb09115-RA         -            548 27244at7147          -            322   1.4e-07   30.8   0.0   1   1   1.9e-09   2.2e-07   30.2   0.0    54   213   194   359   142   366 0.71 -
Dbrb01494-RA         -            317 27244at7147          -            322   1.6e-07   30.7   0.0   1   1   1.7e-09   1.9e-07   30.4   0.0    87   205   109   225    24   235 0.74 -
Dbrb05773-RA         -            314 27244at7147          -            322     3e-07   29.7   0.0   1   1   3.3e-09   3.8e-07   29.4   0.0    21   201    12   196     4   237 0.71 -
Dbrb14716-RA         -            361 27244at7147          -            322   4.6e-07   29.1   0.0   1   1   5.6e-09   6.5e-07   28.6   0.0    19   218    34   229    14   252 0.74 -
Dbrb05055-RA         -            762 27244at7147          -            322   4.6e-07   29.1   0.0   1   1   6.1e-09   7.1e-07   28.5   0.0    15   212    77   287    68   299 0.76 -
Dbrb15957-RA         -            264 27244at7147          -            322   5.3e-07   28.9   0.0   1   1   5.3e-09   6.2e-07   28.7   0.0    19   222     7   214     1   229 0.71 -
Dbrb15501-RA         -            578 27244at7147          -            322   6.7e-07   28.6   0.0   1   1   8.5e-09   9.9e-07   28.0   0.0    44   211   345   516   320   538 0.72 -
Dbrb14748-RA         -            963 27244at7147          -            322   6.7e-07   28.6   0.0   1   1   1.3e-08   1.5e-06   27.5   0.0   104   212   107   225    57   242 0.81 -
Dbrb07519-RA         -            594 27244at7147          -            322   8.4e-07   28.3   0.1   1   1   1.6e-08   1.8e-06   27.2   0.1    66   142   280   356   266   363 0.93 -
Dbrb12729-RA         -            620 27244at7147          -            322     1e-06   28.0   0.0   1   1   1.6e-08   1.8e-06   27.2   0.0    22   218   358   563   347   581 0.70 -
Dbrb02656-RA         -           1660 27244at7147          -            322   1.1e-06   28.0   0.0   1   1   1.4e-08   1.6e-06   27.3   0.0     8   167   123   291   117   344 0.77 -
Dbrb04843-RA         -            383 27244at7147          -            322   1.8e-06   27.2   0.0   1   1   4.6e-08   5.4e-06   25.6   0.0   115   211   142   246   130   252 0.72 -
Dbrb03000-RA         -            937 27244at7147          -            322   2.4e-06   26.8   0.0   1   1   3.8e-08   4.4e-06   25.9   0.0    12   207   612   815   605   839 0.63 -
Dbrb05722-RA         -            524 27244at7147          -            322   2.9e-06   26.5   0.0   1   1   3.3e-08   3.9e-06   26.1   0.0   103   161   124   181    24   233 0.63 -
Dbrb16229-RA         -            697 27244at7147          -            322     3e-06   26.5   0.0   1   1   3.8e-08   4.5e-06   25.9   0.0   105   209   327   431   228   440 0.70 -
Dbrb05767-RA         -           2429 27244at7147          -            322   3.6e-06   26.2   0.0   1   1   5.7e-08   6.7e-06   25.3   0.0   112   218  1840  1959  1810  1965 0.75 -
Dbrb04233-RA         -           2389 27244at7147          -            322   4.4e-06   25.9   0.0   1   1   6.9e-08   8.1e-06   25.0   0.0    83   213   368   498   330   505 0.77 -
Dbrb17097-RA         -            699 27244at7147          -            322   4.5e-06   25.9   0.0   1   2    0.0065      0.76    8.7   0.0   106   143   106   143    99   148 0.88 -
Dbrb17097-RA         -            699 27244at7147          -            322   4.5e-06   25.9   0.0   2   2   0.00012     0.015   14.3   0.0   150   212   175   237   153   303 0.81 -
Dbrb11413-RA         -            469 27244at7147          -            322   6.8e-06   25.3   0.0   1   1   1.1e-07   1.3e-05   24.4   0.0   104   209    12   115     4   126 0.81 -
Dbrb03722-RA         -            358 27244at7147          -            322   1.2e-05   24.5   0.0   1   1   2.3e-07   2.7e-05   23.3   0.0   101   205    60   165    38   182 0.72 -
Dbrb10166-RA         -           2033 27244at7147          -            322   1.2e-05   24.4   0.0   1   1   3.5e-07     4e-05   22.7   0.0   106   211  1755  1862  1743  1880 0.79 -
Dbrb08043-RA         -            400 27244at7147          -            322   1.7e-05   24.0   0.0   1   1   2.5e-07   2.9e-05   23.2   0.0   103   216   119   240   109   260 0.71 -
Dbrb06296-RA         -            638 27244at7147          -            322   2.7e-05   23.3   0.1   1   1   6.4e-07   7.5e-05   21.9   0.1    14   212   346   565   337   577 0.69 -
Dbrb07885-RA         -            758 27244at7147          -            322   3.8e-05   22.9   0.0   1   1   5.6e-07   6.5e-05   22.1   0.0    55   212   513   674   468   689 0.63 -
Dbrb06586-RA         -           2468 27244at7147          -            322   3.9e-05   22.8   0.1   1   2   0.00016     0.019   14.0   0.1    13   106    64   161    55   174 0.78 -
Dbrb06586-RA         -           2468 27244at7147          -            322   3.9e-05   22.8   0.1   2   2     0.033       3.8    6.4   0.0   192   221   202   231   186   254 0.79 -
Dbrb08047-RA         -           1038 27244at7147          -            322   4.2e-05   22.7   0.0   1   1   6.1e-07   7.2e-05   21.9   0.0   113   161   834   880   824   886 0.86 -
Dbrb04072-RA         -            703 27244at7147          -            322   5.2e-05   22.4   0.0   1   1   8.5e-07   9.9e-05   21.5   0.0   106   181   202   277   109   300 0.77 -
Dbrb09779-RA         -            418 27244at7147          -            322   5.2e-05   22.4   0.0   1   1   6.6e-07   7.7e-05   21.8   0.0    35   215   109   283    86   324 0.76 -
Dbrb08200-RA         -            654 27244at7147          -            322   5.3e-05   22.4   0.0   1   1     8e-07   9.4e-05   21.6   0.0   103   209   478   583   471   600 0.76 -
Dbrb06663-RA         -           1097 27244at7147          -            322   6.6e-05   22.1   0.0   1   1     9e-07    0.0001   21.4   0.0   113   208   664   766   566   786 0.71 -
Dbrb04712-RA         -            343 27244at7147          -            322   7.1e-05   21.9   0.0   1   1   9.1e-07   0.00011   21.4   0.0    11   161    14   166     5   248 0.77 -
Dbrb08675-RA         -           1262 27244at7147          -            322   8.9e-05   21.6   1.1   1   1   5.8e-06   0.00068   18.7   1.1   107   215  1012  1135   907  1144 0.64 -
Dbrb14777-RA         -            375 27244at7147          -            322   0.00013   21.0   0.0   1   1   1.4e-06   0.00017   20.7   0.0    93   206   119   235    36   247 0.68 -
Dbrb04711-RA         -            343 27244at7147          -            322   0.00014   21.0   0.1   1   1   1.9e-06   0.00022   20.4   0.1    81   170    84   175     4   249 0.69 -
Dbrb08108-RA         -            697 27244at7147          -            322   0.00014   21.0   0.0   1   1   1.9e-06   0.00023   20.3   0.0   117   213   422   522   368   528 0.79 -
Dbrb15516-RA         -            276 27244at7147          -            322   0.00015   20.9   1.2   1   1   2.9e-06   0.00034   19.7   1.2    56   213    40   199    27   207 0.75 -
Dbrb18273-RA         -            537 27244at7147          -            322   0.00016   20.8   0.0   1   1   3.7e-06   0.00043   19.4   0.0     8   161    50   205    44   277 0.68 -
Dbrb06040-RA         -            381 27244at7147          -            322   0.00041   19.4   0.3   1   2     1e-05    0.0012   17.9   0.2   104   161    39    97    16   217 0.73 -
Dbrb06040-RA         -            381 27244at7147          -            322   0.00041   19.4   0.3   2   2       4.4   5.2e+02   -0.6   0.0    29    72   168   213   159   239 0.71 -
Dbrb04709-RA         -            834 27244at7147          -            322   0.00043   19.4   0.0   1   1   5.7e-06   0.00067   18.7   0.0   103   213    93   204    55   236 0.85 -
Dbrb10390-RA         -            448 27244at7147          -            322   0.00084   18.4   0.0   1   1   1.2e-05    0.0014   17.7   0.0   108   158   124   176    52   236 0.80 -
Dbrb02288-RA         -            357 27244at7147          -            322   0.00084   18.4   0.0   1   1   2.1e-05    0.0025   16.9   0.0    19   241    92   322    79   354 0.62 -
Dbrb04246-RA         -            508 27244at7147          -            322   0.00095   18.2   0.0   1   1   1.5e-05    0.0018   17.4   0.0    85   213   228   360   196   406 0.76 -
Dbrb07148-RA         -            787 27244at7147          -            322   0.00097   18.2   0.0   1   2   5.4e-05    0.0063   15.5   0.0    57   161   318   419   262   429 0.69 -
Dbrb07148-RA         -            787 27244at7147          -            322   0.00097   18.2   0.0   2   2       3.4   3.9e+02   -0.2   0.0   175   214   550   588   532   618 0.76 -
Dbrb04158-RA         -            975 27244at7147          -            322     0.001   18.2   0.0   1   1   1.6e-05    0.0019   17.2   0.0   109   204   680   775   575   784 0.62 -
Dbrb04466-RA         -            913 27244at7147          -            322    0.0012   17.9   0.0   1   1   3.1e-05    0.0036   16.3   0.0   100   149   448   498   424   516 0.87 -
Dbrb05793-RA         -            760 27244at7147          -            322    0.0014   17.7   0.0   1   1   2.1e-05    0.0025   16.9   0.0   105   159   146   202   128   211 0.81 -
Dbrb12658-RA         -           1972 27244at7147          -            322    0.0027   16.7   0.0   1   2       2.3   2.7e+02    0.3   0.0    66   110  1002  1044   956  1053 0.64 -
Dbrb12658-RA         -           1972 27244at7147          -            322    0.0027   16.7   0.0   2   2   0.00024     0.028   13.4   0.0    40   220  1359  1547  1348  1557 0.74 -
Dbrb05744-RA         -            295 27244at7147          -            322    0.0028   16.7   0.0   1   1   2.8e-05    0.0033   16.5   0.0    72   158    70   152     5   211 0.69 -
Dbrb07820-RA         -           1962 27244at7147          -            322    0.0029   16.7   0.0   1   1   4.4e-05    0.0051   15.8   0.0   115   212  1289  1388  1279  1473 0.78 -
Dbrb12848-RA         -           1176 27244at7147          -            322    0.0046   16.0   0.0   1   1   7.3e-05    0.0085   15.1   0.0    87   160   963  1047   883  1076 0.81 -
Dbrb05733-RA         -           1387 27244at7147          -            322    0.0058   15.7   0.0   1   1   9.9e-05     0.012   14.7   0.0   112   157   125   168   102   185 0.87 -
Dbrb05374-RA         -            351 27244at7147          -            322    0.0061   15.6   0.1   1   2   0.00017     0.019   13.9   0.1    15   161    10   161     3   226 0.64 -
Dbrb05374-RA         -            351 27244at7147          -            322    0.0061   15.6   0.1   2   2         6     7e+02   -1.0   0.0   213   258   234   279   204   298 0.83 -
Dbrb15569-RA         -            370 27244at7147          -            322    0.0091   15.0   0.0   1   1   0.00015     0.018   14.1   0.0   101   161   112   173    17   183 0.77 -
Dbrb03057-RA         -           1163 27244at7147          -            322    0.0093   15.0   0.1   1   2     0.013       1.5    7.7   0.0   119   159   910   948   893   963 0.82 -
Dbrb03057-RA         -           1163 27244at7147          -            322    0.0093   15.0   0.1   2   2      0.12        14    4.5   0.0   191   212  1044  1066  1018  1070 0.76 -
Dbrb08081-RA         -            444 27244at7147          -            322     0.015   14.3   0.1   1   1   0.00023     0.026   13.5   0.1    15   206   143   333   137   349 0.62 -
Dbrb02335-RA         -           1619 27244at7147          -            322     0.015   14.3   0.6   1   1   0.00022     0.026   13.5   0.3    79   173  1396  1500  1325  1536 0.67 -
Dbrb04015-RA         -            224 27244at7147          -            322     0.016   14.2   0.0   1   1   0.00018      0.02   13.9   0.0   108   157   105   155    67   168 0.72 -
Dbrb03711-RA         -            777 27244at7147          -            322     0.057   12.4   0.6   1   1   0.00075     0.088   11.8   0.6    26   147   442   566   437   642 0.60 -
Dbrb05331-RA         -            779 27244at7147          -            322      0.12   11.3   0.0   1   2     0.012       1.4    7.8   0.0    55   158   223   323   169   330 0.67 -
Dbrb05331-RA         -            779 27244at7147          -            322      0.12   11.3   0.0   2   2       1.5   1.7e+02    1.0   0.0   161   214   518   569   511   597 0.77 -
Dbrb05719-RA         -           1551 27244at7147          -            322      0.13   11.2   0.2   1   2       2.5   2.9e+02    0.2   0.1   110   156   365   409   312   413 0.78 -
Dbrb05719-RA         -           1551 27244at7147          -            322      0.13   11.2   0.2   2   2      0.01       1.2    8.1   0.0   128   163   737   770   726   786 0.78 -
#
# Program:         hmmsearch
# Version:         3.1b2 (February 2015)
# Pipeline mode:   SEARCH
# Query file:      /home/nmoreyra/Documents/Genomics/03_orthologs_search/00_Phylogenomics_BUSCO-groups/busco4_odb10/busco_downloads/lineages/diptera_odb10/hmms/27244at7147.hmm
# Target file:     /home/nmoreyra/Documents/Genomics/03_orthologs_search/00_Phylogenomics_BUSCO-groups/busco4_odb10/../00_proteins/Dbrb_proteins.fasta
# Option settings: /home/nmoreyra/Software/miniconda3/envs/busco4/bin/hmmsearch --domtblout /home/nmoreyra/Documents/Genomics/03_orthologs_search/00_Phylogenomics_BUSCO-groups/busco4_odb10/Dbrb_diptera/run_diptera_odb10/hmmer_output/initial_run_results/27244at7147.out --cpu 1 /home/nmoreyra/Documents/Genomics/03_orthologs_search/00_Phylogenomics_BUSCO-groups/busco4_odb10/busco_downloads/lineages/diptera_odb10/hmms/27244at7147.hmm /home/nmoreyra/Documents/Genomics/03_orthologs_search/00_Phylogenomics_BUSCO-groups/busco4_odb10/../00_proteins/Dbrb_proteins.fasta 
# Current dir:     /home/nmoreyra/Documents/Genomics/03_orthologs_search/00_Phylogenomics_BUSCO-groups/busco4_odb10
# Date:            Mon Jan 25 13:05:35 2021
# [ok]
