#                                                                            --- full sequence --- -------------- this domain -------------   hmm coord   ali coord   env coord
# target name        accession   tlen query name           accession   qlen   E-value  score  bias   #  of  c-Evalue  i-Evalue  score  bias  from    to  from    to  from    to  acc description of target
#------------------- ---------- ----- -------------------- ---------- ----- --------- ------ ----- --- --- --------- --------- ------ ----- ----- ----- ----- ----- ----- ----- ---- ---------------------
Dbrb15342-RA         -            481 28208at7147          -            325  9.6e-135  448.7  33.9   1   4   6.4e-37   2.7e-33  115.3   4.7     1    77     1    77     1    95 0.95 -
Dbrb15342-RA         -            481 28208at7147          -            325  9.6e-135  448.7  33.9   2   4   1.7e-72   7.1e-69  232.2  11.0    74   259   126   309   118   343 0.86 -
Dbrb15342-RA         -            481 28208at7147          -            325  9.6e-135  448.7  33.9   3   4   3.7e-34   1.6e-30  106.2   1.5   238   315   368   450   361   460 0.91 -
Dbrb15342-RA         -            481 28208at7147          -            325  9.6e-135  448.7  33.9   4   4      0.22   9.1e+02   -1.5   0.0   310   325   464   479   461   479 0.87 -
Dbrb05313-RA         -            408 28208at7147          -            325   1.6e-23   83.2   4.1   1   1   5.4e-27   2.3e-23   82.7   4.1    29   184    81   240    65   276 0.84 -
Dbrb13313-RA         -            330 28208at7147          -            325   1.3e-21   76.9  15.1   1   2   1.3e-21   5.4e-18   65.0   7.0    30   179    49   198    44   210 0.86 -
Dbrb13313-RA         -            330 28208at7147          -            325   1.3e-21   76.9  15.1   2   2   2.7e-09   1.1e-05   24.5   1.1    85   173   139   230   137   237 0.84 -
Dbrb13434-RA         -            490 28208at7147          -            325      0.01   14.8   1.6   1   3      0.38   1.6e+03   -2.3   0.0    40    96    16    71     8   106 0.69 -
Dbrb13434-RA         -            490 28208at7147          -            325      0.01   14.8   1.6   2   3      0.46     2e+03   -2.6   0.2    16    33   186   203   168   233 0.65 -
Dbrb13434-RA         -            490 28208at7147          -            325      0.01   14.8   1.6   3   3   3.9e-06     0.016   14.1   0.2     6   135   286   414   280   437 0.69 -
#
# Program:         hmmsearch
# Version:         3.1b2 (February 2015)
# Pipeline mode:   SEARCH
# Query file:      /home/nmoreyra/Documents/Genomics/03_orthologs_search/00_Phylogenomics_BUSCO-groups/busco4_odb10/busco_downloads/lineages/diptera_odb10/hmms/28208at7147.hmm
# Target file:     /home/nmoreyra/Documents/Genomics/03_orthologs_search/00_Phylogenomics_BUSCO-groups/busco4_odb10/../00_proteins/Dbrb_proteins.fasta
# Option settings: /home/nmoreyra/Software/miniconda3/envs/busco4/bin/hmmsearch --domtblout /home/nmoreyra/Documents/Genomics/03_orthologs_search/00_Phylogenomics_BUSCO-groups/busco4_odb10/Dbrb_diptera/run_diptera_odb10/hmmer_output/initial_run_results/28208at7147.out --cpu 1 /home/nmoreyra/Documents/Genomics/03_orthologs_search/00_Phylogenomics_BUSCO-groups/busco4_odb10/busco_downloads/lineages/diptera_odb10/hmms/28208at7147.hmm /home/nmoreyra/Documents/Genomics/03_orthologs_search/00_Phylogenomics_BUSCO-groups/busco4_odb10/../00_proteins/Dbrb_proteins.fasta 
# Current dir:     /home/nmoreyra/Documents/Genomics/03_orthologs_search/00_Phylogenomics_BUSCO-groups/busco4_odb10
# Date:            Mon Jan 25 13:07:42 2021
# [ok]
