#                                                                            --- full sequence --- -------------- this domain -------------   hmm coord   ali coord   env coord
# target name        accession   tlen query name           accession   qlen   E-value  score  bias   #  of  c-Evalue  i-Evalue  score  bias  from    to  from    to  from    to  acc description of target
#------------------- ---------- ----- -------------------- ---------- ----- --------- ------ ----- --- --- --------- --------- ------ ----- ----- ----- ----- ----- ----- ----- ---- ---------------------
Dbrb00758-RA         -            709 28377at7147          -            532  1.3e-270  898.4   7.2   1   2  1.2e-241    7e-238  790.4   1.2     1   441    28   496    28   506 0.95 -
Dbrb00758-RA         -            709 28377at7147          -            532  1.3e-270  898.4   7.2   2   2   1.8e-35     1e-31  110.0   0.5   436   532   521   650   516   650 0.84 -
Dbrb10919-RA         -            638 28377at7147          -            532   7.7e-55  186.3   0.4   1   1   6.9e-58   3.9e-54  184.0   0.4    27   473    57   532    46   611 0.79 -
Dbrb03601-RA         -           1347 28377at7147          -            532   1.5e-24   86.4  13.5   1   6   6.2e-08   0.00035   19.2   0.0   310   423    28   154    13   171 0.77 -
Dbrb03601-RA         -           1347 28377at7147          -            532   1.5e-24   86.4  13.5   2   6   2.8e-15   1.6e-11   43.4   0.2    27   261    69   303    68   327 0.79 -
Dbrb03601-RA         -           1347 28377at7147          -            532   1.5e-24   86.4  13.5   3   6     1e-06    0.0057   15.2   0.1   299   394   460   553   448   558 0.87 -
Dbrb03601-RA         -           1347 28377at7147          -            532   1.5e-24   86.4  13.5   4   6   1.2e-14   6.9e-11   41.3   2.2    38   240   518   721   517   744 0.79 -
Dbrb03601-RA         -           1347 28377at7147          -            532   1.5e-24   86.4  13.5   5   6      0.13   7.4e+02   -1.7   0.0   491   531   754   797   739   798 0.70 -
Dbrb03601-RA         -           1347 28377at7147          -            532   1.5e-24   86.4  13.5   6   6      0.45   2.5e+03   -3.5   0.0    99   123  1266  1290  1258  1302 0.81 -
#
# Program:         hmmsearch
# Version:         3.1b2 (February 2015)
# Pipeline mode:   SEARCH
# Query file:      /home/nmoreyra/Documents/Genomics/03_orthologs_search/00_Phylogenomics_BUSCO-groups/busco4_odb10/busco_downloads/lineages/diptera_odb10/hmms/28377at7147.hmm
# Target file:     /home/nmoreyra/Documents/Genomics/03_orthologs_search/00_Phylogenomics_BUSCO-groups/busco4_odb10/../00_proteins/Dbrb_proteins.fasta
# Option settings: /home/nmoreyra/Software/miniconda3/envs/busco4/bin/hmmsearch --domtblout /home/nmoreyra/Documents/Genomics/03_orthologs_search/00_Phylogenomics_BUSCO-groups/busco4_odb10/Dbrb_diptera/run_diptera_odb10/hmmer_output/initial_run_results/28377at7147.out --cpu 1 /home/nmoreyra/Documents/Genomics/03_orthologs_search/00_Phylogenomics_BUSCO-groups/busco4_odb10/busco_downloads/lineages/diptera_odb10/hmms/28377at7147.hmm /home/nmoreyra/Documents/Genomics/03_orthologs_search/00_Phylogenomics_BUSCO-groups/busco4_odb10/../00_proteins/Dbrb_proteins.fasta 
# Current dir:     /home/nmoreyra/Documents/Genomics/03_orthologs_search/00_Phylogenomics_BUSCO-groups/busco4_odb10
# Date:            Mon Jan 25 13:08:16 2021
# [ok]
