#                                                                            --- full sequence --- -------------- this domain -------------   hmm coord   ali coord   env coord
# target name        accession   tlen query name           accession   qlen   E-value  score  bias   #  of  c-Evalue  i-Evalue  score  bias  from    to  from    to  from    to  acc description of target
#------------------- ---------- ----- -------------------- ---------- ----- --------- ------ ----- --- --- --------- --------- ------ ----- ----- ----- ----- ----- ----- ----- ---- ---------------------
Dbrb13262-RA         -            554 29095at7147          -            372  2.9e-169  562.8   0.8   1   3       1.8   6.8e+02   -1.1   0.0     4    26    28    50    25    81 0.67 -
Dbrb13262-RA         -            554 29095at7147          -            372  2.9e-169  562.8   0.8   2   3     0.063        24    3.7   0.1    28    49   169   190   165   196 0.88 -
Dbrb13262-RA         -            554 29095at7147          -            372  2.9e-169  562.8   0.8   3   3  1.5e-169  5.8e-167  555.3   0.2    22   372   182   552   172   552 0.90 -
Dbrb02123-RA         -            875 29095at7147          -            372  2.4e-126  421.6   0.1   1   2   1.2e-62   4.4e-60  203.6   0.1    91   356   264   535   258   539 0.88 -
Dbrb02123-RA         -            875 29095at7147          -            372  2.4e-126  421.6   0.1   2   2     2e-66   7.4e-64  216.0   0.0    90   369   536   833   533   836 0.86 -
Dbrb08415-RA         -            768 29095at7147          -            372  3.4e-123  411.2   0.2   1   2      0.71   2.7e+02    0.3   0.4    36    70   298   335   265   344 0.59 -
Dbrb08415-RA         -            768 29095at7147          -            372  3.4e-123  411.2   0.2   2   2  6.9e-125  2.6e-122  408.4   0.0    75   371   466   764   426   765 0.95 -
Dbrb17702-RA         -            740 29095at7147          -            372  5.3e-112  374.4   0.7   1   2      0.67   2.5e+02    0.3   0.4    36    70   298   335   265   344 0.59 -
Dbrb17702-RA         -            740 29095at7147          -            372  5.3e-112  374.4   0.7   2   2  8.9e-114  3.4e-111  371.8   0.0    75   343   466   736   426   738 0.95 -
Dbrb15334-RA         -            579 29095at7147          -            372    2e-102  342.9   0.0   1   1  8.1e-105    3e-102  342.3   0.0    65   372   264   578   221   578 0.89 -
Dbrb09488-RA         -            608 29095at7147          -            372    1e-101  340.6   0.0   1   1  3.4e-104  1.3e-101  340.3   0.0    81   372   308   607   233   607 0.87 -
Dbrb16037-RA         -            461 29095at7147          -            372  3.1e-101  339.0   0.0   1   2  1.9e-101     7e-99  331.2   0.0    40   327    86   376    40   385 0.86 -
Dbrb16037-RA         -            461 29095at7147          -            372  3.1e-101  339.0   0.0   2   2     0.014       5.5    5.8   0.0   329   371   414   458   407   459 0.83 -
Dbrb03257-RA         -            949 29095at7147          -            372  3.3e-101  338.9   0.0   1   2   1.5e-40   5.7e-38  130.8   0.0    67   329   237   501   217   521 0.82 -
Dbrb03257-RA         -            949 29095at7147          -            372  3.3e-101  338.9   0.0   2   2   2.4e-63   9.1e-61  205.8   0.0    89   371   654   939   642   940 0.91 -
Dbrb15455-RA         -            802 29095at7147          -            372   4.4e-88  295.7   0.0   1   2   6.4e-29   2.4e-26   92.5   0.0    87   352   261   524   240   529 0.84 -
Dbrb15455-RA         -            802 29095at7147          -            372   4.4e-88  295.7   0.0   2   2   4.2e-62   1.6e-59  201.7   0.0    88   366   527   799   512   802 0.89 -
Dbrb15946-RA         -            376 29095at7147          -            372   2.1e-76  257.3   0.1   1   1   6.8e-79   2.6e-76  257.0   0.1    73   332    68   328    30   360 0.88 -
Dbrb11488-RA         -            373 29095at7147          -            372   1.8e-75  254.2   0.1   1   1   5.9e-78   2.2e-75  253.9   0.1    96   359    88   355    34   363 0.85 -
Dbrb04992-RA         -            530 29095at7147          -            372   1.7e-67  228.0   0.0   1   1   4.4e-70   1.7e-67  228.0   0.0    54   371   211   529   187   530 0.86 -
Dbrb07154-RA         -            732 29095at7147          -            372   1.2e-60  205.4   0.0   1   2   1.8e-10   6.9e-08   31.8   0.0   133   317   216   419   203   433 0.80 -
Dbrb07154-RA         -            732 29095at7147          -            372   1.2e-60  205.4   0.0   2   2   7.2e-53   2.7e-50  171.3   0.0   101   366   462   727   454   731 0.89 -
Dbrb05849-RA         -            404 29095at7147          -            372   1.4e-58  198.6   0.1   1   1   4.9e-61   1.8e-58  198.2   0.1    67   345   111   382    44   404 0.79 -
Dbrb16388-RA         -            439 29095at7147          -            372   1.9e-58  198.1   0.1   1   1   7.5e-61   2.8e-58  197.6   0.1    75   367   120   405    50   418 0.79 -
Dbrb00977-RA         -            904 29095at7147          -            372   1.4e-57  195.3   0.0   1   2   4.9e-07   0.00018   20.5   0.0   138   286   370   515   361   530 0.89 -
Dbrb00977-RA         -            904 29095at7147          -            372   1.4e-57  195.3   0.0   2   2     3e-53   1.1e-50  172.6   0.0    93   371   614   903   521   904 0.78 -
Dbrb05976-RA         -            439 29095at7147          -            372   5.4e-56  190.1   0.0   1   1     2e-58   7.7e-56  189.6   0.0    94   327   176   412   155   427 0.88 -
Dbrb04513-RA         -            397 29095at7147          -            372   6.7e-56  189.8   0.0   1   1   2.2e-58   8.4e-56  189.5   0.0    87   339   126   379    35   391 0.81 -
Dbrb09234-RA         -            393 29095at7147          -            372   1.1e-55  189.1   0.0   1   1   3.7e-58   1.4e-55  188.7   0.0    35   339    72   375    41   386 0.83 -
Dbrb06432-RA         -            428 29095at7147          -            372   1.1e-54  185.9   0.1   1   1   5.2e-57   1.9e-54  185.0   0.1    93   327   166   403   141   423 0.88 -
Dbrb08377-RA         -            400 29095at7147          -            372   9.2e-54  182.8   0.1   1   1   3.9e-56   1.5e-53  182.1   0.0    94   323   139   371    76   383 0.88 -
Dbrb05180-RA         -            408 29095at7147          -            372   3.3e-52  177.7   0.0   1   1   1.4e-54   5.4e-52  176.9   0.0    95   324   148   380    93   394 0.89 -
Dbrb10166-RA         -           2033 29095at7147          -            372   3.2e-49  167.8   0.0   1   3   1.2e-07   4.6e-05   22.5   0.0   137   335   483   690   430   710 0.74 -
Dbrb10166-RA         -           2033 29095at7147          -            372   3.2e-49  167.8   0.0   2   3   5.2e-44     2e-41  142.2   0.0    94   325   715   946   686   971 0.87 -
Dbrb10166-RA         -           2033 29095at7147          -            372   3.2e-49  167.8   0.0   3   3       2.2   8.4e+02   -1.4   0.0   339   365  1984  2010  1961  2016 0.77 -
Dbrb03220-RA         -            811 29095at7147          -            372     3e-48  164.6   0.0   1   1   1.2e-50   4.6e-48  164.0   0.0    99   325   313   543   302   564 0.91 -
Dbrb15024-RA         -            851 29095at7147          -            372   3.6e-47  161.1   0.0   1   1   1.6e-49     6e-47  160.3   0.0    98   323   353   580   344   602 0.89 -
Dbrb12477-RA         -           1081 29095at7147          -            372     5e-47  160.6   0.0   1   1   2.1e-49   7.8e-47  160.0   0.0    95   323   582   812   575   830 0.90 -
Dbrb04770-RA         -            852 29095at7147          -            372   1.3e-46  159.2   0.0   1   1   8.1e-49   3.1e-46  158.0   0.0    99   329   375   612   367   623 0.90 -
Dbrb01676-RA         -            685 29095at7147          -            372     2e-46  158.6   0.0   1   1   9.2e-49   3.5e-46  157.8   0.0    87   340   342   596   264   606 0.88 -
Dbrb01363-RA         -            754 29095at7147          -            372     2e-44  152.0   0.0   1   2       6.4   2.4e+03   -2.9   0.0    16    77    99   161    88   169 0.68 -
Dbrb01363-RA         -            754 29095at7147          -            372     2e-44  152.0   0.0   2   2   1.5e-46   5.6e-44  150.6   0.0    97   319   314   535   305   556 0.92 -
Dbrb05146-RA         -            745 29095at7147          -            372   1.2e-35  123.1   0.0   1   2   1.5e-36   5.6e-34  117.7   0.0   103   350   219   486   183   499 0.80 -
Dbrb05146-RA         -            745 29095at7147          -            372   1.2e-35  123.1   0.0   2   2      0.11        41    2.9   0.0   137   207   538   609   529   653 0.89 -
Dbrb06173-RA         -            750 29095at7147          -            372     2e-33  115.9   0.0   1   2   5.7e-35   2.2e-32  112.4   0.0   104   353   224   494   208   507 0.80 -
Dbrb06173-RA         -            750 29095at7147          -            372     2e-33  115.9   0.0   2   2      0.53     2e+02    0.7   0.0   137   207   542   613   539   659 0.85 -
Dbrb07986-RA         -            426 29095at7147          -            372   5.2e-22   78.3   0.1   1   1   2.1e-24   7.8e-22   77.7   0.1   129   318   162   379   131   405 0.75 -
Dbrb06494-RA         -            840 29095at7147          -            372   1.9e-18   66.6   0.1   1   1   1.2e-20   4.4e-18   65.3   0.1    20   336   443   778   425   786 0.79 -
Dbrb08598-RA         -            602 29095at7147          -            372   1.7e-13   50.3   0.0   1   1   4.4e-16   1.7e-13   50.3   0.0   134   312   345   534   334   544 0.74 -
Dbrb11732-RA         -            526 29095at7147          -            372   1.8e-10   40.3   0.1   1   3   1.2e-08   4.5e-06   25.8   0.0   123   184     6    71     3    77 0.82 -
Dbrb11732-RA         -            526 29095at7147          -            372   1.8e-10   40.3   0.1   2   3      0.11        40    3.0   0.0   302   335    59    95    54    99 0.86 -
Dbrb11732-RA         -            526 29095at7147          -            372   1.8e-10   40.3   0.1   3   3   0.00075      0.28   10.1   0.0   188   214   202   228   188   267 0.88 -
Dbrb14592-RA         -            671 29095at7147          -            372   6.2e-09   35.3   0.0   1   1   2.9e-11   1.1e-08   34.4   0.0   104   212   325   442   315   450 0.78 -
Dbrb11935-RA         -            599 29095at7147          -            372   3.5e-08   32.8   0.0   1   1   1.6e-10   5.9e-08   32.0   0.0   130   212   283   370   244   379 0.74 -
Dbrb06671-RA         -            673 29095at7147          -            372   1.1e-07   31.2   0.0   1   1   5.4e-10     2e-07   30.3   0.0   135   206   321   398   314   400 0.83 -
Dbrb12998-RA         -            237 29095at7147          -            372   1.9e-05   23.8   0.0   1   1   7.2e-08   2.7e-05   23.3   0.0   138   204    10    75     6    80 0.86 -
Dbrb06583-RA         -            456 29095at7147          -            372   5.6e-05   22.2   0.1   1   2   6.5e-07   0.00024   20.1   0.0   126   173    54   103    40   116 0.76 -
Dbrb06583-RA         -            456 29095at7147          -            372   5.6e-05   22.2   0.1   2   2       2.1   7.9e+02   -1.3   0.0   194   205   295   306   267   310 0.73 -
Dbrb04298-RA         -           1027 29095at7147          -            372     6e-05   22.1   0.2   1   1     4e-07   0.00015   20.8   0.2    89   173   521   599   412   642 0.69 -
Dbrb07497-RA         -            995 29095at7147          -            372     0.014   14.4   0.0   1   1   7.3e-05     0.027   13.4   0.0   134   204   411   483   404   489 0.68 -
Dbrb12937-RA         -            406 29095at7147          -            372     0.038   12.9   0.3   1   1   0.00018     0.066   12.1   0.3   133   206   116   201   102   345 0.63 -
Dbrb15084-RA         -            500 29095at7147          -            372     0.088   11.7   0.3   1   1   0.00051      0.19   10.6   0.3   137   153   203   219   198   223 0.86 -
Dbrb18061-RA         -            500 29095at7147          -            372      0.09   11.7   0.3   1   1   0.00051      0.19   10.6   0.3   137   153   203   219   198   223 0.86 -
#
# Program:         hmmsearch
# Version:         3.1b2 (February 2015)
# Pipeline mode:   SEARCH
# Query file:      /home/nmoreyra/Documents/Genomics/03_orthologs_search/00_Phylogenomics_BUSCO-groups/busco4_odb10/busco_downloads/lineages/diptera_odb10/hmms/29095at7147.hmm
# Target file:     /home/nmoreyra/Documents/Genomics/03_orthologs_search/00_Phylogenomics_BUSCO-groups/busco4_odb10/../00_proteins/Dbrb_proteins.fasta
# Option settings: /home/nmoreyra/Software/miniconda3/envs/busco4/bin/hmmsearch --domtblout /home/nmoreyra/Documents/Genomics/03_orthologs_search/00_Phylogenomics_BUSCO-groups/busco4_odb10/Dbrb_diptera/run_diptera_odb10/hmmer_output/initial_run_results/29095at7147.out --cpu 1 /home/nmoreyra/Documents/Genomics/03_orthologs_search/00_Phylogenomics_BUSCO-groups/busco4_odb10/busco_downloads/lineages/diptera_odb10/hmms/29095at7147.hmm /home/nmoreyra/Documents/Genomics/03_orthologs_search/00_Phylogenomics_BUSCO-groups/busco4_odb10/../00_proteins/Dbrb_proteins.fasta 
# Current dir:     /home/nmoreyra/Documents/Genomics/03_orthologs_search/00_Phylogenomics_BUSCO-groups/busco4_odb10
# Date:            Mon Jan 25 13:06:00 2021
# [ok]
