#                                                                            --- full sequence --- -------------- this domain -------------   hmm coord   ali coord   env coord
# target name        accession   tlen query name           accession   qlen   E-value  score  bias   #  of  c-Evalue  i-Evalue  score  bias  from    to  from    to  from    to  acc description of target
#------------------- ---------- ----- -------------------- ---------- ----- --------- ------ ----- --- --- --------- --------- ------ ----- ----- ----- ----- ----- ----- ----- ---- ---------------------
Dbrb09237-RA         -            381 29417at7147          -            282  6.4e-144  478.1  20.2   1   2  6.2e-100   6.5e-97  323.9  13.7     7   196    40   253    35   263 0.90 -
Dbrb09237-RA         -            381 29417at7147          -            282  6.4e-144  478.1  20.2   2   2   2.6e-49   2.7e-46  157.8   0.6   188   282   271   371   252   371 0.91 -
Dbrb01342-RA         -            554 29417at7147          -            282     6e-33  114.0  29.8   1   2     4e-20   4.3e-17   62.0  13.5    93   245    95   251    20   263 0.74 -
Dbrb01342-RA         -            554 29417at7147          -            282     6e-33  114.0  29.8   2   2   1.2e-18   1.3e-15   57.1   8.0    50   155   327   435   297   453 0.74 -
Dbrb02964-RA         -            413 29417at7147          -            282   5.4e-26   91.2  11.7   1   1     8e-29   8.5e-26   90.6  11.7    36   255    22   260    10   282 0.68 -
Dbrb01593-RA         -            290 29417at7147          -            282   1.4e-23   83.3   7.0   1   2       1.6   1.7e+03   -2.3   0.3    60    84    34    58    16    89 0.60 -
Dbrb01593-RA         -            290 29417at7147          -            282   1.4e-23   83.3   7.0   2   2   1.3e-26   1.4e-23   83.3   7.0    81   157   106   185   100   200 0.86 -
Dbrb07416-RA         -            277 29417at7147          -            282   8.2e-23   80.8   7.4   1   1     1e-25   1.1e-22   80.3   7.2    84   157    94   167    22   217 0.88 -
Dbrb02126-RA         -            479 29417at7147          -            282   1.8e-22   79.7  14.0   1   2       0.5   5.3e+02   -0.6   3.6    44    90    37    86    21    89 0.70 -
Dbrb02126-RA         -            479 29417at7147          -            282   1.8e-22   79.7  14.0   2   2   1.7e-25   1.8e-22   79.7  14.0    89   253   125   287   109   310 0.73 -
Dbrb03485-RA         -            752 29417at7147          -            282   2.4e-18   66.1   3.8   1   2       1.1   1.2e+03   -1.8   0.1    31    90    44   104    40   121 0.73 -
Dbrb03485-RA         -            752 29417at7147          -            282   2.4e-18   66.1   3.8   2   2   2.3e-21   2.4e-18   66.1   3.8    93   222   146   264   134   290 0.74 -
Dbrb04163-RA         -            639 29417at7147          -            282   2.7e-18   65.9   5.2   1   2       4.4   4.7e+03   -3.7   1.1   144   158   324   338   305   397 0.54 -
Dbrb04163-RA         -            639 29417at7147          -            282   2.7e-18   65.9   5.2   2   2   2.6e-21   2.7e-18   65.9   5.2    88   150   425   487   412   552 0.87 -
Dbrb02110-RA         -            280 29417at7147          -            282   6.8e-16   58.1  18.3   1   1   1.4e-18   1.5e-15   57.0  18.3    52   258    54   255    29   273 0.67 -
Dbrb13425-RA         -            981 29417at7147          -            282   1.7e-15   56.7   7.6   1   1   2.8e-18     3e-15   56.0   7.6    95   156   217   279   202   289 0.85 -
Dbrb13479-RA         -            632 29417at7147          -            282     4e-15   55.6  13.2   1   1   6.8e-18   7.2e-15   54.7  13.2    92   157   471   536   450   580 0.91 -
Dbrb06634-RA         -            320 29417at7147          -            282   1.8e-13   50.1  14.4   1   2       1.3   1.4e+03   -2.0   0.6   130   151    71    92    52   100 0.79 -
Dbrb06634-RA         -            320 29417at7147          -            282   1.8e-13   50.1  14.4   2   2   1.7e-16   1.8e-13   50.1  14.4    92   157   119   184   105   307 0.83 -
Dbrb01332-RA         -            295 29417at7147          -            282   5.8e-13   48.5  10.6   1   1   7.2e-16   7.6e-13   48.1  10.6    82   157    92   169    16   265 0.73 -
Dbrb15474-RA         -            682 29417at7147          -            282   1.3e-09   37.5   5.1   1   2       1.5   1.6e+03   -2.2   0.9    38    76   380   422   367   431 0.70 -
Dbrb15474-RA         -            682 29417at7147          -            282   1.3e-09   37.5   5.1   2   2   1.2e-12   1.3e-09   37.5   5.1    84   145   518   579   514   595 0.88 -
Dbrb16084-RA         -            975 29417at7147          -            282   2.9e-09   36.3  22.6   1   2   0.00018      0.19   10.7   7.8    93   117    86   110    74   140 0.84 -
Dbrb16084-RA         -            975 29417at7147          -            282   2.9e-09   36.3  22.6   2   2   1.5e-09   1.6e-06   27.3   7.1   118   161   141   182   134   253 0.65 -
Dbrb08300-RA         -            114 29417at7147          -            282   2.9e-06   26.5   0.3   1   1   3.8e-09     4e-06   26.0   0.3    30   112    15   110     5   113 0.68 -
#
# Program:         hmmsearch
# Version:         3.1b2 (February 2015)
# Pipeline mode:   SEARCH
# Query file:      /home/nmoreyra/Documents/Genomics/03_orthologs_search/00_Phylogenomics_BUSCO-groups/busco4_odb10/busco_downloads/lineages/diptera_odb10/hmms/29417at7147.hmm
# Target file:     /home/nmoreyra/Documents/Genomics/03_orthologs_search/00_Phylogenomics_BUSCO-groups/busco4_odb10/../00_proteins/Dbrb_proteins.fasta
# Option settings: /home/nmoreyra/Software/miniconda3/envs/busco4/bin/hmmsearch --domtblout /home/nmoreyra/Documents/Genomics/03_orthologs_search/00_Phylogenomics_BUSCO-groups/busco4_odb10/Dbrb_diptera/run_diptera_odb10/hmmer_output/initial_run_results/29417at7147.out --cpu 1 /home/nmoreyra/Documents/Genomics/03_orthologs_search/00_Phylogenomics_BUSCO-groups/busco4_odb10/busco_downloads/lineages/diptera_odb10/hmms/29417at7147.hmm /home/nmoreyra/Documents/Genomics/03_orthologs_search/00_Phylogenomics_BUSCO-groups/busco4_odb10/../00_proteins/Dbrb_proteins.fasta 
# Current dir:     /home/nmoreyra/Documents/Genomics/03_orthologs_search/00_Phylogenomics_BUSCO-groups/busco4_odb10
# Date:            Mon Jan 25 13:06:36 2021
# [ok]
