#                                                                            --- full sequence --- -------------- this domain -------------   hmm coord   ali coord   env coord
# target name        accession   tlen query name           accession   qlen   E-value  score  bias   #  of  c-Evalue  i-Evalue  score  bias  from    to  from    to  from    to  acc description of target
#------------------- ---------- ----- -------------------- ---------- ----- --------- ------ ----- --- --- --------- --------- ------ ----- ----- ----- ----- ----- ----- ----- ---- ---------------------
Dbrb12626-RA         -            408 30439at7147          -            373  4.2e-224  743.4   2.4   1   1  3.1e-226  4.9e-224  743.2   2.4     1   373     1   407     1   407 0.95 -
Dbrb13414-RA         -            347 30439at7147          -            373   5.1e-27   94.8   0.0   1   4   2.2e-06   0.00035   19.7   0.0   173   252    48   128    41   132 0.87 -
Dbrb13414-RA         -            347 30439at7147          -            373   5.1e-27   94.8   0.0   2   4   1.9e-09   3.1e-07   29.7   0.0   168   251   128   211   126   213 0.85 -
Dbrb13414-RA         -            347 30439at7147          -            373   5.1e-27   94.8   0.0   3   4   0.00011     0.018   14.1   0.0     4    53   205   254   204   259 0.90 -
Dbrb13414-RA         -            347 30439at7147          -            373   5.1e-27   94.8   0.0   4   4   1.8e-09   2.8e-07   29.9   0.0   175   250   265   344   260   346 0.83 -
Dbrb02399-RA         -            679 30439at7147          -            373   1.5e-21   76.8   6.9   1   4    0.0029      0.46    9.4   0.1   218   267    24    82    20    86 0.74 -
Dbrb02399-RA         -            679 30439at7147          -            373   1.5e-21   76.8   6.9   2   4   8.2e-10   1.3e-07   31.0   0.4   190   259    85   152    66   161 0.82 -
Dbrb02399-RA         -            679 30439at7147          -            373   1.5e-21   76.8   6.9   3   4      0.73   1.2e+02    1.5   0.0    17    53   160   196   153   200 0.83 -
Dbrb02399-RA         -            679 30439at7147          -            373   1.5e-21   76.8   6.9   4   4   1.1e-11   1.8e-09   37.1   0.1   169   252   197   280   195   293 0.87 -
Dbrb01321-RA         -            411 30439at7147          -            373   7.5e-21   74.5   5.4   1   5      0.19        31    3.4   0.0   216   251   102   137    97   145 0.66 -
Dbrb01321-RA         -            411 30439at7147          -            373   7.5e-21   74.5   5.4   2   5   1.8e-10   2.9e-08   33.1   0.1   175   252   145   223   142   227 0.92 -
Dbrb01321-RA         -            411 30439at7147          -            373   7.5e-21   74.5   5.4   3   5    0.0093       1.5    7.8   0.1   173   234   228   289   222   302 0.81 -
Dbrb01321-RA         -            411 30439at7147          -            373   7.5e-21   74.5   5.4   4   5   1.2e-08   1.9e-06   27.2   0.0   193   269   311   386   303   394 0.84 -
Dbrb01321-RA         -            411 30439at7147          -            373   7.5e-21   74.5   5.4   5   5      0.41        66    2.3   0.1   191   207   393   409   376   411 0.77 -
Dbrb06935-RA         -            488 30439at7147          -            373   1.4e-20   73.7   5.6   1   4   8.1e-07   0.00013   21.1   0.0   175   251   114   190   107   198 0.87 -
Dbrb06935-RA         -            488 30439at7147          -            373   1.4e-20   73.7   5.6   2   4     0.018       2.8    6.8   0.1   175   251   199   279   192   326 0.70 -
Dbrb06935-RA         -            488 30439at7147          -            373   1.4e-20   73.7   5.6   3   4   0.00052     0.082   11.9   0.1   189   250   343   403   317   406 0.84 -
Dbrb06935-RA         -            488 30439at7147          -            373   1.4e-20   73.7   5.6   4   4   9.5e-11   1.5e-08   34.0   0.2   173   250   410   487   406   488 0.95 -
Dbrb07005-RA         -            789 30439at7147          -            373   5.1e-19   68.5   2.1   1   3   9.6e-06    0.0015   17.6   0.0   176   250    14    95     5   101 0.83 -
Dbrb07005-RA         -            789 30439at7147          -            373   5.1e-19   68.5   2.1   2   3   4.6e-09   7.3e-07   28.5   0.6   174   251   103   182    98   188 0.86 -
Dbrb07005-RA         -            789 30439at7147          -            373   5.1e-19   68.5   2.1   3   3   1.5e-06   0.00023   20.3   0.0   172   251   186   265   183   269 0.87 -
Dbrb02020-RA         -           1930 30439at7147          -            373   1.8e-18   66.7  15.2   1   6   1.6e-09   2.6e-07   30.0   0.2   174   251   942  1020   911  1027 0.86 -
Dbrb02020-RA         -           1930 30439at7147          -            373   1.8e-18   66.7  15.2   2   6      0.12        19    4.1   0.0   179   208  1032  1062  1017  1068 0.71 -
Dbrb02020-RA         -           1930 30439at7147          -            373   1.8e-18   66.7  15.2   3   6     0.044         7    5.5   0.0   193   253  1088  1147  1065  1157 0.72 -
Dbrb02020-RA         -           1930 30439at7147          -            373   1.8e-18   66.7  15.2   4   6   0.00017     0.026   13.5   0.0   174   251  1255  1332  1238  1340 0.88 -
Dbrb02020-RA         -           1930 30439at7147          -            373   1.8e-18   66.7  15.2   5   6   6.5e-05      0.01   14.8   0.8   178   251  1381  1455  1340  1460 0.79 -
Dbrb02020-RA         -           1930 30439at7147          -            373   1.8e-18   66.7  15.2   6   6      0.15        23    3.8   0.1   172   214  1460  1501  1454  1545 0.76 -
Dbrb06230-RA         -            364 30439at7147          -            373   4.1e-18   65.5   1.2   1   3   2.8e-06   0.00045   19.3   0.0   192   254    86   150    81   157 0.86 -
Dbrb06230-RA         -            364 30439at7147          -            373   4.1e-18   65.5   1.2   2   3   1.6e-08   2.5e-06   26.8   0.1   115   237   172   302   165   305 0.84 -
Dbrb06230-RA         -            364 30439at7147          -            373   4.1e-18   65.5   1.2   3   3   1.3e-07   2.1e-05   23.7   0.1   173   250   280   357   277   362 0.89 -
Dbrb05278-RA         -            358 30439at7147          -            373   1.1e-17   64.1   4.9   1   4   1.9e-05    0.0031   16.6   0.3   175   253    64   142    58   145 0.84 -
Dbrb05278-RA         -            358 30439at7147          -            373   1.1e-17   64.1   4.9   2   4   1.5e-05    0.0025   16.9   0.1   175   230   106   161   103   165 0.82 -
Dbrb05278-RA         -            358 30439at7147          -            373   1.1e-17   64.1   4.9   3   4     3e-09   4.8e-07   29.1   0.0   173   252   146   225   141   238 0.86 -
Dbrb05278-RA         -            358 30439at7147          -            373   1.1e-17   64.1   4.9   4   4   1.1e-05    0.0018   17.3   0.2   175   250   275   355   271   358 0.73 -
Dbrb16592-RA         -            356 30439at7147          -            373   3.5e-17   62.4   1.3   1   5   0.00048     0.076   12.0   0.0   174   208    62    97    42   137 0.76 -
Dbrb16592-RA         -            356 30439at7147          -            373   3.5e-17   62.4   1.3   2   5    0.0038       0.6    9.0   0.0   184   252   115   186    97   192 0.72 -
Dbrb16592-RA         -            356 30439at7147          -            373   3.5e-17   62.4   1.3   3   5    0.0021      0.33    9.9   0.0   175   231   151   207   145   215 0.80 -
Dbrb16592-RA         -            356 30439at7147          -            373   3.5e-17   62.4   1.3   4   5   3.5e-07   5.6e-05   22.3   0.0   175   260   193   280   187   287 0.83 -
Dbrb16592-RA         -            356 30439at7147          -            373   3.5e-17   62.4   1.3   5   5   2.8e-05    0.0045   16.0   0.1   191   249   298   355   286   356 0.88 -
Dbrb04473-RA         -            763 30439at7147          -            373     8e-17   61.3  13.1   1   2     1e-10   1.6e-08   34.0   1.7   283   335   493   545   476   548 0.92 -
Dbrb04473-RA         -            763 30439at7147          -            373     8e-17   61.3  13.1   2   2   4.3e-10   6.8e-08   31.9   3.4   286   325   657   696   653   707 0.94 -
Dbrb16061-RA         -            312 30439at7147          -            373     3e-16   59.4   0.3   1   3   1.7e-05    0.0028   16.7   0.1   165   208    40    84    27   145 0.83 -
Dbrb16061-RA         -            312 30439at7147          -            373     3e-16   59.4   0.3   2   3   2.4e-08   3.7e-06   26.2   0.0   169   264   145   240   134   250 0.84 -
Dbrb16061-RA         -            312 30439at7147          -            373     3e-16   59.4   0.3   3   3   0.00023     0.037   13.0   0.1   187   249   250   311   234   312 0.84 -
Dbrb06957-RA         -            724 30439at7147          -            373   3.8e-16   59.0   1.0   1   4     0.001      0.16   10.9   0.0   170   211   369   411   358   422 0.85 -
Dbrb06957-RA         -            724 30439at7147          -            373   3.8e-16   59.0   1.0   2   4     0.005      0.79    8.6   0.1   185   252   439   505   418   515 0.87 -
Dbrb06957-RA         -            724 30439at7147          -            373   3.8e-16   59.0   1.0   3   4   3.5e-09   5.6e-07   28.9   0.1   116   230   488   608   474   612 0.81 -
Dbrb06957-RA         -            724 30439at7147          -            373   3.8e-16   59.0   1.0   4   4   7.1e-05     0.011   14.7   0.0   192   252   622   681   615   699 0.89 -
Dbrb05265-RA         -            477 30439at7147          -            373   9.4e-16   57.7   3.7   1   4   2.4e-07   3.8e-05   22.8   0.1   175   252   162   239   158   246 0.87 -
Dbrb05265-RA         -            477 30439at7147          -            373   9.4e-16   57.7   3.7   2   4   3.3e-08   5.2e-06   25.7   0.1   175   265   246   336   240   363 0.83 -
Dbrb05265-RA         -            477 30439at7147          -            373   9.4e-16   57.7   3.7   3   4    0.0047      0.74    8.7   0.1   173   251   328   404   326   411 0.73 -
Dbrb05265-RA         -            477 30439at7147          -            373   9.4e-16   57.7   3.7   4   4     0.012       1.9    7.4   0.1   174   208   370   404   365   455 0.74 -
Dbrb10107-RA         -            317 30439at7147          -            373     2e-15   56.7   4.9   1   5    0.0052      0.83    8.6   0.0   175   216    10    53     4    76 0.70 -
Dbrb10107-RA         -            317 30439at7147          -            373     2e-15   56.7   4.9   2   5   1.7e-08   2.7e-06   26.6   0.0   188   253    73   137    56   150 0.82 -
Dbrb10107-RA         -            317 30439at7147          -            373     2e-15   56.7   4.9   3   5      0.19        30    3.4   0.0   349   370   160   181   142   184 0.73 -
Dbrb10107-RA         -            317 30439at7147          -            373     2e-15   56.7   4.9   4   5     5e-05    0.0079   15.2   0.0   177   257   190   268   182   281 0.78 -
Dbrb10107-RA         -            317 30439at7147          -            373     2e-15   56.7   4.9   5   5      0.94   1.5e+02    1.2   0.0   186   208   291   313   276   316 0.80 -
Dbrb07894-RA         -            510 30439at7147          -            373   3.1e-15   56.1   8.3   1   5       3.1   4.9e+02   -0.5   0.0   173   207   203   236   192   240 0.52 -
Dbrb07894-RA         -            510 30439at7147          -            373   3.1e-15   56.1   8.3   2   5   2.2e-08   3.5e-06   26.3   1.2   172   253   242   319   213   327 0.84 -
Dbrb07894-RA         -            510 30439at7147          -            373   3.1e-15   56.1   8.3   3   5      0.22        35    3.2   0.0   348   370   339   361   320   364 0.59 -
Dbrb07894-RA         -            510 30439at7147          -            373   3.1e-15   56.1   8.3   4   5   5.9e-07   9.3e-05   21.6   0.0   173   253   366   442   364   450 0.88 -
Dbrb07894-RA         -            510 30439at7147          -            373   3.1e-15   56.1   8.3   5   5     0.057         9    5.2   0.0   171   208   453   489   447   493 0.88 -
Dbrb04227-RA         -            406 30439at7147          -            373   3.7e-15   55.8   0.0   1   3     0.022       3.4    6.5   0.0   218   253    15    50    10    63 0.82 -
Dbrb04227-RA         -            406 30439at7147          -            373   3.7e-15   55.8   0.0   2   3   8.1e-07   0.00013   21.1   0.0   175   261    56   142    51   171 0.81 -
Dbrb04227-RA         -            406 30439at7147          -            373   3.7e-15   55.8   0.0   3   3   1.1e-07   1.7e-05   24.0   0.0   177   260   226   309   156   337 0.75 -
Dbrb02801-RA         -           1377 30439at7147          -            373     1e-14   54.3  15.0   1   5    0.0083       1.3    7.9   1.1   174   252  1039  1114  1034  1118 0.74 -
Dbrb02801-RA         -           1377 30439at7147          -            373     1e-14   54.3  15.0   2   5   0.00011     0.018   14.0   0.1   173   208  1119  1153  1116  1161 0.91 -
Dbrb02801-RA         -           1377 30439at7147          -            373     1e-14   54.3  15.0   3   5   2.9e-08   4.6e-06   25.9   0.2   174   252  1160  1234  1155  1242 0.89 -
Dbrb02801-RA         -           1377 30439at7147          -            373     1e-14   54.3  15.0   4   5      0.25        39    3.1   0.0   194   226  1219  1250  1211  1254 0.77 -
Dbrb02801-RA         -           1377 30439at7147          -            373     1e-14   54.3  15.0   5   5    0.0003     0.048   12.7   0.2   190   253  1255  1318  1239  1348 0.72 -
Dbrb01301-RA         -            331 30439at7147          -            373   3.8e-14   52.5   6.6   1   4      0.01       1.6    7.6   0.0   216   252     8    44     2    53 0.89 -
Dbrb01301-RA         -            331 30439at7147          -            373   3.8e-14   52.5   6.6   2   4   2.6e-07   4.1e-05   22.7   0.2   174   252    53   129    43   136 0.88 -
Dbrb01301-RA         -            331 30439at7147          -            373   3.8e-14   52.5   6.6   3   4   2.1e-05    0.0034   16.4   0.4   174   251   138   219   129   279 0.89 -
Dbrb01301-RA         -            331 30439at7147          -            373   3.8e-14   52.5   6.6   4   4     0.012       1.9    7.4   0.0    16    51   291   328   275   331 0.66 -
Dbrb05045-RA         -            788 30439at7147          -            373     5e-14   52.1   1.2   1   3   3.1e-06    0.0005   19.2   0.0   172   255    10    93     6    96 0.89 -
Dbrb05045-RA         -            788 30439at7147          -            373     5e-14   52.1   1.2   2   3   1.3e-09     2e-07   30.3   0.1   174   262    96   185    93   197 0.91 -
Dbrb05045-RA         -            788 30439at7147          -            373     5e-14   52.1   1.2   3   3       3.8     6e+02   -0.8   0.0   180   207   232   261   191   331 0.64 -
Dbrb13499-RA         -            527 30439at7147          -            373   5.7e-14   51.9   1.8   1   3   2.2e-10   3.5e-08   32.8   0.3   149   251   256   363   232   371 0.81 -
Dbrb13499-RA         -            527 30439at7147          -            373   5.7e-14   51.9   1.8   2   3   0.00028     0.044   12.8   0.0   175   259   377   465   365   467 0.83 -
Dbrb13499-RA         -            527 30439at7147          -            373   5.7e-14   51.9   1.8   3   3     0.066        10    5.0   0.0   217   253   465   501   463   523 0.82 -
Dbrb06007-RA         -            570 30439at7147          -            373     1e-13   51.0   5.4   1   3     2e-09   3.1e-07   29.7   0.1   172   253   271   354   267   373 0.88 -
Dbrb06007-RA         -            570 30439at7147          -            373     1e-13   51.0   5.4   2   3   3.5e-05    0.0055   15.7   0.1   191   252   379   439   370   451 0.85 -
Dbrb06007-RA         -            570 30439at7147          -            373     1e-13   51.0   5.4   3   3     0.016       2.5    7.0   0.2   158   250   475   570   449   570 0.77 -
Dbrb02766-RA         -           1236 30439at7147          -            373   4.1e-13   49.1   0.7   1   3   2.6e-05    0.0041   16.2   0.0   174   251    45   122    14   124 0.86 -
Dbrb02766-RA         -           1236 30439at7147          -            373   4.1e-13   49.1   0.7   2   3   6.2e-06   0.00099   18.2   0.1   194   257   108   170   104   173 0.92 -
Dbrb02766-RA         -           1236 30439at7147          -            373   4.1e-13   49.1   0.7   3   3   6.6e-06     0.001   18.1   0.0   167   252   195   282   186   291 0.80 -
Dbrb09735-RA         -            448 30439at7147          -            373   1.8e-12   46.9   3.2   1   4      0.14        22    3.9   0.0   196   252   140   196   129   216 0.78 -
Dbrb09735-RA         -            448 30439at7147          -            373   1.8e-12   46.9   3.2   2   4   0.00053     0.083   11.9   0.0   174   226   245   297   238   298 0.82 -
Dbrb09735-RA         -            448 30439at7147          -            373   1.8e-12   46.9   3.2   3   4   3.6e-07   5.7e-05   22.3   0.1   175   252   288   366   284   370 0.93 -
Dbrb09735-RA         -            448 30439at7147          -            373   1.8e-12   46.9   3.2   4   4    0.0045      0.71    8.8   0.0    14    52   369   407   366   414 0.92 -
Dbrb07404-RA         -            419 30439at7147          -            373     2e-12   46.8   6.0   1   3    0.0015      0.23   10.4   0.4   175   269   139   194   103   231 0.53 -
Dbrb07404-RA         -            419 30439at7147          -            373     2e-12   46.8   6.0   2   3   0.00073      0.12   11.4   0.2   175   249   246   318   237   328 0.76 -
Dbrb07404-RA         -            419 30439at7147          -            373     2e-12   46.8   6.0   3   3   1.6e-08   2.5e-06   26.8   0.0   174   252   330   409   320   418 0.84 -
Dbrb04289-RA         -            346 30439at7147          -            373     5e-12   45.5   1.1   1   4    0.0031      0.49    9.3   0.1   218   255    55    92    39   106 0.81 -
Dbrb04289-RA         -            346 30439at7147          -            373     5e-12   45.5   1.1   2   4     0.071        11    4.9   0.0   190   257   112   183    90   187 0.75 -
Dbrb04289-RA         -            346 30439at7147          -            373     5e-12   45.5   1.1   3   4   1.5e-06   0.00024   20.2   0.0   172   255   182   265   179   277 0.87 -
Dbrb04289-RA         -            346 30439at7147          -            373     5e-12   45.5   1.1   4   4    0.0056      0.88    8.5   0.0   188   249   286   345   273   346 0.80 -
Dbrb07811-RA         -            807 30439at7147          -            373   1.5e-11   43.9   6.6   1   3    0.0061      0.96    8.4   0.4   173   252   181   259   144   266 0.84 -
Dbrb07811-RA         -            807 30439at7147          -            373   1.5e-11   43.9   6.6   2   3   4.5e-07   7.1e-05   22.0   0.1   175   258   266   351   259   353 0.87 -
Dbrb07811-RA         -            807 30439at7147          -            373   1.5e-11   43.9   6.6   3   3   1.4e-05    0.0023   17.0   0.2   173   252   351   432   350   441 0.89 -
Dbrb08569-RA         -            430 30439at7147          -            373   4.8e-11   42.3   0.4   1   4    0.0016      0.26   10.2   0.0   217   265   176   225   168   228 0.86 -
Dbrb08569-RA         -            430 30439at7147          -            373   4.8e-11   42.3   0.4   2   4      0.18        28    3.5   0.1   174   209   225   262   220   269 0.79 -
Dbrb08569-RA         -            430 30439at7147          -            373   4.8e-11   42.3   0.4   3   4   6.6e-07    0.0001   21.4   0.0   175   257   272   357   264   366 0.86 -
Dbrb08569-RA         -            430 30439at7147          -            373   4.8e-11   42.3   0.4   4   4      0.28        44    2.9   0.0   219   252   375   409   368   419 0.74 -
Dbrb07063-RA         -            330 30439at7147          -            373   4.9e-11   42.2   4.0   1   4   1.8e-08   2.8e-06   26.6   0.1   178   253    74   149    69   156 0.80 -
Dbrb07063-RA         -            330 30439at7147          -            373   4.9e-11   42.2   4.0   2   4    0.0065         1    8.3   0.1   178   252   159   235   151   264 0.77 -
Dbrb07063-RA         -            330 30439at7147          -            373   4.9e-11   42.2   4.0   3   4      0.26        42    3.0   0.0   177   257   202   280   195   295 0.74 -
Dbrb07063-RA         -            330 30439at7147          -            373   4.9e-11   42.2   4.0   4   4     0.028       4.5    6.2   0.1   186   209   303   326   287   329 0.85 -
Dbrb01550-RA         -            373 30439at7147          -            373   7.2e-11   41.7   0.3   1   4     0.017       2.6    6.9   0.0   215   254    70   109    63   112 0.93 -
Dbrb01550-RA         -            373 30439at7147          -            373   7.2e-11   41.7   0.3   2   4    0.0034      0.54    9.2   0.0    14    53   110   149   107   154 0.88 -
Dbrb01550-RA         -            373 30439at7147          -            373   7.2e-11   41.7   0.3   3   4   4.6e-05    0.0073   15.3   0.0   175   251   156   232   150   247 0.84 -
Dbrb01550-RA         -            373 30439at7147          -            373   7.2e-11   41.7   0.3   4   4     0.032       5.1    6.0   0.1   111   149   299   340   259   352 0.78 -
Dbrb09683-RA         -            933 30439at7147          -            373   1.1e-10   41.0   4.5   1   6   0.00055     0.087   11.8   0.0   175   249    60   137    53   141 0.82 -
Dbrb09683-RA         -            933 30439at7147          -            373   1.1e-10   41.0   4.5   2   6     2e-05    0.0032   16.5   0.3   176   261   106   194   101   211 0.77 -
Dbrb09683-RA         -            933 30439at7147          -            373   1.1e-10   41.0   4.5   3   6      0.11        17    4.2   0.0   220   269   411   459   398   466 0.83 -
Dbrb09683-RA         -            933 30439at7147          -            373   1.1e-10   41.0   4.5   4   6         3   4.8e+02   -0.5   0.0    23    51   494   522   483   529 0.80 -
Dbrb09683-RA         -            933 30439at7147          -            373   1.1e-10   41.0   4.5   5   6   8.7e-05     0.014   14.4   0.0   176   257   588   669   548   675 0.77 -
Dbrb09683-RA         -            933 30439at7147          -            373   1.1e-10   41.0   4.5   6   6     0.011       1.8    7.5   0.0   178   250   632   704   626   710 0.86 -
Dbrb04678-RA         -           1003 30439at7147          -            373   1.5e-10   40.6   1.5   1   3    0.0017      0.27   10.2   0.1   175   209    94   129    87   147 0.82 -
Dbrb04678-RA         -           1003 30439at7147          -            373   1.5e-10   40.6   1.5   2   3   3.4e-08   5.4e-06   25.6   0.0   173   255   151   234   139   251 0.88 -
Dbrb04678-RA         -           1003 30439at7147          -            373   1.5e-10   40.6   1.5   3   3      0.52        82    2.0   0.0   193   252   325   384   297   407 0.87 -
Dbrb05644-RA         -            666 30439at7147          -            373   1.7e-10   40.5   0.1   1   1   1.9e-12     3e-10   39.7   0.1   153   256    70   171    35   200 0.84 -
Dbrb10669-RA         -            478 30439at7147          -            373   2.1e-10   40.2   2.0   1   3   1.1e-09   1.7e-07   30.6   0.3   131   264   200   340   181   349 0.81 -
Dbrb10669-RA         -            478 30439at7147          -            373   2.1e-10   40.2   2.0   2   3      0.11        18    4.2   0.1   176   256   336   420   332   424 0.72 -
Dbrb10669-RA         -            478 30439at7147          -            373   2.1e-10   40.2   2.0   3   3    0.0076       1.2    8.0   0.1   187   256   392   462   378   474 0.78 -
Dbrb07699-RA         -           2373 30439at7147          -            373   3.5e-10   39.4   2.4   1   5         3   4.8e+02   -0.5   0.0   215   253   121   161    97   205 0.64 -
Dbrb07699-RA         -           2373 30439at7147          -            373   3.5e-10   39.4   2.4   2   5       1.2   1.9e+02    0.8   0.0   343   372   333   362   313   363 0.85 -
Dbrb07699-RA         -           2373 30439at7147          -            373   3.5e-10   39.4   2.4   3   5   1.6e-05    0.0026   16.8   0.0   162   250   483   583   469   597 0.78 -
Dbrb07699-RA         -           2373 30439at7147          -            373   3.5e-10   39.4   2.4   4   5      0.18        28    3.5   0.0   339   368   597   626   590   631 0.87 -
Dbrb07699-RA         -           2373 30439at7147          -            373   3.5e-10   39.4   2.4   5   5   0.00034     0.054   12.5   0.0   197   252   661   715   625   733 0.76 -
Dbrb11100-RA         -           3504 30439at7147          -            373   3.7e-10   39.4  11.5   1   3       1.6   2.6e+02    0.4   0.0   233   257  3056  3080  3033  3087 0.83 -
Dbrb11100-RA         -           3504 30439at7147          -            373   3.7e-10   39.4  11.5   2   3   2.6e-07   4.1e-05   22.8   0.8   175   270  3086  3182  3076  3204 0.78 -
Dbrb11100-RA         -           3504 30439at7147          -            373   3.7e-10   39.4  11.5   3   3   1.4e-06   0.00023   20.3   2.4   286   333  3455  3502  3448  3504 0.91 -
Dbrb03470-RA         -            548 30439at7147          -            373   1.8e-09   37.1   0.4   1   5     0.019         3    6.7   0.0   193   252   311   370   282   377 0.82 -
Dbrb03470-RA         -            548 30439at7147          -            373   1.8e-09   37.1   0.4   2   5    0.0016      0.25   10.3   0.0   192   253   353   413   331   421 0.83 -
Dbrb03470-RA         -            548 30439at7147          -            373   1.8e-09   37.1   0.4   3   5      0.15        24    3.8   0.0   177   221   379   423   371   435 0.67 -
Dbrb03470-RA         -            548 30439at7147          -            373   1.8e-09   37.1   0.4   4   5   2.7e-05    0.0043   16.1   0.0   187   250   432   495   414   502 0.79 -
Dbrb03470-RA         -            548 30439at7147          -            373   1.8e-09   37.1   0.4   5   5     0.049       7.7    5.4   0.0   217   250   504   537   499   542 0.89 -
Dbrb08773-RA         -            682 30439at7147          -            373   2.6e-09   36.6   0.1   1   1     3e-11   4.7e-09   35.7   0.1   153   254    70   169    35   179 0.86 -
Dbrb03449-RA         -            819 30439at7147          -            373   2.8e-09   36.4   3.7   1   4   0.00023     0.036   13.1   0.0   176   250   137   218   122   235 0.79 -
Dbrb03449-RA         -            819 30439at7147          -            373   2.8e-09   36.4   3.7   2   4   1.4e-05    0.0022   17.0   0.1   177   269   529   623   459   629 0.74 -
Dbrb03449-RA         -            819 30439at7147          -            373   2.8e-09   36.4   3.7   3   4   2.7e-06   0.00044   19.4   0.2   144   251   532   646   502   670 0.75 -
Dbrb03449-RA         -            819 30439at7147          -            373   2.8e-09   36.4   3.7   4   4      0.44        70    2.2   0.1   193   251   674   731   652   734 0.55 -
Dbrb01065-RA         -            843 30439at7147          -            373   3.3e-09   36.2  12.4   1   5   3.6e-08   5.7e-06   25.6   0.2   194   264   181   253   148   259 0.88 -
Dbrb01065-RA         -            843 30439at7147          -            373   3.3e-09   36.2  12.4   2   5       3.4   5.4e+02   -0.7   0.0   223   257   301   335   268   348 0.82 -
Dbrb01065-RA         -            843 30439at7147          -            373   3.3e-09   36.2  12.4   3   5      0.33        53    2.6   0.0   220   370   389   419   382   422 0.60 -
Dbrb01065-RA         -            843 30439at7147          -            373   3.3e-09   36.2  12.4   4   5     0.061       9.6    5.1   0.1   178   251   435   518   426   523 0.71 -
Dbrb01065-RA         -            843 30439at7147          -            373   3.3e-09   36.2  12.4   5   5     0.026       4.2    6.3   0.3   173   273   524   631   520   641 0.72 -
Dbrb02022-RA         -            505 30439at7147          -            373   3.7e-09   36.1   0.0   1   2     5e-05    0.0079   15.2   0.0   173   261   258   346   246   361 0.84 -
Dbrb02022-RA         -            505 30439at7147          -            373   3.7e-09   36.1   0.0   2   2   4.7e-06   0.00074   18.6   0.0   193   257   363   427   348   443 0.88 -
Dbrb07292-RA         -            747 30439at7147          -            373   4.2e-09   35.9   3.7   1   1   4.3e-11   6.8e-09   35.2   3.7   285   334   174   223   163   233 0.92 -
Dbrb16360-RA         -            308 30439at7147          -            373   5.6e-09   35.5   0.9   1   4       3.6   5.6e+02   -0.7   0.0   224   250    19    45    11    54 0.68 -
Dbrb16360-RA         -            308 30439at7147          -            373   5.6e-09   35.5   0.9   2   4   1.3e-09     2e-07   30.4   0.2   174   302    53   182    47   190 0.87 -
Dbrb16360-RA         -            308 30439at7147          -            373   5.6e-09   35.5   0.9   3   4       2.6   4.1e+02   -0.3   0.0   192   224   196   227   186   266 0.53 -
Dbrb16360-RA         -            308 30439at7147          -            373   5.6e-09   35.5   0.9   4   4      0.52        83    2.0   0.0   177   248   222   297   217   303 0.74 -
Dbrb10308-RA         -           2541 30439at7147          -            373   8.2e-09   34.9   1.0   1   2   0.00034     0.054   12.5   0.1   114   231   712   836   681   838 0.75 -
Dbrb10308-RA         -           2541 30439at7147          -            373   8.2e-09   34.9   1.0   2   2   6.3e-08     1e-05   24.8   0.2   171   263   818   910   815   917 0.88 -
Dbrb05314-RA         -            534 30439at7147          -            373   9.9e-09   34.6   0.1   1   2   3.5e-06   0.00055   19.0   0.0   157   260    93   204    52   223 0.74 -
Dbrb05314-RA         -            534 30439at7147          -            373   9.9e-09   34.6   0.1   2   2   0.00016     0.025   13.6   0.1   174   256   244   325   233   344 0.79 -
Dbrb12704-RA         -            929 30439at7147          -            373   1.3e-08   34.2   0.6   1   3      0.78   1.2e+02    1.4   0.0    14    51    48    85    37   107 0.74 -
Dbrb12704-RA         -            929 30439at7147          -            373   1.3e-08   34.2   0.6   2   3     0.011       1.7    7.5   0.3   170   252    89   173    57   178 0.78 -
Dbrb12704-RA         -            929 30439at7147          -            373   1.3e-08   34.2   0.6   3   3   7.1e-07   0.00011   21.3   0.0   175   255   180   262   175   269 0.84 -
Dbrb02373-RA         -            328 30439at7147          -            373   1.4e-08   34.2   1.3   1   3    0.0015      0.24   10.3   0.1   173   253    55   134    49   143 0.81 -
Dbrb02373-RA         -            328 30439at7147          -            373   1.4e-08   34.2   1.3   2   3   3.1e-05     0.005   15.9   0.1   177   259   143   223   140   243 0.74 -
Dbrb02373-RA         -            328 30439at7147          -            373   1.4e-08   34.2   1.3   3   3    0.0082       1.3    7.9   0.0   114   209   197   299   191   318 0.73 -
Dbrb09580-RA         -           2230 30439at7147          -            373   1.5e-08   34.0   3.4   1   1     2e-10   3.1e-08   33.0   3.4   286   344  1439  1497  1426  1511 0.86 -
Dbrb01928-RA         -           1415 30439at7147          -            373     6e-08   32.1   0.7   1   2    0.0016      0.25   10.3   0.1   194   263    36   114    23   121 0.78 -
Dbrb01928-RA         -           1415 30439at7147          -            373     6e-08   32.1   0.7   2   2   1.9e-06   0.00031   19.9   0.1   171   255   126   210   117   223 0.85 -
Dbrb01101-RA         -            236 30439at7147          -            373   9.8e-08   31.4   0.1   1   2   1.6e-06   0.00025   20.2   0.1   168   251    56   145    46   147 0.74 -
Dbrb01101-RA         -            236 30439at7147          -            373   9.8e-08   31.4   0.1   2   2    0.0015      0.24   10.4   0.0   191   251   128   187   113   190 0.88 -
Dbrb01299-RA         -            745 30439at7147          -            373   1.4e-07   30.9   2.6   1   2     3e-08   4.7e-06   25.8   0.2   150   252   219   321   200   326 0.84 -
Dbrb01299-RA         -            745 30439at7147          -            373   1.4e-07   30.9   2.6   2   2     0.075        12    4.8   0.1   175   252   327   411   320   430 0.79 -
Dbrb05943-RA         -            749 30439at7147          -            373   1.5e-07   30.8   0.1   1   2   0.00023     0.037   13.0   0.0   175   253   578   656   573   661 0.81 -
Dbrb05943-RA         -            749 30439at7147          -            373   1.5e-07   30.8   0.1   2   2    0.0001     0.016   14.2   0.0   216   259   661   704   657   720 0.85 -
Dbrb10216-RA         -            608 30439at7147          -            373   1.9e-07   30.4   3.7   1   3     0.027       4.3    6.2   0.0   179   262   194   279   177   305 0.77 -
Dbrb10216-RA         -            608 30439at7147          -            373   1.9e-07   30.4   3.7   2   3   0.00064       0.1   11.6   0.3   118   229   254   375   251   393 0.84 -
Dbrb10216-RA         -            608 30439at7147          -            373   1.9e-07   30.4   3.7   3   3   5.4e-05    0.0085   15.1   0.2   179   253   532   607   465   608 0.75 -
Dbrb01187-RA         -            957 30439at7147          -            373   2.5e-07   30.1   2.4   1   3     0.005       0.8    8.6   0.0   184   252   150   219    86   228 0.86 -
Dbrb01187-RA         -            957 30439at7147          -            373   2.5e-07   30.1   2.4   2   3   0.00031     0.049   12.6   0.3   203   256   376   428   362   452 0.80 -
Dbrb01187-RA         -            957 30439at7147          -            373   2.5e-07   30.1   2.4   3   3     0.033       5.2    6.0   0.1   191   252   491   554   430   575 0.63 -
Dbrb13376-RA         -            326 30439at7147          -            373   3.1e-07   29.7   0.2   1   3   1.2e-07   1.9e-05   23.9   0.1   175   289     5   121     1   146 0.81 -
Dbrb13376-RA         -            326 30439at7147          -            373   3.1e-07   29.7   0.2   2   3       0.2        32    3.3   0.0   179   254   149   222   133   239 0.77 -
Dbrb13376-RA         -            326 30439at7147          -            373   3.1e-07   29.7   0.2   3   3       7.3   1.2e+03   -1.8   0.0   217   246   282   311   277   318 0.84 -
Dbrb02573-RA         -            791 30439at7147          -            373   4.3e-07   29.2   0.0   1   3    0.0033      0.52    9.2   0.0   186   257   108   181    95   195 0.75 -
Dbrb02573-RA         -            791 30439at7147          -            373   4.3e-07   29.2   0.0   2   3       1.4   2.2e+02    0.6   0.0   342   369   226   253   208   264 0.58 -
Dbrb02573-RA         -            791 30439at7147          -            373   4.3e-07   29.2   0.0   3   3     5e-05    0.0079   15.2   0.0   183   252   328   398   317   438 0.85 -
Dbrb17720-RA         -            424 30439at7147          -            373   4.5e-07   29.2   0.0   1   3      0.92   1.5e+02    1.2   0.0   215   252   159   196   152   237 0.75 -
Dbrb17720-RA         -            424 30439at7147          -            373   4.5e-07   29.2   0.0   2   3   1.5e-07   2.4e-05   23.5   0.0   177   260   252   337   215   348 0.80 -
Dbrb17720-RA         -            424 30439at7147          -            373   4.5e-07   29.2   0.0   3   3         2   3.1e+02    0.1   0.0   191   250   359   418   342   423 0.78 -
Dbrb03653-RA         -            880 30439at7147          -            373   5.9e-07   28.8   0.0   1   2     3e-07   4.7e-05   22.6   0.0   176   253   500   578   496   599 0.89 -
Dbrb03653-RA         -            880 30439at7147          -            373   5.9e-07   28.8   0.0   2   2      0.14        22    3.9   0.0   191   256   729   794   634   839 0.81 -
Dbrb08118-RA         -            356 30439at7147          -            373   2.9e-06   26.5   4.9   1   3   6.6e-05      0.01   14.8   0.0   173   239    49   120    23   142 0.75 -
Dbrb08118-RA         -            356 30439at7147          -            373   2.9e-06   26.5   4.9   2   3   0.00092      0.15   11.1   0.3   193   253   182   247   173   256 0.83 -
Dbrb08118-RA         -            356 30439at7147          -            373   2.9e-06   26.5   4.9   3   3     0.003      0.47    9.4   1.3   194   254   231   293   206   332 0.77 -
Dbrb04107-RA         -            488 30439at7147          -            373   3.4e-06   26.3   0.7   1   2   6.8e-07   0.00011   21.4   0.1   182   251    27    95    20   105 0.91 -
Dbrb04107-RA         -            488 30439at7147          -            373   3.4e-06   26.3   0.7   2   2      0.29        46    2.8   0.0   151   178   157   184   152   197 0.87 -
Dbrb01955-RA         -            797 30439at7147          -            373   3.8e-06   26.2   6.0   1   5   0.00033     0.052   12.5   0.1   175   256    52   137    44   146 0.78 -
Dbrb01955-RA         -            797 30439at7147          -            373   3.8e-06   26.2   6.0   2   5     0.093        15    4.5   0.0   210   253   192   237   157   248 0.73 -
Dbrb01955-RA         -            797 30439at7147          -            373   3.8e-06   26.2   6.0   3   5      0.24        38    3.1   0.1   176   207   281   316   273   329 0.70 -
Dbrb01955-RA         -            797 30439at7147          -            373   3.8e-06   26.2   6.0   4   5      0.16        25    3.7   0.0   176   249   551   629   543   645 0.71 -
Dbrb01955-RA         -            797 30439at7147          -            373   3.8e-06   26.2   6.0   5   5       5.7     9e+02   -1.4   0.0   220   251   760   794   726   796 0.66 -
Dbrb01354-RA         -            197 30439at7147          -            373   4.2e-06   26.0   1.4   1   3      0.17        28    3.6   0.0   354   372    11    29     2    30 0.77 -
Dbrb01354-RA         -            197 30439at7147          -            373   4.2e-06   26.0   1.4   2   3      0.04       6.3    5.7   0.0   193   253    53   111    33   130 0.78 -
Dbrb01354-RA         -            197 30439at7147          -            373   4.2e-06   26.0   1.4   3   3     2e-05    0.0032   16.5   0.2   122   247    58   192    54   196 0.63 -
Dbrb11465-RA         -            317 30439at7147          -            373   7.6e-06   25.2   0.0   1   3    0.0043      0.68    8.8   0.0   221   252    22    53    14    86 0.85 -
Dbrb11465-RA         -            317 30439at7147          -            373   7.6e-06   25.2   0.0   2   3     0.087        14    4.6   0.0   176   208   105   138   100   149 0.62 -
Dbrb11465-RA         -            317 30439at7147          -            373   7.6e-06   25.2   0.0   3   3    0.0076       1.2    8.0   0.0   182   211   244   273   188   310 0.71 -
Dbrb07641-RA         -            456 30439at7147          -            373   8.7e-06   25.0   0.4   1   2   6.7e-07   0.00011   21.4   0.0   179   253   205   283   176   301 0.82 -
Dbrb07641-RA         -            456 30439at7147          -            373   8.7e-06   25.0   0.4   2   2       1.8   2.9e+02    0.2   0.0   192   211   333   352   315   371 0.76 -
Dbrb07627-RA         -            426 30439at7147          -            373   9.8e-06   24.8   0.4   1   2   2.2e-07   3.4e-05   23.0   0.0   178   255   169   250   150   270 0.82 -
Dbrb07627-RA         -            426 30439at7147          -            373   9.8e-06   24.8   0.4   2   2       5.5   8.7e+02   -1.4   0.0    35    53   403   421   356   424 0.67 -
Dbrb06235-RA         -           1249 30439at7147          -            373   1.1e-05   24.6   0.0   1   3       3.7   5.9e+02   -0.8   0.0   215   252   984  1021   977  1060 0.75 -
Dbrb06235-RA         -           1249 30439at7147          -            373   1.1e-05   24.6   0.0   2   3   8.3e-07   0.00013   21.1   0.0   177   260  1077  1162  1061  1174 0.79 -
Dbrb06235-RA         -           1249 30439at7147          -            373   1.1e-05   24.6   0.0   3   3       8.7   1.4e+03   -2.0   0.0   191   250  1184  1243  1166  1247 0.78 -
Dbrb05085-RA         -            460 30439at7147          -            373   2.2e-05   23.7   0.0   1   4       1.2   1.8e+02    0.9   0.0   204   255    64   114    37   128 0.71 -
Dbrb05085-RA         -            460 30439at7147          -            373   2.2e-05   23.7   0.0   2   4      0.15        23    3.8   0.0   196   251    98   152    79   164 0.76 -
Dbrb05085-RA         -            460 30439at7147          -            373   2.2e-05   23.7   0.0   3   4      0.31        49    2.7   0.0   331   370   168   209   162   213 0.79 -
Dbrb05085-RA         -            460 30439at7147          -            373   2.2e-05   23.7   0.0   4   4   0.00031      0.05   12.6   0.0   222   252   274   304   216   314 0.76 -
Dbrb08326-RA         -            509 30439at7147          -            373   2.7e-05   23.3   0.7   1   4     0.054       8.6    5.2   0.1   186   251   221   293   206   302 0.75 -
Dbrb08326-RA         -            509 30439at7147          -            373   2.7e-05   23.3   0.7   2   4    0.0037      0.58    9.1   0.0   187   251   272   336   260   346 0.82 -
Dbrb08326-RA         -            509 30439at7147          -            373   2.7e-05   23.3   0.7   3   4    0.0027      0.42    9.5   0.0    16   211   342   381   337   432 0.53 -
Dbrb08326-RA         -            509 30439at7147          -            373   2.7e-05   23.3   0.7   4   4       3.4   5.4e+02   -0.7   0.0   190   250   449   508   411   508 0.72 -
Dbrb05467-RA         -            315 30439at7147          -            373   3.9e-05   22.8   0.6   1   3       2.6   4.2e+02   -0.3   0.0   347   368     2    23     1    30 0.74 -
Dbrb05467-RA         -            315 30439at7147          -            373   3.9e-05   22.8   0.6   2   3    0.0039      0.61    9.0   0.0   213   265    72   124    28   133 0.73 -
Dbrb05467-RA         -            315 30439at7147          -            373   3.9e-05   22.8   0.6   3   3     0.002      0.31   10.0   0.1   170   260   206   296   200   310 0.82 -
Dbrb02048-RA         -            460 30439at7147          -            373   4.4e-05   22.7   0.1   1   2   5.6e-05    0.0089   15.1   0.0   176   255   269   353   262   357 0.78 -
Dbrb02048-RA         -            460 30439at7147          -            373   4.4e-05   22.7   0.1   2   2     0.041       6.5    5.6   0.0   173   209   358   396   351   401 0.82 -
Dbrb09563-RA         -           2203 30439at7147          -            373   5.5e-05   22.3   0.5   1   3     0.003      0.47    9.4   0.0   173   253   218   302   171   310 0.80 -
Dbrb09563-RA         -           2203 30439at7147          -            373   5.5e-05   22.3   0.5   2   3     0.062       9.8    5.0   0.0   184   253   330   400   318   414 0.83 -
Dbrb09563-RA         -           2203 30439at7147          -            373   5.5e-05   22.3   0.5   3   3      0.14        21    3.9   0.1   187   256   433   502   423   519 0.69 -
Dbrb00976-RA         -            458 30439at7147          -            373   6.4e-05   22.1   0.0   1   2   0.00015     0.024   13.6   0.0   178   250   231   305   224   315 0.76 -
Dbrb00976-RA         -            458 30439at7147          -            373   6.4e-05   22.1   0.0   2   2      0.03       4.8    6.1   0.0   184   254   327   399   314   415 0.81 -
Dbrb03356-RA         -            335 30439at7147          -            373   6.5e-05   22.1   0.6   1   2     0.014       2.2    7.2   0.2   176   238   120   184   111   205 0.60 -
Dbrb03356-RA         -            335 30439at7147          -            373   6.5e-05   22.1   0.6   2   2   0.00024     0.038   13.0   0.0   177   253   210   289   200   310 0.82 -
Dbrb04240-RA         -           1104 30439at7147          -            373   7.4e-05   21.9   0.2   1   2    0.0011      0.17   10.9   0.0   169   252   777   867   749   888 0.75 -
Dbrb04240-RA         -           1104 30439at7147          -            373   7.4e-05   21.9   0.2   2   2    0.0042      0.67    8.9   0.0   192   274  1019  1102   996  1104 0.74 -
Dbrb00748-RA         -            659 30439at7147          -            373   7.9e-05   21.8   0.1   1   2   7.1e-06    0.0011   18.0   0.0   174   252    68   149    60   150 0.75 -
Dbrb00748-RA         -            659 30439at7147          -            373   7.9e-05   21.8   0.1   2   2     0.081        13    4.7   0.0   182   252   122   193   108   203 0.83 -
Dbrb04413-RA         -            300 30439at7147          -            373   8.1e-05   21.8   2.9   1   1   7.6e-07   0.00012   21.2   2.9   284   327   168   210   155   221 0.84 -
Dbrb08279-RA         -            730 30439at7147          -            373   8.2e-05   21.7   0.0   1   3      0.18        29    3.5   0.0   217   252    49    84    41    96 0.83 -
Dbrb08279-RA         -            730 30439at7147          -            373   8.2e-05   21.7   0.0   2   3    0.0048      0.75    8.7   0.0   177   258   100   181    94   194 0.78 -
Dbrb08279-RA         -            730 30439at7147          -            373   8.2e-05   21.7   0.0   3   3     0.059       9.3    5.1   0.0   192   253   294   364   278   397 0.69 -
Dbrb08109-RA         -           1101 30439at7147          -            373    0.0001   21.4   0.9   1   1   1.1e-06   0.00018   20.7   0.9   284   313  1067  1096  1059  1100 0.86 -
Dbrb15544-RA         -            758 30439at7147          -            373   0.00012   21.2   0.0   1   3     0.038       6.1    5.7   0.0   215   253   436   474   427   487 0.77 -
Dbrb15544-RA         -            758 30439at7147          -            373   0.00012   21.2   0.0   2   3      0.33        53    2.6   0.0   175   250   491   575   478   584 0.65 -
Dbrb15544-RA         -            758 30439at7147          -            373   0.00012   21.2   0.0   3   3    0.0049      0.78    8.7   0.0   173   225   677   729   625   755 0.81 -
Dbrb08546-RA         -            720 30439at7147          -            373   0.00017   20.7   0.3   1   4       1.3   2.1e+02    0.7   0.0   195   252   450   510   427   528 0.71 -
Dbrb08546-RA         -            720 30439at7147          -            373   0.00017   20.7   0.3   2   4   0.00075      0.12   11.3   0.0   190   265   535   609   520   617 0.86 -
Dbrb08546-RA         -            720 30439at7147          -            373   0.00017   20.7   0.3   3   4      0.13        21    4.0   0.0   214   251   640   677   622   705 0.80 -
Dbrb08546-RA         -            720 30439at7147          -            373   0.00017   20.7   0.3   4   4       9.9   1.6e+03   -2.2   0.0   198   218   698   718   687   718 0.82 -
Dbrb10478-RA         -            839 30439at7147          -            373   0.00019   20.5   0.0   1   2    0.0037      0.58    9.1   0.0   172   252   492   572   482   584 0.76 -
Dbrb10478-RA         -            839 30439at7147          -            373   0.00019   20.5   0.0   2   2    0.0059      0.93    8.4   0.0   185   255   595   663   556   672 0.86 -
Dbrb13471-RA         -           1234 30439at7147          -            373   0.00021   20.4   0.1   1   3     0.045       7.2    5.5   0.0   193   252   391   450   380   500 0.66 -
Dbrb13471-RA         -           1234 30439at7147          -            373   0.00021   20.4   0.1   2   3      0.69   1.1e+02    1.6   0.0   219   251   507   539   497   555 0.84 -
Dbrb13471-RA         -           1234 30439at7147          -            373   0.00021   20.4   0.1   3   3    0.0079       1.3    8.0   0.0   173   211   870   909   861   918 0.87 -
Dbrb10660-RA         -            533 30439at7147          -            373   0.00028   20.0   0.1   1   1   3.9e-06   0.00062   18.9   0.0   171   262    35   125    26   134 0.86 -
Dbrb09240-RA         -           1099 30439at7147          -            373   0.00036   19.6   3.0   1   1   3.7e-06   0.00058   19.0   3.0   287   330  1027  1070  1014  1078 0.90 -
Dbrb07196-RA         -           1979 30439at7147          -            373    0.0004   19.5   0.1   1   2   1.6e-05    0.0025   16.9   0.0   170   249  1674  1758  1667  1764 0.80 -
Dbrb07196-RA         -           1979 30439at7147          -            373    0.0004   19.5   0.1   2   2         6   9.5e+02   -1.5   0.0   129   171  1936  1978  1930  1979 0.91 -
Dbrb01558-RA         -           1816 30439at7147          -            373   0.00066   18.8   3.2   1   1   7.1e-06    0.0011   18.0   3.2   286   328   209   251   152   276 0.89 -
Dbrb05053-RA         -           1213 30439at7147          -            373   0.00082   18.5   1.1   1   1     1e-05    0.0016   17.5   1.1   284   328  1116  1160  1108  1169 0.92 -
Dbrb02235-RA         -           1169 30439at7147          -            373    0.0011   18.1   0.6   1   1   1.6e-05    0.0026   16.8   0.6   115   261   391   541   373   559 0.77 -
Dbrb01509-RA         -           1406 30439at7147          -            373    0.0013   17.8   4.2   1   1   1.3e-05    0.0021   17.1   4.2   284   331   588   635   570   645 0.77 -
Dbrb09744-RA         -            540 30439at7147          -            373    0.0028   16.7   1.1   1   2   5.5e-05    0.0087   15.1   0.2   174   254   303   381   280   410 0.76 -
Dbrb09744-RA         -            540 30439at7147          -            373    0.0028   16.7   1.1   2   2       7.6   1.2e+03   -1.8   0.0   196   233   465   501   451   510 0.64 -
Dbrb02454-RA         -            513 30439at7147          -            373    0.0033   16.5   0.1   1   3      0.34        53    2.6   0.0   196   251   240   298   219   311 0.60 -
Dbrb02454-RA         -            513 30439at7147          -            373    0.0033   16.5   0.1   2   3      0.25        40    3.0   0.0   332   369   310   347   299   351 0.79 -
Dbrb02454-RA         -            513 30439at7147          -            373    0.0033   16.5   0.1   3   3     0.025         4    6.3   0.0   188   252   415   478   391   499 0.79 -
Dbrb09142-RA         -            927 30439at7147          -            373    0.0063   15.6   0.1   1   2       4.1   6.5e+02   -1.0   0.0   186   227   255   295   218   322 0.67 -
Dbrb09142-RA         -            927 30439at7147          -            373    0.0063   15.6   0.1   2   2   0.00041     0.065   12.2   0.0   123   252   479   617   450   631 0.69 -
Dbrb07756-RA         -            668 30439at7147          -            373    0.0081   15.2   0.3   1   2      0.14        22    3.9   0.1   219   252   127   160   120   186 0.83 -
Dbrb07756-RA         -            668 30439at7147          -            373    0.0081   15.2   0.3   2   2    0.0034      0.54    9.2   0.0   191   257   586   651   556   661 0.77 -
Dbrb02517-RA         -            531 30439at7147          -            373    0.0082   15.2   0.3   1   2    0.0028      0.44    9.5   0.1   186   251    88   161    65   164 0.73 -
Dbrb02517-RA         -            531 30439at7147          -            373    0.0082   15.2   0.3   2   2      0.17        27    3.6   0.0    14    56   165   207   162   231 0.83 -
Dbrb01560-RA         -            790 30439at7147          -            373    0.0096   15.0   0.1   1   2   0.00093      0.15   11.1   0.0   175   213   448   487   443   520 0.81 -
Dbrb01560-RA         -            790 30439at7147          -            373    0.0096   15.0   0.1   2   2      0.75   1.2e+02    1.5   0.0   174   205   701   733   662   740 0.83 -
Dbrb05733-RA         -           1387 30439at7147          -            373     0.013   14.5   0.0   1   2     0.084        13    4.6   0.0   175   251  1007  1090  1001  1105 0.72 -
Dbrb05733-RA         -           1387 30439at7147          -            373     0.013   14.5   0.0   2   2     0.014       2.2    7.2   0.0   180   233  1258  1311  1246  1326 0.83 -
Dbrb00457-RA         -            349 30439at7147          -            373     0.023   13.7   0.4   1   3         1   1.6e+02    1.1   0.0   192   214    40    62    33    68 0.81 -
Dbrb00457-RA         -            349 30439at7147          -            373     0.023   13.7   0.4   2   3    0.0033      0.52    9.2   0.1   185   251    77   143    65   160 0.77 -
Dbrb00457-RA         -            349 30439at7147          -            373     0.023   13.7   0.4   3   3         5     8e+02   -1.2   0.0   228   259   261   292   251   311 0.67 -
Dbrb07359-RA         -           1069 30439at7147          -            373     0.031   13.2   0.6   1   3    0.0024      0.37    9.7   0.0   197   252   220   277   205   293 0.86 -
Dbrb07359-RA         -           1069 30439at7147          -            373     0.031   13.2   0.6   2   3       6.3   9.9e+02   -1.6   0.0   220   251   452   483   443   506 0.64 -
Dbrb07359-RA         -           1069 30439at7147          -            373     0.031   13.2   0.6   3   3         2   3.2e+02    0.1   0.0   224   264   762   803   758   828 0.75 -
Dbrb00239-RA         -            386 30439at7147          -            373      0.06   12.3   0.0   1   2       0.2        32    3.4   0.0   334   369    57    92    37    94 0.89 -
Dbrb00239-RA         -            386 30439at7147          -            373      0.06   12.3   0.0   2   2      0.02       3.2    6.6   0.0   177   224   151   200   143   240 0.66 -
Dbrb01190-RA         -            636 30439at7147          -            373     0.067   12.2   3.7   1   1    0.0008      0.13   11.3   3.7   284   325   578   617   568   629 0.81 -
Dbrb06086-RA         -           1103 30439at7147          -            373     0.068   12.1   5.9   1   2       3.3   5.3e+02   -0.7   0.0    10    30   860   880   854   885 0.85 -
Dbrb06086-RA         -           1103 30439at7147          -            373     0.068   12.1   5.9   2   2   0.00027     0.043   12.8   2.2   283   326  1053  1098  1041  1102 0.78 -
Dbrb13359-RA         -            502 30439at7147          -            373     0.078   11.9   0.8   1   1   0.00079      0.13   11.3   0.8   283   305   193   215   183   266 0.80 -
Dbrb08757-RA         -            414 30439at7147          -            373     0.081   11.9   1.0   1   1   0.00079      0.13   11.3   1.0   285   339   323   378   285   382 0.87 -
Dbrb09011-RA         -           1498 30439at7147          -            373      0.19   10.7   0.9   1   2     0.056       8.9    5.2   0.0   214   260    55   101    52   123 0.79 -
Dbrb09011-RA         -           1498 30439at7147          -            373      0.19   10.7   0.9   2   2      0.23        36    3.2   0.2   158   212   129   181   121   201 0.76 -
Dbrb06690-RA         -            324 30439at7147          -            373      0.25   10.3   8.6   1   3       4.9   7.8e+02   -1.2   0.1    45    73    24    50    11    67 0.64 -
Dbrb06690-RA         -            324 30439at7147          -            373      0.25   10.3   8.6   2   3   0.00068      0.11   11.5   0.8   256   304   186   235   177   242 0.83 -
Dbrb06690-RA         -            324 30439at7147          -            373      0.25   10.3   8.6   3   3      0.29        45    2.9   0.1   262   299   248   286   239   291 0.77 -
Dbrb08215-RA         -            489 30439at7147          -            373       0.3   10.0   8.4   1   2     0.019         3    6.7   0.7   263   298   156   192   146   245 0.88 -
Dbrb08215-RA         -            489 30439at7147          -            373       0.3   10.0   8.4   2   2     0.017       2.7    6.9   1.7   278   332   358   412   329   422 0.82 -
Dbrb02806-RA         -            897 30439at7147          -            373      0.37    9.7   2.0   1   2      0.43        69    2.3   0.0   200   253   627   679   610   706 0.61 -
Dbrb02806-RA         -            897 30439at7147          -            373      0.37    9.7   2.0   2   2     0.034       5.3    5.9   0.1    79   177   743   845   728   848 0.74 -
#
# Program:         hmmsearch
# Version:         3.1b2 (February 2015)
# Pipeline mode:   SEARCH
# Query file:      /home/nmoreyra/Documents/Genomics/03_orthologs_search/00_Phylogenomics_BUSCO-groups/busco4_odb10/busco_downloads/lineages/diptera_odb10/hmms/30439at7147.hmm
# Target file:     /home/nmoreyra/Documents/Genomics/03_orthologs_search/00_Phylogenomics_BUSCO-groups/busco4_odb10/../00_proteins/Dbrb_proteins.fasta
# Option settings: /home/nmoreyra/Software/miniconda3/envs/busco4/bin/hmmsearch --domtblout /home/nmoreyra/Documents/Genomics/03_orthologs_search/00_Phylogenomics_BUSCO-groups/busco4_odb10/Dbrb_diptera/run_diptera_odb10/hmmer_output/initial_run_results/30439at7147.out --cpu 1 /home/nmoreyra/Documents/Genomics/03_orthologs_search/00_Phylogenomics_BUSCO-groups/busco4_odb10/busco_downloads/lineages/diptera_odb10/hmms/30439at7147.hmm /home/nmoreyra/Documents/Genomics/03_orthologs_search/00_Phylogenomics_BUSCO-groups/busco4_odb10/../00_proteins/Dbrb_proteins.fasta 
# Current dir:     /home/nmoreyra/Documents/Genomics/03_orthologs_search/00_Phylogenomics_BUSCO-groups/busco4_odb10
# Date:            Mon Jan 25 13:08:15 2021
# [ok]
