#                                                                            --- full sequence --- -------------- this domain -------------   hmm coord   ali coord   env coord
# target name        accession   tlen query name           accession   qlen   E-value  score  bias   #  of  c-Evalue  i-Evalue  score  bias  from    to  from    to  from    to  acc description of target
#------------------- ---------- ----- -------------------- ---------- ----- --------- ------ ----- --- --- --------- --------- ------ ----- ----- ----- ----- ----- ----- ----- ---- ---------------------
Dbrb07859-RA         -            580 30895at7147          -            435  2.4e-200  665.7  47.5   1   3   1.5e-18     1e-15   57.3  20.8     1    72    16   108    16   111 0.72 -
Dbrb07859-RA         -            580 30895at7147          -            435  2.4e-200  665.7  47.5   2   3  1.8e-186  1.2e-183  610.7   4.1    66   428   126   514   114   517 0.90 -
Dbrb07859-RA         -            580 30895at7147          -            435  2.4e-200  665.7  47.5   3   3    0.0028       1.9    7.0   8.2   395   426   516   547   508   555 0.77 -
Dbrb00081-RA         -            679 30895at7147          -            435   9.6e-60  202.4   6.7   1   2   2.2e-61   1.5e-58  198.5   1.1    76   351   208   473   156   570 0.87 -
Dbrb00081-RA         -            679 30895at7147          -            435   9.6e-60  202.4   6.7   2   2       1.7   1.2e+03   -2.2   0.3   375   426   600   655   577   666 0.55 -
Dbrb11005-RA         -            611 30895at7147          -            435   5.6e-38  130.7   0.2   1   2   4.7e-18   3.2e-15   55.7   0.8    18   159   101   243    88   277 0.77 -
Dbrb11005-RA         -            611 30895at7147          -            435   5.6e-38  130.7   0.2   2   2   6.2e-23   4.2e-20   71.8   0.0   192   350   334   513   315   545 0.82 -
Dbrb14754-RA         -            569 30895at7147          -            435   5.2e-22   78.0   0.0   1   2   1.4e-07   9.2e-05   21.2   0.1    57   161   131   247   119   274 0.63 -
Dbrb14754-RA         -            569 30895at7147          -            435   5.2e-22   78.0   0.0   2   2     1e-17   6.8e-15   54.6   0.0   202   261   335   394   326   482 0.85 -
Dbrb05915-RA         -            321 30895at7147          -            435   2.4e-16   59.4   0.3   1   1   5.5e-18   3.7e-15   55.5   0.3    82   257    33   206    27   209 0.75 -
Dbrb11974-RA         -           1281 30895at7147          -            435   2.6e-12   46.1   0.1   1   2   1.1e-08   7.4e-06   24.8   0.0   204   256   818   873   816   876 0.89 -
Dbrb11974-RA         -           1281 30895at7147          -            435   2.6e-12   46.1   0.1   2   2   8.2e-07   0.00055   18.6   0.0   201   255  1013  1070  1005  1141 0.85 -
Dbrb00087-RA         -            379 30895at7147          -            435   1.3e-07   30.6   0.5   1   2   7.5e-09     5e-06   25.4   0.2   196   257    60   124    54   127 0.82 -
Dbrb00087-RA         -            379 30895at7147          -            435   1.3e-07   30.6   0.5   2   2     0.013         9    4.8   0.0    64   133   123   193   119   212 0.67 -
Dbrb12041-RA         -            789 30895at7147          -            435   6.6e-07   28.3   0.0   1   1   1.8e-09   1.2e-06   27.4   0.0   206   266   616   676   609   684 0.84 -
Dbrb11464-RA         -            371 30895at7147          -            435   1.2e-05   24.1   0.0   1   1     3e-08   2.1e-05   23.4   0.0   198   257   194   256   189   264 0.83 -
Dbrb13008-RA         -            330 30895at7147          -            435   1.3e-05   24.0   0.0   1   1   2.9e-08     2e-05   23.4   0.0   207   266    24    84    20   118 0.79 -
Dbrb09555-RA         -            524 30895at7147          -            435   0.00012   20.9   0.1   1   2   5.8e-07   0.00039   19.1   0.0   196   241   265   310   252   314 0.87 -
Dbrb09555-RA         -            524 30895at7147          -            435   0.00012   20.9   0.1   2   2       1.4   9.2e+02   -1.9   0.0   118   140   390   412   384   420 0.82 -
Dbrb15173-RA         -            461 30895at7147          -            435   0.00024   19.8   0.0   1   1   5.1e-07   0.00035   19.3   0.0   198   256   220   281   207   302 0.84 -
Dbrb02216-RA         -            652 30895at7147          -            435   0.00031   19.5   0.2   1   1   1.7e-06    0.0011   17.6   0.2   203   289   170   255   128   415 0.79 -
Dbrb06715-RA         -           2548 30895at7147          -            435   0.00042   19.1   0.4   1   2     0.001      0.71    8.4   0.0   195   223  1083  1111  1078  1148 0.89 -
Dbrb06715-RA         -           2548 30895at7147          -            435   0.00042   19.1   0.4   2   2     0.001      0.71    8.4   0.0   195   223  2308  2336  2303  2373 0.89 -
Dbrb15926-RA         -            352 30895at7147          -            435    0.0023   16.6   1.2   1   1   7.3e-06    0.0049   15.5   1.2   198   219    18    39    15    45 0.90 -
Dbrb12050-RA         -            273 30895at7147          -            435    0.0034   16.1   0.1   1   1     8e-06    0.0054   15.4   0.1    88   138    59   107    56   120 0.87 -
Dbrb11469-RA         -           2684 30895at7147          -            435     0.011   14.4   4.6   1   4       2.6   1.7e+03   -2.8   0.1   203   221   480   498   472   502 0.84 -
Dbrb11469-RA         -           2684 30895at7147          -            435     0.011   14.4   4.6   2   4   0.00069      0.47    9.0   0.0   198   224  1127  1153  1120  1194 0.75 -
Dbrb11469-RA         -           2684 30895at7147          -            435     0.011   14.4   4.6   3   4       2.1   1.4e+03   -2.5   0.1   195   220  1819  1844  1818  1847 0.90 -
Dbrb11469-RA         -           2684 30895at7147          -            435     0.011   14.4   4.6   4   4    0.0065       4.4    5.8   0.0   203   223  2448  2468  2439  2473 0.90 -
Dbrb00732-RA         -            368 30895at7147          -            435     0.018   13.7   0.1   1   1   4.5e-05      0.03   12.9   0.1   202   259    65   124    59   149 0.76 -
Dbrb07808-RA         -            274 30895at7147          -            435      0.02   13.5   0.4   1   2   6.2e-05     0.042   12.4   0.0   191   221    28    60     8    98 0.82 -
Dbrb07808-RA         -            274 30895at7147          -            435      0.02   13.5   0.4   2   2       1.2   7.9e+02   -1.6   0.2    11    41   131   161   125   184 0.67 -
Dbrb00750-RA         -            646 30895at7147          -            435     0.028   13.0   0.2   1   1   0.00016      0.11   11.1   0.2   116   235   225   335   218   342 0.72 -
Dbrb14641-RA         -            384 30895at7147          -            435     0.029   13.0   0.4   1   2   9.1e-05     0.062   11.9   0.0   197   257   154   217   133   222 0.72 -
Dbrb14641-RA         -            384 30895at7147          -            435     0.029   13.0   0.4   2   2       2.8   1.9e+03   -2.9   0.2    27    73   325   370   319   374 0.56 -
Dbrb06643-RA         -            342 30895at7147          -            435     0.031   12.9   0.0   1   1   8.9e-05      0.06   11.9   0.0   202   257    62   119    55   130 0.75 -
Dbrb06716-RA         -           1332 30895at7147          -            435      0.11   11.1   0.1   1   1   0.00029      0.19   10.3   0.1   195   223  1092  1120  1087  1157 0.89 -
Dbrb14554-RA         -            583 30895at7147          -            435      0.11   11.0   0.0   1   2    0.0018       1.2    7.6   0.0   211   256     5    53     1    62 0.83 -
Dbrb14554-RA         -            583 30895at7147          -            435      0.11   11.0   0.0   2   2      0.17   1.2e+02    1.1   0.0    77   133    61   119    54   131 0.87 -
Dbrb04711-RA         -            343 30895at7147          -            435      0.15   10.6   0.0   1   1   0.00033      0.22   10.1   0.0   138   195   210   268   200   272 0.83 -
#
# Program:         hmmsearch
# Version:         3.1b2 (February 2015)
# Pipeline mode:   SEARCH
# Query file:      /home/nmoreyra/Documents/Genomics/03_orthologs_search/00_Phylogenomics_BUSCO-groups/busco4_odb10/busco_downloads/lineages/diptera_odb10/hmms/30895at7147.hmm
# Target file:     /home/nmoreyra/Documents/Genomics/03_orthologs_search/00_Phylogenomics_BUSCO-groups/busco4_odb10/../00_proteins/Dbrb_proteins.fasta
# Option settings: /home/nmoreyra/Software/miniconda3/envs/busco4/bin/hmmsearch --domtblout /home/nmoreyra/Documents/Genomics/03_orthologs_search/00_Phylogenomics_BUSCO-groups/busco4_odb10/Dbrb_diptera/run_diptera_odb10/hmmer_output/initial_run_results/30895at7147.out --cpu 1 /home/nmoreyra/Documents/Genomics/03_orthologs_search/00_Phylogenomics_BUSCO-groups/busco4_odb10/busco_downloads/lineages/diptera_odb10/hmms/30895at7147.hmm /home/nmoreyra/Documents/Genomics/03_orthologs_search/00_Phylogenomics_BUSCO-groups/busco4_odb10/../00_proteins/Dbrb_proteins.fasta 
# Current dir:     /home/nmoreyra/Documents/Genomics/03_orthologs_search/00_Phylogenomics_BUSCO-groups/busco4_odb10
# Date:            Mon Jan 25 13:05:42 2021
# [ok]
