#                                                                            --- full sequence --- -------------- this domain -------------   hmm coord   ali coord   env coord
# target name        accession   tlen query name           accession   qlen   E-value  score  bias   #  of  c-Evalue  i-Evalue  score  bias  from    to  from    to  from    to  acc description of target
#------------------- ---------- ----- -------------------- ---------- ----- --------- ------ ----- --- --- --------- --------- ------ ----- ----- ----- ----- ----- ----- ----- ---- ---------------------
Dbrb07772-RA         -            568 31414at7147          -            289    9e-133  441.5   0.8   1   1  6.7e-135    6e-132  438.8   0.8     6   280   198   521   193   525 0.90 -
Dbrb07894-RA         -            510 31414at7147          -            289   4.3e-09   35.6   2.2   1   4      0.01         9    5.0   0.1   185   251   208   277   190   286 0.73 -
Dbrb07894-RA         -            510 31414at7147          -            289   4.3e-09   35.6   2.2   2   4   0.00018      0.16   10.8   0.4   124   250   219   359   210   364 0.62 -
Dbrb07894-RA         -            510 31414at7147          -            289   4.3e-09   35.6   2.2   3   4   4.3e-09   3.8e-06   25.9   0.3   113   252   290   441   272   451 0.75 -
Dbrb07894-RA         -            510 31414at7147          -            289   4.3e-09   35.6   2.2   4   4      0.14   1.2e+02    1.2   0.0   178   215   453   493   447   502 0.77 -
Dbrb07063-RA         -            330 31414at7147          -            289   2.3e-06   26.6   0.3   1   2   3.7e-05     0.033   13.0   0.4    87   183    97   192    82   278 0.64 -
Dbrb07063-RA         -            330 31414at7147          -            289   2.3e-06   26.6   0.3   2   2    0.0001     0.092   11.5   0.0    99   143   282   327   254   330 0.70 -
Dbrb10107-RA         -            317 31414at7147          -            289   3.4e-06   26.1   1.8   1   3      0.99   8.8e+02   -1.5   0.0   223   223    59    59    11    93 0.53 -
Dbrb10107-RA         -            317 31414at7147          -            289   3.4e-06   26.1   1.8   2   3   1.8e-06    0.0016   17.3   0.8    88   215    86   226    61   269 0.65 -
Dbrb10107-RA         -            317 31414at7147          -            289   3.4e-06   26.1   1.8   3   3    0.0035       3.1    6.5   0.0   115   134   286   305   279   315 0.81 -
Dbrb13335-RA         -            396 31414at7147          -            289   8.2e-06   24.8   0.1   1   3    0.0059       5.2    5.8   0.0   118   223    28   152     9   156 0.65 -
Dbrb13335-RA         -            396 31414at7147          -            289   8.2e-06   24.8   0.1   2   3      0.14   1.2e+02    1.3   0.0    75   129   158   212   153   222 0.78 -
Dbrb13335-RA         -            396 31414at7147          -            289   8.2e-06   24.8   0.1   3   3   1.9e-05     0.017   14.0   0.0    93   170   223   300   215   323 0.78 -
Dbrb16592-RA         -            356 31414at7147          -            289     1e-05   24.5   3.0   1   2     0.019        17    4.1   1.4    77   177    79   179    71   268 0.49 -
Dbrb16592-RA         -            356 31414at7147          -            289     1e-05   24.5   3.0   2   2   2.5e-06    0.0022   16.8   0.0   118   178   291   352   280   355 0.91 -
Dbrb16061-RA         -            312 31414at7147          -            289   3.2e-05   22.9   0.9   1   4      0.64   5.7e+02   -0.9   0.1   182   215    50    88    41   107 0.65 -
Dbrb16061-RA         -            312 31414at7147          -            289   3.2e-05   22.9   0.9   2   4      0.19   1.7e+02    0.8   0.0   168   213   135   187   125   193 0.67 -
Dbrb16061-RA         -            312 31414at7147          -            289   3.2e-05   22.9   0.9   3   4      0.31   2.8e+02    0.1   0.0   244   275   187   218   182   228 0.88 -
Dbrb16061-RA         -            312 31414at7147          -            289   3.2e-05   22.9   0.9   4   4   1.5e-06    0.0013   17.6   0.0   113   178   242   308   225   311 0.86 -
Dbrb16360-RA         -            308 31414at7147          -            289   6.6e-05   21.8   0.1   1   2   3.3e-05      0.03   13.1   0.0   156   224    70   144    13   184 0.72 -
Dbrb16360-RA         -            308 31414at7147          -            289   6.6e-05   21.8   0.1   2   2    0.0038       3.4    6.4   0.0    73   111   190   228   150   246 0.76 -
Dbrb08546-RA         -            720 31414at7147          -            289   0.00013   20.9   0.1   1   2   0.00042      0.38    9.5   0.0   117   147   438   468   429   478 0.84 -
Dbrb08546-RA         -            720 31414at7147          -            289   0.00013   20.9   0.1   2   2    0.0012       1.1    8.0   0.0   130   216   498   600   472   677 0.56 -
Dbrb06020-RA         -           1144 31414at7147          -            289   0.00047   19.1   0.0   1   1   1.2e-06    0.0011   17.8   0.0    83   151   985  1051   976  1076 0.83 -
Dbrb13499-RA         -            527 31414at7147          -            289    0.0005   19.0   0.2   1   2   2.1e-06    0.0019   17.1   0.1   160   251   266   363   241   370 0.78 -
Dbrb13499-RA         -            527 31414at7147          -            289    0.0005   19.0   0.2   2   2       2.3   2.1e+03   -2.8   0.0    74    96   478   500   474   510 0.62 -
Dbrb11465-RA         -            317 31414at7147          -            289   0.00058   18.8   0.0   1   2     0.063        56    2.4   0.1   122   189    42   111     4   150 0.50 -
Dbrb11465-RA         -            317 31414at7147          -            289   0.00058   18.8   0.0   2   2   5.5e-05     0.049   12.4   0.0    77   141   209   270   156   308 0.81 -
Dbrb08569-RA         -            430 31414at7147          -            289   0.00072   18.4   1.0   1   3     0.015        13    4.5   0.0   196   221   246   273   210   286 0.64 -
Dbrb08569-RA         -            430 31414at7147          -            289   0.00072   18.4   1.0   2   3   5.8e-05     0.051   12.4   0.0   184   251   274   351   265   357 0.73 -
Dbrb08569-RA         -            430 31414at7147          -            289   0.00072   18.4   1.0   3   3       2.6   2.3e+03   -2.9   0.0    16    44   385   414   380   417 0.79 -
Dbrb04227-RA         -            406 31414at7147          -            289    0.0027   16.6   0.2   1   3    0.0084       7.4    5.3   0.1   149   186    44    81     6   124 0.66 -
Dbrb04227-RA         -            406 31414at7147          -            289    0.0027   16.6   0.2   2   3     0.056        50    2.6   0.0     5    41   141   177   137   189 0.83 -
Dbrb04227-RA         -            406 31414at7147          -            289    0.0027   16.6   0.2   3   3       0.1        89    1.7   0.0   246   274   262   290   256   308 0.77 -
Dbrb12704-RA         -            929 31414at7147          -            289    0.0028   16.5   0.2   1   2    0.0042       3.7    6.2   0.0   247   277    91   121    63   135 0.83 -
Dbrb12704-RA         -            929 31414at7147          -            289    0.0028   16.5   0.2   2   2    0.0043       3.9    6.2   0.1   160   249   158   256   148   268 0.61 -
Dbrb06971-RA         -            864 31414at7147          -            289    0.0063   15.3   0.1   1   2   0.00073      0.65    8.7   0.0   113   156   151   195   124   208 0.81 -
Dbrb06971-RA         -            864 31414at7147          -            289    0.0063   15.3   0.1   2   2     0.022        20    3.9   0.1   203   225   212   234   205   242 0.80 -
Dbrb05644-RA         -            666 31414at7147          -            289     0.021   13.6   0.5   1   3      0.31   2.8e+02    0.1   0.0   115   141    54    81    35    90 0.81 -
Dbrb05644-RA         -            666 31414at7147          -            289     0.021   13.6   0.5   2   3   8.5e-05     0.076   11.8   0.2   160   275    68   188    57   201 0.70 -
Dbrb05644-RA         -            666 31414at7147          -            289     0.021   13.6   0.5   3   3       5.6     5e+03   -4.0   0.0   249   273   629   653   626   657 0.81 -
Dbrb00239-RA         -            386 31414at7147          -            289     0.036   12.8   0.1   1   3   0.00085      0.76    8.5   0.0   115   182    65   132    57   136 0.87 -
Dbrb00239-RA         -            386 31414at7147          -            289     0.036   12.8   0.1   2   3      0.44     4e+02   -0.4   0.0    82   137   170   219   162   267 0.59 -
Dbrb00239-RA         -            386 31414at7147          -            289     0.036   12.8   0.1   3   3      0.33   2.9e+02    0.0   0.0    74   126   243   290   237   318 0.69 -
Dbrb08773-RA         -            682 31414at7147          -            289      0.04   12.7   0.5   1   2    0.0002      0.18   10.6   0.2   160   234    68   146    61   174 0.75 -
Dbrb08773-RA         -            682 31414at7147          -            289      0.04   12.7   0.5   2   2       5.8   5.2e+03   -4.1   0.0   249   273   645   669   642   673 0.81 -
#
# Program:         hmmsearch
# Version:         3.1b2 (February 2015)
# Pipeline mode:   SEARCH
# Query file:      /home/nmoreyra/Documents/Genomics/03_orthologs_search/00_Phylogenomics_BUSCO-groups/busco4_odb10/busco_downloads/lineages/diptera_odb10/hmms/31414at7147.hmm
# Target file:     /home/nmoreyra/Documents/Genomics/03_orthologs_search/00_Phylogenomics_BUSCO-groups/busco4_odb10/../00_proteins/Dbrb_proteins.fasta
# Option settings: /home/nmoreyra/Software/miniconda3/envs/busco4/bin/hmmsearch --domtblout /home/nmoreyra/Documents/Genomics/03_orthologs_search/00_Phylogenomics_BUSCO-groups/busco4_odb10/Dbrb_diptera/run_diptera_odb10/hmmer_output/initial_run_results/31414at7147.out --cpu 1 /home/nmoreyra/Documents/Genomics/03_orthologs_search/00_Phylogenomics_BUSCO-groups/busco4_odb10/busco_downloads/lineages/diptera_odb10/hmms/31414at7147.hmm /home/nmoreyra/Documents/Genomics/03_orthologs_search/00_Phylogenomics_BUSCO-groups/busco4_odb10/../00_proteins/Dbrb_proteins.fasta 
# Current dir:     /home/nmoreyra/Documents/Genomics/03_orthologs_search/00_Phylogenomics_BUSCO-groups/busco4_odb10
# Date:            Mon Jan 25 13:06:23 2021
# [ok]
