#                                                                            --- full sequence --- -------------- this domain -------------   hmm coord   ali coord   env coord
# target name        accession   tlen query name           accession   qlen   E-value  score  bias   #  of  c-Evalue  i-Evalue  score  bias  from    to  from    to  from    to  acc description of target
#------------------- ---------- ----- -------------------- ---------- ----- --------- ------ ----- --- --- --------- --------- ------ ----- ----- ----- ----- ----- ----- ----- ---- ---------------------
Dbrb04238-RA         -            733 32359at7147          -            581  5.5e-258  857.3   9.8   1   3  2.3e-143  2.3e-141  472.2   0.8    35   274     1   244     1   252 0.95 -
Dbrb04238-RA         -            733 32359at7147          -            581  5.5e-258  857.3   9.8   2   3    0.0087      0.87    8.0   0.1   258   288   251   281   246   287 0.85 -
Dbrb04238-RA         -            733 32359at7147          -            581  5.5e-258  857.3   9.8   3   3  7.3e-116  7.2e-114  381.4   0.3   283   576   351   699   343   705 0.84 -
Dbrb07410-RA         -            609 32359at7147          -            581  9.2e-117  391.0   0.0   1   2   1.1e-60   1.1e-58  199.2   0.0     6   260    20   277    15   311 0.91 -
Dbrb07410-RA         -            609 32359at7147          -            581  9.2e-117  391.0   0.0   2   2   7.3e-58   7.3e-56  189.9   0.0     6   260   331   588   326   607 0.92 -
Dbrb10515-RA         -            575 32359at7147          -            581   6.8e-77  259.3   0.2   1   2   2.3e-76   2.2e-74  251.0   0.1     6   258    23   280    19   350 0.94 -
Dbrb10515-RA         -            575 32359at7147          -            581   6.8e-77  259.3   0.2   2   2     0.038       3.8    5.9   0.0   519   554   500   535   463   545 0.86 -
Dbrb05837-RA         -            620 32359at7147          -            581   2.7e-74  250.7   0.1   1   2   5.9e-39   5.9e-37  127.5   0.2     5   247    42   288    39   297 0.92 -
Dbrb05837-RA         -            620 32359at7147          -            581   2.7e-74  250.7   0.1   2   2   4.5e-37   4.5e-35  121.2   0.0     6   236   316   550   312   599 0.92 -
Dbrb06536-RA         -            398 32359at7147          -            581   2.7e-64  217.7   0.1   1   1   2.8e-66   2.7e-64  217.7   0.1     6   257   139   395   135   398 0.94 -
Dbrb10674-RA         -           1394 32359at7147          -            581   5.3e-58  197.0   0.1   1   1   5.3e-60   5.3e-58  197.0   0.1     8   256   148   400   143   423 0.93 -
Dbrb01074-RA         -           1279 32359at7147          -            581   1.5e-56  192.2   0.0   1   1   1.5e-58   1.5e-56  192.2   0.0     3   257   350   608   348   614 0.93 -
Dbrb05002-RA         -            794 32359at7147          -            581   1.5e-55  188.9   0.0   1   1   2.4e-57   2.4e-55  188.2   0.0     6   256     2   255     1   262 0.95 -
Dbrb09572-RA         -            776 32359at7147          -            581   1.6e-54  185.5   0.0   1   1   1.6e-56   1.6e-54  185.5   0.0     8   252   137   385   131   393 0.93 -
Dbrb04700-RA         -            583 32359at7147          -            581   8.5e-53  179.8   0.1   1   1   1.2e-54   1.2e-52  179.3   0.1     5   268    25   293    23   313 0.90 -
Dbrb04721-RA         -            636 32359at7147          -            581   1.9e-52  178.6   0.8   1   1   4.4e-54   4.4e-52  177.4   0.0     7   280    22   317    19   330 0.83 -
Dbrb01128-RA         -           4185 32359at7147          -            581   7.5e-50  170.0   0.0   1   2   2.3e-33   2.3e-31  109.0   0.0     6   255  3153  3409  3150  3420 0.88 -
Dbrb01128-RA         -           4185 32359at7147          -            581   7.5e-50  170.0   0.0   2   2     5e-18     5e-16   58.3   0.0     6   258  3862  4121  3858  4124 0.85 -
Dbrb03955-RA         -            495 32359at7147          -            581   1.5e-49  169.0   0.0   1   1   2.1e-51   2.1e-49  168.5   0.0     6   257    71   336    68   344 0.91 -
Dbrb08140-RA         -            493 32359at7147          -            581   4.4e-48  164.2   0.0   1   1   6.2e-50   6.2e-48  163.7   0.0     4   256     5   266     3   286 0.90 -
Dbrb03807-RA         -           1241 32359at7147          -            581   6.4e-48  163.7   5.7   1   3   5.2e-39   5.1e-37  127.7   0.0     5   255   317   589   313   593 0.84 -
Dbrb03807-RA         -           1241 32359at7147          -            581   6.4e-48  163.7   5.7   2   3   2.8e-07   2.8e-05   22.8   0.1    62   133   735   807   721   813 0.92 -
Dbrb03807-RA         -           1241 32359at7147          -            581   6.4e-48  163.7   5.7   3   3   0.00011     0.011   14.3   0.0   179   255   840   929   822   935 0.75 -
Dbrb05578-RA         -            890 32359at7147          -            581   2.6e-44  151.7   0.1   1   1   1.1e-45   1.1e-43  149.7   0.0    43   258   595   819   584   875 0.86 -
Dbrb15626-RA         -            865 32359at7147          -            581   5.2e-44  150.7   0.0   1   1   7.6e-46   7.5e-44  150.2   0.0    43   259   380   605   369   683 0.83 -
Dbrb01531-RA         -           1708 32359at7147          -            581   1.7e-43  149.1   0.2   1   1   3.2e-45   3.2e-43  148.1   0.2     8   257    21   276    15   311 0.91 -
Dbrb07484-RA         -            913 32359at7147          -            581   1.7e-42  145.7   0.0   1   1   2.7e-44   2.7e-42  145.1   0.0     5   245   599   846   596   862 0.90 -
Dbrb06845-RA         -            531 32359at7147          -            581   7.2e-42  143.7   0.0   1   1   8.9e-44   8.9e-42  143.4   0.0     2   261    23   290    22   340 0.86 -
Dbrb11185-RA         -            849 32359at7147          -            581   8.9e-42  143.4   0.0   1   1   1.6e-43   1.6e-41  142.5   0.0     6   263   574   842   570   847 0.88 -
Dbrb15617-RA         -            438 32359at7147          -            581   2.3e-41  142.0   0.0   1   2   2.7e-42   2.7e-40  138.5   0.0     6   263    29   318    24   398 0.80 -
Dbrb15617-RA         -            438 32359at7147          -            581   2.3e-41  142.0   0.0   2   2         7     7e+02   -1.6   0.1   487   554   349   413   334   428 0.61 -
Dbrb04871-RA         -            617 32359at7147          -            581   6.8e-41  140.4   0.0   1   1   1.4e-42   1.4e-40  139.5   0.0     6   258   344   600   339   615 0.89 -
Dbrb05538-RA         -           8125 32359at7147          -            581   1.7e-40  139.2   0.0   1   1   1.7e-42   1.7e-40  139.2   0.0     6   256  7297  7555  7292  7568 0.88 -
Dbrb09085-RA         -            454 32359at7147          -            581   5.9e-40  137.4   1.2   1   1   8.4e-42   8.3e-40  136.9   1.2    23   257   201   448   196   453 0.86 -
Dbrb08174-RA         -            450 32359at7147          -            581   2.5e-39  135.3   0.0   1   1   3.4e-41   3.4e-39  134.8   0.0     7   256    11   279     6   310 0.83 -
Dbrb08108-RA         -            697 32359at7147          -            581   7.8e-39  133.7   0.1   1   2       6.8   6.8e+02   -1.5   0.3   245   290   128   172   115   180 0.71 -
Dbrb08108-RA         -            697 32359at7147          -            581   7.8e-39  133.7   0.1   2   2   2.6e-40   2.6e-38  131.9   0.0     5   303   301   625   298   634 0.80 -
Dbrb06921-RA         -            786 32359at7147          -            581   1.3e-38  132.9   0.0   1   1   2.1e-40   2.1e-38  132.2   0.0     5   245   472   720   469   741 0.90 -
Dbrb00241-RA         -            846 32359at7147          -            581   1.7e-38  132.5   0.0   1   1   1.7e-40   1.7e-38  132.5   0.0     7   294    39   334    33   342 0.83 -
Dbrb01708-RA         -           1433 32359at7147          -            581   2.1e-38  132.2   0.0   1   1   3.2e-40   3.2e-38  131.6   0.0    73   256     2   187     1   191 0.94 -
Dbrb01591-RA         -           8858 32359at7147          -            581   5.4e-38  130.9   0.0   1   1   5.4e-40   5.4e-38  130.9   0.0     7   264  8232  8498  8227  8519 0.86 -
Dbrb05055-RA         -            762 32359at7147          -            581   1.2e-37  129.7   0.0   1   1   1.8e-39   1.8e-37  129.1   0.0     3   259    74   345    72   348 0.89 -
Dbrb05569-RA         -            446 32359at7147          -            581   1.4e-37  129.5   0.2   1   3    0.0014      0.14   10.6   0.0     6    69    29    99    24   110 0.71 -
Dbrb05569-RA         -            446 32359at7147          -            581   1.4e-37  129.5   0.2   2   3   1.3e-35   1.3e-33  116.4   0.0    58   236   132   317   130   391 0.87 -
Dbrb05569-RA         -            446 32359at7147          -            581   1.4e-37  129.5   0.2   3   3       7.8   7.8e+02   -1.7   0.1   487   554   357   421   343   436 0.61 -
Dbrb10553-RA         -            752 32359at7147          -            581   1.5e-37  129.4   0.0   1   3      0.32        32    2.9   0.2     7    47    17    60    12    63 0.78 -
Dbrb10553-RA         -            752 32359at7147          -            581   1.5e-37  129.4   0.0   2   3   1.6e-22   1.6e-20   73.2   0.0    73   175    61   164    58   170 0.93 -
Dbrb10553-RA         -            752 32359at7147          -            581   1.5e-37  129.4   0.0   3   3   1.6e-15   1.6e-13   50.1   0.0   178   257   215   294   203   302 0.94 -
Dbrb01116-RA         -            700 32359at7147          -            581   7.2e-37  127.2   0.1   1   1   1.1e-38   1.1e-36  126.6   0.1     4   255   187   454   184   458 0.84 -
Dbrb11364-RA         -            459 32359at7147          -            581   3.6e-36  124.9   0.0   1   1     5e-38     5e-36  124.4   0.0     6   258   152   425   148   455 0.84 -
Dbrb09115-RA         -            548 32359at7147          -            581     4e-36  124.7   0.0   1   1     6e-38     6e-36  124.1   0.0     5   254   148   413   145   422 0.86 -
Dbrb06327-RA         -            710 32359at7147          -            581   7.2e-36  123.9   0.0   1   1   1.6e-37   1.6e-35  122.7   0.0     6   256   434   688   429   701 0.89 -
Dbrb07676-RA         -            508 32359at7147          -            581     1e-35  123.4   0.0   1   1   1.5e-37   1.5e-35  122.8   0.0     4   256    11   273     8   319 0.85 -
Dbrb09319-RA         -            300 32359at7147          -            581   8.1e-35  120.4   0.0   1   1   1.1e-36   1.1e-34  120.0   0.0     7   257    24   290    19   294 0.88 -
Dbrb11104-RA         -            328 32359at7147          -            581   1.5e-34  119.5   0.0   1   1   1.9e-36   1.9e-34  119.2   0.0    12   237    72   308    62   327 0.86 -
Dbrb09285-RA         -            839 32359at7147          -            581   4.1e-34  118.1   0.0   1   1   6.2e-36   6.2e-34  117.5   0.0    12   256   550   803   537   808 0.86 -
Dbrb04582-RA         -            355 32359at7147          -            581   1.8e-33  116.0   0.0   1   1   2.1e-35   2.1e-33  115.7   0.0    47   256    54   282    13   330 0.79 -
Dbrb06506-RA         -            457 32359at7147          -            581     3e-33  115.2   0.0   1   1   1.9e-34   1.9e-32  112.5   0.0    11   270   142   439   132   455 0.74 -
Dbrb06668-RA         -           1335 32359at7147          -            581   4.3e-33  114.7   0.0   1   1   8.5e-35   8.4e-33  113.7   0.0    12   256   585   840   571   845 0.85 -
Dbrb15957-RA         -            264 32359at7147          -            581   6.2e-33  114.2   0.0   1   1   7.7e-35   7.6e-33  113.9   0.0     6   255     2   254     1   258 0.87 -
Dbrb09071-RA         -            837 32359at7147          -            581   8.2e-33  113.8   0.0   1   1   1.1e-34   1.1e-32  113.3   0.0     3   252    95   351    93   402 0.90 -
Dbrb06586-RA         -           2468 32359at7147          -            581   8.2e-33  113.8   0.0   1   2   4.4e-16   4.3e-14   51.9   0.4     7    95    67   158    62   160 0.91 -
Dbrb06586-RA         -           2468 32359at7147          -            581   8.2e-33  113.8   0.0   2   2   3.3e-18   3.3e-16   58.9   0.0   141   267   161   286   158   316 0.85 -
Dbrb09126-RA         -            590 32359at7147          -            581   8.9e-33  113.7   0.0   1   1   1.3e-34   1.3e-32  113.1   0.0    30   258   178   414   166   426 0.89 -
Dbrb03668-RA         -           2148 32359at7147          -            581   1.9e-32  112.5   0.0   1   1     1e-33     1e-31  110.1   0.0     6   244   852  1120   849  1139 0.84 -
Dbrb14777-RA         -            375 32359at7147          -            581   2.3e-32  112.3   0.0   1   2   8.8e-29   8.8e-27   93.9   0.1     9   210    38   249    32   260 0.82 -
Dbrb14777-RA         -            375 32359at7147          -            581   2.3e-32  112.3   0.0   2   2   2.5e-05    0.0025   16.4   0.0   228   264   298   334   291   358 0.87 -
Dbrb02692-RA         -            921 32359at7147          -            581   8.1e-32  110.5   0.0   1   2     3e-20     3e-18   65.7   0.1     7   157   270   425   266   436 0.84 -
Dbrb02692-RA         -            921 32359at7147          -            581   8.1e-32  110.5   0.0   2   2   5.1e-16   5.1e-14   51.7   0.0   160   247   512   599   505   618 0.87 -
Dbrb15730-RA         -           1385 32359at7147          -            581   1.8e-31  109.3   0.0   1   2       2.9   2.9e+02   -0.3   2.8   390   459   679   748   676   837 0.73 -
Dbrb15730-RA         -           1385 32359at7147          -            581   1.8e-31  109.3   0.0   2   2   1.8e-33   1.8e-31  109.3   0.0     7   283  1046  1355  1042  1368 0.77 -
Dbrb08840-RA         -            620 32359at7147          -            581   2.2e-31  109.1   0.0   1   1   3.2e-33   3.2e-31  108.5   0.0     7   257   227   495   223   499 0.84 -
Dbrb05717-RA         -            661 32359at7147          -            581   2.4e-31  108.9   0.0   1   1   3.7e-33   3.7e-31  108.3   0.0     7   257   255   523   251   527 0.84 -
Dbrb02121-RA         -            294 32359at7147          -            581   6.7e-30  104.2   0.0   1   2   2.9e-25   2.9e-23   82.3   0.0     6   210     2   212     1   219 0.88 -
Dbrb02121-RA         -            294 32359at7147          -            581   6.7e-30  104.2   0.0   2   2   1.8e-06   0.00018   20.2   0.0   223   262   254   293   245   294 0.90 -
Dbrb09980-RA         -            458 32359at7147          -            581   1.4e-29  103.1   0.6   1   2   1.8e-20   1.8e-18   66.4   0.7     5   154    89   243    86   250 0.91 -
Dbrb09980-RA         -            458 32359at7147          -            581   1.4e-29  103.1   0.6   2   2   8.8e-11   8.7e-09   34.4   0.0   161   215   288   342   278   367 0.89 -
Dbrb04869-RA         -           1365 32359at7147          -            581   5.3e-29  101.2   0.0   1   1   1.5e-30   1.5e-28   99.7   0.0     4   258    70   339    67   344 0.87 -
Dbrb05773-RA         -            314 32359at7147          -            581   1.5e-28   99.7   0.6   1   2     1e-26     1e-24   87.0   0.1     4   206     4   211     1   223 0.87 -
Dbrb05773-RA         -            314 32359at7147          -            581   1.5e-28   99.7   0.6   2   2   0.00095     0.095   11.2   0.0   219   256   250   288   246   297 0.86 -
Dbrb16472-RA         -            442 32359at7147          -            581   2.2e-28   99.2   0.0   1   2   2.4e-28   2.4e-26   92.4   0.0     3   199    47   247    45   274 0.88 -
Dbrb16472-RA         -            442 32359at7147          -            581   2.2e-28   99.2   0.0   2   2     0.084       8.3    4.8   0.0   229   256   311   338   298   384 0.83 -
Dbrb05374-RA         -            351 32359at7147          -            581   2.8e-28   98.8   0.0   1   2   1.3e-29   1.3e-27   96.7   0.0     3   213     7   225     5   233 0.83 -
Dbrb05374-RA         -            351 32359at7147          -            581   2.8e-28   98.8   0.0   2   2         3     3e+02   -0.4   0.0   226   256   266   296   256   300 0.82 -
Dbrb01823-RA         -            388 32359at7147          -            581   2.9e-28   98.7   0.0   1   1     4e-30     4e-28   98.3   0.0     5   202    52   256    49   269 0.86 -
Dbrb03605-RA         -           1840 32359at7147          -            581   5.8e-28   97.8   0.2   1   1   1.7e-29   1.7e-27   96.2   0.2     5   257   102   371    99   381 0.82 -
Dbrb08911-RA         -           1487 32359at7147          -            581   5.9e-28   97.7   0.0   1   1   9.5e-30   9.5e-28   97.1   0.0    14   262  1205  1466  1200  1485 0.84 -
Dbrb11513-RA         -            644 32359at7147          -            581   7.3e-28   97.4   0.9   1   3       6.8   6.8e+02   -1.5   0.0   181   260    64   151    30   161 0.59 -
Dbrb11513-RA         -            644 32359at7147          -            581   7.3e-28   97.4   0.9   2   3   4.6e-07   4.6e-05   22.2   0.1     7   201   170   370   162   386 0.80 -
Dbrb11513-RA         -            644 32359at7147          -            581   7.3e-28   97.4   0.9   3   3   2.2e-22   2.2e-20   72.7   0.0    66   203   430   571   426   625 0.84 -
Dbrb07445-RA         -            537 32359at7147          -            581   1.1e-27   96.8   0.2   1   2   0.00015     0.015   13.9   0.0     5   144     7   151     3   163 0.86 -
Dbrb07445-RA         -            537 32359at7147          -            581   1.1e-27   96.8   0.2   2   2   6.9e-25   6.9e-23   81.0   0.0     7   211   277   486   272   493 0.81 -
Dbrb14716-RA         -            361 32359at7147          -            581     2e-27   96.0   0.0   1   2     4e-24     4e-22   78.5   0.0     6   204    18   225    14   255 0.83 -
Dbrb14716-RA         -            361 32359at7147          -            581     2e-27   96.0   0.0   2   2   4.6e-05    0.0046   15.6   0.0   228   286   280   339   276   352 0.72 -
Dbrb10968-RA         -            290 32359at7147          -            581   2.8e-27   95.5   0.0   1   1     4e-29   3.9e-27   95.0   0.0    12   202    12   212     6   218 0.81 -
Dbrb07559-RA         -            723 32359at7147          -            581   2.8e-26   92.2   0.0   1   2   3.9e-27   3.8e-25   88.4   0.0     8   204     4   203     1   215 0.85 -
Dbrb07559-RA         -            723 32359at7147          -            581   2.8e-26   92.2   0.0   2   2      0.91        91    1.4   0.0   224   303   253   334   244   355 0.67 -
Dbrb15501-RA         -            578 32359at7147          -            581   3.7e-26   91.8   0.0   1   1   5.3e-28   5.3e-26   91.3   0.0     9   244   319   560   312   570 0.84 -
Dbrb01149-RA         -           1633 32359at7147          -            581   4.3e-26   91.6   0.0   1   1   8.8e-28   8.8e-26   90.6   0.0     6   244   102   359    98   377 0.84 -
Dbrb03722-RA         -            358 32359at7147          -            581   4.3e-26   91.6   0.1   1   2   2.4e-23   2.4e-21   75.9   0.1    77   204    44   174    37   183 0.82 -
Dbrb03722-RA         -            358 32359at7147          -            581   4.3e-26   91.6   0.1   2   2   0.00017     0.017   13.6   0.0   218   257   220   259   216   283 0.91 -
Dbrb05435-RA         -            396 32359at7147          -            581   6.4e-26   91.0   0.0   1   2     6e-23     6e-21   74.6   0.0     6   201    85   282    80   299 0.84 -
Dbrb05435-RA         -            396 32359at7147          -            581   6.4e-26   91.0   0.0   2   2   0.00011     0.011   14.3   0.0   224   258   333   367   327   380 0.91 -
Dbrb16962-RA         -           1206 32359at7147          -            581   2.8e-25   88.9   0.0   1   1   5.3e-27   5.2e-25   88.0   0.0     7   219   120   342   114   386 0.81 -
Dbrb03191-RA         -            408 32359at7147          -            581   7.8e-25   87.4   0.0   1   2   2.2e-25   2.2e-23   82.6   0.0     6   201    89   288    85   300 0.88 -
Dbrb03191-RA         -            408 32359at7147          -            581   7.8e-25   87.4   0.0   2   2      0.36        36    2.7   0.0   231   256   351   376   341   380 0.86 -
Dbrb09779-RA         -            418 32359at7147          -            581   9.7e-25   87.1   0.4   1   2   2.4e-22   2.4e-20   72.6   0.1     8   205    77   283    72   325 0.82 -
Dbrb09779-RA         -            418 32359at7147          -            581   9.7e-25   87.1   0.4   2   2   0.00032     0.032   12.8   0.0   228   259   337   368   316   385 0.88 -
Dbrb01494-RA         -            317 32359at7147          -            581   2.9e-24   85.5   0.0   1   2   8.9e-26   8.9e-24   83.9   0.0     7   214    25   244    20   264 0.81 -
Dbrb01494-RA         -            317 32359at7147          -            581   2.9e-24   85.5   0.0   2   2       6.4   6.4e+02   -1.4   0.0   226   257   283   314   277   315 0.87 -
Dbrb09957-RA         -            759 32359at7147          -            581   3.6e-24   85.2   0.0   1   1   5.8e-26   5.7e-24   84.6   0.0    86   256     7   191     4   236 0.88 -
Dbrb05431-RA         -           1230 32359at7147          -            581   3.6e-24   85.2   0.0   1   2   3.6e-26   3.6e-24   85.2   0.0     8   215    62   291    54   304 0.80 -
Dbrb05431-RA         -           1230 32359at7147          -            581   3.6e-24   85.2   0.0   2   2       1.6   1.6e+02    0.5   0.0   224   259   332   367   320   374 0.87 -
Dbrb16229-RA         -            697 32359at7147          -            581   1.4e-23   83.2   0.1   1   2   3.8e-23   3.8e-21   75.3   0.0     8   212   232   444   224   449 0.77 -
Dbrb16229-RA         -            697 32359at7147          -            581   1.4e-23   83.2   0.1   2   2     0.051       5.1    5.5   0.0   226   269   487   530   482   567 0.74 -
Dbrb05722-RA         -            524 32359at7147          -            581   4.6e-23   81.6   0.0   1   2   6.2e-22   6.1e-20   71.3   0.0     8   204    31   235    25   257 0.77 -
Dbrb05722-RA         -            524 32359at7147          -            581   4.6e-23   81.6   0.0   2   2    0.0078      0.78    8.2   0.0   227   256   287   316   282   324 0.90 -
Dbrb08047-RA         -           1038 32359at7147          -            581   7.6e-23   80.9   0.0   1   2   0.00094     0.093   11.2   0.0     6    67   512   574   507   582 0.78 -
Dbrb08047-RA         -           1038 32359at7147          -            581   7.6e-23   80.9   0.0   2   2   1.2e-20   1.2e-18   67.0   0.0    76   251   803   995   797  1027 0.79 -
Dbrb05914-RA         -            268 32359at7147          -            581   2.4e-21   75.9   0.3   1   1   2.7e-23   2.7e-21   75.8   0.3     4   212     5   210     2   255 0.82 -
Dbrb10390-RA         -            448 32359at7147          -            581   3.9e-21   75.2   0.0   1   2   3.9e-23   3.9e-21   75.2   0.0    13   204    26   237    15   244 0.80 -
Dbrb10390-RA         -            448 32359at7147          -            581   3.9e-21   75.2   0.0   2   2      0.16        16    3.8   0.1   226   256   306   336   278   339 0.74 -
Dbrb10757-RA         -            692 32359at7147          -            581     4e-21   75.2   0.0   1   1   6.4e-23   6.4e-21   74.5   0.0     6   210    17   222    12   264 0.81 -
Dbrb04158-RA         -            975 32359at7147          -            581   4.8e-21   74.9   0.0   1   2   1.6e-22   1.6e-20   73.2   0.0     4   214   575   795   573   850 0.83 -
Dbrb04158-RA         -            975 32359at7147          -            581   4.8e-21   74.9   0.0   2   2       8.8   8.8e+02   -1.9   0.0   229   256   846   873   822   875 0.86 -
Dbrb04294-RA         -            998 32359at7147          -            581   5.8e-21   74.7   0.0   1   1   9.3e-23   9.3e-21   74.0   0.0    53   252   198   400   166   432 0.85 -
Dbrb04072-RA         -            703 32359at7147          -            581   6.9e-21   74.4   0.0   1   1   1.6e-22   1.6e-20   73.2   0.0     8   258   109   360   103   375 0.85 -
Dbrb04781-RA         -            335 32359at7147          -            581   8.2e-21   74.1   0.0   1   1   1.1e-22   1.1e-20   73.8   0.0    13   257    52   310    41   320 0.79 -
Dbrb04246-RA         -            508 32359at7147          -            581   1.4e-20   73.4   0.0   1   1   2.2e-22   2.2e-20   72.7   0.0    89   256   240   413   234   417 0.90 -
Dbrb15667-RA         -           1223 32359at7147          -            581   1.5e-20   73.3   0.0   1   2   7.6e-06   0.00076   18.1   0.0    66   138   641   714   614   740 0.77 -
Dbrb15667-RA         -           1223 32359at7147          -            581   1.5e-20   73.3   0.0   2   2   2.4e-16   2.4e-14   52.8   0.0     8   196   911  1104   906  1220 0.68 -
Dbrb04667-RA         -            943 32359at7147          -            581   4.3e-20   71.8   0.0   1   2   7.3e-19   7.2e-17   61.1   0.1     5   225   169   398   165   412 0.79 -
Dbrb04667-RA         -            943 32359at7147          -            581   4.3e-20   71.8   0.0   2   2    0.0089      0.89    8.0   0.0   228   267   465   504   455   514 0.86 -
Dbrb07088-RA         -            383 32359at7147          -            581   8.1e-20   70.9   0.6   1   1   1.4e-21   1.4e-19   70.1   0.6     9   207    48   253    43   263 0.79 -
Dbrb06296-RA         -            638 32359at7147          -            581   7.2e-19   67.7   0.1   1   1   1.8e-20   1.8e-18   66.4   0.1     8   254   349   623   343   627 0.77 -
Dbrb05744-RA         -            295 32359at7147          -            581   8.3e-19   67.5   0.0   1   2   8.2e-20   8.2e-18   64.2   0.0     7   203     8   211     5   223 0.79 -
Dbrb05744-RA         -            295 32359at7147          -            581   8.3e-19   67.5   0.0   2   2       1.1   1.1e+02    1.1   0.0   227   255   266   294   253   295 0.84 -
Dbrb04782-RA         -           1324 32359at7147          -            581   1.8e-18   66.4   0.0   1   1   5.6e-20   5.6e-18   64.8   0.0     5   257   195   459   191   469 0.75 -
Dbrb05920-RA         -            281 32359at7147          -            581   3.9e-18   65.3   0.0   1   1   4.8e-20   4.8e-18   65.0   0.0     8   205    15   212     7   268 0.78 -
Dbrb08081-RA         -            444 32359at7147          -            581     4e-18   65.3   1.1   1   2   2.2e-17   2.2e-15   56.2   0.2     6   201   143   338   139   389 0.84 -
Dbrb08081-RA         -            444 32359at7147          -            581     4e-18   65.3   1.1   2   2    0.0096      0.96    7.9   0.0   222   256   397   431   382   439 0.87 -
Dbrb10166-RA         -           2033 32359at7147          -            581   7.2e-18   64.4   0.0   1   2   0.00071     0.071   11.6   0.0    30    96  1664  1729  1633  1733 0.90 -
Dbrb10166-RA         -           2033 32359at7147          -            581   7.2e-18   64.4   0.0   2   2     2e-15     2e-13   49.8   0.0    96   196  1754  1856  1749  1870 0.88 -
Dbrb06663-RA         -           1097 32359at7147          -            581   1.3e-17   63.5   0.0   1   1   2.3e-19   2.3e-17   62.8   0.0    59   254   615   830   564   850 0.73 -
Dbrb06015-RA         -            488 32359at7147          -            581   2.3e-17   62.8   0.0   1   1   3.4e-19   3.3e-17   62.2   0.0     8   223   197   432   192   445 0.79 -
Dbrb08182-RA         -           1226 32359at7147          -            581   3.4e-17   62.2   0.0   1   1   5.9e-19   5.8e-17   61.4   0.0    13   251    63   325    56   330 0.77 -
Dbrb07742-RA         -            455 32359at7147          -            581   3.5e-17   62.2   0.0   1   1   4.7e-19   4.7e-17   61.7   0.0     6   202   100   303    96   378 0.80 -
Dbrb15599-RA         -            943 32359at7147          -            581   1.4e-16   60.2   1.0   1   1   2.6e-18   2.6e-16   59.3   1.0     7   211   378   589   373   604 0.84 -
Dbrb07885-RA         -            758 32359at7147          -            581   2.7e-15   55.9   0.0   1   1   4.1e-17   4.1e-15   55.3   0.0    10   206   469   678   465   729 0.75 -
Dbrb17097-RA         -            699 32359at7147          -            581   2.8e-15   55.9  15.3   1   3    0.0013      0.13   10.8   0.1    96   137   105   146    82   149 0.84 -
Dbrb17097-RA         -            699 32359at7147          -            581   2.8e-15   55.9  15.3   2   3   5.3e-16   5.3e-14   51.7   0.0   139   258   175   297   153   310 0.86 -
Dbrb17097-RA         -            699 32359at7147          -            581   2.8e-15   55.9  15.3   3   3       6.2   6.2e+02   -1.4   5.2   428   545   557   682   544   695 0.58 -
Dbrb04598-RA         -           1189 32359at7147          -            581   6.1e-15   54.8   1.0   1   1   6.1e-17   6.1e-15   54.8   1.0     8   153   389   537   385   540 0.87 -
Dbrb14768-RA         -           1270 32359at7147          -            581   1.4e-14   53.6   0.0   1   1   2.5e-16   2.5e-14   52.8   0.0     8   243   888  1147   881  1198 0.75 -
Dbrb07519-RA         -            594 32359at7147          -            581   1.5e-14   53.4   0.0   1   2   5.2e-13   5.1e-11   41.8   0.1     8   133   227   356   221   363 0.87 -
Dbrb07519-RA         -            594 32359at7147          -            581   1.5e-14   53.4   0.0   2   2    0.0032      0.32    9.5   0.0   164   261   413   507   387   548 0.63 -
Dbrb11413-RA         -            469 32359at7147          -            581     3e-14   52.5   0.7   1   3   1.7e-12   1.7e-10   40.1   0.0   108   206    25   122    15   140 0.89 -
Dbrb11413-RA         -            469 32359at7147          -            581     3e-14   52.5   0.7   2   3    0.0031       0.3    9.5   0.0   230   286   188   244   180   251 0.89 -
Dbrb11413-RA         -            469 32359at7147          -            581     3e-14   52.5   0.7   3   3       7.8   7.8e+02   -1.7   0.3   490   528   393   431   381   461 0.74 -
Dbrb15528-RA         -           1558 32359at7147          -            581   3.5e-14   52.3   0.0   1   1   7.7e-16   7.7e-14   51.1   0.0     9   269    42   325    38   349 0.75 -
Dbrb08995-RA         -           1330 32359at7147          -            581   4.6e-14   51.9   0.0   1   1     9e-16     9e-14   50.9   0.0     8   195   217   409   212   416 0.82 -
Dbrb03000-RA         -            937 32359at7147          -            581   5.9e-14   51.5   8.9   1   2   9.8e-14   9.7e-12   44.2   0.1     7   223   616   841   609   847 0.80 -
Dbrb03000-RA         -            937 32359at7147          -            581   5.9e-14   51.5   8.9   2   2   0.00048     0.048   12.2   0.1   226   257   904   935   878   937 0.77 -
Dbrb17686-RA         -           1137 32359at7147          -            581   8.8e-14   50.9   0.0   1   1   1.7e-15   1.7e-13   50.0   0.0     8   195   126   318   121   325 0.82 -
Dbrb14748-RA         -            963 32359at7147          -            581   1.3e-13   50.4   0.0   1   1     2e-15     2e-13   49.8   0.0    11   203    15   226    10   243 0.80 -
Dbrb05863-RA         -            518 32359at7147          -            581   1.7e-13   50.0   0.0   1   1   2.6e-15   2.5e-13   49.4   0.0    12   192   208   406   202   414 0.77 -
Dbrb05331-RA         -            779 32359at7147          -            581     3e-13   49.2   0.1   1   3   1.5e-05    0.0015   17.1   0.0    98   154   273   330   175   339 0.75 -
Dbrb05331-RA         -            779 32359at7147          -            581     3e-13   49.2   0.1   2   3   0.00043     0.043   12.4   0.0   153   201   517   566   507   582 0.81 -
Dbrb05331-RA         -            779 32359at7147          -            581     3e-13   49.2   0.1   3   3   5.2e-05    0.0052   15.4   0.0   226   256   672   702   667   706 0.91 -
Dbrb12858-RA         -            333 32359at7147          -            581   4.7e-13   48.5   0.5   1   3     0.018       1.8    7.0   0.1    20    86    36   107    21   112 0.79 -
Dbrb12858-RA         -            333 32359at7147          -            581   4.7e-13   48.5   0.5   2   3   5.1e-08   5.1e-06   25.3   0.0   125   201   112   187   108   202 0.84 -
Dbrb12858-RA         -            333 32359at7147          -            581   4.7e-13   48.5   0.5   3   3   0.00023     0.023   13.2   0.0   225   260   254   289   248   299 0.91 -
Dbrb02094-RA         -            678 32359at7147          -            581   6.7e-13   48.0   0.0   1   1   9.9e-15   9.9e-13   47.5   0.0     8   185   380   571   374   587 0.75 -
Dbrb09502-RA         -            700 32359at7147          -            581   1.1e-12   47.4   0.0   1   1   3.9e-14   3.9e-12   45.5   0.0     4   201     7   205     4   222 0.78 -
Dbrb08485-RA         -            318 32359at7147          -            581   4.3e-12   45.4   0.0   1   1   8.1e-14     8e-12   44.5   0.0     7   251    27   305    22   314 0.71 -
Dbrb07148-RA         -            787 32359at7147          -            581   5.1e-12   45.1   9.3   1   3   3.2e-05    0.0032   16.1   0.0    95   152   363   421   271   426 0.81 -
Dbrb07148-RA         -            787 32359at7147          -            581   5.1e-12   45.1   9.3   2   3   2.3e-05    0.0023   16.5   0.0   153   201   536   585   513   600 0.83 -
Dbrb07148-RA         -            787 32359at7147          -            581   5.1e-12   45.1   9.3   3   3   3.5e-05    0.0035   15.9   0.0   225   257   690   722   679   736 0.88 -
Dbrb08675-RA         -           1262 32359at7147          -            581   1.4e-11   43.7  11.3   1   2   1.1e-11     1e-09   37.5   1.0     8   212   914  1142   907  1159 0.63 -
Dbrb08675-RA         -           1262 32359at7147          -            581   1.4e-11   43.7  11.3   2   2     0.001       0.1   11.1   0.0   229   257  1202  1230  1196  1257 0.89 -
Dbrb08200-RA         -            654 32359at7147          -            581   1.6e-11   43.5   0.0   1   2     0.044       4.4    5.7   0.0    63    96   384   417   376   424 0.90 -
Dbrb08200-RA         -            654 32359at7147          -            581   1.6e-11   43.5   0.0   2   2   4.3e-11   4.3e-09   35.4   0.0   116   256   500   639   493   647 0.94 -
Dbrb09801-RA         -            675 32359at7147          -            581   2.7e-11   42.7   0.0   1   1   6.2e-13   6.2e-11   41.5   0.0   161   255   532   629   525   633 0.93 -
Dbrb05719-RA         -           1551 32359at7147          -            581     3e-11   42.6  13.4   1   4      0.26        26    3.1   0.2   102   151   366   415   302   418 0.79 -
Dbrb05719-RA         -           1551 32359at7147          -            581     3e-11   42.6  13.4   2   4      0.48        48    2.3   0.1   219   276   441   494   436   526 0.71 -
Dbrb05719-RA         -           1551 32359at7147          -            581     3e-11   42.6  13.4   3   4   1.1e-05    0.0011   17.7   0.0     6    69   526   591   519   598 0.87 -
Dbrb05719-RA         -           1551 32359at7147          -            581     3e-11   42.6  13.4   4   4   6.2e-08   6.2e-06   25.0   0.1   120   250   738   895   734   900 0.72 -
Dbrb12658-RA         -           1972 32359at7147          -            581   5.4e-11   41.7   0.0   1   1   8.8e-13   8.8e-11   41.0   0.0    30   200  1360  1537  1351  1552 0.84 -
Dbrb01395-RA         -            710 32359at7147          -            581     8e-11   41.2   0.0   1   1   1.4e-12   1.4e-10   40.4   0.0     5   202    23   226    20   233 0.76 -
Dbrb03057-RA         -           1163 32359at7147          -            581   1.1e-10   40.7   5.5   1   3       3.8   3.7e+02   -0.7   3.8   463   535   462   536   439   572 0.63 -
Dbrb03057-RA         -           1163 32359at7147          -            581   1.1e-10   40.7   5.5   2   3   6.6e-11   6.6e-09   34.8   0.1     9   157   785   957   777   976 0.78 -
Dbrb03057-RA         -           1163 32359at7147          -            581   1.1e-10   40.7   5.5   3   3         4     4e+02   -0.8   0.0   167   245  1030  1110  1017  1115 0.87 -
Dbrb03711-RA         -            777 32359at7147          -            581   2.4e-10   39.6   0.9   1   2     3e-11     3e-09   36.0   0.2    16   204   441   642   433   659 0.84 -
Dbrb03711-RA         -            777 32359at7147          -            581   2.4e-10   39.6   0.9   2   2      0.61        61    1.9   0.0   223   266   692   735   675   754 0.81 -
Dbrb05767-RA         -           2429 32359at7147          -            581   6.7e-10   38.1   0.0   1   2      0.33        33    2.8   0.2    12    36  1713  1744  1706  1749 0.77 -
Dbrb05767-RA         -           2429 32359at7147          -            581   6.7e-10   38.1   0.0   2   2   2.8e-10   2.7e-08   32.8   0.0    45   203  1778  1954  1751  1962 0.75 -
Dbrb07820-RA         -           1962 32359at7147          -            581   9.6e-10   37.6   0.0   1   2       0.9        90    1.4   0.0    13    97  1165  1254  1156  1264 0.73 -
Dbrb07820-RA         -           1962 32359at7147          -            581   9.6e-10   37.6   0.0   2   2     3e-10     3e-08   32.7   0.0   109   243  1292  1430  1284  1447 0.78 -
Dbrb10444-RA         -           1004 32359at7147          -            581     1e-09   37.5   1.3   1   2   1.2e-05    0.0012   17.5   0.1     8   137   290   434   283   444 0.58 -
Dbrb10444-RA         -           1004 32359at7147          -            581     1e-09   37.5   1.3   2   2   1.7e-05    0.0016   17.0   0.0   132   206   830   901   819   907 0.87 -
Dbrb08043-RA         -            400 32359at7147          -            581   2.9e-09   36.0   0.0   1   1   4.7e-11   4.7e-09   35.3   0.0     8   203    32   237    28   263 0.76 -
Dbrb02265-RA         -            533 32359at7147          -            581   6.4e-09   34.9   0.0   1   1   9.4e-11   9.3e-09   34.3   0.0    10   176   229   409   223   432 0.76 -
Dbrb12725-RA         -            549 32359at7147          -            581   1.6e-08   33.6   0.0   1   1   2.3e-10   2.3e-08   33.1   0.0    11   197   285   480   277   492 0.80 -
Dbrb02052-RA         -            795 32359at7147          -            581   1.6e-08   33.6  12.1   1   2   8.3e-06   0.00083   18.0   0.1     8   141   198   347   191   364 0.55 -
Dbrb02052-RA         -            795 32359at7147          -            581   1.6e-08   33.6  12.1   2   2   9.5e-07   9.4e-05   21.1   0.0   137   202   631   693   626   701 0.87 -
Dbrb04843-RA         -            383 32359at7147          -            581   2.7e-08   32.8   0.0   1   2   9.3e-10   9.2e-08   31.1   0.0    12   201    32   246    25   262 0.75 -
Dbrb04843-RA         -            383 32359at7147          -            581   2.7e-08   32.8   0.0   2   2       3.9   3.9e+02   -0.7   0.0   524   554   265   295   249   308 0.77 -
Dbrb07308-RA         -            330 32359at7147          -            581   2.9e-08   32.7   0.0   1   1   4.8e-10   4.7e-08   32.0   0.0     5   198    15   218    12   224 0.74 -
Dbrb15516-RA         -            276 32359at7147          -            581   5.6e-08   31.8   1.1   1   1   9.8e-10   9.7e-08   31.0   1.1    62   216    54   212    23   253 0.79 -
Dbrb12729-RA         -            620 32359at7147          -            581   7.2e-08   31.4   0.1   1   1   1.1e-09   1.1e-07   30.9   0.1    14   194   359   548   350   560 0.77 -
Dbrb02288-RA         -            357 32359at7147          -            581   7.7e-08   31.3   0.0   1   1   1.1e-09   1.1e-07   30.9   0.0    86   196   169   287   165   316 0.78 -
Dbrb00740-RA         -            926 32359at7147          -            581     1e-07   30.9   0.0   1   1   2.2e-09   2.1e-07   29.8   0.0    36   196   682   856   672   896 0.82 -
Dbrb04712-RA         -            343 32359at7147          -            581   1.4e-07   30.5   0.2   1   1   2.9e-09   2.9e-07   29.4   0.2     6   189    18   212    15   233 0.77 -
Dbrb11237-RA         -            113 32359at7147          -            581   2.6e-07   29.6   0.1   1   1   3.1e-09   3.1e-07   29.3   0.1     7   100     8    98     4   110 0.87 -
Dbrb02237-RA         -            946 32359at7147          -            581   3.8e-07   29.0   5.0   1   3   1.5e-06   0.00015   20.4   1.8     3   119    43   172    41   175 0.77 -
Dbrb02237-RA         -            946 32359at7147          -            581   3.8e-07   29.0   5.0   2   3       4.7   4.7e+02   -1.0   0.0   182   211   172   201   171   211 0.88 -
Dbrb02237-RA         -            946 32359at7147          -            581   3.8e-07   29.0   5.0   3   3     0.005      0.49    8.8   0.0   229   270   251   293   242   338 0.78 -
Dbrb10372-RA         -            925 32359at7147          -            581   5.4e-07   28.5   0.1   1   1   5.4e-09   5.4e-07   28.5   0.1     5   172   231   421   228   450 0.67 -
Dbrb04116-RA         -           1542 32359at7147          -            581   5.8e-07   28.4   0.1   1   1   9.7e-09   9.7e-07   27.7   0.1    40   203   584   756   566   768 0.78 -
Dbrb08623-RA         -           1485 32359at7147          -            581   5.8e-07   28.4   0.1   1   1   8.9e-09   8.9e-07   27.8   0.1    29   148   643   765   639   826 0.89 -
Dbrb02335-RA         -           1619 32359at7147          -            581     1e-06   27.6   0.1   1   1   1.7e-08   1.7e-06   26.9   0.1     6   201  1330  1542  1326  1582 0.72 -
Dbrb06616-RA         -            802 32359at7147          -            581   2.3e-06   26.5   0.0   1   1   3.6e-08   3.6e-06   25.8   0.0    58   249   563   763   510   771 0.71 -
Dbrb10449-RA         -           1176 32359at7147          -            581   3.6e-06   25.8   0.0   1   1   6.6e-08   6.5e-06   24.9   0.0    33   149   510   627   503   656 0.82 -
Dbrb06404-RA         -            855 32359at7147          -            581   5.4e-06   25.2   0.0   1   1   1.3e-07   1.3e-05   23.9   0.0     6   270    29   326    24   339 0.70 -
Dbrb06040-RA         -            381 32359at7147          -            581   6.6e-06   24.9   0.0   1   1     1e-07     1e-05   24.3   0.0    88   191    32   145    15   162 0.73 -
Dbrb18273-RA         -            537 32359at7147          -            581   9.3e-06   24.4   0.0   1   1   1.9e-07   1.9e-05   23.4   0.0    88   191   140   253   121   269 0.73 -
Dbrb04466-RA         -            913 32359at7147          -            581   1.3e-05   24.0   0.1   1   3       0.1        10    4.5   0.0   104   137   461   495   448   501 0.87 -
Dbrb04466-RA         -            913 32359at7147          -            581   1.3e-05   24.0   0.1   2   3    0.0012      0.12   10.8   0.0   138   204   731   794   726   802 0.86 -
Dbrb04466-RA         -            913 32359at7147          -            581   1.3e-05   24.0   0.1   3   3     0.093       9.3    4.6   0.0   210   256   849   895   840   901 0.91 -
Dbrb04711-RA         -            343 32359at7147          -            581   1.9e-05   23.4   0.6   1   1   4.7e-07   4.7e-05   22.1   0.6     7   180    19   203    15   220 0.72 -
Dbrb00541-RA         -           1165 32359at7147          -            581   4.2e-05   22.3   0.0   1   1   6.2e-07   6.2e-05   21.7   0.0    77   196   686   815   638   849 0.73 -
Dbrb15306-RA         -            480 32359at7147          -            581   9.4e-05   21.1   0.1   1   2    0.0027      0.27    9.7   0.0     6    97   293   386   289   394 0.80 -
Dbrb15306-RA         -            480 32359at7147          -            581   9.4e-05   21.1   0.1   2   2    0.0012      0.12   10.9   0.0   211   259   384   433   379   468 0.75 -
Dbrb06336-RA         -           1805 32359at7147          -            581   0.00063   18.4   0.0   1   1   1.7e-05    0.0017   16.9   0.0   101   148  1622  1669  1616  1690 0.84 -
Dbrb01229-RA         -            231 32359at7147          -            581   0.00064   18.4   0.0   1   1   8.6e-06   0.00086   18.0   0.0   163   257    71   173    54   176 0.76 -
Dbrb08567-RA         -            666 32359at7147          -            581     0.001   17.7   0.0   1   1     2e-05     0.002   16.7   0.0    47   256   166   395   149   405 0.74 -
Dbrb12848-RA         -           1176 32359at7147          -            581    0.0012   17.5   0.0   1   1     4e-05     0.004   15.8   0.0     8   198   891  1100   885  1112 0.67 -
Dbrb15366-RA         -            315 32359at7147          -            581    0.0015   17.1   0.1   1   1   3.3e-05    0.0033   16.0   0.0   164   266   182   289   167   310 0.79 -
Dbrb15569-RA         -            370 32359at7147          -            581    0.0022   16.6   0.0   1   1   3.1e-05    0.0031   16.1   0.0     8   192    27   223    21   232 0.70 -
Dbrb04015-RA         -            224 32359at7147          -            581    0.0026   16.4   0.1   1   1   3.1e-05    0.0031   16.1   0.1    48   159    46   168    26   177 0.71 -
Dbrb11414-RA         -            304 32359at7147          -            581    0.0029   16.2   0.1   1   1     4e-05     0.004   15.8   0.1     7    44   197   238   191   280 0.74 -
Dbrb09316-RA         -            580 32359at7147          -            581     0.013   14.1   8.9   1   2   0.00039     0.039   12.5   0.0     4    80   235   312   232   315 0.83 -
Dbrb09316-RA         -            580 32359at7147          -            581     0.013   14.1   8.9   2   2     0.013       1.3    7.4   0.0   232   272   314   354   308   379 0.78 -
Dbrb09136-RA         -            803 32359at7147          -            581     0.022   13.3   0.2   1   1   0.00032     0.032   12.7   0.2   418   478   609   670   582   735 0.79 -
Dbrb13261-RA         -            798 32359at7147          -            581     0.038   12.5   0.0   1   1     0.001     0.099   11.1   0.0   126   194   648   714   645   739 0.86 -
#
# Program:         hmmsearch
# Version:         3.1b2 (February 2015)
# Pipeline mode:   SEARCH
# Query file:      /home/nmoreyra/Documents/Genomics/03_orthologs_search/00_Phylogenomics_BUSCO-groups/busco4_odb10/busco_downloads/lineages/diptera_odb10/hmms/32359at7147.hmm
# Target file:     /home/nmoreyra/Documents/Genomics/03_orthologs_search/00_Phylogenomics_BUSCO-groups/busco4_odb10/../00_proteins/Dbrb_proteins.fasta
# Option settings: /home/nmoreyra/Software/miniconda3/envs/busco4/bin/hmmsearch --domtblout /home/nmoreyra/Documents/Genomics/03_orthologs_search/00_Phylogenomics_BUSCO-groups/busco4_odb10/Dbrb_diptera/run_diptera_odb10/hmmer_output/initial_run_results/32359at7147.out --cpu 1 /home/nmoreyra/Documents/Genomics/03_orthologs_search/00_Phylogenomics_BUSCO-groups/busco4_odb10/busco_downloads/lineages/diptera_odb10/hmms/32359at7147.hmm /home/nmoreyra/Documents/Genomics/03_orthologs_search/00_Phylogenomics_BUSCO-groups/busco4_odb10/../00_proteins/Dbrb_proteins.fasta 
# Current dir:     /home/nmoreyra/Documents/Genomics/03_orthologs_search/00_Phylogenomics_BUSCO-groups/busco4_odb10
# Date:            Mon Jan 25 13:07:27 2021
# [ok]
