#                                                                            --- full sequence --- -------------- this domain -------------   hmm coord   ali coord   env coord
# target name        accession   tlen query name           accession   qlen   E-value  score  bias   #  of  c-Evalue  i-Evalue  score  bias  from    to  from    to  from    to  acc description of target
#------------------- ---------- ----- -------------------- ---------- ----- --------- ------ ----- --- --- --------- --------- ------ ----- ----- ----- ----- ----- ----- ----- ---- ---------------------
Dbrb01573-RA         -           2115 3236at7147           -            794         0 1450.4  30.1   1   7   1.3e-55   2.2e-51  174.8   0.0    16   107   259   356   253   391 0.84 -
Dbrb01573-RA         -           2115 3236at7147           -            794         0 1450.4  30.1   2   7      0.18   3.1e+03   -4.3   0.1   100   117   414   431   408   442 0.77 -
Dbrb01573-RA         -           2115 3236at7147           -            794         0 1450.4  30.1   3   7   6.2e-52   1.1e-47  162.6   1.5   126   232   551   665   511   685 0.85 -
Dbrb01573-RA         -           2115 3236at7147           -            794         0 1450.4  30.1   4   7     0.024   4.1e+02   -1.4   0.0   213   241   832   860   824   865 0.87 -
Dbrb01573-RA         -           2115 3236at7147           -            794         0 1450.4  30.1   5   7   3.6e-51     6e-47  160.1   0.0   221   310   918  1007   908  1016 0.96 -
Dbrb01573-RA         -           2115 3236at7147           -            794         0 1450.4  30.1   6   7  5.9e-183    1e-178  596.0   4.6   309   594  1053  1348  1043  1353 0.96 -
Dbrb01573-RA         -           2115 3236at7147           -            794         0 1450.4  30.1   7   7  3.5e-114  5.9e-110  368.5   3.0   590   794  1524  1752  1516  1752 0.91 -
#
# Program:         hmmsearch
# Version:         3.1b2 (February 2015)
# Pipeline mode:   SEARCH
# Query file:      /home/nmoreyra/Documents/Genomics/03_orthologs_search/00_Phylogenomics_BUSCO-groups/busco4_odb10/busco_downloads/lineages/diptera_odb10/hmms/3236at7147.hmm
# Target file:     /home/nmoreyra/Documents/Genomics/03_orthologs_search/00_Phylogenomics_BUSCO-groups/busco4_odb10/../00_proteins/Dbrb_proteins.fasta
# Option settings: /home/nmoreyra/Software/miniconda3/envs/busco4/bin/hmmsearch --domtblout /home/nmoreyra/Documents/Genomics/03_orthologs_search/00_Phylogenomics_BUSCO-groups/busco4_odb10/Dbrb_diptera/run_diptera_odb10/hmmer_output/initial_run_results/3236at7147.out --cpu 1 /home/nmoreyra/Documents/Genomics/03_orthologs_search/00_Phylogenomics_BUSCO-groups/busco4_odb10/busco_downloads/lineages/diptera_odb10/hmms/3236at7147.hmm /home/nmoreyra/Documents/Genomics/03_orthologs_search/00_Phylogenomics_BUSCO-groups/busco4_odb10/../00_proteins/Dbrb_proteins.fasta 
# Current dir:     /home/nmoreyra/Documents/Genomics/03_orthologs_search/00_Phylogenomics_BUSCO-groups/busco4_odb10
# Date:            Mon Jan 25 13:07:30 2021
# [ok]
