#                                                                            --- full sequence --- -------------- this domain -------------   hmm coord   ali coord   env coord
# target name        accession   tlen query name           accession   qlen   E-value  score  bias   #  of  c-Evalue  i-Evalue  score  bias  from    to  from    to  from    to  acc description of target
#------------------- ---------- ----- -------------------- ---------- ----- --------- ------ ----- --- --- --------- --------- ------ ----- ----- ----- ----- ----- ----- ----- ---- ---------------------
Dbrb02740-RA         -            352 32946at7147          -            198  7.7e-107  355.3   0.4   1   2   5.1e-55   3.7e-52  176.9   0.0     1   104    54   157    54   177 0.90 -
Dbrb02740-RA         -            352 32946at7147          -            198  7.7e-107  355.3   0.4   2   2   4.9e-55   3.6e-52  176.9   0.1   102   198   182   281   172   281 0.96 -
Dbrb01791-RA         -            437 32946at7147          -            198   3.5e-19   69.2   0.0   1   2   9.7e-12   7.1e-09   35.6   0.0   108   196   137   225   122   227 0.88 -
Dbrb01791-RA         -            437 32946at7147          -            198   3.5e-19   69.2   0.0   2   2   1.8e-10   1.3e-07   31.4   0.0   110   197   334   421   324   422 0.90 -
Dbrb09544-RA         -            706 32946at7147          -            198   6.8e-15   55.2   0.1   1   3   5.4e-09   3.9e-06   26.6   0.0   108   163   303   359   282   387 0.83 -
Dbrb09544-RA         -            706 32946at7147          -            198   6.8e-15   55.2   0.1   2   3   4.7e-05     0.035   13.8   0.0   113   160   530   580   487   591 0.80 -
Dbrb09544-RA         -            706 32946at7147          -            198   6.8e-15   55.2   0.1   3   3   0.00042      0.31   10.7   0.0   114   161   623   669   617   688 0.83 -
Dbrb04373-RA         -            211 32946at7147          -            198   1.7e-13   50.7   0.1   1   2       4.4   3.3e+03   -2.5   0.0    17    35    26    44    10    58 0.74 -
Dbrb04373-RA         -            211 32946at7147          -            198   1.7e-13   50.7   0.1   2   2     5e-16   3.7e-13   49.6   0.0   113   196   116   203   109   205 0.87 -
Dbrb04371-RA         -            246 32946at7147          -            198   2.6e-13   50.1   0.0   1   1   4.7e-16   3.5e-13   49.7   0.0    94   197   125   228    94   229 0.81 -
Dbrb06517-RA         -            211 32946at7147          -            198   1.4e-12   47.7   0.0   1   1   2.7e-15     2e-12   47.2   0.0   110   195   112   202    80   204 0.83 -
Dbrb04372-RA         -            254 32946at7147          -            198   1.4e-12   47.7   0.0   1   1   2.4e-15   1.8e-12   47.3   0.0   103   197   141   239    97   240 0.81 -
Dbrb06518-RA         -            220 32946at7147          -            198   9.5e-12   45.0   0.0   1   1   2.1e-14   1.6e-11   44.3   0.0    99   193   103   202    80   206 0.79 -
Dbrb09547-RA         -            637 32946at7147          -            198   1.4e-10   41.2   0.0   1   3       3.7   2.7e+03   -2.2   0.0    18    45    43    70    38    87 0.71 -
Dbrb09547-RA         -            637 32946at7147          -            198   1.4e-10   41.2   0.0   2   3     2e-07   0.00015   21.5   0.0   102   174   204   276   191   300 0.78 -
Dbrb09547-RA         -            637 32946at7147          -            198   1.4e-10   41.2   0.0   3   3   8.8e-06    0.0065   16.1   0.0   103   172   534   603   521   624 0.73 -
Dbrb09551-RA         -            236 32946at7147          -            198   2.1e-10   40.6   0.0   1   1   4.2e-13   3.1e-10   40.0   0.0    94   197   122   225   105   226 0.82 -
Dbrb01790-RA         -            270 32946at7147          -            198   3.2e-10   40.0   0.0   1   1   6.6e-13   4.8e-10   39.4   0.0   110   197   164   252   145   253 0.86 -
Dbrb01173-RA         -            208 32946at7147          -            198   7.3e-09   35.6   0.0   1   1   1.6e-11   1.2e-08   34.9   0.0   111   188   111   191   103   197 0.85 -
Dbrb10327-RA         -            235 32946at7147          -            198   1.3e-08   34.7   0.0   1   1   2.7e-11     2e-08   34.1   0.0   106   196   134   223   109   225 0.79 -
Dbrb10328-RA         -            218 32946at7147          -            198   8.8e-08   32.0   0.0   1   2         2   1.5e+03   -1.3   0.0    88   111    29    52    10    62 0.60 -
Dbrb10328-RA         -            218 32946at7147          -            198   8.8e-08   32.0   0.0   2   2   3.8e-10   2.8e-07   30.4   0.0    92   196   102   206    97   209 0.80 -
Dbrb09546-RA         -            459 32946at7147          -            198   9.1e-08   32.0   0.0   1   1   2.2e-10   1.6e-07   31.2   0.0    96   197   349   453   340   454 0.81 -
Dbrb09548-RA         -            221 32946at7147          -            198   1.3e-05   25.0   0.5   1   1   6.5e-08   4.8e-05   23.1   0.5    95   197   107   210    12   211 0.64 -
Dbrb09549-RA         -            212 32946at7147          -            198   1.4e-05   24.8   0.0   1   2       5.6   4.1e+03   -2.8   0.0    20    44    30    53    22    62 0.64 -
Dbrb09549-RA         -            212 32946at7147          -            198   1.4e-05   24.8   0.0   2   2   3.5e-08   2.6e-05   24.0   0.0   113   194   114   201    81   205 0.80 -
Dbrb09550-RA         -            220 32946at7147          -            198   8.1e-05   22.4   0.1   1   2      0.89   6.5e+02   -0.2   0.0    15    45    28    57    20    75 0.70 -
Dbrb09550-RA         -            220 32946at7147          -            198   8.1e-05   22.4   0.1   2   2   5.6e-07   0.00041   20.0   0.0   113   194   119   209   109   213 0.77 -
Dbrb00469-RA         -            221 32946at7147          -            198   0.00014   21.6   0.1   1   2       1.2     9e+02   -0.6   0.0     2    24    29    51    28    55 0.83 -
Dbrb00469-RA         -            221 32946at7147          -            198   0.00014   21.6   0.1   2   2   7.5e-07   0.00055   19.6   0.0   108   189   121   197   101   208 0.70 -
Dbrb09542-RA         -            230 32946at7147          -            198   0.00028   20.6   0.0   1   2      0.43   3.2e+02    0.8   0.0    16    45    49    78    36    89 0.84 -
Dbrb09542-RA         -            230 32946at7147          -            198   0.00028   20.6   0.0   2   2   3.4e-06    0.0025   17.5   0.0   110   172   115   176   103   210 0.66 -
Dbrb09545-RA         -            434 32946at7147          -            198   0.00053   19.7   0.0   1   2      0.33   2.4e+02    1.2   0.0     3    41    61    99    59   113 0.75 -
Dbrb09545-RA         -            434 32946at7147          -            198   0.00053   19.7   0.0   2   2     1e-05    0.0076   15.9   0.0   105   194   331   429   301   433 0.68 -
Dbrb09553-RA         -            291 32946at7147          -            198    0.0048   16.6   0.0   1   1   1.2e-05    0.0089   15.7   0.0   109   181   198   273   191   282 0.81 -
Dbrb09543-RA         -            319 32946at7147          -            198      0.11   12.1   0.0   1   1   0.00028       0.2   11.2   0.0   127   196   240   310   207   312 0.81 -
#
# Program:         hmmsearch
# Version:         3.1b2 (February 2015)
# Pipeline mode:   SEARCH
# Query file:      /home/nmoreyra/Documents/Genomics/03_orthologs_search/00_Phylogenomics_BUSCO-groups/busco4_odb10/busco_downloads/lineages/diptera_odb10/hmms/32946at7147.hmm
# Target file:     /home/nmoreyra/Documents/Genomics/03_orthologs_search/00_Phylogenomics_BUSCO-groups/busco4_odb10/../00_proteins/Dbrb_proteins.fasta
# Option settings: /home/nmoreyra/Software/miniconda3/envs/busco4/bin/hmmsearch --domtblout /home/nmoreyra/Documents/Genomics/03_orthologs_search/00_Phylogenomics_BUSCO-groups/busco4_odb10/Dbrb_diptera/run_diptera_odb10/hmmer_output/initial_run_results/32946at7147.out --cpu 1 /home/nmoreyra/Documents/Genomics/03_orthologs_search/00_Phylogenomics_BUSCO-groups/busco4_odb10/busco_downloads/lineages/diptera_odb10/hmms/32946at7147.hmm /home/nmoreyra/Documents/Genomics/03_orthologs_search/00_Phylogenomics_BUSCO-groups/busco4_odb10/../00_proteins/Dbrb_proteins.fasta 
# Current dir:     /home/nmoreyra/Documents/Genomics/03_orthologs_search/00_Phylogenomics_BUSCO-groups/busco4_odb10
# Date:            Mon Jan 25 13:06:49 2021
# [ok]
