#                                                                            --- full sequence --- -------------- this domain -------------   hmm coord   ali coord   env coord
# target name        accession   tlen query name           accession   qlen   E-value  score  bias   #  of  c-Evalue  i-Evalue  score  bias  from    to  from    to  from    to  acc description of target
#------------------- ---------- ----- -------------------- ---------- ----- --------- ------ ----- --- --- --------- --------- ------ ----- ----- ----- ----- ----- ----- ----- ---- ---------------------
Dbrb11197-RA         -            751 34597at7147          -            511  2.7e-258  857.2   0.6   1   1  9.2e-261  4.5e-258  856.5   0.6     1   511    55   639    55   639 0.93 -
Dbrb09902-RA         -            622 34597at7147          -            511   3.6e-99  332.2   6.7   1   3   1.3e-29   6.3e-27   93.9   0.1     4   241    59   352    57   354 0.79 -
Dbrb09902-RA         -            622 34597at7147          -            511   3.6e-99  332.2   6.7   2   3   2.3e-34   1.1e-31  109.6   0.1   285   389   353   459   351   460 0.96 -
Dbrb09902-RA         -            622 34597at7147          -            511   3.6e-99  332.2   6.7   3   3   7.6e-46   3.7e-43  147.5   0.6   285   439   448   604   447   607 0.94 -
Dbrb06546-RA         -            572 34597at7147          -            511   1.3e-86  290.8  17.6   1   3   1.2e-15   5.7e-13   47.9   1.5     9   194    28   264    21   270 0.74 -
Dbrb06546-RA         -            572 34597at7147          -            511   1.3e-86  290.8  17.6   2   3   2.2e-46     1e-43  149.3   3.7   302   471   287   459   281   460 0.96 -
Dbrb06546-RA         -            572 34597at7147          -            511   1.3e-86  290.8  17.6   3   3   8.4e-32   4.1e-29  101.1   0.2   285   389   459   564   458   569 0.96 -
Dbrb05433-RA         -            655 34597at7147          -            511     5e-86  288.9   0.0   1   2   7.9e-66   3.8e-63  213.4   0.0    20   404    86   521    60   522 0.82 -
Dbrb05433-RA         -            655 34597at7147          -            511     5e-86  288.9   0.0   2   2   5.4e-26   2.6e-23   82.0   0.0   286   395   495   611   493   615 0.88 -
Dbrb01975-RA         -            709 34597at7147          -            511   4.2e-84  282.6  12.9   1   3   2.7e-20   1.3e-17   63.2   2.2     6   240    59   349    55   350 0.77 -
Dbrb01975-RA         -            709 34597at7147          -            511   4.2e-84  282.6  12.9   2   3   4.2e-34   2.1e-31  108.7   0.4   304   432   323   453   317   453 0.71 -
Dbrb01975-RA         -            709 34597at7147          -            511   4.2e-84  282.6  12.9   3   3   1.8e-40   8.5e-38  129.8   0.7   288   459   448   622   445   650 0.92 -
Dbrb07861-RA         -            740 34597at7147          -            511     2e-78  263.8   0.8   1   1   1.1e-80   5.4e-78  262.4   0.8     3   487    42   584    40   612 0.83 -
Dbrb12877-RA         -            623 34597at7147          -            511   6.8e-56  189.5   3.6   1   3   4.8e-12   2.3e-09   36.0   1.8     5   173    65   286    62   294 0.72 -
Dbrb12877-RA         -            623 34597at7147          -            511   6.8e-56  189.5   3.6   2   3   5.4e-43   2.6e-40  138.1   0.0   261   481   325   562   318   575 0.87 -
Dbrb12877-RA         -            623 34597at7147          -            511   6.8e-56  189.5   3.6   3   3   1.1e-09   5.1e-07   28.2   0.0   409   484   537   620   534   623 0.85 -
Dbrb10758-RA         -            590 34597at7147          -            511   3.5e-30  104.7   8.7   1   2   3.6e-06    0.0017   16.6   1.2     6    96    13   136     8   179 0.66 -
Dbrb10758-RA         -            590 34597at7147          -            511   3.5e-30  104.7   8.7   2   2   9.1e-29   4.4e-26   91.1   1.2   217   471   281   564   276   569 0.82 -
Dbrb10927-RA         -            974 34597at7147          -            511   2.2e-10   39.4   7.5   1   4   2.3e-08   1.1e-05   23.8   3.6   297   460   204   385   197   403 0.74 -
Dbrb10927-RA         -            974 34597at7147          -            511   2.2e-10   39.4   7.5   2   4   3.1e-05     0.015   13.5   0.1   337   427   355   451   345   460 0.69 -
Dbrb10927-RA         -            974 34597at7147          -            511   2.2e-10   39.4   7.5   3   4     0.014       6.9    4.7   0.0   215   268   478   536   470   549 0.76 -
Dbrb10927-RA         -            974 34597at7147          -            511   2.2e-10   39.4   7.5   4   4     0.057        28    2.7   0.0    16    46   803   833   792   865 0.85 -
Dbrb10815-RA         -            438 34597at7147          -            511   3.1e-10   38.9   4.3   1   3      0.11        54    1.7   0.2   246   274    25    53    16    69 0.76 -
Dbrb10815-RA         -            438 34597at7147          -            511   3.1e-10   38.9   4.3   2   3     8e-08   3.9e-05   22.0   3.2   304   427    40   188    28   232 0.72 -
Dbrb10815-RA         -            438 34597at7147          -            511   3.1e-10   38.9   4.3   3   3   1.1e-05    0.0055   14.9   0.0   368   427   235   300   172   350 0.62 -
Dbrb02025-RA         -            612 34597at7147          -            511   4.3e-05   21.9   1.8   1   2   0.00088      0.43    8.7   0.5   304   469   219   420   208   424 0.63 -
Dbrb02025-RA         -            612 34597at7147          -            511   4.3e-05   21.9   1.8   2   2   0.00023      0.11   10.6   0.0   292   382   445   544   441   548 0.68 -
Dbrb09009-RA         -           1386 34597at7147          -            511   6.9e-05   21.2   4.1   1   3    0.0077       3.7    5.6   0.7   215   376   382   459   374   475 0.49 -
Dbrb09009-RA         -           1386 34597at7147          -            511   6.9e-05   21.2   4.1   2   3     0.033        16    3.5   0.0   316   386   514   594   504   620 0.73 -
Dbrb09009-RA         -           1386 34597at7147          -            511   6.9e-05   21.2   4.1   3   3   0.00014     0.066   11.4   0.1   337   393   654   710   621   731 0.78 -
Dbrb08944-RA         -            982 34597at7147          -            511    0.0006   18.1   0.1   1   1   1.9e-06   0.00092   17.5   0.1    15    82    32   108    21   117 0.78 -
Dbrb07019-RA         -            510 34597at7147          -            511   0.00089   17.5   0.1   1   1   3.4e-06    0.0017   16.6   0.1   115   165   303   356   248   379 0.78 -
Dbrb12665-RA         -            530 34597at7147          -            511    0.0014   16.9   0.0   1   1   4.2e-06     0.002   16.3   0.0    10    82    90   171    78   177 0.75 -
Dbrb00749-RA         -            127 34597at7147          -            511    0.0054   15.0   0.0   1   1   1.2e-05    0.0056   14.9   0.0    13    63    33    91    17   119 0.69 -
Dbrb08895-RA         -            886 34597at7147          -            511    0.0054   14.9   0.0   1   1   2.1e-05      0.01   14.1   0.0    18    65    37    93    27   120 0.76 -
Dbrb08954-RA         -            931 34597at7147          -            511    0.0066   14.7   0.2   1   1   2.2e-05     0.011   14.0   0.2    22   115   766   875   745   916 0.67 -
Dbrb11109-RA         -            222 34597at7147          -            511    0.0081   14.4   0.0   1   1   2.1e-05      0.01   14.1   0.0     6    77    51   139    46   205 0.68 -
Dbrb03477-RA         -            799 34597at7147          -            511     0.011   14.0   0.0   1   1   3.4e-05     0.016   13.4   0.0    20    55    38    73    21   134 0.70 -
Dbrb01490-RA         -            856 34597at7147          -            511     0.011   14.0   3.7   1   5    0.0077       3.7    5.6   0.0   351   380   316   345   284   357 0.66 -
Dbrb01490-RA         -            856 34597at7147          -            511     0.011   14.0   3.7   2   5    0.0043       2.1    6.4   0.4   351   382   316   347   299   408 0.55 -
Dbrb01490-RA         -            856 34597at7147          -            511     0.011   14.0   3.7   3   5      0.12        58    1.7   0.1   231   247   393   409   369   438 0.74 -
Dbrb01490-RA         -            856 34597at7147          -            511     0.011   14.0   3.7   4   5     0.011       5.5    5.0   0.0   322   381   459   533   453   543 0.62 -
Dbrb01490-RA         -            856 34597at7147          -            511     0.011   14.0   3.7   5   5       6.1   2.9e+03   -4.0   0.0   368   389   593   614   587   640 0.51 -
Dbrb05386-RA         -            545 34597at7147          -            511     0.011   13.9   0.1   1   2   2.3e-05     0.011   13.9   0.1    16    67    35    94    19   118 0.67 -
Dbrb05386-RA         -            545 34597at7147          -            511     0.011   13.9   0.1   2   2       2.5   1.2e+03   -2.7   0.0   452   484   329   361   318   371 0.82 -
Dbrb03009-RA         -            634 34597at7147          -            511     0.012   13.8   0.0   1   1   3.5e-05     0.017   13.3   0.0    16    45   216   245   200   298 0.80 -
Dbrb11110-RA         -            165 34597at7147          -            511     0.029   12.6   0.0   1   1    0.0001     0.049   11.8   0.0    23    75    22    84     8   107 0.80 -
Dbrb03011-RA         -            540 34597at7147          -            511     0.029   12.5   0.0   1   1   8.4e-05     0.041   12.1   0.0    16    63   155   210   142   265 0.66 -
Dbrb16056-RA         -           1006 34597at7147          -            511     0.048   11.8   0.0   1   2   0.00076      0.37    8.9   0.0    13    42   151   180   139   194 0.82 -
Dbrb16056-RA         -           1006 34597at7147          -            511     0.048   11.8   0.0   2   2      0.54   2.6e+02   -0.5   0.0    26    52   289   315   285   323 0.83 -
Dbrb06237-RA         -            662 34597at7147          -            511     0.058   11.6   0.0   1   1   0.00018     0.085   11.0   0.0    19    63    39    91    18   123 0.68 -
Dbrb09303-RA         -           1038 34597at7147          -            511     0.062   11.4   0.0   1   1    0.0002     0.099   10.8   0.0    12    63    29    88    19   114 0.75 -
Dbrb05388-RA         -            704 34597at7147          -            511     0.072   11.2   0.1   1   1   0.00023      0.11   10.7   0.1    17    45    35    63    26   103 0.76 -
Dbrb13511-RA         -            612 34597at7147          -            511     0.074   11.2   0.0   1   1   0.00022      0.11   10.7   0.0    16    45    35    64    21   106 0.79 -
Dbrb03179-RA         -            357 34597at7147          -            511     0.074   11.2   0.0   1   1   0.00021       0.1   10.8   0.0   108   166   168   228   125   240 0.82 -
Dbrb05935-RA         -            998 34597at7147          -            511     0.074   11.2   0.0   1   1   0.00015     0.074   11.2   0.0     6    67   427   496   423   518 0.69 -
Dbrb17722-RA         -            674 34597at7147          -            511     0.077   11.1   0.0   1   1   0.00023      0.11   10.6   0.0    18    48    57    87    35   118 0.62 -
Dbrb01949-RA         -            106 34597at7147          -            511     0.098   10.8   0.0   1   1   0.00021       0.1   10.7   0.0    17    44    39    66    18   102 0.66 -
Dbrb10215-RA         -            660 34597at7147          -            511       0.2    9.8   0.0   1   1   0.00061       0.3    9.2   0.0    17    44    80   107    63   169 0.64 -
#
# Program:         hmmsearch
# Version:         3.1b2 (February 2015)
# Pipeline mode:   SEARCH
# Query file:      /home/nmoreyra/Documents/Genomics/03_orthologs_search/00_Phylogenomics_BUSCO-groups/busco4_odb10/busco_downloads/lineages/diptera_odb10/hmms/34597at7147.hmm
# Target file:     /home/nmoreyra/Documents/Genomics/03_orthologs_search/00_Phylogenomics_BUSCO-groups/busco4_odb10/../00_proteins/Dbrb_proteins.fasta
# Option settings: /home/nmoreyra/Software/miniconda3/envs/busco4/bin/hmmsearch --domtblout /home/nmoreyra/Documents/Genomics/03_orthologs_search/00_Phylogenomics_BUSCO-groups/busco4_odb10/Dbrb_diptera/run_diptera_odb10/hmmer_output/initial_run_results/34597at7147.out --cpu 1 /home/nmoreyra/Documents/Genomics/03_orthologs_search/00_Phylogenomics_BUSCO-groups/busco4_odb10/busco_downloads/lineages/diptera_odb10/hmms/34597at7147.hmm /home/nmoreyra/Documents/Genomics/03_orthologs_search/00_Phylogenomics_BUSCO-groups/busco4_odb10/../00_proteins/Dbrb_proteins.fasta 
# Current dir:     /home/nmoreyra/Documents/Genomics/03_orthologs_search/00_Phylogenomics_BUSCO-groups/busco4_odb10
# Date:            Mon Jan 25 13:09:26 2021
# [ok]
