#                                                                            --- full sequence --- -------------- this domain -------------   hmm coord   ali coord   env coord
# target name        accession   tlen query name           accession   qlen   E-value  score  bias   #  of  c-Evalue  i-Evalue  score  bias  from    to  from    to  from    to  acc description of target
#------------------- ---------- ----- -------------------- ---------- ----- --------- ------ ----- --- --- --------- --------- ------ ----- ----- ----- ----- ----- ----- ----- ---- ---------------------
Dbrb12707-RA         -            349 34667at7147          -            266    9e-162  536.6   6.4   1   1  4.9e-165  1.2e-161  536.2   6.4     1   266    68   348    68   348 0.96 -
Dbrb04333-RA         -            540 34667at7147          -            266   1.6e-47  162.1  15.3   1   2   1.1e-29   2.7e-26   92.4   1.9     8   227     4   241     3   263 0.80 -
Dbrb04333-RA         -            540 34667at7147          -            266   1.6e-47  162.1  15.3   2   2   2.1e-24   5.1e-21   75.1   5.9     7   250   266   527   260   538 0.75 -
Dbrb04330-RA         -            644 34667at7147          -            266   2.5e-46  158.1   7.4   1   2   1.2e-25     3e-22   79.2   0.1     7   246    84   345    80   355 0.80 -
Dbrb04330-RA         -            644 34667at7147          -            266   2.5e-46  158.1   7.4   2   2   4.1e-26   9.9e-23   80.8   3.5     5   250   355   619   351   634 0.81 -
Dbrb04331-RA         -            314 34667at7147          -            266   4.9e-31  108.0   0.6   1   1   3.4e-34   8.1e-31  107.3   0.6     7   251    20   284    15   298 0.76 -
Dbrb04329-RA         -            390 34667at7147          -            266   3.4e-28   98.7   1.1   1   1   2.2e-31   5.3e-28   98.0   1.1     7   251    89   357    84   364 0.74 -
Dbrb04332-RA         -            308 34667at7147          -            266   2.4e-26   92.6   3.1   1   1   1.6e-29   3.8e-26   92.0   3.1     7   250    25   290    20   303 0.73 -
Dbrb04328-RA         -            377 34667at7147          -            266   9.8e-26   90.6   3.4   1   1   1.2e-28   2.9e-25   89.1   3.4     8   260    95   370    89   374 0.72 -
#
# Program:         hmmsearch
# Version:         3.1b2 (February 2015)
# Pipeline mode:   SEARCH
# Query file:      /home/nmoreyra/Documents/Genomics/03_orthologs_search/00_Phylogenomics_BUSCO-groups/busco4_odb10/busco_downloads/lineages/diptera_odb10/hmms/34667at7147.hmm
# Target file:     /home/nmoreyra/Documents/Genomics/03_orthologs_search/00_Phylogenomics_BUSCO-groups/busco4_odb10/../00_proteins/Dbrb_proteins.fasta
# Option settings: /home/nmoreyra/Software/miniconda3/envs/busco4/bin/hmmsearch --domtblout /home/nmoreyra/Documents/Genomics/03_orthologs_search/00_Phylogenomics_BUSCO-groups/busco4_odb10/Dbrb_diptera/run_diptera_odb10/hmmer_output/initial_run_results/34667at7147.out --cpu 1 /home/nmoreyra/Documents/Genomics/03_orthologs_search/00_Phylogenomics_BUSCO-groups/busco4_odb10/busco_downloads/lineages/diptera_odb10/hmms/34667at7147.hmm /home/nmoreyra/Documents/Genomics/03_orthologs_search/00_Phylogenomics_BUSCO-groups/busco4_odb10/../00_proteins/Dbrb_proteins.fasta 
# Current dir:     /home/nmoreyra/Documents/Genomics/03_orthologs_search/00_Phylogenomics_BUSCO-groups/busco4_odb10
# Date:            Mon Jan 25 13:09:28 2021
# [ok]
