#                                                                            --- full sequence --- -------------- this domain -------------   hmm coord   ali coord   env coord
# target name        accession   tlen query name           accession   qlen   E-value  score  bias   #  of  c-Evalue  i-Evalue  score  bias  from    to  from    to  from    to  acc description of target
#------------------- ---------- ----- -------------------- ---------- ----- --------- ------ ----- --- --- --------- --------- ------ ----- ----- ----- ----- ----- ----- ----- ---- ---------------------
Dbrb06325-RA         -           1345 3551at7147           -            557         0 1061.6  29.2   1   4  6.7e-288  1.4e-285  948.0   1.2     1   460   493   998   493  1007 0.94 -
Dbrb06325-RA         -           1345 3551at7147           -            557         0 1061.6  29.2   2   4     2e-20   4.1e-18   65.0   9.3   440   515  1006  1112   999  1120 0.79 -
Dbrb06325-RA         -           1345 3551at7147           -            557         0 1061.6  29.2   3   4   1.9e-08   4.1e-06   25.4   1.0   506   540  1141  1175  1136  1185 0.87 -
Dbrb06325-RA         -           1345 3551at7147           -            557         0 1061.6  29.2   4   4     1e-07   2.1e-05   23.1   0.1   532   557  1216  1241  1184  1241 0.89 -
Dbrb04116-RA         -           1542 3551at7147           -            557  2.8e-136  455.1   0.2   1   1  4.7e-138  9.9e-136  453.3   0.2     1   435   608  1086   608  1109 0.87 -
Dbrb10449-RA         -           1176 3551at7147           -            557    4e-129  431.5   0.2   1   2   3.8e-29     8e-27   93.8   0.0     1    97   538   632   538   651 0.92 -
Dbrb10449-RA         -           1176 3551at7147           -            557    4e-129  431.5   0.2   2   2  6.5e-102   1.4e-99  334.0   0.0   102   426   666  1028   638  1037 0.87 -
Dbrb08623-RA         -           1485 3551at7147           -            557  6.7e-128  427.5   0.0   1   1  1.6e-129  3.3e-127  425.2   0.0     6   428   682  1156   677  1232 0.85 -
Dbrb00541-RA         -           1165 3551at7147           -            557  7.9e-125  417.3   0.0   1   1  1.9e-126    4e-124  415.0   0.0    13   442   684  1152   672  1155 0.88 -
Dbrb12658-RA         -           1972 3551at7147           -            557  1.4e-120  403.3   0.0   1   1    2e-122  4.1e-120  401.7   0.0     4   426  1394  1854  1391  1865 0.89 -
Dbrb02044-RA         -            748 3551at7147           -            557   2.8e-62  210.8   0.4   1   1   9.1e-64   1.9e-61  208.1   0.4   226   428   488   712   470   719 0.88 -
Dbrb08010-RA         -           1093 3551at7147           -            557   2.6e-46  158.1   0.4   1   1   1.2e-48   2.6e-46  158.1   0.4   225   424   387   606   377   615 0.86 -
Dbrb09745-RA         -            677 3551at7147           -            557   1.2e-39  136.1   0.0   1   1   9.8e-42     2e-39  135.4   0.0   218   386   415   581   405   601 0.93 -
Dbrb02879-RA         -           1418 3551at7147           -            557   4.1e-36  124.5   0.3   1   2   8.9e-25   1.9e-22   79.4   0.0   235   382   312   467   298   495 0.86 -
Dbrb02879-RA         -           1418 3551at7147           -            557   4.1e-36  124.5   0.3   2   2   3.4e-13   7.1e-11   41.2   0.1   265   448   860  1071   847  1091 0.69 -
Dbrb10698-RA         -           1885 3551at7147           -            557   5.7e-33  114.1   0.1   1   2   2.1e-20   4.3e-18   65.0   0.1   264   381   502   617   489   640 0.91 -
Dbrb10698-RA         -           1885 3551at7147           -            557   5.7e-33  114.1   0.1   2   2   1.8e-14   3.8e-12   45.4   0.0   236   426  1542  1758  1521  1765 0.75 -
Dbrb11267-RA         -           1172 3551at7147           -            557     9e-33  113.4   0.1   1   2   1.7e-22   3.5e-20   71.9   0.0   238   380   268   417   247   459 0.80 -
Dbrb11267-RA         -           1172 3551at7147           -            557     9e-33  113.4   0.1   2   2     4e-12   8.3e-10   37.6   0.0   227   429   855  1098   846  1121 0.68 -
Dbrb06475-RA         -            669 3551at7147           -            557     4e-31  108.0   0.3   1   1   1.1e-32   2.2e-30  105.5   0.3   209   424   436   664   428   667 0.83 -
Dbrb06474-RA         -            668 3551at7147           -            557   4.6e-31  107.8   0.3   1   1   1.1e-32   2.4e-30  105.4   0.3   209   424   434   662   424   666 0.84 -
Dbrb16338-RA         -           2207 3551at7147           -            557   5.6e-31  107.5   1.5   1   2   1.2e-24   2.5e-22   79.0   0.1   228   381   225   384   203   405 0.85 -
Dbrb16338-RA         -           2207 3551at7147           -            557   5.6e-31  107.5   1.5   2   2   1.2e-08   2.5e-06   26.1   0.0   230   425   906  1141   896  1175 0.69 -
Dbrb06048-RA         -            693 3551at7147           -            557   5.7e-30  104.2   2.2   1   2   4.8e-17     1e-14   53.8   0.0   208   314   442   558   399   566 0.80 -
Dbrb06048-RA         -            693 3551at7147           -            557   5.7e-30  104.2   2.2   2   2   8.6e-16   1.8e-13   49.7   0.6   299   386   578   664   567   680 0.81 -
Dbrb11513-RA         -            644 3551at7147           -            557   3.6e-24   85.1   0.3   1   3      0.54   1.1e+02    0.9   0.0   116   189    63   135    55   155 0.79 -
Dbrb11513-RA         -            644 3551at7147           -            557   3.6e-24   85.1   0.3   2   3   3.9e-12   8.2e-10   37.6   0.1     6   181   232   415   227   425 0.78 -
Dbrb11513-RA         -            644 3551at7147           -            557   3.6e-24   85.1   0.3   3   3   1.1e-13   2.3e-11   42.8   0.0    15   189   441   620   431   627 0.82 -
Dbrb09960-RA         -           1133 3551at7147           -            557     7e-24   84.1   1.3   1   3      0.53   1.1e+02    0.9   0.0   229   260   200   231   192   241 0.83 -
Dbrb09960-RA         -           1133 3551at7147           -            557     7e-24   84.1   1.3   2   3   8.8e-23   1.8e-20   72.8   0.1   263   381   257   373   246   405 0.92 -
Dbrb09960-RA         -           1133 3551at7147           -            557     7e-24   84.1   1.3   3   3    0.0053       1.1    7.5   0.0   230   329  1017  1126  1000  1133 0.73 -
Dbrb03748-RA         -           1146 3551at7147           -            557   2.8e-22   78.8   1.6   1   3   9.5e-18     2e-15   56.2   0.1   264   381   316   431   310   467 0.89 -
Dbrb03748-RA         -           1146 3551at7147           -            557   2.8e-22   78.8   1.6   2   3   0.00043      0.09   11.1   0.1   218   362   819   966   805   977 0.70 -
Dbrb03748-RA         -           1146 3551at7147           -            557   2.8e-22   78.8   1.6   3   3    0.0037      0.78    8.0   0.0   337   438  1013  1140  1003  1146 0.58 -
Dbrb10432-RA         -           1180 3551at7147           -            557     3e-19   68.8   6.1   1   3   7.3e-19   1.5e-16   59.9   0.2   252   380   286   411   275   433 0.89 -
Dbrb10432-RA         -           1180 3551at7147           -            557     3e-19   68.8   6.1   2   3    0.0008      0.17   10.2   0.6   179   330   759   909   748   934 0.73 -
Dbrb10432-RA         -           1180 3551at7147           -            557     3e-19   68.8   6.1   3   3       1.6   3.4e+02   -0.7   0.0   339   381   957  1004   945  1067 0.72 -
Dbrb15667-RA         -           1223 3551at7147           -            557   5.6e-18   64.6   0.0   1   2   0.00018     0.037   12.4   0.0    16   196   653   835   642   854 0.79 -
Dbrb15667-RA         -           1223 3551at7147           -            557   5.6e-18   64.6   0.0   2   2   7.2e-16   1.5e-13   50.0   0.0    17   201   984  1173   972  1222 0.77 -
Dbrb15501-RA         -            578 3551at7147           -            557   3.9e-17   61.8   0.0   1   1   2.5e-19   5.3e-17   61.4   0.0     3   193   374   566   372   574 0.82 -
Dbrb10453-RA         -           1083 3551at7147           -            557   5.5e-16   58.0   5.0   1   3   3.5e-15   7.2e-13   47.7   0.4   258   381   284   405   267   435 0.89 -
Dbrb10453-RA         -           1083 3551at7147           -            557   5.5e-16   58.0   5.0   2   3   0.00041     0.086   11.2   0.4   224   336   794   906   784   918 0.78 -
Dbrb10453-RA         -           1083 3551at7147           -            557   5.5e-16   58.0   5.0   3   3       6.5   1.4e+03   -2.7   0.0   340   380   950   996   946  1010 0.71 -
Dbrb07820-RA         -           1962 3551at7147           -            557   9.8e-15   53.9   0.0   1   1   7.7e-17   1.6e-14   53.2   0.0    48   227  1291  1469  1282  1485 0.76 -
Dbrb04294-RA         -            998 3551at7147           -            557   1.8e-14   53.0   0.1   1   1   1.3e-16   2.6e-14   52.5   0.1     6   190   214   395   209   405 0.82 -
Dbrb16962-RA         -           1206 3551at7147           -            557   6.2e-14   51.2   0.0   1   1   4.4e-16   9.3e-14   50.7   0.0    13   242   190   426   179   444 0.72 -
Dbrb10454-RA         -           1106 3551at7147           -            557   1.4e-13   50.1   4.8   1   3   8.4e-15   1.8e-12   46.5   0.9   264   381   287   402   281   442 0.88 -
Dbrb10454-RA         -           1106 3551at7147           -            557   1.4e-13   50.1   4.8   2   3       0.3        63    1.7   0.1   277   331   844   902   781   911 0.64 -
Dbrb10454-RA         -           1106 3551at7147           -            557   1.4e-13   50.1   4.8   3   3      0.56   1.2e+02    0.8   0.0   338   381   948   997   925  1093 0.63 -
Dbrb05914-RA         -            268 3551at7147           -            557   7.2e-13   47.7   0.1   1   1   4.3e-15     9e-13   47.4   0.1     2   187    62   247    61   256 0.87 -
Dbrb03057-RA         -           1163 3551at7147           -            557     5e-12   45.0   0.0   1   2   0.00035     0.074   11.4   0.0    49   114   909   972   903   987 0.84 -
Dbrb03057-RA         -           1163 3551at7147           -            557     5e-12   45.0   0.0   2   2   4.5e-10   9.3e-08   30.9   0.0    94   190  1019  1112  1013  1123 0.84 -
Dbrb10166-RA         -           2033 3551at7147           -            557   7.1e-12   44.5   0.0   1   1   5.6e-14   1.2e-11   43.7   0.0    49   196  1767  1917  1758  1941 0.78 -
Dbrb11266-RA         -            430 3551at7147           -            557   1.1e-11   43.9   0.0   1   1   5.1e-13   1.1e-10   40.6   0.0   227   429   113   356   105   373 0.68 -
Dbrb13261-RA         -            798 3551at7147           -            557     2e-11   43.0   0.0   1   1   1.6e-13   3.4e-11   42.2   0.0    68   192   649   771   645   784 0.86 -
Dbrb05837-RA         -            620 3551at7147           -            557     2e-11   43.0   0.1   1   2   1.8e-08   3.7e-06   25.6   0.0    53   139   155   242   148   261 0.87 -
Dbrb05837-RA         -            620 3551at7147           -            557     2e-11   43.0   0.1   2   2   2.5e-05    0.0053   15.2   0.0    52   141   427   517   420   530 0.86 -
Dbrb14768-RA         -           1270 3551at7147           -            557   2.2e-11   42.8   0.0   1   1   1.6e-13   3.4e-11   42.2   0.0    41   224   997  1188   965  1222 0.75 -
Dbrb10494-RA         -            387 3551at7147           -            557   3.1e-11   42.3   0.1   1   1   1.5e-13   3.1e-11   42.3   0.1   262   346   288   372   261   382 0.88 -
Dbrb07885-RA         -            758 3551at7147           -            557   3.3e-11   42.3   0.0   1   1   3.2e-13   6.6e-11   41.3   0.0     1   198   530   726   530   740 0.80 -
Dbrb12729-RA         -            620 3551at7147           -            557   1.5e-10   40.1   0.0   1   2       8.6   1.8e+03   -3.1   0.0   278   305   379   406   351   417 0.84 -
Dbrb12729-RA         -            620 3551at7147           -            557   1.5e-10   40.1   0.0   2   2   1.6e-12   3.3e-10   39.0   0.0    48   190   460   603   450   614 0.85 -
Dbrb15516-RA         -            276 3551at7147           -            557   2.1e-10   39.6   0.0   1   1   1.5e-12   3.2e-10   39.0   0.0    16   193    75   253    67   260 0.75 -
Dbrb08995-RA         -           1330 3551at7147           -            557   2.5e-10   39.4   0.0   1   1   1.8e-12   3.8e-10   38.7   0.0    16   135   285   413   270   420 0.83 -
Dbrb05920-RA         -            281 3551at7147           -            557   5.1e-10   38.3   0.0   1   1   2.9e-12   6.1e-10   38.1   0.0     4   190    70   259    67   278 0.77 -
Dbrb17686-RA         -           1137 3551at7147           -            557   1.1e-09   37.3   0.0   1   1     8e-12   1.7e-09   36.6   0.0    16   135   194   322   179   329 0.83 -
Dbrb08140-RA         -            493 3551at7147           -            557   1.4e-09   36.9   0.0   1   1   9.6e-12     2e-09   36.4   0.0     3   190    69   257    67   265 0.82 -
Dbrb07445-RA         -            537 3551at7147           -            557   2.1e-09   36.3   0.0   1   2      0.34        71    1.5   0.0   114   133   196   215   173   237 0.85 -
Dbrb07445-RA         -            537 3551at7147           -            557   2.1e-09   36.3   0.0   2   2   1.6e-10   3.4e-08   32.3   0.0     6   145   336   484   331   530 0.74 -
Dbrb04598-RA         -           1189 3551at7147           -            557   4.3e-09   35.3   1.6   1   2   2.6e-11   5.5e-09   34.9   0.2     4    94   448   537   445   543 0.91 -
Dbrb04598-RA         -           1189 3551at7147           -            557   4.3e-09   35.3   1.6   2   2        10   2.1e+03   -3.3   0.1   167   191   582   607   580   614 0.78 -
Dbrb10263-RA         -            310 3551at7147           -            557   1.4e-08   33.6   0.0   1   1   6.5e-10   1.4e-07   30.3   0.0   310   436    27   179    23   197 0.68 -
Dbrb12725-RA         -            549 3551at7147           -            557   2.7e-08   32.7   0.0   1   1   2.6e-10   5.5e-08   31.6   0.0    50   190   391   532   382   538 0.84 -
Dbrb10757-RA         -            692 3551at7147           -            557   3.2e-08   32.4   0.0   1   1   2.2e-10   4.6e-08   31.9   0.0     1   190    71   261    71   270 0.82 -
Dbrb03722-RA         -            358 3551at7147           -            557   9.3e-08   30.9   0.0   1   1   6.5e-10   1.4e-07   30.3   0.0    46   133    74   167    56   182 0.83 -
Dbrb00740-RA         -            926 3551at7147           -            557   2.1e-07   29.7   0.0   1   1   1.5e-09   3.2e-07   29.1   0.0    40   190   759   911   709   917 0.76 -
Dbrb03749-RA         -            678 3551at7147           -            557   6.5e-07   28.1   0.2   1   1   6.3e-09   1.3e-06   27.1   0.2   263   380   254   368   230   434 0.83 -
Dbrb06015-RA         -            488 3551at7147           -            557   7.7e-07   27.8   0.0   1   1   5.9e-09   1.2e-06   27.2   0.0     1   132   257   403   257   486 0.78 -
Dbrb02288-RA         -            357 3551at7147           -            557   9.8e-07   27.5   0.0   1   1   8.6e-09   1.8e-06   26.6   0.0    49   187   198   337   158   343 0.75 -
Dbrb06536-RA         -            398 3551at7147           -            557   1.2e-06   27.2   0.0   1   2       7.1   1.5e+03   -2.8   0.9   430   462    96   128    84   131 0.67 -
Dbrb06536-RA         -            398 3551at7147           -            557   1.2e-06   27.2   0.0   2   2   5.9e-09   1.2e-06   27.2   0.0     3   167   202   367   200   375 0.86 -
Dbrb07676-RA         -            508 3551at7147           -            557   2.2e-06   26.3   0.0   1   1   1.6e-08   3.3e-06   25.8   0.0    46   189   116   263    82   294 0.78 -
Dbrb09779-RA         -            418 3551at7147           -            557   2.5e-06   26.1   0.1   1   1   1.7e-08   3.6e-06   25.6   0.1    27   134   169   276   154   299 0.83 -
Dbrb04700-RA         -            583 3551at7147           -            557   4.9e-06   25.2   0.0   1   1   3.2e-08   6.7e-06   24.7   0.0     3   133    89   222    87   231 0.83 -
Dbrb04721-RA         -            636 3551at7147           -            557   7.1e-06   24.6   0.0   1   1     6e-08   1.2e-05   23.8   0.0    14   137   102   233    90   242 0.81 -
Dbrb09572-RA         -            776 3551at7147           -            557   7.9e-06   24.5   0.0   1   1     8e-08   1.7e-05   23.4   0.0    11   137   204   334   195   343 0.78 -
Dbrb02121-RA         -            294 3551at7147           -            557     8e-06   24.5   0.0   1   1   4.7e-08   9.8e-06   24.2   0.0     1   137    62   202    62   218 0.80 -
Dbrb14716-RA         -            361 3551at7147           -            557   8.4e-06   24.4   0.0   1   1   5.9e-08   1.2e-05   23.9   0.0    45   131   128   216   108   222 0.87 -
Dbrb03685-RA         -            453 3551at7147           -            557   1.3e-05   23.8   0.0   1   1   8.5e-08   1.8e-05   23.3   0.0     1   192   248   439   248   449 0.77 -
Dbrb04843-RA         -            383 3551at7147           -            557   1.5e-05   23.5   0.0   1   1     1e-07   2.1e-05   23.1   0.0    44   137   140   246   101   262 0.81 -
Dbrb05374-RA         -            351 3551at7147           -            557   1.9e-05   23.3   0.1   1   1   1.2e-07   2.5e-05   22.8   0.1    11   133    83   209    73   217 0.75 -
Dbrb01823-RA         -            388 3551at7147           -            557   4.3e-05   22.1   0.0   1   1   2.8e-07   5.8e-05   21.6   0.0    45   132   158   250   125   271 0.76 -
Dbrb01494-RA         -            317 3551at7147           -            557   6.3e-05   21.5   0.0   1   1   5.4e-07   0.00011   20.7   0.0    48   133   139   227   131   232 0.79 -
Dbrb01708-RA         -           1433 3551at7147           -            557   0.00025   19.6   0.0   1   1   1.8e-06   0.00037   19.0   0.0    17   137     9   132     2   155 0.78 -
Dbrb11104-RA         -            328 3551at7147           -            557   0.00034   19.1   0.0   1   1   2.3e-06   0.00047   18.6   0.0    10   137   136   271   127   284 0.79 -
Dbrb01074-RA         -           1279 3551at7147           -            557   0.00059   18.3   0.0   1   1   5.1e-06    0.0011   17.5   0.0     5   137   417   552   413   563 0.82 -
Dbrb09071-RA         -            837 3551at7147           -            557   0.00063   18.2   0.0   1   1   4.2e-06   0.00087   17.7   0.0     5   151   162   311   158   322 0.77 -
Dbrb05773-RA         -            314 3551at7147           -            557    0.0012   17.3   0.1   1   1   7.9e-06    0.0016   16.8   0.1    15   134    80   203    66   209 0.71 -
Dbrb03955-RA         -            495 3551at7147           -            557    0.0016   16.9   0.0   1   1   1.1e-05    0.0023   16.4   0.0    14   138   149   276   137   300 0.81 -
Dbrb04781-RA         -            335 3551at7147           -            557    0.0017   16.8   0.0   1   1     1e-05    0.0022   16.4   0.0    49   189   155   299   139   326 0.75 -
Dbrb10372-RA         -            925 3551at7147           -            557    0.0046   15.4   0.0   1   1   3.9e-05    0.0081   14.5   0.0    17   135   308   455   300   461 0.70 -
Dbrb05744-RA         -            295 3551at7147           -            557    0.0051   15.2   0.0   1   1   3.4e-05     0.007   14.8   0.0    50   136   115   207   107   227 0.76 -
Dbrb04782-RA         -           1324 3551at7147           -            557    0.0051   15.2   0.0   1   1   4.1e-05    0.0085   14.5   0.0    51   189   305   448   298   467 0.80 -
Dbrb09285-RA         -            839 3551at7147           -            557    0.0051   15.2   0.0   1   1   3.9e-05    0.0082   14.5   0.0     8   130   611   739   605   767 0.81 -
Dbrb05431-RA         -           1230 3551at7147           -            557     0.023   13.1   0.1   1   1   0.00025     0.052   11.9   0.1    17    91   139   210   123   297 0.79 -
Dbrb12858-RA         -            333 3551at7147           -            557     0.024   13.0   0.0   1   1   0.00016     0.033   12.5   0.0    68   133   114   183   103   210 0.83 -
Dbrb11123-RA         -            224 3551at7147           -            557     0.026   12.9   0.0   1   1   0.00015     0.031   12.6   0.0   105   205   112   218    86   224 0.75 -
Dbrb05435-RA         -            396 3551at7147           -            557     0.037   12.4   0.0   1   1   0.00025     0.052   11.9   0.0    16   135   159   280   145   295 0.78 -
Dbrb09115-RA         -            548 3551at7147           -            557     0.049   12.0   0.0   1   1   0.00035     0.074   11.4   0.0    10    90   222   301   205   312 0.85 -
#
# Program:         hmmsearch
# Version:         3.1b2 (February 2015)
# Pipeline mode:   SEARCH
# Query file:      /home/nmoreyra/Documents/Genomics/03_orthologs_search/00_Phylogenomics_BUSCO-groups/busco4_odb10/busco_downloads/lineages/diptera_odb10/hmms/3551at7147.hmm
# Target file:     /home/nmoreyra/Documents/Genomics/03_orthologs_search/00_Phylogenomics_BUSCO-groups/busco4_odb10/../00_proteins/Dbrb_proteins.fasta
# Option settings: /home/nmoreyra/Software/miniconda3/envs/busco4/bin/hmmsearch --domtblout /home/nmoreyra/Documents/Genomics/03_orthologs_search/00_Phylogenomics_BUSCO-groups/busco4_odb10/Dbrb_diptera/run_diptera_odb10/hmmer_output/initial_run_results/3551at7147.out --cpu 1 /home/nmoreyra/Documents/Genomics/03_orthologs_search/00_Phylogenomics_BUSCO-groups/busco4_odb10/busco_downloads/lineages/diptera_odb10/hmms/3551at7147.hmm /home/nmoreyra/Documents/Genomics/03_orthologs_search/00_Phylogenomics_BUSCO-groups/busco4_odb10/../00_proteins/Dbrb_proteins.fasta 
# Current dir:     /home/nmoreyra/Documents/Genomics/03_orthologs_search/00_Phylogenomics_BUSCO-groups/busco4_odb10
# Date:            Mon Jan 25 13:07:24 2021
# [ok]
