#                                                                            --- full sequence --- -------------- this domain -------------   hmm coord   ali coord   env coord
# target name        accession   tlen query name           accession   qlen   E-value  score  bias   #  of  c-Evalue  i-Evalue  score  bias  from    to  from    to  from    to  acc description of target
#------------------- ---------- ----- -------------------- ---------- ----- --------- ------ ----- --- --- --------- --------- ------ ----- ----- ----- ----- ----- ----- ----- ---- ---------------------
Dbrb06914-RA         -            532 35694at7147          -            327  3.7e-212  703.4   8.8   1   2  3.6e-139  1.4e-136  454.9   3.3     1   250   139   404   139   419 0.91 -
Dbrb06914-RA         -            532 35694at7147          -            327  3.7e-212  703.4   8.8   2   2   2.3e-77   9.1e-75  251.8   0.3   218   327   423   532   418   532 0.99 -
Dbrb00016-RA         -            211 35694at7147          -            327   2.1e-24   86.3   0.1   1   2     3e-21   1.2e-18   67.4   0.0   163   307     4   140     2   152 0.86 -
Dbrb00016-RA         -            211 35694at7147          -            327   2.1e-24   86.3   0.1   2   2   1.1e-05    0.0042   16.3   0.0   105   148   161   207   148   211 0.78 -
Dbrb07102-RA         -           1114 35694at7147          -            327   2.6e-22   79.4   2.4   1   3    0.0023      0.92    8.6   0.0   104   151   696   748   685   782 0.66 -
Dbrb07102-RA         -           1114 35694at7147          -            327   2.6e-22   79.4   2.4   2   3   1.7e-05    0.0066   15.6   0.1   101   158   808   867   777   876 0.76 -
Dbrb07102-RA         -           1114 35694at7147          -            327   2.6e-22   79.4   2.4   3   3   1.3e-16   5.1e-14   52.1   0.3    65   209   927  1096   912  1101 0.70 -
Dbrb15880-RA         -           1231 35694at7147          -            327   2.9e-22   79.2   3.0   1   3   1.2e-09   4.5e-07   29.3   0.2   206   304   562   669   543   685 0.80 -
Dbrb15880-RA         -           1231 35694at7147          -            327   2.9e-22   79.2   3.0   2   3   1.5e-09   6.1e-07   28.9   0.0   223   310   691   777   674   783 0.91 -
Dbrb15880-RA         -           1231 35694at7147          -            327   2.9e-22   79.2   3.0   3   3   9.9e-07   0.00039   19.7   0.1   103   147   826   874   811   887 0.85 -
Dbrb01906-RA         -           2087 35694at7147          -            327   2.1e-16   60.0   0.1   1   3   2.1e-05    0.0083   15.3   0.0   161   213  1834  1888  1819  1896 0.84 -
Dbrb01906-RA         -           2087 35694at7147          -            327   2.1e-16   60.0   0.1   2   3   2.7e-07    0.0001   21.5   0.0    92   170  1895  1976  1886  1986 0.80 -
Dbrb01906-RA         -           2087 35694at7147          -            327   2.1e-16   60.0   0.1   3   3   1.2e-06   0.00046   19.4   0.0   104   147  2036  2084  2018  2087 0.84 -
Dbrb15501-RA         -            578 35694at7147          -            327   2.1e-14   53.4   0.9   1   2   3.7e-12   1.4e-09   37.5   0.0     2    54   139   192   138   198 0.92 -
Dbrb15501-RA         -            578 35694at7147          -            327   2.1e-14   53.4   0.9   2   2   3.5e-05     0.014   14.6   0.1   226   282   201   257   194   283 0.72 -
Dbrb05527-RA         -            248 35694at7147          -            327   4.8e-14   52.2   0.2   1   2   3.8e-10   1.5e-07   30.9   0.1   225   302    10    91     5   101 0.85 -
Dbrb05527-RA         -            248 35694at7147          -            327   4.8e-14   52.2   0.2   2   2   1.7e-06   0.00069   18.8   0.0   155   211   104   163    96   174 0.86 -
Dbrb05829-RA         -            946 35694at7147          -            327   1.9e-13   50.3   0.0   1   2   5.3e-10   2.1e-07   30.4   0.0   100   233    41   181    33   191 0.74 -
Dbrb05829-RA         -            946 35694at7147          -            327   1.9e-13   50.3   0.0   2   2   1.5e-05    0.0059   15.8   0.0    68   147   219   302   209   307 0.72 -
Dbrb04474-RA         -            983 35694at7147          -            327     4e-13   49.2   0.0   1   3       4.5   1.8e+03   -2.2   0.0   225   251    82   108    69   120 0.83 -
Dbrb04474-RA         -            983 35694at7147          -            327     4e-13   49.2   0.0   2   3   0.00053      0.21   10.7   0.0   250   303   136   189   129   197 0.91 -
Dbrb04474-RA         -            983 35694at7147          -            327     4e-13   49.2   0.0   3   3   1.7e-11   6.5e-09   35.4   0.0   162   306   215   360   206   368 0.83 -
Dbrb00082-RA         -            851 35694at7147          -            327   1.4e-11   44.2   0.1   1   3   1.4e-05    0.0054   15.9   0.0    78   208   125   259    94   271 0.75 -
Dbrb00082-RA         -            851 35694at7147          -            327   1.4e-11   44.2   0.1   2   3   2.1e-07   8.4e-05   21.8   0.0    77   148   432   506   419   514 0.82 -
Dbrb00082-RA         -            851 35694at7147          -            327   1.4e-11   44.2   0.1   3   3      0.27   1.1e+02    1.8   0.0   110   139   805   834   764   848 0.79 -
Dbrb01315-RA         -            646 35694at7147          -            327   2.3e-11   43.4   4.2   1   2   7.7e-14     3e-11   43.0   0.1   223   305     8    96     1   104 0.88 -
Dbrb01315-RA         -            646 35694at7147          -            327   2.3e-11   43.4   4.2   2   2       0.4   1.6e+02    1.2   0.0   214   248   276   310   267   353 0.78 -
Dbrb02969-RA         -           1066 35694at7147          -            327     3e-11   43.0   0.2   1   2       2.6     1e+03   -1.5   0.0   251   294   207   252   176   269 0.75 -
Dbrb02969-RA         -           1066 35694at7147          -            327     3e-11   43.0   0.2   2   2   1.8e-12   7.1e-10   38.5   0.1     4   143   541   702   538   721 0.72 -
Dbrb05365-RA         -            977 35694at7147          -            327     8e-11   41.6   1.0   1   3       1.3   5.2e+02   -0.5   0.1   144   183    87   126    70   132 0.73 -
Dbrb05365-RA         -            977 35694at7147          -            327     8e-11   41.6   1.0   2   3   1.2e-12   4.6e-10   39.1   0.0   218   307   209   299   202   314 0.91 -
Dbrb05365-RA         -            977 35694at7147          -            327     8e-11   41.6   1.0   3   3       4.3   1.7e+03   -2.2   0.1    22   127   365   475   354   499 0.65 -
Dbrb02333-RA         -            109 35694at7147          -            327   1.3e-10   41.0   0.0   1   1   3.9e-13   1.5e-10   40.7   0.0   226   303    12    92     4    97 0.84 -
Dbrb13435-RA         -            514 35694at7147          -            327   1.5e-09   37.5   0.0   1   2   1.9e-10   7.6e-08   31.8   0.0   219   306    25   112    20   173 0.90 -
Dbrb13435-RA         -            514 35694at7147          -            327   1.5e-09   37.5   0.0   2   2     0.092        36    3.3   0.0   209   305   316   411   303   427 0.76 -
Dbrb05366-RA         -            110 35694at7147          -            327   6.9e-09   35.3   0.0   1   1   1.9e-11   7.5e-09   35.1   0.0   223   324     2   104     1   107 0.92 -
Dbrb06266-RA         -            724 35694at7147          -            327   9.8e-08   31.5   0.0   1   1   4.1e-10   1.6e-07   30.8   0.0   226   308   459   544   439   553 0.85 -
Dbrb06909-RA         -           1222 35694at7147          -            327   9.8e-08   31.5   0.8   1   1   4.7e-10   1.8e-07   30.6   0.0   160   209  1040  1091  1032  1101 0.91 -
Dbrb02076-RA         -            386 35694at7147          -            327   1.4e-07   31.0   0.1   1   3     0.028        11    5.0   0.0   163   218    60   118    51   125 0.64 -
Dbrb02076-RA         -            386 35694at7147          -            327   1.4e-07   31.0   0.1   2   3   4.7e-05     0.018   14.2   0.0   163   210   186   236   174   254 0.87 -
Dbrb02076-RA         -            386 35694at7147          -            327   1.4e-07   31.0   0.1   3   3    0.0035       1.4    8.0   0.1   102   135   326   361   300   382 0.75 -
Dbrb07852-RA         -            715 35694at7147          -            327   1.5e-07   30.9   0.4   1   2       4.8   1.9e+03   -2.3   0.0     3    22   220   239   219   241 0.90 -
Dbrb07852-RA         -            715 35694at7147          -            327   1.5e-07   30.9   0.4   2   2   1.1e-09   4.3e-07   29.4   0.1   159   209   416   468   397   495 0.82 -
Dbrb02057-RA         -            230 35694at7147          -            327     4e-07   29.5   0.0   1   1   1.7e-09   6.5e-07   28.8   0.0    80   149    94   166    76   230 0.69 -
Dbrb06371-RA         -            476 35694at7147          -            327   9.6e-07   28.2   0.0   1   1   5.7e-09   2.3e-06   27.0   0.0    96   147   418   472   404   475 0.86 -
Dbrb06701-RA         -            551 35694at7147          -            327   2.3e-06   27.0   0.0   1   1     1e-08     4e-06   26.2   0.0   100   147   494   544   479   548 0.87 -
Dbrb03122-RA         -           2441 35694at7147          -            327   5.5e-06   25.7   0.9   1   1     3e-08   1.2e-05   24.7   0.5     2    68   975  1042   974  1057 0.79 -
Dbrb06813-RA         -           1345 35694at7147          -            327   6.1e-06   25.6   0.0   1   1   2.7e-08   1.1e-05   24.8   0.0   104   151    10    60     4    70 0.84 -
Dbrb02629-RA         -            446 35694at7147          -            327   0.00011   21.4   0.0   1   1   5.3e-07   0.00021   20.5   0.0   215   302   298   389   288   394 0.81 -
Dbrb16962-RA         -           1206 35694at7147          -            327   0.00024   20.4   0.0   1   1   1.4e-06   0.00057   19.1   0.0    92   149    43   106    17   129 0.82 -
Dbrb07417-RA         -            720 35694at7147          -            327   0.00024   20.3   0.1   1   1   9.9e-07   0.00039   19.7   0.1   100   150   247   300   197   325 0.80 -
Dbrb15851-RA         -           1126 35694at7147          -            327   0.00032   19.9   0.0   1   1   2.4e-06   0.00096   18.4   0.0   222   297   950  1023   934  1050 0.79 -
Dbrb01798-RA         -            390 35694at7147          -            327   0.00055   19.2   0.2   1   2       9.3   3.7e+03   -3.3   0.0   226   243    71    88    65   140 0.69 -
Dbrb01798-RA         -            390 35694at7147          -            327   0.00055   19.2   0.2   2   2   2.8e-06    0.0011   18.1   0.1   224   299   234   308   217   317 0.88 -
Dbrb10574-RA         -            930 35694at7147          -            327   0.00076   18.7   0.0   1   1   5.4e-06    0.0021   17.2   0.0     4    59   116   174   113   191 0.84 -
Dbrb03918-RA         -           2096 35694at7147          -            327    0.0015   17.7   0.0   1   1     1e-05    0.0039   16.3   0.0    98   150  2009  2066  1989  2086 0.82 -
Dbrb01698-RA         -           1093 35694at7147          -            327    0.0033   16.6   1.8   1   2       1.3   5.2e+02   -0.5   0.4    76   123   541   592   530   604 0.70 -
Dbrb01698-RA         -           1093 35694at7147          -            327    0.0033   16.6   1.8   2   2   2.2e-05    0.0085   15.2   0.0     2    50  1025  1077  1006  1083 0.61 -
Dbrb10725-RA         -           1204 35694at7147          -            327    0.0047   16.1   1.0   1   1   1.6e-05    0.0062   15.7   0.0    99   148  1149  1201  1121  1204 0.85 -
Dbrb10452-RA         -            521 35694at7147          -            327    0.0073   15.5   0.0   1   1   2.7e-05      0.01   15.0   0.0   103   147   469   517   404   521 0.80 -
Dbrb03903-RA         -            420 35694at7147          -            327    0.0089   15.2   0.0   1   1   3.7e-05     0.015   14.5   0.0   221   300   319   395   305   409 0.82 -
Dbrb02785-RA         -            568 35694at7147          -            327     0.011   14.9   0.0   1   1   5.6e-05     0.022   13.9   0.0   162   214     5    62     1    75 0.80 -
Dbrb11079-RA         -            944 35694at7147          -            327     0.019   14.1   0.0   1   1   8.5e-05     0.033   13.3   0.0   220   276   232   285   203   315 0.86 -
Dbrb09680-RA         -            563 35694at7147          -            327     0.022   13.9   0.0   1   1   9.5e-05     0.037   13.1   0.0   100   212   474   528   453   547 0.58 -
Dbrb14637-RA         -           1907 35694at7147          -            327     0.023   13.9   0.0   1   1   0.00015     0.058   12.5   0.0    91   146   303   361   293   367 0.83 -
Dbrb05280-RA         -            503 35694at7147          -            327      0.03   13.5   0.0   1   1   0.00013     0.049   12.7   0.0   226   278    68   119    57   143 0.84 -
Dbrb13290-RA         -            707 35694at7147          -            327      0.03   13.5   0.0   1   1   7.6e-05      0.03   13.5   0.0   222   284   465   526   445   553 0.82 -
Dbrb09418-RA         -            367 35694at7147          -            327     0.053   12.6   0.0   1   2       2.9   1.1e+03   -1.6   0.0   178   236   116   176    79   181 0.72 -
Dbrb09418-RA         -            367 35694at7147          -            327     0.053   12.6   0.0   2   2   0.00043      0.17   11.0   0.0   163   210   311   360   282   364 0.79 -
#
# Program:         hmmsearch
# Version:         3.1b2 (February 2015)
# Pipeline mode:   SEARCH
# Query file:      /home/nmoreyra/Documents/Genomics/03_orthologs_search/00_Phylogenomics_BUSCO-groups/busco4_odb10/busco_downloads/lineages/diptera_odb10/hmms/35694at7147.hmm
# Target file:     /home/nmoreyra/Documents/Genomics/03_orthologs_search/00_Phylogenomics_BUSCO-groups/busco4_odb10/../00_proteins/Dbrb_proteins.fasta
# Option settings: /home/nmoreyra/Software/miniconda3/envs/busco4/bin/hmmsearch --domtblout /home/nmoreyra/Documents/Genomics/03_orthologs_search/00_Phylogenomics_BUSCO-groups/busco4_odb10/Dbrb_diptera/run_diptera_odb10/hmmer_output/initial_run_results/35694at7147.out --cpu 1 /home/nmoreyra/Documents/Genomics/03_orthologs_search/00_Phylogenomics_BUSCO-groups/busco4_odb10/busco_downloads/lineages/diptera_odb10/hmms/35694at7147.hmm /home/nmoreyra/Documents/Genomics/03_orthologs_search/00_Phylogenomics_BUSCO-groups/busco4_odb10/../00_proteins/Dbrb_proteins.fasta 
# Current dir:     /home/nmoreyra/Documents/Genomics/03_orthologs_search/00_Phylogenomics_BUSCO-groups/busco4_odb10
# Date:            Mon Jan 25 13:07:53 2021
# [ok]
