#                                                                            --- full sequence --- -------------- this domain -------------   hmm coord   ali coord   env coord
# target name        accession   tlen query name           accession   qlen   E-value  score  bias   #  of  c-Evalue  i-Evalue  score  bias  from    to  from    to  from    to  acc description of target
#------------------- ---------- ----- -------------------- ---------- ----- --------- ------ ----- --- --- --------- --------- ------ ----- ----- ----- ----- ----- ----- ----- ---- ---------------------
Dbrb01079-RA         -            447 36084at7147          -            432     4e-08   32.4   0.0   1   2   4.4e-05     0.068   11.9   0.0     2    57     2    73     1    85 0.68 -
Dbrb01079-RA         -            447 36084at7147          -            432     4e-08   32.4   0.0   2   2   5.8e-07   0.00089   18.1   0.0   135   218   114   197   105   261 0.79 -
Dbrb00042-RA         -            454 36084at7147          -            432   5.9e-08   31.9   0.1   1   2   0.00013      0.19   10.4   0.0     2    31     2    31     1    85 0.90 -
Dbrb00042-RA         -            454 36084at7147          -            432   5.9e-08   31.9   0.1   2   2   2.5e-07   0.00039   19.3   0.0   134   218   119   203   111   267 0.80 -
Dbrb12887-RA         -            486 36084at7147          -            432     7e-08   31.6   0.2   1   2   0.00015      0.23   10.2   0.0     3    55     4    71     2    97 0.65 -
Dbrb12887-RA         -            486 36084at7147          -            432     7e-08   31.6   0.2   2   2   2.9e-07   0.00045   19.1   0.0   132   258   113   245   103   254 0.85 -
Dbrb08153-RA         -            446 36084at7147          -            432     1e-07   31.1   0.0   1   2   8.3e-05      0.13   11.0   0.0     2    58     2    74     1    86 0.69 -
Dbrb08153-RA         -            446 36084at7147          -            432     1e-07   31.1   0.0   2   2   8.4e-07    0.0013   17.6   0.0   135   251   114   233   105   263 0.69 -
Dbrb12731-RA         -            456 36084at7147          -            432   1.2e-07   30.9   0.2   1   2     4e-05     0.062   12.0   0.0     3    59     4    75     2    96 0.69 -
Dbrb12731-RA         -            456 36084at7147          -            432   1.2e-07   30.9   0.2   2   2     2e-06    0.0031   16.3   0.0   133   258   114   245   105   254 0.82 -
Dbrb17330-RA         -            481 36084at7147          -            432   1.4e-05   24.0   0.0   1   2      0.15   2.3e+02    0.3   0.0     2    17     2    17     1    21 0.91 -
Dbrb17330-RA         -            481 36084at7147          -            432   1.4e-05   24.0   0.0   2   2   7.7e-08   0.00012   21.0   0.0   135   224   136   225   111   283 0.81 -
Dbrb08343-RA         -            494 36084at7147          -            432   5.5e-05   22.1   0.1   1   2    0.0013       1.9    7.1   0.0    24    62    19    59    14    72 0.81 -
Dbrb08343-RA         -            494 36084at7147          -            432   5.5e-05   22.1   0.1   2   2   2.5e-05     0.039   12.7   0.0   136   217    96   177    87   203 0.76 -
Dbrb08093-RA         -            450 36084at7147          -            432   7.4e-05   21.7   0.0   1   1   7.8e-08   0.00012   21.0   0.0   136   235   118   220    87   273 0.72 -
Dbrb09657-RA         -            450 36084at7147          -            432   9.8e-05   21.3   0.0   1   1     1e-07   0.00016   20.6   0.0   136   217   117   198    87   260 0.73 -
Dbrb07920-RA         -            477 36084at7147          -            432    0.0026   16.6   0.0   1   1   2.9e-06    0.0045   15.8   0.0   134   186   140   193   110   208 0.79 -
Dbrb09690-RA         -           3046 36084at7147          -            432     0.037   12.8   1.2   1   1   6.3e-05     0.097   11.4   1.2   282   379   158   258   146   270 0.83 -
#
# Program:         hmmsearch
# Version:         3.1b2 (February 2015)
# Pipeline mode:   SEARCH
# Query file:      /home/nmoreyra/Documents/Genomics/03_orthologs_search/00_Phylogenomics_BUSCO-groups/busco4_odb10/busco_downloads/lineages/diptera_odb10/hmms/36084at7147.hmm
# Target file:     /home/nmoreyra/Documents/Genomics/03_orthologs_search/00_Phylogenomics_BUSCO-groups/busco4_odb10/../00_proteins/Dbrb_proteins.fasta
# Option settings: /home/nmoreyra/Software/miniconda3/envs/busco4/bin/hmmsearch --domtblout /home/nmoreyra/Documents/Genomics/03_orthologs_search/00_Phylogenomics_BUSCO-groups/busco4_odb10/Dbrb_diptera/run_diptera_odb10/hmmer_output/initial_run_results/36084at7147.out --cpu 1 /home/nmoreyra/Documents/Genomics/03_orthologs_search/00_Phylogenomics_BUSCO-groups/busco4_odb10/busco_downloads/lineages/diptera_odb10/hmms/36084at7147.hmm /home/nmoreyra/Documents/Genomics/03_orthologs_search/00_Phylogenomics_BUSCO-groups/busco4_odb10/../00_proteins/Dbrb_proteins.fasta 
# Current dir:     /home/nmoreyra/Documents/Genomics/03_orthologs_search/00_Phylogenomics_BUSCO-groups/busco4_odb10
# Date:            Mon Jan 25 13:08:20 2021
# [ok]
