#                                                                            --- full sequence --- -------------- this domain -------------   hmm coord   ali coord   env coord
# target name        accession   tlen query name           accession   qlen   E-value  score  bias   #  of  c-Evalue  i-Evalue  score  bias  from    to  from    to  from    to  acc description of target
#------------------- ---------- ----- -------------------- ---------- ----- --------- ------ ----- --- --- --------- --------- ------ ----- ----- ----- ----- ----- ----- ----- ---- ---------------------
Dbrb09499-RA         -            508 39344at7147          -            192  3.7e-109  362.6  31.9   1   4     0.097   2.4e+02    1.2   0.2   141   182    29    70    10    70 0.71 -
Dbrb09499-RA         -            508 39344at7147          -            192  3.7e-109  362.6  31.9   2   4    0.0067        16    5.0   2.2     1    20    71    90    71   123 0.63 -
Dbrb09499-RA         -            508 39344at7147          -            192  3.7e-109  362.6  31.9   3   4   1.1e-99   2.7e-96  320.6   7.6    15   155   127   266   112   293 0.91 -
Dbrb09499-RA         -            508 39344at7147          -            192  3.7e-109  362.6  31.9   4   4   1.5e-15   3.7e-12   46.2   2.3   148   192   452   508   428   508 0.72 -
Dbrb09261-RA         -            594 39344at7147          -            192   1.5e-58  197.5   9.6   1   3       1.1   2.6e+03   -2.2   2.6   161   188   222   249   209   257 0.73 -
Dbrb09261-RA         -            594 39344at7147          -            192   1.5e-58  197.5   9.6   2   3         7   1.7e+04   -6.0   4.5   158   180   251   275   234   280 0.51 -
Dbrb09261-RA         -            594 39344at7147          -            192   1.5e-58  197.5   9.6   3   3   6.2e-62   1.5e-58  197.5   9.6    40   151   364   481   360   495 0.94 -
Dbrb09498-RA         -            766 39344at7147          -            192   1.8e-28   99.4   4.2   1   2       3.4   8.1e+03   -3.9   1.2   167   180   261   274   226   313 0.57 -
Dbrb09498-RA         -            766 39344at7147          -            192   1.8e-28   99.4   4.2   2   2   7.3e-32   1.8e-28   99.4   4.2    54   154   507   610   480   615 0.85 -
Dbrb09496-RA         -           1471 39344at7147          -            192   3.3e-28   98.5   1.3   1   4       3.7     9e+03   -4.0   0.3   144   176   370   402   356   408 0.51 -
Dbrb09496-RA         -           1471 39344at7147          -            192   3.3e-28   98.5   1.3   2   4         7   1.7e+04   -5.8   3.0   167   184   678   695   672   699 0.80 -
Dbrb09496-RA         -           1471 39344at7147          -            192   3.3e-28   98.5   1.3   3   4   1.3e-31   3.3e-28   98.5   1.3    85   181   934  1030   928  1036 0.87 -
Dbrb09496-RA         -           1471 39344at7147          -            192   3.3e-28   98.5   1.3   4   4       1.1   2.7e+03   -2.3   1.1   141   183  1368  1411  1320  1416 0.65 -
Dbrb15892-RA         -            378 39344at7147          -            192     9e-25   87.3   0.4   1   1     6e-28   1.5e-24   86.6   0.4    90   154    91   155    62   191 0.85 -
Dbrb12910-RA         -            481 39344at7147          -            192     0.023   14.3   0.1   1   2    0.0074        18    4.8   0.0    51    74     9    32     5    39 0.90 -
Dbrb12910-RA         -            481 39344at7147          -            192     0.023   14.3   0.1   2   2    0.0014       3.4    7.1   0.1   109   164   372   433   366   448 0.75 -
Dbrb12788-RA         -            141 39344at7147          -            192     0.059   12.9   1.2   1   2     0.071   1.7e+02    1.6   0.2    62    95    52    84    19   100 0.69 -
Dbrb12788-RA         -            141 39344at7147          -            192     0.059   12.9   1.2   2   2   0.00013       0.3   10.6   0.0    17    49   103   137    95   141 0.85 -
#
# Program:         hmmsearch
# Version:         3.1b2 (February 2015)
# Pipeline mode:   SEARCH
# Query file:      /home/nmoreyra/Documents/Genomics/03_orthologs_search/00_Phylogenomics_BUSCO-groups/busco4_odb10/busco_downloads/lineages/diptera_odb10/hmms/39344at7147.hmm
# Target file:     /home/nmoreyra/Documents/Genomics/03_orthologs_search/00_Phylogenomics_BUSCO-groups/busco4_odb10/../00_proteins/Dbrb_proteins.fasta
# Option settings: /home/nmoreyra/Software/miniconda3/envs/busco4/bin/hmmsearch --domtblout /home/nmoreyra/Documents/Genomics/03_orthologs_search/00_Phylogenomics_BUSCO-groups/busco4_odb10/Dbrb_diptera/run_diptera_odb10/hmmer_output/initial_run_results/39344at7147.out --cpu 1 /home/nmoreyra/Documents/Genomics/03_orthologs_search/00_Phylogenomics_BUSCO-groups/busco4_odb10/busco_downloads/lineages/diptera_odb10/hmms/39344at7147.hmm /home/nmoreyra/Documents/Genomics/03_orthologs_search/00_Phylogenomics_BUSCO-groups/busco4_odb10/../00_proteins/Dbrb_proteins.fasta 
# Current dir:     /home/nmoreyra/Documents/Genomics/03_orthologs_search/00_Phylogenomics_BUSCO-groups/busco4_odb10
# Date:            Mon Jan 25 13:08:00 2021
# [ok]
