#                                                                            --- full sequence --- -------------- this domain -------------   hmm coord   ali coord   env coord
# target name        accession   tlen query name           accession   qlen   E-value  score  bias   #  of  c-Evalue  i-Evalue  score  bias  from    to  from    to  from    to  acc description of target
#------------------- ---------- ----- -------------------- ---------- ----- --------- ------ ----- --- --- --------- --------- ------ ----- ----- ----- ----- ----- ----- ----- ---- ---------------------
Dbrb02766-RA         -           1236 4262at7147           -           1060         0 2084.2  23.3   1   3         0         0 1718.8   2.7     1   783     1   825     1   844 0.96 -
Dbrb02766-RA         -           1236 4262at7147           -           1060         0 2084.2  23.3   2   3      0.92   1.4e+02   -0.3   3.7   780   808   851   880   843   888 0.71 -
Dbrb02766-RA         -           1236 4262at7147           -           1060         0 2084.2  23.3   3   3  1.6e-113  2.3e-111  373.1   3.4   786  1060   884  1236   872  1236 0.83 -
Dbrb12704-RA         -            929 4262at7147           -           1060   6.2e-81  272.3   2.4   1   2   8.7e-37   1.3e-34  119.0   1.8     6   164    12   172     8   177 0.95 -
Dbrb12704-RA         -            929 4262at7147           -           1060   6.2e-81  272.3   2.4   2   2     2e-45     3e-43  147.6   0.0   200   744   178   763   173   777 0.79 -
Dbrb01321-RA         -            411 4262at7147           -           1060   4.7e-43  146.9   7.5   1   3   1.7e-18   2.6e-16   58.4   0.1    50   165   107   223   100   226 0.94 -
Dbrb01321-RA         -            411 4262at7147           -           1060   4.7e-43  146.9   7.5   2   3   1.2e-06   0.00018   19.2   0.4    85   145   227   287   223   298 0.92 -
Dbrb01321-RA         -            411 4262at7147           -           1060   4.7e-43  146.9   7.5   3   3   7.6e-23   1.2e-20   72.8   0.1    60   163   306   409   294   411 0.97 -
Dbrb05278-RA         -            358 4262at7147           -           1060   5.7e-38  130.1   1.5   1   4   0.00072      0.11   10.0   0.0    87   122    63    98    53   110 0.68 -
Dbrb05278-RA         -            358 4262at7147           -           1060   5.7e-38  130.1   1.5   2   4   3.2e-16   4.9e-14   50.9   0.0   196   289   100   191    97   194 0.92 -
Dbrb05278-RA         -            358 4262at7147           -           1060   5.7e-38  130.1   1.5   3   4   5.6e-05    0.0085   13.6   0.0   247   292   191   236   188   240 0.90 -
Dbrb05278-RA         -            358 4262at7147           -           1060   5.7e-38  130.1   1.5   4   4   2.1e-16   3.1e-14   51.5   0.1    48   163   235   355   235   357 0.88 -
Dbrb04227-RA         -            406 4262at7147           -           1060   2.8e-30  104.6   0.1   1   2   3.5e-19   5.3e-17   60.7   0.1     4   165    14   175    11   181 0.96 -
Dbrb04227-RA         -            406 4262at7147           -           1060   2.8e-30  104.6   0.1   2   2   1.2e-13   1.8e-11   42.3   0.0     6   124   184   302   179   344 0.88 -
Dbrb01550-RA         -            373 4262at7147           -           1060     2e-29  101.8   3.5   1   3   3.7e-15   5.5e-13   47.4   0.1    48   165    74   191    67   196 0.96 -
Dbrb01550-RA         -            373 4262at7147           -           1060     2e-29  101.8   3.5   2   3   2.3e-13   3.4e-11   41.4   0.1    33   141   185   294   184   302 0.92 -
Dbrb01550-RA         -            373 4262at7147           -           1060     2e-29  101.8   3.5   3   3   7.6e-08   1.1e-05   23.1   0.3   104   164   302   364   288   368 0.84 -
Dbrb02801-RA         -           1377 4262at7147           -           1060   3.5e-27   94.4   5.7   1   3     3e-15   4.5e-13   47.6   0.4    58   165  1053  1154  1011  1160 0.82 -
Dbrb02801-RA         -           1377 4262at7147           -           1060   3.5e-27   94.4   5.7   2   3   3.2e-15   4.9e-13   47.5   0.2    46   176  1161  1285  1154  1293 0.84 -
Dbrb02801-RA         -           1377 4262at7147           -           1060   3.5e-27   94.4   5.7   3   3      0.37        56    1.0   0.0   133   165  1287  1317  1275  1343 0.64 -
Dbrb13414-RA         -            347 4262at7147           -           1060   2.3e-26   91.7   0.1   1   4   1.8e-09   2.7e-07   28.6   0.0    84   165    46   128    38   135 0.89 -
Dbrb13414-RA         -            347 4262at7147           -           1060   2.3e-26   91.7   0.1   2   4   1.5e-05    0.0022   15.6   0.0   244   288   133   178   128   184 0.88 -
Dbrb13414-RA         -            347 4262at7147           -           1060   2.3e-26   91.7   0.1   3   4   1.7e-12   2.5e-10   38.6   0.1    54   176   185   315   179   317 0.87 -
Dbrb13414-RA         -            347 4262at7147           -           1060   2.3e-26   91.7   0.1   4   4    0.0087       1.3    6.4   0.0   203   233   312   342   308   347 0.83 -
Dbrb09735-RA         -            448 4262at7147           -           1060   1.2e-25   89.3   0.2   1   3   7.6e-09   1.1e-06   26.4   0.0    47   165   119   239   111   247 0.91 -
Dbrb09735-RA         -            448 4262at7147           -           1060   1.2e-25   89.3   0.2   2   3   1.1e-06   0.00017   19.3   0.2    95   167   253   325   239   332 0.88 -
Dbrb09735-RA         -            448 4262at7147           -           1060   1.2e-25   89.3   0.2   3   3   4.1e-13   6.1e-11   40.6   0.0    48   162   333   447   324   448 0.95 -
Dbrb05265-RA         -            477 4262at7147           -           1060     2e-24   85.3   0.3   1   2   2.5e-22   3.8e-20   71.1   0.2    12   166   170   324   164   328 0.97 -
Dbrb05265-RA         -            477 4262at7147           -           1060     2e-24   85.3   0.3   2   2   0.00012     0.019   12.5   0.0    84   165   326   405   323   430 0.80 -
Dbrb02373-RA         -            328 4262at7147           -           1060   4.2e-24   84.2   0.2   1   1   3.6e-26   5.4e-24   83.8   0.2    45   282    56   300    49   311 0.86 -
Dbrb07894-RA         -            510 4262at7147           -           1060   4.8e-24   84.0   5.8   1   3   1.2e-11   1.7e-09   35.8   0.7    66   165   223   318   207   322 0.89 -
Dbrb07894-RA         -            510 4262at7147           -           1060   4.8e-24   84.0   5.8   2   3   1.6e-10   2.5e-08   32.0   0.1    88   165   328   401   320   404 0.80 -
Dbrb07894-RA         -            510 4262at7147           -           1060   4.8e-24   84.0   5.8   3   3   5.5e-10   8.4e-08   30.2   0.1    65   166   385   491   385   509 0.86 -
Dbrb02399-RA         -            679 4262at7147           -           1060   2.5e-23   81.6   1.0   1   1   1.2e-23   1.7e-21   75.5   1.0    49   320    26   278    13   290 0.86 -
Dbrb05045-RA         -            788 4262at7147           -           1060     3e-23   81.3   0.0   1   2   4.5e-18   6.7e-16   57.0   0.0    46   166    13   133     5   138 0.95 -
Dbrb05045-RA         -            788 4262at7147           -           1060     3e-23   81.3   0.0   2   2   8.7e-08   1.3e-05   22.9   0.0   244   324   138   221   132   233 0.77 -
Dbrb10107-RA         -            317 4262at7147           -           1060   3.3e-23   81.2   3.6   1   3   7.2e-09   1.1e-06   26.5   0.1   201   288     9   101     4   102 0.85 -
Dbrb10107-RA         -            317 4262at7147           -           1060   3.3e-23   81.2   3.6   2   3   5.2e-14   7.9e-12   43.5   0.6   199   283    98   183    94   188 0.87 -
Dbrb10107-RA         -            317 4262at7147           -           1060   3.3e-23   81.2   3.6   3   3   9.5e-05     0.014   12.9   0.0    47   127   189   267   183   277 0.88 -
Dbrb06935-RA         -            488 4262at7147           -           1060   6.3e-22   77.0   2.5   1   4   9.9e-06    0.0015   16.1   0.0    89   280   115   190   100   214 0.62 -
Dbrb06935-RA         -            488 4262at7147           -           1060   6.3e-22   77.0   2.5   2   4   0.00017     0.026   12.0   0.0    68   139   226   296   215   317 0.86 -
Dbrb06935-RA         -            488 4262at7147           -           1060   6.3e-22   77.0   2.5   3   4   1.7e-10   2.5e-08   31.9   0.4   221   297   347   421   337   424 0.90 -
Dbrb06935-RA         -            488 4262at7147           -           1060   6.3e-22   77.0   2.5   4   4   1.4e-06   0.00021   18.9   0.0    85   162   409   486   406   488 0.91 -
Dbrb06230-RA         -            364 4262at7147           -           1060   2.1e-21   75.2   0.1   1   2   9.3e-06    0.0014   16.2   0.0   220   318    86   185    78   206 0.82 -
Dbrb06230-RA         -            364 4262at7147           -           1060   2.1e-21   75.2   0.1   2   2   4.3e-18   6.5e-16   57.1   0.0    16   161   210   355   198   359 0.69 -
Dbrb01065-RA         -            843 4262at7147           -           1060   6.6e-21   73.6   2.7   1   4     3e-08   4.6e-06   24.5   0.0    17   164    86   240    81   244 0.84 -
Dbrb01065-RA         -            843 4262at7147           -           1060   6.6e-21   73.6   2.7   2   4       1.7   2.6e+02   -1.2   0.0    84   165   339   419   262   424 0.61 -
Dbrb01065-RA         -            843 4262at7147           -           1060   6.6e-21   73.6   2.7   3   4     2e-11     3e-09   35.0   0.2    43   166   429   562   409   571 0.83 -
Dbrb01065-RA         -            843 4262at7147           -           1060   6.6e-21   73.6   2.7   4   4   0.00064     0.097   10.1   0.0    17   317   580   640   566   651 0.58 -
Dbrb16592-RA         -            356 4262at7147           -           1060   1.2e-20   72.7   3.6   1   2   1.3e-13     2e-11   42.2   0.3    88   294    63   285    51   292 0.77 -
Dbrb16592-RA         -            356 4262at7147           -           1060   1.2e-20   72.7   3.6   2   2   1.1e-12   1.7e-10   39.1   0.3    35   162   226   355   226   356 0.93 -
Dbrb07811-RA         -            807 4262at7147           -           1060   1.5e-20   72.4   4.5   1   2   1.3e-17     2e-15   55.4   2.4    11   169   190   349   178   352 0.92 -
Dbrb07811-RA         -            807 4262at7147           -           1060   1.5e-20   72.4   4.5   2   2   3.2e-06   0.00049   17.7   0.0   243   326   350   434   349   443 0.80 -
Dbrb10308-RA         -           2541 4262at7147           -           1060   3.5e-20   71.2   1.9   1   2   6.3e-18   9.6e-16   56.5   0.1    49   165   699   815   691   822 0.96 -
Dbrb10308-RA         -           2541 4262at7147           -           1060   3.5e-20   71.2   1.9   2   2   4.6e-05    0.0069   13.9   0.3   201   281   821   899   815   906 0.61 -
Dbrb02020-RA         -           1930 4262at7147           -           1060   3.6e-20   71.1   2.0   1   3   1.8e-10   2.8e-08   31.8   0.1    12   166   909  1064   901  1145 0.94 -
Dbrb02020-RA         -           1930 4262at7147           -           1060   3.6e-20   71.1   2.0   2   3   5.6e-05    0.0085   13.6   0.0   226   332  1238  1343  1233  1355 0.66 -
Dbrb02020-RA         -           1930 4262at7147           -           1060   3.6e-20   71.1   2.0   3   3   6.9e-08     1e-05   23.3   0.3    51   195  1342  1488  1329  1513 0.71 -
Dbrb01187-RA         -            957 4262at7147           -           1060   8.3e-19   66.6   0.1   1   2   3.7e-13   5.6e-11   40.7   0.1    73   171   374   472   306   483 0.78 -
Dbrb01187-RA         -            957 4262at7147           -           1060   8.3e-19   66.6   0.1   2   2   5.9e-08   8.9e-06   23.5   0.0    62   176   490   607   480   623 0.87 -
Dbrb03470-RA         -            548 4262at7147           -           1060   1.3e-18   66.0   0.0   1   2   1.3e-10     2e-08   32.3   0.0    16   166   255   413   246   418 0.87 -
Dbrb03470-RA         -            548 4262at7147           -           1060   1.3e-18   66.0   0.0   2   2   1.9e-10   2.9e-08   31.7   0.1    48   163   421   537   412   542 0.92 -
Dbrb07063-RA         -            330 4262at7147           -           1060   1.7e-17   62.3   1.0   1   3     0.015       2.2    5.6   0.0   131   165    72   106    39   114 0.66 -
Dbrb07063-RA         -            330 4262at7147           -           1060   1.7e-17   62.3   1.0   2   3   2.3e-10   3.5e-08   31.5   0.2   203   282   114   194   106   198 0.75 -
Dbrb07063-RA         -            330 4262at7147           -           1060   1.7e-17   62.3   1.0   3   3   1.3e-07     2e-05   22.3   0.0    45   165   199   326   194   329 0.77 -
Dbrb06957-RA         -            724 4262at7147           -           1060     7e-17   60.3   1.7   1   4     0.001      0.15    9.5   0.0   130   166   374   410   356   418 0.65 -
Dbrb06957-RA         -            724 4262at7147           -           1060     7e-17   60.3   1.7   2   4     0.048       7.2    3.9   0.0   113   166   454   506   437   526 0.79 -
Dbrb06957-RA         -            724 4262at7147           -           1060     7e-17   60.3   1.7   3   4   1.3e-07   1.9e-05   22.4   0.1   226   300   535   607   524   613 0.81 -
Dbrb06957-RA         -            724 4262at7147           -           1060     7e-17   60.3   1.7   4   4   2.4e-13   3.6e-11   41.4   0.2    44   181   551   697   546   719 0.83 -
Dbrb09683-RA         -            933 4262at7147           -           1060     4e-16   57.8   2.1   1   4   1.4e-06   0.00021   18.9   0.5   138   323    26   226     9   234 0.62 -
Dbrb09683-RA         -            933 4262at7147           -           1060     4e-16   57.8   2.1   2   4      0.13        20    2.4   0.0   248   290   410   451   401   458 0.81 -
Dbrb09683-RA         -            933 4262at7147           -           1060     4e-16   57.8   2.1   3   4   3.2e-06   0.00048   17.8   0.0    17   164   460   621   455   629 0.86 -
Dbrb09683-RA         -            933 4262at7147           -           1060     4e-16   57.8   2.1   4   4   0.00018     0.027   12.0   0.0    50   125   633   708   628   719 0.80 -
Dbrb09563-RA         -           2203 4262at7147           -           1060   1.2e-15   56.1   0.2   1   3   1.4e-11   2.1e-09   35.5   0.0    38   191   170   328   164   334 0.89 -
Dbrb09563-RA         -           2203 4262at7147           -           1060   1.2e-15   56.1   0.2   2   3      0.19        29    1.9   0.0    67   129   341   405   331   414 0.78 -
Dbrb09563-RA         -           2203 4262at7147           -           1060   1.2e-15   56.1   0.2   3   3   2.4e-05    0.0036   14.9   0.0    96   165   428   498   422   517 0.79 -
Dbrb02022-RA         -            505 4262at7147           -           1060   1.3e-15   56.1   0.0   1   2   4.5e-09   6.7e-07   27.2   0.0    66   165   238   337   232   355 0.89 -
Dbrb02022-RA         -            505 4262at7147           -           1060   1.3e-15   56.1   0.0   2   2   8.3e-09   1.3e-06   26.3   0.0    17   163   358   503   349   505 0.81 -
Dbrb06007-RA         -            570 4262at7147           -           1060   2.5e-15   55.1   8.5   1   3   1.9e-08   2.9e-06   25.1   0.5    49   145   277   374   267   376 0.57 -
Dbrb06007-RA         -            570 4262at7147           -           1060   2.5e-15   55.1   8.5   2   3   3.9e-12   5.9e-10   37.3   1.5    15   163   329   480   327   496 0.86 -
Dbrb06007-RA         -            570 4262at7147           -           1060   2.5e-15   55.1   8.5   3   3    0.0058      0.88    7.0   0.1    94   163   500   570   483   570 0.76 -
Dbrb15544-RA         -            758 4262at7147           -           1060   8.3e-15   53.4   0.0   1   3   4.1e-07   6.3e-05   20.7   0.0    85   126   435   476   424   527 0.59 -
Dbrb15544-RA         -            758 4262at7147           -           1060   8.3e-15   53.4   0.0   2   3       6.7     1e+03   -3.2   0.0   145   162   557   574   541   590 0.69 -
Dbrb15544-RA         -            758 4262at7147           -           1060   8.3e-15   53.4   0.0   3   3     8e-10   1.2e-07   29.7   0.0    56   158   647   753   630   758 0.59 -
Dbrb07005-RA         -            789 4262at7147           -           1060   1.2e-14   52.9   0.0   1   2     2e-07   3.1e-05   21.7   0.0    50   166    17   140     7   147 0.85 -
Dbrb07005-RA         -            789 4262at7147           -           1060   1.2e-14   52.9   0.0   2   2   1.3e-09     2e-07   29.0   0.0    46   164   148   265   143   272 0.85 -
Dbrb05943-RA         -            749 4262at7147           -           1060   3.1e-14   51.5   0.1   1   3      0.66     1e+02    0.2   0.0   183   239   370   426   363   435 0.83 -
Dbrb05943-RA         -            749 4262at7147           -           1060   3.1e-14   51.5   0.1   2   3   5.9e-07     9e-05   20.2   0.1   204   283   496   573   493   581 0.57 -
Dbrb05943-RA         -            749 4262at7147           -           1060   3.1e-14   51.5   0.1   3   3   6.1e-09   9.2e-07   26.8   0.0    48   168   580   700   572   719 0.94 -
Dbrb17720-RA         -            424 4262at7147           -           1060   3.7e-14   51.2   0.0   1   3   2.3e-09   3.5e-07   28.1   0.0   199   312   158   274    96   278 0.77 -
Dbrb17720-RA         -            424 4262at7147           -           1060   3.7e-14   51.2   0.0   2   3   8.2e-05     0.012   13.1   0.0    68   175   272   339   252   376 0.46 -
Dbrb17720-RA         -            424 4262at7147           -           1060   3.7e-14   51.2   0.0   3   3    0.0018      0.27    8.6   0.0    50    82   389   421   374   424 0.90 -
Dbrb01301-RA         -            331 4262at7147           -           1060   8.8e-14   50.0   2.6   1   2   4.4e-10   6.7e-08   30.5   0.0    47   166    10   130     3   138 0.89 -
Dbrb01301-RA         -            331 4262at7147           -           1060   8.8e-14   50.0   2.6   2   2     1e-05    0.0016   16.1   1.1    49   121   142   218   138   331 0.51 -
Dbrb05314-RA         -            534 4262at7147           -           1060   1.1e-13   49.7   0.1   1   2   8.1e-07   0.00012   19.7   0.1    17   148    46   178    38   180 0.76 -
Dbrb05314-RA         -            534 4262at7147           -           1060   1.1e-13   49.7   0.1   2   2     8e-11   1.2e-08   33.0   0.0    48   170   162   285   157   315 0.86 -
Dbrb01560-RA         -            790 4262at7147           -           1060   1.6e-13   49.2   0.7   1   4   3.4e-06   0.00052   17.7   0.0   246   293   448   495   439   522 0.79 -
Dbrb01560-RA         -            790 4262at7147           -           1060   1.6e-13   49.2   0.7   2   4      0.84   1.3e+02   -0.2   0.0   249   311   576   641   559   655 0.59 -
Dbrb01560-RA         -            790 4262at7147           -           1060   1.6e-13   49.2   0.7   3   4   0.00061     0.092   10.2   0.1   254   324   626   696   582   703 0.89 -
Dbrb01560-RA         -            790 4262at7147           -           1060   1.6e-13   49.2   0.7   4   4   3.9e-09   5.9e-07   27.4   0.2     5   120   660   789   656   790 0.72 -
Dbrb01101-RA         -            236 4262at7147           -           1060   1.8e-13   49.0   0.1   1   2   5.8e-06   0.00088   16.9   0.0    48   130    18   104    12   116 0.82 -
Dbrb01101-RA         -            236 4262at7147           -           1060   1.8e-13   49.0   0.1   2   2   5.1e-10   7.7e-08   30.3   0.0    52   164   117   233   113   235 0.91 -
Dbrb13499-RA         -            527 4262at7147           -           1060   2.5e-13   48.5   0.1   1   2    0.0013       0.2    9.1   0.0    29   122   271   363   256   373 0.86 -
Dbrb13499-RA         -            527 4262at7147           -           1060   2.5e-13   48.5   0.1   2   2   3.7e-12   5.7e-10   37.4   0.0    44   164   375   499   370   514 0.87 -
Dbrb09142-RA         -            927 4262at7147           -           1060   4.8e-13   47.6   0.1   1   3   0.00074      0.11    9.9   0.1   193   319   106   231    37   243 0.68 -
Dbrb09142-RA         -            927 4262at7147           -           1060   4.8e-13   47.6   0.1   2   3   0.00011     0.016   12.7   0.0    30   163   226   365   222   379 0.77 -
Dbrb09142-RA         -            927 4262at7147           -           1060   4.8e-13   47.6   0.1   3   3   2.6e-08   3.9e-06   24.7   0.1     9   129   502   623   497   657 0.87 -
Dbrb08326-RA         -            509 4262at7147           -           1060   6.4e-13   47.1   0.0   1   2     0.034       5.1    4.4   0.0   130   166   209   245   194   256 0.82 -
Dbrb08326-RA         -            509 4262at7147           -           1060   6.4e-13   47.1   0.0   2   2   9.3e-12   1.4e-09   36.1   0.0    52   167   265   381   253   508 0.54 -
Dbrb03449-RA         -            819 4262at7147           -           1060   7.7e-13   46.9   3.1   1   4    0.0002      0.03   11.8   0.1    31   149   168   296   161   326 0.70 -
Dbrb03449-RA         -            819 4262at7147           -           1060   7.7e-13   46.9   3.1   2   4     0.011       1.7    6.0   0.2    84   162   436   516   420   528 0.85 -
Dbrb03449-RA         -            819 4262at7147           -           1060   7.7e-13   46.9   3.1   3   4   7.1e-05     0.011   13.3   0.0   204   317   529   642   520   648 0.81 -
Dbrb03449-RA         -            819 4262at7147           -           1060   7.7e-13   46.9   3.1   4   4   3.3e-05    0.0049   14.4   0.0    69   164   635   731   628   735 0.87 -
Dbrb06235-RA         -           1249 4262at7147           -           1060     3e-12   44.9   0.0   1   3   1.1e-08   1.6e-06   25.9   0.0   199   313   983  1100   923  1104 0.79 -
Dbrb06235-RA         -           1249 4262at7147           -           1060     3e-12   44.9   0.0   2   3   0.00046     0.069   10.6   0.0   111   176  1098  1165  1078  1202 0.51 -
Dbrb06235-RA         -           1249 4262at7147           -           1060     3e-12   44.9   0.0   3   3    0.0061      0.93    6.9   0.0    49    82  1213  1246  1196  1249 0.89 -
Dbrb04289-RA         -            346 4262at7147           -           1060   7.3e-12   43.6   1.6   1   2   5.7e-12   8.6e-10   36.8   0.3    88   286    54   267    39   279 0.79 -
Dbrb04289-RA         -            346 4262at7147           -           1060   7.3e-12   43.6   1.6   2   2     0.012       1.8    5.9   0.1   106   162   289   345   279   346 0.89 -
Dbrb16360-RA         -            308 4262at7147           -           1060   1.6e-11   42.6   0.0   1   2   5.4e-07   8.2e-05   20.3   0.0    91   165    15    89     6    95 0.76 -
Dbrb16360-RA         -            308 4262at7147           -           1060   1.6e-11   42.6   0.0   2   2   7.8e-08   1.2e-05   23.1   0.0    33   164    83   212    82   223 0.83 -
Dbrb06074-RA         -            784 4262at7147           -           1060   6.5e-11   40.5   1.5   1   1   7.8e-13   1.2e-10   39.6   0.3    27   166    87   232    76   237 0.87 -
Dbrb07627-RA         -            426 4262at7147           -           1060   2.8e-10   38.4   0.2   1   2     6e-12   9.1e-10   36.7   0.0    60   165   138   247   131   256 0.88 -
Dbrb07627-RA         -            426 4262at7147           -           1060   2.8e-10   38.4   0.2   2   2       1.6   2.4e+02   -1.1   0.0    53    82   393   422   334   425 0.76 -
Dbrb09744-RA         -            540 4262at7147           -           1060   2.9e-10   38.4   1.1   1   2   1.2e-10   1.8e-08   32.5   0.2    23   165   242   379   230   416 0.85 -
Dbrb09744-RA         -            540 4262at7147           -           1060   2.9e-10   38.4   1.1   2   2     0.026         4    4.8   0.0    52    84   449   481   433   498 0.82 -
Dbrb02048-RA         -            460 4262at7147           -           1060   4.7e-10   37.7   1.6   1   2   1.5e-05    0.0023   15.5   0.2   203   293   222   319   145   321 0.71 -
Dbrb02048-RA         -            460 4262at7147           -           1060   4.7e-10   37.7   1.6   2   2   7.9e-08   1.2e-05   23.1   0.1   204   281   317   396   308   402 0.88 -
Dbrb10669-RA         -            478 4262at7147           -           1060   6.9e-10   37.1   0.2   1   2   1.7e-06   0.00026   18.7   0.1     7   163   212   371   206   384 0.85 -
Dbrb10669-RA         -            478 4262at7147           -           1060   6.9e-10   37.1   0.2   2   2     5e-08   7.6e-06   23.7   0.0    45   165   334   458   332   469 0.80 -
Dbrb03653-RA         -            880 4262at7147           -           1060   7.6e-10   37.0   0.1   1   2   7.5e-08   1.1e-05   23.2   0.0    11    81   506   577   496   581 0.77 -
Dbrb03653-RA         -            880 4262at7147           -           1060   7.6e-10   37.0   0.1   2   2   0.00036     0.054   11.0   0.1    55   167   721   792   696   823 0.60 -
Dbrb08569-RA         -            430 4262at7147           -           1060   1.8e-09   35.7   3.6   1   3    0.0021      0.32    8.4   0.2   203   281   177   262   169   269 0.68 -
Dbrb08569-RA         -            430 4262at7147           -           1060   1.8e-09   35.7   3.6   2   3   6.4e-08   9.6e-06   23.4   0.1   200   282   270   353   264   358 0.89 -
Dbrb08569-RA         -            430 4262at7147           -           1060   1.8e-09   35.7   3.6   3   3     0.076        12    3.3   0.0     9    37   378   407   371   415 0.74 -
Dbrb16061-RA         -            312 4262at7147           -           1060   2.6e-09   35.2   0.0   1   2      0.59        89    0.3   0.0   246   285    50    89    42   100 0.69 -
Dbrb16061-RA         -            312 4262at7147           -           1060   2.6e-09   35.2   0.0   2   2    0.0026      0.39    8.1   0.0    54   121   245   312   237   312 0.70 -
Dbrb11465-RA         -            317 4262at7147           -           1060   6.2e-09   34.0   0.1   1   2   6.3e-08   9.5e-06   23.4   0.1    46   165    18   139     3   147 0.87 -
Dbrb11465-RA         -            317 4262at7147           -           1060   6.2e-09   34.0   0.1   2   2    0.0022      0.33    8.4   0.0    58   153   248   302   192   310 0.53 -
Dbrb03128-RA         -            783 4262at7147           -           1060   6.4e-09   33.9   1.9   1   3   8.5e-05     0.013   13.0   0.1   245   293   346   394   337   403 0.90 -
Dbrb03128-RA         -            783 4262at7147           -           1060   6.4e-09   33.9   1.9   2   3     0.026         4    4.8   0.0   222   319   412   519   392   546 0.67 -
Dbrb03128-RA         -            783 4262at7147           -           1060   6.4e-09   33.9   1.9   3   3   3.8e-05    0.0058   14.2   0.0     9    79   589   661   580   668 0.89 -
Dbrb07641-RA         -            456 4262at7147           -           1060   1.1e-08   33.1   0.0   1   1   1.4e-10   2.1e-08   32.2   0.0   203   282   202   283   186   292 0.88 -
Dbrb05467-RA         -            315 4262at7147           -           1060   1.3e-08   32.9   1.5   1   2   4.1e-05    0.0061   14.1   0.1    63   164     7   110     2   110 0.79 -
Dbrb05467-RA         -            315 4262at7147           -           1060   1.3e-08   32.9   1.5   2   2   1.9e-07   2.9e-05   21.8   0.7    93   287    81   294    69   297 0.73 -
Dbrb00748-RA         -            659 4262at7147           -           1060   1.3e-08   32.8   0.1   1   2   1.7e-08   2.5e-06   25.3   0.1   202   319    69   190    59   199 0.80 -
Dbrb00748-RA         -            659 4262at7147           -           1060   1.3e-08   32.8   0.1   2   2     0.017       2.6    5.4   0.0   104   163   556   615   519   623 0.73 -
Dbrb07404-RA         -            419 4262at7147           -           1060   1.4e-08   32.8   7.2   1   4    0.0025      0.38    8.2   0.3    94   163   106   175   101   180 0.77 -
Dbrb07404-RA         -            419 4262at7147           -           1060   1.4e-08   32.8   7.2   2   4   0.00052     0.079   10.4   0.3   201   280   187   279   178   280 0.73 -
Dbrb07404-RA         -            419 4262at7147           -           1060   1.4e-08   32.8   7.2   3   4   0.00091      0.14    9.6   0.1    87   164   245   320   228   325 0.83 -
Dbrb07404-RA         -            419 4262at7147           -           1060   1.4e-08   32.8   7.2   4   4    0.0004     0.061   10.8   0.0    49   124   334   410   324   419 0.51 -
Dbrb08279-RA         -            730 4262at7147           -           1060   1.9e-08   32.3   0.2   1   2   2.6e-08     4e-06   24.7   0.0   188   320    31   173    22   187 0.82 -
Dbrb08279-RA         -            730 4262at7147           -           1060   1.9e-08   32.3   0.2   2   2     0.015       2.3    5.6   0.0   217   279   291   361   282   369 0.82 -
Dbrb06020-RA         -           1144 4262at7147           -           1060   2.4e-08   32.0   1.5   1   2       9.5   1.4e+03   -3.7   0.0   253   282   742   771   728   798 0.69 -
Dbrb06020-RA         -           1144 4262at7147           -           1060   2.4e-08   32.0   1.5   2   2     2e-09   3.1e-07   28.3   1.0   104   303   843  1066   826  1082 0.63 -
Dbrb08967-RA         -            322 4262at7147           -           1060     3e-08   31.7   0.2   1   2   1.6e-06   0.00024   18.8   0.2   218   320    39   141    24   149 0.83 -
Dbrb08967-RA         -            322 4262at7147           -           1060     3e-08   31.7   0.2   2   2   0.00048     0.073   10.5   0.0    55   120   201   266   176   299 0.80 -
Dbrb10216-RA         -            608 4262at7147           -           1060     4e-08   31.3   0.1   1   3   0.00013      0.02   12.4   0.0   117   283    46   227    39   239 0.71 -
Dbrb10216-RA         -            608 4262at7147           -           1060     4e-08   31.3   0.1   2   3    0.0072       1.1    6.7   0.0    49   131   193   277   189   302 0.86 -
Dbrb10216-RA         -            608 4262at7147           -           1060     4e-08   31.3   0.1   3   3   0.00017     0.026   12.0   0.1   209   285   491   567   456   607 0.74 -
Dbrb00976-RA         -            458 4262at7147           -           1060   7.2e-08   30.4   0.0   1   2    0.0016      0.23    8.9   0.0   205   279   231   305   220   307 0.69 -
Dbrb00976-RA         -            458 4262at7147           -           1060   7.2e-08   30.4   0.0   2   2   3.6e-09   5.4e-07   27.5   0.0     5   130   275   404   269   423 0.80 -
Dbrb05085-RA         -            460 4262at7147           -           1060   2.4e-07   28.7   0.0   1   2   7.2e-05     0.011   13.3   0.0    11    80    84   152    80   157 0.88 -
Dbrb05085-RA         -            460 4262at7147           -           1060   2.4e-07   28.7   0.0   2   2   7.4e-05     0.011   13.2   0.0   232   289   251   312   229   318 0.85 -
Dbrb16567-RA         -            992 4262at7147           -           1060   2.9e-07   28.4   2.1   1   3   9.1e-09   1.4e-06   26.2   0.1   206   361   203   371   192   383 0.75 -
Dbrb16567-RA         -            992 4262at7147           -           1060   2.9e-07   28.4   2.1   2   3       1.5   2.2e+02   -1.0   0.0   261   319   541   600   492   605 0.77 -
Dbrb16567-RA         -            992 4262at7147           -           1060   2.9e-07   28.4   2.1   3   3         1   1.5e+02   -0.5   0.1   218   261   678   721   653   747 0.66 -
Dbrb12626-RA         -            408 4262at7147           -           1060   3.3e-07   28.2   1.0   1   4     0.075        11    3.3   0.0   205   234    30    59    14   117 0.68 -
Dbrb12626-RA         -            408 4262at7147           -           1060   3.3e-07   28.2   1.0   2   4      0.31        47    1.2   0.0    89   116   118   145    87   155 0.83 -
Dbrb12626-RA         -            408 4262at7147           -           1060   3.3e-07   28.2   1.0   3   4   5.7e-07   8.6e-05   20.2   0.0   230   325   186   283   170   323 0.79 -
Dbrb12626-RA         -            408 4262at7147           -           1060   3.3e-07   28.2   1.0   4   4       5.5   8.4e+02   -2.9   0.1   266   281   389   404   370   406 0.66 -
Dbrb03356-RA         -            335 4262at7147           -           1060   3.8e-07   28.0   0.7   1   2   1.2e-05    0.0019   15.8   0.2   103   163   136   197    96   211 0.82 -
Dbrb03356-RA         -            335 4262at7147           -           1060   3.8e-07   28.0   0.7   2   2   0.00037     0.056   10.9   0.0    60   145   223   311   206   332 0.76 -
Dbrb04240-RA         -           1104 4262at7147           -           1060     9e-07   26.8   0.4   1   2    0.0098       1.5    6.2   0.1   201   289   782   875   766   906 0.74 -
Dbrb04240-RA         -           1104 4262at7147           -           1060     9e-07   26.8   0.4   2   2     1e-05    0.0015   16.1   0.0    34   121   986  1077   977  1087 0.75 -
Dbrb01354-RA         -            197 4262at7147           -           1060   9.1e-07   26.8   1.0   1   1   8.6e-08   1.3e-05   23.0   1.0   106   271    10   187     1   194 0.51 -
Dbrb01299-RA         -            745 4262at7147           -           1060   9.8e-07   26.7   0.1   1   1   1.1e-08   1.7e-06   25.9   0.1    32   173   229   367   208   406 0.74 -
Dbrb05644-RA         -            666 4262at7147           -           1060   2.6e-06   25.3   0.0   1   2   3.7e-08   5.6e-06   24.2   0.0    52   175    53   177    48   184 0.85 -
Dbrb05644-RA         -            666 4262at7147           -           1060   2.6e-06   25.3   0.0   2   2       5.3     8e+02   -2.8   0.0   133   226   633   654   627   663 0.54 -
Dbrb02806-RA         -            897 4262at7147           -           1060   3.2e-06   25.0   0.1   1   2      0.79   1.2e+02   -0.1   0.0    14    39   241   266   230   273 0.87 -
Dbrb02806-RA         -            897 4262at7147           -           1060   3.2e-06   25.0   0.1   2   2   1.3e-07   1.9e-05   22.4   0.0   114   240   627   758   620   805 0.78 -
Dbrb08118-RA         -            356 4262at7147           -           1060   6.6e-06   23.9   2.5   1   2    0.0024      0.37    8.2   0.1   198   276    47   130     1   146 0.56 -
Dbrb08118-RA         -            356 4262at7147           -           1060   6.6e-06   23.9   2.5   2   2   1.2e-05    0.0018   15.8   0.6    66   163   183   289   171   347 0.79 -
Dbrb04678-RA         -           1003 4262at7147           -           1060   7.9e-06   23.7   0.9   1   1   1.2e-06   0.00019   19.1   0.5   132   288    96   238    91   245 0.62 -
Dbrb04729-RA         -           3453 4262at7147           -           1060   9.4e-06   23.4   0.4   1   4       8.1   1.2e+03   -3.4   0.1   204   226   799   821   792   825 0.84 -
Dbrb04729-RA         -           3453 4262at7147           -           1060   9.4e-06   23.4   0.4   2   4   4.4e-05    0.0067   14.0   0.0     8   165  3181  3350  3175  3361 0.85 -
Dbrb04729-RA         -           3453 4262at7147           -           1060   9.4e-06   23.4   0.4   3   4   5.9e-05    0.0089   13.6   0.1    14    88  3325  3399  3316  3415 0.88 -
Dbrb04729-RA         -           3453 4262at7147           -           1060   9.4e-06   23.4   0.4   4   4    0.0059      0.89    6.9   0.0   248   297  3359  3410  3353  3453 0.69 -
Dbrb13376-RA         -            326 4262at7147           -           1060   1.7e-05   22.5   0.4   1   3     0.001      0.15    9.5   0.0    88   165     5    82     3   100 0.89 -
Dbrb13376-RA         -            326 4262at7147           -           1060   1.7e-05   22.5   0.4   2   3     0.032       4.9    4.5   0.0   222   290   162   229   148   251 0.64 -
Dbrb13376-RA         -            326 4262at7147           -           1060   1.7e-05   22.5   0.4   3   3     0.022       3.4    5.0   0.0    46    79   282   315   261   321 0.81 -
Dbrb01928-RA         -           1415 4262at7147           -           1060   1.9e-05   22.4   1.5   1   2     0.014       2.2    5.7   0.0   216   280    30   102    20   118 0.79 -
Dbrb01928-RA         -           1415 4262at7147           -           1060   1.9e-05   22.4   1.5   2   2   1.6e-05    0.0024   15.5   0.4   201   289   129   215   112   220 0.87 -
Dbrb16344-RA         -            726 4262at7147           -           1060   1.9e-05   22.4   0.1   1   2      0.01       1.5    6.2   0.0    43   145    44   105    34   125 0.52 -
Dbrb16344-RA         -            726 4262at7147           -           1060   1.9e-05   22.4   0.1   2   2   4.8e-05    0.0072   13.9   0.0    65   196   499   639   475   645 0.65 -
Dbrb02517-RA         -            531 4262at7147           -           1060   2.5e-05   22.0   0.0   1   1   2.2e-07   3.4e-05   21.6   0.0    49   163    79   202    69   214 0.85 -
Dbrb01955-RA         -            797 4262at7147           -           1060     3e-05   21.8   4.3   1   5   0.00014     0.021   12.3   0.0   201   289    51   141    21   148 0.78 -
Dbrb01955-RA         -            797 4262at7147           -           1060     3e-05   21.8   4.3   2   5      0.01       1.6    6.1   0.3   126   242   195   323   154   370 0.65 -
Dbrb01955-RA         -            797 4262at7147           -           1060     3e-05   21.8   4.3   3   5         3   4.6e+02   -2.0   0.0    88   120   378   410   356   417 0.77 -
Dbrb01955-RA         -            797 4262at7147           -           1060     3e-05   21.8   4.3   4   5      0.98   1.5e+02   -0.4   0.0   224   274   577   625   573   634 0.69 -
Dbrb01955-RA         -            797 4262at7147           -           1060     3e-05   21.8   4.3   5   5       1.3     2e+02   -0.8   0.0   123   280   750   794   727   796 0.50 -
Dbrb02454-RA         -            513 4262at7147           -           1060   3.9e-05   21.4   0.5   1   2   1.9e-06   0.00029   18.5   0.1   191   286   248   353   216   369 0.70 -
Dbrb02454-RA         -            513 4262at7147           -           1060   3.9e-05   21.4   0.5   2   2       0.5        75    0.6   0.0    33    82   430   479   415   491 0.56 -
Dbrb04514-RA         -            381 4262at7147           -           1060   4.2e-05   21.3   0.0   1   1   3.8e-07   5.8e-05   20.8   0.0    88   164   145   223   123   239 0.85 -
Dbrb10478-RA         -            839 4262at7147           -           1060   4.8e-05   21.1   0.2   1   3     6e-05    0.0091   13.5   0.2    46   164   495   618   487   631 0.71 -
Dbrb10478-RA         -            839 4262at7147           -           1060   4.8e-05   21.1   0.2   2   3      0.18        27    2.0   0.0    23    50   644   672   628   700 0.72 -
Dbrb10478-RA         -            839 4262at7147           -           1060   4.8e-05   21.1   0.2   3   3      0.35        53    1.1   0.0   151   232   736   830   701   837 0.41 -
Dbrb08773-RA         -            682 4262at7147           -           1060   6.4e-05   20.7   0.1   1   2   8.9e-07   0.00014   19.6   0.1    48   153    92   200    53   231 0.66 -
Dbrb08773-RA         -            682 4262at7147           -           1060   6.4e-05   20.7   0.1   2   2       6.9     1e+03   -3.2   0.0   133   153   649   669   643   678 0.62 -
Dbrb04107-RA         -            488 4262at7147           -           1060   6.4e-05   20.7   0.8   1   2   4.4e-06   0.00066   17.3   0.2   100   279    31   225    20   234 0.59 -
Dbrb04107-RA         -            488 4262at7147           -           1060   6.4e-05   20.7   0.8   2   2      0.78   1.2e+02   -0.1   0.0    15    37   300   321   290   342 0.82 -
Dbrb13482-RA         -            977 4262at7147           -           1060   0.00011   19.9   0.3   1   2   4.1e-06   0.00062   17.4   0.1    49   171   125   252   109   329 0.71 -
Dbrb13482-RA         -            977 4262at7147           -           1060   0.00011   19.9   0.3   2   2      0.37        56    1.0   0.0   119   178   290   355   254   365 0.76 -
Dbrb05093-RA         -           1268 4262at7147           -           1060   0.00011   19.8   0.0   1   2     0.035       5.3    4.4   0.0   203   288    75   166    66   199 0.65 -
Dbrb05093-RA         -           1268 4262at7147           -           1060   0.00011   19.8   0.0   2   2   9.5e-05     0.014   12.9   0.0    89   159   933  1004   890  1016 0.68 -
Dbrb00239-RA         -            386 4262at7147           -           1060   0.00013   19.7   0.1   1   2     0.006       0.9    6.9   0.1   252   289   155   192   146   228 0.67 -
Dbrb00239-RA         -            386 4262at7147           -           1060   0.00013   19.7   0.1   2   2    0.0012      0.18    9.3   0.0    10    79   236   305   224   314 0.82 -
Dbrb02573-RA         -            791 4262at7147           -           1060   0.00013   19.7   0.0   1   2   0.00043     0.065   10.7   0.0   108   246   116   264    98   293 0.69 -
Dbrb02573-RA         -            791 4262at7147           -           1060   0.00013   19.7   0.0   2   2    0.0036      0.54    7.7   0.0    88   165   320   398   219   412 0.61 -
Dbrb01645-RA         -            356 4262at7147           -           1060   0.00018   19.2   0.6   1   2    0.0028      0.43    8.0   0.9    90   171     9    96     6   107 0.69 -
Dbrb01645-RA         -            356 4262at7147           -           1060   0.00018   19.2   0.6   2   2    0.0017      0.25    8.7   0.0    46    84   268   306   260   317 0.71 -
Dbrb13471-RA         -           1234 4262at7147           -           1060   0.00035   18.2   0.4   1   3   0.00065     0.098   10.1   0.0   219   289   389   458   378   464 0.66 -
Dbrb13471-RA         -           1234 4262at7147           -           1060   0.00035   18.2   0.4   2   3     0.049       7.4    3.9   0.2    46   165   505   634   489   640 0.68 -
Dbrb13471-RA         -           1234 4262at7147           -           1060   0.00035   18.2   0.4   3   3      0.77   1.2e+02   -0.1   0.0   243   282   869   908   856   913 0.83 -
Dbrb07338-RA         -            782 4262at7147           -           1060   0.00042   18.0   0.1   1   2   2.8e-05    0.0042   14.6   0.0    46   109   198   260   181   297 0.82 -
Dbrb07338-RA         -            782 4262at7147           -           1060   0.00042   18.0   0.1   2   2      0.86   1.3e+02   -0.2   0.1   632   686   625   679   621   691 0.88 -
Dbrb04859-RA         -            659 4262at7147           -           1060    0.0005   17.7   0.0   1   2       3.7   5.6e+02   -2.3   0.0    23    41   377   395   358   424 0.81 -
Dbrb04859-RA         -            659 4262at7147           -           1060    0.0005   17.7   0.0   2   2   8.2e-06    0.0012   16.4   0.0    45   126   500   588   494   597 0.86 -
Dbrb01246-RA         -           1618 4262at7147           -           1060    0.0011   16.6   0.1   1   2       0.3        45    1.3   0.1   214   293   493   574   456   598 0.49 -
Dbrb01246-RA         -           1618 4262at7147           -           1060    0.0011   16.6   0.1   2   2   6.3e-05    0.0096   13.5   0.0    15    83   582   656   572   715 0.75 -
Dbrb10660-RA         -            533 4262at7147           -           1060    0.0017   16.0   0.0   1   1   1.8e-05    0.0027   15.3   0.0    49   164    43   158    32   180 0.82 -
Dbrb01251-RA         -            534 4262at7147           -           1060    0.0024   15.4   0.0   1   1   2.4e-05    0.0036   14.9   0.0    48   167   112   231   100   265 0.77 -
Dbrb07699-RA         -           2373 4262at7147           -           1060    0.0071   13.9   0.5   1   2      0.05       7.6    3.9   0.0   147   286   398   545   373   584 0.70 -
Dbrb07699-RA         -           2373 4262at7147           -           1060    0.0071   13.9   0.5   2   2    0.0055      0.83    7.0   0.0   109   164   659   714   618   726 0.78 -
Dbrb01356-RA         -            403 4262at7147           -           1060    0.0073   13.9   0.0   1   1   6.6e-05    0.0099   13.4   0.0   202   281   319   398   294   402 0.86 -
Dbrb05733-RA         -           1387 4262at7147           -           1060    0.0084   13.6   0.6   1   4       1.6   2.4e+02   -1.1   0.1   952  1002   407   463   391   475 0.73 -
Dbrb05733-RA         -           1387 4262at7147           -           1060    0.0084   13.6   0.6   2   4       4.1   6.2e+02   -2.5   0.0   903   951   535   581   532   593 0.74 -
Dbrb05733-RA         -           1387 4262at7147           -           1060    0.0084   13.6   0.6   3   4     0.024       3.6    4.9   0.0   126   168  1003  1046   994  1063 0.78 -
Dbrb05733-RA         -           1387 4262at7147           -           1060    0.0084   13.6   0.6   4   4     0.032       4.9    4.5   0.0    29   170  1133  1292  1123  1309 0.59 -
Dbrb15402-RA         -            301 4262at7147           -           1060    0.0085   13.6   0.0   1   1   6.9e-05      0.01   13.3   0.0    49   165   154   271   117   275 0.81 -
Dbrb07756-RA         -            668 4262at7147           -           1060    0.0088   13.6   1.2   1   2      0.29        44    1.4   0.3    91   152   128   193   116   198 0.77 -
Dbrb07756-RA         -            668 4262at7147           -           1060    0.0088   13.6   1.2   2   2   0.00043     0.065   10.7   0.0    34    83   599   648   589   657 0.82 -
Dbrb02695-RA         -            748 4262at7147           -           1060     0.014   12.9   0.1   1   1   0.00016     0.025   12.1   0.1    41   152   574   688   554   695 0.85 -
Dbrb07196-RA         -           1979 4262at7147           -           1060     0.018   12.6   0.0   1   2    0.0013       0.2    9.1   0.0    44   166  1677  1806  1671  1813 0.75 -
Dbrb07196-RA         -           1979 4262at7147           -           1060     0.018   12.6   0.0   2   2      0.37        55    1.0   0.0    10    48  1823  1861  1818  1901 0.80 -
Dbrb11100-RA         -           3504 4262at7147           -           1060     0.031   11.8   0.4   1   2   0.00049     0.074   10.5   0.1   217   289  3055  3129  3042  3143 0.77 -
Dbrb11100-RA         -           3504 4262at7147           -           1060     0.031   11.8   0.4   2   2         3   4.5e+02   -2.0   0.0   228   283  3153  3216  3123  3220 0.68 -
Dbrb00457-RA         -            349 4262at7147           -           1060     0.048   11.1   0.1   1   2    0.0029      0.43    8.0   0.0   226   333    90   194    77   258 0.74 -
Dbrb00457-RA         -            349 4262at7147           -           1060     0.048   11.1   0.1   2   2      0.71   1.1e+02    0.1   0.0    12    61   258   307   248   332 0.63 -
Dbrb06709-RA         -            779 4262at7147           -           1060     0.051   11.1   0.0   1   1   0.00059     0.089   10.3   0.0    15   173   437   596   432   631 0.78 -
Dbrb07766-RA         -            444 4262at7147           -           1060     0.069   10.6   0.0   1   1   0.00068       0.1   10.1   0.0   109   166   201   258   180   281 0.70 -
Dbrb10482-RA         -            884 4262at7147           -           1060     0.081   10.4   0.0   1   2         1   1.6e+02   -0.5   0.0   117   153   380   416   310   524 0.62 -
Dbrb10482-RA         -            884 4262at7147           -           1060     0.081   10.4   0.0   2   2    0.0027       0.4    8.1   0.0   197   329   567   695   533   721 0.80 -
Dbrb00302-RA         -           1282 4262at7147           -           1060      0.11   10.0   0.0   1   2      0.33        50    1.1   0.0   357   425   943  1011   936  1023 0.85 -
Dbrb00302-RA         -           1282 4262at7147           -           1060      0.11   10.0   0.0   2   2     0.016       2.5    5.5   0.0   220   316  1093  1187  1029  1195 0.74 -
Dbrb08546-RA         -            720 4262at7147           -           1060      0.11    9.9   0.0   1   1    0.0022      0.33    8.4   0.0    97   167   528   598   454   605 0.75 -
Dbrb07946-RA         -            475 4262at7147           -           1060      0.13    9.7   0.0   1   1    0.0012      0.18    9.2   0.0    50   165    71   187    34   192 0.81 -
#
# Program:         hmmsearch
# Version:         3.1b2 (February 2015)
# Pipeline mode:   SEARCH
# Query file:      /home/nmoreyra/Documents/Genomics/03_orthologs_search/00_Phylogenomics_BUSCO-groups/busco4_odb10/busco_downloads/lineages/diptera_odb10/hmms/4262at7147.hmm
# Target file:     /home/nmoreyra/Documents/Genomics/03_orthologs_search/00_Phylogenomics_BUSCO-groups/busco4_odb10/../00_proteins/Dbrb_proteins.fasta
# Option settings: /home/nmoreyra/Software/miniconda3/envs/busco4/bin/hmmsearch --domtblout /home/nmoreyra/Documents/Genomics/03_orthologs_search/00_Phylogenomics_BUSCO-groups/busco4_odb10/Dbrb_diptera/run_diptera_odb10/hmmer_output/initial_run_results/4262at7147.out --cpu 1 /home/nmoreyra/Documents/Genomics/03_orthologs_search/00_Phylogenomics_BUSCO-groups/busco4_odb10/busco_downloads/lineages/diptera_odb10/hmms/4262at7147.hmm /home/nmoreyra/Documents/Genomics/03_orthologs_search/00_Phylogenomics_BUSCO-groups/busco4_odb10/../00_proteins/Dbrb_proteins.fasta 
# Current dir:     /home/nmoreyra/Documents/Genomics/03_orthologs_search/00_Phylogenomics_BUSCO-groups/busco4_odb10
# Date:            Mon Jan 25 13:10:28 2021
# [ok]
