#                                                                            --- full sequence --- -------------- this domain -------------   hmm coord   ali coord   env coord
# target name        accession   tlen query name           accession   qlen   E-value  score  bias   #  of  c-Evalue  i-Evalue  score  bias  from    to  from    to  from    to  acc description of target
#------------------- ---------- ----- -------------------- ---------- ----- --------- ------ ----- --- --- --------- --------- ------ ----- ----- ----- ----- ----- ----- ----- ---- ---------------------
Dbrb03972-RA         -            491 42884at7147          -            305  1.1e-148  494.6  28.3   1   3  3.1e-114    1e-110  370.0  15.3    10   221    96   314    88   320 0.96 -
Dbrb03972-RA         -            491 42884at7147          -            305  1.1e-148  494.6  28.3   2   3   2.6e-40   8.8e-37  127.2   2.8   218   293   331   406   327   412 0.97 -
Dbrb03972-RA         -            491 42884at7147          -            305  1.1e-148  494.6  28.3   3   3    0.0079        27    4.1   0.0   289   305   472   488   468   488 0.91 -
Dbrb09753-RA         -            491 42884at7147          -            305     4e-06   26.5  10.8   1   1   5.6e-09   1.9e-05   24.3  10.8    76   280   245   463   185   474 0.77 -
Dbrb10708-RA         -            439 42884at7147          -            305   2.6e-05   23.9  19.2   1   1   1.3e-08   4.3e-05   23.1  19.2    15   287    13   299     5   307 0.77 -
Dbrb09445-RA         -            340 42884at7147          -            305     0.011   15.2   0.2   1   3   3.2e-06     0.011   15.2   0.2    91   157    97   163    70   190 0.82 -
Dbrb09445-RA         -            340 42884at7147          -            305     0.011   15.2   0.2   2   3     0.074   2.5e+02    0.9   0.1   159   189   212   242   203   248 0.85 -
Dbrb09445-RA         -            340 42884at7147          -            305     0.011   15.2   0.2   3   3     0.086   2.9e+02    0.7   1.2   230   289   253   312   229   320 0.83 -
Dbrb03306-RA         -            386 42884at7147          -            305       0.2   11.1  15.8   1   1   0.00017      0.58    9.5  15.8     4   280    63   355    60   370 0.69 -
#
# Program:         hmmsearch
# Version:         3.1b2 (February 2015)
# Pipeline mode:   SEARCH
# Query file:      /home/nmoreyra/Documents/Genomics/03_orthologs_search/00_Phylogenomics_BUSCO-groups/busco4_odb10/busco_downloads/lineages/diptera_odb10/hmms/42884at7147.hmm
# Target file:     /home/nmoreyra/Documents/Genomics/03_orthologs_search/00_Phylogenomics_BUSCO-groups/busco4_odb10/../00_proteins/Dbrb_proteins.fasta
# Option settings: /home/nmoreyra/Software/miniconda3/envs/busco4/bin/hmmsearch --domtblout /home/nmoreyra/Documents/Genomics/03_orthologs_search/00_Phylogenomics_BUSCO-groups/busco4_odb10/Dbrb_diptera/run_diptera_odb10/hmmer_output/initial_run_results/42884at7147.out --cpu 1 /home/nmoreyra/Documents/Genomics/03_orthologs_search/00_Phylogenomics_BUSCO-groups/busco4_odb10/busco_downloads/lineages/diptera_odb10/hmms/42884at7147.hmm /home/nmoreyra/Documents/Genomics/03_orthologs_search/00_Phylogenomics_BUSCO-groups/busco4_odb10/../00_proteins/Dbrb_proteins.fasta 
# Current dir:     /home/nmoreyra/Documents/Genomics/03_orthologs_search/00_Phylogenomics_BUSCO-groups/busco4_odb10
# Date:            Mon Jan 25 13:10:52 2021
# [ok]
