#                                                                            --- full sequence --- -------------- this domain -------------   hmm coord   ali coord   env coord
# target name        accession   tlen query name           accession   qlen   E-value  score  bias   #  of  c-Evalue  i-Evalue  score  bias  from    to  from    to  from    to  acc description of target
#------------------- ---------- ----- -------------------- ---------- ----- --------- ------ ----- --- --- --------- --------- ------ ----- ----- ----- ----- ----- ----- ----- ---- ---------------------
Dbrb08839-RA         -            703 51332at7147          -            299  4.3e-157  521.7   3.0   1   1  5.2e-160  1.1e-156  520.4   3.0     1   299     3   350     3   350 0.92 -
Dbrb05715-RA         -            333 51332at7147          -            299  4.3e-110  367.4   1.3   1   2   1.2e-78   2.5e-75  253.3   0.2     1   198     3   228     3   231 0.87 -
Dbrb05715-RA         -            333 51332at7147          -            299  4.3e-110  367.4   1.3   2   2   6.2e-36   1.3e-32  113.0   0.1   228   299   241   321   237   321 0.91 -
Dbrb11554-RA         -            314 51332at7147          -            299   3.4e-53  180.6   0.1   1   1   3.2e-56   6.9e-53  179.6   0.1    39   296     1   300     1   303 0.84 -
Dbrb14526-RA         -            330 51332at7147          -            299   3.9e-48  164.0   0.0   1   1   6.4e-51   1.4e-47  162.2   0.0    31   297     3   310     1   312 0.82 -
Dbrb17595-RA         -            830 51332at7147          -            299   1.2e-44  152.5   0.0   1   1     1e-47   2.1e-44  151.7   0.0    10   276   427   723   420   734 0.86 -
Dbrb08939-RA         -            286 51332at7147          -            299   5.4e-10   38.7   0.0   1   1   4.3e-13   9.1e-10   38.0   0.0   177   298   147   274   132   275 0.84 -
Dbrb16094-RA         -            352 51332at7147          -            299   1.1e-09   37.8   0.3   1   1   7.2e-13   1.5e-09   37.3   0.3   161   298   189   334   177   335 0.81 -
Dbrb01421-RA         -            647 51332at7147          -            299   9.4e-09   34.7   0.1   1   2       2.8   5.8e+03   -4.0   0.5    99   152    59   113    44   118 0.55 -
Dbrb01421-RA         -            647 51332at7147          -            299   9.4e-09   34.7   0.1   2   2   4.4e-12   9.4e-09   34.7   0.1   153   296   474   630   375   633 0.66 -
#
# Program:         hmmsearch
# Version:         3.1b2 (February 2015)
# Pipeline mode:   SEARCH
# Query file:      /home/nmoreyra/Documents/Genomics/03_orthologs_search/00_Phylogenomics_BUSCO-groups/busco4_odb10/busco_downloads/lineages/diptera_odb10/hmms/51332at7147.hmm
# Target file:     /home/nmoreyra/Documents/Genomics/03_orthologs_search/00_Phylogenomics_BUSCO-groups/busco4_odb10/../00_proteins/Dbrb_proteins.fasta
# Option settings: /home/nmoreyra/Software/miniconda3/envs/busco4/bin/hmmsearch --domtblout /home/nmoreyra/Documents/Genomics/03_orthologs_search/00_Phylogenomics_BUSCO-groups/busco4_odb10/Dbrb_diptera/run_diptera_odb10/hmmer_output/initial_run_results/51332at7147.out --cpu 1 /home/nmoreyra/Documents/Genomics/03_orthologs_search/00_Phylogenomics_BUSCO-groups/busco4_odb10/busco_downloads/lineages/diptera_odb10/hmms/51332at7147.hmm /home/nmoreyra/Documents/Genomics/03_orthologs_search/00_Phylogenomics_BUSCO-groups/busco4_odb10/../00_proteins/Dbrb_proteins.fasta 
# Current dir:     /home/nmoreyra/Documents/Genomics/03_orthologs_search/00_Phylogenomics_BUSCO-groups/busco4_odb10
# Date:            Mon Jan 25 13:10:49 2021
# [ok]
