#                                                                            --- full sequence --- -------------- this domain -------------   hmm coord   ali coord   env coord
# target name        accession   tlen query name           accession   qlen   E-value  score  bias   #  of  c-Evalue  i-Evalue  score  bias  from    to  from    to  from    to  acc description of target
#------------------- ---------- ----- -------------------- ---------- ----- --------- ------ ----- --- --- --------- --------- ------ ----- ----- ----- ----- ----- ----- ----- ---- ---------------------
Dbrb02297-RA         -            533 52885at7147          -            399  2.9e-189  629.3  28.8   1   1  2.3e-188  5.3e-186  618.5  28.8     1   399     1   533     1   533 0.89 -
Dbrb05749-RA         -           2151 52885at7147          -            399   3.5e-58  197.6  16.4   1   8       8.3   1.9e+03   -2.4   0.9   144   167    27    50    20    85 0.66 -
Dbrb05749-RA         -           2151 52885at7147          -            399   3.5e-58  197.6  16.4   2   8    0.0076       1.8    7.6   0.0    62    88  1299  1325  1280  1329 0.90 -
Dbrb05749-RA         -           2151 52885at7147          -            399   3.5e-58  197.6  16.4   3   8   8.7e-05      0.02   14.0   0.0    23    74  1338  1390  1333  1390 0.91 -
Dbrb05749-RA         -           2151 52885at7147          -            399   3.5e-58  197.6  16.4   4   8   4.2e-13   9.7e-11   41.4   0.1    29   108  1378  1457  1373  1462 0.95 -
Dbrb05749-RA         -           2151 52885at7147          -            399   3.5e-58  197.6  16.4   5   8   8.6e-12     2e-09   37.1   0.0    25   107  1476  1558  1461  1575 0.85 -
Dbrb05749-RA         -           2151 52885at7147          -            399   3.5e-58  197.6  16.4   6   8   4.5e-12     1e-09   38.0   0.2    25   118  1575  1669  1558  1669 0.86 -
Dbrb05749-RA         -           2151 52885at7147          -            399   3.5e-58  197.6  16.4   7   8   9.9e-10   2.3e-07   30.3   0.1    25    98  1675  1749  1673  1751 0.93 -
Dbrb05749-RA         -           2151 52885at7147          -            399   3.5e-58  197.6  16.4   8   8   6.4e-13   1.5e-10   40.8   0.0    24   127  1741  1843  1739  1855 0.92 -
Dbrb06872-RA         -           1759 52885at7147          -            399   5.4e-58  197.0  40.0   1  13     0.032       7.4    5.6   0.1    66   118   132   184   127   189 0.89 -
Dbrb06872-RA         -           1759 52885at7147          -            399   5.4e-58  197.0  40.0   2  13     2e-08   4.7e-06   26.0   0.5    15   127   219   334   206   339 0.80 -
Dbrb06872-RA         -           1759 52885at7147          -            399   5.4e-58  197.0  40.0   3  13    0.0002     0.047   12.8   0.1    23    92   329   399   326   401 0.83 -
Dbrb06872-RA         -           1759 52885at7147          -            399   5.4e-58  197.0  40.0   4  13    0.0022      0.51    9.4   0.0    31    93   404   466   399   470 0.93 -
Dbrb06872-RA         -           1759 52885at7147          -            399   5.4e-58  197.0  40.0   5  13   5.8e-07   0.00014   21.2   0.0    26    86   500   560   473   565 0.87 -
Dbrb06872-RA         -           1759 52885at7147          -            399   5.4e-58  197.0  40.0   6  13     5e-10   1.2e-07   31.3   0.4    22   118   654   750   626   750 0.86 -
Dbrb06872-RA         -           1759 52885at7147          -            399   5.4e-58  197.0  40.0   7  13    0.0044         1    8.4   0.1    64    87   729   752   724   763 0.89 -
Dbrb06872-RA         -           1759 52885at7147          -            399   5.4e-58  197.0  40.0   8  13   4.8e-07   0.00011   21.5   0.1    67   154   766   854   759   857 0.88 -
Dbrb06872-RA         -           1759 52885at7147          -            399   5.4e-58  197.0  40.0   9  13   2.4e-06   0.00056   19.2   0.9     7    85   837   920   833   922 0.82 -
Dbrb06872-RA         -           1759 52885at7147          -            399   5.4e-58  197.0  40.0  10  13     0.022       5.2    6.1   0.0    14    53   916   954   914   970 0.90 -
Dbrb06872-RA         -           1759 52885at7147          -            399   5.4e-58  197.0  40.0  11  13   7.5e-06    0.0017   17.6   0.0    31    87   978  1036   974  1043 0.83 -
Dbrb06872-RA         -           1759 52885at7147          -            399   5.4e-58  197.0  40.0  12  13     2e-08   4.7e-06   26.0   0.1    31    96  1013  1079  1007  1079 0.92 -
Dbrb06872-RA         -           1759 52885at7147          -            399   5.4e-58  197.0  40.0  13  13     2e-12   4.7e-10   39.2   0.1    24   111  1073  1163  1070  1235 0.78 -
Dbrb15582-RA         -           1627 52885at7147          -            399   1.4e-56  192.4  19.6   1   9   2.9e-08   6.8e-06   25.5   0.1     6    92    18   108    14   112 0.86 -
Dbrb15582-RA         -           1627 52885at7147          -            399   1.4e-56  192.4  19.6   2   9   9.5e-07   0.00022   20.5   0.0    24    87   106   169   104   183 0.94 -
Dbrb15582-RA         -           1627 52885at7147          -            399   1.4e-56  192.4  19.6   3   9     0.037       8.6    5.4   0.0    37    92   181   236   169   241 0.83 -
Dbrb15582-RA         -           1627 52885at7147          -            399   1.4e-56  192.4  19.6   4   9   1.1e-07   2.5e-05   23.6   0.1    25   118   235   328   232   338 0.93 -
Dbrb15582-RA         -           1627 52885at7147          -            399   1.4e-56  192.4  19.6   5   9   3.1e-10   7.2e-08   32.0   0.1    31   118   340   427   332   433 0.92 -
Dbrb15582-RA         -           1627 52885at7147          -            399   1.4e-56  192.4  19.6   6   9     7e-06    0.0016   17.6   0.0    31   109   406   484   402   494 0.88 -
Dbrb15582-RA         -           1627 52885at7147          -            399   1.4e-56  192.4  19.6   7   9   2.1e-08   4.8e-06   26.0   0.1     6    92   478   566   474   569 0.89 -
Dbrb15582-RA         -           1627 52885at7147          -            399   1.4e-56  192.4  19.6   8   9   8.6e-06     0.002   17.3   0.0    26    94   566   634   564   636 0.95 -
Dbrb15582-RA         -           1627 52885at7147          -            399   1.4e-56  192.4  19.6   9   9   3.5e-13   8.2e-11   41.7   0.2    24   140   630   746   628   755 0.93 -
Dbrb06620-RA         -           1195 52885at7147          -            399   6.4e-47  160.6  15.7   1   9   2.8e-06   0.00064   19.0   0.0     7    89    26   111    22   112 0.89 -
Dbrb06620-RA         -           1195 52885at7147          -            399   6.4e-47  160.6  15.7   2   9   2.7e-08   6.4e-06   25.6   0.0    28   106    83   161    81   167 0.92 -
Dbrb06620-RA         -           1195 52885at7147          -            399   6.4e-47  160.6  15.7   3   9   4.4e-10     1e-07   31.5   0.1    11   107   220   315   175   330 0.86 -
Dbrb06620-RA         -           1195 52885at7147          -            399   6.4e-47  160.6  15.7   4   9   3.9e-05     0.009   15.2   0.3    11   106   383   475   375   485 0.83 -
Dbrb06620-RA         -           1195 52885at7147          -            399   6.4e-47  160.6  15.7   5   9   1.4e-08   3.3e-06   26.5   0.0     5    97   492   589   488   592 0.87 -
Dbrb06620-RA         -           1195 52885at7147          -            399   6.4e-47  160.6  15.7   6   9    0.0013       0.3   10.2   0.0    26    69   584   627   583   643 0.84 -
Dbrb06620-RA         -           1195 52885at7147          -            399   6.4e-47  160.6  15.7   7   9      0.49   1.1e+02    1.7   0.0    40    91   651   703   644   704 0.63 -
Dbrb06620-RA         -           1195 52885at7147          -            399   6.4e-47  160.6  15.7   8   9     7e-11   1.6e-08   34.1   0.1    24   111   702   789   698   804 0.91 -
Dbrb06620-RA         -           1195 52885at7147          -            399   6.4e-47  160.6  15.7   9   9   4.4e-05      0.01   15.0   0.0   315   376   893   956   873   971 0.78 -
Dbrb09760-RA         -           4080 52885at7147          -            399   8.1e-47  160.2  55.9   1  11   5.8e-10   1.3e-07   31.1   0.4    14    92   638   716   629   720 0.94 -
Dbrb09760-RA         -           4080 52885at7147          -            399   8.1e-47  160.2  55.9   2  11   5.8e-09   1.4e-06   27.8   0.2    29   118   719   809   716   818 0.87 -
Dbrb09760-RA         -           4080 52885at7147          -            399   8.1e-47  160.2  55.9   3  11   0.00029     0.066   12.3   0.0    26    92   783   849   780   853 0.88 -
Dbrb09760-RA         -           4080 52885at7147          -            399   8.1e-47  160.2  55.9   4  11   7.3e-06    0.0017   17.6   0.0    31    92   854   916   850   919 0.91 -
Dbrb09760-RA         -           4080 52885at7147          -            399   8.1e-47  160.2  55.9   5  11   1.5e-05    0.0035   16.6   0.0    34    92   921   979   917   982 0.95 -
Dbrb09760-RA         -           4080 52885at7147          -            399   8.1e-47  160.2  55.9   6  11   5.2e-05     0.012   14.8   0.0    30    88   983  1042   977  1056 0.85 -
Dbrb09760-RA         -           4080 52885at7147          -            399   8.1e-47  160.2  55.9   7  11   1.2e-05    0.0029   16.8   0.0    34    92  2379  2437  2358  2442 0.71 -
Dbrb09760-RA         -           4080 52885at7147          -            399   8.1e-47  160.2  55.9   8  11   0.00067      0.16   11.1   0.0    31    93  2443  2505  2431  2508 0.88 -
Dbrb09760-RA         -           4080 52885at7147          -            399   8.1e-47  160.2  55.9   9  11   1.5e-06   0.00036   19.8   0.0    31    90  2511  2571  2502  2574 0.84 -
Dbrb09760-RA         -           4080 52885at7147          -            399   8.1e-47  160.2  55.9  10  11   1.1e-05    0.0025   17.0   0.0    23    91  2570  2640  2568  2645 0.88 -
Dbrb09760-RA         -           4080 52885at7147          -            399   8.1e-47  160.2  55.9  11  11   0.00031     0.072   12.2   4.5    27   119  2642  2731  2639  2801 0.59 -
Dbrb03622-RA         -          11330 52885at7147          -            399   3.6e-44  151.5  34.9   1   9     1e-08   2.4e-06   26.9   0.2     5    89   185   271   182   277 0.87 -
Dbrb03622-RA         -          11330 52885at7147          -            399   3.6e-44  151.5  34.9   2   9    0.0004     0.094   11.8   0.0    25    86   273   334   269   339 0.94 -
Dbrb03622-RA         -          11330 52885at7147          -            399   3.6e-44  151.5  34.9   3   9    0.0047       1.1    8.3   0.0    36    92   346   402   334   408 0.88 -
Dbrb03622-RA         -          11330 52885at7147          -            399   3.6e-44  151.5  34.9   4   9     1e-07   2.3e-05   23.7   0.0    25   107   401   483   399   499 0.88 -
Dbrb03622-RA         -          11330 52885at7147          -            399   3.6e-44  151.5  34.9   5   9   4.2e-08   9.6e-06   25.0   0.2    31   118   506   593   497   603 0.93 -
Dbrb03622-RA         -          11330 52885at7147          -            399   3.6e-44  151.5  34.9   6   9   6.7e-09   1.5e-06   27.6   0.6    33   147   607   721   604   730 0.92 -
Dbrb03622-RA         -          11330 52885at7147          -            399   3.6e-44  151.5  34.9   7   9   9.2e-07   0.00021   20.6   0.1     7    91   711   797   707   800 0.88 -
Dbrb03622-RA         -          11330 52885at7147          -            399   3.6e-44  151.5  34.9   8   9    0.0034      0.79    8.8   0.0    25    92   797   864   796   868 0.97 -
Dbrb03622-RA         -          11330 52885at7147          -            399   3.6e-44  151.5  34.9   9   9   1.6e-07   3.6e-05   23.1   0.2    32   108   870   950   865   987 0.79 -
Dbrb10002-RA         -           1441 52885at7147          -            399   6.3e-28   98.0   1.8   1   4     0.061        14    4.7   0.0    45    92   886   935   870   937 0.83 -
Dbrb10002-RA         -           1441 52885at7147          -            399   6.3e-28   98.0   1.8   2   4   2.3e-07   5.3e-05   22.5   0.1    30    86   939   995   933   998 0.94 -
Dbrb10002-RA         -           1441 52885at7147          -            399   6.3e-28   98.0   1.8   3   4   5.6e-07   0.00013   21.3   0.0    37    90  1060  1113  1047  1116 0.92 -
Dbrb10002-RA         -           1441 52885at7147          -            399   6.3e-28   98.0   1.8   4   4   2.4e-14   5.5e-12   45.5   0.1    34   138  1124  1228  1120  1284 0.89 -
Dbrb08210-RA         -            987 52885at7147          -            399   8.6e-26   91.0   8.7   1   4   3.8e-08   8.9e-06   25.1   0.3    37   118   154   234   132   249 0.81 -
Dbrb08210-RA         -            987 52885at7147          -            399   8.6e-26   91.0   8.7   2   4   1.7e-05    0.0041   16.3   0.1    38    86   256   304   241   309 0.86 -
Dbrb08210-RA         -            987 52885at7147          -            399   8.6e-26   91.0   8.7   3   4   7.7e-07   0.00018   20.8   0.0    18    89   303   377   300   379 0.83 -
Dbrb08210-RA         -            987 52885at7147          -            399   8.6e-26   91.0   8.7   4   4   1.1e-10   2.5e-08   33.5   0.2    23    95   378   452   373   483 0.87 -
Dbrb01390-RA         -           1751 52885at7147          -            399   1.3e-25   90.4  12.1   1   6   3.4e-06   0.00079   18.7   0.2    25    96   302   373   290   374 0.90 -
Dbrb01390-RA         -           1751 52885at7147          -            399   1.3e-25   90.4  12.1   2   6   1.3e-09   3.1e-07   29.9   0.2    25    91   368   434   367   436 0.95 -
Dbrb01390-RA         -           1751 52885at7147          -            399   1.3e-25   90.4  12.1   3   6   5.9e-11   1.4e-08   34.4   0.2    25    92   401   468   399   476 0.94 -
Dbrb01390-RA         -           1751 52885at7147          -            399   1.3e-25   90.4  12.1   4   6   4.5e-09   1.1e-06   28.1   0.2    26   121   435   530   433   534 0.93 -
Dbrb01390-RA         -           1751 52885at7147          -            399   1.3e-25   90.4  12.1   5   6   3.3e-06   0.00078   18.7   0.2    23   102   498   577   478   593 0.81 -
Dbrb01390-RA         -           1751 52885at7147          -            399   1.3e-25   90.4  12.1   6   6   0.00061      0.14   11.3   0.0    22    86   596   660   577   663 0.86 -
Dbrb06356-RA         -           1437 52885at7147          -            399   5.9e-24   85.0   4.6   1   5      0.13        31    3.6   0.0    27    55    66    94    56    97 0.83 -
Dbrb06356-RA         -           1437 52885at7147          -            399   5.9e-24   85.0   4.6   2   5   2.3e-07   5.4e-05   22.5   0.1    19    75    91   147    76   152 0.90 -
Dbrb06356-RA         -           1437 52885at7147          -            399   5.9e-24   85.0   4.6   3   5   1.6e-10   3.8e-08   32.9   0.1    17    87   171   241   164   245 0.92 -
Dbrb06356-RA         -           1437 52885at7147          -            399   5.9e-24   85.0   4.6   4   5   7.8e-07   0.00018   20.8   0.0    30   118   251   339   243   342 0.93 -
Dbrb06356-RA         -           1437 52885at7147          -            399   5.9e-24   85.0   4.6   5   5     0.012       2.9    7.0   0.0     9    89   327   414   324   416 0.73 -
Dbrb03387-RA         -           1235 52885at7147          -            399     1e-23   84.2   8.6   1   6   7.2e-06    0.0017   17.6   0.9     5   117    57   172    53   180 0.87 -
Dbrb03387-RA         -           1235 52885at7147          -            399     1e-23   84.2   8.6   2   6       1.5   3.5e+02    0.1   0.0    64    86   187   209   180   214 0.87 -
Dbrb03387-RA         -           1235 52885at7147          -            399     1e-23   84.2   8.6   3   6     0.011       2.5    7.2   0.0    29    85   266   322   252   326 0.68 -
Dbrb03387-RA         -           1235 52885at7147          -            399     1e-23   84.2   8.6   4   6   9.8e-06    0.0023   17.2   0.0    28   106   336   414   330   421 0.90 -
Dbrb03387-RA         -           1235 52885at7147          -            399     1e-23   84.2   8.6   5   6   0.00019     0.044   12.9   0.0    62   125   444   508   441   513 0.85 -
Dbrb03387-RA         -           1235 52885at7147          -            399     1e-23   84.2   8.6   6   6   1.4e-05    0.0031   16.7   0.0    28    93   544   610   538   623 0.87 -
Dbrb14674-RA         -            314 52885at7147          -            399   6.6e-23   81.5   7.7   1   4   0.00011     0.025   13.7   0.1    35    91    11    68     4    70 0.81 -
Dbrb14674-RA         -            314 52885at7147          -            399   6.6e-23   81.5   7.7   2   4   1.3e-09   3.1e-07   29.9   0.2    25   126    68   169    65   172 0.95 -
Dbrb14674-RA         -            314 52885at7147          -            399   6.6e-23   81.5   7.7   3   4   5.9e-08   1.4e-05   24.5   0.1    26    92   168   234   164   238 0.93 -
Dbrb14674-RA         -            314 52885at7147          -            399   6.6e-23   81.5   7.7   4   4   6.1e-06    0.0014   17.8   0.1    66   121   240   295   235   310 0.90 -
Dbrb13479-RA         -            632 52885at7147          -            399   3.4e-22   79.2   0.0   1   3   7.4e-11   1.7e-08   34.0   0.0    27   118   162   255   152   265 0.90 -
Dbrb13479-RA         -            632 52885at7147          -            399   3.4e-22   79.2   0.0   2   3   8.1e-12   1.9e-09   37.2   0.0    27    86   263   322   260   326 0.95 -
Dbrb13479-RA         -            632 52885at7147          -            399   3.4e-22   79.2   0.0   3   3     0.031       7.3    5.6   0.0    18    54   321   357   319   364 0.89 -
Dbrb07443-RA         -            388 52885at7147          -            399     2e-20   73.3   0.6   1   4   6.7e-07   0.00016   21.0   0.0    24   106   123   205   109   209 0.89 -
Dbrb07443-RA         -            388 52885at7147          -            399     2e-20   73.3   0.6   2   4   8.4e-06     0.002   17.4   0.0    44    90   209   255   200   260 0.86 -
Dbrb07443-RA         -            388 52885at7147          -            399     2e-20   73.3   0.6   3   4   1.5e-06   0.00035   19.8   0.1    34   108   266   340   254   344 0.87 -
Dbrb07443-RA         -            388 52885at7147          -            399     2e-20   73.3   0.6   4   4   8.1e-05     0.019   14.2   0.1    26    83   324   383   322   387 0.85 -
Dbrb03672-RA         -            702 52885at7147          -            399   1.3e-19   70.7   3.1   1   2   1.3e-09     3e-07   30.0   0.2    28   106   200   278   188   300 0.91 -
Dbrb03672-RA         -            702 52885at7147          -            399   1.3e-19   70.7   3.1   2   2   9.5e-13   2.2e-10   40.3   0.2    50   183   317   464   306   509 0.70 -
Dbrb09076-RA         -           1363 52885at7147          -            399   1.7e-17   63.7   0.1   1   4   1.5e-05    0.0035   16.6   0.0    22    86    43   107    38   112 0.93 -
Dbrb09076-RA         -           1363 52885at7147          -            399   1.7e-17   63.7   0.1   2   4   9.8e-08   2.3e-05   23.7   0.0    25    87   115   177   107   184 0.92 -
Dbrb09076-RA         -           1363 52885at7147          -            399   1.7e-17   63.7   0.1   3   4   7.6e-06    0.0018   17.5   0.0    63   133   215   284   189   338 0.83 -
Dbrb09076-RA         -           1363 52885at7147          -            399   1.7e-17   63.7   0.1   4   4       2.5   5.7e+02   -0.6   0.0   328   350  1020  1042  1009  1086 0.83 -
Dbrb04153-RA         -           1222 52885at7147          -            399   2.7e-16   59.7   9.4   1   3     2e-06   0.00047   19.4   0.8    66   136   548   618   541   619 0.95 -
Dbrb04153-RA         -           1222 52885at7147          -            399   2.7e-16   59.7   9.4   2   3   6.4e-09   1.5e-06   27.6   0.6    14   112   596   693   593   705 0.90 -
Dbrb04153-RA         -           1222 52885at7147          -            399   2.7e-16   59.7   9.4   3   3   4.8e-09   1.1e-06   28.1   1.2    30   144   677   795   672   804 0.81 -
Dbrb02469-RA         -            692 52885at7147          -            399   4.2e-16   59.1   1.5   1   4   6.3e-06    0.0015   17.8   0.1    28    92    86   159    78   166 0.77 -
Dbrb02469-RA         -            692 52885at7147          -            399   4.2e-16   59.1   1.5   2   4   5.4e-09   1.3e-06   27.9   0.0    28    89   161   222   157   224 0.90 -
Dbrb02469-RA         -            692 52885at7147          -            399   4.2e-16   59.1   1.5   3   4   0.00016     0.037   13.2   0.1    52    92   218   258   216   264 0.90 -
Dbrb02469-RA         -            692 52885at7147          -            399   4.2e-16   59.1   1.5   4   4       5.1   1.2e+03   -1.6   0.0    28    72   259   301   255   306 0.85 -
Dbrb06202-RA         -            884 52885at7147          -            399   1.4e-15   57.4   1.0   1   3   2.7e-07   6.2e-05   22.3   0.0    25    86    41   102    33   108 0.94 -
Dbrb06202-RA         -            884 52885at7147          -            399   1.4e-15   57.4   1.0   2   3   9.2e-06    0.0021   17.3   0.0    25   104   110   188   103   196 0.88 -
Dbrb06202-RA         -            884 52885at7147          -            399   1.4e-15   57.4   1.0   3   3   7.3e-05     0.017   14.3   0.2    64   130   207   272   199   283 0.86 -
Dbrb04163-RA         -            639 52885at7147          -            399   2.3e-15   56.7   0.5   1   3    0.0028      0.65    9.1   0.0    73   124    52   103    41   109 0.77 -
Dbrb04163-RA         -            639 52885at7147          -            399   2.3e-15   56.7   0.5   2   3   2.4e-07   5.7e-05   22.4   0.1    34    90   113   169   107   171 0.95 -
Dbrb04163-RA         -            639 52885at7147          -            399   2.3e-15   56.7   0.5   3   3   3.1e-07   7.2e-05   22.1   0.0    28    74   173   221   169   235 0.85 -
Dbrb06282-RA         -            576 52885at7147          -            399   7.3e-15   55.0   0.1   1   3   5.5e-09   1.3e-06   27.9   0.0    25    88     8    71     4    77 0.92 -
Dbrb06282-RA         -            576 52885at7147          -            399   7.3e-15   55.0   0.1   2   3   2.6e-05     0.006   15.8   0.0    23    87    72   135    70   146 0.87 -
Dbrb06282-RA         -            576 52885at7147          -            399   7.3e-15   55.0   0.1   3   3     0.012       2.7    7.0   0.0    50    75   471   496   466   501 0.89 -
Dbrb17977-RA         -            576 52885at7147          -            399   7.3e-15   55.0   0.1   1   3   5.5e-09   1.3e-06   27.9   0.0    25    88     8    71     4    77 0.92 -
Dbrb17977-RA         -            576 52885at7147          -            399   7.3e-15   55.0   0.1   2   3   2.6e-05     0.006   15.8   0.0    23    87    72   135    70   146 0.87 -
Dbrb17977-RA         -            576 52885at7147          -            399   7.3e-15   55.0   0.1   3   3     0.012       2.7    7.0   0.0    50    75   471   496   466   501 0.89 -
Dbrb11474-RA         -           1070 52885at7147          -            399   1.6e-14   53.9   3.3   1   3     2e-08   4.6e-06   26.0   0.0    43   159   441   557   433   561 0.86 -
Dbrb11474-RA         -           1070 52885at7147          -            399   1.6e-14   53.9   3.3   2   3      0.42        98    1.9   0.0    62    86   559   583   554   592 0.90 -
Dbrb11474-RA         -           1070 52885at7147          -            399   1.6e-14   53.9   3.3   3   3   3.6e-08   8.4e-06   25.2   0.5    21   109   619   708   598   713 0.87 -
Dbrb11545-RA         -            190 52885at7147          -            399   3.2e-14   52.9   1.5   1   2   5.4e-13   1.3e-10   41.1   0.1     6    90    35   121    30   127 0.89 -
Dbrb11545-RA         -            190 52885at7147          -            399   3.2e-14   52.9   1.5   2   2   0.00054      0.12   11.4   0.1    32    79   129   176   123   183 0.90 -
Dbrb09615-RA         -            677 52885at7147          -            399   5.3e-14   52.2   0.0   1   3   1.6e-05    0.0038   16.4   0.0    33    95   120   182   111   190 0.91 -
Dbrb09615-RA         -            677 52885at7147          -            399   5.3e-14   52.2   0.0   2   3   3.6e-10   8.3e-08   31.8   0.0    24    87   208   271   200   280 0.95 -
Dbrb09615-RA         -            677 52885at7147          -            399   5.3e-14   52.2   0.0   3   3         3   6.9e+02   -0.9   0.0    47    92   568   615   563   650 0.72 -
Dbrb10867-RA         -           1005 52885at7147          -            399   2.4e-13   50.0   1.3   1   3   0.00086       0.2   10.8   0.0    25    57   150   182   140   187 0.86 -
Dbrb10867-RA         -           1005 52885at7147          -            399   2.4e-13   50.0   1.3   2   3   9.6e-15   2.2e-12   46.8   0.8    29   175   188   337   182   349 0.75 -
Dbrb10867-RA         -           1005 52885at7147          -            399   2.4e-13   50.0   1.3   3   3       8.7     2e+03   -2.4   8.8   134   192   626   680   610   760 0.64 -
Dbrb08109-RA         -           1101 52885at7147          -            399   9.9e-13   48.0   9.2   1   7       4.9   1.1e+03   -1.6   0.0    63    94   477   510   419   563 0.64 -
Dbrb08109-RA         -           1101 52885at7147          -            399   9.9e-13   48.0   9.2   2   7         2   4.7e+02   -0.3   0.0    20    77   541   598   530   638 0.76 -
Dbrb08109-RA         -           1101 52885at7147          -            399   9.9e-13   48.0   9.2   3   7       3.7   8.6e+02   -1.2   0.0    37    90   605   659   595   662 0.70 -
Dbrb08109-RA         -           1101 52885at7147          -            399   9.9e-13   48.0   9.2   4   7   3.9e-05     0.009   15.2   0.1    68   118   719   769   707   774 0.90 -
Dbrb08109-RA         -           1101 52885at7147          -            399   9.9e-13   48.0   9.2   5   7   0.00021      0.05   12.7   0.2    26   127   777   881   772   884 0.85 -
Dbrb08109-RA         -           1101 52885at7147          -            399   9.9e-13   48.0   9.2   6   7   3.4e-06   0.00079   18.7   0.1    26    85   879   938   875   953 0.89 -
Dbrb08109-RA         -           1101 52885at7147          -            399   9.9e-13   48.0   9.2   7   7      0.38        88    2.1   0.0    29    90   988  1016   975  1027 0.64 -
Dbrb15746-RA         -            247 52885at7147          -            399     1e-12   47.9   0.8   1   2   1.1e-09   2.5e-07   30.2   0.0    23    92   103   172    80   177 0.88 -
Dbrb15746-RA         -            247 52885at7147          -            399     1e-12   47.9   0.8   2   2   1.3e-07     3e-05   23.4   0.2    26    86   139   199   137   223 0.85 -
Dbrb13500-RA         -            538 52885at7147          -            399   2.3e-12   46.8   5.6   1   4       4.1   9.4e+02   -1.3   1.5   147   196   124   168   103   223 0.58 -
Dbrb13500-RA         -            538 52885at7147          -            399   2.3e-12   46.8   5.6   2   4      0.86     2e+02    0.9   0.0    65    88   270   293   263   307 0.80 -
Dbrb13500-RA         -            538 52885at7147          -            399   2.3e-12   46.8   5.6   3   4   3.3e-10   7.6e-08   31.9   0.0    26    90   300   365   274   370 0.82 -
Dbrb13500-RA         -            538 52885at7147          -            399   2.3e-12   46.8   5.6   4   4   8.2e-05     0.019   14.1   0.0    25    86   395   457   373   497 0.81 -
Dbrb14308-RA         -            204 52885at7147          -            399   1.1e-11   44.6   0.2   1   3   0.00074      0.17   11.0   0.0    35    96    11    72     3    75 0.89 -
Dbrb14308-RA         -            204 52885at7147          -            399   1.1e-11   44.6   0.2   2   3   7.2e-11   1.7e-08   34.1   0.0    24    93    66   135    63   144 0.96 -
Dbrb14308-RA         -            204 52885at7147          -            399   1.1e-11   44.6   0.2   3   3       1.1   2.5e+02    0.6   0.0    47    89   160   202   141   204 0.86 -
Dbrb05165-RA         -            650 52885at7147          -            399   1.9e-10   40.5   1.2   1   2     1e-09   2.3e-07   30.3   0.3    37   152   457   572   431   578 0.91 -
Dbrb05165-RA         -            650 52885at7147          -            399   1.9e-10   40.5   1.2   2   2    0.0021      0.48    9.5   0.1    40   116   559   635   557   647 0.61 -
Dbrb03509-RA         -           1715 52885at7147          -            399   3.3e-10   39.7   9.2   1   3   3.8e-10   8.8e-08   31.7   1.3    24   146    70   191    56   197 0.89 -
Dbrb03509-RA         -           1715 52885at7147          -            399   3.3e-10   39.7   9.2   2   3   2.5e-07   5.9e-05   22.4   1.3    18   166   187   337   184   347 0.68 -
Dbrb03509-RA         -           1715 52885at7147          -            399   3.3e-10   39.7   9.2   3   3       9.9   2.3e+03   -2.6   0.9   155   202   513   563   492   584 0.60 -
Dbrb12851-RA         -            121 52885at7147          -            399   4.5e-10   39.2   0.0   1   1     2e-12   4.7e-10   39.2   0.0     6    91     9    96     4   120 0.85 -
Dbrb01698-RA         -           1093 52885at7147          -            399   7.7e-10   38.5   0.2   1   3       9.5   2.2e+03   -2.5   0.1   190   241   111   162    83   199 0.55 -
Dbrb01698-RA         -           1093 52885at7147          -            399   7.7e-10   38.5   0.2   2   3       1.8   4.1e+02   -0.1   0.2   125   166   206   247   183   257 0.80 -
Dbrb01698-RA         -           1093 52885at7147          -            399   7.7e-10   38.5   0.2   3   3   3.3e-12   7.7e-10   38.5   0.2    34   125   890   981   866  1001 0.80 -
Dbrb11505-RA         -            215 52885at7147          -            399   2.3e-09   36.9   0.0   1   1   1.3e-11   3.1e-09   36.5   0.0    24   104    73   153    53   195 0.87 -
Dbrb03685-RA         -            453 52885at7147          -            399   2.7e-09   36.7   0.0   1   1     2e-11   4.6e-09   35.9   0.0    20   156    21   156     6   185 0.89 -
Dbrb02715-RA         -            888 52885at7147          -            399   3.4e-09   36.4   1.8   1   3   0.00066      0.15   11.1   0.1    32   138   162   267   155   294 0.83 -
Dbrb02715-RA         -            888 52885at7147          -            399   3.4e-09   36.4   1.8   2   3    0.0016      0.38    9.8   0.1    32    87   291   343   273   348 0.81 -
Dbrb02715-RA         -            888 52885at7147          -            399   3.4e-09   36.4   1.8   3   3   1.1e-07   2.5e-05   23.6   0.4    25   120   314   413   299   425 0.83 -
Dbrb01183-RA         -            984 52885at7147          -            399   6.4e-09   35.4  13.9   1   4     0.012       2.7    7.0   0.0    27    86    15    75     4    77 0.74 -
Dbrb01183-RA         -            984 52885at7147          -            399   6.4e-09   35.4  13.9   2   4   1.2e-07   2.8e-05   23.5   0.1    16    84   100   165    86   168 0.83 -
Dbrb01183-RA         -            984 52885at7147          -            399   6.4e-09   35.4  13.9   3   4   0.00014     0.034   13.3   0.1    44   120   158   234   157   267 0.83 -
Dbrb01183-RA         -            984 52885at7147          -            399   6.4e-09   35.4  13.9   4   4       4.4     1e+03   -1.4   4.0   154   325   406   575   377   585 0.70 -
Dbrb13323-RA         -            182 52885at7147          -            399   9.9e-09   34.8   0.9   1   1   5.6e-11   1.3e-08   34.4   0.9    15   136    40   164    25   179 0.79 -
Dbrb02716-RA         -            360 52885at7147          -            399   9.9e-09   34.8   0.1   1   1   1.7e-10   3.9e-08   32.9   0.0    39   130   171   266   161   278 0.84 -
Dbrb00486-RA         -            125 52885at7147          -            399   5.8e-08   32.3   0.0   1   1     3e-10   6.9e-08   32.0   0.0    32    90    36    94     8    96 0.90 -
Dbrb10871-RA         -           1031 52885at7147          -            399   8.5e-08   31.7   1.0   1   2   0.00045       0.1   11.7   0.0    36    86   909   959   904   966 0.94 -
Dbrb10871-RA         -           1031 52885at7147          -            399   8.5e-08   31.7   1.0   2   2   4.6e-06    0.0011   18.2   0.3    65   120   974  1029   967  1031 0.94 -
Dbrb13324-RA         -            617 52885at7147          -            399   1.2e-07   31.2   0.1   1   3   0.00011     0.025   13.7   0.0    23   129   152   257   138   257 0.84 -
Dbrb13324-RA         -            617 52885at7147          -            399   1.2e-07   31.2   0.1   2   3   2.6e-05    0.0061   15.8   0.0    22    89   249   316   244   320 0.92 -
Dbrb13324-RA         -            617 52885at7147          -            399   1.2e-07   31.2   0.1   3   3       7.4   1.7e+03   -2.2   0.0    27    53   351   377   339   383 0.79 -
Dbrb16389-RA         -            264 52885at7147          -            399   2.6e-07   30.2   0.1   1   1   1.8e-09   4.2e-07   29.5   0.1    14   106   150   243   139   252 0.84 -
Dbrb08647-RA         -            606 52885at7147          -            399   1.2e-06   27.9   4.2   1   2     7e-07   0.00016   20.9   0.0    57   155    87   185    79   186 0.86 -
Dbrb08647-RA         -            606 52885at7147          -            399   1.2e-06   27.9   4.2   2   2   4.6e-05     0.011   15.0   2.5    29   188   125   286   123   323 0.75 -
Dbrb10523-RA         -           2179 52885at7147          -            399   1.3e-06   27.8   0.0   1   2       4.6   1.1e+03   -1.5   1.3   134   238  1434  1525  1400  1557 0.36 -
Dbrb10523-RA         -           2179 52885at7147          -            399   1.3e-06   27.8   0.0   2   2   5.8e-09   1.3e-06   27.8   0.0     4    90  1729  1818  1726  1825 0.90 -
Dbrb10173-RA         -            838 52885at7147          -            399   1.4e-06   27.7   0.0   1   1   6.2e-09   1.4e-06   27.7   0.0    36   114   251   329   247   336 0.92 -
Dbrb05347-RA         -           1912 52885at7147          -            399   1.7e-06   27.5   0.2   1   2    0.0047       1.1    8.3   0.1    26    86  1385  1445  1361  1448 0.90 -
Dbrb05347-RA         -           1912 52885at7147          -            399   1.7e-06   27.5   0.2   2   2   7.3e-09   1.7e-06   27.5   0.2    26   113  1461  1549  1459  1570 0.84 -
Dbrb00789-RA         -           1113 52885at7147          -            399   2.9e-06   26.7   0.2   1   2   0.00032     0.074   12.2   0.0    24    87    99   168    75   171 0.73 -
Dbrb00789-RA         -           1113 52885at7147          -            399   2.9e-06   26.7   0.2   2   2   3.6e-07   8.4e-05   21.9   0.0    26   115   140   228   127   236 0.89 -
Dbrb06345-RA         -            832 52885at7147          -            399   4.7e-06   26.0   0.9   1   1   3.7e-08   8.7e-06   25.1   0.9    24   173   679   825   670   831 0.82 -
Dbrb02383-RA         -            807 52885at7147          -            399   4.9e-06   25.9   0.1   1   1   6.6e-08   1.5e-05   24.3   0.0    32    86   647   701   626   705 0.88 -
Dbrb10280-RA         -            401 52885at7147          -            399   9.5e-06   25.0   0.3   1   1   7.7e-08   1.8e-05   24.1   0.3    25   108    39   123    23   139 0.88 -
Dbrb01085-RA         -            502 52885at7147          -            399   5.5e-05   22.5   0.0   1   1   4.3e-07    0.0001   21.6   0.0    33    90   403   460   397   466 0.91 -
Dbrb00463-RA         -            385 52885at7147          -            399   5.8e-05   22.4   0.9   1   1     3e-07   6.9e-05   22.2   0.0    58   108    23    73     3    85 0.82 -
Dbrb08856-RA         -            346 52885at7147          -            399   8.9e-05   21.8   1.0   1   1   2.2e-06    0.0005   19.3   1.0    16   169   181   334   171   343 0.65 -
Dbrb11438-RA         -            947 52885at7147          -            399   0.00011   21.4   0.1   1   1     5e-07   0.00011   21.4   0.1   326   382   849   906   833   918 0.87 -
Dbrb09275-RA         -            596 52885at7147          -            399   0.00013   21.3   0.1   1   2    0.0021      0.48    9.5   0.0    29    88   435   494   422   501 0.87 -
Dbrb09275-RA         -            596 52885at7147          -            399   0.00013   21.3   0.1   2   2    0.0022       0.5    9.4   0.0    43    96   515   568   508   592 0.85 -
Dbrb00834-RA         -           1335 52885at7147          -            399   0.00014   21.2   1.1   1   2      0.13        30    3.6   0.1    62    87  1141  1166  1138  1178 0.88 -
Dbrb00834-RA         -           1335 52885at7147          -            399   0.00014   21.2   1.1   2   2   2.6e-05    0.0059   15.8   0.1    35    87  1219  1271  1186  1306 0.56 -
Dbrb01315-RA         -            646 52885at7147          -            399   0.00017   20.9   0.1   1   1   1.4e-06   0.00033   19.9   0.1    14   104   137   227   121   271 0.82 -
Dbrb04985-RA         -           2658 52885at7147          -            399   0.00028   20.2   2.4   1   2   0.00057      0.13   11.3   0.9    24    88  1893  1958  1877  1978 0.82 -
Dbrb04985-RA         -           2658 52885at7147          -            399   0.00028   20.2   2.4   2   2   1.2e-06   0.00028   20.2   2.4    10   120  1981  2090  1975  2094 0.89 -
Dbrb11060-RA         -           1164 52885at7147          -            399   0.00032   19.9   0.0   1   1   3.7e-06   0.00085   18.6   0.0    21    84    69   132    59   137 0.91 -
Dbrb01954-RA         -            743 52885at7147          -            399   0.00043   19.5   0.0   1   1   3.8e-06   0.00087   18.5   0.0    48   120   200   273   170   281 0.83 -
Dbrb14784-RA         -           2692 52885at7147          -            399     0.002   17.3   0.0   1   1   1.9e-05    0.0044   16.2   0.0    20    90   390   458   365   474 0.86 -
Dbrb05094-RA         -           1130 52885at7147          -            399    0.0032   16.7   0.1   1   1   4.3e-05    0.0099   15.1   0.0    35    74   233   272   216   286 0.86 -
Dbrb15302-RA         -           1242 52885at7147          -            399    0.0054   15.9   0.1   1   2   0.00051      0.12   11.5   0.0    28    85   640   697   632   705 0.86 -
Dbrb15302-RA         -           1242 52885at7147          -            399    0.0054   15.9   0.1   2   2      0.49   1.1e+02    1.7   0.0    24    76   705   759   698   770 0.76 -
Dbrb10143-RA         -           1600 52885at7147          -            399     0.012   14.8   0.0   1   2       9.6   2.2e+03   -2.6   0.0    27    60  1067  1100  1059  1111 0.87 -
Dbrb10143-RA         -           1600 52885at7147          -            399     0.012   14.8   0.0   2   2   5.2e-05     0.012   14.8   0.0    29    93  1116  1185  1095  1193 0.83 -
Dbrb06515-RA         -            875 52885at7147          -            399     0.016   14.4   0.0   1   1   0.00012     0.027   13.6   0.0   341   383   822   865   805   875 0.79 -
Dbrb07092-RA         -           1287 52885at7147          -            399     0.048   12.8   0.0   1   1   0.00048      0.11   11.6   0.0   318   385  1198  1268  1164  1276 0.78 -
Dbrb00747-RA         -            523 52885at7147          -            399     0.088   11.9   0.0   1   1   0.00065      0.15   11.2   0.0    18    86    99   167    85   170 0.84 -
Dbrb08434-RA         -           1790 52885at7147          -            399     0.095   11.8   0.0   1   1   0.00086       0.2   10.8   0.0   328   383  1730  1786  1703  1790 0.86 -
Dbrb02420-RA         -            328 52885at7147          -            399       0.1   11.7   0.1   1   1   0.00072      0.17   11.0   0.1   320   367    14    61     3    74 0.86 -
Dbrb11375-RA         -            892 52885at7147          -            399      0.87    8.7   4.5   1   2       3.6   8.4e+02   -1.2   2.1   138   178   241   281   222   293 0.64 -
Dbrb11375-RA         -            892 52885at7147          -            399      0.87    8.7   4.5   2   2    0.0022      0.52    9.4   0.0    24    78   753   807   732   814 0.82 -
#
# Program:         hmmsearch
# Version:         3.1b2 (February 2015)
# Pipeline mode:   SEARCH
# Query file:      /home/nmoreyra/Documents/Genomics/03_orthologs_search/00_Phylogenomics_BUSCO-groups/busco4_odb10/busco_downloads/lineages/diptera_odb10/hmms/52885at7147.hmm
# Target file:     /home/nmoreyra/Documents/Genomics/03_orthologs_search/00_Phylogenomics_BUSCO-groups/busco4_odb10/../00_proteins/Dbrb_proteins.fasta
# Option settings: /home/nmoreyra/Software/miniconda3/envs/busco4/bin/hmmsearch --domtblout /home/nmoreyra/Documents/Genomics/03_orthologs_search/00_Phylogenomics_BUSCO-groups/busco4_odb10/Dbrb_diptera/run_diptera_odb10/hmmer_output/initial_run_results/52885at7147.out --cpu 1 /home/nmoreyra/Documents/Genomics/03_orthologs_search/00_Phylogenomics_BUSCO-groups/busco4_odb10/busco_downloads/lineages/diptera_odb10/hmms/52885at7147.hmm /home/nmoreyra/Documents/Genomics/03_orthologs_search/00_Phylogenomics_BUSCO-groups/busco4_odb10/../00_proteins/Dbrb_proteins.fasta 
# Current dir:     /home/nmoreyra/Documents/Genomics/03_orthologs_search/00_Phylogenomics_BUSCO-groups/busco4_odb10
# Date:            Mon Jan 25 13:10:49 2021
# [ok]
