#                                                                            --- full sequence --- -------------- this domain -------------   hmm coord   ali coord   env coord
# target name        accession   tlen query name           accession   qlen   E-value  score  bias   #  of  c-Evalue  i-Evalue  score  bias  from    to  from    to  from    to  acc description of target
#------------------- ---------- ----- -------------------- ---------- ----- --------- ------ ----- --- --- --------- --------- ------ ----- ----- ----- ----- ----- ----- ----- ---- ---------------------
Dbrb10968-RA         -            290 59703at7147          -            200   1.5e-73  246.4   1.9   1   2   4.5e-71   4.2e-69  231.9   0.5     2   188     8   233     7   235 0.87 -
Dbrb10968-RA         -            290 59703at7147          -            200   1.5e-73  246.4   1.9   2   2      0.13        12    5.1   0.1   166   194   233   265   226   272 0.73 -
Dbrb07410-RA         -            609 59703at7147          -            200   3.7e-64  215.7   0.0   1   2   4.1e-32   3.8e-30  104.7   0.0     8   172    28   226    22   237 0.74 -
Dbrb07410-RA         -            609 59703at7147          -            200   3.7e-64  215.7   0.0   2   2   1.4e-32   1.3e-30  106.2   0.0     8   179   339   543   333   554 0.74 -
Dbrb05837-RA         -            620 59703at7147          -            200   5.5e-58  195.6   1.8   1   2   5.9e-32   5.5e-30  104.2   0.3     5   172    48   246    44   273 0.76 -
Dbrb05837-RA         -            620 59703at7147          -            200   5.5e-58  195.6   1.8   2   2   1.2e-27   1.1e-25   90.1   0.1     5   171   321   518   317   531 0.75 -
Dbrb09071-RA         -            837 59703at7147          -            200   7.1e-40  136.4   0.1   1   1   1.6e-40   1.5e-38  132.1   0.1     2   172   100   305    99   314 0.80 -
Dbrb07445-RA         -            537 59703at7147          -            200   1.4e-39  135.5   2.7   1   3   1.3e-05    0.0012   18.2   0.1    22   139    34   169    14   178 0.69 -
Dbrb07445-RA         -            537 59703at7147          -            200   1.4e-39  135.5   2.7   2   3     0.065         6    6.1   0.0   141   166   194   219   179   238 0.84 -
Dbrb07445-RA         -            537 59703at7147          -            200   1.4e-39  135.5   2.7   3   3   6.3e-32   5.8e-30  104.1   0.1     3   173   279   483   277   489 0.76 -
Dbrb10674-RA         -           1394 59703at7147          -            200   3.6e-35  121.1   0.7   1   1   1.4e-36   1.3e-34  119.3   0.7     4   172   150   351   147   364 0.77 -
Dbrb05002-RA         -            794 59703at7147          -            200   4.1e-35  120.9   0.1   1   1   1.9e-36   1.8e-34  118.8   0.1     5   169     7   203     3   216 0.77 -
Dbrb06536-RA         -            398 59703at7147          -            200   4.5e-35  120.8   0.0   1   1   1.6e-36   1.5e-34  119.1   0.0     5   176   144   348   140   365 0.75 -
Dbrb06327-RA         -            710 59703at7147          -            200     7e-35  120.2   0.0   1   1   1.5e-36   1.3e-34  119.2   0.0     4   170   438   634   435   645 0.80 -
Dbrb11513-RA         -            644 59703at7147          -            200   1.1e-34  119.5   6.6   1   3    0.0012      0.11   11.8   0.0    85   174     4    92     1   102 0.77 -
Dbrb11513-RA         -            644 59703at7147          -            200   1.1e-34  119.5   6.6   2   3   6.2e-12   5.8e-10   38.8   1.0    78   168   270   372   179   383 0.69 -
Dbrb11513-RA         -            644 59703at7147          -            200   1.1e-34  119.5   6.6   3   3     1e-20   9.6e-19   67.5   0.2    74   170   466   573   430   578 0.78 -
Dbrb04700-RA         -            583 59703at7147          -            200   1.7e-34  118.9   0.7   1   1   6.4e-36   5.9e-34  117.1   0.7     7   169    33   229    28   243 0.76 -
Dbrb01074-RA         -           1279 59703at7147          -            200   5.8e-34  117.1   0.0   1   1   1.2e-35   1.1e-33  116.2   0.0     2   170   355   556   354   577 0.79 -
Dbrb03807-RA         -           1241 59703at7147          -            200   8.1e-34  116.7   0.1   1   2   2.6e-23   2.4e-21   75.9   0.0     3   181   321   541   319   551 0.75 -
Dbrb03807-RA         -           1241 59703at7147          -            200   8.1e-34  116.7   0.1   2   2   3.1e-11   2.9e-09   36.5   0.0    47   194   732   895   687   898 0.72 -
Dbrb05055-RA         -            762 59703at7147          -            200   1.9e-33  115.4   0.0   1   1   3.9e-34   3.6e-32  111.3   0.0     2   172    79   292    78   306 0.77 -
Dbrb04871-RA         -            617 59703at7147          -            200   1.1e-32  113.0   0.0   1   1   2.3e-34   2.2e-32  112.0   0.0     4   167   348   541   345   558 0.79 -
Dbrb05435-RA         -            396 59703at7147          -            200   7.9e-32  110.2   0.0   1   1   2.3e-33   2.1e-31  108.8   0.0     7   172    92   288    86   317 0.75 -
Dbrb09572-RA         -            776 59703at7147          -            200   8.3e-32  110.1   0.0   1   1   2.1e-33   1.9e-31  108.9   0.0     2   168   137   336   136   347 0.79 -
Dbrb10515-RA         -            575 59703at7147          -            200     4e-31  107.9   2.7   1   1   2.2e-32   2.1e-30  105.6   3.0    21   177    54   233    26   243 0.77 -
Dbrb04294-RA         -            998 59703at7147          -            200   6.2e-31  107.3   0.2   1   1   1.5e-32   1.4e-30  106.1   0.2     8   175   168   356   161   371 0.74 -
Dbrb11364-RA         -            459 59703at7147          -            200   7.7e-31  107.0   0.0   1   1   2.5e-32   2.3e-30  105.4   0.0    29   167   197   365   154   373 0.76 -
Dbrb11185-RA         -            849 59703at7147          -            200   1.5e-30  106.0   0.8   1   1   3.5e-32   3.2e-30  104.9   0.2     6   172   580   780   575   789 0.72 -
Dbrb06668-RA         -           1335 59703at7147          -            200   2.4e-30  105.3   0.0   1   1   1.3e-31   1.2e-29  103.0   0.0     7   194   586   816   581   821 0.76 -
Dbrb03955-RA         -            495 59703at7147          -            200   1.3e-29  103.0   0.5   1   1   8.2e-31   7.6e-29  100.4   0.5     5   169    76   278    72   292 0.74 -
Dbrb04238-RA         -            733 59703at7147          -            200   1.7e-29  102.6   0.2   1   1   8.3e-31   7.7e-29  100.4   0.2    35   173    13   178     2   194 0.81 -
Dbrb07676-RA         -            508 59703at7147          -            200   6.9e-29  100.6   0.0   1   1   2.4e-30   2.2e-28   98.9   0.0     5   168    18   215    15   227 0.78 -
Dbrb09285-RA         -            839 59703at7147          -            200   8.9e-29  100.2   0.1   1   1   4.3e-30   3.9e-28   98.1   0.1     6   168   550   748   545   762 0.77 -
Dbrb05773-RA         -            314 59703at7147          -            200     1e-28  100.0   0.4   1   1   7.4e-30   6.9e-28   97.3   0.4     3   176     9   216     7   224 0.73 -
Dbrb03668-RA         -           2148 59703at7147          -            200   1.3e-28   99.7   1.7   1   2     2e-21   1.8e-19   69.8   0.2     3   129   855  1005   853  1024 0.79 -
Dbrb03668-RA         -           2148 59703at7147          -            200   1.3e-28   99.7   1.7   2   2   6.8e-09   6.3e-07   28.9   0.1   123   167  1029  1074  1015  1087 0.87 -
Dbrb07484-RA         -            913 59703at7147          -            200     2e-28   99.1   0.0   1   1   5.7e-30   5.3e-28   97.7   0.0     2   171   602   805   601   818 0.75 -
Dbrb16472-RA         -            442 59703at7147          -            200   2.6e-28   98.7   0.0   1   1   8.2e-30   7.6e-28   97.2   0.0     3   178    53   261    51   273 0.77 -
Dbrb01591-RA         -           8858 59703at7147          -            200   2.8e-28   98.6   0.0   1   1   7.8e-30   7.2e-28   97.3   0.0     4   167  8235  8432  8232  8464 0.76 -
Dbrb08140-RA         -            493 59703at7147          -            200   3.6e-28   98.2   0.1   1   1   9.2e-30   8.5e-28   97.0   0.1     4   172    11   214     8   228 0.75 -
Dbrb09319-RA         -            300 59703at7147          -            200   6.5e-28   97.4   0.2   1   1   2.9e-29   2.6e-27   95.4   0.2    23   173    58   237    35   257 0.80 -
Dbrb10757-RA         -            692 59703at7147          -            200   7.2e-28   97.2   0.0   1   1   5.2e-29   4.9e-27   94.5   0.0     6   172    23   219    18   231 0.75 -
Dbrb04721-RA         -            636 59703at7147          -            200   1.4e-27   96.3   0.0   1   1   5.7e-29   5.2e-27   94.4   0.0    30   168    66   235    61   253 0.78 -
Dbrb04233-RA         -           2389 59703at7147          -            200   1.5e-27   96.2   0.0   1   1   6.1e-29   5.7e-27   94.3   0.0    32   179   333   509   325   531 0.79 -
Dbrb09980-RA         -            458 59703at7147          -            200   3.3e-27   95.1   1.9   1   2   1.2e-17   1.1e-15   57.5   0.3     3   123    93   237    91   242 0.77 -
Dbrb09980-RA         -            458 59703at7147          -            200   3.3e-27   95.1   1.9   2   2   3.7e-11   3.4e-09   36.3   0.1   126   182   287   343   284   355 0.79 -
Dbrb08047-RA         -           1038 59703at7147          -            200   4.6e-27   94.6   0.3   1   3   0.00024     0.022   14.0   0.0     4    61   516   580   513   585 0.80 -
Dbrb08047-RA         -           1038 59703at7147          -            200   4.6e-27   94.6   0.3   2   3   3.1e-13   2.9e-11   43.1   0.3    77   123   832   878   823   884 0.92 -
Dbrb08047-RA         -           1038 59703at7147          -            200   4.6e-27   94.6   0.3   3   3   2.5e-10   2.3e-08   33.6   0.0   125   162   904   942   900   964 0.81 -
Dbrb01531-RA         -           1708 59703at7147          -            200   7.5e-27   93.9   0.1   1   1   2.4e-28   2.2e-26   92.4   0.1    15   172    40   226    21   262 0.74 -
Dbrb05431-RA         -           1230 59703at7147          -            200   1.2e-26   93.2   1.1   1   2   5.7e-21   5.3e-19   68.3   0.6     5   124    65   209    62   213 0.76 -
Dbrb05431-RA         -           1230 59703at7147          -            200   1.2e-26   93.2   1.1   2   2   6.9e-07   6.4e-05   22.3   0.0   127   171   236   282   231   302 0.81 -
Dbrb01128-RA         -           4185 59703at7147          -            200   1.4e-26   93.1   0.7   1   2   1.2e-11   1.1e-09   37.9   0.1    37   170  3195  3355  3166  3365 0.78 -
Dbrb01128-RA         -           4185 59703at7147          -            200   1.4e-26   93.1   0.7   2   2   4.7e-16   4.3e-14   52.3   0.1    16   171  3883  4066  3863  4091 0.72 -
Dbrb11104-RA         -            328 59703at7147          -            200   1.8e-26   92.7   1.3   1   1   1.1e-27     1e-25   90.2   1.3    13   172    90   277    71   290 0.76 -
Dbrb14777-RA         -            375 59703at7147          -            200   2.2e-26   92.4   0.4   1   1   5.4e-27     5e-25   88.0   0.4     3   170    38   244    36   278 0.71 -
Dbrb15617-RA         -            438 59703at7147          -            200   2.6e-26   92.2   0.0   1   1     1e-27   9.7e-26   90.3   0.0    47   168   107   254   105   264 0.80 -
Dbrb05569-RA         -            446 59703at7147          -            200   2.8e-26   92.1   0.0   1   1   1.1e-27     1e-25   90.3   0.0    47   168   133   280   131   290 0.80 -
Dbrb01494-RA         -            317 59703at7147          -            200   3.3e-26   91.8   0.0   1   2     0.024       2.3    7.5   0.0     2    59    26    94    25   124 0.68 -
Dbrb01494-RA         -            317 59703at7147          -            200   3.3e-26   91.8   0.0   2   2   2.7e-25   2.5e-23   82.4   0.0    83   169   139   234   126   249 0.84 -
Dbrb09115-RA         -            548 59703at7147          -            200   4.4e-26   91.4   0.0   1   1   3.1e-27   2.8e-25   88.8   0.0     6   170   155   361   150   374 0.72 -
Dbrb15957-RA         -            264 59703at7147          -            200   5.3e-26   91.2   0.1   1   1   7.6e-27     7e-25   87.5   0.1     4   176     6   214     3   238 0.68 -
Dbrb07559-RA         -            723 59703at7147          -            200   6.8e-26   90.8   0.0   1   1     2e-27   1.9e-25   89.4   0.0     5   170     7   204     3   217 0.76 -
Dbrb08108-RA         -            697 59703at7147          -            200   1.1e-25   90.1   0.0   1   1   4.3e-27     4e-25   88.3   0.0    22   169   345   523   331   534 0.77 -
Dbrb08840-RA         -            620 59703at7147          -            200   1.2e-25   90.0   0.1   1   1   1.5e-26   1.4e-24   86.6   0.0     3   173   229   435   227   453 0.74 -
Dbrb05719-RA         -           1551 59703at7147          -            200   1.3e-25   89.9   2.6   1   4     0.014       1.3    8.3   0.3    83   122   372   411   299   421 0.70 -
Dbrb05719-RA         -           1551 59703at7147          -            200   1.3e-25   89.9   2.6   2   4   5.4e-05     0.005   16.2   0.0     3    60   529   594   527   599 0.78 -
Dbrb05719-RA         -           1551 59703at7147          -            200   1.3e-25   89.9   2.6   3   4   1.9e-10   1.7e-08   34.0   0.0    63   127   703   770   698   778 0.86 -
Dbrb05719-RA         -           1551 59703at7147          -            200   1.3e-25   89.9   2.6   4   4   8.4e-08   7.8e-06   25.3   0.0   127   191   799   869   795   878 0.71 -
Dbrb05717-RA         -            661 59703at7147          -            200   1.4e-25   89.8   0.0   1   1   1.7e-26   1.5e-24   86.4   0.0     3   173   257   463   255   481 0.74 -
Dbrb03191-RA         -            408 59703at7147          -            200   2.6e-25   88.9   0.0   1   1     1e-26   9.5e-25   87.1   0.0     8   173    97   295    90   312 0.71 -
Dbrb14716-RA         -            361 59703at7147          -            200   3.6e-25   88.5   0.1   1   1   1.9e-25   1.8e-23   82.9   0.1     3   171    21   227    19   239 0.72 -
Dbrb15667-RA         -           1223 59703at7147          -            200   4.8e-25   88.0   4.8   1   2   1.8e-05    0.0017   17.7   0.5    28   116   615   717   596   787 0.74 -
Dbrb15667-RA         -           1223 59703at7147          -            200   4.8e-25   88.0   4.8   2   2   1.9e-21   1.7e-19   69.9   0.3    21   160   941  1103   917  1112 0.76 -
Dbrb08911-RA         -           1487 59703at7147          -            200     5e-25   88.0   0.0   1   1   1.6e-26   1.5e-24   86.4   0.0     8   172  1205  1409  1200  1418 0.75 -
Dbrb01708-RA         -           1433 59703at7147          -            200   5.2e-25   87.9   0.0   1   1   9.3e-27   8.6e-25   87.2   0.0    67   171    21   137     1   169 0.73 -
Dbrb15626-RA         -            865 59703at7147          -            200   8.8e-25   87.2   0.0   1   1   2.5e-26   2.4e-24   85.8   0.0    28   176   377   552   363   559 0.76 -
Dbrb05914-RA         -            268 59703at7147          -            200   9.5e-25   87.1   0.3   1   1   1.2e-25   1.1e-23   83.6   0.3     3   173    10   206     8   233 0.77 -
Dbrb05578-RA         -            890 59703at7147          -            200   9.7e-25   87.0   0.0   1   1   2.7e-26   2.5e-24   85.7   0.0    28   176   592   767   578   774 0.76 -
Dbrb05374-RA         -            351 59703at7147          -            200     2e-24   86.0   0.1   1   1   8.7e-26   8.1e-24   84.0   0.1     5   169    15   215    11   229 0.68 -
Dbrb09126-RA         -            590 59703at7147          -            200   2.2e-24   85.9   0.0   1   1   6.5e-26     6e-24   84.5   0.0    21   167   181   356   163   373 0.78 -
Dbrb00241-RA         -            846 59703at7147          -            200   2.4e-24   85.8   0.2   1   1   5.9e-26   5.5e-24   84.6   0.2     5   168    43   239    39   255 0.74 -
Dbrb06921-RA         -            786 59703at7147          -            200   3.1e-24   85.4   0.0   1   1   9.2e-26   8.5e-24   84.0   0.0     9   170   493   678   474   707 0.76 -
Dbrb16962-RA         -           1206 59703at7147          -            200   3.3e-24   85.3   0.0   1   1   6.2e-26   5.8e-24   84.5   0.0     3   178   122   336   120   347 0.74 -
Dbrb09779-RA         -            418 59703at7147          -            200   3.5e-24   85.2   0.2   1   1   3.6e-24   3.3e-22   78.8   0.2     5   172    80   285    76   297 0.66 -
Dbrb02121-RA         -            294 59703at7147          -            200   3.8e-24   85.1   0.0   1   1   1.2e-25   1.1e-23   83.6   0.0     3   170     5   207     3   219 0.73 -
Dbrb05538-RA         -           8125 59703at7147          -            200   4.7e-24   84.8   0.1   1   1   9.5e-26   8.8e-24   83.9   0.1     3   167  7300  7497  7298  7512 0.79 -
Dbrb02692-RA         -            921 59703at7147          -            200   4.9e-24   84.7   0.3   1   2     9e-17   8.3e-15   54.6   0.2    18   126   297   420   273   434 0.78 -
Dbrb02692-RA         -            921 59703at7147          -            200   4.9e-24   84.7   0.3   2   2   2.1e-08     2e-06   27.3   0.0   127   167   513   554   509   562 0.89 -
Dbrb06845-RA         -            531 59703at7147          -            200   5.6e-24   84.6   0.0   1   1   1.7e-25   1.6e-23   83.1   0.0    31   168    68   232    29   239 0.77 -
Dbrb15501-RA         -            578 59703at7147          -            200   5.8e-24   84.5   0.0   1   1   1.8e-24   1.7e-22   79.8   0.0     3   172   319   522   317   546 0.72 -
Dbrb04869-RA         -           1365 59703at7147          -            200   7.6e-24   84.1   0.1   1   1   1.8e-25   1.7e-23   83.0   0.1     3   168    75   278    73   295 0.75 -
Dbrb04781-RA         -            335 59703at7147          -            200   8.4e-24   84.0   0.1   1   1   2.9e-25   2.7e-23   82.3   0.1    83   170   154   255    46   266 0.84 -
Dbrb01116-RA         -            700 59703at7147          -            200   1.1e-23   83.6   0.1   1   1   4.4e-25     4e-23   81.7   0.1     4   176   193   402   190   425 0.70 -
Dbrb09085-RA         -            454 59703at7147          -            200   1.6e-23   83.1   2.0   1   1   1.1e-24   1.1e-22   80.4   2.0    17   172   204   392   191   401 0.72 -
Dbrb05920-RA         -            281 59703at7147          -            200   3.1e-23   82.1   0.0   1   1   1.5e-23   1.4e-21   76.8   0.0     5   172    18   214    14   242 0.72 -
Dbrb10166-RA         -           2033 59703at7147          -            200   3.6e-23   81.9   0.1   1   2     5e-05    0.0046   16.3   0.0    22    81  1665  1729  1656  1732 0.81 -
Dbrb10166-RA         -           2033 59703at7147          -            200   3.6e-23   81.9   0.1   2   2   4.7e-19   4.4e-17   62.1   0.0    83   177  1766  1873  1758  1882 0.80 -
Dbrb04582-RA         -            355 59703at7147          -            200     4e-23   81.8   0.0   1   1   1.3e-24   1.2e-22   80.3   0.0    79   170   120   223    22   235 0.84 -
Dbrb16229-RA         -            697 59703at7147          -            200   4.5e-23   81.6   0.2   1   1   5.3e-24   4.9e-22   78.2   0.2     4   167   234   434   231   445 0.71 -
Dbrb03722-RA         -            358 59703at7147          -            200   5.9e-23   81.2   0.0   1   2   5.4e-24     5e-22   78.2   0.0    82   169    75   174    62   194 0.81 -
Dbrb03722-RA         -            358 59703at7147          -            200   5.9e-23   81.2   0.0   2   2         7   6.5e+02   -0.5   0.0   173   194   225   246   215   250 0.82 -
Dbrb03605-RA         -           1840 59703at7147          -            200   9.9e-23   80.5   0.1   1   1     3e-24   2.7e-22   79.0   0.1     5   182   108   321   104   330 0.76 -
Dbrb07088-RA         -            383 59703at7147          -            200   1.6e-22   79.8   0.2   1   1     3e-23   2.7e-21   75.8   0.2     3   173    48   254    46   264 0.70 -
Dbrb05722-RA         -            524 59703at7147          -            200   2.3e-22   79.3   0.2   1   1   4.5e-23   4.2e-21   75.2   0.2     5   167    34   233    30   248 0.71 -
Dbrb06506-RA         -            457 59703at7147          -            200   3.6e-22   78.6   0.4   1   2   2.6e-22   2.4e-20   72.7   0.4     6   168   143   353   139   379 0.74 -
Dbrb06506-RA         -            457 59703at7147          -            200   3.6e-22   78.6   0.4   2   2       7.2   6.6e+02   -0.6   0.0   162   195   381   414   372   419 0.82 -
Dbrb01149-RA         -           1633 59703at7147          -            200   4.2e-22   78.4   0.1   1   1   2.2e-23     2e-21   76.2   0.1     3   170   105   313   103   335 0.75 -
Dbrb04782-RA         -           1324 59703at7147          -            200     5e-22   78.2   0.0   1   1   1.3e-23   1.2e-21   77.0   0.0    84   172   303   403   197   412 0.75 -
Dbrb10390-RA         -            448 59703at7147          -            200   1.4e-21   76.7   0.4   1   1   2.2e-20     2e-18   66.4   0.4    70   170   123   238    25   267 0.64 -
Dbrb10553-RA         -            752 59703at7147          -            200   1.9e-21   76.3   0.0   1   2   9.2e-18   8.5e-16   57.8   0.0    70   139    83   162    18   166 0.68 -
Dbrb10553-RA         -            752 59703at7147          -            200   1.9e-21   76.3   0.0   2   2   7.3e-05    0.0067   15.7   0.0   112   172   187   244   181   255 0.71 -
Dbrb01823-RA         -            388 59703at7147          -            200   4.7e-21   75.0   0.0   1   1   1.1e-22     1e-20   73.9   0.0     5   166    58   255    54   264 0.73 -
Dbrb04072-RA         -            703 59703at7147          -            200   8.6e-21   74.1   0.0   1   1   4.7e-22   4.3e-20   71.9   0.0     7   162   114   300   109   332 0.65 -
Dbrb15599-RA         -            943 59703at7147          -            200   9.5e-21   74.0   1.1   1   1   6.2e-22   5.7e-20   71.5   1.1     2   170   379   583   378   606 0.74 -
Dbrb09957-RA         -            759 59703at7147          -            200   9.7e-21   74.0   0.0   1   1   2.3e-22   2.1e-20   72.9   0.0    72   182    18   151    11   157 0.73 -
Dbrb06296-RA         -            638 59703at7147          -            200     3e-20   72.4   0.8   1   1   6.8e-21   6.3e-19   68.1   0.8    65   171   437   569   430   579 0.75 -
Dbrb08174-RA         -            450 59703at7147          -            200   3.1e-20   72.3   0.0   1   1   1.2e-20   1.1e-18   67.3   0.0    13   167    34   222    22   238 0.75 -
Dbrb15730-RA         -           1385 59703at7147          -            200     5e-20   71.6   0.4   1   1   9.7e-21     9e-19   67.6   0.4    32   188  1090  1288  1064  1297 0.73 -
Dbrb15528-RA         -           1558 59703at7147          -            200   8.1e-20   71.0   0.2   1   1   8.4e-20   7.8e-18   64.5   0.2     7   171    56   265    52   302 0.75 -
Dbrb12658-RA         -           1972 59703at7147          -            200   1.2e-19   70.4   0.3   1   1   7.3e-21   6.8e-19   68.0   0.0    19   172  1358  1544  1341  1553 0.78 -
Dbrb08182-RA         -           1226 59703at7147          -            200   1.9e-19   69.8   0.4   1   2   2.5e-10   2.3e-08   33.6   0.1    19   126    81   213    57   225 0.72 -
Dbrb08182-RA         -           1226 59703at7147          -            200   1.9e-19   69.8   0.4   2   2   1.1e-09     1e-07   31.4   0.0   125   167   233   279   231   291 0.84 -
Dbrb08081-RA         -            444 59703at7147          -            200   2.1e-19   69.6   0.5   1   1     4e-21   3.7e-19   68.8   0.5     2   168   145   340   144   359 0.76 -
Dbrb06586-RA         -           2468 59703at7147          -            200   3.3e-19   69.0   0.1   1   2   8.5e-11   7.9e-09   35.1   0.3     3    79    69   157    67   160 0.78 -
Dbrb06586-RA         -           2468 59703at7147          -            200   3.3e-19   69.0   0.1   2   2   7.8e-10   7.2e-08   32.0   0.0   115   174   160   229   155   269 0.80 -
Dbrb05744-RA         -            295 59703at7147          -            200   5.1e-19   68.4   0.1   1   1   1.5e-20   1.4e-18   66.9   0.1     3   166    10   209     8   218 0.72 -
Dbrb04598-RA         -           1189 59703at7147          -            200   5.5e-19   68.3   0.5   1   1   1.4e-20   1.3e-18   67.0   0.5     6   124   393   533   388   537 0.83 -
Dbrb09502-RA         -            700 59703at7147          -            200   6.2e-19   68.1   1.3   1   2   6.8e-20   6.3e-18   64.8   0.0    67   171    91   210    13   229 0.76 -
Dbrb09502-RA         -            700 59703at7147          -            200   6.2e-19   68.1   1.3   2   2       2.8   2.6e+02    0.8   0.0     5    74   598   667   594   681 0.83 -
Dbrb04843-RA         -            383 59703at7147          -            200   6.3e-19   68.1   0.3   1   2   0.00039     0.036   13.3   0.0    24    61    60   102    51   128 0.72 -
Dbrb04843-RA         -            383 59703at7147          -            200   6.3e-19   68.1   0.3   2   2   1.8e-15   1.7e-13   50.4   0.3    79   165   140   245   135   263 0.83 -
Dbrb05767-RA         -           2429 59703at7147          -            200   1.6e-18   66.8   0.0   1   1   9.9e-20   9.2e-18   64.3   0.0    35   170  1780  1956  1770  1964 0.76 -
Dbrb03057-RA         -           1163 59703at7147          -            200   2.5e-18   66.1   0.1   1   3    0.0014      0.13   11.6   0.0    17    81   811   877   783   885 0.69 -
Dbrb03057-RA         -           1163 59703at7147          -            200   2.5e-18   66.1   0.1   2   3   3.3e-10     3e-08   33.2   0.1    83   123   908   948   901   951 0.93 -
Dbrb03057-RA         -           1163 59703at7147          -            200   2.5e-18   66.1   0.1   3   3   3.1e-05    0.0029   17.0   0.0   132   168  1029  1067  1024  1078 0.80 -
Dbrb04667-RA         -            943 59703at7147          -            200   4.8e-18   65.2   0.4   1   1   3.1e-19   2.9e-17   62.6   0.4    53   170   249   378   171   395 0.67 -
Dbrb11413-RA         -            469 59703at7147          -            200   5.2e-18   65.1   0.0   1   1   8.6e-20     8e-18   64.5   0.0    71   168    12   119     2   145 0.83 -
Dbrb07885-RA         -            758 59703at7147          -            200   1.5e-17   63.5   0.3   1   1   4.2e-18   3.9e-16   59.0   0.2     2   172   467   679   466   693 0.68 -
Dbrb04158-RA         -            975 59703at7147          -            200   1.9e-17   63.2   0.1   1   1   8.3e-19   7.7e-17   61.3   0.1     4   167   581   783   578   799 0.68 -
Dbrb12729-RA         -            620 59703at7147          -            200   2.2e-17   63.0   1.2   1   1   3.7e-17   3.4e-15   55.9   1.2     6   172   357   562   352   576 0.69 -
Dbrb05863-RA         -            518 59703at7147          -            200   5.8e-17   61.7   0.0   1   2       3.7   3.4e+02    0.4   0.0   119   135    78    94    75   106 0.82 -
Dbrb05863-RA         -            518 59703at7147          -            200   5.8e-17   61.7   0.0   2   2   1.7e-17   1.6e-15   56.9   0.0     6   161   208   410   203   421 0.73 -
Dbrb12858-RA         -            333 59703at7147          -            200   1.4e-16   60.4   1.1   1   1   2.6e-16   2.4e-14   53.1   0.8    19   172    44   193    23   206 0.75 -
Dbrb03000-RA         -            937 59703at7147          -            200   3.1e-16   59.3   0.3   1   1   2.4e-17   2.2e-15   56.5   0.3    28   169   649   822   619   849 0.64 -
Dbrb17097-RA         -            699 59703at7147          -            200   3.1e-16   59.3   0.1   1   2   4.1e-07   3.8e-05   23.1   0.1    81   110   115   144    79   149 0.87 -
Dbrb17097-RA         -            699 59703at7147          -            200   3.1e-16   59.3   0.1   2   2   2.5e-10   2.3e-08   33.6   0.0   113   168   174   238   164   254 0.80 -
Dbrb08995-RA         -           1330 59703at7147          -            200   4.5e-16   58.7   0.0   1   1   1.6e-17   1.5e-15   57.1   0.0     6   161   220   410   217   422 0.75 -
Dbrb14768-RA         -           1270 59703at7147          -            200   7.9e-16   58.0   0.0   1   2    0.0056      0.52    9.6   0.0     6    86   892   985   887   989 0.69 -
Dbrb14768-RA         -           1270 59703at7147          -            200   7.9e-16   58.0   0.0   2   2   1.2e-13   1.1e-11   44.4   0.0    82   170  1004  1108   996  1121 0.77 -
Dbrb07820-RA         -           1962 59703at7147          -            200   9.4e-16   57.7   0.0   1   2     0.051       4.7    6.5   0.0    22    80  1190  1252  1160  1256 0.72 -
Dbrb07820-RA         -           1962 59703at7147          -            200   9.4e-16   57.7   0.0   2   2   6.6e-15   6.1e-13   48.5   0.0    78   171  1286  1392  1277  1407 0.78 -
Dbrb06015-RA         -            488 59703at7147          -            200   9.5e-16   57.7   0.0   1   2     0.046       4.3    6.6   0.0     4    60   199   265   196   291 0.63 -
Dbrb06015-RA         -            488 59703at7147          -            200   9.5e-16   57.7   0.0   2   2     7e-15   6.4e-13   48.4   0.0    86   167   312   409   302   436 0.72 -
Dbrb17686-RA         -           1137 59703at7147          -            200   1.6e-15   57.0   0.0   1   1   6.9e-17   6.3e-15   55.0   0.0     6   160   129   318   126   328 0.75 -
Dbrb08675-RA         -           1262 59703at7147          -            200   1.6e-15   57.0   1.0   1   2   7.2e-07   6.6e-05   22.3   1.2     2   111   914  1050   913  1058 0.68 -
Dbrb08675-RA         -           1262 59703at7147          -            200   1.6e-15   57.0   1.0   2   2   1.5e-09   1.4e-07   31.0   0.0   111   178  1069  1143  1061  1161 0.79 -
Dbrb07742-RA         -            455 59703at7147          -            200     3e-15   56.0   0.2   1   1     1e-16   9.3e-15   54.5   0.2     2   172   102   308   101   327 0.69 -
Dbrb02265-RA         -            533 59703at7147          -            200   4.2e-15   55.6   0.0   1   1   2.4e-16   2.2e-14   53.2   0.0     2   161   227   435   226   443 0.70 -
Dbrb01395-RA         -            710 59703at7147          -            200   5.6e-15   55.2   0.0   1   1   1.2e-16   1.1e-14   54.2   0.0     3   192    27   251    25   258 0.69 -
Dbrb02052-RA         -            795 59703at7147          -            200   7.1e-15   54.8   0.4   1   2   1.3e-08   1.2e-06   28.0   0.3    75   113   304   343   197   365 0.80 -
Dbrb02052-RA         -            795 59703at7147          -            200   7.1e-15   54.8   0.4   2   2   3.5e-06   0.00032   20.0   0.0   110   171   629   697   620   715 0.75 -
Dbrb10444-RA         -           1004 59703at7147          -            200     1e-14   54.3   0.2   1   3       3.7   3.4e+02    0.4   0.0     3    50   291   343   289   370 0.71 -
Dbrb10444-RA         -           1004 59703at7147          -            200     1e-14   54.3   0.2   2   3   6.7e-09   6.2e-07   28.9   0.1    74   113   395   435   374   444 0.82 -
Dbrb10444-RA         -           1004 59703at7147          -            200     1e-14   54.3   0.2   3   3   2.1e-06   0.00019   20.8   0.0   110   172   833   902   828   927 0.76 -
Dbrb07148-RA         -            787 59703at7147          -            200   1.1e-14   54.2   0.2   1   2   2.3e-10   2.1e-08   33.7   0.2    57   124   341   418   299   426 0.66 -
Dbrb07148-RA         -            787 59703at7147          -            200   1.1e-14   54.2   0.2   2   2   1.7e-05    0.0016   17.8   0.0   126   175   543   594   520   618 0.75 -
Dbrb02094-RA         -            678 59703at7147          -            200   1.1e-14   54.2   0.0   1   1   4.9e-16   4.6e-14   52.2   0.0     2   162   380   589   379   608 0.68 -
Dbrb04116-RA         -           1542 59703at7147          -            200   2.2e-14   53.2   0.1   1   1   8.5e-16   7.8e-14   51.4   0.1    35   173   591   761   565   771 0.77 -
Dbrb12725-RA         -            549 59703at7147          -            200   3.7e-14   52.5   0.1   1   2     0.016       1.5    8.1   0.0     3    57   283   343   281   357 0.80 -
Dbrb12725-RA         -            549 59703at7147          -            200   3.7e-14   52.5   0.1   2   2   8.8e-13   8.2e-11   41.6   0.1    77   171   383   490   374   505 0.79 -
Dbrb00541-RA         -           1165 59703at7147          -            200   3.8e-14   52.5   0.0   1   1   1.7e-15   1.6e-13   50.5   0.0    17   172   636   826   628   841 0.77 -
Dbrb06663-RA         -           1097 59703at7147          -            200   9.6e-14   51.2   0.0   1   1   3.1e-15   2.9e-13   49.6   0.0    77   179   662   784   644   801 0.72 -
Dbrb13261-RA         -            798 59703at7147          -            200   1.1e-13   50.9   0.0   1   2    0.0028      0.26   10.5   0.0     6    79   459   548   454   554 0.70 -
Dbrb13261-RA         -            798 59703at7147          -            200   1.1e-13   50.9   0.0   2   2   1.4e-11   1.3e-09   37.7   0.0   101   171   648   727   645   735 0.77 -
Dbrb08623-RA         -           1485 59703at7147          -            200   1.7e-13   50.4   0.0   1   1   4.8e-14   4.5e-12   45.7   0.0    21   176   644   841   637   860 0.71 -
Dbrb04450-RA         -           2767 59703at7147          -            200     2e-13   50.1   0.0   1   2   4.6e-05    0.0043   16.4   0.0     4    79  2408  2495  2405  2499 0.73 -
Dbrb04450-RA         -           2767 59703at7147          -            200     2e-13   50.1   0.0   2   2   2.1e-09     2e-07   30.5   0.0    75   167  2512  2623  2507  2636 0.73 -
Dbrb02656-RA         -           1660 59703at7147          -            200   3.4e-13   49.4   0.0   1   1   1.6e-14   1.5e-12   47.2   0.0     2   169   132   337   131   365 0.65 -
Dbrb10372-RA         -            925 59703at7147          -            200   3.9e-13   49.2   0.0   1   2   2.1e-07   1.9e-05   24.1   0.0    73   140   334   402   233   407 0.63 -
Dbrb10372-RA         -            925 59703at7147          -            200   3.9e-13   49.2   0.0   2   2   3.7e-06   0.00034   20.0   0.0   124   167   407   458   404   472 0.80 -
Dbrb14748-RA         -            963 59703at7147          -            200   5.3e-13   48.7   0.0   1   1     5e-14   4.6e-12   45.7   0.0     6   172    16   230    12   245 0.68 -
Dbrb08485-RA         -            318 59703at7147          -            200   8.6e-13   48.0   1.0   1   2    0.0028      0.26   10.6   0.2    77   121   137   184    28   195 0.84 -
Dbrb08485-RA         -            318 59703at7147          -            200   8.6e-13   48.0   1.0   2   2   6.7e-10   6.2e-08   32.2   0.0   131   169   212   254   206   265 0.84 -
Dbrb05331-RA         -            779 59703at7147          -            200   1.3e-12   47.4   0.1   1   2   1.2e-08   1.1e-06   28.1   0.1    33   124   220   325   197   334 0.70 -
Dbrb05331-RA         -            779 59703at7147          -            200   1.3e-12   47.4   0.1   2   2   3.2e-05     0.003   16.9   0.0   127   168   525   568   521   586 0.84 -
Dbrb10449-RA         -           1176 59703at7147          -            200   3.9e-12   45.9   0.0   1   2   1.9e-11   1.8e-09   37.2   0.0    21   122   507   625   500   631 0.82 -
Dbrb10449-RA         -           1176 59703at7147          -            200   3.9e-12   45.9   0.0   2   2     0.099       9.2    5.5   0.0   131   171   667   713   648   730 0.74 -
Dbrb15516-RA         -            276 59703at7147          -            200   6.1e-12   45.3   0.1   1   2         3   2.7e+02    0.7   0.0     6    77    10    88     7    95 0.54 -
Dbrb15516-RA         -            276 59703at7147          -            200   6.1e-12   45.3   0.1   2   2   5.4e-13     5e-11   42.3   0.0    81   169   111   200   102   217 0.84 -
Dbrb02288-RA         -            357 59703at7147          -            200   7.5e-12   45.0   0.0   1   1   9.5e-12   8.8e-10   38.2   0.0    76   171   190   298    89   313 0.73 -
Dbrb07519-RA         -            594 59703at7147          -            200   1.1e-11   44.5   0.1   1   2   1.9e-09   1.8e-07   30.7   0.1     4   109   229   357   226   364 0.71 -
Dbrb07519-RA         -            594 59703at7147          -            200   1.1e-11   44.5   0.1   2   2    0.0025      0.23   10.7   0.0   129   160   412   445   388   456 0.79 -
Dbrb07308-RA         -            330 59703at7147          -            200   4.2e-11   42.5   0.3   1   2       4.9   4.5e+02   -0.0   0.0     2    22    18    38    17    46 0.87 -
Dbrb07308-RA         -            330 59703at7147          -            200   4.2e-11   42.5   0.3   2   2   1.3e-11   1.2e-09   37.7   0.1    72   124   109   162    98   167 0.89 -
Dbrb04466-RA         -            913 59703at7147          -            200   1.7e-10   40.6   0.1   1   2   8.2e-06   0.00076   18.8   0.1    78   113   460   496   443   501 0.84 -
Dbrb04466-RA         -            913 59703at7147          -            200   1.7e-10   40.6   0.1   2   2   7.3e-06   0.00068   19.0   0.0   126   181   750   806   726   813 0.75 -
Dbrb06616-RA         -            802 59703at7147          -            200     2e-10   40.3   0.0   1   1   4.3e-12   3.9e-10   39.4   0.0    78   174   618   721   613   728 0.82 -
Dbrb08043-RA         -            400 59703at7147          -            200   1.7e-09   37.3   0.0   1   1   1.3e-10   1.2e-08   34.5   0.0    70   124   120   177    32   258 0.81 -
Dbrb04711-RA         -            343 59703at7147          -            200   1.8e-09   37.2   0.7   1   3       7.3   6.8e+02   -0.6   0.0     2    18    20    36    19    95 0.85 -
Dbrb04711-RA         -            343 59703at7147          -            200   1.8e-09   37.2   0.7   2   3   2.5e-10   2.3e-08   33.6   0.2    73   124   111   165    98   170 0.84 -
Dbrb04711-RA         -            343 59703at7147          -            200   1.8e-09   37.2   0.7   3   3       4.4     4e+02    0.1   0.0   127   179   184   239   177   248 0.76 -
Dbrb04712-RA         -            343 59703at7147          -            200   1.9e-09   37.1   1.5   1   2   2.4e-10   2.3e-08   33.6   1.0    71   124   109   165    19   168 0.66 -
Dbrb04712-RA         -            343 59703at7147          -            200   1.9e-09   37.1   1.5   2   2       5.6   5.2e+02   -0.2   0.0   127   178   184   238   180   247 0.74 -
Dbrb06040-RA         -            381 59703at7147          -            200   2.8e-09   36.6   0.2   1   1     3e-10   2.8e-08   33.3   0.2    74   124    43    96    33   184 0.66 -
Dbrb04246-RA         -            508 59703at7147          -            200   4.2e-09   36.0   0.2   1   1     2e-10   1.8e-08   33.9   0.2    81   177   259   370   234   391 0.70 -
Dbrb18273-RA         -            537 59703at7147          -            200   5.2e-09   35.7   0.2   1   1   5.2e-10   4.8e-08   32.5   0.2    74   124   151   204   138   292 0.68 -
Dbrb04709-RA         -            834 59703at7147          -            200     6e-09   35.5   0.1   1   1   1.7e-10   1.5e-08   34.2   0.1    77   176   101   212    44   236 0.82 -
Dbrb03711-RA         -            777 59703at7147          -            200   2.7e-08   33.4   2.4   1   1   1.9e-08   1.7e-06   27.5   2.5    20   169   457   641   438   652 0.71 -
Dbrb03520-RA         -           1188 59703at7147          -            200   5.4e-08   32.4   2.2   1   3      0.22        20    4.4   0.0    17    69   362   416   354   430 0.71 -
Dbrb03520-RA         -           1188 59703at7147          -            200   5.4e-08   32.4   2.2   2   3   7.8e-05    0.0073   15.6   0.0    81   118   480   518   472   526 0.87 -
Dbrb03520-RA         -           1188 59703at7147          -            200   5.4e-08   32.4   2.2   3   3    0.0063      0.59    9.4   0.0   132   189   553   611   544   619 0.83 -
Dbrb15306-RA         -            480 59703at7147          -            200   2.8e-07   30.0   0.0   1   1   4.7e-09   4.4e-07   29.4   0.0    14    81   313   385   294   391 0.83 -
Dbrb03685-RA         -            453 59703at7147          -            200   3.5e-07   29.7   0.0   1   1   1.6e-08   1.5e-06   27.7   0.0    80   168   293   391   210   402 0.73 -
Dbrb06404-RA         -            855 59703at7147          -            200   6.7e-07   28.8   0.0   1   1   2.5e-05    0.0023   17.2   0.0    79   159   145   249    55   274 0.68 -
Dbrb06325-RA         -           1345 59703at7147          -            200   7.8e-07   28.6   0.0   1   2   1.5e-07   1.3e-05   24.6   0.0    22   123   462   581   455   591 0.77 -
Dbrb06325-RA         -           1345 59703at7147          -            200   7.8e-07   28.6   0.0   2   2       2.9   2.7e+02    0.7   0.0   147   170   635   658   628   668 0.85 -
Dbrb08567-RA         -            666 59703at7147          -            200   8.2e-07   28.5   0.0   1   2     2e-05    0.0018   17.6   0.1    34   118   165   275   145   282 0.73 -
Dbrb08567-RA         -            666 59703at7147          -            200   8.2e-07   28.5   0.0   2   2      0.12        11    5.2   0.0   129   176   302   350   298   370 0.78 -
Dbrb00740-RA         -            926 59703at7147          -            200   9.3e-07   28.3   0.0   1   2       0.1       9.7    5.4   0.0    23    79   678   738   665   746 0.79 -
Dbrb00740-RA         -            926 59703at7147          -            200   9.3e-07   28.3   0.0   2   2   3.2e-06   0.00029   20.2   0.0    77   176   761   871   757   897 0.73 -
Dbrb15569-RA         -            370 59703at7147          -            200     1e-06   28.2   0.9   1   1   4.1e-08   3.8e-06   26.3   0.3    74   124   119   172    26   175 0.80 -
Dbrb08200-RA         -            654 59703at7147          -            200   1.4e-06   27.8   0.2   1   2         6   5.6e+02   -0.3   0.0    51    83   384   419   361   429 0.78 -
Dbrb08200-RA         -            654 59703at7147          -            200   1.4e-06   27.8   0.2   2   2     3e-07   2.7e-05   23.5   0.2    82   180   491   599   484   620 0.68 -
Dbrb09801-RA         -            675 59703at7147          -            200   3.2e-06   26.6   0.0   1   1   5.9e-08   5.4e-06   25.8   0.0   122   168   527   574   523   587 0.86 -
Dbrb05567-RA         -           1330 59703at7147          -            200   3.6e-06   26.4   0.0   1   1   1.4e-06   0.00013   21.3   0.0     3   172    18   228    16   256 0.60 -
Dbrb05338-RA         -           1223 59703at7147          -            200     2e-05   24.0   0.0   1   2   0.00083     0.077   12.3   0.0    81   112   949   980   935   983 0.87 -
Dbrb05338-RA         -           1223 59703at7147          -            200     2e-05   24.0   0.0   2   2      0.01      0.96    8.7   0.0   125   169  1021  1072  1015  1086 0.77 -
Dbrb11237-RA         -            113 59703at7147          -            200   2.8e-05   23.5   0.1   1   1   3.4e-07   3.1e-05   23.4   0.1     7    83    14    96     8   104 0.71 -
Dbrb05303-RA         -            911 59703at7147          -            200   3.3e-05   23.3   0.0   1   1   8.5e-07   7.9e-05   22.0   0.0     5    81    30   117    27   128 0.75 -
Dbrb15366-RA         -            315 59703at7147          -            200   4.5e-05   22.8   0.1   1   2       7.7   7.1e+02   -0.7   0.0     8    39   129   167   123   179 0.53 -
Dbrb15366-RA         -            315 59703at7147          -            200   4.5e-05   22.8   0.1   2   2   2.3e-06   0.00022   20.6   0.0   139   171   191   222   178   232 0.83 -
Dbrb12848-RA         -           1176 59703at7147          -            200   7.1e-05   22.2   0.8   1   1   1.9e-06   0.00017   20.9   0.8    79   112   994  1028   893  1048 0.85 -
Dbrb01229-RA         -            231 59703at7147          -            200   0.00013   21.4   0.0   1   1   2.3e-06   0.00021   20.6   0.0   129   174    71   120    65   132 0.81 -
Dbrb02237-RA         -            946 59703at7147          -            200   0.00027   20.3   0.8   1   2   0.00067     0.062   12.6   0.1     2    62    48   117    47   128 0.74 -
Dbrb02237-RA         -            946 59703at7147          -            200   0.00027   20.3   0.8   2   2     0.099       9.2    5.5   0.0   140   184   165   208   150   214 0.82 -
Dbrb04015-RA         -            224 59703at7147          -            200    0.0018   17.6   0.1   1   1   2.8e-05    0.0026   17.1   0.1    79   126   109   160    21   172 0.81 -
Dbrb05733-RA         -           1387 59703at7147          -            200     0.002   17.5   0.0   1   1   7.3e-05    0.0068   15.7   0.0    84   121   131   168   120   174 0.92 -
Dbrb01544-RA         -            635 59703at7147          -            200    0.0036   16.6   0.3   1   1   0.00013     0.012   15.0   0.1    78   185   306   413   298   422 0.74 -
Dbrb05793-RA         -            760 59703at7147          -            200     0.005   16.2   0.0   1   1   9.2e-05    0.0085   15.4   0.0    82   130   157   209   136   235 0.76 -
Dbrb06071-RA         -            860 59703at7147          -            200    0.0055   16.0   0.0   1   1   0.00083     0.077   12.3   0.0    22   159    47   201    35   230 0.72 -
Dbrb02335-RA         -           1619 59703at7147          -            200    0.0088   15.4   0.2   1   1   0.00017     0.016   14.5   0.2    79   124  1436  1488  1406  1507 0.80 -
Dbrb11123-RA         -            224 59703at7147          -            200     0.025   13.9   0.1   1   1    0.0004     0.037   13.3   0.1   133   164   112   144   108   169 0.78 -
Dbrb09316-RA         -            580 59703at7147          -            200     0.041   13.2   0.1   1   1   0.00074     0.069   12.4   0.1    20    61   263   305   244   321 0.81 -
Dbrb02017-RA         -           1077 59703at7147          -            200      0.06   12.6   0.5   1   1    0.0018      0.17   11.2   0.5    83   116   287   320   275   323 0.88 -
#
# Program:         hmmsearch
# Version:         3.1b2 (February 2015)
# Pipeline mode:   SEARCH
# Query file:      /home/nmoreyra/Documents/Genomics/03_orthologs_search/00_Phylogenomics_BUSCO-groups/busco4_odb10/busco_downloads/lineages/diptera_odb10/hmms/59703at7147.hmm
# Target file:     /home/nmoreyra/Documents/Genomics/03_orthologs_search/00_Phylogenomics_BUSCO-groups/busco4_odb10/../00_proteins/Dbrb_proteins.fasta
# Option settings: /home/nmoreyra/Software/miniconda3/envs/busco4/bin/hmmsearch --domtblout /home/nmoreyra/Documents/Genomics/03_orthologs_search/00_Phylogenomics_BUSCO-groups/busco4_odb10/Dbrb_diptera/run_diptera_odb10/hmmer_output/initial_run_results/59703at7147.out --cpu 1 /home/nmoreyra/Documents/Genomics/03_orthologs_search/00_Phylogenomics_BUSCO-groups/busco4_odb10/busco_downloads/lineages/diptera_odb10/hmms/59703at7147.hmm /home/nmoreyra/Documents/Genomics/03_orthologs_search/00_Phylogenomics_BUSCO-groups/busco4_odb10/../00_proteins/Dbrb_proteins.fasta 
# Current dir:     /home/nmoreyra/Documents/Genomics/03_orthologs_search/00_Phylogenomics_BUSCO-groups/busco4_odb10
# Date:            Mon Jan 25 13:11:27 2021
# [ok]
