#                                                                            --- full sequence --- -------------- this domain -------------   hmm coord   ali coord   env coord
# target name        accession   tlen query name           accession   qlen   E-value  score  bias   #  of  c-Evalue  i-Evalue  score  bias  from    to  from    to  from    to  acc description of target
#------------------- ---------- ----- -------------------- ---------- ----- --------- ------ ----- --- --- --------- --------- ------ ----- ----- ----- ----- ----- ----- ----- ---- ---------------------
Dbrb03084-RA         -           1335 61566at7147          -            199   2.1e-11   43.7   3.6   1   3   4.7e-05     0.026   14.0   0.4    24   102   492   573   485   583 0.75 -
Dbrb03084-RA         -           1335 61566at7147          -            199   2.1e-11   43.7   3.6   2   3   1.3e-08   7.1e-06   25.6   0.4    22   193   558   738   554   743 0.86 -
Dbrb03084-RA         -           1335 61566at7147          -            199   2.1e-11   43.7   3.6   3   3    0.0056       3.2    7.2   0.0    82   142  1114  1183  1077  1193 0.68 -
Dbrb10710-RA         -            389 61566at7147          -            199   2.6e-09   36.9   7.7   1   1   4.7e-12   2.7e-09   36.8   6.7     1   177     1   188     1   203 0.78 -
Dbrb00490-RA         -           1425 61566at7147          -            199   3.5e-09   36.4  33.2   1   8    0.0061       3.4    7.1   0.2    41    76   183   221   178   232 0.82 -
Dbrb00490-RA         -           1425 61566at7147          -            199   3.5e-09   36.4  33.2   2   8    0.0041       2.3    7.7   0.0    45    96   247   305   238   312 0.76 -
Dbrb00490-RA         -           1425 61566at7147          -            199   3.5e-09   36.4  33.2   3   8      0.26   1.4e+02    1.8   0.6    37    86   336   390   317   401 0.72 -
Dbrb00490-RA         -           1425 61566at7147          -            199   3.5e-09   36.4  33.2   4   8     0.013       7.2    6.1   7.1    24   137   396   519   393   520 0.74 -
Dbrb00490-RA         -           1425 61566at7147          -            199   3.5e-09   36.4  33.2   5   8     0.001      0.57    9.6   4.4    16    99   460   549   443   570 0.79 -
Dbrb00490-RA         -           1425 61566at7147          -            199   3.5e-09   36.4  33.2   6   8    0.0032       1.8    8.0   1.6    22   103   489   574   481   611 0.57 -
Dbrb00490-RA         -           1425 61566at7147          -            199   3.5e-09   36.4  33.2   7   8     0.036        20    4.6   0.3    63    96   628   661   601   668 0.78 -
Dbrb00490-RA         -           1425 61566at7147          -            199   3.5e-09   36.4  33.2   8   8   1.1e-05    0.0061   16.1   0.1    23    96   854   934   841   945 0.80 -
Dbrb03558-RA         -            542 61566at7147          -            199   1.8e-08   34.2  17.1   1   5      0.88     5e+02    0.0   0.0    26    61   100   140    95   155 0.66 -
Dbrb03558-RA         -            542 61566at7147          -            199   1.8e-08   34.2  17.1   2   5   1.1e-05    0.0063   16.0   0.6    49   101   154   206   148   218 0.93 -
Dbrb03558-RA         -            542 61566at7147          -            199   1.8e-08   34.2  17.1   3   5      0.01       5.8    6.3   0.2    24    77   267   324   253   326 0.47 -
Dbrb03558-RA         -            542 61566at7147          -            199   1.8e-08   34.2  17.1   4   5   3.2e-05     0.018   14.5   1.1    22    98   313   398   312   402 0.74 -
Dbrb03558-RA         -            542 61566at7147          -            199   1.8e-08   34.2  17.1   5   5    0.0041       2.3    7.6   0.6    47   109   389   457   381   468 0.75 -
Dbrb01848-RA         -            372 61566at7147          -            199     2e-07   30.7   1.3   1   1   7.2e-10   4.1e-07   29.7   1.3    27   138    23   142    13   154 0.81 -
Dbrb09443-RA         -            580 61566at7147          -            199     8e-07   28.7  16.6   1   4   0.00028      0.16   11.5   0.2    23    82   149   212   144   219 0.77 -
Dbrb09443-RA         -            580 61566at7147          -            199     8e-07   28.7  16.6   2   4   4.8e-07   0.00027   20.5   1.6    41   101   216   282   210   300 0.83 -
Dbrb09443-RA         -            580 61566at7147          -            199     8e-07   28.7  16.6   3   4     0.048        27    4.2   2.8    46    99   332   387   322   438 0.69 -
Dbrb09443-RA         -            580 61566at7147          -            199     8e-07   28.7  16.6   4   4      0.89     5e+02    0.0   0.0    43    86   395   441   382   453 0.74 -
Dbrb00073-RA         -           1400 61566at7147          -            199   6.8e-06   25.7  18.9   1   5      0.05        29    4.1   1.9    22    98    45   128    34   155 0.73 -
Dbrb00073-RA         -           1400 61566at7147          -            199   6.8e-06   25.7  18.9   2   5   0.00093      0.52    9.8   0.1    61    99   262   303   236   308 0.80 -
Dbrb00073-RA         -           1400 61566at7147          -            199   6.8e-06   25.7  18.9   3   5   8.1e-05     0.045   13.2   2.7    22   121   267   377   265   388 0.74 -
Dbrb00073-RA         -           1400 61566at7147          -            199   6.8e-06   25.7  18.9   4   5      0.11        60    3.0   0.0    20    62   514   557   493   574 0.75 -
Dbrb00073-RA         -           1400 61566at7147          -            199   6.8e-06   25.7  18.9   5   5    0.0023       1.3    8.4   0.1    24   100   665   748   658   780 0.55 -
Dbrb10155-RA         -            419 61566at7147          -            199   9.1e-06   25.3   0.1   1   1   2.6e-08   1.4e-05   24.6   0.1    20   143   153   283   142   306 0.89 -
Dbrb01068-RA         -            188 61566at7147          -            199   1.1e-05   25.0   0.5   1   2   1.6e-05    0.0091   15.5   0.1    28   106    34   115    18   127 0.72 -
Dbrb01068-RA         -            188 61566at7147          -            199   1.1e-05   25.0   0.5   2   2   3.1e-05     0.017   14.6   0.0    29    98    80   154    75   186 0.85 -
Dbrb00862-RA         -            710 61566at7147          -            199   1.4e-05   24.7   8.7   1   3       1.6   8.8e+02   -0.8   0.2    86   115   460   489   447   500 0.76 -
Dbrb00862-RA         -            710 61566at7147          -            199   1.4e-05   24.7   8.7   2   3   4.3e-07   0.00024   20.6   0.8    45   107   534   599   526   613 0.81 -
Dbrb00862-RA         -            710 61566at7147          -            199   1.4e-05   24.7   8.7   3   3    0.0019       1.1    8.7   0.3    65   131   601   673   595   679 0.84 -
Dbrb08935-RA         -           1118 61566at7147          -            199   1.6e-05   24.5  44.1   1  10       2.2   1.2e+03   -1.2   0.3    48    69   110   131   100   193 0.51 -
Dbrb08935-RA         -           1118 61566at7147          -            199   1.6e-05   24.5  44.1   2  10    0.0051       2.9    7.3   0.3    22    89   209   280   192   297 0.80 -
Dbrb08935-RA         -           1118 61566at7147          -            199   1.6e-05   24.5  44.1   3  10      0.29   1.7e+02    1.6   0.2    41    80   301   343   281   367 0.69 -
Dbrb08935-RA         -           1118 61566at7147          -            199   1.6e-05   24.5  44.1   4  10     0.026        14    5.1   1.0    45   100   353   414   329   436 0.71 -
Dbrb08935-RA         -           1118 61566at7147          -            199   1.6e-05   24.5  44.1   5  10     0.019        11    5.5   0.6    44   100   450   512   442   528 0.77 -
Dbrb08935-RA         -           1118 61566at7147          -            199   1.6e-05   24.5  44.1   6  10    0.0081       4.5    6.7   0.3    32    98   534   606   523   618 0.70 -
Dbrb08935-RA         -           1118 61566at7147          -            199   1.6e-05   24.5  44.1   7  10   4.9e-06    0.0028   17.2   0.7    37   100   683   752   665   773 0.82 -
Dbrb08935-RA         -           1118 61566at7147          -            199   1.6e-05   24.5  44.1   8  10       0.2   1.1e+02    2.2   0.3    43   113   737   789   730   816 0.52 -
Dbrb08935-RA         -           1118 61566at7147          -            199   1.6e-05   24.5  44.1   9  10      0.31   1.7e+02    1.5   0.1    46   114   815   890   807   897 0.63 -
Dbrb08935-RA         -           1118 61566at7147          -            199   1.6e-05   24.5  44.1  10  10    0.0096       5.4    6.4   0.4    18   100   858   933   844   956 0.70 -
Dbrb04624-RA         -            801 61566at7147          -            199   2.3e-05   24.0   7.1   1   4      0.67   3.8e+02    0.4   0.0    15    91   153   231   148   244 0.73 -
Dbrb04624-RA         -            801 61566at7147          -            199   2.3e-05   24.0   7.1   2   4      0.71     4e+02    0.3   0.0    65   100   231   269   179   273 0.65 -
Dbrb04624-RA         -            801 61566at7147          -            199   2.3e-05   24.0   7.1   3   4   0.00024      0.14   11.7   1.2    39    83   274   321   256   330 0.82 -
Dbrb04624-RA         -            801 61566at7147          -            199   2.3e-05   24.0   7.1   4   4   0.00027      0.15   11.5   0.2    24   100   331   413   327   426 0.77 -
Dbrb00476-RA         -           1414 61566at7147          -            199     3e-05   23.6  33.8   1   8      0.64   3.6e+02    0.5   0.0    43    75   151   186   146   193 0.76 -
Dbrb00476-RA         -           1414 61566at7147          -            199     3e-05   23.6  33.8   2   8    0.0018         1    8.8   0.0    44    90   214   264   197   280 0.78 -
Dbrb00476-RA         -           1414 61566at7147          -            199     3e-05   23.6  33.8   3   8     0.012       6.9    6.1   0.4    37    86   304   358   283   364 0.75 -
Dbrb00476-RA         -           1414 61566at7147          -            199     3e-05   23.6  33.8   4   8    0.0039       2.2    7.7   6.3    24   137   364   487   361   489 0.74 -
Dbrb00476-RA         -           1414 61566at7147          -            199     3e-05   23.6  33.8   5   8   0.00078      0.44   10.0   2.7    17    99   428   517   421   534 0.81 -
Dbrb00476-RA         -           1414 61566at7147          -            199     3e-05   23.6  33.8   6   8     0.011         6    6.3   1.6    24   112   459   551   457   579 0.63 -
Dbrb00476-RA         -           1414 61566at7147          -            199     3e-05   23.6  33.8   7   8     0.071        40    3.6   0.4    64    97   597   630   571   645 0.73 -
Dbrb00476-RA         -           1414 61566at7147          -            199     3e-05   23.6  33.8   8   8     0.024        13    5.2   0.9    40   128   840   936   821   946 0.74 -
Dbrb11397-RA         -           1405 61566at7147          -            199     3e-05   23.6  13.2   1   4      0.38   2.1e+02    1.2   0.5    45    98   246   305   223   321 0.61 -
Dbrb11397-RA         -           1405 61566at7147          -            199     3e-05   23.6  13.2   2   4    0.0013      0.73    9.3   1.8    24    89   320   389   311   400 0.76 -
Dbrb11397-RA         -           1405 61566at7147          -            199     3e-05   23.6  13.2   3   4     0.021        12    5.4   0.2    62   142   386   470   384   479 0.77 -
Dbrb11397-RA         -           1405 61566at7147          -            199     3e-05   23.6  13.2   4   4     3e-05     0.017   14.6   0.1    20    99   504   588   491   596 0.82 -
Dbrb02467-RA         -            840 61566at7147          -            199   3.1e-05   23.6  11.6   1   3   7.2e-05     0.041   13.4   0.9    38   111   240   320   234   331 0.77 -
Dbrb02467-RA         -            840 61566at7147          -            199   3.1e-05   23.6  11.6   2   3      0.14        81    2.6   1.1    59   101   339   384   319   387 0.64 -
Dbrb02467-RA         -            840 61566at7147          -            199   3.1e-05   23.6  11.6   3   3   3.9e-05     0.022   14.2   0.7    23   125   371   484   364   493 0.75 -
Dbrb15347-RA         -            552 61566at7147          -            199   0.00064   19.3   0.2   1   1   2.1e-06    0.0012   18.4   0.2    59   143   192   283   156   315 0.79 -
Dbrb09374-RA         -           1138 61566at7147          -            199    0.0019   17.7  13.2   1   5     0.066        37    3.7   0.5    37   100    89   151    78   153 0.82 -
Dbrb09374-RA         -           1138 61566at7147          -            199    0.0019   17.7  13.2   2   5    0.0047       2.6    7.5   1.1    40   104   136   204   107   220 0.72 -
Dbrb09374-RA         -           1138 61566at7147          -            199    0.0019   17.7  13.2   3   5     0.067        38    3.7   0.1    61    98   183   223   156   259 0.66 -
Dbrb09374-RA         -           1138 61566at7147          -            199    0.0019   17.7  13.2   4   5    0.0027       1.6    8.2   0.2    45   100   396   454   383   463 0.83 -
Dbrb09374-RA         -           1138 61566at7147          -            199    0.0019   17.7  13.2   5   5    0.0076       4.3    6.8   0.4    39    96   459   519   454   529 0.81 -
Dbrb04851-RA         -            422 61566at7147          -            199    0.0025   17.3   1.6   1   3       0.6   3.4e+02    0.6   0.0    61    82    80   101    56   126 0.71 -
Dbrb04851-RA         -            422 61566at7147          -            199    0.0025   17.3   1.6   2   3   3.2e-05     0.018   14.5   0.1    38    89   126   180   105   190 0.77 -
Dbrb04851-RA         -            422 61566at7147          -            199    0.0025   17.3   1.6   3   3       1.6     9e+02   -0.8   0.1    62   103   248   292   231   309 0.68 -
Dbrb11443-RA         -            182 61566at7147          -            199    0.0047   16.4   0.4   1   2     4e-05     0.022   14.2   0.2    29   105    32   114    24   136 0.77 -
Dbrb11443-RA         -            182 61566at7147          -            199    0.0047   16.4   0.4   2   2    0.0021       1.2    8.6   0.2    24   102    75   158    73   174 0.78 -
Dbrb10831-RA         -            370 61566at7147          -            199    0.0066   16.0  11.0   1   3     0.075        42    3.5   1.2    66   112    50    98    18   112 0.78 -
Dbrb10831-RA         -            370 61566at7147          -            199    0.0066   16.0  11.0   2   3    0.0048       2.7    7.4   0.0    41    99   125   187   111   191 0.76 -
Dbrb10831-RA         -            370 61566at7147          -            199    0.0066   16.0  11.0   3   3   0.00044      0.25   10.8   2.2    25    95   178   252   175   276 0.79 -
Dbrb04127-RA         -           1552 61566at7147          -            199    0.0081   15.7  39.9   1  10      0.35     2e+02    1.3   0.1    42    88    65   113    34   148 0.83 -
Dbrb04127-RA         -           1552 61566at7147          -            199    0.0081   15.7  39.9   2  10      0.43   2.4e+02    1.1   0.1    63   108   208   256   196   263 0.75 -
Dbrb04127-RA         -           1552 61566at7147          -            199    0.0081   15.7  39.9   3  10      0.12        66    2.9   1.1    61   100   256   298   229   318 0.75 -
Dbrb04127-RA         -           1552 61566at7147          -            199    0.0081   15.7  39.9   4  10    0.0059       3.3    7.1   0.4    43   110   283   358   263   362 0.75 -
Dbrb04127-RA         -           1552 61566at7147          -            199    0.0081   15.7  39.9   5  10      0.07        40    3.6   0.1    30    94   343   416   334   423 0.74 -
Dbrb04127-RA         -           1552 61566at7147          -            199    0.0081   15.7  39.9   6  10     0.038        21    4.5   0.3    61   115   428   489   415   501 0.80 -
Dbrb04127-RA         -           1552 61566at7147          -            199    0.0081   15.7  39.9   7  10      0.11        62    3.0   0.1    25    82   529   592   512   623 0.60 -
Dbrb04127-RA         -           1552 61566at7147          -            199    0.0081   15.7  39.9   8  10      0.13        71    2.8   1.7    22   101   552   638   540   662 0.71 -
Dbrb04127-RA         -           1552 61566at7147          -            199    0.0081   15.7  39.9   9  10    0.0029       1.6    8.2   0.5    43   101   717   781   680   796 0.73 -
Dbrb04127-RA         -           1552 61566at7147          -            199    0.0081   15.7  39.9  10  10    0.0014      0.79    9.2   1.2    28   100   821   900   815   926 0.77 -
Dbrb03080-RA         -            617 61566at7147          -            199     0.021   14.3   1.2   1   3       3.7   2.1e+03   -2.0   4.6    46   105   186   248   182   292 0.60 -
Dbrb03080-RA         -            617 61566at7147          -            199     0.021   14.3   1.2   2   3   3.7e-05     0.021   14.3   1.2    43   100   327   387   302   404 0.75 -
Dbrb03080-RA         -            617 61566at7147          -            199     0.021   14.3   1.2   3   3      0.22   1.2e+02    2.0   0.3    52    79   432   462   417   497 0.71 -
Dbrb01159-RA         -            688 61566at7147          -            199     0.024   14.1   0.5   1   2      0.26   1.5e+02    1.8   0.1    41    68   147   174   122   199 0.72 -
Dbrb01159-RA         -            688 61566at7147          -            199     0.024   14.1   0.5   2   2   0.00079      0.45   10.0   0.1    43   101   226   288   214   299 0.82 -
Dbrb01702-RA         -            346 61566at7147          -            199     0.025   14.1   3.8   1   2   0.00077      0.44   10.0   0.1    41    81    58   101    35   109 0.74 -
Dbrb01702-RA         -            346 61566at7147          -            199     0.025   14.1   3.8   2   2     0.033        19    4.7   1.1    41    82   106   149   102   224 0.62 -
Dbrb09230-RA         -            187 61566at7147          -            199     0.048   13.2   2.9   1   1     0.001      0.57    9.6   2.9    47   107    39   104    27   179 0.56 -
Dbrb01324-RA         -           1339 61566at7147          -            199     0.055   13.0  25.6   1   6    0.0014      0.79    9.2   1.5    42    97   352   411   325   415 0.69 -
Dbrb01324-RA         -           1339 61566at7147          -            199     0.055   13.0  25.6   2   6   0.00076      0.43   10.0   5.3    21    99   376   461   369   482 0.77 -
Dbrb01324-RA         -           1339 61566at7147          -            199     0.055   13.0  25.6   3   6    0.0011       0.6    9.6   1.3    17   101   420   510   414   513 0.79 -
Dbrb01324-RA         -           1339 61566at7147          -            199     0.055   13.0  25.6   4   6      0.11        62    3.0   0.4    40    84   515   562   496   579 0.70 -
Dbrb01324-RA         -           1339 61566at7147          -            199     0.055   13.0  25.6   5   6     0.077        43    3.5   1.4    24    96   546   625   522   633 0.66 -
Dbrb01324-RA         -           1339 61566at7147          -            199     0.055   13.0  25.6   6   6       0.2   1.1e+02    2.1   1.5    40    96   640   702   616   710 0.67 -
Dbrb03234-RA         -           1494 61566at7147          -            199     0.078   12.5   1.9   1   2   0.00074      0.42   10.1   0.1    22    99    33   117    28   121 0.81 -
Dbrb03234-RA         -           1494 61566at7147          -            199     0.078   12.5   1.9   2   2      0.62   3.5e+02    0.5   0.2    61    97   124   163   122   215 0.78 -
Dbrb17607-RA         -            349 61566at7147          -            199      0.13   11.8   0.6   1   2     0.001      0.58    9.6   0.2    41   100   126   183   110   198 0.81 -
Dbrb17607-RA         -            349 61566at7147          -            199      0.13   11.8   0.6   2   2       1.3   7.5e+02   -0.5   0.0    41    59   190   208   185   228 0.77 -
Dbrb05893-RA         -            359 61566at7147          -            199      0.14   11.6   0.3   1   1   0.00039      0.22   11.0   0.3    56   102    75   124    50   144 0.83 -
Dbrb11482-RA         -            980 61566at7147          -            199      0.22   11.0  10.3   1   4       1.6   9.2e+02   -0.8   0.1    42    77    98   133    77   146 0.71 -
Dbrb11482-RA         -            980 61566at7147          -            199      0.22   11.0  10.3   2   4      0.28   1.6e+02    1.7   0.2    32   106   227   307   205   309 0.66 -
Dbrb11482-RA         -            980 61566at7147          -            199      0.22   11.0  10.3   3   4   5.5e-05     0.031   13.8   0.6    61   112   308   362   304   390 0.83 -
Dbrb11482-RA         -            980 61566at7147          -            199      0.22   11.0  10.3   4   4       2.3   1.3e+03   -1.3   0.2    61    94   377   413   364   428 0.67 -
#
# Program:         hmmsearch
# Version:         3.1b2 (February 2015)
# Pipeline mode:   SEARCH
# Query file:      /home/nmoreyra/Documents/Genomics/03_orthologs_search/00_Phylogenomics_BUSCO-groups/busco4_odb10/busco_downloads/lineages/diptera_odb10/hmms/61566at7147.hmm
# Target file:     /home/nmoreyra/Documents/Genomics/03_orthologs_search/00_Phylogenomics_BUSCO-groups/busco4_odb10/../00_proteins/Dbrb_proteins.fasta
# Option settings: /home/nmoreyra/Software/miniconda3/envs/busco4/bin/hmmsearch --domtblout /home/nmoreyra/Documents/Genomics/03_orthologs_search/00_Phylogenomics_BUSCO-groups/busco4_odb10/Dbrb_diptera/run_diptera_odb10/hmmer_output/initial_run_results/61566at7147.out --cpu 1 /home/nmoreyra/Documents/Genomics/03_orthologs_search/00_Phylogenomics_BUSCO-groups/busco4_odb10/busco_downloads/lineages/diptera_odb10/hmms/61566at7147.hmm /home/nmoreyra/Documents/Genomics/03_orthologs_search/00_Phylogenomics_BUSCO-groups/busco4_odb10/../00_proteins/Dbrb_proteins.fasta 
# Current dir:     /home/nmoreyra/Documents/Genomics/03_orthologs_search/00_Phylogenomics_BUSCO-groups/busco4_odb10
# Date:            Mon Jan 25 13:11:59 2021
# [ok]
