#                                                                            --- full sequence --- -------------- this domain -------------   hmm coord   ali coord   env coord
# target name        accession   tlen query name           accession   qlen   E-value  score  bias   #  of  c-Evalue  i-Evalue  score  bias  from    to  from    to  from    to  acc description of target
#------------------- ---------- ----- -------------------- ---------- ----- --------- ------ ----- --- --- --------- --------- ------ ----- ----- ----- ----- ----- ----- ----- ---- ---------------------
Dbrb01676-RA         -            685 65709at7147          -            157     6e-70  233.8   3.1   1   2   1.8e-47     6e-44  149.3   0.8    10   111    44   161    38   173 0.88 -
Dbrb01676-RA         -            685 65709at7147          -            157     6e-70  233.8   3.1   2   2   2.4e-27   8.1e-24   83.9   0.1    55   157   577   683   561   683 0.71 -
Dbrb08910-RA         -            348 65709at7147          -            157   3.4e-06   26.7   0.0   1   2     3e-09     1e-05   25.1   0.0    12    66    53   107    43   159 0.91 -
Dbrb08910-RA         -            348 65709at7147          -            157   3.4e-06   26.7   0.0   2   2       1.3   4.3e+03   -2.9   0.0    19    45   188   214   178   220 0.77 -
Dbrb13688-RA         -            644 65709at7147          -            157   0.00011   21.8   0.0   1   2   6.9e-07    0.0023   17.4   0.0    15    49   526   560   511   573 0.82 -
Dbrb13688-RA         -            644 65709at7147          -            157   0.00011   21.8   0.0   2   2     0.067   2.3e+02    1.2   0.0    18    51   593   626   580   640 0.79 -
Dbrb16719-RA         -            135 65709at7147          -            157     0.073   12.6   0.0   1   1   2.7e-05     0.093   12.2   0.0    17    49    17    49     3    65 0.83 -
Dbrb04012-RA         -            399 65709at7147          -            157       9.3    5.7   6.8   1   2   0.00013      0.44   10.0   0.8    79   136     6    64     2    71 0.73 -
Dbrb04012-RA         -            399 65709at7147          -            157       9.3    5.7   6.8   2   2         2   6.9e+03   -3.6   0.7    82   115   214   247   201   253 0.46 -
#
# Program:         hmmsearch
# Version:         3.1b2 (February 2015)
# Pipeline mode:   SEARCH
# Query file:      /home/nmoreyra/Documents/Genomics/03_orthologs_search/00_Phylogenomics_BUSCO-groups/busco4_odb10/busco_downloads/lineages/diptera_odb10/hmms/65709at7147.hmm
# Target file:     /home/nmoreyra/Documents/Genomics/03_orthologs_search/00_Phylogenomics_BUSCO-groups/busco4_odb10/../00_proteins/Dbrb_proteins.fasta
# Option settings: /home/nmoreyra/Software/miniconda3/envs/busco4/bin/hmmsearch --domtblout /home/nmoreyra/Documents/Genomics/03_orthologs_search/00_Phylogenomics_BUSCO-groups/busco4_odb10/Dbrb_diptera/run_diptera_odb10/hmmer_output/initial_run_results/65709at7147.out --cpu 1 /home/nmoreyra/Documents/Genomics/03_orthologs_search/00_Phylogenomics_BUSCO-groups/busco4_odb10/busco_downloads/lineages/diptera_odb10/hmms/65709at7147.hmm /home/nmoreyra/Documents/Genomics/03_orthologs_search/00_Phylogenomics_BUSCO-groups/busco4_odb10/../00_proteins/Dbrb_proteins.fasta 
# Current dir:     /home/nmoreyra/Documents/Genomics/03_orthologs_search/00_Phylogenomics_BUSCO-groups/busco4_odb10
# Date:            Mon Jan 25 13:11:38 2021
# [ok]
