#                                                                            --- full sequence --- -------------- this domain -------------   hmm coord   ali coord   env coord
# target name        accession   tlen query name           accession   qlen   E-value  score  bias   #  of  c-Evalue  i-Evalue  score  bias  from    to  from    to  from    to  acc description of target
#------------------- ---------- ----- -------------------- ---------- ----- --------- ------ ----- --- --- --------- --------- ------ ----- ----- ----- ----- ----- ----- ----- ---- ---------------------
Dbrb16219-RA         -            383 65812at7147          -            257   1.9e-99  332.2   4.6   1   3   2.1e-57   2.6e-54  184.3   0.0     1   139     5   177     5   180 0.82 -
Dbrb16219-RA         -            383 65812at7147          -            257   1.9e-99  332.2   4.6   2   3   1.7e-24     2e-21   76.5   0.1   136   204   209   290   182   293 0.83 -
Dbrb16219-RA         -            383 65812at7147          -            257   1.9e-99  332.2   4.6   3   3   7.3e-23   8.9e-20   71.1   0.6   202   257   311   373   307   373 0.88 -
Dbrb03584-RA         -           1066 65812at7147          -            257   8.5e-37  126.9   6.5   1   3   1.2e-20   1.5e-17   63.9   1.5     1   126     3   146     3   170 0.77 -
Dbrb03584-RA         -           1066 65812at7147          -            257   8.5e-37  126.9   6.5   2   3     1e-11   1.2e-08   34.6   0.0     1    66   173   246   173   277 0.73 -
Dbrb03584-RA         -           1066 65812at7147          -            257   8.5e-37  126.9   6.5   3   3   3.4e-09   4.1e-06   26.4   0.1     1    72   280   354   280   369 0.76 -
Dbrb04748-RA         -           3644 65812at7147          -            257   1.6e-34  119.4  34.3   1   8   1.5e-06    0.0019   17.6   0.1     1    66  1658  1728  1658  1738 0.73 -
Dbrb04748-RA         -           3644 65812at7147          -            257   1.6e-34  119.4  34.3   2   8   1.4e-08   1.7e-05   24.3   0.3    28   110  1744  1837  1732  1850 0.78 -
Dbrb04748-RA         -           3644 65812at7147          -            257   1.6e-34  119.4  34.3   3   8   0.00052      0.62    9.4   0.3    27   233  1901  1937  1842  1954 0.49 -
Dbrb04748-RA         -           3644 65812at7147          -            257   1.6e-34  119.4  34.3   4   8   1.6e-05     0.019   14.3   0.4   203   235  1957  1991  1948  2019 0.71 -
Dbrb04748-RA         -           3644 65812at7147          -            257   1.6e-34  119.4  34.3   5   8   0.00026      0.32   10.3   0.0     1    65  2783  2852  2783  2860 0.70 -
Dbrb04748-RA         -           3644 65812at7147          -            257   1.6e-34  119.4  34.3   6   8   8.4e-06      0.01   15.2   0.1   168   203  2921  2956  2912  2959 0.92 -
Dbrb04748-RA         -           3644 65812at7147          -            257   1.6e-34  119.4  34.3   7   8   1.3e-05     0.015   14.6   0.3   198   245  3025  3074  2973  3081 0.86 -
Dbrb04748-RA         -           3644 65812at7147          -            257   1.6e-34  119.4  34.3   8   8     2e-05     0.024   14.0   0.1   203   245  3082  3126  3077  3145 0.77 -
Dbrb03970-RA         -            484 65812at7147          -            257   1.1e-26   93.8   4.4   1   5   2.3e-08   2.8e-05   23.6   0.0     4    66    48   114    43   119 0.82 -
Dbrb03970-RA         -            484 65812at7147          -            257   1.1e-26   93.8   4.4   2   5   7.2e-05     0.087   12.2   0.0   168   201   128   163   123   167 0.90 -
Dbrb03970-RA         -            484 65812at7147          -            257   1.1e-26   93.8   4.4   3   5   3.3e-08     4e-05   23.1   0.5     1    60   148   212   148   219 0.83 -
Dbrb03970-RA         -            484 65812at7147          -            257   1.1e-26   93.8   4.4   4   5   1.4e-13   1.7e-10   40.7   0.1     2   109   265   386   264   406 0.77 -
Dbrb03970-RA         -            484 65812at7147          -            257   1.1e-26   93.8   4.4   5   5    0.0023       2.8    7.2   0.0     1    42   366   414   366   419 0.67 -
Dbrb09071-RA         -            837 65812at7147          -            257   7.2e-19   68.1   2.5   1   3   0.00014      0.18   11.2   0.0    24    68   442   486   430   490 0.81 -
Dbrb09071-RA         -            837 65812at7147          -            257   7.2e-19   68.1   2.5   2   3   8.4e-09     1e-05   25.0   0.1     2    68   467   539   466   549 0.78 -
Dbrb09071-RA         -            837 65812at7147          -            257   7.2e-19   68.1   2.5   3   3   9.2e-14   1.1e-10   41.3   0.2    21   211   544   759   538   765 0.70 -
Dbrb06915-RA         -            459 65812at7147          -            257     9e-19   67.8  13.0   1   3     0.049        59    2.9   0.1    24    63    89   131    52   144 0.63 -
Dbrb06915-RA         -            459 65812at7147          -            257     9e-19   67.8  13.0   2   3   3.6e-07   0.00043   19.7   0.1   167   202   163   198   156   216 0.73 -
Dbrb06915-RA         -            459 65812at7147          -            257     9e-19   67.8  13.0   3   3   2.7e-14   3.3e-11   43.0   4.5    28   202   225   424   215   428 0.74 -
Dbrb07753-RA         -            487 65812at7147          -            257   4.6e-17   62.2   3.1   1   5    0.0057       6.9    5.9   0.0    37    63   126   152   108   163 0.60 -
Dbrb07753-RA         -            487 65812at7147          -            257   4.6e-17   62.2   3.1   2   5   2.5e-10     3e-07   30.0   0.1     4    64   140   206   137   218 0.83 -
Dbrb07753-RA         -            487 65812at7147          -            257   4.6e-17   62.2   3.1   3   5   6.2e-05     0.075   12.4   0.0    29    67   223   261   214   277 0.86 -
Dbrb07753-RA         -            487 65812at7147          -            257   4.6e-17   62.2   3.1   4   5    0.0003      0.36   10.2   0.0    27    62   297   332   281   344 0.64 -
Dbrb07753-RA         -            487 65812at7147          -            257   4.6e-17   62.2   3.1   5   5     0.011        14    5.0   0.0    30   100   354   429   344   469 0.64 -
Dbrb09058-RA         -            367 65812at7147          -            257   7.5e-16   58.3   8.5   1   4     0.048        58    2.9   0.1    62    86   129   153    68   163 0.53 -
Dbrb09058-RA         -            367 65812at7147          -            257   7.5e-16   58.3   8.5   2   4   3.8e-11   4.6e-08   32.7   3.4    27   102   173   259   159   264 0.80 -
Dbrb09058-RA         -            367 65812at7147          -            257   7.5e-16   58.3   8.5   3   4   2.8e-07   0.00033   20.1   0.2   168   203   226   261   219   276 0.69 -
Dbrb09058-RA         -            367 65812at7147          -            257   7.5e-16   58.3   8.5   4   4   4.8e-07   0.00058   19.3   0.0    31    63   299   331   283   346 0.87 -
Dbrb04749-RA         -           1338 65812at7147          -            257   5.9e-14   52.0   2.2   1   3   6.2e-06    0.0075   15.7   0.1    33   102   638   717   625   733 0.74 -
Dbrb04749-RA         -           1338 65812at7147          -            257   5.9e-14   52.0   2.2   2   3   0.00022      0.26   10.6   0.1   170   203   740   773   730   777 0.85 -
Dbrb04749-RA         -           1338 65812at7147          -            257   5.9e-14   52.0   2.2   3   3   3.2e-08   3.9e-05   23.1   0.0   108   200   785   874   774   880 0.86 -
Dbrb02449-RA         -           1188 65812at7147          -            257   8.8e-13   48.2   2.4   1   3     2e-06    0.0024   17.3   0.1     3    66   149   219   147   228 0.80 -
Dbrb02449-RA         -           1188 65812at7147          -            257   8.8e-13   48.2   2.4   2   3   2.5e-08     3e-05   23.5   0.1    25   101   233   322   224   357 0.72 -
Dbrb02449-RA         -           1188 65812at7147          -            257   8.8e-13   48.2   2.4   3   3     0.019        23    4.2   0.0    87   141   412   462   407   484 0.88 -
Dbrb10584-RA         -           2811 65812at7147          -            257   1.2e-12   47.8   9.2   1   4     0.083     1e+02    2.1   0.0    25    63   634   674   613   689 0.78 -
Dbrb10584-RA         -           2811 65812at7147          -            257   1.2e-12   47.8   9.2   2   4   4.2e-06    0.0051   16.2   1.0   121   231   649   771   631   789 0.71 -
Dbrb10584-RA         -           2811 65812at7147          -            257   1.2e-12   47.8   9.2   3   4   3.1e-07   0.00038   19.9   0.1   168   205   956   993   949  1000 0.88 -
Dbrb10584-RA         -           2811 65812at7147          -            257   1.2e-12   47.8   9.2   4   4   3.8e-05     0.046   13.1   0.2    27    60  1005  1038   998  1054 0.88 -
Dbrb09066-RA         -           1943 65812at7147          -            257   3.4e-09   36.4  13.1   1   6       6.2   7.6e+03   -4.0   0.0   221   249   997  1026   993  1032 0.81 -
Dbrb09066-RA         -           1943 65812at7147          -            257   3.4e-09   36.4  13.1   2   6       4.5   5.4e+03   -3.5   0.1    71    95  1113  1138  1104  1147 0.78 -
Dbrb09066-RA         -           1943 65812at7147          -            257   3.4e-09   36.4  13.1   3   6   9.1e-07    0.0011   18.4   1.8    26    69  1169  1211  1158  1279 0.73 -
Dbrb09066-RA         -           1943 65812at7147          -            257   3.4e-09   36.4  13.1   4   6     0.004       4.9    6.4   0.1   183   202  1284  1303  1254  1309 0.69 -
Dbrb09066-RA         -           1943 65812at7147          -            257   3.4e-09   36.4  13.1   5   6   0.00018      0.22   10.8   0.0   166   203  1482  1519  1478  1522 0.92 -
Dbrb09066-RA         -           1943 65812at7147          -            257   3.4e-09   36.4  13.1   6   6     0.032        39    3.5   0.0    31    66  1539  1574  1531  1585 0.78 -
Dbrb03974-RA         -           1080 65812at7147          -            257   5.5e-08   32.5   0.4   1   3     2e-07   0.00024   20.6   0.0   161   202    24    65     5    69 0.86 -
Dbrb03974-RA         -           1080 65812at7147          -            257   5.5e-08   32.5   0.4   2   3      0.61   7.3e+02   -0.7   0.0   115   194   103   125    88   141 0.64 -
Dbrb03974-RA         -           1080 65812at7147          -            257   5.5e-08   32.5   0.4   3   3    0.0021       2.5    7.4   0.0     4    55   162   216   159   230 0.81 -
Dbrb10140-RA         -           1481 65812at7147          -            257    0.0025   17.2   0.1   1   1   5.4e-06    0.0066   15.8   0.1     1    65   264   333   264   345 0.75 -
#
# Program:         hmmsearch
# Version:         3.1b2 (February 2015)
# Pipeline mode:   SEARCH
# Query file:      /home/nmoreyra/Documents/Genomics/03_orthologs_search/00_Phylogenomics_BUSCO-groups/busco4_odb10/busco_downloads/lineages/diptera_odb10/hmms/65812at7147.hmm
# Target file:     /home/nmoreyra/Documents/Genomics/03_orthologs_search/00_Phylogenomics_BUSCO-groups/busco4_odb10/../00_proteins/Dbrb_proteins.fasta
# Option settings: /home/nmoreyra/Software/miniconda3/envs/busco4/bin/hmmsearch --domtblout /home/nmoreyra/Documents/Genomics/03_orthologs_search/00_Phylogenomics_BUSCO-groups/busco4_odb10/Dbrb_diptera/run_diptera_odb10/hmmer_output/initial_run_results/65812at7147.out --cpu 1 /home/nmoreyra/Documents/Genomics/03_orthologs_search/00_Phylogenomics_BUSCO-groups/busco4_odb10/busco_downloads/lineages/diptera_odb10/hmms/65812at7147.hmm /home/nmoreyra/Documents/Genomics/03_orthologs_search/00_Phylogenomics_BUSCO-groups/busco4_odb10/../00_proteins/Dbrb_proteins.fasta 
# Current dir:     /home/nmoreyra/Documents/Genomics/03_orthologs_search/00_Phylogenomics_BUSCO-groups/busco4_odb10
# Date:            Mon Jan 25 13:11:43 2021
# [ok]
