#                                                                            --- full sequence --- -------------- this domain -------------   hmm coord   ali coord   env coord
# target name        accession   tlen query name           accession   qlen   E-value  score  bias   #  of  c-Evalue  i-Evalue  score  bias  from    to  from    to  from    to  acc description of target
#------------------- ---------- ----- -------------------- ---------- ----- --------- ------ ----- --- --- --------- --------- ------ ----- ----- ----- ----- ----- ----- ----- ---- ---------------------
Dbrb15515-RA         -            146 66044at7147          -             73   2.1e-20   72.9  20.4   1   1   2.5e-19   2.4e-16   59.9  20.4     2    72    19   120    18   121 0.78 -
Dbrb15514-RA         -            148 66044at7147          -             73   8.4e-09   35.7  15.2   1   1   1.9e-09   1.9e-06   28.1  15.2     5    72    20   121    16   122 0.69 -
Dbrb00713-RA         -            456 66044at7147          -             73   3.3e-07   30.6  13.2   1   2   0.00058      0.58   10.6   0.9     5    22   324   341   320   356 0.86 -
Dbrb00713-RA         -            456 66044at7147          -             73   3.3e-07   30.6  13.2   2   2     2e-06     0.002   18.5   7.1    21    73   359   425   350   425 0.66 -
Dbrb06786-RA         -            151 66044at7147          -             73   2.8e-06   27.6  14.4   1   1    0.0016       1.6    9.2  14.4     2    72    19   125    18   126 0.58 -
Dbrb13289-RA         -            155 66044at7147          -             73   0.00013   22.3  15.2   1   2   0.00028      0.28   11.6   1.3     5    18    21    34    17    53 0.84 -
Dbrb13289-RA         -            155 66044at7147          -             73   0.00013   22.3  15.2   2   2   0.00023      0.23   11.9   6.8    39    73    95   129    47   129 0.82 -
Dbrb15517-RA         -            204 66044at7147          -             73   0.00018   21.8   7.8   1   2   1.4e-05     0.014   15.7   0.7     4    23    24    43    21    56 0.86 -
Dbrb15517-RA         -            204 66044at7147          -             73   0.00018   21.8   7.8   2   2    0.0017       1.6    9.1   1.3    38    72   139   177   131   178 0.69 -
Dbrb07342-RA         -            148 66044at7147          -             73   0.00082   19.7  11.3   1   2   5.3e-05     0.053   13.9   1.0     5    24    22    41    18    56 0.83 -
Dbrb07342-RA         -            148 66044at7147          -             73   0.00082   19.7  11.3   2   2      0.01        10    6.6   3.4    35    72    77   127    61   128 0.54 -
Dbrb06787-RA         -            143 66044at7147          -             73    0.0041   17.5   1.8   1   2   4.1e-06    0.0041   17.5   1.8     2    22    17    37    16    45 0.88 -
Dbrb06787-RA         -            143 66044at7147          -             73    0.0041   17.5   1.8   2   2      0.61     6e+02    0.9   9.0     5    72    44   120    40   121 0.56 -
Dbrb00889-RA         -           3213 66044at7147          -             73    0.0043   17.4  12.4   1  10      0.54   5.4e+02    1.1  15.1     2    72   593   669   592   670 0.75 -
Dbrb00889-RA         -           3213 66044at7147          -             73    0.0043   17.4  12.4   2  10       1.2   1.2e+03   -0.0  13.1     8    71  1018  1086  1012  1088 0.74 -
Dbrb00889-RA         -           3213 66044at7147          -             73    0.0043   17.4  12.4   3  10      0.16   1.6e+02    2.8   9.5     5    71  1352  1430  1348  1431 0.71 -
Dbrb00889-RA         -           3213 66044at7147          -             73    0.0043   17.4  12.4   4  10      0.14   1.4e+02    3.0   2.4     7    21  1607  1621  1604  1640 0.81 -
Dbrb00889-RA         -           3213 66044at7147          -             73    0.0043   17.4  12.4   5  10      0.99   9.9e+02    0.2   8.1     8    23  1859  1874  1854  1930 0.76 -
Dbrb00889-RA         -           3213 66044at7147          -             73    0.0043   17.4  12.4   6  10      0.19   1.9e+02    2.5   9.0     9    70  2285  2350  2279  2353 0.77 -
Dbrb00889-RA         -           3213 66044at7147          -             73    0.0043   17.4  12.4   7  10       1.7   1.7e+03   -0.5   8.6     4    71  2613  2694  2610  2695 0.71 -
Dbrb00889-RA         -           3213 66044at7147          -             73    0.0043   17.4  12.4   8  10       8.6   8.6e+03   -2.8  12.1     8    71  2703  2771  2697  2773 0.69 -
Dbrb00889-RA         -           3213 66044at7147          -             73    0.0043   17.4  12.4   9  10    0.0069       6.9    7.2  11.5     8    71  2873  2947  2866  2949 0.72 -
Dbrb00889-RA         -           3213 66044at7147          -             73    0.0043   17.4  12.4  10  10   4.3e-06    0.0043   17.4  12.4     6    72  3113  3185  3109  3186 0.82 -
Dbrb07341-RA         -            148 66044at7147          -             73     0.022   15.2   1.1   1   2   2.2e-05     0.022   15.2   1.1     2    25    19    42    18    55 0.81 -
Dbrb07341-RA         -            148 66044at7147          -             73     0.022   15.2   1.1   2   2      0.11   1.1e+02    3.3   4.3    57    72   111   127    63   128 0.81 -
Dbrb07339-RA         -            157 66044at7147          -             73     0.052   13.9  14.2   1   1      0.12   1.2e+02    3.2  14.2    46    72   107   134    23   135 0.76 -
Dbrb07343-RA         -            153 66044at7147          -             73     0.054   13.9   0.9   1   3   5.4e-05     0.054   13.9   0.9     3    22    16    35    14    51 0.86 -
Dbrb07343-RA         -            153 66044at7147          -             73     0.054   13.9   0.9   2   3      0.23   2.3e+02    2.3   0.2    28    56    64    93    57   100 0.69 -
Dbrb07343-RA         -            153 66044at7147          -             73     0.054   13.9   0.9   3   3       0.1     1e+02    3.4   1.2     2    15   104   117   103   126 0.75 -
Dbrb16556-RA         -            159 66044at7147          -             73     0.093   13.1   4.4   1   2     0.016        16    6.0   0.1     6    17    24    37    19    56 0.75 -
Dbrb16556-RA         -            159 66044at7147          -             73     0.093   13.1   4.4   2   2    0.0039       3.8    8.0   1.3    57    72   111   126    85   127 0.80 -
Dbrb15522-RA         -            315 66044at7147          -             73       1.4    9.4  10.8   1   1    0.0033       3.3    8.2  10.8     4    71   209   288   207   290 0.71 -
Dbrb07344-RA         -            148 66044at7147          -             73       1.5    9.3   9.6   1   3    0.0013       1.3    9.5   2.5     4    24    20    40    17    54 0.81 -
Dbrb07344-RA         -            148 66044at7147          -             73       1.5    9.3   9.6   2   3      0.22   2.2e+02    2.3   0.1    11    50    49    92    43    99 0.68 -
Dbrb07344-RA         -            148 66044at7147          -             73       1.5    9.3   9.6   3   3       0.6     6e+02    0.9   0.3    64    72   117   125   110   126 0.82 -
Dbrb11236-RA         -            153 66044at7147          -             73       1.7    9.1   8.7   1   2    0.0012       1.2    9.6   0.5     3    20    19    34    17    56 0.78 -
Dbrb11236-RA         -            153 66044at7147          -             73       1.7    9.1   8.7   2   2     0.047        47    4.5   0.5    53    71   107   126   102   128 0.72 -
Dbrb00571-RA         -            137 66044at7147          -             73       3.3    8.2  17.6   1   1       4.2   4.2e+03   -1.8  17.6     3    72    13   107    11   108 0.52 -
#
# Program:         hmmsearch
# Version:         3.1b2 (February 2015)
# Pipeline mode:   SEARCH
# Query file:      /home/nmoreyra/Documents/Genomics/03_orthologs_search/00_Phylogenomics_BUSCO-groups/busco4_odb10/busco_downloads/lineages/diptera_odb10/hmms/66044at7147.hmm
# Target file:     /home/nmoreyra/Documents/Genomics/03_orthologs_search/00_Phylogenomics_BUSCO-groups/busco4_odb10/../00_proteins/Dbrb_proteins.fasta
# Option settings: /home/nmoreyra/Software/miniconda3/envs/busco4/bin/hmmsearch --domtblout /home/nmoreyra/Documents/Genomics/03_orthologs_search/00_Phylogenomics_BUSCO-groups/busco4_odb10/Dbrb_diptera/run_diptera_odb10/hmmer_output/initial_run_results/66044at7147.out --cpu 1 /home/nmoreyra/Documents/Genomics/03_orthologs_search/00_Phylogenomics_BUSCO-groups/busco4_odb10/busco_downloads/lineages/diptera_odb10/hmms/66044at7147.hmm /home/nmoreyra/Documents/Genomics/03_orthologs_search/00_Phylogenomics_BUSCO-groups/busco4_odb10/../00_proteins/Dbrb_proteins.fasta 
# Current dir:     /home/nmoreyra/Documents/Genomics/03_orthologs_search/00_Phylogenomics_BUSCO-groups/busco4_odb10
# Date:            Mon Jan 25 13:12:02 2021
# [ok]
