#                                                                            --- full sequence --- -------------- this domain -------------   hmm coord   ali coord   env coord
# target name        accession   tlen query name           accession   qlen   E-value  score  bias   #  of  c-Evalue  i-Evalue  score  bias  from    to  from    to  from    to  acc description of target
#------------------- ---------- ----- -------------------- ---------- ----- --------- ------ ----- --- --- --------- --------- ------ ----- ----- ----- ----- ----- ----- ----- ---- ---------------------
Dbrb03532-RA         -           1025 8820at7147           -            606  2.2e-282  938.0  19.8   1   4   3.8e-69   7.2e-66  223.0   0.0     1   134     6   145     6   151 0.94 -
Dbrb03532-RA         -           1025 8820at7147           -            606  2.2e-282  938.0  19.8   2   4  6.1e-209  1.2e-205  684.7   9.9   120   545   186   687   161   716 0.88 -
Dbrb03532-RA         -           1025 8820at7147           -            606  2.2e-282  938.0  19.8   3   4   0.00017      0.32    9.4   0.0   542   562   768   788   755   804 0.84 -
Dbrb03532-RA         -           1025 8820at7147           -            606  2.2e-282  938.0  19.8   4   4     6e-06     0.011   14.2   0.2   559   601   951   995   924  1003 0.77 -
Dbrb13729-RA         -            343 8820at7147           -            606   1.5e-40  139.3   0.0   1   2   5.3e-05       0.1   11.1   0.0   174   200     1    27     1    33 0.90 -
Dbrb13729-RA         -            343 8820at7147           -            606   1.5e-40  139.3   0.0   2   2   5.9e-40   1.1e-36  126.6   0.0   232   456    33   271    29   301 0.87 -
Dbrb12252-RA         -            361 8820at7147           -            606   7.8e-38  130.4   0.0   1   2     2e-10   3.7e-07   29.1   0.0   167   200     6    39     2    43 0.91 -
Dbrb12252-RA         -            361 8820at7147           -            606   7.8e-38  130.4   0.0   2   2   9.7e-32   1.8e-28   99.4   0.0   232   465    44   291    40   306 0.86 -
Dbrb09814-RA         -            879 8820at7147           -            606   1.4e-27   96.5   2.3   1   3   1.7e-08   3.3e-05   22.6   0.0   164   198    14    48     4    55 0.89 -
Dbrb09814-RA         -            879 8820at7147           -            606   1.4e-27   96.5   2.3   2   3   1.5e-08   2.8e-05   22.8   0.1   232   375    57   207    54   213 0.77 -
Dbrb09814-RA         -            879 8820at7147           -            606   1.4e-27   96.5   2.3   3   3   1.4e-16   2.6e-13   49.4   0.2   317   571   215   506   210   523 0.74 -
Dbrb09265-RA         -            723 8820at7147           -            606   6.5e-24   84.4   3.8   1   3   4.7e-06    0.0088   14.6   0.0   161   198     9    46     2    49 0.86 -
Dbrb09265-RA         -            723 8820at7147           -            606   6.5e-24   84.4   3.8   2   3   1.4e-11   2.7e-08   32.8   0.1   232   310    50   129    47   168 0.84 -
Dbrb09265-RA         -            723 8820at7147           -            606   6.5e-24   84.4   3.8   3   3   1.2e-12   2.2e-09   36.4   0.8   315   428   168   295   161   348 0.75 -
Dbrb13518-RA         -            383 8820at7147           -            606   1.2e-06   27.4   0.0   1   1   9.9e-10   1.9e-06   26.7   0.0   236   447   139   368   133   381 0.75 -
Dbrb13150-RA         -            507 8820at7147           -            606   4.6e-06   25.4   0.1   1   2     0.072   1.4e+02    0.8   0.0   173   202    97   126    87   130 0.82 -
Dbrb13150-RA         -            507 8820at7147           -            606   4.6e-06   25.4   0.1   2   2   1.4e-08   2.6e-05   23.0   0.0   232   352   128   245   121   381 0.86 -
Dbrb16289-RA         -           1396 8820at7147           -            606   1.7e-05   23.6   0.0   1   3     0.074   1.4e+02    0.7   0.0    32    93   121   184   115   191 0.73 -
Dbrb16289-RA         -           1396 8820at7147           -            606   1.7e-05   23.6   0.0   2   3   3.4e-05     0.064   11.8   0.0    20   123   205   314   196   349 0.72 -
Dbrb16289-RA         -           1396 8820at7147           -            606   1.7e-05   23.6   0.0   3   3    0.0011       2.1    6.8   0.0    24   110   411   503   400   514 0.82 -
Dbrb17316-RA         -            584 8820at7147           -            606   0.00022   19.9   0.2   1   2    0.0012       2.2    6.7   0.0   168   216   130   178   119   194 0.82 -
Dbrb17316-RA         -            584 8820at7147           -            606   0.00022   19.9   0.2   2   2   6.8e-05      0.13   10.8   0.0   266   349   201   280   193   287 0.90 -
#
# Program:         hmmsearch
# Version:         3.1b2 (February 2015)
# Pipeline mode:   SEARCH
# Query file:      /home/nmoreyra/Documents/Genomics/03_orthologs_search/00_Phylogenomics_BUSCO-groups/busco4_odb10/busco_downloads/lineages/diptera_odb10/hmms/8820at7147.hmm
# Target file:     /home/nmoreyra/Documents/Genomics/03_orthologs_search/00_Phylogenomics_BUSCO-groups/busco4_odb10/../00_proteins/Dbrb_proteins.fasta
# Option settings: /home/nmoreyra/Software/miniconda3/envs/busco4/bin/hmmsearch --domtblout /home/nmoreyra/Documents/Genomics/03_orthologs_search/00_Phylogenomics_BUSCO-groups/busco4_odb10/Dbrb_diptera/run_diptera_odb10/hmmer_output/initial_run_results/8820at7147.out --cpu 1 /home/nmoreyra/Documents/Genomics/03_orthologs_search/00_Phylogenomics_BUSCO-groups/busco4_odb10/busco_downloads/lineages/diptera_odb10/hmms/8820at7147.hmm /home/nmoreyra/Documents/Genomics/03_orthologs_search/00_Phylogenomics_BUSCO-groups/busco4_odb10/../00_proteins/Dbrb_proteins.fasta 
# Current dir:     /home/nmoreyra/Documents/Genomics/03_orthologs_search/00_Phylogenomics_BUSCO-groups/busco4_odb10
# Date:            Mon Jan 25 13:13:01 2021
# [ok]
