#                                                                            --- full sequence --- -------------- this domain -------------   hmm coord   ali coord   env coord
# target name        accession   tlen query name           accession   qlen   E-value  score  bias   #  of  c-Evalue  i-Evalue  score  bias  from    to  from    to  from    to  acc description of target
#------------------- ---------- ----- -------------------- ---------- ----- --------- ------ ----- --- --- --------- --------- ------ ----- ----- ----- ----- ----- ----- ----- ---- ---------------------
Dato05439-RA         -            688 15319at7147          -            574         0 1209.8  14.4   1   1         0         0 1209.6  14.4     1   574    47   655    47   655 0.96 -
Dato11195-RA         -            637 15319at7147          -            574  6.6e-279  925.8  17.3   1   1  7.6e-282  7.8e-279  925.6  17.3     8   548     3   559     1   600 0.93 -
Dato09822-RA         -            637 15319at7147          -            574    4e-254  844.0  15.9   1   1  4.7e-257  4.8e-254  843.7  15.9     7   554     2   570     1   602 0.94 -
Dato13198-RA         -            909 15319at7147          -            574    2e-198  660.1  18.0   1   1  2.5e-199  2.5e-196  653.2  18.0    11   547   300   828   288   847 0.93 -
Dato02371-RA         -            656 15319at7147          -            574  1.5e-189  630.8   8.0   1   1  1.9e-192    2e-189  630.4   8.0     6   565     8   591     4   598 0.92 -
Dato06531-RA         -            644 15319at7147          -            574    6e-189  628.8   3.6   1   1  7.9e-192  8.1e-189  628.4   3.6     9   563     6   584     3   594 0.92 -
Dato01967-RA         -            640 15319at7147          -            574  3.9e-187  622.8   2.4   1   1  5.1e-190  5.3e-187  622.4   2.4    10   563     4   581     2   592 0.91 -
Dato01969-RA         -            663 15319at7147          -            574  4.5e-187  622.6   2.4   1   1  5.9e-190    6e-187  622.2   2.4    10   563     4   581     2   592 0.91 -
Dato00498-RA         -            636 15319at7147          -            574  1.1e-179  598.2   5.2   1   1  1.4e-182  1.4e-179  597.9   5.2     7   540     4   560     2   591 0.88 -
Dato06383-RA         -            838 15319at7147          -            574   8.9e-63  212.3   0.5   1   1   3.2e-65   3.3e-62  210.4   0.5     8   480     2   491     1   513 0.78 -
Dato03628-RA         -            517 15319at7147          -            574   6.5e-24   83.9   0.0   1   1   2.1e-26   2.2e-23   82.2   0.0    10   371     5   401     3   410 0.77 -
Dato13372-RA         -            390 15319at7147          -            574   2.2e-08   32.7   5.4   1   2     0.028        29    2.6   0.1    10    60    65   117    60   140 0.79 -
Dato13372-RA         -            390 15319at7147          -            574   2.2e-08   32.7   5.4   2   2     5e-11   5.1e-08   31.5   1.9   142   365   157   377   135   384 0.73 -
Dato08377-RA         -            450 15319at7147          -            574   4.7e-08   31.6   0.0   1   3     0.031        32    2.4   0.0     9    36     2    31     1    45 0.75 -
Dato08377-RA         -            450 15319at7147          -            574   4.7e-08   31.6   0.0   2   3   2.5e-09   2.6e-06   25.8   0.0   122   209   133   228   111   262 0.85 -
Dato08377-RA         -            450 15319at7147          -            574   4.7e-08   31.6   0.0   3   3      0.37   3.8e+02   -1.1   0.0   254   283   336   365   326   415 0.79 -
Dato11055-RA         -            340 15319at7147          -            574   6.4e-06   24.5   0.0   1   1   1.1e-08   1.1e-05   23.7   0.0   141   237    99   190    90   216 0.86 -
Dato13053-RA         -            330 15319at7147          -            574   3.2e-05   22.2   1.5   1   2     0.046        47    1.9   0.0    10    56     5    52     2    71 0.71 -
Dato13053-RA         -            330 15319at7147          -            574   3.2e-05   22.2   1.5   2   2   2.7e-07   0.00027   19.1   0.2   140   214    96   170    73   190 0.88 -
Dato00014-RA         -            139 15319at7147          -            574      0.51    8.3   5.7   1   1    0.0008      0.82    7.7   5.7   507   558    24    75     6    81 0.87 -
#
# Program:         hmmsearch
# Version:         3.1b2 (February 2015)
# Pipeline mode:   SEARCH
# Query file:      /home/nmoreyra/Documents/Genomics/03_orthologs_search/00_Phylogenomics_BUSCO-groups/busco4_odb10/busco_downloads/lineages/diptera_odb10/hmms/15319at7147.hmm
# Target file:     /home/nmoreyra/Documents/Genomics/03_orthologs_search/00_Phylogenomics_BUSCO-groups/busco4_odb10/../00_proteins/Dato_proteins.fasta
# Option settings: /home/nmoreyra/Software/miniconda3/envs/busco4/bin/hmmsearch --domtblout /home/nmoreyra/Documents/Genomics/03_orthologs_search/00_Phylogenomics_BUSCO-groups/busco4_odb10/Dato_diptera/run_diptera_odb10/hmmer_output/initial_run_results/15319at7147.out --cpu 1 /home/nmoreyra/Documents/Genomics/03_orthologs_search/00_Phylogenomics_BUSCO-groups/busco4_odb10/busco_downloads/lineages/diptera_odb10/hmms/15319at7147.hmm /home/nmoreyra/Documents/Genomics/03_orthologs_search/00_Phylogenomics_BUSCO-groups/busco4_odb10/../00_proteins/Dato_proteins.fasta 
# Current dir:     /home/nmoreyra/Documents/Genomics/03_orthologs_search/00_Phylogenomics_BUSCO-groups/busco4_odb10
# Date:            Mon Jan 25 12:53:44 2021
# [ok]
