#                                                                            --- full sequence --- -------------- this domain -------------   hmm coord   ali coord   env coord
# target name        accession   tlen query name           accession   qlen   E-value  score  bias   #  of  c-Evalue  i-Evalue  score  bias  from    to  from    to  from    to  acc description of target
#------------------- ---------- ----- -------------------- ---------- ----- --------- ------ ----- --- --- --------- --------- ------ ----- ----- ----- ----- ----- ----- ----- ---- ---------------------
Dato05265-RA         -            616 16309at7147          -            648         0 1011.6   0.5   1   1         0         0 1011.4   0.5     1   648     1   616     1   616 0.92 -
Dato12618-RA         -           1414 16309at7147          -            648   2.7e-29  101.9   0.0   1   6      0.85     7e+02   -1.9   4.4   495   603   153   259   148   312 0.53 -
Dato12618-RA         -           1414 16309at7147          -            648   2.7e-29  101.9   0.0   2   6   3.3e-32   2.7e-29  101.9   0.0   244   396   371   525   364   531 0.85 -
Dato12618-RA         -           1414 16309at7147          -            648   2.7e-29  101.9   0.0   3   6      0.78   6.4e+02   -1.8   1.3   527   608   671   745   648   809 0.39 -
Dato12618-RA         -           1414 16309at7147          -            648   2.7e-29  101.9   0.0   4   6         4   3.3e+03   -4.1   2.4   556   629   948   993   913  1034 0.41 -
Dato12618-RA         -           1414 16309at7147          -            648   2.7e-29  101.9   0.0   5   6       3.3   2.7e+03   -3.9   1.3   530   567  1067  1101   998  1169 0.50 -
Dato12618-RA         -           1414 16309at7147          -            648   2.7e-29  101.9   0.0   6   6       4.9     4e+03   -4.4   9.7   513   637  1199  1326  1178  1365 0.51 -
Dato13688-RA         -            385 16309at7147          -            648   9.8e-11   40.6   0.1   1   2      0.96   7.9e+02   -2.1   2.5   551   609    32    91     3   170 0.52 -
Dato13688-RA         -            385 16309at7147          -            648   9.8e-11   40.6   0.1   2   2   1.2e-13   9.8e-11   40.6   0.1    26   128   209   316   190   327 0.81 -
Dato06023-RA         -            715 16309at7147          -            648   9.8e-10   37.2   0.1   1   1   1.8e-12   1.5e-09   36.7   0.1    25   105    18    97     4   120 0.83 -
Dato15534-RA         -            522 16309at7147          -            648   1.1e-09   37.1   0.1   1   2       1.6   1.3e+03   -2.9   0.7   178   196   331   349   306   381 0.42 -
Dato15534-RA         -            522 16309at7147          -            648   1.1e-09   37.1   0.1   2   2   1.3e-12   1.1e-09   37.1   0.1    32   104   420   497   398   501 0.76 -
Dato10756-RA         -            325 16309at7147          -            648   9.9e-08   30.6   0.0   1   1   1.6e-10   1.3e-07   30.2   0.0    37   122    98   187    83   200 0.82 -
Dato02058-RA         -            598 16309at7147          -            648   9.1e-06   24.1   0.9   1   2      0.19   1.5e+02    0.3   0.9   509   600    94   197    86   233 0.48 -
Dato02058-RA         -            598 16309at7147          -            648   9.1e-06   24.1   0.9   2   2   7.1e-08   5.8e-05   21.5   0.0   305   397   386   488   381   577 0.82 -
Dato03231-RA         -            568 16309at7147          -            648    0.0013   17.0   0.0   1   1   2.6e-06    0.0021   16.3   0.0    50   110   253   316   244   323 0.87 -
Dato01749-RA         -            167 16309at7147          -            648    0.0079   14.4   0.0   1   1   1.1e-05    0.0088   14.3   0.0    31   108    49   139    20   155 0.72 -
Dato02971-RA         -            781 16309at7147          -            648     0.019   13.2   0.0   1   2       1.4   1.1e+03   -2.6   1.1   505   567   362   435   350   461 0.39 -
Dato02971-RA         -            781 16309at7147          -            648     0.019   13.2   0.0   2   2   2.3e-05     0.019   13.2   0.0   236   350   521   634   514   639 0.83 -
Dato16531-RA         -            628 16309at7147          -            648     0.031   12.5  21.7   1   1   5.7e-05     0.047   11.9  21.7   452   608   365   523   355   564 0.70 -
Dato00977-RA         -           1557 16309at7147          -            648     0.032   12.4   3.5   1   3       1.3     1e+03   -2.5   1.2   477   523   139   184   109   217 0.62 -
Dato00977-RA         -           1557 16309at7147          -            648     0.032   12.4   3.5   2   3   0.00063      0.52    8.4   0.0   314   338   369   393   361   405 0.84 -
Dato00977-RA         -           1557 16309at7147          -            648     0.032   12.4   3.5   3   3     0.023        19    3.3   0.0   375   404   827   855   821   892 0.84 -
Dato12184-RA         -            266 16309at7147          -            648     0.048   11.8   0.1   1   1   7.1e-05     0.058   11.6   0.1   314   392    99   180    25   188 0.84 -
Dato13663-RA         -            621 16309at7147          -            648      0.05   11.8   0.0   1   1   0.00011     0.088   11.0   0.0   294   345   388   439   376   443 0.91 -
Dato04956-RA         -            402 16309at7147          -            648       0.1   10.7   0.0   1   2       1.4   1.1e+03   -2.6   0.0    66    86    45    65    43    73 0.88 -
Dato04956-RA         -            402 16309at7147          -            648       0.1   10.7   0.0   2   2   0.00032      0.27    9.4   0.0   311   399   169   269   160   303 0.78 -
Dato01421-RA         -            366 16309at7147          -            648      0.13   10.4   0.1   1   2    0.0014       1.1    7.3   0.0   312   391   131   219   122   226 0.68 -
Dato01421-RA         -            366 16309at7147          -            648      0.13   10.4   0.1   2   2      0.13   1.1e+02    0.8   0.0   415   455   287   325   280   350 0.76 -
Dato01483-RA         -            637 16309at7147          -            648      0.15   10.2   0.0   1   2      0.64   5.2e+02   -1.5   1.7   581   605   163   187    69   314 0.62 -
Dato01483-RA         -            637 16309at7147          -            648      0.15   10.2   0.0   2   2   0.00019      0.15   10.2   0.0   305   353   442   490   438   495 0.94 -
Dato01514-RA         -            883 16309at7147          -            648      0.17   10.0   0.0   1   3       1.9   1.6e+03   -3.1   7.1   521   601   219   299   214   351 0.46 -
Dato01514-RA         -            883 16309at7147          -            648      0.17   10.0   0.0   2   3       1.5   1.2e+03   -2.7   1.7   541   556   566   582   489   644 0.53 -
Dato01514-RA         -            883 16309at7147          -            648      0.17   10.0   0.0   3   3   0.00021      0.17   10.0   0.0   310   353   697   741   689   801 0.87 -
Dato01053-RA         -            593 16309at7147          -            648      0.18   10.0   9.3   1   2    0.0034       2.8    6.0   0.0   311   342   150   183   129   188 0.81 -
Dato01053-RA         -            593 16309at7147          -            648      0.18   10.0   9.3   2   2     0.015        12    3.9   7.0   524   614   337   429   323   460 0.47 -
Dato03027-RA         -            239 16309at7147          -            648      0.92    7.6  10.7   1   1    0.0014       1.2    7.3  10.7   499   605   121   223    97   235 0.47 -
#
# Program:         hmmsearch
# Version:         3.1b2 (February 2015)
# Pipeline mode:   SEARCH
# Query file:      /home/nmoreyra/Documents/Genomics/03_orthologs_search/00_Phylogenomics_BUSCO-groups/busco4_odb10/busco_downloads/lineages/diptera_odb10/hmms/16309at7147.hmm
# Target file:     /home/nmoreyra/Documents/Genomics/03_orthologs_search/00_Phylogenomics_BUSCO-groups/busco4_odb10/../00_proteins/Dato_proteins.fasta
# Option settings: /home/nmoreyra/Software/miniconda3/envs/busco4/bin/hmmsearch --domtblout /home/nmoreyra/Documents/Genomics/03_orthologs_search/00_Phylogenomics_BUSCO-groups/busco4_odb10/Dato_diptera/run_diptera_odb10/hmmer_output/initial_run_results/16309at7147.out --cpu 1 /home/nmoreyra/Documents/Genomics/03_orthologs_search/00_Phylogenomics_BUSCO-groups/busco4_odb10/busco_downloads/lineages/diptera_odb10/hmms/16309at7147.hmm /home/nmoreyra/Documents/Genomics/03_orthologs_search/00_Phylogenomics_BUSCO-groups/busco4_odb10/../00_proteins/Dato_proteins.fasta 
# Current dir:     /home/nmoreyra/Documents/Genomics/03_orthologs_search/00_Phylogenomics_BUSCO-groups/busco4_odb10
# Date:            Mon Jan 25 12:52:14 2021
# [ok]
