#                                                                            --- full sequence --- -------------- this domain -------------   hmm coord   ali coord   env coord
# target name        accession   tlen query name           accession   qlen   E-value  score  bias   #  of  c-Evalue  i-Evalue  score  bias  from    to  from    to  from    to  acc description of target
#------------------- ---------- ----- -------------------- ---------- ----- --------- ------ ----- --- --- --------- --------- ------ ----- ----- ----- ----- ----- ----- ----- ---- ---------------------
Dato06804-RA         -            614 20050at7147          -            526  1.6e-266  884.6   1.0   1   3   3.3e-72   6.8e-69  232.5   0.3     1   119    27   150    27   163 0.94 -
Dato06804-RA         -            614 20050at7147          -            526  1.6e-266  884.6   1.0   2   3  1.3e-185  2.7e-182  606.7   0.0   114   449   173   543   162   559 0.91 -
Dato06804-RA         -            614 20050at7147          -            526  1.6e-266  884.6   1.0   3   3   4.4e-14   9.1e-11   40.7   0.1   448   488   570   614   566   614 0.89 -
Dato17144-RA         -            806 20050at7147          -            526    1e-164  548.7   0.6   1   2  5.8e-158  1.2e-154  515.5   0.1     1   438     7   493     7   500 0.86 -
Dato17144-RA         -            806 20050at7147          -            526    1e-164  548.7   0.6   2   2   3.3e-09   6.7e-06   24.6   0.1   448   526   540   621   531   621 0.83 -
Dato10160-RA         -            815 20050at7147          -            526  5.6e-158  526.5   0.3   1   2  3.9e-157  8.1e-154  512.7   0.1     1   432     7   487     7   500 0.85 -
Dato10160-RA         -            815 20050at7147          -            526  5.6e-158  526.5   0.3   2   2    0.0012       2.4    6.3   0.0   444   507   536   602   525   610 0.85 -
Dato11008-RA         -            778 20050at7147          -            526  3.2e-129  431.6   0.0   1   2   5.8e-26   1.2e-22   79.9   0.0    47   110   322   389   312   399 0.87 -
Dato11008-RA         -            778 20050at7147          -            526  3.2e-129  431.6   0.0   2   2  1.1e-107  2.3e-104  349.5   0.0   118   399   420   723   411   740 0.91 -
Dato10280-RA         -            410 20050at7147          -            526    0.0093   14.2   0.1   1   2    0.0001      0.21    9.8   0.1     1    31    15    45    15    56 0.92 -
Dato10280-RA         -            410 20050at7147          -            526    0.0093   14.2   0.1   2   2     0.019        40    2.3   0.0   299   332   351   385   313   402 0.81 -
Dato11698-RA         -            401 20050at7147          -            526     0.095   10.9   0.8   1   2   0.00052       1.1    7.4   0.3     2    32    12    42    11    54 0.92 -
Dato11698-RA         -            401 20050at7147          -            526     0.095   10.9   0.8   2   2     0.032        65    1.5   0.0   303   332   348   378   331   383 0.81 -
Dato10062-RA         -           1356 20050at7147          -            526     0.099   10.8   3.5   1   2     0.003       6.1    4.9   0.5     2    37    11    46    10    65 0.87 -
Dato10062-RA         -           1356 20050at7147          -            526     0.099   10.8   3.5   2   2   0.00089       1.8    6.7   0.1     1    32   545   576   545   584 0.89 -
Dato06657-RA         -            504 20050at7147          -            526      0.18   10.0   3.7   1   2   3.8e-05     0.078   11.2   0.5     2    58    39    98    38   196 0.67 -
Dato06657-RA         -            504 20050at7147          -            526      0.18   10.0   3.7   2   2      0.17   3.5e+02   -0.8   0.1     3    39   212   247   211   254 0.83 -
#
# Program:         hmmsearch
# Version:         3.1b2 (February 2015)
# Pipeline mode:   SEARCH
# Query file:      /home/nmoreyra/Documents/Genomics/03_orthologs_search/00_Phylogenomics_BUSCO-groups/busco4_odb10/busco_downloads/lineages/diptera_odb10/hmms/20050at7147.hmm
# Target file:     /home/nmoreyra/Documents/Genomics/03_orthologs_search/00_Phylogenomics_BUSCO-groups/busco4_odb10/../00_proteins/Dato_proteins.fasta
# Option settings: /home/nmoreyra/Software/miniconda3/envs/busco4/bin/hmmsearch --domtblout /home/nmoreyra/Documents/Genomics/03_orthologs_search/00_Phylogenomics_BUSCO-groups/busco4_odb10/Dato_diptera/run_diptera_odb10/hmmer_output/initial_run_results/20050at7147.out --cpu 1 /home/nmoreyra/Documents/Genomics/03_orthologs_search/00_Phylogenomics_BUSCO-groups/busco4_odb10/busco_downloads/lineages/diptera_odb10/hmms/20050at7147.hmm /home/nmoreyra/Documents/Genomics/03_orthologs_search/00_Phylogenomics_BUSCO-groups/busco4_odb10/../00_proteins/Dato_proteins.fasta 
# Current dir:     /home/nmoreyra/Documents/Genomics/03_orthologs_search/00_Phylogenomics_BUSCO-groups/busco4_odb10
# Date:            Mon Jan 25 12:51:05 2021
# [ok]
