#                                                                            --- full sequence --- -------------- this domain -------------   hmm coord   ali coord   env coord
# target name        accession   tlen query name           accession   qlen   E-value  score  bias   #  of  c-Evalue  i-Evalue  score  bias  from    to  from    to  from    to  acc description of target
#------------------- ---------- ----- -------------------- ---------- ----- --------- ------ ----- --- --- --------- --------- ------ ----- ----- ----- ----- ----- ----- ----- ---- ---------------------
Dato03615-RA         -            413 20349at7147          -            242  7.6e-147  486.9   0.5   1   1  2.8e-147  3.3e-145  481.6   0.5     1   242   117   392   117   392 0.93 -
Dato13513-RA         -            240 20349at7147          -            242   1.9e-70  236.8   0.0   1   1     2e-72   2.3e-70  236.5   0.0     3   200    27   233    25   238 0.93 -
Dato01031-RA         -            316 20349at7147          -            242   5.9e-62  209.0   0.2   1   1     2e-63   2.4e-61  207.0   0.2     2   209    30   249    29   299 0.88 -
Dato14882-RA         -            267 20349at7147          -            242   1.1e-56  191.7   0.0   1   1   1.1e-58   1.3e-56  191.4   0.0     1   180    25   211    25   259 0.92 -
Dato16630-RA         -            351 20349at7147          -            242   6.5e-47  159.7   0.0   1   1   7.4e-49   8.8e-47  159.3   0.0     2   196    34   235    33   260 0.91 -
Dato04591-RA         -            975 20349at7147          -            242     1e-44  152.5   0.1   1   2     7e-46   8.2e-44  149.6   0.0     2   203   601   809   600   839 0.86 -
Dato04591-RA         -            975 20349at7147          -            242     1e-44  152.5   0.1   2   2       2.6   3.1e+02    0.3   0.0   218   234   860   876   854   880 0.87 -
Dato04956-RA         -            402 20349at7147          -            242   1.1e-44  152.4   0.0   1   1   1.5e-46   1.8e-44  151.7   0.0     5   205    94   298    91   325 0.88 -
Dato04667-RA         -           1224 20349at7147          -            242   1.9e-44  151.6   0.0   1   1   2.8e-46   3.4e-44  150.8   0.0     2   197   893  1104   892  1133 0.86 -
Dato13812-RA         -           1018 20349at7147          -            242   8.8e-43  146.2   0.0   1   1   1.6e-44   1.9e-42  145.1   0.0     4   197    73   282    70   309 0.84 -
Dato10478-RA         -            687 20349at7147          -            242   8.4e-42  143.0   0.0   1   1   1.1e-43   1.3e-41  142.3   0.0     5   204    29   229    26   244 0.88 -
Dato11831-RA         -            413 20349at7147          -            242   1.5e-41  142.2   0.0   1   1   2.3e-43   2.7e-41  141.3   0.0     6   192    50   239    46   290 0.89 -
Dato05315-RA         -            382 20349at7147          -            242   1.2e-39  135.9   0.0   1   1   1.9e-41   2.2e-39  135.1   0.0     1   196   112   318   112   326 0.87 -
Dato04150-RA         -            360 20349at7147          -            242   3.6e-34  118.0   0.1   1   1   4.7e-36   5.5e-34  117.4   0.1    21   196    29   212    10   224 0.81 -
Dato06164-RA         -            447 20349at7147          -            242   3.9e-34  117.9   0.1   1   2   2.5e-35     3e-33  115.0   0.0    15   196    55   265    43   281 0.79 -
Dato06164-RA         -            447 20349at7147          -            242   3.9e-34  117.9   0.1   2   2       2.1   2.4e+02    0.7   0.0    57    81   288   312   269   337 0.79 -
Dato14265-RA         -            361 20349at7147          -            242   1.9e-32  112.3   0.1   1   1     3e-34   3.6e-32  111.4   0.1    22   199    63   247    42   259 0.78 -
Dato01421-RA         -            366 20349at7147          -            242   5.2e-32  110.9   0.1   1   1   7.8e-34   9.2e-32  110.1   0.1    21   198    67   251    47   265 0.79 -
Dato14780-RA         -            263 20349at7147          -            242   1.8e-31  109.2   0.0   1   1   2.6e-33   3.1e-31  108.4   0.0    75   195    27   153    17   165 0.86 -
Dato00981-RA         -            534 20349at7147          -            242   1.4e-29  102.9   0.1   1   1   2.3e-31   2.8e-29  102.0   0.1    25   208    86   283    75   289 0.81 -
Dato01003-RA         -            366 20349at7147          -            242   1.6e-29  102.8   0.0   1   1   1.9e-31   2.3e-29  102.3   0.0     4   204    33   243    30   257 0.87 -
Dato11949-RA         -            366 20349at7147          -            242   5.5e-29  101.0   0.1   1   1   7.8e-31   9.3e-29  100.3   0.1     2   196    43   242    42   252 0.84 -
Dato15182-RA         -           1280 20349at7147          -            242   1.3e-28   99.8   0.8   1   1   3.9e-30   4.6e-28   98.0   0.8     4   192   168   377   165   391 0.78 -
Dato02796-RA         -            444 20349at7147          -            242   2.2e-28   99.1   0.9   1   1   2.7e-30   3.2e-28   98.5   0.3    25   213   186   380   180   386 0.86 -
Dato05276-RA         -           1723 20349at7147          -            242     9e-24   84.0   0.1   1   1   1.5e-25   1.8e-23   83.0   0.1     5   179    46   226    42   247 0.87 -
Dato15529-RA         -            385 20349at7147          -            242   3.2e-22   78.9   0.0   1   1   4.3e-24   5.1e-22   78.2   0.0    13   193    77   269    70   276 0.83 -
Dato14951-RA         -           1244 20349at7147          -            242   1.2e-20   73.7   0.1   1   1   2.6e-22   3.1e-20   72.4   0.1     3   196   716   915   714   928 0.80 -
Dato16865-RA         -            754 20349at7147          -            242   1.4e-20   73.5   0.1   1   1   1.9e-22   2.2e-20   72.8   0.1     2   196   223   423   222   433 0.79 -
Dato07650-RA         -            939 20349at7147          -            242   1.8e-19   69.9   0.1   1   1   3.1e-21   3.6e-19   68.9   0.1    37   198   233   398   202   423 0.80 -
Dato15822-RA         -            794 20349at7147          -            242   2.1e-18   66.4   0.1   1   1   3.2e-20   3.8e-18   65.5   0.1     4   174    28   201    26   209 0.87 -
Dato07619-RA         -            583 20349at7147          -            242   8.9e-18   64.3   0.0   1   1   1.1e-19   1.3e-17   63.8   0.0     5   172    53   225    49   265 0.86 -
Dato15574-RA         -            773 20349at7147          -            242   1.2e-17   64.0   0.0   1   1   1.7e-19     2e-17   63.2   0.0    23   175   136   301   119   311 0.81 -
Dato00259-RA         -            548 20349at7147          -            242   1.7e-17   63.4   0.0   1   1   3.2e-19   3.8e-17   62.3   0.0    23   175   197   359   177   372 0.85 -
Dato14399-RA         -            575 20349at7147          -            242   3.9e-17   62.2   0.2   1   1   6.4e-19   7.6e-17   61.3   0.2    24   185    71   237    54   244 0.89 -
Dato16412-RA         -            486 20349at7147          -            242   7.6e-17   61.3   0.2   1   1     1e-18   1.2e-16   60.6   0.2    24   185    71   237    54   244 0.90 -
Dato14123-RA         -           1391 20349at7147          -            242     1e-16   60.8   0.0   1   1   1.4e-18   1.7e-16   60.1   0.0     2   175   170   347   169   411 0.87 -
Dato00068-RA         -           1498 20349at7147          -            242   2.2e-16   59.8   0.0   1   1   3.4e-18     4e-16   58.9   0.0     5   170  1235  1411  1232  1427 0.81 -
Dato02743-RA         -            493 20349at7147          -            242   7.7e-16   58.0   0.1   1   1     1e-17   1.2e-15   57.4   0.1    23   171    53   206    35   220 0.85 -
Dato03429-RA         -            935 20349at7147          -            242     1e-15   57.6   0.0   1   1   1.4e-17   1.7e-15   56.9   0.0     5   177   641   821   638   847 0.84 -
Dato10635-RA         -            294 20349at7147          -            242   1.4e-15   57.1   0.0   1   1   1.6e-17   1.9e-15   56.7   0.0    22   175    62   218    41   233 0.84 -
Dato14669-RA         -            459 20349at7147          -            242   1.5e-15   57.1   0.1   1   1   2.2e-17   2.6e-15   56.3   0.1    20   171   203   362   191   368 0.80 -
Dato00457-RA         -            300 20349at7147          -            242     2e-15   56.7   0.0   1   1   2.2e-17   2.7e-15   56.2   0.0    25   171    75   229    64   249 0.78 -
Dato15361-RA         -            290 20349at7147          -            242   6.6e-15   54.9   0.0   1   1   7.2e-17   8.5e-15   54.6   0.0     5   200    35   241    32   258 0.78 -
Dato00454-RA         -            748 20349at7147          -            242   1.1e-14   54.2   0.0   1   1   1.7e-16     2e-14   53.3   0.0     3   234   254   509   253   516 0.78 -
Dato07595-RA         -            559 20349at7147          -            242   1.2e-14   54.0   0.0   1   1   1.9e-16   2.2e-14   53.2   0.0    25   174    76   234    56   295 0.83 -
Dato02677-RA         -           1438 20349at7147          -            242   1.9e-14   53.4   0.0   1   1   2.7e-16   3.3e-14   52.7   0.0     3   175    91   268    89   278 0.83 -
Dato10636-RA         -            328 20349at7147          -            242     2e-14   53.3   0.0   1   1   2.4e-16   2.8e-14   52.9   0.0    22   171    97   249    76   263 0.84 -
Dato01483-RA         -            637 20349at7147          -            242   3.1e-14   52.8   0.1   1   1   5.4e-16   6.4e-14   51.7   0.1     3   223   371   610   369   633 0.78 -
Dato15187-RA         -            396 20349at7147          -            242     4e-14   52.4   0.0   1   1   4.9e-16   5.8e-14   51.8   0.0     2   174   109   283   108   304 0.88 -
Dato04668-RA         -            776 20349at7147          -            242   8.9e-14   51.2   0.1   1   1   1.2e-15   1.5e-13   50.5   0.1     2   175    36   216    35   268 0.86 -
Dato02733-RA         -            396 20349at7147          -            242   9.4e-14   51.1   0.1   1   1   1.1e-15   1.3e-13   50.7   0.1     5   209   164   372   161   392 0.78 -
Dato13845-RA         -            532 20349at7147          -            242   1.4e-13   50.6   0.0   1   1   1.9e-15   2.3e-13   49.9   0.0     4   169    63   233    60   239 0.81 -
Dato15212-RA         -            263 20349at7147          -            242   1.4e-13   50.6   0.0   1   1   1.5e-15   1.8e-13   50.2   0.0    20   175    31   197    13   227 0.72 -
Dato13662-RA         -            803 20349at7147          -            242   1.5e-13   50.5   0.1   1   2   6.3e-06   0.00075   18.7   0.1    18   109   247   344   228   373 0.82 -
Dato13662-RA         -            803 20349at7147          -            242   1.5e-13   50.5   0.1   2   2   3.3e-09   3.9e-07   29.5   0.0   110   208   641   743   625   754 0.79 -
Dato02604-RA         -           1337 20349at7147          -            242   1.8e-13   50.3   0.0   1   1   3.6e-15   4.3e-13   49.0   0.0     4   176   605   785   602   820 0.77 -
Dato17527-RA         -            328 20349at7147          -            242   1.8e-13   50.2   0.0   1   1   2.1e-15   2.5e-13   49.8   0.0    24   175   114   273    91   297 0.80 -
Dato00958-RA         -            671 20349at7147          -            242   2.1e-13   50.0   0.0   1   1   2.7e-15   3.2e-13   49.4   0.0     2   171    35   206    34   212 0.82 -
Dato03108-RA         -           1666 20349at7147          -            242   2.2e-13   49.9   0.0   1   1   3.6e-15   4.3e-13   49.0   0.0    37   199   190   357   161   373 0.80 -
Dato15165-RA         -           1039 20349at7147          -            242   4.4e-13   49.0   0.0   1   1   7.5e-15   8.8e-13   48.0   0.0    21   171    70   222    48   232 0.79 -
Dato05082-RA         -           1478 20349at7147          -            242   7.9e-13   48.1   0.0   1   1   1.1e-14   1.3e-12   47.5   0.0    21   175    45   202    25   208 0.83 -
Dato12199-RA         -            578 20349at7147          -            242   8.4e-13   48.0   0.0   1   1   1.2e-14   1.4e-12   47.3   0.0    23   169   358   511   344   531 0.80 -
Dato02058-RA         -            598 20349at7147          -            242   1.1e-12   47.6   0.0   1   1   1.4e-14   1.7e-12   47.1   0.0     2   173   317   490   316   494 0.79 -
Dato15945-RA         -           1850 20349at7147          -            242   3.7e-12   45.9   0.0   1   1   6.1e-14   7.3e-12   45.0   0.0     9   176  1554  1724  1547  1729 0.88 -
Dato13887-RA         -           1661 20349at7147          -            242   5.6e-12   45.3   0.0   1   1   9.8e-14   1.2e-11   44.3   0.0     7   168    65   234    59   242 0.77 -
Dato12183-RA         -            220 20349at7147          -            242   9.5e-12   44.6   0.0   1   1     1e-13   1.2e-11   44.2   0.0     5   176    31   207    28   213 0.83 -
Dato05489-RA         -            675 20349at7147          -            242   1.1e-11   44.4   0.0   1   1   1.5e-13   1.8e-11   43.7   0.0     8   176    52   224    45   231 0.85 -
Dato04388-RA         -            495 20349at7147          -            242   1.3e-11   44.2   0.1   1   1   1.8e-13   2.1e-11   43.4   0.1    24   175   123   277    98   337 0.79 -
Dato06110-RA         -            992 20349at7147          -            242   1.3e-11   44.2   0.1   1   2     3e-06   0.00035   19.8   0.1    17   109   334   432   315   448 0.77 -
Dato06110-RA         -            992 20349at7147          -            242   1.3e-11   44.2   0.1   2   2   6.8e-07     8e-05   21.9   0.0   111   196   826   912   807   933 0.80 -
Dato15527-RA         -            707 20349at7147          -            242   1.7e-11   43.8   0.4   1   2   2.5e-06   0.00029   20.1   0.1    36   125   169   260   150   275 0.81 -
Dato15527-RA         -            707 20349at7147          -            242   1.7e-11   43.8   0.4   2   2   1.5e-06   0.00018   20.8   0.0   135   194   457   516   444   535 0.83 -
Dato07733-RA         -            355 20349at7147          -            242   1.8e-11   43.7   0.0   1   1     2e-13   2.4e-11   43.3   0.0    34   176    71   222    42   227 0.82 -
Dato05716-RA         -            692 20349at7147          -            242     2e-11   43.6   0.1   1   1   3.3e-13   3.9e-11   42.6   0.1    33   176   250   395   216   419 0.77 -
Dato01514-RA         -            883 20349at7147          -            242   2.3e-11   43.3   0.0   1   1   3.3e-13   3.9e-11   42.6   0.0     5   173   628   803   625   807 0.79 -
Dato13767-RA         -           1404 20349at7147          -            242   2.4e-11   43.3   0.0   1   1   1.1e-12   1.3e-10   40.8   0.0     5   167   162   336   159   344 0.75 -
Dato05598-RA         -            308 20349at7147          -            242   2.9e-11   43.0   0.0   1   1   3.4e-13     4e-11   42.5   0.0     4   167     8   176     5   186 0.82 -
Dato10601-RA         -            537 20349at7147          -            242   3.4e-11   42.8   0.4   1   2     0.087        10    5.2   0.1    31   173    57   219    51   233 0.63 -
Dato10601-RA         -            537 20349at7147          -            242   3.4e-11   42.8   0.4   2   2   5.6e-11   6.7e-09   35.3   0.0    25   169   319   472   298   484 0.76 -
Dato14775-RA         -            268 20349at7147          -            242     4e-11   42.5   0.0   1   1   4.5e-13   5.3e-11   42.1   0.0    28   173    23   174    16   233 0.85 -
Dato17273-RA         -            756 20349at7147          -            242   4.4e-11   42.4   0.0   1   1   5.8e-13   6.8e-11   41.8   0.0     3   188    40   228    38   247 0.81 -
Dato07449-RA         -            608 20349at7147          -            242     1e-10   41.2   0.4   1   1   2.7e-12   3.2e-10   39.6   0.4     4   173   371   531   368   538 0.82 -
Dato15326-RA         -            812 20349at7147          -            242   1.5e-10   40.7   0.0   1   1   2.1e-12   2.5e-10   40.0   0.0     7   174   566   738   563   752 0.82 -
Dato00224-RA         -            840 20349at7147          -            242     2e-10   40.3   0.0   1   1   3.1e-12   3.6e-10   39.4   0.0    22   173   146   302   126   314 0.76 -
Dato02201-RA         -            624 20349at7147          -            242   2.7e-10   39.9   0.0   1   1   4.4e-12   5.2e-10   38.9   0.0    48   173   100   235    54   244 0.81 -
Dato16940-RA         -            815 20349at7147          -            242   2.7e-10   39.9   0.7   1   3   4.2e-05     0.005   16.0   0.3    35   120   359   446   334   455 0.80 -
Dato16940-RA         -            815 20349at7147          -            242   2.7e-10   39.9   0.7   2   3   6.9e-06   0.00081   18.6   0.0   134   195   574   635   537   663 0.84 -
Dato16940-RA         -            815 20349at7147          -            242   2.7e-10   39.9   0.7   3   3       1.3   1.6e+02    1.3   0.0   195   234   712   752   706   759 0.69 -
Dato02971-RA         -            781 20349at7147          -            242     3e-10   39.7   0.0   1   1   4.4e-12   5.3e-10   38.9   0.0     6   178   509   701   505   714 0.75 -
Dato00150-RA         -           1246 20349at7147          -            242   4.2e-10   39.2   0.0   1   1     6e-12   7.1e-10   38.5   0.0    22   174   171   332   154   344 0.80 -
Dato02774-RA         -            691 20349at7147          -            242   8.2e-10   38.3   0.0   1   1   1.2e-11   1.4e-09   37.5   0.0    24   172   362   519   348   534 0.80 -
Dato10562-RA         -            917 20349at7147          -            242   8.5e-10   38.2   0.0   1   1   1.2e-11   1.4e-09   37.5   0.0    26   176   655   807   630   837 0.80 -
Dato01733-RA         -            483 20349at7147          -            242   1.2e-09   37.7   0.0   1   1   1.6e-11   1.9e-09   37.1   0.0    24   173    60   221    34   230 0.74 -
Dato06378-RA         -           2033 20349at7147          -            242   1.2e-09   37.7   0.1   1   2       5.8   6.8e+02   -0.8   0.1    63    99   230   264   210   287 0.77 -
Dato06378-RA         -           2033 20349at7147          -            242   1.2e-09   37.7   0.1   2   2   3.9e-10   4.6e-08   32.5   0.0    73   177  1756  1866  1661  1875 0.82 -
Dato03144-RA         -            927 20349at7147          -            242   1.6e-09   37.3   0.1   1   2   1.4e-05    0.0016   17.6   0.1    39   121   336   422   303   433 0.83 -
Dato03144-RA         -            927 20349at7147          -            242   1.6e-09   37.3   0.1   2   2     2e-05    0.0024   17.1   0.0   136   178   520   561   512   601 0.85 -
Dato16512-RA         -            290 20349at7147          -            242   1.9e-09   37.1   0.0   1   1   2.2e-11   2.6e-09   36.6   0.0    25   174    86   241    71   249 0.79 -
Dato05704-RA         -           4224 20349at7147          -            242   1.9e-09   37.1   0.1   1   2   4.9e-05    0.0058   15.8   0.0    26   236  3239  3455  3226  3459 0.67 -
Dato05704-RA         -           4224 20349at7147          -            242   1.9e-09   37.1   0.1   2   2   7.1e-06   0.00084   18.6   0.0    25   182  3946  4109  3926  4117 0.76 -
Dato01246-RA         -            771 20349at7147          -            242   2.3e-09   36.8   1.2   1   2   8.5e-09     1e-06   28.1   0.5    50   192   497   658   480   675 0.67 -
Dato01246-RA         -            771 20349at7147          -            242   2.3e-09   36.8   1.2   2   2       3.3   3.9e+02    0.0   0.0   221   235   728   742   707   748 0.81 -
Dato00273-RA         -            556 20349at7147          -            242   2.8e-09   36.5   0.2   1   1   5.2e-11   6.2e-09   35.4   0.0    14   170   155   318   144   357 0.80 -
Dato07867-RA         -           1074 20349at7147          -            242     4e-09   36.0   0.0   1   1   5.4e-11   6.4e-09   35.3   0.0     4   168   737   919   734   936 0.74 -
Dato07201-RA         -            822 20349at7147          -            242   5.2e-09   35.6   0.1   1   1   7.8e-11   9.3e-09   34.8   0.1    25   178    60   218    50   227 0.86 -
Dato01172-RA         -            281 20349at7147          -            242   6.2e-09   35.4   0.0   1   1   6.8e-11     8e-09   35.0   0.0     3   178    36   213    34   221 0.84 -
Dato14550-RA         -            430 20349at7147          -            242   7.4e-09   35.1   0.0   1   1   1.1e-10   1.3e-08   34.4   0.0    32   178    99   249    93   262 0.84 -
Dato01167-RA         -            268 20349at7147          -            242   7.6e-09   35.1   0.1   1   1   8.4e-11   9.9e-09   34.7   0.1     3   160    30   186    28   204 0.79 -
Dato13663-RA         -            621 20349at7147          -            242   9.3e-09   34.8   0.1   1   1   9.2e-10   1.1e-07   31.3   0.1    13   192   337   540   325   549 0.66 -
Dato04034-RA         -           1842 20349at7147          -            242   9.6e-09   34.8   0.0   1   1     2e-10   2.3e-08   33.5   0.0    45   174   168   309   140   375 0.75 -
Dato07849-RA         -            919 20349at7147          -            242   1.5e-08   34.1   0.1   1   2    0.0018      0.21   10.7   0.1    52   109   439   499   397   525 0.75 -
Dato07849-RA         -            919 20349at7147          -            242   1.5e-08   34.1   0.1   2   2   1.4e-06   0.00017   20.9   0.0   126   173   751   797   724   818 0.84 -
Dato06587-RA         -            789 20349at7147          -            242   1.7e-08   33.9   0.0   1   1   4.1e-10   4.8e-08   32.5   0.0    48   173    27   164    18   172 0.77 -
Dato14523-RA         -            267 20349at7147          -            242   1.7e-08   33.9   0.0   1   1   1.8e-10   2.2e-08   33.6   0.0    33   169    58   200    31   212 0.81 -
Dato04721-RA         -           1001 20349at7147          -            242   2.9e-08   33.2   0.0   1   1   3.9e-10   4.6e-08   32.5   0.0    28   169   201   344   182   353 0.81 -
Dato14189-RA         -            458 20349at7147          -            242   3.1e-08   33.1   0.0   1   1   4.3e-10     5e-08   32.4   0.0    27   179     6   168     3   176 0.75 -
Dato02609-RA         -           1106 20349at7147          -            242   3.5e-08   32.9   0.0   1   1   5.6e-10   6.7e-08   32.0   0.0    23   169   614   774   599   792 0.79 -
Dato06559-RA         -            458 20349at7147          -            242   3.9e-08   32.8   0.6   1   2   9.7e-06    0.0011   18.1   0.2    13   120   129   238   114   256 0.76 -
Dato06559-RA         -            458 20349at7147          -            242   3.9e-08   32.8   0.6   2   2    0.0004     0.047   12.9   0.0   137   181   293   338   273   352 0.81 -
Dato01093-RA         -           1138 20349at7147          -            242   6.2e-08   32.1   0.0   1   2   8.1e-06   0.00096   18.4   0.0    26   120   801   899   778   914 0.83 -
Dato01093-RA         -           1138 20349at7147          -            242   6.2e-08   32.1   0.0   2   2    0.0012      0.14   11.3   0.0   137   176   959   997   946  1057 0.72 -
Dato13717-RA         -            777 20349at7147          -            242   6.3e-08   32.1   0.0   1   1     9e-10   1.1e-07   31.3   0.0    66   182   556   676   536   727 0.81 -
Dato13147-RA         -            928 20349at7147          -            242   8.8e-08   31.6   0.0   1   2         2   2.4e+02    0.7   0.0     4    47    35    80    32    87 0.80 -
Dato13147-RA         -            928 20349at7147          -            242   8.8e-08   31.6   0.0   2   2   4.7e-09   5.6e-07   29.0   0.0    95   170    85   163    63   171 0.82 -
Dato17502-RA         -            676 20349at7147          -            242   1.1e-07   31.3   0.0   1   1   1.6e-09   1.9e-07   30.5   0.0    35   175    69   214    45   228 0.82 -
Dato07451-RA         -           1391 20349at7147          -            242   1.3e-07   31.0   0.0   1   1   2.8e-09   3.4e-07   29.7   0.0    38   173   124   266   101   297 0.75 -
Dato07537-RA         -            335 20349at7147          -            242   1.7e-07   30.7   0.0   1   1   1.9e-09   2.3e-07   30.2   0.0    53   187   121   265   105   318 0.75 -
Dato14165-RA         -           8956 20349at7147          -            242   1.8e-07   30.6   0.0   1   1   2.9e-09   3.4e-07   29.7   0.0    25   179  8082  8241  8076  8295 0.85 -
Dato05682-RA         -           1633 20349at7147          -            242   1.9e-07   30.5   0.0   1   1   3.6e-09   4.3e-07   29.4   0.0    14   199   142   337   131   376 0.74 -
Dato14320-RA         -           1268 20349at7147          -            242   2.6e-07   30.1   0.0   1   1     7e-09   8.3e-07   28.4   0.0     5   168   916  1098   913  1119 0.69 -
Dato04100-RA         -           2734 20349at7147          -            242   3.5e-07   29.7   0.0   1   1   5.9e-09   6.9e-07   28.7   0.0    36   175   920  1077   884  1084 0.76 -
Dato07536-RA         -           1283 20349at7147          -            242   3.8e-07   29.5   0.0   1   1   5.4e-09   6.4e-07   28.8   0.0    86   187   305   411   298   461 0.82 -
Dato04506-RA         -            746 20349at7147          -            242   4.5e-07   29.3   0.0   1   1   6.6e-09   7.8e-07   28.5   0.0    49   168   180   299   150   305 0.81 -
Dato07717-RA         -           1261 20349at7147          -            242   5.9e-07   28.9   0.1   1   1   1.2e-08   1.5e-06   27.6   0.2     3   125   412   538   410   541 0.80 -
Dato00791-RA         -            488 20349at7147          -            242   8.7e-07   28.3   0.0   1   1   1.7e-08     2e-06   27.2   0.0    84   170   310   405   242   426 0.68 -
Dato05216-RA         -           4546 20349at7147          -            242   9.8e-07   28.2   0.0   1   1   1.7e-08     2e-06   27.2   0.0    23   178  3962  4122  3944  4131 0.80 -
Dato12170-RA         -           1562 20349at7147          -            242   1.1e-06   28.1   0.0   1   1   1.5e-08   1.8e-06   27.3   0.0    84   165   158   252    68   259 0.67 -
Dato02005-RA         -            426 20349at7147          -            242   1.1e-06   28.0   0.0   1   1   1.3e-08   1.5e-06   27.5   0.0    29   206   174   359   145   382 0.73 -
Dato13975-RA         -           1433 20349at7147          -            242   1.6e-06   27.4   0.0   1   1   2.3e-08   2.7e-06   26.7   0.0    73   175    30   134     3   140 0.78 -
Dato00236-RA         -            454 20349at7147          -            242   3.8e-06   26.2   0.9   1   1   7.7e-08   9.1e-06   25.0   0.9    26   167   229   380   211   399 0.79 -
Dato04549-RA         -           1542 20349at7147          -            242   2.5e-05   23.6   0.0   1   1   3.5e-07   4.1e-05   22.9   0.0     5   167   576   748   572   762 0.78 -
Dato14779-RA         -             81 20349at7147          -            242   2.6e-05   23.5   0.3   1   1   2.3e-07   2.7e-05   23.4   0.3     1    65     6    75     6    80 0.77 -
Dato10605-RA         -            351 20349at7147          -            242   2.8e-05   23.4   0.0   1   1   3.4e-07     4e-05   22.9   0.0    30   123   116   222    91   250 0.74 -
Dato07604-RA         -            343 20349at7147          -            242   2.9e-05   23.3   0.1   1   1   3.6e-07   4.3e-05   22.8   0.1    75   199   113   253    86   292 0.70 -
Dato07605-RA         -            343 20349at7147          -            242   5.5e-05   22.4   0.1   1   1   6.7e-07     8e-05   21.9   0.1    70   205   108   259    72   294 0.71 -
Dato01025-RA         -           2433 20349at7147          -            242    0.0001   21.5   0.0   1   1   2.1e-06   0.00024   20.3   0.0    13   111  1777  1878  1763  1961 0.79 -
Dato02826-RA         -           1326 20349at7147          -            242   0.00027   20.2   0.0   1   2      0.14        17    4.5   0.0     4    43   826   866   823   872 0.85 -
Dato02826-RA         -           1326 20349at7147          -            242   0.00027   20.2   0.0   2   2   0.00054     0.064   12.4   0.0    78   166  1121  1227  1104  1238 0.69 -
Dato02343-RA         -            339 20349at7147          -            242    0.0011   18.2   0.0   1   1   1.3e-05    0.0016   17.7   0.0    74   177   141   259   117   284 0.70 -
Dato10733-RA         -            326 20349at7147          -            242    0.0019   17.4   0.0   1   1   2.2e-05    0.0026   17.0   0.0    72   173   109   221    64   252 0.75 -
Dato14013-RA         -            926 20349at7147          -            242    0.0021   17.2   0.0   1   1   4.4e-05    0.0052   16.0   0.0     8   175   679   863   673   874 0.71 -
Dato00766-RA         -            520 20349at7147          -            242     0.012   14.8   0.0   1   1   0.00018     0.021   14.0   0.0    74   139   152   219   128   275 0.68 -
Dato00977-RA         -           1557 20349at7147          -            242     0.017   14.3   0.1   1   1    0.0015      0.18   10.9   0.0    83   124   735   780   723   851 0.65 -
Dato12129-RA         -            370 20349at7147          -            242     0.037   13.2   0.1   1   1   0.00048     0.057   12.6   0.1    75   123   120   175    86   201 0.76 -
Dato02828-RA         -            399 20349at7147          -            242      0.06   12.5   0.0   1   1   0.00072     0.085   12.0   0.0    83   128   133   185   103   256 0.69 -
#
# Program:         hmmsearch
# Version:         3.1b2 (February 2015)
# Pipeline mode:   SEARCH
# Query file:      /home/nmoreyra/Documents/Genomics/03_orthologs_search/00_Phylogenomics_BUSCO-groups/busco4_odb10/busco_downloads/lineages/diptera_odb10/hmms/20349at7147.hmm
# Target file:     /home/nmoreyra/Documents/Genomics/03_orthologs_search/00_Phylogenomics_BUSCO-groups/busco4_odb10/../00_proteins/Dato_proteins.fasta
# Option settings: /home/nmoreyra/Software/miniconda3/envs/busco4/bin/hmmsearch --domtblout /home/nmoreyra/Documents/Genomics/03_orthologs_search/00_Phylogenomics_BUSCO-groups/busco4_odb10/Dato_diptera/run_diptera_odb10/hmmer_output/initial_run_results/20349at7147.out --cpu 1 /home/nmoreyra/Documents/Genomics/03_orthologs_search/00_Phylogenomics_BUSCO-groups/busco4_odb10/busco_downloads/lineages/diptera_odb10/hmms/20349at7147.hmm /home/nmoreyra/Documents/Genomics/03_orthologs_search/00_Phylogenomics_BUSCO-groups/busco4_odb10/../00_proteins/Dato_proteins.fasta 
# Current dir:     /home/nmoreyra/Documents/Genomics/03_orthologs_search/00_Phylogenomics_BUSCO-groups/busco4_odb10
# Date:            Mon Jan 25 12:51:30 2021
# [ok]
