#                                                                            --- full sequence --- -------------- this domain -------------   hmm coord   ali coord   env coord
# target name        accession   tlen query name           accession   qlen   E-value  score  bias   #  of  c-Evalue  i-Evalue  score  bias  from    to  from    to  from    to  acc description of target
#------------------- ---------- ----- -------------------- ---------- ----- --------- ------ ----- --- --- --------- --------- ------ ----- ----- ----- ----- ----- ----- ----- ---- ---------------------
Dato15739-RA         -            949 22228at7147          -            582  1.6e-260  865.3  40.9   1   5   1.6e-94   5.4e-91  305.5   8.4     1   220     1   274     1   284 0.84 -
Dato15739-RA         -            949 22228at7147          -            582  1.6e-260  865.3  40.9   2   5      0.11   3.7e+02   -1.0   0.8   167   211   264   308   257   309 0.52 -
Dato15739-RA         -            949 22228at7147          -            582  1.6e-260  865.3  40.9   3   5   4.2e-15   1.4e-11   43.3   0.1   205   247   353   397   344   427 0.82 -
Dato15739-RA         -            949 22228at7147          -            582  1.6e-260  865.3  40.9   4   5   3.5e-07    0.0012   17.1   0.3   252   291   537   580   506   599 0.78 -
Dato15739-RA         -            949 22228at7147          -            582  1.6e-260  865.3  40.9   5   5  1.3e-157  4.4e-154  513.8  11.6   279   582   612   949   603   949 0.92 -
Dato14762-RA         -           1252 22228at7147          -            582   1.8e-26   92.4  14.0   1   3      0.33   1.1e+03   -2.6   2.0   250   310   380   438   287   499 0.61 -
Dato14762-RA         -           1252 22228at7147          -            582   1.8e-26   92.4  14.0   2   3     6e-20     2e-16   59.3   2.0    38   176   530   677   501   685 0.74 -
Dato14762-RA         -           1252 22228at7147          -            582   1.8e-26   92.4  14.0   3   3     2e-14   6.4e-11   41.1   0.0   439   576  1110  1250  1097  1252 0.81 -
Dato01596-RA         -           2073 22228at7147          -            582   3.7e-09   35.3   8.2   1   4         5   1.6e+04  -11.0  10.5   175   311   814   954   786   961 0.58 -
Dato01596-RA         -           2073 22228at7147          -            582   3.7e-09   35.3   8.2   2   4   1.1e-12   3.7e-09   35.3   8.2    22   247  1379  1618  1367  1629 0.71 -
Dato01596-RA         -           2073 22228at7147          -            582   3.7e-09   35.3   8.2   3   4      0.78   2.5e+03   -3.8   0.0   442   481  1717  1756  1710  1762 0.85 -
Dato01596-RA         -           2073 22228at7147          -            582   3.7e-09   35.3   8.2   4   4     0.044   1.5e+02    0.3   0.1   525   556  2028  2059  2011  2063 0.86 -
Dato07513-RA         -            446 22228at7147          -            582   1.3e-05   23.6   1.1   1   1   7.7e-09   2.5e-05   22.6   1.1   367   576   179   410   112   415 0.63 -
Dato16351-RA         -            470 22228at7147          -            582    0.0042   15.3   0.4   1   1   2.1e-06    0.0068   14.6   0.4   529   580   361   415   356   421 0.87 -
#
# Program:         hmmsearch
# Version:         3.1b2 (February 2015)
# Pipeline mode:   SEARCH
# Query file:      /home/nmoreyra/Documents/Genomics/03_orthologs_search/00_Phylogenomics_BUSCO-groups/busco4_odb10/busco_downloads/lineages/diptera_odb10/hmms/22228at7147.hmm
# Target file:     /home/nmoreyra/Documents/Genomics/03_orthologs_search/00_Phylogenomics_BUSCO-groups/busco4_odb10/../00_proteins/Dato_proteins.fasta
# Option settings: /home/nmoreyra/Software/miniconda3/envs/busco4/bin/hmmsearch --domtblout /home/nmoreyra/Documents/Genomics/03_orthologs_search/00_Phylogenomics_BUSCO-groups/busco4_odb10/Dato_diptera/run_diptera_odb10/hmmer_output/initial_run_results/22228at7147.out --cpu 1 /home/nmoreyra/Documents/Genomics/03_orthologs_search/00_Phylogenomics_BUSCO-groups/busco4_odb10/busco_downloads/lineages/diptera_odb10/hmms/22228at7147.hmm /home/nmoreyra/Documents/Genomics/03_orthologs_search/00_Phylogenomics_BUSCO-groups/busco4_odb10/../00_proteins/Dato_proteins.fasta 
# Current dir:     /home/nmoreyra/Documents/Genomics/03_orthologs_search/00_Phylogenomics_BUSCO-groups/busco4_odb10
# Date:            Mon Jan 25 12:51:52 2021
# [ok]
