#                                                                            --- full sequence --- -------------- this domain -------------   hmm coord   ali coord   env coord
# target name        accession   tlen query name           accession   qlen   E-value  score  bias   #  of  c-Evalue  i-Evalue  score  bias  from    to  from    to  from    to  acc description of target
#------------------- ---------- ----- -------------------- ---------- ----- --------- ------ ----- --- --- --------- --------- ------ ----- ----- ----- ----- ----- ----- ----- ---- ---------------------
Dato02182-RA         -            544 22318at7147          -            470  1.8e-295  979.6  17.1   1   2   6.9e-88   6.6e-85  285.3   2.0     1   131     6   136     6   145 0.98 -
Dato02182-RA         -            544 22318at7147          -            470  1.8e-295  979.6  17.1   2   2  1.2e-213  1.2e-210  700.0   7.6   126   470   154   527   146   527 0.95 -
Dato02841-RA         -            544 22318at7147          -            470     2e-68  230.9   8.1   1   1     6e-69   5.7e-66  222.9   8.1     3   467     5   521     2   524 0.80 -
Dato12272-RA         -            533 22318at7147          -            470     2e-62  211.2  15.3   1   1   1.4e-63   1.3e-60  205.2  15.3    15   466    23   530    13   532 0.81 -
Dato00109-RA         -            594 22318at7147          -            470   4.3e-62  210.1  15.3   1   2   1.6e-35   1.6e-32  112.6   0.3    22   131    61   170    49   175 0.95 -
Dato00109-RA         -            594 22318at7147          -            470   4.3e-62  210.1  15.3   2   2   4.9e-31   4.7e-28   97.8   9.2   122   465   184   571   173   574 0.76 -
Dato14807-RA         -            541 22318at7147          -            470   1.8e-57  194.9   9.9   1   2   6.2e-26     6e-23   81.0   2.0     7   127    23   143    15   152 0.91 -
Dato14807-RA         -            541 22318at7147          -            470   1.8e-57  194.9   9.9   2   2   2.6e-37   2.5e-34  118.5   1.6   123   468   163   538   142   540 0.80 -
Dato16211-RA         -            496 22318at7147          -            470   4.2e-54  183.7   6.7   1   1   7.4e-56   7.1e-53  179.7   6.7     9   424     8   434     3   478 0.81 -
Dato07362-RA         -            535 22318at7147          -            470   6.4e-54  183.1  13.2   1   1   4.2e-56     4e-53  180.5  13.2     6   465     8   489     5   493 0.82 -
Dato16320-RA         -            481 22318at7147          -            470   5.1e-52  176.9  14.0   1   1   3.5e-53   3.3e-50  170.9  14.0    49   466     5   478     1   480 0.80 -
Dato16550-RA         -            963 22318at7147          -            470   7.9e-47  159.8   8.7   1   2   1.1e-29   1.1e-26   93.4   0.5     2   129   435   565   434   574 0.90 -
Dato16550-RA         -            963 22318at7147          -            470   7.9e-47  159.8   8.7   2   2   1.1e-22   1.1e-19   70.3   2.4   122   466   583   950   577   954 0.76 -
Dato05621-RA         -            698 22318at7147          -            470   1.5e-46  158.8   7.2   1   1   1.5e-47   1.4e-44  152.3   7.2    11   441    10   488     3   523 0.77 -
Dato05573-RA         -            546 22318at7147          -            470   4.1e-44  150.8   7.7   1   2   6.2e-24     6e-21   74.4   0.4    20   130    30   140    14   151 0.94 -
Dato05573-RA         -            546 22318at7147          -            470   4.1e-44  150.8   7.7   2   2   1.5e-25   1.5e-22   79.7   2.3   120   436   152   486   138   530 0.70 -
Dato05252-RA         -           1817 22318at7147          -            470   1.2e-20   73.4   0.2   1   2   3.4e-23   3.3e-20   72.0   0.1   166   354   518   707   465   723 0.82 -
Dato05252-RA         -           1817 22318at7147          -            470   1.2e-20   73.4   0.2   2   2       1.1   1.1e+03   -2.3   0.0   323   369  1615  1663  1602  1667 0.78 -
Dato17214-RA         -            548 22318at7147          -            470   1.7e-06   26.8   0.9   1   2   1.7e-09   1.7e-06   26.8   0.9    19   124    13   122     3   158 0.79 -
Dato17214-RA         -            548 22318at7147          -            470   1.7e-06   26.8   0.9   2   2      0.11   1.1e+02    1.0   0.4   342   385   379   427   369   469 0.64 -
Dato11827-RA         -            567 22318at7147          -            470   3.3e-05   22.5   3.2   1   2   2.1e-07    0.0002   19.9   0.4    15   129    37   155    28   185 0.85 -
Dato11827-RA         -            567 22318at7147          -            470   3.3e-05   22.5   3.2   2   2     0.034        32    2.8   0.1   341   410   407   480   399   518 0.77 -
Dato11425-RA         -            546 22318at7147          -            470   4.8e-05   22.0   3.8   1   2   5.5e-08   5.3e-05   21.8   1.0    27   133    21   131     7   167 0.85 -
Dato11425-RA         -            546 22318at7147          -            470   4.8e-05   22.0   3.8   2   2      0.24   2.3e+02   -0.0   0.1   345   384   382   426   373   517 0.65 -
Dato07566-RA         -           1331 22318at7147          -            470   0.00052   18.6   1.8   1   2   5.4e-07   0.00052   18.6   1.8    13   130   785   906   774   967 0.87 -
Dato07566-RA         -           1331 22318at7147          -            470   0.00052   18.6   1.8   2   2      0.17   1.7e+02    0.4   0.2   344   418  1161  1245  1151  1292 0.65 -
Dato03948-RA         -            189 22318at7147          -            470     0.065   11.6   0.0   1   1     9e-05     0.087   11.2   0.0   206   255    31    80    19    90 0.89 -
#
# Program:         hmmsearch
# Version:         3.1b2 (February 2015)
# Pipeline mode:   SEARCH
# Query file:      /home/nmoreyra/Documents/Genomics/03_orthologs_search/00_Phylogenomics_BUSCO-groups/busco4_odb10/busco_downloads/lineages/diptera_odb10/hmms/22318at7147.hmm
# Target file:     /home/nmoreyra/Documents/Genomics/03_orthologs_search/00_Phylogenomics_BUSCO-groups/busco4_odb10/../00_proteins/Dato_proteins.fasta
# Option settings: /home/nmoreyra/Software/miniconda3/envs/busco4/bin/hmmsearch --domtblout /home/nmoreyra/Documents/Genomics/03_orthologs_search/00_Phylogenomics_BUSCO-groups/busco4_odb10/Dato_diptera/run_diptera_odb10/hmmer_output/initial_run_results/22318at7147.out --cpu 1 /home/nmoreyra/Documents/Genomics/03_orthologs_search/00_Phylogenomics_BUSCO-groups/busco4_odb10/busco_downloads/lineages/diptera_odb10/hmms/22318at7147.hmm /home/nmoreyra/Documents/Genomics/03_orthologs_search/00_Phylogenomics_BUSCO-groups/busco4_odb10/../00_proteins/Dato_proteins.fasta 
# Current dir:     /home/nmoreyra/Documents/Genomics/03_orthologs_search/00_Phylogenomics_BUSCO-groups/busco4_odb10
# Date:            Mon Jan 25 12:51:55 2021
# [ok]
