#                                                                            --- full sequence --- -------------- this domain -------------   hmm coord   ali coord   env coord
# target name        accession   tlen query name           accession   qlen   E-value  score  bias   #  of  c-Evalue  i-Evalue  score  bias  from    to  from    to  from    to  acc description of target
#------------------- ---------- ----- -------------------- ---------- ----- --------- ------ ----- --- --- --------- --------- ------ ----- ----- ----- ----- ----- ----- ----- ---- ---------------------
Dato02819-RA         -            759 24903at7147          -            659         0 1078.8  18.5   1   3   1.3e-61     2e-59  201.4   0.0     5   146    74   218    71   219 0.96 -
Dato02819-RA         -            759 24903at7147          -            659         0 1078.8  18.5   2   3   1.7e-54   2.6e-52  177.9   0.6   185   299   212   325   210   348 0.91 -
Dato02819-RA         -            759 24903at7147          -            659         0 1078.8  18.5   3   3  1.7e-215  2.7e-213  709.8  10.3   291   644   360   720   341   737 0.95 -
Dato16022-RA         -           1332 24903at7147          -            659  9.9e-134  446.9  22.6   1   3   1.4e-10   2.2e-08   32.8   0.1   128   233   210   315   191   329 0.86 -
Dato16022-RA         -           1332 24903at7147          -            659  9.9e-134  446.9  22.6   2   3   5.6e-22   8.7e-20   70.4   0.0    38   267   360   585   344   603 0.86 -
Dato16022-RA         -           1332 24903at7147          -            659  9.9e-134  446.9  22.6   3   3  1.8e-104  2.8e-102  343.0  18.9   325   627   704  1005   697  1010 0.95 -
Dato16880-RA         -           1157 24903at7147          -            659   1.9e-43  148.6  35.3   1   7   2.8e-10   4.4e-08   31.7   0.0   161   239    13    91     5   106 0.87 -
Dato16880-RA         -           1157 24903at7147          -            659   1.9e-43  148.6  35.3   2   7   1.3e-08     2e-06   26.2   0.7    63   224   119   282   101   291 0.83 -
Dato16880-RA         -           1157 24903at7147          -            659   1.9e-43  148.6  35.3   3   7     8e-05     0.012   13.7   0.3   138   221   290   375   281   382 0.83 -
Dato16880-RA         -           1157 24903at7147          -            659   1.9e-43  148.6  35.3   4   7   4.1e-07   6.3e-05   21.3   0.2   138   234   386   487   378   491 0.81 -
Dato16880-RA         -           1157 24903at7147          -            659   1.9e-43  148.6  35.3   5   7   5.6e-06   0.00088   17.5   0.3    71   173   488   590   473   603 0.78 -
Dato16880-RA         -           1157 24903at7147          -            659   1.9e-43  148.6  35.3   6   7   1.5e-11   2.3e-09   36.0   3.9    63   263   609   810   600   812 0.87 -
Dato16880-RA         -           1157 24903at7147          -            659   1.9e-43  148.6  35.3   7   7   1.5e-08   2.3e-06   26.1   1.3    31   191   796   955   791   966 0.84 -
Dato00750-RA         -           1315 24903at7147          -            659   1.3e-39  135.9  12.2   1   7   5.5e-09   8.6e-07   27.5   0.1    92   234   107   253    74   265 0.69 -
Dato00750-RA         -           1315 24903at7147          -            659   1.3e-39  135.9  12.2   2   7   7.8e-07   0.00012   20.4   0.0   138   240   280   384   265   400 0.87 -
Dato00750-RA         -           1315 24903at7147          -            659   1.3e-39  135.9  12.2   3   7   3.7e-14   5.8e-12   44.6   0.1    37   233   427   627   415   634 0.84 -
Dato00750-RA         -           1315 24903at7147          -            659   1.3e-39  135.9  12.2   4   7   5.7e-07   8.9e-05   20.8   0.9   137   236   551   654   547   667 0.85 -
Dato00750-RA         -           1315 24903at7147          -            659   1.3e-39  135.9  12.2   5   7   0.00012     0.019   13.1   0.4   164   237   582   655   579   691 0.57 -
Dato00750-RA         -           1315 24903at7147          -            659   1.3e-39  135.9  12.2   6   7   1.8e-06   0.00028   19.2   0.0    73   176   766   871   728   881 0.76 -
Dato00750-RA         -           1315 24903at7147          -            659   1.3e-39  135.9  12.2   7   7   3.8e-08   5.9e-06   24.7   0.1    72   235   887  1049   873  1070 0.86 -
Dato02645-RA         -            733 24903at7147          -            659   1.5e-39  135.7  24.4   1   2   1.1e-08   1.7e-06   26.5   0.8    21   226   118   328   102   347 0.75 -
Dato02645-RA         -            733 24903at7147          -            659   1.5e-39  135.7  24.4   2   2   3.9e-35     6e-33  113.9  16.8   324   621   396   701   381   730 0.89 -
Dato07690-RA         -            333 24903at7147          -            659   6.1e-34  117.2   6.6   1   1   4.7e-36   7.3e-34  116.9   6.6   356   640     3   297     1   312 0.86 -
Dato04561-RA         -           1552 24903at7147          -            659   1.2e-29  103.0  15.6   1   7    0.0014      0.22    9.6   0.1   153   245    60   154    51   162 0.82 -
Dato04561-RA         -           1552 24903at7147          -            659   1.2e-29  103.0  15.6   2   7     2e-05    0.0031   15.7   0.1    71   197   167   297   155   302 0.75 -
Dato04561-RA         -           1552 24903at7147          -            659   1.2e-29  103.0  15.6   3   7   7.8e-08   1.2e-05   23.7   0.0    73   233   292   457   283   463 0.84 -
Dato04561-RA         -           1552 24903at7147          -            659   1.2e-29  103.0  15.6   4   7   5.7e-09   8.9e-07   27.4   0.6    38   223   455   638   440   647 0.76 -
Dato04561-RA         -           1552 24903at7147          -            659   1.2e-29  103.0  15.6   5   7   1.6e-05    0.0025   16.0   1.0   139   233   600   695   599   708 0.85 -
Dato04561-RA         -           1552 24903at7147          -            659   1.2e-29  103.0  15.6   6   7   2.6e-07     4e-05   22.0   0.8    99   238   703   844   690   862 0.75 -
Dato04561-RA         -           1552 24903at7147          -            659   1.2e-29  103.0  15.6   7   7   5.1e-05     0.008   14.4   0.2    99   217   799   920   798   928 0.78 -
Dato17068-RA         -           1159 24903at7147          -            659   1.8e-29  102.4  18.7   1   7   9.1e-10   1.4e-07   30.1   0.1    87   245   144   313   118   317 0.74 -
Dato17068-RA         -           1159 24903at7147          -            659   1.8e-29  102.4  18.7   2   7   8.6e-05     0.013   13.6   0.2   120   217   300   402   289   407 0.78 -
Dato17068-RA         -           1159 24903at7147          -            659   1.8e-29  102.4  18.7   3   7     7e-06    0.0011   17.2   0.0   107   234   410   548   403   552 0.79 -
Dato17068-RA         -           1159 24903at7147          -            659   1.8e-29  102.4  18.7   4   7   8.6e-11   1.3e-08   33.5   3.2    73   238   554   721   548   729 0.82 -
Dato17068-RA         -           1159 24903at7147          -            659   1.8e-29  102.4  18.7   5   7   3.6e-07   5.5e-05   21.5   0.3   113   220   713   823   704   835 0.84 -
Dato17068-RA         -           1159 24903at7147          -            659   1.8e-29  102.4  18.7   6   7       0.6        93    0.9   0.0    71   103   904   936   873   942 0.83 -
Dato17068-RA         -           1159 24903at7147          -            659   1.8e-29  102.4  18.7   7   7         5   7.8e+02   -2.1   0.0   192   224   977  1011   963  1039 0.66 -
Dato14234-RA         -           1510 24903at7147          -            659   2.5e-29  101.9   9.8   1   5   3.8e-05    0.0059   14.8   0.5    19   110   110   198    98   201 0.83 -
Dato14234-RA         -           1510 24903at7147          -            659   2.5e-29  101.9   9.8   2   5   1.8e-10   2.9e-08   32.4   1.7   108   234   123   255   119   259 0.82 -
Dato14234-RA         -           1510 24903at7147          -            659   2.5e-29  101.9   9.8   3   5   2.5e-06   0.00039   18.7   0.1   137   233   375   473   339   540 0.79 -
Dato14234-RA         -           1510 24903at7147          -            659   2.5e-29  101.9   9.8   4   5     1e-08   1.6e-06   26.6   0.0   142   249   559   669   546   691 0.81 -
Dato14234-RA         -           1510 24903at7147          -            659   2.5e-29  101.9   9.8   5   5   2.2e-08   3.4e-06   25.5   0.1   119   232   755   868   747   875 0.84 -
Dato00093-RA         -           1461 24903at7147          -            659   9.8e-28   96.7  41.3   1   9   1.3e-12   2.1e-10   39.4   3.9    34   235   155   361   141   365 0.85 -
Dato00093-RA         -           1461 24903at7147          -            659   9.8e-28   96.7  41.3   2   9   0.00066       0.1   10.7   0.3   138   232   358   454   356   465 0.82 -
Dato00093-RA         -           1461 24903at7147          -            659   9.8e-28   96.7  41.3   3   9     0.018       2.8    5.9   0.0   178   231   475   527   455   539 0.80 -
Dato00093-RA         -           1461 24903at7147          -            659   9.8e-28   96.7  41.3   4   9   0.00012     0.019   13.1   0.0   141   244   483   591   478   613 0.63 -
Dato00093-RA         -           1461 24903at7147          -            659   9.8e-28   96.7  41.3   5   9     2e-05    0.0032   15.7   0.2   135   221   621   709   598   717 0.78 -
Dato00093-RA         -           1461 24903at7147          -            659   9.8e-28   96.7  41.3   6   9   6.2e-07   9.7e-05   20.7   1.4   131   227   737   835   704   850 0.76 -
Dato00093-RA         -           1461 24903at7147          -            659   9.8e-28   96.7  41.3   7   9    0.0051      0.79    7.8   0.9   183   226   936   978   858   993 0.62 -
Dato00093-RA         -           1461 24903at7147          -            659   9.8e-28   96.7  41.3   8   9   0.00031     0.048   11.8   0.0    72   194   993  1121   982  1159 0.76 -
Dato00093-RA         -           1461 24903at7147          -            659   9.8e-28   96.7  41.3   9   9       5.7   8.9e+02   -2.3   0.4   504   538  1289  1324  1284  1333 0.70 -
Dato05444-RA         -           1136 24903at7147          -            659   3.4e-25   88.3  32.5   1   6   3.2e-07   4.9e-05   21.7   1.3    38   219   101   285    40   287 0.81 -
Dato05444-RA         -           1136 24903at7147          -            659   3.4e-25   88.3  32.5   2   6   5.7e-05    0.0089   14.2   0.1   138   221   226   311   219   317 0.84 -
Dato05444-RA         -           1136 24903at7147          -            659   3.4e-25   88.3  32.5   3   6   1.1e-10   1.7e-08   33.1   3.5    78   239   287   448   284   469 0.87 -
Dato05444-RA         -           1136 24903at7147          -            659   3.4e-25   88.3  32.5   4   6   5.2e-06   0.00081   17.6   2.5    28   232   430   630   428   632 0.79 -
Dato05444-RA         -           1136 24903at7147          -            659   3.4e-25   88.3  32.5   5   6   2.5e-08   3.9e-06   25.3   0.1   138   234   606   707   604   715 0.81 -
Dato05444-RA         -           1136 24903at7147          -            659   3.4e-25   88.3  32.5   6   6   2.1e-05    0.0033   15.6   2.7    77   294   690   921   688   959 0.69 -
Dato06954-RA         -           1410 24903at7147          -            659     2e-23   82.5  16.0   1   6    0.0018      0.28    9.3   0.0   159   223    99   170    88   191 0.80 -
Dato06954-RA         -           1410 24903at7147          -            659     2e-23   82.5  16.0   2   6   7.9e-07   0.00012   20.4   0.0   137   236   216   318   202   326 0.84 -
Dato06954-RA         -           1410 24903at7147          -            659     2e-23   82.5  16.0   3   6   7.6e-10   1.2e-07   30.3   3.4   102   233   328   460   320   469 0.79 -
Dato06954-RA         -           1410 24903at7147          -            659     2e-23   82.5  16.0   4   6    0.0074       1.2    7.2   0.7   125   222   446   545   444   566 0.80 -
Dato06954-RA         -           1410 24903at7147          -            659     2e-23   82.5  16.0   5   6    0.0017      0.26    9.4   1.7   108   199   569   662   500   668 0.66 -
Dato06954-RA         -           1410 24903at7147          -            659     2e-23   82.5  16.0   6   6   0.00017     0.027   12.6   0.0     8   148   767   905   761   918 0.82 -
Dato05165-RA         -            491 24903at7147          -            659   2.6e-21   75.5  27.1   1   3   2.2e-11   3.5e-09   35.4   4.4   108   238    99   234    87   242 0.80 -
Dato05165-RA         -            491 24903at7147          -            659   2.6e-21   75.5  27.1   2   3   8.7e-13   1.4e-10   40.0   3.1    73   233   163   326   160   330 0.88 -
Dato05165-RA         -            491 24903at7147          -            659   2.6e-21   75.5  27.1   3   3   4.3e-09   6.7e-07   27.8   4.0    74   241   237   408   234   421 0.80 -
Dato06943-RA         -           1425 24903at7147          -            659   6.6e-20   70.8  20.3   1   6    0.0044      0.68    8.0   0.0   161   233   132   211   125   222 0.72 -
Dato06943-RA         -           1425 24903at7147          -            659   6.6e-20   70.8  20.3   2   6   1.5e-05    0.0023   16.1   0.1   138   236   246   347   242   358 0.84 -
Dato06943-RA         -           1425 24903at7147          -            659   6.6e-20   70.8  20.3   3   6   5.6e-10   8.7e-08   30.8   1.8   108   233   363   489   351   493 0.79 -
Dato06943-RA         -           1425 24903at7147          -            659   6.6e-20   70.8  20.3   4   6     0.011       1.7    6.7   0.4   137   221   487   573   482   594 0.82 -
Dato06943-RA         -           1425 24903at7147          -            659   6.6e-20   70.8  20.3   5   6    0.0024      0.38    8.8   0.3   114   194   604   686   570   699 0.75 -
Dato06943-RA         -           1425 24903at7147          -            659   6.6e-20   70.8  20.3   6   6   0.00049     0.076   11.1   0.0   146   238   814   909   792   944 0.49 -
Dato02151-RA         -            580 24903at7147          -            659   3.7e-18   65.1   3.6   1   2   1.8e-10   2.9e-08   32.4   0.1   132   232   141   243   121   248 0.80 -
Dato02151-RA         -            580 24903at7147          -            659   3.7e-18   65.1   3.6   2   2     6e-11   9.3e-09   34.0   1.4    38   261   242   448   236   456 0.76 -
Dato03505-RA         -            523 24903at7147          -            659   4.6e-18   64.7  12.3   1   3   9.5e-05     0.015   13.5   0.1   159   237   160   240   110   242 0.78 -
Dato03505-RA         -            523 24903at7147          -            659   4.6e-18   64.7  12.3   2   3   8.9e-13   1.4e-10   40.0   4.3    70   233   237   401   231   420 0.84 -
Dato03505-RA         -            523 24903at7147          -            659   4.6e-18   64.7  12.3   3   3   9.2e-06    0.0014   16.8   0.2   162   233   426   497   418   504 0.90 -
Dato05454-RA         -           1039 24903at7147          -            659   9.5e-16   57.1   8.8   1   3   1.9e-10   2.9e-08   32.3   0.7    56   226   268   444   259   458 0.83 -
Dato05454-RA         -           1039 24903at7147          -            659   9.5e-16   57.1   8.8   2   3   1.7e-06   0.00026   19.3   0.1   138   233   494   595   477   608 0.82 -
Dato05454-RA         -           1039 24903at7147          -            659   9.5e-16   57.1   8.8   3   3    0.0016      0.24    9.5   0.4   141   264   597   731   590   750 0.74 -
Dato02383-RA         -            373 24903at7147          -            659   1.5e-15   56.4  24.5   1   2   6.3e-17   9.9e-15   53.7  23.9   350   622     8   297     3   333 0.70 -
Dato02383-RA         -            373 24903at7147          -            659   1.5e-15   56.4  24.5   2   2       1.9   2.9e+02   -0.7   0.2     8    47   305   346   300   355 0.70 -
Dato00300-RA         -            648 24903at7147          -            659   3.3e-15   55.3  16.1   1   1   3.1e-17   4.8e-15   54.7  16.1   353   641   101   406    91   424 0.74 -
Dato15500-RA         -            760 24903at7147          -            659   8.5e-15   53.9   4.9   1   2   0.00011     0.017   13.3   0.4   165   233    88   156    80   165 0.76 -
Dato15500-RA         -            760 24903at7147          -            659   8.5e-15   53.9   4.9   2   2     3e-13   4.7e-11   41.6   0.8    67   237   158   328   150   343 0.85 -
Dato02921-RA         -            465 24903at7147          -            659   2.9e-14   52.2  19.4   1   1   2.6e-16   4.1e-14   51.7  19.4   346   646    19   339    14   355 0.76 -
Dato16061-RA         -            720 24903at7147          -            659   1.3e-13   50.0  11.9   1   2   1.6e-13   2.4e-11   42.5  11.0   330   490   211   364   180   437 0.71 -
Dato16061-RA         -            720 24903at7147          -            659   1.3e-13   50.0  11.9   2   2     0.017       2.6    6.0   0.0   599   640   654   692   646   712 0.66 -
Dato05494-RA         -           1335 24903at7147          -            659   1.5e-13   49.8  19.7   1   3     6e-09   9.4e-07   27.4   2.8   118   230   353   466   332   475 0.84 -
Dato05494-RA         -           1335 24903at7147          -            659   1.5e-13   49.8  19.7   2   3   0.00076      0.12   10.5   1.9   161   233   469   540   462   553 0.84 -
Dato05494-RA         -           1335 24903at7147          -            659   1.5e-13   49.8  19.7   3   3   2.3e-05    0.0036   15.5   1.0    89   194   587   699   582   710 0.64 -
Dato05978-RA         -            360 24903at7147          -            659   2.5e-13   49.1   6.6   1   2   7.8e-10   1.2e-07   30.3   1.6   119   241   105   235    86   249 0.81 -
Dato05978-RA         -            360 24903at7147          -            659   2.5e-13   49.1   6.6   2   2   3.7e-07   5.8e-05   21.4   0.3   163   235   250   322   246   350 0.88 -
Dato16612-RA         -            497 24903at7147          -            659   4.4e-13   48.3  15.0   1   3   4.8e-06   0.00076   17.8   0.3   111   232    17   141    11   143 0.81 -
Dato16612-RA         -            497 24903at7147          -            659   4.4e-13   48.3  15.0   2   3   3.5e-07   5.4e-05   21.5   0.7   138   247   141   256   137   261 0.79 -
Dato16612-RA         -            497 24903at7147          -            659   4.4e-13   48.3  15.0   3   3   3.5e-06   0.00055   18.2   4.2    41   202   240   400   232   416 0.73 -
Dato07832-RA         -            945 24903at7147          -            659   5.7e-13   47.9   0.3   1   1   3.7e-15   5.7e-13   47.9   0.3     4   193    38   224    35   247 0.82 -
Dato07468-RA         -            422 24903at7147          -            659   6.5e-13   47.7   1.4   1   3   9.7e-06    0.0015   16.8   0.0   123   214    46   138    31   139 0.64 -
Dato07468-RA         -            422 24903at7147          -            659   6.5e-13   47.7   1.4   2   3   2.1e-05    0.0033   15.6   0.2   163   214   135   186   131   189 0.92 -
Dato07468-RA         -            422 24903at7147          -            659   6.5e-13   47.7   1.4   3   3   2.9e-05    0.0046   15.2   0.1   169   250   188   268   182   284 0.77 -
Dato04813-RA         -            630 24903at7147          -            659   1.2e-12   46.8  15.5   1   2   1.1e-14   1.8e-12   46.3   8.8   352   554   152   348   143   363 0.83 -
Dato04813-RA         -            630 24903at7147          -            659   1.2e-12   46.8  15.5   2   2     0.049       7.6    4.5   0.5   549   624   552   627   541   629 0.76 -
Dato12787-RA         -            824 24903at7147          -            659   4.9e-12   44.8   1.4   1   2   2.5e-06   0.00039   18.7   0.0     6   220   109   315   105   332 0.71 -
Dato12787-RA         -            824 24903at7147          -            659   4.9e-12   44.8   1.4   2   2   2.2e-08   3.4e-06   25.5   1.8   138   236   303   404   293   417 0.80 -
Dato01380-RA         -            533 24903at7147          -            659     7e-12   44.3  16.5   1   2   1.5e-08   2.3e-06   26.0  10.1   357   484   120   241   111   319 0.79 -
Dato01380-RA         -            533 24903at7147          -            659     7e-12   44.3  16.5   2   2   2.4e-07   3.8e-05   22.0   0.4   548   641   406   500   392   515 0.80 -
Dato00913-RA         -            371 24903at7147          -            659   1.3e-11   43.4  20.4   1   1   1.1e-13   1.7e-11   43.0  20.4   353   624    61   342    42   353 0.75 -
Dato01555-RA         -            425 24903at7147          -            659   1.4e-11   43.3  15.7   1   2     7e-10   1.1e-07   30.4  13.6   351   537    37   220    30   228 0.83 -
Dato01555-RA         -            425 24903at7147          -            659   1.4e-11   43.3  15.7   2   2   0.00015     0.023   12.9   0.0   544   624   279   368   269   409 0.68 -
Dato05839-RA         -            480 24903at7147          -            659   3.1e-11   42.2  12.1   1   1     3e-13   4.7e-11   41.5  12.1   353   651    83   403    77   446 0.74 -
Dato01030-RA         -           1016 24903at7147          -            659   3.2e-11   42.1  22.7   1   3   6.3e-09   9.8e-07   27.3   7.9   354   490    30   159     2   170 0.81 -
Dato01030-RA         -           1016 24903at7147          -            659   3.2e-11   42.1  22.7   2   3   0.00055     0.085   11.0   0.9   546   648   514   613   502   623 0.73 -
Dato01030-RA         -           1016 24903at7147          -            659   3.2e-11   42.1  22.7   3   3   0.00014     0.021   13.0   0.5   537   641   825   929   821   942 0.79 -
Dato01790-RA         -            625 24903at7147          -            659   3.3e-11   42.1  12.7   1   3   3.3e-08   5.1e-06   24.9   1.3   116   255   193   333   177   344 0.87 -
Dato01790-RA         -            625 24903at7147          -            659   3.3e-11   42.1  12.7   2   3   3.5e-05    0.0055   14.9   0.6   124   252   362   494   349   496 0.71 -
Dato01790-RA         -            625 24903at7147          -            659   3.3e-11   42.1  12.7   3   3   0.00024     0.037   12.1   0.6   123   195   479   551   477   601 0.76 -
Dato00039-RA         -            772 24903at7147          -            659   3.9e-11   41.8  23.4   1   2   7.1e-11   1.1e-08   33.7  19.2   353   628    19   313    11   330 0.75 -
Dato00039-RA         -            772 24903at7147          -            659   3.9e-11   41.8  23.4   2   2    0.0013       0.2    9.8   0.1   557   628   562   641   534   668 0.62 -
Dato12329-RA         -           1238 24903at7147          -            659   4.7e-11   41.6   1.8   1   2   4.2e-11   6.5e-09   34.5   0.4    80   236    81   240    45   253 0.79 -
Dato12329-RA         -           1238 24903at7147          -            659   4.7e-11   41.6   1.8   2   2   1.9e-05     0.003   15.8   0.0   103   225   198   327   196   349 0.84 -
Dato06390-RA         -            616 24903at7147          -            659   4.8e-11   41.5  15.9   1   2   2.1e-08   3.3e-06   25.5  11.9   354   484   104   224    88   233 0.86 -
Dato06390-RA         -            616 24903at7147          -            659   4.8e-11   41.5  15.9   2   2   5.2e-06   0.00081   17.7   0.1   520   626   306   424   289   439 0.71 -
Dato03752-RA         -            484 24903at7147          -            659   6.2e-11   41.2  13.5   1   1   8.3e-13   1.3e-10   40.1  13.5   356   643   136   426   123   440 0.75 -
Dato03987-RA         -            550 24903at7147          -            659   6.6e-11   41.1   8.1   1   3   4.8e-06   0.00075   17.8   0.4    78   236    98   251    20   263 0.49 -
Dato03987-RA         -            550 24903at7147          -            659   6.6e-11   41.1   8.1   2   3   1.3e-06    0.0002   19.7   0.7   138   245   272   385   267   391 0.78 -
Dato03987-RA         -            550 24903at7147          -            659   6.6e-11   41.1   8.1   3   3     0.003      0.47    8.5   0.1   161   267   371   481   367   499 0.70 -
Dato00402-RA         -            551 24903at7147          -            659   6.6e-11   41.1   3.7   1   3   3.5e-11   5.5e-09   34.7   0.5    39   235    62   257    44   268 0.82 -
Dato00402-RA         -            551 24903at7147          -            659   6.6e-11   41.1   3.7   2   3     0.077        12    3.9   0.2   180   223   288   331   270   340 0.87 -
Dato00402-RA         -            551 24903at7147          -            659   6.6e-11   41.1   3.7   3   3     0.033       5.2    5.1   0.0   138   223   316   406   304   432 0.76 -
Dato00513-RA         -           1138 24903at7147          -            659   8.9e-11   40.7   1.3   1   2   1.7e-06   0.00026   19.3   0.3   113   230   129   247   100   259 0.78 -
Dato00513-RA         -           1138 24903at7147          -            659   8.9e-11   40.7   1.3   2   2   1.5e-06   0.00023   19.4   0.0   110   236   289   415   283   432 0.84 -
Dato04226-RA         -            500 24903at7147          -            659   1.3e-10   40.1  14.9   1   1   2.3e-12   3.5e-10   38.7  14.9   356   631    48   339    40   367 0.70 -
Dato02817-RA         -            468 24903at7147          -            659   1.8e-10   39.7  11.2   1   2   1.1e-12   1.8e-10   39.7  11.2   353   491    21   153     6   219 0.79 -
Dato02817-RA         -            468 24903at7147          -            659   1.8e-10   39.7  11.2   2   2      0.31        48    1.9   0.4   554   635   380   459   356   467 0.69 -
Dato15538-RA         -           1223 24903at7147          -            659   3.7e-10   38.6   8.0   1   2     1e-09   1.6e-07   29.9   5.5    60   227   277   447   230   469 0.71 -
Dato15538-RA         -           1223 24903at7147          -            659   3.7e-10   38.6   8.0   2   2    0.0093       1.4    6.9   0.0   183   234   484   537   471   547 0.83 -
Dato03517-RA         -            430 24903at7147          -            659   4.3e-10   38.4  10.0   1   2   2.9e-09   4.5e-07   28.4   3.7    83   236   158   318   142   330 0.82 -
Dato03517-RA         -            430 24903at7147          -            659   4.3e-10   38.4  10.0   2   2   3.6e-06   0.00056   18.2   1.8   100   207   297   406   295   427 0.80 -
Dato00301-RA         -            655 24903at7147          -            659   1.4e-09   36.7  11.2   1   1   1.3e-11     2e-09   36.2  11.2   354   626    85   370    68   402 0.71 -
Dato04660-RA         -            449 24903at7147          -            659   1.6e-09   36.5  16.3   1   2   2.7e-08   4.1e-06   25.2  10.9   358   483    70   189    56   197 0.91 -
Dato04660-RA         -            449 24903at7147          -            659   1.6e-09   36.5  16.3   2   2     5e-05    0.0079   14.4   0.2   535   625   266   360   239   396 0.75 -
Dato14124-RA         -            525 24903at7147          -            659     2e-09   36.2  10.7   1   2   1.6e-07   2.5e-05   22.6   4.7   342   554    53   260    43   263 0.74 -
Dato14124-RA         -            525 24903at7147          -            659     2e-09   36.2  10.7   2   2   7.9e-06    0.0012   17.1   0.3   533   638   407   512   404   525 0.71 -
Dato06589-RA         -            455 24903at7147          -            659     2e-09   36.2   0.5   1   3   1.3e-11     2e-09   36.2   0.5   114   220   110   216   105   225 0.86 -
Dato06589-RA         -            455 24903at7147          -            659     2e-09   36.2   0.5   2   3      0.27        42    2.1   0.1   165   221   233   293   225   310 0.70 -
Dato06589-RA         -            455 24903at7147          -            659     2e-09   36.2   0.5   3   3       4.6   7.2e+02   -2.0   0.6   504   529   396   421   391   435 0.83 -
Dato00094-RA         -            505 24903at7147          -            659   2.1e-09   36.1  23.7   1   1     3e-11   4.6e-09   35.0  23.7   346   621    75   371    69   393 0.72 -
Dato03366-RA         -            552 24903at7147          -            659   2.9e-09   35.6  10.5   1   2   6.9e-09   1.1e-06   27.2   0.2   113   232    67   189    51   196 0.86 -
Dato03366-RA         -            552 24903at7147          -            659   2.9e-09   35.6  10.5   2   2   0.00038     0.059   11.5   5.3    72   233   196   344   185   361 0.78 -
Dato02816-RA         -            633 24903at7147          -            659   3.6e-09   35.3  18.9   1   2   1.8e-09   2.8e-07   29.1  12.5   354   539   129   308   114   323 0.80 -
Dato02816-RA         -            633 24903at7147          -            659   3.6e-09   35.3  18.9   2   2    0.0013      0.21    9.7   0.4   550   627   537   614   524   632 0.73 -
Dato07689-RA         -            790 24903at7147          -            659   4.1e-09   35.2   0.8   1   2   0.00013      0.02   13.1   0.0   158   238   539   622   502   633 0.77 -
Dato07689-RA         -            790 24903at7147          -            659   4.1e-09   35.2   0.8   2   2   9.4e-07   0.00015   20.1   0.1   138   233   638   734   627   743 0.90 -
Dato00363-RA         -            256 24903at7147          -            659   5.7e-09   34.7   1.8   1   1   4.1e-11   6.3e-09   34.5   1.8   329   487    81   234    18   246 0.78 -
Dato07210-RA         -            394 24903at7147          -            659   5.9e-09   34.6  13.9   1   1   4.9e-11   7.6e-09   34.3  13.9   354   576    42   266    19   336 0.72 -
Dato16090-RA         -            904 24903at7147          -            659   6.4e-09   34.5   2.6   1   2   1.6e-07   2.4e-05   22.7   0.3   156   233   124   203   107   205 0.83 -
Dato16090-RA         -            904 24903at7147          -            659   6.4e-09   34.5   2.6   2   2   0.00017     0.026   12.7   0.1   162   233   204   275   201   282 0.87 -
Dato00529-RA         -            811 24903at7147          -            659   8.5e-09   34.1  22.9   1   2   1.1e-09   1.7e-07   29.8  15.8   353   546    56   241    50   254 0.81 -
Dato00529-RA         -            811 24903at7147          -            659   8.5e-09   34.1  22.9   2   2    0.0079       1.2    7.1   0.6   547   631   278   362   268   391 0.69 -
Dato03703-RA         -            812 24903at7147          -            659   1.9e-08   32.9  10.6   1   2   0.00018     0.028   12.5   0.9    73   223    70   219    23   242 0.69 -
Dato03703-RA         -            812 24903at7147          -            659   1.9e-08   32.9  10.6   2   2   2.6e-08   4.1e-06   25.2   2.8    26   237   235   448   228   471 0.78 -
Dato01439-RA         -            306 24903at7147          -            659   2.9e-08   32.4  15.2   1   1   2.6e-10   4.1e-08   31.8  15.2   350   489   140   272   131   275 0.85 -
Dato00772-RA         -            578 24903at7147          -            659   3.9e-08   31.9  11.1   1   2   1.3e-09   2.1e-07   29.5   6.0   348   536   165   348   130   367 0.76 -
Dato00772-RA         -            578 24903at7147          -            659   3.9e-08   31.9  11.1   2   2      0.03       4.6    5.2   0.2   562   624   474   536   451   558 0.75 -
Dato13794-RA         -            502 24903at7147          -            659   7.4e-08   31.0   0.4   1   2    0.0012      0.19    9.8   0.1   162   232   144   214   101   237 0.64 -
Dato13794-RA         -            502 24903at7147          -            659   7.4e-08   31.0   0.4   2   2   1.6e-06   0.00026   19.3   0.0    28   121   274   368   265   417 0.80 -
Dato01056-RA         -           1118 24903at7147          -            659   1.2e-07   30.3  13.8   1   4   4.4e-05    0.0069   14.6   0.1    79   238   154   317    98   326 0.76 -
Dato01056-RA         -           1118 24903at7147          -            659   1.2e-07   30.3  13.8   2   4   6.5e-07    0.0001   20.6   5.1    64   219   308   464   300   508 0.79 -
Dato01056-RA         -           1118 24903at7147          -            659   1.2e-07   30.3  13.8   3   4       3.8   5.9e+02   -1.7   0.0   184   248   489   552   472   556 0.64 -
Dato01056-RA         -           1118 24903at7147          -            659   1.2e-07   30.3  13.8   4   4       1.2   1.8e+02   -0.0   0.1   117   155   667   707   656   770 0.68 -
Dato16107-RA         -            646 24903at7147          -            659   2.4e-07   29.3  14.3   1   2   3.1e-09   4.9e-07   28.3  10.2   353   549   151   341   119   349 0.80 -
Dato16107-RA         -            646 24903at7147          -            659   2.4e-07   29.3  14.3   2   2      0.17        26    2.7   0.1   546   624   554   632   542   644 0.75 -
Dato13968-RA         -            346 24903at7147          -            659   2.5e-07   29.3   0.1   1   1   1.5e-07   2.4e-05   22.7   0.1     8   137    30   182    24   222 0.64 -
Dato17020-RA         -            255 24903at7147          -            659   4.3e-07   28.5   0.8   1   2    0.0086       1.3    7.0   0.1   122   189    40   109     2   122 0.56 -
Dato17020-RA         -            255 24903at7147          -            659   4.3e-07   28.5   0.8   2   2     1e-06   0.00016   19.9   0.1   113   192   124   203   114   215 0.93 -
Dato01621-RA         -           2691 24903at7147          -            659   7.3e-07   27.7   0.1   1   3    0.0014      0.22    9.6   0.0   107   244     7   145     2   154 0.83 -
Dato01621-RA         -           2691 24903at7147          -            659   7.3e-07   27.7   0.1   2   3   3.5e-05    0.0054   14.9   0.1    83   261   125   301   123   305 0.77 -
Dato01621-RA         -           2691 24903at7147          -            659   7.3e-07   27.7   0.1   3   3      0.78   1.2e+02    0.5   0.0   159   224   314   377   307   393 0.84 -
Dato16569-RA         -            686 24903at7147          -            659   7.4e-07   27.7   3.8   1   3   0.00025     0.039   12.1   0.0   162   238   240   319   222   330 0.82 -
Dato16569-RA         -            686 24903at7147          -            659   7.4e-07   27.7   3.8   2   3   1.5e-05    0.0023   16.2   0.2   161   237   388   466   382   487 0.79 -
Dato16569-RA         -            686 24903at7147          -            659   7.4e-07   27.7   3.8   3   3       9.8   1.5e+03   -3.1   0.7   287   298   611   622   558   662 0.49 -
Dato10802-RA         -            672 24903at7147          -            659   1.3e-06   26.9   0.0   1   2     3e-07   4.7e-05   21.7   0.1   159   233   101   177    87   180 0.87 -
Dato10802-RA         -            672 24903at7147          -            659   1.3e-06   26.9   0.0   2   2     0.086        13    3.7   0.0   162   230   178   247   175   256 0.79 -
Dato06681-RA         -            497 24903at7147          -            659   3.1e-06   25.6  12.7   1   1   3.5e-08   5.4e-06   24.8  12.7   354   630    85   372    74   396 0.67 -
Dato11956-RA         -            489 24903at7147          -            659   9.2e-06   24.1   0.8   1   3      0.51        80    1.2   0.0   161   219    84   139    66   147 0.65 -
Dato11956-RA         -            489 24903at7147          -            659   9.2e-06   24.1   0.8   2   3   0.00016     0.025   12.8   0.1   160   255   162   263   154   267 0.81 -
Dato11956-RA         -            489 24903at7147          -            659   9.2e-06   24.1   0.8   3   3   0.00034     0.052   11.7   0.0    25   103   244   324   242   376 0.88 -
Dato03461-RA         -            259 24903at7147          -            659   1.2e-05   23.7   9.3   1   1   9.5e-08   1.5e-05   23.4   9.3   357   491    27   155     8   200 0.79 -
Dato15382-RA         -            151 24903at7147          -            659     2e-05   22.9   4.4   1   1   1.6e-07   2.4e-05   22.7   4.4   417   486    35   104     2   115 0.74 -
Dato01509-RA         -            951 24903at7147          -            659   2.2e-05   22.8  13.7   1   2     7e-05     0.011   13.9   8.1   343   492   286   429   283   489 0.84 -
Dato01509-RA         -            951 24903at7147          -            659   2.2e-05   22.8  13.7   2   2   0.00023     0.037   12.2   0.3   545   625   805   885   790   906 0.77 -
Dato16717-RA         -            407 24903at7147          -            659   2.9e-05   22.4   0.8   1   1   2.4e-07   3.8e-05   22.0   0.8   429   549   122   241    87   250 0.83 -
Dato06682-RA         -            567 24903at7147          -            659   3.2e-05   22.3  15.1   1   1     3e-07   4.7e-05   21.7  15.1   351   623   173   452   155   478 0.72 -
Dato01569-RA         -            486 24903at7147          -            659   4.1e-05   21.9  14.0   1   2   1.5e-05    0.0023   16.2   9.0   352   487   127   255   112   263 0.87 -
Dato01569-RA         -            486 24903at7147          -            659   4.1e-05   21.9  14.0   2   2    0.0033      0.52    8.4   0.2   562   625   375   437   351   467 0.77 -
Dato01367-RA         -           1286 24903at7147          -            659   4.3e-05   21.9   9.4   1   2   2.8e-07   4.3e-05   21.9   9.4   354   545   179   367   153   376 0.77 -
Dato01367-RA         -           1286 24903at7147          -            659   4.3e-05   21.9   9.4   2   2       0.2        31    2.5   0.6   549   624  1192  1268  1182  1283 0.73 -
Dato17304-RA         -            935 24903at7147          -            659   4.7e-05   21.7  10.8   1   3       2.5     4e+02   -1.1   0.0     8    55    30    76    24    84 0.81 -
Dato17304-RA         -            935 24903at7147          -            659   4.7e-05   21.7  10.8   2   3   6.1e-07   9.5e-05   20.7   0.1   163   232    63   134    55   137 0.76 -
Dato17304-RA         -            935 24903at7147          -            659   4.7e-05   21.7  10.8   3   3    0.0036      0.56    8.3   0.0   162   218   136   192   133   201 0.80 -
Dato05088-RA         -            299 24903at7147          -            659   5.2e-05   21.6   0.1   1   2   0.00023     0.036   12.2   0.0    28   105     3    77     1    82 0.62 -
Dato05088-RA         -            299 24903at7147          -            659   5.2e-05   21.6   0.1   2   2    0.0039      0.61    8.1   0.0    85   150    81   147    71   178 0.77 -
Dato06588-RA         -            383 24903at7147          -            659   9.1e-05   20.8  11.0   1   1   1.7e-06   0.00027   19.2  11.0   358   647    73   377    49   383 0.72 -
Dato13950-RA         -            458 24903at7147          -            659   0.00011   20.6   1.0   1   1   1.1e-06   0.00018   19.8   1.0    18   221    44   248    35   280 0.70 -
Dato12915-RA         -            888 24903at7147          -            659   0.00011   20.5  11.5   1   3     0.044       6.8    4.7   0.1   137   219    77   168    55   179 0.68 -
Dato12915-RA         -            888 24903at7147          -            659   0.00011   20.5  11.5   2   3   0.00035     0.055   11.6   3.2    38   227   181   364   172   374 0.81 -
Dato12915-RA         -            888 24903at7147          -            659   0.00011   20.5  11.5   3   3    0.0017      0.27    9.3   0.5   148   219   358   428   354   437 0.83 -
Dato06962-RA         -            358 24903at7147          -            659   0.00016   20.0   0.6   1   1   1.4e-06   0.00022   19.5   0.6   113   248    47   179    16   188 0.84 -
Dato15938-RA         -            396 24903at7147          -            659   0.00021   19.6  22.5   1   1   2.2e-06   0.00034   18.9  22.5   346   624    60   341    56   367 0.71 -
Dato13888-RA         -            777 24903at7147          -            659   0.00021   19.6   7.8   1   2   2.2e-06   0.00034   18.9   2.5   353   481   108   229    98   305 0.79 -
Dato13888-RA         -            777 24903at7147          -            659   0.00021   19.6   7.8   2   2       0.1        16    3.5   0.3   542   625   676   760   667   769 0.70 -
Dato01365-RA         -            625 24903at7147          -            659   0.00025   19.4  12.7   1   2   1.6e-06   0.00025   19.4  12.7   347   496   179   321   164   386 0.73 -
Dato01365-RA         -            625 24903at7147          -            659   0.00025   19.4  12.7   2   2      0.23        36    2.3   0.2   547   621   427   501   414   516 0.68 -
Dato17064-RA         -            279 24903at7147          -            659   0.00027   19.2   1.5   1   1   1.8e-06   0.00027   19.2   1.5   547   642   150   256   134   273 0.72 -
Dato17616-RA         -           1253 24903at7147          -            659   0.00041   18.6   3.7   1   2    0.0041      0.64    8.1   0.7   129   244    94   212    79   228 0.71 -
Dato17616-RA         -           1253 24903at7147          -            659   0.00041   18.6   3.7   2   2   0.00098      0.15   10.1   0.1   120   240   226   346   214   362 0.81 -
Dato00466-RA         -            522 24903at7147          -            659   0.00062   18.0   0.2   1   1   7.8e-06    0.0012   17.1   0.2    67   224   188   347   159   360 0.84 -
Dato03510-RA         -           1077 24903at7147          -            659   0.00066   17.9   1.7   1   1   6.6e-06     0.001   17.3   1.7   138   259   498   619   468   642 0.58 -
Dato01946-RA         -            522 24903at7147          -            659    0.0007   17.9  11.2   1   2   4.5e-06    0.0007   17.9  11.2   354   488   136   263   119   335 0.87 -
Dato01946-RA         -            522 24903at7147          -            659    0.0007   17.9  11.2   2   2       0.6        94    0.9   1.0   546   624   360   438   351   455 0.71 -
Dato00669-RA         -            564 24903at7147          -            659   0.00076   17.7  16.0   1   1     2e-05    0.0031   15.7  16.0   343   652   140   474   127   481 0.68 -
Dato14624-RA         -            388 24903at7147          -            659    0.0013   17.0  10.8   1   1   3.7e-05    0.0058   14.8  10.9   350   635    65   364    57   378 0.71 -
Dato14252-RA         -            218 24903at7147          -            659    0.0018   16.5   4.7   1   1   1.3e-05     0.002   16.4   4.7   422   501    57   133    16   183 0.77 -
Dato16558-RA         -            218 24903at7147          -            659     0.002   16.4   1.4   1   1   1.6e-05    0.0026   16.0   1.4   345   398   127   180   122   191 0.91 -
Dato03656-RA         -           1459 24903at7147          -            659    0.0029   15.8   0.0   1   1   2.7e-05    0.0042   15.3   0.0   167   238     4    78     1   102 0.80 -
Dato15471-RA         -            370 24903at7147          -            659    0.0035   15.5   4.2   1   2      0.12        19    3.2   0.2   120   168    54   102    29   116 0.58 -
Dato15471-RA         -            370 24903at7147          -            659    0.0035   15.5   4.2   2   2   9.4e-05     0.015   13.5   0.8   135   254   125   245   111   251 0.81 -
Dato00568-RA         -            858 24903at7147          -            659    0.0041   15.3   0.8   1   2    0.0001     0.016   13.4   0.1     6    95    82   168    77   219 0.86 -
Dato00568-RA         -            858 24903at7147          -            659    0.0041   15.3   0.8   2   2       1.4   2.3e+02   -0.3   0.1   507   548   377   416   352   423 0.73 -
Dato16559-RA         -            372 24903at7147          -            659    0.0051   15.0   7.0   1   2     0.056       8.7    4.3   0.7   437   492     5    59     1   110 0.75 -
Dato16559-RA         -            372 24903at7147          -            659    0.0051   15.0   7.0   2   2   5.7e-05    0.0089   14.2   0.8   547   621   232   309   218   321 0.77 -
Dato03837-RA         -            419 24903at7147          -            659     0.016   13.4   7.2   1   2    0.0014      0.22    9.6   5.7   352   538    44   238    32   256 0.76 -
Dato03837-RA         -            419 24903at7147          -            659     0.016   13.4   7.2   2   2      0.13        20    3.1   0.0   544   573   303   332   294   412 0.80 -
Dato00391-RA         -           1001 24903at7147          -            659     0.026   12.7  16.3   1   2    0.0066         1    7.4  10.9   351   548   138   335   127   346 0.73 -
Dato00391-RA         -           1001 24903at7147          -            659     0.026   12.7  16.3   2   2    0.0056      0.87    7.6   0.2   556   624   925   994   903   998 0.71 -
Dato01437-RA         -            447 24903at7147          -            659     0.037   12.2   0.2   1   1   0.00033     0.052   11.7   0.2   547   627   314   395   303   415 0.79 -
Dato01182-RA         -            369 24903at7147          -            659      0.23    9.5  16.8   1   1    0.0034      0.52    8.4  16.8   353   494    56   189    42   351 0.80 -
Dato01441-RA         -            608 24903at7147          -            659      0.51    8.4  21.0   1   1    0.0063      0.98    7.5  21.0   352   582   292   540   260   575 0.65 -
#
# Program:         hmmsearch
# Version:         3.1b2 (February 2015)
# Pipeline mode:   SEARCH
# Query file:      /home/nmoreyra/Documents/Genomics/03_orthologs_search/00_Phylogenomics_BUSCO-groups/busco4_odb10/busco_downloads/lineages/diptera_odb10/hmms/24903at7147.hmm
# Target file:     /home/nmoreyra/Documents/Genomics/03_orthologs_search/00_Phylogenomics_BUSCO-groups/busco4_odb10/../00_proteins/Dato_proteins.fasta
# Option settings: /home/nmoreyra/Software/miniconda3/envs/busco4/bin/hmmsearch --domtblout /home/nmoreyra/Documents/Genomics/03_orthologs_search/00_Phylogenomics_BUSCO-groups/busco4_odb10/Dato_diptera/run_diptera_odb10/hmmer_output/initial_run_results/24903at7147.out --cpu 1 /home/nmoreyra/Documents/Genomics/03_orthologs_search/00_Phylogenomics_BUSCO-groups/busco4_odb10/busco_downloads/lineages/diptera_odb10/hmms/24903at7147.hmm /home/nmoreyra/Documents/Genomics/03_orthologs_search/00_Phylogenomics_BUSCO-groups/busco4_odb10/../00_proteins/Dato_proteins.fasta 
# Current dir:     /home/nmoreyra/Documents/Genomics/03_orthologs_search/00_Phylogenomics_BUSCO-groups/busco4_odb10
# Date:            Mon Jan 25 12:52:56 2021
# [ok]
