#                                                                            --- full sequence --- -------------- this domain -------------   hmm coord   ali coord   env coord
# target name        accession   tlen query name           accession   qlen   E-value  score  bias   #  of  c-Evalue  i-Evalue  score  bias  from    to  from    to  from    to  acc description of target
#------------------- ---------- ----- -------------------- ---------- ----- --------- ------ ----- --- --- --------- --------- ------ ----- ----- ----- ----- ----- ----- ----- ---- ---------------------
Dato12393-RA         -            551 26149at7147          -            403  2.6e-237  787.6  18.4   1   1  3.1e-237  1.1e-234  779.0  18.4     1   403    78   551    78   551 0.92 -
Dato04715-RA         -            580 26149at7147          -            403    1e-125  420.2  16.0   1   2   7.1e-09   2.4e-06   27.0   0.4    17    50    63    96    41   111 0.74 -
Dato04715-RA         -            580 26149at7147          -            403    1e-125  420.2  16.0   2   2  2.1e-119  7.2e-117  391.0  10.3    12   398   111   572   104   576 0.84 -
Dato04714-RA         -            539 26149at7147          -            403  2.4e-123  412.3  18.3   1   1  3.5e-124  1.2e-121  406.7  18.3     5   399    64   533    61   536 0.86 -
Dato12639-RA         -           2883 26149at7147          -            403   1.1e-87  294.9   6.5   1   2   0.00059       0.2   10.8   0.0     4    46    56    97    54   111 0.90 -
Dato12639-RA         -           2883 26149at7147          -            403   1.1e-87  294.9   6.5   2   2   5.8e-87     2e-84  284.2   3.7    93   396  2526  2864  2512  2869 0.83 -
Dato06792-RA         -            412 26149at7147          -            403   6.3e-74  249.6   3.3   1   1   4.1e-76   1.4e-73  248.5   3.3    89   403    57   411    52   411 0.82 -
Dato15342-RA         -            254 26149at7147          -            403     5e-51  174.2   0.2   1   1   1.8e-53   6.2e-51  173.9   0.2   147   344    39   245    25   252 0.90 -
Dato00370-RA         -            749 26149at7147          -            403   6.3e-20   71.8  69.9   1  12      0.38   1.3e+02    1.6   0.0     9    37    94   122    90   141 0.82 -
Dato00370-RA         -            749 26149at7147          -            403   6.3e-20   71.8  69.9   2  12    0.0064       2.2    7.4   0.1     7    38   148   179   144   190 0.90 -
Dato00370-RA         -            749 26149at7147          -            403   6.3e-20   71.8  69.9   3  12   0.00022     0.075   12.3   1.2     4    40   201   237   198   247 0.92 -
Dato00370-RA         -            749 26149at7147          -            403   6.3e-20   71.8  69.9   4  12   1.7e-05    0.0057   16.0   0.6     5    40   258   293   255   305 0.92 -
Dato00370-RA         -            749 26149at7147          -            403   6.3e-20   71.8  69.9   5  12   0.00028     0.096   11.9   1.8     5    41   314   350   311   365 0.88 -
Dato00370-RA         -            749 26149at7147          -            403   6.3e-20   71.8  69.9   6  12     0.001      0.35   10.0   0.5     4    40   369   405   366   418 0.91 -
Dato00370-RA         -            749 26149at7147          -            403   6.3e-20   71.8  69.9   7  12   2.1e-05     0.007   15.6   0.4     5    40   426   461   423   475 0.90 -
Dato00370-RA         -            749 26149at7147          -            403   6.3e-20   71.8  69.9   8  12   5.4e-07   0.00018   20.9   4.3     5    77   482   548   478   549 0.92 -
Dato00370-RA         -            749 26149at7147          -            403   6.3e-20   71.8  69.9   9  12    0.0015       0.5    9.6   0.3     5    38   538   571   533   578 0.92 -
Dato00370-RA         -            749 26149at7147          -            403   6.3e-20   71.8  69.9  10  12       1.3   4.3e+02   -0.1   0.4     8    37   597   626   592   639 0.82 -
Dato00370-RA         -            749 26149at7147          -            403   6.3e-20   71.8  69.9  11  12     0.044        15    4.7   0.6     5    35   649   679   645   697 0.86 -
Dato00370-RA         -            749 26149at7147          -            403   6.3e-20   71.8  69.9  12  12    0.0033       1.1    8.4   0.1     4    36   704   736   701   743 0.89 -
Dato07689-RA         -            790 26149at7147          -            403     9e-17   61.4  36.7   1   5   5.6e-07   0.00019   20.8   2.0    49    89    75   115    69   147 0.85 -
Dato07689-RA         -            790 26149at7147          -            403     9e-17   61.4  36.7   2   5   5.6e-07   0.00019   20.8   2.0    49    89   180   220   174   252 0.85 -
Dato07689-RA         -            790 26149at7147          -            403     9e-17   61.4  36.7   3   5   5.6e-07   0.00019   20.8   2.0    49    89   285   325   279   357 0.85 -
Dato07689-RA         -            790 26149at7147          -            403     9e-17   61.4  36.7   4   5   4.2e-06    0.0014   17.9   4.7    49    87   390   428   384   439 0.82 -
Dato07689-RA         -            790 26149at7147          -            403     9e-17   61.4  36.7   5   5       2.4   8.2e+02   -1.0   0.1    77   121   449   495   444   501 0.80 -
Dato06339-RA         -            268 26149at7147          -            403   1.4e-14   54.1  19.3   1   4   1.8e-06   0.00062   19.1   2.4     5    61    40    96    37    97 0.83 -
Dato06339-RA         -            268 26149at7147          -            403   1.4e-14   54.1  19.3   2   4   9.7e-06    0.0033   16.7   1.5     4    45    94   135    90   142 0.92 -
Dato06339-RA         -            268 26149at7147          -            403   1.4e-14   54.1  19.3   3   4   3.3e-07   0.00011   21.6   0.9     3    47   153   196   151   207 0.90 -
Dato06339-RA         -            268 26149at7147          -            403   1.4e-14   54.1  19.3   4   4    0.0017      0.57    9.4   0.0     7    36   232   261   226   268 0.86 -
Dato06436-RA         -           2633 26149at7147          -            403   3.7e-14   52.8  17.5   1   6       1.2     4e+02   -0.0   0.0     8    39    40    72    35    82 0.75 -
Dato06436-RA         -           2633 26149at7147          -            403   3.7e-14   52.8  17.5   2   6   8.6e-05     0.029   13.6   0.2     4    45   693   734   691   765 0.84 -
Dato06436-RA         -           2633 26149at7147          -            403   3.7e-14   52.8  17.5   3   6   2.5e-05    0.0086   15.3   0.3     5    46   854   894   851   902 0.90 -
Dato06436-RA         -           2633 26149at7147          -            403   3.7e-14   52.8  17.5   4   6   1.3e-05    0.0044   16.3   0.1     4    44  2435  2475  2433  2493 0.90 -
Dato06436-RA         -           2633 26149at7147          -            403   3.7e-14   52.8  17.5   5   6   0.00033      0.11   11.7   0.3     5    47  2521  2562  2518  2582 0.88 -
Dato06436-RA         -           2633 26149at7147          -            403   3.7e-14   52.8  17.5   6   6      0.16        53    2.9   0.0     7    42  2595  2630  2589  2633 0.88 -
Dato06338-RA         -            707 26149at7147          -            403     2e-13   50.4  49.4   1   7   1.7e-05    0.0059   15.9  10.9     5   105    63   167    60   169 0.71 -
Dato06338-RA         -            707 26149at7147          -            403     2e-13   50.4  49.4   2   7   2.5e-07   8.7e-05   21.9   1.0     3    52   176   224   174   240 0.90 -
Dato06338-RA         -            707 26149at7147          -            403     2e-13   50.4  49.4   3   7     0.013       4.4    6.4   0.0     7    44   255   293   249   301 0.83 -
Dato06338-RA         -            707 26149at7147          -            403     2e-13   50.4  49.4   4   7       9.6   3.3e+03   -3.0   2.2     5    47   463   501   461   526 0.64 -
Dato06338-RA         -            707 26149at7147          -            403     2e-13   50.4  49.4   5   7    0.0063       2.1    7.5   2.3     4    49   535   580   532   586 0.90 -
Dato06338-RA         -            707 26149at7147          -            403     2e-13   50.4  49.4   6   7   8.2e-06    0.0028   17.0   0.6     3    47   594   637   592   650 0.87 -
Dato06338-RA         -            707 26149at7147          -            403     2e-13   50.4  49.4   7   7      0.24        83    2.2   0.0     7    31   673   697   668   705 0.85 -
Dato02636-RA         -           1003 26149at7147          -            403   1.5e-12   47.5 114.0   1   9   0.00016     0.054   12.7   4.9    55    84   133   162   128   175 0.81 -
Dato02636-RA         -           1003 26149at7147          -            403   1.5e-12   47.5 114.0   2   9    0.0051       1.7    7.8  10.6    55    87   176   210   159   221 0.72 -
Dato02636-RA         -           1003 26149at7147          -            403   1.5e-12   47.5 114.0   3   9   0.00028     0.095   11.9   9.3    48    87   210   249   203   259 0.79 -
Dato02636-RA         -           1003 26149at7147          -            403   1.5e-12   47.5 114.0   4   9   0.00048      0.16   11.1   8.8    55    93   258   296   247   297 0.83 -
Dato02636-RA         -           1003 26149at7147          -            403   1.5e-12   47.5 114.0   5   9     0.039        13    4.9   6.8    55    83   296   324   290   332 0.92 -
Dato02636-RA         -           1003 26149at7147          -            403   1.5e-12   47.5 114.0   6   9   6.5e-05     0.022   14.0  10.1    52   105   333   384   322   386 0.78 -
Dato02636-RA         -           1003 26149at7147          -            403   1.5e-12   47.5 114.0   7   9     0.016       5.4    6.2   6.7    55    83   380   409   371   419 0.79 -
Dato02636-RA         -           1003 26149at7147          -            403   1.5e-12   47.5 114.0   8   9   0.00098      0.33   10.1   8.5    44    94   411   461   408   465 0.89 -
Dato02636-RA         -           1003 26149at7147          -            403   1.5e-12   47.5 114.0   9   9     0.068        23    4.1   7.3    55    88   466   501   462   525 0.75 -
Dato02637-RA         -            917 26149at7147          -            403   1.6e-11   44.1  98.2   1   8   0.00056      0.19   10.9   6.6    56    94    44    84    32    88 0.85 -
Dato02637-RA         -            917 26149at7147          -            403   1.6e-11   44.1  98.2   2   8    0.0044       1.5    8.0   8.9    56    86    84   115    76   125 0.81 -
Dato02637-RA         -            917 26149at7147          -            403   1.6e-11   44.1  98.2   3   8   0.00018     0.062   12.5   9.4    53    99   123   169   114   172 0.87 -
Dato02637-RA         -            917 26149at7147          -            403   1.6e-11   44.1  98.2   4   8     0.033        11    5.1   4.5    55    83   163   191   155   194 0.92 -
Dato02637-RA         -            917 26149at7147          -            403   1.6e-11   44.1  98.2   5   8   8.9e-05      0.03   13.6   9.1    46    93   194   242   191   251 0.79 -
Dato02637-RA         -            917 26149at7147          -            403   1.6e-11   44.1  98.2   6   8    0.0019      0.65    9.2   6.3    56    82   248   275   235   283 0.82 -
Dato02637-RA         -            917 26149at7147          -            403   1.6e-11   44.1  98.2   7   8   9.3e-07   0.00032   20.1   7.1    41    94   275   328   273   331 0.90 -
Dato02637-RA         -            917 26149at7147          -            403   1.6e-11   44.1  98.2   8   8       2.5   8.7e+02   -1.1  10.2    55    87   333   361   317   385 0.71 -
Dato15341-RA         -            116 26149at7147          -            403   1.6e-10   40.8   0.1   1   1   5.2e-13   1.8e-10   40.7   0.1   111   150    68   115    48   116 0.83 -
Dato07461-RA         -            244 26149at7147          -            403   1.4e-09   37.7   8.6   1   3   1.7e-05    0.0059   15.9   0.6     4    45    36    80    33    94 0.83 -
Dato07461-RA         -            244 26149at7147          -            403   1.4e-09   37.7   8.6   2   3   2.9e-05      0.01   15.1   0.1     6    37   108   139   104   157 0.87 -
Dato07461-RA         -            244 26149at7147          -            403   1.4e-09   37.7   8.6   3   3   0.00062      0.21   10.8   0.3     4    45   184   226   182   230 0.93 -
Dato15340-RA         -            118 26149at7147          -            403   2.1e-09   37.1   6.7   1   2   3.6e-07   0.00012   21.4   1.3     5    59    24    79    20    83 0.88 -
Dato15340-RA         -            118 26149at7147          -            403   2.1e-09   37.1   6.7   2   2   8.9e-07    0.0003   20.1   1.0    87   112    78   106    73   115 0.78 -
Dato11843-RA         -            449 26149at7147          -            403   5.3e-09   35.8  28.1   1   6       4.6   1.6e+03   -2.0   0.3    66    86    24    45    11    75 0.61 -
Dato11843-RA         -            449 26149at7147          -            403   5.3e-09   35.8  28.1   2   6   3.6e-05     0.012   14.8   0.3     4    48    94   138    92   144 0.94 -
Dato11843-RA         -            449 26149at7147          -            403   5.3e-09   35.8  28.1   3   6    0.0015      0.52    9.5   3.0     3    45   167   209   165   257 0.87 -
Dato11843-RA         -            449 26149at7147          -            403   5.3e-09   35.8  28.1   4   6       1.6   5.4e+02   -0.4   0.1     5    29   247   271   242   282 0.88 -
Dato11843-RA         -            449 26149at7147          -            403   5.3e-09   35.8  28.1   5   6    0.0017      0.57    9.4   0.3     4    48   316   360   314   369 0.93 -
Dato11843-RA         -            449 26149at7147          -            403   5.3e-09   35.8  28.1   6   6   3.8e-06    0.0013   18.1   0.4     5    45   386   426   383   444 0.91 -
Dato03306-RA         -           2479 26149at7147          -            403   5.5e-09   35.8  47.1   1   9     0.011       3.6    6.7   0.0     4    42    60    98    58   114 0.92 -
Dato03306-RA         -           2479 26149at7147          -            403   5.5e-09   35.8  47.1   2   9   4.5e-05     0.015   14.5   0.1     4    48   130   173   128   191 0.85 -
Dato03306-RA         -           2479 26149at7147          -            403   5.5e-09   35.8  47.1   3   9      0.19        65    2.6   0.1     5    38   425   458   422   467 0.91 -
Dato03306-RA         -           2479 26149at7147          -            403   5.5e-09   35.8  47.1   4   9   0.00078      0.27   10.4   0.3     5    43   518   556   515   561 0.94 -
Dato03306-RA         -           2479 26149at7147          -            403   5.5e-09   35.8  47.1   5   9      0.19        65    2.6   0.1     5    38   766   799   763   808 0.91 -
Dato03306-RA         -           2479 26149at7147          -            403   5.5e-09   35.8  47.1   6   9   0.00088       0.3   10.3   0.1     5    43   859   897   856   907 0.92 -
Dato03306-RA         -           2479 26149at7147          -            403   5.5e-09   35.8  47.1   7   9       6.1   2.1e+03   -2.4   0.0     5    42  1010  1047  1008  1051 0.87 -
Dato03306-RA         -           2479 26149at7147          -            403   5.5e-09   35.8  47.1   8   9     0.017       5.8    6.1   3.3    55    85  1882  1912  1875  1917 0.91 -
Dato03306-RA         -           2479 26149at7147          -            403   5.5e-09   35.8  47.1   9   9    0.0023      0.79    8.9   2.5    56    81  2034  2059  1999  2064 0.82 -
Dato15797-RA         -           2053 26149at7147          -            403   9.8e-09   34.9 165.3   1  13    0.0026       0.9    8.7   3.9    55    85   164   194   159   201 0.92 -
Dato15797-RA         -           2053 26149at7147          -            403   9.8e-09   34.9 165.3   2  13     0.083        28    3.8   1.8    58    85   209   236   197   249 0.83 -
Dato15797-RA         -           2053 26149at7147          -            403   9.8e-09   34.9 165.3   3  13   7.9e-06    0.0027   17.0   5.4    55    86   253   284   248   294 0.81 -
Dato15797-RA         -           2053 26149at7147          -            403   9.8e-09   34.9 165.3   4  13     0.021       7.1    5.8   9.3    54    85   293   325   282   338 0.82 -
Dato15797-RA         -           2053 26149at7147          -            403   9.8e-09   34.9 165.3   5  13      0.87     3e+02    0.4  14.3    41    96   324   378   321   403 0.61 -
Dato15797-RA         -           2053 26149at7147          -            403   9.8e-09   34.9 165.3   6  13    0.0013      0.45    9.7   9.0    57   101  1110  1153  1092  1156 0.83 -
Dato15797-RA         -           2053 26149at7147          -            403   9.8e-09   34.9 165.3   7  13   0.00017     0.058   12.6   5.7    55    99  1152  1197  1148  1197 0.90 -
Dato15797-RA         -           2053 26149at7147          -            403   9.8e-09   34.9 165.3   8  13    0.0013      0.44    9.7   6.9    54    89  1195  1230  1191  1236 0.89 -
Dato15797-RA         -           2053 26149at7147          -            403   9.8e-09   34.9 165.3   9  13    0.0015      0.51    9.5   5.2    55    81  1236  1262  1232  1279 0.79 -
Dato15797-RA         -           2053 26149at7147          -            403   9.8e-09   34.9 165.3  10  13    0.0041       1.4    8.1   8.0    52    91  1273  1312  1262  1333 0.80 -
Dato15797-RA         -           2053 26149at7147          -            403   9.8e-09   34.9 165.3  11  13       5.5   1.9e+03   -2.2   4.0    59    94  1337  1372  1316  1374 0.76 -
Dato15797-RA         -           2053 26149at7147          -            403   9.8e-09   34.9 165.3  12  13   0.00039      0.13   11.4   2.4    56    86  1372  1403  1367  1416 0.84 -
Dato15797-RA         -           2053 26149at7147          -            403   9.8e-09   34.9 165.3  13  13     0.024         8    5.6  11.4    48    97  1418  1463  1408  1483 0.75 -
Dato15315-RA         -           2485 26149at7147          -            403   2.7e-08   33.5   6.4   1   4       2.5   8.4e+02   -1.1   0.1     4    41   752   790   750   801 0.83 -
Dato15315-RA         -           2485 26149at7147          -            403   2.7e-08   33.5   6.4   2   4   9.6e-08   3.3e-05   23.3   0.2     1    43   883   925   883   945 0.91 -
Dato15315-RA         -           2485 26149at7147          -            403   2.7e-08   33.5   6.4   3   4       1.3   4.4e+02   -0.2   0.0     5    37   956   988   954   997 0.90 -
Dato15315-RA         -           2485 26149at7147          -            403   2.7e-08   33.5   6.4   4   4   0.00083      0.28   10.4   0.1     4    46  2009  2048  2006  2061 0.83 -
Dato11887-RA         -            314 26149at7147          -            403   4.5e-08   32.8  10.1   1   3   5.8e-05      0.02   14.2   0.2     3    44    78   122    76   141 0.79 -
Dato11887-RA         -            314 26149at7147          -            403   4.5e-08   32.8  10.1   2   3   0.00015      0.05   12.8   0.3     6    41   151   186   147   202 0.89 -
Dato11887-RA         -            314 26149at7147          -            403   4.5e-08   32.8  10.1   3   3   0.00049      0.17   11.1   0.6     5    45   220   261   216   271 0.90 -
Dato00677-RA         -            235 26149at7147          -            403   4.9e-08   32.6   7.3   1   3   0.00056      0.19   10.9   0.1     4    49    34    84    31    99 0.75 -
Dato00677-RA         -            235 26149at7147          -            403   4.9e-08   32.6   7.3   2   3   5.7e-05      0.02   14.2   0.1     4    45   104   145   100   159 0.93 -
Dato00677-RA         -            235 26149at7147          -            403   4.9e-08   32.6   7.3   3   3    0.0007      0.24   10.6   0.3     4    30   174   200   171   219 0.89 -
Dato06362-RA         -            325 26149at7147          -            403   1.8e-07   30.7   3.4   1   3   0.00033      0.11   11.7   0.1     5    43    50    87    47   103 0.85 -
Dato06362-RA         -            325 26149at7147          -            403   1.8e-07   30.7   3.4   2   3     0.016       5.3    6.2   0.1     4    64   156   215   154   238 0.82 -
Dato06362-RA         -            325 26149at7147          -            403   1.8e-07   30.7   3.4   3   3   0.00019     0.065   12.5   0.1     5    42   284   321   281   324 0.94 -
Dato02528-RA         -            867 26149at7147          -            403   4.5e-06   26.2   1.4   1   2   1.6e-05    0.0055   16.0   0.0     5    42    47    84    44    93 0.91 -
Dato02528-RA         -            867 26149at7147          -            403   4.5e-06   26.2   1.4   2   2    0.0018      0.61    9.3   0.3     4    46   822   864   818   867 0.91 -
Dato05115-RA         -           1347 26149at7147          -            403   8.3e-06   25.3  18.1   1   2   1.2e-07   4.1e-05   23.0   6.3    40    85   799   846   781   853 0.84 -
Dato05115-RA         -           1347 26149at7147          -            403   8.3e-06   25.3  18.1   2   2    0.0047       1.6    7.9   3.9    56    83   854   881   849   898 0.94 -
Dato15343-RA         -            115 26149at7147          -            403   2.4e-05   23.8   0.7   1   2    0.0021      0.71    9.0   0.2   344   377     4    43     1    63 0.70 -
Dato15343-RA         -            115 26149at7147          -            403   2.4e-05   23.8   0.7   2   2   5.2e-05     0.018   14.3   0.1   371   398    58    85    44    90 0.82 -
Dato00633-RA         -            587 26149at7147          -            403   7.1e-05   22.2   0.2   1   1   3.5e-07   0.00012   21.5   0.2     5    47   533   575   530   584 0.89 -
Dato06363-RA         -            358 26149at7147          -            403    0.0002   20.7   7.2   1   3     0.075        25    3.9  11.1     5    86    48   125    45   161 0.69 -
Dato06363-RA         -            358 26149at7147          -            403    0.0002   20.7   7.2   2   3   5.9e-07    0.0002   20.7   7.2     5    87   165   256   161   275 0.82 -
Dato06363-RA         -            358 26149at7147          -            403    0.0002   20.7   7.2   3   3      0.24        82    2.3   0.1     4    48   295   341   292   356 0.72 -
Dato06355-RA         -            257 26149at7147          -            403   0.00034   20.0  16.7   1   4       8.6   2.9e+03   -2.9   0.2    19    44     5    30     3    35 0.77 -
Dato06355-RA         -            257 26149at7147          -            403   0.00034   20.0  16.7   2   4   0.00098      0.34   10.1   0.2     5    35    41    72    37    90 0.88 -
Dato06355-RA         -            257 26149at7147          -            403   0.00034   20.0  16.7   3   4     0.053        18    4.4   0.9     4    39    97   132    94   160 0.78 -
Dato06355-RA         -            257 26149at7147          -            403   0.00034   20.0  16.7   4   4   1.1e-05    0.0036   16.6   0.5     4    39   162   197   158   210 0.87 -
Dato07462-RA         -            230 26149at7147          -            403   0.00042   19.7   2.0   1   2   0.00042      0.14   11.3   0.1     4    42    41    82    37    99 0.81 -
Dato07462-RA         -            230 26149at7147          -            403   0.00042   19.7   2.0   2   2    0.0046       1.6    7.9   0.2     3    45   108   152   106   161 0.81 -
Dato10722-RA         -            803 26149at7147          -            403   0.00058   19.2  24.0   1   3    0.0075       2.5    7.2   5.0    55    81   457   483   453   499 0.89 -
Dato10722-RA         -            803 26149at7147          -            403   0.00058   19.2  24.0   2   3      0.32   1.1e+02    1.8   8.5    57    91   498   532   484   543 0.85 -
Dato10722-RA         -            803 26149at7147          -            403   0.00058   19.2  24.0   3   3     1e-05    0.0034   16.7   0.2    55   137   713   797   705   800 0.79 -
Dato05481-RA         -            557 26149at7147          -            403   0.00076   18.8   0.4   1   1   3.5e-06    0.0012   18.2   0.4     5    41   519   555   516   557 0.91 -
Dato16317-RA         -           3269 26149at7147          -            403    0.0012   18.1   4.2   1  21       0.1        35    3.5   7.9    55    82    21    48    10    61 0.83 -
Dato16317-RA         -           3269 26149at7147          -            403    0.0012   18.1   4.2   2  21       1.3   4.6e+02   -0.2   9.3    54    85    59    91    48   102 0.84 -
Dato16317-RA         -           3269 26149at7147          -            403    0.0012   18.1   4.2   3  21      0.35   1.2e+02    1.7   2.8    49    83   101   135    93   138 0.83 -
Dato16317-RA         -           3269 26149at7147          -            403    0.0012   18.1   4.2   4  21   1.1e-05    0.0037   16.6   9.2    55    93   143   182   137   189 0.88 -
Dato16317-RA         -           3269 26149at7147          -            403    0.0012   18.1   4.2   5  21    0.0058         2    7.6   5.1    56    95   188   227   185   235 0.87 -
Dato16317-RA         -           3269 26149at7147          -            403    0.0012   18.1   4.2   6  21     0.004       1.4    8.1   0.8    55    85   293   323   282   333 0.91 -
Dato16317-RA         -           3269 26149at7147          -            403    0.0012   18.1   4.2   7  21       1.6   5.5e+02   -0.5  11.0    55    94   403   445   395   454 0.76 -
Dato16317-RA         -           3269 26149at7147          -            403    0.0012   18.1   4.2   8  21      0.91   3.1e+02    0.4   3.6    64    84   439   459   431   474 0.83 -
Dato16317-RA         -           3269 26149at7147          -            403    0.0012   18.1   4.2   9  21      0.17        58    2.7   8.6    34    83   457   507   454   523 0.77 -
Dato16317-RA         -           3269 26149at7147          -            403    0.0012   18.1   4.2  10  21      0.14        48    3.0  12.7    42    92   524   572   508   588 0.79 -
Dato16317-RA         -           3269 26149at7147          -            403    0.0012   18.1   4.2  11  21     0.076        26    3.9   9.0    54    94   595   635   581   636 0.90 -
Dato16317-RA         -           3269 26149at7147          -            403    0.0012   18.1   4.2  12  21      0.11        36    3.4   9.4    56   102   634   680   628   682 0.92 -
Dato16317-RA         -           3269 26149at7147          -            403    0.0012   18.1   4.2  13  21     0.013       4.3    6.5   3.7    58    84   680   706   679   719 0.89 -
Dato16317-RA         -           3269 26149at7147          -            403    0.0012   18.1   4.2  14  21     0.081        27    3.8   6.2    54    87   723   756   714   764 0.87 -
Dato16317-RA         -           3269 26149at7147          -            403    0.0012   18.1   4.2  15  21       1.2   4.1e+02   -0.0  10.2    60   104   767   810   761   811 0.84 -
Dato16317-RA         -           3269 26149at7147          -            403    0.0012   18.1   4.2  16  21     0.006       2.1    7.5   5.8    56    84   800   828   797   835 0.93 -
Dato16317-RA         -           3269 26149at7147          -            403    0.0012   18.1   4.2  17  21   0.00062      0.21   10.8   8.6    38   111   821   894   814   900 0.86 -
Dato16317-RA         -           3269 26149at7147          -            403    0.0012   18.1   4.2  18  21      0.15        52    2.9   1.9    55    84   913   943   903   956 0.84 -
Dato16317-RA         -           3269 26149at7147          -            403    0.0012   18.1   4.2  19  21     0.011       3.7    6.7   5.1    48    86  1093  1131  1082  1139 0.85 -
Dato16317-RA         -           3269 26149at7147          -            403    0.0012   18.1   4.2  20  21     0.016       5.6    6.1   9.3    55    99  1140  1184  1132  1186 0.80 -
Dato16317-RA         -           3269 26149at7147          -            403    0.0012   18.1   4.2  21  21   3.6e-06    0.0012   18.1   4.2    55    88  1183  1216  1180  1247 0.92 -
Dato04818-RA         -            208 26149at7147          -            403    0.0015   17.9   2.1   1   2   4.3e-05     0.015   14.6   1.6     5    77   114   182   111   183 0.86 -
Dato04818-RA         -            208 26149at7147          -            403    0.0015   17.9   2.1   2   2     0.021       7.2    5.7   0.1     3    39   170   206   168   208 0.93 -
Dato04747-RA         -            160 26149at7147          -            403    0.0021   17.4   3.3   1   1   7.9e-06    0.0027   17.0   3.3    51   120    38   106    25   115 0.73 -
Dato03454-RA         -            980 26149at7147          -            403    0.0032   16.8   0.0   1   1   1.3e-05    0.0044   16.3   0.0     4    48   932   976   929   980 0.90 -
Dato04096-RA         -            454 26149at7147          -            403    0.0033   16.7   0.5   1   4      0.21        71    2.5   1.0     4    42    42    80    39    91 0.83 -
Dato04096-RA         -            454 26149at7147          -            403    0.0033   16.7   0.5   2   4   9.7e-06    0.0033   16.7   0.5     2    42   148   188   147   206 0.87 -
Dato04096-RA         -            454 26149at7147          -            403    0.0033   16.7   0.5   3   4      0.57   1.9e+02    1.0   0.2     5    45   212   251   208   260 0.88 -
Dato04096-RA         -            454 26149at7147          -            403    0.0033   16.7   0.5   4   4      0.55   1.9e+02    1.1   0.3     5    29   410   434   407   444 0.85 -
Dato04822-RA         -            286 26149at7147          -            403    0.0057   15.9  12.3   1   3      0.03        10    5.2   1.2     5    41    49    85     7   126 0.65 -
Dato04822-RA         -            286 26149at7147          -            403    0.0057   15.9  12.3   2   3     0.033        11    5.1   0.1     5    51   156   203   153   217 0.82 -
Dato04822-RA         -            286 26149at7147          -            403    0.0057   15.9  12.3   3   3    0.0002     0.067   12.4   0.6     4    47   225   267   223   276 0.87 -
Dato04819-RA         -            259 26149at7147          -            403    0.0061   15.8   0.9   1   3      0.84   2.9e+02    0.5   0.1     4    35   106   138   103   155 0.84 -
Dato04819-RA         -            259 26149at7147          -            403    0.0061   15.8   0.9   2   3       2.2   7.4e+02   -0.9   0.6     2    36   161   195   160   213 0.79 -
Dato04819-RA         -            259 26149at7147          -            403    0.0061   15.8   0.9   3   3   1.8e-05    0.0061   15.8   0.9     2    37   221   256   220   258 0.92 -
Dato05635-RA         -            493 26149at7147          -            403    0.0083   15.4   0.2   1   1   3.3e-05     0.011   15.0   0.2     5    41   453   489   449   492 0.91 -
Dato16245-RA         -            147 26149at7147          -            403    0.0089   15.3  16.5   1   2    0.0058         2    7.6   7.3    51    95    68   107    57   121 0.75 -
Dato16245-RA         -            147 26149at7147          -            403    0.0089   15.3  16.5   2   2   8.7e-05      0.03   13.6   1.5    59    83   121   145   117   147 0.91 -
Dato02645-RA         -            733 26149at7147          -            403     0.016   14.5   0.7   1   1   7.6e-05     0.026   13.8   0.7    55    82    13    41     2    64 0.81 -
Dato03285-RA         -           1265 26149at7147          -            403     0.018   14.3   2.1   1   1   0.00011     0.038   13.2   2.1    55    92   210   248   202   279 0.80 -
Dato02411-RA         -            640 26149at7147          -            403     0.043   13.1  38.5   1   4    0.0031         1    8.5   4.8    55    81    38    64    27    78 0.84 -
Dato02411-RA         -            640 26149at7147          -            403     0.043   13.1  38.5   2   4     0.019       6.4    5.9   6.3    51   109    78   136    68   139 0.82 -
Dato02411-RA         -            640 26149at7147          -            403     0.043   13.1  38.5   3   4      0.48   1.6e+02    1.3   4.6    56    86   135   164   129   176 0.75 -
Dato02411-RA         -            640 26149at7147          -            403     0.043   13.1  38.5   4   4   0.00019     0.066   12.4   5.0    38    84   161   209   158   225 0.74 -
Dato04709-RA         -            413 26149at7147          -            403     0.071   12.3   0.1   1   1   0.00034      0.12   11.6   0.1    91   141   277   327   268   339 0.90 -
Dato04823-RA         -            496 26149at7147          -            403         1    8.5  74.5   1   6    0.0077       2.6    7.2   2.9     3    49    95   139    93   149 0.81 -
Dato04823-RA         -            496 26149at7147          -            403         1    8.5  74.5   2   6    0.0089         3    7.0   1.2     3    38   151   186   149   204 0.85 -
Dato04823-RA         -            496 26149at7147          -            403         1    8.5  74.5   3   6    0.0093       3.2    6.9   0.8     3    37   207   241   205   260 0.84 -
Dato04823-RA         -            496 26149at7147          -            403         1    8.5  74.5   4   6     0.016       5.5    6.1   1.7     3    38   263   298   261   313 0.84 -
Dato04823-RA         -            496 26149at7147          -            403         1    8.5  74.5   5   6    0.0003       0.1   11.8   2.5     3    58   316   367   314   373 0.83 -
Dato04823-RA         -            496 26149at7147          -            403         1    8.5  74.5   6   6    0.0029         1    8.6  12.3     4    96   378   471   375   489 0.67 -
Dato02460-RA         -            549 26149at7147          -            403       1.3    8.2  43.3   1   5   0.00015     0.051   12.8   4.2    51    85    34    70    19    77 0.79 -
Dato02460-RA         -            549 26149at7147          -            403       1.3    8.2  43.3   2   5      0.25        85    2.2   5.8    56    90    78   112    71   126 0.84 -
Dato02460-RA         -            549 26149at7147          -            403       1.3    8.2  43.3   3   5     0.022       7.6    5.7   3.2    58    81   135   158   120   170 0.82 -
Dato02460-RA         -            549 26149at7147          -            403       1.3    8.2  43.3   4   5    0.0052       1.8    7.7   2.6    55    80   173   198   160   271 0.91 -
Dato02460-RA         -            549 26149at7147          -            403       1.3    8.2  43.3   5   5       1.6   5.6e+02   -0.5   1.0    30    99   316   384   302   398 0.68 -
Dato02450-RA         -            572 26149at7147          -            403       3.5    6.8  37.1   1   4   9.4e-05     0.032   13.5   8.6    55    89    54    88    45    99 0.82 -
Dato02450-RA         -            572 26149at7147          -            403       3.5    6.8  37.1   2   4      0.81   2.8e+02    0.5   3.6    56    89    94   127    89   137 0.85 -
Dato02450-RA         -            572 26149at7147          -            403       3.5    6.8  37.1   3   4       5.2   1.8e+03   -2.1   5.9    57    93   150   182   133   192 0.69 -
Dato02450-RA         -            572 26149at7147          -            403       3.5    6.8  37.1   4   4    0.0089         3    7.0   3.2    55    80   189   214   182   233 0.87 -
#
# Program:         hmmsearch
# Version:         3.1b2 (February 2015)
# Pipeline mode:   SEARCH
# Query file:      /home/nmoreyra/Documents/Genomics/03_orthologs_search/00_Phylogenomics_BUSCO-groups/busco4_odb10/busco_downloads/lineages/diptera_odb10/hmms/26149at7147.hmm
# Target file:     /home/nmoreyra/Documents/Genomics/03_orthologs_search/00_Phylogenomics_BUSCO-groups/busco4_odb10/../00_proteins/Dato_proteins.fasta
# Option settings: /home/nmoreyra/Software/miniconda3/envs/busco4/bin/hmmsearch --domtblout /home/nmoreyra/Documents/Genomics/03_orthologs_search/00_Phylogenomics_BUSCO-groups/busco4_odb10/Dato_diptera/run_diptera_odb10/hmmer_output/initial_run_results/26149at7147.out --cpu 1 /home/nmoreyra/Documents/Genomics/03_orthologs_search/00_Phylogenomics_BUSCO-groups/busco4_odb10/busco_downloads/lineages/diptera_odb10/hmms/26149at7147.hmm /home/nmoreyra/Documents/Genomics/03_orthologs_search/00_Phylogenomics_BUSCO-groups/busco4_odb10/../00_proteins/Dato_proteins.fasta 
# Current dir:     /home/nmoreyra/Documents/Genomics/03_orthologs_search/00_Phylogenomics_BUSCO-groups/busco4_odb10
# Date:            Mon Jan 25 12:54:22 2021
# [ok]
