#                                                                            --- full sequence --- -------------- this domain -------------   hmm coord   ali coord   env coord
# target name        accession   tlen query name           accession   qlen   E-value  score  bias   #  of  c-Evalue  i-Evalue  score  bias  from    to  from    to  from    to  acc description of target
#------------------- ---------- ----- -------------------- ---------- ----- --------- ------ ----- --- --- --------- --------- ------ ----- ----- ----- ----- ----- ----- ----- ---- ---------------------
Dato03681-RA         -            944 26876at7147          -            359   1.3e-21   76.5   0.0   1   2   1.3e-13   6.5e-11   41.3   0.0   195   331   289   430   272   439 0.80 -
Dato03681-RA         -            944 26876at7147          -            359   1.3e-21   76.5   0.0   2   2   5.8e-11   2.8e-08   32.6   0.0   206   341   696   835   686   841 0.74 -
Dato13514-RA         -            875 26876at7147          -            359   9.8e-21   73.6   0.0   1   2   6.2e-13     3e-10   39.1   0.0   198   336   301   441   265   461 0.85 -
Dato13514-RA         -            875 26876at7147          -            359   9.8e-21   73.6   0.0   2   2   8.9e-11   4.3e-08   32.0   0.0   201   335   577   716   555   720 0.78 -
Dato12276-RA         -            766 26876at7147          -            359   2.5e-20   72.2   0.0   1   2     3e-09   1.4e-06   27.0   0.0   199   332   265   410   243   431 0.73 -
Dato12276-RA         -            766 26876at7147          -            359   2.5e-20   72.2   0.0   2   2   4.4e-14   2.1e-11   42.9   0.0   198   337   531   675   524   685 0.75 -
Dato00828-RA         -            439 26876at7147          -            359   4.7e-18   64.8   0.0   1   1   1.4e-20   6.8e-18   64.2   0.0   194   332   206   349   188   369 0.84 -
Dato01913-RA         -           1463 26876at7147          -            359   5.7e-18   64.5   0.0   1   1   2.3e-20   1.1e-17   63.5   0.0   194   332   161   304   144   311 0.83 -
Dato14897-RA         -            408 26876at7147          -            359   9.2e-18   63.8   0.0   1   1   2.9e-20   1.4e-17   63.2   0.0   196   332   179   320   161   336 0.83 -
Dato01108-RA         -            404 26876at7147          -            359   4.7e-16   58.2   0.0   1   1   1.5e-18   7.4e-16   57.5   0.0   196   332   171   312   142   316 0.78 -
Dato07548-RA         -            850 26876at7147          -            359   3.5e-15   55.3   0.0   1   1   1.4e-17   6.5e-15   54.4   0.0   186   341   388   552   374   564 0.84 -
Dato07800-RA         -            397 26876at7147          -            359   7.5e-15   54.2   0.0   1   1   2.3e-17   1.1e-14   53.7   0.0   197   332   166   306   145   316 0.81 -
Dato01607-RA         -            428 26876at7147          -            359   3.5e-14   52.0   0.0   1   1   1.1e-16   5.4e-14   51.4   0.0   177   332   180   340   165   362 0.81 -
Dato00377-RA         -            393 26876at7147          -            359     4e-14   51.8   0.0   1   1   1.2e-16   5.7e-14   51.3   0.0   196   332   161   302   141   308 0.80 -
Dato03641-RA         -            811 26876at7147          -            359   3.5e-13   48.7   0.0   1   1   1.1e-15   5.3e-13   48.1   0.0   187   337   329   485   318   498 0.83 -
Dato14454-RA         -            730 26876at7147          -            359   6.1e-13   47.9   0.0   1   1   2.6e-15   1.3e-12   46.9   0.0   198   331   489   631   474   643 0.83 -
Dato13417-RA         -            738 26876at7147          -            359   1.5e-12   46.7   0.0   1   1   5.8e-15   2.8e-12   45.8   0.0   186   338   239   397   214   407 0.81 -
Dato09931-RA         -            838 26876at7147          -            359   1.7e-11   43.2   0.0   1   1   5.8e-14   2.8e-11   42.5   0.0   199   338   373   517   342   530 0.81 -
Dato10963-RA         -           1052 26876at7147          -            359   2.1e-11   42.9   0.0   1   1   7.5e-14   3.6e-11   42.1   0.0   186   334   572   726   547   737 0.81 -
Dato05127-RA         -            504 26876at7147          -            359   3.2e-11   42.3   0.0   1   1   9.8e-14   4.7e-11   41.7   0.0   196   336   200   345   180   364 0.77 -
Dato05880-RA         -            904 26876at7147          -            359   4.9e-11   41.7   0.0   1   2      0.37   1.8e+02    0.3   0.0   209   232   370   393   366   402 0.90 -
Dato05880-RA         -            904 26876at7147          -            359   4.9e-11   41.7   0.0   2   2     1e-12     5e-10   38.4   0.0   206   339   655   795   647   803 0.77 -
Dato05453-RA         -            759 26876at7147          -            359   6.7e-11   41.2   0.0   1   1   2.4e-13   1.2e-10   40.4   0.0   183   335   333   489   321   501 0.81 -
Dato00639-RA         -            750 26876at7147          -            359   1.8e-08   33.2   0.7   1   2   5.2e-10   2.5e-07   29.5   0.5   200   335   251   399   243   414 0.71 -
Dato00639-RA         -            750 26876at7147          -            359   1.8e-08   33.2   0.7   2   2       3.2   1.5e+03   -2.7   0.0   209   230   543   564   541   571 0.83 -
Dato14709-RA         -            745 26876at7147          -            359     3e-07   29.2   0.9   1   1   6.4e-09   3.1e-06   25.9   0.9   201   335   248   395   242   414 0.70 -
Dato16401-RA         -            461 26876at7147          -            359     7e-07   28.0   0.0   1   1   2.2e-09   1.1e-06   27.4   0.0   197   325   176   307   168   329 0.76 -
Dato06378-RA         -           2033 26876at7147          -            359   1.7e-06   26.7   0.0   1   2       3.6   1.7e+03   -2.9   0.0   257   320   542   603   457   614 0.49 -
Dato06378-RA         -           2033 26876at7147          -            359   1.7e-06   26.7   0.0   2   2   1.1e-08   5.3e-06   25.1   0.0   206   330   755   881   745   890 0.77 -
Dato14430-RA         -            509 26876at7147          -            359   2.2e-06   26.4   0.0   1   1     7e-09   3.3e-06   25.8   0.0   207   325   266   388   237   398 0.76 -
Dato14367-RA         -           5494 26876at7147          -            359   1.3e-05   23.8   0.0   1   4      0.48   2.3e+02   -0.0   0.0   202   228   314   340   294   364 0.82 -
Dato14367-RA         -           5494 26876at7147          -            359   1.3e-05   23.8   0.0   2   4       1.3   6.1e+02   -1.4   0.0   209   243   757   791   751   798 0.89 -
Dato14367-RA         -           5494 26876at7147          -            359   1.3e-05   23.8   0.0   3   4      0.03        15    3.9   0.0   192   240  1446  1494  1418  1512 0.82 -
Dato14367-RA         -           5494 26876at7147          -            359   1.3e-05   23.8   0.0   4   4   4.2e-05      0.02   13.3   0.0   206   243  1813  1850  1793  1860 0.88 -
Dato02510-RA         -            766 26876at7147          -            359   1.9e-05   23.3   0.0   1   1   6.2e-08     3e-05   22.6   0.0   207   325   525   648   516   662 0.70 -
Dato02883-RA         -            426 26876at7147          -            359   2.1e-05   23.1   0.1   1   1   9.2e-07   0.00044   18.8   0.1   200   342   162   321   132   333 0.66 -
Dato12583-RA         -            557 26876at7147          -            359   7.2e-05   21.4   0.0   1   1   2.6e-07   0.00013   20.6   0.0   207   325   318   440   311   466 0.74 -
Dato02030-RA         -            579 26876at7147          -            359   9.1e-05   21.0   0.0   1   1     3e-07   0.00014   20.4   0.0   207   325   334   459   322   469 0.68 -
Dato02189-RA         -            735 26876at7147          -            359   0.00094   17.7   0.0   1   1   3.5e-06    0.0017   16.9   0.0   206   301   489   587   474   623 0.66 -
Dato15831-RA         -            493 26876at7147          -            359    0.0096   14.4   0.0   1   1   3.9e-05     0.019   13.4   0.0   202   275   272   354   257   366 0.73 -
Dato16871-RA         -           2057 26876at7147          -            359      0.01   14.3   0.0   1   2      0.69   3.3e+02   -0.5   0.1   212   242  1654  1684  1647  1694 0.86 -
Dato16871-RA         -           2057 26876at7147          -            359      0.01   14.3   0.0   2   2   0.00013     0.063   11.7   0.0   202   230  1950  1978  1934  2011 0.81 -
Dato14040-RA         -            332 26876at7147          -            359      0.04   12.3   0.0   1   1   0.00014     0.066   11.6   0.0   203   261    44   105    18   159 0.65 -
Dato02346-RA         -            602 26876at7147          -            359     0.059   11.8   0.0   1   1   0.00018     0.088   11.2   0.0   172   230   316   370   286   427 0.76 -
#
# Program:         hmmsearch
# Version:         3.1b2 (February 2015)
# Pipeline mode:   SEARCH
# Query file:      /home/nmoreyra/Documents/Genomics/03_orthologs_search/00_Phylogenomics_BUSCO-groups/busco4_odb10/busco_downloads/lineages/diptera_odb10/hmms/26876at7147.hmm
# Target file:     /home/nmoreyra/Documents/Genomics/03_orthologs_search/00_Phylogenomics_BUSCO-groups/busco4_odb10/../00_proteins/Dato_proteins.fasta
# Option settings: /home/nmoreyra/Software/miniconda3/envs/busco4/bin/hmmsearch --domtblout /home/nmoreyra/Documents/Genomics/03_orthologs_search/00_Phylogenomics_BUSCO-groups/busco4_odb10/Dato_diptera/run_diptera_odb10/hmmer_output/initial_run_results/26876at7147.out --cpu 1 /home/nmoreyra/Documents/Genomics/03_orthologs_search/00_Phylogenomics_BUSCO-groups/busco4_odb10/busco_downloads/lineages/diptera_odb10/hmms/26876at7147.hmm /home/nmoreyra/Documents/Genomics/03_orthologs_search/00_Phylogenomics_BUSCO-groups/busco4_odb10/../00_proteins/Dato_proteins.fasta 
# Current dir:     /home/nmoreyra/Documents/Genomics/03_orthologs_search/00_Phylogenomics_BUSCO-groups/busco4_odb10
# Date:            Mon Jan 25 12:55:28 2021
# [ok]
