#                                                                            --- full sequence --- -------------- this domain -------------   hmm coord   ali coord   env coord
# target name        accession   tlen query name           accession   qlen   E-value  score  bias   #  of  c-Evalue  i-Evalue  score  bias  from    to  from    to  from    to  acc description of target
#------------------- ---------- ----- -------------------- ---------- ----- --------- ------ ----- --- --- --------- --------- ------ ----- ----- ----- ----- ----- ----- ----- ---- ---------------------
Dato07674-RA         -            687 28368at7147          -            358  1.5e-134  448.4  13.4   1   3   1.7e-26   9.3e-23   80.6   0.3     3    93    24   122    22   125 0.84 -
Dato07674-RA         -            687 28368at7147          -            358  1.5e-134  448.4  13.4   2   3  2.2e-115  1.2e-111  373.0   4.6    95   358   215   517   212   517 0.89 -
Dato07674-RA         -            687 28368at7147          -            358  1.5e-134  448.4  13.4   3   3      0.16   8.5e+02   -1.5   0.1   163   188   526   551   520   605 0.60 -
Dato04532-RA         -            526 28368at7147          -            358   1.6e-06   27.2   0.0   1   2   1.1e-05     0.061   12.1   0.0   212   288   219   296   205   302 0.88 -
Dato04532-RA         -            526 28368at7147          -            358   1.6e-06   27.2   0.0   2   2   7.6e-06     0.042   12.7   0.0   210   293   301   384   288   405 0.84 -
Dato12412-RA         -            486 28368at7147          -            358      0.03   13.1   4.6   1   4    0.0086        47    2.6   0.0   243   271     7    35     4    52 0.82 -
Dato12412-RA         -            486 28368at7147          -            358      0.03   13.1   4.6   2   4   0.00039       2.1    7.0   0.1   160   183   205   228   184   241 0.80 -
Dato12412-RA         -            486 28368at7147          -            358      0.03   13.1   4.6   3   4     0.018        96    1.6   0.1   157   194   243   280   238   283 0.90 -
Dato12412-RA         -            486 28368at7147          -            358      0.03   13.1   4.6   4   4     0.055     3e+02   -0.0   0.0   138   172   388   423   382   475 0.80 -
#
# Program:         hmmsearch
# Version:         3.1b2 (February 2015)
# Pipeline mode:   SEARCH
# Query file:      /home/nmoreyra/Documents/Genomics/03_orthologs_search/00_Phylogenomics_BUSCO-groups/busco4_odb10/busco_downloads/lineages/diptera_odb10/hmms/28368at7147.hmm
# Target file:     /home/nmoreyra/Documents/Genomics/03_orthologs_search/00_Phylogenomics_BUSCO-groups/busco4_odb10/../00_proteins/Dato_proteins.fasta
# Option settings: /home/nmoreyra/Software/miniconda3/envs/busco4/bin/hmmsearch --domtblout /home/nmoreyra/Documents/Genomics/03_orthologs_search/00_Phylogenomics_BUSCO-groups/busco4_odb10/Dato_diptera/run_diptera_odb10/hmmer_output/initial_run_results/28368at7147.out --cpu 1 /home/nmoreyra/Documents/Genomics/03_orthologs_search/00_Phylogenomics_BUSCO-groups/busco4_odb10/busco_downloads/lineages/diptera_odb10/hmms/28368at7147.hmm /home/nmoreyra/Documents/Genomics/03_orthologs_search/00_Phylogenomics_BUSCO-groups/busco4_odb10/../00_proteins/Dato_proteins.fasta 
# Current dir:     /home/nmoreyra/Documents/Genomics/03_orthologs_search/00_Phylogenomics_BUSCO-groups/busco4_odb10
# Date:            Mon Jan 25 12:55:52 2021
# [ok]
