#                                                                            --- full sequence --- -------------- this domain -------------   hmm coord   ali coord   env coord
# target name        accession   tlen query name           accession   qlen   E-value  score  bias   #  of  c-Evalue  i-Evalue  score  bias  from    to  from    to  from    to  acc description of target
#------------------- ---------- ----- -------------------- ---------- ----- --------- ------ ----- --- --- --------- --------- ------ ----- ----- ----- ----- ----- ----- ----- ---- ---------------------
Dato13996-RA         -            707 28377at7147          -            532    5e-270  896.4   5.0   1   2  6.9e-240  3.8e-236  784.6   1.3     1   441    28   496    28   506 0.95 -
Dato13996-RA         -            707 28377at7147          -            532    5e-270  896.4   5.0   2   2   2.3e-36   1.3e-32  113.0   0.1   436   532   521   648   517   648 0.85 -
Dato17127-RA         -            638 28377at7147          -            532   4.8e-54  183.6   0.4   1   1   5.2e-57   2.8e-53  181.1   0.4    27   472    57   531    49   611 0.78 -
Dato04029-RA         -            850 28377at7147          -            532     2e-25   89.2  14.6   1   5   1.5e-08   8.4e-05   21.1   0.0   316   423    31   154    13   172 0.78 -
Dato04029-RA         -            850 28377at7147          -            532     2e-25   89.2  14.6   2   5   1.4e-15   7.9e-12   44.3   0.2    27   263    69   304    69   329 0.78 -
Dato04029-RA         -            850 28377at7147          -            532     2e-25   89.2  14.6   3   5   2.4e-08   0.00013   20.5   0.3   298   423   459   590   448   597 0.78 -
Dato04029-RA         -            850 28377at7147          -            532     2e-25   89.2  14.6   4   5   1.8e-11   9.9e-08   30.8   1.8    79   240   561   721   558   746 0.77 -
Dato04029-RA         -            850 28377at7147          -            532     2e-25   89.2  14.6   5   5     0.077   4.2e+02   -1.0   0.0   491   531   754   797   739   798 0.70 -
#
# Program:         hmmsearch
# Version:         3.1b2 (February 2015)
# Pipeline mode:   SEARCH
# Query file:      /home/nmoreyra/Documents/Genomics/03_orthologs_search/00_Phylogenomics_BUSCO-groups/busco4_odb10/busco_downloads/lineages/diptera_odb10/hmms/28377at7147.hmm
# Target file:     /home/nmoreyra/Documents/Genomics/03_orthologs_search/00_Phylogenomics_BUSCO-groups/busco4_odb10/../00_proteins/Dato_proteins.fasta
# Option settings: /home/nmoreyra/Software/miniconda3/envs/busco4/bin/hmmsearch --domtblout /home/nmoreyra/Documents/Genomics/03_orthologs_search/00_Phylogenomics_BUSCO-groups/busco4_odb10/Dato_diptera/run_diptera_odb10/hmmer_output/initial_run_results/28377at7147.out --cpu 1 /home/nmoreyra/Documents/Genomics/03_orthologs_search/00_Phylogenomics_BUSCO-groups/busco4_odb10/busco_downloads/lineages/diptera_odb10/hmms/28377at7147.hmm /home/nmoreyra/Documents/Genomics/03_orthologs_search/00_Phylogenomics_BUSCO-groups/busco4_odb10/../00_proteins/Dato_proteins.fasta 
# Current dir:     /home/nmoreyra/Documents/Genomics/03_orthologs_search/00_Phylogenomics_BUSCO-groups/busco4_odb10
# Date:            Mon Jan 25 12:55:54 2021
# [ok]
