#                                                                            --- full sequence --- -------------- this domain -------------   hmm coord   ali coord   env coord
# target name        accession   tlen query name           accession   qlen   E-value  score  bias   #  of  c-Evalue  i-Evalue  score  bias  from    to  from    to  from    to  acc description of target
#------------------- ---------- ----- -------------------- ---------- ----- --------- ------ ----- --- --- --------- --------- ------ ----- ----- ----- ----- ----- ----- ----- ---- ---------------------
Dato15100-RA         -            518 28906at7147          -            405  7.3e-223  740.0  25.2   1   1  1.7e-225  2.2e-222  738.4  25.2    16   405    96   515    89   515 0.95 -
Dato06212-RA         -            702 28906at7147          -            405  1.1e-131  439.7  20.1   1   1  1.6e-134  2.1e-131  438.8  20.1    17   401   272   688   267   692 0.91 -
Dato06213-RA         -            466 28906at7147          -            405  2.7e-114  382.4  24.4   1   1  6.4e-117    8e-114  380.9  24.4    15   403    39   461    31   463 0.91 -
Dato15863-RA         -            474 28906at7147          -            405  2.1e-107  359.7  20.5   1   1  4.4e-110  5.5e-107  358.3  20.5    25   404    55   466    42   467 0.88 -
Dato04307-RA         -            470 28906at7147          -            405  2.8e-105  352.8  23.0   1   1  3.8e-108  4.7e-105  352.0  23.0    14   404    42   461    30   462 0.91 -
Dato07062-RA         -            479 28906at7147          -            405  3.8e-102  342.4  14.5   1   1  4.3e-105  5.4e-102  341.9  14.5    18   405    62   476    49   476 0.89 -
Dato06210-RA         -            544 28906at7147          -            405   6.1e-93  312.1  25.2   1   3   9.7e-72   1.2e-68  232.1  19.2    19   369    34   410    29   417 0.89 -
Dato06210-RA         -            544 28906at7147          -            405   6.1e-93  312.1  25.2   2   3     3e-11   3.7e-08   32.9   0.0    16    75   419   478   413   485 0.88 -
Dato06210-RA         -            544 28906at7147          -            405   6.1e-93  312.1  25.2   3   3   5.1e-17   6.4e-14   51.9   0.4   221   293   471   543   468   544 0.94 -
Dato04166-RA         -            446 28906at7147          -            405   2.3e-92  310.2  26.9   1   1   1.3e-94   1.7e-91  307.4  26.9    15   404    18   439    10   440 0.91 -
Dato15864-RA         -            475 28906at7147          -            405   3.7e-86  289.7  27.6   1   1   1.9e-88   2.4e-85  287.1  27.6    23   404    56   472    40   473 0.86 -
Dato12653-RA         -            463 28906at7147          -            405   1.1e-76  258.6  29.7   1   1   1.6e-79     2e-76  257.7  29.7    18   403    34   450    21   452 0.90 -
Dato06211-RA         -            434 28906at7147          -            405     3e-53  181.4  25.4   1   2     1e-27   1.3e-24   87.1   9.3    17   177     9   176     5   179 0.92 -
Dato06211-RA         -            434 28906at7147          -            405     3e-53  181.4  25.4   2   2   8.2e-32     1e-28  100.6   8.8   235   404   177   370   176   371 0.83 -
Dato05423-RA         -            946 28906at7147          -            405     4e-10   39.4  32.3   1   1   2.4e-12     3e-09   36.5  32.3    36   402    61   435    41   438 0.69 -
Dato15038-RA         -            523 28906at7147          -            405    0.0039   16.4  19.9   1   2   1.7e-05     0.021   14.0  12.4    40   324    97   384    87   395 0.74 -
Dato15038-RA         -            523 28906at7147          -            405    0.0039   16.4  19.9   2   2    0.0059       7.4    5.6   0.7   324   394   415   487   407   494 0.73 -
#
# Program:         hmmsearch
# Version:         3.1b2 (February 2015)
# Pipeline mode:   SEARCH
# Query file:      /home/nmoreyra/Documents/Genomics/03_orthologs_search/00_Phylogenomics_BUSCO-groups/busco4_odb10/busco_downloads/lineages/diptera_odb10/hmms/28906at7147.hmm
# Target file:     /home/nmoreyra/Documents/Genomics/03_orthologs_search/00_Phylogenomics_BUSCO-groups/busco4_odb10/../00_proteins/Dato_proteins.fasta
# Option settings: /home/nmoreyra/Software/miniconda3/envs/busco4/bin/hmmsearch --domtblout /home/nmoreyra/Documents/Genomics/03_orthologs_search/00_Phylogenomics_BUSCO-groups/busco4_odb10/Dato_diptera/run_diptera_odb10/hmmer_output/initial_run_results/28906at7147.out --cpu 1 /home/nmoreyra/Documents/Genomics/03_orthologs_search/00_Phylogenomics_BUSCO-groups/busco4_odb10/busco_downloads/lineages/diptera_odb10/hmms/28906at7147.hmm /home/nmoreyra/Documents/Genomics/03_orthologs_search/00_Phylogenomics_BUSCO-groups/busco4_odb10/../00_proteins/Dato_proteins.fasta 
# Current dir:     /home/nmoreyra/Documents/Genomics/03_orthologs_search/00_Phylogenomics_BUSCO-groups/busco4_odb10
# Date:            Mon Jan 25 12:53:22 2021
# [ok]
