#                                                                            --- full sequence --- -------------- this domain -------------   hmm coord   ali coord   env coord
# target name        accession   tlen query name           accession   qlen   E-value  score  bias   #  of  c-Evalue  i-Evalue  score  bias  from    to  from    to  from    to  acc description of target
#------------------- ---------- ----- -------------------- ---------- ----- --------- ------ ----- --- --- --------- --------- ------ ----- ----- ----- ----- ----- ----- ----- ---- ---------------------
Dato07387-RA         -            578 30475at7147          -            394  1.2e-194  647.1  39.1   1   3   6.1e-94   9.1e-91  305.0  11.5     1   183    31   226    31   235 0.94 -
Dato07387-RA         -            578 30475at7147          -            394  1.2e-194  647.1  39.1   2   3   1.1e-09   1.7e-06   27.6   0.2   171   209   282   319   273   334 0.85 -
Dato07387-RA         -            578 30475at7147          -            394  1.2e-194  647.1  39.1   3   3  9.9e-100   1.5e-96  324.1  14.2   197   392   351   554   331   559 0.92 -
Dato07383-RA         -           1282 30475at7147          -            394   1.8e-78  264.6  58.7   1   4   1.1e-25   1.7e-22   80.3  10.1     1   178    39   229    39   237 0.89 -
Dato07383-RA         -           1282 30475at7147          -            394   1.8e-78  264.6  58.7   2   4   5.2e-18   7.8e-15   55.0  11.4   205   388   446   636   439   642 0.83 -
Dato07383-RA         -           1282 30475at7147          -            394   1.8e-78  264.6  58.7   3   4   2.3e-27   3.4e-24   85.8   6.9     1   187   706   905   706   913 0.89 -
Dato07383-RA         -           1282 30475at7147          -            394   1.8e-78  264.6  58.7   4   4   3.6e-20   5.3e-17   62.1   6.3   204   391  1079  1273  1068  1276 0.85 -
Dato07386-RA         -            652 30475at7147          -            394   3.2e-52  178.1  19.7   1   2   8.1e-34   1.2e-30  107.1   3.3    17   178    30   198    19   214 0.88 -
Dato07386-RA         -            652 30475at7147          -            394   3.2e-52  178.1  19.7   2   2   1.4e-24   2.1e-21   76.7   8.5   207   388   412   601   407   608 0.90 -
Dato05207-RA         -            477 30475at7147          -            394   1.4e-40  139.7  21.3   1   2   5.7e-25   8.5e-22   77.9   8.1     1   173    10   194    10   206 0.87 -
Dato05207-RA         -            477 30475at7147          -            394   1.4e-40  139.7  21.3   2   2   6.4e-22   9.5e-19   67.9   5.2   201   392   247   447   225   450 0.85 -
Dato12023-RA         -            657 30475at7147          -            394   1.2e-35  123.6  12.4   1   2   5.3e-26   7.9e-23   81.3   3.8     1   185    51   248    51   257 0.82 -
Dato12023-RA         -            657 30475at7147          -            394   1.2e-35  123.6  12.4   2   2   1.1e-15   1.6e-12   47.4   1.4   209   378   444   618   437   640 0.81 -
Dato07384-RA         -            641 30475at7147          -            394     2e-35  122.8  30.4   1   2   9.6e-25   1.4e-21   77.2   8.9     1   179    93   284    93   299 0.88 -
Dato07384-RA         -            641 30475at7147          -            394     2e-35  122.8  30.4   2   2   5.3e-17   7.9e-14   51.7  13.5   205   388   435   622   431   630 0.87 -
Dato07271-RA         -            840 30475at7147          -            394   1.3e-27   97.1  17.3   1   2   3.8e-16   5.7e-13   48.9   7.7     1   177   215   405   215   418 0.84 -
Dato07271-RA         -            840 30475at7147          -            394   1.3e-27   97.1  17.3   2   2   1.3e-17   1.9e-14   53.8   2.1   207   386   630   817   622   826 0.82 -
Dato15161-RA         -            635 30475at7147          -            394   1.5e-20   73.9  24.2   1   2   7.7e-17   1.1e-13   51.2  10.6     1   178    43   233    43   248 0.83 -
Dato15161-RA         -            635 30475at7147          -            394   1.5e-20   73.9  24.2   2   2   5.4e-10     8e-07   28.6   5.7   202   384   418   605   396   612 0.72 -
Dato06197-RA         -            820 30475at7147          -            394   2.1e-10   40.4  28.9   1   2   5.5e-12   8.3e-09   35.2  11.8     1   178    78   268    78   278 0.81 -
Dato06197-RA         -            820 30475at7147          -            394   2.1e-10   40.4  28.9   2   2   0.00011      0.17   11.1   9.1   200   386   546   738   539   743 0.68 -
Dato10544-RA         -            896 30475at7147          -            394   2.2e-10   40.4  11.4   1   1   2.3e-13   3.4e-10   39.8  11.4     1   258   431   696   431   734 0.83 -
Dato17686-RA         -            245 30475at7147          -            394   5.3e-07   29.2   0.0   1   1   4.9e-10   7.3e-07   28.8   0.0   205   270    28    93    23   102 0.90 -
#
# Program:         hmmsearch
# Version:         3.1b2 (February 2015)
# Pipeline mode:   SEARCH
# Query file:      /home/nmoreyra/Documents/Genomics/03_orthologs_search/00_Phylogenomics_BUSCO-groups/busco4_odb10/busco_downloads/lineages/diptera_odb10/hmms/30475at7147.hmm
# Target file:     /home/nmoreyra/Documents/Genomics/03_orthologs_search/00_Phylogenomics_BUSCO-groups/busco4_odb10/../00_proteins/Dato_proteins.fasta
# Option settings: /home/nmoreyra/Software/miniconda3/envs/busco4/bin/hmmsearch --domtblout /home/nmoreyra/Documents/Genomics/03_orthologs_search/00_Phylogenomics_BUSCO-groups/busco4_odb10/Dato_diptera/run_diptera_odb10/hmmer_output/initial_run_results/30475at7147.out --cpu 1 /home/nmoreyra/Documents/Genomics/03_orthologs_search/00_Phylogenomics_BUSCO-groups/busco4_odb10/busco_downloads/lineages/diptera_odb10/hmms/30475at7147.hmm /home/nmoreyra/Documents/Genomics/03_orthologs_search/00_Phylogenomics_BUSCO-groups/busco4_odb10/../00_proteins/Dato_proteins.fasta 
# Current dir:     /home/nmoreyra/Documents/Genomics/03_orthologs_search/00_Phylogenomics_BUSCO-groups/busco4_odb10
# Date:            Mon Jan 25 12:55:51 2021
# [ok]
