#                                                                            --- full sequence --- -------------- this domain -------------   hmm coord   ali coord   env coord
# target name        accession   tlen query name           accession   qlen   E-value  score  bias   #  of  c-Evalue  i-Evalue  score  bias  from    to  from    to  from    to  acc description of target
#------------------- ---------- ----- -------------------- ---------- ----- --------- ------ ----- --- --- --------- --------- ------ ----- ----- ----- ----- ----- ----- ----- ---- ---------------------
Dato01984-RA         -            371 32292at7147          -            313  2.6e-185  614.6   0.8   1   1  3.2e-188  4.8e-185  613.7   0.8     1   313    14   371    14   371 0.94 -
Dato07146-RA         -            442 32292at7147          -            313   8.6e-29  100.4   0.3   1   3   9.3e-25   1.4e-21   76.7   0.0     1   166     3   197     3   210 0.75 -
Dato07146-RA         -            442 32292at7147          -            313   8.6e-29  100.4   0.3   2   3   3.7e-07   0.00055   18.9   0.1   227   276   326   377   313   380 0.81 -
Dato07146-RA         -            442 32292at7147          -            313   8.6e-29  100.4   0.3   3   3       0.1   1.5e+02    1.0   0.0   275   308   405   438   401   442 0.82 -
Dato10951-RA         -            748 32292at7147          -            313   1.8e-12   46.8   0.0   1   1   1.7e-15   2.5e-12   46.3   0.0     3   192     4   209     2   250 0.80 -
Dato13175-RA         -            310 32292at7147          -            313   1.2e-10   40.8   0.0   1   1   1.1e-13   1.6e-10   40.3   0.0     7   173    28   211    25   236 0.82 -
Dato10085-RA         -           3311 32292at7147          -            313   4.8e-09   35.5   0.0   1   1   5.2e-12   7.8e-09   34.8   0.0     3   173  1081  1268  1079  1303 0.81 -
Dato17141-RA         -            590 32292at7147          -            313   1.4e-05   24.1   3.3   1   2   1.8e-06    0.0026   16.7   0.0     3   138   140   275   138   323 0.77 -
Dato17141-RA         -            590 32292at7147          -            313   1.4e-05   24.1   3.3   2   2     0.002       2.9    6.7   0.9   214   281   402   471   391   485 0.81 -
Dato10304-RA         -            415 32292at7147          -            313   0.00028   19.9   0.7   1   2   4.3e-06    0.0063   15.4   0.0     2    55    12    68    11   223 0.57 -
Dato10304-RA         -            415 32292at7147          -            313   0.00028   19.9   0.7   2   2      0.21   3.2e+02   -0.0   0.4   212   265   335   390   312   412 0.57 -
Dato08825-RA         -            315 32292at7147          -            313     0.005   15.8   0.0   1   1   5.4e-06    0.0081   15.1   0.0     1    58    20    79    20    88 0.82 -
Dato11653-RA         -            319 32292at7147          -            313      0.01   14.7   0.0   1   2   0.00057      0.84    8.4   0.0     2    45    35    80    34    92 0.82 -
Dato11653-RA         -            319 32292at7147          -            313      0.01   14.7   0.0   2   2     0.014        21    3.8   0.0    66   164   128   243   117   253 0.59 -
Dato09358-RA         -            886 32292at7147          -            313     0.062   12.2   0.0   1   1   0.00011      0.17   10.7   0.0     1    57   594   652   594   661 0.83 -
Dato11386-RA         -            442 32292at7147          -            313       2.7    6.8   7.7   1   3    0.0021       3.1    6.6   0.4   215   256   174   218   163   233 0.79 -
Dato11386-RA         -            442 32292at7147          -            313       2.7    6.8   7.7   2   3     0.013        19    4.0   0.2   211   292   206   280   203   289 0.67 -
Dato11386-RA         -            442 32292at7147          -            313       2.7    6.8   7.7   3   3     0.055        82    1.9   1.9   215   283   252   320   241   334 0.74 -
#
# Program:         hmmsearch
# Version:         3.1b2 (February 2015)
# Pipeline mode:   SEARCH
# Query file:      /home/nmoreyra/Documents/Genomics/03_orthologs_search/00_Phylogenomics_BUSCO-groups/busco4_odb10/busco_downloads/lineages/diptera_odb10/hmms/32292at7147.hmm
# Target file:     /home/nmoreyra/Documents/Genomics/03_orthologs_search/00_Phylogenomics_BUSCO-groups/busco4_odb10/../00_proteins/Dato_proteins.fasta
# Option settings: /home/nmoreyra/Software/miniconda3/envs/busco4/bin/hmmsearch --domtblout /home/nmoreyra/Documents/Genomics/03_orthologs_search/00_Phylogenomics_BUSCO-groups/busco4_odb10/Dato_diptera/run_diptera_odb10/hmmer_output/initial_run_results/32292at7147.out --cpu 1 /home/nmoreyra/Documents/Genomics/03_orthologs_search/00_Phylogenomics_BUSCO-groups/busco4_odb10/busco_downloads/lineages/diptera_odb10/hmms/32292at7147.hmm /home/nmoreyra/Documents/Genomics/03_orthologs_search/00_Phylogenomics_BUSCO-groups/busco4_odb10/../00_proteins/Dato_proteins.fasta 
# Current dir:     /home/nmoreyra/Documents/Genomics/03_orthologs_search/00_Phylogenomics_BUSCO-groups/busco4_odb10
# Date:            Mon Jan 25 12:55:17 2021
# [ok]
