#                                                                            --- full sequence --- -------------- this domain -------------   hmm coord   ali coord   env coord
# target name        accession   tlen query name           accession   qlen   E-value  score  bias   #  of  c-Evalue  i-Evalue  score  bias  from    to  from    to  from    to  acc description of target
#------------------- ---------- ----- -------------------- ---------- ----- --------- ------ ----- --- --- --------- --------- ------ ----- ----- ----- ----- ----- ----- ----- ---- ---------------------
Dato00755-RA         -            494 34044at7147          -            276  3.2e-129  430.2   1.9   1   1  1.7e-132  1.4e-128  428.1   1.9     1   276    64   397    64   397 0.89 -
Dato14348-RA         -           2493 34044at7147          -            276     0.067   12.6   1.9   1   7      0.32   2.6e+03   -2.5   0.0   139   180    30    79    12    82 0.71 -
Dato14348-RA         -           2493 34044at7147          -            276     0.067   12.6   1.9   2   7     0.073     6e+02   -0.4   0.0   154   199   313   359   307   375 0.74 -
Dato14348-RA         -           2493 34044at7147          -            276     0.067   12.6   1.9   3   7    0.0035        28    4.0   0.0   154   178   379   403   370   408 0.90 -
Dato14348-RA         -           2493 34044at7147          -            276     0.067   12.6   1.9   4   7     0.061     5e+02   -0.1   0.0   154   181   412   439   403   452 0.84 -
Dato14348-RA         -           2493 34044at7147          -            276     0.067   12.6   1.9   5   7      0.13   1.1e+03   -1.2   0.0   152   179   509   536   495   558 0.82 -
Dato14348-RA         -           2493 34044at7147          -            276     0.067   12.6   1.9   6   7      0.46   3.8e+03   -3.0   0.0   145   179   665   701   645   706 0.72 -
Dato14348-RA         -           2493 34044at7147          -            276     0.067   12.6   1.9   7   7     0.077   6.3e+02   -0.4   0.0   143   181   764   802   749   845 0.89 -
#
# Program:         hmmsearch
# Version:         3.1b2 (February 2015)
# Pipeline mode:   SEARCH
# Query file:      /home/nmoreyra/Documents/Genomics/03_orthologs_search/00_Phylogenomics_BUSCO-groups/busco4_odb10/busco_downloads/lineages/diptera_odb10/hmms/34044at7147.hmm
# Target file:     /home/nmoreyra/Documents/Genomics/03_orthologs_search/00_Phylogenomics_BUSCO-groups/busco4_odb10/../00_proteins/Dato_proteins.fasta
# Option settings: /home/nmoreyra/Software/miniconda3/envs/busco4/bin/hmmsearch --domtblout /home/nmoreyra/Documents/Genomics/03_orthologs_search/00_Phylogenomics_BUSCO-groups/busco4_odb10/Dato_diptera/run_diptera_odb10/hmmer_output/initial_run_results/34044at7147.out --cpu 1 /home/nmoreyra/Documents/Genomics/03_orthologs_search/00_Phylogenomics_BUSCO-groups/busco4_odb10/busco_downloads/lineages/diptera_odb10/hmms/34044at7147.hmm /home/nmoreyra/Documents/Genomics/03_orthologs_search/00_Phylogenomics_BUSCO-groups/busco4_odb10/../00_proteins/Dato_proteins.fasta 
# Current dir:     /home/nmoreyra/Documents/Genomics/03_orthologs_search/00_Phylogenomics_BUSCO-groups/busco4_odb10
# Date:            Mon Jan 25 12:56:04 2021
# [ok]
