#                                                                            --- full sequence --- -------------- this domain -------------   hmm coord   ali coord   env coord
# target name        accession   tlen query name           accession   qlen   E-value  score  bias   #  of  c-Evalue  i-Evalue  score  bias  from    to  from    to  from    to  acc description of target
#------------------- ---------- ----- -------------------- ---------- ----- --------- ------ ----- --- --- --------- --------- ------ ----- ----- ----- ----- ----- ----- ----- ---- ---------------------
Dato03977-RA         -            399 34577at7147          -            287  2.6e-126  420.7   2.0   1   2   1.1e-07   0.00034   19.9   0.0    12    67    50   114    46   134 0.78 -
Dato03977-RA         -            399 34577at7147          -            287  2.6e-126  420.7   2.0   2   2  2.1e-123  6.7e-120  399.6   1.0    62   287   158   399   151   399 0.94 -
Dato06342-RA         -            320 34577at7147          -            287   1.7e-22   80.0   0.4   1   3   6.6e-08   0.00022   20.5   0.0    70   124    29    85     5    95 0.76 -
Dato06342-RA         -            320 34577at7147          -            287   1.7e-22   80.0   0.4   2   3   2.4e-08     8e-05   22.0   0.0   177   215   163   201   122   205 0.91 -
Dato06342-RA         -            320 34577at7147          -            287   1.7e-22   80.0   0.4   3   3   4.4e-12   1.4e-08   34.3   0.1   233   287   242   296   230   296 0.94 -
Dato00181-RA         -            401 34577at7147          -            287   3.7e-12   46.0   0.5   1   1   2.1e-15   6.9e-12   45.2   0.5   180   286   132   241   121   242 0.84 -
Dato00825-RA         -            402 34577at7147          -            287     0.005   16.1   0.0   1   2    0.0025         8    5.6   0.0    66   104    54    92    46   171 0.77 -
Dato00825-RA         -            402 34577at7147          -            287     0.005   16.1   0.0   2   2   0.00031         1    8.5   0.0   255   283   262   290   248   294 0.80 -
Dato16015-RA         -            416 34577at7147          -            287    0.0058   15.9   2.9   1   2       1.5   4.8e+03   -3.6   0.0   106   143    87   124    84   128 0.61 -
Dato16015-RA         -            416 34577at7147          -            287    0.0058   15.9   2.9   2   2   3.9e-06     0.013   14.7   2.0   248   286   254   292   142   294 0.84 -
#
# Program:         hmmsearch
# Version:         3.1b2 (February 2015)
# Pipeline mode:   SEARCH
# Query file:      /home/nmoreyra/Documents/Genomics/03_orthologs_search/00_Phylogenomics_BUSCO-groups/busco4_odb10/busco_downloads/lineages/diptera_odb10/hmms/34577at7147.hmm
# Target file:     /home/nmoreyra/Documents/Genomics/03_orthologs_search/00_Phylogenomics_BUSCO-groups/busco4_odb10/../00_proteins/Dato_proteins.fasta
# Option settings: /home/nmoreyra/Software/miniconda3/envs/busco4/bin/hmmsearch --domtblout /home/nmoreyra/Documents/Genomics/03_orthologs_search/00_Phylogenomics_BUSCO-groups/busco4_odb10/Dato_diptera/run_diptera_odb10/hmmer_output/initial_run_results/34577at7147.out --cpu 1 /home/nmoreyra/Documents/Genomics/03_orthologs_search/00_Phylogenomics_BUSCO-groups/busco4_odb10/busco_downloads/lineages/diptera_odb10/hmms/34577at7147.hmm /home/nmoreyra/Documents/Genomics/03_orthologs_search/00_Phylogenomics_BUSCO-groups/busco4_odb10/../00_proteins/Dato_proteins.fasta 
# Current dir:     /home/nmoreyra/Documents/Genomics/03_orthologs_search/00_Phylogenomics_BUSCO-groups/busco4_odb10
# Date:            Mon Jan 25 12:56:50 2021
# [ok]
