#                                                                            --- full sequence --- -------------- this domain -------------   hmm coord   ali coord   env coord
# target name        accession   tlen query name           accession   qlen   E-value  score  bias   #  of  c-Evalue  i-Evalue  score  bias  from    to  from    to  from    to  acc description of target
#------------------- ---------- ----- -------------------- ---------- ----- --------- ------ ----- --- --- --------- --------- ------ ----- ----- ----- ----- ----- ----- ----- ---- ---------------------
Dato10473-RA         -            398 35757at7147          -            346  3.5e-188  624.6   4.2   1   1  4.6e-191  4.7e-188  624.2   4.2     1   346     7   398     7   398 0.93 -
Dato09877-RA         -            615 35757at7147          -            346   2.1e-87  293.3   4.6   1   1   3.8e-90   3.9e-87  292.4   4.6     2   344   227   613   226   614 0.87 -
Dato04013-RA         -            392 35757at7147          -            346   6.6e-87  291.6   5.9   1   1     8e-90   8.2e-87  291.3   5.9     2   345     4   390     3   391 0.89 -
Dato11527-RA         -            562 35757at7147          -            346   6.4e-75  252.2   0.3   1   1   1.2e-77   1.2e-74  251.3   0.3     3   346   185   562   183   562 0.83 -
Dato10033-RA         -            387 35757at7147          -            346   2.2e-71  240.6   0.5   1   1   3.3e-74   3.3e-71  240.0   0.5     2   346     4   387     3   387 0.79 -
Dato10867-RA         -            451 35757at7147          -            346     4e-65  220.0   0.3   1   1   5.5e-68   5.7e-65  219.5   0.3     3   346    54   451    52   451 0.78 -
Dato08650-RA         -            919 35757at7147          -            346   1.9e-63  214.5   0.5   1   1     4e-66   4.1e-63  213.4   0.5     3   336   106   492   104   498 0.80 -
Dato16747-RA         -            384 35757at7147          -            346   1.6e-62  211.5   3.1   1   1   2.5e-65   2.5e-62  210.8   3.1     9   346    12   382     2   382 0.84 -
Dato14115-RA         -            408 35757at7147          -            346   4.7e-60  203.3   4.1   1   1   6.3e-63   6.5e-60  202.9   4.1     2   344    23   406    22   408 0.85 -
Dato09239-RA         -            792 35757at7147          -            346   2.1e-56  191.3   0.0   1   1   3.7e-59   3.8e-56  190.5   0.0     1   324     8   382     8   391 0.82 -
Dato08469-RA         -           1237 35757at7147          -            346   8.6e-36  123.5  11.1   1   3   3.6e-27   3.7e-24   85.3   0.2     3   289   116   456   114   468 0.75 -
Dato08469-RA         -           1237 35757at7147          -            346   8.6e-36  123.5  11.1   2   3   3.4e-13   3.4e-10   39.4   0.7   282   344   471   534   458   536 0.90 -
Dato08469-RA         -           1237 35757at7147          -            346   8.6e-36  123.5  11.1   3   3       7.6   7.8e+03   -4.6   0.4   327   341   633   647   632   648 0.85 -
Dato05747-RA         -            452 35757at7147          -            346     1e-24   87.1   1.4   1   3   8.3e-08   8.5e-05   21.6   0.1     3   116    43   165    41   182 0.79 -
Dato05747-RA         -            452 35757at7147          -            346     1e-24   87.1   1.4   2   3   9.9e-09     1e-05   24.7   0.0   216   288   284   365   202   371 0.74 -
Dato05747-RA         -            452 35757at7147          -            346     1e-24   87.1   1.4   3   3   1.3e-12   1.4e-09   37.4   0.1   292   344   392   444   381   446 0.95 -
Dato15773-RA         -            407 35757at7147          -            346   3.7e-09   35.9   1.9   1   2   2.7e-08   2.7e-05   23.2   0.1     2   247     6   248     5   309 0.81 -
Dato15773-RA         -            407 35757at7147          -            346   3.7e-09   35.9   1.9   2   2   0.00024      0.24   10.3   0.1   291   332   336   377   331   392 0.89 -
Dato15772-RA         -            544 35757at7147          -            346   2.8e-08   33.1   1.4   1   3   8.5e-07   0.00087   18.3   0.1     2   238     6   240     5   256 0.77 -
Dato15772-RA         -            544 35757at7147          -            346   2.8e-08   33.1   1.4   2   3   0.00095      0.97    8.3   0.1   291   329   336   374   331   394 0.86 -
Dato15772-RA         -            544 35757at7147          -            346   2.8e-08   33.1   1.4   3   3      0.17   1.7e+02    0.9   0.0   214   242   402   432   398   442 0.80 -
Dato11472-RA         -            338 35757at7147          -            346    0.0058   15.6   0.1   1   1   1.1e-05     0.011   14.6   0.1    19    70    69   121    55   165 0.76 -
Dato13071-RA         -            323 35757at7147          -            346     0.058   12.3   0.2   1   1   7.7e-05     0.079   11.9   0.2     9    57    41    89    34   170 0.77 -
#
# Program:         hmmsearch
# Version:         3.1b2 (February 2015)
# Pipeline mode:   SEARCH
# Query file:      /home/nmoreyra/Documents/Genomics/03_orthologs_search/00_Phylogenomics_BUSCO-groups/busco4_odb10/busco_downloads/lineages/diptera_odb10/hmms/35757at7147.hmm
# Target file:     /home/nmoreyra/Documents/Genomics/03_orthologs_search/00_Phylogenomics_BUSCO-groups/busco4_odb10/../00_proteins/Dato_proteins.fasta
# Option settings: /home/nmoreyra/Software/miniconda3/envs/busco4/bin/hmmsearch --domtblout /home/nmoreyra/Documents/Genomics/03_orthologs_search/00_Phylogenomics_BUSCO-groups/busco4_odb10/Dato_diptera/run_diptera_odb10/hmmer_output/initial_run_results/35757at7147.out --cpu 1 /home/nmoreyra/Documents/Genomics/03_orthologs_search/00_Phylogenomics_BUSCO-groups/busco4_odb10/busco_downloads/lineages/diptera_odb10/hmms/35757at7147.hmm /home/nmoreyra/Documents/Genomics/03_orthologs_search/00_Phylogenomics_BUSCO-groups/busco4_odb10/../00_proteins/Dato_proteins.fasta 
# Current dir:     /home/nmoreyra/Documents/Genomics/03_orthologs_search/00_Phylogenomics_BUSCO-groups/busco4_odb10
# Date:            Mon Jan 25 12:55:44 2021
# [ok]
