#                                                                            --- full sequence --- -------------- this domain -------------   hmm coord   ali coord   env coord
# target name        accession   tlen query name           accession   qlen   E-value  score  bias   #  of  c-Evalue  i-Evalue  score  bias  from    to  from    to  from    to  acc description of target
#------------------- ---------- ----- -------------------- ---------- ----- --------- ------ ----- --- --- --------- --------- ------ ----- ----- ----- ----- ----- ----- ----- ---- ---------------------
Dato16591-RA         -           1047 3700at7147           -            906  1.6e-237  790.6  32.7   1   3  2.3e-153  9.5e-150  500.2  17.4   139   633    11   568     6   577 0.88 -
Dato16591-RA         -           1047 3700at7147           -            906  1.6e-237  790.6  32.7   2   3   9.1e-78   3.7e-74  250.0   4.0   600   846   583   868   575   884 0.84 -
Dato16591-RA         -           1047 3700at7147           -            906  1.6e-237  790.6  32.7   3   3   1.9e-16   7.8e-13   47.1   0.1   847   906   912   976   900   976 0.84 -
Dato16587-RA         -            257 3700at7147           -            906   5.4e-29  100.6   1.6   1   1   3.5e-32   1.4e-28   99.2   1.6    15   161    42   246    35   251 0.75 -
Dato05914-RA         -           1175 3700at7147           -            906   1.2e-11   43.1   3.3   1   2     0.053   2.2e+02   -0.7   0.1   407   430   416   439   368   465 0.85 -
Dato05914-RA         -           1175 3700at7147           -            906   1.2e-11   43.1   3.3   2   2   3.8e-15   1.6e-11   42.8   1.0   660   757  1071  1167  1007  1174 0.84 -
Dato00119-RA         -            970 3700at7147           -            906      0.24    9.1   0.0   1   1   9.1e-05      0.37    8.5   0.0   314   373    43   102    31   112 0.93 -
#
# Program:         hmmsearch
# Version:         3.1b2 (February 2015)
# Pipeline mode:   SEARCH
# Query file:      /home/nmoreyra/Documents/Genomics/03_orthologs_search/00_Phylogenomics_BUSCO-groups/busco4_odb10/busco_downloads/lineages/diptera_odb10/hmms/3700at7147.hmm
# Target file:     /home/nmoreyra/Documents/Genomics/03_orthologs_search/00_Phylogenomics_BUSCO-groups/busco4_odb10/../00_proteins/Dato_proteins.fasta
# Option settings: /home/nmoreyra/Software/miniconda3/envs/busco4/bin/hmmsearch --domtblout /home/nmoreyra/Documents/Genomics/03_orthologs_search/00_Phylogenomics_BUSCO-groups/busco4_odb10/Dato_diptera/run_diptera_odb10/hmmer_output/initial_run_results/3700at7147.out --cpu 1 /home/nmoreyra/Documents/Genomics/03_orthologs_search/00_Phylogenomics_BUSCO-groups/busco4_odb10/busco_downloads/lineages/diptera_odb10/hmms/3700at7147.hmm /home/nmoreyra/Documents/Genomics/03_orthologs_search/00_Phylogenomics_BUSCO-groups/busco4_odb10/../00_proteins/Dato_proteins.fasta 
# Current dir:     /home/nmoreyra/Documents/Genomics/03_orthologs_search/00_Phylogenomics_BUSCO-groups/busco4_odb10
# Date:            Mon Jan 25 12:54:38 2021
# [ok]
