#                                                                            --- full sequence --- -------------- this domain -------------   hmm coord   ali coord   env coord
# target name        accession   tlen query name           accession   qlen   E-value  score  bias   #  of  c-Evalue  i-Evalue  score  bias  from    to  from    to  from    to  acc description of target
#------------------- ---------- ----- -------------------- ---------- ----- --------- ------ ----- --- --- --------- --------- ------ ----- ----- ----- ----- ----- ----- ----- ---- ---------------------
Dato04056-RA         -            640 37112at7147          -            252  1.2e-136  453.6  12.9   1   3  4.3e-117    1e-113  378.6   6.8     1   192    31   219    31   255 0.93 -
Dato04056-RA         -            640 37112at7147          -            252  1.2e-136  453.6  12.9   2   3   2.6e-20   6.1e-17   61.5   0.2   173   233   319   388   304   394 0.83 -
Dato04056-RA         -            640 37112at7147          -            252  1.2e-136  453.6  12.9   3   3   4.3e-06      0.01   14.9   0.0   227   245   457   475   444   478 0.91 -
Dato12778-RA         -            484 37112at7147          -            252   1.6e-20   73.2   3.9   1   1   1.1e-23   2.5e-20   72.5   3.9     3   172   152   331   150   380 0.72 -
Dato04191-RA         -           1013 37112at7147          -            252   1.2e-18   67.1   1.8   1   2   5.1e-22   1.2e-18   67.1   1.8    11    68     5    62     2    74 0.94 -
Dato04191-RA         -           1013 37112at7147          -            252   1.2e-18   67.1   1.8   2   2      0.17     4e+02   -0.2   0.1   135   187   900   951   893   967 0.67 -
Dato07673-RA         -            333 37112at7147          -            252   5.4e-12   45.3   6.4   1   1   2.3e-15   5.4e-12   45.3   6.4     5    71   119   185   108   231 0.82 -
Dato11856-RA         -            606 37112at7147          -            252   2.2e-07   30.2   4.6   1   2   9.3e-11   2.2e-07   30.2   4.6    16    70   434   493   423   533 0.81 -
Dato11856-RA         -            606 37112at7147          -            252   2.2e-07   30.2   4.6   2   2      0.82   1.9e+03   -2.4   0.1   134   173   539   578   505   595 0.63 -
Dato01068-RA         -            415 37112at7147          -            252   7.6e-05   21.9   2.7   1   2   3.2e-08   7.6e-05   21.9   2.7    14    54    76   118    61   141 0.71 -
Dato01068-RA         -            415 37112at7147          -            252   7.6e-05   21.9   2.7   2   2       1.4   3.3e+03   -3.2   0.0   140   163   312   335   308   355 0.51 -
Dato07248-RA         -            523 37112at7147          -            252       8.2    5.4   6.7   1   3       1.1   2.5e+03   -2.8   0.3    99   135    76   117    64   150 0.58 -
Dato07248-RA         -            523 37112at7147          -            252       8.2    5.4   6.7   2   3    0.0011       2.6    7.0   0.4   125   170   284   329   246   335 0.87 -
Dato07248-RA         -            523 37112at7147          -            252       8.2    5.4   6.7   3   3     0.051   1.2e+02    1.5   0.0   124   159   395   430   388   478 0.78 -
#
# Program:         hmmsearch
# Version:         3.1b2 (February 2015)
# Pipeline mode:   SEARCH
# Query file:      /home/nmoreyra/Documents/Genomics/03_orthologs_search/00_Phylogenomics_BUSCO-groups/busco4_odb10/busco_downloads/lineages/diptera_odb10/hmms/37112at7147.hmm
# Target file:     /home/nmoreyra/Documents/Genomics/03_orthologs_search/00_Phylogenomics_BUSCO-groups/busco4_odb10/../00_proteins/Dato_proteins.fasta
# Option settings: /home/nmoreyra/Software/miniconda3/envs/busco4/bin/hmmsearch --domtblout /home/nmoreyra/Documents/Genomics/03_orthologs_search/00_Phylogenomics_BUSCO-groups/busco4_odb10/Dato_diptera/run_diptera_odb10/hmmer_output/initial_run_results/37112at7147.out --cpu 1 /home/nmoreyra/Documents/Genomics/03_orthologs_search/00_Phylogenomics_BUSCO-groups/busco4_odb10/busco_downloads/lineages/diptera_odb10/hmms/37112at7147.hmm /home/nmoreyra/Documents/Genomics/03_orthologs_search/00_Phylogenomics_BUSCO-groups/busco4_odb10/../00_proteins/Dato_proteins.fasta 
# Current dir:     /home/nmoreyra/Documents/Genomics/03_orthologs_search/00_Phylogenomics_BUSCO-groups/busco4_odb10
# Date:            Mon Jan 25 12:54:47 2021
# [ok]
