#                                                                            --- full sequence --- -------------- this domain -------------   hmm coord   ali coord   env coord
# target name        accession   tlen query name           accession   qlen   E-value  score  bias   #  of  c-Evalue  i-Evalue  score  bias  from    to  from    to  from    to  acc description of target
#------------------- ---------- ----- -------------------- ---------- ----- --------- ------ ----- --- --- --------- --------- ------ ----- ----- ----- ----- ----- ----- ----- ---- ---------------------
Dato03435-RA         -            497 37754at7147          -            323  1.7e-174  579.5   1.7   1   3      0.46   6.8e+02   -0.9   0.1    21    35    64    78    29   103 0.71 -
Dato03435-RA         -            497 37754at7147          -            323  1.7e-174  579.5   1.7   2   3    0.0037       5.4    6.0   0.0    34    59   138   162   132   174 0.73 -
Dato03435-RA         -            497 37754at7147          -            323  1.7e-174  579.5   1.7   3   3  3.8e-175  5.7e-172  571.2   0.0    58   323   206   497   201   497 0.94 -
Dato04860-RA         -            852 37754at7147          -            323   1.1e-11   44.4   0.0   1   3   6.9e-05       0.1   11.7   0.0    82   178   555   650   527   656 0.76 -
Dato04860-RA         -            852 37754at7147          -            323   1.1e-11   44.4   0.0   2   3      0.11   1.7e+02    1.1   0.0   139   179   680   718   672   730 0.83 -
Dato04860-RA         -            852 37754at7147          -            323   1.1e-11   44.4   0.0   3   3   1.2e-09   1.8e-06   27.3   0.0   127   178   797   848   792   851 0.96 -
Dato14243-RA         -            851 37754at7147          -            323   2.7e-10   39.9   0.0   1   4       0.3   4.4e+02   -0.3   0.0   130   179   150   197   143   201 0.87 -
Dato14243-RA         -            851 37754at7147          -            323   2.7e-10   39.9   0.0   2   4       1.8   2.6e+03   -2.8   0.0   143   178   226   259   215   263 0.76 -
Dato14243-RA         -            851 37754at7147          -            323   2.7e-10   39.9   0.0   3   4     1e-05     0.016   14.4   0.0   129   196   456   522   408   526 0.86 -
Dato14243-RA         -            851 37754at7147          -            323   2.7e-10   39.9   0.0   4   4   1.7e-07   0.00026   20.2   0.0   128   178   796   846   751   849 0.87 -
Dato11994-RA         -            569 37754at7147          -            323   3.2e-08   33.1   0.5   1   3       1.4     2e+03   -2.4   0.0    19    48    39    68    31    84 0.71 -
Dato11994-RA         -            569 37754at7147          -            323   3.2e-08   33.1   0.5   2   3   2.1e-11   3.2e-08   33.1   0.5   198   305    85   197    79   204 0.82 -
Dato11994-RA         -            569 37754at7147          -            323   3.2e-08   33.1   0.5   3   3       1.2   1.8e+03   -2.3   0.1    74   107   307   341   280   352 0.73 -
Dato13668-RA         -            230 37754at7147          -            323   4.8e-06   25.9   0.0   1   1   5.5e-09   8.2e-06   25.2   0.0   131   186   118   171    95   181 0.91 -
Dato02502-RA         -            723 37754at7147          -            323   0.00065   18.9   0.6   1   2   6.1e-07   0.00091   18.4   0.0   133   179   248   298   236   306 0.83 -
Dato02502-RA         -            723 37754at7147          -            323   0.00065   18.9   0.6   2   2       5.3   7.9e+03   -4.4   0.3    68   102   422   456   395   463 0.63 -
Dato07593-RA         -            623 37754at7147          -            323   0.00088   18.5   0.0   1   1   1.2e-06    0.0017   17.5   0.0   128   181   557   610   554   615 0.93 -
Dato13869-RA         -            164 37754at7147          -            323    0.0013   17.9   0.0   1   1   1.2e-06    0.0017   17.5   0.0   128   179   110   159    97   163 0.88 -
Dato15433-RA         -           1204 37754at7147          -            323    0.0028   16.9   0.0   1   1   3.6e-06    0.0054   15.9   0.0    72   181  1091  1202  1085  1204 0.71 -
Dato10628-RA         -            719 37754at7147          -            323     0.014   14.6   1.9   1   2   5.5e-05     0.082   12.0   0.0    73   179   192   297   148   317 0.72 -
Dato10628-RA         -            719 37754at7147          -            323     0.014   14.6   1.9   2   2       0.1   1.5e+02    1.3   0.5   102   123   564   585   558   604 0.77 -
Dato01558-RA         -            476 37754at7147          -            323     0.037   13.1   0.5   1   2      0.19   2.8e+02    0.4   0.1   102   133   322   349   313   356 0.72 -
Dato01558-RA         -            476 37754at7147          -            323     0.037   13.1   0.5   2   2   0.00018      0.27   10.3   0.0   131   178   426   471   415   474 0.89 -
#
# Program:         hmmsearch
# Version:         3.1b2 (February 2015)
# Pipeline mode:   SEARCH
# Query file:      /home/nmoreyra/Documents/Genomics/03_orthologs_search/00_Phylogenomics_BUSCO-groups/busco4_odb10/busco_downloads/lineages/diptera_odb10/hmms/37754at7147.hmm
# Target file:     /home/nmoreyra/Documents/Genomics/03_orthologs_search/00_Phylogenomics_BUSCO-groups/busco4_odb10/../00_proteins/Dato_proteins.fasta
# Option settings: /home/nmoreyra/Software/miniconda3/envs/busco4/bin/hmmsearch --domtblout /home/nmoreyra/Documents/Genomics/03_orthologs_search/00_Phylogenomics_BUSCO-groups/busco4_odb10/Dato_diptera/run_diptera_odb10/hmmer_output/initial_run_results/37754at7147.out --cpu 1 /home/nmoreyra/Documents/Genomics/03_orthologs_search/00_Phylogenomics_BUSCO-groups/busco4_odb10/busco_downloads/lineages/diptera_odb10/hmms/37754at7147.hmm /home/nmoreyra/Documents/Genomics/03_orthologs_search/00_Phylogenomics_BUSCO-groups/busco4_odb10/../00_proteins/Dato_proteins.fasta 
# Current dir:     /home/nmoreyra/Documents/Genomics/03_orthologs_search/00_Phylogenomics_BUSCO-groups/busco4_odb10
# Date:            Mon Jan 25 12:55:31 2021
# [ok]
