#                                                                            --- full sequence --- -------------- this domain -------------   hmm coord   ali coord   env coord
# target name        accession   tlen query name           accession   qlen   E-value  score  bias   #  of  c-Evalue  i-Evalue  score  bias  from    to  from    to  from    to  acc description of target
#------------------- ---------- ----- -------------------- ---------- ----- --------- ------ ----- --- --- --------- --------- ------ ----- ----- ----- ----- ----- ----- ----- ---- ---------------------
Dato05788-RA         -            799 39485at7147          -            462  4.2e-159  530.1 122.1   1   6   2.5e-06     0.021   13.5   0.1     1    20    10    29    10    49 0.89 -
Dato05788-RA         -            799 39485at7147          -            462  4.2e-159  530.1 122.1   2   6   8.9e-09   7.3e-05   21.6  13.8    23    99   120   204   115   209 0.83 -
Dato05788-RA         -            799 39485at7147          -            462  4.2e-159  530.1 122.1   3   6     1e-46   8.4e-43  146.6  37.2    45   204   195   355   187   365 0.87 -
Dato05788-RA         -            799 39485at7147          -            462  4.2e-159  530.1 122.1   4   6   9.3e-60   7.6e-56  189.6  31.7   190   343   364   530   355   535 0.89 -
Dato05788-RA         -            799 39485at7147          -            462  4.2e-159  530.1 122.1   5   6   1.5e-54   1.2e-50  172.5  10.4   330   438   600   710   538   713 0.80 -
Dato05788-RA         -            799 39485at7147          -            462  4.2e-159  530.1 122.1   6   6   2.7e-05      0.22   10.1   0.5   435   458   746   769   726   772 0.79 -
Dato03684-RA         -            362 39485at7147          -            462     0.016   13.9  26.3   1   1   2.7e-06     0.022   13.4  26.3    65   212   145   286   128   299 0.71 -
#
# Program:         hmmsearch
# Version:         3.1b2 (February 2015)
# Pipeline mode:   SEARCH
# Query file:      /home/nmoreyra/Documents/Genomics/03_orthologs_search/00_Phylogenomics_BUSCO-groups/busco4_odb10/busco_downloads/lineages/diptera_odb10/hmms/39485at7147.hmm
# Target file:     /home/nmoreyra/Documents/Genomics/03_orthologs_search/00_Phylogenomics_BUSCO-groups/busco4_odb10/../00_proteins/Dato_proteins.fasta
# Option settings: /home/nmoreyra/Software/miniconda3/envs/busco4/bin/hmmsearch --domtblout /home/nmoreyra/Documents/Genomics/03_orthologs_search/00_Phylogenomics_BUSCO-groups/busco4_odb10/Dato_diptera/run_diptera_odb10/hmmer_output/initial_run_results/39485at7147.out --cpu 1 /home/nmoreyra/Documents/Genomics/03_orthologs_search/00_Phylogenomics_BUSCO-groups/busco4_odb10/busco_downloads/lineages/diptera_odb10/hmms/39485at7147.hmm /home/nmoreyra/Documents/Genomics/03_orthologs_search/00_Phylogenomics_BUSCO-groups/busco4_odb10/../00_proteins/Dato_proteins.fasta 
# Current dir:     /home/nmoreyra/Documents/Genomics/03_orthologs_search/00_Phylogenomics_BUSCO-groups/busco4_odb10
# Date:            Mon Jan 25 12:55:41 2021
# [ok]
