#                                                                            --- full sequence --- -------------- this domain -------------   hmm coord   ali coord   env coord
# target name        accession   tlen query name           accession   qlen   E-value  score  bias   #  of  c-Evalue  i-Evalue  score  bias  from    to  from    to  from    to  acc description of target
#------------------- ---------- ----- -------------------- ---------- ----- --------- ------ ----- --- --- --------- --------- ------ ----- ----- ----- ----- ----- ----- ----- ---- ---------------------
Dato14550-RA         -            430 40121at7147          -            303  2.3e-187  620.9   2.1   1   1  9.7e-188  9.2e-186  615.6   2.1     9   303    25   349     1   349 0.90 -
Dato14775-RA         -            268 40121at7147          -            303   1.8e-65  220.6   0.0   1   1   2.3e-67   2.2e-65  220.3   0.0    56   261    26   236     3   255 0.90 -
Dato05704-RA         -           4224 40121at7147          -            303   1.3e-60  204.7   0.1   1   2   5.7e-40   5.4e-38  130.4   0.0    49   258  3238  3450  3219  3491 0.89 -
Dato05704-RA         -           4224 40121at7147          -            303   1.3e-60  204.7   0.1   2   2   6.5e-22   6.2e-20   71.1   0.0    11   259  3899  4159  3893  4171 0.78 -
Dato15326-RA         -            812 40121at7147          -            303   4.1e-59  199.7   0.0   1   1   7.1e-61   6.7e-59  199.1   0.0    28   262   563   802   537   810 0.90 -
Dato07595-RA         -            559 40121at7147          -            303   8.2e-54  182.3   0.0   1   1   1.5e-55   1.4e-53  181.6   0.0    16   257    27   291    13   309 0.84 -
Dato07733-RA         -            355 40121at7147          -            303   6.6e-53  179.4   0.0   1   1   8.9e-55   8.4e-53  179.0   0.0    17   262    25   286    16   300 0.84 -
Dato05216-RA         -           4546 40121at7147          -            303   2.1e-52  177.7   0.0   1   1   4.2e-54     4e-52  176.8   0.0    33   300  3949  4216  3927  4221 0.86 -
Dato07619-RA         -            583 40121at7147          -            303     6e-51  172.9   0.0   1   1   9.8e-53   9.2e-51  172.3   0.0    18   258    34   281    26   292 0.89 -
Dato14669-RA         -            459 40121at7147          -            303   6.8e-49  166.2   0.0   1   1   1.1e-50     1e-48  165.6   0.0    45   260   204   425   153   441 0.83 -
Dato05082-RA         -           1478 40121at7147          -            303   1.6e-48  165.0   0.0   1   1   2.9e-50   2.8e-48  164.2   0.0    26   263    25   260    17   268 0.92 -
Dato14123-RA         -           1391 40121at7147          -            303   1.6e-46  158.4   0.1   1   1   3.1e-48   2.9e-46  157.5   0.1    18   260   154   402   144   418 0.89 -
Dato14165-RA         -           8956 40121at7147          -            303   1.4e-45  155.3   0.1   1   1   2.7e-47   2.6e-45  154.4   0.1    19   262  8045  8298  8030  8321 0.84 -
Dato01678-RA         -           1169 40121at7147          -            303   5.2e-45  153.5   0.0   1   1   1.2e-46   1.2e-44  152.3   0.0    16   263    70   357    60   396 0.77 -
Dato07201-RA         -            822 40121at7147          -            303   8.8e-45  152.7   0.1   1   1   1.6e-46   1.5e-44  151.9   0.1    44   271    55   285    13   304 0.89 -
Dato02677-RA         -           1438 40121at7147          -            303   1.3e-44  152.1   0.0   1   1   2.3e-46   2.2e-44  151.4   0.0    11   262    67   324    57   336 0.85 -
Dato05276-RA         -           1723 40121at7147          -            303   6.5e-43  146.5   0.0   1   1   1.3e-44   1.2e-42  145.6   0.0    16   259    25   276    12   298 0.85 -
Dato04668-RA         -            776 40121at7147          -            303   1.5e-40  138.8   0.0   1   1   2.7e-42   2.5e-40  138.0   0.0    15   270    17   281     7   294 0.85 -
Dato02733-RA         -            396 40121at7147          -            303   1.6e-40  138.7   0.0   1   1   2.2e-42   2.1e-40  138.3   0.0    19   259   146   393   137   396 0.87 -
Dato01733-RA         -            483 40121at7147          -            303   5.3e-40  137.0   0.0   1   1   8.4e-42     8e-40  136.4   0.0    17   291    17   313     9   322 0.78 -
Dato13975-RA         -           1433 40121at7147          -            303     9e-40  136.2   0.0   1   1   1.5e-41   1.4e-39  135.6   0.0    71   263     2   192     1   200 0.94 -
Dato17502-RA         -            676 40121at7147          -            303   7.6e-38  129.9   0.0   1   1   1.2e-39   1.1e-37  129.3   0.0    41   260    50   273    21   293 0.90 -
Dato02058-RA         -            598 40121at7147          -            303   8.6e-38  129.7   0.1   1   1   1.3e-39   1.2e-37  129.2   0.1    30   264   321   554   299   576 0.88 -
Dato10635-RA         -            294 40121at7147          -            303   1.6e-36  125.6   0.0   1   1     2e-38   1.9e-36  125.3   0.0    28   279    42   292    14   294 0.83 -
Dato16412-RA         -            486 40121at7147          -            303   2.5e-36  124.9   0.1   1   1   3.6e-38   3.4e-36  124.5   0.1    30   221    51   245    15   283 0.82 -
Dato14399-RA         -            575 40121at7147          -            303   2.7e-36  124.8   0.2   1   1   4.3e-38   4.1e-36  124.2   0.2    30   220    51   244    16   282 0.84 -
Dato04388-RA         -            495 40121at7147          -            303     3e-36  124.6   0.0   1   1   4.7e-38   4.5e-36  124.1   0.0    31   239   103   311    76   334 0.84 -
Dato14189-RA         -            458 40121at7147          -            303   4.4e-35  120.8   0.0   1   1   5.9e-37   5.6e-35  120.5   0.0    49   217     4   175     1   213 0.92 -
Dato10562-RA         -            917 40121at7147          -            303   7.4e-35  120.1   0.0   1   1   1.3e-36   1.2e-34  119.4   0.0    60   241   664   844   605   868 0.81 -
Dato13717-RA         -            777 40121at7147          -            303     1e-34  119.7   0.0   1   1   2.3e-36   2.2e-34  118.6   0.0    31   237   495   701   464   728 0.83 -
Dato06559-RA         -            458 40121at7147          -            303   2.4e-34  118.4   0.3   1   2   3.5e-20   3.3e-18   65.4   0.3    14   148    94   237    88   244 0.85 -
Dato06559-RA         -            458 40121at7147          -            303   2.4e-34  118.4   0.3   2   2   9.3e-16   8.8e-14   50.9   0.0   158   251   287   379   277   385 0.89 -
Dato07451-RA         -           1391 40121at7147          -            303   7.4e-34  116.8   0.4   1   1   1.4e-35   1.4e-33  115.9   0.0    13   262    73   331    66   344 0.86 -
Dato04100-RA         -           2734 40121at7147          -            303   6.9e-33  113.6   0.1   1   1   7.1e-34   6.7e-32  110.4   0.1    16   245   866  1121   858  1132 0.79 -
Dato10636-RA         -            328 40121at7147          -            303   1.8e-32  112.3   0.0   1   1   2.4e-34   2.3e-32  111.9   0.0    28   263    77   308    49   327 0.84 -
Dato03144-RA         -            927 40121at7147          -            303   2.2e-31  108.7   0.0   1   2     8e-21   7.6e-19   67.5   0.0    18   150   280   422   276   434 0.88 -
Dato03144-RA         -            927 40121at7147          -            303   2.2e-31  108.7   0.0   2   2   4.4e-12   4.2e-10   38.8   0.0   160   247   517   600   510   620 0.86 -
Dato01093-RA         -           1138 40121at7147          -            303   2.4e-31  108.6   0.0   1   2   3.4e-19   3.2e-17   62.2   0.2     8   148   748   898   742   901 0.80 -
Dato01093-RA         -           1138 40121at7147          -            303   2.4e-31  108.6   0.0   2   2   1.3e-13   1.2e-11   43.8   0.0   158   258   953  1054   937  1062 0.87 -
Dato01514-RA         -            883 40121at7147          -            303   4.5e-31  107.7   0.0   1   1   7.6e-33   7.2e-31  107.0   0.0    39   257   637   860   598   866 0.83 -
Dato13845-RA         -            532 40121at7147          -            303   4.9e-31  107.5   0.0   1   1     9e-33   8.6e-31  106.8   0.0    17   263    44   302    39   317 0.84 -
Dato00457-RA         -            300 40121at7147          -            303   5.9e-31  107.3   0.0   1   1     8e-33   7.6e-31  106.9   0.0    29   258    53   289    32   296 0.90 -
Dato00236-RA         -            454 40121at7147          -            303   7.1e-31  107.0   0.2   1   1   1.1e-32     1e-30  106.5   0.2    30   258   209   447   190   453 0.88 -
Dato15945-RA         -           1850 40121at7147          -            303   7.8e-31  106.9   0.0   1   1   1.4e-32   1.3e-30  106.2   0.0    15   212  1525  1734  1511  1768 0.87 -
Dato17527-RA         -            328 40121at7147          -            303     1e-30  106.5   0.1   1   1   1.3e-32   1.3e-30  106.2   0.1    18   258    74   326    68   328 0.82 -
Dato15822-RA         -            794 40121at7147          -            303   2.4e-30  105.3   0.0   1   1   4.8e-32   4.5e-30  104.4   0.0    29   261    29   258     5   284 0.87 -
Dato02743-RA         -            493 40121at7147          -            303   1.1e-29  103.1   0.1   1   1   1.7e-31   1.6e-29  102.6   0.1    30   260    35   268     8   307 0.83 -
Dato10601-RA         -            537 40121at7147          -            303   3.2e-29  101.6   0.0   1   2   8.4e-06    0.0008   18.2   0.0    59   137    60   143    49   153 0.88 -
Dato10601-RA         -            537 40121at7147          -            303   3.2e-29  101.6   0.0   2   2   6.5e-25   6.1e-23   81.0   0.0    16   211   282   488   273   525 0.83 -
Dato05682-RA         -           1633 40121at7147          -            303   4.6e-28   97.8   0.0   1   1   1.2e-29   1.1e-27   96.5   0.0    15   261   107   377    97   386 0.81 -
Dato00958-RA         -            671 40121at7147          -            303   1.1e-26   93.2   0.0   1   1   1.9e-28   1.8e-26   92.6   0.0    12   265    21   269    11   287 0.86 -
Dato00259-RA         -            548 40121at7147          -            303   5.6e-26   90.9   0.0   1   1   8.5e-28   8.1e-26   90.4   0.0    18   256   157   413   139   421 0.79 -
Dato00224-RA         -            840 40121at7147          -            303   6.5e-26   90.7   0.0   1   1     1e-27   9.7e-26   90.2   0.0    47   253   147   353   101   367 0.87 -
Dato02774-RA         -            691 40121at7147          -            303   6.7e-26   90.7   0.0   1   1   1.1e-27   1.1e-25   90.0   0.0    45   260   359   579   319   583 0.87 -
Dato02604-RA         -           1337 40121at7147          -            303   9.9e-26   90.1   0.0   1   1   2.1e-27   1.9e-25   89.2   0.0    10   258   579   840   574   847 0.78 -
Dato05598-RA         -            308 40121at7147          -            303   1.5e-25   89.6   0.0   1   1     2e-27   1.9e-25   89.2   0.0    46   259    25   243     7   256 0.88 -
Dato04034-RA         -           1842 40121at7147          -            303   2.6e-25   88.7   0.0   1   1   5.6e-27   5.3e-25   87.7   0.0    16   257   111   371   102   381 0.82 -
Dato07449-RA         -            608 40121at7147          -            303     3e-25   88.5   0.0   1   1   7.7e-27   7.3e-25   87.3   0.0    31   257   374   588   344   595 0.84 -
Dato13887-RA         -           1661 40121at7147          -            303   3.8e-25   88.2   0.0   1   1   7.1e-27   6.8e-25   87.4   0.0    18   266    44   305    27   315 0.81 -
Dato05716-RA         -            692 40121at7147          -            303   6.6e-24   84.2   0.0   1   1   1.4e-25   1.3e-23   83.2   0.0    16   202   195   395   187   406 0.88 -
Dato10478-RA         -            687 40121at7147          -            303   7.2e-24   84.0   0.0   1   2   1.2e-24   1.1e-22   80.1   0.0    30   202    30   203     4   218 0.79 -
Dato10478-RA         -            687 40121at7147          -            303   7.2e-24   84.0   0.0   2   2         1        98    1.5   0.0   226   258   253   285   247   303 0.85 -
Dato15574-RA         -            773 40121at7147          -            303   9.7e-24   83.6   0.0   1   1   1.9e-25   1.8e-23   82.7   0.0    42   257   131   354    90   361 0.80 -
Dato16512-RA         -            290 40121at7147          -            303   1.3e-23   83.2   0.1   1   1   1.7e-25   1.6e-23   82.9   0.1    16   214    52   255    42   289 0.86 -
Dato14265-RA         -            361 40121at7147          -            303     4e-23   81.6   0.0   1   2     2e-22   1.9e-20   72.8   0.0    54   237    71   261    18   270 0.74 -
Dato14265-RA         -            361 40121at7147          -            303     4e-23   81.6   0.0   2   2     0.026       2.5    6.7   0.0   232   272   282   323   276   347 0.71 -
Dato01167-RA         -            268 40121at7147          -            303   5.3e-23   81.2   0.7   1   1   7.3e-25   6.9e-23   80.8   0.7    17   198    14   198     6   212 0.84 -
Dato03663-RA         -           1481 40121at7147          -            303   5.3e-23   81.2   0.0   1   1   9.7e-25   9.2e-23   80.4   0.0    30   274    17   272     4   288 0.82 -
Dato01421-RA         -            366 40121at7147          -            303   8.9e-23   80.4   0.0   1   2     2e-20   1.9e-18   66.2   0.0    46   212    80   243    63   275 0.76 -
Dato01421-RA         -            366 40121at7147          -            303   8.9e-23   80.4   0.0   2   2    0.0006     0.057   12.1   0.0   230   289   285   347   273   353 0.77 -
Dato05315-RA         -            382 40121at7147          -            303     2e-22   79.3   0.0   1   1   3.2e-24     3e-22   78.7   0.0    16   211    95   308    88   321 0.77 -
Dato11903-RA         -           1007 40121at7147          -            303     4e-22   78.3   0.1   1   2   1.2e-10   1.2e-08   34.1   0.2    13   103   731   829   724   838 0.78 -
Dato11903-RA         -           1007 40121at7147          -            303     4e-22   78.3   0.1   2   2   4.7e-13   4.5e-11   42.0   0.0   142   238   836   931   832   956 0.88 -
Dato00273-RA         -            556 40121at7147          -            303   4.4e-22   78.2   0.0   1   1   7.2e-24   6.8e-22   77.5   0.0    50   253   167   373   143   392 0.85 -
Dato15182-RA         -           1280 40121at7147          -            303   5.8e-22   77.8   0.9   1   2   2.9e-21   2.8e-19   69.0   0.5    45   211   186   371   144   378 0.71 -
Dato15182-RA         -           1280 40121at7147          -            303   5.8e-22   77.8   0.9   2   2      0.11        10    4.7   0.0   226   259   414   447   402   461 0.85 -
Dato11949-RA         -            366 40121at7147          -            303     6e-22   77.7   0.1   1   2   5.1e-22   4.9e-20   71.4   0.1    54   193    71   214    47   236 0.84 -
Dato11949-RA         -            366 40121at7147          -            303     6e-22   77.7   0.1   2   2      0.15        14    4.2   0.0   228   259   288   319   273   349 0.87 -
Dato11831-RA         -            413 40121at7147          -            303   1.4e-21   76.5   0.0   1   2   7.2e-23   6.8e-21   74.3   0.0    48   193    69   215    15   237 0.78 -
Dato11831-RA         -            413 40121at7147          -            303   1.4e-21   76.5   0.0   2   2       3.6   3.4e+02   -0.3   0.0   235   265   287   317   281   351 0.66 -
Dato06587-RA         -            789 40121at7147          -            303   1.4e-21   76.5   0.0   1   1   2.3e-23   2.2e-21   75.9   0.0    81   262    35   226    25   229 0.80 -
Dato00454-RA         -            748 40121at7147          -            303   4.9e-21   74.7   0.0   1   1   7.8e-23   7.4e-21   74.1   0.0    31   258   258   506   225   524 0.70 -
Dato16630-RA         -            351 40121at7147          -            303   1.4e-20   73.2   0.0   1   2   2.4e-21   2.2e-19   69.3   0.0     9   228     9   245     2   257 0.75 -
Dato16630-RA         -            351 40121at7147          -            303   1.4e-20   73.2   0.0   2   2      0.76        72    1.9   0.0   232   258   270   296   258   302 0.85 -
Dato15361-RA         -            290 40121at7147          -            303   2.8e-20   72.2   0.0   1   1   3.9e-22   3.7e-20   71.8   0.0    17   200    13   212     7   223 0.80 -
Dato14523-RA         -            267 40121at7147          -            303   3.7e-20   71.8   0.1   1   1   4.7e-22   4.4e-20   71.6   0.1    31   214    34   222    12   259 0.78 -
Dato17273-RA         -            756 40121at7147          -            303   1.2e-19   70.2   0.0   1   1     2e-21   1.9e-19   69.5   0.0    43   214    53   229    24   234 0.85 -
Dato14951-RA         -           1244 40121at7147          -            303   1.7e-19   69.7   0.2   1   2   1.1e-19   1.1e-17   63.8   0.1    13   212   694   906   687   911 0.83 -
Dato14951-RA         -           1244 40121at7147          -            303   1.7e-19   69.7   0.2   2   2      0.26        24    3.5   0.0   232   257   981  1006   974  1010 0.92 -
Dato01031-RA         -            316 40121at7147          -            303   1.9e-19   69.5   0.2   1   1   5.5e-20   5.2e-18   64.8   0.2    48   266    53   298    14   306 0.74 -
Dato04150-RA         -            360 40121at7147          -            303   3.8e-19   68.5   0.1   1   2   1.9e-19   1.8e-17   63.0   0.0    73   193    61   184    22   204 0.82 -
Dato04150-RA         -            360 40121at7147          -            303   3.8e-19   68.5   0.1   2   2      0.28        27    3.3   0.0   228   258   247   277   237   292 0.84 -
Dato14882-RA         -            267 40121at7147          -            303   8.6e-19   67.4   0.0   1   1   1.2e-20   1.2e-18   66.9   0.0    46   260    47   260     2   266 0.78 -
Dato05489-RA         -            675 40121at7147          -            303   1.1e-18   67.0   0.1   1   1   2.9e-20   2.7e-18   65.7   0.0    46   272    66   292    26   319 0.81 -
Dato15187-RA         -            396 40121at7147          -            303   1.7e-18   66.3   0.0   1   2   1.3e-18   1.2e-16   60.3   0.0    30   198   113   281    89   298 0.83 -
Dato15187-RA         -            396 40121at7147          -            303   1.7e-18   66.3   0.0   2   2      0.19        18    3.9   0.0   227   268   334   376   327   384 0.80 -
Dato16940-RA         -            815 40121at7147          -            303   1.8e-18   66.3   0.0   1   3   1.7e-08   1.6e-06   27.1   0.0    75   164   374   462   335   472 0.72 -
Dato16940-RA         -            815 40121at7147          -            303   1.8e-18   66.3   0.0   2   3   3.4e-09   3.2e-07   29.3   0.0   131   212   543   627   529   641 0.79 -
Dato16940-RA         -            815 40121at7147          -            303   1.8e-18   66.3   0.0   3   3     0.049       4.7    5.8   0.0   229   284   720   773   709   783 0.78 -
Dato14780-RA         -            263 40121at7147          -            303   2.7e-18   65.7   0.0   1   2   2.8e-19   2.7e-17   62.4   0.0   104   201    31   134    20   150 0.87 -
Dato14780-RA         -            263 40121at7147          -            303   2.7e-18   65.7   0.0   2   2       1.4   1.4e+02    1.0   0.0   230   257   186   213   175   218 0.86 -
Dato01172-RA         -            281 40121at7147          -            303   3.1e-18   65.5   0.0   1   1   4.3e-20     4e-18   65.1   0.0    34   213    40   223    23   250 0.84 -
Dato04721-RA         -           1001 40121at7147          -            303   4.5e-18   65.0   0.0   1   1   7.5e-20   7.1e-18   64.3   0.0    39   204   188   353   166   411 0.86 -
Dato04956-RA         -            402 40121at7147          -            303   5.7e-18   64.7   0.0   1   1   7.9e-20   7.4e-18   64.3   0.0    47   200   113   270    60   285 0.79 -
Dato01003-RA         -            366 40121at7147          -            303   7.9e-18   64.2   0.0   1   1   1.1e-19     1e-17   63.8   0.0    23   213    24   223     8   247 0.84 -
Dato15165-RA         -           1039 40121at7147          -            303     4e-17   61.9   0.0   1   1     8e-19   7.5e-17   61.0   0.0     3   256    17   279    15   294 0.75 -
Dato12183-RA         -            220 40121at7147          -            303   4.5e-17   61.7   0.1   1   1   5.7e-19   5.4e-17   61.4   0.1    16   195    15   200     2   206 0.76 -
Dato02609-RA         -           1106 40121at7147          -            303   6.9e-17   61.1   0.0   1   1   1.3e-18   1.2e-16   60.3   0.0    48   233   615   811   600   833 0.76 -
Dato04667-RA         -           1224 40121at7147          -            303     1e-16   60.5   0.0   1   2   2.6e-17   2.5e-15   56.0   0.0    48   203   916  1085   866  1096 0.72 -
Dato04667-RA         -           1224 40121at7147          -            303     1e-16   60.5   0.0   2   2       0.8        75    1.9   0.0   227   258  1135  1166  1118  1173 0.89 -
Dato04675-RA         -            511 40121at7147          -            303     1e-16   60.5   0.0   1   1   1.6e-18   1.5e-16   60.0   0.0    90   257   246   415   225   425 0.82 -
Dato04506-RA         -            746 40121at7147          -            303   1.1e-16   60.5   0.0   1   1     2e-18   1.9e-16   59.6   0.0    30   282   135   381   106   392 0.78 -
Dato02796-RA         -            444 40121at7147          -            303   2.2e-16   59.4   0.2   1   2   1.1e-16   1.1e-14   53.9   0.2    10   205   140   344   136   377 0.80 -
Dato02796-RA         -            444 40121at7147          -            303   2.2e-16   59.4   0.2   2   2      0.24        23    3.6   0.0   226   257   399   430   360   439 0.90 -
Dato04591-RA         -            975 40121at7147          -            303   9.3e-16   57.4   0.0   1   1   2.9e-17   2.8e-15   55.8   0.0    49   213   625   796   583   821 0.80 -
Dato14299-RA         -            716 40121at7147          -            303   1.1e-15   57.2   0.1   1   2   9.8e-17   9.2e-15   54.1   0.0    49   199    57   224    23   239 0.78 -
Dato14299-RA         -            716 40121at7147          -            303   1.1e-15   57.2   0.1   2   2       2.3   2.1e+02    0.4   0.1    25    87   429   489   417   518 0.79 -
Dato01483-RA         -            637 40121at7147          -            303   1.7e-15   56.5   0.1   1   1   5.2e-17   4.9e-15   55.0   0.1    19   206   355   570   342   624 0.69 -
Dato04661-RA         -           2548 40121at7147          -            303   2.3e-15   56.1   0.0   1   1   4.2e-17     4e-15   55.3   0.0    33   214   502   689   478   748 0.79 -
Dato00977-RA         -           1557 40121at7147          -            303   3.6e-15   55.5   0.0   1   2   0.00011      0.01   14.6   0.0    46   147   308   411   294   416 0.80 -
Dato00977-RA         -           1557 40121at7147          -            303   3.6e-15   55.5   0.0   2   2   3.2e-10     3e-08   32.7   0.0    77   200   704   850   699   936 0.65 -
Dato15527-RA         -            707 40121at7147          -            303   8.4e-15   54.2   0.2   1   3     5e-06   0.00047   19.0   0.0   106   150   211   256   191   266 0.85 -
Dato15527-RA         -            707 40121at7147          -            303   8.4e-15   54.2   0.2   2   3   8.2e-08   7.8e-06   24.8   0.0   155   212   450   509   440   515 0.82 -
Dato15527-RA         -            707 40121at7147          -            303   8.4e-15   54.2   0.2   3   3     0.045       4.3    6.0   0.0   226   258   599   631   572   638 0.84 -
Dato00068-RA         -           1498 40121at7147          -            303     9e-15   54.2   0.0   1   1   1.5e-16   1.4e-14   53.5   0.0    47   248  1254  1461  1215  1498 0.75 -
Dato02201-RA         -            624 40121at7147          -            303   1.5e-14   53.4   0.1   1   1   4.1e-16   3.8e-14   52.1   0.0    78   211   105   248    87   256 0.76 -
Dato12199-RA         -            578 40121at7147          -            303   1.6e-14   53.3   0.0   1   1   2.4e-16   2.3e-14   52.8   0.0    18   211   324   528   319   550 0.77 -
Dato13513-RA         -            240 40121at7147          -            303     2e-14   53.0   0.0   1   1   2.4e-16   2.3e-14   52.8   0.0    11   193     3   196     1   221 0.75 -
Dato16865-RA         -            754 40121at7147          -            303   2.5e-14   52.7   0.1   1   1   4.5e-16   4.2e-14   51.9   0.1    30   212   227   414   197   417 0.72 -
Dato04238-RA         -            998 40121at7147          -            303   2.7e-14   52.6   0.0   1   1   7.6e-16   7.2e-14   51.2   0.0    59   201   471   619   456   691 0.79 -
Dato02971-RA         -            781 40121at7147          -            303     3e-14   52.5   0.0   1   1   6.9e-16   6.5e-14   51.3   0.0    15   210   481   707   474   718 0.75 -
Dato06164-RA         -            447 40121at7147          -            303   3.1e-14   52.4   0.0   1   2   1.7e-15   1.6e-13   50.0   0.0    45   200    61   235    23   245 0.72 -
Dato06164-RA         -            447 40121at7147          -            303   3.1e-14   52.4   0.0   2   2       4.5   4.3e+02   -0.6   0.0   230   256   308   334   300   339 0.85 -
Dato03108-RA         -           1666 40121at7147          -            303     4e-14   52.0   1.7   1   3   1.1e-14     1e-12   47.4   0.0    13   200   131   333   125   368 0.79 -
Dato03108-RA         -           1666 40121at7147          -            303     4e-14   52.0   1.7   2   3       5.7   5.4e+02   -0.9   0.0   232   256   433   457   427   470 0.90 -
Dato03108-RA         -           1666 40121at7147          -            303     4e-14   52.0   1.7   3   3       1.9   1.8e+02    0.6   1.7   243   270  1118  1145  1100  1163 0.76 -
Dato15529-RA         -            385 40121at7147          -            303   5.1e-14   51.7   0.0   1   1   7.6e-16   7.2e-14   51.2   0.0    16   203    53   253    46   269 0.76 -
Dato01741-RA         -           1226 40121at7147          -            303   5.1e-14   51.7   0.0   1   1   1.7e-15   1.6e-13   50.1   0.0    16   201    62   280    52   292 0.73 -
Dato02826-RA         -           1326 40121at7147          -            303   6.9e-14   51.2   0.0   1   1   3.9e-15   3.7e-13   48.8   0.0    73   196  1090  1231  1083  1239 0.75 -
Dato03615-RA         -            413 40121at7147          -            303     7e-14   51.2   0.0   1   1   1.2e-15   1.1e-13   50.5   0.0    49   204   141   298    85   310 0.78 -
Dato02005-RA         -            426 40121at7147          -            303   2.8e-13   49.3   0.1   1   1   3.8e-15   3.6e-13   48.9   0.1    22   268   142   401   121   412 0.73 -
Dato07536-RA         -           1283 40121at7147          -            303   3.1e-13   49.1   0.0   1   1   5.6e-15   5.3e-13   48.3   0.0    50   260   244   460   204   493 0.80 -
Dato10605-RA         -            351 40121at7147          -            303   3.1e-13   49.1   0.1   1   1   8.5e-15   8.1e-13   47.7   0.1    13   231    70   318    59   344 0.70 -
Dato07537-RA         -            335 40121at7147          -            303   3.9e-13   48.8   0.0   1   1   5.3e-15     5e-13   48.4   0.0    31   258    74   309    42   326 0.74 -
Dato05421-RA         -            710 40121at7147          -            303   2.4e-12   46.2   0.0   1   1   3.7e-14   3.5e-12   45.6   0.0    58   200    78   226    29   235 0.81 -
Dato07717-RA         -           1261 40121at7147          -            303   7.4e-12   44.6   0.0   1   2   2.6e-11   2.4e-09   36.3   0.0    37   154   418   538   387   553 0.78 -
Dato07717-RA         -           1261 40121at7147          -            303   7.4e-12   44.6   0.0   2   2     0.052         5    5.7   0.0   157   190   579   612   565   647 0.80 -
Dato00981-RA         -            534 40121at7147          -            303   9.5e-12   44.2   0.0   1   1   1.6e-13   1.5e-11   43.6   0.0    16   210    50   258    42   268 0.69 -
Dato00150-RA         -           1246 40121at7147          -            303   1.4e-11   43.7   0.0   1   1   3.3e-13   3.1e-11   42.5   0.0    18   190   138   322   129   333 0.82 -
Dato13147-RA         -            928 40121at7147          -            303     2e-11   43.2   0.9   1   1   3.6e-13   3.4e-11   42.4   0.0   100   201    64   168    19   208 0.83 -
Dato01246-RA         -            771 40121at7147          -            303   2.3e-11   43.0   0.0   1   1   4.9e-12   4.6e-10   38.7   0.0    26   205   445   646   417   659 0.73 -
Dato13812-RA         -           1018 40121at7147          -            303   6.7e-11   41.4   0.0   1   1   2.1e-12     2e-10   39.9   0.0     8   201    44   261    39   289 0.71 -
Dato06378-RA         -           2033 40121at7147          -            303   8.4e-11   41.1   0.0   1   1   1.7e-10   1.6e-08   33.6   0.0    30   205  1665  1868  1658  1884 0.71 -
Dato15212-RA         -            263 40121at7147          -            303   9.1e-11   41.0   0.0   1   1   1.4e-12   1.3e-10   40.5   0.0    27   199    14   195     6   210 0.77 -
Dato12883-RA         -            388 40121at7147          -            303   9.8e-11   40.9   0.0   1   1   4.3e-12   4.1e-10   38.9   0.0    10   219    28   251    22   266 0.77 -
Dato13767-RA         -           1404 40121at7147          -            303   1.4e-10   40.4   0.0   1   1   3.7e-12   3.5e-10   39.1   0.0    27   199   160   343   144   361 0.79 -
Dato06110-RA         -            992 40121at7147          -            303   2.7e-10   39.4   0.1   1   2   6.5e-09   6.1e-07   28.4   0.1    18   138   296   435   284   444 0.68 -
Dato06110-RA         -            992 40121at7147          -            303   2.7e-10   39.4   0.1   2   2    0.0081      0.77    8.4   0.0   131   195   817   880   805   898 0.85 -
Dato12184-RA         -            266 40121at7147          -            303   5.2e-10   38.5   0.2   1   1     7e-12   6.7e-10   38.2   0.2    45   215    34   204     7   231 0.78 -
Dato07650-RA         -            939 40121at7147          -            303   9.1e-10   37.7   0.0   1   2   3.8e-11   3.6e-09   35.8   0.0    16   211   176   386   162   392 0.71 -
Dato07650-RA         -            939 40121at7147          -            303   9.1e-10   37.7   0.0   2   2       6.9   6.5e+02   -1.2   0.0    84   101   403   420   385   424 0.80 -
Dato03429-RA         -            935 40121at7147          -            303   2.1e-09   36.5   0.0   1   3   2.3e-09   2.2e-07   29.9   0.0    30   201   642   819   618   836 0.77 -
Dato03429-RA         -            935 40121at7147          -            303   2.1e-09   36.5   0.0   2   3         6   5.7e+02   -1.0   0.0    85   129   833   879   823   886 0.74 -
Dato03429-RA         -            935 40121at7147          -            303   2.1e-09   36.5   0.0   3   3      0.32        30    3.2   0.0   230   258   904   932   880   935 0.88 -
Dato01025-RA         -           2433 40121at7147          -            303   3.2e-09   35.9   0.0   1   1   5.9e-11   5.6e-09   35.1   0.0    53   199  1793  1956  1782  1968 0.74 -
Dato01758-RA         -            652 40121at7147          -            303   3.6e-09   35.8   0.0   1   2     0.014       1.3    7.6   0.0    60    95   381   416   358   429 0.86 -
Dato01758-RA         -            652 40121at7147          -            303   3.6e-09   35.8   0.0   2   2   4.5e-08   4.3e-06   25.7   0.0   112   261   494   640   485   651 0.84 -
Dato14320-RA         -           1268 40121at7147          -            303   4.2e-09   35.5   0.0   1   1   7.8e-11   7.3e-09   34.7   0.0    30   199   915  1104   885  1120 0.70 -
Dato10523-RA         -            594 40121at7147          -            303   8.3e-09   34.6   0.0   1   1   1.5e-10   1.4e-08   33.8   0.0    44   134   268   357   225   377 0.84 -
Dato15894-RA         -            450 40121at7147          -            303   9.1e-09   34.4   0.0   1   1   1.4e-10   1.3e-08   33.9   0.0    17   201   102   299    88   330 0.69 -
Dato13663-RA         -            621 40121at7147          -            303   3.1e-08   32.7   0.5   1   2     1e-08   9.5e-07   27.8   0.3   105   207   408   524   404   528 0.73 -
Dato13663-RA         -            621 40121at7147          -            303   3.1e-08   32.7   0.5   2   2       2.2   2.1e+02    0.4   0.0   228   257   589   618   581   620 0.87 -
Dato07604-RA         -            343 40121at7147          -            303   4.9e-08   32.0   0.0   1   1   9.1e-10   8.6e-08   31.2   0.0    13   149    18   165    11   170 0.79 -
Dato17098-RA         -           1212 40121at7147          -            303   1.1e-07   30.8   0.3   1   1   2.3e-09   2.2e-07   29.9   0.0    32   190   937  1095   925  1105 0.78 -
Dato07867-RA         -           1074 40121at7147          -            303   2.2e-07   29.9   0.0   1   1   4.2e-09   3.9e-07   29.1   0.0    17   214   714   940   707   946 0.69 -
Dato13662-RA         -            803 40121at7147          -            303   3.4e-07   29.3   0.2   1   2     1e-07   9.7e-06   24.5   0.0    17   137   207   346   195   356 0.64 -
Dato13662-RA         -            803 40121at7147          -            303   3.4e-07   29.3   0.2   2   2      0.96        91    1.6   0.0   137   194   639   695   625   709 0.79 -
Dato12129-RA         -            370 40121at7147          -            303   4.2e-07   29.0   0.0   1   1   6.6e-09   6.3e-07   28.4   0.0    18   150    33   173    20   178 0.76 -
Dato10733-RA         -            326 40121at7147          -            303   5.5e-07   28.6   0.0   1   1   8.8e-09   8.3e-07   28.0   0.0    19   149    25   162    16   169 0.64 -
Dato00791-RA         -            488 40121at7147          -            303     1e-06   27.7   0.0   1   1   1.9e-08   1.8e-06   26.9   0.0    30   192   224   401   200   425 0.72 -
Dato14078-RA         -           1321 40121at7147          -            303   1.5e-06   27.1   0.0   1   1   2.7e-08   2.6e-06   26.4   0.0    30   192   692   862   677   874 0.76 -
Dato07849-RA         -            919 40121at7147          -            303   1.8e-06   26.9   0.0   1   3   1.8e-05    0.0017   17.1   0.0    23   138   376   502   355   514 0.66 -
Dato07849-RA         -            919 40121at7147          -            303   1.8e-06   26.9   0.0   2   3      0.99        93    1.6   0.0   140   193   739   791   732   807 0.80 -
Dato07849-RA         -            919 40121at7147          -            303   1.8e-06   26.9   0.0   3   3      0.19        18    3.9   0.0   231   257   874   900   862   909 0.90 -
Dato07605-RA         -            343 40121at7147          -            303   1.9e-06   26.8   0.0   1   1   3.1e-08   2.9e-06   26.2   0.0    17   150    25   166    15   172 0.77 -
Dato02828-RA         -            399 40121at7147          -            303   2.4e-06   26.5   0.0   1   1   3.9e-08   3.7e-06   25.9   0.0    98   149   123   177    30   188 0.81 -
Dato00766-RA         -            520 40121at7147          -            303   3.5e-06   26.0   0.0   1   1   6.1e-08   5.7e-06   25.2   0.0    18   150    66   206    53   215 0.75 -
Dato13761-RA         -            339 40121at7147          -            303   4.3e-06   25.7   0.0   1   1   6.4e-08     6e-06   25.2   0.0   109   205   180   280   163   300 0.81 -
Dato01124-RA         -            518 40121at7147          -            303   4.9e-06   25.5   0.0   1   1   8.8e-08   8.3e-06   24.7   0.0    46   172   242   383   206   412 0.70 -
Dato03483-RA         -           1175 40121at7147          -            303   5.4e-06   25.3   0.0   1   2   0.00054     0.051   12.3   0.0    17    90   798   882   789   897 0.75 -
Dato03483-RA         -           1175 40121at7147          -            303   5.4e-06   25.3   0.0   2   2    0.0033      0.31    9.7   0.0   112   153   921   962   907   969 0.87 -
Dato12072-RA         -            565 40121at7147          -            303   9.5e-06   24.5   0.0   1   1   1.5e-07   1.4e-05   24.0   0.0   105   222   402   523   347   529 0.86 -
Dato12068-RA         -            588 40121at7147          -            303   1.3e-05   24.0   0.0   1   1     2e-07   1.9e-05   23.5   0.0    43   221   359   545   333   552 0.68 -
Dato12170-RA         -           1562 40121at7147          -            303   2.1e-05   23.4   0.0   1   1   4.5e-07   4.2e-05   22.4   0.0    48   251    88   305    45   360 0.70 -
Dato12704-RA         -            544 40121at7147          -            303   2.6e-05   23.1   0.0   1   1   4.4e-07   4.2e-05   22.4   0.0   120   190   357   439   223   457 0.71 -
Dato02343-RA         -            339 40121at7147          -            303   3.1e-05   22.8   0.0   1   1     5e-07   4.8e-05   22.2   0.0    99   149   141   196   113   201 0.77 -
Dato15049-RA         -            678 40121at7147          -            303   3.3e-05   22.7   0.0   1   1     6e-07   5.7e-05   22.0   0.0    59   196   430   584   368   639 0.61 -
Dato07476-RA         -            376 40121at7147          -            303   5.1e-05   22.1   0.0   1   1     8e-07   7.6e-05   21.6   0.0    60   208    84   248    77   272 0.73 -
Dato00993-RA         -           1387 40121at7147          -            303   7.7e-05   21.5   0.0   1   1   1.5e-06   0.00014   20.7   0.0    74   147    96   169    65   200 0.88 -
Dato13784-RA         -            533 40121at7147          -            303   0.00051   18.8   0.0   1   1   7.4e-06    0.0007   18.4   0.0    74   173   296   408   216   429 0.68 -
Dato15518-RA         -            725 40121at7147          -            303   0.00091   18.0   0.0   1   1   3.3e-05    0.0032   16.2   0.0   103   201   448   573   423   588 0.63 -
Dato06900-RA         -           1163 40121at7147          -            303     0.001   17.9   0.0   1   1   1.8e-05    0.0017   17.1   0.0    45   172   648   781   624   827 0.69 -
Dato02652-RA         -            803 40121at7147          -            303    0.0015   17.3   0.0   1   1   2.9e-05    0.0028   16.4   0.0    18   190   522   704   509   727 0.73 -
Dato02444-RA         -            318 40121at7147          -            303    0.0021   16.8   0.0   1   1   4.8e-05    0.0045   15.7   0.0   106   234   141   290    31   297 0.64 -
Dato15304-RA         -            417 40121at7147          -            303    0.0022   16.8   0.0   1   1   4.1e-05    0.0038   16.0   0.0   115   201   173   266   160   301 0.73 -
Dato04449-RA         -            224 40121at7147          -            303    0.0027   16.5   0.0   1   1   5.6e-05    0.0053   15.5   0.0    85   152    89   161    70   172 0.76 -
Dato03026-RA         -           2199 40121at7147          -            303    0.0051   15.6   0.1   1   1    0.0002     0.019   13.7   0.0   109   192  1531  1618  1515  1643 0.77 -
Dato01053-RA         -            593 40121at7147          -            303    0.0088   14.8   0.0   1   1   0.00014     0.014   14.2   0.0   103   149   153   203   123   211 0.80 -
Dato12584-RA         -            705 40121at7147          -            303    0.0092   14.7   0.0   1   1   0.00017     0.016   14.0   0.0    17   106   457   554   451   570 0.78 -
Dato11958-RA         -           1171 40121at7147          -            303    0.0093   14.7   0.0   1   1    0.0002     0.019   13.7   0.0   105   136   991  1022   970  1102 0.67 -
Dato06181-RA         -            925 40121at7147          -            303     0.041   12.6   0.0   1   1   0.00069     0.065   11.9   0.0   117   172   355   423   316   460 0.78 -
Dato14360-RA         -           1610 40121at7147          -            303     0.077   11.7   0.0   1   1    0.0014      0.13   10.9   0.0   100   135  1423  1458  1393  1481 0.83 -
#
# Program:         hmmsearch
# Version:         3.1b2 (February 2015)
# Pipeline mode:   SEARCH
# Query file:      /home/nmoreyra/Documents/Genomics/03_orthologs_search/00_Phylogenomics_BUSCO-groups/busco4_odb10/busco_downloads/lineages/diptera_odb10/hmms/40121at7147.hmm
# Target file:     /home/nmoreyra/Documents/Genomics/03_orthologs_search/00_Phylogenomics_BUSCO-groups/busco4_odb10/../00_proteins/Dato_proteins.fasta
# Option settings: /home/nmoreyra/Software/miniconda3/envs/busco4/bin/hmmsearch --domtblout /home/nmoreyra/Documents/Genomics/03_orthologs_search/00_Phylogenomics_BUSCO-groups/busco4_odb10/Dato_diptera/run_diptera_odb10/hmmer_output/initial_run_results/40121at7147.out --cpu 1 /home/nmoreyra/Documents/Genomics/03_orthologs_search/00_Phylogenomics_BUSCO-groups/busco4_odb10/busco_downloads/lineages/diptera_odb10/hmms/40121at7147.hmm /home/nmoreyra/Documents/Genomics/03_orthologs_search/00_Phylogenomics_BUSCO-groups/busco4_odb10/../00_proteins/Dato_proteins.fasta 
# Current dir:     /home/nmoreyra/Documents/Genomics/03_orthologs_search/00_Phylogenomics_BUSCO-groups/busco4_odb10
# Date:            Mon Jan 25 12:57:19 2021
# [ok]
