#                                                                            --- full sequence --- -------------- this domain -------------   hmm coord   ali coord   env coord
# target name        accession   tlen query name           accession   qlen   E-value  score  bias   #  of  c-Evalue  i-Evalue  score  bias  from    to  from    to  from    to  acc description of target
#------------------- ---------- ----- -------------------- ---------- ----- --------- ------ ----- --- --- --------- --------- ------ ----- ----- ----- ----- ----- ----- ----- ---- ---------------------
Dato10709-RA         -            498 40273at7147          -            362  5.8e-166  552.1  25.1   1   2  7.8e-106  3.2e-102  342.4  13.3     5   208    80   291    74   299 0.96 -
Dato10709-RA         -            498 40273at7147          -            362  5.8e-166  552.1  25.1   2   2   2.8e-67   1.1e-63  215.5   3.9   206   362   323   498   320   498 0.89 -
Dato14029-RA         -            454 40273at7147          -            362     5e-39  134.5  33.4   1   2   2.2e-31   8.9e-28   97.5  17.3     6   211    54   263    48   265 0.90 -
Dato14029-RA         -            454 40273at7147          -            362     5e-39  134.5  33.4   2   2   7.2e-15     3e-11   43.1   8.1   215   356   291   446   273   454 0.76 -
Dato17658-RA         -            359 40273at7147          -            362   1.4e-28  100.1  22.7   1   1   4.5e-32   1.8e-28   99.7  22.7     6   246    54   299    48   315 0.86 -
Dato06596-RA         -            657 40273at7147          -            362   2.6e-22   79.4  27.2   1   3   5.3e-12   2.2e-08   33.7  14.0     8   214    48   247    38   250 0.73 -
Dato06596-RA         -            657 40273at7147          -            362   2.6e-22   79.4  27.2   2   3   1.2e-18   5.1e-15   55.5   0.4   213   362   371   523   354   523 0.82 -
Dato06596-RA         -            657 40273at7147          -            362   2.6e-22   79.4  27.2   3   3       0.8   3.3e+03   -3.1   0.5    52    77   601   626   580   636 0.64 -
#
# Program:         hmmsearch
# Version:         3.1b2 (February 2015)
# Pipeline mode:   SEARCH
# Query file:      /home/nmoreyra/Documents/Genomics/03_orthologs_search/00_Phylogenomics_BUSCO-groups/busco4_odb10/busco_downloads/lineages/diptera_odb10/hmms/40273at7147.hmm
# Target file:     /home/nmoreyra/Documents/Genomics/03_orthologs_search/00_Phylogenomics_BUSCO-groups/busco4_odb10/../00_proteins/Dato_proteins.fasta
# Option settings: /home/nmoreyra/Software/miniconda3/envs/busco4/bin/hmmsearch --domtblout /home/nmoreyra/Documents/Genomics/03_orthologs_search/00_Phylogenomics_BUSCO-groups/busco4_odb10/Dato_diptera/run_diptera_odb10/hmmer_output/initial_run_results/40273at7147.out --cpu 1 /home/nmoreyra/Documents/Genomics/03_orthologs_search/00_Phylogenomics_BUSCO-groups/busco4_odb10/busco_downloads/lineages/diptera_odb10/hmms/40273at7147.hmm /home/nmoreyra/Documents/Genomics/03_orthologs_search/00_Phylogenomics_BUSCO-groups/busco4_odb10/../00_proteins/Dato_proteins.fasta 
# Current dir:     /home/nmoreyra/Documents/Genomics/03_orthologs_search/00_Phylogenomics_BUSCO-groups/busco4_odb10
# Date:            Mon Jan 25 12:57:25 2021
# [ok]
