#                                                                            --- full sequence --- -------------- this domain -------------   hmm coord   ali coord   env coord
# target name        accession   tlen query name           accession   qlen   E-value  score  bias   #  of  c-Evalue  i-Evalue  score  bias  from    to  from    to  from    to  acc description of target
#------------------- ---------- ----- -------------------- ---------- ----- --------- ------ ----- --- --- --------- --------- ------ ----- ----- ----- ----- ----- ----- ----- ---- ---------------------
Dato01377-RA         -            387 41123at7147          -            320  1.4e-184  612.3   1.2   1   1  7.1e-187  1.3e-183  609.2   1.2     1   315    20   366    20   376 0.92 -
Dato03528-RA         -            329 41123at7147          -            320   1.5e-63  214.7   0.1   1   1     1e-66   1.9e-63  214.4   0.1     1   272     1   284     1   296 0.91 -
Dato03107-RA         -            286 41123at7147          -            320   1.2e-55  188.7   0.0   1   1     8e-59   1.5e-55  188.5   0.0     1   259     8   273     8   279 0.94 -
Dato14596-RA         -            519 41123at7147          -            320   1.8e-34  119.1   0.1   1   2   1.7e-08   3.1e-05   23.1   0.0    29    80   116   167    94   180 0.83 -
Dato14596-RA         -            519 41123at7147          -            320   1.8e-34  119.1   0.1   2   2     5e-30   9.2e-27   93.8   0.0    84   275   292   482   280   505 0.84 -
Dato12160-RA         -            442 41123at7147          -            320   1.6e-26   93.1   0.0   1   1   1.6e-29   2.9e-26   92.2   0.0    24   273   172   433   168   439 0.80 -
Dato15546-RA         -            605 41123at7147          -            320   1.3e-13   50.6   0.1   1   3     0.014        26    3.6   0.0    52    69   104   121    81   140 0.76 -
Dato15546-RA         -            605 41123at7147          -            320   1.3e-13   50.6   0.1   2   3   4.5e-08   8.2e-05   21.7   0.1    89   139   178   232   165   242 0.72 -
Dato15546-RA         -            605 41123at7147          -            320   1.3e-13   50.6   0.1   3   3   6.5e-08   0.00012   21.2   0.0   133   240   311   427   303   438 0.76 -
Dato07637-RA         -            481 41123at7147          -            320   1.8e-05   23.9   0.0   1   2     0.015        28    3.5   0.0    56    80    90   114    72   123 0.83 -
Dato07637-RA         -            481 41123at7147          -            320   1.8e-05   23.9   0.0   2   2   8.6e-07    0.0016   17.5   0.0   200   241   326   367   218   376 0.83 -
Dato15077-RA         -            980 41123at7147          -            320    0.0013   17.7   0.0   1   1   1.2e-06    0.0023   17.0   0.0   199   297   621   715   606   724 0.88 -
Dato08678-RA         -           1214 41123at7147          -            320    0.0075   15.3   0.0   1   2     1e-05     0.018   14.0   0.0    53   150   987  1095   956  1109 0.78 -
Dato08678-RA         -           1214 41123at7147          -            320    0.0075   15.3   0.0   2   2       1.6   2.9e+03   -3.1   0.0   211   237  1135  1160  1132  1198 0.72 -
#
# Program:         hmmsearch
# Version:         3.1b2 (February 2015)
# Pipeline mode:   SEARCH
# Query file:      /home/nmoreyra/Documents/Genomics/03_orthologs_search/00_Phylogenomics_BUSCO-groups/busco4_odb10/busco_downloads/lineages/diptera_odb10/hmms/41123at7147.hmm
# Target file:     /home/nmoreyra/Documents/Genomics/03_orthologs_search/00_Phylogenomics_BUSCO-groups/busco4_odb10/../00_proteins/Dato_proteins.fasta
# Option settings: /home/nmoreyra/Software/miniconda3/envs/busco4/bin/hmmsearch --domtblout /home/nmoreyra/Documents/Genomics/03_orthologs_search/00_Phylogenomics_BUSCO-groups/busco4_odb10/Dato_diptera/run_diptera_odb10/hmmer_output/initial_run_results/41123at7147.out --cpu 1 /home/nmoreyra/Documents/Genomics/03_orthologs_search/00_Phylogenomics_BUSCO-groups/busco4_odb10/busco_downloads/lineages/diptera_odb10/hmms/41123at7147.hmm /home/nmoreyra/Documents/Genomics/03_orthologs_search/00_Phylogenomics_BUSCO-groups/busco4_odb10/../00_proteins/Dato_proteins.fasta 
# Current dir:     /home/nmoreyra/Documents/Genomics/03_orthologs_search/00_Phylogenomics_BUSCO-groups/busco4_odb10
# Date:            Mon Jan 25 12:56:14 2021
# [ok]
