#                                                                            --- full sequence --- -------------- this domain -------------   hmm coord   ali coord   env coord
# target name        accession   tlen query name           accession   qlen   E-value  score  bias   #  of  c-Evalue  i-Evalue  score  bias  from    to  from    to  from    to  acc description of target
#------------------- ---------- ----- -------------------- ---------- ----- --------- ------ ----- --- --- --------- --------- ------ ----- ----- ----- ----- ----- ----- ----- ---- ---------------------
Dato16015-RA         -            416 42944at7147          -            307  1.2e-145  484.3  22.8   1   1  5.3e-145  1.2e-141  471.2  22.8     1   302    35   387    35   393 0.89 -
Dato00825-RA         -            402 42944at7147          -            307   4.5e-27   94.9   0.1   1   2   2.4e-18   5.7e-15   55.2   0.0     5   163    62   223    58   245 0.82 -
Dato00825-RA         -            402 42944at7147          -            307   4.5e-27   94.9   0.1   2   2   4.8e-13   1.1e-09   37.8   0.0   184   229   261   306   254   316 0.92 -
Dato00181-RA         -            401 42944at7147          -            307     1e-07   31.4   2.4   1   1   1.3e-10   3.1e-07   29.8   2.3    15   214    18   239     9   255 0.74 -
Dato06342-RA         -            320 42944at7147          -            307   1.1e-06   28.0   0.7   1   2   4.4e-05       0.1   11.7   0.1    10    51    42    82    35   206 0.59 -
Dato06342-RA         -            320 42944at7147          -            307   1.1e-06   28.0   0.7   2   2   2.9e-05     0.068   12.2   0.0   185   233   264   312   258   318 0.79 -
Dato03977-RA         -            399 42944at7147          -            307   6.4e-06   25.5   1.3   1   2      0.44     1e+03   -1.5   0.0    40    73   106   139   100   145 0.84 -
Dato03977-RA         -            399 42944at7147          -            307   6.4e-06   25.5   1.3   2   2   6.8e-09   1.6e-05   24.2   0.8    14   216   183   398   172   399 0.69 -
Dato02063-RA         -           1351 42944at7147          -            307   4.7e-05   22.6   0.4   1   1   3.6e-08   8.4e-05   21.8   0.4   118   217   222   324   219   345 0.78 -
Dato01801-RA         -            307 42944at7147          -            307   0.00033   19.8   0.7   1   1     2e-06    0.0046   16.1   0.7   116   158   220   262   103   302 0.84 -
#
# Program:         hmmsearch
# Version:         3.1b2 (February 2015)
# Pipeline mode:   SEARCH
# Query file:      /home/nmoreyra/Documents/Genomics/03_orthologs_search/00_Phylogenomics_BUSCO-groups/busco4_odb10/busco_downloads/lineages/diptera_odb10/hmms/42944at7147.hmm
# Target file:     /home/nmoreyra/Documents/Genomics/03_orthologs_search/00_Phylogenomics_BUSCO-groups/busco4_odb10/../00_proteins/Dato_proteins.fasta
# Option settings: /home/nmoreyra/Software/miniconda3/envs/busco4/bin/hmmsearch --domtblout /home/nmoreyra/Documents/Genomics/03_orthologs_search/00_Phylogenomics_BUSCO-groups/busco4_odb10/Dato_diptera/run_diptera_odb10/hmmer_output/initial_run_results/42944at7147.out --cpu 1 /home/nmoreyra/Documents/Genomics/03_orthologs_search/00_Phylogenomics_BUSCO-groups/busco4_odb10/busco_downloads/lineages/diptera_odb10/hmms/42944at7147.hmm /home/nmoreyra/Documents/Genomics/03_orthologs_search/00_Phylogenomics_BUSCO-groups/busco4_odb10/../00_proteins/Dato_proteins.fasta 
# Current dir:     /home/nmoreyra/Documents/Genomics/03_orthologs_search/00_Phylogenomics_BUSCO-groups/busco4_odb10
# Date:            Mon Jan 25 12:56:14 2021
# [ok]
