#                                                                            --- full sequence --- -------------- this domain -------------   hmm coord   ali coord   env coord
# target name        accession   tlen query name           accession   qlen   E-value  score  bias   #  of  c-Evalue  i-Evalue  score  bias  from    to  from    to  from    to  acc description of target
#------------------- ---------- ----- -------------------- ---------- ----- --------- ------ ----- --- --- --------- --------- ------ ----- ----- ----- ----- ----- ----- ----- ---- ---------------------
Dato04260-RA         -            545 46428at7147          -            337  2.7e-155  516.5   0.8   1   1    3e-158  4.1e-155  515.9   0.8    13   337   172   545   160   545 0.91 -
Dato01787-RA         -            800 46428at7147          -            337     6e-20   71.5   1.3   1   2   1.1e-06    0.0015   17.6   0.0    51   118   371   439   323   444 0.77 -
Dato01787-RA         -            800 46428at7147          -            337     6e-20   71.5   1.3   2   2   3.2e-17   4.3e-14   52.3   0.6   158   264   456   561   453   565 0.95 -
Dato07463-RA         -            696 46428at7147          -            337   8.2e-06   25.1   2.9   1   3     0.025        34    3.3   0.0    62   116    72   128    57   144 0.85 -
Dato07463-RA         -            696 46428at7147          -            337   8.2e-06   25.1   2.9   2   3   1.5e-06     0.002   17.2   0.6   158   213   147   202   139   206 0.94 -
Dato07463-RA         -            696 46428at7147          -            337   8.2e-06   25.1   2.9   3   3     0.036        49    2.8   0.0   236   267   350   381   320   407 0.75 -
Dato17353-RA         -            530 46428at7147          -            337   1.4e-05   24.3   3.2   1   1   6.3e-08   8.6e-05   21.7   3.0    69   250   189   360   174   377 0.76 -
Dato14715-RA         -            755 46428at7147          -            337   0.00024   20.2   0.4   1   2     0.015        21    4.0   0.0    35   130    75   176    61   181 0.73 -
Dato14715-RA         -            755 46428at7147          -            337   0.00024   20.2   0.4   2   2   1.7e-05     0.023   13.7   0.5   158   214   180   235   175   240 0.91 -
Dato06131-RA         -            371 46428at7147          -            337   0.00076   18.6   1.3   1   1   8.3e-07    0.0011   18.0   1.3    19   134    53   177    40   235 0.78 -
Dato15493-RA         -           1526 46428at7147          -            337    0.0013   17.8   3.1   1   2    0.0019       2.5    7.0   0.5    29   117   163   253   142   265 0.76 -
Dato15493-RA         -           1526 46428at7147          -            337    0.0013   17.8   3.1   2   2   0.00013      0.18   10.8   0.1   156   215   269   328   259   339 0.91 -
Dato02721-RA         -            572 46428at7147          -            337    0.0019   17.3   1.0   1   2       1.7   2.4e+03   -2.8   0.0    58   107    77   127    65   141 0.73 -
Dato02721-RA         -            572 46428at7147          -            337    0.0019   17.3   1.0   2   2   1.4e-06    0.0019   17.3   1.0   164   221   161   219   148   283 0.69 -
Dato02992-RA         -            756 46428at7147          -            337    0.0059   15.7   5.1   1   3    0.0073        10    5.1   0.0    64   117   119   173   100   195 0.81 -
Dato02992-RA         -            756 46428at7147          -            337    0.0059   15.7   5.1   2   3     7e-05     0.096   11.7   1.1   160   220   193   253   179   285 0.81 -
Dato02992-RA         -            756 46428at7147          -            337    0.0059   15.7   5.1   3   3       1.1   1.5e+03   -2.1   0.0   200   238   695   736   673   747 0.71 -
Dato06647-RA         -            621 46428at7147          -            337     0.013   14.6   4.7   1   2    0.0092        13    4.7   0.4    57   116   112   172    82   183 0.81 -
Dato06647-RA         -            621 46428at7147          -            337     0.013   14.6   4.7   2   2   7.3e-05       0.1   11.6   0.4   161   219   194   252   180   274 0.84 -
Dato15259-RA         -            713 46428at7147          -            337     0.032   13.2   0.9   1   2      0.19   2.6e+02    0.4   0.0    61   154   114   210   106   212 0.69 -
Dato15259-RA         -            713 46428at7147          -            337     0.032   13.2   0.9   2   2   6.8e-05     0.093   11.7   0.4   170   224   201   255   195   318 0.83 -
Dato15185-RA         -            655 46428at7147          -            337     0.033   13.2   0.1   1   2    0.0093        13    4.7   0.0    19   116    77   177    67   195 0.82 -
Dato15185-RA         -            655 46428at7147          -            337     0.033   13.2   0.1   2   2    0.0032       4.3    6.2   0.1   172   218   210   256   185   263 0.87 -
#
# Program:         hmmsearch
# Version:         3.1b2 (February 2015)
# Pipeline mode:   SEARCH
# Query file:      /home/nmoreyra/Documents/Genomics/03_orthologs_search/00_Phylogenomics_BUSCO-groups/busco4_odb10/busco_downloads/lineages/diptera_odb10/hmms/46428at7147.hmm
# Target file:     /home/nmoreyra/Documents/Genomics/03_orthologs_search/00_Phylogenomics_BUSCO-groups/busco4_odb10/../00_proteins/Dato_proteins.fasta
# Option settings: /home/nmoreyra/Software/miniconda3/envs/busco4/bin/hmmsearch --domtblout /home/nmoreyra/Documents/Genomics/03_orthologs_search/00_Phylogenomics_BUSCO-groups/busco4_odb10/Dato_diptera/run_diptera_odb10/hmmer_output/initial_run_results/46428at7147.out --cpu 1 /home/nmoreyra/Documents/Genomics/03_orthologs_search/00_Phylogenomics_BUSCO-groups/busco4_odb10/busco_downloads/lineages/diptera_odb10/hmms/46428at7147.hmm /home/nmoreyra/Documents/Genomics/03_orthologs_search/00_Phylogenomics_BUSCO-groups/busco4_odb10/../00_proteins/Dato_proteins.fasta 
# Current dir:     /home/nmoreyra/Documents/Genomics/03_orthologs_search/00_Phylogenomics_BUSCO-groups/busco4_odb10
# Date:            Mon Jan 25 12:58:36 2021
# [ok]
