#                                                                            --- full sequence --- -------------- this domain -------------   hmm coord   ali coord   env coord
# target name        accession   tlen query name           accession   qlen   E-value  score  bias   #  of  c-Evalue  i-Evalue  score  bias  from    to  from    to  from    to  acc description of target
#------------------- ---------- ----- -------------------- ---------- ----- --------- ------ ----- --- --- --------- --------- ------ ----- ----- ----- ----- ----- ----- ----- ---- ---------------------
Dato06321-RA         -            713 49573at7147          -            408  7.5e-193  641.1  62.5   1   5     0.022        40    3.0   0.0     1    14     2    15     2    25 0.80 -
Dato06321-RA         -            713 49573at7147          -            408  7.5e-193  641.1  62.5   2   5  1.4e-155  2.5e-152  507.6   0.5    12   224   100   315    74   341 0.93 -
Dato06321-RA         -            713 49573at7147          -            408  7.5e-193  641.1  62.5   3   5   4.1e-21   7.5e-18   64.7  37.3   220   348   344   539   334   542 0.85 -
Dato06321-RA         -            713 49573at7147          -            408  7.5e-193  641.1  62.5   4   5   2.4e-25   4.4e-22   78.7   8.1   321   399   530   619   520   626 0.81 -
Dato06321-RA         -            713 49573at7147          -            408  7.5e-193  641.1  62.5   5   5      0.23   4.2e+02   -0.3   0.1   395   408   698   711   677   711 0.76 -
Dato06270-RA         -            484 49573at7147          -            408   6.3e-59  200.0   1.5   1   2   3.6e-62   6.6e-59  200.0   0.0    20   248    57   295    50   361 0.80 -
Dato06270-RA         -            484 49573at7147          -            408   6.3e-59  200.0   1.5   2   2       2.8   5.1e+03   -3.9   2.2   305   329   437   457   412   473 0.48 -
Dato06272-RA         -            432 49573at7147          -            408   7.6e-59  199.8   0.5   1   2   5.2e-62   9.4e-59  199.5   0.0    20   196    58   239    41   266 0.92 -
Dato06272-RA         -            432 49573at7147          -            408   7.6e-59  199.8   0.5   2   2       3.8     7e+03   -4.3   0.5   316   320   349   353   320   391 0.56 -
Dato15458-RA         -            711 49573at7147          -            408   4.5e-58  197.2   8.0   1   3         9   1.6e+04  -11.2  22.5   260   341    69   171    24   198 0.49 -
Dato15458-RA         -            711 49573at7147          -            408   4.5e-58  197.2   8.0   2   3   2.5e-61   4.5e-58  197.2   8.0    20   346   203   542   189   548 0.69 -
Dato15458-RA         -            711 49573at7147          -            408   4.5e-58  197.2   8.0   3   3         9   1.6e+04  -10.7  18.1   243   335   541   630   527   664 0.51 -
Dato14868-RA         -            592 49573at7147          -            408   4.7e-55  187.3   0.0   1   3       8.8   1.6e+04   -5.5   5.6   279   316   118   152    22   180 0.49 -
Dato14868-RA         -            592 49573at7147          -            408   4.7e-55  187.3   0.0   2   3   2.6e-58   4.7e-55  187.3   0.0    17   198   191   390   175   395 0.86 -
Dato14868-RA         -            592 49573at7147          -            408   4.7e-55  187.3   0.0   3   3       1.9   3.4e+03   -3.3  13.1   213   312   493   590   483   592 0.59 -
Dato14869-RA         -            679 49573at7147          -            408   4.8e-53  180.7   0.0   1   4       1.8   3.2e+03   -3.2   1.8   300   321     7    28     3    98 0.53 -
Dato14869-RA         -            679 49573at7147          -            408   4.8e-53  180.7   0.0   2   4         9   1.6e+04   -8.7  19.9   219   313   146   239   119   271 0.38 -
Dato14869-RA         -            679 49573at7147          -            408   4.8e-53  180.7   0.0   3   4   2.6e-56   4.8e-53  180.7   0.0    19   199   284   482   269   507 0.86 -
Dato14869-RA         -            679 49573at7147          -            408   4.8e-53  180.7   0.0   4   4         3   5.5e+03   -4.0   2.8   283   333   599   648   509   675 0.46 -
Dato06268-RA         -            330 49573at7147          -            408   1.4e-50  172.5   5.3   1   1   1.1e-53   1.9e-50  172.1   5.3    46   325    18   307    13   325 0.69 -
Dato06269-RA         -            114 49573at7147          -            408    0.0043   16.1   0.0   1   1   3.2e-06    0.0058   15.7   0.0    21    48    60    87    53    97 0.89 -
Dato17359-RA         -            350 49573at7147          -            408    0.0047   16.0   0.0   1   2         9   1.6e+04  -11.1  19.1   253   324    31   102     4   208 0.60 -
Dato17359-RA         -            350 49573at7147          -            408    0.0047   16.0   0.0   2   2   2.6e-06    0.0047   16.0   0.0    17    46   321   350   305   350 0.82 -
#
# Program:         hmmsearch
# Version:         3.1b2 (February 2015)
# Pipeline mode:   SEARCH
# Query file:      /home/nmoreyra/Documents/Genomics/03_orthologs_search/00_Phylogenomics_BUSCO-groups/busco4_odb10/busco_downloads/lineages/diptera_odb10/hmms/49573at7147.hmm
# Target file:     /home/nmoreyra/Documents/Genomics/03_orthologs_search/00_Phylogenomics_BUSCO-groups/busco4_odb10/../00_proteins/Dato_proteins.fasta
# Option settings: /home/nmoreyra/Software/miniconda3/envs/busco4/bin/hmmsearch --domtblout /home/nmoreyra/Documents/Genomics/03_orthologs_search/00_Phylogenomics_BUSCO-groups/busco4_odb10/Dato_diptera/run_diptera_odb10/hmmer_output/initial_run_results/49573at7147.out --cpu 1 /home/nmoreyra/Documents/Genomics/03_orthologs_search/00_Phylogenomics_BUSCO-groups/busco4_odb10/busco_downloads/lineages/diptera_odb10/hmms/49573at7147.hmm /home/nmoreyra/Documents/Genomics/03_orthologs_search/00_Phylogenomics_BUSCO-groups/busco4_odb10/../00_proteins/Dato_proteins.fasta 
# Current dir:     /home/nmoreyra/Documents/Genomics/03_orthologs_search/00_Phylogenomics_BUSCO-groups/busco4_odb10
# Date:            Mon Jan 25 12:57:03 2021
# [ok]
