#                                                                            --- full sequence --- -------------- this domain -------------   hmm coord   ali coord   env coord
# target name        accession   tlen query name           accession   qlen   E-value  score  bias   #  of  c-Evalue  i-Evalue  score  bias  from    to  from    to  from    to  acc description of target
#------------------- ---------- ----- -------------------- ---------- ----- --------- ------ ----- --- --- --------- --------- ------ ----- ----- ----- ----- ----- ----- ----- ---- ---------------------
Dato00656-RA         -            314 49836at7147          -            182   7.1e-73  244.0  18.7   1   3   1.5e-14   1.3e-11   44.3   0.0     7    53    36    85    33    89 0.91 -
Dato00656-RA         -            314 49836at7147          -            182   7.1e-73  244.0  18.7   2   3   7.8e-12   6.7e-09   35.5   0.5    52    87   107   145   101   151 0.89 -
Dato00656-RA         -            314 49836at7147          -            182   7.1e-73  244.0  18.7   3   3   6.6e-52   5.7e-49  166.1  10.3    87   182   181   292   149   292 0.90 -
Dato00662-RA         -            266 49836at7147          -            182   5.2e-22   78.2   3.9   1   2      0.18   1.6e+02    1.7   0.1    12    37    42    68    37   104 0.76 -
Dato00662-RA         -            266 49836at7147          -            182   5.2e-22   78.2   3.9   2   2     6e-25   5.2e-22   78.2   3.9    88   169   145   225   140   235 0.90 -
Dato00659-RA         -            144 49836at7147          -            182   6.1e-18   65.0   0.8   1   1   8.8e-21   7.6e-18   64.7   0.8    87   172    50   133    34   143 0.87 -
Dato00650-RA         -            280 49836at7147          -            182     2e-15   56.8   2.1   1   2   0.00047       0.4   10.2   0.0    21    63    61   103    51   128 0.76 -
Dato00650-RA         -            280 49836at7147          -            182     2e-15   56.8   2.1   2   2   4.1e-15   3.5e-12   46.2   0.9    91   166   161   236   117   244 0.85 -
Dato14089-RA         -            320 49836at7147          -            182     3e-14   52.9   8.1   1   1   2.2e-15   1.9e-12   47.1   8.1    10   152    98   275    91   288 0.71 -
Dato00661-RA         -            287 49836at7147          -            182     5e-13   49.0   4.1   1   2    0.0058         5    6.6   0.1    10    60    70   123    63   161 0.71 -
Dato00661-RA         -            287 49836at7147          -            182     5e-13   49.0   4.1   2   2   1.1e-13   9.8e-11   41.5   2.6    86   152   186   254   140   258 0.73 -
Dato00666-RA         -            282 49836at7147          -            182     1e-11   44.7   5.2   1   2   0.00036      0.31   10.5   0.1    15    77    51   113    41   125 0.86 -
Dato00666-RA         -            282 49836at7147          -            182     1e-11   44.7   5.2   2   2   6.9e-12   5.9e-09   35.7   1.5    88   154   172   236   169   248 0.83 -
Dato00655-RA         -            305 49836at7147          -            182   2.8e-11   43.3  10.0   1   1   1.6e-12   1.3e-09   37.8  10.0     7   142    50   224    45   230 0.69 -
Dato00652-RA         -            273 49836at7147          -            182   3.6e-07   29.9   0.3   1   2   6.3e-05     0.054   13.0   0.0     8    64    37    95    33   103 0.81 -
Dato00652-RA         -            273 49836at7147          -            182   3.6e-07   29.9   0.3   2   2   1.8e-05     0.015   14.8   0.4    86   141   154   210   121   216 0.84 -
Dato01887-RA         -            266 49836at7147          -            182   9.8e-06   25.2   2.5   1   2     0.084        73    2.8   0.0    65    92   121   147    63   158 0.78 -
Dato01887-RA         -            266 49836at7147          -            182   9.8e-06   25.2   2.5   2   2   2.3e-07    0.0002   20.9   1.3    98   140   179   221   164   231 0.84 -
Dato00647-RA         -            313 49836at7147          -            182   5.7e-05   22.7   1.7   1   2      0.01       8.7    5.8   0.0    10    58    37    86    31   130 0.77 -
Dato00647-RA         -            313 49836at7147          -            182   5.7e-05   22.7   1.7   2   2   2.1e-05     0.018   14.6   1.7    86   156   160   228   153   238 0.85 -
Dato00665-RA         -            430 49836at7147          -            182   9.5e-05   22.0   0.3   1   1   1.9e-07   0.00016   21.2   0.3    94   154   231   288   219   293 0.77 -
Dato00660-RA         -            132 49836at7147          -            182   0.00014   21.5   0.1   1   1   6.3e-07   0.00054   19.5   0.1     7    84    26   118    23   123 0.73 -
Dato00657-RA         -            371 49836at7147          -            182   0.00058   19.4   0.3   1   1   1.5e-06    0.0013   18.3   0.3    94   141   239   286   228   318 0.76 -
Dato00658-RA         -            352 49836at7147          -            182   0.00066   19.2   0.0   1   1   1.2e-06    0.0011   18.6   0.0    82   139   159   217   133   223 0.86 -
Dato00651-RA         -            214 49836at7147          -            182    0.0011   18.5   0.9   1   2       7.5   6.5e+03   -3.6   0.0   126   148     9    31     7    41 0.74 -
Dato00651-RA         -            214 49836at7147          -            182    0.0011   18.5   0.9   2   2   2.8e-06    0.0024   17.4   1.0    87   155   113   182   106   205 0.87 -
Dato00653-RA         -            208 49836at7147          -            182    0.0035   16.9   0.1   1   1   5.3e-06    0.0046   16.5   0.1    59   152    72   161    53   182 0.74 -
Dato00664-RA         -            226 49836at7147          -            182     0.011   15.2   2.1   1   1   8.5e-05     0.073   12.6   2.1    91   146   129   184    12   207 0.67 -
Dato00306-RA         -            345 49836at7147          -            182      0.15   11.5   1.1   1   1   0.00029      0.25   10.8   1.1    58   139   214   300   200   306 0.78 -
#
# Program:         hmmsearch
# Version:         3.1b2 (February 2015)
# Pipeline mode:   SEARCH
# Query file:      /home/nmoreyra/Documents/Genomics/03_orthologs_search/00_Phylogenomics_BUSCO-groups/busco4_odb10/busco_downloads/lineages/diptera_odb10/hmms/49836at7147.hmm
# Target file:     /home/nmoreyra/Documents/Genomics/03_orthologs_search/00_Phylogenomics_BUSCO-groups/busco4_odb10/../00_proteins/Dato_proteins.fasta
# Option settings: /home/nmoreyra/Software/miniconda3/envs/busco4/bin/hmmsearch --domtblout /home/nmoreyra/Documents/Genomics/03_orthologs_search/00_Phylogenomics_BUSCO-groups/busco4_odb10/Dato_diptera/run_diptera_odb10/hmmer_output/initial_run_results/49836at7147.out --cpu 1 /home/nmoreyra/Documents/Genomics/03_orthologs_search/00_Phylogenomics_BUSCO-groups/busco4_odb10/busco_downloads/lineages/diptera_odb10/hmms/49836at7147.hmm /home/nmoreyra/Documents/Genomics/03_orthologs_search/00_Phylogenomics_BUSCO-groups/busco4_odb10/../00_proteins/Dato_proteins.fasta 
# Current dir:     /home/nmoreyra/Documents/Genomics/03_orthologs_search/00_Phylogenomics_BUSCO-groups/busco4_odb10
# Date:            Mon Jan 25 12:57:09 2021
# [ok]
