#                                                                            --- full sequence --- -------------- this domain -------------   hmm coord   ali coord   env coord
# target name        accession   tlen query name           accession   qlen   E-value  score  bias   #  of  c-Evalue  i-Evalue  score  bias  from    to  from    to  from    to  acc description of target
#------------------- ---------- ----- -------------------- ---------- ----- --------- ------ ----- --- --- --------- --------- ------ ----- ----- ----- ----- ----- ----- ----- ---- ---------------------
Dato16165-RA         -            539 51456at7147          -            211   1.5e-86  289.4   0.4   1   1   1.1e-89   2.6e-86  288.6   0.4    13   204    64   268    50   274 0.92 -
Dato16076-RA         -            204 51456at7147          -            211   5.3e-20   71.9   0.0   1   1   3.2e-23   7.4e-20   71.5   0.0    15   111    78   176    73   191 0.92 -
Dato16083-RA         -            358 51456at7147          -            211   1.7e-14   54.0   0.1   1   1   1.2e-17   2.9e-14   53.2   0.1    15   117    80   184    76   209 0.87 -
Dato13827-RA         -            200 51456at7147          -            211   4.1e-05   23.3   0.0   1   1   3.6e-08   8.4e-05   22.3   0.0    15    66    67   118    55   194 0.83 -
Dato03386-RA         -            123 51456at7147          -            211     7e-05   22.5   0.0   1   2     3e-08     7e-05   22.5   0.0    13    73     3    63     1    81 0.80 -
Dato03386-RA         -            123 51456at7147          -            211     7e-05   22.5   0.0   2   2         2   4.7e+03   -3.0   0.2   135   144    99   108    90   119 0.50 -
Dato12264-RA         -            301 51456at7147          -            211   0.00085   19.0   2.3   1   3       1.9   4.5e+03   -3.0   0.8   128   141    29    42    19    48 0.45 -
Dato12264-RA         -            301 51456at7147          -            211   0.00085   19.0   2.3   2   3   2.5e-06    0.0058   16.3   0.0    15    52    99   136    94   142 0.90 -
Dato12264-RA         -            301 51456at7147          -            211   0.00085   19.0   2.3   3   3     0.064   1.5e+02    1.9   0.0    87   112   145   170   137   202 0.76 -
Dato13830-RA         -            197 51456at7147          -            211    0.0017   18.0   0.0   1   1   1.1e-06    0.0025   17.5   0.0    14    65    99   150    87   186 0.85 -
#
# Program:         hmmsearch
# Version:         3.1b2 (February 2015)
# Pipeline mode:   SEARCH
# Query file:      /home/nmoreyra/Documents/Genomics/03_orthologs_search/00_Phylogenomics_BUSCO-groups/busco4_odb10/busco_downloads/lineages/diptera_odb10/hmms/51456at7147.hmm
# Target file:     /home/nmoreyra/Documents/Genomics/03_orthologs_search/00_Phylogenomics_BUSCO-groups/busco4_odb10/../00_proteins/Dato_proteins.fasta
# Option settings: /home/nmoreyra/Software/miniconda3/envs/busco4/bin/hmmsearch --domtblout /home/nmoreyra/Documents/Genomics/03_orthologs_search/00_Phylogenomics_BUSCO-groups/busco4_odb10/Dato_diptera/run_diptera_odb10/hmmer_output/initial_run_results/51456at7147.out --cpu 1 /home/nmoreyra/Documents/Genomics/03_orthologs_search/00_Phylogenomics_BUSCO-groups/busco4_odb10/busco_downloads/lineages/diptera_odb10/hmms/51456at7147.hmm /home/nmoreyra/Documents/Genomics/03_orthologs_search/00_Phylogenomics_BUSCO-groups/busco4_odb10/../00_proteins/Dato_proteins.fasta 
# Current dir:     /home/nmoreyra/Documents/Genomics/03_orthologs_search/00_Phylogenomics_BUSCO-groups/busco4_odb10
# Date:            Mon Jan 25 12:58:40 2021
# [ok]
