#                                                                            --- full sequence --- -------------- this domain -------------   hmm coord   ali coord   env coord
# target name        accession   tlen query name           accession   qlen   E-value  score  bias   #  of  c-Evalue  i-Evalue  score  bias  from    to  from    to  from    to  acc description of target
#------------------- ---------- ----- -------------------- ---------- ----- --------- ------ ----- --- --- --------- --------- ------ ----- ----- ----- ----- ----- ----- ----- ---- ---------------------
Dato07258-RA         -           1048 5223at7147           -            879         0 1661.3  24.5   1   1         0         0 1650.9  24.5    16   879    55  1048    19  1048 0.90 -
Dato09891-RA         -           1087 5223at7147           -            879    1e-232  774.4   0.4   1   1    4e-235  3.4e-232  772.7   0.4    41   792   135   961   122  1047 0.83 -
Dato03818-RA         -           1182 5223at7147           -            879  1.1e-223  744.6   0.2   1   1  3.2e-226  2.8e-223  743.2   0.2    42   797   254  1079   241  1167 0.86 -
Dato11606-RA         -            859 5223at7147           -            879    1e-191  638.7   4.8   1   2    6e-172  5.1e-169  563.6   0.3    79   578     1   522     1   524 0.90 -
Dato11606-RA         -            859 5223at7147           -            879    1e-191  638.7   4.8   2   2   6.4e-24   5.5e-21   73.8   0.7   616   793   523   737   521   855 0.70 -
Dato13070-RA         -            889 5223at7147           -            879  3.8e-182  607.1   5.2   1   2  1.5e-161  1.3e-158  529.2   1.3    43   578     6   547     2   549 0.89 -
Dato13070-RA         -            889 5223at7147           -            879  3.8e-182  607.1   5.2   2   2   1.1e-25   9.4e-23   79.7   0.1   615   851   547   841   546   862 0.73 -
Dato09818-RA         -            938 5223at7147           -            879   1.5e-46  158.5   1.0   1   4   3.2e-18   2.7e-15   55.0   0.0    58   287    31   258    24   272 0.81 -
Dato09818-RA         -            938 5223at7147           -            879   1.5e-46  158.5   1.0   2   4   3.3e-15   2.9e-12   45.0   0.0   300   479   307   489   297   511 0.81 -
Dato09818-RA         -            938 5223at7147           -            879   1.5e-46  158.5   1.0   3   4   7.9e-13   6.8e-10   37.1   0.1   484   580   528   620   505   633 0.85 -
Dato09818-RA         -            938 5223at7147           -            879   1.5e-46  158.5   1.0   4   4   1.3e-06    0.0011   16.6   0.1   666   750   684   779   680   788 0.81 -
Dato13153-RA         -            930 5223at7147           -            879   3.4e-42  144.0   4.3   1   3   3.5e-28     3e-25   87.9   0.2    57   466    29   469     4   486 0.74 -
Dato13153-RA         -            930 5223at7147           -            879   3.4e-42  144.0   4.3   2   3   1.7e-12   1.4e-09   36.1   0.0   455   587   495   622   477   647 0.86 -
Dato13153-RA         -            930 5223at7147           -            879   3.4e-42  144.0   4.3   3   3   1.6e-05     0.014   13.0   0.2   679   753   693   777   678   792 0.79 -
Dato11792-RA         -           1764 5223at7147           -            879   9.2e-40  136.0   0.1   1   3   8.2e-19   7.1e-16   56.9   0.0    53   239   826  1015   800  1054 0.86 -
Dato11792-RA         -           1764 5223at7147           -            879   9.2e-40  136.0   0.1   2   3   4.1e-14   3.5e-11   41.4   0.0   294   494  1109  1334  1077  1352 0.73 -
Dato11792-RA         -           1764 5223at7147           -            879   9.2e-40  136.0   0.1   3   3   7.4e-12   6.4e-09   33.9   0.1   482   595  1350  1457  1343  1473 0.89 -
Dato06112-RA         -           1230 5223at7147           -            879   5.5e-39  133.4  11.3   1   2   1.3e-23   1.1e-20   72.8   1.9    56   466    28   482     5   500 0.76 -
Dato06112-RA         -           1230 5223at7147           -            879   5.5e-39  133.4  11.3   2   2   2.4e-19   2.1e-16   58.7   2.1   484   749   533   802   526   833 0.82 -
Dato04046-RA         -           1584 5223at7147           -            879   2.9e-28   97.9   3.7   1   4     3e-11   2.6e-08   31.9   0.0    25   229   663   867   655   877 0.72 -
Dato04046-RA         -           1584 5223at7147           -            879   2.9e-28   97.9   3.7   2   4   3.7e-10   3.2e-07   28.3   0.0   300   493   969  1176   961  1183 0.73 -
Dato04046-RA         -           1584 5223at7147           -            879   2.9e-28   97.9   3.7   3   4   2.4e-09   2.1e-06   25.6   0.1   479   577  1196  1287  1169  1295 0.83 -
Dato04046-RA         -           1584 5223at7147           -            879   2.9e-28   97.9   3.7   4   4   0.00013      0.11   10.0   0.8   617   747  1290  1443  1285  1478 0.76 -
Dato09549-RA         -           1854 5223at7147           -            879   1.8e-27   95.3   5.7   1   5   3.9e-15   3.4e-12   44.8   2.2    42   217   120   280   116   390 0.85 -
Dato09549-RA         -           1854 5223at7147           -            879   1.8e-27   95.3   5.7   2   5   1.5e-12   1.3e-09   36.2   0.0   295   349   425   479   408   491 0.88 -
Dato09549-RA         -           1854 5223at7147           -            879   1.8e-27   95.3   5.7   3   5    0.0084       7.3    4.0   0.0   447   465   537   555   531   570 0.89 -
Dato09549-RA         -           1854 5223at7147           -            879   1.8e-27   95.3   5.7   4   5       2.1   1.8e+03   -4.0   0.0   561   578   738   755   735   762 0.85 -
Dato09549-RA         -           1854 5223at7147           -            879   1.8e-27   95.3   5.7   5   5      0.16   1.4e+02   -0.3   0.0   723   770   870   919   863   938 0.79 -
Dato13350-RA         -           1718 5223at7147           -            879   4.7e-21   74.1   4.6   1   7     0.015        13    3.1   0.0    88   125   524   561   518   571 0.88 -
Dato13350-RA         -           1718 5223at7147           -            879   4.7e-21   74.1   4.6   2   7   6.6e-08   5.7e-05   20.9   0.0   166   219   585   639   575   685 0.78 -
Dato13350-RA         -           1718 5223at7147           -            879   4.7e-21   74.1   4.6   3   7      0.58     5e+02   -2.1   0.0   256   289   711   745   707   752 0.83 -
Dato13350-RA         -           1718 5223at7147           -            879   4.7e-21   74.1   4.6   4   7   5.6e-09   4.8e-06   24.4   0.0   293   350   784   841   750   857 0.88 -
Dato13350-RA         -           1718 5223at7147           -            879   4.7e-21   74.1   4.6   5   7     0.011       9.8    3.5   0.3   445   466   891   912   867   920 0.81 -
Dato13350-RA         -           1718 5223at7147           -            879   4.7e-21   74.1   4.6   6   7    0.0005      0.43    8.0   0.0   523   584  1015  1080   995  1088 0.71 -
Dato13350-RA         -           1718 5223at7147           -            879   4.7e-21   74.1   4.6   7   7   0.00043      0.37    8.2   0.0   731   775  1184  1230  1171  1250 0.83 -
Dato11097-RA         -            879 5223at7147           -            879   3.3e-16   58.0   5.6   1   4   2.8e-09   2.4e-06   25.4   0.2    45   217    16   175     5   191 0.74 -
Dato11097-RA         -            879 5223at7147           -            879   3.3e-16   58.0   5.6   2   4   5.5e-09   4.7e-06   24.4   0.0   277   349   310   381   302   397 0.86 -
Dato11097-RA         -            879 5223at7147           -            879   3.3e-16   58.0   5.6   3   4    0.0056       4.8    4.5   0.8   447   466   441   460   437   468 0.89 -
Dato11097-RA         -            879 5223at7147           -            879   3.3e-16   58.0   5.6   4   4      0.15   1.3e+02   -0.2   0.0   733   749   777   793   628   813 0.67 -
Dato03508-RA         -            866 5223at7147           -            879   2.3e-13   48.6   4.8   1   2   5.8e-14     5e-11   40.9   0.7    52   234    42   206    33   234 0.83 -
Dato03508-RA         -            866 5223at7147           -            879   2.3e-13   48.6   4.8   2   2    0.0075       6.5    4.1   0.1   442   466   391   415   373   419 0.87 -
Dato10575-RA         -           1164 5223at7147           -            879   1.5e-10   39.4   0.0   1   3   4.1e-10   3.5e-07   28.2   0.0    59   133    31   105    15   113 0.83 -
Dato10575-RA         -           1164 5223at7147           -            879   1.5e-10   39.4   0.0   2   3    0.0015       1.3    6.4   0.0   168   287   191   309   187   318 0.71 -
Dato10575-RA         -           1164 5223at7147           -            879   1.5e-10   39.4   0.0   3   3      0.13   1.1e+02    0.0   0.0   334   415   455   535   443   585 0.75 -
Dato11644-RA         -           1691 5223at7147           -            879   3.3e-06   25.0   0.1   1   1   5.9e-09     5e-06   24.3   0.1   484   587  1189  1290  1183  1298 0.82 -
Dato01574-RA         -            579 5223at7147           -            879   1.5e-05   22.8   0.1   1   2    0.0054       4.7    4.6   0.0    78   130    22    76    12   216 0.70 -
Dato01574-RA         -            579 5223at7147           -            879   1.5e-05   22.8   0.1   2   2   1.8e-06    0.0015   16.1   0.0   486   591   245   346   223   355 0.75 -
Dato13066-RA         -            650 5223at7147           -            879   2.7e-05   21.9   1.4   1   2   7.5e-05     0.064   10.8   0.1    88   131     7    50     3   122 0.63 -
Dato13066-RA         -            650 5223at7147           -            879   2.7e-05   21.9   1.4   2   2   0.00033      0.28    8.6   0.1   484   576   210   301   194   317 0.81 -
Dato10956-RA         -            456 5223at7147           -            879      0.18    9.3   0.0   1   1   0.00029      0.25    8.8   0.0   545   592   259   306   233   321 0.86 -
#
# Program:         hmmsearch
# Version:         3.1b2 (February 2015)
# Pipeline mode:   SEARCH
# Query file:      /home/nmoreyra/Documents/Genomics/03_orthologs_search/00_Phylogenomics_BUSCO-groups/busco4_odb10/busco_downloads/lineages/diptera_odb10/hmms/5223at7147.hmm
# Target file:     /home/nmoreyra/Documents/Genomics/03_orthologs_search/00_Phylogenomics_BUSCO-groups/busco4_odb10/../00_proteins/Dato_proteins.fasta
# Option settings: /home/nmoreyra/Software/miniconda3/envs/busco4/bin/hmmsearch --domtblout /home/nmoreyra/Documents/Genomics/03_orthologs_search/00_Phylogenomics_BUSCO-groups/busco4_odb10/Dato_diptera/run_diptera_odb10/hmmer_output/initial_run_results/5223at7147.out --cpu 1 /home/nmoreyra/Documents/Genomics/03_orthologs_search/00_Phylogenomics_BUSCO-groups/busco4_odb10/busco_downloads/lineages/diptera_odb10/hmms/5223at7147.hmm /home/nmoreyra/Documents/Genomics/03_orthologs_search/00_Phylogenomics_BUSCO-groups/busco4_odb10/../00_proteins/Dato_proteins.fasta 
# Current dir:     /home/nmoreyra/Documents/Genomics/03_orthologs_search/00_Phylogenomics_BUSCO-groups/busco4_odb10
# Date:            Mon Jan 25 12:57:49 2021
# [ok]
