#                                                                            --- full sequence --- -------------- this domain -------------   hmm coord   ali coord   env coord
# target name        accession   tlen query name           accession   qlen   E-value  score  bias   #  of  c-Evalue  i-Evalue  score  bias  from    to  from    to  from    to  acc description of target
#------------------- ---------- ----- -------------------- ---------- ----- --------- ------ ----- --- --- --------- --------- ------ ----- ----- ----- ----- ----- ----- ----- ---- ---------------------
Dato06850-RA         -            244 54050at7147          -            197  6.1e-111  368.5   5.0   1   1  1.4e-112  1.2e-109  364.3   5.0     1   194     1   225     1   228 0.93 -
Dato15583-RA         -            249 54050at7147          -            197     4e-35  121.1   0.1   1   1   6.2e-38   5.1e-35  120.8   0.1     6   163     3   171     1   196 0.88 -
Dato01852-RA         -            234 54050at7147          -            197   4.8e-30  104.5   0.0   1   1   1.4e-32   1.1e-29  103.3   0.0     7   163     5   171     1   220 0.82 -
Dato14571-RA         -            282 54050at7147          -            197   2.3e-26   92.5   0.0   1   1   3.5e-29   2.9e-26   92.2   0.0     4   172     2   179     1   195 0.84 -
Dato16864-RA         -            297 54050at7147          -            197   5.6e-26   91.3   0.0   1   1   9.1e-29   7.4e-26   90.9   0.0     4   166     2   172     1   189 0.86 -
Dato05622-RA         -            246 54050at7147          -            197   1.1e-25   90.2   0.0   1   1   2.5e-28   2.1e-25   89.4   0.0     8   157     4   157     2   170 0.89 -
Dato12694-RA         -            244 54050at7147          -            197   1.6e-25   89.7   0.1   1   1   2.7e-28   2.2e-25   89.3   0.1     6   168     7   181     4   206 0.82 -
Dato05773-RA         -            253 54050at7147          -            197   2.1e-23   82.9   0.0   1   1     3e-26   2.5e-23   82.6   0.0     6   182     6   193     1   207 0.84 -
Dato15589-RA         -            226 54050at7147          -            197   1.1e-21   77.3   0.0   1   2   6.5e-06    0.0053   16.3   0.0     8    36     5    33     2    37 0.90 -
Dato15589-RA         -            226 54050at7147          -            197   1.1e-21   77.3   0.0   2   2   5.6e-20   4.6e-17   62.2   0.0    52   171    29   159    28   176 0.81 -
Dato16655-RA         -            342 54050at7147          -            197   2.3e-12   46.9   0.0   1   1   4.3e-15   3.5e-12   46.2   0.0    15   157    21   173    11   185 0.84 -
Dato07886-RA         -            248 54050at7147          -            197   9.9e-11   41.5   0.0   1   2     3e-13   2.5e-10   40.2   0.0     8   167     7   178     3   192 0.80 -
Dato07886-RA         -            248 54050at7147          -            197   9.9e-11   41.5   0.0   2   2       1.7   1.4e+03   -1.4   0.0    97   139   180   224   173   236 0.68 -
Dato16605-RA         -            302 54050at7147          -            197   4.3e-06   26.4   0.0   1   1   8.3e-09   6.8e-06   25.7   0.0    31   162    41   179    20   190 0.83 -
Dato05646-RA         -            279 54050at7147          -            197   1.7e-05   24.4   0.0   1   1   3.5e-08   2.9e-05   23.7   0.0    33   162    72   208    64   215 0.80 -
Dato04873-RA         -            227 54050at7147          -            197   0.00027   20.5   0.0   1   1   4.6e-07   0.00037   20.0   0.0    34   160    16   149    11   168 0.77 -
Dato06993-RA         -            314 54050at7147          -            197    0.0003   20.4   0.1   1   1   5.8e-07   0.00047   19.7   0.1    33   161    70   205    63   213 0.78 -
Dato06079-RA         -            270 54050at7147          -            197    0.0039   16.7   0.0   1   1   7.1e-06    0.0058   16.1   0.0    31   162    36   173    25   182 0.81 -
Dato07741-RA         -            243 54050at7147          -            197     0.015   14.8   0.0   1   1   3.4e-05     0.028   13.9   0.0    34   167    17   157     8   162 0.74 -
Dato05206-RA         -            222 54050at7147          -            197     0.027   14.0   0.0   1   1   4.3e-05     0.035   13.6   0.0    32   129    13   116     5   179 0.71 -
Dato07724-RA         -            229 54050at7147          -            197     0.028   13.9   0.0   1   1   6.5e-05     0.053   13.0   0.0    34   159    17   149     8   161 0.70 -
Dato07742-RA         -            229 54050at7147          -            197     0.029   13.9   0.0   1   1   6.4e-05     0.053   13.0   0.0    34   159    17   149     8   162 0.70 -
#
# Program:         hmmsearch
# Version:         3.1b2 (February 2015)
# Pipeline mode:   SEARCH
# Query file:      /home/nmoreyra/Documents/Genomics/03_orthologs_search/00_Phylogenomics_BUSCO-groups/busco4_odb10/busco_downloads/lineages/diptera_odb10/hmms/54050at7147.hmm
# Target file:     /home/nmoreyra/Documents/Genomics/03_orthologs_search/00_Phylogenomics_BUSCO-groups/busco4_odb10/../00_proteins/Dato_proteins.fasta
# Option settings: /home/nmoreyra/Software/miniconda3/envs/busco4/bin/hmmsearch --domtblout /home/nmoreyra/Documents/Genomics/03_orthologs_search/00_Phylogenomics_BUSCO-groups/busco4_odb10/Dato_diptera/run_diptera_odb10/hmmer_output/initial_run_results/54050at7147.out --cpu 1 /home/nmoreyra/Documents/Genomics/03_orthologs_search/00_Phylogenomics_BUSCO-groups/busco4_odb10/busco_downloads/lineages/diptera_odb10/hmms/54050at7147.hmm /home/nmoreyra/Documents/Genomics/03_orthologs_search/00_Phylogenomics_BUSCO-groups/busco4_odb10/../00_proteins/Dato_proteins.fasta 
# Current dir:     /home/nmoreyra/Documents/Genomics/03_orthologs_search/00_Phylogenomics_BUSCO-groups/busco4_odb10
# Date:            Mon Jan 25 12:59:10 2021
# [ok]
