#                                                                            --- full sequence --- -------------- this domain -------------   hmm coord   ali coord   env coord
# target name        accession   tlen query name           accession   qlen   E-value  score  bias   #  of  c-Evalue  i-Evalue  score  bias  from    to  from    to  from    to  acc description of target
#------------------- ---------- ----- -------------------- ---------- ----- --------- ------ ----- --- --- --------- --------- ------ ----- ----- ----- ----- ----- ----- ----- ---- ---------------------
Dato04760-RA         -            213 54673at7147          -            186   5.8e-92  306.5   0.0   1   1   8.9e-95   7.3e-92  306.2   0.0     2   186     3   208     2   208 0.92 -
Dato07988-RA         -           1185 54673at7147          -            186   5.4e-09   36.1   0.1   1   1   1.2e-11     1e-08   35.2   0.1    33    84   664   715   649   722 0.88 -
Dato02375-RA         -            502 54673at7147          -            186   3.8e-07   30.1   0.0   1   1     1e-09   8.6e-07   28.9   0.0    38    94   221   277   190   291 0.78 -
Dato13299-RA         -            251 54673at7147          -            186   3.4e-06   26.9   0.2   1   2       1.2   9.7e+02   -0.6   0.0    26    65    45    84    25    88 0.75 -
Dato13299-RA         -            251 54673at7147          -            186   3.4e-06   26.9   0.2   2   2   1.6e-08   1.3e-05   25.0   0.1    30    85   136   193   112   218 0.79 -
Dato02982-RA         -            389 54673at7147          -            186   7.1e-05   22.6   0.1   1   1   1.8e-07   0.00015   21.6   0.1    38    79    95   136    79   162 0.83 -
Dato12296-RA         -            556 54673at7147          -            186   0.00081   19.2   0.0   1   1   2.3e-06    0.0019   18.0   0.0    43    91   134   181   127   199 0.83 -
Dato09849-RA         -            346 54673at7147          -            186     0.001   18.8   0.1   1   1   2.7e-06    0.0022   17.8   0.1    36   112   186   272   182   285 0.67 -
Dato01153-RA         -            536 54673at7147          -            186    0.0011   18.7   0.0   1   1   2.6e-06    0.0021   17.8   0.0    43    96   184   237   148   243 0.78 -
Dato03402-RA         -            277 54673at7147          -            186    0.0015   18.3   0.0   1   1     3e-06    0.0024   17.6   0.0    36    93    85   142    66   187 0.89 -
Dato13428-RA         -            920 54673at7147          -            186    0.0028   17.4   0.1   1   2   5.5e-05     0.045   13.5   0.1    49   121   505   591   490   629 0.77 -
Dato13428-RA         -            920 54673at7147          -            186    0.0028   17.4   0.1   2   2      0.35   2.8e+02    1.1   0.0    40    95   736   791   729   801 0.88 -
Dato14063-RA         -            341 54673at7147          -            186     0.015   15.0   0.1   1   1   3.4e-05     0.027   14.2   0.1    46    84    38    76    24   101 0.80 -
Dato11685-RA         -           1039 54673at7147          -            186     0.034   13.9   0.0   1   1   7.8e-05     0.064   13.0   0.0    50    82   897   929   891   936 0.89 -
Dato03460-RA         -            242 54673at7147          -            186     0.036   13.8   0.0   1   1   6.8e-05     0.055   13.2   0.0    49   108    56   128    41   139 0.68 -
Dato04403-RA         -            492 54673at7147          -            186     0.041   13.6   0.0   1   2    0.0016       1.3    8.7   0.0   115   147   179   211   168   219 0.90 -
Dato04403-RA         -            492 54673at7147          -            186     0.041   13.6   0.0   2   2      0.19   1.5e+02    2.0   0.0   121   156   385   420   376   438 0.82 -
Dato06489-RA         -            335 54673at7147          -            186     0.044   13.5   0.0   1   1   8.9e-05     0.073   12.8   0.0    48    77    52    81    38   114 0.80 -
Dato12290-RA         -            286 54673at7147          -            186     0.062   13.0   0.0   1   1   0.00013      0.11   12.3   0.0    44    85    89   129    59   149 0.82 -
Dato14236-RA         -            215 54673at7147          -            186     0.073   12.8   0.0   1   1   0.00013      0.11   12.3   0.0    47    84    57    94    41   114 0.85 -
Dato01938-RA         -            289 54673at7147          -            186     0.075   12.8   0.0   1   1   0.00016      0.13   12.0   0.0    40    74    26    60    14    76 0.80 -
Dato02967-RA         -            316 54673at7147          -            186      0.13   12.1   0.0   1   1   0.00026      0.21   11.3   0.0    40    86   111   159   103   187 0.81 -
Dato11700-RA         -            365 54673at7147          -            186      0.13   12.0   0.0   1   1   0.00026      0.22   11.3   0.0    88   140    99   151    52   164 0.89 -
#
# Program:         hmmsearch
# Version:         3.1b2 (February 2015)
# Pipeline mode:   SEARCH
# Query file:      /home/nmoreyra/Documents/Genomics/03_orthologs_search/00_Phylogenomics_BUSCO-groups/busco4_odb10/busco_downloads/lineages/diptera_odb10/hmms/54673at7147.hmm
# Target file:     /home/nmoreyra/Documents/Genomics/03_orthologs_search/00_Phylogenomics_BUSCO-groups/busco4_odb10/../00_proteins/Dato_proteins.fasta
# Option settings: /home/nmoreyra/Software/miniconda3/envs/busco4/bin/hmmsearch --domtblout /home/nmoreyra/Documents/Genomics/03_orthologs_search/00_Phylogenomics_BUSCO-groups/busco4_odb10/Dato_diptera/run_diptera_odb10/hmmer_output/initial_run_results/54673at7147.out --cpu 1 /home/nmoreyra/Documents/Genomics/03_orthologs_search/00_Phylogenomics_BUSCO-groups/busco4_odb10/busco_downloads/lineages/diptera_odb10/hmms/54673at7147.hmm /home/nmoreyra/Documents/Genomics/03_orthologs_search/00_Phylogenomics_BUSCO-groups/busco4_odb10/../00_proteins/Dato_proteins.fasta 
# Current dir:     /home/nmoreyra/Documents/Genomics/03_orthologs_search/00_Phylogenomics_BUSCO-groups/busco4_odb10
# Date:            Mon Jan 25 12:57:20 2021
# [ok]
