#                                                                            --- full sequence --- -------------- this domain -------------   hmm coord   ali coord   env coord
# target name        accession   tlen query name           accession   qlen   E-value  score  bias   #  of  c-Evalue  i-Evalue  score  bias  from    to  from    to  from    to  acc description of target
#------------------- ---------- ----- -------------------- ---------- ----- --------- ------ ----- --- --- --------- --------- ------ ----- ----- ----- ----- ----- ----- ----- ---- ---------------------
Dato06882-RA         -            244 55489at7147          -            208   7.3e-99  329.5   4.6   1   1  1.9e-101   8.7e-99  329.2   4.6     6   207    13   239     5   240 0.92 -
Dato17290-RA         -            235 55489at7147          -            208   1.4e-42  145.6   6.5   1   1   3.8e-45   1.8e-42  145.3   6.5     6   207     9   230     5   231 0.91 -
Dato17605-RA         -            248 55489at7147          -            208   3.2e-41  141.2   6.3   1   1   1.1e-43   5.1e-41  140.6   6.3     5   206    10   239     7   241 0.84 -
Dato17603-RA         -            310 55489at7147          -            208     3e-30  105.4  11.0   1   1   1.5e-31     7e-29  100.9  11.0     6   207    15   249    11   250 0.82 -
Dato13524-RA         -            223 55489at7147          -            208     3e-27   95.5   8.6   1   1   8.2e-30   3.9e-27   95.2   8.6     6   207     8   222     3   223 0.80 -
Dato13526-RA         -            231 55489at7147          -            208   3.1e-26   92.3   7.0   1   1     9e-29   4.2e-26   91.8   7.0     6   207     8   224     2   225 0.79 -
Dato13523-RA         -            439 55489at7147          -            208   1.3e-24   86.9   4.2   1   1   2.8e-27   1.3e-24   86.9   4.2    18   207   233   432   222   433 0.83 -
Dato05745-RA         -            286 55489at7147          -            208   1.5e-20   73.7   7.1   1   1   9.4e-23   4.4e-20   72.2   7.1     6   202    10   225     6   230 0.82 -
Dato02351-RA         -            234 55489at7147          -            208   1.4e-19   70.5   8.2   1   1   8.3e-20   3.9e-17   62.5   8.2    49   158    23   143    15   229 0.85 -
Dato13530-RA         -            229 55489at7147          -            208   2.4e-19   69.8   5.7   1   1   6.3e-22   2.9e-19   69.5   5.7     7   207     9   220     3   221 0.81 -
Dato16884-RA         -            311 55489at7147          -            208   1.6e-18   67.1   9.8   1   2   3.4e-21   1.6e-18   67.1   9.8     4   159    48   220    45   260 0.76 -
Dato16884-RA         -            311 55489at7147          -            208   1.6e-18   67.1   9.8   2   2      0.44   2.1e+02    1.4   0.1   179   205   276   302   241   305 0.75 -
Dato01455-RA         -            268 55489at7147          -            208   2.1e-18   66.7  14.0   1   2   1.9e-20     9e-18   64.6   6.5     6   166    10   183     5   185 0.80 -
Dato01455-RA         -            268 55489at7147          -            208   2.1e-18   66.7  14.0   2   2     0.013       6.1    6.3   0.9   145   205   185   261   178   264 0.57 -
Dato13525-RA         -            290 55489at7147          -            208   4.8e-18   65.5   7.6   1   2     1e-20   4.8e-18   65.5   7.6     8   207    10   225     4   226 0.78 -
Dato13525-RA         -            290 55489at7147          -            208   4.8e-18   65.5   7.6   2   2       5.5   2.6e+03   -2.2   0.1    89   125   236   267   227   272 0.46 -
Dato16441-RA         -            265 55489at7147          -            208   8.1e-18   64.7   8.5   1   1     5e-20   2.3e-17   63.2   8.5     3   150    15   175    14   212 0.84 -
Dato03813-RA         -            267 55489at7147          -            208   1.1e-17   64.3   6.1   1   1   7.8e-20   3.7e-17   62.6   6.1     7   197    18   245     7   261 0.67 -
Dato13542-RA         -            220 55489at7147          -            208   1.6e-17   63.8  12.2   1   1   5.8e-20   2.7e-17   63.0  12.2     4   198     6   194     3   212 0.75 -
Dato13534-RA         -            217 55489at7147          -            208     1e-16   61.2   5.2   1   1   2.9e-18   1.3e-15   57.5   4.7     6   176     8   173     3   183 0.78 -
Dato07684-RA         -            285 55489at7147          -            208   2.2e-14   53.5  11.2   1   2   2.6e-13   1.2e-10   41.3  11.2    14   155    17   183     6   187 0.78 -
Dato07684-RA         -            285 55489at7147          -            208   2.2e-14   53.5  11.2   2   2     0.012       5.6    6.5   0.0   177   207   230   260   201   261 0.72 -
Dato14419-RA         -            135 55489at7147          -            208   3.7e-14   52.8   0.1   1   1     1e-16   4.7e-14   52.5   0.1    97   205     5   134     2   135 0.74 -
Dato13532-RA         -            227 55489at7147          -            208   1.2e-13   51.1   0.4   1   1   4.4e-16     2e-13   50.4   0.4    55   196    50   198    46   212 0.73 -
Dato13533-RA         -            217 55489at7147          -            208   3.7e-11   43.0   1.1   1   1   1.5e-13   6.9e-11   42.1   1.1    47   151    39   152     4   185 0.75 -
Dato13531-RA         -            226 55489at7147          -            208   2.1e-10   40.5   7.9   1   1   6.3e-13   2.9e-10   40.1   7.9     3   182     5   189     3   217 0.75 -
Dato13535-RA         -            208 55489at7147          -            208   6.2e-10   39.0   2.7   1   1   1.3e-12   6.2e-10   39.0   2.7    54   206    46   200    35   202 0.76 -
Dato13537-RA         -            226 55489at7147          -            208   1.5e-09   37.7   5.2   1   1     5e-12   2.3e-09   37.1   5.2    19   184    15   182     4   201 0.70 -
Dato13541-RA         -            219 55489at7147          -            208   3.4e-08   33.3   3.7   1   1   9.1e-11   4.3e-08   33.0   3.7    44   177    41   175     7   212 0.77 -
Dato15358-RA         -            244 55489at7147          -            208     3e-06   27.0   7.6   1   1   1.2e-08   5.5e-06   26.1   7.6     6   151    19   180    14   235 0.65 -
Dato00966-RA         -            234 55489at7147          -            208   1.1e-05   25.1   5.6   1   1     3e-08   1.4e-05   24.8   5.6    45   141    38   136     5   216 0.84 -
Dato13538-RA         -            221 55489at7147          -            208   0.00026   20.6   2.2   1   1     1e-06   0.00047   19.8   2.2    53   200    54   207     7   215 0.69 -
Dato13528-RA         -            220 55489at7147          -            208   0.00066   19.3   4.9   1   1   2.4e-06    0.0011   18.6   4.9    54   205    50   211     2   214 0.67 -
Dato03693-RA         -            184 55489at7147          -            208   0.00085   19.0   0.3   1   1   2.4e-06    0.0011   18.6   0.3    48   180    37   163     5   178 0.75 -
Dato10441-RA         -            199 55489at7147          -            208    0.0019   17.8   2.4   1   1   7.7e-06    0.0036   16.9   2.4   105   189   102   190     4   197 0.60 -
Dato13529-RA         -            218 55489at7147          -            208    0.0022   17.6  18.8   1   1   2.6e-05     0.012   15.2  18.8     9   194     7   199     1   213 0.56 -
Dato12941-RA         -            260 55489at7147          -            208     0.017   14.7   4.8   1   1   7.8e-05     0.037   13.6   4.7    48   187    51   198    11   212 0.61 -
Dato13539-RA         -            246 55489at7147          -            208      0.29   10.7   6.9   1   1    0.0021      0.97    9.0   6.8    54   154    51   159     4   216 0.63 -
Dato14583-RA         -            326 55489at7147          -            208       1.3    8.6   6.9   1   1    0.0092       4.3    6.9   6.9   121   158   140   183     8   202 0.81 -
#
# Program:         hmmsearch
# Version:         3.1b2 (February 2015)
# Pipeline mode:   SEARCH
# Query file:      /home/nmoreyra/Documents/Genomics/03_orthologs_search/00_Phylogenomics_BUSCO-groups/busco4_odb10/busco_downloads/lineages/diptera_odb10/hmms/55489at7147.hmm
# Target file:     /home/nmoreyra/Documents/Genomics/03_orthologs_search/00_Phylogenomics_BUSCO-groups/busco4_odb10/../00_proteins/Dato_proteins.fasta
# Option settings: /home/nmoreyra/Software/miniconda3/envs/busco4/bin/hmmsearch --domtblout /home/nmoreyra/Documents/Genomics/03_orthologs_search/00_Phylogenomics_BUSCO-groups/busco4_odb10/Dato_diptera/run_diptera_odb10/hmmer_output/initial_run_results/55489at7147.out --cpu 1 /home/nmoreyra/Documents/Genomics/03_orthologs_search/00_Phylogenomics_BUSCO-groups/busco4_odb10/busco_downloads/lineages/diptera_odb10/hmms/55489at7147.hmm /home/nmoreyra/Documents/Genomics/03_orthologs_search/00_Phylogenomics_BUSCO-groups/busco4_odb10/../00_proteins/Dato_proteins.fasta 
# Current dir:     /home/nmoreyra/Documents/Genomics/03_orthologs_search/00_Phylogenomics_BUSCO-groups/busco4_odb10
# Date:            Mon Jan 25 12:57:57 2021
# [ok]
