#                                                                            --- full sequence --- -------------- this domain -------------   hmm coord   ali coord   env coord
# target name        accession   tlen query name           accession   qlen   E-value  score  bias   #  of  c-Evalue  i-Evalue  score  bias  from    to  from    to  from    to  acc description of target
#------------------- ---------- ----- -------------------- ---------- ----- --------- ------ ----- --- --- --------- --------- ------ ----- ----- ----- ----- ----- ----- ----- ---- ---------------------
Dato03546-RA         -           2466 608at7147            -           2154         0 4340.7 189.1   1   2         0         0 2296.1 124.6     1  1187     7  1337     7  1343 0.94 -
Dato03546-RA         -           2466 608at7147            -           2154         0 4340.7 189.1   2   2         0         0 2046.4  56.5  1182  2154  1415  2464  1389  2464 0.95 -
Dato03665-RA         -           4310 608at7147            -           2154         0 1366.5 279.9   1  12    0.0088       4.9    3.9   0.7  1776  1932   302   466   248   475 0.78 -
Dato03665-RA         -           4310 608at7147            -           2154         0 1366.5 279.9   2  12   6.6e-29   3.7e-26   90.5  17.1  1275  1605   419   753   398   755 0.89 -
Dato03665-RA         -           4310 608at7147            -           2154         0 1366.5 279.9   3  12   6.1e-15   3.4e-12   44.2   1.1   772   848   748   827   745   835 0.88 -
Dato03665-RA         -           4310 608at7147            -           2154         0 1366.5 279.9   4  12   1.2e-06   0.00068   16.7   0.0   877   918   898   940   892   965 0.81 -
Dato03665-RA         -           4310 608at7147            -           2154         0 1366.5 279.9   5  12   3.4e-11   1.9e-08   31.8   3.2   923  1012   994  1085   978  1097 0.87 -
Dato03665-RA         -           4310 608at7147            -           2154         0 1366.5 279.9   6  12   7.4e-84   4.2e-81  272.8  46.8   211   736  1106  1683  1085  1684 0.84 -
Dato03665-RA         -           4310 608at7147            -           2154         0 1366.5 279.9   7  12   4.7e-24   2.7e-21   74.4   4.7  1489  1663  1639  1813  1638  1818 0.95 -
Dato03665-RA         -           4310 608at7147            -           2154         0 1366.5 279.9   8  12   2.3e-66   1.3e-63  214.8  40.4    49   509  1772  2280  1772  2283 0.83 -
Dato03665-RA         -           4310 608at7147            -           2154         0 1366.5 279.9   9  12     1e-81   5.9e-79  265.6  44.4    11   512  2263  2817  2260  2819 0.86 -
Dato03665-RA         -           4310 608at7147            -           2154         0 1366.5 279.9  10  12   1.2e-72     7e-70  235.5  26.4  1272  1661  2798  3191  2791  3197 0.96 -
Dato03665-RA         -           4310 608at7147            -           2154         0 1366.5 279.9  11  12   2.2e-09   1.2e-06   25.8   0.2   633   702  3167  3237  3165  3247 0.87 -
Dato03665-RA         -           4310 608at7147            -           2154         0 1366.5 279.9  12  12   4.7e-67   2.7e-64  217.0  36.8   105   479  3210  3631  3209  3687 0.81 -
Dato07568-RA         -           2292 608at7147            -           2154  2.4e-221  737.9 174.6   1   7   1.3e-54   7.6e-52  175.7  25.5  1281  1666   401   793   394   806 0.87 -
Dato07568-RA         -           2292 608at7147            -           2154  2.4e-221  737.9 174.6   2   7   9.9e-23   5.6e-20   70.0  10.9  1413  1601   749   939   747   941 0.96 -
Dato07568-RA         -           2292 608at7147            -           2154  2.4e-221  737.9 174.6   3   7   3.5e-28     2e-25   88.1  12.0   919  1122   807  1033   794  1039 0.82 -
Dato07568-RA         -           2292 608at7147            -           2154  2.4e-221  737.9 174.6   4   7   4.2e-44   2.4e-41  140.9  24.0   173   506   875  1259   871  1266 0.84 -
Dato07568-RA         -           2292 608at7147            -           2154  2.4e-221  737.9 174.6   5   7     1e-46   5.7e-44  149.6  22.1  1291  1613  1265  1592  1256  1593 0.94 -
Dato07568-RA         -           2292 608at7147            -           2154  2.4e-221  737.9 174.6   6   7   8.8e-15     5e-12   43.7   2.0   778   849  1584  1659  1581  1672 0.89 -
Dato07568-RA         -           2292 608at7147            -           2154  2.4e-221  737.9 174.6   7   7   5.5e-52   3.1e-49  167.1  30.5   120   530  1675  2134  1667  2150 0.81 -
Dato07154-RA         -           8997 608at7147            -           2154   2.2e-30  104.6 176.0   1  13     0.018        10    2.8   6.2  1880  1999   430   556   354   585 0.78 -
Dato07154-RA         -           8997 608at7147            -           2154   2.2e-30  104.6 176.0   2  13   2.5e-05     0.014   12.3   4.8  1511  1645   594   722   572   739 0.73 -
Dato07154-RA         -           8997 608at7147            -           2154   2.2e-30  104.6 176.0   3  13   6.7e-11   3.8e-08   30.8   0.0   782   910   792   927   785   934 0.80 -
Dato07154-RA         -           8997 608at7147            -           2154   2.2e-30  104.6 176.0   4  13       1.3   7.4e+02   -3.3   0.3  1538  1638  1078  1171  1071  1202 0.71 -
Dato07154-RA         -           8997 608at7147            -           2154   2.2e-30  104.6 176.0   5  13    0.0011       0.6    6.9   6.4  1370  1625  5238  5511  5152  5548 0.79 -
Dato07154-RA         -           8997 608at7147            -           2154   2.2e-30  104.6 176.0   6  13   0.00019      0.11    9.4   0.8  1277  1443  5857  6030  5840  6037 0.79 -
Dato07154-RA         -           8997 608at7147            -           2154   2.2e-30  104.6 176.0   7  13     0.014       8.1    3.2   3.7    12   164  6064  6220  6058  6254 0.74 -
Dato07154-RA         -           8997 608at7147            -           2154   2.2e-30  104.6 176.0   8  13     4e-05     0.022   11.7  25.0  1085  1628  6304  6877  6294  6892 0.72 -
Dato07154-RA         -           8997 608at7147            -           2154   2.2e-30  104.6 176.0   9  13     0.015       8.3    3.1  16.7  1341  1693  6997  7376  6891  7423 0.69 -
Dato07154-RA         -           8997 608at7147            -           2154   2.2e-30  104.6 176.0  10  13   4.1e-11   2.3e-08   31.5  13.8  1330  1633  7426  7742  7376  7750 0.84 -
Dato07154-RA         -           8997 608at7147            -           2154   2.2e-30  104.6 176.0  11  13   4.6e-09   2.6e-06   24.7  12.2  1347  1615  7771  8055  7756  8056 0.81 -
Dato07154-RA         -           8997 608at7147            -           2154   2.2e-30  104.6 176.0  12  13   2.6e-10   1.4e-07   28.9   3.7  1486  1635  8032  8182  8024  8221 0.80 -
Dato07154-RA         -           8997 608at7147            -           2154   2.2e-30  104.6 176.0  13  13     0.013       7.4    3.3   0.2  1582  1667  8237  8326  8223  8334 0.80 -
Dato13725-RA         -            534 608at7147            -           2154   1.9e-16   58.4   3.4   1   3   4.8e-10   2.7e-07   28.0   0.9   771   922    52   201    27   212 0.73 -
Dato13725-RA         -            534 608at7147            -           2154   1.9e-16   58.4   3.4   2   3   0.00011      0.06   10.2   0.0   864   912   245   293   220   300 0.90 -
Dato13725-RA         -            534 608at7147            -           2154   1.9e-16   58.4   3.4   3   3   2.6e-07   0.00015   18.9   0.0   861   925   314   381   304   399 0.88 -
Dato13689-RA         -            384 608at7147            -           2154   2.4e-10   38.1   0.6   1   3     0.016       8.8    3.0   0.0   863   917    59   114    50   125 0.81 -
Dato13689-RA         -            384 608at7147            -           2154   2.4e-10   38.1   0.6   2   3   2.1e-07   0.00012   19.2   0.0   833   924   154   247   112   271 0.72 -
Dato13689-RA         -            384 608at7147            -           2154   2.4e-10   38.1   0.6   3   3   1.9e-05     0.011   12.7   0.4   836   913   290   377   273   381 0.64 -
Dato05535-RA         -            149 608at7147            -           2154   2.5e-08   31.4   1.9   1   2   3.6e-09     2e-06   25.1   0.1  2017  2113     5    93     2   106 0.89 -
Dato05535-RA         -            149 608at7147            -           2154   2.5e-08   31.4   1.9   2   2   2.6e-05     0.014   12.3   0.1  2020  2095    81   149    80   149 0.93 -
Dato01444-RA         -            456 608at7147            -           2154   3.1e-08   31.1   0.0   1   1     1e-10   5.9e-08   30.2   0.0   854   913   390   449   382   453 0.93 -
Dato13869-RA         -            164 608at7147            -           2154   1.3e-07   29.1   0.0   1   1   2.7e-10   1.5e-07   28.8   0.0   856   913   103   160    74   163 0.84 -
Dato04860-RA         -            852 608at7147            -           2154   2.6e-06   24.7   0.0   1   2   2.3e-06    0.0013   15.7   0.0   859   918   598   657   591   678 0.84 -
Dato04860-RA         -            852 608at7147            -           2154   2.6e-06   24.7   0.0   2   2   0.00093      0.52    7.1   0.0   869   915   675   721   661   763 0.83 -
Dato14822-RA         -            147 608at7147            -           2154   5.2e-05   20.4   0.1   1   2   0.00021      0.12    9.3   0.0  2017  2055     4    42     1    55 0.92 -
Dato14822-RA         -            147 608at7147            -           2154   5.2e-05   20.4   0.1   2   2   0.00016     0.092    9.6   0.0  2017  2089    77   141    60   147 0.74 -
Dato02573-RA         -            555 608at7147            -           2154   5.6e-05   20.3   0.0   1   1   1.6e-07     9e-05   19.6   0.0   863   917   499   553   493   555 0.94 -
Dato15542-RA         -           1114 608at7147            -           2154   6.6e-05   20.1  29.4   1   5      0.56   3.2e+02   -2.1   7.7   888  1010   472   596   465   611 0.74 -
Dato15542-RA         -           1114 608at7147            -           2154   6.6e-05   20.1  29.4   2   5    0.0046       2.6    4.8   0.0   864   921   694   753   680   783 0.82 -
Dato15542-RA         -           1114 608at7147            -           2154   6.6e-05   20.1  29.4   3   5   0.00054       0.3    7.9   0.0   861   925   806   869   789   877 0.86 -
Dato15542-RA         -           1114 608at7147            -           2154   6.6e-05   20.1  29.4   4   5     0.051        29    1.4   0.0   864   920   964  1025   947  1035 0.77 -
Dato15542-RA         -           1114 608at7147            -           2154   6.6e-05   20.1  29.4   5   5   5.6e-07   0.00031   17.8   0.0   862   912  1046  1096  1033  1107 0.93 -
Dato01091-RA         -            331 608at7147            -           2154   7.1e-05   19.9   0.0   1   3   0.00062      0.35    7.7   0.0   860   920    14    76     6    96 0.82 -
Dato01091-RA         -            331 608at7147            -           2154   7.1e-05   19.9   0.0   2   3      0.57   3.2e+02   -2.1   0.0   879   918    96   135    84   142 0.78 -
Dato01091-RA         -            331 608at7147            -           2154   7.1e-05   19.9   0.0   3   3   0.00018       0.1    9.5   0.0   855   915   219   281   183   286 0.75 -
Dato13668-RA         -            230 608at7147            -           2154   8.2e-05   19.7   0.0   1   1   1.7e-07   9.4e-05   19.5   0.0   862   918   114   170    96   207 0.90 -
Dato05652-RA         -           1641 608at7147            -           2154   8.6e-05   19.7   0.0   1   1     2e-07   0.00012   19.3   0.0   863   923  1569  1631  1554  1641 0.85 -
Dato15314-RA         -            200 608at7147            -           2154   0.00018   18.6   3.0   1   2   1.4e-05     0.008   13.1   0.3  2022  2111    58   139    33   140 0.79 -
Dato15314-RA         -            200 608at7147            -           2154   0.00018   18.6   3.0   2   2     9e-05     0.051   10.5   0.4  2020  2092   128   194   122   198 0.85 -
Dato05267-RA         -            715 608at7147            -           2154   0.00024   18.2   0.2   1   1   5.7e-07   0.00032   17.8   0.2  1993  2100   580   681   529   691 0.89 -
Dato02634-RA         -            148 608at7147            -           2154    0.0006   16.9   0.6   1   2   1.9e-06    0.0011   16.0   0.3  2018  2113     7    94     2   130 0.83 -
Dato02634-RA         -            148 608at7147            -           2154    0.0006   16.9   0.6   2   2     0.017       9.5    2.9   0.1  2020  2094    82   148    81   148 0.82 -
Dato03148-RA         -            760 608at7147            -           2154    0.0012   15.9   0.0   1   1   3.1e-06    0.0017   15.3   0.0   864   915     8    62     3    90 0.87 -
Dato02633-RA         -            317 608at7147            -           2154    0.0019   15.2   4.3   1   3    0.0046       2.6    4.8   0.2  2024  2099   102   170    89   177 0.81 -
Dato02633-RA         -            317 608at7147            -           2154    0.0019   15.2   4.3   2   3   3.3e-05     0.018   11.9   0.5  2017  2114   173   262   167   300 0.84 -
Dato02633-RA         -            317 608at7147            -           2154    0.0019   15.2   4.3   3   3    0.0023       1.3    5.8   0.3  2015  2094   244   315   241   317 0.87 -
Dato07196-RA         -            189 608at7147            -           2154     0.002   15.2   0.0   1   2    0.0091       5.1    3.8   0.0  2027  2090    27    84    14    90 0.82 -
Dato07196-RA         -            189 608at7147            -           2154     0.002   15.2   0.0   2   2   0.00018       0.1    9.5   0.0  2026  2056    93   123    87   154 0.89 -
Dato14219-RA         -           1730 608at7147            -           2154    0.0022   15.0   0.0   1   1     6e-06    0.0034   14.4   0.0   863   919     7    63     3    70 0.91 -
Dato01558-RA         -            476 608at7147            -           2154    0.0036   14.3   0.1   1   1   9.2e-06    0.0052   13.8   0.1   861   913   421   473   409   475 0.94 -
Dato12712-RA         -            349 608at7147            -           2154    0.0079   13.2   1.0   1   3     0.095        54    0.5   0.0  2019  2094     6    74     2    93 0.83 -
Dato12712-RA         -            349 608at7147            -           2154    0.0079   13.2   1.0   2   3      0.19   1.1e+02   -0.5   0.1  2021  2055    81   115    63   174 0.74 -
Dato12712-RA         -            349 608at7147            -           2154    0.0079   13.2   1.0   3   3   0.00012     0.068   10.1   0.1  2017  2111   178   264   161   303 0.91 -
Dato16462-RA         -           1231 608at7147            -           2154     0.008   13.2   0.1   1   1   2.1e-05     0.012   12.5   0.1   864   918   825   880   815   891 0.89 -
Dato02776-RA         -            178 608at7147            -           2154     0.013   12.4   0.0   1   2       1.3   7.6e+02   -3.4   0.0  2028  2049    17    38     9    42 0.80 -
Dato02776-RA         -            178 608at7147            -           2154     0.013   12.4   0.0   2   2   3.8e-05     0.022   11.7   0.0  2024  2056    80   112    54   128 0.89 -
Dato02622-RA         -            413 608at7147            -           2154     0.071   10.0   0.0   1   1   0.00017     0.096    9.6   0.0  2026  2088    75   137    64   149 0.87 -
Dato01329-RA         -            978 608at7147            -           2154      0.15    8.9   0.0   1   1   0.00039      0.22    8.4   0.0   865   919   555   609   534   620 0.88 -
#
# Program:         hmmsearch
# Version:         3.1b2 (February 2015)
# Pipeline mode:   SEARCH
# Query file:      /home/nmoreyra/Documents/Genomics/03_orthologs_search/00_Phylogenomics_BUSCO-groups/busco4_odb10/busco_downloads/lineages/diptera_odb10/hmms/608at7147.hmm
# Target file:     /home/nmoreyra/Documents/Genomics/03_orthologs_search/00_Phylogenomics_BUSCO-groups/busco4_odb10/../00_proteins/Dato_proteins.fasta
# Option settings: /home/nmoreyra/Software/miniconda3/envs/busco4/bin/hmmsearch --domtblout /home/nmoreyra/Documents/Genomics/03_orthologs_search/00_Phylogenomics_BUSCO-groups/busco4_odb10/Dato_diptera/run_diptera_odb10/hmmer_output/initial_run_results/608at7147.out --cpu 1 /home/nmoreyra/Documents/Genomics/03_orthologs_search/00_Phylogenomics_BUSCO-groups/busco4_odb10/busco_downloads/lineages/diptera_odb10/hmms/608at7147.hmm /home/nmoreyra/Documents/Genomics/03_orthologs_search/00_Phylogenomics_BUSCO-groups/busco4_odb10/../00_proteins/Dato_proteins.fasta 
# Current dir:     /home/nmoreyra/Documents/Genomics/03_orthologs_search/00_Phylogenomics_BUSCO-groups/busco4_odb10
# Date:            Mon Jan 25 13:00:19 2021
# [ok]
