#                                                                            --- full sequence --- -------------- this domain -------------   hmm coord   ali coord   env coord
# target name        accession   tlen query name           accession   qlen   E-value  score  bias   #  of  c-Evalue  i-Evalue  score  bias  from    to  from    to  from    to  acc description of target
#------------------- ---------- ----- -------------------- ---------- ----- --------- ------ ----- --- --- --------- --------- ------ ----- ----- ----- ----- ----- ----- ----- ---- ---------------------
Dato03976-RA         -            231 61334at7147          -            180   6.6e-96  318.8  21.3   1   2   2.4e-81   9.9e-78  259.5  11.3     1   163     1   171     1   177 0.91 -
Dato03976-RA         -            231 61334at7147          -            180   6.6e-96  318.8  21.3   2   2   8.9e-22   3.7e-18   65.4   3.9   124   180   163   219   157   219 0.88 -
Dato06454-RA         -            605 61334at7147          -            180      0.26   10.5   3.1   1   2    0.0058        24    4.2   0.5     7    57    42    93    38    95 0.86 -
Dato06454-RA         -            605 61334at7147          -            180      0.26   10.5   3.1   2   2    0.0014       5.7    6.2   0.1    88   137   531   580   515   586 0.76 -
Dato02807-RA         -            403 61334at7147          -            180      0.37   10.0   1.8   1   1   0.00014      0.57    9.4   1.8   111   167   329   384   324   394 0.82 -
Dato03082-RA         -            339 61334at7147          -            180      0.97    8.7   5.2   1   2    0.0021       8.7    5.6   0.1    66    99   146   179   140   183 0.94 -
Dato03082-RA         -            339 61334at7147          -            180      0.97    8.7   5.2   2   2     0.006        25    4.1   1.4    25   104   200   282   185   287 0.86 -
#
# Program:         hmmsearch
# Version:         3.1b2 (February 2015)
# Pipeline mode:   SEARCH
# Query file:      /home/nmoreyra/Documents/Genomics/03_orthologs_search/00_Phylogenomics_BUSCO-groups/busco4_odb10/busco_downloads/lineages/diptera_odb10/hmms/61334at7147.hmm
# Target file:     /home/nmoreyra/Documents/Genomics/03_orthologs_search/00_Phylogenomics_BUSCO-groups/busco4_odb10/../00_proteins/Dato_proteins.fasta
# Option settings: /home/nmoreyra/Software/miniconda3/envs/busco4/bin/hmmsearch --domtblout /home/nmoreyra/Documents/Genomics/03_orthologs_search/00_Phylogenomics_BUSCO-groups/busco4_odb10/Dato_diptera/run_diptera_odb10/hmmer_output/initial_run_results/61334at7147.out --cpu 1 /home/nmoreyra/Documents/Genomics/03_orthologs_search/00_Phylogenomics_BUSCO-groups/busco4_odb10/busco_downloads/lineages/diptera_odb10/hmms/61334at7147.hmm /home/nmoreyra/Documents/Genomics/03_orthologs_search/00_Phylogenomics_BUSCO-groups/busco4_odb10/../00_proteins/Dato_proteins.fasta 
# Current dir:     /home/nmoreyra/Documents/Genomics/03_orthologs_search/00_Phylogenomics_BUSCO-groups/busco4_odb10
# Date:            Mon Jan 25 12:59:20 2021
# [ok]
