#                                                                            --- full sequence --- -------------- this domain -------------   hmm coord   ali coord   env coord
# target name        accession   tlen query name           accession   qlen   E-value  score  bias   #  of  c-Evalue  i-Evalue  score  bias  from    to  from    to  from    to  acc description of target
#------------------- ---------- ----- -------------------- ---------- ----- --------- ------ ----- --- --- --------- --------- ------ ----- ----- ----- ----- ----- ----- ----- ---- ---------------------
Dato02978-RA         -            262 62531at7147          -            162   1.8e-75  251.9   2.1   1   1     3e-78   8.2e-75  249.8   2.1     2   162    58   243    57   243 0.89 -
Dato00534-RA         -            525 62531at7147          -            162   1.9e-20   73.0   0.0   1   2   8.2e-15   2.2e-11   43.5   0.0     5   150    99   250    95   260 0.83 -
Dato00534-RA         -            525 62531at7147          -            162   1.9e-20   73.0   0.0   2   2   7.6e-10   2.1e-06   27.4   0.0    59   161   412   518   400   519 0.88 -
Dato00648-RA         -            736 62531at7147          -            162      0.03   13.8   1.3   1   2      0.27   7.3e+02   -0.4   0.0    83    98   153   168   150   181 0.78 -
Dato00648-RA         -            736 62531at7147          -            162      0.03   13.8   1.3   2   2   6.8e-05      0.19   11.3   0.5    64   150   641   732   635   736 0.60 -
Dato04373-RA         -            159 62531at7147          -            162      0.04   13.4   0.2   1   1     2e-05     0.054   13.0   0.2    64   119    23    82    11    93 0.80 -
Dato12206-RA         -            900 62531at7147          -            162     0.058   12.9   0.0   1   1   6.5e-05      0.18   11.3   0.0   104   153   627   678   618   685 0.78 -
Dato02242-RA         -            436 62531at7147          -            162     0.062   12.8   0.0   1   1   4.2e-05      0.12   11.9   0.0    65   148   341   429   330   432 0.68 -
#
# Program:         hmmsearch
# Version:         3.1b2 (February 2015)
# Pipeline mode:   SEARCH
# Query file:      /home/nmoreyra/Documents/Genomics/03_orthologs_search/00_Phylogenomics_BUSCO-groups/busco4_odb10/busco_downloads/lineages/diptera_odb10/hmms/62531at7147.hmm
# Target file:     /home/nmoreyra/Documents/Genomics/03_orthologs_search/00_Phylogenomics_BUSCO-groups/busco4_odb10/../00_proteins/Dato_proteins.fasta
# Option settings: /home/nmoreyra/Software/miniconda3/envs/busco4/bin/hmmsearch --domtblout /home/nmoreyra/Documents/Genomics/03_orthologs_search/00_Phylogenomics_BUSCO-groups/busco4_odb10/Dato_diptera/run_diptera_odb10/hmmer_output/initial_run_results/62531at7147.out --cpu 1 /home/nmoreyra/Documents/Genomics/03_orthologs_search/00_Phylogenomics_BUSCO-groups/busco4_odb10/busco_downloads/lineages/diptera_odb10/hmms/62531at7147.hmm /home/nmoreyra/Documents/Genomics/03_orthologs_search/00_Phylogenomics_BUSCO-groups/busco4_odb10/../00_proteins/Dato_proteins.fasta 
# Current dir:     /home/nmoreyra/Documents/Genomics/03_orthologs_search/00_Phylogenomics_BUSCO-groups/busco4_odb10
# Date:            Mon Jan 25 12:59:57 2021
# [ok]
