#                                                                            --- full sequence --- -------------- this domain -------------   hmm coord   ali coord   env coord
# target name        accession   tlen query name           accession   qlen   E-value  score  bias   #  of  c-Evalue  i-Evalue  score  bias  from    to  from    to  from    to  acc description of target
#------------------- ---------- ----- -------------------- ---------- ----- --------- ------ ----- --- --- --------- --------- ------ ----- ----- ----- ----- ----- ----- ----- ---- ---------------------
Dato01041-RA         -            149 63631at7147          -            124     2e-62  208.6   0.1   1   1   2.6e-65   3.6e-62  207.8   0.1     1   124     5   149     5   149 0.92 -
Dato02633-RA         -            317 63631at7147          -            124     9e-17   61.2   0.3   1   2   3.8e-06    0.0052   16.7   0.0    20   107    47   147    43   166 0.74 -
Dato02633-RA         -            317 63631at7147          -            124     9e-17   61.2   0.3   2   2     8e-14   1.1e-10   41.5   0.1     2   109   174   300   173   315 0.82 -
Dato05535-RA         -            149 63631at7147          -            124   5.1e-15   55.5   0.0   1   1   5.6e-18   7.7e-15   54.9   0.0     2   111     6   134     5   147 0.84 -
Dato02634-RA         -            148 63631at7147          -            124   6.5e-09   35.8   0.1   1   1   8.2e-12   1.1e-08   35.0   0.1     2   109     7   133     6   147 0.81 -
Dato15314-RA         -            200 63631at7147          -            124   6.9e-09   35.7   0.3   1   1   8.5e-12   1.2e-08   34.9   0.3     7   111    59   182    53   194 0.76 -
Dato16269-RA         -            399 63631at7147          -            124     3e-07   30.4   0.0   1   1   1.3e-09   1.7e-06   27.9   0.0     5   109   222   353   218   366 0.69 -
Dato17455-RA         -           1037 63631at7147          -            124   2.9e-06   27.2   0.1   1   1   6.7e-09   9.2e-06   25.6   0.1    19   108   291   393   269   398 0.75 -
Dato14822-RA         -            147 63631at7147          -            124   4.4e-06   26.6   0.0   1   1   5.7e-09   7.7e-06   25.8   0.0     2   116     5   144     4   147 0.71 -
Dato07705-RA         -            174 63631at7147          -            124     2e-05   24.5   0.0   1   1   3.2e-08   4.3e-05   23.4   0.0     1   112    28   154    28   165 0.78 -
Dato10798-RA         -            147 63631at7147          -            124   7.4e-05   22.7   1.3   1   2   3.7e-06     0.005   16.7   0.2     3    78     5    90     3    96 0.76 -
Dato10798-RA         -            147 63631at7147          -            124   7.4e-05   22.7   1.3   2   2    0.0019       2.6    8.0   0.2     5    60    80   145    76   147 0.75 -
Dato00524-RA         -            292 63631at7147          -            124    0.0015   18.4   0.0   1   1     2e-06    0.0027   17.6   0.0     1   108   142   265   142   277 0.74 -
Dato08573-RA         -            105 63631at7147          -            124    0.0059   16.5   0.2   1   1     7e-06    0.0095   15.8   0.1    47    88     4    45     1    80 0.83 -
#
# Program:         hmmsearch
# Version:         3.1b2 (February 2015)
# Pipeline mode:   SEARCH
# Query file:      /home/nmoreyra/Documents/Genomics/03_orthologs_search/00_Phylogenomics_BUSCO-groups/busco4_odb10/busco_downloads/lineages/diptera_odb10/hmms/63631at7147.hmm
# Target file:     /home/nmoreyra/Documents/Genomics/03_orthologs_search/00_Phylogenomics_BUSCO-groups/busco4_odb10/../00_proteins/Dato_proteins.fasta
# Option settings: /home/nmoreyra/Software/miniconda3/envs/busco4/bin/hmmsearch --domtblout /home/nmoreyra/Documents/Genomics/03_orthologs_search/00_Phylogenomics_BUSCO-groups/busco4_odb10/Dato_diptera/run_diptera_odb10/hmmer_output/initial_run_results/63631at7147.out --cpu 1 /home/nmoreyra/Documents/Genomics/03_orthologs_search/00_Phylogenomics_BUSCO-groups/busco4_odb10/busco_downloads/lineages/diptera_odb10/hmms/63631at7147.hmm /home/nmoreyra/Documents/Genomics/03_orthologs_search/00_Phylogenomics_BUSCO-groups/busco4_odb10/../00_proteins/Dato_proteins.fasta 
# Current dir:     /home/nmoreyra/Documents/Genomics/03_orthologs_search/00_Phylogenomics_BUSCO-groups/busco4_odb10
# Date:            Mon Jan 25 12:59:10 2021
# [ok]
