#                                                                            --- full sequence --- -------------- this domain -------------   hmm coord   ali coord   env coord
# target name        accession   tlen query name           accession   qlen   E-value  score  bias   #  of  c-Evalue  i-Evalue  score  bias  from    to  from    to  from    to  acc description of target
#------------------- ---------- ----- -------------------- ---------- ----- --------- ------ ----- --- --- --------- --------- ------ ----- ----- ----- ----- ----- ----- ----- ---- ---------------------
Dato15490-RA         -           1237 6383at7147           -            940         0 1637.7  24.7   1   1         0         0 1635.7  24.7     1   940    24  1122    24  1122 0.92 -
Dato14165-RA         -           8956 6383at7147           -            940  7.4e-163  543.7 134.6   1  56      0.03       5.6    4.7   0.0   320   378    22    93     6   103 0.70 -
Dato14165-RA         -           8956 6383at7147           -            940  7.4e-163  543.7 134.6   2  56   4.5e-13   8.6e-11   40.5   0.2   234   380   121   317   111   326 0.72 -
Dato14165-RA         -           8956 6383at7147           -            940  7.4e-163  543.7 134.6   3  56   1.2e-08   2.4e-06   25.8   0.4   279   380   403   527   335   529 0.70 -
Dato14165-RA         -           8956 6383at7147           -            940  7.4e-163  543.7 134.6   4  56   1.3e-12   2.5e-10   38.9   2.8   186   394   484   744   480   815 0.71 -
Dato14165-RA         -           8956 6383at7147           -            940  7.4e-163  543.7 134.6   5  56      0.16        30    2.2   0.0   317   378  1575  1646  1563  1656 0.74 -
Dato14165-RA         -           8956 6383at7147           -            940  7.4e-163  543.7 134.6   6  56     0.047       8.9    4.0   0.1   324   459  1725  1881  1707  1890 0.67 -
Dato14165-RA         -           8956 6383at7147           -            940  7.4e-163  543.7 134.6   7  56     0.049       9.4    3.9   0.2   316   387  1902  1981  1896  1990 0.73 -
Dato14165-RA         -           8956 6383at7147           -            940  7.4e-163  543.7 134.6   8  56   1.8e-05    0.0034   15.3   0.0   455   536  2177  2262  2173  2273 0.81 -
Dato14165-RA         -           8956 6383at7147           -            940  7.4e-163  543.7 134.6   9  56   9.5e-06    0.0018   16.2   0.0   450   536  2275  2363  2269  2380 0.81 -
Dato14165-RA         -           8956 6383at7147           -            940  7.4e-163  543.7 134.6  10  56      0.63   1.2e+02    0.3   0.0   161   237  2385  2469  2377  2495 0.65 -
Dato14165-RA         -           8956 6383at7147           -            940  7.4e-163  543.7 134.6  11  56     0.048       9.2    4.0   0.0   493   538  2514  2562  2484  2575 0.74 -
Dato14165-RA         -           8956 6383at7147           -            940  7.4e-163  543.7 134.6  12  56   1.1e-05    0.0021   16.0   0.0   469   535  2592  2660  2578  2679 0.79 -
Dato14165-RA         -           8956 6383at7147           -            940  7.4e-163  543.7 134.6  13  56      0.87   1.7e+02   -0.2   0.0   327   379  2691  2752  2675  2780 0.74 -
Dato14165-RA         -           8956 6383at7147           -            940  7.4e-163  543.7 134.6  14  56   3.8e-05    0.0073   14.2   0.0   455   524  2878  2949  2873  2978 0.87 -
Dato14165-RA         -           8956 6383at7147           -            940  7.4e-163  543.7 134.6  15  56   1.2e-05    0.0024   15.8   0.1   464   536  3169  3243  3158  3260 0.81 -
Dato14165-RA         -           8956 6383at7147           -            940  7.4e-163  543.7 134.6  16  56       2.6     5e+02   -1.8   0.0   321   377  3267  3331  3248  3340 0.69 -
Dato14165-RA         -           8956 6383at7147           -            940  7.4e-163  543.7 134.6  17  56      0.18        34    2.1   0.0   747   812  3366  3431  3301  3446 0.64 -
Dato14165-RA         -           8956 6383at7147           -            940  7.4e-163  543.7 134.6  18  56   7.2e-05     0.014   13.3   0.0   458   541  3460  3545  3455  3558 0.83 -
Dato14165-RA         -           8956 6383at7147           -            940  7.4e-163  543.7 134.6  19  56       1.4   2.6e+02   -0.8   0.0   253   288  3571  3605  3556  3609 0.83 -
Dato14165-RA         -           8956 6383at7147           -            940  7.4e-163  543.7 134.6  20  56       2.5   4.7e+02   -1.7   0.0   773   814  3688  3729  3637  3745 0.60 -
Dato14165-RA         -           8956 6383at7147           -            940  7.4e-163  543.7 134.6  21  56     4e-08   7.6e-06   24.1   0.4   455   553  3753  3855  3751  3966 0.70 -
Dato14165-RA         -           8956 6383at7147           -            940  7.4e-163  543.7 134.6  22  56   3.8e-05    0.0072   14.2   0.1   464   540  4057  4135  4046  4151 0.79 -
Dato14165-RA         -           8956 6383at7147           -            940  7.4e-163  543.7 134.6  23  56    0.0022      0.42    8.4   0.1   457   541  4344  4434  4340  4475 0.68 -
Dato14165-RA         -           8956 6383at7147           -            940  7.4e-163  543.7 134.6  24  56       2.3   4.4e+02   -1.6   0.0   252   272  4459  4479  4449  4491 0.82 -
Dato14165-RA         -           8956 6383at7147           -            940  7.4e-163  543.7 134.6  25  56      0.16        30    2.2   0.0   470   531  4557  4618  4549  4635 0.72 -
Dato14165-RA         -           8956 6383at7147           -            940  7.4e-163  543.7 134.6  26  56   0.00014     0.026   12.4   0.0   461   540  4647  4728  4639  4739 0.79 -
Dato14165-RA         -           8956 6383at7147           -            940  7.4e-163  543.7 134.6  27  56      0.19        36    2.0   0.0   312   381  4739  4816  4723  4826 0.72 -
Dato14165-RA         -           8956 6383at7147           -            940  7.4e-163  543.7 134.6  28  56      0.27        52    1.5   0.0   507   540  4889  4922  4850  4936 0.73 -
Dato14165-RA         -           8956 6383at7147           -            940  7.4e-163  543.7 134.6  29  56    0.0006      0.11   10.3   0.0   455   534  4936  5016  4931  5035 0.85 -
Dato14165-RA         -           8956 6383at7147           -            940  7.4e-163  543.7 134.6  30  56     0.017       3.2    5.5   0.0   322   378  5043  5107  5021  5120 0.58 -
Dato14165-RA         -           8956 6383at7147           -            940  7.4e-163  543.7 134.6  31  56     0.018       3.3    5.4   0.0   467   547  5143  5223  5129  5230 0.77 -
Dato14165-RA         -           8956 6383at7147           -            940  7.4e-163  543.7 134.6  32  56   0.00031     0.059   11.2   0.0   458   538  5235  5317  5229  5333 0.76 -
Dato14165-RA         -           8956 6383at7147           -            940  7.4e-163  543.7 134.6  33  56       7.1   1.3e+03   -3.2   0.0   174   217  5350  5400  5336  5421 0.52 -
Dato14165-RA         -           8956 6383at7147           -            940  7.4e-163  543.7 134.6  34  56   2.6e-05    0.0049   14.8   0.1   467   549  5440  5520  5425  5527 0.84 -
Dato14165-RA         -           8956 6383at7147           -            940  7.4e-163  543.7 134.6  35  56   0.00022     0.043   11.7   0.0   464   540  5536  5613  5526  5622 0.84 -
Dato14165-RA         -           8956 6383at7147           -            940  7.4e-163  543.7 134.6  36  56     0.025       4.7    4.9   0.1   257   277  5644  5664  5638  5670 0.90 -
Dato14165-RA         -           8956 6383at7147           -            940  7.4e-163  543.7 134.6  37  56     1e-05    0.0019   16.2   0.0   469   541  5736  5808  5722  5817 0.81 -
Dato14165-RA         -           8956 6383at7147           -            940  7.4e-163  543.7 134.6  38  56   3.1e-06   0.00059   17.8   0.1   455   540  5821  5908  5816  5917 0.82 -
Dato14165-RA         -           8956 6383at7147           -            940  7.4e-163  543.7 134.6  39  56      0.76   1.4e+02    0.0   0.0   255   281  5936  5962  5921  5983 0.84 -
Dato14165-RA         -           8956 6383at7147           -            940  7.4e-163  543.7 134.6  40  56      0.82   1.6e+02   -0.1   0.1   551   624  6117  6197  6023  6233 0.53 -
Dato14165-RA         -           8956 6383at7147           -            940  7.4e-163  543.7 134.6  41  56      0.06        11    3.7   0.0   324   380  6231  6295  6224  6308 0.76 -
Dato14165-RA         -           8956 6383at7147           -            940  7.4e-163  543.7 134.6  42  56    0.0017      0.32    8.8   0.3   466   619  6328  6488  6314  6490 0.75 -
Dato14165-RA         -           8956 6383at7147           -            940  7.4e-163  543.7 134.6  43  56     0.034       6.4    4.5   0.1   499   565  6460  6528  6449  6530 0.74 -
Dato14165-RA         -           8956 6383at7147           -            940  7.4e-163  543.7 134.6  44  56   0.00022     0.041   11.7   0.1   467   539  6528  6602  6515  6615 0.81 -
Dato14165-RA         -           8956 6383at7147           -            940  7.4e-163  543.7 134.6  45  56   7.5e-06    0.0014   16.6   2.7   467   805  6723  7074  6709  7078 0.59 -
Dato14165-RA         -           8956 6383at7147           -            940  7.4e-163  543.7 134.6  46  56   2.5e-05    0.0047   14.9   1.7   467   809  6823  7179  6811  7182 0.74 -
Dato14165-RA         -           8956 6383at7147           -            940  7.4e-163  543.7 134.6  47  56    0.0085       1.6    6.5   0.0   713   811  7184  7282  7181  7290 0.88 -
Dato14165-RA         -           8956 6383at7147           -            940  7.4e-163  543.7 134.6  48  56     4e-08   7.6e-06   24.1   0.0   251   318  7321  7404  7309  7484 0.48 -
Dato14165-RA         -           8956 6383at7147           -            940  7.4e-163  543.7 134.6  49  56      0.42        79    0.9   0.0   476   530  7524  7579  7513  7596 0.86 -
Dato14165-RA         -           8956 6383at7147           -            940  7.4e-163  543.7 134.6  50  56     0.091        17    3.0   0.0   470   536  7618  7686  7608  7698 0.77 -
Dato14165-RA         -           8956 6383at7147           -            940  7.4e-163  543.7 134.6  51  56   2.5e-08   4.8e-06   24.8   0.0   313   380  7703  7778  7693  7788 0.83 -
Dato14165-RA         -           8956 6383at7147           -            940  7.4e-163  543.7 134.6  52  56   1.2e-05    0.0022   15.9   0.0   308   384  7793  7878  7787  7884 0.84 -
Dato14165-RA         -           8956 6383at7147           -            940  7.4e-163  543.7 134.6  53  56     0.034       6.5    4.4   0.0   491   545  7930  7985  7907  7996 0.78 -
Dato14165-RA         -           8956 6383at7147           -            940  7.4e-163  543.7 134.6  54  56    0.0094       1.8    6.3   0.0   319   381  8373  8443  8347  8459 0.75 -
Dato14165-RA         -           8956 6383at7147           -            940  7.4e-163  543.7 134.6  55  56   0.00017     0.033   12.1   0.0   323   380  8502  8566  8489  8587 0.71 -
Dato14165-RA         -           8956 6383at7147           -            940  7.4e-163  543.7 134.6  56  56   3.5e-06   0.00068   17.6   0.1   166   288  8780  8917  8775  8930 0.72 -
Dato04168-RA         -          19833 6383at7147           -            940  8.7e-127  424.4  72.5   1  41   0.00019     0.036   11.9   0.0   283   381    62   170    40   176 0.73 -
Dato04168-RA         -          19833 6383at7147           -            940  8.7e-127  424.4  72.5   2  41     0.007       1.3    6.7   0.0   308   379   251   334   249   349 0.78 -
Dato04168-RA         -          19833 6383at7147           -            940  8.7e-127  424.4  72.5   3  41   5.4e-09     1e-06   27.0   0.0   240   380   379   551   364   565 0.72 -
Dato04168-RA         -          19833 6383at7147           -            940  8.7e-127  424.4  72.5   4  41      0.81   1.5e+02   -0.1   0.0   181   235   651   712   620   725 0.71 -
Dato04168-RA         -          19833 6383at7147           -            940  8.7e-127  424.4  72.5   5  41     0.031       5.9    4.6   0.0   178   239   782   850   766   866 0.80 -
Dato04168-RA         -          19833 6383at7147           -            940  8.7e-127  424.4  72.5   6  41    0.0071       1.3    6.7   0.0   355   393   948   986   916   995 0.68 -
Dato04168-RA         -          19833 6383at7147           -            940  8.7e-127  424.4  72.5   7  41      0.25        48    1.6   0.0   352   380  1079  1107  1038  1129 0.59 -
Dato04168-RA         -          19833 6383at7147           -            940  8.7e-127  424.4  72.5   8  41   7.5e-05     0.014   13.3   0.0   312   381  1163  1242  1155  1264 0.77 -
Dato04168-RA         -          19833 6383at7147           -            940  8.7e-127  424.4  72.5   9  41     0.002      0.37    8.6   0.0   313   382  1296  1375  1285  1394 0.78 -
Dato04168-RA         -          19833 6383at7147           -            940  8.7e-127  424.4  72.5  10  41      0.13        24    2.6   0.0   229   283  1417  1477  1402  1525 0.66 -
Dato04168-RA         -          19833 6383at7147           -            940  8.7e-127  424.4  72.5  11  41     0.021       4.1    5.1   0.0   392   461  1565  1641  1550  1657 0.66 -
Dato04168-RA         -          19833 6383at7147           -            940  8.7e-127  424.4  72.5  12  41     0.014       2.8    5.7   0.0   229   288  1684  1748  1671  1752 0.72 -
Dato04168-RA         -          19833 6383at7147           -            940  8.7e-127  424.4  72.5  13  41   0.00065      0.12   10.1   0.0   321   405  1704  1803  1693  1828 0.70 -
Dato04168-RA         -          19833 6383at7147           -            940  8.7e-127  424.4  72.5  14  41    0.0001      0.02   12.8   0.0   247   315  1839  1924  1814  1931 0.66 -
Dato04168-RA         -          19833 6383at7147           -            940  8.7e-127  424.4  72.5  15  41      0.21        39    1.9   0.0   176   227  1986  2044  1972  2060 0.65 -
Dato04168-RA         -          19833 6383at7147           -            940  8.7e-127  424.4  72.5  16  41     0.036       6.8    4.4   0.0   324   381  2106  2173  2095  2201 0.63 -
Dato04168-RA         -          19833 6383at7147           -            940  8.7e-127  424.4  72.5  17  41      0.65   1.2e+02    0.2   0.0   249   313  2239  2320  2221  2329 0.58 -
Dato04168-RA         -          19833 6383at7147           -            940  8.7e-127  424.4  72.5  18  41      0.13        25    2.5   0.0   173   231  2382  2448  2362  2467 0.63 -
Dato04168-RA         -          19833 6383at7147           -            940  8.7e-127  424.4  72.5  19  41       3.2   6.1e+02   -2.1   0.0     9    39  2546  2576  2515  2588 0.64 -
Dato04168-RA         -          19833 6383at7147           -            940  8.7e-127  424.4  72.5  20  41       0.3        56    1.4   0.0   180   227  2655  2709  2635  2723 0.60 -
Dato04168-RA         -          19833 6383at7147           -            940  8.7e-127  424.4  72.5  21  41       2.1   4.1e+02   -1.5   0.1   245   287  2766  2810  2753  2837 0.61 -
Dato04168-RA         -          19833 6383at7147           -            940  8.7e-127  424.4  72.5  22  41   0.00012     0.023   12.6   0.0   182   285  3064  3185  3059  3211 0.71 -
Dato04168-RA         -          19833 6383at7147           -            940  8.7e-127  424.4  72.5  23  41         4   7.6e+02   -2.4   0.0   357   380  3190  3213  3187  3219 0.79 -
Dato04168-RA         -          19833 6383at7147           -            940  8.7e-127  424.4  72.5  24  41       2.7   5.1e+02   -1.8   0.0    14    36  3429  3451  3424  3458 0.76 -
Dato04168-RA         -          19833 6383at7147           -            940  8.7e-127  424.4  72.5  25  41      0.18        34    2.1   0.0   251   379  3522  3585  3502  3623 0.52 -
Dato04168-RA         -          19833 6383at7147           -            940  8.7e-127  424.4  72.5  26  41    0.0097       1.8    6.3   0.0   323   385  3657  3729  3639  3744 0.75 -
Dato04168-RA         -          19833 6383at7147           -            940  8.7e-127  424.4  72.5  27  41    0.0061       1.2    6.9   0.0   316   380  3784  3858  3775  3871 0.74 -
Dato04168-RA         -          19833 6383at7147           -            940  8.7e-127  424.4  72.5  28  41      0.18        34    2.1   0.0   243   283  3930  3972  3918  4018 0.69 -
Dato04168-RA         -          19833 6383at7147           -            940  8.7e-127  424.4  72.5  29  41    0.0015      0.29    8.9   0.0   315   389  4063  4145  4057  4157 0.78 -
Dato04168-RA         -          19833 6383at7147           -            940  8.7e-127  424.4  72.5  30  41   3.4e-07   6.5e-05   21.0   0.0   282   381  4484  4608  4356  4711 0.59 -
Dato04168-RA         -          19833 6383at7147           -            940  8.7e-127  424.4  72.5  31  41   1.3e-05    0.0025   15.8   0.0   317   379  6330  6400  6314  6421 0.76 -
Dato04168-RA         -          19833 6383at7147           -            940  8.7e-127  424.4  72.5  32  41   3.7e-05     0.007   14.3   0.0   313   380  6427  6504  6418  6516 0.75 -
Dato04168-RA         -          19833 6383at7147           -            940  8.7e-127  424.4  72.5  33  41   1.3e-09   2.5e-07   29.0   0.1    64   380  6546  6900  6543  6905 0.66 -
Dato04168-RA         -          19833 6383at7147           -            940  8.7e-127  424.4  72.5  34  41     0.069        13    3.5   0.0   325   381  6958  7022  6938  7059 0.60 -
Dato04168-RA         -          19833 6383at7147           -            940  8.7e-127  424.4  72.5  35  41   1.2e-05    0.0022   15.9   0.0   318   379 18226 18296 18217 18309 0.76 -
Dato04168-RA         -          19833 6383at7147           -            940  8.7e-127  424.4  72.5  36  41    0.0013      0.24    9.2   0.0   215   282 18318 18389 18303 18403 0.75 -
Dato04168-RA         -          19833 6383at7147           -            940  8.7e-127  424.4  72.5  37  41   3.8e-15   7.3e-13   47.3   1.0   149   457 18448 18799 18417 18817 0.70 -
Dato04168-RA         -          19833 6383at7147           -            940  8.7e-127  424.4  72.5  38  41   1.4e-10   2.7e-08   32.2   0.0   181   379 18842 19073 18833 19089 0.71 -
Dato04168-RA         -          19833 6383at7147           -            940  8.7e-127  424.4  72.5  39  41   3.9e-06   0.00074   17.5   0.1   469   547 19109 19187 19098 19193 0.86 -
Dato04168-RA         -          19833 6383at7147           -            940  8.7e-127  424.4  72.5  40  41   1.8e-06   0.00034   18.6   1.0   164   378 19202 19359 19192 19389 0.43 -
Dato04168-RA         -          19833 6383at7147           -            940  8.7e-127  424.4  72.5  41  41   2.3e-10   4.5e-08   31.5   1.2   506   810 19435 19758 19392 19770 0.74 -
Dato05928-RA         -           6423 6383at7147           -            940  1.4e-124  417.0  63.4   1  20    0.0041      0.78    7.5   0.0   236   271    69   109    65   126 0.74 -
Dato05928-RA         -           6423 6383at7147           -            940  1.4e-124  417.0  63.4   2  20    0.0045      0.86    7.4   0.1   325   408    87   185    78   195 0.62 -
Dato05928-RA         -           6423 6383at7147           -            940  1.4e-124  417.0  63.4   3  20       3.4   6.5e+02   -2.2   0.0   346   381   767   804   763   812 0.81 -
Dato05928-RA         -           6423 6383at7147           -            940  1.4e-124  417.0  63.4   4  20    0.0009      0.17    9.7   0.0   326   382  2065  2131  2044  2147 0.75 -
Dato05928-RA         -           6423 6383at7147           -            940  1.4e-124  417.0  63.4   5  20   1.8e-17   3.4e-15   55.0   0.7   168   433  2160  2468  2152  2481 0.68 -
Dato05928-RA         -           6423 6383at7147           -            940  1.4e-124  417.0  63.4   6  20   1.3e-05    0.0024   15.8   0.9   284   453  2492  2686  2483  2687 0.68 -
Dato05928-RA         -           6423 6383at7147           -            940  1.4e-124  417.0  63.4   7  20   1.8e-08   3.4e-06   25.2   0.6   169   458  2630  2981  2622  2996 0.61 -
Dato05928-RA         -           6423 6383at7147           -            940  1.4e-124  417.0  63.4   8  20     0.029       5.6    4.7   0.0   283   380  3065  3177  3049  3193 0.71 -
Dato05928-RA         -           6423 6383at7147           -            940  1.4e-124  417.0  63.4   9  20   2.7e-06   0.00051   18.1   0.0   190   456  3242  3559  3224  3574 0.66 -
Dato05928-RA         -           6423 6383at7147           -            940  1.4e-124  417.0  63.4  10  20    0.0023      0.44    8.3   0.0   283   379  3647  3762  3641  3777 0.76 -
Dato05928-RA         -           6423 6383at7147           -            940  1.4e-124  417.0  63.4  11  20   7.5e-13   1.4e-10   39.7   0.4   163   469  3790  4160  3784  4164 0.69 -
Dato05928-RA         -           6423 6383at7147           -            940  1.4e-124  417.0  63.4  12  20     0.011         2    6.1   0.0   282   377  4132  4241  4111  4250 0.56 -
Dato05928-RA         -           6423 6383at7147           -            940  1.4e-124  417.0  63.4  13  20   0.00061      0.12   10.2   0.1   281   376  4340  4449  4314  4493 0.71 -
Dato05928-RA         -           6423 6383at7147           -            940  1.4e-124  417.0  63.4  14  20   2.7e-08   5.1e-06   24.7   0.1   282   458  4523  4729  4500  4745 0.72 -
Dato05928-RA         -           6423 6383at7147           -            940  1.4e-124  417.0  63.4  15  20    0.0012      0.22    9.3   0.0   283   416  4716  4874  4712  4879 0.64 -
Dato05928-RA         -           6423 6383at7147           -            940  1.4e-124  417.0  63.4  16  20   1.1e-05    0.0021   16.0   1.0   282   428  4907  5074  4886  5089 0.70 -
Dato05928-RA         -           6423 6383at7147           -            940  1.4e-124  417.0  63.4  17  20     6e-05     0.011   13.6   0.0   281   379  5100  5212  5087  5221 0.74 -
Dato05928-RA         -           6423 6383at7147           -            940  1.4e-124  417.0  63.4  18  20     7e-05     0.013   13.4   0.0   281   378  5291  5399  5251  5411 0.62 -
Dato05928-RA         -           6423 6383at7147           -            940  1.4e-124  417.0  63.4  19  20   2.9e-47   5.6e-45  153.6  10.2   163   814  5335  6098  5330  6115 0.73 -
Dato05928-RA         -           6423 6383at7147           -            940  1.4e-124  417.0  63.4  20  20   1.6e-08   3.1e-06   25.4   0.0   321   383  6125  6192  6108  6218 0.77 -
Dato03182-RA         -           1935 6383at7147           -            940   7.7e-77  259.1  26.6   1  10    0.0068       1.3    6.8   0.1   345   384   177   218    32   226 0.83 -
Dato03182-RA         -           1935 6383at7147           -            940   7.7e-77  259.1  26.6   2  10   2.7e-11   5.1e-09   34.6   0.0   158   283   246   381   233   385 0.80 -
Dato03182-RA         -           1935 6383at7147           -            940   7.7e-77  259.1  26.6   3  10     3e-17   5.7e-15   54.3   0.1   204   377   390   595   383   620 0.80 -
Dato03182-RA         -           1935 6383at7147           -            940   7.7e-77  259.1  26.6   4  10   3.2e-14   6.1e-12   44.3   0.1   163   401   626   920   606   928 0.68 -
Dato03182-RA         -           1935 6383at7147           -            940   7.7e-77  259.1  26.6   5  10     8e-07   0.00015   19.8   0.0   727   816   905   993   899  1014 0.83 -
Dato03182-RA         -           1935 6383at7147           -            940   7.7e-77  259.1  26.6   6  10   4.5e-07   8.6e-05   20.6   0.1   474   590   933  1051   925  1060 0.81 -
Dato03182-RA         -           1935 6383at7147           -            940   7.7e-77  259.1  26.6   7  10   1.5e-13   2.8e-11   42.1   0.1   699   812  1086  1201  1075  1207 0.87 -
Dato03182-RA         -           1935 6383at7147           -            940   7.7e-77  259.1  26.6   8  10   1.3e-09   2.4e-07   29.1   0.0   722   813  1209  1301  1203  1307 0.86 -
Dato03182-RA         -           1935 6383at7147           -            940   7.7e-77  259.1  26.6   9  10     2e-07   3.8e-05   21.8   0.1   321   385  1329  1398  1312  1417 0.78 -
Dato03182-RA         -           1935 6383at7147           -            940   7.7e-77  259.1  26.6  10  10    0.0019      0.37    8.6   0.8   474   626  1431  1588  1423  1591 0.67 -
Dato06226-RA         -           2026 6383at7147           -            940   3.1e-75  253.7   0.3   1   9   2.6e-05     0.005   14.8   0.0   242   390    42   204    30   211 0.65 -
Dato06226-RA         -           2026 6383at7147           -            940   3.1e-75  253.7   0.3   2   9    0.0004     0.076   10.8   0.0   323   405   230   328   210   333 0.66 -
Dato06226-RA         -           2026 6383at7147           -            940   3.1e-75  253.7   0.3   3   9   6.1e-18   1.2e-15   56.6   0.0   174   380   334   575   320   587 0.76 -
Dato06226-RA         -           2026 6383at7147           -            940   3.1e-75  253.7   0.3   4   9   5.2e-09   9.9e-07   27.0   0.0   163   267   603   719   595   733 0.81 -
Dato06226-RA         -           2026 6383at7147           -            940   3.1e-75  253.7   0.3   5   9   3.6e-06   0.00069   17.6   0.0   206   288   752   841   742   903 0.67 -
Dato06226-RA         -           2026 6383at7147           -            940   3.1e-75  253.7   0.3   6   9   1.8e-25   3.4e-23   81.5   0.0   466   814   905  1278   898  1294 0.76 -
Dato06226-RA         -           2026 6383at7147           -            940   3.1e-75  253.7   0.3   7   9   9.2e-05     0.017   13.0   0.0   323   380  1307  1369  1303  1392 0.73 -
Dato06226-RA         -           2026 6383at7147           -            940   3.1e-75  253.7   0.3   8   9   0.00013     0.025   12.5   0.0   730   810  1382  1459  1377  1471 0.82 -
Dato06226-RA         -           2026 6383at7147           -            940   3.1e-75  253.7   0.3   9   9       6.1   1.2e+03   -3.0   0.0   472   529  1500  1562  1497  1576 0.70 -
Dato15627-RA         -           1683 6383at7147           -            940   4.7e-73  246.5  16.2   1   6      0.11        21    2.8   0.0   325   376    29    89    11   106 0.71 -
Dato15627-RA         -           1683 6383at7147           -            940   4.7e-73  246.5  16.2   2   6   6.5e-30   1.2e-27   96.2   0.6   510   811   182   511   129   520 0.79 -
Dato15627-RA         -           1683 6383at7147           -            940   4.7e-73  246.5  16.2   3   6   2.9e-21   5.4e-19   67.6   1.2   472   812   552   917   535   932 0.73 -
Dato15627-RA         -           1683 6383at7147           -            940   4.7e-73  246.5  16.2   4   6   1.3e-21   2.6e-19   68.7   0.2   472   806   959  1325   939  1334 0.81 -
Dato15627-RA         -           1683 6383at7147           -            940   4.7e-73  246.5  16.2   5   6   9.6e-06    0.0018   16.2   0.0   473   541  1370  1443  1352  1448 0.76 -
Dato15627-RA         -           1683 6383at7147           -            940   4.7e-73  246.5  16.2   6   6       1.9   3.6e+02   -1.3   0.0   883   915  1459  1491  1452  1498 0.84 -
Dato01064-RA         -           1422 6383at7147           -            940   4.7e-72  243.2  10.8   1   2     4e-37   7.7e-35  120.0   0.4     8   463   458   965   454   984 0.78 -
Dato01064-RA         -           1422 6383at7147           -            940   4.7e-72  243.2  10.8   2   2   4.8e-39   9.2e-37  126.4   4.7   505   817  1042  1379   996  1401 0.80 -
Dato05704-RA         -           4224 6383at7147           -            940   2.1e-71  241.1  34.3   1  12       1.7   3.3e+02   -1.2   0.1   394   460  1056  1129  1049  1151 0.73 -
Dato05704-RA         -           4224 6383at7147           -            940   2.1e-71  241.1  34.3   2  12   9.7e-08   1.8e-05   22.8   0.0   317   460  1162  1320  1150  1330 0.73 -
Dato05704-RA         -           4224 6383at7147           -            940   2.1e-71  241.1  34.3   3  12   1.8e-15   3.4e-13   48.4   2.0   165   378  1360  1614  1323  1614 0.68 -
Dato05704-RA         -           4224 6383at7147           -            940   2.1e-71  241.1  34.3   4  12     4e-10   7.7e-08   30.7   2.2   206   380  1599  1807  1595  1828 0.75 -
Dato05704-RA         -           4224 6383at7147           -            940   2.1e-71  241.1  34.3   5  12      0.11        22    2.7   0.0   251   285  1864  1898  1858  1907 0.85 -
Dato05704-RA         -           4224 6383at7147           -            940   2.1e-71  241.1  34.3   6  12     1e-06   0.00019   19.5   0.2   162   343  1958  2178  1952  2196 0.72 -
Dato05704-RA         -           4224 6383at7147           -            940   2.1e-71  241.1  34.3   7  12   1.2e-16   2.3e-14   52.3   0.0     7   275  2209  2487  2204  2500 0.74 -
Dato05704-RA         -           4224 6383at7147           -            940   2.1e-71  241.1  34.3   8  12   6.3e-15   1.2e-12   46.6   0.1   151   382  2529  2810  2517  2816 0.72 -
Dato05704-RA         -           4224 6383at7147           -            940   2.1e-71  241.1  34.3   9  12      0.86   1.6e+02   -0.2   0.0   507   535  2905  2933  2890  2943 0.87 -
Dato05704-RA         -           4224 6383at7147           -            940   2.1e-71  241.1  34.3  10  12   6.4e-06    0.0012   16.8   0.0   151   282  2982  3126  2976  3141 0.84 -
Dato05704-RA         -           4224 6383at7147           -            940   2.1e-71  241.1  34.3  11  12    0.0072       1.4    6.7   0.1   235   283  3660  3711  3658  3717 0.85 -
Dato05704-RA         -           4224 6383at7147           -            940   2.1e-71  241.1  34.3  12  12    0.0019      0.37    8.6   0.1   469   543  3777  3852  3765  3863 0.78 -
Dato05216-RA         -           4546 6383at7147           -            940   1.2e-62  212.1  33.5   1  18   2.6e-06    0.0005   18.1   0.1   392   463   468   543   454   568 0.84 -
Dato05216-RA         -           4546 6383at7147           -            940   1.2e-62  212.1  33.5   2  18      0.19        36    2.0   0.0   315   381   566   641   551   669 0.71 -
Dato05216-RA         -           4546 6383at7147           -            940   1.2e-62  212.1  33.5   3  18     0.018       3.4    5.4   0.1   155   219   725   795   701   811 0.64 -
Dato05216-RA         -           4546 6383at7147           -            940   1.2e-62  212.1  33.5   4  18   5.3e-06     0.001   17.1   0.3   269   381   771   902   763   914 0.71 -
Dato05216-RA         -           4546 6383at7147           -            940   1.2e-62  212.1  33.5   5  18   5.8e-07   0.00011   20.2   0.1   235   379   967  1147   964  1155 0.66 -
Dato05216-RA         -           4546 6383at7147           -            940   1.2e-62  212.1  33.5   6  18   2.1e-05     0.004   15.1   0.0   153   285  1250  1399  1231  1403 0.75 -
Dato05216-RA         -           4546 6383at7147           -            940   1.2e-62  212.1  33.5   7  18    0.0013      0.24    9.2   0.0   325   390  1363  1437  1361  1440 0.74 -
Dato05216-RA         -           4546 6383at7147           -            940   1.2e-62  212.1  33.5   8  18   2.5e-07   4.7e-05   21.5   0.0   312   380  1610  1688  1587  1704 0.75 -
Dato05216-RA         -           4546 6383at7147           -            940   1.2e-62  212.1  33.5   9  18    0.0045      0.85    7.4   0.1   282   374  1811  1918  1775  1925 0.71 -
Dato05216-RA         -           4546 6383at7147           -            940   1.2e-62  212.1  33.5  10  18   3.7e-13     7e-11   40.8   0.1   239   376  2000  2163  1962  2180 0.75 -
Dato05216-RA         -           4546 6383at7147           -            940   1.2e-62  212.1  33.5  11  18      0.18        35    2.0   0.0     6    36  2250  2280  2207  2331 0.76 -
Dato05216-RA         -           4546 6383at7147           -            940   1.2e-62  212.1  33.5  12  18         5   9.5e+02   -2.7   0.0   356   389  2364  2397  2353  2401 0.79 -
Dato05216-RA         -           4546 6383at7147           -            940   1.2e-62  212.1  33.5  13  18   7.6e-05     0.015   13.2   0.0   164   379  2546  2612  2533  2639 0.54 -
Dato05216-RA         -           4546 6383at7147           -            940   1.2e-62  212.1  33.5  14  18   1.8e-07   3.5e-05   21.9   0.0   244   380  2663  2833  2644  2856 0.64 -
Dato05216-RA         -           4546 6383at7147           -            940   1.2e-62  212.1  33.5  15  18   5.2e-06   0.00099   17.1   0.0   155   383  2876  3109  2868  3129 0.76 -
Dato05216-RA         -           4546 6383at7147           -            940   1.2e-62  212.1  33.5  16  18     0.036       6.8    4.4   0.0   321   378  3199  3264  3183  3288 0.73 -
Dato05216-RA         -           4546 6383at7147           -            940   1.2e-62  212.1  33.5  17  18      0.33        63    1.2   0.0   160   222  3704  3773  3684  3785 0.56 -
Dato05216-RA         -           4546 6383at7147           -            940   1.2e-62  212.1  33.5  18  18     0.096        18    3.0   0.1   493   537  3841  3887  3833  3906 0.74 -
Dato01804-RA         -           2087 6383at7147           -            940   3.7e-58  197.2  11.5   1   9      0.88   1.7e+02   -0.2   0.0   245   268    57    80    41    99 0.68 -
Dato01804-RA         -           2087 6383at7147           -            940   3.7e-58  197.2  11.5   2   9     0.081        15    3.2   0.0    57   118    59   124    55   131 0.83 -
Dato01804-RA         -           2087 6383at7147           -            940   3.7e-58  197.2  11.5   3   9   2.2e-10   4.2e-08   31.6   0.0    19   276   115   390    96   399 0.74 -
Dato01804-RA         -           2087 6383at7147           -            940   3.7e-58  197.2  11.5   4   9     1e-11     2e-09   36.0   0.0   204   379   412   625   404   636 0.73 -
Dato01804-RA         -           2087 6383at7147           -            940   3.7e-58  197.2  11.5   5   9   5.7e-14   1.1e-11   43.4   0.2   165   400   655   935   648   942 0.67 -
Dato01804-RA         -           2087 6383at7147           -            940   3.7e-58  197.2  11.5   6   9     0.024       4.5    5.0   0.0   725   769   919   963   908   969 0.86 -
Dato01804-RA         -           2087 6383at7147           -            940   3.7e-58  197.2  11.5   7   9   2.2e-16   4.2e-14   51.4   0.2   504   812  1006  1328   984  1353 0.77 -
Dato01804-RA         -           2087 6383at7147           -            940   3.7e-58  197.2  11.5   8   9   3.6e-06   0.00069   17.6   0.0   324   381  1360  1422  1342  1431 0.81 -
Dato01804-RA         -           2087 6383at7147           -            940   3.7e-58  197.2  11.5   9   9    0.0003     0.056   11.3   0.4   472   629  1457  1622  1440  1638 0.80 -
Dato15146-RA         -           1790 6383at7147           -            940   4.6e-55  187.0   9.3   1   7   0.00013     0.024   12.5   0.0   164   237     4    78     1   102 0.54 -
Dato15146-RA         -           1790 6383at7147           -            940   4.6e-55  187.0   9.3   2   7   4.6e-06   0.00088   17.3   0.3   478   539   105   166    98   176 0.86 -
Dato15146-RA         -           1790 6383at7147           -            940   4.6e-55  187.0   9.3   3   7   7.4e-10   1.4e-07   29.8   0.1   732   811   183   262   170   262 0.81 -
Dato15146-RA         -           1790 6383at7147           -            940   4.6e-55  187.0   9.3   4   7   4.7e-14   8.9e-12   43.7   0.1   688   812   237   358   228   370 0.90 -
Dato15146-RA         -           1790 6383at7147           -            940   4.6e-55  187.0   9.3   5   7   2.8e-15   5.3e-13   47.8   0.0   636   812   376   560   363   564 0.76 -
Dato15146-RA         -           1790 6383at7147           -            940   4.6e-55  187.0   9.3   6   7   2.4e-05    0.0046   14.9   0.0   713   815   559   661   558   662 0.79 -
Dato15146-RA         -           1790 6383at7147           -            940   4.6e-55  187.0   9.3   7   7   4.1e-12   7.8e-10   37.3   0.1   597   820   634   859   629   875 0.86 -
Dato16188-RA         -           1780 6383at7147           -            940   1.7e-50  171.9   6.5   1   6   6.6e-05     0.013   13.4   0.1   323   405    42   135     2   155 0.74 -
Dato16188-RA         -           1780 6383at7147           -            940   1.7e-50  171.9   6.5   2   6   6.3e-05     0.012   13.5   0.1   189   277   261   353   254   362 0.78 -
Dato16188-RA         -           1780 6383at7147           -            940   1.7e-50  171.9   6.5   3   6   1.2e-12   2.2e-10   39.1   0.0   284   456   399   612   390   633 0.70 -
Dato16188-RA         -           1780 6383at7147           -            940   1.7e-50  171.9   6.5   4   6   4.4e-26   8.3e-24   83.5   0.0   471   811   663  1030   658  1038 0.80 -
Dato16188-RA         -           1780 6383at7147           -            940   1.7e-50  171.9   6.5   5   6    0.0003     0.057   11.3   0.0   318   385  1056  1129  1042  1148 0.76 -
Dato16188-RA         -           1780 6383at7147           -            940   1.7e-50  171.9   6.5   6   6     0.023       4.4    5.0   0.2   472   620  1255  1313  1162  1326 0.49 -
Dato05038-RA         -           1404 6383at7147           -            940   3.7e-44  150.9  10.3   1   6     9e-10   1.7e-07   29.5   0.3   250   406    79   256    60   257 0.69 -
Dato05038-RA         -           1404 6383at7147           -            940   3.7e-44  150.9  10.3   2   6   2.1e-18   3.9e-16   58.1   0.0   192   375   186   402   171   414 0.74 -
Dato05038-RA         -           1404 6383at7147           -            940   3.7e-44  150.9  10.3   3   6   1.5e-24   2.8e-22   78.5   0.0   161   379   246   501   240   516 0.76 -
Dato05038-RA         -           1404 6383at7147           -            940   3.7e-44  150.9  10.3   4   6   0.00031     0.059   11.2   0.0   474   541   558   627   538   669 0.79 -
Dato05038-RA         -           1404 6383at7147           -            940   3.7e-44  150.9  10.3   5   6    0.0087       1.7    6.4   0.0   730   832   648   752   629   757 0.78 -
Dato05038-RA         -           1404 6383at7147           -            940   3.7e-44  150.9  10.3   6   6     6e-05     0.011   13.6   0.1   709   812   727   832   722   844 0.76 -
Dato05242-RA         -           1634 6383at7147           -            940   3.9e-41  140.9  12.1   1   6     0.013       2.4    5.9   0.0   351   400   213   262   127   265 0.84 -
Dato05242-RA         -           1634 6383at7147           -            940   3.9e-41  140.9  12.1   2   6   2.9e-19   5.6e-17   60.9   0.0   208   379   227   435   226   447 0.71 -
Dato05242-RA         -           1634 6383at7147           -            940   3.9e-41  140.9  12.1   3   6   7.9e-07   0.00015   19.8   0.0   727   813   622   707   617   716 0.91 -
Dato05242-RA         -           1634 6383at7147           -            940   3.9e-41  140.9  12.1   4   6   1.7e-16   3.3e-14   51.8   0.4   512   811   690   999   688  1008 0.72 -
Dato05242-RA         -           1634 6383at7147           -            940   3.9e-41  140.9  12.1   5   6   5.6e-06    0.0011   17.0   1.2   578   814   951  1209   932  1230 0.67 -
Dato05242-RA         -           1634 6383at7147           -            940   3.9e-41  140.9  12.1   6   6       8.4   1.6e+03   -3.4   0.0   249   284  1274  1309  1264  1319 0.73 -
Dato16317-RA         -           3269 6383at7147           -            940     1e-38  132.9   6.8   1   6   0.00018     0.034   12.0   0.0   320   374   975  1032   963  1054 0.86 -
Dato16317-RA         -           3269 6383at7147           -            940     1e-38  132.9   6.8   2   6   0.00088      0.17    9.7   0.0   319   384  1227  1297  1214  1316 0.76 -
Dato16317-RA         -           3269 6383at7147           -            940     1e-38  132.9   6.8   3   6       3.9   7.4e+02   -2.3   0.0   338   376  2435  2475  2401  2482 0.68 -
Dato16317-RA         -           3269 6383at7147           -            940     1e-38  132.9   6.8   4   6   5.1e-09   9.8e-07   27.0   0.0   325   453  2526  2676  2506  2689 0.76 -
Dato16317-RA         -           3269 6383at7147           -            940     1e-38  132.9   6.8   5   6     1e-18   1.9e-16   59.2   0.3   159   379  2717  2963  2714  2976 0.75 -
Dato16317-RA         -           3269 6383at7147           -            940     1e-38  132.9   6.8   6   6   1.1e-06   0.00021   19.3   0.0   282   385  3053  3165  3009  3252 0.47 -
Dato12319-RA         -           1390 6383at7147           -            940     3e-38  131.3   0.3   1   5   1.8e-11   3.3e-09   35.2   0.7   251   379    13   176     6   179 0.72 -
Dato12319-RA         -           1390 6383at7147           -            940     3e-38  131.3   0.3   2   5    0.0052      0.99    7.2   0.0     8    41   151   184   144   191 0.73 -
Dato12319-RA         -           1390 6383at7147           -            940     3e-38  131.3   0.3   3   5   3.2e-22   6.1e-20   70.7   0.0   156   379   197   466   176   470 0.71 -
Dato12319-RA         -           1390 6383at7147           -            940     3e-38  131.3   0.3   4   5      0.12        22    2.7   0.0   475   538   524   589   507   648 0.78 -
Dato12319-RA         -           1390 6383at7147           -            940     3e-38  131.3   0.3   5   5   0.00051     0.098   10.5   0.0   707   822   749   869   733   908 0.77 -
Dato04169-RA         -           2248 6383at7147           -            940   3.1e-29  101.5   4.0   1   5     1e-09   1.9e-07   29.4   0.0   206   378    13   234     9   238 0.66 -
Dato04169-RA         -           2248 6383at7147           -            940   3.1e-29  101.5   4.0   2   5     0.033       6.3    4.5   0.1   173   235   294   364   276   379 0.65 -
Dato04169-RA         -           2248 6383at7147           -            940   3.1e-29  101.5   4.0   3   5   3.4e-05    0.0064   14.4   0.0   323   383   401   468   381   476 0.82 -
Dato04169-RA         -           2248 6383at7147           -            940   3.1e-29  101.5   4.0   4   5   4.5e-09   8.6e-07   27.2   0.0   161   274   615   741   608   780 0.85 -
Dato04169-RA         -           2248 6383at7147           -            940   3.1e-29  101.5   4.0   5   5   1.9e-06   0.00035   18.6   0.0   248   309  1992  2068  1966  2079 0.71 -
Dato12309-RA         -           1284 6383at7147           -            940   1.5e-28   99.3   0.2   1   5   3.6e-06   0.00069   17.6   0.0   327   405    82   177    68   177 0.68 -
Dato12309-RA         -           1284 6383at7147           -            940   1.5e-28   99.3   0.2   2   5   6.9e-14   1.3e-11   43.2   0.0   146   267   151   283   140   289 0.82 -
Dato12309-RA         -           1284 6383at7147           -            940   1.5e-28   99.3   0.2   3   5   1.8e-06   0.00034   18.6   0.0   288   380   326   432   304   448 0.72 -
Dato12309-RA         -           1284 6383at7147           -            940   1.5e-28   99.3   0.2   4   5      0.47        89    0.7   0.0   475   539   489   555   472   571 0.75 -
Dato12309-RA         -           1284 6383at7147           -            940   1.5e-28   99.3   0.2   5   5   2.5e-05    0.0048   14.8   0.0   705   811   656   768   556   779 0.79 -
Dato03656-RA         -           1459 6383at7147           -            940   2.4e-24   85.3   0.0   1   2   9.1e-07   0.00017   19.6   0.0   320   379   192   258   174   269 0.81 -
Dato03656-RA         -           1459 6383at7147           -            940   2.4e-24   85.3   0.0   2   2   5.7e-20   1.1e-17   63.3   0.0   157   453   303   640   283   665 0.70 -
Dato07756-RA         -            877 6383at7147           -            940   5.2e-22   77.6   8.3   1   5     1e-07     2e-05   22.7   0.0   320   382   166   232   123   239 0.78 -
Dato07756-RA         -            877 6383at7147           -            940   5.2e-22   77.6   8.3   2   5   3.1e-12   5.9e-10   37.7   0.2   206   350   213   379   206   406 0.78 -
Dato07756-RA         -            877 6383at7147           -            940   5.2e-22   77.6   8.3   3   5    0.0001      0.02   12.8   0.0   278   379   410   526   401   553 0.72 -
Dato07756-RA         -            877 6383at7147           -            940   5.2e-22   77.6   8.3   4   5     0.024       4.6    4.9   0.1   476   538   569   634   559   651 0.78 -
Dato07756-RA         -            877 6383at7147           -            940   5.2e-22   77.6   8.3   5   5     0.039       7.5    4.3   0.0   471   531   674   743   663   762 0.63 -
Dato12441-RA         -           1200 6383at7147           -            940   1.5e-19   69.5   3.3   1   3   1.2e-13   2.2e-11   42.4   0.2   250   377   152   288   139   298 0.79 -
Dato12441-RA         -           1200 6383at7147           -            940   1.5e-19   69.5   3.3   2   3   2.5e-07   4.7e-05   21.5   0.0   146   272   310   448   298   474 0.72 -
Dato12441-RA         -           1200 6383at7147           -            940   1.5e-19   69.5   3.3   3   3     0.098        19    2.9   0.1   349   377   575   603   485   613 0.55 -
Dato14013-RA         -            926 6383at7147           -            940   1.4e-18   66.2   0.8   1   3     0.091        17    3.0   0.0   321   376    13    75     8    90 0.68 -
Dato14013-RA         -            926 6383at7147           -            940   1.4e-18   66.2   0.8   2   3   3.5e-19   6.7e-17   60.7   0.1   203   378   234   438   210   450 0.69 -
Dato14013-RA         -            926 6383at7147           -            940   1.4e-18   66.2   0.8   3   3       2.3   4.4e+02   -1.6   0.1   878   908   464   496   437   519 0.73 -
Dato12451-RA         -           1737 6383at7147           -            940   2.1e-18   65.7   1.3   1   3   7.2e-11   1.4e-08   33.2   0.1   251   376    31   165    19   175 0.77 -
Dato12451-RA         -           1737 6383at7147           -            940   2.1e-18   65.7   1.3   2   3   1.3e-06   0.00025   19.1   0.0   144   277   186   331   169   356 0.71 -
Dato12451-RA         -           1737 6383at7147           -            940   2.1e-18   65.7   1.3   3   3    0.0011      0.22    9.4   0.0   282   377   369   484   356   494 0.64 -
Dato12624-RA         -           1639 6383at7147           -            940     2e-17   62.4   8.0   1   6     2e-10   3.8e-08   31.7   0.0   163   275   326   447   305   463 0.82 -
Dato12624-RA         -           1639 6383at7147           -            940     2e-17   62.4   8.0   2   6    0.0046      0.88    7.3   0.0   202   233   461   496   449   510 0.72 -
Dato12624-RA         -           1639 6383at7147           -            940     2e-17   62.4   8.0   3   6   2.5e-07   4.7e-05   21.5   0.0   180   287   531   654   518   660 0.72 -
Dato12624-RA         -           1639 6383at7147           -            940     2e-17   62.4   8.0   4   6     0.038       7.2    4.3   0.0     8    34   652   678   649   689 0.84 -
Dato12624-RA         -           1639 6383at7147           -            940     2e-17   62.4   8.0   5   6      0.86   1.6e+02   -0.2   0.1   491   568   734   809   721   833 0.64 -
Dato12624-RA         -           1639 6383at7147           -            940     2e-17   62.4   8.0   6   6       7.3   1.4e+03   -3.3   0.0   741   767   856   882   854   919 0.81 -
Dato05214-RA         -           2044 6383at7147           -            940   3.5e-16   58.3   0.3   1   4      0.59   1.1e+02    0.4   0.0   421   460    50    92    19   107 0.70 -
Dato05214-RA         -           2044 6383at7147           -            940   3.5e-16   58.3   0.3   2   4   5.5e-07   0.00011   20.3   0.1   181   307   125   271   120   394 0.60 -
Dato05214-RA         -           2044 6383at7147           -            940   3.5e-16   58.3   0.3   3   4   9.5e-07   0.00018   19.5   0.0   250   394   411   588   361   591 0.71 -
Dato05214-RA         -           2044 6383at7147           -            940   3.5e-16   58.3   0.3   4   4   0.00068      0.13   10.1   0.0   250   299   607   662   596   696 0.74 -
Dato04479-RA         -           1445 6383at7147           -            940   4.4e-16   58.0   0.0   1   3    0.0063       1.2    6.9   0.0   471   537    65   133    44   141 0.79 -
Dato04479-RA         -           1445 6383at7147           -            940   4.4e-16   58.0   0.0   2   3   8.3e-14   1.6e-11   42.9   0.0   233   381   142   322   137   334 0.77 -
Dato04479-RA         -           1445 6383at7147           -            940   4.4e-16   58.0   0.0   3   3     0.039       7.4    4.3   0.0   475   535   362   422   346   448 0.73 -
Dato14016-RA         -            439 6383at7147           -            940   6.1e-16   57.5   0.0   1   1   4.3e-18   8.2e-16   57.1   0.0   203   375   123   323    66   343 0.68 -
Dato15588-RA         -            254 6383at7147           -            940   1.8e-14   52.6   0.2   1   3   0.00078      0.15    9.9   0.0   342   384    20    63    13    80 0.85 -
Dato15588-RA         -            254 6383at7147           -            940   1.8e-14   52.6   0.2   2   3     1e-11   1.9e-09   36.0   0.0   160   283    81   201    63   207 0.78 -
Dato15588-RA         -            254 6383at7147           -            940   1.8e-14   52.6   0.2   3   3     0.023       4.4    5.0   0.0   347   379   199   235   196   253 0.76 -
Dato05581-RA         -           1049 6383at7147           -            940   1.6e-13   49.5   1.6   1   2   0.00024     0.046   11.6   0.1   166   273    28   148    19   157 0.70 -
Dato05581-RA         -           1049 6383at7147           -            940   1.6e-13   49.5   1.6   2   2   1.2e-11   2.2e-09   35.8   0.2   191   381   264   491   239   502 0.65 -
Dato06032-RA         -           1243 6383at7147           -            940   2.9e-13   48.6   2.6   1   7       1.8   3.4e+02   -1.2   0.0   179   234    72   128    39   213 0.67 -
Dato06032-RA         -           1243 6383at7147           -            940   2.9e-13   48.6   2.6   2   7   0.00016      0.03   12.2   0.0   160   286   250   388   244   421 0.70 -
Dato06032-RA         -           1243 6383at7147           -            940   2.9e-13   48.6   2.6   3   7    0.0019      0.36    8.6   0.0   160   272   447   572   441   580 0.63 -
Dato06032-RA         -           1243 6383at7147           -            940   2.9e-13   48.6   2.6   4   7     7e-06    0.0013   16.7   0.0   275   378   691   805   595   819 0.71 -
Dato06032-RA         -           1243 6383at7147           -            940   2.9e-13   48.6   2.6   5   7      0.38        72    1.0   0.0   249   278   839   868   808   877 0.76 -
Dato06032-RA         -           1243 6383at7147           -            940   2.9e-13   48.6   2.6   6   7      0.27        51    1.5   0.0     9    36   885   912   874   926 0.80 -
Dato06032-RA         -           1243 6383at7147           -            940   2.9e-13   48.6   2.6   7   7      0.26        49    1.5   0.1   713   815   908  1005   895  1024 0.69 -
Dato17042-RA         -            453 6383at7147           -            940     3e-13   48.6   0.0   1   3    0.0014      0.26    9.1   0.0   352   380   153   181   113   199 0.82 -
Dato17042-RA         -            453 6383at7147           -            940     3e-13   48.6   0.0   2   3   7.3e-11   1.4e-08   33.2   0.0   160   276   214   337   201   343 0.82 -
Dato17042-RA         -            453 6383at7147           -            940     3e-13   48.6   0.0   3   3     0.076        14    3.3   0.0   351   379   341   369   334   384 0.81 -
Dato14278-RA         -            464 6383at7147           -            940   2.8e-12   45.4   0.1   1   2   4.7e-09   8.9e-07   27.2   0.0   282   374   117   219    98   233 0.76 -
Dato14278-RA         -            464 6383at7147           -            940   2.8e-12   45.4   0.1   2   2   2.6e-05    0.0049   14.8   0.0   250   285   261   296   251   327 0.85 -
Dato00709-RA         -            338 6383at7147           -            940   6.2e-12   44.2   0.8   1   1   5.6e-14   1.1e-11   43.5   0.8   469   624   153   322    69   334 0.81 -
Dato13848-RA         -           1482 6383at7147           -            940   6.8e-12   44.1   1.1   1   4   3.7e-05    0.0071   14.3   0.0   687   811   392   515   344   546 0.91 -
Dato13848-RA         -           1482 6383at7147           -            940   6.8e-12   44.1   1.1   2   4   3.1e-06    0.0006   17.8   0.1   691   767   885   960   776   968 0.72 -
Dato13848-RA         -           1482 6383at7147           -            940   6.8e-12   44.1   1.1   3   4    0.0041      0.78    7.5   0.0   507   565   976  1031   962  1039 0.84 -
Dato13848-RA         -           1482 6383at7147           -            940   6.8e-12   44.1   1.1   4   4       5.4     1e+03   -2.8   0.0   781   823  1074  1116  1049  1131 0.66 -
Dato16855-RA         -            441 6383at7147           -            940   1.8e-11   42.7   0.1   1   2   1.8e-09   3.4e-07   28.6   0.0   276   377    71   184    58   197 0.74 -
Dato16855-RA         -            441 6383at7147           -            940   1.8e-11   42.7   0.1   2   2   0.00016      0.03   12.2   0.0   317   391   210   298   187   310 0.74 -
Dato14913-RA         -            447 6383at7147           -            940   6.5e-11   40.9   0.2   1   2     0.071        13    3.4   0.1   348   372    96   121    56   133 0.77 -
Dato14913-RA         -            447 6383at7147           -            940   6.5e-11   40.9   0.2   2   2   1.5e-11   2.8e-09   35.5   0.0   319   493   154   332   128   341 0.78 -
Dato00137-RA         -            479 6383at7147           -            940   6.6e-11   40.8   0.1   1   1   9.6e-13   1.8e-10   39.4   0.1   207   382   100   301    70   315 0.70 -
Dato15628-RA         -             90 6383at7147           -            940     1e-10   40.2   0.0   1   1   6.6e-13   1.3e-10   39.9   0.0   316   378     8    76     2    82 0.86 -
Dato04230-RA         -            469 6383at7147           -            940   1.4e-10   39.8   1.4   1   2     2e-07   3.7e-05   21.8   0.4   259   376    97   225    92   231 0.65 -
Dato04230-RA         -            469 6383at7147           -            940   1.4e-10   39.8   1.4   2   2   1.2e-07   2.2e-05   22.5   0.1   280   380   211   327   206   339 0.74 -
Dato17365-RA         -            244 6383at7147           -            940   2.5e-10   39.0   0.1   1   2   6.9e-08   1.3e-05   23.3   0.1   301   377    26   116    14   128 0.77 -
Dato17365-RA         -            244 6383at7147           -            940   2.5e-10   39.0   0.1   2   2   2.2e-06   0.00042   18.3   0.0   283   379   104   216    99   223 0.75 -
Dato17490-RA         -            420 6383at7147           -            940   8.1e-10   37.2   0.6   1   2       1.9   3.7e+02   -1.3   0.0   350   372   111   133   101   146 0.82 -
Dato17490-RA         -            420 6383at7147           -            940   8.1e-10   37.2   0.6   2   2   1.7e-11   3.1e-09   35.3   0.6   246   343   159   270   122   314 0.67 -
Dato05465-RA         -            497 6383at7147           -            940   3.1e-09   35.3   0.0   1   3      0.28        54    1.4   0.0   352   377    88   113    83   130 0.78 -
Dato05465-RA         -            497 6383at7147           -            940   3.1e-09   35.3   0.0   2   3   3.7e-07     7e-05   20.9   0.0   163   275   143   261   137   270 0.78 -
Dato05465-RA         -            497 6383at7147           -            940   3.1e-09   35.3   0.0   3   3    0.0021       0.4    8.5   0.0     9    34   288   313   282   340 0.72 -
Dato02175-RA         -           1054 6383at7147           -            940   4.6e-09   34.7   1.1   1   2       5.3     1e+03   -2.8   0.0   353   377    84   108    76   123 0.76 -
Dato02175-RA         -           1054 6383at7147           -            940   4.6e-09   34.7   1.1   2   2   2.2e-10   4.3e-08   31.5   1.5   163   379   147   411   130   511 0.58 -
Dato01873-RA         -           1306 6383at7147           -            940   2.1e-08   32.5   0.0   1   3   0.00086      0.16    9.7   0.0     7    43   228   265   223   279 0.78 -
Dato01873-RA         -           1306 6383at7147           -            940   2.1e-08   32.5   0.0   2   3   4.9e-06   0.00093   17.2   0.0   308   380   364   444   355   472 0.66 -
Dato01873-RA         -           1306 6383at7147           -            940   2.1e-08   32.5   0.0   3   3      0.42        81    0.8   0.0   744   766   828   850   807   926 0.74 -
Dato07005-RA         -           1213 6383at7147           -            940   2.5e-08   32.3   0.2   1   4      0.62   1.2e+02    0.3   0.0   402   451   154   204   135   212 0.78 -
Dato07005-RA         -           1213 6383at7147           -            940   2.5e-08   32.3   0.2   2   4    0.0035      0.66    7.7   0.0   161   275   248   377   228   389 0.69 -
Dato07005-RA         -           1213 6383at7147           -            940   2.5e-08   32.3   0.2   3   4   0.00014     0.027   12.4   0.1   251   339   475   579   463   587 0.68 -
Dato07005-RA         -           1213 6383at7147           -            940   2.5e-08   32.3   0.2   4   4     0.014       2.7    5.7   0.1   500   636   740   885   731   903 0.68 -
Dato03250-RA         -            271 6383at7147           -            940   8.4e-08   30.6   0.0   1   3      0.22        42    1.8   0.0   246   272    73    99    55   114 0.71 -
Dato03250-RA         -            271 6383at7147           -            940   8.4e-08   30.6   0.0   2   3         5   9.5e+02   -2.7   0.0   435   473   123   161   107   169 0.79 -
Dato03250-RA         -            271 6383at7147           -            940   8.4e-08   30.6   0.0   3   3   9.9e-09   1.9e-06   26.1   0.0   322   379   194   257   178   261 0.86 -
Dato14516-RA         -            358 6383at7147           -            940   1.7e-07   29.6   0.2   1   1   3.3e-09   6.2e-07   27.7   0.2   281   379    47   157    20   260 0.80 -
Dato15750-RA         -            708 6383at7147           -            940   6.9e-07   27.5   0.1   1   2   1.3e-06   0.00025   19.1   0.0   155   274   179   310   172   321 0.73 -
Dato15750-RA         -            708 6383at7147           -            940   6.9e-07   27.5   0.1   2   2    0.0095       1.8    6.3   0.0   434   473   327   366   312   385 0.79 -
Dato03026-RA         -           2199 6383at7147           -            940   7.7e-07   27.4   0.0   1   2   8.7e-07   0.00017   19.7   0.0   690   768   922  1002   912  1019 0.84 -
Dato03026-RA         -           2199 6383at7147           -            940   7.7e-07   27.4   0.0   2   2     0.021         4    5.1   0.0   744   812  1251  1321  1238  1328 0.76 -
Dato12623-RA         -            733 6383at7147           -            940   1.2e-06   26.7   0.1   1   1   5.6e-08   1.1e-05   23.6   0.0   279   464   232   444   226   566 0.79 -
Dato12825-RA         -            186 6383at7147           -            940   1.7e-06   26.2   0.1   1   2   3.2e-07   6.1e-05   21.1   0.0   204   281    19   100     9   112 0.86 -
Dato12825-RA         -            186 6383at7147           -            940   1.7e-06   26.2   0.1   2   2     0.066        13    3.5   0.0   355   379   112   136   103   150 0.74 -
Dato05494-RA         -           1335 6383at7147           -            940   1.7e-06   26.2   0.0   1   1   1.7e-08   3.3e-06   25.3   0.0   282   457   842  1047   823  1062 0.75 -
Dato16316-RA         -            828 6383at7147           -            940   2.5e-06   25.7   0.1   1   1   1.8e-08   3.4e-06   25.2   0.1   278   379   196   303   148   319 0.71 -
Dato00280-RA         -           1085 6383at7147           -            940   5.7e-06   24.5   0.2   1   2       4.2     8e+02   -2.5   0.0   354   373   179   198   167   221 0.82 -
Dato00280-RA         -           1085 6383at7147           -            940   5.7e-06   24.5   0.2   2   2   1.4e-07   2.6e-05   22.3   0.2    55   378   238   601   227   606 0.65 -
Dato00712-RA         -           1224 6383at7147           -            940   7.1e-06   24.2   0.0   1   1   5.4e-08     1e-05   23.6   0.0   728   819     1    96     1   158 0.82 -
Dato10802-RA         -            672 6383at7147           -            940   1.3e-05   23.3   0.0   1   2   7.8e-06    0.0015   16.5   0.0   314   341   315   342   293   354 0.78 -
Dato10802-RA         -            672 6383at7147           -            940   1.3e-05   23.3   0.0   2   2     0.029       5.5    4.7   0.0   354   379   384   409   364   425 0.78 -
Dato12308-RA         -            131 6383at7147           -            940   1.4e-05   23.2   0.0   1   1   1.1e-07   2.2e-05   22.6   0.0   309   380    15   101    10   124 0.75 -
Dato01580-RA         -            414 6383at7147           -            940   1.8e-05   22.9   0.1   1   2   1.9e-05    0.0036   15.2   0.0   179   343    79   279    75   295 0.60 -
Dato01580-RA         -            414 6383at7147           -            940   1.8e-05   22.9   0.1   2   2       0.2        39    1.9   0.0   279   297   330   348   319   364 0.70 -
Dato00191-RA         -            199 6383at7147           -            940   3.2e-05   22.0   0.0   1   1   1.9e-07   3.7e-05   21.8   0.0   321   379    60   121    40   165 0.81 -
Dato05467-RA         -            483 6383at7147           -            940   7.5e-05   20.8   0.0   1   3      0.28        54    1.4   0.0    84   120   116   152    99   214 0.76 -
Dato05467-RA         -            483 6383at7147           -            940   7.5e-05   20.8   0.0   2   3   5.4e-05      0.01   13.7   0.0   155   224   244   324   220   330 0.74 -
Dato05467-RA         -            483 6383at7147           -            940   7.5e-05   20.8   0.0   3   3    0.0022      0.41    8.4   0.0     5    33   294   322   290   342 0.76 -
Dato07440-RA         -            693 6383at7147           -            940     8e-05   20.7   1.0   1   1     6e-07   0.00011   20.2   1.0   509   587   284   367   246   386 0.79 -
Dato05583-RA         -            807 6383at7147           -            940   0.00024   19.1   0.2   1   3       7.3   1.4e+03   -3.3   0.0   390   418    68    96    63   143 0.67 -
Dato05583-RA         -            807 6383at7147           -            940   0.00024   19.1   0.2   2   3       1.6     3e+02   -1.1   0.0   323   375   185   252   175   256 0.48 -
Dato05583-RA         -            807 6383at7147           -            940   0.00024   19.1   0.2   3   3   6.8e-06    0.0013   16.7   0.0   161   282   280   413   272   426 0.71 -
Dato14849-RA         -            345 6383at7147           -            940   0.00039   18.4   0.1   1   1   7.8e-06    0.0015   16.5   0.1   273   377   209   329   192   342 0.64 -
Dato12826-RA         -            189 6383at7147           -            940   0.00041   18.4   0.0   1   1   2.5e-06   0.00048   18.1   0.0   206   270   101   170    36   181 0.75 -
Dato06378-RA         -           2033 6383at7147           -            940   0.00052   18.0   0.5   1   2     0.041       7.8    4.2   0.0   255   350  1086  1197  1066  1296 0.59 -
Dato06378-RA         -           2033 6383at7147           -            940   0.00052   18.0   0.5   2   2    0.0032      0.61    7.9   0.1   279   344  1364  1435  1358  1495 0.74 -
Dato16204-RA         -            573 6383at7147           -            940   0.00058   17.9   0.0   1   1   4.6e-06   0.00088   17.3   0.0   320   379    32    99    13   115 0.67 -
Dato12148-RA         -            652 6383at7147           -            940   0.00079   17.4   0.2   1   1   7.7e-06    0.0015   16.5   0.2   281   376   485   588   465   611 0.73 -
Dato07439-RA         -           1229 6383at7147           -            940   0.00089   17.2   9.2   1   4       3.7     7e+02   -2.3   0.4   389   455    58   123    48   235 0.76 -
Dato07439-RA         -           1229 6383at7147           -            940   0.00089   17.2   9.2   2   4      0.17        32    2.2   0.2   555   659   357   473   287   482 0.65 -
Dato07439-RA         -           1229 6383at7147           -            940   0.00089   17.2   9.2   3   4   1.1e-05    0.0022   16.0   0.1   716   806   633   726   604   731 0.80 -
Dato07439-RA         -           1229 6383at7147           -            940   0.00089   17.2   9.2   4   4     0.085        16    3.1   0.0   714   765   731   781   726   794 0.82 -
Dato07832-RA         -            945 6383at7147           -            940     0.001   17.0   0.4   1   1   0.00019     0.036   11.9   0.4   320   344   285   309   268   390 0.62 -
Dato16420-RA         -            338 6383at7147           -            940    0.0026   15.7   0.1   1   3      0.82   1.6e+02   -0.1   0.0   353   373    77    97    63   114 0.73 -
Dato16420-RA         -            338 6383at7147           -            940    0.0026   15.7   0.1   2   3   0.00013     0.024   12.5   0.0   317   375   137   204   130   209 0.70 -
Dato16420-RA         -            338 6383at7147           -            940    0.0026   15.7   0.1   3   3       2.4   4.6e+02   -1.7   0.0   240   274   230   267   187   280 0.53 -
Dato14546-RA         -            884 6383at7147           -            940    0.0034   15.3   0.0   1   1   2.6e-05     0.005   14.8   0.0   322   374   630   687   625   707 0.83 -
Dato02514-RA         -            320 6383at7147           -            940    0.0044   14.9   0.0   1   2     0.002      0.37    8.6   0.0   206   279   152   229   136   236 0.74 -
Dato02514-RA         -            320 6383at7147           -            940    0.0044   14.9   0.0   2   2     0.041       7.8    4.2   0.0     6    30   247   271   240   287 0.63 -
Dato00190-RA         -            201 6383at7147           -            940    0.0077   14.1   0.0   1   1   5.1e-05    0.0098   13.8   0.0   418   495     6    89     1   134 0.73 -
Dato02553-RA         -            293 6383at7147           -            940    0.0089   13.9   0.0   1   1   0.00011      0.02   12.8   0.0   282   383   122   239   105   260 0.70 -
Dato06510-RA         -            170 6383at7147           -            940     0.011   13.7   0.1   1   1   0.00021     0.039   11.8   0.1   163   189    85   111    30   152 0.69 -
Dato02026-RA         -            509 6383at7147           -            940     0.017   13.0   0.0   1   1   0.00018     0.034   12.0   0.0   148   224   361   440   350   465 0.78 -
Dato15538-RA         -           1223 6383at7147           -            940     0.028   12.3   0.0   1   2      0.34        65    1.1   0.0   240   267   638   666   618   677 0.65 -
Dato15538-RA         -           1223 6383at7147           -            940     0.028   12.3   0.0   2   2     0.002      0.38    8.6   0.0   342   380   718   757   709   762 0.84 -
Dato06735-RA         -            290 6383at7147           -            940     0.054   11.3   0.0   1   3    0.0059       1.1    7.0   0.0   350   376    20    46     8    56 0.78 -
Dato06735-RA         -            290 6383at7147           -            940     0.054   11.3   0.0   2   3       3.1   5.9e+02   -2.0   0.0   320   362    87   134    82   162 0.61 -
Dato06735-RA         -            290 6383at7147           -            940     0.054   11.3   0.0   3   3       0.3        58    1.3   0.0   320   373   207   261   185   273 0.80 -
Dato06509-RA         -            210 6383at7147           -            940     0.054   11.3   0.1   1   2    0.0011      0.22    9.3   0.0   250   276   129   155   118   167 0.71 -
Dato06509-RA         -            210 6383at7147           -            940     0.054   11.3   0.1   2   2         1   1.9e+02   -0.4   0.0   355   377   172   194   156   199 0.69 -
Dato16192-RA         -            152 6383at7147           -            940     0.055   11.3   0.0   1   1   0.00036     0.068   11.0   0.0   275   320     7    52     3    68 0.88 -
Dato06733-RA         -            117 6383at7147           -            940     0.073   10.9   0.0   1   1   0.00039     0.073   10.9   0.0   344   375    61    91    13   112 0.81 -
Dato00568-RA         -            858 6383at7147           -            940     0.077   10.8   0.3   1   1   0.00081      0.15    9.8   0.1   165   236   286   369   272   379 0.69 -
Dato15979-RA         -            326 6383at7147           -            940     0.089   10.6   0.1   1   1    0.0026      0.49    8.2   0.1   282   377   159   273   149   284 0.50 -
Dato16090-RA         -            904 6383at7147           -            940     0.091   10.6   0.1   1   2     0.029       5.6    4.7   0.0   248   276   350   378   338   384 0.85 -
Dato16090-RA         -            904 6383at7147           -            940     0.091   10.6   0.1   2   2     0.058        11    3.7   0.0     7    38   399   430   395   446 0.84 -
Dato14850-RA         -            275 6383at7147           -            940     0.094   10.5   0.0   1   1   0.00066      0.13   10.1   0.0   322   379    28    99    11   115 0.79 -
#
# Program:         hmmsearch
# Version:         3.1b2 (February 2015)
# Pipeline mode:   SEARCH
# Query file:      /home/nmoreyra/Documents/Genomics/03_orthologs_search/00_Phylogenomics_BUSCO-groups/busco4_odb10/busco_downloads/lineages/diptera_odb10/hmms/6383at7147.hmm
# Target file:     /home/nmoreyra/Documents/Genomics/03_orthologs_search/00_Phylogenomics_BUSCO-groups/busco4_odb10/../00_proteins/Dato_proteins.fasta
# Option settings: /home/nmoreyra/Software/miniconda3/envs/busco4/bin/hmmsearch --domtblout /home/nmoreyra/Documents/Genomics/03_orthologs_search/00_Phylogenomics_BUSCO-groups/busco4_odb10/Dato_diptera/run_diptera_odb10/hmmer_output/initial_run_results/6383at7147.out --cpu 1 /home/nmoreyra/Documents/Genomics/03_orthologs_search/00_Phylogenomics_BUSCO-groups/busco4_odb10/busco_downloads/lineages/diptera_odb10/hmms/6383at7147.hmm /home/nmoreyra/Documents/Genomics/03_orthologs_search/00_Phylogenomics_BUSCO-groups/busco4_odb10/../00_proteins/Dato_proteins.fasta 
# Current dir:     /home/nmoreyra/Documents/Genomics/03_orthologs_search/00_Phylogenomics_BUSCO-groups/busco4_odb10
# Date:            Mon Jan 25 12:59:22 2021
# [ok]
