#                                                                            --- full sequence --- -------------- this domain -------------   hmm coord   ali coord   env coord
# target name        accession   tlen query name           accession   qlen   E-value  score  bias   #  of  c-Evalue  i-Evalue  score  bias  from    to  from    to  from    to  acc description of target
#------------------- ---------- ----- -------------------- ---------- ----- --------- ------ ----- --- --- --------- --------- ------ ----- ----- ----- ----- ----- ----- ----- ---- ---------------------
Dato02882-RA         -            450 63868at7147          -            124   4.8e-64  213.6   0.1   1   1   4.2e-67   9.8e-64  212.6   0.1     7   124   324   449   315   449 0.92 -
Dato01881-RA         -            147 63868at7147          -            124   1.1e-05   25.1   0.0   1   1   5.8e-09   1.4e-05   24.8   0.0    35    99    61   126    28   140 0.83 -
Dato09955-RA         -            213 63868at7147          -            124   3.1e-05   23.6   0.0   1   1   2.4e-08   5.7e-05   22.8   0.0    35    99     9    74     5    89 0.89 -
Dato12944-RA         -            254 63868at7147          -            124   7.3e-05   22.4   0.0   1   1   5.2e-08   0.00012   21.7   0.0    47    96   204   251   183   254 0.85 -
Dato13491-RA         -            536 63868at7147          -            124   0.00023   20.8   0.0   1   1     2e-07   0.00047   19.8   0.0    47    94    44    89    24    96 0.86 -
Dato11705-RA         -            415 63868at7147          -            124   0.00064   19.4   0.0   1   1   5.6e-07    0.0013   18.4   0.0    45    94   176   225   161   234 0.88 -
Dato14656-RA         -            203 63868at7147          -            124   0.00087   18.9   0.5   1   2     0.017        39    3.9   0.1    49    78    85   115    77   120 0.79 -
Dato14656-RA         -            203 63868at7147          -            124   0.00087   18.9   0.5   2   2   2.3e-05     0.053   13.2   0.0    37    95   122   182   117   200 0.81 -
#
# Program:         hmmsearch
# Version:         3.1b2 (February 2015)
# Pipeline mode:   SEARCH
# Query file:      /home/nmoreyra/Documents/Genomics/03_orthologs_search/00_Phylogenomics_BUSCO-groups/busco4_odb10/busco_downloads/lineages/diptera_odb10/hmms/63868at7147.hmm
# Target file:     /home/nmoreyra/Documents/Genomics/03_orthologs_search/00_Phylogenomics_BUSCO-groups/busco4_odb10/../00_proteins/Dato_proteins.fasta
# Option settings: /home/nmoreyra/Software/miniconda3/envs/busco4/bin/hmmsearch --domtblout /home/nmoreyra/Documents/Genomics/03_orthologs_search/00_Phylogenomics_BUSCO-groups/busco4_odb10/Dato_diptera/run_diptera_odb10/hmmer_output/initial_run_results/63868at7147.out --cpu 1 /home/nmoreyra/Documents/Genomics/03_orthologs_search/00_Phylogenomics_BUSCO-groups/busco4_odb10/busco_downloads/lineages/diptera_odb10/hmms/63868at7147.hmm /home/nmoreyra/Documents/Genomics/03_orthologs_search/00_Phylogenomics_BUSCO-groups/busco4_odb10/../00_proteins/Dato_proteins.fasta 
# Current dir:     /home/nmoreyra/Documents/Genomics/03_orthologs_search/00_Phylogenomics_BUSCO-groups/busco4_odb10
# Date:            Mon Jan 25 12:59:22 2021
# [ok]
