#                                                                            --- full sequence --- -------------- this domain -------------   hmm coord   ali coord   env coord
# target name        accession   tlen query name           accession   qlen   E-value  score  bias   #  of  c-Evalue  i-Evalue  score  bias  from    to  from    to  from    to  acc description of target
#------------------- ---------- ----- -------------------- ---------- ----- --------- ------ ----- --- --- --------- --------- ------ ----- ----- ----- ----- ----- ----- ----- ---- ---------------------
Dato04212-RA         -            117 64568at7147          -            119   1.8e-40  137.8   0.7   1   1   3.7e-43   2.6e-40  137.3   0.7     1    73    38   116    38   117 0.91 -
Dato11632-RA         -            216 64568at7147          -            119   1.8e-24   86.2   0.2   1   2   7.3e-10   5.2e-07   29.8   0.0     5    76    46   118    42   126 0.86 -
Dato11632-RA         -            216 64568at7147          -            119   1.8e-24   86.2   0.2   2   2   1.5e-17   1.1e-14   54.6   0.0     2    62   152   213   151   216 0.92 -
Dato04211-RA         -             70 64568at7147          -            119   2.7e-20   72.7   5.6   1   1   5.2e-23   3.7e-20   72.3   5.6    78   119     1    42     1    42 0.98 -
Dato08661-RA         -             70 64568at7147          -            119   2.3e-19   69.7   0.2   1   1   3.4e-22   2.4e-19   69.6   0.2     2    64     6    69     5    70 0.92 -
Dato08754-RA         -            120 64568at7147          -            119   2.7e-19   69.5   0.2   1   1   5.4e-22   3.8e-19   69.0   0.2     2    61     5    65     4    73 0.90 -
Dato09303-RA         -             73 64568at7147          -            119   1.5e-16   60.7   0.0   1   1   2.1e-19   1.5e-16   60.6   0.0     2    62     3    64     2    72 0.89 -
Dato06549-RA         -            323 64568at7147          -            119   2.3e-16   60.0   0.2   1   1   5.9e-19   4.2e-16   59.2   0.2     2    79    47   134    46   147 0.81 -
Dato11275-RA         -             68 64568at7147          -            119   4.8e-15   55.8   0.1   1   1   7.2e-18   5.1e-15   55.7   0.1     2    62     3    63     2    67 0.92 -
Dato13470-RA         -            107 64568at7147          -            119     5e-14   52.5   0.7   1   1   9.1e-17   6.4e-14   52.1   0.7     2    62    44   104    43   107 0.91 -
Dato13319-RA         -            581 64568at7147          -            119   1.3e-12   47.9   0.1   1   1   3.3e-15   2.4e-12   47.1   0.1     3    55   373   425   371   433 0.91 -
Dato09282-RA         -            565 64568at7147          -            119   1.1e-07   32.0   0.0   1   1   3.1e-10   2.2e-07   31.1   0.0     3    43     2    42     1    47 0.93 -
Dato04520-RA         -            141 64568at7147          -            119   2.3e-07   31.0   0.6   1   2   1.2e-09   8.6e-07   29.1   0.1     3    34    56    87    54    97 0.91 -
Dato04520-RA         -            141 64568at7147          -            119   2.3e-07   31.0   0.6   2   2       1.2   8.8e+02    0.1   0.0    80   113   103   135    90   141 0.73 -
Dato14231-RA         -            163 64568at7147          -            119   0.00038   20.6  23.7   1   4       0.5   3.6e+02    1.3   0.0   102   117     6    21     2    27 0.62 -
Dato14231-RA         -            163 64568at7147          -            119   0.00038   20.6  23.7   2   4   6.8e-05     0.049   13.8   5.6    74   118    47    88    39    89 0.86 -
Dato14231-RA         -            163 64568at7147          -            119   0.00038   20.6  23.7   3   4   4.3e-05      0.03   14.5   3.1    79   118    72   109    69   110 0.91 -
Dato14231-RA         -            163 64568at7147          -            119   0.00038   20.6  23.7   4   4   0.00041      0.29   11.3   2.3    77   119   120   159   111   159 0.86 -
Dato15551-RA         -            330 64568at7147          -            119     0.094   12.9   2.9   1   2     0.003       2.2    8.5   0.1    95   117   255   277   247   279 0.85 -
Dato15551-RA         -            330 64568at7147          -            119     0.094   12.9   2.9   2   2     0.072        51    4.1   0.4    79   105   285   310   281   320 0.83 -
Dato17270-RA         -            274 64568at7147          -            119      0.15   12.3   4.6   1   2     0.002       1.5    9.0   0.1    95   118   192   215   184   216 0.85 -
Dato17270-RA         -            274 64568at7147          -            119      0.15   12.3   4.6   2   2     0.079        56    3.9   1.1    79   106   222   248   218   264 0.74 -
Dato16618-RA         -            578 64568at7147          -            119      0.15   12.2   3.3   1   3     0.006       4.3    7.5   0.1    95   117   247   269   239   271 0.85 -
Dato16618-RA         -            578 64568at7147          -            119      0.15   12.2   3.3   2   3      0.17   1.2e+02    2.9   1.2    79   106   277   303   273   319 0.74 -
Dato16618-RA         -            578 64568at7147          -            119      0.15   12.2   3.3   3   3         9   6.4e+03   -2.7   0.0    64   100   370   406   363   421 0.78 -
Dato17629-RA         -            266 64568at7147          -            119      0.17   12.1   4.8   1   2     0.002       1.4    9.1   0.1    95   117    55    77    47    79 0.85 -
Dato17629-RA         -            266 64568at7147          -            119      0.17   12.1   4.8   2   2     0.076        54    4.0   1.1    79   106    85   111    81   127 0.74 -
Dato14340-RA         -            356 64568at7147          -            119      0.22   11.7   4.6   1   2    0.0033       2.4    8.4   0.1    95   117   274   296   266   298 0.85 -
Dato14340-RA         -            356 64568at7147          -            119      0.22   11.7   4.6   2   2      0.11        81    3.4   1.1    79   106   304   330   300   346 0.74 -
Dato16644-RA         -            345 64568at7147          -            119      0.23   11.6   6.0   1   2    0.0027       1.9    8.6   0.3    95   117   274   296   266   298 0.84 -
Dato16644-RA         -            345 64568at7147          -            119      0.23   11.6   6.0   2   2     0.057        40    4.4   0.9    79   111   304   335   298   339 0.84 -
Dato15246-RA         -            527 64568at7147          -            119      0.55   10.4   3.6   1   2    0.0072       5.2    7.3   0.1    96   117   456   477   448   479 0.86 -
Dato15246-RA         -            527 64568at7147          -            119      0.55   10.4   3.6   2   2      0.17   1.2e+02    2.9   0.6    79   113   485   518   480   524 0.82 -
Dato17529-RA         -            521 64568at7147          -            119      0.59   10.3   4.6   1   2    0.0052       3.7    7.7   0.1    95   117   267   289   258   291 0.85 -
Dato17529-RA         -            521 64568at7147          -            119      0.59   10.3   4.6   2   2      0.19   1.3e+02    2.7   1.1    79   106   297   323   293   339 0.74 -
Dato15215-RA         -            494 64568at7147          -            119      0.63   10.2   4.7   1   2     0.005       3.6    7.8   0.1    95   117   241   263   233   265 0.85 -
Dato15215-RA         -            494 64568at7147          -            119      0.63   10.2   4.7   2   2      0.18   1.3e+02    2.7   1.2    79   106   271   297   267   313 0.74 -
Dato16375-RA         -            895 64568at7147          -            119       3.8    7.7  20.3   1   4      0.01       7.1    6.8   0.1    95   117   633   655   625   657 0.85 -
Dato16375-RA         -            895 64568at7147          -            119       3.8    7.7  20.3   2   4      0.31   2.2e+02    2.0   1.5    79   111   663   696   659   705 0.72 -
Dato16375-RA         -            895 64568at7147          -            119       3.8    7.7  20.3   3   4      0.01       7.5    6.7   0.1    95   117   813   835   806   837 0.85 -
Dato16375-RA         -            895 64568at7147          -            119       3.8    7.7  20.3   4   4      0.46   3.2e+02    1.5   2.8    79   106   843   869   838   885 0.73 -
#
# Program:         hmmsearch
# Version:         3.1b2 (February 2015)
# Pipeline mode:   SEARCH
# Query file:      /home/nmoreyra/Documents/Genomics/03_orthologs_search/00_Phylogenomics_BUSCO-groups/busco4_odb10/busco_downloads/lineages/diptera_odb10/hmms/64568at7147.hmm
# Target file:     /home/nmoreyra/Documents/Genomics/03_orthologs_search/00_Phylogenomics_BUSCO-groups/busco4_odb10/../00_proteins/Dato_proteins.fasta
# Option settings: /home/nmoreyra/Software/miniconda3/envs/busco4/bin/hmmsearch --domtblout /home/nmoreyra/Documents/Genomics/03_orthologs_search/00_Phylogenomics_BUSCO-groups/busco4_odb10/Dato_diptera/run_diptera_odb10/hmmer_output/initial_run_results/64568at7147.out --cpu 1 /home/nmoreyra/Documents/Genomics/03_orthologs_search/00_Phylogenomics_BUSCO-groups/busco4_odb10/busco_downloads/lineages/diptera_odb10/hmms/64568at7147.hmm /home/nmoreyra/Documents/Genomics/03_orthologs_search/00_Phylogenomics_BUSCO-groups/busco4_odb10/../00_proteins/Dato_proteins.fasta 
# Current dir:     /home/nmoreyra/Documents/Genomics/03_orthologs_search/00_Phylogenomics_BUSCO-groups/busco4_odb10
# Date:            Mon Jan 25 12:59:44 2021
# [ok]
