#                                                                            --- full sequence --- -------------- this domain -------------   hmm coord   ali coord   env coord
# target name        accession   tlen query name           accession   qlen   E-value  score  bias   #  of  c-Evalue  i-Evalue  score  bias  from    to  from    to  from    to  acc description of target
#------------------- ---------- ----- -------------------- ---------- ----- --------- ------ ----- --- --- --------- --------- ------ ----- ----- ----- ----- ----- ----- ----- ---- ---------------------
Dato00171-RA         -            155 65912at7147          -            134   4.5e-79  262.6   2.0   1   1     1e-81   5.7e-79  262.3   2.0     1   134     8   148     8   148 0.96 -
Dato14822-RA         -            147 65912at7147          -            134   7.2e-27   93.6   0.3   1   2   0.00035       0.2   11.3   0.0    69   109    10    50     5    54 0.89 -
Dato14822-RA         -            147 65912at7147          -            134   7.2e-27   93.6   0.3   2   2   1.6e-27     9e-25   86.9   0.1    13   134    28   145    24   145 0.92 -
Dato02633-RA         -            317 65912at7147          -            134   2.9e-22   78.7   6.5   1   3   3.8e-10   2.1e-07   30.6   0.3    11   133    44   163    36   164 0.87 -
Dato02633-RA         -            317 65912at7147          -            134   2.9e-22   78.7   6.5   2   3   0.00018       0.1   12.2   0.0    71   131   181   239   176   242 0.84 -
Dato02633-RA         -            317 65912at7147          -            134   2.9e-22   78.7   6.5   3   3   3.8e-16   2.1e-13   50.0   0.9    11   131   195   312   191   315 0.89 -
Dato05535-RA         -            149 65912at7147          -            134   1.5e-21   76.4   2.9   1   2   2.7e-07   0.00015   21.4   0.0    69   133    11    73     4    74 0.90 -
Dato05535-RA         -            149 65912at7147          -            134   1.5e-21   76.4   2.9   2   2   1.1e-19     6e-17   61.5   0.8    12   133    28   146    27   147 0.90 -
Dato02634-RA         -            148 65912at7147          -            134     5e-15   55.3   0.9   1   2     0.004       2.3    7.9   0.0    70   110    13    53     8    55 0.81 -
Dato02634-RA         -            148 65912at7147          -            134     5e-15   55.3   0.9   2   2   8.9e-18     5e-15   55.3   0.9    11   131    28   145    25   148 0.92 -
Dato03540-RA         -            172 65912at7147          -            134   1.4e-12   47.3   0.3   1   2   2.2e-05     0.012   15.2   0.0    71   131    13    71     5    74 0.87 -
Dato03540-RA         -            172 65912at7147          -            134   1.4e-12   47.3   0.3   2   2   4.1e-10   2.3e-07   30.5   0.2    66   131   106   169    84   172 0.91 -
Dato15314-RA         -            200 65912at7147          -            134   3.2e-12   46.2   7.2   1   2   1.6e-05    0.0092   15.6   0.1    70   133    60   121    52   125 0.91 -
Dato15314-RA         -            200 65912at7147          -            134   3.2e-12   46.2   7.2   2   2   8.6e-13   4.9e-10   39.2   3.3    12   133    76   194    72   195 0.89 -
Dato16269-RA         -            399 65912at7147          -            134   4.7e-10   39.2   3.9   1   2   6.2e-06    0.0035   17.0   0.2    65   131   220   284   213   289 0.90 -
Dato16269-RA         -            399 65912at7147          -            134   4.7e-10   39.2   3.9   2   2   5.2e-09   2.9e-06   26.9   0.9    45   131   275   365   271   368 0.83 -
Dato14820-RA         -            349 65912at7147          -            134   1.1e-09   38.0   0.3   1   2   2.9e-09   1.6e-06   27.8   0.0    12   133   125   249   116   250 0.86 -
Dato14820-RA         -            349 65912at7147          -            134   1.1e-09   38.0   0.3   2   2     0.003       1.7    8.3   0.0    69   134   283   345   268   345 0.86 -
Dato12712-RA         -            349 65912at7147          -            134   2.9e-09   36.7   5.7   1   3     0.036        20    4.8   0.0    78   132    19    71     8    73 0.81 -
Dato12712-RA         -            349 65912at7147          -            134   2.9e-09   36.7   5.7   2   3   0.00045      0.25   11.0   0.1    16   122    31   134    29   148 0.80 -
Dato12712-RA         -            349 65912at7147          -            134   2.9e-09   36.7   5.7   3   3   2.6e-08   1.5e-05   24.6   1.7    14   125   203   311   196   317 0.87 -
Dato17121-RA         -            159 65912at7147          -            134   7.6e-09   35.3   0.0   1   2      0.02        11    5.6   0.0    71   103    13    45     9    51 0.84 -
Dato17121-RA         -            159 65912at7147          -            134   7.6e-09   35.3   0.0   2   2   3.3e-11   1.9e-08   34.0   0.0    13   132    29   154    26   156 0.80 -
Dato06957-RA         -            163 65912at7147          -            134   3.2e-08   33.3   0.0   1   1   7.2e-11   4.1e-08   32.9   0.0    10   134    29   155    22   155 0.85 -
Dato10798-RA         -            147 65912at7147          -            134   1.1e-07   31.5   4.2   1   2   0.00025      0.14   11.8   0.1    70   133    10    71     2    72 0.85 -
Dato10798-RA         -            147 65912at7147          -            134   1.1e-07   31.5   4.2   2   2   3.1e-07   0.00018   21.2   0.9    69   133    82   144    79   145 0.94 -
Dato10489-RA         -            226 65912at7147          -            134   1.5e-07   31.1   4.8   1   2    0.0013      0.72    9.5   0.5    71   125    87   139    26   143 0.75 -
Dato10489-RA         -            226 65912at7147          -            134   1.5e-07   31.1   4.8   2   2   1.6e-08   8.8e-06   25.4   0.4    46   133   137   223   134   224 0.87 -
Dato05669-RA         -            159 65912at7147          -            134   1.6e-07   31.0   3.0   1   2   0.00034      0.19   11.3   0.0    76   130    23    75    11    79 0.89 -
Dato05669-RA         -            159 65912at7147          -            134   1.6e-07   31.0   3.0   2   2     6e-08   3.4e-05   23.5   2.2    44   133    66   154    60   155 0.85 -
Dato17455-RA         -           1037 65912at7147          -            134     2e-07   30.7   6.8   1   2     4e-05     0.023   14.3   0.2    69   133   273   335   232   337 0.83 -
Dato17455-RA         -           1037 65912at7147          -            134     2e-07   30.7   6.8   2   2     2e-09   1.1e-06   28.3   1.7    12   125   290   400   286   409 0.83 -
Dato01041-RA         -            149 65912at7147          -            134   2.1e-06   27.4   0.0   1   1     6e-09   3.4e-06   26.7   0.0    16   131    31   139    20   142 0.85 -
Dato12868-RA         -            155 65912at7147          -            134   2.4e-06   27.2   3.6   1   1     7e-09   3.9e-06   26.5   3.6    40   133    60   152    31   153 0.81 -
Dato05668-RA         -            179 65912at7147          -            134   3.5e-06   26.7   0.4   1   2     0.032        18    5.0   0.0    74   131    17    72     4    75 0.86 -
Dato05668-RA         -            179 65912at7147          -            134   3.5e-06   26.7   0.4   2   2     7e-08   3.9e-05   23.3   0.3    39   133    57   151    27   152 0.79 -
Dato03649-RA         -            155 65912at7147          -            134     4e-05   23.3   3.6   1   2     0.064        36    4.0   0.0    78   131    23    74    15    77 0.82 -
Dato03649-RA         -            155 65912at7147          -            134     4e-05   23.3   3.6   2   2   1.6e-07   8.9e-05   22.1   3.6    41   133    61   152    31   153 0.81 -
Dato00475-RA         -            217 65912at7147          -            134   0.00036   20.2   1.6   1   3   2.3e-05     0.013   15.1   0.3    76   133    56   112    50   113 0.90 -
Dato00475-RA         -            217 65912at7147          -            134   0.00036   20.2   1.6   2   3      0.21   1.2e+02    2.3   0.1    73   111   126   170   118   195 0.58 -
Dato00475-RA         -            217 65912at7147          -            134   0.00036   20.2   1.6   3   3      0.57   3.2e+02    0.9   0.0    46    72   184   210   167   212 0.87 -
Dato07705-RA         -            174 65912at7147          -            134   0.00091   18.9   1.5   1   2   0.00057      0.32   10.6   0.1    61   114    26    79     7    91 0.88 -
Dato07705-RA         -            174 65912at7147          -            134   0.00091   18.9   1.5   2   2    0.0049       2.8    7.6   0.1    69   113   102   147    83   165 0.79 -
Dato02776-RA         -            178 65912at7147          -            134    0.0011   18.6   0.1   1   3       1.7   9.7e+02   -0.6   0.0    78    97    21    40    12    73 0.66 -
Dato02776-RA         -            178 65912at7147          -            134    0.0011   18.6   0.1   2   3   1.8e-05      0.01   15.5   0.0    69   113    79   123    75   142 0.82 -
Dato02776-RA         -            178 65912at7147          -            134    0.0011   18.6   0.1   3   3       2.4   1.3e+03   -1.1   0.0    68    78   134   145   125   162 0.77 -
Dato04833-RA         -            199 65912at7147          -            134    0.0019   17.8   0.0   1   3      0.94   5.3e+02    0.2   0.0    77   125    41    88    37    96 0.69 -
Dato04833-RA         -            199 65912at7147          -            134    0.0019   17.8   0.0   2   3   6.4e-05     0.036   13.7   0.0    69   118   100   148    91   163 0.81 -
Dato04833-RA         -            199 65912at7147          -            134    0.0019   17.8   0.0   3   3      0.63   3.5e+02    0.8   0.0    42    62   148   168   142   193 0.72 -
Dato07196-RA         -            189 65912at7147          -            134     0.006   16.2   0.0   1   2      0.83   4.7e+02    0.4   0.0    76   119    30    73    22    86 0.69 -
Dato07196-RA         -            189 65912at7147          -            134     0.006   16.2   0.0   2   2   9.8e-05     0.056   13.1   0.0    69   131    90   150    86   153 0.83 -
Dato05594-RA         -            259 65912at7147          -            134     0.039   13.6   0.3   1   1   0.00015     0.085   12.5   0.3    65   127   146   210   132   217 0.85 -
Dato12174-RA         -            143 65912at7147          -            134      0.05   13.2   0.1   1   1   0.00016     0.091   12.4   0.1    76   130     5    57     1    62 0.91 -
Dato01216-RA         -            505 65912at7147          -            134      0.23   11.1   0.9   1   2    0.0015      0.86    9.2   0.6    71   124    87   140    77   145 0.90 -
Dato01216-RA         -            505 65912at7147          -            134      0.23   11.1   0.9   2   2       2.9   1.6e+03   -1.4   0.0    30    54   216   240   205   246 0.82 -
Dato05626-RA         -           1003 65912at7147          -            134      0.47   10.1   8.7   1   2      0.35     2e+02    1.6   0.1    45   109   657   724   641   728 0.79 -
Dato05626-RA         -           1003 65912at7147          -            134      0.47   10.1   8.7   2   2    0.0003      0.17   11.5   1.6    38   112   733   810   725   827 0.88 -
#
# Program:         hmmsearch
# Version:         3.1b2 (February 2015)
# Pipeline mode:   SEARCH
# Query file:      /home/nmoreyra/Documents/Genomics/03_orthologs_search/00_Phylogenomics_BUSCO-groups/busco4_odb10/busco_downloads/lineages/diptera_odb10/hmms/65912at7147.hmm
# Target file:     /home/nmoreyra/Documents/Genomics/03_orthologs_search/00_Phylogenomics_BUSCO-groups/busco4_odb10/../00_proteins/Dato_proteins.fasta
# Option settings: /home/nmoreyra/Software/miniconda3/envs/busco4/bin/hmmsearch --domtblout /home/nmoreyra/Documents/Genomics/03_orthologs_search/00_Phylogenomics_BUSCO-groups/busco4_odb10/Dato_diptera/run_diptera_odb10/hmmer_output/initial_run_results/65912at7147.out --cpu 1 /home/nmoreyra/Documents/Genomics/03_orthologs_search/00_Phylogenomics_BUSCO-groups/busco4_odb10/busco_downloads/lineages/diptera_odb10/hmms/65912at7147.hmm /home/nmoreyra/Documents/Genomics/03_orthologs_search/00_Phylogenomics_BUSCO-groups/busco4_odb10/../00_proteins/Dato_proteins.fasta 
# Current dir:     /home/nmoreyra/Documents/Genomics/03_orthologs_search/00_Phylogenomics_BUSCO-groups/busco4_odb10
# Date:            Mon Jan 25 12:59:19 2021
# [ok]
