#                                                                            --- full sequence --- -------------- this domain -------------   hmm coord   ali coord   env coord
# target name        accession   tlen query name           accession   qlen   E-value  score  bias   #  of  c-Evalue  i-Evalue  score  bias  from    to  from    to  from    to  acc description of target
#------------------- ---------- ----- -------------------- ---------- ----- --------- ------ ----- --- --- --------- --------- ------ ----- ----- ----- ----- ----- ----- ----- ---- ---------------------
Dato04340-RA         -            261 66809at7147          -            156   7.8e-70  233.6  15.1   1   2   2.1e-61   4.1e-59  198.7  10.2     1   133    44   192    44   203 0.91 -
Dato04340-RA         -            261 66809at7147          -            156   7.8e-70  233.6  15.1   2   2   2.1e-11   4.1e-09   36.3   0.2   126   156   217   247   199   247 0.85 -
Dato03339-RA         -            216 66809at7147          -            156   4.5e-18   65.4   4.0   1   1   5.1e-20     1e-17   64.2   4.0    33   144    38   158    33   168 0.84 -
Dato03340-RA         -            240 66809at7147          -            156   1.2e-13   51.0   2.8   1   2   2.5e-14   5.1e-12   45.7   1.8    32    99    41   108    35   142 0.86 -
Dato03340-RA         -            240 66809at7147          -            156   1.2e-13   51.0   2.8   2   2      0.19        38    3.9   0.0    92   115   172   195   164   212 0.82 -
Dato03412-RA         -            210 66809at7147          -            156   5.2e-12   45.7   0.4   1   2   5.1e-07    0.0001   22.0   0.0    58    95    58    95    19   105 0.85 -
Dato03412-RA         -            210 66809at7147          -            156   5.2e-12   45.7   0.4   2   2   4.4e-07   8.8e-05   22.2   0.1    58    99   165   206   151   210 0.89 -
Dato17028-RA         -            208 66809at7147          -            156   7.2e-11   42.0   0.9   1   1   5.2e-13     1e-10   41.5   0.4    54   138    72   156    54   161 0.89 -
Dato13797-RA         -            134 66809at7147          -            156   8.4e-11   41.8   0.6   1   1   5.1e-13     1e-10   41.5   0.6    28    98    23    94    18   128 0.87 -
Dato13992-RA         -            208 66809at7147          -            156   1.2e-10   41.2   0.9   1   1     1e-12     2e-10   40.5   0.5    54   138    72   156    54   158 0.87 -
Dato03899-RA         -            248 66809at7147          -            156   8.4e-10   38.5   0.7   1   2   2.2e-06   0.00045   19.9   0.1    45    98    41    95    25   113 0.76 -
Dato03899-RA         -            248 66809at7147          -            156   8.4e-10   38.5   0.7   2   2   1.7e-05    0.0034   17.1   0.1    42    98   156   213   148   226 0.83 -
Dato04345-RA         -            630 66809at7147          -            156   3.2e-09   36.6   0.3   1   2   8.4e-07   0.00017   21.3   0.1    43    93   122   173   119   187 0.87 -
Dato04345-RA         -            630 66809at7147          -            156   3.2e-09   36.6   0.3   2   2   0.00032     0.064   12.9   0.0    51   102   219   270   205   289 0.82 -
Dato03018-RA         -            372 66809at7147          -            156   7.6e-09   35.4   2.9   1   2   7.3e-05     0.014   15.0   0.1    53   103    75   125    48   137 0.76 -
Dato03018-RA         -            372 66809at7147          -            156   7.6e-09   35.4   2.9   2   2   1.8e-06   0.00036   20.2   0.7    53   107   305   359   272   364 0.75 -
Dato03338-RA         -            357 66809at7147          -            156   3.8e-08   33.2   6.2   1   1   1.9e-10   3.8e-08   33.2   6.2    44   133    68   170    54   174 0.79 -
Dato03408-RA         -            104 66809at7147          -            156   2.3e-07   30.6   0.0   1   1   1.3e-09   2.7e-07   30.4   0.0    58    99    59   100    42   104 0.87 -
Dato04424-RA         -            230 66809at7147          -            156   3.3e-07   30.1   0.1   1   1   2.5e-09     5e-07   29.5   0.1    34    99   139   204   126   222 0.84 -
Dato06729-RA         -             79 66809at7147          -            156   9.6e-07   28.6   1.8   1   1   5.5e-09   1.1e-06   28.4   1.8    34    93     9    69     4    78 0.79 -
Dato01028-RA         -            383 66809at7147          -            156   1.7e-06   27.8  31.4   1   6       1.3   2.6e+02    1.2   0.0    62    79    20    37    14    38 0.85 -
Dato01028-RA         -            383 66809at7147          -            156   1.7e-06   27.8  31.4   2   6   2.2e-08   4.3e-06   26.5   4.9    34    98    26    92    21   106 0.78 -
Dato01028-RA         -            383 66809at7147          -            156   1.7e-06   27.8  31.4   3   6     0.072        14    5.3   4.5    71   126   104   161    93   167 0.83 -
Dato01028-RA         -            383 66809at7147          -            156   1.7e-06   27.8  31.4   4   6      0.42        84    2.8   1.3   101   135   191   229   184   242 0.57 -
Dato01028-RA         -            383 66809at7147          -            156   1.7e-06   27.8  31.4   5   6      0.07        14    5.3   0.1    89   127   253   292   249   303 0.70 -
Dato01028-RA         -            383 66809at7147          -            156   1.7e-06   27.8  31.4   6   6       8.8   1.7e+03   -1.5   0.0    99   121   335   356   311   365 0.66 -
Dato17443-RA         -            119 66809at7147          -            156   2.2e-06   27.4   0.0   1   1   1.3e-08   2.6e-06   27.2   0.0    49   100    45    96    26   112 0.87 -
Dato17441-RA         -            157 66809at7147          -            156   2.7e-06   27.1   0.0   1   1   1.6e-08   3.3e-06   26.9   0.0    52    94    78   120    53   149 0.85 -
Dato00356-RA         -            351 66809at7147          -            156   3.8e-06   26.7   0.5   1   1   3.2e-08   6.3e-06   25.9   0.5    38    93    58   114    51   138 0.83 -
Dato00355-RA         -            234 66809at7147          -            156   4.7e-06   26.4   0.5   1   1   4.2e-08   8.3e-06   25.6   0.5    22   103    20   105     4   108 0.81 -
Dato03398-RA         -            199 66809at7147          -            156   4.9e-06   26.3   0.1   1   2      0.28        56    3.4   0.0    46    78    47    79    22    93 0.69 -
Dato03398-RA         -            199 66809at7147          -            156   4.9e-06   26.3   0.1   2   2   9.7e-07   0.00019   21.1   0.0    49    99   144   195   116   199 0.82 -
Dato12864-RA         -            292 66809at7147          -            156   7.3e-06   25.7   0.0   1   1     6e-08   1.2e-05   25.1   0.0    56   111    75   129    53   168 0.75 -
Dato03013-RA         -            239 66809at7147          -            156   1.1e-05   25.2   0.2   1   1   8.1e-08   1.6e-05   24.6   0.2    28   107    49   126    36   143 0.79 -
Dato03414-RA         -            111 66809at7147          -            156   1.3e-05   25.0   0.3   1   1     7e-08   1.4e-05   24.8   0.3    55    98    65   109    35   111 0.77 -
Dato04739-RA         -           1287 66809at7147          -            156   1.3e-05   24.9   0.7   1   1   1.5e-07   3.1e-05   23.7   0.7    40    94  1208  1268  1198  1286 0.67 -
Dato13608-RA         -             75 66809at7147          -            156   1.4e-05   24.9   0.3   1   1   1.1e-07   2.1e-05   24.3   0.2    57    92    35    70    22    74 0.87 -
Dato03413-RA         -            111 66809at7147          -            156   1.8e-05   24.5   0.6   1   1     1e-07     2e-05   24.3   0.6    52    98    60   107    28   110 0.83 -
Dato03411-RA         -            110 66809at7147          -            156   1.9e-05   24.4   0.1   1   1   9.8e-08     2e-05   24.4   0.1    58    99    64   105    24   110 0.87 -
Dato03409-RA         -            105 66809at7147          -            156   1.9e-05   24.4   0.0   1   1   1.5e-07     3e-05   23.7   0.0    56    96    62   102    24   105 0.79 -
Dato05335-RA         -            161 66809at7147          -            156   2.1e-05   24.3   0.5   1   1   1.8e-07   3.6e-05   23.5   0.3    58    93   101   136    60   151 0.73 -
Dato13583-RA         -            661 66809at7147          -            156   2.5e-05   24.0   8.9   1   4       6.9   1.4e+03   -1.1   0.0    63    83    39    59    22   120 0.56 -
Dato13583-RA         -            661 66809at7147          -            156   2.5e-05   24.0   8.9   2   4         1     2e+02    1.6   0.0   103   128   150   174   144   191 0.68 -
Dato13583-RA         -            661 66809at7147          -            156   2.5e-05   24.0   8.9   3   4   0.00036     0.072   12.8   0.4    97   137   226   266   220   268 0.88 -
Dato13583-RA         -            661 66809at7147          -            156   2.5e-05   24.0   8.9   4   4   0.00023     0.046   13.4   1.1    64   133   255   325   250   333 0.74 -
Dato12865-RA         -            136 66809at7147          -            156   2.6e-05   23.9   0.2   1   1   1.6e-07   3.1e-05   23.7   0.2    58    92    66   100    34   131 0.83 -
Dato01087-RA         -            234 66809at7147          -            156   3.6e-05   23.5   1.5   1   2   1.8e-07   3.6e-05   23.5   1.5    43    99    42    97    20   144 0.83 -
Dato01087-RA         -            234 66809at7147          -            156   3.6e-05   23.5   1.5   2   2       5.3   1.1e+03   -0.8   0.0   134   144   222   232   213   233 0.84 -
Dato03014-RA         -            208 66809at7147          -            156   3.7e-05   23.5   0.2   1   1   2.7e-07   5.4e-05   22.9   0.2    28   106    49   125    36   143 0.79 -
Dato05331-RA         -            133 66809at7147          -            156   3.9e-05   23.4   0.0   1   1   3.9e-07   7.8e-05   22.4   0.0    57    99    88   130    68   132 0.81 -
Dato06185-RA         -            531 66809at7147          -            156     4e-05   23.3   4.7   1   2   0.00015     0.031   14.0   0.3    32    92    97   159    93   181 0.85 -
Dato06185-RA         -            531 66809at7147          -            156     4e-05   23.3   4.7   2   2    0.0016      0.32   10.7   0.6    56    96   469   510   438   517 0.74 -
Dato17436-RA         -            154 66809at7147          -            156   4.2e-05   23.3   0.0   1   1   2.6e-07   5.1e-05   23.0   0.0    53    99    77   123    44   133 0.81 -
Dato12869-RA         -            120 66809at7147          -            156   6.4e-05   22.7   0.0   1   1   3.7e-07   7.5e-05   22.5   0.0    37   100    36    94    16   105 0.74 -
Dato04131-RA         -            175 66809at7147          -            156   8.9e-05   22.2   0.0   1   1   5.8e-07   0.00012   21.8   0.0    42   105    89   153    70   173 0.79 -
Dato06401-RA         -            210 66809at7147          -            156   9.6e-05   22.1   0.4   1   1   7.2e-07   0.00014   21.5   0.4    58    95   140   178   105   195 0.78 -
Dato03016-RA         -            223 66809at7147          -            156   0.00013   21.7   0.5   1   1     1e-06   0.00021   21.0   0.5    29   104   110   183    90   211 0.74 -
Dato07714-RA         -            198 66809at7147          -            156   0.00013   21.7   1.5   1   1   1.3e-06   0.00026   20.7   1.5    64   108   114   159    75   166 0.83 -
Dato03017-RA         -            203 66809at7147          -            156   0.00015   21.5   0.7   1   1   1.1e-06   0.00023   20.9   0.7    28   103    90   163    71   187 0.75 -
Dato12867-RA         -            903 66809at7147          -            156   0.00015   21.5   0.0   1   1   1.2e-06   0.00025   20.8   0.0    41    94   122   175   105   197 0.68 -
Dato12863-RA         -            136 66809at7147          -            156   0.00025   20.8   0.4   1   2       6.3   1.3e+03   -1.0   0.0    58    71    45    58    26    76 0.67 -
Dato12863-RA         -            136 66809at7147          -            156   0.00025   20.8   0.4   2   2   2.8e-06   0.00057   19.6   0.2    61    98    82   119    57   134 0.83 -
Dato12866-RA         -            392 66809at7147          -            156   0.00031   20.5   1.2   1   3       1.9   3.9e+02    0.6   0.4    65    90   150   175   128   182 0.78 -
Dato12866-RA         -            392 66809at7147          -            156   0.00031   20.5   1.2   2   3   1.5e-06   0.00031   20.5   1.2    61   100   180   219   153   230 0.78 -
Dato12866-RA         -            392 66809at7147          -            156   0.00031   20.5   1.2   3   3       5.6   1.1e+03   -0.9   0.7    99   120   321   342   258   380 0.60 -
Dato03416-RA         -            111 66809at7147          -            156   0.00032   20.4   0.0   1   1   2.4e-06   0.00047   19.9   0.0    57    93    68   104    39   110 0.79 -
Dato03901-RA         -            116 66809at7147          -            156   0.00033   20.4   0.1   1   1   2.6e-06   0.00051   19.7   0.1    44    98    39    92    31   108 0.76 -
Dato03406-RA         -            109 66809at7147          -            156   0.00036   20.3   1.4   1   1   2.1e-06   0.00041   20.1   1.4    32    94    32    97    13   108 0.75 -
Dato03252-RA         -            417 66809at7147          -            156   0.00048   19.8   0.1   1   1     4e-06    0.0008   19.1   0.1    53    95   336   378   311   396 0.73 -
Dato03410-RA         -            163 66809at7147          -            156   0.00065   19.4   0.1   1   1   3.9e-06   0.00077   19.2   0.1    58    97   121   160    88   163 0.89 -
Dato07708-RA         -            175 66809at7147          -            156   0.00065   19.4   2.4   1   2       9.1   1.8e+03   -1.5   0.0    54   105    23    33     9    60 0.58 -
Dato07708-RA         -            175 66809at7147          -            156   0.00065   19.4   2.4   2   2   3.8e-06   0.00076   19.2   0.4    58    93   131   166   120   170 0.90 -
Dato17442-RA         -            122 66809at7147          -            156   0.00066   19.4   0.0   1   1   3.5e-06   0.00071   19.3   0.0    56    98    55    97    23   114 0.79 -
Dato03417-RA         -            391 66809at7147          -            156   0.00071   19.3   0.9   1   2   0.00024     0.048   13.3   0.1    50    89    34    73    25    85 0.87 -
Dato03417-RA         -            391 66809at7147          -            156   0.00071   19.3   0.9   2   2      0.16        33    4.1   0.1    53    92   319   358   302   376 0.87 -
Dato06610-RA         -            175 66809at7147          -            156   0.00078   19.2   1.3   1   1   3.9e-06   0.00078   19.2   1.3    46   108    58   126    41   146 0.70 -
Dato05330-RA         -            522 66809at7147          -            156   0.00085   19.0   1.4   1   2       7.5   1.5e+03   -1.3   0.0   125   141   264   280   252   286 0.85 -
Dato05330-RA         -            522 66809at7147          -            156   0.00085   19.0   1.4   2   2   4.3e-06   0.00085   19.0   1.4    25    99   388   463   367   507 0.70 -
Dato10479-RA         -            103 66809at7147          -            156     0.001   18.8   0.1   1   1   7.3e-06    0.0015   18.3   0.1    60    99    56    97    23   101 0.75 -
Dato03900-RA         -            128 66809at7147          -            156    0.0013   18.4   0.0   1   1   8.2e-06    0.0016   18.1   0.0    42    98    36    93    30   110 0.82 -
Dato03405-RA         -            239 66809at7147          -            156    0.0013   18.4   0.1   1   2       7.9   1.6e+03   -1.3   0.0    62    80   127   145   122   150 0.75 -
Dato03405-RA         -            239 66809at7147          -            156    0.0013   18.4   0.1   2   2     2e-05     0.004   16.8   0.1    61    98   161   198   133   214 0.79 -
Dato05340-RA         -            180 66809at7147          -            156    0.0014   18.3   0.6   1   2       4.1   8.2e+02   -0.4   0.1    57    71    70    84    65   105 0.70 -
Dato05340-RA         -            180 66809at7147          -            156    0.0014   18.3   0.6   2   2   2.2e-05    0.0044   16.7   0.4    55    99   101   146    80   159 0.77 -
Dato10399-RA         -            489 66809at7147          -            156    0.0016   18.1   1.8   1   1   8.6e-06    0.0017   18.0   0.0    51    96    89   135    42   160 0.78 -
Dato03897-RA         -            147 66809at7147          -            156    0.0018   18.0   0.1   1   1     1e-05     0.002   17.8   0.1    64    99    78   113    42   140 0.82 -
Dato05332-RA         -            125 66809at7147          -            156    0.0018   18.0   0.2   1   1   1.1e-05    0.0022   17.7   0.2    38    98    37    97    13   114 0.71 -
Dato16573-RA         -            174 66809at7147          -            156     0.002   17.8   0.5   1   1     2e-05     0.004   16.9   0.4    44    98    47   102    40   116 0.77 -
Dato03415-RA         -            108 66809at7147          -            156    0.0024   17.6   0.0   1   1   2.5e-05     0.005   16.5   0.0    62    93    72   103    64   106 0.90 -
Dato03803-RA         -            166 66809at7147          -            156    0.0025   17.5   1.6   1   1   1.6e-05    0.0033   17.1   1.6    46   106    58   124    39   138 0.66 -
Dato04740-RA         -            463 66809at7147          -            156    0.0027   17.4   0.4   1   1   1.3e-05    0.0027   17.4   0.4    52   108   102   163    57   182 0.73 -
Dato10480-RA         -            146 66809at7147          -            156    0.0032   17.2   0.3   1   1   2.1e-05    0.0043   16.8   0.3    57    99    66   108    45   119 0.75 -
Dato03898-RA         -            159 66809at7147          -            156    0.0037   17.0   2.4   1   1   2.8e-05    0.0056   16.4   2.3    61   108    64   112    12   134 0.66 -
Dato03622-RA         -            135 66809at7147          -            156    0.0043   16.7   0.6   1   1   3.6e-05    0.0073   16.0   0.6    55    96    66   109    48   123 0.72 -
Dato03902-RA         -            123 66809at7147          -            156    0.0045   16.7   1.3   1   1   3.2e-05    0.0064   16.2   1.3    45    98    41    95    19   110 0.71 -
Dato03253-RA         -            192 66809at7147          -            156    0.0056   16.4   0.1   1   1   3.8e-05    0.0076   15.9   0.1    45    96    88   143    72   157 0.75 -
Dato03255-RA         -            191 66809at7147          -            156    0.0058   16.3   0.1   1   1   4.1e-05    0.0082   15.8   0.1    42    97    69   130    54   142 0.75 -
Dato06728-RA         -            171 66809at7147          -            156    0.0086   15.8   0.7   1   1   6.3e-05     0.013   15.2   0.7    55    93   102   141    76   152 0.79 -
Dato03623-RA         -            315 66809at7147          -            156    0.0095   15.6   0.5   1   1    0.0001      0.02   14.5   0.5    29    87    47   102    22   125 0.75 -
Dato05333-RA         -            136 66809at7147          -            156     0.018   14.8   0.0   1   1   0.00016     0.033   13.9   0.0    52    98    63   110    42   124 0.78 -
Dato13798-RA         -             97 66809at7147          -            156     0.019   14.6   0.1   1   1    0.0001     0.021   14.5   0.1    39    94    42    96    25    97 0.82 -
Dato14542-RA         -            245 66809at7147          -            156     0.023   14.4   0.6   1   2       3.5   7.1e+02   -0.2   0.1   120   148    65    87    34    94 0.59 -
Dato14542-RA         -            245 66809at7147          -            156     0.023   14.4   0.6   2   2   0.00011     0.023   14.4   0.6    63    98   148   184   123   190 0.79 -
Dato03254-RA         -            119 66809at7147          -            156     0.025   14.3   0.2   1   1   0.00017     0.033   13.9   0.2    53    99    52    98    28   108 0.69 -
Dato10482-RA         -            156 66809at7147          -            156     0.045   13.4   0.0   1   1   0.00031     0.062   13.0   0.0    56   100    53    97    43   116 0.79 -
Dato05339-RA         -            277 66809at7147          -            156     0.056   13.1   0.2   1   1   0.00028     0.056   13.1   0.2    53    98   211   258   190   273 0.79 -
Dato03019-RA         -            162 66809at7147          -            156     0.057   13.1   0.2   1   1   0.00038     0.077   12.7   0.2    37    99    44   103    29   116 0.69 -
Dato13085-RA         -            406 66809at7147          -            156      0.11   12.2   0.0   1   1    0.0011      0.21   11.2   0.0    42   131   102   190    89   200 0.82 -
#
# Program:         hmmsearch
# Version:         3.1b2 (February 2015)
# Pipeline mode:   SEARCH
# Query file:      /home/nmoreyra/Documents/Genomics/03_orthologs_search/00_Phylogenomics_BUSCO-groups/busco4_odb10/busco_downloads/lineages/diptera_odb10/hmms/66809at7147.hmm
# Target file:     /home/nmoreyra/Documents/Genomics/03_orthologs_search/00_Phylogenomics_BUSCO-groups/busco4_odb10/../00_proteins/Dato_proteins.fasta
# Option settings: /home/nmoreyra/Software/miniconda3/envs/busco4/bin/hmmsearch --domtblout /home/nmoreyra/Documents/Genomics/03_orthologs_search/00_Phylogenomics_BUSCO-groups/busco4_odb10/Dato_diptera/run_diptera_odb10/hmmer_output/initial_run_results/66809at7147.out --cpu 1 /home/nmoreyra/Documents/Genomics/03_orthologs_search/00_Phylogenomics_BUSCO-groups/busco4_odb10/busco_downloads/lineages/diptera_odb10/hmms/66809at7147.hmm /home/nmoreyra/Documents/Genomics/03_orthologs_search/00_Phylogenomics_BUSCO-groups/busco4_odb10/../00_proteins/Dato_proteins.fasta 
# Current dir:     /home/nmoreyra/Documents/Genomics/03_orthologs_search/00_Phylogenomics_BUSCO-groups/busco4_odb10
# Date:            Mon Jan 25 12:59:47 2021
# [ok]
