#                                                                            --- full sequence --- -------------- this domain -------------   hmm coord   ali coord   env coord
# target name        accession   tlen query name           accession   qlen   E-value  score  bias   #  of  c-Evalue  i-Evalue  score  bias  from    to  from    to  from    to  acc description of target
#------------------- ---------- ----- -------------------- ---------- ----- --------- ------ ----- --- --- --------- --------- ------ ----- ----- ----- ----- ----- ----- ----- ---- ---------------------
Dato14237-RA         -            501 68189at7147          -            110   1.1e-39  134.6   5.1   1   3   8.8e-11   2.4e-07   30.5   0.1     6    77     8    77     3    89 0.90 -
Dato14237-RA         -            501 68189at7147          -            110   1.1e-39  134.6   5.1   2   3   1.7e-16   4.8e-13   48.9   0.0     5    79   122   193   119   197 0.92 -
Dato14237-RA         -            501 68189at7147          -            110   1.1e-39  134.6   5.1   3   3   1.6e-18   4.2e-15   55.5   0.3     8    79   223   292   219   303 0.90 -
Dato01779-RA         -            128 68189at7147          -            110   5.4e-39  132.4   1.0   1   1   2.4e-42   6.6e-39  132.1   1.0     5   107     6   106     2   113 0.82 -
Dato03933-RA         -            449 68189at7147          -            110   2.7e-28   98.0   2.6   1   2     6e-13   1.6e-09   37.5   0.3     7    81    58   129    52   140 0.87 -
Dato03933-RA         -            449 68189at7147          -            110   2.7e-28   98.0   2.6   2   2   4.8e-20   1.3e-16   60.4   0.1     5    92   214   297   211   315 0.81 -
Dato02674-RA         -           4798 68189at7147          -            110   2.5e-18   65.9   3.1   1   2   1.1e-21   2.9e-18   65.7   1.2     7    80   223   299   216   308 0.86 -
Dato02674-RA         -           4798 68189at7147          -            110   2.5e-18   65.9   3.1   2   2       1.4   3.8e+03   -2.3   0.0    53    67  2327  2341  2325  2354 0.84 -
Dato01630-RA         -            315 68189at7147          -            110   0.00072   19.3   0.1   1   1   5.6e-07    0.0015   18.3   0.0    39    92   102   157    86   172 0.85 -
Dato00585-RA         -            175 68189at7147          -            110      0.13   12.0   0.0   1   1   9.5e-05      0.26   11.1   0.0    34    51   141   158   135   164 0.83 -
#
# Program:         hmmsearch
# Version:         3.1b2 (February 2015)
# Pipeline mode:   SEARCH
# Query file:      /home/nmoreyra/Documents/Genomics/03_orthologs_search/00_Phylogenomics_BUSCO-groups/busco4_odb10/busco_downloads/lineages/diptera_odb10/hmms/68189at7147.hmm
# Target file:     /home/nmoreyra/Documents/Genomics/03_orthologs_search/00_Phylogenomics_BUSCO-groups/busco4_odb10/../00_proteins/Dato_proteins.fasta
# Option settings: /home/nmoreyra/Software/miniconda3/envs/busco4/bin/hmmsearch --domtblout /home/nmoreyra/Documents/Genomics/03_orthologs_search/00_Phylogenomics_BUSCO-groups/busco4_odb10/Dato_diptera/run_diptera_odb10/hmmer_output/initial_run_results/68189at7147.out --cpu 1 /home/nmoreyra/Documents/Genomics/03_orthologs_search/00_Phylogenomics_BUSCO-groups/busco4_odb10/busco_downloads/lineages/diptera_odb10/hmms/68189at7147.hmm /home/nmoreyra/Documents/Genomics/03_orthologs_search/00_Phylogenomics_BUSCO-groups/busco4_odb10/../00_proteins/Dato_proteins.fasta 
# Current dir:     /home/nmoreyra/Documents/Genomics/03_orthologs_search/00_Phylogenomics_BUSCO-groups/busco4_odb10
# Date:            Mon Jan 25 13:00:25 2021
# [ok]
