#                                                                            --- full sequence --- -------------- this domain -------------   hmm coord   ali coord   env coord
# target name        accession   tlen query name           accession   qlen   E-value  score  bias   #  of  c-Evalue  i-Evalue  score  bias  from    to  from    to  from    to  acc description of target
#------------------- ---------- ----- -------------------- ---------- ----- --------- ------ ----- --- --- --------- --------- ------ ----- ----- ----- ----- ----- ----- ----- ---- ---------------------
Dato02329-RA         -            165 69811at7147          -            139   1.1e-61  206.7  32.2   1   1   1.9e-64   3.5e-61  205.2  32.2     1   139     6   161     6   161 0.94 -
Dato05408-RA         -            127 69811at7147          -            139   9.8e-06   25.5   2.7   1   1   7.5e-09   1.4e-05   25.0   2.7    40   129     8   102     3   110 0.66 -
Dato04396-RA         -            294 69811at7147          -            139   0.00033   20.6   5.0   1   1   3.5e-07   0.00064   19.6   5.0    46   133    70   164    58   171 0.62 -
Dato15262-RA         -            145 69811at7147          -            139    0.0032   17.4  16.2   1   1   5.3e-06    0.0096   15.8  16.2    15   104    30   121     3   141 0.59 -
Dato04699-RA         -            392 69811at7147          -            139    0.0058   16.5   8.7   1   1     5e-06    0.0091   15.9   8.7     4   100    53   158    51   189 0.69 -
Dato15042-RA         -            217 69811at7147          -            139     0.034   14.1  20.1   1   1   0.00017      0.31   10.9  20.1     4   130    28   173    24   176 0.64 -
Dato07118-RA         -            160 69811at7147          -            139     0.085   12.7  22.6   1   1   0.00013      0.24   11.3  22.6     2   130    13   146    12   152 0.69 -
Dato15261-RA         -            192 69811at7147          -            139      0.64    9.9  20.2   1   1     0.012        22    4.9  20.2    52   104    71   121     3   167 0.58 -
Dato11832-RA         -            298 69811at7147          -            139       7.4    6.5  21.8   1   2    0.0027       4.9    7.1   1.5     4    32    10    38     7    55 0.73 -
Dato11832-RA         -            298 69811at7147          -            139       7.4    6.5  21.8   2   2     0.013        23    4.9  12.5    37   122    64   151    57   159 0.72 -
#
# Program:         hmmsearch
# Version:         3.1b2 (February 2015)
# Pipeline mode:   SEARCH
# Query file:      /home/nmoreyra/Documents/Genomics/03_orthologs_search/00_Phylogenomics_BUSCO-groups/busco4_odb10/busco_downloads/lineages/diptera_odb10/hmms/69811at7147.hmm
# Target file:     /home/nmoreyra/Documents/Genomics/03_orthologs_search/00_Phylogenomics_BUSCO-groups/busco4_odb10/../00_proteins/Dato_proteins.fasta
# Option settings: /home/nmoreyra/Software/miniconda3/envs/busco4/bin/hmmsearch --domtblout /home/nmoreyra/Documents/Genomics/03_orthologs_search/00_Phylogenomics_BUSCO-groups/busco4_odb10/Dato_diptera/run_diptera_odb10/hmmer_output/initial_run_results/69811at7147.out --cpu 1 /home/nmoreyra/Documents/Genomics/03_orthologs_search/00_Phylogenomics_BUSCO-groups/busco4_odb10/busco_downloads/lineages/diptera_odb10/hmms/69811at7147.hmm /home/nmoreyra/Documents/Genomics/03_orthologs_search/00_Phylogenomics_BUSCO-groups/busco4_odb10/../00_proteins/Dato_proteins.fasta 
# Current dir:     /home/nmoreyra/Documents/Genomics/03_orthologs_search/00_Phylogenomics_BUSCO-groups/busco4_odb10
# Date:            Mon Jan 25 13:00:00 2021
# [ok]
