#                                                                            --- full sequence --- -------------- this domain -------------   hmm coord   ali coord   env coord
# target name        accession   tlen query name           accession   qlen   E-value  score  bias   #  of  c-Evalue  i-Evalue  score  bias  from    to  from    to  from    to  acc description of target
#------------------- ---------- ----- -------------------- ---------- ----- --------- ------ ----- --- --- --------- --------- ------ ----- ----- ----- ----- ----- ----- ----- ---- ---------------------
Dato05893-RA         -            413 74414at7147          -            204   1.7e-71  239.8  16.2   1   2   2.3e-34     2e-31  109.0   3.7     1    90    81   173    81   192 0.91 -
Dato05893-RA         -            413 74414at7147          -            204   1.7e-71  239.8  16.2   2   2   2.2e-42   1.9e-39  135.2   4.7    86   203   270   407   262   408 0.82 -
Dato07377-RA         -            378 74414at7147          -            204   2.1e-13   50.2   9.1   1   2   1.3e-10   1.1e-07   31.5   4.1     8    76   170   242   166   248 0.90 -
Dato07377-RA         -            378 74414at7147          -            204   2.1e-13   50.2   9.1   2   2   6.3e-10   5.4e-07   29.2   0.2     2    63   256   318   255   327 0.90 -
Dato00916-RA         -            284 74414at7147          -            204   5.1e-13   48.9  11.9   1   2   8.1e-09     7e-06   25.6   2.2    12    89    77   157    67   170 0.84 -
Dato00916-RA         -            284 74414at7147          -            204   5.1e-13   48.9  11.9   2   2     1e-09     9e-07   28.5   2.4     2    79   172   250   168   258 0.90 -
Dato05949-RA         -            735 74414at7147          -            204   4.5e-09   36.0   1.8   1   1   1.5e-11   1.3e-08   34.5   1.8     3    77   550   624   546   633 0.86 -
Dato05700-RA         -            483 74414at7147          -            204   2.8e-07   30.1   2.1   1   1   5.6e-10   4.8e-07   29.4   2.1     4    72    35   104    32   126 0.83 -
Dato14947-RA         -            266 74414at7147          -            204   3.6e-07   29.8   0.9   1   1   6.3e-10   5.4e-07   29.2   0.9     8    75    24    94    18   106 0.84 -
Dato03675-RA         -            255 74414at7147          -            204   4.3e-07   29.6   3.3   1   1   7.6e-10   6.6e-07   28.9   3.3     3    83    66   148    64   157 0.87 -
Dato06005-RA         -            111 74414at7147          -            204     6e-07   29.1   0.2   1   1     1e-09   8.8e-07   28.5   0.2    11    76     4    69     2    82 0.80 -
Dato06374-RA         -            428 74414at7147          -            204   7.8e-07   28.7   0.4   1   1   1.5e-09   1.3e-06   28.0   0.4    11    70   150   210   141   231 0.85 -
Dato15720-RA         -            728 74414at7147          -            204   8.8e-07   28.5   2.3   1   2     1e-09   8.8e-07   28.5   2.3     4    81    89   168    86   175 0.86 -
Dato15720-RA         -            728 74414at7147          -            204   8.8e-07   28.5   2.3   2   2      0.92   7.9e+02   -0.7   0.6   120   152   259   292   251   330 0.50 -
Dato06002-RA         -            112 74414at7147          -            204   1.4e-06   27.9   0.4   1   1   2.1e-09   1.8e-06   27.5   0.4    10    75     2    67     1    74 0.81 -
Dato06372-RA         -            412 74414at7147          -            204   2.5e-06   27.1   0.4   1   1   4.7e-09     4e-06   26.4   0.4    10    70   157   218   152   238 0.85 -
Dato06373-RA         -            619 74414at7147          -            204   3.2e-06   26.7   3.6   1   1   3.8e-09   3.2e-06   26.7   3.6     6    70   270   335   266   353 0.84 -
Dato17401-RA         -            614 74414at7147          -            204   3.8e-06   26.4   2.8   1   2   4.5e-09   3.8e-06   26.4   2.8     4    70   171   238   168   259 0.85 -
Dato17401-RA         -            614 74414at7147          -            204   3.8e-06   26.4   2.8   2   2       3.8   3.2e+03   -2.7   1.3   132   178   474   521   464   535 0.56 -
Dato02697-RA         -           1655 74414at7147          -            204   6.3e-06   25.7   0.2   1   2       4.6     4e+03   -3.0   0.0   134   183   829   878   825   891 0.75 -
Dato02697-RA         -           1655 74414at7147          -            204   6.3e-06   25.7   0.2   2   2   2.7e-08   2.3e-05   23.9   0.0     9    67  1304  1363  1300  1380 0.87 -
Dato00765-RA         -            474 74414at7147          -            204   3.4e-05   23.3   1.8   1   1   8.9e-08   7.6e-05   22.2   1.8     9    74    11    77     5    95 0.84 -
Dato14169-RA         -            606 74414at7147          -            204   5.9e-05   22.6   0.4   1   1   1.8e-07   0.00016   21.2   0.4    13    65   406   459   393   484 0.80 -
Dato05281-RA         -            806 74414at7147          -            204   0.00028   20.4   1.3   1   1   3.2e-07   0.00028   20.4   1.3    11    67   197   254   189   275 0.86 -
Dato12060-RA         -            663 74414at7147          -            204    0.0035   16.8   1.5   1   2         7     6e+03   -3.6   0.1    18    35   279   296   277   299 0.81 -
Dato12060-RA         -            663 74414at7147          -            204    0.0035   16.8   1.5   2   2     4e-06    0.0035   16.8   1.5     3    68   591   654   589   661 0.80 -
#
# Program:         hmmsearch
# Version:         3.1b2 (February 2015)
# Pipeline mode:   SEARCH
# Query file:      /home/nmoreyra/Documents/Genomics/03_orthologs_search/00_Phylogenomics_BUSCO-groups/busco4_odb10/busco_downloads/lineages/diptera_odb10/hmms/74414at7147.hmm
# Target file:     /home/nmoreyra/Documents/Genomics/03_orthologs_search/00_Phylogenomics_BUSCO-groups/busco4_odb10/../00_proteins/Dato_proteins.fasta
# Option settings: /home/nmoreyra/Software/miniconda3/envs/busco4/bin/hmmsearch --domtblout /home/nmoreyra/Documents/Genomics/03_orthologs_search/00_Phylogenomics_BUSCO-groups/busco4_odb10/Dato_diptera/run_diptera_odb10/hmmer_output/initial_run_results/74414at7147.out --cpu 1 /home/nmoreyra/Documents/Genomics/03_orthologs_search/00_Phylogenomics_BUSCO-groups/busco4_odb10/busco_downloads/lineages/diptera_odb10/hmms/74414at7147.hmm /home/nmoreyra/Documents/Genomics/03_orthologs_search/00_Phylogenomics_BUSCO-groups/busco4_odb10/../00_proteins/Dato_proteins.fasta 
# Current dir:     /home/nmoreyra/Documents/Genomics/03_orthologs_search/00_Phylogenomics_BUSCO-groups/busco4_odb10
# Date:            Mon Jan 25 13:00:53 2021
# [ok]
