#                                                                            --- full sequence --- -------------- this domain -------------   hmm coord   ali coord   env coord
# target name        accession   tlen query name           accession   qlen   E-value  score  bias   #  of  c-Evalue  i-Evalue  score  bias  from    to  from    to  from    to  acc description of target
#------------------- ---------- ----- -------------------- ---------- ----- --------- ------ ----- --- --- --------- --------- ------ ----- ----- ----- ----- ----- ----- ----- ---- ---------------------
Dato13695-RA         -           1210 7592at7147           -            485  1.1e-194  647.7 105.5   1  11     1e-06   0.00022   20.1   0.3     1    24   131   154   131   158 0.93 -
Dato13695-RA         -           1210 7592at7147           -            485  1.1e-194  647.7 105.5   2  11   4.1e-16   8.5e-14   51.1   0.4    23    56   191   224   178   242 0.83 -
Dato13695-RA         -           1210 7592at7147           -            485  1.1e-194  647.7 105.5   3  11   7.2e-24   1.5e-21   76.7   2.0    51    96   253   298   240   302 0.92 -
Dato13695-RA         -           1210 7592at7147           -            485  1.1e-194  647.7 105.5   4  11   2.5e-22   5.2e-20   71.6   1.4    90   137   347   395   327   406 0.86 -
Dato13695-RA         -           1210 7592at7147           -            485  1.1e-194  647.7 105.5   5  11   4.4e-23   9.1e-21   74.1   7.9   132   207   445   526   435   586 0.65 -
Dato13695-RA         -           1210 7592at7147           -            485  1.1e-194  647.7 105.5   6  11   7.7e-14   1.6e-11   43.7   6.3   204   237   614   647   600   656 0.89 -
Dato13695-RA         -           1210 7592at7147           -            485  1.1e-194  647.7 105.5   7  11     0.019         4    6.0   1.8   221   264   657   706   648   714 0.74 -
Dato13695-RA         -           1210 7592at7147           -            485  1.1e-194  647.7 105.5   8  11   2.3e-26   4.7e-24   85.0   1.3   259   305   741   787   734   801 0.90 -
Dato13695-RA         -           1210 7592at7147           -            485  1.1e-194  647.7 105.5   9  11   5.4e-65   1.1e-62  212.4  16.8   303   435   811   978   803   984 0.90 -
Dato13695-RA         -           1210 7592at7147           -            485  1.1e-194  647.7 105.5  10  11    0.0075       1.6    7.4   0.0   422   450  1008  1034   995  1045 0.75 -
Dato13695-RA         -           1210 7592at7147           -            485  1.1e-194  647.7 105.5  11  11   3.5e-14   7.3e-12   44.8   1.3   454   485  1135  1166  1130  1166 0.94 -
Dato16167-RA         -            379 7592at7147           -            485   4.5e-12   45.5  10.3   1   3   4.2e-08   8.6e-06   24.7   0.3   322   407   187   273   182   278 0.82 -
Dato16167-RA         -            379 7592at7147           -            485   4.5e-12   45.5  10.3   2   3   1.7e-07   3.5e-05   22.8   1.7   349   411   273   333   271   336 0.84 -
Dato16167-RA         -            379 7592at7147           -            485   4.5e-12   45.5  10.3   3   3     0.095        20    3.8   0.1   459   482   335   358   332   361 0.84 -
Dato13620-RA         -            387 7592at7147           -            485   3.3e-10   39.3  17.5   1   4     0.029         6    5.5   0.1    62    93    36    67    13    86 0.76 -
Dato13620-RA         -            387 7592at7147           -            485   3.3e-10   39.3  17.5   2   4   9.3e-08   1.9e-05   23.6   2.0   356   418   140   211   133   231 0.81 -
Dato13620-RA         -            387 7592at7147           -            485   3.3e-10   39.3  17.5   3   4    0.0024      0.49    9.1   1.0    44    91   262   309   255   314 0.84 -
Dato13620-RA         -            387 7592at7147           -            485   3.3e-10   39.3  17.5   4   4    0.0014      0.28    9.9   0.1    63    99   314   350   310   360 0.90 -
Dato10647-RA         -            780 7592at7147           -            485   4.6e-10   38.8  34.6   1   5   1.2e-07   2.5e-05   23.2   3.4   351   411   299   358   291   363 0.90 -
Dato10647-RA         -            780 7592at7147           -            485   4.6e-10   38.8  34.6   2   5      0.26        54    2.3   1.3   357   391   360   394   357   411 0.79 -
Dato10647-RA         -            780 7592at7147           -            485   4.6e-10   38.8  34.6   3   5   3.9e-06   0.00081   18.2   6.9   332   411   415   499   390   501 0.75 -
Dato10647-RA         -            780 7592at7147           -            485   4.6e-10   38.8  34.6   4   5    0.0012      0.25   10.0   1.9   357   407   501   551   498   562 0.86 -
Dato10647-RA         -            780 7592at7147           -            485   4.6e-10   38.8  34.6   5   5       1.6   3.2e+02   -0.2   0.1    19    45   569   595   557   649 0.58 -
Dato03888-RA         -            798 7592at7147           -            485   1.5e-08   33.9  49.5   1   7   1.6e-05    0.0033   16.2   4.0    52    93   259   300   243   309 0.84 -
Dato03888-RA         -            798 7592at7147           -            485   1.5e-08   33.9  49.5   2   7      0.02       4.1    6.0   2.1   356   408   300   352   296   357 0.82 -
Dato03888-RA         -            798 7592at7147           -            485   1.5e-08   33.9  49.5   3   7   4.5e-05    0.0093   14.7   1.7   357   407   386   436   381   441 0.87 -
Dato03888-RA         -            798 7592at7147           -            485   1.5e-08   33.9  49.5   4   7     0.078        16    4.1   4.5   345   408   432   496   423   500 0.84 -
Dato03888-RA         -            798 7592at7147           -            485   1.5e-08   33.9  49.5   5   7   0.00041     0.085   11.6   7.1   347   411   465   527   453   538 0.85 -
Dato03888-RA         -            798 7592at7147           -            485   1.5e-08   33.9  49.5   6   7     6e-05     0.013   14.3   2.0   351   405   496   549   484   559 0.76 -
Dato03888-RA         -            798 7592at7147           -            485   1.5e-08   33.9  49.5   7   7       1.1   2.2e+02    0.3   0.1   356   380   565   589   558   599 0.72 -
Dato07584-RA         -           1877 7592at7147           -            485   8.9e-08   31.3  48.1   1   6    0.0017      0.35    9.6   2.1   356   390   238   276   222   277 0.85 -
Dato07584-RA         -           1877 7592at7147           -            485   8.9e-08   31.3  48.1   2   6   4.6e-05    0.0095   14.7   5.1   355   451   269   368   261   391 0.68 -
Dato07584-RA         -           1877 7592at7147           -            485   8.9e-08   31.3  48.1   3   6   0.00012     0.025   13.3   3.0   351   414   738   801   709   817 0.87 -
Dato07584-RA         -           1877 7592at7147           -            485   8.9e-08   31.3  48.1   4   6       4.7   9.7e+02   -1.8   1.0    24    50  1053  1084  1040  1139 0.56 -
Dato07584-RA         -           1877 7592at7147           -            485   8.9e-08   31.3  48.1   5   6   4.4e-05    0.0091   14.8   0.4   342   396  1394  1449  1385  1489 0.76 -
Dato07584-RA         -           1877 7592at7147           -            485   8.9e-08   31.3  48.1   6   6   0.00068      0.14   10.9   0.7   359   408  1678  1727  1658  1747 0.82 -
Dato01613-RA         -            594 7592at7147           -            485   1.3e-07   30.7  48.3   1   4   2.1e-05    0.0043   15.8  17.1   308   412   307   421   301   449 0.67 -
Dato01613-RA         -            594 7592at7147           -            485   1.3e-07   30.7  48.3   2   4   0.00022     0.046   12.4   6.7   356   408   421   473   408   478 0.89 -
Dato01613-RA         -            594 7592at7147           -            485   1.3e-07   30.7  48.3   3   4    0.0014      0.28    9.9   2.4   357   408   450   501   448   505 0.95 -
Dato01613-RA         -            594 7592at7147           -            485   1.3e-07   30.7  48.3   4   4   5.9e-06    0.0012   17.7   4.4   356   409   505   558   476   590 0.81 -
Dato15530-RA         -            781 7592at7147           -            485   2.1e-07   30.1  25.3   1   4       1.3   2.7e+02    0.1   1.6   357   406   113   164    81   183 0.64 -
Dato15530-RA         -            781 7592at7147           -            485   2.1e-07   30.1  25.3   2   4     0.028       5.8    5.5   1.2    62    89   337   364   308   366 0.77 -
Dato15530-RA         -            781 7592at7147           -            485   2.1e-07   30.1  25.3   3   4   7.3e-05     0.015   14.1   3.3   355   412   366   424   354   434 0.80 -
Dato15530-RA         -            781 7592at7147           -            485   2.1e-07   30.1  25.3   4   4   8.6e-08   1.8e-05   23.7   1.0   349   418   579   648   555   686 0.80 -
Dato15674-RA         -           2170 7592at7147           -            485   2.5e-07   29.8  59.7   1   8       7.9   1.6e+03   -2.6   3.9   333   406   141   193    79   219 0.55 -
Dato15674-RA         -           2170 7592at7147           -            485   2.5e-07   29.8  59.7   2   8    0.0013      0.28    9.9   1.8   352   407   335   391   329   394 0.86 -
Dato15674-RA         -           2170 7592at7147           -            485   2.5e-07   29.8  59.7   3   8   7.5e-05     0.016   14.0   1.7   353   405   393   444   380   448 0.81 -
Dato15674-RA         -           2170 7592at7147           -            485   2.5e-07   29.8  59.7   4   8   1.4e-07   2.8e-05   23.0   0.5   350   409   827   886   812   935 0.83 -
Dato15674-RA         -           2170 7592at7147           -            485   2.5e-07   29.8  59.7   5   8       1.5   3.2e+02   -0.2   0.6   100   138  1064  1103   995  1116 0.70 -
Dato15674-RA         -           2170 7592at7147           -            485   2.5e-07   29.8  59.7   6   8   0.00024     0.049   12.4   1.0   347   407  1635  1694  1620  1702 0.83 -
Dato15674-RA         -           2170 7592at7147           -            485   2.5e-07   29.8  59.7   7   8     0.016       3.3    6.4   0.3     3    53  1784  1834  1782  1849 0.89 -
Dato15674-RA         -           2170 7592at7147           -            485   2.5e-07   29.8  59.7   8   8      0.15        31    3.1   0.4   355   424  1965  2038  1957  2079 0.73 -
Dato00065-RA         -            914 7592at7147           -            485   6.4e-07   28.5  48.4   1   5    0.0023      0.48    9.1   4.1   333   396   268   332   254   346 0.81 -
Dato00065-RA         -            914 7592at7147           -            485   6.4e-07   28.5  48.4   2   5      0.02       4.1    6.0   3.7    59   122   343   405   333   414 0.74 -
Dato00065-RA         -            914 7592at7147           -            485   6.4e-07   28.5  48.4   3   5   0.00018     0.038   12.7  10.5   294   411   363   469   359   470 0.87 -
Dato00065-RA         -            914 7592at7147           -            485   6.4e-07   28.5  48.4   4   5    0.0016      0.33    9.6   0.2    64    89   469   494   466   500 0.89 -
Dato00065-RA         -            914 7592at7147           -            485   6.4e-07   28.5  48.4   5   5    0.0041      0.85    8.3  10.2    26   125   501   624   501   645 0.63 -
Dato00941-RA         -            558 7592at7147           -            485   7.9e-07   28.2  37.2   1   5     0.093        19    3.8   0.9   383   410   143   170   119   172 0.86 -
Dato00941-RA         -            558 7592at7147           -            485   7.9e-07   28.2  37.2   2   5     0.023       4.8    5.8  10.7   332   409   146   225   139   238 0.68 -
Dato00941-RA         -            558 7592at7147           -            485   7.9e-07   28.2  37.2   3   5     0.007       1.4    7.5   0.0   381   411   286   316   269   318 0.91 -
Dato00941-RA         -            558 7592at7147           -            485   7.9e-07   28.2  37.2   4   5    0.0023      0.49    9.1   2.6   357   408   318   369   315   380 0.81 -
Dato00941-RA         -            558 7592at7147           -            485   7.9e-07   28.2  37.2   5   5   5.6e-06    0.0012   17.7   3.0   355   407   504   556   485   558 0.88 -
Dato06407-RA         -            521 7592at7147           -            485   9.4e-07   27.9  47.5   1   5     0.075        16    4.1   3.2    52    94    79   121    60   146 0.68 -
Dato06407-RA         -            521 7592at7147           -            485   9.4e-07   27.9  47.5   2   5   0.00026     0.053   12.2   1.0    55    90   139   174   128   190 0.80 -
Dato06407-RA         -            521 7592at7147           -            485   9.4e-07   27.9  47.5   3   5   1.3e-05    0.0028   16.5   3.9   349   410   200   261   181   266 0.86 -
Dato06407-RA         -            521 7592at7147           -            485   9.4e-07   27.9  47.5   4   5    0.0016      0.33    9.6   3.5   357   408   265   316   258   320 0.82 -
Dato06407-RA         -            521 7592at7147           -            485   9.4e-07   27.9  47.5   5   5     0.068        14    4.3   9.4   357   410   321   372   317   429 0.81 -
Dato14200-RA         -            262 7592at7147           -            485     1e-06   27.8   8.5   1   2   6.4e-07   0.00013   20.8   2.7    57   118    11    75     8   103 0.75 -
Dato14200-RA         -            262 7592at7147           -            485     1e-06   27.8   8.5   2   2    0.0009      0.19   10.5   0.3    62    93   188   219   150   260 0.67 -
Dato02914-RA         -            591 7592at7147           -            485   1.1e-06   27.6   1.7   1   2   5.5e-09   1.1e-06   27.6   1.7   354   411   205   262   198   268 0.92 -
Dato02914-RA         -            591 7592at7147           -            485   1.1e-06   27.6   1.7   2   2       6.2   1.3e+03   -2.2   8.4   356   416   293   352   264   359 0.61 -
Dato01522-RA         -            428 7592at7147           -            485   1.6e-06   27.2  14.6   1   2   7.3e-06    0.0015   17.4   4.1   346   392   270   314   255   330 0.81 -
Dato01522-RA         -            428 7592at7147           -            485   1.6e-06   27.2  14.6   2   2   5.9e-05     0.012   14.4   3.8   356   412   334   390   319   399 0.83 -
Dato16212-RA         -            779 7592at7147           -            485   1.6e-06   27.1  15.5   1   3   0.00065      0.13   10.9   0.1    70   124   520   570   514   592 0.71 -
Dato16212-RA         -            779 7592at7147           -            485   1.6e-06   27.1  15.5   2   3       6.4   1.3e+03   -2.3   0.0    65    89   576   600   568   602 0.84 -
Dato16212-RA         -            779 7592at7147           -            485   1.6e-06   27.1  15.5   3   3   7.4e-06    0.0015   17.3  10.7   312   407   649   760   634   767 0.78 -
Dato02452-RA         -            721 7592at7147           -            485   1.7e-06   27.1   3.6   1   2   8.1e-09   1.7e-06   27.1   3.6   352   411   266   325   239   332 0.89 -
Dato02452-RA         -            721 7592at7147           -            485   1.7e-06   27.1   3.6   2   2       1.2   2.5e+02    0.1   7.1    62   411   353   410   332   417 0.60 -
Dato00890-RA         -            578 7592at7147           -            485   2.2e-06   26.7  33.1   1   4   0.00014     0.029   13.1   2.6    64   122   268   325   261   335 0.79 -
Dato00890-RA         -            578 7592at7147           -            485   2.2e-06   26.7  33.1   2   4      0.15        31    3.1   3.5   355   408   332   386   324   388 0.85 -
Dato00890-RA         -            578 7592at7147           -            485   2.2e-06   26.7  33.1   3   4   2.7e-06   0.00055   18.8   3.6   352   411   386   444   379   445 0.91 -
Dato00890-RA         -            578 7592at7147           -            485   2.2e-06   26.7  33.1   4   4   0.00094       0.2   10.4   2.1   356   415   445   504   442   554 0.72 -
Dato06209-RA         -            829 7592at7147           -            485   3.3e-05   22.8  13.4   1   2     2e-05    0.0042   15.9   1.9    18    89   627   692   613   697 0.82 -
Dato06209-RA         -            829 7592at7147           -            485   3.3e-05   22.8  13.4   2   2   0.00062      0.13   11.0   1.5    56    90   714   749   705   755 0.78 -
Dato04997-RA         -            303 7592at7147           -            485   3.3e-05   22.8  24.5   1   3   3.1e-05    0.0064   15.3   7.1   335   395    50   109    36   125 0.79 -
Dato04997-RA         -            303 7592at7147           -            485   3.3e-05   22.8  24.5   2   3   0.00061      0.13   11.0   5.2   356   416   126   186   115   193 0.87 -
Dato04997-RA         -            303 7592at7147           -            485   3.3e-05   22.8  24.5   3   3     0.014       2.9    6.5   2.5   318   423   160   276   160   291 0.62 -
Dato01464-RA         -            449 7592at7147           -            485   3.5e-05   22.8  17.7   1   2   0.00015      0.03   13.1   3.8   336   407   251   324   241   329 0.86 -
Dato01464-RA         -            449 7592at7147           -            485   3.5e-05   22.8  17.7   2   2   4.6e-05    0.0095   14.7   6.0   343   423   343   426   329   439 0.78 -
Dato16804-RA         -           1359 7592at7147           -            485   5.4e-05   22.1  23.6   1   3    0.0062       1.3    7.7   1.4   346   407   347   408   327   411 0.85 -
Dato16804-RA         -           1359 7592at7147           -            485   5.4e-05   22.1  23.6   2   3   0.00055      0.11   11.2   3.4   354   407   642   695   622   701 0.85 -
Dato16804-RA         -           1359 7592at7147           -            485   5.4e-05   22.1  23.6   3   3     4e-05    0.0082   14.9   0.9   357   408  1124  1175  1113  1182 0.82 -
Dato16166-RA         -            734 7592at7147           -            485   6.2e-05   21.9  43.0   1   5       7.5   1.5e+03   -2.5   3.8   309   365    16    75     2    83 0.70 -
Dato16166-RA         -            734 7592at7147           -            485   6.2e-05   21.9  43.0   2   5    0.0015      0.31    9.7   5.6   358   411   465   518   460   521 0.94 -
Dato16166-RA         -            734 7592at7147           -            485   6.2e-05   21.9  43.0   3   5    0.0058       1.2    7.8   2.1   357   407   520   570   516   575 0.88 -
Dato16166-RA         -            734 7592at7147           -            485   6.2e-05   21.9  43.0   4   5   9.8e-05      0.02   13.6   1.5   357   410   576   629   566   632 0.89 -
Dato16166-RA         -            734 7592at7147           -            485   6.2e-05   21.9  43.0   5   5   3.6e-05    0.0075   15.1   3.1   356   409   631   684   614   698 0.84 -
Dato00564-RA         -            374 7592at7147           -            485   0.00012   21.0   4.0   1   3       8.1   1.7e+03   -2.6   0.5   205   228   146   169   137   175 0.79 -
Dato00564-RA         -            374 7592at7147           -            485   0.00012   21.0   4.0   2   3    0.0087       1.8    7.2   2.4   359   410   216   267   204   272 0.88 -
Dato00564-RA         -            374 7592at7147           -            485   0.00012   21.0   4.0   3   3   5.6e-07   0.00012   21.0   4.0   346   421   285   359   269   370 0.81 -
Dato05832-RA         -            682 7592at7147           -            485   0.00016   20.5  23.3   1   3    0.0049         1    8.0   1.8   357   407   454   504   442   509 0.88 -
Dato05832-RA         -            682 7592at7147           -            485   0.00016   20.5  23.3   2   3   0.00084      0.17   10.6   3.2   351   410   504   563   495   567 0.89 -
Dato05832-RA         -            682 7592at7147           -            485   0.00016   20.5  23.3   3   3   0.00038     0.078   11.7   2.3   356   411   565   620   562   623 0.92 -
Dato00431-RA         -            604 7592at7147           -            485   0.00018   20.4   1.7   1   3   0.00058      0.12   11.1   0.8   357   411   443   497   437   499 0.93 -
Dato00431-RA         -            604 7592at7147           -            485   0.00018   20.4   1.7   2   3   8.4e-07   0.00018   20.4   1.7   357   410   499   552   496   554 0.92 -
Dato00431-RA         -            604 7592at7147           -            485   0.00018   20.4   1.7   3   3    0.0085       1.8    7.2   0.2   373   407   543   577   537   585 0.49 -
Dato10791-RA         -            573 7592at7147           -            485   0.00018   20.4  12.3   1   2       2.2   4.6e+02   -0.7   0.5   262   293   290   316   241   332 0.66 -
Dato10791-RA         -            573 7592at7147           -            485   0.00018   20.4  12.3   2   2   8.9e-07   0.00018   20.4  12.3   305   412   363   487   347   491 0.77 -
Dato01535-RA         -            655 7592at7147           -            485   0.00022   20.1  18.0   1   3      0.44        90    1.6   0.1   381   407   460   486   441   492 0.56 -
Dato01535-RA         -            655 7592at7147           -            485   0.00022   20.1  18.0   2   3   3.7e-06   0.00077   18.3   4.6   346   411   488   552   458   555 0.74 -
Dato01535-RA         -            655 7592at7147           -            485   0.00022   20.1  18.0   3   3       0.1        21    3.7   7.4   355   407   552   606   543   613 0.84 -
Dato01468-RA         -            549 7592at7147           -            485   0.00024   20.0   4.0   1   3   1.2e-06   0.00024   20.0   4.0   356   411   292   347   277   351 0.90 -
Dato01468-RA         -            549 7592at7147           -            485   0.00024   20.0   4.0   2   3      0.42        86    1.7   0.2   102   122   351   371   345   378 0.66 -
Dato01468-RA         -            549 7592at7147           -            485   0.00024   20.0   4.0   3   3       0.2        42    2.7   6.4   344   410   366   430   353   441 0.79 -
Dato16376-RA         -            429 7592at7147           -            485   0.00037   19.4  36.1   1   3      0.21        43    2.7   0.1   307   332    35    60    18    94 0.82 -
Dato16376-RA         -            429 7592at7147           -            485   0.00037   19.4  36.1   2   3     0.017       3.4    6.3   9.9   312   388   192   279   174   301 0.75 -
Dato16376-RA         -            429 7592at7147           -            485   0.00037   19.4  36.1   3   3   1.5e-05     0.003   16.4  16.4   293   410   286   415   280   423 0.74 -
Dato11857-RA         -            387 7592at7147           -            485   0.00041   19.2  27.1   1   4   4.5e-06   0.00093   18.1   1.8   355   408   150   203   132   207 0.90 -
Dato11857-RA         -            387 7592at7147           -            485   0.00041   19.2  27.1   2   4     0.044         9    4.9   4.0   315   407   210   300   206   306 0.74 -
Dato11857-RA         -            387 7592at7147           -            485   0.00041   19.2  27.1   3   4      0.09        19    3.9   1.8   357   407   278   328   272   333 0.72 -
Dato11857-RA         -            387 7592at7147           -            485   0.00041   19.2  27.1   4   4     0.039       8.1    5.1   6.0   345   407   324   384   306   386 0.71 -
Dato01932-RA         -            243 7592at7147           -            485   0.00068   18.5  12.4   1   3     0.017       3.5    6.3   0.4    58    97    11    51     3    62 0.62 -
Dato01932-RA         -            243 7592at7147           -            485   0.00068   18.5  12.4   2   3   8.1e-05     0.017   13.9   3.0   358   411   164   217   156   226 0.85 -
Dato01932-RA         -            243 7592at7147           -            485   0.00068   18.5  12.4   3   3   1.3e-05    0.0026   16.6   3.5   355   407   189   241   173   243 0.89 -
Dato15695-RA         -            802 7592at7147           -            485   0.00075   18.4  29.2   1   3   8.2e-05     0.017   13.9   1.0   349   455   191   292   168   307 0.69 -
Dato15695-RA         -            802 7592at7147           -            485   0.00075   18.4  29.2   2   3     0.034         7    5.3   4.8   351   393   610   652   575   671 0.52 -
Dato15695-RA         -            802 7592at7147           -            485   0.00075   18.4  29.2   3   3    0.0093       1.9    7.1   8.9   327   408   669   752   659   788 0.81 -
Dato04404-RA         -            360 7592at7147           -            485   0.00077   18.3   1.2   1   3      0.28        59    2.2   0.2   383   409   234   260   229   263 0.75 -
Dato04404-RA         -            360 7592at7147           -            485   0.00077   18.3   1.2   2   3   3.7e-06   0.00077   18.3   1.2   357   411   264   318   259   321 0.94 -
Dato04404-RA         -            360 7592at7147           -            485   0.00077   18.3   1.2   3   3   0.00049       0.1   11.3   1.5   357   411   292   346   291   352 0.86 -
Dato02582-RA         -            461 7592at7147           -            485   0.00079   18.3   1.6   1   3   3.8e-06   0.00079   18.3   1.6   353   403   289   343   268   348 0.78 -
Dato02582-RA         -            461 7592at7147           -            485   0.00079   18.3   1.6   2   3      0.14        28    3.3   0.8   373   407   337   371   328   376 0.74 -
Dato02582-RA         -            461 7592at7147           -            485   0.00079   18.3   1.6   3   3      0.66   1.4e+02    1.0   6.7   335   407   353   427   347   433 0.66 -
Dato01276-RA         -            360 7592at7147           -            485   0.00087   18.1  14.1   1   2     6e-05     0.012   14.3   0.5    59   121   200   256   188   263 0.79 -
Dato01276-RA         -            360 7592at7147           -            485   0.00087   18.1  14.1   2   2    0.0097         2    7.0   9.3   315   417   237   347   237   356 0.72 -
Dato15281-RA         -            905 7592at7147           -            485    0.0015   17.4  33.8   1   4      0.11        22    3.6   0.2    20    54   198   229   183   253 0.74 -
Dato15281-RA         -            905 7592at7147           -            485    0.0015   17.4  33.8   2   4    0.0094       1.9    7.1   1.3   357   409   291   343   278   346 0.90 -
Dato15281-RA         -            905 7592at7147           -            485    0.0015   17.4  33.8   3   4    0.0001     0.022   13.5   6.1   349   411   341   401   331   408 0.79 -
Dato15281-RA         -            905 7592at7147           -            485    0.0015   17.4  33.8   4   4     0.016       3.3    6.3   8.7   336   411   410   487   402   499 0.85 -
Dato01280-RA         -            872 7592at7147           -            485    0.0016   17.2  38.5   1   4     0.039       8.1    5.1   8.9   357   407   294   344   262   349 0.76 -
Dato01280-RA         -            872 7592at7147           -            485    0.0016   17.2  38.5   2   4   2.2e-05    0.0045   15.8   3.6   346   414   339   407   332   427 0.85 -
Dato01280-RA         -            872 7592at7147           -            485    0.0016   17.2  38.5   3   4    0.0015      0.31    9.7   2.5   356   442   648   732   620   752 0.74 -
Dato01280-RA         -            872 7592at7147           -            485    0.0016   17.2  38.5   4   4      0.22        45    2.6   2.4    81   125   802   847   794   872 0.62 -
Dato05510-RA         -           1117 7592at7147           -            485    0.0019   17.1  13.5   1   6     9e-06    0.0019   17.1  13.5   333   408   197   274   167   280 0.83 -
Dato05510-RA         -           1117 7592at7147           -            485    0.0019   17.1  13.5   2   6      0.06        12    4.4   2.0    24    92   351   427   333   440 0.66 -
Dato05510-RA         -           1117 7592at7147           -            485    0.0019   17.1  13.5   3   6       3.3   6.8e+02   -1.3   0.3   348   382   578   613   557   616 0.51 -
Dato05510-RA         -           1117 7592at7147           -            485    0.0019   17.1  13.5   4   6      0.25        52    2.4   1.8    54    94   764   805   743   828 0.72 -
Dato05510-RA         -           1117 7592at7147           -            485    0.0019   17.1  13.5   5   6      0.17        34    3.0   4.4   338   407   788   856   778   865 0.80 -
Dato05510-RA         -           1117 7592at7147           -            485    0.0019   17.1  13.5   6   6     0.078        16    4.1   2.5   357   410   946  1003   905  1048 0.59 -
Dato06674-RA         -            347 7592at7147           -            485    0.0024   16.7  15.6   1   2   0.00023     0.047   12.4   9.4   314   410   170   278   148   280 0.78 -
Dato06674-RA         -            347 7592at7147           -            485    0.0024   16.7  15.6   2   2    0.0048         1    8.0   1.7   355   409   279   334   258   338 0.79 -
Dato14204-RA         -            407 7592at7147           -            485    0.0037   16.1  27.3   1   3     0.051        10    4.7   0.3    57    88   205   235   187   242 0.58 -
Dato14204-RA         -            407 7592at7147           -            485    0.0037   16.1  27.3   2   3    0.0011      0.24   10.1  11.9   315   408   243   348   243   352 0.75 -
Dato14204-RA         -            407 7592at7147           -            485    0.0037   16.1  27.3   3   3     0.025       5.1    5.7   2.2   357   408   353   404   348   406 0.92 -
Dato03106-RA         -            427 7592at7147           -            485    0.0037   16.1  13.0   1   2   1.8e-05    0.0037   16.1  13.0   299   411   104   229    93   233 0.76 -
Dato03106-RA         -            427 7592at7147           -            485    0.0037   16.1  13.0   2   2      0.58   1.2e+02    1.2   0.3    25    61   232   267   230   278 0.78 -
Dato16177-RA         -           1019 7592at7147           -            485    0.0038   16.0  15.1   1   3    0.0032      0.66    8.6   2.1   358   410   642   694   631   698 0.86 -
Dato16177-RA         -           1019 7592at7147           -            485    0.0038   16.0  15.1   2   3    0.0055       1.1    7.9  13.3   299   407   686   806   685   806 0.69 -
Dato16177-RA         -           1019 7592at7147           -            485    0.0038   16.0  15.1   3   3   1.9e-05    0.0038   16.0  15.1   297   410   739   864   731   874 0.79 -
Dato00545-RA         -            362 7592at7147           -            485    0.0041   15.9  20.3   1   3   0.00087      0.18   10.5   8.5   343   414   195   270   178   278 0.81 -
Dato00545-RA         -            362 7592at7147           -            485    0.0041   15.9  20.3   2   3    0.0039       0.8    8.4   1.7   357   408   269   321   268   326 0.77 -
Dato00545-RA         -            362 7592at7147           -            485    0.0041   15.9  20.3   3   3     0.062        13    4.4   0.3    65    97   326   358   320   361 0.82 -
Dato01469-RA         -            451 7592at7147           -            485    0.0049   15.7  22.6   1   2   3.4e-05    0.0071   15.1   3.9   355   409   293   347   269   353 0.78 -
Dato01469-RA         -            451 7592at7147           -            485    0.0049   15.7  22.6   2   2   0.00092      0.19   10.4   6.3   333   414   353   436   347   451 0.76 -
Dato12353-RA         -            439 7592at7147           -            485    0.0052   15.6  22.7   1   3     0.014       2.9    6.5   4.0   360   411   158   209   136   212 0.85 -
Dato12353-RA         -            439 7592at7147           -            485    0.0052   15.6  22.7   2   3   6.8e-05     0.014   14.2   6.8   357   406   239   289   208   300 0.75 -
Dato12353-RA         -            439 7592at7147           -            485    0.0052   15.6  22.7   3   3       4.9     1e+03   -1.9   0.1    66    88   324   346   316   351 0.58 -
Dato06689-RA         -            406 7592at7147           -            485    0.0069   15.2  17.4   1   1   5.2e-05     0.011   14.6  16.1   313   414   188   301   174   313 0.79 -
Dato03273-RA         -            277 7592at7147           -            485    0.0072   15.1  19.5   1   3      0.51   1.1e+02    1.4   1.8   380   412   122   154    41   165 0.72 -
Dato03273-RA         -            277 7592at7147           -            485    0.0072   15.1  19.5   2   3   0.00017     0.034   12.9  10.8   336   403   162   233   115   236 0.66 -
Dato03273-RA         -            277 7592at7147           -            485    0.0072   15.1  19.5   3   3    0.0086       1.8    7.2   0.8   347   380   229   263   223   270 0.79 -
Dato15907-RA         -            269 7592at7147           -            485     0.011   14.6  15.4   1   2   0.00098       0.2   10.3   4.8   357   407    80   130    70   134 0.70 -
Dato15907-RA         -            269 7592at7147           -            485     0.011   14.6  15.4   2   2    0.0012      0.24   10.1   3.0    20    77   134   189   132   224 0.71 -
Dato07105-RA         -            541 7592at7147           -            485     0.013   14.3  18.1   1   3     0.062        13    4.4   0.5    50    89   232   271   209   276 0.71 -
Dato07105-RA         -            541 7592at7147           -            485     0.013   14.3  18.1   2   3   0.00089      0.18   10.5   4.0   357   408   276   327   272   331 0.93 -
Dato07105-RA         -            541 7592at7147           -            485     0.013   14.3  18.1   3   3    0.0038      0.78    8.4   0.6   357   394   332   369   327   380 0.89 -
Dato10621-RA         -            787 7592at7147           -            485     0.017   13.9  24.4   1   3    0.0031      0.65    8.7   4.2   356   409   234   287   225   314 0.91 -
Dato10621-RA         -            787 7592at7147           -            485     0.017   13.9  24.4   2   3   0.00089      0.18   10.5   3.4   356   406   448   502   438   508 0.79 -
Dato10621-RA         -            787 7592at7147           -            485     0.017   13.9  24.4   3   3     0.026       5.4    5.6   1.6    68   121   522   581   510   585 0.79 -
Dato12689-RA         -            580 7592at7147           -            485     0.019   13.7  11.0   1   3      0.05        10    4.7   0.2    98   480   427   450   386   456 0.59 -
Dato12689-RA         -            580 7592at7147           -            485     0.019   13.7  11.0   2   3     0.084        17    3.9   2.8   356   391   456   492   449   504 0.82 -
Dato12689-RA         -            580 7592at7147           -            485     0.019   13.7  11.0   3   3    0.0015      0.31    9.7   0.2     4    56   495   548   492   559 0.82 -
Dato00909-RA         -            889 7592at7147           -            485     0.023   13.4  30.8   1   3     0.048       9.9    4.8   0.2   355   409   264   320   250   326 0.75 -
Dato00909-RA         -            889 7592at7147           -            485     0.023   13.4  30.8   2   3      0.04       8.3    5.0   3.2   356   412   327   382   319   387 0.78 -
Dato00909-RA         -            889 7592at7147           -            485     0.023   13.4  30.8   3   3    0.0011      0.22   10.2  14.8   315   418   385   502   384   528 0.70 -
Dato05273-RA         -            255 7592at7147           -            485     0.024   13.4  14.7   1   3       3.7   7.7e+02   -1.5   0.0   353   377    29    53    23    70 0.74 -
Dato05273-RA         -            255 7592at7147           -            485     0.024   13.4  14.7   2   3     0.077        16    4.1   1.3   357   410   140   194   119   197 0.77 -
Dato05273-RA         -            255 7592at7147           -            485     0.024   13.4  14.7   3   3   0.00038     0.078   11.7  12.5   326   411   164   251   141   254 0.78 -
Dato02581-RA         -            472 7592at7147           -            485     0.025   13.3  18.3   1   3   0.00016     0.033   13.0   1.6   353   391   307   345   286   351 0.85 -
Dato02581-RA         -            472 7592at7147           -            485     0.025   13.3  18.3   2   3   0.00028     0.057   12.1   4.2   358   410   340   392   339   396 0.93 -
Dato02581-RA         -            472 7592at7147           -            485     0.025   13.3  18.3   3   3       1.1   2.4e+02    0.2   6.1   355   390   393   428   382   460 0.57 -
Dato15019-RA         -            577 7592at7147           -            485     0.033   12.9  31.5   1   4      0.22        46    2.6   0.0    66   413   133   161   113   189 0.61 -
Dato15019-RA         -            577 7592at7147           -            485     0.033   12.9  31.5   2   4       9.5     2e+03   -2.8   1.1   315   356   231   273   197   290 0.60 -
Dato15019-RA         -            577 7592at7147           -            485     0.033   12.9  31.5   3   4    0.0029      0.59    8.8  11.2   269   409   329   484   318   487 0.68 -
Dato15019-RA         -            577 7592at7147           -            485     0.033   12.9  31.5   4   4   0.00062      0.13   11.0   8.9   315   392   434   523   434   541 0.68 -
Dato00544-RA         -            736 7592at7147           -            485     0.035   12.9  14.9   1   1   0.00081      0.17   10.6  15.0   349   477   518   658   496   662 0.65 -
Dato01844-RA         -            321 7592at7147           -            485     0.048   12.4   3.8   1   1   0.00035     0.072   11.8   3.8    70   148    14    92     5    95 0.81 -
Dato15891-RA         -            322 7592at7147           -            485      0.05   12.3  20.6   1   3     0.052        11    4.6   3.7   335   412    63   139    48   142 0.73 -
Dato15891-RA         -            322 7592at7147           -            485      0.05   12.3  20.6   2   3     0.046       9.5    4.8   8.2   346   412   129   195    86   202 0.72 -
Dato15891-RA         -            322 7592at7147           -            485      0.05   12.3  20.6   3   3   0.00074      0.15   10.7   6.4   312   409   167   277   166   282 0.72 -
Dato00548-RA         -            446 7592at7147           -            485     0.066   12.0  24.6   1   2     0.062        13    4.4   4.8   312   391   245   335   212   341 0.63 -
Dato00548-RA         -            446 7592at7147           -            485     0.066   12.0  24.6   2   2   0.00068      0.14   10.9  12.2   343   411   345   412   337   444 0.83 -
Dato15349-RA         -            614 7592at7147           -            485     0.071   11.8  17.4   1   2   0.00069      0.14   10.8   4.6   351   408   333   390   303   398 0.85 -
Dato15349-RA         -            614 7592at7147           -            485     0.071   11.8  17.4   2   2     0.031       6.4    5.4   4.1    60    91   416   448   408   508 0.76 -
Dato16377-RA         -            178 7592at7147           -            485     0.072   11.8  16.5   1   1    0.0019      0.39    9.4  14.9   296   411    32   165    24   176 0.72 -
Dato04826-RA         -            207 7592at7147           -            485      0.11   11.2   2.1   1   1    0.0014       0.3    9.8   2.1    62    89   166   196   137   203 0.57 -
Dato00546-RA         -            325 7592at7147           -            485      0.12   11.1  22.1   1   3    0.0013      0.27    9.9   8.8   345   413   160   232   142   237 0.81 -
Dato00546-RA         -            325 7592at7147           -            485      0.12   11.1  22.1   2   3       0.1        21    3.7   2.8   357   408   232   284   231   288 0.78 -
Dato00546-RA         -            325 7592at7147           -            485      0.12   11.1  22.1   3   3      0.06        12    4.4   0.2    65    97   289   321   285   324 0.84 -
Dato07120-RA         -            179 7592at7147           -            485      0.17   10.6   6.3   1   2       0.1        21    3.7   0.7    66    89    16    39     4    45 0.76 -
Dato07120-RA         -            179 7592at7147           -            485      0.17   10.6   6.3   2   2    0.0012      0.24   10.1   1.0    58    90    40    73    35    87 0.76 -
Dato10793-RA         -            409 7592at7147           -            485      0.19   10.4  21.1   1   2    0.0028      0.59    8.8  19.4   296   412   246   380   219   392 0.73 -
Dato10793-RA         -            409 7592at7147           -            485      0.19   10.4  21.1   2   2      0.89   1.8e+02    0.6   0.3    24    47   381   404   377   407 0.67 -
Dato06628-RA         -            950 7592at7147           -            485       0.2   10.3  21.3   1   3      0.13        26    3.4   4.4   359   409   634   684   585   687 0.65 -
Dato06628-RA         -            950 7592at7147           -            485       0.2   10.3  21.3   2   3      0.02       4.1    6.0   7.6   315   411   634   742   633   745 0.70 -
Dato06628-RA         -            950 7592at7147           -            485       0.2   10.3  21.3   3   3     0.024       5.1    5.7   1.9   358   395   745   782   741   809 0.76 -
Dato10540-RA         -            751 7592at7147           -            485      0.49    9.1  17.9   1   1    0.0014      0.28    9.9  13.9   313   429   262   387   231   399 0.70 -
Dato05182-RA         -            600 7592at7147           -            485      0.53    9.0  30.9   1   3     0.014         3    6.5   9.1    26   103   374   468   364   472 0.65 -
Dato05182-RA         -            600 7592at7147           -            485      0.53    9.0  30.9   2   3   0.00019     0.038   12.7   2.4   358   410   463   516   455   523 0.80 -
Dato05182-RA         -            600 7592at7147           -            485      0.53    9.0  30.9   3   3      0.29        60    2.2   3.1   359   404   521   565   516   587 0.68 -
Dato16378-RA         -            459 7592at7147           -            485       0.6    8.8  37.1   1   4     0.036       7.4    5.2   6.4   296   404   156   281   142   288 0.69 -
Dato16378-RA         -            459 7592at7147           -            485       0.6    8.8  37.1   2   4     0.002      0.41    9.3   8.6   334   408   297   369   290   373 0.87 -
Dato16378-RA         -            459 7592at7147           -            485       0.6    8.8  37.1   3   4     0.034         7    5.3   2.3   358   408   375   425   372   429 0.84 -
Dato16378-RA         -            459 7592at7147           -            485       0.6    8.8  37.1   4   4      0.49     1e+02    1.4   4.3   359   408   404   453   392   458 0.70 -
Dato01776-RA         -            912 7592at7147           -            485      0.68    8.6  33.4   1   3    0.0056       1.2    7.8   5.7   349   412   347   411   321   416 0.86 -
Dato01776-RA         -            912 7592at7147           -            485      0.68    8.6  33.4   2   3     0.019         4    6.1   5.4   358   410   413   465   411   475 0.75 -
Dato01776-RA         -            912 7592at7147           -            485      0.68    8.6  33.4   3   3    0.0008      0.17   10.6   1.5   348   404   850   906   835   911 0.88 -
Dato13823-RA         -            686 7592at7147           -            485       1.4    7.6  29.1   1   3      0.22        46    2.6   0.6   292   326   161   198   156   215 0.83 -
Dato13823-RA         -            686 7592at7147           -            485       1.4    7.6  29.1   2   3     0.044       9.1    4.9   2.0   352   391   328   367   322   384 0.84 -
Dato13823-RA         -            686 7592at7147           -            485       1.4    7.6  29.1   3   3    0.0031      0.63    8.7  19.3   303   412   351   472   342   483 0.77 -
Dato16020-RA         -            788 7592at7147           -            485       1.4    7.6  31.6   1   4   4.6e-05    0.0095   14.7   3.4   357   411    25    79    14    82 0.90 -
Dato16020-RA         -            788 7592at7147           -            485       1.4    7.6  31.6   2   4       3.2   6.5e+02   -1.2   7.2    81   131    68   113    66   133 0.63 -
Dato16020-RA         -            788 7592at7147           -            485       1.4    7.6  31.6   3   4   0.00067      0.14   10.9   1.8   355   410   589   644   567   647 0.85 -
Dato16020-RA         -            788 7592at7147           -            485       1.4    7.6  31.6   4   4     0.087        18    3.9   1.6   357   411   619   670   619   682 0.66 -
Dato02897-RA         -            408 7592at7147           -            485       1.8    7.2  27.1   1   4       0.1        22    3.6   1.9   355   392   166   204   114   216 0.76 -
Dato02897-RA         -            408 7592at7147           -            485       1.8    7.2  27.1   2   4     0.076        16    4.1   5.3   356   409   230   283   214   292 0.90 -
Dato02897-RA         -            408 7592at7147           -            485       1.8    7.2  27.1   3   4     0.057        12    4.5   1.0   357   408   287   339   283   343 0.86 -
Dato02897-RA         -            408 7592at7147           -            485       1.8    7.2  27.1   4   4    0.0028      0.58    8.8   4.7   357   410   316   369   303   385 0.86 -
Dato10433-RA         -           1019 7592at7147           -            485       1.8    7.2  62.3   1   7       4.8     1e+03   -1.8   0.0   383   428   384   432   374   440 0.67 -
Dato10433-RA         -           1019 7592at7147           -            485       1.8    7.2  62.3   2   7       1.4     3e+02   -0.1   1.3    24    85   441   495   436   539 0.69 -
Dato10433-RA         -           1019 7592at7147           -            485       1.8    7.2  62.3   3   7       0.5     1e+02    1.4   5.1   354   403   558   607   504   617 0.45 -
Dato10433-RA         -           1019 7592at7147           -            485       1.8    7.2  62.3   4   7   0.00056      0.12   11.1   3.3    19   122   693   792   684   799 0.84 -
Dato10433-RA         -           1019 7592at7147           -            485       1.8    7.2  62.3   5   7    0.0015      0.32    9.7   9.2   314   415   799   901   792   911 0.81 -
Dato10433-RA         -           1019 7592at7147           -            485       1.8    7.2  62.3   6   7    0.0033      0.67    8.6   4.9    62   404   929   980   913   983 0.55 -
Dato10433-RA         -           1019 7592at7147           -            485       1.8    7.2  62.3   7   7     0.015         3    6.5   2.2   358   409   962  1017   960  1019 0.83 -
Dato01642-RA         -            298 7592at7147           -            485         3    6.5  15.1   1   2   0.00049       0.1   11.3   1.5   351   390   190   229   169   249 0.77 -
Dato01642-RA         -            298 7592at7147           -            485         3    6.5  15.1   2   2     0.026       5.3    5.7   1.1   367   408   236   277   228   283 0.68 -
Dato04299-RA         -            866 7592at7147           -            485       5.9    5.5  50.9   1   6     0.016       3.3    6.3  10.2   350   469   258   372   227   383 0.76 -
Dato04299-RA         -            866 7592at7147           -            485       5.9    5.5  50.9   2   6      0.04       8.3    5.0   1.5   346   407   347   413   340   418 0.72 -
Dato04299-RA         -            866 7592at7147           -            485       5.9    5.5  50.9   3   6    0.0054       1.1    7.9   8.3   339   412   367   446   361   454 0.73 -
Dato04299-RA         -            866 7592at7147           -            485       5.9    5.5  50.9   4   6   6.1e-05     0.013   14.3   4.1   356   410   418   472   405   477 0.90 -
Dato04299-RA         -            866 7592at7147           -            485       5.9    5.5  50.9   5   6       4.3   8.8e+02   -1.7   8.0   344   408   465   527   459   536 0.83 -
Dato04299-RA         -            866 7592at7147           -            485       5.9    5.5  50.9   6   6      0.11        23    3.5   4.9   346   408   659   719   638   766 0.70 -
Dato01660-RA         -            602 7592at7147           -            485       6.5    5.4  54.6   1   6       1.1   2.2e+02    0.3   0.2   100   118    55    73    45    78 0.81 -
Dato01660-RA         -            602 7592at7147           -            485       6.5    5.4  54.6   2   6     0.029       6.1    5.5   7.6   347   416   205   268   186   280 0.77 -
Dato01660-RA         -            602 7592at7147           -            485       6.5    5.4  54.6   3   6    0.0043      0.89    8.2   0.6    70   118   298   347   290   352 0.83 -
Dato01660-RA         -            602 7592at7147           -            485       6.5    5.4  54.6   4   6    0.0031      0.65    8.7   2.5   348   431   320   406   318   425 0.75 -
Dato01660-RA         -            602 7592at7147           -            485       6.5    5.4  54.6   5   6     0.011       2.3    6.8   7.3   340   412   431   501   421   512 0.81 -
Dato01660-RA         -            602 7592at7147           -            485       6.5    5.4  54.6   6   6      0.31        64    2.1  11.7   331   431   474   579   469   599 0.70 -
Dato11980-RA         -            620 7592at7147           -            485       8.6    5.0  30.5   1   5       1.1   2.3e+02    0.2   0.1     6    42   207   245   202   251 0.76 -
Dato11980-RA         -            620 7592at7147           -            485       8.6    5.0  30.5   2   5   0.00032     0.066   12.0   4.2   341   409   271   337   258   341 0.85 -
Dato11980-RA         -            620 7592at7147           -            485       8.6    5.0  30.5   3   5    0.0075       1.6    7.4   1.6   359   410   315   366   315   368 0.88 -
Dato11980-RA         -            620 7592at7147           -            485       8.6    5.0  30.5   4   5      0.15        32    3.1   3.5    63   147   366   450   355   464 0.77 -
Dato11980-RA         -            620 7592at7147           -            485       8.6    5.0  30.5   5   5      0.12        25    3.4   1.0   355   407   490   541   475   558 0.72 -
#
# Program:         hmmsearch
# Version:         3.1b2 (February 2015)
# Pipeline mode:   SEARCH
# Query file:      /home/nmoreyra/Documents/Genomics/03_orthologs_search/00_Phylogenomics_BUSCO-groups/busco4_odb10/busco_downloads/lineages/diptera_odb10/hmms/7592at7147.hmm
# Target file:     /home/nmoreyra/Documents/Genomics/03_orthologs_search/00_Phylogenomics_BUSCO-groups/busco4_odb10/../00_proteins/Dato_proteins.fasta
# Option settings: /home/nmoreyra/Software/miniconda3/envs/busco4/bin/hmmsearch --domtblout /home/nmoreyra/Documents/Genomics/03_orthologs_search/00_Phylogenomics_BUSCO-groups/busco4_odb10/Dato_diptera/run_diptera_odb10/hmmer_output/initial_run_results/7592at7147.out --cpu 1 /home/nmoreyra/Documents/Genomics/03_orthologs_search/00_Phylogenomics_BUSCO-groups/busco4_odb10/busco_downloads/lineages/diptera_odb10/hmms/7592at7147.hmm /home/nmoreyra/Documents/Genomics/03_orthologs_search/00_Phylogenomics_BUSCO-groups/busco4_odb10/../00_proteins/Dato_proteins.fasta 
# Current dir:     /home/nmoreyra/Documents/Genomics/03_orthologs_search/00_Phylogenomics_BUSCO-groups/busco4_odb10
# Date:            Mon Jan 25 12:59:56 2021
# [ok]
