#                                                                            --- full sequence --- -------------- this domain -------------   hmm coord   ali coord   env coord
# target name        accession   tlen query name           accession   qlen   E-value  score  bias   #  of  c-Evalue  i-Evalue  score  bias  from    to  from    to  from    to  acc description of target
#------------------- ---------- ----- -------------------- ---------- ----- --------- ------ ----- --- --- --------- --------- ------ ----- ----- ----- ----- ----- ----- ----- ---- ---------------------
Dato12559-RA         -           1502 8454at7147           -            602  3.2e-185  616.8   5.0   1   1  2.9e-188  4.8e-185  616.2   5.0   328   602   970  1245   968  1245 0.99 -
Dato12560-RA         -            556 8454at7147           -            602  1.5e-171  571.6  10.8   1   3   2.2e-99   3.5e-96  322.7   0.0     1   187   139   342   139   355 0.93 -
Dato12560-RA         -            556 8454at7147           -            602  1.5e-171  571.6  10.8   2   3   2.6e-07   0.00042   18.6   0.6   186   207   384   405   362   415 0.87 -
Dato12560-RA         -            556 8454at7147           -            602  1.5e-171  571.6  10.8   3   3   2.8e-72   4.6e-69  233.1   3.9   205   330   427   555   417   556 0.96 -
Dato05400-RA         -            855 8454at7147           -            602   3.3e-74  250.1   7.4   1   2   2.4e-25   3.9e-22   78.2   0.2   169   306     9   169     3   173 0.79 -
Dato05400-RA         -            855 8454at7147           -            602   3.3e-74  250.1   7.4   2   2   1.4e-54   2.3e-51  174.7   2.4   306   525   193   413   191   480 0.94 -
Dato15702-RA         -            917 8454at7147           -            602   2.2e-33  115.3   8.1   1   3        10   1.6e+04   -7.5   4.7   177   246    22    94     5   105 0.64 -
Dato15702-RA         -            917 8454at7147           -            602   2.2e-33  115.3   8.1   2   3   1.3e-36   2.2e-33  115.3   8.1   150   519   366   742   350   758 0.81 -
Dato15702-RA         -            917 8454at7147           -            602   2.2e-33  115.3   8.1   3   3       1.2     2e+03   -3.5   0.0   562   596   800   834   791   835 0.89 -
Dato01037-RA         -            810 8454at7147           -            602   7.3e-17   60.7   4.9   1   2   3.2e-08   5.2e-05   21.6   0.0   143   243   270   398   241   406 0.70 -
Dato01037-RA         -            810 8454at7147           -            602   7.3e-17   60.7   4.9   2   2   1.8e-13     3e-10   38.9   2.8   137   256   642   782   612   796 0.77 -
Dato01002-RA         -           1220 8454at7147           -            602   3.2e-13   48.7  13.1   1   1   3.2e-16   5.2e-13   48.0  13.1   286   522   457   714   446   734 0.75 -
Dato13715-RA         -           1335 8454at7147           -            602   2.3e-11   42.6  12.3   1   1   2.3e-14   3.8e-11   41.9  12.3   283   522   620   884   566   911 0.74 -
Dato16516-RA         -            857 8454at7147           -            602   9.4e-10   37.3   8.9   1   1   1.4e-12   2.3e-09   36.0   8.9   280   580   467   784   454   802 0.67 -
Dato14764-RA         -            846 8454at7147           -            602   5.5e-09   34.7  13.8   1   1   5.1e-12   8.3e-09   34.1  13.8   246   481   495   743   483   749 0.79 -
Dato02663-RA         -           1056 8454at7147           -            602      0.26    9.4   5.9   1   2     0.022        35    2.3   0.2   186   221   567   604   540   649 0.69 -
Dato02663-RA         -           1056 8454at7147           -            602      0.26    9.4   5.9   2   2    0.0002      0.32    9.1   1.3   192   237   735   781   717   803 0.82 -
#
# Program:         hmmsearch
# Version:         3.1b2 (February 2015)
# Pipeline mode:   SEARCH
# Query file:      /home/nmoreyra/Documents/Genomics/03_orthologs_search/00_Phylogenomics_BUSCO-groups/busco4_odb10/busco_downloads/lineages/diptera_odb10/hmms/8454at7147.hmm
# Target file:     /home/nmoreyra/Documents/Genomics/03_orthologs_search/00_Phylogenomics_BUSCO-groups/busco4_odb10/../00_proteins/Dato_proteins.fasta
# Option settings: /home/nmoreyra/Software/miniconda3/envs/busco4/bin/hmmsearch --domtblout /home/nmoreyra/Documents/Genomics/03_orthologs_search/00_Phylogenomics_BUSCO-groups/busco4_odb10/Dato_diptera/run_diptera_odb10/hmmer_output/initial_run_results/8454at7147.out --cpu 1 /home/nmoreyra/Documents/Genomics/03_orthologs_search/00_Phylogenomics_BUSCO-groups/busco4_odb10/busco_downloads/lineages/diptera_odb10/hmms/8454at7147.hmm /home/nmoreyra/Documents/Genomics/03_orthologs_search/00_Phylogenomics_BUSCO-groups/busco4_odb10/../00_proteins/Dato_proteins.fasta 
# Current dir:     /home/nmoreyra/Documents/Genomics/03_orthologs_search/00_Phylogenomics_BUSCO-groups/busco4_odb10
# Date:            Mon Jan 25 13:01:44 2021
# [ok]
