#                                                                            --- full sequence --- -------------- this domain -------------   hmm coord   ali coord   env coord
# target name        accession   tlen query name           accession   qlen   E-value  score  bias   #  of  c-Evalue  i-Evalue  score  bias  from    to  from    to  from    to  acc description of target
#------------------- ---------- ----- -------------------- ---------- ----- --------- ------ ----- --- --- --------- --------- ------ ----- ----- ----- ----- ----- ----- ----- ---- ---------------------
Dato01409-RA         -           1957 8719at7147           -            804    7e-251  834.7  79.9   1   4   9.3e-97     8e-94  315.2   1.3     2   211   931  1145   930  1148 0.91 -
Dato01409-RA         -           1957 8719at7147           -            804    7e-251  834.7  79.9   2   4   5.3e-05     0.046   11.7  19.7   183   316  1144  1281  1127  1284 0.72 -
Dato01409-RA         -           1957 8719at7147           -            804    7e-251  834.7  79.9   3   4   5.2e-91   4.5e-88  296.2  28.8   247   648  1249  1685  1241  1699 0.79 -
Dato01409-RA         -           1957 8719at7147           -            804    7e-251  834.7  79.9   4   4   9.1e-69   7.8e-66  222.6  19.0   554   804  1700  1955  1681  1955 0.77 -
Dato13126-RA         -           1878 8719at7147           -            804   1.1e-08   33.7   0.9   1   5   1.7e-07   0.00015   20.0   0.1    18   110   711   810   696   818 0.74 -
Dato13126-RA         -           1878 8719at7147           -            804   1.1e-08   33.7   0.9   2   5       7.8   6.7e+03   -5.4  19.0   186   314   867  1001   854  1017 0.45 -
Dato13126-RA         -           1878 8719at7147           -            804   1.1e-08   33.7   0.9   3   5       3.1   2.6e+03   -4.0  20.3   198   352  1009  1164   996  1264 0.60 -
Dato13126-RA         -           1878 8719at7147           -            804   1.1e-08   33.7   0.9   4   5       1.6   1.4e+03   -3.1  17.2   185   322  1497  1634  1486  1659 0.79 -
Dato13126-RA         -           1878 8719at7147           -            804   1.1e-08   33.7   0.9   5   5   3.1e-08   2.7e-05   22.4   0.1   664   790  1714  1846  1643  1858 0.76 -
Dato14921-RA         -            721 8719at7147           -            804   2.5e-08   32.4   0.0   1   4   2.9e-11   2.5e-08   32.4   0.0    26    72    12    58     3    76 0.85 -
Dato14921-RA         -            721 8719at7147           -            804   2.5e-08   32.4   0.0   2   4       4.9   4.2e+03   -4.7  17.7   141   313    67   246    64   291 0.55 -
Dato14921-RA         -            721 8719at7147           -            804   2.5e-08   32.4   0.0   3   4       0.7     6e+02   -1.9  11.4   192   304   417   537   384   553 0.56 -
Dato14921-RA         -            721 8719at7147           -            804   2.5e-08   32.4   0.0   4   4     0.074        63    1.3   2.0   641   706   609   674   566   679 0.62 -
Dato12394-RA         -           1413 8719at7147           -            804     8e-08   30.8   5.1   1   5   2.5e-07   0.00021   19.4   0.0    23    71   102   149    82   232 0.76 -
Dato12394-RA         -           1413 8719at7147           -            804     8e-08   30.8   5.1   2   5       1.6   1.4e+03   -3.1  25.2   177   326   772   915   760   929 0.50 -
Dato12394-RA         -           1413 8719at7147           -            804     8e-08   30.8   5.1   3   5       1.7   1.5e+03   -3.2  26.4   187   325   883  1024   873  1052 0.59 -
Dato12394-RA         -           1413 8719at7147           -            804     8e-08   30.8   5.1   4   5   7.1e-08   6.2e-05   21.2   2.7   557   781  1023  1253  1020  1266 0.73 -
Dato12394-RA         -           1413 8719at7147           -            804     8e-08   30.8   5.1   5   5      0.82   7.1e+02   -2.1   5.6   557   596  1316  1356  1295  1402 0.60 -
Dato06818-RA         -           1655 8719at7147           -            804     3e-07   28.9  19.3   1   2   3.5e-10     3e-07   28.9  19.3    23   347    23   359     3   365 0.66 -
Dato06818-RA         -           1655 8719at7147           -            804     3e-07   28.9  19.3   2   2   0.00018      0.15   10.0  15.4   532   783   874  1133   866  1146 0.72 -
Dato01430-RA         -           1240 8719at7147           -            804   2.2e-05   22.7   0.0   1   9   2.4e-05      0.02   12.9   0.1     8    67    30    89    27   146 0.88 -
Dato01430-RA         -           1240 8719at7147           -            804   2.2e-05   22.7   0.0   2   9       6.7   5.8e+03   -5.1  10.4   574   663   199   289   185   295 0.63 -
Dato01430-RA         -           1240 8719at7147           -            804   2.2e-05   22.7   0.0   3   9       0.5   4.3e+02   -1.4  27.5   182   327   274   425   241   431 0.56 -
Dato01430-RA         -           1240 8719at7147           -            804   2.2e-05   22.7   0.0   4   9       3.5     3e+03   -4.2  25.0   167   326   362   526   362   558 0.52 -
Dato01430-RA         -           1240 8719at7147           -            804   2.2e-05   22.7   0.0   5   9       1.3   1.2e+03   -2.8   0.0   379   415   549   586   544   591 0.87 -
Dato01430-RA         -           1240 8719at7147           -            804   2.2e-05   22.7   0.0   6   9    0.0035         3    5.7  25.3   180   339   701   867   693   872 0.87 -
Dato01430-RA         -           1240 8719at7147           -            804   2.2e-05   22.7   0.0   7   9      0.26   2.3e+02   -0.5   9.5   185   248   884   947   870   963 0.72 -
Dato01430-RA         -           1240 8719at7147           -            804   2.2e-05   22.7   0.0   8   9         1     9e+02   -2.5   8.2   258   328  1010  1084   970  1104 0.54 -
Dato01430-RA         -           1240 8719at7147           -            804   2.2e-05   22.7   0.0   9   9   1.2e-06     0.001   17.2   0.0   721   764  1139  1182  1125  1198 0.86 -
Dato07390-RA         -           1195 8719at7147           -            804   3.6e-05   22.0   0.0   1   5   0.00035       0.3    9.0  20.1    20   270    19   283     2   286 0.64 -
Dato07390-RA         -           1195 8719at7147           -            804   3.6e-05   22.0   0.0   2   5       5.6   4.8e+03   -4.9  32.7   159   340   291   484   287   574 0.70 -
Dato07390-RA         -           1195 8719at7147           -            804   3.6e-05   22.0   0.0   3   5      0.27   2.3e+02   -0.5  22.3   184   320   682   822   665   840 0.48 -
Dato07390-RA         -           1195 8719at7147           -            804   3.6e-05   22.0   0.0   4   5      0.38   3.3e+02   -1.0   3.3   511   606   947  1039   940  1079 0.69 -
Dato07390-RA         -           1195 8719at7147           -            804   3.6e-05   22.0   0.0   5   5   4.2e-08   3.6e-05   22.0   0.0   715   781  1083  1149  1072  1163 0.90 -
Dato12977-RA         -            867 8719at7147           -            804    0.0001   20.5   0.0   1   1   3.3e-07   0.00029   19.0   0.0     7    76   498   564   495   575 0.88 -
Dato03839-RA         -            226 8719at7147           -            804   0.00082   17.5   9.2   1   1   1.1e-06   0.00096   17.3   9.2   197   322    24   150    15   179 0.86 -
Dato08302-RA         -            847 8719at7147           -            804    0.0025   15.9   0.0   1   2   2.9e-06    0.0025   15.9   0.0     7    54   298   345   294   352 0.94 -
Dato08302-RA         -            847 8719at7147           -            804    0.0025   15.9   0.0   2   2       0.2   1.7e+02   -0.1   2.0   593   690   570   677   552   786 0.55 -
Dato10142-RA         -           1149 8719at7147           -            804    0.0054   14.8   0.0   1   1   9.9e-06    0.0085   14.1   0.0    21    50    19    49     4    69 0.79 -
Dato11671-RA         -           1724 8719at7147           -            804     0.012   13.7   0.0   1   6   1.3e-05     0.012   13.7   0.0    20    71    21    72     5   135 0.82 -
Dato11671-RA         -           1724 8719at7147           -            804     0.012   13.7   0.0   2   6       1.2   1.1e+03   -2.7   1.6   210   297   181   270   173   324 0.66 -
Dato11671-RA         -           1724 8719at7147           -            804     0.012   13.7   0.0   3   6      0.85   7.3e+02   -2.2  13.8   186   321   336   472   319   488 0.84 -
Dato11671-RA         -           1724 8719at7147           -            804     0.012   13.7   0.0   4   6       2.6   2.3e+03   -3.8   4.6   227   316   840   917   813   943 0.40 -
Dato11671-RA         -           1724 8719at7147           -            804     0.012   13.7   0.0   5   6       3.4   2.9e+03   -4.2  19.4   175   311   938  1078   928  1105 0.71 -
Dato11671-RA         -           1724 8719at7147           -            804     0.012   13.7   0.0   6   6       4.8   4.1e+03   -4.7  14.5   202   338  1115  1253  1099  1292 0.68 -
Dato13036-RA         -            546 8719at7147           -            804     0.063   11.3   2.9   1   2   0.00042      0.36    8.8   1.2    18    49    24    53    22    58 0.82 -
Dato13036-RA         -            546 8719at7147           -            804     0.063   11.3   2.9   2   2     0.052        45    1.8   0.0    24    44   293   313   277   317 0.73 -
Dato17033-RA         -           1945 8719at7147           -            804     0.081   10.9   0.2   1   2   0.00078      0.67    7.9   0.0    17    45   830   859   825   867 0.85 -
Dato17033-RA         -           1945 8719at7147           -            804     0.081   10.9   0.2   2   2       0.2   1.7e+02   -0.1   0.0    30    45  1632  1647  1621  1651 0.86 -
Dato07854-RA         -            462 8719at7147           -            804     0.085   10.8   1.2   1   2    0.0022       1.9    6.4   0.6   192   241   159   208   146   222 0.81 -
Dato07854-RA         -            462 8719at7147           -            804     0.085   10.8   1.2   2   2     0.029        25    2.7   0.0    21    43   260   281   252   288 0.78 -
Dato11305-RA         -            759 8719at7147           -            804      0.18    9.8   0.0   1   3   0.00021      0.18    9.8   0.0    18    46   151   178   134   198 0.82 -
Dato11305-RA         -            759 8719at7147           -            804      0.18    9.8   0.0   2   3      0.31   2.6e+02   -0.7   0.0    19    40   460   480   456   492 0.80 -
Dato11305-RA         -            759 8719at7147           -            804      0.18    9.8   0.0   3   3      0.32   2.7e+02   -0.8   3.7   225   320   657   753   635   758 0.73 -
Dato04148-RA         -            326 8719at7147           -            804      0.34    8.8  16.7   1   1   0.00049      0.42    8.5  16.7   555   667   115   227    80   236 0.74 -
Dato12906-RA         -           1312 8719at7147           -            804      0.37    8.7   0.0   1   3   0.00043      0.37    8.7   0.0    20    52    24    56    20    69 0.89 -
Dato12906-RA         -           1312 8719at7147           -            804      0.37    8.7   0.0   2   3     0.092        79    1.0  11.0   532   622   201   292   187   305 0.59 -
Dato12906-RA         -           1312 8719at7147           -            804      0.37    8.7   0.0   3   3       1.4   1.2e+03   -2.9  13.3   190   329   742   885   717   921 0.57 -
Dato14412-RA         -            184 8719at7147           -            804       3.7    5.4  13.1   1   1    0.0051       4.4    5.2  13.1   168   309     4   146     2   158 0.86 -
#
# Program:         hmmsearch
# Version:         3.1b2 (February 2015)
# Pipeline mode:   SEARCH
# Query file:      /home/nmoreyra/Documents/Genomics/03_orthologs_search/00_Phylogenomics_BUSCO-groups/busco4_odb10/busco_downloads/lineages/diptera_odb10/hmms/8719at7147.hmm
# Target file:     /home/nmoreyra/Documents/Genomics/03_orthologs_search/00_Phylogenomics_BUSCO-groups/busco4_odb10/../00_proteins/Dato_proteins.fasta
# Option settings: /home/nmoreyra/Software/miniconda3/envs/busco4/bin/hmmsearch --domtblout /home/nmoreyra/Documents/Genomics/03_orthologs_search/00_Phylogenomics_BUSCO-groups/busco4_odb10/Dato_diptera/run_diptera_odb10/hmmer_output/initial_run_results/8719at7147.out --cpu 1 /home/nmoreyra/Documents/Genomics/03_orthologs_search/00_Phylogenomics_BUSCO-groups/busco4_odb10/busco_downloads/lineages/diptera_odb10/hmms/8719at7147.hmm /home/nmoreyra/Documents/Genomics/03_orthologs_search/00_Phylogenomics_BUSCO-groups/busco4_odb10/../00_proteins/Dato_proteins.fasta 
# Current dir:     /home/nmoreyra/Documents/Genomics/03_orthologs_search/00_Phylogenomics_BUSCO-groups/busco4_odb10
# Date:            Mon Jan 25 13:00:21 2021
# [ok]
