#                                                                            --- full sequence --- -------------- this domain -------------   hmm coord   ali coord   env coord
# target name        accession   tlen query name           accession   qlen   E-value  score  bias   #  of  c-Evalue  i-Evalue  score  bias  from    to  from    to  from    to  acc description of target
#------------------- ---------- ----- -------------------- ---------- ----- --------- ------ ----- --- --- --------- --------- ------ ----- ----- ----- ----- ----- ----- ----- ---- ---------------------
Dato13586-RA         -           1309 9178at7147           -            605  2.5e-300  996.7  57.9   1   7   5.8e-28   1.2e-24   86.3   2.3     1    54   187   242   187   247 0.96 -
Dato13586-RA         -           1309 9178at7147           -            605  2.5e-300  996.7  57.9   2   7     8e-19   1.6e-15   56.1  16.3    52   117   262   335   253   351 0.80 -
Dato13586-RA         -           1309 9178at7147           -            605  2.5e-300  996.7  57.9   3   7   1.3e-09   2.7e-06   25.7   0.9    95   125   557   585   539   589 0.76 -
Dato13586-RA         -           1309 9178at7147           -            605  2.5e-300  996.7  57.9   4   7   3.8e-15   7.8e-12   43.9   0.3   123   168   606   653   597   672 0.83 -
Dato13586-RA         -           1309 9178at7147           -            605  2.5e-300  996.7  57.9   5   7      0.43   8.8e+02   -2.5   0.3   159   174   725   740   704   742 0.67 -
Dato13586-RA         -           1309 9178at7147           -            605  2.5e-300  996.7  57.9   6   7  1.9e-247  3.9e-244  811.1   1.6   148   598   763  1262   749  1269 0.91 -
Dato13586-RA         -           1309 9178at7147           -            605  2.5e-300  996.7  57.9   7   7     0.088   1.8e+02   -0.2   0.1   590   605  1285  1300  1263  1300 0.82 -
Dato14353-RA         -            564 9178at7147           -            605   2.2e-16   58.9   5.9   1   1   1.5e-19     3e-16   58.5   5.9   244   480   215   447   168   466 0.72 -
Dato15068-RA         -           3588 9178at7147           -            605   6.7e-07   27.6   3.6   1  10    0.0012       2.4    6.0   3.6   353   383   790   821   785   832 0.85 -
Dato15068-RA         -           3588 9178at7147           -            605   6.7e-07   27.6   3.6   2  10     0.028        57    1.4   2.2   353   383   982  1012   957  1034 0.80 -
Dato15068-RA         -           3588 9178at7147           -            605   6.7e-07   27.6   3.6   3  10       7.6   1.6e+04   -6.6  12.5   359   435  1983  2059  1961  2059 0.78 -
Dato15068-RA         -           3588 9178at7147           -            605   6.7e-07   27.6   3.6   4  10    0.0058        12    3.7  18.4   354   435  2058  2137  2057  2157 0.86 -
Dato15068-RA         -           3588 9178at7147           -            605   6.7e-07   27.6   3.6   5  10         8   1.6e+04   -6.9  13.8   354   435  2177  2253  2167  2259 0.82 -
Dato15068-RA         -           3588 9178at7147           -            605   6.7e-07   27.6   3.6   6  10      0.58   1.2e+03   -2.9   3.7   400   433  2256  2289  2252  2291 0.88 -
Dato15068-RA         -           3588 9178at7147           -            605   6.7e-07   27.6   3.6   7  10      0.24   4.9e+02   -1.7  15.4   354   435  2290  2369  2287  2372 0.82 -
Dato15068-RA         -           3588 9178at7147           -            605   6.7e-07   27.6   3.6   8  10         8   1.6e+04   -6.9  14.8   355   435  2369  2446  2368  2453 0.86 -
Dato15068-RA         -           3588 9178at7147           -            605   6.7e-07   27.6   3.6   9  10      0.69   1.4e+03   -3.2  12.9   396   435  2483  2522  2448  2541 0.83 -
Dato15068-RA         -           3588 9178at7147           -            605   6.7e-07   27.6   3.6  10  10   3.3e-10   6.7e-07   27.6   3.6   392   487  3399  3495  3365  3507 0.77 -
Dato12124-RA         -           1857 9178at7147           -            605   0.00038   18.5   4.5   1   4       2.7   5.6e+03   -5.1   5.9   395   433  1015  1053   958  1057 0.81 -
Dato12124-RA         -           1857 9178at7147           -            605   0.00038   18.5   4.5   2   4      0.42   8.6e+02   -2.5   2.8   399   433  1269  1303  1253  1307 0.66 -
Dato12124-RA         -           1857 9178at7147           -            605   0.00038   18.5   4.5   3   4   1.9e-07   0.00038   18.5   4.5   365   456  1509  1602  1499  1607 0.77 -
Dato12124-RA         -           1857 9178at7147           -            605   0.00038   18.5   4.5   4   4    0.0039       7.9    4.3   0.1   394   465  1618  1696  1609  1709 0.62 -
Dato02663-RA         -           1056 9178at7147           -            605      0.42    8.5  12.3   1   2   0.00041      0.83    7.5   1.5   353   383   571   601   556   630 0.77 -
Dato02663-RA         -           1056 9178at7147           -            605      0.42    8.5  12.3   2   2    0.0012       2.5    5.9   3.6   353   407   733   780   723   792 0.69 -
Dato16316-RA         -            828 9178at7147           -            605      0.47    8.3  15.9   1   2   0.00065       1.3    6.8   5.2   396   437   489   532   473   542 0.82 -
Dato16316-RA         -            828 9178at7147           -            605      0.47    8.3  15.9   2   2   0.00064       1.3    6.9   3.0   399   433   789   823   774   825 0.92 -
Dato02662-RA         -           1328 9178at7147           -            605      0.52    8.2  10.5   1   2    0.0003      0.62    7.9   1.6   352   384   802   834   778   853 0.76 -
Dato02662-RA         -           1328 9178at7147           -            605      0.52    8.2  10.5   2   2    0.0027       5.5    4.8   2.0   353   398   963  1004   953  1026 0.72 -
Dato14612-RA         -            874 9178at7147           -            605       1.3    6.9  38.8   1   3   0.00017      0.36    8.7   4.1   406   445     5    44     1    49 0.92 -
Dato14612-RA         -            874 9178at7147           -            605       1.3    6.9  38.8   2   3   1.8e-05     0.036   12.0  16.0   354   435    75   152    66   160 0.90 -
Dato14612-RA         -            874 9178at7147           -            605       1.3    6.9  38.8   3   3      0.26   5.3e+02   -1.8   1.5   400   433   736   769   724   788 0.77 -
#
# Program:         hmmsearch
# Version:         3.1b2 (February 2015)
# Pipeline mode:   SEARCH
# Query file:      /home/nmoreyra/Documents/Genomics/03_orthologs_search/00_Phylogenomics_BUSCO-groups/busco4_odb10/busco_downloads/lineages/diptera_odb10/hmms/9178at7147.hmm
# Target file:     /home/nmoreyra/Documents/Genomics/03_orthologs_search/00_Phylogenomics_BUSCO-groups/busco4_odb10/../00_proteins/Dato_proteins.fasta
# Option settings: /home/nmoreyra/Software/miniconda3/envs/busco4/bin/hmmsearch --domtblout /home/nmoreyra/Documents/Genomics/03_orthologs_search/00_Phylogenomics_BUSCO-groups/busco4_odb10/Dato_diptera/run_diptera_odb10/hmmer_output/initial_run_results/9178at7147.out --cpu 1 /home/nmoreyra/Documents/Genomics/03_orthologs_search/00_Phylogenomics_BUSCO-groups/busco4_odb10/busco_downloads/lineages/diptera_odb10/hmms/9178at7147.hmm /home/nmoreyra/Documents/Genomics/03_orthologs_search/00_Phylogenomics_BUSCO-groups/busco4_odb10/../00_proteins/Dato_proteins.fasta 
# Current dir:     /home/nmoreyra/Documents/Genomics/03_orthologs_search/00_Phylogenomics_BUSCO-groups/busco4_odb10
# Date:            Mon Jan 25 13:00:56 2021
# [ok]
