#                                                                            --- full sequence --- -------------- this domain -------------   hmm coord   ali coord   env coord
# target name        accession   tlen query name           accession   qlen   E-value  score  bias   #  of  c-Evalue  i-Evalue  score  bias  from    to  from    to  from    to  acc description of target
#------------------- ---------- ----- -------------------- ---------- ----- --------- ------ ----- --- --- --------- --------- ------ ----- ----- ----- ----- ----- ----- ----- ---- ---------------------
Dato02674-RA         -           4798 94at7147             -           3081         0 4898.2 109.7   1  17  5.9e-177  4.8e-174  580.7   0.0    12   338    35   368     3   378 0.90 -
Dato02674-RA         -           4798 94at7147             -           3081         0 4898.2 109.7   2  17    0.0001     0.085    9.2   0.2   326   362   427   468   422   481 0.85 -
Dato02674-RA         -           4798 94at7147             -           3081         0 4898.2 109.7   3  17   2.1e-23   1.7e-20   71.2   0.7   383   461   772   872   713   887 0.81 -
Dato02674-RA         -           4798 94at7147             -           3081         0 4898.2 109.7   4  17   6.8e-53   5.6e-50  169.1   0.2   461   566   944  1067   935  1070 0.89 -
Dato02674-RA         -           4798 94at7147             -           3081         0 4898.2 109.7   5  17   3.7e-95   3.1e-92  309.3   0.7   564   819  1114  1425  1089  1437 0.81 -
Dato02674-RA         -           4798 94at7147             -           3081         0 4898.2 109.7   6  17   2.6e-21   2.1e-18   64.3   0.0   802   868  1437  1506  1431  1515 0.82 -
Dato02674-RA         -           4798 94at7147             -           3081         0 4898.2 109.7   7  17  5.5e-120  4.5e-117  391.7   0.3   861  1082  1681  1919  1658  1923 0.91 -
Dato02674-RA         -           4798 94at7147             -           3081         0 4898.2 109.7   8  17   1.8e-63   1.5e-60  204.2   1.2  1074  1199  1935  2076  1930  2082 0.91 -
Dato02674-RA         -           4798 94at7147             -           3081         0 4898.2 109.7   9  17     4e-15   3.3e-12   43.7   0.2  1197  1246  2100  2170  2087  2179 0.83 -
Dato02674-RA         -           4798 94at7147             -           3081         0 4898.2 109.7  10  17   9.1e-63   7.4e-60  201.8   2.8  1249  1359  2251  2361  2247  2371 0.97 -
Dato02674-RA         -           4798 94at7147             -           3081         0 4898.2 109.7  11  17  3.9e-214  3.2e-211  704.1   4.3  1345  1838  2380  3008  2364  3038 0.86 -
Dato02674-RA         -           4798 94at7147             -           3081         0 4898.2 109.7  12  17   5.9e-87   4.8e-84  282.1   0.1  1831  1983  3041  3194  3033  3201 0.97 -
Dato02674-RA         -           4798 94at7147             -           3081         0 4898.2 109.7  13  17   4.6e-93   3.7e-90  302.4   3.7  1982  2219  3234  3529  3216  3552 0.85 -
Dato02674-RA         -           4798 94at7147             -           3081         0 4898.2 109.7  14  17   8.6e-60     7e-57  191.9   0.9  2221  2367  3578  3773  3568  3780 0.85 -
Dato02674-RA         -           4798 94at7147             -           3081         0 4898.2 109.7  15  17   7.9e-10   6.5e-07   26.2   0.2  2362  2408  3816  3862  3804  3868 0.89 -
Dato02674-RA         -           4798 94at7147             -           3081         0 4898.2 109.7  16  17  2.6e-105  2.1e-102  343.0   0.2  2392  2595  3889  4134  3880  4161 0.89 -
Dato02674-RA         -           4798 94at7147             -           3081         0 4898.2 109.7  17  17         0         0 1061.7   3.4  2591  3081  4168  4709  4165  4709 0.93 -
Dato01860-RA         -           1429 94at7147             -           3081   1.5e-43  147.7   0.2   1   1   2.6e-46   2.2e-43  147.2   0.2  2839  3037  1162  1352  1129  1367 0.84 -
Dato14237-RA         -            501 94at7147             -           3081   8.3e-24   82.2   7.9   1   3    0.0016       1.3    5.2   0.4   197   285     4    88     1    95 0.81 -
Dato14237-RA         -            501 94at7147             -           3081   8.3e-24   82.2   7.9   2   3   8.1e-11   6.6e-08   29.5   0.3   200   275   122   191   105   195 0.89 -
Dato14237-RA         -            501 94at7147             -           3081   8.3e-24   82.2   7.9   3   3   2.9e-17   2.4e-14   50.8   0.1   203   309   223   332   207   353 0.81 -
Dato03933-RA         -            449 94at7147             -           3081   1.4e-22   78.1   1.0   1   2   3.9e-15   3.2e-12   43.8   0.1   191   305    47   157    28   165 0.83 -
Dato03933-RA         -            449 94at7147             -           3081   1.4e-22   78.1   1.0   2   2   6.3e-12   5.1e-09   33.1   0.1   202   276   216   285   211   306 0.83 -
Dato01779-RA         -            128 94at7147             -           3081     2e-13   47.8   0.4   1   1   2.9e-16   2.4e-13   47.5   0.4   223   275    24    76    17    87 0.94 -
Dato01977-RA         -            151 94at7147             -           3081   4.1e-10   36.8   0.1   1   1   5.6e-13   4.5e-10   36.6   0.1  2865  2997    33   147    26   151 0.79 -
Dato06623-RA         -            321 94at7147             -           3081   8.5e-08   29.1   0.4   1   1   1.4e-10   1.1e-07   28.7   0.4  2864  2964    68   168    59   176 0.82 -
Dato00630-RA         -            193 94at7147             -           3081   3.6e-07   27.0   0.0   1   1   5.4e-10   4.4e-07   26.7   0.0  2867  2941    61   138    54   160 0.75 -
Dato02775-RA         -            168 94at7147             -           3081   3.7e-07   27.0   0.0   1   1   4.9e-10     4e-07   26.8   0.0  2866  2946    34   108    24   144 0.78 -
Dato05250-RA         -            154 94at7147             -           3081   2.1e-06   24.5   0.0   1   1   2.8e-09   2.3e-06   24.3   0.0  2836  2944     6   101     2   119 0.77 -
Dato03518-RA         -            273 94at7147             -           3081   9.2e-06   22.3   0.1   1   1   1.4e-08   1.1e-05   22.0   0.1  2875  2953   143   212   131   226 0.87 -
Dato02283-RA         -            273 94at7147             -           3081   1.3e-05   21.9   0.0   1   1   2.1e-08   1.7e-05   21.4   0.0  2868  2963    35   117    27   124 0.83 -
Dato01079-RA         -            511 94at7147             -           3081   1.3e-05   21.9   0.2   1   1   2.1e-08   1.7e-05   21.4   0.2  2870  2940    35    93    26   121 0.78 -
Dato16658-RA         -            372 94at7147             -           3081     2e-05   21.2   0.0   1   1   3.2e-08   2.6e-05   20.8   0.0  2868  2931   127   185   117   211 0.87 -
Dato07474-RA         -            206 94at7147             -           3081    0.0001   18.9   0.0   1   1   1.4e-07   0.00011   18.7   0.0  2863  2962    42   127    20   137 0.78 -
Dato07734-RA         -            123 94at7147             -           3081    0.0021   14.5   0.0   1   1   2.9e-06    0.0024   14.3   0.0  2890  2957    15    82    10    93 0.71 -
Dato07408-RA         -            183 94at7147             -           3081    0.0072   12.7   0.1   1   1     1e-05    0.0084   12.5   0.1  2869  2931    35    93    29   113 0.82 -
Dato04331-RA         -            199 94at7147             -           3081    0.0088   12.4   0.0   1   1   1.2e-05      0.01   12.3   0.0  2869  2963    40   122     7   126 0.83 -
Dato04036-RA         -            176 94at7147             -           3081     0.033   10.6   0.1   1   1   4.7e-05     0.039   10.3   0.1  2871  2958    65   139    51   156 0.84 -
Dato03172-RA         -            182 94at7147             -           3081      0.24    7.7   0.4   1   1   0.00034      0.27    7.5   0.4  2863  2930    54   115    46   140 0.85 -
#
# Program:         hmmsearch
# Version:         3.1b2 (February 2015)
# Pipeline mode:   SEARCH
# Query file:      /home/nmoreyra/Documents/Genomics/03_orthologs_search/00_Phylogenomics_BUSCO-groups/busco4_odb10/busco_downloads/lineages/diptera_odb10/hmms/94at7147.hmm
# Target file:     /home/nmoreyra/Documents/Genomics/03_orthologs_search/00_Phylogenomics_BUSCO-groups/busco4_odb10/../00_proteins/Dato_proteins.fasta
# Option settings: /home/nmoreyra/Software/miniconda3/envs/busco4/bin/hmmsearch --domtblout /home/nmoreyra/Documents/Genomics/03_orthologs_search/00_Phylogenomics_BUSCO-groups/busco4_odb10/Dato_diptera/run_diptera_odb10/hmmer_output/initial_run_results/94at7147.out --cpu 1 /home/nmoreyra/Documents/Genomics/03_orthologs_search/00_Phylogenomics_BUSCO-groups/busco4_odb10/busco_downloads/lineages/diptera_odb10/hmms/94at7147.hmm /home/nmoreyra/Documents/Genomics/03_orthologs_search/00_Phylogenomics_BUSCO-groups/busco4_odb10/../00_proteins/Dato_proteins.fasta 
# Current dir:     /home/nmoreyra/Documents/Genomics/03_orthologs_search/00_Phylogenomics_BUSCO-groups/busco4_odb10
# Date:            Mon Jan 25 13:01:13 2021
# [ok]
