#                                                                            --- full sequence --- -------------- this domain -------------   hmm coord   ali coord   env coord
# target name        accession   tlen query name           accession   qlen   E-value  score  bias   #  of  c-Evalue  i-Evalue  score  bias  from    to  from    to  from    to  acc description of target
#------------------- ---------- ----- -------------------- ---------- ----- --------- ------ ----- --- --- --------- --------- ------ ----- ----- ----- ----- ----- ----- ----- ---- ---------------------
Dato03554-RA         -            857 9853at7147           -            387  1.9e-151  504.6  80.3   1   8   2.3e-92   3.7e-88  296.3  18.7     1   156   108   287   108   300 0.90 -
Dato03554-RA         -            857 9853at7147           -            387  1.9e-151  504.6  80.3   2   8   3.1e-11   5.1e-07   29.2  10.6   152   196   304   375   295   383 0.65 -
Dato03554-RA         -            857 9853at7147           -            387  1.9e-151  504.6  80.3   3   8   8.8e-14   1.4e-09   37.6   1.1   195   224   396   427   392   468 0.84 -
Dato03554-RA         -            857 9853at7147           -            387  1.9e-151  504.6  80.3   4   8   7.5e-15   1.2e-10   41.1   3.0   216   283   489   571   481   594 0.73 -
Dato03554-RA         -            857 9853at7147           -            387  1.9e-151  504.6  80.3   5   8   2.9e-12   4.8e-08   32.6   2.2   270   304   583   627   574   635 0.74 -
Dato03554-RA         -            857 9853at7147           -            387  1.9e-151  504.6  80.3   6   8   6.1e-13     1e-08   34.8   0.3   291   331   636   676   630   692 0.85 -
Dato03554-RA         -            857 9853at7147           -            387  1.9e-151  504.6  80.3   7   8   2.7e-14   4.4e-10   39.2   1.0   323   355   696   728   675   731 0.88 -
Dato03554-RA         -            857 9853at7147           -            387  1.9e-151  504.6  80.3   8   8   5.1e-09   8.4e-05   21.9   0.1   353   379   753   782   744   786 0.87 -
#
# Program:         hmmsearch
# Version:         3.1b2 (February 2015)
# Pipeline mode:   SEARCH
# Query file:      /home/nmoreyra/Documents/Genomics/03_orthologs_search/00_Phylogenomics_BUSCO-groups/busco4_odb10/busco_downloads/lineages/diptera_odb10/hmms/9853at7147.hmm
# Target file:     /home/nmoreyra/Documents/Genomics/03_orthologs_search/00_Phylogenomics_BUSCO-groups/busco4_odb10/../00_proteins/Dato_proteins.fasta
# Option settings: /home/nmoreyra/Software/miniconda3/envs/busco4/bin/hmmsearch --domtblout /home/nmoreyra/Documents/Genomics/03_orthologs_search/00_Phylogenomics_BUSCO-groups/busco4_odb10/Dato_diptera/run_diptera_odb10/hmmer_output/initial_run_results/9853at7147.out --cpu 1 /home/nmoreyra/Documents/Genomics/03_orthologs_search/00_Phylogenomics_BUSCO-groups/busco4_odb10/busco_downloads/lineages/diptera_odb10/hmms/9853at7147.hmm /home/nmoreyra/Documents/Genomics/03_orthologs_search/00_Phylogenomics_BUSCO-groups/busco4_odb10/../00_proteins/Dato_proteins.fasta 
# Current dir:     /home/nmoreyra/Documents/Genomics/03_orthologs_search/00_Phylogenomics_BUSCO-groups/busco4_odb10
# Date:            Mon Jan 25 13:01:48 2021
# [ok]
