#                                                                            --- full sequence --- -------------- this domain -------------   hmm coord   ali coord   env coord
# target name        accession   tlen query name           accession   qlen   E-value  score  bias   #  of  c-Evalue  i-Evalue  score  bias  from    to  from    to  from    to  acc description of target
#------------------- ---------- ----- -------------------- ---------- ----- --------- ------ ----- --- --- --------- --------- ------ ----- ----- ----- ----- ----- ----- ----- ---- ---------------------
Dbuz09749-RA         -            920 10536at7147          -            665    4e-189  629.6  50.6   1   5   8.8e-05      0.56    7.9   1.2    29    86    88   152    64   169 0.72 -
Dbuz09749-RA         -            920 10536at7147          -            665    4e-189  629.6  50.6   2   5    0.0032        20    2.8   0.3    57   112   142   202   136   210 0.75 -
Dbuz09749-RA         -            920 10536at7147          -            665    4e-189  629.6  50.6   3   5   1.7e-43   1.1e-39  135.8   5.0    96   275   209   426   177   458 0.79 -
Dbuz09749-RA         -            920 10536at7147          -            665    4e-189  629.6  50.6   4   5   8.2e-14   5.2e-10   37.8  16.3   289   389   471   594   463   598 0.79 -
Dbuz09749-RA         -            920 10536at7147          -            665    4e-189  629.6  50.6   5   5  4.6e-143    3e-139  464.8   5.3   350   664   594   919   592   920 0.96 -
Dbuz02325-RA         -            541 10536at7147          -            665   0.00016   19.6   5.5   1   2   0.00065       4.1    5.0   0.3    67   391    65   105     9   186 0.71 -
Dbuz02325-RA         -            541 10536at7147          -            665   0.00016   19.6   5.5   2   2   1.8e-07    0.0012   16.8   0.8   326   390   287   351   278   378 0.89 -
#
# Program:         hmmsearch
# Version:         3.1b2 (February 2015)
# Pipeline mode:   SEARCH
# Query file:      /home/nmoreyra/Documents/Genomics/03_orthologs_search/00_Phylogenomics_BUSCO-groups/busco4_odb10/busco_downloads/lineages/diptera_odb10/hmms/10536at7147.hmm
# Target file:     /home/nmoreyra/Documents/Genomics/03_orthologs_search/00_Phylogenomics_BUSCO-groups/busco4_odb10/../00_proteins/Dbuz_proteins.fasta
# Option settings: /home/nmoreyra/Software/miniconda3/envs/busco4/bin/hmmsearch --domtblout /home/nmoreyra/Documents/Genomics/03_orthologs_search/00_Phylogenomics_BUSCO-groups/busco4_odb10/Dbuz_diptera/run_diptera_odb10/hmmer_output/initial_run_results/10536at7147.out --cpu 1 /home/nmoreyra/Documents/Genomics/03_orthologs_search/00_Phylogenomics_BUSCO-groups/busco4_odb10/busco_downloads/lineages/diptera_odb10/hmms/10536at7147.hmm /home/nmoreyra/Documents/Genomics/03_orthologs_search/00_Phylogenomics_BUSCO-groups/busco4_odb10/../00_proteins/Dbuz_proteins.fasta 
# Current dir:     /home/nmoreyra/Documents/Genomics/03_orthologs_search/00_Phylogenomics_BUSCO-groups/busco4_odb10
# Date:            Mon Jan 25 13:15:45 2021
# [ok]
