#                                                                            --- full sequence --- -------------- this domain -------------   hmm coord   ali coord   env coord
# target name        accession   tlen query name           accession   qlen   E-value  score  bias   #  of  c-Evalue  i-Evalue  score  bias  from    to  from    to  from    to  acc description of target
#------------------- ---------- ----- -------------------- ---------- ----- --------- ------ ----- --- --- --------- --------- ------ ----- ----- ----- ----- ----- ----- ----- ---- ---------------------
Dbuz00534-RA         -            833 12214at7147          -            254  2.1e-116  387.4  11.8   1   5         7   1.3e+04   -6.5   3.7    58   103    15    60     5    63 0.70 -
Dbuz00534-RA         -            833 12214at7147          -            254  2.1e-116  387.4  11.8   2   5       1.4   2.5e+03   -2.8   1.7     1    26   280   304   280   326 0.68 -
Dbuz00534-RA         -            833 12214at7147          -            254  2.1e-116  387.4  11.8   3   5   7.4e-43   1.3e-39  135.7   1.6    12   113   362   466   354   482 0.88 -
Dbuz00534-RA         -            833 12214at7147          -            254  2.1e-116  387.4  11.8   4   5       3.6   6.6e+03   -4.2   0.0    93   101   529   537   527   540 0.80 -
Dbuz00534-RA         -            833 12214at7147          -            254  2.1e-116  387.4  11.8   5   5   1.5e-82   2.8e-79  265.7   3.1   109   254   579   729   564   729 0.93 -
Dbuz07993-RA         -            285 12214at7147          -            254   2.1e-06   26.9   2.6   1   1   1.7e-09   3.2e-06   26.4   2.6   161   199   211   249   200   277 0.75 -
Dbuz00412-RA         -            548 12214at7147          -            254     2e-05   23.8   5.0   1   2   1.1e-08     2e-05   23.8   5.0   166   229   222   286   216   292 0.80 -
Dbuz00412-RA         -            548 12214at7147          -            254     2e-05   23.8   5.0   2   2         7   1.3e+04   -6.9   3.1     4    25   326   347   320   351 0.62 -
Dbuz09047-RA         -            556 12214at7147          -            254      0.01   14.8   0.8   1   1   1.2e-05     0.021   13.8   0.8   136   207   409   479   372   514 0.71 -
Dbuz06164-RA         -            132 12214at7147          -            254      0.03   13.3   2.6   1   1   1.9e-05     0.034   13.1   2.6   131   227    22   120     2   124 0.80 -
Dbuz03470-RA         -            385 12214at7147          -            254     0.069   12.1   3.8   1   1   6.6e-05      0.12   11.3   3.8   159   210   309   361   299   380 0.72 -
Dbuz09209-RA         -            326 12214at7147          -            254      0.44    9.5  10.8   1   2    0.0003      0.54    9.2   8.6   165   207    91   134    81   199 0.78 -
Dbuz09209-RA         -            326 12214at7147          -            254      0.44    9.5  10.8   2   2      0.35   6.3e+02   -0.8   0.5     3    32   171   201   168   225 0.69 -
#
# Program:         hmmsearch
# Version:         3.1b2 (February 2015)
# Pipeline mode:   SEARCH
# Query file:      /home/nmoreyra/Documents/Genomics/03_orthologs_search/00_Phylogenomics_BUSCO-groups/busco4_odb10/busco_downloads/lineages/diptera_odb10/hmms/12214at7147.hmm
# Target file:     /home/nmoreyra/Documents/Genomics/03_orthologs_search/00_Phylogenomics_BUSCO-groups/busco4_odb10/../00_proteins/Dbuz_proteins.fasta
# Option settings: /home/nmoreyra/Software/miniconda3/envs/busco4/bin/hmmsearch --domtblout /home/nmoreyra/Documents/Genomics/03_orthologs_search/00_Phylogenomics_BUSCO-groups/busco4_odb10/Dbuz_diptera/run_diptera_odb10/hmmer_output/initial_run_results/12214at7147.out --cpu 1 /home/nmoreyra/Documents/Genomics/03_orthologs_search/00_Phylogenomics_BUSCO-groups/busco4_odb10/busco_downloads/lineages/diptera_odb10/hmms/12214at7147.hmm /home/nmoreyra/Documents/Genomics/03_orthologs_search/00_Phylogenomics_BUSCO-groups/busco4_odb10/../00_proteins/Dbuz_proteins.fasta 
# Current dir:     /home/nmoreyra/Documents/Genomics/03_orthologs_search/00_Phylogenomics_BUSCO-groups/busco4_odb10
# Date:            Mon Jan 25 13:15:01 2021
# [ok]
