#                                                                            --- full sequence --- -------------- this domain -------------   hmm coord   ali coord   env coord
# target name        accession   tlen query name           accession   qlen   E-value  score  bias   #  of  c-Evalue  i-Evalue  score  bias  from    to  from    to  from    to  acc description of target
#------------------- ---------- ----- -------------------- ---------- ----- --------- ------ ----- --- --- --------- --------- ------ ----- ----- ----- ----- ----- ----- ----- ---- ---------------------
Dbuz05251-RA         -           5186 14146at7147          -            482  2.1e-256  850.5  80.4   1  24   8.9e-22   6.7e-19   67.2   0.2    52   268   116   336   101   341 0.84 -
Dbuz05251-RA         -           5186 14146at7147          -            482  2.1e-256  850.5  80.4   2  24    0.0074       5.5    4.8   0.0   185   256   367   443   360   449 0.72 -
Dbuz05251-RA         -           5186 14146at7147          -            482  2.1e-256  850.5  80.4   3  24     2e-14   1.5e-11   43.0   0.2    93   268   383   568   382   570 0.82 -
Dbuz05251-RA         -           5186 14146at7147          -            482  2.1e-256  850.5  80.4   4  24   2.6e-09   1.9e-06   26.1   0.0   165   255   564   654   556   670 0.91 -
Dbuz05251-RA         -           5186 14146at7147          -            482  2.1e-256  850.5  80.4   5  24   6.1e-12   4.5e-09   34.8   0.2   160   267   667   786   661   789 0.79 -
Dbuz05251-RA         -           5186 14146at7147          -            482  2.1e-256  850.5  80.4   6  24   4.4e-16   3.3e-13   48.5   0.1    93   260   931  1095   928  1102 0.90 -
Dbuz05251-RA         -           5186 14146at7147          -            482  2.1e-256  850.5  80.4   7  24   3.6e-12   2.7e-09   35.5   0.0   164   269  1103  1212  1096  1231 0.93 -
Dbuz05251-RA         -           5186 14146at7147          -            482  2.1e-256  850.5  80.4   8  24   1.1e-19   8.6e-17   60.3   0.1    92   255  1267  1428  1262  1429 0.93 -
Dbuz05251-RA         -           5186 14146at7147          -            482  2.1e-256  850.5  80.4   9  24   5.7e-25   4.3e-22   77.7   0.3    93   257  1374  1535  1364  1557 0.89 -
Dbuz05251-RA         -           5186 14146at7147          -            482  2.1e-256  850.5  80.4  10  24   5.5e-05     0.042   11.8   0.1   161   255  1548  1651  1542  1699 0.65 -
Dbuz05251-RA         -           5186 14146at7147          -            482  2.1e-256  850.5  80.4  11  24   7.2e-19   5.4e-16   57.6   1.7    60   256  1793  1981  1782  1986 0.88 -
Dbuz05251-RA         -           5186 14146at7147          -            482  2.1e-256  850.5  80.4  12  24   2.2e-17   1.6e-14   52.7   0.1   156   281  1986  2112  1981  2158 0.85 -
Dbuz05251-RA         -           5186 14146at7147          -            482  2.1e-256  850.5  80.4  13  24   5.1e-20   3.8e-17   61.4   2.9    86   285  2166  2374  2155  2381 0.86 -
Dbuz05251-RA         -           5186 14146at7147          -            482  2.1e-256  850.5  80.4  14  24     4e-24     3e-21   75.0   0.3    90   270  2389  2575  2380  2577 0.89 -
Dbuz05251-RA         -           5186 14146at7147          -            482  2.1e-256  850.5  80.4  15  24   6.7e-11     5e-08   31.4   0.0   172   267  2576  2677  2573  2687 0.90 -
Dbuz05251-RA         -           5186 14146at7147          -            482  2.1e-256  850.5  80.4  16  24   1.7e-11   1.3e-08   33.3   0.0   134   255  2753  2874  2729  2893 0.87 -
Dbuz05251-RA         -           5186 14146at7147          -            482  2.1e-256  850.5  80.4  17  24     2e-09   1.5e-06   26.5   0.0   166   268  2888  2994  2874  3016 0.85 -
Dbuz05251-RA         -           5186 14146at7147          -            482  2.1e-256  850.5  80.4  18  24   8.5e-22   6.4e-19   67.3   0.4    92   259  3022  3193  3013  3199 0.88 -
Dbuz05251-RA         -           5186 14146at7147          -            482  2.1e-256  850.5  80.4  19  24   6.7e-11     5e-08   31.4   0.0   160   268  3199  3313  3192  3332 0.88 -
Dbuz05251-RA         -           5186 14146at7147          -            482  2.1e-256  850.5  80.4  20  24   1.6e-18   1.2e-15   56.5   0.2    93   256  3240  3400  3234  3428 0.89 -
Dbuz05251-RA         -           5186 14146at7147          -            482  2.1e-256  850.5  80.4  21  24   2.7e-14     2e-11   42.6   0.1    88   255  3340  3504  3336  3521 0.91 -
Dbuz05251-RA         -           5186 14146at7147          -            482  2.1e-256  850.5  80.4  22  24   6.8e-10   5.1e-07   28.0   0.6    94   269  3451  3631  3448  3651 0.84 -
Dbuz05251-RA         -           5186 14146at7147          -            482  2.1e-256  850.5  80.4  23  24   4.9e-09   3.6e-06   25.2   0.2    93   241  3557  3702  3555  3704 0.89 -
Dbuz05251-RA         -           5186 14146at7147          -            482  2.1e-256  850.5  80.4  24  24   3.4e-07   0.00026   19.1   0.1    93   231  3662  3797  3656  3817 0.86 -
Dbuz03238-RA         -            797 14146at7147          -            482  9.1e-223  739.6   0.0   1   1  3.4e-224  2.6e-221  734.8   0.0     1   456    25   566    25   574 0.88 -
Dbuz11598-RA         -           4590 14146at7147          -            482  4.7e-196  651.4  97.5   1  28      0.52   3.9e+02   -1.3   0.0   374   414    55    95    51   109 0.78 -
Dbuz11598-RA         -           4590 14146at7147          -            482  4.7e-196  651.4  97.5   2  28     2e-08   1.5e-05   23.2   0.2   173   269   134   239    64   268 0.84 -
Dbuz11598-RA         -           4590 14146at7147          -            482  4.7e-196  651.4  97.5   3  28   2.8e-07   0.00021   19.4   0.0   146   268   325   457   262   457 0.71 -
Dbuz11598-RA         -           4590 14146at7147          -            482  4.7e-196  651.4  97.5   4  28   3.1e-10   2.3e-07   29.2   0.2   140   268   429   563   423   566 0.80 -
Dbuz11598-RA         -           4590 14146at7147          -            482  4.7e-196  651.4  97.5   5  28   1.9e-09   1.4e-06   26.6   0.0   164   245   558   641   554   668 0.86 -
Dbuz11598-RA         -           4590 14146at7147          -            482  4.7e-196  651.4  97.5   6  28   5.9e-16   4.4e-13   48.0   0.1   101   254   764   914   761   920 0.93 -
Dbuz11598-RA         -           4590 14146at7147          -            482  4.7e-196  651.4  97.5   7  28   9.5e-12   7.2e-09   34.1   0.2   155   268   917  1038   914  1051 0.89 -
Dbuz11598-RA         -           4590 14146at7147          -            482  4.7e-196  651.4  97.5   8  28   0.00052      0.39    8.6   0.1   163   255  1032  1127  1022  1157 0.79 -
Dbuz11598-RA         -           4590 14146at7147          -            482  4.7e-196  651.4  97.5   9  28   3.3e-26   2.5e-23   81.8   8.6    91   429  1175  1564  1157  1565 0.78 -
Dbuz11598-RA         -           4590 14146at7147          -            482  4.7e-196  651.4  97.5  10  28   1.7e-21   1.3e-18   66.3   0.8    94   259  1491  1654  1487  1667 0.87 -
Dbuz11598-RA         -           4590 14146at7147          -            482  4.7e-196  651.4  97.5  11  28   3.4e-10   2.5e-07   29.0   0.0   165   267  1665  1768  1657  1773 0.92 -
Dbuz11598-RA         -           4590 14146at7147          -            482  4.7e-196  651.4  97.5  12  28   3.3e-07   0.00025   19.2   0.0   142   232  1743  1830  1734  1866 0.75 -
Dbuz11598-RA         -           4590 14146at7147          -            482  4.7e-196  651.4  97.5  13  28   1.7e-11   1.3e-08   33.3   1.0    93   268  1799  1986  1780  1988 0.80 -
Dbuz11598-RA         -           4590 14146at7147          -            482  4.7e-196  651.4  97.5  14  28   1.9e-08   1.4e-05   23.3   0.9   320   440  1857  1997  1845  2039 0.71 -
Dbuz11598-RA         -           4590 14146at7147          -            482  4.7e-196  651.4  97.5  15  28   2.4e-09   1.8e-06   26.3   0.4    79   254  2105  2272  2084  2290 0.79 -
Dbuz11598-RA         -           4590 14146at7147          -            482  4.7e-196  651.4  97.5  16  28   6.7e-11   5.1e-08   31.3   0.1   164   256  2287  2378  2270  2387 0.91 -
Dbuz11598-RA         -           4590 14146at7147          -            482  4.7e-196  651.4  97.5  17  28    0.0028       2.1    6.2   0.0   150   203  2380  2433  2376  2451 0.84 -
Dbuz11598-RA         -           4590 14146at7147          -            482  4.7e-196  651.4  97.5  18  28   2.3e-12   1.7e-09   36.2   1.9    95   260  2512  2672  2504  2682 0.90 -
Dbuz11598-RA         -           4590 14146at7147          -            482  4.7e-196  651.4  97.5  19  28    0.0022       1.6    6.6   0.0   165   219  2686  2740  2674  2750 0.80 -
Dbuz11598-RA         -           4590 14146at7147          -            482  4.7e-196  651.4  97.5  20  28     4e-15     3e-12   45.3   2.3    20   216  2746  2941  2739  2948 0.86 -
Dbuz11598-RA         -           4590 14146at7147          -            482  4.7e-196  651.4  97.5  21  28     1e-07   7.8e-05   20.8   0.1    91   189  2924  3017  2921  3025 0.90 -
Dbuz11598-RA         -           4590 14146at7147          -            482  4.7e-196  651.4  97.5  22  28   6.4e-08   4.8e-05   21.5   0.0   317   414  2970  3083  2956  3087 0.76 -
Dbuz11598-RA         -           4590 14146at7147          -            482  4.7e-196  651.4  97.5  23  28   4.8e-17   3.6e-14   51.6   0.1    93   256  3026  3185  3016  3200 0.87 -
Dbuz11598-RA         -           4590 14146at7147          -            482  4.7e-196  651.4  97.5  24  28     2e-11   1.5e-08   33.1   0.0   151   264  3185  3303  3183  3305 0.88 -
Dbuz11598-RA         -           4590 14146at7147          -            482  4.7e-196  651.4  97.5  25  28   4.6e-14   3.5e-11   41.8   0.1   160   266  3298  3410  3291  3411 0.92 -
Dbuz11598-RA         -           4590 14146at7147          -            482  4.7e-196  651.4  97.5  26  28   1.7e-09   1.3e-06   26.7   0.0   160   247  3403  3490  3397  3502 0.86 -
Dbuz11598-RA         -           4590 14146at7147          -            482  4.7e-196  651.4  97.5  27  28   1.7e-12   1.3e-09   36.6   0.1    91   210  3442  3558  3441  3592 0.87 -
Dbuz11598-RA         -           4590 14146at7147          -            482  4.7e-196  651.4  97.5  28  28      0.44   3.3e+02   -1.0   0.0   388   418  3578  3608  3568  3642 0.74 -
Dbuz02210-RA         -           3093 14146at7147          -            482  3.8e-161  536.3  17.5   1  18      0.21   1.6e+02    0.0   0.0   225   255    34    64    13    83 0.76 -
Dbuz02210-RA         -           3093 14146at7147          -            482  3.8e-161  536.3  17.5   2  18      0.12        89    0.9   0.0   330   360    72   104    56   114 0.80 -
Dbuz02210-RA         -           3093 14146at7147          -            482  3.8e-161  536.3  17.5   3  18   5.5e-11   4.1e-08   31.6   0.0    93   267   114   298   100   301 0.85 -
Dbuz02210-RA         -           3093 14146at7147          -            482  3.8e-161  536.3  17.5   4  18   1.3e-10   9.7e-08   30.4   0.0   160   265   290   394   287   398 0.93 -
Dbuz02210-RA         -           3093 14146at7147          -            482  3.8e-161  536.3  17.5   5  18   1.5e-16   1.1e-13   50.0   0.1   163   263   408   508   401   515 0.93 -
Dbuz02210-RA         -           3093 14146at7147          -            482  3.8e-161  536.3  17.5   6  18   9.4e-11     7e-08   30.9   0.0   160   224   527   591   510   597 0.87 -
Dbuz02210-RA         -           3093 14146at7147          -            482  3.8e-161  536.3  17.5   7  18    0.0015       1.1    7.1   0.0   214   268   664   722   659   725 0.82 -
Dbuz02210-RA         -           3093 14146at7147          -            482  3.8e-161  536.3  17.5   8  18   3.1e-16   2.3e-13   49.0   0.1    91   229   752   891   748   903 0.86 -
Dbuz02210-RA         -           3093 14146at7147          -            482  3.8e-161  536.3  17.5   9  18   1.1e-23   8.6e-21   73.5   0.0    56   285   948  1202   942  1202 0.73 -
Dbuz02210-RA         -           3093 14146at7147          -            482  3.8e-161  536.3  17.5  10  18   2.1e-06    0.0015   16.6   0.0   179   242  1197  1266  1190  1311 0.69 -
Dbuz02210-RA         -           3093 14146at7147          -            482  3.8e-161  536.3  17.5  11  18   9.3e-21     7e-18   63.9   0.0    94   269  1349  1526  1341  1529 0.89 -
Dbuz02210-RA         -           3093 14146at7147          -            482  3.8e-161  536.3  17.5  12  18   1.7e-13   1.3e-10   39.9   0.0    63   288  1529  1760  1526  1790 0.80 -
Dbuz02210-RA         -           3093 14146at7147          -            482  3.8e-161  536.3  17.5  13  18     2e-12   1.5e-09   36.4   0.3    94   243  1832  1978  1813  1989 0.87 -
Dbuz02210-RA         -           3093 14146at7147          -            482  3.8e-161  536.3  17.5  14  18   3.2e-14   2.4e-11   42.3   0.1    94   267  1938  2121  1937  2126 0.78 -
Dbuz02210-RA         -           3093 14146at7147          -            482  3.8e-161  536.3  17.5  15  18     0.025        19    3.1   0.0   181   228  2137  2184  2133  2206 0.90 -
Dbuz02210-RA         -           3093 14146at7147          -            482  3.8e-161  536.3  17.5  16  18     0.048        36    2.1   0.0   292   355  2169  2237  2165  2250 0.83 -
Dbuz02210-RA         -           3093 14146at7147          -            482  3.8e-161  536.3  17.5  17  18   4.3e-15   3.2e-12   45.2   0.0    84   256  2258  2432  2218  2434 0.91 -
Dbuz02210-RA         -           3093 14146at7147          -            482  3.8e-161  536.3  17.5  18  18   2.9e-14   2.1e-11   42.5   0.0    96   266  2380  2555  2374  2560 0.85 -
Dbuz11235-RA         -           3590 14146at7147          -            482   1.1e-82  277.6  16.0   1   6   5.2e-15   3.9e-12   44.9   0.1   102   255   355   505   344   514 0.88 -
Dbuz11235-RA         -           3590 14146at7147          -            482   1.1e-82  277.6  16.0   2   6   8.8e-29   6.6e-26   90.3   2.6    92   273   567   750   555   765 0.88 -
Dbuz11235-RA         -           3590 14146at7147          -            482   1.1e-82  277.6  16.0   3   6   3.2e-09   2.4e-06   25.8   0.1   160   252   738   828   732   846 0.88 -
Dbuz11235-RA         -           3590 14146at7147          -            482   1.1e-82  277.6  16.0   4   6   1.5e-18   1.1e-15   56.6   0.3    93   261   779   942   773   960 0.85 -
Dbuz11235-RA         -           3590 14146at7147          -            482   1.1e-82  277.6  16.0   5   6   7.1e-23   5.3e-20   70.8   0.1    57   255   958  1152   945  1164 0.92 -
Dbuz11235-RA         -           3590 14146at7147          -            482   1.1e-82  277.6  16.0   6   6   1.2e-06   0.00089   17.3   0.0   338   446  1172  1295  1160  1330 0.70 -
Dbuz00824-RA         -           1991 14146at7147          -            482   2.5e-75  253.3  32.4   1  11     3e-22   2.2e-19   68.8   0.6    56   271   146   364   138   374 0.88 -
Dbuz00824-RA         -           1991 14146at7147          -            482   2.5e-75  253.3  32.4   2  11   8.6e-12   6.5e-09   34.3   0.2    92   247   403   567   391   597 0.76 -
Dbuz00824-RA         -           1991 14146at7147          -            482   2.5e-75  253.3  32.4   3  11   1.6e-06    0.0012   16.9   0.0    95   178   634   716   626   730 0.88 -
Dbuz00824-RA         -           1991 14146at7147          -            482   2.5e-75  253.3  32.4   4  11     3e-07   0.00023   19.3   0.1    88   157   749   817   734   831 0.90 -
Dbuz00824-RA         -           1991 14146at7147          -            482   2.5e-75  253.3  32.4   5  11     1e-09   7.6e-07   27.5   1.3    92   243   865  1029   856  1031 0.76 -
Dbuz00824-RA         -           1991 14146at7147          -            482   2.5e-75  253.3  32.4   6  11   7.1e-17   5.3e-14   51.1   0.3    94   254   988  1144   980  1163 0.89 -
Dbuz00824-RA         -           1991 14146at7147          -            482   2.5e-75  253.3  32.4   7  11   1.5e-09   1.1e-06   26.9   0.1    88   221  1086  1222  1085  1246 0.76 -
Dbuz00824-RA         -           1991 14146at7147          -            482   2.5e-75  253.3  32.4   8  11   1.9e-05     0.014   13.4   0.0    93   217  1202  1327  1193  1333 0.86 -
Dbuz00824-RA         -           1991 14146at7147          -            482   2.5e-75  253.3  32.4   9  11   6.3e-14   4.7e-11   41.3   0.1    92   228  1310  1448  1290  1461 0.86 -
Dbuz00824-RA         -           1991 14146at7147          -            482   2.5e-75  253.3  32.4  10  11   4.4e-06    0.0033   15.5   0.0    95   190  1423  1523  1419  1543 0.82 -
Dbuz00824-RA         -           1991 14146at7147          -            482   2.5e-75  253.3  32.4  11  11   5.2e-06    0.0039   15.2   0.1   200   253  1600  1653  1587  1661 0.91 -
Dbuz01977-RA         -           2050 14146at7147          -            482   6.2e-75  252.0  38.4   1  10   8.8e-14   6.6e-11   40.8   2.0    52   266   126   353    82   357 0.75 -
Dbuz01977-RA         -           2050 14146at7147          -            482   6.2e-75  252.0  38.4   2  10   3.5e-14   2.6e-11   42.2   0.2    88   266   392   583   349   586 0.73 -
Dbuz01977-RA         -           2050 14146at7147          -            482   6.2e-75  252.0  38.4   3  10   3.9e-05     0.029   12.3   0.1   172   255   686   767   683   788 0.82 -
Dbuz01977-RA         -           2050 14146at7147          -            482   6.2e-75  252.0  38.4   4  10   9.8e-13   7.4e-10   37.4   0.5    90   266   712   890   708   892 0.84 -
Dbuz01977-RA         -           2050 14146at7147          -            482   6.2e-75  252.0  38.4   5  10   2.5e-15   1.9e-12   45.9   1.0    93   246   820   969   817   979 0.91 -
Dbuz01977-RA         -           2050 14146at7147          -            482   6.2e-75  252.0  38.4   6  10    0.0024       1.8    6.5   0.0   308   381   978  1061   968  1064 0.72 -
Dbuz01977-RA         -           2050 14146at7147          -            482   6.2e-75  252.0  38.4   7  10   2.9e-15   2.2e-12   45.7   0.1   303   424  1075  1216  1068  1226 0.74 -
Dbuz01977-RA         -           2050 14146at7147          -            482   6.2e-75  252.0  38.4   8  10   5.4e-11   4.1e-08   31.7   0.2   172   256  1226  1314  1217  1332 0.81 -
Dbuz01977-RA         -           2050 14146at7147          -            482   6.2e-75  252.0  38.4   9  10   1.4e-08     1e-05   23.7   0.1    72   240  1340  1518  1331  1565 0.76 -
Dbuz01977-RA         -           2050 14146at7147          -            482   6.2e-75  252.0  38.4  10  10     2e-08   1.5e-05   23.2   0.1   200   258  1598  1656  1589  1721 0.91 -
Dbuz04115-RA         -           1826 14146at7147          -            482     5e-72  242.4  27.5   1  12   9.8e-07   0.00074   17.6   0.0   163   256    80   179    66   192 0.81 -
Dbuz04115-RA         -           1826 14146at7147          -            482     5e-72  242.4  27.5   2  12   1.6e-14   1.2e-11   43.3   0.0    96   253   124   290   123   297 0.82 -
Dbuz04115-RA         -           1826 14146at7147          -            482     5e-72  242.4  27.5   3  12   2.8e-14   2.1e-11   42.5   0.1    92   227   237   384   203   451 0.75 -
Dbuz04115-RA         -           1826 14146at7147          -            482     5e-72  242.4  27.5   4  12     6e-08   4.5e-05   21.6   0.1   344   421   445   538   436   541 0.70 -
Dbuz04115-RA         -           1826 14146at7147          -            482     5e-72  242.4  27.5   5  12   1.7e-16   1.3e-13   49.8   0.1    93   267   474   652   469   671 0.85 -
Dbuz04115-RA         -           1826 14146at7147          -            482     5e-72  242.4  27.5   6  12   1.2e-07   9.3e-05   20.6   0.0    95   255   578   753   578   771 0.70 -
Dbuz04115-RA         -           1826 14146at7147          -            482     5e-72  242.4  27.5   7  12   1.3e-09   9.6e-07   27.1   0.2   112   254   719   857   706   872 0.72 -
Dbuz04115-RA         -           1826 14146at7147          -            482     5e-72  242.4  27.5   8  12      0.28   2.1e+02   -0.4   0.0   178   225   905   954   889   967 0.74 -
Dbuz04115-RA         -           1826 14146at7147          -            482     5e-72  242.4  27.5   9  12      0.02        15    3.4   0.0   327   350   994  1018   981  1027 0.82 -
Dbuz04115-RA         -           1826 14146at7147          -            482     5e-72  242.4  27.5  10  12   5.6e-18   4.2e-15   54.7   0.8    54   265  1004  1233   999  1238 0.77 -
Dbuz04115-RA         -           1826 14146at7147          -            482     5e-72  242.4  27.5  11  12   4.7e-15   3.5e-12   45.1   0.2    95   256  1276  1445  1243  1464 0.82 -
Dbuz04115-RA         -           1826 14146at7147          -            482     5e-72  242.4  27.5  12  12   5.5e-07   0.00041   18.4   0.2   142   260  1437  1567  1434  1573 0.78 -
Dbuz01875-RA         -           1722 14146at7147          -            482   1.3e-62  211.3  27.2   1   9   1.9e-28   1.4e-25   89.2   0.5    32   255    67   323    61   325 0.77 -
Dbuz01875-RA         -           1722 14146at7147          -            482   1.3e-62  211.3  27.2   2   9     3e-06    0.0023   16.0   0.0   111   214   285   391   281   416 0.77 -
Dbuz01875-RA         -           1722 14146at7147          -            482   1.3e-62  211.3  27.2   3   9     1e-06   0.00076   17.6   0.4    83   267   481   664   446   666 0.77 -
Dbuz01875-RA         -           1722 14146at7147          -            482   1.3e-62  211.3  27.2   4   9   3.1e-15   2.3e-12   45.7   0.9   101   268   603   766   589   768 0.82 -
Dbuz01875-RA         -           1722 14146at7147          -            482   1.3e-62  211.3  27.2   5   9   3.2e-07   0.00024   19.2   0.0   172   268   769   867   767   868 0.85 -
Dbuz01875-RA         -           1722 14146at7147          -            482   1.3e-62  211.3  27.2   6   9     0.002       1.5    6.7   0.0   327   359   852   885   838   899 0.82 -
Dbuz01875-RA         -           1722 14146at7147          -            482   1.3e-62  211.3  27.2   7   9   6.7e-08     5e-05   21.5   0.4    92   205   898  1010   889  1034 0.89 -
Dbuz01875-RA         -           1722 14146at7147          -            482   1.3e-62  211.3  27.2   8   9   2.3e-09   1.7e-06   26.3   0.1   167   255  1105  1202  1096  1215 0.84 -
Dbuz01875-RA         -           1722 14146at7147          -            482   1.3e-62  211.3  27.2   9   9       3.4   2.6e+03   -4.0   0.0   173   214  1429  1470  1424  1483 0.82 -
Dbuz00881-RA         -           2193 14146at7147          -            482   7.9e-59  198.9  14.3   1  11   2.7e-25     2e-22   78.8   0.1    78   256   142   337   134   339 0.82 -
Dbuz00881-RA         -           2193 14146at7147          -            482   7.9e-59  198.9  14.3   2  11   5.6e-13   4.2e-10   38.2   0.1   135   266   322   463   318   466 0.86 -
Dbuz00881-RA         -           2193 14146at7147          -            482   7.9e-59  198.9  14.3   3  11   2.1e-06    0.0016   16.5   0.0    91   267   506   689   496   707 0.79 -
Dbuz00881-RA         -           2193 14146at7147          -            482   7.9e-59  198.9  14.3   4  11     4e-08     3e-05   22.2   0.1    61   162   878   980   842   986 0.65 -
Dbuz00881-RA         -           2193 14146at7147          -            482   7.9e-59  198.9  14.3   5  11    0.0042       3.2    5.6   0.0   170   219  1042  1089  1037  1104 0.89 -
Dbuz00881-RA         -           2193 14146at7147          -            482   7.9e-59  198.9  14.3   6  11       1.3   9.9e+02   -2.6   0.0   236   264  1192  1220  1183  1238 0.78 -
Dbuz00881-RA         -           2193 14146at7147          -            482   7.9e-59  198.9  14.3   7  11   8.3e-05     0.062   11.3   0.0   360   411  1267  1325  1204  1332 0.65 -
Dbuz00881-RA         -           2193 14146at7147          -            482   7.9e-59  198.9  14.3   8  11   1.6e-05     0.012   13.6   0.1   199   266  1269  1340  1265  1360 0.80 -
Dbuz00881-RA         -           2193 14146at7147          -            482   7.9e-59  198.9  14.3   9  11    0.0019       1.4    6.8   0.1   160   216  1333  1391  1329  1406 0.80 -
Dbuz00881-RA         -           2193 14146at7147          -            482   7.9e-59  198.9  14.3  10  11    0.0082       6.2    4.7   0.5    92   195  1375  1500  1367  1514 0.55 -
Dbuz00881-RA         -           2193 14146at7147          -            482   7.9e-59  198.9  14.3  11  11   2.2e-07   0.00017   19.7   0.0   200   266  1645  1718  1639  1722 0.81 -
Dbuz02209-RA         -            782 14146at7147          -            482   6.7e-40  136.5   8.3   1   4   1.9e-14   1.4e-11   43.1   0.3    90   255   252   421   238   426 0.87 -
Dbuz02209-RA         -            782 14146at7147          -            482   6.7e-40  136.5   8.3   2   4    0.0028       2.1    6.2   0.0   327   360   427   461   421   472 0.82 -
Dbuz02209-RA         -            782 14146at7147          -            482   6.7e-40  136.5   8.3   3   4   3.5e-20   2.6e-17   62.0   0.3    93   268   474   660   469   662 0.83 -
Dbuz02209-RA         -            782 14146at7147          -            482   6.7e-40  136.5   8.3   4   4   2.6e-17   1.9e-14   52.5   0.1    94   227   586   718   584   727 0.89 -
Dbuz11327-RA         -           1468 14146at7147          -            482   8.3e-35  119.7  17.7   1   5   9.4e-12     7e-09   34.2   1.7    94   263     5   168     3   180 0.87 -
Dbuz11327-RA         -           1468 14146at7147          -            482   8.3e-35  119.7  17.7   2   5   1.5e-07   0.00011   20.3   0.0   184   268   203   301   176   321 0.79 -
Dbuz11327-RA         -           1468 14146at7147          -            482   8.3e-35  119.7  17.7   3   5     1e-10   7.5e-08   30.8   1.4    94   255   333   505   331   508 0.79 -
Dbuz11327-RA         -           1468 14146at7147          -            482   8.3e-35  119.7  17.7   4   5   1.7e-19   1.3e-16   59.7   0.7    93   244   451   598   449   629 0.85 -
Dbuz11327-RA         -           1468 14146at7147          -            482   8.3e-35  119.7  17.7   5   5    0.0042       3.1    5.6   0.0   171   213   643   685   633   702 0.87 -
Dbuz11332-RA         -            632 14146at7147          -            482   6.2e-32  110.2  15.2   1   4   6.1e-05     0.046   11.7   0.2   200   259     6    63     3    78 0.82 -
Dbuz11332-RA         -            632 14146at7147          -            482   6.2e-32  110.2  15.2   2   4   1.5e-11   1.1e-08   33.5   1.1    93   265   107   290   105   325 0.79 -
Dbuz11332-RA         -            632 14146at7147          -            482   6.2e-32  110.2  15.2   3   4   0.00024      0.18    9.7   0.1    94   192   336   440   332   450 0.77 -
Dbuz11332-RA         -            632 14146at7147          -            482   6.2e-32  110.2  15.2   4   4   1.8e-19   1.4e-16   59.6   0.3    93   231   453   587   448   614 0.88 -
Dbuz08048-RA         -           1515 14146at7147          -            482   9.5e-24   83.2  25.9   1   6      0.41   3.1e+02   -0.9   0.0   223   268   102   152    86   178 0.63 -
Dbuz08048-RA         -           1515 14146at7147          -            482   9.5e-24   83.2  25.9   2   6   6.9e-11   5.2e-08   31.3   0.5    90   216   184   308   149   333 0.83 -
Dbuz08048-RA         -           1515 14146at7147          -            482   9.5e-24   83.2  25.9   3   6     0.024        18    3.1   0.0   331   360   364   393   342   403 0.72 -
Dbuz08048-RA         -           1515 14146at7147          -            482   9.5e-24   83.2  25.9   4   6   2.8e-10   2.1e-07   29.3   0.8    93   257   404   569   399   584 0.83 -
Dbuz08048-RA         -           1515 14146at7147          -            482   9.5e-24   83.2  25.9   5   6   2.7e-06     0.002   16.2   0.5   165   256   582   673   575   682 0.67 -
Dbuz08048-RA         -           1515 14146at7147          -            482   9.5e-24   83.2  25.9   6   6   2.6e-06     0.002   16.2   2.5    58   372   689  1004   662  1046 0.73 -
Dbuz03354-RA         -           1914 14146at7147          -            482   4.4e-16   57.9   1.8   1   4   0.00032      0.24    9.3   0.1   164   256   271   368   260   392 0.55 -
Dbuz03354-RA         -           1914 14146at7147          -            482   4.4e-16   57.9   1.8   2   4   0.00035      0.26    9.2   0.1    92   158   312   378   308   503 0.65 -
Dbuz03354-RA         -           1914 14146at7147          -            482   4.4e-16   57.9   1.8   3   4   8.5e-10   6.4e-07   27.7   0.0   172   255   517   601   510   632 0.85 -
Dbuz03354-RA         -           1914 14146at7147          -            482   4.4e-16   57.9   1.8   4   4   1.7e-06    0.0013   16.8   0.1    91   193   653   752   647   786 0.82 -
Dbuz11328-RA         -            173 14146at7147          -            482   2.2e-06   25.9   0.2   1   2   1.1e-08   8.3e-06   24.0   0.2   169   256    31   118    26   144 0.78 -
Dbuz11328-RA         -            173 14146at7147          -            482   2.2e-06   25.9   0.2   2   2    0.0032       2.4    6.0   0.1   122   191    91   160    82   166 0.86 -
Dbuz11329-RA         -            519 14146at7147          -            482   0.00017   19.7   0.4   1   2   0.00037      0.28    9.1   0.1   340   394   258   320   226   368 0.68 -
Dbuz11329-RA         -            519 14146at7147          -            482   0.00017   19.7   0.4   2   2    0.0012      0.89    7.5   0.0   303   356   451   505   440   513 0.86 -
#
# Program:         hmmsearch
# Version:         3.1b2 (February 2015)
# Pipeline mode:   SEARCH
# Query file:      /home/nmoreyra/Documents/Genomics/03_orthologs_search/00_Phylogenomics_BUSCO-groups/busco4_odb10/busco_downloads/lineages/diptera_odb10/hmms/14146at7147.hmm
# Target file:     /home/nmoreyra/Documents/Genomics/03_orthologs_search/00_Phylogenomics_BUSCO-groups/busco4_odb10/../00_proteins/Dbuz_proteins.fasta
# Option settings: /home/nmoreyra/Software/miniconda3/envs/busco4/bin/hmmsearch --domtblout /home/nmoreyra/Documents/Genomics/03_orthologs_search/00_Phylogenomics_BUSCO-groups/busco4_odb10/Dbuz_diptera/run_diptera_odb10/hmmer_output/initial_run_results/14146at7147.out --cpu 1 /home/nmoreyra/Documents/Genomics/03_orthologs_search/00_Phylogenomics_BUSCO-groups/busco4_odb10/busco_downloads/lineages/diptera_odb10/hmms/14146at7147.hmm /home/nmoreyra/Documents/Genomics/03_orthologs_search/00_Phylogenomics_BUSCO-groups/busco4_odb10/../00_proteins/Dbuz_proteins.fasta 
# Current dir:     /home/nmoreyra/Documents/Genomics/03_orthologs_search/00_Phylogenomics_BUSCO-groups/busco4_odb10
# Date:            Mon Jan 25 13:15:03 2021
# [ok]
