#                                                                            --- full sequence --- -------------- this domain -------------   hmm coord   ali coord   env coord
# target name        accession   tlen query name           accession   qlen   E-value  score  bias   #  of  c-Evalue  i-Evalue  score  bias  from    to  from    to  from    to  acc description of target
#------------------- ---------- ----- -------------------- ---------- ----- --------- ------ ----- --- --- --------- --------- ------ ----- ----- ----- ----- ----- ----- ----- ---- ---------------------
Dbuz10807-RA         -            799 14506at7147          -            426  5.2e-172  571.9  41.2   1   6   0.00056      0.34    9.1   0.1     6    21   126   141   122   146 0.88 -
Dbuz10807-RA         -            799 14506at7147          -            426  5.2e-172  571.9  41.2   2   6       1.7     1e+03   -2.4   0.0    19    36   237   254   223   271 0.65 -
Dbuz10807-RA         -            799 14506at7147          -            426  5.2e-172  571.9  41.2   3   6   1.8e-38   1.1e-35  122.7  18.0    29    94   272   337   268   342 0.98 -
Dbuz10807-RA         -            799 14506at7147          -            426  5.2e-172  571.9  41.2   4   6   5.7e-72   3.4e-69  233.1   2.5    96   203   404   512   356   520 0.84 -
Dbuz10807-RA         -            799 14506at7147          -            426  5.2e-172  571.9  41.2   5   6     2e-10   1.2e-07   30.3   0.0   193   234   616   660   601   664 0.84 -
Dbuz10807-RA         -            799 14506at7147          -            426  5.2e-172  571.9  41.2   6   6   1.8e-58   1.1e-55  188.6   0.7   223   318   682   783   670   791 0.90 -
Dbuz12555-RA         -            116 14506at7147          -            426     7e-64  215.6   1.3   1   1   1.4e-66   8.3e-64  215.4   1.3   317   426     4   116     2   116 0.97 -
Dbuz08741-RA         -            754 14506at7147          -            426   8.8e-47  159.3  14.0   1   3   1.1e-33   6.4e-31  107.0   2.9   110   191   172   254   135   268 0.88 -
Dbuz08741-RA         -            754 14506at7147          -            426   8.8e-47  159.3  14.0   2   3   4.6e-08   2.8e-05   22.5   0.1   237   290   519   573   477   582 0.87 -
Dbuz08741-RA         -            754 14506at7147          -            426   8.8e-47  159.3  14.0   3   3   4.5e-12   2.8e-09   35.7   0.9   302   402   639   735   629   743 0.90 -
Dbuz08737-RA         -            486 14506at7147          -            426   4.2e-40  137.3  17.1   1   2   1.6e-25   9.8e-23   80.0  10.3   110   191    87   169    79   174 0.93 -
Dbuz08737-RA         -            486 14506at7147          -            426   4.2e-40  137.3  17.1   2   2   5.3e-18   3.2e-15   55.3   0.5   239   398   261   445   247   457 0.77 -
Dbuz09289-RA         -            612 14506at7147          -            426   8.9e-36  123.0   6.2   1   2   5.9e-24   3.6e-21   74.9   2.0    68   186    88   210    62   219 0.80 -
Dbuz09289-RA         -            612 14506at7147          -            426   8.9e-36  123.0   6.2   2   2   2.3e-16   1.4e-13   49.9   0.1   233   398   401   582   344   597 0.75 -
Dbuz00746-RA         -            450 14506at7147          -            426   5.6e-28   97.3   4.8   1   3   1.2e-22   7.5e-20   70.5   5.3   101   185    24   111     2   124 0.85 -
Dbuz00746-RA         -            450 14506at7147          -            426   5.6e-28   97.3   4.8   2   3   2.8e-07   0.00017   19.9   0.0   236   348   222   337   208   353 0.67 -
Dbuz00746-RA         -            450 14506at7147          -            426   5.6e-28   97.3   4.8   3   3     0.053        32    2.5   0.0   355   404   374   423   365   441 0.82 -
Dbuz10490-RA         -            859 14506at7147          -            426   1.1e-25   89.8  10.5   1   2       1.1   6.5e+02   -1.7   0.4    31    51   353   373   347   401 0.76 -
Dbuz10490-RA         -            859 14506at7147          -            426   1.1e-25   89.8  10.5   2   2   1.8e-28   1.1e-25   89.8  10.5    49   399   449   826   442   842 0.77 -
Dbuz01532-RA         -            704 14506at7147          -            426   6.1e-24   84.0   3.9   1   3   5.3e-23   3.2e-20   71.8   0.5   129   349    37   270    28   278 0.76 -
Dbuz01532-RA         -            704 14506at7147          -            426   6.1e-24   84.0   3.9   2   3   6.3e-08   3.9e-05   22.1   0.2   359   399   560   600   547   614 0.82 -
Dbuz01532-RA         -            704 14506at7147          -            426   6.1e-24   84.0   3.9   3   3       7.5   4.5e+03   -4.5   3.1    42    86   615   657   598   689 0.46 -
Dbuz09119-RA         -            472 14506at7147          -            426   3.3e-19   68.4  15.2   1   3     8e-11   4.9e-08   31.6   3.4   145   193   127   176   119   192 0.87 -
Dbuz09119-RA         -            472 14506at7147          -            426   3.3e-19   68.4  15.2   2   3      0.68   4.2e+02   -1.1   0.3    39    74   214   249   193   262 0.78 -
Dbuz09119-RA         -            472 14506at7147          -            426   3.3e-19   68.4  15.2   3   3     1e-14   6.4e-12   44.4   0.3   237   406   276   447   251   467 0.86 -
Dbuz01166-RA         -            966 14506at7147          -            426   6.5e-19   67.4   6.9   1   2   1.1e-21   6.5e-19   67.4   6.9   109   190     8    89     2   104 0.89 -
Dbuz01166-RA         -            966 14506at7147          -            426   6.5e-19   67.4   6.9   2   2      0.79   4.8e+02   -1.3   0.5   263   310   136   183   119   262 0.63 -
Dbuz12145-RA         -            448 14506at7147          -            426   1.3e-18   66.4  24.8   1   3   7.5e-21   4.6e-18   64.7   9.4   108   184     9    86     2    94 0.91 -
Dbuz12145-RA         -            448 14506at7147          -            426   1.3e-18   66.4  24.8   2   3      0.16     1e+02    0.9   5.2    31    87   110   163    91   174 0.68 -
Dbuz12145-RA         -            448 14506at7147          -            426   1.3e-18   66.4  24.8   3   3    0.0016      0.99    7.5   0.0   242   286   248   292   224   431 0.72 -
Dbuz11828-RA         -            871 14506at7147          -            426   4.4e-17   61.4   1.4   1   1   7.3e-20   4.4e-17   61.4   1.4   151   402    73   334    64   359 0.78 -
Dbuz05026-RA         -            643 14506at7147          -            426     8e-17   60.6  10.4   1   2   2.7e-19   1.6e-16   59.6   6.6   110   178    55   124    44   135 0.91 -
Dbuz05026-RA         -            643 14506at7147          -            426     8e-17   60.6  10.4   2   2      0.07        42    2.2   0.1   242   350   441   558   429   590 0.66 -
Dbuz11615-RA         -            416 14506at7147          -            426   6.8e-13   47.6   1.8   1   3      0.33     2e+02   -0.0   0.0   179   197     7    25     2    43 0.80 -
Dbuz11615-RA         -            416 14506at7147          -            426   6.8e-13   47.6   1.8   2   3   0.00073      0.44    8.7   0.1   214   270   232   284   213   298 0.75 -
Dbuz11615-RA         -            416 14506at7147          -            426   6.8e-13   47.6   1.8   3   3     1e-12   6.2e-10   37.9   0.1   299   423   281   411   279   414 0.80 -
Dbuz07110-RA         -            367 14506at7147          -            426   1.2e-12   46.8   8.7   1   1   3.3e-15     2e-12   46.1   8.7   108   181     2    77     1    89 0.88 -
Dbuz05049-RA         -            506 14506at7147          -            426   4.6e-12   44.9   8.0   1   1   7.6e-15   4.6e-12   44.9   8.0   105   179     4    80     2    92 0.88 -
Dbuz00612-RA         -           1015 14506at7147          -            426     7e-12   44.3  11.0   1   2   7.4e-11   4.5e-08   31.7   4.6   121   183   261   325   223   334 0.86 -
Dbuz00612-RA         -           1015 14506at7147          -            426     7e-12   44.3  11.0   2   2   4.6e-06    0.0028   15.9   0.4   238   402   818   989   802  1011 0.77 -
Dbuz05046-RA         -            643 14506at7147          -            426   1.4e-11   43.3   9.5   1   2   2.4e-14   1.4e-11   43.3   9.5   108   181     2    77     1    89 0.88 -
Dbuz05046-RA         -            643 14506at7147          -            426   1.4e-11   43.3   9.5   2   2       4.4   2.7e+03   -3.8   4.8    18    82   455   520   443   532 0.60 -
Dbuz10710-RA         -            658 14506at7147          -            426   5.4e-11   41.3   0.3   1   1   1.9e-13   1.1e-10   40.3   0.3   246   423   468   646   428   649 0.81 -
Dbuz03447-RA         -             84 14506at7147          -            426   4.1e-09   35.2   2.1   1   1   7.4e-12   4.5e-09   35.0   2.1   132   181     2    52     1    62 0.90 -
Dbuz03445-RA         -            340 14506at7147          -            426    0.0026   16.0   0.0   1   1   4.3e-06    0.0026   16.0   0.0   251   377   152   278   144   305 0.81 -
#
# Program:         hmmsearch
# Version:         3.1b2 (February 2015)
# Pipeline mode:   SEARCH
# Query file:      /home/nmoreyra/Documents/Genomics/03_orthologs_search/00_Phylogenomics_BUSCO-groups/busco4_odb10/busco_downloads/lineages/diptera_odb10/hmms/14506at7147.hmm
# Target file:     /home/nmoreyra/Documents/Genomics/03_orthologs_search/00_Phylogenomics_BUSCO-groups/busco4_odb10/../00_proteins/Dbuz_proteins.fasta
# Option settings: /home/nmoreyra/Software/miniconda3/envs/busco4/bin/hmmsearch --domtblout /home/nmoreyra/Documents/Genomics/03_orthologs_search/00_Phylogenomics_BUSCO-groups/busco4_odb10/Dbuz_diptera/run_diptera_odb10/hmmer_output/initial_run_results/14506at7147.out --cpu 1 /home/nmoreyra/Documents/Genomics/03_orthologs_search/00_Phylogenomics_BUSCO-groups/busco4_odb10/busco_downloads/lineages/diptera_odb10/hmms/14506at7147.hmm /home/nmoreyra/Documents/Genomics/03_orthologs_search/00_Phylogenomics_BUSCO-groups/busco4_odb10/../00_proteins/Dbuz_proteins.fasta 
# Current dir:     /home/nmoreyra/Documents/Genomics/03_orthologs_search/00_Phylogenomics_BUSCO-groups/busco4_odb10
# Date:            Mon Jan 25 13:16:06 2021
# [ok]
