#                                                                            --- full sequence --- -------------- this domain -------------   hmm coord   ali coord   env coord
# target name        accession   tlen query name           accession   qlen   E-value  score  bias   #  of  c-Evalue  i-Evalue  score  bias  from    to  from    to  from    to  acc description of target
#------------------- ---------- ----- -------------------- ---------- ----- --------- ------ ----- --- --- --------- --------- ------ ----- ----- ----- ----- ----- ----- ----- ---- ---------------------
Dbuz07803-RA         -            977 15235at7147          -            689         0 1063.1  37.4   1   3  9.9e-176  1.3e-173  578.6   1.5     5   299    34   351    27   359 0.94 -
Dbuz07803-RA         -            977 15235at7147          -            689         0 1063.1  37.4   2   3   3.7e-80   4.9e-78  262.8   1.4   296   486   424   650   414   666 0.84 -
Dbuz07803-RA         -            977 15235at7147          -            689         0 1063.1  37.4   3   3   5.3e-67     7e-65  219.3  19.9   483   688   669   969   660   970 0.78 -
Dbuz00407-RA         -            784 15235at7147          -            689     2e-25   88.9  32.1   1   4   2.5e-14   3.3e-12   45.2   3.4   104   292    46   233    35   239 0.83 -
Dbuz00407-RA         -            784 15235at7147          -            689     2e-25   88.9  32.1   2   4    0.0013      0.17    9.7   0.1    84   126   241   286   234   287 0.83 -
Dbuz00407-RA         -            784 15235at7147          -            689     2e-25   88.9  32.1   3   4   3.3e-05    0.0043   15.1   0.2    80   127   284   331   282   347 0.89 -
Dbuz00407-RA         -            784 15235at7147          -            689     2e-25   88.9  32.1   4   4   1.5e-09     2e-07   29.4  11.3   632   684   729   781   719   784 0.88 -
Dbuz01799-RA         -            429 15235at7147          -            689   8.6e-21   73.6   3.9   1   3   0.00095      0.12   10.2   0.0   171   214   178   221   167   226 0.89 -
Dbuz01799-RA         -            429 15235at7147          -            689   8.6e-21   73.6   3.9   2   3   1.1e-14   1.4e-12   46.4   1.6    82   204   227   351   222   358 0.93 -
Dbuz01799-RA         -            429 15235at7147          -            689   8.6e-21   73.6   3.9   3   3   2.4e-05    0.0031   15.5   0.0   258   304   375   422   368   428 0.80 -
Dbuz10251-RA         -            358 15235at7147          -            689     1e-19   70.0   3.4   1   2   5.6e-06   0.00073   17.6   0.1    77   181    61   161    44   163 0.84 -
Dbuz10251-RA         -            358 15235at7147          -            689     1e-19   70.0   3.4   2   2   8.9e-17   1.2e-14   53.3   0.6    80   290   148   357   145   358 0.82 -
Dbuz07736-RA         -            347 15235at7147          -            689   4.6e-19   67.8   0.1   1   3      0.17        23    2.7   0.0   247   290    42    85    35    90 0.91 -
Dbuz07736-RA         -            347 15235at7147          -            689   4.6e-19   67.8   0.1   2   3   0.00016     0.021   12.8   0.0   240   289    76   127    69   136 0.85 -
Dbuz07736-RA         -            347 15235at7147          -            689   4.6e-19   67.8   0.1   3   3   3.2e-16   4.2e-14   51.4   0.2    81   290   136   346   131   347 0.85 -
Dbuz06443-RA         -            427 15235at7147          -            689   1.3e-18   66.4   9.0   1   3   0.00014     0.019   12.9   0.0   171   214   179   222   152   228 0.91 -
Dbuz06443-RA         -            427 15235at7147          -            689   1.3e-18   66.4   9.0   2   3   1.1e-13   1.5e-11   43.0   2.6    81   204   227   352   223   358 0.93 -
Dbuz06443-RA         -            427 15235at7147          -            689   1.3e-18   66.4   9.0   3   3   0.00014     0.018   13.0   0.1   257   298   375   417   369   424 0.79 -
Dbuz02217-RA         -            488 15235at7147          -            689   3.1e-18   65.1  12.9   1   5   1.8e-05    0.0024   15.9   0.3    76   185   110   216    96   222 0.81 -
Dbuz02217-RA         -            488 15235at7147          -            689   3.1e-18   65.1  12.9   2   5   5.4e-07   7.1e-05   21.0   0.3   144   202   223   278   217   294 0.88 -
Dbuz02217-RA         -            488 15235at7147          -            689   3.1e-18   65.1  12.9   3   5   2.8e-06   0.00036   18.6   0.1   239   291   353   406   336   409 0.84 -
Dbuz02217-RA         -            488 15235at7147          -            689   3.1e-18   65.1  12.9   4   5   3.6e-05    0.0047   14.9   0.0   251   292   408   449   404   455 0.90 -
Dbuz02217-RA         -            488 15235at7147          -            689   3.1e-18   65.1  12.9   5   5      0.67        89    0.8   0.0   249   287   448   486   446   487 0.87 -
Dbuz06619-RA         -            373 15235at7147          -            689   5.5e-18   64.3   1.5   1   2   1.1e-05    0.0014   16.6   0.0   136   206    83   151    78   161 0.76 -
Dbuz06619-RA         -            373 15235at7147          -            689   5.5e-18   64.3   1.5   2   2   3.8e-17   4.9e-15   54.5   0.3    80   300   114   333   111   351 0.79 -
Dbuz04766-RA         -            460 15235at7147          -            689   8.6e-18   63.6   3.5   1   2      0.99   1.3e+02    0.3   0.0   163   192   216   245   184   255 0.77 -
Dbuz04766-RA         -            460 15235at7147          -            689   8.6e-18   63.6   3.5   2   2   2.1e-19   2.7e-17   62.0   1.7    79   210   267   402   261   406 0.90 -
Dbuz04261-RA         -            539 15235at7147          -            689   4.4e-17   61.3   6.6   1   3   0.00072     0.094   10.6   0.1    84   205   246   370   240   376 0.79 -
Dbuz04261-RA         -            539 15235at7147          -            689   4.4e-17   61.3   6.6   2   3   4.7e-11   6.2e-09   34.4   0.1    83   202   379   494   369   497 0.82 -
Dbuz04261-RA         -            539 15235at7147          -            689   4.4e-17   61.3   6.6   3   3   4.4e-11   5.7e-09   34.5   0.7   155   288   406   536   406   539 0.79 -
Dbuz01036-RA         -            448 15235at7147          -            689   2.5e-16   58.8   6.0   1   2   1.8e-10   2.4e-08   32.4   0.8   136   289   171   322   115   330 0.84 -
Dbuz01036-RA         -            448 15235at7147          -            689   2.5e-16   58.8   6.0   2   2   6.8e-12   8.9e-10   37.1   0.4    95   288   260   448   259   448 0.85 -
Dbuz10344-RA         -            331 15235at7147          -            689   4.2e-14   51.5  13.3   1   3   4.5e-08     6e-06   24.5   1.8    76   204     5   129     4   135 0.84 -
Dbuz10344-RA         -            331 15235at7147          -            689   4.2e-14   51.5  13.3   2   3   4.6e-07   6.1e-05   21.2   2.1    83   201    57   171    49   176 0.82 -
Dbuz10344-RA         -            331 15235at7147          -            689   4.2e-14   51.5  13.3   3   3     2e-09   2.6e-07   29.0   1.5    78   203   183   329   180   331 0.76 -
Dbuz12614-RA         -            406 15235at7147          -            689   7.5e-14   50.6   0.3   1   2   1.3e-10   1.7e-08   32.9   0.3   126   290    14   175     5   196 0.81 -
Dbuz12614-RA         -            406 15235at7147          -            689   7.5e-14   50.6   0.3   2   2   1.2e-07   1.5e-05   23.2   0.0   143   305   157   316   156   322 0.84 -
Dbuz02237-RA         -            724 15235at7147          -            689   1.3e-13   49.8  12.3   1   4     0.013       1.7    6.5   0.0    78   127   372   422   353   436 0.70 -
Dbuz02237-RA         -            724 15235at7147          -            689   1.3e-13   49.8  12.3   2   4   3.5e-06   0.00046   18.3   1.0    87   199   436   541   432   553 0.83 -
Dbuz02237-RA         -            724 15235at7147          -            689   1.3e-13   49.8  12.3   3   4   8.8e-10   1.2e-07   30.2   2.1    63   202   529   679   526   684 0.71 -
Dbuz02237-RA         -            724 15235at7147          -            689   1.3e-13   49.8  12.3   4   4     0.006      0.79    7.6   0.0    82   161   648   723   646   724 0.82 -
Dbuz09887-RA         -            343 15235at7147          -            689   8.5e-13   47.1   2.1   1   2    0.0018      0.24    9.3   0.1    88   117   124   153   118   163 0.89 -
Dbuz09887-RA         -            343 15235at7147          -            689   8.5e-13   47.1   2.1   2   2   5.1e-12   6.7e-10   37.6   0.4    77   209   166   302   158   311 0.90 -
Dbuz09657-RA         -           1272 15235at7147          -            689   1.4e-12   46.4   0.0   1   4   4.9e-06   0.00064   17.8   0.0    81   202    75   199    60   217 0.60 -
Dbuz09657-RA         -           1272 15235at7147          -            689   1.4e-12   46.4   0.0   2   4   0.00016     0.022   12.7   0.0   142   205   903   973   884   977 0.79 -
Dbuz09657-RA         -           1272 15235at7147          -            689   1.4e-12   46.4   0.0   3   4     0.003      0.39    8.6   0.0   254   288   978  1012   973  1027 0.88 -
Dbuz09657-RA         -           1272 15235at7147          -            689   1.4e-12   46.4   0.0   4   4      0.45        59    1.4   0.0   272   335  1089  1153  1049  1164 0.81 -
Dbuz10395-RA         -           1596 15235at7147          -            689   2.7e-12   45.5   0.9   1   2   4.8e-12   6.3e-10   37.7   0.3    83   203   457   582   439   591 0.87 -
Dbuz10395-RA         -           1596 15235at7147          -            689   2.7e-12   45.5   0.9   2   2     0.017       2.3    6.0   0.0    82   159   593   673   587   682 0.85 -
Dbuz09198-RA         -            395 15235at7147          -            689   5.8e-12   44.4   0.3   1   2   0.00018     0.024   12.6   0.1   257   292   167   203   154   211 0.70 -
Dbuz09198-RA         -            395 15235at7147          -            689   5.8e-12   44.4   0.3   2   2   9.4e-10   1.2e-07   30.1   0.0    81   206   209   336   205   342 0.90 -
Dbuz04159-RA         -            335 15235at7147          -            689   7.6e-12   44.0   5.8   1   3   0.00042     0.055   11.4   0.5   143   224    84   178    71   181 0.65 -
Dbuz04159-RA         -            335 15235at7147          -            689   7.6e-12   44.0   5.8   2   3   6.4e-10   8.5e-08   30.6   0.1    83   212   166   296   161   299 0.88 -
Dbuz04159-RA         -            335 15235at7147          -            689   7.6e-12   44.0   5.8   3   3     0.049       6.5    4.6   0.0    83   112   299   328   294   332 0.86 -
Dbuz11629-RA         -            356 15235at7147          -            689   3.2e-11   41.9   3.0   1   3   0.00012     0.016   13.2   0.2   165   290    60   186    56   193 0.64 -
Dbuz11629-RA         -            356 15235at7147          -            689   3.2e-11   41.9   3.0   2   3    0.0077         1    7.2   0.0    79   118   192   232   175   239 0.79 -
Dbuz11629-RA         -            356 15235at7147          -            689   3.2e-11   41.9   3.0   3   3   3.2e-07   4.2e-05   21.7   0.1    79   201   236   355   232   356 0.86 -
Dbuz12712-RA         -            810 15235at7147          -            689   4.1e-11   41.6   9.9   1   3     0.069       9.1    4.1   0.3   145   204   161   218   152   231 0.79 -
Dbuz12712-RA         -            810 15235at7147          -            689   4.1e-11   41.6   9.9   2   3    0.0001     0.014   13.4   0.5   138   206   196   261   183   268 0.83 -
Dbuz12712-RA         -            810 15235at7147          -            689   4.1e-11   41.6   9.9   3   3   3.4e-10   4.5e-08   31.5   2.2    80   229   266   417   262   424 0.84 -
Dbuz02936-RA         -            419 15235at7147          -            689   4.4e-11   41.5   9.2   1   3     0.072       9.4    4.0   0.5   149   205   122   178   101   194 0.56 -
Dbuz02936-RA         -            419 15235at7147          -            689   4.4e-11   41.5   9.2   2   3   1.8e-09   2.3e-07   29.2   2.4    74   207   240   370   205   371 0.82 -
Dbuz02936-RA         -            419 15235at7147          -            689   4.4e-11   41.5   9.2   3   3   0.00023      0.03   12.3   0.0   248   299   368   418   363   419 0.83 -
Dbuz00468-RA         -            570 15235at7147          -            689   4.6e-11   41.4  14.3   1   3   5.5e-08   7.2e-06   24.2   1.3    82   165   276   358   269   363 0.90 -
Dbuz00468-RA         -            570 15235at7147          -            689   4.6e-11   41.4  14.3   2   3   2.8e-07   3.7e-05   21.9   3.4    80   206   318   441   314   453 0.79 -
Dbuz00468-RA         -            570 15235at7147          -            689   4.6e-11   41.4  14.3   3   3   2.2e-05    0.0029   15.6   0.7   110   202   480   570   462   570 0.80 -
Dbuz08728-RA         -            478 15235at7147          -            689   8.3e-11   40.6   7.8   1   2     0.016       2.1    6.1   2.0   131   184   215   267   175   278 0.76 -
Dbuz08728-RA         -            478 15235at7147          -            689   8.3e-11   40.6   7.8   2   2   3.6e-12   4.7e-10   38.1   0.6   116   300   281   468   265   474 0.78 -
Dbuz01936-RA         -           2280 15235at7147          -            689   1.2e-10   40.1   1.8   1   2   1.5e-09     2e-07   29.4   0.2   108   297   238   439   224   454 0.70 -
Dbuz01936-RA         -           2280 15235at7147          -            689   1.2e-10   40.1   1.8   2   2   0.00054     0.072   11.0   1.0    85   207   402   534   400   542 0.72 -
Dbuz09197-RA         -            712 15235at7147          -            689   4.4e-10   38.1   2.9   1   2   2.5e-09   3.3e-07   28.7   0.2   155   290   441   572   435   593 0.76 -
Dbuz09197-RA         -            712 15235at7147          -            689   4.4e-10   38.1   2.9   2   2     0.004      0.53    8.2   0.3    83   161   582   657   573   670 0.78 -
Dbuz06984-RA         -            668 15235at7147          -            689   4.4e-10   38.1   0.1   1   2   3.9e-09   5.1e-07   28.0   0.0   110   221   210   325   197   336 0.79 -
Dbuz06984-RA         -            668 15235at7147          -            689   4.4e-10   38.1   0.1   2   2    0.0045      0.59    8.0   0.0   155   208   403   456   393   499 0.68 -
Dbuz10260-RA         -            477 15235at7147          -            689   7.7e-10   37.4   2.3   1   2   3.9e-11   5.1e-09   34.6   1.1   149   306   186   341   175   384 0.74 -
Dbuz10260-RA         -            477 15235at7147          -            689   7.7e-10   37.4   2.3   2   2      0.57        75    1.0   0.0   266   295   431   460   421   467 0.83 -
Dbuz05400-RA         -            319 15235at7147          -            689   1.5e-09   36.4   0.3   1   2      0.01       1.4    6.8   0.1    81   182     8   104     4   136 0.62 -
Dbuz05400-RA         -            319 15235at7147          -            689   1.5e-09   36.4   0.3   2   2   5.5e-09   7.2e-07   27.5   0.0   149   229   159   239   147   317 0.72 -
Dbuz00254-RA         -            424 15235at7147          -            689   1.1e-08   33.6   0.2   1   3       4.2   5.5e+02   -1.8   0.0   166   204    99   136    95   147 0.81 -
Dbuz00254-RA         -            424 15235at7147          -            689   1.1e-08   33.6   0.2   2   3   4.4e-06   0.00058   17.9   0.0   164   227   157   223   135   232 0.78 -
Dbuz00254-RA         -            424 15235at7147          -            689   1.1e-08   33.6   0.2   3   3   0.00025     0.032   12.2   0.1   131   208   256   333   233   418 0.82 -
Dbuz00258-RA         -            331 15235at7147          -            689   1.3e-08   33.4   0.8   1   3     0.024       3.1    5.6   0.1    78   149    78   146    41   166 0.43 -
Dbuz00258-RA         -            331 15235at7147          -            689   1.3e-08   33.4   0.8   2   3    0.0054      0.71    7.7   0.0    78   209    78   205    72   209 0.81 -
Dbuz00258-RA         -            331 15235at7147          -            689   1.3e-08   33.4   0.8   3   3   4.2e-08   5.5e-06   24.6   0.1   142   288   181   324   173   329 0.86 -
Dbuz12948-RA         -            340 15235at7147          -            689   1.4e-08   33.2   3.1   1   3   0.00063     0.083   10.8   0.3   170   225    52   108    42   176 0.72 -
Dbuz12948-RA         -            340 15235at7147          -            689   1.4e-08   33.2   3.1   2   3     0.021       2.8    5.8   0.0   243   297   166   221   154   230 0.82 -
Dbuz12948-RA         -            340 15235at7147          -            689   1.4e-08   33.2   3.1   3   3   2.1e-05    0.0028   15.7   0.2    99   196   239   334   227   340 0.82 -
Dbuz06170-RA         -            513 15235at7147          -            689   1.8e-08   32.8   6.5   1   2     0.087        11    3.7   0.0   137   164   136   163   120   184 0.82 -
Dbuz06170-RA         -            513 15235at7147          -            689   1.8e-08   32.8   6.5   2   2   3.7e-09   4.8e-07   28.1   4.0    78   296   257   484   243   495 0.76 -
Dbuz03486-RA         -            442 15235at7147          -            689   2.1e-08   32.6   3.4   1   3   1.4e-05    0.0018   16.3   0.1   143   207    80   142    56   153 0.82 -
Dbuz03486-RA         -            442 15235at7147          -            689   2.1e-08   32.6   3.4   2   3   2.1e-05    0.0028   15.7   0.8    64   293   176   312   162   337 0.54 -
Dbuz03486-RA         -            442 15235at7147          -            689   2.1e-08   32.6   3.4   3   3    0.0019      0.24    9.3   0.1   127   208   276   356   262   368 0.76 -
Dbuz12278-RA         -            955 15235at7147          -            689   2.6e-08   32.3   0.0   1   2      0.37        48    1.7   0.0   254   290   183   219   159   232 0.86 -
Dbuz12278-RA         -            955 15235at7147          -            689   2.6e-08   32.3   0.0   2   2   4.3e-09   5.7e-07   27.9   0.0   142   291   405   555   394   598 0.82 -
Dbuz07252-RA         -            844 15235at7147          -            689   3.9e-08   31.7   0.1   1   1     8e-10   1.1e-07   30.3   0.0    78   205    95   220    88   227 0.84 -
Dbuz04795-RA         -            458 15235at7147          -            689   7.6e-08   30.8   0.1   1   2   0.00048     0.063   11.2   0.0   245   292   249   297   238   302 0.80 -
Dbuz04795-RA         -            458 15235at7147          -            689   7.6e-08   30.8   0.1   2   2   4.5e-06   0.00059   17.9   0.0    80   207   302   425   296   432 0.80 -
Dbuz00119-RA         -            353 15235at7147          -            689   1.6e-07   29.7   0.2   1   1   2.1e-09   2.8e-07   28.9   0.2    95   201   173   287    89   298 0.83 -
Dbuz04798-RA         -           2001 15235at7147          -            689   1.7e-07   29.6   8.5   1   4   6.8e-05     0.009   14.0   2.5    77   206   933  1058   903  1077 0.77 -
Dbuz04798-RA         -           2001 15235at7147          -            689   1.7e-07   29.6   8.5   2   4       1.8   2.4e+02   -0.6   0.0   252   289  1246  1283  1227  1298 0.81 -
Dbuz04798-RA         -           2001 15235at7147          -            689   1.7e-07   29.6   8.5   3   4   0.00036     0.048   11.6   0.1   240   288  1356  1404  1345  1415 0.90 -
Dbuz04798-RA         -           2001 15235at7147          -            689   1.7e-07   29.6   8.5   4   4      0.12        15    3.3   0.1   239   289  1439  1490  1427  1515 0.69 -
Dbuz05140-RA         -            925 15235at7147          -            689   1.8e-07   29.5   1.3   1   2     0.032       4.3    5.2   0.3   170   290    12   129     8   136 0.80 -
Dbuz05140-RA         -            925 15235at7147          -            689   1.8e-07   29.5   1.3   2   2   1.1e-07   1.5e-05   23.2   0.1    81   202   138   257   129   268 0.85 -
Dbuz04049-RA         -            509 15235at7147          -            689   2.4e-07   29.1   0.1   1   3   1.7e-07   2.2e-05   22.7   0.0    97   204   225   337   217   345 0.80 -
Dbuz04049-RA         -            509 15235at7147          -            689   2.4e-07   29.1   0.1   2   3     0.064       8.4    4.2   0.0   252   291   341   380   336   390 0.84 -
Dbuz04049-RA         -            509 15235at7147          -            689   2.4e-07   29.1   0.1   3   3       9.2   1.2e+03   -2.9   0.0    80   113   475   507   451   508 0.62 -
Dbuz00126-RA         -            494 15235at7147          -            689   2.7e-07   28.9   9.7   1   3     0.056       7.3    4.4   0.2   141   202   177   237   160   246 0.76 -
Dbuz00126-RA         -            494 15235at7147          -            689   2.7e-07   28.9   9.7   2   3     0.012       1.5    6.6   0.1   250   291   272   316   268   329 0.88 -
Dbuz00126-RA         -            494 15235at7147          -            689   2.7e-07   28.9   9.7   3   3   8.3e-08   1.1e-05   23.6   5.8    83   282   283   481   282   489 0.83 -
Dbuz06051-RA         -            793 15235at7147          -            689   3.4e-07   28.6   0.1   1   4     0.012       1.5    6.6   0.0   249   290    90   131    75   137 0.87 -
Dbuz06051-RA         -            793 15235at7147          -            689   3.4e-07   28.6   0.1   2   4     0.057       7.5    4.3   0.0   253   294   138   180   133   195 0.71 -
Dbuz06051-RA         -            793 15235at7147          -            689   3.4e-07   28.6   0.1   3   4       2.7   3.5e+02   -1.2   0.0   139   161   233   255   210   269 0.62 -
Dbuz06051-RA         -            793 15235at7147          -            689   3.4e-07   28.6   0.1   4   4   0.00023     0.031   12.2   0.0   241   292   346   400   335   413 0.61 -
Dbuz05450-RA         -           1236 15235at7147          -            689   3.8e-07   28.5   8.0   1   2   1.5e-06   0.00019   19.5   2.2   221   293    97   168    24   174 0.61 -
Dbuz05450-RA         -           1236 15235at7147          -            689   3.8e-07   28.5   8.0   2   2     0.005      0.66    7.8   0.3    75   165   198   287   193   294 0.87 -
Dbuz09939-RA         -            346 15235at7147          -            689   4.3e-07   28.3   4.0   1   3     0.063       8.3    4.2   0.1   134   205    63   132    39   142 0.62 -
Dbuz09939-RA         -            346 15235at7147          -            689   4.3e-07   28.3   4.0   2   3   0.00082      0.11   10.4   0.1   142   206   160   222   156   229 0.85 -
Dbuz09939-RA         -            346 15235at7147          -            689   4.3e-07   28.3   4.0   3   3   6.9e-05    0.0091   14.0   0.1   100   201   246   345   225   346 0.87 -
Dbuz09732-RA         -            739 15235at7147          -            689   4.6e-07   28.2   2.2   1   4   0.00054     0.072   11.0   0.0   255   296   419   460   412   470 0.87 -
Dbuz09732-RA         -            739 15235at7147          -            689   4.6e-07   28.2   2.2   2   4     0.059       7.7    4.3   0.1    80   202   525   651   516   655 0.61 -
Dbuz09732-RA         -            739 15235at7147          -            689   4.6e-07   28.2   2.2   3   4   0.00044     0.057   11.3   0.4   148   207   640   698   577   705 0.52 -
Dbuz09732-RA         -            739 15235at7147          -            689   4.6e-07   28.2   2.2   4   4    0.0081       1.1    7.2   0.0   145   201   680   738   674   739 0.74 -
Dbuz12419-RA         -            651 15235at7147          -            689   5.5e-07   27.9   0.4   1   1   6.8e-09     9e-07   27.2   0.4    82   208   273   406   262   454 0.81 -
Dbuz08926-RA         -            480 15235at7147          -            689   6.7e-07   27.6   0.1   1   2    0.0027      0.36    8.7   0.1    81   206   125   249    99   255 0.74 -
Dbuz08926-RA         -            480 15235at7147          -            689   6.7e-07   27.6   0.1   2   2     2e-05    0.0027   15.8   0.0    97   203   318   421   309   425 0.86 -
Dbuz10984-RA         -            796 15235at7147          -            689     1e-06   27.0  11.3   1   5      0.11        15    3.4   0.1   144   205    70   134    49   147 0.61 -
Dbuz10984-RA         -            796 15235at7147          -            689     1e-06   27.0  11.3   2   5    0.0011      0.15   10.0   0.0   252   293   196   239   187   259 0.86 -
Dbuz10984-RA         -            796 15235at7147          -            689     1e-06   27.0  11.3   3   5   4.3e-05    0.0057   14.7   1.1    79   199   279   406   274   414 0.73 -
Dbuz10984-RA         -            796 15235at7147          -            689     1e-06   27.0  11.3   4   5      0.59        78    1.0   0.0   237   287   576   627   560   635 0.80 -
Dbuz10984-RA         -            796 15235at7147          -            689     1e-06   27.0  11.3   5   5       1.1   1.5e+02    0.0   0.1   172   208   652   687   647   714 0.62 -
Dbuz07821-RA         -            527 15235at7147          -            689   1.2e-06   26.8   1.4   1   3     0.039       5.2    4.9   0.1   143   205   263   322   254   327 0.82 -
Dbuz07821-RA         -            527 15235at7147          -            689   1.2e-06   26.8   1.4   2   3      0.67        88    0.8   0.0    80   115   329   363   323   369 0.85 -
Dbuz07821-RA         -            527 15235at7147          -            689   1.2e-06   26.8   1.4   3   3   3.3e-06   0.00043   18.4   0.1   163   288   372   498   366   518 0.84 -
Dbuz09829-RA         -            667 15235at7147          -            689   2.7e-06   25.7   6.5   1   2     0.016       2.1    6.2   0.4   238   290    47   103    39   110 0.71 -
Dbuz09829-RA         -            667 15235at7147          -            689   2.7e-06   25.7   6.5   2   2   2.9e-07   3.8e-05   21.8   1.0    79   256   109   298   102   316 0.72 -
Dbuz00858-RA         -            794 15235at7147          -            689   2.9e-06   25.5   0.9   1   2   0.00048     0.063   11.2   0.2   189   290   559   658   538   678 0.72 -
Dbuz00858-RA         -            794 15235at7147          -            689   2.9e-06   25.5   0.9   2   2   3.2e-07   4.2e-05   21.7   0.1    82   204   625   742   620   749 0.87 -
Dbuz02251-RA         -            864 15235at7147          -            689     3e-06   25.5  23.7   1   4    0.0038       0.5    8.2   0.2   134   217   106   195    65   210 0.75 -
Dbuz02251-RA         -            864 15235at7147          -            689     3e-06   25.5  23.7   2   4    0.0002     0.027   12.4   0.1    93   204   159   265   155   273 0.83 -
Dbuz02251-RA         -            864 15235at7147          -            689     3e-06   25.5  23.7   3   4      0.78     1e+02    0.6   0.1   589   647   690   746   663   752 0.67 -
Dbuz02251-RA         -            864 15235at7147          -            689     3e-06   25.5  23.7   4   4   1.1e-07   1.5e-05   23.2   5.2   653   686   817   851   807   854 0.88 -
Dbuz02330-RA         -            328 15235at7147          -            689   4.7e-06   24.8   5.0   1   5       4.6     6e+02   -1.9   0.0    79   109     9    39     5    46 0.84 -
Dbuz02330-RA         -            328 15235at7147          -            689   4.7e-06   24.8   5.0   2   5      0.11        15    3.4   0.0   253   289    67   103    47   110 0.67 -
Dbuz02330-RA         -            328 15235at7147          -            689   4.7e-06   24.8   5.0   3   5     9e-06    0.0012   16.9   0.2   241   290    96   146    92   157 0.83 -
Dbuz02330-RA         -            328 15235at7147          -            689   4.7e-06   24.8   5.0   4   5      0.11        14    3.4   0.1   258   295   157   196   149   211 0.65 -
Dbuz02330-RA         -            328 15235at7147          -            689   4.7e-06   24.8   5.0   5   5      0.25        33    2.2   0.0   264   290   298   324   292   327 0.90 -
Dbuz06714-RA         -           1220 15235at7147          -            689     5e-06   24.8   2.5   1   2   1.5e-05    0.0019   16.2   0.1   187   295   489   595   474   612 0.61 -
Dbuz06714-RA         -           1220 15235at7147          -            689     5e-06   24.8   2.5   2   2      0.04       5.3    4.9   0.3   100   159   616   673   597   681 0.76 -
Dbuz07142-RA         -            585 15235at7147          -            689   5.9e-06   24.5   0.1   1   2   6.2e-07   8.1e-05   20.8   0.0   110   205   194   292   188   307 0.77 -
Dbuz07142-RA         -            585 15235at7147          -            689   5.9e-06   24.5   0.1   2   2      0.51        68    1.2   0.1    83   126   403   447   378   463 0.68 -
Dbuz09428-RA         -            346 15235at7147          -            689   9.1e-06   23.9   2.4   1   3   0.00034     0.045   11.7   0.1   144   206   148   209   138   221 0.76 -
Dbuz09428-RA         -            346 15235at7147          -            689   9.1e-06   23.9   2.4   2   3     0.023         3    5.7   0.0   143   204   238   298   222   306 0.81 -
Dbuz09428-RA         -            346 15235at7147          -            689   9.1e-06   23.9   2.4   3   3      0.39        51    1.6   0.1   257   289   311   343   303   346 0.87 -
Dbuz07128-RA         -            317 15235at7147          -            689   9.9e-06   23.8  11.1   1   4    0.0054      0.72    7.7   0.3    80   118    10    49     3    97 0.68 -
Dbuz07128-RA         -            317 15235at7147          -            689   9.9e-06   23.8  11.1   2   4   9.2e-06    0.0012   16.9   0.6   243   291    88   137    79   150 0.81 -
Dbuz07128-RA         -            317 15235at7147          -            689   9.9e-06   23.8  11.1   3   4     0.094        12    3.6   0.8    83   118   147   183   140   188 0.82 -
Dbuz07128-RA         -            317 15235at7147          -            689   9.9e-06   23.8  11.1   4   4       1.3   1.6e+02   -0.1   0.1   193   289   212   313   190   315 0.64 -
Dbuz05011-RA         -            488 15235at7147          -            689   1.1e-05   23.7   0.0   1   1   1.5e-07     2e-05   22.8   0.0   129   228    23   121    18   143 0.85 -
Dbuz08025-RA         -            211 15235at7147          -            689   1.1e-05   23.6   1.9   1   2   0.00031     0.041   11.8   0.0   254   291     5    42     3    57 0.89 -
Dbuz08025-RA         -            211 15235at7147          -            689   1.1e-05   23.6   1.9   2   2    0.0016      0.21    9.5   0.3    88   189    97   197    93   210 0.76 -
Dbuz06797-RA         -            608 15235at7147          -            689   1.3e-05   23.4   4.4   1   4       1.3   1.7e+02   -0.1   0.0   131   186    64   121    48   133 0.66 -
Dbuz06797-RA         -            608 15235at7147          -            689   1.3e-05   23.4   4.4   2   4   0.00042     0.056   11.4   0.0   259   292   238   271   155   308 0.85 -
Dbuz06797-RA         -            608 15235at7147          -            689   1.3e-05   23.4   4.4   3   4      0.15        20    2.9   0.1   144   205   339   397   293   409 0.68 -
Dbuz06797-RA         -            608 15235at7147          -            689   1.3e-05   23.4   4.4   4   4    0.0074      0.97    7.3   0.1    84   157   532   603   437   607 0.76 -
Dbuz02797-RA         -            927 15235at7147          -            689   1.4e-05   23.3   0.2   1   1   5.6e-07   7.4e-05   20.9   0.0   151   307   477   635   457   650 0.75 -
Dbuz03128-RA         -            354 15235at7147          -            689   3.3e-05   22.1   4.6   1   2   2.1e-06   0.00028   19.0   0.2   143   213    25    97    16   159 0.82 -
Dbuz03128-RA         -            354 15235at7147          -            689   3.3e-05   22.1   4.6   2   2     0.047       6.1    4.6   0.8   254   299   206   255   167   267 0.80 -
Dbuz07659-RA         -            308 15235at7147          -            689     4e-05   21.8   1.1   1   1   6.2e-07   8.1e-05   20.8   0.7    81   205    55   174    48   200 0.84 -
Dbuz02629-RA         -            322 15235at7147          -            689   5.3e-05   21.4   1.7   1   1   1.5e-06   0.00019   19.5   1.4    64   119    50   106    15   174 0.62 -
Dbuz03542-RA         -            382 15235at7147          -            689   9.3e-05   20.6   0.5   1   1   1.2e-06   0.00015   19.8   0.5   142   230   196   288   171   297 0.81 -
Dbuz09990-RA         -           1111 15235at7147          -            689   0.00015   19.9   0.2   1   2     0.092        12    3.7   0.0   251   294   786   829   782   849 0.85 -
Dbuz09990-RA         -           1111 15235at7147          -            689   0.00015   19.9   0.2   2   2   6.9e-05    0.0091   14.0   0.0   110   201   992  1083   970  1091 0.78 -
Dbuz00989-RA         -            933 15235at7147          -            689   0.00015   19.8   2.7   1   3   0.00015      0.02   12.9   0.2   129   295    19   190    11   205 0.77 -
Dbuz00989-RA         -            933 15235at7147          -            689   0.00015   19.8   2.7   2   3       1.7   2.2e+02   -0.5   0.0   266   310   500   545   472   561 0.68 -
Dbuz00989-RA         -            933 15235at7147          -            689   0.00015   19.8   2.7   3   3      0.11        14    3.4   0.1   144   202   605   662   597   675 0.82 -
Dbuz07552-RA         -            670 15235at7147          -            689   0.00016   19.8   0.1   1   2     0.027       3.6    5.4   0.0    82   118   127   162   103   199 0.68 -
Dbuz07552-RA         -            670 15235at7147          -            689   0.00016   19.8   0.1   2   2   0.00023     0.031   12.2   0.0   244   290   601   648   566   661 0.80 -
Dbuz01043-RA         -            539 15235at7147          -            689   0.00027   19.1   0.2   1   2   1.8e-05    0.0023   16.0   0.0   178   298   231   346   227   356 0.81 -
Dbuz01043-RA         -            539 15235at7147          -            689   0.00027   19.1   0.2   2   2      0.79     1e+02    0.6   0.0   141   166   359   384   351   422 0.83 -
Dbuz09857-RA         -            328 15235at7147          -            689   0.00035   18.6   0.1   1   2      0.05       6.5    4.5   0.0   245   291    88   134    84   138 0.87 -
Dbuz09857-RA         -            328 15235at7147          -            689   0.00035   18.6   0.1   2   2   2.3e-05     0.003   15.6   0.0    91   289   109   298   101   320 0.77 -
Dbuz11092-RA         -            426 15235at7147          -            689    0.0004   18.5   0.1   1   2    0.0019      0.24    9.3   0.0   250   293   161   205   155   211 0.87 -
Dbuz11092-RA         -            426 15235at7147          -            689    0.0004   18.5   0.1   2   2     0.011       1.4    6.8   0.1   256   307   213   264   206   293 0.83 -
Dbuz00568-RA         -            689 15235at7147          -            689   0.00059   17.9   0.0   1   1   8.9e-06    0.0012   16.9   0.0   142   230   105   198    94   204 0.75 -
Dbuz06369-RA         -            349 15235at7147          -            689    0.0007   17.7   0.2   1   2   3.4e-05    0.0045   15.0   0.1    99   207    40   147    24   155 0.82 -
Dbuz06369-RA         -            349 15235at7147          -            689    0.0007   17.7   0.2   2   2         1   1.3e+02    0.2   0.0   265   291   260   286   249   306 0.56 -
Dbuz00776-RA         -            633 15235at7147          -            689    0.0015   16.6   0.3   1   1   1.6e-05    0.0021   16.1   0.3   638   682   287   329   253   335 0.82 -
Dbuz10346-RA         -           2203 15235at7147          -            689    0.0016   16.5   0.2   1   2   8.2e-05     0.011   13.7   0.1   242   293  1992  2044  1985  2059 0.86 -
Dbuz10346-RA         -           2203 15235at7147          -            689    0.0016   16.5   0.2   2   2      0.97   1.3e+02    0.3   0.0   253   294  2046  2087  2044  2099 0.86 -
Dbuz05213-RA         -            408 15235at7147          -            689    0.0017   16.4   1.7   1   4       2.1   2.7e+02   -0.8   0.0   254   288    26    60     5    84 0.74 -
Dbuz05213-RA         -            408 15235at7147          -            689    0.0017   16.4   1.7   2   4    0.0034      0.45    8.4   0.0    14   119   127   240   112   247 0.72 -
Dbuz05213-RA         -            408 15235at7147          -            689    0.0017   16.4   1.7   3   4   0.00089      0.12   10.3   0.0   146   208   223   284   213   286 0.81 -
Dbuz05213-RA         -            408 15235at7147          -            689    0.0017   16.4   1.7   4   4       5.2   6.9e+02   -2.1   0.1   260   289   374   403   361   405 0.67 -
Dbuz11844-RA         -            329 15235at7147          -            689     0.002   16.1   0.0   1   1   2.3e-05     0.003   15.6   0.0   143   206   169   234   156   242 0.88 -
Dbuz11866-RA         -            417 15235at7147          -            689    0.0036   15.3   0.3   1   1   5.7e-05    0.0075   14.3   0.1    96   205   209   316   201   329 0.78 -
Dbuz06109-RA         -            482 15235at7147          -            689     0.005   14.8   0.1   1   2    0.0058      0.76    7.6   0.0   258   292    16    51     9    74 0.68 -
Dbuz06109-RA         -            482 15235at7147          -            689     0.005   14.8   0.1   2   2     0.043       5.7    4.7   0.1   243   287   109   154    97   169 0.84 -
Dbuz05899-RA         -            659 15235at7147          -            689    0.0059   14.6   0.2   1   2   0.00027     0.035   12.0   0.1    81   208    69   196    56   199 0.83 -
Dbuz05899-RA         -            659 15235at7147          -            689    0.0059   14.6   0.2   2   2       1.2   1.6e+02   -0.0   0.0   144   210   559   623   546   630 0.79 -
Dbuz12097-RA         -            317 15235at7147          -            689    0.0075   14.3   0.2   1   2   0.00084      0.11   10.4   0.2   174   290    24   139    22   148 0.71 -
Dbuz12097-RA         -            317 15235at7147          -            689    0.0075   14.3   0.2   2   2       1.6   2.1e+02   -0.4   0.0   133   204   199   271   159   283 0.62 -
Dbuz02278-RA         -            789 15235at7147          -            689    0.0088   14.0   0.0   1   2      0.22        29    2.4   0.0   251   291   100   140    86   152 0.91 -
Dbuz02278-RA         -            789 15235at7147          -            689    0.0088   14.0   0.0   2   2    0.0037      0.48    8.3   0.0   237   289   211   265   171   273 0.87 -
Dbuz11582-RA         -            375 15235at7147          -            689     0.009   14.0   0.0   1   2   0.00038     0.049   11.6   0.0   144   191   128   175   111   182 0.86 -
Dbuz11582-RA         -            375 15235at7147          -            689     0.009   14.0   0.0   2   2       1.5     2e+02   -0.3   0.0   142   202   184   245   177   253 0.62 -
Dbuz02115-RA         -            340 15235at7147          -            689    0.0098   13.9   0.0   1   1   0.00012     0.016   13.2   0.0   137   213   192   269   149   293 0.73 -
Dbuz01363-RA         -            459 15235at7147          -            689     0.015   13.3   0.0   1   1   0.00015      0.02   12.9   0.0   174   296   119   247   109   275 0.68 -
Dbuz06656-RA         -            748 15235at7147          -            689     0.015   13.3   0.0   1   2       1.4   1.9e+02   -0.3   0.0   150   203   441   502   428   515 0.74 -
Dbuz06656-RA         -            748 15235at7147          -            689     0.015   13.3   0.0   2   2   0.00069     0.091   10.7   0.0   134   211   581   657   566   704 0.70 -
Dbuz03283-RA         -            322 15235at7147          -            689     0.017   13.1   0.1   1   1   0.00016     0.021   12.8   0.1    80   239   115   270   104   320 0.74 -
Dbuz08588-RA         -            108 15235at7147          -            689     0.017   13.1   3.1   1   1   0.00015     0.019   12.9   3.1   599   677    23    95     2    98 0.84 -
Dbuz08109-RA         -            534 15235at7147          -            689     0.017   13.1   0.7   1   4       2.9   3.9e+02   -1.3   0.0   187   224    93   132    76   139 0.72 -
Dbuz08109-RA         -            534 15235at7147          -            689     0.017   13.1   0.7   2   4     0.051       6.7    4.5   0.0   247   294   109   156    94   167 0.80 -
Dbuz08109-RA         -            534 15235at7147          -            689     0.017   13.1   0.7   3   4     0.022       2.8    5.7   0.1   145   206   137   198   127   227 0.85 -
Dbuz08109-RA         -            534 15235at7147          -            689     0.017   13.1   0.7   4   4     0.026       3.4    5.5   0.3    93   208   173   284   155   317 0.76 -
Dbuz07545-RA         -            444 15235at7147          -            689     0.023   12.7   0.1   1   2       3.7   4.9e+02   -1.6   0.0   542   579   156   193   148   206 0.85 -
Dbuz07545-RA         -            444 15235at7147          -            689     0.023   12.7   0.1   2   2   0.00047     0.061   11.2   0.0   143   209   197   262   188   275 0.64 -
Dbuz10964-RA         -           1400 15235at7147          -            689     0.028   12.4   7.8   1   3   0.00013     0.017   13.1   0.3    80   159   130   206   118   210 0.61 -
Dbuz10964-RA         -           1400 15235at7147          -            689     0.028   12.4   7.8   2   3       6.4   8.4e+02   -2.4   0.0    84   112   356   383   332   391 0.67 -
Dbuz10964-RA         -           1400 15235at7147          -            689     0.028   12.4   7.8   3   3         2   2.7e+02   -0.8   0.0   502   549   846   893   833   899 0.86 -
Dbuz05322-RA         -           1020 15235at7147          -            689     0.031   12.2   0.2   1   2      0.55        72    1.1   0.1   131   207   483   557   446   563 0.70 -
Dbuz05322-RA         -           1020 15235at7147          -            689     0.031   12.2   0.2   2   2    0.0031       0.4    8.5   0.0    83   172   565   654   559   684 0.87 -
Dbuz05876-RA         -            356 15235at7147          -            689     0.041   11.8  10.4   1   3    0.0033      0.44    8.4   0.5   257   292     9    44     4    51 0.89 -
Dbuz05876-RA         -            356 15235at7147          -            689     0.041   11.8  10.4   2   3     0.092        12    3.7   0.9    77   123    49    96    46   216 0.65 -
Dbuz05876-RA         -            356 15235at7147          -            689     0.041   11.8  10.4   3   3     0.035       4.6    5.0   0.2    88   159   222   302   203   313 0.70 -
Dbuz03735-RA         -            389 15235at7147          -            689     0.049   11.6   0.1   1   2       1.4   1.9e+02   -0.3   0.0   255   297    58   101    37   117 0.67 -
Dbuz03735-RA         -            389 15235at7147          -            689     0.049   11.6   0.1   2   2    0.0029      0.38    8.6   0.0   131   164   155   188   130   203 0.73 -
Dbuz08811-RA         -           1169 15235at7147          -            689      0.13   10.2   3.2   1   3     0.019       2.5    5.9   0.0   259   303   378   422   352   436 0.79 -
Dbuz08811-RA         -           1169 15235at7147          -            689      0.13   10.2   3.2   2   3       0.1        14    3.5   0.1   143   214   473   542   462   556 0.75 -
Dbuz08811-RA         -           1169 15235at7147          -            689      0.13   10.2   3.2   3   3       4.8   6.3e+02   -2.0   0.2   343   401   777   834   722   882 0.70 -
Dbuz04816-RA         -            432 15235at7147          -            689      0.13   10.1   4.3   1   1    0.0019      0.24    9.3   4.3   638   687     4    53     2    55 0.82 -
#
# Program:         hmmsearch
# Version:         3.1b2 (February 2015)
# Pipeline mode:   SEARCH
# Query file:      /home/nmoreyra/Documents/Genomics/03_orthologs_search/00_Phylogenomics_BUSCO-groups/busco4_odb10/busco_downloads/lineages/diptera_odb10/hmms/15235at7147.hmm
# Target file:     /home/nmoreyra/Documents/Genomics/03_orthologs_search/00_Phylogenomics_BUSCO-groups/busco4_odb10/../00_proteins/Dbuz_proteins.fasta
# Option settings: /home/nmoreyra/Software/miniconda3/envs/busco4/bin/hmmsearch --domtblout /home/nmoreyra/Documents/Genomics/03_orthologs_search/00_Phylogenomics_BUSCO-groups/busco4_odb10/Dbuz_diptera/run_diptera_odb10/hmmer_output/initial_run_results/15235at7147.out --cpu 1 /home/nmoreyra/Documents/Genomics/03_orthologs_search/00_Phylogenomics_BUSCO-groups/busco4_odb10/busco_downloads/lineages/diptera_odb10/hmms/15235at7147.hmm /home/nmoreyra/Documents/Genomics/03_orthologs_search/00_Phylogenomics_BUSCO-groups/busco4_odb10/../00_proteins/Dbuz_proteins.fasta 
# Current dir:     /home/nmoreyra/Documents/Genomics/03_orthologs_search/00_Phylogenomics_BUSCO-groups/busco4_odb10
# Date:            Mon Jan 25 13:17:08 2021
# [ok]
