#                                                                            --- full sequence --- -------------- this domain -------------   hmm coord   ali coord   env coord
# target name        accession   tlen query name           accession   qlen   E-value  score  bias   #  of  c-Evalue  i-Evalue  score  bias  from    to  from    to  from    to  acc description of target
#------------------- ---------- ----- -------------------- ---------- ----- --------- ------ ----- --- --- --------- --------- ------ ----- ----- ----- ----- ----- ----- ----- ---- ---------------------
Dbuz03094-RA         -            843 16541at7147          -            633         0 1079.5  17.6   1   2    0.0012      0.77    7.7   0.0     8    33    86   112    68   128 0.82 -
Dbuz03094-RA         -            843 16541at7147          -            633         0 1079.5  17.6   2   2         0         0 1072.1  15.3    29   628   161   825   149   831 0.92 -
Dbuz07923-RA         -           2458 16541at7147          -            633  3.9e-124  415.0  12.8   1   3      0.25   1.6e+02    0.0   0.2    52   135   401   488   392   499 0.69 -
Dbuz07923-RA         -           2458 16541at7147          -            633  3.9e-124  415.0  12.8   2   3   1.4e-71   9.1e-69  232.1   3.6   140   399   846  1136   804  1140 0.82 -
Dbuz07923-RA         -           2458 16541at7147          -            633  3.9e-124  415.0  12.8   3   3   5.7e-58   3.6e-55  187.1   0.1   420   602  1558  1743  1530  1752 0.87 -
Dbuz03859-RA         -           1021 16541at7147          -            633  4.7e-115  385.0   5.5   1   2   2.8e-60   1.8e-57  194.7   0.8   142   399   128   410   123   413 0.83 -
Dbuz03859-RA         -           1021 16541at7147          -            633  4.7e-115  385.0   5.5   2   2   1.8e-59   1.2e-56  192.1   0.3   453   607   424   580   420   590 0.96 -
Dbuz03858-RA         -            684 16541at7147          -            633    4e-114  381.9   5.1   1   2   5.5e-62   3.5e-59  200.4   0.4   141   400   119   405   112   411 0.83 -
Dbuz03858-RA         -            684 16541at7147          -            633    4e-114  381.9   5.1   2   2   9.6e-57   6.1e-54  183.1   0.5   453   609   417   575   412   583 0.95 -
Dbuz05074-RA         -           1489 16541at7147          -            633  7.2e-102  341.4   6.5   1   2     8e-56   5.1e-53  180.0   3.9   134   367   606   860   596   928 0.73 -
Dbuz05074-RA         -           1489 16541at7147          -            633  7.2e-102  341.4   6.5   2   2     3e-53   1.9e-50  171.5   0.0   456   608   939  1093   932  1103 0.95 -
Dbuz07742-RA         -           4494 16541at7147          -            633   8.7e-98  327.9   3.8   1   1   1.1e-99     7e-97  324.9   3.8   142   610  1081  1554  1067  1561 0.85 -
Dbuz09581-RA         -           1937 16541at7147          -            633   2.5e-97  326.4   6.1   1   2   4.9e-49   3.1e-46  157.6   0.7   140   401   566   853   551   858 0.78 -
Dbuz09581-RA         -           1937 16541at7147          -            633   2.5e-97  326.4   6.1   2   2   3.5e-53   2.2e-50  171.3   0.4   453   611   869  1029   854  1037 0.92 -
Dbuz10898-RA         -           1991 16541at7147          -            633   9.7e-96  321.2   3.9   1   2   1.4e-47   9.2e-45  152.8   0.4   133   400   715  1021   701  1028 0.76 -
Dbuz10898-RA         -           1991 16541at7147          -            633   9.7e-96  321.2   3.9   2   2   1.5e-51   9.7e-49  165.9   0.2   454   604  1040  1192  1036  1197 0.95 -
Dbuz01005-RA         -           1529 16541at7147          -            633   7.3e-95  318.3   3.1   1   3   3.5e-60   2.2e-57  194.5   0.3   137   366   522   774   456   799 0.82 -
Dbuz01005-RA         -           1529 16541at7147          -            633   7.3e-95  318.3   3.1   2   3      0.74   4.7e+02   -1.5   0.0   382   400   825   843   819   849 0.81 -
Dbuz01005-RA         -           1529 16541at7147          -            633   7.3e-95  318.3   3.1   3   3     2e-38   1.3e-35  122.6   0.0   453   550  1163  1261  1149  1270 0.92 -
Dbuz01874-RA         -           1940 16541at7147          -            633   2.9e-73  246.9   0.0   1   1   4.4e-73   2.8e-70  237.1   0.0   140   610  1374  1871  1368  1878 0.73 -
Dbuz09579-RA         -            783 16541at7147          -            633     6e-64  216.2   0.4   1   1   4.9e-66   3.1e-63  213.8   0.4   160   612   170   648   163   653 0.72 -
Dbuz10202-RA         -           1069 16541at7147          -            633   5.9e-56  189.7   2.9   1   3   4.2e-07   0.00027   19.1   0.0   139   181   452   495   439   502 0.84 -
Dbuz10202-RA         -           1069 16541at7147          -            633   5.9e-56  189.7   2.9   2   3   3.6e-22   2.3e-19   68.9   0.2   186   382   541   741   537   764 0.82 -
Dbuz10202-RA         -           1069 16541at7147          -            633   5.9e-56  189.7   2.9   3   3   1.3e-31   8.3e-29  100.1   0.1   463   606   904  1049   889  1064 0.89 -
Dbuz09382-RA         -           1333 16541at7147          -            633   2.9e-50  170.9   0.4   1   3   1.4e-09   8.7e-07   27.3   0.0   162   209   369   422   359   429 0.82 -
Dbuz09382-RA         -           1333 16541at7147          -            633   2.9e-50  170.9   0.4   2   3   2.2e-13   1.4e-10   39.8   0.0   258   325   515   581   511   653 0.80 -
Dbuz09382-RA         -           1333 16541at7147          -            633   2.9e-50  170.9   0.4   3   3   1.7e-31   1.1e-28   99.7   0.0   456   593   886  1035   875  1060 0.88 -
Dbuz02118-RA         -           1363 16541at7147          -            633     8e-46  156.3   4.7   1   3   2.7e-19   1.7e-16   59.4   2.5   162   351   530   762   519   854 0.64 -
Dbuz02118-RA         -           1363 16541at7147          -            633     8e-46  156.3   4.7   2   3   0.00082      0.52    8.2   0.0   456   500   951   995   945  1008 0.89 -
Dbuz02118-RA         -           1363 16541at7147          -            633     8e-46  156.3   4.7   3   3   3.4e-27   2.2e-24   85.5   0.0   502   604  1019  1124  1014  1152 0.80 -
Dbuz10513-RA         -           1749 16541at7147          -            633   1.3e-43  149.0   3.6   1   3   1.1e-09   7.1e-07   27.6   0.0   161   208   673   728   635   739 0.81 -
Dbuz10513-RA         -           1749 16541at7147          -            633   1.3e-43  149.0   3.6   2   3     3e-13   1.9e-10   39.4   0.3   257   349   812   906   796   999 0.68 -
Dbuz10513-RA         -           1749 16541at7147          -            633   1.3e-43  149.0   3.6   3   3   7.7e-26   4.9e-23   81.0   0.1   498   602  1046  1153  1041  1178 0.88 -
Dbuz07648-RA         -            729 16541at7147          -            633   1.7e-41  142.0   1.1   1   2   3.7e-23   2.3e-20   72.1   0.4   141   407   229   500   171   513 0.74 -
Dbuz07648-RA         -            729 16541at7147          -            633   1.7e-41  142.0   1.1   2   2   2.1e-22   1.3e-19   69.6   0.0   461   599   503   642   498   655 0.90 -
Dbuz01733-RA         -            491 16541at7147          -            633   4.3e-31  107.6   2.2   1   2     9e-19   5.8e-16   57.6   0.1   139   309    39   195    27   202 0.87 -
Dbuz01733-RA         -            491 16541at7147          -            633   4.3e-31  107.6   2.2   2   2   3.1e-16     2e-13   49.3   0.2   472   603   333   467   308   483 0.88 -
Dbuz04428-RA         -           1285 16541at7147          -            633   8.8e-19   66.9   0.5   1   3   0.00016     0.099   10.6   0.0   163   181   227   245   222   256 0.90 -
Dbuz04428-RA         -           1285 16541at7147          -            633   8.8e-19   66.9   0.5   2   3     1e-05    0.0066   14.5   0.0   188   308   338   479   334   494 0.67 -
Dbuz04428-RA         -           1285 16541at7147          -            633   8.8e-19   66.9   0.5   3   3   1.1e-12     7e-10   37.5   0.0   459   596  1115  1252  1098  1268 0.78 -
Dbuz01002-RA         -            278 16541at7147          -            633   6.5e-16   57.5   0.0   1   1   1.4e-18   8.7e-16   57.0   0.0   549   609    25    85    12   102 0.92 -
Dbuz08190-RA         -           1031 16541at7147          -            633     0.027   12.5   0.0   1   1     6e-05     0.038   12.0   0.0   128   192    14    81     6   152 0.83 -
#
# Program:         hmmsearch
# Version:         3.1b2 (February 2015)
# Pipeline mode:   SEARCH
# Query file:      /home/nmoreyra/Documents/Genomics/03_orthologs_search/00_Phylogenomics_BUSCO-groups/busco4_odb10/busco_downloads/lineages/diptera_odb10/hmms/16541at7147.hmm
# Target file:     /home/nmoreyra/Documents/Genomics/03_orthologs_search/00_Phylogenomics_BUSCO-groups/busco4_odb10/../00_proteins/Dbuz_proteins.fasta
# Option settings: /home/nmoreyra/Software/miniconda3/envs/busco4/bin/hmmsearch --domtblout /home/nmoreyra/Documents/Genomics/03_orthologs_search/00_Phylogenomics_BUSCO-groups/busco4_odb10/Dbuz_diptera/run_diptera_odb10/hmmer_output/initial_run_results/16541at7147.out --cpu 1 /home/nmoreyra/Documents/Genomics/03_orthologs_search/00_Phylogenomics_BUSCO-groups/busco4_odb10/busco_downloads/lineages/diptera_odb10/hmms/16541at7147.hmm /home/nmoreyra/Documents/Genomics/03_orthologs_search/00_Phylogenomics_BUSCO-groups/busco4_odb10/../00_proteins/Dbuz_proteins.fasta 
# Current dir:     /home/nmoreyra/Documents/Genomics/03_orthologs_search/00_Phylogenomics_BUSCO-groups/busco4_odb10
# Date:            Mon Jan 25 13:16:49 2021
# [ok]
