#                                                                            --- full sequence --- -------------- this domain -------------   hmm coord   ali coord   env coord
# target name        accession   tlen query name           accession   qlen   E-value  score  bias   #  of  c-Evalue  i-Evalue  score  bias  from    to  from    to  from    to  acc description of target
#------------------- ---------- ----- -------------------- ---------- ----- --------- ------ ----- --- --- --------- --------- ------ ----- ----- ----- ----- ----- ----- ----- ---- ---------------------
Dbuz05373-RA         -            633 16833at7147          -            496  9.5e-284  940.6  13.5   1   2  9.3e-283  4.4e-280  928.6   8.8    18   470    59   533    22   552 0.95 -
Dbuz05373-RA         -            633 16833at7147          -            496  9.5e-284  940.6  13.5   2   2   1.1e-05     0.005   14.7   0.1   468   492   565   590   547   593 0.87 -
Dbuz05791-RA         -            975 16833at7147          -            496  6.4e-119  396.9  30.7   1   2   7.5e-62   3.5e-59  199.9  10.6    60   476    29   478    16   484 0.82 -
Dbuz05791-RA         -            975 16833at7147          -            496  6.4e-119  396.9  30.7   2   2   8.9e-63   4.2e-60  202.9  12.0    63   473   535   970   510   974 0.87 -
Dbuz00587-RA         -            503 16833at7147          -            496  3.4e-108  361.5  19.0   1   1  1.1e-110  5.1e-108  361.0  19.0    52   479    37   493    30   500 0.89 -
Dbuz06432-RA         -            530 16833at7147          -            496   1.3e-78  264.0  12.4   1   2     0.017       7.9    4.1   0.2    52    83    34    65    28    76 0.87 -
Dbuz06432-RA         -            530 16833at7147          -            496   1.3e-78  264.0  12.4   2   2   6.1e-81   2.9e-78  262.9   7.3    86   466    94   495    80   525 0.89 -
Dbuz11782-RA         -            577 16833at7147          -            496   1.9e-72  243.6  12.8   1   3    0.0018      0.87    7.3   0.0    43    84    64   105    18   120 0.74 -
Dbuz11782-RA         -            577 16833at7147          -            496   1.9e-72  243.6  12.8   2   3   4.3e-50   2.1e-47  161.1   1.4    87   257   145   321   136   332 0.92 -
Dbuz11782-RA         -            577 16833at7147          -            496   1.9e-72  243.6  12.8   3   3   6.7e-25   3.2e-22   78.0   5.1   259   463   349   566   340   575 0.89 -
Dbuz02459-RA         -            553 16833at7147          -            496   1.8e-70  237.2  16.2   1   2       1.6   7.4e+02   -2.4   0.1    49    78    70    99    66   109 0.84 -
Dbuz02459-RA         -            553 16833at7147          -            496   1.8e-70  237.2  16.2   2   2   3.7e-73   1.8e-70  237.2  16.2    87   464   135   530   127   543 0.88 -
Dbuz06007-RA         -           2160 16833at7147          -            496   6.3e-69  232.0  21.9   1   2   0.00012     0.058   11.1   0.0    27    80  1609  1662  1591  1676 0.85 -
Dbuz06007-RA         -           2160 16833at7147          -            496   6.3e-69  232.0  21.9   2   2   8.3e-68   3.9e-65  219.5  20.9    76   459  1720  2119  1713  2129 0.92 -
Dbuz05792-RA         -            500 16833at7147          -            496   2.3e-68  230.2  19.1   1   1   6.4e-71     3e-68  229.8  19.1    81   461    68   471    18   482 0.85 -
Dbuz05793-RA         -            497 16833at7147          -            496   2.8e-68  229.9  16.4   1   1   8.1e-71   3.8e-68  229.4  16.4    56   466    29   479    18   492 0.84 -
Dbuz05789-RA         -            493 16833at7147          -            496   4.1e-67  226.0  17.3   1   1   1.1e-69     5e-67  225.8  17.3    64   473    50   490    28   493 0.85 -
Dbuz05790-RA         -            471 16833at7147          -            496   3.2e-65  219.8  13.2   1   1   7.9e-68   3.7e-65  219.6  13.2    44   474    14   468     3   471 0.86 -
Dbuz06073-RA         -            478 16833at7147          -            496   5.4e-65  219.1  16.0   1   1   1.4e-67   6.8e-65  218.7  16.0    50   465    15   453     6   469 0.88 -
Dbuz02385-RA         -            491 16833at7147          -            496   1.1e-64  218.1  25.6   1   2     0.026        12    3.5   0.1    52    81     3    32     1    47 0.86 -
Dbuz02385-RA         -            491 16833at7147          -            496   1.1e-64  218.1  25.6   2   2   3.9e-67   1.8e-64  217.3  20.8    87   471    80   481    53   486 0.88 -
Dbuz04585-RA         -            512 16833at7147          -            496   3.5e-63  213.1  22.9   1   2   0.00069      0.33    8.7   0.0    51    85    16    50     7    68 0.87 -
Dbuz04585-RA         -            512 16833at7147          -            496   3.5e-63  213.1  22.9   2   2     2e-63   9.5e-61  205.1  20.2    87   460    97   488    84   506 0.90 -
Dbuz06361-RA         -            462 16833at7147          -            496   6.5e-62  208.9  20.9   1   1   2.3e-64   1.1e-61  208.2  20.9    51   462     9   450     4   460 0.86 -
Dbuz05788-RA         -            496 16833at7147          -            496   1.5e-59  201.1  16.4   1   1     4e-62   1.9e-59  200.8  16.4    57   485    19   472     4   481 0.84 -
Dbuz09037-RA         -            478 16833at7147          -            496   1.6e-54  184.5  17.1   1   2       1.8   8.7e+02   -2.6   0.1    50    77    19    46    12    51 0.82 -
Dbuz09037-RA         -            478 16833at7147          -            496   1.6e-54  184.5  17.1   2   2   3.4e-57   1.6e-54  184.5  17.1    81   460    78   472    67   478 0.91 -
Dbuz05786-RA         -            486 16833at7147          -            496   4.6e-54  183.0  15.5   1   1   1.3e-56   6.1e-54  182.6  15.5    53   471    13   465     4   483 0.82 -
Dbuz04008-RA         -            481 16833at7147          -            496   4.8e-54  183.0  11.9   1   1   1.2e-56   5.7e-54  182.7  11.9    51   466    14   457     8   481 0.86 -
Dbuz09036-RA         -            501 16833at7147          -            496     7e-52  175.8  15.2   1   2      0.75   3.6e+02   -1.3   0.1    50    80    29    59    21    69 0.80 -
Dbuz09036-RA         -            501 16833at7147          -            496     7e-52  175.8  15.2   2   2   1.5e-54     7e-52  175.8  15.2    75   469    83   492    77   498 0.93 -
Dbuz09266-RA         -            478 16833at7147          -            496     3e-51  173.7  11.4   1   1   8.2e-54   3.9e-51  173.4  11.4    48   460     9   450     3   474 0.82 -
Dbuz05787-RA         -            477 16833at7147          -            496   7.9e-48  162.4  16.2   1   1   2.2e-50     1e-47  162.1  16.2    73   465    40   455    11   469 0.84 -
Dbuz02460-RA         -            569 16833at7147          -            496     3e-41  140.8   5.4   1   1   8.7e-44   4.1e-41  140.3   5.4    89   461   181   561   173   568 0.84 -
Dbuz12837-RA         -            342 16833at7147          -            496   2.8e-39  134.2  18.2   1   2     6e-42   2.8e-39  134.2  18.2    49   293    20   288     3   297 0.80 -
Dbuz12837-RA         -            342 16833at7147          -            496   2.8e-39  134.2  18.2   2   2      0.26   1.2e+02    0.2   0.5   378   427   288   339   281   341 0.81 -
Dbuz00167-RA         -            497 16833at7147          -            496   9.1e-36  122.6  15.2   1   1   2.5e-38   1.2e-35  122.3  15.2    80   462    84   480    60   496 0.81 -
Dbuz02260-RA         -            918 16833at7147          -            496   7.9e-29   99.8  24.2   1   1   2.3e-31   1.1e-28   99.3  24.2    85   453   535   915   507   917 0.86 -
Dbuz12176-RA         -            665 16833at7147          -            496       2.1    6.0   8.8   1   2   8.3e-05     0.039   11.7   1.8   129   220   289   380   250   393 0.80 -
Dbuz12176-RA         -            665 16833at7147          -            496       2.1    6.0   8.8   2   2       5.4   2.5e+03   -4.2   0.7   192   220   553   581   538   590 0.72 -
#
# Program:         hmmsearch
# Version:         3.1b2 (February 2015)
# Pipeline mode:   SEARCH
# Query file:      /home/nmoreyra/Documents/Genomics/03_orthologs_search/00_Phylogenomics_BUSCO-groups/busco4_odb10/busco_downloads/lineages/diptera_odb10/hmms/16833at7147.hmm
# Target file:     /home/nmoreyra/Documents/Genomics/03_orthologs_search/00_Phylogenomics_BUSCO-groups/busco4_odb10/../00_proteins/Dbuz_proteins.fasta
# Option settings: /home/nmoreyra/Software/miniconda3/envs/busco4/bin/hmmsearch --domtblout /home/nmoreyra/Documents/Genomics/03_orthologs_search/00_Phylogenomics_BUSCO-groups/busco4_odb10/Dbuz_diptera/run_diptera_odb10/hmmer_output/initial_run_results/16833at7147.out --cpu 1 /home/nmoreyra/Documents/Genomics/03_orthologs_search/00_Phylogenomics_BUSCO-groups/busco4_odb10/busco_downloads/lineages/diptera_odb10/hmms/16833at7147.hmm /home/nmoreyra/Documents/Genomics/03_orthologs_search/00_Phylogenomics_BUSCO-groups/busco4_odb10/../00_proteins/Dbuz_proteins.fasta 
# Current dir:     /home/nmoreyra/Documents/Genomics/03_orthologs_search/00_Phylogenomics_BUSCO-groups/busco4_odb10
# Date:            Mon Jan 25 13:17:43 2021
# [ok]
