#                                                                            --- full sequence --- -------------- this domain -------------   hmm coord   ali coord   env coord
# target name        accession   tlen query name           accession   qlen   E-value  score  bias   #  of  c-Evalue  i-Evalue  score  bias  from    to  from    to  from    to  acc description of target
#------------------- ---------- ----- -------------------- ---------- ----- --------- ------ ----- --- --- --------- --------- ------ ----- ----- ----- ----- ----- ----- ----- ---- ---------------------
Dbuz11748-RA         -            704 19016at7147          -            444  2.5e-244  810.5   9.3   1   2  3.6e-162  2.3e-159  530.5   1.0     1   282     3   315     3   329 0.92 -
Dbuz11748-RA         -            704 19016at7147          -            444  2.5e-244  810.5   9.3   2   2   5.3e-86   3.4e-83  279.4   1.9   278   438   370   561   366   576 0.84 -
Dbuz05900-RA         -            512 19016at7147          -            444   6.1e-63  212.7   2.1   1   2   5.2e-51   3.3e-48  164.1   0.2     8   264    69   346    63   360 0.87 -
Dbuz05900-RA         -            512 19016at7147          -            444   6.1e-63  212.7   2.1   2   2   7.4e-16   4.7e-13   48.3   0.1   304   377   414   484   391   491 0.84 -
Dbuz04605-RA         -           1640 19016at7147          -            444     3e-09   35.7   4.8   1   9       3.3   2.1e+03   -3.3   0.0    32    88    20    78    17    81 0.78 -
Dbuz04605-RA         -           1640 19016at7147          -            444     3e-09   35.7   4.8   2   9    0.0066       4.2    5.6   0.1    28    60   122   154   114   190 0.73 -
Dbuz04605-RA         -           1640 19016at7147          -            444     3e-09   35.7   4.8   3   9      0.33   2.1e+02   -0.0   0.0    29    80   224   278   197   285 0.73 -
Dbuz04605-RA         -           1640 19016at7147          -            444     3e-09   35.7   4.8   4   9       3.3   2.1e+03   -3.3   0.0    33    56   429   452   422   465 0.86 -
Dbuz04605-RA         -           1640 19016at7147          -            444     3e-09   35.7   4.8   5   9    0.0015      0.95    7.7   0.0    17    99   538   622   529   649 0.83 -
Dbuz04605-RA         -           1640 19016at7147          -            444     3e-09   35.7   4.8   6   9      0.54   3.5e+02   -0.7   0.0     6    85   654   742   647   757 0.66 -
Dbuz04605-RA         -           1640 19016at7147          -            444     3e-09   35.7   4.8   7   9    0.0064       4.1    5.6   0.0    34    91   758   817   747   838 0.80 -
Dbuz04605-RA         -           1640 19016at7147          -            444     3e-09   35.7   4.8   8   9   0.00025      0.16   10.3   0.0    28    82   933   989   908   996 0.87 -
Dbuz04605-RA         -           1640 19016at7147          -            444     3e-09   35.7   4.8   9   9       5.6   3.6e+03   -4.1   0.0   313   339  1179  1205  1178  1209 0.90 -
Dbuz00668-RA         -           2151 19016at7147          -            444   6.6e-08   31.3   1.6   1   7      0.54   3.5e+02   -0.7   0.0   278   332   477   533   450   541 0.77 -
Dbuz00668-RA         -           2151 19016at7147          -            444   6.6e-08   31.3   1.6   2   7       0.2   1.3e+02    0.7   0.0    26    57  1295  1326  1283  1337 0.85 -
Dbuz00668-RA         -           2151 19016at7147          -            444   6.6e-08   31.3   1.6   3   7     0.016        10    4.3   0.0    24    86  1338  1403  1328  1406 0.88 -
Dbuz00668-RA         -           2151 19016at7147          -            444   6.6e-08   31.3   1.6   4   7    0.0015      0.93    7.7   0.0    25    74  1406  1458  1403  1494 0.74 -
Dbuz00668-RA         -           2151 19016at7147          -            444   6.6e-08   31.3   1.6   5   7     0.088        56    1.9   0.0    26    85  1509  1570  1501  1588 0.82 -
Dbuz00668-RA         -           2151 19016at7147          -            444   6.6e-08   31.3   1.6   6   7     0.011       7.3    4.8   0.0    25    85  1607  1670  1582  1705 0.72 -
Dbuz00668-RA         -           2151 19016at7147          -            444   6.6e-08   31.3   1.6   7   7     0.057        37    2.5   0.0    25    85  1708  1770  1692  1786 0.74 -
Dbuz01056-RA         -           3798 19016at7147          -            444   1.1e-07   30.6   5.0   1   8    0.0039       2.5    6.3   0.1    27    84   641   700   633   703 0.77 -
Dbuz01056-RA         -           3798 19016at7147          -            444   1.1e-07   30.6   5.0   2   8   0.00069      0.44    8.8   0.0    27    86   674   735   671   749 0.83 -
Dbuz01056-RA         -           3798 19016at7147          -            444   1.1e-07   30.6   5.0   3   8     0.018        11    4.1   0.0    25    76   838   892   830   903 0.71 -
Dbuz01056-RA         -           3798 19016at7147          -            444   1.1e-07   30.6   5.0   4   8      0.46   2.9e+02   -0.5   0.0    34    62   911   939   902   972 0.75 -
Dbuz01056-RA         -           3798 19016at7147          -            444   1.1e-07   30.6   5.0   5   8    0.0082       5.2    5.3   0.0    27    63   970  1006   963  1035 0.81 -
Dbuz01056-RA         -           3798 19016at7147          -            444   1.1e-07   30.6   5.0   6   8      0.05        32    2.7   0.0    26    60  2305  2339  2299  2387 0.79 -
Dbuz01056-RA         -           3798 19016at7147          -            444   1.1e-07   30.6   5.0   7   8      0.39   2.5e+02   -0.3   0.0    34    93  2415  2477  2401  2491 0.72 -
Dbuz01056-RA         -           3798 19016at7147          -            444   1.1e-07   30.6   5.0   8   8       2.9   1.9e+03   -3.2   0.0    24    51  2573  2600  2543  2605 0.49 -
Dbuz11292-RA         -            614 19016at7147          -            444   1.5e-06   26.8   4.1   1   7    0.0095         6    5.1   0.0    25    84    79   140    42   150 0.85 -
Dbuz11292-RA         -            614 19016at7147          -            444   1.5e-06   26.8   4.1   2   7         2   1.2e+03   -2.6   0.0    34    69   220   257   215   274 0.69 -
Dbuz11292-RA         -            614 19016at7147          -            444   1.5e-06   26.8   4.1   3   7     8e-05     0.051   11.9   0.1     4    86   283   373   280   378 0.79 -
Dbuz11292-RA         -            614 19016at7147          -            444   1.5e-06   26.8   4.1   4   7      0.81   5.2e+02   -1.3   0.0    30    67   381   417   369   447 0.76 -
Dbuz11292-RA         -            614 19016at7147          -            444   1.5e-06   26.8   4.1   5   7     0.036        23    3.1   0.0    22    62   472   512   450   537 0.76 -
Dbuz11292-RA         -            614 19016at7147          -            444   1.5e-06   26.8   4.1   6   7      0.17   1.1e+02    1.0   0.0    33    63   516   546   505   557 0.83 -
Dbuz11292-RA         -            614 19016at7147          -            444   1.5e-06   26.8   4.1   7   7     0.077        49    2.1   0.0    34    81   550   599   520   611 0.57 -
Dbuz01193-RA         -           1486 19016at7147          -            444   5.2e-06   25.1   0.3   1   2   1.5e-07   9.5e-05   20.9   0.0    27    86   127   188   123   192 0.90 -
Dbuz01193-RA         -           1486 19016at7147          -            444   5.2e-06   25.1   0.3   2   2      0.14        92    1.2   0.0    27    86   242   303   235   307 0.83 -
Dbuz09019-RA         -            314 19016at7147          -            444   1.9e-05   23.2   0.1   1   5    0.0039       2.5    6.3   0.0    27    85    36    96     5   100 0.66 -
Dbuz09019-RA         -            314 19016at7147          -            444   1.9e-05   23.2   0.1   2   5     0.018        11    4.1   0.0    32    86    74   130    64   148 0.75 -
Dbuz09019-RA         -            314 19016at7147          -            444   1.9e-05   23.2   0.1   3   5      0.36   2.3e+02   -0.1   0.0    33    80   108   157    97   172 0.70 -
Dbuz09019-RA         -            314 19016at7147          -            444   1.9e-05   23.2   0.1   4   5    0.0002      0.13   10.6   0.0    26    88   169   231   162   256 0.88 -
Dbuz09019-RA         -            314 19016at7147          -            444   1.9e-05   23.2   0.1   5   5       1.8   1.1e+03   -2.5   0.0    32    60   238   266   232   280 0.81 -
Dbuz07990-RA         -           1697 19016at7147          -            444    0.0002   19.8   0.7   1   4      0.15        96    1.1   0.0    26    83   287   346   279   359 0.77 -
Dbuz07990-RA         -           1697 19016at7147          -            444    0.0002   19.8   0.7   2   4     0.024        15    3.7   0.0    33    84   426   479   388   486 0.65 -
Dbuz07990-RA         -           1697 19016at7147          -            444    0.0002   19.8   0.7   3   4     0.046        29    2.8   0.0    31    84   490   545   483   558 0.78 -
Dbuz07990-RA         -           1697 19016at7147          -            444    0.0002   19.8   0.7   4   4    0.0024       1.5    7.0   0.1    26    86   551   613   545   630 0.84 -
Dbuz09549-RA         -            113 19016at7147          -            444     0.001   17.5   0.0   1   1     2e-06    0.0012   17.2   0.0     4    61    35    90    32   111 0.79 -
Dbuz03134-RA         -           1102 19016at7147          -            444    0.0014   17.1   4.1   1   6     0.053        34    2.6   0.1    17    78   246   310   220   336 0.78 -
Dbuz03134-RA         -           1102 19016at7147          -            444    0.0014   17.1   4.1   2   6     0.058        37    2.5   0.0    22    80   542   602   518   621 0.78 -
Dbuz03134-RA         -           1102 19016at7147          -            444    0.0014   17.1   4.1   3   6       1.5   9.3e+02   -2.1   0.0    25    55   741   771   721   774 0.88 -
Dbuz03134-RA         -           1102 19016at7147          -            444    0.0014   17.1   4.1   4   6     0.015       9.5    4.4   0.0    20    62   804   846   796   874 0.78 -
Dbuz03134-RA         -           1102 19016at7147          -            444    0.0014   17.1   4.1   5   6     0.028        18    3.5   0.0    31    85   883   939   848   963 0.69 -
Dbuz03134-RA         -           1102 19016at7147          -            444    0.0014   17.1   4.1   6   6       4.2   2.7e+03   -3.7   0.0    31    71   989  1031   986  1042 0.73 -
Dbuz03941-RA         -           1015 19016at7147          -            444    0.0016   16.8   0.0   1   2    0.0087       5.6    5.2   0.0    25    57   258   290   233   307 0.76 -
Dbuz03941-RA         -           1015 19016at7147          -            444    0.0016   16.8   0.0   2   2   0.00072      0.46    8.7   0.0    29    77   332   383   303   404 0.78 -
Dbuz06888-RA         -            650 19016at7147          -            444    0.0026   16.1   0.1   1   3   0.00036      0.23    9.7   0.0    29    86   481   540   463   550 0.82 -
Dbuz06888-RA         -            650 19016at7147          -            444    0.0026   16.1   0.1   2   3     0.087        55    1.9   0.0    25    64   576   615   569   635 0.72 -
Dbuz06888-RA         -            650 19016at7147          -            444    0.0026   16.1   0.1   3   3     0.048        31    2.7   0.0    24    60   608   644   594   648 0.81 -
Dbuz05349-RA         -            614 19016at7147          -            444    0.0027   16.1   0.0   1   3     0.016        10    4.3   0.0    26    81   151   206   145   219 0.72 -
Dbuz05349-RA         -            614 19016at7147          -            444    0.0027   16.1   0.0   2   3    0.0013      0.84    7.9   0.0    27    75   250   300   238   320 0.80 -
Dbuz05349-RA         -            614 19016at7147          -            444    0.0027   16.1   0.0   3   3      0.87   5.5e+02   -1.4   0.0    35    78   442   485   440   491 0.83 -
Dbuz07225-RA         -           1375 19016at7147          -            444    0.0053   15.1   0.4   1   4      0.32   2.1e+02    0.0   0.0    26    57   870   901   865   906 0.85 -
Dbuz07225-RA         -           1375 19016at7147          -            444    0.0053   15.1   0.4   2   4     0.063        40    2.3   0.0    28    59   905   936   899   982 0.73 -
Dbuz07225-RA         -           1375 19016at7147          -            444    0.0053   15.1   0.4   3   4   0.00095      0.61    8.3   0.0    12    85  1037  1112  1009  1132 0.83 -
Dbuz07225-RA         -           1375 19016at7147          -            444    0.0053   15.1   0.4   4   4       4.5   2.9e+03   -3.8   0.0    25    55  1149  1179  1146  1191 0.85 -
Dbuz05060-RA         -           1204 19016at7147          -            444    0.0094   14.3   0.2   1   2   0.00046      0.29    9.4   0.0    25    86   605   668   576   677 0.85 -
Dbuz05060-RA         -           1204 19016at7147          -            444    0.0094   14.3   0.2   2   2     0.052        33    2.6   0.1    24    72   740   790   717   807 0.75 -
Dbuz12872-RA         -            277 19016at7147          -            444     0.012   13.9   0.5   1   2     0.069        44    2.2   0.0    30    64    83   118    72   132 0.78 -
Dbuz12872-RA         -            277 19016at7147          -            444     0.012   13.9   0.5   2   2   0.00031       0.2    9.9   0.3    29    92   154   219   127   233 0.75 -
Dbuz03464-RA         -            654 19016at7147          -            444     0.012   13.9   0.1   1   2      0.15        95    1.1   0.0    25    59   181   215   159   233 0.78 -
Dbuz03464-RA         -            654 19016at7147          -            444     0.012   13.9   0.1   2   2   0.00022      0.14   10.4   0.0    25    84   276   337   262   353 0.85 -
Dbuz06342-RA         -            125 19016at7147          -            444     0.039   12.3   0.0   1   2    0.0046         3    6.1   0.0    11    68     8    71     3    72 0.73 -
Dbuz06342-RA         -            125 19016at7147          -            444     0.039   12.3   0.0   2   2   0.00022      0.14   10.5   0.0    21    57    57    93    33   118 0.72 -
Dbuz07800-RA         -            552 19016at7147          -            444     0.043   12.1   0.0   1   3      0.65   4.1e+02   -1.0   0.0    28    65   117   156    87   176 0.64 -
Dbuz07800-RA         -            552 19016at7147          -            444     0.043   12.1   0.0   2   3    0.0078         5    5.3   0.0     3    54   185   242   183   247 0.73 -
Dbuz07800-RA         -            552 19016at7147          -            444     0.043   12.1   0.0   3   3     0.025        16    3.7   0.0    23    54   245   276   242   287 0.84 -
#
# Program:         hmmsearch
# Version:         3.1b2 (February 2015)
# Pipeline mode:   SEARCH
# Query file:      /home/nmoreyra/Documents/Genomics/03_orthologs_search/00_Phylogenomics_BUSCO-groups/busco4_odb10/busco_downloads/lineages/diptera_odb10/hmms/19016at7147.hmm
# Target file:     /home/nmoreyra/Documents/Genomics/03_orthologs_search/00_Phylogenomics_BUSCO-groups/busco4_odb10/../00_proteins/Dbuz_proteins.fasta
# Option settings: /home/nmoreyra/Software/miniconda3/envs/busco4/bin/hmmsearch --domtblout /home/nmoreyra/Documents/Genomics/03_orthologs_search/00_Phylogenomics_BUSCO-groups/busco4_odb10/Dbuz_diptera/run_diptera_odb10/hmmer_output/initial_run_results/19016at7147.out --cpu 1 /home/nmoreyra/Documents/Genomics/03_orthologs_search/00_Phylogenomics_BUSCO-groups/busco4_odb10/busco_downloads/lineages/diptera_odb10/hmms/19016at7147.hmm /home/nmoreyra/Documents/Genomics/03_orthologs_search/00_Phylogenomics_BUSCO-groups/busco4_odb10/../00_proteins/Dbuz_proteins.fasta 
# Current dir:     /home/nmoreyra/Documents/Genomics/03_orthologs_search/00_Phylogenomics_BUSCO-groups/busco4_odb10
# Date:            Mon Jan 25 13:17:04 2021
# [ok]
