#                                                                            --- full sequence --- -------------- this domain -------------   hmm coord   ali coord   env coord
# target name        accession   tlen query name           accession   qlen   E-value  score  bias   #  of  c-Evalue  i-Evalue  score  bias  from    to  from    to  from    to  acc description of target
#------------------- ---------- ----- -------------------- ---------- ----- --------- ------ ----- --- --- --------- --------- ------ ----- ----- ----- ----- ----- ----- ----- ---- ---------------------
Dbuz11651-RA         -            738 21242at7147          -            441  2.2e-174  580.1  15.5   1   3  2.6e-169  1.1e-165  551.4  13.0     6   393    61   497    56   536 0.92 -
Dbuz11651-RA         -            738 21242at7147          -            441  2.2e-174  580.1  15.5   2   3         3   1.3e+04  -10.2   7.3     9    45   551   587   544   603 0.52 -
Dbuz11651-RA         -            738 21242at7147          -            441  2.2e-174  580.1  15.5   3   3   1.8e-13   7.7e-10   37.8   0.0   394   441   655   712   650   712 0.90 -
Dbuz10246-RA         -            871 21242at7147          -            441   8.5e-20   70.6   5.9   1   4   8.9e-10   3.8e-06   25.6   0.0    61   183   428   552   421   552 0.92 -
Dbuz10246-RA         -            871 21242at7147          -            441   8.5e-20   70.6   5.9   2   4   2.1e-05     0.088   11.3   0.1    79   148   518   587   515   590 0.96 -
Dbuz10246-RA         -            871 21242at7147          -            441   8.5e-20   70.6   5.9   3   4     3e-13   1.3e-09   37.1   0.1    78   165   589   678   582   686 0.90 -
Dbuz10246-RA         -            871 21242at7147          -            441   8.5e-20   70.6   5.9   4   4   0.00071         3    6.2   0.3    55   124   677   747   669   754 0.75 -
Dbuz04687-RA         -            493 21242at7147          -            441      0.62    8.5   3.8   1   1   0.00021       0.9    7.9   3.8     5    38    13    46     9    64 0.84 -
#
# Program:         hmmsearch
# Version:         3.1b2 (February 2015)
# Pipeline mode:   SEARCH
# Query file:      /home/nmoreyra/Documents/Genomics/03_orthologs_search/00_Phylogenomics_BUSCO-groups/busco4_odb10/busco_downloads/lineages/diptera_odb10/hmms/21242at7147.hmm
# Target file:     /home/nmoreyra/Documents/Genomics/03_orthologs_search/00_Phylogenomics_BUSCO-groups/busco4_odb10/../00_proteins/Dbuz_proteins.fasta
# Option settings: /home/nmoreyra/Software/miniconda3/envs/busco4/bin/hmmsearch --domtblout /home/nmoreyra/Documents/Genomics/03_orthologs_search/00_Phylogenomics_BUSCO-groups/busco4_odb10/Dbuz_diptera/run_diptera_odb10/hmmer_output/initial_run_results/21242at7147.out --cpu 1 /home/nmoreyra/Documents/Genomics/03_orthologs_search/00_Phylogenomics_BUSCO-groups/busco4_odb10/busco_downloads/lineages/diptera_odb10/hmms/21242at7147.hmm /home/nmoreyra/Documents/Genomics/03_orthologs_search/00_Phylogenomics_BUSCO-groups/busco4_odb10/../00_proteins/Dbuz_proteins.fasta 
# Current dir:     /home/nmoreyra/Documents/Genomics/03_orthologs_search/00_Phylogenomics_BUSCO-groups/busco4_odb10
# Date:            Mon Jan 25 13:14:42 2021
# [ok]
