#                                                                            --- full sequence --- -------------- this domain -------------   hmm coord   ali coord   env coord
# target name        accession   tlen query name           accession   qlen   E-value  score  bias   #  of  c-Evalue  i-Evalue  score  bias  from    to  from    to  from    to  acc description of target
#------------------- ---------- ----- -------------------- ---------- ----- --------- ------ ----- --- --- --------- --------- ------ ----- ----- ----- ----- ----- ----- ----- ---- ---------------------
Dbuz12726-RA         -           1668 2257at7147           -            633  7.9e-233  773.9 106.4   1  11   4.3e-06   0.00035   18.6   0.1    17    53   187   228   177   258 0.78 -
Dbuz12726-RA         -           1668 2257at7147           -            633  7.9e-233  773.9 106.4   2  11  2.6e-204  2.1e-202  673.4  13.8    54   413   294   674   268   749 0.86 -
Dbuz12726-RA         -           1668 2257at7147           -            633  7.9e-233  773.9 106.4   3  11    0.0017      0.13   10.1   0.0   387   416   819   848   790   860 0.66 -
Dbuz12726-RA         -           1668 2257at7147           -            633  7.9e-233  773.9 106.4   4  11    0.0018      0.15    9.9   2.8   408   447   900   957   895   976 0.66 -
Dbuz12726-RA         -           1668 2257at7147           -            633  7.9e-233  773.9 106.4   5  11   2.1e-05    0.0016   16.4   7.2   440   485  1018  1078  1004  1101 0.66 -
Dbuz12726-RA         -           1668 2257at7147           -            633  7.9e-233  773.9 106.4   6  11    0.0017      0.14   10.0   0.1   473   524  1116  1166  1109  1182 0.71 -
Dbuz12726-RA         -           1668 2257at7147           -            633  7.9e-233  773.9 106.4   7  11   2.7e-07   2.2e-05   22.6   0.3   500   529  1263  1292  1248  1309 0.79 -
Dbuz12726-RA         -           1668 2257at7147           -            633  7.9e-233  773.9 106.4   8  11    0.0096      0.77    7.5   1.4   524   556  1312  1344  1302  1377 0.70 -
Dbuz12726-RA         -           1668 2257at7147           -            633  7.9e-233  773.9 106.4   9  11       1.1        90    0.7   1.5   547   586  1391  1427  1367  1437 0.75 -
Dbuz12726-RA         -           1668 2257at7147           -            633  7.9e-233  773.9 106.4  10  11   3.4e-11   2.7e-09   35.5  17.2   560   628  1517  1640  1511  1643 0.79 -
Dbuz12726-RA         -           1668 2257at7147           -            633  7.9e-233  773.9 106.4  11  11      0.89        72    1.0   2.2   619   633  1654  1668  1648  1668 0.85 -
Dbuz11095-RA         -            997 2257at7147           -            633   1.5e-19   69.4  91.7   1   6   8.4e-05    0.0067   14.3   2.5   287   336   243   290   237   295 0.91 -
Dbuz11095-RA         -            997 2257at7147           -            633   1.5e-19   69.4  91.7   2   6   0.00064     0.052   11.4   3.0   286   338   298   348   294   353 0.90 -
Dbuz11095-RA         -            997 2257at7147           -            633   1.5e-19   69.4  91.7   3   6     8e-06   0.00064   17.7  10.6   180   262   354   431   351   436 0.91 -
Dbuz11095-RA         -            997 2257at7147           -            633   1.5e-19   69.4  91.7   4   6   2.8e-06   0.00022   19.2   5.8   180   265   438   518   433   522 0.94 -
Dbuz11095-RA         -            997 2257at7147           -            633   1.5e-19   69.4  91.7   5   6   5.9e-06   0.00047   18.1   8.8   180   265   523   602   519   603 0.93 -
Dbuz11095-RA         -            997 2257at7147           -            633   1.5e-19   69.4  91.7   6   6   2.3e-07   1.9e-05   22.8  26.0   181   339   580   747   577   753 0.82 -
Dbuz05169-RA         -           1382 2257at7147           -            633   2.6e-19   68.6  26.1   1   4     6e-10   4.8e-08   31.3   1.6   274   338   365   428   350   436 0.89 -
Dbuz05169-RA         -           1382 2257at7147           -            633   2.6e-19   68.6  26.1   2   4   8.3e-08   6.7e-06   24.3   3.5   281   335   660   712   640   725 0.83 -
Dbuz05169-RA         -           1382 2257at7147           -            633   2.6e-19   68.6  26.1   3   4       3.3   2.7e+02   -0.9   0.2   234   264   718   747   708   759 0.75 -
Dbuz05169-RA         -           1382 2257at7147           -            633   2.6e-19   68.6  26.1   4   4   2.4e-08   1.9e-06   26.0   2.7   288   335  1145  1190  1140  1205 0.90 -
Dbuz10799-RA         -            938 2257at7147           -            633   1.5e-18   66.1  30.2   1   5   1.5e-06   0.00012   20.1   0.5   280   316   146   182   108   184 0.77 -
Dbuz10799-RA         -            938 2257at7147           -            633   1.5e-18   66.1  30.2   2   5     1e-08   8.1e-07   27.3   2.4   287   352   181   243   180   247 0.92 -
Dbuz10799-RA         -            938 2257at7147           -            633   1.5e-18   66.1  30.2   3   5   0.00016     0.013   13.4   2.7   246   317   213   281   213   282 0.82 -
Dbuz10799-RA         -            938 2257at7147           -            633   1.5e-18   66.1  30.2   4   5   3.6e-05    0.0029   15.6   2.2   287   339   279   328   270   330 0.85 -
Dbuz10799-RA         -            938 2257at7147           -            633   1.5e-18   66.1  30.2   5   5   3.1e-06   0.00025   19.1   2.9   271   330   321   376   317   382 0.86 -
Dbuz07570-RA         -            322 2257at7147           -            633     2e-18   65.6  23.1   1   4     1e-07   8.3e-06   24.0   2.2   268   338    63   134    54   139 0.84 -
Dbuz07570-RA         -            322 2257at7147           -            633     2e-18   65.6  23.1   2   4   7.6e-08   6.1e-06   24.4   3.2   282   337   136   189   131   194 0.90 -
Dbuz07570-RA         -            322 2257at7147           -            633     2e-18   65.6  23.1   3   4   2.6e-06   0.00021   19.3   0.4   272   316   184   226   183   227 0.83 -
Dbuz07570-RA         -            322 2257at7147           -            633     2e-18   65.6  23.1   4   4   1.2e-05   0.00098   17.1   0.8   288   339   226   275   225   300 0.83 -
Dbuz05463-RA         -            886 2257at7147           -            633   9.9e-17   60.0  27.4   1   3   2.3e-07   1.8e-05   22.8   1.1   290   336   237   283   223   295 0.85 -
Dbuz05463-RA         -            886 2257at7147           -            633   9.9e-17   60.0  27.4   2   3   1.1e-10   9.1e-09   33.7   3.4   281   334   309   362   291   363 0.86 -
Dbuz05463-RA         -            886 2257at7147           -            633   9.9e-17   60.0  27.4   3   3     4e-06   0.00032   18.7   6.0   300   395   358   449   355   474 0.70 -
Dbuz05168-RA         -           1520 2257at7147           -            633   1.9e-16   59.1  20.6   1   3   5.4e-09   4.4e-07   28.2   0.8   287   338   483   532   464   543 0.88 -
Dbuz05168-RA         -           1520 2257at7147           -            633   1.9e-16   59.1  20.6   2   3   1.1e-06   8.5e-05   20.6   2.4   287   335   931   977   921   986 0.90 -
Dbuz05168-RA         -           1520 2257at7147           -            633   1.9e-16   59.1  20.6   3   3     6e-07   4.8e-05   21.4   1.0   287   355  1445  1511  1438  1517 0.82 -
Dbuz00936-RA         -           1030 2257at7147           -            633   3.7e-16   58.1  49.0   1   5   3.7e-06    0.0003   18.8  16.2   180   348   266   411   265   503 0.69 -
Dbuz00936-RA         -           1030 2257at7147           -            633   3.7e-16   58.1  49.0   2   5   0.00025      0.02   12.8   4.2   269   326   633   686   626   701 0.74 -
Dbuz00936-RA         -           1030 2257at7147           -            633   3.7e-16   58.1  49.0   3   5   6.1e-06   0.00049   18.1   1.3   283   343   701   758   690   819 0.81 -
Dbuz00936-RA         -           1030 2257at7147           -            633   3.7e-16   58.1  49.0   4   5    0.0012     0.093   10.6   2.9   264   317   925   976   922   993 0.81 -
Dbuz00936-RA         -           1030 2257at7147           -            633   3.7e-16   58.1  49.0   5   5    0.0035      0.28    9.0   0.1   281   315   996  1030   983  1030 0.84 -
Dbuz11472-RA         -            391 2257at7147           -            633   4.9e-14   51.1  25.9   1   4   3.9e-05    0.0031   15.4   3.1   266   338   198   267   184   273 0.84 -
Dbuz11472-RA         -            391 2257at7147           -            633   4.9e-14   51.1  25.9   2   4   2.6e-07   2.1e-05   22.6   3.4   281   336   268   321   266   326 0.90 -
Dbuz11472-RA         -            391 2257at7147           -            633   4.9e-14   51.1  25.9   3   4   0.00019     0.016   13.1   0.4   288   317   303   332   303   333 0.97 -
Dbuz11472-RA         -            391 2257at7147           -            633   4.9e-14   51.1  25.9   4   4   2.7e-07   2.2e-05   22.6   3.9   288   336   331   377   329   389 0.91 -
Dbuz04563-RA         -            580 2257at7147           -            633   1.5e-13   49.5  20.0   1   3   4.2e-06   0.00034   18.6   2.0   286   326   213   251   203   251 0.88 -
Dbuz04563-RA         -            580 2257at7147           -            633   1.5e-13   49.5  20.0   2   3     2e-09   1.6e-07   29.6   3.8   288   335   243   288   242   290 0.95 -
Dbuz04563-RA         -            580 2257at7147           -            633   1.5e-13   49.5  20.0   3   3   3.2e-05    0.0026   15.7   2.9   202   266   290   349   287   357 0.89 -
Dbuz05727-RA         -            303 2257at7147           -            633   8.6e-13   47.0  25.5   1   3   4.9e-10   3.9e-08   31.6   8.0   272   336    57   119    41   125 0.91 -
Dbuz05727-RA         -            303 2257at7147           -            633   8.6e-13   47.0  25.5   2   3   2.7e-06   0.00022   19.3   2.6   271   317   114   158   113   159 0.89 -
Dbuz05727-RA         -            303 2257at7147           -            633   8.6e-13   47.0  25.5   3   3    0.0008     0.064   11.1   3.1   288   336   157   207   156   214 0.80 -
Dbuz04427-RA         -            865 2257at7147           -            633   2.8e-12   45.3  47.4   1   5   0.00011    0.0089   13.9   3.3   283   340   260   317   239   324 0.83 -
Dbuz04427-RA         -            865 2257at7147           -            633   2.8e-12   45.3  47.4   2   5    0.0094      0.76    7.6   1.1   246   316   330   391   324   392 0.80 -
Dbuz04427-RA         -            865 2257at7147           -            633   2.8e-12   45.3  47.4   3   5    0.0081      0.65    7.8   0.3   288   334   391   435   389   443 0.87 -
Dbuz04427-RA         -            865 2257at7147           -            633   2.8e-12   45.3  47.4   4   5   3.3e-06   0.00026   19.0  15.8   178   263   443   524   436   541 0.86 -
Dbuz04427-RA         -            865 2257at7147           -            633   2.8e-12   45.3  47.4   5   5   1.9e-05    0.0015   16.5   1.0   132   228   625   714   602   777 0.79 -
Dbuz03255-RA         -            407 2257at7147           -            633   4.1e-12   44.8  26.9   1   3   3.3e-06   0.00026   19.0   7.9   176   268   163   256   154   261 0.86 -
Dbuz03255-RA         -            407 2257at7147           -            633   4.1e-12   44.8  26.9   2   3   1.2e-08   9.6e-07   27.0   9.9   160   269   266   370   259   382 0.88 -
Dbuz03255-RA         -            407 2257at7147           -            633   4.1e-12   44.8  26.9   3   3   0.00016     0.013   13.4   1.3   178   238   341   400   338   405 0.87 -
Dbuz12345-RA         -            304 2257at7147           -            633   7.6e-12   43.9  36.6   1   4   0.00012    0.0099   13.8   3.7   287   335    12    58     8    65 0.89 -
Dbuz12345-RA         -            304 2257at7147           -            633   7.6e-12   43.9  36.6   2   4   9.4e-08   7.6e-06   24.1   6.9   268   343    50   124    44   127 0.86 -
Dbuz12345-RA         -            304 2257at7147           -            633   7.6e-12   43.9  36.6   3   4     0.004      0.32    8.8   7.7   286   338   153   204   122   210 0.77 -
Dbuz12345-RA         -            304 2257at7147           -            633   7.6e-12   43.9  36.6   4   4    0.0016      0.13   10.1   1.3   287   342   210   265   205   278 0.88 -
Dbuz10847-RA         -            955 2257at7147           -            633   7.7e-12   43.9  30.7   1   3       3.8     3e+02   -1.0   0.1   238   264   308   334   223   343 0.76 -
Dbuz10847-RA         -            955 2257at7147           -            633   7.7e-12   43.9  30.7   2   3   2.1e-06   0.00017   19.6   3.0   269   334   593   656   582   662 0.88 -
Dbuz10847-RA         -            955 2257at7147           -            633   7.7e-12   43.9  30.7   3   3   6.9e-09   5.5e-07   27.8  16.9   176   384   662   843   653   882 0.79 -
Dbuz07546-RA         -            683 2257at7147           -            633   7.1e-11   40.7  22.9   1   2   3.8e-11   3.1e-09   35.3  12.2   201   336   101   215    93   221 0.91 -
Dbuz07546-RA         -            683 2257at7147           -            633   7.1e-11   40.7  22.9   2   2    0.0063      0.51    8.1   4.7   278   365   212   301   208   317 0.70 -
Dbuz04399-RA         -            432 2257at7147           -            633   8.5e-11   40.4  34.2   1   3   0.00046     0.037   11.9   2.6   285   345   169   228   164   232 0.92 -
Dbuz04399-RA         -            432 2257at7147           -            633   8.5e-11   40.4  34.2   2   3     4e-06   0.00032   18.7   4.6   288   338   233   285   228   293 0.86 -
Dbuz04399-RA         -            432 2257at7147           -            633   8.5e-11   40.4  34.2   3   3   8.4e-06   0.00067   17.6  13.2   177   261   316   396   291   409 0.89 -
Dbuz02569-RA         -            918 2257at7147           -            633   8.7e-11   40.4  43.6   1   2   2.8e-10   2.2e-08   32.4  21.6   145   328   293   457   284   468 0.83 -
Dbuz02569-RA         -            918 2257at7147           -            633   8.7e-11   40.4  43.6   2   2    0.0014      0.11   10.3  16.6   196   355   460   638   452   688 0.68 -
Dbuz00120-RA         -            608 2257at7147           -            633   1.1e-10   40.1  11.2   1   2   3.8e-09   3.1e-07   28.7   7.5   241   318   447   535   437   540 0.75 -
Dbuz00120-RA         -            608 2257at7147           -            633   1.1e-10   40.1  11.2   2   2    0.0041      0.32    8.8   0.9   288   317   533   562   532   586 0.84 -
Dbuz11628-RA         -            519 2257at7147           -            633   1.4e-10   39.7  27.7   1   4     0.041       3.3    5.4   0.2   315   369   207   261   201   266 0.77 -
Dbuz11628-RA         -            519 2257at7147           -            633   1.4e-10   39.7  27.7   2   4      0.24        20    2.9   0.1   312   337   266   291   263   295 0.85 -
Dbuz11628-RA         -            519 2257at7147           -            633   1.4e-10   39.7  27.7   3   4   3.1e-08   2.5e-06   25.7   0.8   283   334   292   343   285   354 0.90 -
Dbuz11628-RA         -            519 2257at7147           -            633   1.4e-10   39.7  27.7   4   4    0.0003     0.024   12.5  12.3   182   313   355   464   344   475 0.74 -
Dbuz01117-RA         -            474 2257at7147           -            633   1.4e-10   39.7  17.0   1   3   1.8e-10   1.5e-08   33.0   3.3   287   339   324   374   315   380 0.93 -
Dbuz01117-RA         -            474 2257at7147           -            633   1.4e-10   39.7  17.0   2   3     0.014       1.1    7.0   0.6   287   316   381   410   374   412 0.93 -
Dbuz01117-RA         -            474 2257at7147           -            633   1.4e-10   39.7  17.0   3   3   1.1e-06   9.2e-05   20.5   5.8   276   346   395   467   391   474 0.81 -
Dbuz04425-RA         -            789 2257at7147           -            633   1.6e-10   39.5  46.7   1   5   0.00065     0.052   11.4   2.0   282   330   265   313   255   336 0.80 -
Dbuz04425-RA         -            789 2257at7147           -            633   1.6e-10   39.5  46.7   2   5    0.0027      0.21    9.4   9.3   269   331   355   414   314   423 0.75 -
Dbuz04425-RA         -            789 2257at7147           -            633   1.6e-10   39.5  46.7   3   5     0.052       4.2    5.1   3.4   288   339   401   450   399   452 0.92 -
Dbuz04425-RA         -            789 2257at7147           -            633   1.6e-10   39.5  46.7   4   5      0.42        34    2.1  13.9   144   256   425   499   413   510 0.53 -
Dbuz04425-RA         -            789 2257at7147           -            633   1.6e-10   39.5  46.7   5   5   1.2e-08   9.7e-07   27.0   2.0   128   228   572   665   557   679 0.83 -
Dbuz04336-RA         -           1213 2257at7147           -            633     5e-10   37.9  24.2   1   3     0.005       0.4    8.5   0.1    89   138   196   255   139   278 0.62 -
Dbuz04336-RA         -           1213 2257at7147           -            633     5e-10   37.9  24.2   2   3   9.1e-08   7.3e-06   24.1   6.0   287   335   876   922   871   932 0.91 -
Dbuz04336-RA         -           1213 2257at7147           -            633     5e-10   37.9  24.2   3   3    0.0024      0.19    9.5   9.8   202   268   924   985   917  1038 0.66 -
Dbuz00554-RA         -            555 2257at7147           -            633   6.5e-10   37.5  15.0   1   2   1.1e-06   8.8e-05   20.6   3.8   266   336   357   424   329   438 0.84 -
Dbuz00554-RA         -            555 2257at7147           -            633   6.5e-10   37.5  15.0   2   2   5.9e-07   4.7e-05   21.5   3.7   268   345   443   518   435   555 0.67 -
Dbuz03006-RA         -            370 2257at7147           -            633   7.4e-10   37.3  18.1   1   1   7.5e-10     6e-08   31.0  18.1   177   321   178   298   164   318 0.81 -
Dbuz10091-RA         -            346 2257at7147           -            633   7.9e-10   37.2  14.4   1   2   3.6e-06   0.00029   18.8   7.5   241   318   168   256   158   257 0.75 -
Dbuz10091-RA         -            346 2257at7147           -            633   7.9e-10   37.2  14.4   2   2   1.3e-06   0.00011   20.3   1.2   288   339   254   302   254   314 0.88 -
Dbuz04422-RA         -            739 2257at7147           -            633   1.9e-09   36.0  60.8   1   4   1.8e-06   0.00015   19.8   5.7   285   347   213   275   205   282 0.92 -
Dbuz04422-RA         -            739 2257at7147           -            633   1.9e-09   36.0  60.8   2   4     0.004      0.32    8.8   9.8   255   350   325   399   274   399 0.62 -
Dbuz04422-RA         -            739 2257at7147           -            633   1.9e-09   36.0  60.8   3   4     5e-05     0.004   15.1  13.1   179   269   395   482   389   506 0.82 -
Dbuz04422-RA         -            739 2257at7147           -            633   1.9e-09   36.0  60.8   4   4    0.0026      0.21    9.4   8.9   271   384   588   695   578   715 0.76 -
Dbuz01118-RA         -            380 2257at7147           -            633   2.3e-09   35.7  13.8   1   2   0.00028     0.022   12.6   0.2   278   316   217   255   197   257 0.84 -
Dbuz01118-RA         -            380 2257at7147           -            633   2.3e-09   35.7  13.8   2   2   4.6e-09   3.7e-07   28.4   9.0   243   346   255   368   254   375 0.81 -
Dbuz09523-RA         -            616 2257at7147           -            633   5.4e-09   34.5  29.9   1   4   1.4e-07   1.1e-05   23.5   8.4   262   331   262   328   217   333 0.84 -
Dbuz09523-RA         -            616 2257at7147           -            633   5.4e-09   34.5  29.9   2   4    0.0009     0.072   10.9   2.2   287   324   314   349   313   353 0.87 -
Dbuz09523-RA         -            616 2257at7147           -            633   5.4e-09   34.5  29.9   3   4    0.0013      0.11   10.4   2.6   287   339   342   392   334   406 0.78 -
Dbuz09523-RA         -            616 2257at7147           -            633   5.4e-09   34.5  29.9   4   4    0.0048      0.38    8.5   3.4   173   262   454   536   435   551 0.74 -
Dbuz02931-RA         -            586 2257at7147           -            633   6.8e-09   34.1  33.6   1   3   3.1e-05    0.0025   15.7  12.0   204   335   104   241   103   249 0.80 -
Dbuz02931-RA         -            586 2257at7147           -            633   6.8e-09   34.1  33.6   2   3   0.00019     0.015   13.2   4.1   283   336   247   298   233   309 0.84 -
Dbuz02931-RA         -            586 2257at7147           -            633   6.8e-09   34.1  33.6   3   3   0.00055     0.044   11.6   2.9   287   334   307   352   304   362 0.83 -
Dbuz08882-RA         -            891 2257at7147           -            633     7e-09   34.1  56.7   1   5       2.9   2.4e+02   -0.7   0.9   229   274    48    93    41   133 0.73 -
Dbuz08882-RA         -            891 2257at7147           -            633     7e-09   34.1  56.7   2   5   6.9e-05    0.0056   14.6   0.7   141   204   137   203   130   208 0.88 -
Dbuz08882-RA         -            891 2257at7147           -            633     7e-09   34.1  56.7   3   5      0.34        27    2.4  20.8   161   334   475   636   450   637 0.74 -
Dbuz08882-RA         -            891 2257at7147           -            633     7e-09   34.1  56.7   4   5     3e-08   2.4e-06   25.7  21.7   142   336   559   722   549   726 0.82 -
Dbuz08882-RA         -            891 2257at7147           -            633     7e-09   34.1  56.7   5   5   3.7e-07     3e-05   22.1  18.2   178   339   616   757   616   763 0.81 -
Dbuz01845-RA         -            898 2257at7147           -            633     7e-09   34.1  19.3   1   2   2.1e-09   1.7e-07   29.6   1.5   286   334   666   714   660   716 0.93 -
Dbuz01845-RA         -            898 2257at7147           -            633     7e-09   34.1  19.3   2   2   0.00069     0.055   11.3   7.5   202   279   717   793   713   801 0.83 -
Dbuz01348-RA         -            576 2257at7147           -            633   8.2e-09   33.9  25.0   1   2   0.00084     0.068   11.0   2.4   243   308   249   313   240   332 0.83 -
Dbuz01348-RA         -            576 2257at7147           -            633   8.2e-09   33.9  25.0   2   2   8.3e-08   6.6e-06   24.3  14.3   201   341   359   476   336   525 0.85 -
Dbuz04424-RA         -            805 2257at7147           -            633   1.1e-08   33.5  59.6   1   6    0.0001    0.0083   14.0   3.4   285   339   265   319   252   329 0.91 -
Dbuz04424-RA         -            805 2257at7147           -            633   1.1e-08   33.5  59.6   2   6     0.017       1.4    6.7   0.7   271   310   343   385   332   388 0.83 -
Dbuz04424-RA         -            805 2257at7147           -            633   1.1e-08   33.5  59.6   3   6   0.00056     0.045   11.6   1.1   286   331   390   433   386   443 0.88 -
Dbuz04424-RA         -            805 2257at7147           -            633   1.1e-08   33.5  59.6   4   6      0.48        39    1.9  17.0   178   260   444   522   432   540 0.57 -
Dbuz04424-RA         -            805 2257at7147           -            633   1.1e-08   33.5  59.6   5   6   1.8e-07   1.5e-05   23.1   5.0   124   227   591   687   575   700 0.84 -
Dbuz04424-RA         -            805 2257at7147           -            633   1.1e-08   33.5  59.6   6   6      0.11       9.2    4.0   0.4   291   391   674   774   674   782 0.78 -
Dbuz05804-RA         -            643 2257at7147           -            633   1.9e-08   32.6  44.3   1   3   0.00025      0.02   12.8   8.6   252   335   279   357   271   368 0.78 -
Dbuz05804-RA         -            643 2257at7147           -            633   1.9e-08   32.6  44.3   2   3   0.00054     0.043   11.7  12.6   204   318   364   485   357   491 0.81 -
Dbuz05804-RA         -            643 2257at7147           -            633   1.9e-08   32.6  44.3   3   3   2.7e-06   0.00022   19.3   8.4   265   345   492   569   486   584 0.88 -
Dbuz01614-RA         -            788 2257at7147           -            633   2.8e-08   32.1  39.9   1   4       4.5   3.6e+02   -1.3   0.3   243   297   241   299   229   321 0.65 -
Dbuz01614-RA         -            788 2257at7147           -            633   2.8e-08   32.1  39.9   2   4    0.0026      0.21    9.4   0.7   283   349   363   427   358   435 0.91 -
Dbuz01614-RA         -            788 2257at7147           -            633   2.8e-08   32.1  39.9   3   4   3.9e-07   3.1e-05   22.0  11.3   209   340   435   575   428   578 0.79 -
Dbuz01614-RA         -            788 2257at7147           -            633   2.8e-08   32.1  39.9   4   4     3e-05    0.0024   15.8   7.9   178   267   578   662   575   679 0.89 -
Dbuz01709-RA         -            488 2257at7147           -            633   2.9e-08   32.1  15.7   1   3   3.5e-07   2.8e-05   22.2   4.9   266   335   246   312   228   313 0.87 -
Dbuz01709-RA         -            488 2257at7147           -            633   2.9e-08   32.1  15.7   2   3   1.7e-06   0.00013   20.0   4.4   288   336   295   343   295   349 0.93 -
Dbuz01709-RA         -            488 2257at7147           -            633   2.9e-08   32.1  15.7   3   3    0.0021      0.17    9.7   3.4   289   334   326   369   323   384 0.82 -
Dbuz02382-RA         -            277 2257at7147           -            633   7.2e-08   30.8   8.9   1   1   1.5e-08   1.2e-06   26.8   8.9   143   264   158   275   153   276 0.78 -
Dbuz02957-RA         -            602 2257at7147           -            633     8e-08   30.6  17.2   1   3   5.3e-05    0.0043   15.0   0.5   280   318   229   267   216   291 0.81 -
Dbuz02957-RA         -            602 2257at7147           -            633     8e-08   30.6  17.2   2   3   6.5e-06   0.00052   18.0   0.4   287   317   449   479   435   480 0.92 -
Dbuz02957-RA         -            602 2257at7147           -            633     8e-08   30.6  17.2   3   3   0.00015     0.012   13.5   1.7   287   317   477   507   476   526 0.92 -
Dbuz01343-RA         -            974 2257at7147           -            633   8.7e-08   30.5  78.9   1   6   0.00049     0.039   11.8   5.5   207   314   223   336   214   343 0.76 -
Dbuz01343-RA         -            974 2257at7147           -            633   8.7e-08   30.5  78.9   2   6    0.0027      0.22    9.3  17.5   174   319   413   570   405   580 0.76 -
Dbuz01343-RA         -            974 2257at7147           -            633   8.7e-08   30.5  78.9   3   6      0.11       8.7    4.1   4.8   208   262   507   559   501   605 0.73 -
Dbuz01343-RA         -            974 2257at7147           -            633   8.7e-08   30.5  78.9   4   6       4.3   3.4e+02   -1.2   0.1   145   174   585   614   575   619 0.75 -
Dbuz01343-RA         -            974 2257at7147           -            633   8.7e-08   30.5  78.9   5   6      0.18        15    3.3  15.3   180   269   661   749   651   811 0.70 -
Dbuz01343-RA         -            974 2257at7147           -            633   8.7e-08   30.5  78.9   6   6     5e-06    0.0004   18.4  14.9   210   336   784   924   784   931 0.66 -
Dbuz03033-RA         -            748 2257at7147           -            633   9.7e-08   30.3  18.0   1   1   4.3e-08   3.5e-06   25.2  17.9   178   321   232   351   221   367 0.84 -
Dbuz03945-RA         -            514 2257at7147           -            633   1.2e-07   30.0  30.4   1   2     5e-05     0.004   15.1  15.7   200   380   159   317   147   333 0.69 -
Dbuz03945-RA         -            514 2257at7147           -            633   1.2e-07   30.0  30.4   2   2   1.2e-05   0.00096   17.1   6.6   209   342   418   472   382   491 0.64 -
Dbuz10723-RA         -            564 2257at7147           -            633   1.2e-07   30.0  32.5   1   4     0.036       2.9    5.6  16.1   242   323   295   385   290   426 0.67 -
Dbuz10723-RA         -            564 2257at7147           -            633   1.2e-07   30.0  32.5   2   4     0.037         3    5.6   0.2   287   317   407   437   392   444 0.79 -
Dbuz10723-RA         -            564 2257at7147           -            633   1.2e-07   30.0  32.5   3   4   0.00042     0.034   12.0   1.5   286   326   434   472   420   474 0.80 -
Dbuz10723-RA         -            564 2257at7147           -            633   1.2e-07   30.0  32.5   4   4   1.2e-06    0.0001   20.4   2.4   288   340   464   513   463   523 0.90 -
Dbuz04397-RA         -            418 2257at7147           -            633   1.3e-07   29.9  29.2   1   3     0.037         3    5.6   2.3   291   344   161   214   148   220 0.90 -
Dbuz04397-RA         -            418 2257at7147           -            633   1.3e-07   29.9  29.2   2   3    0.0084      0.67    7.7  11.6   214   335   191   297   191   308 0.62 -
Dbuz04397-RA         -            418 2257at7147           -            633   1.3e-07   29.9  29.2   3   3   2.2e-07   1.8e-05   22.9   7.4   178   265   304   386   299   394 0.85 -
Dbuz02401-RA         -           1164 2257at7147           -            633   1.4e-07   29.8  38.8   1   2   2.4e-05    0.0019   16.1  23.3   181   344   234   376   224   399 0.83 -
Dbuz02401-RA         -           1164 2257at7147           -            633   1.4e-07   29.8  38.8   2   2   1.1e-05    0.0009   17.2   6.0   179   263   892   972   882   982 0.84 -
Dbuz01186-RA         -            889 2257at7147           -            633   1.7e-07   29.5  24.9   1   3   5.5e-08   4.4e-06   24.9   6.1   271   350   717   794   696   799 0.88 -
Dbuz01186-RA         -            889 2257at7147           -            633   1.7e-07   29.5  24.9   2   3   0.00015     0.012   13.5   2.7   291   344   765   816   763   819 0.90 -
Dbuz01186-RA         -            889 2257at7147           -            633   1.7e-07   29.5  24.9   3   3   0.00079     0.063   11.1   7.4   268   341   800   870   796   874 0.91 -
Dbuz01288-RA         -            301 2257at7147           -            633   2.6e-07   28.9   5.9   1   2   1.1e-08     9e-07   27.1   0.7   286   337   199   249   184   255 0.89 -
Dbuz01288-RA         -            301 2257at7147           -            633   2.6e-07   28.9   5.9   2   2     0.094       7.6    4.3   0.8   243   308   259   279   247   285 0.58 -
Dbuz00553-RA         -            528 2257at7147           -            633   3.1e-07   28.7  27.1   1   1   1.3e-08     1e-06   27.0  27.1   133   347   279   497   264   509 0.79 -
Dbuz09154-RA         -            714 2257at7147           -            633   3.2e-07   28.6  23.6   1   2   0.00016     0.013   13.4  10.6   207   338   493   601   485   616 0.81 -
Dbuz09154-RA         -            714 2257at7147           -            633   3.2e-07   28.6  23.6   2   2   0.00013     0.011   13.7   7.1   171   232   626   686   605   696 0.78 -
Dbuz07528-RA         -            463 2257at7147           -            633   3.7e-07   28.4  16.1   1   1   5.5e-09   4.4e-07   28.2  10.5   197   335   301   414   289   422 0.84 -
Dbuz00570-RA         -            894 2257at7147           -            633   3.9e-07   28.3  36.7   1   2   6.9e-06   0.00055   17.9  23.9   179   335   271   436   264   443 0.70 -
Dbuz00570-RA         -            894 2257at7147           -            633   3.9e-07   28.3  36.7   2   2     3e-05    0.0024   15.8   3.1   287   350   446   507   438   527 0.80 -
Dbuz12498-RA         -            447 2257at7147           -            633   4.2e-07   28.2  28.4   1   1   5.2e-09   4.2e-07   28.2  28.4   144   361   211   398   171   441 0.78 -
Dbuz02387-RA         -            710 2257at7147           -            633   4.8e-07   28.0  19.0   1   2   8.3e-06   0.00066   17.7   6.4   268   343   508   579   491   583 0.79 -
Dbuz02387-RA         -            710 2257at7147           -            633   4.8e-07   28.0  19.0   2   2   0.00017     0.013   13.4   8.2   177   269   578   664   569   683 0.84 -
Dbuz10336-RA         -           1222 2257at7147           -            633   5.1e-07   28.0  17.1   1   5   6.3e-09   5.1e-07   28.0  17.1   203   339   150   263   137   269 0.81 -
Dbuz10336-RA         -           1222 2257at7147           -            633   5.1e-07   28.0  17.1   2   5         5     4e+02   -1.4   0.2   243   306   342   405   335   411 0.65 -
Dbuz10336-RA         -           1222 2257at7147           -            633   5.1e-07   28.0  17.1   3   5     0.036       2.9    5.6   5.2   265   308   580   623   543   629 0.82 -
Dbuz10336-RA         -           1222 2257at7147           -            633   5.1e-07   28.0  17.1   4   5       1.2        94    0.6   6.7   182   317   875   934   835   953 0.50 -
Dbuz10336-RA         -           1222 2257at7147           -            633   5.1e-07   28.0  17.1   5   5     0.019       1.5    6.5   1.5   148   239  1056  1144  1047  1148 0.73 -
Dbuz04259-RA         -            834 2257at7147           -            633   6.6e-07   27.6  44.4   1   4   0.00038      0.03   12.2   6.8   275   339   325   388   311   399 0.84 -
Dbuz04259-RA         -            834 2257at7147           -            633   6.6e-07   27.6  44.4   2   4      0.35        28    2.4   2.6   272   321   381   427   379   440 0.80 -
Dbuz04259-RA         -            834 2257at7147           -            633   6.6e-07   27.6  44.4   3   4   0.00011    0.0087   14.0  26.1   178   340   420   589   394   596 0.75 -
Dbuz04259-RA         -            834 2257at7147           -            633   6.6e-07   27.6  44.4   4   4     0.013         1    7.1   0.3   284   309   600   625   596   630 0.92 -
Dbuz07529-RA         -            677 2257at7147           -            633   6.7e-07   27.6  15.3   1   1   4.3e-07   3.5e-05   21.9  15.3   178   336   484   619   475   635 0.83 -
Dbuz07603-RA         -            682 2257at7147           -            633   8.6e-07   27.2  28.8   1   2   0.00014     0.011   13.6   1.3   286   317   332   363   324   376 0.90 -
Dbuz07603-RA         -            682 2257at7147           -            633   8.6e-07   27.2  28.8   2   2   3.3e-05    0.0026   15.7  14.5   180   265   416   496   414   503 0.86 -
Dbuz00932-RA         -            361 2257at7147           -            633   8.6e-07   27.2  14.9   1   2   0.00058     0.046   11.6   2.6   263   320   214   269   175   278 0.74 -
Dbuz00932-RA         -            361 2257at7147           -            633   8.6e-07   27.2  14.9   2   2   1.4e-06   0.00011   20.2  13.7   180   354   207   357   205   361 0.86 -
Dbuz02498-RA         -            607 2257at7147           -            633   8.9e-07   27.2  18.0   1   2       4.5   3.6e+02   -1.3   0.4   208   225   287   304   270   316 0.78 -
Dbuz02498-RA         -            607 2257at7147           -            633   8.9e-07   27.2  18.0   2   2   1.1e-08   8.9e-07   27.2  18.0   176   334   360   499   348   508 0.82 -
Dbuz10231-RA         -            567 2257at7147           -            633   9.7e-07   27.0  23.8   1   3      0.53        43    1.8   0.0   288   311    38    61    19    70 0.83 -
Dbuz10231-RA         -            567 2257at7147           -            633   9.7e-07   27.0  23.8   2   3         1        80    0.9   0.0   242   265   184   207   144   239 0.80 -
Dbuz10231-RA         -            567 2257at7147           -            633   9.7e-07   27.0  23.8   3   3   1.3e-06    0.0001   20.3  20.0   176   334   306   440   299   464 0.77 -
Dbuz12613-RA         -            418 2257at7147           -            633     1e-06   26.9   9.6   1   3   0.00094     0.075   10.9   2.6   285   322   293   328   290   340 0.82 -
Dbuz12613-RA         -            418 2257at7147           -            633     1e-06   26.9   9.6   2   3    0.0038       0.3    8.9   0.7   288   317   324   353   322   355 0.94 -
Dbuz12613-RA         -            418 2257at7147           -            633     1e-06   26.9   9.6   3   3   3.2e-05    0.0026   15.7   1.0   288   341   352   403   350   416 0.84 -
Dbuz04396-RA         -            428 2257at7147           -            633   1.1e-06   26.9  31.8   1   4   8.4e-05    0.0067   14.3   3.0   284   358   159   232   149   234 0.90 -
Dbuz04396-RA         -            428 2257at7147           -            633   1.1e-06   26.9  31.8   2   4     9e-05    0.0072   14.2   1.8   287   337   223   275   218   282 0.87 -
Dbuz04396-RA         -            428 2257at7147           -            633   1.1e-06   26.9  31.8   3   4    0.0056      0.45    8.3   5.4   289   335   257   301   244   314 0.84 -
Dbuz04396-RA         -            428 2257at7147           -            633   1.1e-06   26.9  31.8   4   4     0.027       2.2    6.1  14.6   265   338   319   390   284   407 0.74 -
Dbuz11115-RA         -            577 2257at7147           -            633   1.1e-06   26.8  21.5   1   2       0.8        64    1.2   2.2   243   287   135   177   126   252 0.67 -
Dbuz11115-RA         -            577 2257at7147           -            633   1.1e-06   26.8  21.5   2   2   1.4e-08   1.1e-06   26.8  21.5   144   343   335   543   324   550 0.72 -
Dbuz10774-RA         -            460 2257at7147           -            633   1.2e-06   26.8  15.0   1   1   2.6e-07   2.1e-05   22.6  15.0   146   320   270   426   262   449 0.85 -
Dbuz12499-RA         -            572 2257at7147           -            633   1.3e-06   26.6   9.6   1   2   3.5e-08   2.8e-06   25.5   6.0   288   355   448   513   442   514 0.91 -
Dbuz12499-RA         -            572 2257at7147           -            633   1.3e-06   26.6   9.6   2   2      0.14        12    3.6   0.1   241   276   513   548   506   559 0.82 -
Dbuz09394-RA         -            391 2257at7147           -            633   1.4e-06   26.5  13.9   1   3   1.5e-06   0.00012   20.1   0.2   288   334   118   166   113   169 0.88 -
Dbuz09394-RA         -            391 2257at7147           -            633   1.4e-06   26.5  13.9   2   3     0.028       2.3    6.0   0.2   201   241   168   212   161   221 0.60 -
Dbuz09394-RA         -            391 2257at7147           -            633   1.4e-06   26.5  13.9   3   3    0.0087       0.7    7.7   3.6   287   332   338   381   329   390 0.57 -
Dbuz00244-RA         -            372 2257at7147           -            633   1.4e-06   26.5  23.3   1   2    0.0019      0.15    9.9   7.4   287   334   213   258   204   294 0.83 -
Dbuz00244-RA         -            372 2257at7147           -            633   1.4e-06   26.5  23.3   2   2   3.3e-08   2.7e-06   25.6   3.8   282   346   293   356   276   369 0.79 -
Dbuz12242-RA         -            424 2257at7147           -            633   1.4e-06   26.5  19.7   1   2     4e-06   0.00032   18.7   8.3   209   335   243   359   229   365 0.87 -
Dbuz12242-RA         -            424 2257at7147           -            633   1.4e-06   26.5  19.7   2   2   0.00015     0.012   13.5   3.6   178   218   367   407   361   420 0.92 -
Dbuz01260-RA         -            595 2257at7147           -            633   1.6e-06   26.4  48.6   1   3   0.00085     0.069   11.0  16.9   179   334   283   413   277   414 0.63 -
Dbuz01260-RA         -            595 2257at7147           -            633   1.6e-06   26.4  48.6   2   3   0.00018     0.015   13.2   2.3   288   334   397   441   395   447 0.91 -
Dbuz01260-RA         -            595 2257at7147           -            633   1.6e-06   26.4  48.6   3   3   7.8e-06   0.00063   17.7   9.2   177   268   448   533   440   549 0.88 -
Dbuz10628-RA         -            430 2257at7147           -            633   1.6e-06   26.3  24.3   1   2   0.00015     0.012   13.5   8.7   242   339   236   315   218   322 0.64 -
Dbuz10628-RA         -            430 2257at7147           -            633   1.6e-06   26.3  24.3   2   2   0.00049     0.039   11.8  14.2   241   336   292   397   288   416 0.76 -
Dbuz01305-RA         -            602 2257at7147           -            633     2e-06   26.0  63.0   1   3      0.31        25    2.5  19.7   180   334   181   317   170   326 0.58 -
Dbuz01305-RA         -            602 2257at7147           -            633     2e-06   26.0  63.0   2   3   1.2e-05   0.00098   17.1  20.5   169   338   317   496   310   503 0.79 -
Dbuz01305-RA         -            602 2257at7147           -            633     2e-06   26.0  63.0   3   3   0.00013      0.01   13.7   8.0   181   275   503   589   499   595 0.87 -
Dbuz11571-RA         -            716 2257at7147           -            633   2.1e-06   25.9   5.0   1   3     0.078       6.2    4.5   3.8   181   223    44    85    38    89 0.55 -
Dbuz11571-RA         -            716 2257at7147           -            633   2.1e-06   25.9   5.0   2   3   2.7e-08   2.1e-06   25.9   5.0   200   305    90   197    84   205 0.91 -
Dbuz11571-RA         -            716 2257at7147           -            633   2.1e-06   25.9   5.0   3   3       0.1       8.2    4.1   0.7   281   339   254   317   248   333 0.71 -
Dbuz10722-RA         -            375 2257at7147           -            633   2.6e-06   25.6  18.3   1   4         1        84    0.8   0.9   450   535   112   193    94   212 0.71 -
Dbuz10722-RA         -            375 2257at7147           -            633   2.6e-06   25.6  18.3   2   4    0.0014      0.11   10.3   0.7   285   334   218   265   207   273 0.83 -
Dbuz10722-RA         -            375 2257at7147           -            633   2.6e-06   25.6  18.3   3   4   1.9e-05    0.0015   16.5   0.5   287   316   276   305   265   308 0.91 -
Dbuz10722-RA         -            375 2257at7147           -            633   2.6e-06   25.6  18.3   4   4   0.00077     0.062   11.2   0.6   288   322   305   337   304   357 0.82 -
Dbuz01114-RA         -            435 2257at7147           -            633   3.5e-06   25.2  17.2   1   2   0.00031     0.024   12.5   3.9   284   340   258   312   238   328 0.84 -
Dbuz01114-RA         -            435 2257at7147           -            633   3.5e-06   25.2  17.2   2   2     2e-05    0.0016   16.4   6.3   265   338   328   396   316   410 0.83 -
Dbuz10284-RA         -            678 2257at7147           -            633   4.2e-06   24.9  19.7   1   4    0.0057      0.46    8.3   1.0   133   228   320   421   308   427 0.84 -
Dbuz10284-RA         -            678 2257at7147           -            633   4.2e-06   24.9  19.7   2   4       9.2   7.4e+02   -2.3   0.2   443   461   519   537   467   554 0.73 -
Dbuz10284-RA         -            678 2257at7147           -            633   4.2e-06   24.9  19.7   3   4   9.5e-05    0.0077   14.2   0.9   286   316   594   624   577   626 0.88 -
Dbuz10284-RA         -            678 2257at7147           -            633   4.2e-06   24.9  19.7   4   4     1e-05   0.00082   17.3   1.1   181   232   623   673   622   678 0.90 -
Dbuz08470-RA         -            315 2257at7147           -            633   4.8e-06   24.7   0.4   1   1   1.1e-07   8.6e-06   23.9   0.4   286   343   124   179   107   185 0.91 -
Dbuz11596-RA         -            339 2257at7147           -            633     5e-06   24.7  23.6   1   3   0.00068     0.055   11.3   2.7   172   216   183   226   167   232 0.83 -
Dbuz11596-RA         -            339 2257at7147           -            633     5e-06   24.7  23.6   2   3   1.8e-06   0.00015   19.8   4.2   269   326   232   285   227   295 0.84 -
Dbuz11596-RA         -            339 2257at7147           -            633     5e-06   24.7  23.6   3   3    0.0066      0.53    8.1   2.2   288   335   277   322   276   332 0.88 -
Dbuz11283-RA         -           1341 2257at7147           -            633   5.5e-06   24.5  11.2   1   3   1.1e-05   0.00092   17.2   1.3   285   336   479   530   449   541 0.85 -
Dbuz11283-RA         -           1341 2257at7147           -            633   5.5e-06   24.5  11.2   2   3   0.00033     0.027   12.4   0.8   288   340   542   595   536   605 0.89 -
Dbuz11283-RA         -           1341 2257at7147           -            633   5.5e-06   24.5  11.2   3   3       3.6   2.9e+02   -1.0   0.1   527   581  1034  1088  1030  1113 0.83 -
Dbuz04426-RA         -            809 2257at7147           -            633   6.1e-06   24.4  56.6   1   7    0.0002     0.016   13.1   4.7   285   341   247   303   239   328 0.86 -
Dbuz04426-RA         -            809 2257at7147           -            633   6.1e-06   24.4  56.6   2   7      0.14        12    3.7   0.3   302   343   294   337   293   342 0.79 -
Dbuz04426-RA         -            809 2257at7147           -            633   6.1e-06   24.4  56.6   3   7     0.017       1.4    6.7   2.0   272   317   326   375   320   390 0.75 -
Dbuz04426-RA         -            809 2257at7147           -            633   6.1e-06   24.4  56.6   4   7      0.01       0.8    7.5   1.9   279   334   365   418   356   429 0.79 -
Dbuz04426-RA         -            809 2257at7147           -            633   6.1e-06   24.4  56.6   5   7      0.11         9    4.0   6.5   287   340   401   452   379   456 0.80 -
Dbuz04426-RA         -            809 2257at7147           -            633   6.1e-06   24.4  56.6   6   7       1.2        96    0.6  17.2   146   226   428   502   415   510 0.67 -
Dbuz04426-RA         -            809 2257at7147           -            633   6.1e-06   24.4  56.6   7   7   2.3e-05    0.0018   16.2   6.0   181   261   597   673   580   679 0.86 -
Dbuz03821-RA         -            543 2257at7147           -            633   6.9e-06   24.2  17.2   1   1   2.8e-06   0.00022   19.2  17.2   179   329   248   374   244   384 0.88 -
Dbuz01496-RA         -            476 2257at7147           -            633   7.9e-06   24.0  16.1   1   2   0.00033     0.027   12.4   5.6   241   326   315   381   307   390 0.77 -
Dbuz01496-RA         -            476 2257at7147           -            633   7.9e-06   24.0  16.1   2   2   0.00017     0.014   13.3   3.6   200   259   390   445   382   457 0.89 -
Dbuz00226-RA         -            339 2257at7147           -            633   7.9e-06   24.0  19.9   1   1   2.4e-07   1.9e-05   22.7  19.9   133   311    87   268    74   277 0.75 -
Dbuz09064-RA         -            433 2257at7147           -            633   1.1e-05   23.5  19.9   1   1   2.4e-06   0.00019   19.4  18.1   179   334   118   250   101   265 0.84 -
Dbuz01112-RA         -            405 2257at7147           -            633   1.4e-05   23.2  21.7   1   2   8.3e-07   6.7e-05   21.0   4.6   272   340   208   280   199   292 0.83 -
Dbuz01112-RA         -            405 2257at7147           -            633   1.4e-05   23.2  21.7   2   2   0.00039     0.031   12.1   3.9   180   227   314   361   281   366 0.76 -
Dbuz00605-RA         -            561 2257at7147           -            633   2.6e-05   22.3  39.0   1   4   0.00082     0.066   11.1   8.4   143   263   145   226   113   254 0.62 -
Dbuz00605-RA         -            561 2257at7147           -            633   2.6e-05   22.3  39.0   2   4    0.0014      0.11   10.3   6.8   168   268   281   377   259   389 0.82 -
Dbuz00605-RA         -            561 2257at7147           -            633   2.6e-05   22.3  39.0   3   4   0.00044     0.035   12.0   2.0   287   334   482   527   478   529 0.83 -
Dbuz00605-RA         -            561 2257at7147           -            633   2.6e-05   22.3  39.0   4   4     0.014       1.1    7.0   2.8   288   336   511   557   511   561 0.69 -
Dbuz12638-RA         -            464 2257at7147           -            633   2.8e-05   22.2  37.2   1   2    0.0069      0.55    8.0   0.9   243   272   181   210   171   217 0.88 -
Dbuz12638-RA         -            464 2257at7147           -            633   2.8e-05   22.2  37.2   2   2   9.3e-06   0.00075   17.5  29.5   145   336   240   458   224   464 0.71 -
Dbuz01175-RA         -            428 2257at7147           -            633   3.1e-05   22.0  23.1   1   2   0.00012    0.0095   13.8   9.6   180   260   251   326   245   333 0.81 -
Dbuz01175-RA         -            428 2257at7147           -            633   3.1e-05   22.0  23.1   2   2   0.00011    0.0085   14.0   6.5   174   235   329   389   320   394 0.87 -
Dbuz01437-RA         -            392 2257at7147           -            633   3.3e-05   22.0  32.9   1   3       7.8   6.3e+02   -2.1   0.2   425   473   108   158    89   167 0.71 -
Dbuz01437-RA         -            392 2257at7147           -            633   3.3e-05   22.0  32.9   2   3   5.9e-05    0.0048   14.8   6.9   281   340   170   228   162   233 0.77 -
Dbuz01437-RA         -            392 2257at7147           -            633   3.3e-05   22.0  32.9   3   3   3.2e-06   0.00026   19.0  23.1   163   348   186   351   185   385 0.83 -
Dbuz01495-RA         -            460 2257at7147           -            633   3.3e-05   22.0  19.2   1   3    0.0031      0.25    9.2   4.0   250   334   255   338   252   343 0.74 -
Dbuz01495-RA         -            460 2257at7147           -            633   3.3e-05   22.0  19.2   2   3   0.00036     0.029   12.3   2.1   288   334   322   366   320   373 0.80 -
Dbuz01495-RA         -            460 2257at7147           -            633   3.3e-05   22.0  19.2   3   3   2.5e-05     0.002   16.1   8.1   178   259   346   422   341   430 0.92 -
Dbuz11710-RA         -            381 2257at7147           -            633   4.2e-05   21.6  10.2   1   2   1.1e-06   8.6e-05   20.6   6.8   276   349   176   251   163   252 0.80 -
Dbuz11710-RA         -            381 2257at7147           -            633   4.2e-05   21.6  10.2   2   2     0.011      0.88    7.3   1.2   291   340   224   273   221   287 0.90 -
Dbuz01493-RA         -            323 2257at7147           -            633   4.5e-05   21.5  14.2   1   1   6.9e-07   5.5e-05   21.2  11.8   178   291   189   296   185   305 0.83 -
Dbuz02403-RA         -            403 2257at7147           -            633   4.6e-05   21.5   8.3   1   2   5.7e-07   4.6e-05   21.5   8.3   179   279   220   318   209   324 0.82 -
Dbuz02403-RA         -            403 2257at7147           -            633   4.6e-05   21.5   8.3   2   2       6.5   5.3e+02   -1.8   1.9   360   391   339   370   325   388 0.59 -
Dbuz05504-RA         -            296 2257at7147           -            633     5e-05   21.4  23.8   1   3   0.00062     0.049   11.5   0.1   193   231   136   174   131   181 0.88 -
Dbuz05504-RA         -            296 2257at7147           -            633     5e-05   21.4  23.8   2   3    0.0021      0.17    9.7   9.7   270   336   188   252   177   259 0.85 -
Dbuz05504-RA         -            296 2257at7147           -            633     5e-05   21.4  23.8   3   3    0.0035      0.28    9.0   2.4   201   260   252   279   243   290 0.62 -
Dbuz07874-RA         -            731 2257at7147           -            633   5.2e-05   21.3  39.4   1   5   8.7e-06    0.0007   17.6   1.5   283   334   295   344   287   345 0.91 -
Dbuz07874-RA         -            731 2257at7147           -            633   5.2e-05   21.3  39.4   2   5   0.00048     0.038   11.8   1.9   288   335   328   373   328   379 0.89 -
Dbuz07874-RA         -            731 2257at7147           -            633   5.2e-05   21.3  39.4   3   5   1.3e-05     0.001   17.1   5.0   177   268   379   464   375   465 0.88 -
Dbuz07874-RA         -            731 2257at7147           -            633   5.2e-05   21.3  39.4   4   5     0.042       3.4    5.4   4.0   180   227   438   484   431   502 0.79 -
Dbuz07874-RA         -            731 2257at7147           -            633   5.2e-05   21.3  39.4   5   5      0.22        18    3.0   1.6   180   265   496   575   488   588 0.65 -
Dbuz04423-RA         -            836 2257at7147           -            633   5.3e-05   21.3  57.6   1   5   7.2e-05    0.0057   14.6   2.6   285   340   270   325   262   332 0.92 -
Dbuz04423-RA         -            836 2257at7147           -            633   5.3e-05   21.3  57.6   2   5       0.3        24    2.6  14.3   214   340   338   477   338   480 0.66 -
Dbuz04423-RA         -            836 2257at7147           -            633   5.3e-05   21.3  57.6   3   5      0.43        35    2.1  10.8   175   227   477   528   476   534 0.89 -
Dbuz04423-RA         -            836 2257at7147           -            633   5.3e-05   21.3  57.6   4   5   3.3e-05    0.0026   15.7   5.1   131   227   623   712   596   725 0.78 -
Dbuz04423-RA         -            836 2257at7147           -            633   5.3e-05   21.3  57.6   5   5   0.00097     0.078   10.8   8.6   146   306   637   714   626   812 0.56 -
Dbuz00933-RA         -            330 2257at7147           -            633   5.5e-05   21.2   8.4   1   2   9.4e-05    0.0076   14.2   0.7   178   228   191   240   176   247 0.77 -
Dbuz00933-RA         -            330 2257at7147           -            633   5.5e-05   21.2   8.4   2   2    0.0015      0.12   10.2   2.5   286   334   249   295   237   307 0.78 -
Dbuz03008-RA         -            174 2257at7147           -            633   5.7e-05   21.2   5.9   1   1   9.2e-07   7.4e-05   20.8   5.9   178   259    50   126    41   142 0.87 -
Dbuz01494-RA         -            311 2257at7147           -            633   5.8e-05   21.2  15.1   1   2   0.00024     0.019   12.8   3.7   287   326   190   227   148   239 0.82 -
Dbuz01494-RA         -            311 2257at7147           -            633   5.8e-05   21.2  15.1   2   2   0.00086     0.069   11.0   4.7   201   262   237   293   228   303 0.56 -
Dbuz01115-RA         -            652 2257at7147           -            633   5.8e-05   21.2  29.2   1   4   0.00092     0.074   10.9   1.1   288   318   410   440   405   442 0.93 -
Dbuz01115-RA         -            652 2257at7147           -            633   5.8e-05   21.2  29.2   2   4   0.00061     0.049   11.5   3.0   286   349   436   498   432   527 0.84 -
Dbuz01115-RA         -            652 2257at7147           -            633   5.8e-05   21.2  29.2   3   4     0.084       6.7    4.4   2.3   288   326   530   566   512   585 0.59 -
Dbuz01115-RA         -            652 2257at7147           -            633   5.8e-05   21.2  29.2   4   4     0.013         1    7.1  12.2   253   349   568   646   528   650 0.64 -
Dbuz03042-RA         -            484 2257at7147           -            633   5.8e-05   21.2  23.4   1   1   7.2e-07   5.8e-05   21.2  23.4   149   351   224   431   220   447 0.79 -
Dbuz11636-RA         -            673 2257at7147           -            633   8.2e-05   20.7  34.6   1   3     0.018       1.5    6.6   6.7   190   339   318   389   306   392 0.51 -
Dbuz11636-RA         -            673 2257at7147           -            633   8.2e-05   20.7  34.6   2   3   0.00017     0.014   13.3  15.4   179   264   392   476   389   476 0.87 -
Dbuz11636-RA         -            673 2257at7147           -            633   8.2e-05   20.7  34.6   3   3   0.00013     0.011   13.7   6.3   178   238   451   512   444   519 0.92 -
Dbuz12553-RA         -            319 2257at7147           -            633   8.9e-05   20.5   4.7   1   2   1.1e-06   8.9e-05   20.5   4.7   290   340   242   292   219   304 0.89 -
Dbuz12553-RA         -            319 2257at7147           -            633   8.9e-05   20.5   4.7   2   2     0.024       1.9    6.2   0.9   295   337   277   317   273   319 0.76 -
Dbuz02707-RA         -            430 2257at7147           -            633   9.1e-05   20.5  39.3   1   3    0.0068      0.55    8.0  19.8   208   317    71   187    40   188 0.78 -
Dbuz02707-RA         -            430 2257at7147           -            633   9.1e-05   20.5  39.3   2   3   2.1e-06   0.00017   19.6   9.9   180   264   184   264   181   270 0.91 -
Dbuz02707-RA         -            430 2257at7147           -            633   9.1e-05   20.5  39.3   3   3      0.38        30    2.3   0.0   179   205   268   294   263   298 0.92 -
Dbuz02502-RA         -            541 2257at7147           -            633   9.2e-05   20.5  19.4   1   1   1.4e-06   0.00012   20.2  16.8   208   328   371   501   360   510 0.70 -
Dbuz02496-RA         -            406 2257at7147           -            633   9.2e-05   20.5  17.7   1   2       9.7   7.8e+02   -2.4   0.1   481   522    66   109    59   114 0.71 -
Dbuz02496-RA         -            406 2257at7147           -            633   9.2e-05   20.5  17.7   2   2   1.1e-06   9.2e-05   20.5  17.7   208   326   260   388   246   397 0.75 -
Dbuz07453-RA         -            352 2257at7147           -            633   0.00011   20.3   4.9   1   1   1.3e-06   0.00011   20.3   4.9   273   354   254   335   227   351 0.80 -
Dbuz09849-RA         -            656 2257at7147           -            633   0.00012   20.1  37.1   1   3      0.85        69    1.1   0.5   211   260   323   368   319   375 0.83 -
Dbuz09849-RA         -            656 2257at7147           -            633   0.00012   20.1  37.1   2   3   8.8e-06   0.00071   17.6  12.8   144   266   375   490   371   494 0.80 -
Dbuz09849-RA         -            656 2257at7147           -            633   0.00012   20.1  37.1   3   3    0.0027      0.22    9.4  13.1   148   261   467   578   462   585 0.82 -
Dbuz08338-RA         -            718 2257at7147           -            633   0.00012   20.1   1.6   1   1   1.5e-06   0.00012   20.1   1.6   287   354   420   484   410   509 0.88 -
Dbuz07815-RA         -            439 2257at7147           -            633   0.00014   19.9  23.9   1   4      0.15        12    3.6   4.7   268   322   129   189    64   195 0.63 -
Dbuz07815-RA         -            439 2257at7147           -            633   0.00014   19.9  23.9   2   4   3.5e-05    0.0028   15.6   3.5   287   345   184   239   183   243 0.85 -
Dbuz07815-RA         -            439 2257at7147           -            633   0.00014   19.9  23.9   3   4   6.3e-05    0.0051   14.7   2.9   278   340   232   291   222   301 0.81 -
Dbuz07815-RA         -            439 2257at7147           -            633   0.00014   19.9  23.9   4   4       1.6   1.3e+02    0.2   0.1   287   309   325   347   318   351 0.89 -
Dbuz01113-RA         -            296 2257at7147           -            633   0.00015   19.8  13.4   1   3       3.6   2.9e+02   -1.0   0.1   148   204    54   110    48   120 0.80 -
Dbuz01113-RA         -            296 2257at7147           -            633   0.00015   19.8  13.4   2   3   4.4e-05    0.0035   15.3   1.7   266   331   143   207   132   216 0.78 -
Dbuz01113-RA         -            296 2257at7147           -            633   0.00015   19.8  13.4   3   3   0.00052     0.041   11.7   1.4   177   228   217   267   200   271 0.79 -
Dbuz03754-RA         -            386 2257at7147           -            633   0.00018   19.5  15.6   1   1   3.3e-06   0.00026   19.0  15.6   161   306   220   373   197   380 0.76 -
Dbuz01057-RA         -            687 2257at7147           -            633    0.0002   19.4   7.3   1   2   8.1e-06   0.00065   17.7   1.4   281   335   465   519   440   522 0.85 -
Dbuz01057-RA         -            687 2257at7147           -            633    0.0002   19.4   7.3   2   2     0.023       1.8    6.3   0.8   200   228   519   547   512   553 0.84 -
Dbuz01111-RA         -            588 2257at7147           -            633    0.0002   19.4  24.4   1   3     0.096       7.7    4.2   0.6   429   516   111   199   106   243 0.82 -
Dbuz01111-RA         -            588 2257at7147           -            633    0.0002   19.4  24.4   2   3   2.5e-06    0.0002   19.4  24.4   209   337   345   482   336   492 0.84 -
Dbuz01111-RA         -            588 2257at7147           -            633    0.0002   19.4  24.4   3   3       2.1   1.7e+02   -0.2   7.2   282   346   516   579   497   587 0.69 -
Dbuz11138-RA         -            438 2257at7147           -            633   0.00024   19.1  56.5   1   3   0.00067     0.054   11.4   2.6   285   344    10    67     2    73 0.91 -
Dbuz11138-RA         -            438 2257at7147           -            633   0.00024   19.1  56.5   2   3      0.72        58    1.3  17.7   200   299   145   252   133   258 0.55 -
Dbuz11138-RA         -            438 2257at7147           -            633   0.00024   19.1  56.5   3   3   3.6e-05    0.0029   15.6  20.5   208   328   282   414   277   429 0.76 -
Dbuz01119-RA         -            289 2257at7147           -            633   0.00025   19.0  21.3   1   2     9e-05    0.0072   14.2   6.7   278   318   154   194   123   205 0.84 -
Dbuz01119-RA         -            289 2257at7147           -            633   0.00025   19.0  21.3   2   2    0.0041      0.33    8.8   7.8   274   341   205   272   193   277 0.73 -
Dbuz00786-RA         -           1301 2257at7147           -            633    0.0003   18.8  49.6   1   6    0.0032      0.25    9.1   0.3   288   342   152   203   143   280 0.80 -
Dbuz00786-RA         -           1301 2257at7147           -            633    0.0003   18.8  49.6   2   6      0.64        51    1.5   0.2   288   336   363   409   355   422 0.55 -
Dbuz00786-RA         -           1301 2257at7147           -            633    0.0003   18.8  49.6   3   6      0.03       2.4    5.9   5.1   243   339   444   541   433   550 0.84 -
Dbuz00786-RA         -           1301 2257at7147           -            633    0.0003   18.8  49.6   4   6     0.023       1.9    6.3   6.2   267   309   559   599   554   612 0.85 -
Dbuz00786-RA         -           1301 2257at7147           -            633    0.0003   18.8  49.6   5   6   0.00029     0.024   12.5   0.8   273   332   622   678   612   687 0.77 -
Dbuz00786-RA         -           1301 2257at7147           -            633    0.0003   18.8  49.6   6   6    0.0026       0.2    9.4   0.6   146   212   690   755   679   759 0.86 -
Dbuz04973-RA         -            654 2257at7147           -            633   0.00031   18.7  11.7   1   2   5.8e-05    0.0047   14.9   5.6   264   335   492   566   487   572 0.81 -
Dbuz04973-RA         -            654 2257at7147           -            633   0.00031   18.7  11.7   2   2      0.03       2.4    5.9   0.3   290   309   581   600   574   606 0.85 -
Dbuz12382-RA         -            125 2257at7147           -            633   0.00033   18.6   1.9   1   1   0.00024     0.019   12.8   1.7   276   316    25    64     8    84 0.53 -
Dbuz12670-RA         -            871 2257at7147           -            633   0.00035   18.6   2.5   1   4     0.011      0.86    7.4   1.2   285   334   329   376   309   383 0.80 -
Dbuz12670-RA         -            871 2257at7147           -            633   0.00035   18.6   2.5   2   4   4.3e-06   0.00035   18.6   2.5   284   339   384   437   376   446 0.87 -
Dbuz12670-RA         -            871 2257at7147           -            633   0.00035   18.6   2.5   3   4     0.023       1.9    6.3   1.7   286   335   600   647   591   654 0.84 -
Dbuz12670-RA         -            871 2257at7147           -            633   0.00035   18.6   2.5   4   4    0.0032      0.26    9.1  10.7   282   394   652   772   633   777 0.62 -
Dbuz03270-RA         -            557 2257at7147           -            633   0.00038   18.5   4.3   1   3    0.0059      0.47    8.2   0.2   287   316   174   203   167   205 0.94 -
Dbuz03270-RA         -            557 2257at7147           -            633   0.00038   18.5   4.3   2   3   4.7e-06   0.00038   18.5   4.3   288   336   203   251   202   257 0.93 -
Dbuz03270-RA         -            557 2257at7147           -            633   0.00038   18.5   4.3   3   3       1.6   1.3e+02    0.2   7.6   203   275   253   324   247   334 0.64 -
Dbuz00135-RA         -            301 2257at7147           -            633   0.00049   18.1   1.0   1   2   6.1e-06   0.00049   18.1   1.0   288   337   210   259   202   266 0.91 -
Dbuz00135-RA         -            301 2257at7147           -            633   0.00049   18.1   1.0   2   2      0.53        42    1.8   2.7   193   232   251   290   249   293 0.85 -
Dbuz09077-RA         -           1067 2257at7147           -            633   0.00055   17.9  22.3   1   2   6.8e-06   0.00055   17.9  22.3   162   323   800   956   764   974 0.75 -
Dbuz09077-RA         -           1067 2257at7147           -            633   0.00055   17.9  22.3   2   2       2.2   1.8e+02   -0.3   2.2   141   204   970  1032   963  1044 0.82 -
Dbuz00552-RA         -            577 2257at7147           -            633   0.00058   17.9  38.5   1   2    0.0023      0.19    9.6  23.6   141   335   265   437   253   446 0.82 -
Dbuz00552-RA         -            577 2257at7147           -            633   0.00058   17.9  38.5   2   2   0.00021     0.017   13.0   4.3   286   339   446   497   430   515 0.70 -
Dbuz09881-RA         -            467 2257at7147           -            633   0.00061   17.8  37.0   1   3     0.034       2.7    5.7   1.1   287   340    37    90    23   100 0.87 -
Dbuz09881-RA         -            467 2257at7147           -            633   0.00061   17.8  37.0   2   3   0.00035     0.028   12.3  26.2   142   325    62   255    52   257 0.76 -
Dbuz09881-RA         -            467 2257at7147           -            633   0.00061   17.8  37.0   3   3   0.00037      0.03   12.2   8.3   243   345   215   305   208   355 0.75 -
Dbuz11631-RA         -            445 2257at7147           -            633    0.0009   17.2  35.4   1   3      0.18        14    3.3  18.6   237   339   213   326   147   331 0.72 -
Dbuz11631-RA         -            445 2257at7147           -            633    0.0009   17.2  35.4   2   3    0.0057      0.46    8.3  18.1   177   316   214   362   204   364 0.73 -
Dbuz11631-RA         -            445 2257at7147           -            633    0.0009   17.2  35.4   3   3   7.5e-05     0.006   14.5   4.0   288   350   362   421   360   443 0.84 -
Dbuz02740-RA         -            685 2257at7147           -            633   0.00094   17.2   1.2   1   1   1.2e-05   0.00094   17.2   1.2   286   339   559   610   550   660 0.82 -
Dbuz10285-RA         -            364 2257at7147           -            633     0.001   17.1  12.3   1   3       1.2        97    0.6   0.1   279   309    41    71    22    75 0.75 -
Dbuz10285-RA         -            364 2257at7147           -            633     0.001   17.1  12.3   2   3   7.9e-05    0.0063   14.4   0.5   280   317   258   295   239   301 0.82 -
Dbuz10285-RA         -            364 2257at7147           -            633     0.001   17.1  12.3   3   3    0.0044      0.35    8.7   4.0   288   337   294   341   294   351 0.84 -
Dbuz06650-RA         -            572 2257at7147           -            633     0.001   17.0  26.6   1   3      0.11       8.5    4.1   0.1   282   308   293   319   277   321 0.85 -
Dbuz06650-RA         -            572 2257at7147           -            633     0.001   17.0  26.6   2   3     0.043       3.4    5.4  15.2   201   319   320   454   298   464 0.66 -
Dbuz06650-RA         -            572 2257at7147           -            633     0.001   17.0  26.6   3   3   0.00021     0.017   13.0   3.9   270   340   463   529   455   543 0.84 -
Dbuz01506-RA         -            440 2257at7147           -            633    0.0012   16.8  13.0   1   2   3.8e-05    0.0031   15.5   0.7   283   334   295   344   287   351 0.91 -
Dbuz01506-RA         -            440 2257at7147           -            633    0.0012   16.8  13.0   2   2    0.0064      0.51    8.1   2.3   288   336   356   402   352   413 0.86 -
Dbuz07746-RA         -            163 2257at7147           -            633    0.0012   16.8  14.4   1   2     0.014       1.1    7.0   0.5   312   336     5    29     2    37 0.86 -
Dbuz07746-RA         -            163 2257at7147           -            633    0.0012   16.8  14.4   2   2   0.00015     0.012   13.5   7.6   181   266    44   125    39   157 0.79 -
Dbuz11632-RA         -            237 2257at7147           -            633    0.0014   16.6   9.3   1   1   2.7e-05    0.0022   16.0   9.3   175   266   115   201    96   210 0.86 -
Dbuz07732-RA         -            522 2257at7147           -            633    0.0017   16.3   0.5   1   4      0.13        11    3.8   5.3   273   329    76   134    70   152 0.77 -
Dbuz07732-RA         -            522 2257at7147           -            633    0.0017   16.3   0.5   2   4   2.1e-05    0.0017   16.3   0.5   282   325   193   234   185   237 0.84 -
Dbuz07732-RA         -            522 2257at7147           -            633    0.0017   16.3   0.5   3   4    0.0078      0.62    7.8   2.7   180   228   225   272   224   289 0.75 -
Dbuz07732-RA         -            522 2257at7147           -            633    0.0017   16.3   0.5   4   4       0.6        49    1.6  16.8   209   334   392   512   386   519 0.72 -
Dbuz01623-RA         -            222 2257at7147           -            633    0.0019   16.2   2.3   1   2   2.4e-05    0.0019   16.2   2.3   287   336   138   185   135   190 0.91 -
Dbuz01623-RA         -            222 2257at7147           -            633    0.0019   16.2   2.3   2   2    0.0022      0.17    9.7   1.7   180   220   165   204   165   217 0.77 -
Dbuz01116-RA         -            377 2257at7147           -            633    0.0026   15.7   2.6   1   2   3.3e-05    0.0026   15.7   2.6   287   334   231   276   219   283 0.81 -
Dbuz01116-RA         -            377 2257at7147           -            633    0.0026   15.7   2.6   2   2      0.69        56    1.4   0.1   178   200   326   348   278   359 0.74 -
Dbuz04862-RA         -           1195 2257at7147           -            633    0.0034   15.3  10.3   1   1   0.00018     0.014   13.2  10.3   148   261  1054  1156  1046  1170 0.79 -
Dbuz00144-RA         -            980 2257at7147           -            633    0.0038   15.2  59.1   1   4       7.8   6.3e+02   -2.1   0.3   285   327   448   494   423   509 0.74 -
Dbuz00144-RA         -            980 2257at7147           -            633    0.0038   15.2  59.1   2   4       1.5   1.2e+02    0.3   0.2   242   262   661   681   612   686 0.72 -
Dbuz00144-RA         -            980 2257at7147           -            633    0.0038   15.2  59.1   3   4    0.0011     0.089   10.6  27.3   174   336   682   854   659   869 0.75 -
Dbuz00144-RA         -            980 2257at7147           -            633    0.0038   15.2  59.1   4   4   0.00098     0.079   10.8  19.5   158   265   876   972   857   976 0.78 -
Dbuz02228-RA         -            471 2257at7147           -            633    0.0038   15.1   1.3   1   2   4.8e-05    0.0038   15.1   1.3   280   334   278   333   258   339 0.79 -
Dbuz02228-RA         -            471 2257at7147           -            633    0.0038   15.1   1.3   2   2     0.016       1.3    6.8   0.7   200   227   334   361   325   376 0.81 -
Dbuz01120-RA         -            449 2257at7147           -            633     0.004   15.1  18.8   1   1   0.00054     0.044   11.7  18.8   242   355   324   446   282   449 0.72 -
Dbuz02157-RA         -            324 2257at7147           -            633    0.0081   14.1  15.9   1   2    0.0066      0.53    8.1   5.2   287   340   169   224   144   234 0.81 -
Dbuz02157-RA         -            324 2257at7147           -            633    0.0081   14.1  15.9   2   2   0.00094     0.076   10.9  15.8   210   347   169   316   165   320 0.76 -
Dbuz08993-RA         -            621 2257at7147           -            633    0.0091   13.9  30.7   1   4     0.011      0.88    7.3   9.1   242   346   260   360   241   367 0.78 -
Dbuz08993-RA         -            621 2257at7147           -            633    0.0091   13.9  30.7   2   4      0.28        23    2.7   4.9   269   334   343   408   340   415 0.68 -
Dbuz08993-RA         -            621 2257at7147           -            633    0.0091   13.9  30.7   3   4      0.16        13    3.5  15.9   178   339   415   496   359   498 0.54 -
Dbuz08993-RA         -            621 2257at7147           -            633    0.0091   13.9  30.7   4   4   0.00012    0.0096   13.8   5.4   179   270   416   502   413   541 0.81 -
Dbuz10238-RA         -            341 2257at7147           -            633    0.0095   13.8   0.1   1   2   0.00012    0.0095   13.8   0.1   290   347    50   106    35   113 0.89 -
Dbuz10238-RA         -            341 2257at7147           -            633    0.0095   13.8   0.1   2   2       9.3   7.4e+02   -2.3   3.4   366   400   200   234   181   241 0.49 -
Dbuz10028-RA         -            393 2257at7147           -            633      0.01   13.7   6.7   1   1   0.00064     0.052   11.4   6.7   281   371   185   272   181   307 0.57 -
Dbuz06569-RA         -            590 2257at7147           -            633     0.013   13.4  42.9   1   2       1.1        84    0.8  26.3   127   342   224   444   202   452 0.72 -
Dbuz06569-RA         -            590 2257at7147           -            633     0.013   13.4  42.9   2   2     6e-05    0.0048   14.8  16.4   181   353   389   543   383   588 0.65 -
Dbuz06060-RA         -            569 2257at7147           -            633     0.013   13.4  12.2   1   1   0.00038     0.031   12.2  11.4   139   235   439   531   423   539 0.86 -
Dbuz05646-RA         -            550 2257at7147           -            633     0.015   13.2   0.4   1   2   0.00019     0.015   13.2   0.4   288   317   437   466   430   489 0.91 -
Dbuz05646-RA         -            550 2257at7147           -            633     0.015   13.2   0.4   2   2      0.28        22    2.7   0.2   207   227   503   523   495   537 0.82 -
Dbuz10978-RA         -            342 2257at7147           -            633      0.04   11.8   0.6   1   1   0.00064     0.051   11.4   0.6   207   271    49   111    17   129 0.81 -
Dbuz10975-RA         -            118 2257at7147           -            633     0.043   11.7   2.2   1   1   0.00059     0.047   11.5   2.2   283   339    39    94    13   102 0.83 -
Dbuz07256-RA         -           1077 2257at7147           -            633     0.044   11.6   9.1   1   2     0.096       7.7    4.2   2.2   286   330   200   244   195   253 0.87 -
Dbuz07256-RA         -           1077 2257at7147           -            633     0.044   11.6   9.1   2   2   0.00075      0.06   11.2   0.6   286   334   794   842   785   857 0.88 -
Dbuz00229-RA         -            446 2257at7147           -            633     0.048   11.5  24.4   1   2     0.039       3.1    5.5   2.1   267   335   257   320   249   324 0.84 -
Dbuz00229-RA         -            446 2257at7147           -            633     0.048   11.5  24.4   2   2    0.0043      0.35    8.7  14.5   146   262   329   440   320   444 0.79 -
Dbuz03004-RA         -             81 2257at7147           -            633     0.063   11.1   6.8   1   1    0.0014      0.11   10.3   6.8   180   233    26    79     9    81 0.88 -
Dbuz01812-RA         -           1148 2257at7147           -            633     0.079   10.8   5.7   1   1    0.0028      0.22    9.3   5.7   148   221   532   604   519   619 0.74 -
Dbuz08851-RA         -            669 2257at7147           -            633      0.17    9.7  38.3   1   2     0.087         7    4.4   4.7   254   336   318   396   308   405 0.86 -
Dbuz08851-RA         -            669 2257at7147           -            633      0.17    9.7  38.3   2   2     0.032       2.6    5.8  25.7   169   348   434   624   406   667 0.67 -
Dbuz11630-RA         -            187 2257at7147           -            633       0.2    9.4  13.9   1   2   0.00031     0.025   12.4   6.7   288   351    62   123    30   129 0.81 -
Dbuz11630-RA         -            187 2257at7147           -            633       0.2    9.4  13.9   2   2      0.92        74    1.0   2.7   179   229   119   168   115   184 0.76 -
Dbuz09300-RA         -            619 2257at7147           -            633      0.43    8.4  28.9   1   3     0.009      0.72    7.6   3.6   282   317   335   370   299   376 0.68 -
Dbuz09300-RA         -            619 2257at7147           -            633      0.43    8.4  28.9   2   3    0.0026      0.21    9.4   0.7   180   318   339   371   333   388 0.59 -
Dbuz09300-RA         -            619 2257at7147           -            633      0.43    8.4  28.9   3   3    0.0011     0.091   10.6   7.3   178   238   393   452   381   478 0.84 -
Dbuz10735-RA         -            353 2257at7147           -            633      0.79    7.5  28.8   1   3       1.5   1.2e+02    0.3   6.8   208   268    34    92    21   115 0.86 -
Dbuz10735-RA         -            353 2257at7147           -            633      0.79    7.5  28.8   2   3     0.023       1.8    6.3   1.6   236   269   236   269   211   271 0.77 -
Dbuz10735-RA         -            353 2257at7147           -            633      0.79    7.5  28.8   3   3   0.00048     0.038   11.8   7.4   175   265   265   350   259   352 0.89 -
Dbuz00252-RA         -            659 2257at7147           -            633       1.5    6.6   9.8   1   2       6.1   4.9e+02   -1.7   1.1   362   395   162   198   141   204 0.51 -
Dbuz00252-RA         -            659 2257at7147           -            633       1.5    6.6   9.8   2   2    0.0005      0.04   11.8   2.0   203   265   518   578   511   599 0.75 -
Dbuz10237-RA         -            396 2257at7147           -            633         2    6.1  11.4   1   2       4.5   3.6e+02   -1.3   1.8   367   383    51    67    22   108 0.55 -
Dbuz10237-RA         -            396 2257at7147           -            633         2    6.1  11.4   2   2   0.00043     0.035   12.0   2.3   285   338   298   351   258   367 0.84 -
Dbuz00752-RA         -            798 2257at7147           -            633       3.1    5.5  30.0   1   3    0.0044      0.36    8.6   3.2   287   334    23    71    17    73 0.86 -
Dbuz00752-RA         -            798 2257at7147           -            633       3.1    5.5  30.0   2   3    0.0022      0.18    9.6   5.4   285   340    52   105    32   151 0.66 -
Dbuz00752-RA         -            798 2257at7147           -            633       3.1    5.5  30.0   3   3     0.002      0.16    9.8   5.5   268   324   722   775   713   795 0.83 -
Dbuz08990-RA         -            732 2257at7147           -            633       3.3    5.4  23.7   1   2   0.00091     0.073   10.9   3.3   209   266   565   617   562   621 0.89 -
Dbuz08990-RA         -            732 2257at7147           -            633       3.3    5.4  23.7   2   2    0.0018      0.14   10.0   1.6   180   229   621   669   617   677 0.92 -
#
# Program:         hmmsearch
# Version:         3.1b2 (February 2015)
# Pipeline mode:   SEARCH
# Query file:      /home/nmoreyra/Documents/Genomics/03_orthologs_search/00_Phylogenomics_BUSCO-groups/busco4_odb10/busco_downloads/lineages/diptera_odb10/hmms/2257at7147.hmm
# Target file:     /home/nmoreyra/Documents/Genomics/03_orthologs_search/00_Phylogenomics_BUSCO-groups/busco4_odb10/../00_proteins/Dbuz_proteins.fasta
# Option settings: /home/nmoreyra/Software/miniconda3/envs/busco4/bin/hmmsearch --domtblout /home/nmoreyra/Documents/Genomics/03_orthologs_search/00_Phylogenomics_BUSCO-groups/busco4_odb10/Dbuz_diptera/run_diptera_odb10/hmmer_output/initial_run_results/2257at7147.out --cpu 1 /home/nmoreyra/Documents/Genomics/03_orthologs_search/00_Phylogenomics_BUSCO-groups/busco4_odb10/busco_downloads/lineages/diptera_odb10/hmms/2257at7147.hmm /home/nmoreyra/Documents/Genomics/03_orthologs_search/00_Phylogenomics_BUSCO-groups/busco4_odb10/../00_proteins/Dbuz_proteins.fasta 
# Current dir:     /home/nmoreyra/Documents/Genomics/03_orthologs_search/00_Phylogenomics_BUSCO-groups/busco4_odb10
# Date:            Mon Jan 25 13:16:43 2021
# [ok]
