#                                                                            --- full sequence --- -------------- this domain -------------   hmm coord   ali coord   env coord
# target name        accession   tlen query name           accession   qlen   E-value  score  bias   #  of  c-Evalue  i-Evalue  score  bias  from    to  from    to  from    to  acc description of target
#------------------- ---------- ----- -------------------- ---------- ----- --------- ------ ----- --- --- --------- --------- ------ ----- ----- ----- ----- ----- ----- ----- ---- ---------------------
Dbuz00929-RA         -            677 22962at7147          -            559  6.2e-297  985.1  18.8   1   2  1.1e-210  2.3e-208  692.7   3.2     2   365    39   431    38   437 0.93 -
Dbuz00929-RA         -            677 22962at7147          -            559  6.2e-297  985.1  18.8   2   2     1e-89   2.1e-87  293.4   7.8   361   559   449   677   442   677 0.89 -
Dbuz01123-RA         -            675 22962at7147          -            559   3.8e-93  312.4   0.0   1   2   3.1e-79   6.7e-77  258.8   0.0    23   345    34   370    20   387 0.89 -
Dbuz01123-RA         -            675 22962at7147          -            559   3.8e-93  312.4   0.0   2   2   1.9e-16     4e-14   51.5   0.0   447   557   561   675   540   675 0.90 -
Dbuz11292-RA         -            614 22962at7147          -            559   2.1e-78  263.7  17.3   1   6   3.3e-22   7.1e-20   70.5   0.6    27   212    52   230    34   231 0.92 -
Dbuz11292-RA         -            614 22962at7147          -            559   2.1e-78  263.7  17.3   2   6   4.1e-20   8.8e-18   63.6   0.1    74   216   222   366   219   367 0.93 -
Dbuz11292-RA         -            614 22962at7147          -            559   2.1e-78  263.7  17.3   3   6   8.4e-13   1.8e-10   39.5   0.0    74   188   288   404   284   405 0.82 -
Dbuz11292-RA         -            614 22962at7147          -            559   2.1e-78  263.7  17.3   4   6   1.7e-10   3.6e-08   31.9   0.1   117   215   364   464   354   466 0.88 -
Dbuz11292-RA         -            614 22962at7147          -            559   2.1e-78  263.7  17.3   5   6   4.3e-16   9.1e-14   50.3   0.2    71   202   384   517   377   518 0.91 -
Dbuz11292-RA         -            614 22962at7147          -            559   2.1e-78  263.7  17.3   6   6   7.3e-18   1.5e-15   56.2   0.0    74   221   453   602   452   612 0.94 -
Dbuz01056-RA         -           3798 22962at7147          -            559     2e-75  253.9   3.9   1   6   1.1e-23   2.3e-21   75.4   0.1    25   195   609   774   593   777 0.92 -
Dbuz01056-RA         -           3798 22962at7147          -            559     2e-75  253.9   3.9   2   6   4.8e-13     1e-10   40.3   0.0    71   194   780   906   774   911 0.90 -
Dbuz01056-RA         -           3798 22962at7147          -            559     2e-75  253.9   3.9   3   6     3e-16   6.3e-14   50.9   0.0    73   219   912  1061   908  1070 0.90 -
Dbuz01056-RA         -           3798 22962at7147          -            559     2e-75  253.9   3.9   4   6   1.4e-08     3e-06   25.5   0.0    10   132  2292  2407  2287  2414 0.84 -
Dbuz01056-RA         -           3798 22962at7147          -            559     2e-75  253.9   3.9   5   6   6.5e-15   1.4e-12   46.4   0.0    73   203  2416  2551  2408  2552 0.91 -
Dbuz01056-RA         -           3798 22962at7147          -            559     2e-75  253.9   3.9   6   6     0.001      0.21    9.5   0.0    72   127  2550  2605  2544  2613 0.88 -
Dbuz03528-RA         -           4087 22962at7147          -            559     1e-64  218.5  10.7   1   5   4.6e-11   9.9e-09   33.7   0.4    15   221   193   388   179   391 0.83 -
Dbuz03528-RA         -           4087 22962at7147          -            559     1e-64  218.5  10.7   2   5   1.3e-18   2.9e-16   58.6   0.1    28   212   367   544   363   544 0.93 -
Dbuz03528-RA         -           4087 22962at7147          -            559     1e-64  218.5  10.7   3   5   1.2e-20   2.5e-18   65.4   0.0    74   217   536   681   532   688 0.93 -
Dbuz03528-RA         -           4087 22962at7147          -            559     1e-64  218.5  10.7   4   5   4.8e-13     1e-10   40.3   0.0    73   199   700   828   692   832 0.91 -
Dbuz03528-RA         -           4087 22962at7147          -            559     1e-64  218.5  10.7   5   5   2.1e-11   4.4e-09   34.9   0.1    74   176   833   937   825   942 0.93 -
Dbuz04605-RA         -           1640 22962at7147          -            559   2.7e-57  194.0  10.2   1   8    0.0013      0.28    9.1   0.0   155   198    41    85    21    98 0.85 -
Dbuz04605-RA         -           1640 22962at7147          -            559   2.7e-57  194.0  10.2   2   8   4.5e-09   9.7e-07   27.1   0.1    75   217   131   278   122   290 0.87 -
Dbuz04605-RA         -           1640 22962at7147          -            559   2.7e-57  194.0  10.2   3   8    0.0047         1    7.3   0.0   445   500   302   357   284   385 0.76 -
Dbuz04605-RA         -           1640 22962at7147          -            559   2.7e-57  194.0  10.2   4   8     1e-05    0.0022   16.1   0.0    71   147   396   470   390   472 0.89 -
Dbuz04605-RA         -           1640 22962at7147          -            559   2.7e-57  194.0  10.2   5   8     0.035       7.4    4.4   0.1    97   132   465   509   461   518 0.76 -
Dbuz04605-RA         -           1640 22962at7147          -            559   2.7e-57  194.0  10.2   6   8   6.8e-07   0.00014   20.0   0.2    93   190   543   642   509   652 0.73 -
Dbuz04605-RA         -           1640 22962at7147          -            559   2.7e-57  194.0  10.2   7   8   2.9e-12   6.1e-10   37.7   0.3    73   225   656   814   652   819 0.90 -
Dbuz04605-RA         -           1640 22962at7147          -            559   2.7e-57  194.0  10.2   8   8   3.7e-22   7.8e-20   70.4   0.0    27   260   821  1064   816  1107 0.82 -
Dbuz06155-RA         -            740 22962at7147          -            559   4.5e-56  190.0   6.4   1   2   1.5e-44   3.1e-42  144.3   1.6    31   399   140   520   133   568 0.78 -
Dbuz06155-RA         -            740 22962at7147          -            559   4.5e-56  190.0   6.4   2   2   2.7e-15   5.7e-13   47.7   0.2   414   558   579   734   564   735 0.76 -
Dbuz01434-RA         -           1195 22962at7147          -            559   2.7e-55  187.4   2.3   1   5   2.3e-11     5e-09   34.7   0.0    33   176    24   161     6   170 0.81 -
Dbuz01434-RA         -           1195 22962at7147          -            559   2.7e-55  187.4   2.3   2   5   7.6e-14   1.6e-11   42.9   0.0    93   212   196   317   177   343 0.74 -
Dbuz01434-RA         -           1195 22962at7147          -            559   2.7e-55  187.4   2.3   3   5   7.1e-05     0.015   13.3   0.1    79   209   341   474   333   495 0.74 -
Dbuz01434-RA         -           1195 22962at7147          -            559   2.7e-55  187.4   2.3   4   5   1.1e-15   2.3e-13   49.0   0.0    76   203   492   624   480   643 0.83 -
Dbuz01434-RA         -           1195 22962at7147          -            559   2.7e-55  187.4   2.3   5   5     6e-14   1.3e-11   43.3   0.1    75   211   646   785   625   823 0.84 -
Dbuz00668-RA         -           2151 22962at7147          -            559   2.2e-51  174.6   2.3   1   4         4   8.5e+02   -2.4   0.0   451   494  1172  1220  1161  1256 0.71 -
Dbuz00668-RA         -           2151 22962at7147          -            559   2.2e-51  174.6   2.3   2   4   1.5e-17   3.1e-15   55.2   0.0    28   219  1301  1501  1287  1503 0.85 -
Dbuz00668-RA         -           2151 22962at7147          -            559   2.2e-51  174.6   2.3   3   4   1.6e-23   3.5e-21   74.8   0.0    10   223  1464  1671  1460  1677 0.87 -
Dbuz00668-RA         -           2151 22962at7147          -            559   2.2e-51  174.6   2.3   4   4   6.8e-14   1.4e-11   43.1   0.2    65   218  1676  1832  1671  1853 0.87 -
Dbuz07990-RA         -           1697 22962at7147          -            559   1.4e-35  122.3   2.4   1   4   1.2e-16   2.5e-14   52.2   0.0    74   223   264   415   241   423 0.81 -
Dbuz07990-RA         -           1697 22962at7147          -            559   1.4e-35  122.3   2.4   2   4     3e-14   6.4e-12   44.2   0.1    69   219   359   510   350   517 0.86 -
Dbuz07990-RA         -           1697 22962at7147          -            559   1.4e-35  122.3   2.4   3   4   4.2e-14   8.8e-12   43.8   0.1    30   202   394   559   392   567 0.91 -
Dbuz07990-RA         -           1697 22962at7147          -            559   1.4e-35  122.3   2.4   4   4    0.0025      0.53    8.2   0.0   451   511   571   634   564   642 0.85 -
Dbuz02972-RA         -            952 22962at7147          -            559   1.7e-26   92.3   3.7   1   2   8.4e-17   1.8e-14   52.7   0.1    64   221    90   250    80   255 0.83 -
Dbuz02972-RA         -            952 22962at7147          -            559   1.7e-26   92.3   3.7   2   2   5.6e-15   1.2e-12   46.7   1.6    74   212   233   376   231   383 0.88 -
Dbuz09019-RA         -            314 22962at7147          -            559   1.2e-22   79.7   0.1   1   2   1.2e-13   2.7e-11   42.2   0.0    68   190    39   164    27   167 0.85 -
Dbuz09019-RA         -            314 22962at7147          -            559   1.2e-22   79.7   0.1   2   2   2.8e-11   5.9e-09   34.5   0.1    28   179   140   283   139   304 0.78 -
Dbuz12088-RA         -           1071 22962at7147          -            559   3.3e-22   78.2   2.1   1   3   4.4e-12   9.3e-10   37.1   0.1   135   200   460   529   430   545 0.74 -
Dbuz12088-RA         -           1071 22962at7147          -            559   3.3e-22   78.2   2.1   2   3   4.5e-05    0.0096   13.9   0.1   154   214   548   609   536   614 0.89 -
Dbuz12088-RA         -           1071 22962at7147          -            559   3.3e-22   78.2   2.1   3   3   1.5e-08   3.2e-06   25.4   0.0    16   109   616   702   610   712 0.86 -
Dbuz05060-RA         -           1204 22962at7147          -            559   5.8e-22   77.4   3.0   1   3   1.1e-13   2.3e-11   42.4   0.1    74   217   550   695   539   706 0.93 -
Dbuz05060-RA         -           1204 22962at7147          -            559   5.8e-22   77.4   3.0   2   3     2e-11   4.3e-09   34.9   0.1   102   188   713   802   708   811 0.91 -
Dbuz05060-RA         -           1204 22962at7147          -            559   5.8e-22   77.4   3.0   3   3       9.8   2.1e+03   -3.7   0.0   456   511   829   851   816   864 0.52 -
Dbuz03646-RA         -           1112 22962at7147          -            559   1.2e-21   76.3   0.1   1   2     3e-16   6.4e-14   50.9   0.2    76   179    50   155    35   179 0.91 -
Dbuz03646-RA         -           1112 22962at7147          -            559   1.2e-21   76.3   0.1   2   2   7.2e-08   1.5e-05   23.2   0.0    72   142   206   276   181   295 0.87 -
Dbuz03941-RA         -           1015 22962at7147          -            559   5.2e-21   74.3   3.3   1   2   6.5e-08   1.4e-05   23.3   0.6    73   190   167   288   162   298 0.79 -
Dbuz03941-RA         -           1015 22962at7147          -            559   5.2e-21   74.3   3.3   2   2   2.3e-17   4.9e-15   54.5   0.2    29   212   266   449   264   465 0.90 -
Dbuz03134-RA         -           1102 22962at7147          -            559   1.8e-20   72.5  15.1   1  10   0.00026     0.056   11.4   0.2    98   150   256   309   222   338 0.84 -
Dbuz03134-RA         -           1102 22962at7147          -            559   1.8e-20   72.5  15.1   2  10    0.0014      0.29    9.1   0.3   422   510   331   414   314   428 0.72 -
Dbuz03134-RA         -           1102 22962at7147          -            559   1.8e-20   72.5  15.1   3  10     0.014         3    5.7   0.1   451   507   387   446   379   473 0.79 -
Dbuz03134-RA         -           1102 22962at7147          -            559   1.8e-20   72.5  15.1   4  10   2.3e-05    0.0048   14.9   0.1    74   178   482   596   450   611 0.72 -
Dbuz03134-RA         -           1102 22962at7147          -            559   1.8e-20   72.5  15.1   5  10      0.17        35    2.2   0.0    74   131   604   661   596   699 0.78 -
Dbuz03134-RA         -           1102 22962at7147          -            559   1.8e-20   72.5  15.1   6  10   5.6e-06    0.0012   17.0   0.0    74   206   637   788   622   819 0.65 -
Dbuz03134-RA         -           1102 22962at7147          -            559   1.8e-20   72.5  15.1   7  10   5.9e-06    0.0012   16.9   0.1    52   196   695   845   666   868 0.64 -
Dbuz03134-RA         -           1102 22962at7147          -            559   1.8e-20   72.5  15.1   8  10   0.00021     0.045   11.7   0.0   452   511   831   892   823   904 0.85 -
Dbuz03134-RA         -           1102 22962at7147          -            559   1.8e-20   72.5  15.1   9  10   7.9e-06    0.0017   16.5   0.2   152   218   869   935   859   950 0.89 -
Dbuz03134-RA         -           1102 22962at7147          -            559   1.8e-20   72.5  15.1  10  10     0.044       9.4    4.1   0.0    28   102   951  1022   935  1030 0.79 -
Dbuz01193-RA         -           1486 22962at7147          -            559   4.5e-19   67.8   0.0   1   2     8e-11   1.7e-08   32.9   0.0    44   147   108   209    72   214 0.81 -
Dbuz01193-RA         -           1486 22962at7147          -            559   4.5e-19   67.8   0.0   2   2     1e-10   2.2e-08   32.6   0.0    22   200   274   462   256   469 0.86 -
Dbuz07225-RA         -           1375 22962at7147          -            559   6.6e-19   67.3   0.0   1   3   3.6e-06   0.00077   17.6   0.1    76   144   849   917   835   934 0.80 -
Dbuz07225-RA         -           1375 22962at7147          -            559   6.6e-19   67.3   0.0   2   3   0.00081      0.17    9.8   0.0   152   498  1008  1051   991  1059 0.60 -
Dbuz07225-RA         -           1375 22962at7147          -            559   6.6e-19   67.3   0.0   3   3   1.7e-11   3.7e-09   35.1   0.0    73   194  1060  1183  1052  1190 0.93 -
Dbuz05349-RA         -            614 22962at7147          -            559   2.4e-17   62.2   0.1   1   4         2   4.2e+02   -1.4   0.0    95   127    29    62     9    69 0.66 -
Dbuz05349-RA         -            614 22962at7147          -            559   2.4e-17   62.2   0.1   2   4   7.9e-11   1.7e-08   33.0   0.0   106   194   160   249   153   258 0.92 -
Dbuz05349-RA         -            614 22962at7147          -            559   2.4e-17   62.2   0.1   3   4   1.1e-07   2.3e-05   22.6   0.0    72   196   257   381   248   422 0.90 -
Dbuz05349-RA         -            614 22962at7147          -            559   2.4e-17   62.2   0.1   4   4      0.19        41    2.0   0.0   169   196   441   468   432   498 0.71 -
Dbuz04184-RA         -           1333 22962at7147          -            559   5.2e-16   57.7   0.5   1   3    0.0098       2.1    6.2   0.1   161   228   188   255   178   319 0.86 -
Dbuz04184-RA         -           1333 22962at7147          -            559   5.2e-16   57.7   0.5   2   3   1.3e-09   2.7e-07   29.0   0.0    73   208   369   511   326   518 0.66 -
Dbuz04184-RA         -           1333 22962at7147          -            559   5.2e-16   57.7   0.5   3   3   1.7e-05    0.0036   15.4   0.0    24   192   540   704   523   711 0.69 -
Dbuz00286-RA         -            881 22962at7147          -            559   8.9e-14   50.4   0.1   1   2   7.4e-11   1.6e-08   33.1   0.0    96   219    40   168    35   189 0.83 -
Dbuz00286-RA         -            881 22962at7147          -            559   8.9e-14   50.4   0.1   2   2   2.1e-05    0.0044   15.1   0.0    69   142   206   278   190   288 0.89 -
Dbuz09113-RA         -            937 22962at7147          -            559   1.5e-13   49.6   1.5   1   3     0.093        20    3.0   0.0    68   139   208   278   203   279 0.78 -
Dbuz09113-RA         -            937 22962at7147          -            559   1.5e-13   49.6   1.5   2   3     5e-13   1.1e-10   40.2   0.4    69   210   274   412   266   415 0.90 -
Dbuz09113-RA         -            937 22962at7147          -            559   1.5e-13   49.6   1.5   3   3    0.0052       1.1    7.1   0.0    76   108   408   440   405   446 0.86 -
Dbuz05071-RA         -            639 22962at7147          -            559   5.8e-13   47.7   0.0   1   2   3.4e-14   7.2e-12   44.1   0.0    63   211    69   222    58   229 0.89 -
Dbuz05071-RA         -            639 22962at7147          -            559   5.8e-13   47.7   0.0   2   2      0.31        65    1.3   0.0   486   515   228   257   224   264 0.86 -
Dbuz08148-RA         -           1294 22962at7147          -            559   9.3e-13   47.0   5.5   1   2     9e-13   1.9e-10   39.4   1.9    33   213   744   932   719   941 0.78 -
Dbuz08148-RA         -           1294 22962at7147          -            559   9.3e-13   47.0   5.5   2   2   1.7e-06   0.00037   18.6   0.1   452   514   901   963   894   969 0.93 -
Dbuz07800-RA         -            552 22962at7147          -            559     2e-12   45.9   0.0   1   1   1.4e-14   3.1e-12   45.3   0.0    67   218    83   238    57   251 0.84 -
Dbuz03464-RA         -            654 22962at7147          -            559   1.9e-11   42.7   0.0   1   3   0.00051      0.11   10.5   0.0    77   132   129   184   124   189 0.86 -
Dbuz03464-RA         -            654 22962at7147          -            559   1.9e-11   42.7   0.0   2   3   3.6e-07   7.7e-05   20.9   0.1    73   138   158   223   141   229 0.81 -
Dbuz03464-RA         -            654 22962at7147          -            559   1.9e-11   42.7   0.0   3   3   2.1e-06   0.00044   18.4   0.0    73   136   286   349   253   366 0.69 -
Dbuz07310-RA         -           2142 22962at7147          -            559   2.7e-11   42.2   1.4   1   2   0.00032     0.067   11.2   0.1   149   200  1819  1871  1798  1874 0.83 -
Dbuz07310-RA         -           2142 22962at7147          -            559   2.7e-11   42.2   1.4   2   2   1.1e-09   2.3e-07   29.2   0.1    73   195  1874  1999  1868  2006 0.85 -
Dbuz05818-RA         -            908 22962at7147          -            559   3.5e-11   41.8   0.1   1   1   2.6e-13   5.6e-11   41.1   0.1    71   130   736   795   716   802 0.91 -
Dbuz07819-RA         -            544 22962at7147          -            559     1e-10   40.3   0.6   1   3    0.0025      0.52    8.2   0.0    54   122   258   330   229   333 0.73 -
Dbuz07819-RA         -            544 22962at7147          -            559     1e-10   40.3   0.6   2   3   3.4e-06   0.00073   17.7   0.0   168   244   312   387   303   398 0.83 -
Dbuz07819-RA         -            544 22962at7147          -            559     1e-10   40.3   0.6   3   3   2.2e-05    0.0046   15.0   0.1   129   193   400   467   395   499 0.73 -
Dbuz02529-RA         -            346 22962at7147          -            559   1.3e-10   40.0   0.1   1   1   8.4e-13   1.8e-10   39.5   0.1    75   237   168   335   164   339 0.86 -
Dbuz10781-RA         -            247 22962at7147          -            559   2.7e-10   38.9   0.0   1   1   1.6e-12   3.5e-10   38.5   0.0    68   191   109   233    83   241 0.88 -
Dbuz06888-RA         -            650 22962at7147          -            559   2.7e-10   38.9   0.4   1   2   6.5e-08   1.4e-05   23.3   0.3    76   162   457   545   445   549 0.89 -
Dbuz06888-RA         -            650 22962at7147          -            559   2.7e-10   38.9   0.4   2   2   0.00015     0.032   12.2   0.0    76   148   556   628   547   646 0.82 -
Dbuz05348-RA         -            182 22962at7147          -            559   2.8e-10   38.8   0.0   1   2   0.00069      0.15   10.0   0.0   155   192    46    82    36    85 0.85 -
Dbuz05348-RA         -            182 22962at7147          -            559   2.8e-10   38.8   0.0   2   2   3.1e-09   6.6e-07   27.7   0.0    96   189    84   180    81   182 0.85 -
Dbuz11486-RA         -            215 22962at7147          -            559   4.4e-10   38.2   0.0   1   1   3.2e-12   6.7e-10   37.6   0.0    75   211    52   192    31   207 0.81 -
Dbuz12872-RA         -            277 22962at7147          -            559   2.6e-09   35.6   0.5   1   2     0.019         4    5.3   0.1   163   192    81   110    73   135 0.54 -
Dbuz12872-RA         -            277 22962at7147          -            559   2.6e-09   35.6   0.5   2   2   1.5e-09   3.2e-07   28.7   0.1    68   140   155   228   141   239 0.86 -
Dbuz01880-RA         -            962 22962at7147          -            559   4.3e-09   34.9   0.0   1   2   4.7e-05      0.01   13.9   0.0    74   125   454   505   448   508 0.75 -
Dbuz01880-RA         -            962 22962at7147          -            559   4.3e-09   34.9   0.0   2   2   5.4e-07   0.00012   20.3   0.0   154   223   503   572   499   602 0.88 -
Dbuz12282-RA         -            984 22962at7147          -            559   5.6e-09   34.5   1.0   1   3      0.12        26    2.6   0.0   162   217    14    70    10    93 0.84 -
Dbuz12282-RA         -            984 22962at7147          -            559   5.6e-09   34.5   1.0   2   3   8.6e-07   0.00018   19.6   0.1   171   214   116   159   104   166 0.90 -
Dbuz12282-RA         -            984 22962at7147          -            559   5.6e-09   34.5   1.0   3   3    0.0009      0.19    9.7   0.1   154   219   165   230   159   242 0.55 -
Dbuz06342-RA         -            125 22962at7147          -            559   6.9e-09   34.2   0.0   1   1   3.4e-11   7.2e-09   34.2   0.0    74   132    39    97    16   122 0.85 -
Dbuz12135-RA         -           1113 22962at7147          -            559   2.3e-08   32.5   0.6   1   2   4.4e-06   0.00093   17.3   0.2    27   125    72   167    33   169 0.53 -
Dbuz12135-RA         -           1113 22962at7147          -            559   2.3e-08   32.5   0.6   2   2   2.3e-06    0.0005   18.2   0.0    73   140   148   214   143   219 0.90 -
Dbuz02735-RA         -           1363 22962at7147          -            559   2.9e-08   32.2   0.0   1   2   6.4e-08   1.4e-05   23.4   0.0    98   220    47   174    39   185 0.77 -
Dbuz02735-RA         -           1363 22962at7147          -            559   2.9e-08   32.2   0.0   2   2    0.0089       1.9    6.4   0.0    76   142   226   291   216   298 0.63 -
Dbuz03449-RA         -            453 22962at7147          -            559   5.7e-08   31.2   0.0   1   2    0.0021      0.45    8.4   0.0   456   513    17    75    10    78 0.84 -
Dbuz03449-RA         -            453 22962at7147          -            559   5.7e-08   31.2   0.0   2   2   4.1e-08   8.8e-06   24.0   0.0    75   140    70   135    68   140 0.95 -
Dbuz03530-RA         -           1418 22962at7147          -            559   1.5e-06   26.6   0.0   1   2   2.8e-07   5.9e-05   21.2   0.0    73   141   542   610   531   612 0.90 -
Dbuz03530-RA         -           1418 22962at7147          -            559   1.5e-06   26.6   0.0   2   2     0.036       7.7    4.4   0.0   101   141   608   648   602   654 0.72 -
Dbuz08301-RA         -           1066 22962at7147          -            559   3.2e-06   25.4   0.0   1   1   0.00019      0.04   11.9   0.0    59   130   167   240   148   251 0.83 -
Dbuz09285-RA         -            348 22962at7147          -            559   5.1e-06   24.8   0.1   1   1   3.1e-08   6.5e-06   24.4   0.1   150   231   111   192   103   230 0.89 -
Dbuz11714-RA         -            531 22962at7147          -            559   3.6e-05   22.0   0.5   1   1   2.6e-07   5.6e-05   21.3   0.5   161   224    25    88    15   167 0.89 -
Dbuz08069-RA         -            929 22962at7147          -            559   0.00028   19.0   0.3   1   2   5.3e-05     0.011   13.7   0.0   452   509   134   192   125   199 0.85 -
Dbuz08069-RA         -            929 22962at7147          -            559   0.00028   19.0   0.3   2   2       4.8     1e+03   -2.6   0.0   414   472   699   757   693   764 0.80 -
Dbuz11856-RA         -            945 22962at7147          -            559    0.0003   18.9   0.2   1   1   2.3e-06    0.0005   18.2   0.2    88   151   795   861   775   875 0.73 -
Dbuz01185-RA         -            832 22962at7147          -            559   0.00043   18.4   0.3   1   1   3.3e-06   0.00071   17.7   0.3   148   222   699   773   682   794 0.91 -
Dbuz05785-RA         -           1128 22962at7147          -            559   0.00048   18.2   0.0   1   3      0.12        26    2.6   0.0   100   176   149   229   111   251 0.48 -
Dbuz05785-RA         -           1128 22962at7147          -            559   0.00048   18.2   0.0   2   3     0.075        16    3.3   0.0   101   127   639   665   620   743 0.59 -
Dbuz05785-RA         -           1128 22962at7147          -            559   0.00048   18.2   0.0   3   3    0.0034      0.72    7.8   0.0   131   202  1029  1104  1019  1107 0.83 -
Dbuz03812-RA         -           1452 22962at7147          -            559   0.00067   17.8   0.0   1   2    0.0062       1.3    6.9   0.0   150   199   133   182   117   198 0.88 -
Dbuz03812-RA         -           1452 22962at7147          -            559   0.00067   17.8   0.0   2   2    0.0022      0.47    8.4   0.0   455   512   235   292   191   309 0.79 -
Dbuz12666-RA         -           2708 22962at7147          -            559    0.0016   16.5   0.0   1   1   1.3e-05    0.0027   15.8   0.0    93   174   406   487   379   495 0.80 -
Dbuz09114-RA         -            359 22962at7147          -            559    0.0025   15.9   0.0   1   1   2.7e-05    0.0058   14.7   0.0   148   269   176   297   161   307 0.72 -
Dbuz06735-RA         -            401 22962at7147          -            559    0.0031   15.6   0.1   1   2   0.00012     0.026   12.5   0.1    96   172    38   117    24   122 0.58 -
Dbuz06735-RA         -            401 22962at7147          -            559    0.0031   15.6   0.1   2   2     0.025       5.3    4.9   0.0    73   118    82   127    75   137 0.85 -
Dbuz09846-RA         -            675 22962at7147          -            559    0.0085   14.1   0.0   1   1   6.1e-05     0.013   13.5   0.0   159   224   534   600   520   613 0.88 -
Dbuz00103-RA         -            596 22962at7147          -            559    0.0098   13.9   0.1   1   2     0.003      0.63    7.9   0.0   126   193   427   496   421   503 0.77 -
Dbuz00103-RA         -            596 22962at7147          -            559    0.0098   13.9   0.1   2   2     0.076        16    3.3   0.0   159   199   528   568   517   592 0.69 -
Dbuz02146-RA         -            957 22962at7147          -            559     0.011   13.8   0.1   1   1   0.00011     0.023   12.7   0.1    73   191   645   770   621   812 0.72 -
Dbuz09549-RA         -            113 22962at7147          -            559     0.028   12.4   0.0   1   1   0.00014     0.029   12.4   0.0    54   105    45    96    12   104 0.82 -
Dbuz10983-RA         -            700 22962at7147          -            559     0.028   12.4   0.0   1   1   0.00022     0.046   11.7   0.0    70   127   216   273   191   286 0.81 -
Dbuz00684-RA         -           2454 22962at7147          -            559     0.054   11.5   0.0   1   2    0.0067       1.4    6.8   0.0    20   125    71   169    55   172 0.67 -
Dbuz00684-RA         -           2454 22962at7147          -            559     0.054   11.5   0.0   2   2      0.19        40    2.0   0.0   170   204   301   335   297   347 0.84 -
#
# Program:         hmmsearch
# Version:         3.1b2 (February 2015)
# Pipeline mode:   SEARCH
# Query file:      /home/nmoreyra/Documents/Genomics/03_orthologs_search/00_Phylogenomics_BUSCO-groups/busco4_odb10/busco_downloads/lineages/diptera_odb10/hmms/22962at7147.hmm
# Target file:     /home/nmoreyra/Documents/Genomics/03_orthologs_search/00_Phylogenomics_BUSCO-groups/busco4_odb10/../00_proteins/Dbuz_proteins.fasta
# Option settings: /home/nmoreyra/Software/miniconda3/envs/busco4/bin/hmmsearch --domtblout /home/nmoreyra/Documents/Genomics/03_orthologs_search/00_Phylogenomics_BUSCO-groups/busco4_odb10/Dbuz_diptera/run_diptera_odb10/hmmer_output/initial_run_results/22962at7147.out --cpu 1 /home/nmoreyra/Documents/Genomics/03_orthologs_search/00_Phylogenomics_BUSCO-groups/busco4_odb10/busco_downloads/lineages/diptera_odb10/hmms/22962at7147.hmm /home/nmoreyra/Documents/Genomics/03_orthologs_search/00_Phylogenomics_BUSCO-groups/busco4_odb10/../00_proteins/Dbuz_proteins.fasta 
# Current dir:     /home/nmoreyra/Documents/Genomics/03_orthologs_search/00_Phylogenomics_BUSCO-groups/busco4_odb10
# Date:            Mon Jan 25 13:17:24 2021
# [ok]
