#                                                                            --- full sequence --- -------------- this domain -------------   hmm coord   ali coord   env coord
# target name        accession   tlen query name           accession   qlen   E-value  score  bias   #  of  c-Evalue  i-Evalue  score  bias  from    to  from    to  from    to  acc description of target
#------------------- ---------- ----- -------------------- ---------- ----- --------- ------ ----- --- --- --------- --------- ------ ----- ----- ----- ----- ----- ----- ----- ---- ---------------------
Dbuz06252-RA         -            695 24954at7147          -            397  1.6e-227  754.7  57.8   1   4   5.9e-60   1.3e-56  192.0   7.1     1    96     4    99     4   121 0.93 -
Dbuz06252-RA         -            695 24954at7147          -            397  1.6e-227  754.7  57.8   2   4   7.3e-08   0.00015   20.5  11.0    91   118   152   179   142   190 0.85 -
Dbuz06252-RA         -            695 24954at7147          -            397  1.6e-227  754.7  57.8   3   4  3.8e-173  8.2e-170  564.7  12.0    98   397   200   515   183   515 0.93 -
Dbuz06252-RA         -            695 24954at7147          -            397  1.6e-227  754.7  57.8   4   4         6   1.3e+04   -7.0   5.6   340   367   573   600   529   609 0.55 -
Dbuz07493-RA         -           2778 24954at7147          -            397     3e-19   68.9  21.5   1   4      0.35   7.4e+02   -1.6   1.6    38    63   342   367   326   387 0.81 -
Dbuz07493-RA         -           2778 24954at7147          -            397     3e-19   68.9  21.5   2   4      0.31   6.5e+02   -1.4   1.0    62   115  2126  2178  2120  2190 0.81 -
Dbuz07493-RA         -           2778 24954at7147          -            397     3e-19   68.9  21.5   3   4   1.5e-15   3.1e-12   45.8   5.3    28    86  2543  2602  2533  2605 0.89 -
Dbuz07493-RA         -           2778 24954at7147          -            397     3e-19   68.9  21.5   4   4   1.1e-13   2.4e-10   39.6   8.2    30    85  2601  2657  2598  2672 0.86 -
Dbuz07216-RA         -           1884 24954at7147          -            397   5.8e-05   21.9   3.1   1   2         6   1.3e+04   -8.6   4.8   149   189   175   216   139   230 0.42 -
Dbuz07216-RA         -           1884 24954at7147          -            397   5.8e-05   21.9   3.1   2   2   2.7e-08   5.8e-05   21.9   3.1    30    81   372   421   361   441 0.81 -
Dbuz10693-RA         -           1908 24954at7147          -            397   8.8e-05   21.3  14.9   1   3   0.00059       1.3    7.6   0.8    36    62   479   505   469   528 0.89 -
Dbuz10693-RA         -           1908 24954at7147          -            397   8.8e-05   21.3  14.9   2   3   0.00014      0.29    9.7   0.1    33    62  1320  1348  1301  1353 0.89 -
Dbuz10693-RA         -           1908 24954at7147          -            397   8.8e-05   21.3  14.9   3   3   7.7e-05      0.16   10.5   3.1    48    82  1833  1868  1804  1872 0.82 -
Dbuz01915-RA         -           1218 24954at7147          -            397   0.00014   20.6   3.5   1   1   1.5e-07   0.00032   19.4   3.5    28    83   956  1010   946  1020 0.90 -
Dbuz02925-RA         -            421 24954at7147          -            397     0.041   12.5   2.9   1   2       0.1   2.2e+02    0.2   0.2   171   224    75   128    66   134 0.87 -
Dbuz02925-RA         -            421 24954at7147          -            397     0.041   12.5   2.9   2   2   2.3e-05     0.048   12.2   0.2    31    87   344   399   339   409 0.79 -
#
# Program:         hmmsearch
# Version:         3.1b2 (February 2015)
# Pipeline mode:   SEARCH
# Query file:      /home/nmoreyra/Documents/Genomics/03_orthologs_search/00_Phylogenomics_BUSCO-groups/busco4_odb10/busco_downloads/lineages/diptera_odb10/hmms/24954at7147.hmm
# Target file:     /home/nmoreyra/Documents/Genomics/03_orthologs_search/00_Phylogenomics_BUSCO-groups/busco4_odb10/../00_proteins/Dbuz_proteins.fasta
# Option settings: /home/nmoreyra/Software/miniconda3/envs/busco4/bin/hmmsearch --domtblout /home/nmoreyra/Documents/Genomics/03_orthologs_search/00_Phylogenomics_BUSCO-groups/busco4_odb10/Dbuz_diptera/run_diptera_odb10/hmmer_output/initial_run_results/24954at7147.out --cpu 1 /home/nmoreyra/Documents/Genomics/03_orthologs_search/00_Phylogenomics_BUSCO-groups/busco4_odb10/busco_downloads/lineages/diptera_odb10/hmms/24954at7147.hmm /home/nmoreyra/Documents/Genomics/03_orthologs_search/00_Phylogenomics_BUSCO-groups/busco4_odb10/../00_proteins/Dbuz_proteins.fasta 
# Current dir:     /home/nmoreyra/Documents/Genomics/03_orthologs_search/00_Phylogenomics_BUSCO-groups/busco4_odb10
# Date:            Mon Jan 25 13:17:08 2021
# [ok]
