#                                                                            --- full sequence --- -------------- this domain -------------   hmm coord   ali coord   env coord
# target name        accession   tlen query name           accession   qlen   E-value  score  bias   #  of  c-Evalue  i-Evalue  score  bias  from    to  from    to  from    to  acc description of target
#------------------- ---------- ----- -------------------- ---------- ----- --------- ------ ----- --- --- --------- --------- ------ ----- ----- ----- ----- ----- ----- ----- ---- ---------------------
Dbuz10736-RA         -            555 25215at7147          -            372  5.5e-196  650.2   0.0   1   2   7.5e-42     5e-39  133.7   0.0     1   100   100   206   100   212 0.91 -
Dbuz10736-RA         -            555 25215at7147          -            372  5.5e-196  650.2   0.0   2   2  1.3e-157  8.6e-155  514.6   0.0    91   367   254   547   238   555 0.94 -
Dbuz07197-RA         -            445 25215at7147          -            372   6.1e-16   57.7   0.0   1   3     0.037        25    3.0   0.0    41   111    64   143    18   148 0.67 -
Dbuz07197-RA         -            445 25215at7147          -            372   6.1e-16   57.7   0.0   2   3   7.7e-16   5.2e-13   48.1   0.0    86   235   148   308   144   327 0.84 -
Dbuz07197-RA         -            445 25215at7147          -            372   6.1e-16   57.7   0.0   3   3     0.035        23    3.1   0.0   343   368   407   432   389   436 0.81 -
Dbuz09366-RA         -            314 25215at7147          -            372   2.6e-15   55.7   0.5   1   4    0.0001     0.069   11.5   0.0   245   301    17    73     4    77 0.82 -
Dbuz09366-RA         -            314 25215at7147          -            372   2.6e-15   55.7   0.5   2   4   6.9e-09   4.6e-06   25.2   0.1   238   303    86   151    73   163 0.84 -
Dbuz09366-RA         -            314 25215at7147          -            372   2.6e-15   55.7   0.5   3   4     0.018        12    4.1   0.0   245   302   175   232   161   244 0.89 -
Dbuz09366-RA         -            314 25215at7147          -            372   2.6e-15   55.7   0.5   4   4   0.00021      0.14   10.5   0.0   247   303   254   310   241   313 0.90 -
Dbuz10990-RA         -            155 25215at7147          -            372   1.6e-10   39.9   0.3   1   2    0.0015         1    7.6   0.0   245   296    16    67     2    79 0.78 -
Dbuz10990-RA         -            155 25215at7147          -            372   1.6e-10   39.9   0.3   2   2   1.3e-10   8.6e-08   30.9   0.1   236   303    83   150    72   154 0.90 -
Dbuz09825-RA         -            155 25215at7147          -            372   7.1e-10   37.8   0.4   1   2    0.0013      0.89    7.8   0.0   246   301    17    72     3    83 0.80 -
Dbuz09825-RA         -            155 25215at7147          -            372   7.1e-10   37.8   0.4   2   2   5.5e-10   3.7e-07   28.8   0.1   237   303    84   150    71   154 0.91 -
Dbuz03081-RA         -            149 25215at7147          -            372   1.7e-09   36.5   0.4   1   2   1.1e-05    0.0075   14.6   0.1   242   303     7    68     1    80 0.80 -
Dbuz03081-RA         -            149 25215at7147          -            372   1.7e-09   36.5   0.4   2   2   1.6e-07   0.00011   20.7   0.0   238   303    79   144    72   148 0.87 -
Dbuz10358-RA         -            149 25215at7147          -            372   2.8e-07   29.2   0.1   1   2    0.0078       5.3    5.3   0.0   246   302    14    70     3    79 0.84 -
Dbuz10358-RA         -            149 25215at7147          -            372   2.8e-07   29.2   0.1   2   2   3.9e-08   2.6e-05   22.7   0.1   239   301    79   142    69   148 0.81 -
Dbuz01446-RA         -            317 25215at7147          -            372   3.8e-06   25.5   1.9   1   3    0.0027       1.8    6.8   0.0   248   303    33    88    19   101 0.85 -
Dbuz01446-RA         -            317 25215at7147          -            372   3.8e-06   25.5   1.9   2   3     0.013       8.8    4.5   0.0   238   301    96   159    89   173 0.74 -
Dbuz01446-RA         -            317 25215at7147          -            372   3.8e-06   25.5   1.9   3   3     5e-05     0.033   12.5   0.1   233   302   243   311   230   316 0.82 -
Dbuz06084-RA         -            151 25215at7147          -            372   2.7e-05   22.7   0.2   1   2       1.6   1.1e+03   -2.3   0.0   245   274    16    45    10    76 0.68 -
Dbuz06084-RA         -            151 25215at7147          -            372   2.7e-05   22.7   0.2   2   2   7.7e-08   5.1e-05   21.8   0.1   238   303    82   147    71   150 0.83 -
Dbuz10967-RA         -            199 25215at7147          -            372   0.00016   20.1   0.0   1   2      0.22   1.5e+02    0.5   0.0   243   302    33    93    26   101 0.78 -
Dbuz10967-RA         -            199 25215at7147          -            372   0.00016   20.1   0.0   2   2   1.4e-06   0.00097   17.6   0.0   247   302   104   159    97   174 0.91 -
Dbuz02491-RA         -            147 25215at7147          -            372   0.00027   19.4   1.1   1   2      0.31   2.1e+02    0.0   0.0   246   303    12    69     4    80 0.73 -
Dbuz02491-RA         -            147 25215at7147          -            372   0.00027   19.4   1.1   2   2   9.2e-07   0.00062   18.2   0.4   243   303    82   142    67   146 0.88 -
Dbuz03140-RA         -            178 25215at7147          -            372   0.00045   18.7   0.0   1   2     0.026        18    3.5   0.0   248   301    17    71    10    75 0.89 -
Dbuz03140-RA         -            178 25215at7147          -            372   0.00045   18.7   0.0   2   2   3.1e-05     0.021   13.2   0.0   248   303    84   139    79   168 0.93 -
Dbuz09339-RA         -            440 25215at7147          -            372   0.00051   18.5   0.2   1   2     0.011       7.3    4.8   0.0   244   303   266   325   253   336 0.86 -
Dbuz09339-RA         -            440 25215at7147          -            372   0.00051   18.5   0.2   2   2   7.7e-05     0.051   11.9   0.1   235   304   338   407   327   421 0.81 -
Dbuz06083-RA         -            149 25215at7147          -            372   0.00056   18.3   0.0   1   2      0.11        74    1.5   0.0   246   307    13    74     4    87 0.76 -
Dbuz06083-RA         -            149 25215at7147          -            372   0.00056   18.3   0.0   2   2   4.9e-06    0.0033   15.8   0.0   240   302    81   142    71   146 0.87 -
Dbuz10575-RA         -            149 25215at7147          -            372    0.0015   16.9   0.2   1   2   0.00017      0.11   10.7   0.1   241   306     8    74     2    85 0.83 -
Dbuz10575-RA         -            149 25215at7147          -            372    0.0015   16.9   0.2   2   2      0.01         7    4.9   0.0   245   303    86   144    77   149 0.84 -
Dbuz02412-RA         -            304 25215at7147          -            372    0.0022   16.4   0.1   1   1   8.3e-06    0.0056   15.1   0.0   243   303   163   223   154   234 0.92 -
Dbuz03771-RA         -            192 25215at7147          -            372     0.014   13.7   0.1   1   2      0.04        27    3.0   0.0   248   282    44    76    27   108 0.55 -
Dbuz03771-RA         -            192 25215at7147          -            372     0.014   13.7   0.1   2   2    0.0012      0.77    8.0   0.0   228   272   124   164   109   188 0.71 -
Dbuz11122-RA         -            198 25215at7147          -            372     0.032   12.6   0.1   1   2    0.0002      0.13   10.5   0.0   246   303    60   117    47   130 0.90 -
Dbuz11122-RA         -            198 25215at7147          -            372     0.032   12.6   0.1   2   2      0.37   2.5e+02   -0.3   0.0   246   285   133   173   120   192 0.72 -
Dbuz06982-RA         -            224 25215at7147          -            372     0.045   12.1   0.0   1   1    0.0001     0.068   11.5   0.0   239   304   120   194   115   199 0.82 -
#
# Program:         hmmsearch
# Version:         3.1b2 (February 2015)
# Pipeline mode:   SEARCH
# Query file:      /home/nmoreyra/Documents/Genomics/03_orthologs_search/00_Phylogenomics_BUSCO-groups/busco4_odb10/busco_downloads/lineages/diptera_odb10/hmms/25215at7147.hmm
# Target file:     /home/nmoreyra/Documents/Genomics/03_orthologs_search/00_Phylogenomics_BUSCO-groups/busco4_odb10/../00_proteins/Dbuz_proteins.fasta
# Option settings: /home/nmoreyra/Software/miniconda3/envs/busco4/bin/hmmsearch --domtblout /home/nmoreyra/Documents/Genomics/03_orthologs_search/00_Phylogenomics_BUSCO-groups/busco4_odb10/Dbuz_diptera/run_diptera_odb10/hmmer_output/initial_run_results/25215at7147.out --cpu 1 /home/nmoreyra/Documents/Genomics/03_orthologs_search/00_Phylogenomics_BUSCO-groups/busco4_odb10/busco_downloads/lineages/diptera_odb10/hmms/25215at7147.hmm /home/nmoreyra/Documents/Genomics/03_orthologs_search/00_Phylogenomics_BUSCO-groups/busco4_odb10/../00_proteins/Dbuz_proteins.fasta 
# Current dir:     /home/nmoreyra/Documents/Genomics/03_orthologs_search/00_Phylogenomics_BUSCO-groups/busco4_odb10
# Date:            Mon Jan 25 13:17:21 2021
# [ok]
