#                                                                            --- full sequence --- -------------- this domain -------------   hmm coord   ali coord   env coord
# target name        accession   tlen query name           accession   qlen   E-value  score  bias   #  of  c-Evalue  i-Evalue  score  bias  from    to  from    to  from    to  acc description of target
#------------------- ---------- ----- -------------------- ---------- ----- --------- ------ ----- --- --- --------- --------- ------ ----- ----- ----- ----- ----- ----- ----- ---- ---------------------
Dbuz08472-RA         -            697 26398at7147          -            512  2.7e-234  778.0   8.1   1   1  1.8e-236  4.5e-234  777.3   8.1     2   512   117   693   116   693 0.92 -
Dbuz08002-RA         -           1309 26398at7147          -            512    5e-200  664.9  22.4   1   2   1.5e-94   3.7e-92  309.1   7.9    34   506   136   656   129   664 0.81 -
Dbuz08002-RA         -           1309 26398at7147          -            512    5e-200  664.9  22.4   2   2  1.3e-109  3.3e-107  358.7   6.6    11   500   746  1292   734  1305 0.82 -
Dbuz11715-RA         -           1318 26398at7147          -            512  1.9e-193  643.2   7.8   1   2   1.6e-95   4.1e-93  312.2   0.3    57   501   142   632   116   643 0.80 -
Dbuz11715-RA         -           1318 26398at7147          -            512  1.9e-193  643.2   7.8   2   2  4.4e-102   1.1e-99  333.9   2.4    39   501   795  1302   786  1316 0.82 -
Dbuz04417-RA         -           1303 26398at7147          -            512  7.8e-189  628.0  15.8   1   2   1.2e-89     3e-87  292.9   4.0    34   502   118   633   115   644 0.83 -
Dbuz04417-RA         -           1303 26398at7147          -            512  7.8e-189  628.0  15.8   2   2  9.1e-104  2.3e-101  339.4   4.0    39   500   777  1287   771  1300 0.81 -
Dbuz04418-RA         -           1310 26398at7147          -            512  1.4e-182  607.4  20.3   1   2   6.9e-87   1.7e-84  283.7   7.7    38   502   122   637   117   648 0.80 -
Dbuz04418-RA         -           1310 26398at7147          -            512  1.4e-182  607.4  20.3   2   2  3.9e-100   9.9e-98  327.4   4.7    39   501   780  1294   772  1307 0.80 -
Dbuz12093-RA         -           2679 26398at7147          -            512  4.1e-152  506.8  12.1   1   5   3.5e-33   8.8e-31  106.6   0.0   309   495   470   654   434   661 0.83 -
Dbuz12093-RA         -           2679 26398at7147          -            512  4.1e-152  506.8  12.1   2   5   3.4e-47   8.6e-45  152.8   1.1    42   497   825  1321   807  1338 0.76 -
Dbuz12093-RA         -           2679 26398at7147          -            512  4.1e-152  506.8  12.1   3   5   5.1e-31   1.3e-28   99.4   0.0   309   499  1817  2006  1790  2019 0.84 -
Dbuz12093-RA         -           2679 26398at7147          -            512  4.1e-152  506.8  12.1   4   5   7.3e-05     0.018   13.1   0.7    32   110  2139  2213  2132  2246 0.87 -
Dbuz12093-RA         -           2679 26398at7147          -            512  4.1e-152  506.8  12.1   5   5   3.5e-42   8.7e-40  136.3   0.0   288   496  2409  2630  2351  2647 0.85 -
Dbuz01517-RA         -           2474 26398at7147          -            512  6.6e-138  460.0  13.1   1   6   4.2e-30     1e-27   96.4   0.0   292   496   436   641   408   649 0.80 -
Dbuz01517-RA         -           2474 26398at7147          -            512  6.6e-138  460.0  13.1   2   6     0.038       9.5    4.2   0.3    60   146   801   886   778   915 0.76 -
Dbuz01517-RA         -           2474 26398at7147          -            512  6.6e-138  460.0  13.1   3   6   2.2e-41   5.5e-39  133.6   0.0   288   495  1028  1248   969  1261 0.82 -
Dbuz01517-RA         -           2474 26398at7147          -            512  6.6e-138  460.0  13.1   4   6   1.1e-27   2.7e-25   88.4   0.0   364   496  1682  1820  1672  1827 0.86 -
Dbuz01517-RA         -           2474 26398at7147          -            512  6.6e-138  460.0  13.1   5   6     0.011       2.7    6.0   1.2    37   146  1962  2066  1925  2095 0.79 -
Dbuz01517-RA         -           2474 26398at7147          -            512  6.6e-138  460.0  13.1   6   6   4.5e-41   1.1e-38  132.6   0.0   288   495  2208  2428  2149  2441 0.82 -
Dbuz07700-RA         -           1814 26398at7147          -            512   1.9e-76  257.2  12.5   1   5      0.38        95    0.9   1.3    37   188   372   526   367   553 0.59 -
Dbuz07700-RA         -           1814 26398at7147          -            512   1.9e-76  257.2  12.5   2   5   3.4e-27   8.4e-25   86.8   0.0   257   500   659   908   650   920 0.80 -
Dbuz07700-RA         -           1814 26398at7147          -            512   1.9e-76  257.2  12.5   3   5    0.0054       1.4    7.0   0.0    54   130  1092  1168  1076  1183 0.82 -
Dbuz07700-RA         -           1814 26398at7147          -            512   1.9e-76  257.2  12.5   4   5    0.0024      0.61    8.1   0.0    67   127  1259  1319  1231  1324 0.82 -
Dbuz07700-RA         -           1814 26398at7147          -            512   1.9e-76  257.2  12.5   5   5   9.7e-49   2.4e-46  157.9   0.3    64   493  1323  1789  1318  1799 0.83 -
Dbuz00364-RA         -           1385 26398at7147          -            512   2.2e-76  257.0   1.2   1   2   3.6e-29     9e-27   93.3   0.0   309   500   476   666   450   679 0.83 -
Dbuz00364-RA         -           1385 26398at7147          -            512   2.2e-76  257.0   1.2   2   2   8.7e-50   2.2e-47  161.3   0.6    36   497   832  1326   807  1343 0.74 -
Dbuz01970-RA         -           1397 26398at7147          -            512   6.8e-75  252.1   6.0   1   3   1.7e-28   4.2e-26   91.1   0.0   305   501   505   704   478   713 0.78 -
Dbuz01970-RA         -           1397 26398at7147          -            512   6.8e-75  252.1   6.0   2   3     9e-10   2.3e-07   29.3   1.0    40   157   857   976   847   985 0.80 -
Dbuz01970-RA         -           1397 26398at7147          -            512   6.8e-75  252.1   6.0   3   3     7e-41   1.8e-38  132.0   0.0   285   494  1126  1342  1067  1360 0.88 -
Dbuz01972-RA         -           1439 26398at7147          -            512   1.4e-72  244.4  13.8   1   3   2.5e-28   6.2e-26   90.6   3.2   284   500   506   728   222   737 0.66 -
Dbuz01972-RA         -           1439 26398at7147          -            512   1.4e-72  244.4  13.8   2   3   4.3e-08   1.1e-05   23.8   0.4    49   145   894   990   878  1009 0.81 -
Dbuz01972-RA         -           1439 26398at7147          -            512   1.4e-72  244.4  13.8   3   3   3.9e-42   9.8e-40  136.1   0.1   218   489  1087  1362  1063  1371 0.81 -
Dbuz01471-RA         -           1338 26398at7147          -            512   1.5e-72  244.4   9.0   1   3      0.24        60    1.5   0.2    54   110   153   211   134   309 0.82 -
Dbuz01471-RA         -           1338 26398at7147          -            512   1.5e-72  244.4   9.0   2   3   1.6e-31   3.9e-29  101.1   0.0   308   498   463   651   421   658 0.83 -
Dbuz01471-RA         -           1338 26398at7147          -            512   1.5e-72  244.4   9.0   3   3   3.1e-43   7.9e-41  139.7   4.7    33   493   795  1289   792  1304 0.74 -
Dbuz09767-RA         -           1486 26398at7147          -            512   2.2e-72  243.8   1.3   1   2   4.8e-20   1.2e-17   63.2   0.0   309   487   640   817   632   829 0.83 -
Dbuz09767-RA         -           1486 26398at7147          -            512   2.2e-72  243.8   1.3   2   2   1.7e-54   4.3e-52  176.9   1.2    37   496   960  1456   957  1472 0.79 -
Dbuz00365-RA         -           1327 26398at7147          -            512   3.1e-72  243.3   7.0   1   2   8.8e-28   2.2e-25   88.7   0.0   305   505   445   646   426   652 0.80 -
Dbuz00365-RA         -           1327 26398at7147          -            512   3.1e-72  243.3   7.0   2   2   6.9e-47   1.7e-44  151.8   5.4    41   498   768  1263   762  1275 0.75 -
Dbuz01554-RA         -           1332 26398at7147          -            512   6.2e-72  242.3   3.6   1   4       4.6   1.1e+03   -2.7   0.1    64   106   161   203   134   290 0.76 -
Dbuz01554-RA         -           1332 26398at7147          -            512   6.2e-72  242.3   3.6   2   4   2.2e-30   5.5e-28   97.3   0.0   292   498   438   645   427   650 0.81 -
Dbuz01554-RA         -           1332 26398at7147          -            512   6.2e-72  242.3   3.6   3   4   2.1e-05    0.0053   14.9   0.9    34   142   791   894   788   944 0.82 -
Dbuz01554-RA         -           1332 26398at7147          -            512   6.2e-72  242.3   3.6   4   4   1.2e-39     3e-37  127.9   0.0   290   495  1068  1286  1057  1296 0.85 -
Dbuz06041-RA         -           1304 26398at7147          -            512   2.9e-71  240.1   8.0   1   3         9   2.2e+03   -3.7   0.2   174   212   270   308   265   388 0.39 -
Dbuz06041-RA         -           1304 26398at7147          -            512   2.9e-71  240.1   8.0   2   3   7.2e-26   1.8e-23   82.4   0.0   307   496   454   642   426   653 0.83 -
Dbuz06041-RA         -           1304 26398at7147          -            512   2.9e-71  240.1   8.0   3   3   2.2e-49   5.6e-47  160.0   2.2    40   496   770  1264   765  1272 0.78 -
Dbuz01518-RA         -           1367 26398at7147          -            512   2.1e-69  234.0   4.1   1   4       3.4   8.5e+02   -2.3   0.1    54   105   149   202   119   227 0.72 -
Dbuz01518-RA         -           1367 26398at7147          -            512   2.1e-69  234.0   4.1   2   4     2e-31     5e-29  100.8   0.0   291   496   437   643   425   650 0.81 -
Dbuz01518-RA         -           1367 26398at7147          -            512   2.1e-69  234.0   4.1   3   4       4.3   1.1e+03   -2.6   1.4    32    61   857   887   790   902 0.70 -
Dbuz01518-RA         -           1367 26398at7147          -            512   2.1e-69  234.0   4.1   4   4     5e-41   1.3e-38  132.4   0.0   290   495  1058  1276  1046  1288 0.82 -
Dbuz01855-RA         -            859 26398at7147          -            512     3e-65  220.3   1.6   1   1   1.7e-67   4.3e-65  219.7   1.6    50   500   300   789   278   803 0.80 -
Dbuz11009-RA         -            979 26398at7147          -            512   1.7e-47  161.7   1.7   1   2      0.14        36    2.3   0.3    55   191   542   683   506   701 0.73 -
Dbuz11009-RA         -            979 26398at7147          -            512   1.7e-47  161.7   1.7   2   2   6.7e-49   1.7e-46  158.4   0.0   329   500   766   949   753   963 0.88 -
Dbuz11068-RA         -            449 26398at7147          -            512   1.3e-45  155.4   0.1   1   1   7.4e-48   1.8e-45  155.0   0.1   276   496   189   421   162   428 0.84 -
Dbuz08628-RA         -            912 26398at7147          -            512   3.4e-29  101.3   0.1   1   1   1.8e-31   4.6e-29  100.9   0.1    42   305   623   911   600   912 0.80 -
Dbuz12867-RA         -            557 26398at7147          -            512   1.4e-24   86.1   0.0   1   1   7.9e-27     2e-24   85.6   0.0   361   491     6   144     2   157 0.80 -
Dbuz12800-RA         -           1989 26398at7147          -            512   1.5e-19   69.5   0.0   1   2   1.3e-12   3.2e-10   38.7   0.0   309   480   876  1046   859  1069 0.72 -
Dbuz12800-RA         -           1989 26398at7147          -            512   1.5e-19   69.5   0.0   2   2   6.2e-09   1.5e-06   26.6   0.0   294   493  1648  1843  1630  1858 0.75 -
Dbuz08886-RA         -            919 26398at7147          -            512   2.2e-18   65.7   0.0   1   3       9.5   2.4e+03   -3.7   0.0   298   332   375   411   364   417 0.69 -
Dbuz08886-RA         -            919 26398at7147          -            512   2.2e-18   65.7   0.0   2   3   1.6e-08     4e-06   25.2   0.0   416   504   517   603   493   611 0.81 -
Dbuz08886-RA         -            919 26398at7147          -            512   2.2e-18   65.7   0.0   3   3   1.9e-11   4.7e-09   34.9   0.0   295   490   696   882   686   898 0.66 -
Dbuz09923-RA         -            708 26398at7147          -            512   5.8e-17   61.0   0.1   1   4       0.2        49    1.8   0.0   283   336   169   223   151   244 0.79 -
Dbuz09923-RA         -            708 26398at7147          -            512   5.8e-17   61.0   0.1   2   4   8.4e-08   2.1e-05   22.8   0.0   416   452   327   363   285   401 0.80 -
Dbuz09923-RA         -            708 26398at7147          -            512   5.8e-17   61.0   0.1   3   4      0.12        30    2.5   0.0   293   337   493   540   485   556 0.79 -
Dbuz09923-RA         -            708 26398at7147          -            512   5.8e-17   61.0   0.1   4   4     2e-09     5e-07   28.2   0.0   416   471   611   664   597   703 0.85 -
Dbuz04534-RA         -            823 26398at7147          -            512   7.4e-16   57.3   0.0   1   1     5e-18   1.2e-15   56.6   0.0   287   479   155   358   131   386 0.73 -
Dbuz12222-RA         -           1731 26398at7147          -            512   9.3e-16   57.0   0.0   1   2   1.1e-10   2.7e-08   32.4   0.0   291   475   511   700   499   718 0.89 -
Dbuz12222-RA         -           1731 26398at7147          -            512   9.3e-16   57.0   0.0   2   2     2e-07   5.1e-05   21.6   0.0   285   471  1332  1523  1318  1558 0.80 -
Dbuz02840-RA         -            610 26398at7147          -            512     1e-15   56.8   0.0   1   1     1e-17   2.6e-15   55.5   0.0   291   495    15   230     8   242 0.72 -
Dbuz05303-RA         -            729 26398at7147          -            512   3.9e-15   54.9   0.0   1   1   2.5e-17   6.2e-15   54.3   0.0   281   474    56   261    44   279 0.77 -
Dbuz07619-RA         -            754 26398at7147          -            512   1.3e-14   53.3   0.0   1   1   8.6e-17   2.1e-14   52.5   0.0   291   495    99   321    88   332 0.73 -
Dbuz10784-RA         -            691 26398at7147          -            512   1.3e-14   53.2   0.0   1   1   7.6e-17   1.9e-14   52.7   0.0   316   495   138   328   106   341 0.72 -
Dbuz00576-RA         -            775 26398at7147          -            512   1.8e-14   52.7   0.0   1   1   1.1e-16   2.8e-14   52.1   0.0   307   505    63   270    38   277 0.78 -
Dbuz08531-RA         -            615 26398at7147          -            512   2.5e-14   52.2   0.0   1   2   1.9e-08   4.7e-06   25.0   0.0   404   457   208   262    76   297 0.84 -
Dbuz08531-RA         -            615 26398at7147          -            512   2.5e-14   52.2   0.0   2   2     7e-08   1.8e-05   23.1   0.0   290   492   388   584   356   602 0.75 -
Dbuz05257-RA         -            821 26398at7147          -            512     9e-14   50.4   0.0   1   1   5.8e-16   1.4e-13   49.8   0.0   311   476   189   362   156   388 0.75 -
Dbuz12465-RA         -            727 26398at7147          -            512   2.1e-13   49.2   0.0   1   1   1.9e-15   4.7e-13   48.1   0.0   290   477    48   249    37   282 0.68 -
Dbuz05552-RA         -            687 26398at7147          -            512   5.5e-13   47.8   0.0   1   2   2.2e-15   5.5e-13   47.8   0.0   313   492    99   296    85   309 0.74 -
Dbuz05552-RA         -            687 26398at7147          -            512   5.5e-13   47.8   0.0   2   2       1.4   3.4e+02   -1.0   2.3    10    48   556   594   549   609 0.86 -
Dbuz11928-RA         -            690 26398at7147          -            512   8.4e-13   47.2   0.0   1   1   5.5e-15   1.4e-12   46.5   0.0   315   476   125   304   111   327 0.73 -
Dbuz07153-RA         -            624 26398at7147          -            512     2e-12   46.0   0.0   1   1   2.2e-14   5.5e-12   44.5   0.0   310   503    44   236     8   243 0.65 -
Dbuz12464-RA         -            677 26398at7147          -            512   1.2e-11   43.4   0.0   1   1   9.7e-14   2.4e-11   42.4   0.0   310   496    81   278    50   289 0.77 -
Dbuz06750-RA         -            610 26398at7147          -            512   1.6e-11   43.0   0.0   1   3       7.8   1.9e+03   -3.5   0.0   314   337   109   132    98   139 0.80 -
Dbuz06750-RA         -            610 26398at7147          -            512   1.6e-11   43.0   0.0   2   3   1.3e-07   3.3e-05   22.2   0.0   416   479   224   288   213   300 0.78 -
Dbuz06750-RA         -            610 26398at7147          -            512   1.6e-11   43.0   0.0   3   3     3e-06   0.00076   17.7   0.0   398   490   450   546   335   555 0.81 -
Dbuz12119-RA         -            709 26398at7147          -            512   2.3e-11   42.5   0.0   1   1   1.5e-13   3.7e-11   41.8   0.0   308   491    25   215     2   238 0.72 -
Dbuz02041-RA         -            682 26398at7147          -            512   2.8e-11   42.2   0.0   1   1   1.8e-13   4.5e-11   41.5   0.0   360   489    50   181     5   199 0.79 -
Dbuz04535-RA         -            600 26398at7147          -            512   2.9e-11   42.1   0.0   1   2    0.0071       1.8    6.6   0.0   290   336    20    68     4    94 0.82 -
Dbuz04535-RA         -            600 26398at7147          -            512   2.9e-11   42.1   0.0   2   2   8.1e-11     2e-08   32.8   0.0   417   495   156   238   127   249 0.84 -
Dbuz06364-RA         -           1768 26398at7147          -            512   4.1e-11   41.6   0.0   1   2   1.5e-08   3.6e-06   25.3   0.0   308   487   572   757   547   772 0.79 -
Dbuz06364-RA         -           1768 26398at7147          -            512   4.1e-11   41.6   0.0   2   2   5.1e-05     0.013   13.6   0.0   278   476  1314  1517  1304  1541 0.76 -
Dbuz06259-RA         -            666 26398at7147          -            512   4.6e-10   38.2   0.0   1   1   3.6e-12     9e-10   37.2   0.0   309   476   466   635   393   649 0.84 -
Dbuz12629-RA         -            539 26398at7147          -            512   7.8e-10   37.4   0.0   1   1   4.9e-12   1.2e-09   36.8   0.0   309   476   333   505   262   519 0.82 -
Dbuz07968-RA         -            538 26398at7147          -            512   2.6e-07   29.1   0.0   1   1   1.6e-09     4e-07   28.5   0.0   394   468    10    85     2   131 0.87 -
Dbuz00289-RA         -            602 26398at7147          -            512   1.3e-06   26.9   0.1   1   1   7.8e-09   1.9e-06   26.2   0.1   309   465    40   198    27   205 0.86 -
Dbuz10459-RA         -            944 26398at7147          -            512   7.2e-05   21.1   0.0   1   2       1.4   3.6e+02   -1.0   0.0   294   354   613   676   597   683 0.77 -
Dbuz10459-RA         -            944 26398at7147          -            512   7.2e-05   21.1   0.0   2   2   1.3e-06   0.00033   18.9   0.0   417   475   747   806   736   821 0.90 -
Dbuz06963-RA         -           1200 26398at7147          -            512    0.0035   15.5   0.0   1   2       1.4   3.5e+02   -1.0   0.0   316   333    25    42     7    52 0.76 -
Dbuz06963-RA         -           1200 26398at7147          -            512    0.0035   15.5   0.0   2   2   6.9e-05     0.017   13.2   0.0   416   483  1097  1168  1068  1175 0.86 -
Dbuz00290-RA         -            905 26398at7147          -            512      0.03   12.4   0.0   1   1   0.00019     0.048   11.8   0.0   404   450   415   461   404   483 0.86 -
#
# Program:         hmmsearch
# Version:         3.1b2 (February 2015)
# Pipeline mode:   SEARCH
# Query file:      /home/nmoreyra/Documents/Genomics/03_orthologs_search/00_Phylogenomics_BUSCO-groups/busco4_odb10/busco_downloads/lineages/diptera_odb10/hmms/26398at7147.hmm
# Target file:     /home/nmoreyra/Documents/Genomics/03_orthologs_search/00_Phylogenomics_BUSCO-groups/busco4_odb10/../00_proteins/Dbuz_proteins.fasta
# Option settings: /home/nmoreyra/Software/miniconda3/envs/busco4/bin/hmmsearch --domtblout /home/nmoreyra/Documents/Genomics/03_orthologs_search/00_Phylogenomics_BUSCO-groups/busco4_odb10/Dbuz_diptera/run_diptera_odb10/hmmer_output/initial_run_results/26398at7147.out --cpu 1 /home/nmoreyra/Documents/Genomics/03_orthologs_search/00_Phylogenomics_BUSCO-groups/busco4_odb10/busco_downloads/lineages/diptera_odb10/hmms/26398at7147.hmm /home/nmoreyra/Documents/Genomics/03_orthologs_search/00_Phylogenomics_BUSCO-groups/busco4_odb10/../00_proteins/Dbuz_proteins.fasta 
# Current dir:     /home/nmoreyra/Documents/Genomics/03_orthologs_search/00_Phylogenomics_BUSCO-groups/busco4_odb10
# Date:            Mon Jan 25 13:18:33 2021
# [ok]
