#                                                                            --- full sequence --- -------------- this domain -------------   hmm coord   ali coord   env coord
# target name        accession   tlen query name           accession   qlen   E-value  score  bias   #  of  c-Evalue  i-Evalue  score  bias  from    to  from    to  from    to  acc description of target
#------------------- ---------- ----- -------------------- ---------- ----- --------- ------ ----- --- --- --------- --------- ------ ----- ----- ----- ----- ----- ----- ----- ---- ---------------------
Dbuz05988-RA         -            544 26748at7147          -            464  4.1e-254  842.5   9.2   1   2     2e-20   5.1e-17   60.8   0.2     2    68    14    87    13   102 0.85 -
Dbuz05988-RA         -            544 26748at7147          -            464  4.1e-254  842.5   9.2   2   2  1.1e-239  2.9e-236  783.6   4.2    61   464   111   542   100   542 0.96 -
Dbuz05013-RA         -            507 26748at7147          -            464   1.6e-07   29.5   0.0   1   1   1.1e-10   2.7e-07   28.7   0.0   202   350   251   405   194   416 0.83 -
Dbuz08225-RA         -            510 26748at7147          -            464   3.7e-05   21.7   0.0   1   2      0.14   3.6e+02   -1.4   0.0    90   139   113   163    95   166 0.86 -
Dbuz08225-RA         -            510 26748at7147          -            464   3.7e-05   21.7   0.0   2   2   4.8e-08   0.00012   20.0   0.0   203   282   259   337   240   431 0.64 -
Dbuz10466-RA         -            567 26748at7147          -            464     0.011   13.6   0.0   1   1     6e-06     0.015   13.0   0.0   198   280   312   392   287   487 0.78 -
Dbuz02455-RA         -            460 26748at7147          -            464     0.023   12.5   0.2   1   1   1.2e-05     0.032   12.0   0.2   130   235   126   237   112   273 0.81 -
#
# Program:         hmmsearch
# Version:         3.1b2 (February 2015)
# Pipeline mode:   SEARCH
# Query file:      /home/nmoreyra/Documents/Genomics/03_orthologs_search/00_Phylogenomics_BUSCO-groups/busco4_odb10/busco_downloads/lineages/diptera_odb10/hmms/26748at7147.hmm
# Target file:     /home/nmoreyra/Documents/Genomics/03_orthologs_search/00_Phylogenomics_BUSCO-groups/busco4_odb10/../00_proteins/Dbuz_proteins.fasta
# Option settings: /home/nmoreyra/Software/miniconda3/envs/busco4/bin/hmmsearch --domtblout /home/nmoreyra/Documents/Genomics/03_orthologs_search/00_Phylogenomics_BUSCO-groups/busco4_odb10/Dbuz_diptera/run_diptera_odb10/hmmer_output/initial_run_results/26748at7147.out --cpu 1 /home/nmoreyra/Documents/Genomics/03_orthologs_search/00_Phylogenomics_BUSCO-groups/busco4_odb10/busco_downloads/lineages/diptera_odb10/hmms/26748at7147.hmm /home/nmoreyra/Documents/Genomics/03_orthologs_search/00_Phylogenomics_BUSCO-groups/busco4_odb10/../00_proteins/Dbuz_proteins.fasta 
# Current dir:     /home/nmoreyra/Documents/Genomics/03_orthologs_search/00_Phylogenomics_BUSCO-groups/busco4_odb10
# Date:            Mon Jan 25 13:18:52 2021
# [ok]
