#                                                                            --- full sequence --- -------------- this domain -------------   hmm coord   ali coord   env coord
# target name        accession   tlen query name           accession   qlen   E-value  score  bias   #  of  c-Evalue  i-Evalue  score  bias  from    to  from    to  from    to  acc description of target
#------------------- ---------- ----- -------------------- ---------- ----- --------- ------ ----- --- --- --------- --------- ------ ----- ----- ----- ----- ----- ----- ----- ---- ---------------------
Dbuz09777-RA         -           1118 3013at7147           -            151  9.7e-100  330.7  69.9   1  11   3.2e-55   1.4e-51  174.4   7.4     1   141     3   149     3   153 0.91 -
Dbuz09777-RA         -           1118 3013at7147           -            151  9.7e-100  330.7  69.9   2  11   1.5e-08   6.6e-05   22.8   1.1    83   151   129   197   129   197 0.89 -
Dbuz09777-RA         -           1118 3013at7147           -            151  9.7e-100  330.7  69.9   3  11   1.5e-08   6.2e-05   22.9   1.9    91   151   205   263   197   263 0.82 -
Dbuz09777-RA         -           1118 3013at7147           -            151  9.7e-100  330.7  69.9   4  11   6.4e-09   2.7e-05   24.1   1.2    75   151   255   329   254   329 0.85 -
Dbuz09777-RA         -           1118 3013at7147           -            151  9.7e-100  330.7  69.9   5  11   3.7e-14   1.6e-10   41.1   5.8    43   151   288   395   288   395 0.84 -
Dbuz09777-RA         -           1118 3013at7147           -            151  9.7e-100  330.7  69.9   6  11   1.8e-08   7.7e-05   22.6   0.6    89   151   368   428   362   428 0.84 -
Dbuz09777-RA         -           1118 3013at7147           -            151  9.7e-100  330.7  69.9   7  11   3.3e-08   0.00014   21.8   0.3    83   151   395   461   393   461 0.85 -
Dbuz09777-RA         -           1118 3013at7147           -            151  9.7e-100  330.7  69.9   8  11   1.2e-11   4.9e-08   33.0   0.4    72   151   468   545   464   545 0.90 -
Dbuz09777-RA         -           1118 3013at7147           -            151  9.7e-100  330.7  69.9   9  11   3.8e-11   1.6e-07   31.3   2.3    73   151   535   611   534   611 0.87 -
Dbuz09777-RA         -           1118 3013at7147           -            151  9.7e-100  330.7  69.9  10  11   7.2e-09   3.1e-05   23.9   1.3    89   151   584   644   579   644 0.85 -
Dbuz09777-RA         -           1118 3013at7147           -            151  9.7e-100  330.7  69.9  11  11   2.2e-07   0.00093   19.1   0.9    71   151  1013  1095   965  1104 0.63 -
Dbuz04037-RA         -            229 3013at7147           -            151   2.3e-14   53.6  12.4   1   2   4.4e-12   1.9e-08   34.3   6.3    23   139     8   129     4   134 0.83 -
Dbuz04037-RA         -            229 3013at7147           -            151   2.3e-14   53.6  12.4   2   2   2.1e-08   8.8e-05   22.4   0.4    40   122   134   218   127   225 0.86 -
Dbuz02939-RA         -             87 3013at7147           -            151   6.2e-06   26.2   0.6   1   1   1.7e-09   7.4e-06   25.9   0.6    21    80     5    72     2    83 0.81 -
#
# Program:         hmmsearch
# Version:         3.1b2 (February 2015)
# Pipeline mode:   SEARCH
# Query file:      /home/nmoreyra/Documents/Genomics/03_orthologs_search/00_Phylogenomics_BUSCO-groups/busco4_odb10/busco_downloads/lineages/diptera_odb10/hmms/3013at7147.hmm
# Target file:     /home/nmoreyra/Documents/Genomics/03_orthologs_search/00_Phylogenomics_BUSCO-groups/busco4_odb10/../00_proteins/Dbuz_proteins.fasta
# Option settings: /home/nmoreyra/Software/miniconda3/envs/busco4/bin/hmmsearch --domtblout /home/nmoreyra/Documents/Genomics/03_orthologs_search/00_Phylogenomics_BUSCO-groups/busco4_odb10/Dbuz_diptera/run_diptera_odb10/hmmer_output/initial_run_results/3013at7147.out --cpu 1 /home/nmoreyra/Documents/Genomics/03_orthologs_search/00_Phylogenomics_BUSCO-groups/busco4_odb10/busco_downloads/lineages/diptera_odb10/hmms/3013at7147.hmm /home/nmoreyra/Documents/Genomics/03_orthologs_search/00_Phylogenomics_BUSCO-groups/busco4_odb10/../00_proteins/Dbuz_proteins.fasta 
# Current dir:     /home/nmoreyra/Documents/Genomics/03_orthologs_search/00_Phylogenomics_BUSCO-groups/busco4_odb10
# Date:            Mon Jan 25 13:19:14 2021
# [ok]
