#                                                                            --- full sequence --- -------------- this domain -------------   hmm coord   ali coord   env coord
# target name        accession   tlen query name           accession   qlen   E-value  score  bias   #  of  c-Evalue  i-Evalue  score  bias  from    to  from    to  from    to  acc description of target
#------------------- ---------- ----- -------------------- ---------- ----- --------- ------ ----- --- --- --------- --------- ------ ----- ----- ----- ----- ----- ----- ----- ---- ---------------------
Dbuz08831-RA         -            469 31423at7147          -            364  2.5e-129  431.1   9.3   1   1  4.3e-131  5.7e-129  429.9   9.3     1   364    35   466    35   466 0.89 -
Dbuz08346-RA         -           1537 31423at7147          -            364   5.8e-97  324.6  99.9   1  15   3.8e-09     5e-07   28.7   0.0    54   139    25   114    16   120 0.86 -
Dbuz08346-RA         -           1537 31423at7147          -            364   5.8e-97  324.6  99.9   2  15   1.9e-15   2.5e-13   49.4   0.8    47   139   129   225   122   226 0.91 -
Dbuz08346-RA         -           1537 31423at7147          -            364   5.8e-97  324.6  99.9   3  15   1.7e-10   2.2e-08   33.2   0.4    66   132   223   289   221   293 0.96 -
Dbuz08346-RA         -           1537 31423at7147          -            364   5.8e-97  324.6  99.9   4  15   1.9e-10   2.5e-08   32.9   0.4    68   134   297   363   294   363 0.97 -
Dbuz08346-RA         -           1537 31423at7147          -            364   5.8e-97  324.6  99.9   5  15     7e-09   9.3e-07   27.8   3.4    69   136   346   413   344   439 0.86 -
Dbuz08346-RA         -           1537 31423at7147          -            364   5.8e-97  324.6  99.9   6  15   3.2e-06   0.00043   19.0   0.7    72   132   397   457   390   457 0.93 -
Dbuz08346-RA         -           1537 31423at7147          -            364   5.8e-97  324.6  99.9   7  15   9.7e-13   1.3e-10   40.5   1.5    61   129   430   502   421   502 0.86 -
Dbuz08346-RA         -           1537 31423at7147          -            364   5.8e-97  324.6  99.9   8  15   9.8e-14   1.3e-11   43.8   1.5    70   133   491   554   488   556 0.95 -
Dbuz08346-RA         -           1537 31423at7147          -            364   5.8e-97  324.6  99.9   9  15   9.4e-05     0.012   14.2   2.0    76   140   545   607   544   613 0.88 -
Dbuz08346-RA         -           1537 31423at7147          -            364   5.8e-97  324.6  99.9  10  15   3.1e-10   4.1e-08   32.3   1.5    67   135   616   684   611   689 0.96 -
Dbuz08346-RA         -           1537 31423at7147          -            364   5.8e-97  324.6  99.9  11  15     8e-09   1.1e-06   27.6   3.3    68   141   665   738   664   740 0.95 -
Dbuz08346-RA         -           1537 31423at7147          -            364   5.8e-97  324.6  99.9  12  15   5.5e-08   7.3e-06   24.9   8.3    54   134   695   779   687   784 0.91 -
Dbuz08346-RA         -           1537 31423at7147          -            364   5.8e-97  324.6  99.9  13  15   9.9e-11   1.3e-08   33.9   2.0    55   134   794   877   784   890 0.90 -
Dbuz08346-RA         -           1537 31423at7147          -            364   5.8e-97  324.6  99.9  14  15   6.1e-10     8e-08   31.3   4.7    55   133   890   971   878   975 0.91 -
Dbuz08346-RA         -           1537 31423at7147          -            364   5.8e-97  324.6  99.9  15  15   0.00011     0.014   14.0   0.1   257   315   980  1051   972  1071 0.76 -
Dbuz02598-RA         -           1405 31423at7147          -            364     3e-91  305.8  89.7   1  13   0.00038     0.051   12.2   0.2    70   111    97   140    92   151 0.76 -
Dbuz02598-RA         -           1405 31423at7147          -            364     3e-91  305.8  89.7   2  13   1.2e-07   1.6e-05   23.8   0.6    72   133   154   215   148   216 0.95 -
Dbuz02598-RA         -           1405 31423at7147          -            364     3e-91  305.8  89.7   3  13   1.3e-07   1.7e-05   23.7   1.2    75   134   205   264   200   270 0.74 -
Dbuz02598-RA         -           1405 31423at7147          -            364     3e-91  305.8  89.7   4  13   1.5e-11   1.9e-09   36.6   4.9    55   134   229   312   226   316 0.88 -
Dbuz02598-RA         -           1405 31423at7147          -            364     3e-91  305.8  89.7   5  13   6.8e-11     9e-09   34.4   4.2    64   134   266   336   264   338 0.96 -
Dbuz02598-RA         -           1405 31423at7147          -            364     3e-91  305.8  89.7   6  13   7.2e-12   9.6e-10   37.6   0.9    55   132   325   406   322   412 0.57 -
Dbuz02598-RA         -           1405 31423at7147          -            364     3e-91  305.8  89.7   7  13   1.4e-09   1.8e-07   30.1   0.4    55   134   397   483   394   491 0.81 -
Dbuz02598-RA         -           1405 31423at7147          -            364     3e-91  305.8  89.7   8  13   6.9e-12   9.1e-10   37.7   1.8    56   133   473   553   471   559 0.83 -
Dbuz02598-RA         -           1405 31423at7147          -            364     3e-91  305.8  89.7   9  13   3.1e-11   4.1e-09   35.5   1.1    72   134   564   626   558   631 0.94 -
Dbuz02598-RA         -           1405 31423at7147          -            364     3e-91  305.8  89.7  10  13   1.2e-07   1.6e-05   23.8   0.1    70   134   634   698   631   705 0.91 -
Dbuz02598-RA         -           1405 31423at7147          -            364     3e-91  305.8  89.7  11  13   2.2e-13   2.9e-11   42.6   8.2    70   200   706   848   700   850 0.78 -
Dbuz02598-RA         -           1405 31423at7147          -            364     3e-91  305.8  89.7  12  13   1.6e-08   2.1e-06   26.6   2.5    65   134   848   914   844   918 0.87 -
Dbuz02598-RA         -           1405 31423at7147          -            364     3e-91  305.8  89.7  13  13   2.7e-11   3.6e-09   35.8   8.3    64   316   918  1164   914  1171 0.69 -
Dbuz08008-RA         -           1100 31423at7147          -            364     5e-81  272.1  77.6   1  14         1   1.3e+02    1.0   0.1   119   158   102   141    66   193 0.71 -
Dbuz08008-RA         -           1100 31423at7147          -            364     5e-81  272.1  77.6   2  14   6.4e-12   8.5e-10   37.8   3.4    68   134   194   260   151   264 0.87 -
Dbuz08008-RA         -           1100 31423at7147          -            364     5e-81  272.1  77.6   3  14   1.9e-08   2.6e-06   26.4   0.3    81   134   255   308   254   310 0.96 -
Dbuz08008-RA         -           1100 31423at7147          -            364     5e-81  272.1  77.6   4  14   3.5e-14   4.6e-12   45.3   0.2    54   134   272   356   266   356 0.94 -
Dbuz08008-RA         -           1100 31423at7147          -            364     5e-81  272.1  77.6   5  14   5.6e-11   7.4e-09   34.7   2.6    68   136   338   405   338   408 0.96 -
Dbuz08008-RA         -           1100 31423at7147          -            364     5e-81  272.1  77.6   6  14   5.3e-08     7e-06   24.9   0.4    70   134   411   475   405   479 0.91 -
Dbuz08008-RA         -           1100 31423at7147          -            364     5e-81  272.1  77.6   7  14   2.6e-13   3.5e-11   42.4   5.3    56   134   465   547   464   547 0.91 -
Dbuz08008-RA         -           1100 31423at7147          -            364     5e-81  272.1  77.6   8  14   7.5e-13     1e-10   40.9   3.9    55   134   536   616   531   619 0.95 -
Dbuz08008-RA         -           1100 31423at7147          -            364     5e-81  272.1  77.6   9  14   1.9e-11   2.5e-09   36.3   1.5    73   134   627   688   621   691 0.95 -
Dbuz08008-RA         -           1100 31423at7147          -            364     5e-81  272.1  77.6  10  14   5.7e-09   7.6e-07   28.1   0.6    68   134   694   767   691   768 0.85 -
Dbuz08008-RA         -           1100 31423at7147          -            364     5e-81  272.1  77.6  11  14   2.3e-07   3.1e-05   22.8   2.2    62   134   715   791   710   791 0.89 -
Dbuz08008-RA         -           1100 31423at7147          -            364     5e-81  272.1  77.6  12  14     3e-10     4e-08   32.3   4.8    55   134   728   815   727   820 0.88 -
Dbuz08008-RA         -           1100 31423at7147          -            364     5e-81  272.1  77.6  13  14   1.5e-10     2e-08   33.3   5.6    55   136   756   843   750   847 0.84 -
Dbuz08008-RA         -           1100 31423at7147          -            364     5e-81  272.1  77.6  14  14     2e-06   0.00027   19.7   0.9   239   316   854   939   846   945 0.87 -
Dbuz09627-RA         -           1482 31423at7147          -            364   1.8e-78  263.7  54.3   1  11   3.6e-17   4.8e-15   55.1   1.5    43   134   117   214   109   214 0.91 -
Dbuz09627-RA         -           1482 31423at7147          -            364   1.8e-78  263.7  54.3   2  11   3.8e-13     5e-11   41.8   0.3    68   133   196   261   195   262 0.97 -
Dbuz09627-RA         -           1482 31423at7147          -            364   1.8e-78  263.7  54.3   3  11   5.3e-09     7e-07   28.2   0.1   263   316   251   309   250   315 0.83 -
Dbuz09627-RA         -           1482 31423at7147          -            364   1.8e-78  263.7  54.3   4  11   7.4e-08   9.9e-06   24.4   0.1    77   130   355   408   342   411 0.87 -
Dbuz09627-RA         -           1482 31423at7147          -            364   1.8e-78  263.7  54.3   5  11   7.1e-09   9.4e-07   27.8   1.3    72   133   415   476   412   477 0.96 -
Dbuz09627-RA         -           1482 31423at7147          -            364   1.8e-78  263.7  54.3   6  11     2e-09   2.7e-07   29.6   0.7   261   316   464   524   463   530 0.84 -
Dbuz09627-RA         -           1482 31423at7147          -            364   1.8e-78  263.7  54.3   7  11   8.9e-08   1.2e-05   24.2   0.1    58   132   578   653   567   653 0.91 -
Dbuz09627-RA         -           1482 31423at7147          -            364   1.8e-78  263.7  54.3   8  11   2.6e-09   3.4e-07   29.2   0.9   261   316   642   702   638   706 0.83 -
Dbuz09627-RA         -           1482 31423at7147          -            364   1.8e-78  263.7  54.3   9  11     2e-12   2.6e-10   39.5   1.9    64   134   731   802   724   803 0.88 -
Dbuz09627-RA         -           1482 31423at7147          -            364   1.8e-78  263.7  54.3  10  11     1e-11   1.4e-09   37.1   0.4    69   135   785   851   783   851 0.98 -
Dbuz09627-RA         -           1482 31423at7147          -            364   1.8e-78  263.7  54.3  11  11   8.3e-10   1.1e-07   30.8   0.4   240   320   816   901   815   908 0.86 -
Dbuz11469-RA         -           1192 31423at7147          -            364   4.4e-78  262.5 101.9   1  13   3.2e-07   4.3e-05   22.3   0.6    74   134    10    70     2    74 0.93 -
Dbuz11469-RA         -           1192 31423at7147          -            364   4.4e-78  262.5 101.9   2  13   2.9e-07   3.9e-05   22.5   1.5    70   147   124   199   122   202 0.84 -
Dbuz11469-RA         -           1192 31423at7147          -            364   4.4e-78  262.5 101.9   3  13   1.3e-05    0.0017   17.1   0.1    75   132   202   261   198   263 0.84 -
Dbuz11469-RA         -           1192 31423at7147          -            364   4.4e-78  262.5 101.9   4  13   4.3e-13   5.8e-11   41.6   3.7    55   180   229   363   224   369 0.85 -
Dbuz11469-RA         -           1192 31423at7147          -            364   4.4e-78  262.5 101.9   5  13   1.3e-05    0.0017   17.0   1.7    75   130   374   430   365   434 0.88 -
Dbuz11469-RA         -           1192 31423at7147          -            364   4.4e-78  262.5 101.9   6  13   1.5e-06    0.0002   20.1   0.5    73   120   451   498   446   503 0.93 -
Dbuz11469-RA         -           1192 31423at7147          -            364   4.4e-78  262.5 101.9   7  13   2.6e-08   3.4e-06   25.9   0.3    74   124   502   552   499   554 0.94 -
Dbuz11469-RA         -           1192 31423at7147          -            364   4.4e-78  262.5 101.9   8  13   1.3e-09   1.8e-07   30.2   2.5    69   134   545   613   543   615 0.88 -
Dbuz11469-RA         -           1192 31423at7147          -            364   4.4e-78  262.5 101.9   9  13   1.9e-09   2.5e-07   29.7   7.9    58   134   605   683   598   688 0.88 -
Dbuz11469-RA         -           1192 31423at7147          -            364   4.4e-78  262.5 101.9  10  13   7.4e-14   9.8e-12   44.2   9.3    56   134   673   754   671   757 0.94 -
Dbuz11469-RA         -           1192 31423at7147          -            364   4.4e-78  262.5 101.9  11  13   2.1e-15   2.8e-13   49.3  10.7    49   221   760   940   756   961 0.83 -
Dbuz11469-RA         -           1192 31423at7147          -            364   4.4e-78  262.5 101.9  12  13   0.00019     0.025   13.2   0.0    60   133   983  1063   960  1068 0.75 -
Dbuz11469-RA         -           1192 31423at7147          -            364   4.4e-78  262.5 101.9  13  13      0.44        58    2.1   0.1   272   284  1096  1108  1088  1164 0.81 -
Dbuz05035-RA         -           1551 31423at7147          -            364   6.9e-77  258.5  66.5   1  11    0.0031      0.41    9.2   1.6    13   135    31   150    22   175 0.72 -
Dbuz05035-RA         -           1551 31423at7147          -            364   6.9e-77  258.5  66.5   2  11   2.3e-08   3.1e-06   26.1   0.1    58   134   163   244   150   252 0.80 -
Dbuz05035-RA         -           1551 31423at7147          -            364   6.9e-77  258.5  66.5   3  11   2.2e-10     3e-08   32.7   2.6    50   132   233   316   230   322 0.78 -
Dbuz05035-RA         -           1551 31423at7147          -            364   6.9e-77  258.5  66.5   4  11   6.6e-08   8.7e-06   24.6   0.2    66   136   350   420   324   424 0.86 -
Dbuz05035-RA         -           1551 31423at7147          -            364   6.9e-77  258.5  66.5   5  11   1.1e-15   1.5e-13   50.2   1.0    55   181   407   541   402   548 0.82 -
Dbuz05035-RA         -           1551 31423at7147          -            364   6.9e-77  258.5  66.5   6  11   7.1e-12   9.4e-10   37.7   1.2    39   134   506   609   499   613 0.85 -
Dbuz05035-RA         -           1551 31423at7147          -            364   6.9e-77  258.5  66.5   7  11     4e-10   5.4e-08   31.9   3.2    74   135   621   682   614   690 0.64 -
Dbuz05035-RA         -           1551 31423at7147          -            364   6.9e-77  258.5  66.5   8  11   9.4e-13   1.3e-10   40.5   0.6    54   134   692   776   686   781 0.92 -
Dbuz05035-RA         -           1551 31423at7147          -            364   6.9e-77  258.5  66.5   9  11   2.8e-07   3.7e-05   22.6   1.7    68   134   782   848   778   854 0.96 -
Dbuz05035-RA         -           1551 31423at7147          -            364   6.9e-77  258.5  66.5  10  11   4.8e-06   0.00064   18.5   0.0    71   121   857   907   851   909 0.94 -
Dbuz05035-RA         -           1551 31423at7147          -            364   6.9e-77  258.5  66.5  11  11   3.3e-08   4.4e-06   25.6   1.5   240   313   886   960   886   965 0.84 -
Dbuz06350-RA         -           1261 31423at7147          -            364   8.8e-74  248.3  68.8   1   9   1.3e-06   0.00017   20.4   0.2    14   107    32   126    25   132 0.86 -
Dbuz06350-RA         -           1261 31423at7147          -            364   8.8e-74  248.3  68.8   2   9   1.3e-06   0.00017   20.4   0.0    89   135   139   185   133   198 0.68 -
Dbuz06350-RA         -           1261 31423at7147          -            364   8.8e-74  248.3  68.8   3   9     2e-17   2.7e-15   55.9   1.0    53   136   209   297   196   302 0.91 -
Dbuz06350-RA         -           1261 31423at7147          -            364   8.8e-74  248.3  68.8   4   9     7e-09   9.2e-07   27.8   4.3    69   134   302   369   299   369 0.92 -
Dbuz06350-RA         -           1261 31423at7147          -            364   8.8e-74  248.3  68.8   5   9   5.3e-12   7.1e-10   38.1   3.2    69   132   352   415   350   420 0.96 -
Dbuz06350-RA         -           1261 31423at7147          -            364   8.8e-74  248.3  68.8   6   9   1.1e-10   1.5e-08   33.7   5.0    56   133   407   487   407   490 0.92 -
Dbuz06350-RA         -           1261 31423at7147          -            364   8.8e-74  248.3  68.8   7   9     2e-15   2.6e-13   49.4   4.9    68   227   494   660   486   664 0.91 -
Dbuz06350-RA         -           1261 31423at7147          -            364   8.8e-74  248.3  68.8   8   9   5.5e-05    0.0072   15.0   0.0   268   292   675   699   669   721 0.84 -
Dbuz06350-RA         -           1261 31423at7147          -            364   8.8e-74  248.3  68.8   9   9   2.4e-10   3.2e-08   32.6   9.3    11   176   761   922   745   944 0.53 -
Dbuz06338-RA         -           1423 31423at7147          -            364   8.1e-73  245.1  69.0   1  10   0.00013     0.018   13.7   0.1    68   109   123   164   111   174 0.75 -
Dbuz06338-RA         -           1423 31423at7147          -            364   8.1e-73  245.1  69.0   2  10     9e-07   0.00012   20.9   0.0    89   134   175   220   167   230 0.91 -
Dbuz06338-RA         -           1423 31423at7147          -            364   8.1e-73  245.1  69.0   3  10   3.3e-15   4.4e-13   48.6   2.4    53   136   245   333   242   335 0.92 -
Dbuz06338-RA         -           1423 31423at7147          -            364   8.1e-73  245.1  69.0   4  10   1.9e-09   2.5e-07   29.7   3.0    69   134   338   405   335   405 0.93 -
Dbuz06338-RA         -           1423 31423at7147          -            364   8.1e-73  245.1  69.0   5  10   1.5e-11     2e-09   36.6   5.5    70   132   389   451   387   456 0.96 -
Dbuz06338-RA         -           1423 31423at7147          -            364   8.1e-73  245.1  69.0   6  10   2.8e-12   3.8e-10   39.0   1.4    68   134   459   524   457   526 0.96 -
Dbuz06338-RA         -           1423 31423at7147          -            364   8.1e-73  245.1  69.0   7  10   1.2e-15   1.7e-13   50.0   3.5    67   228   529   697   521   706 0.90 -
Dbuz06338-RA         -           1423 31423at7147          -            364   8.1e-73  245.1  69.0   8  10    0.0001     0.014   14.1   0.1   264   292   707   735   701   753 0.83 -
Dbuz06338-RA         -           1423 31423at7147          -            364   8.1e-73  245.1  69.0   9  10   3.9e-06   0.00051   18.8   4.0    67   120   845   898   778   899 0.60 -
Dbuz06338-RA         -           1423 31423at7147          -            364   8.1e-73  245.1  69.0  10  10   3.8e-07     5e-05   22.1   0.3    70   119   896   945   893   964 0.84 -
Dbuz03495-RA         -           1347 31423at7147          -            364   2.9e-67  226.9  78.6   1  12   6.6e-05    0.0088   14.7   0.5    70   135    93   164    85   165 0.84 -
Dbuz03495-RA         -           1347 31423at7147          -            364   2.9e-67  226.9  78.6   2  12   4.7e-06   0.00062   18.5   0.2    67   121   144   198   136   207 0.84 -
Dbuz03495-RA         -           1347 31423at7147          -            364   2.9e-67  226.9  78.6   3  12   5.3e-14   7.1e-12   44.6   2.2    52   134   207   293   198   297 0.91 -
Dbuz03495-RA         -           1347 31423at7147          -            364   2.9e-67  226.9  78.6   4  12   1.3e-07   1.7e-05   23.6   0.7    68   112   275   319   269   324 0.94 -
Dbuz03495-RA         -           1347 31423at7147          -            364   2.9e-67  226.9  78.6   5  12   5.8e-11   7.6e-09   34.7   1.9    69   132   300   365   294   370 0.92 -
Dbuz03495-RA         -           1347 31423at7147          -            364   2.9e-67  226.9  78.6   6  12   1.7e-16   2.2e-14   52.9  11.2    69   196   374   503   368   503 0.92 -
Dbuz03495-RA         -           1347 31423at7147          -            364   2.9e-67  226.9  78.6   7  12     6e-16     8e-14   51.1   6.3    52   196   466   620   464   624 0.88 -
Dbuz03495-RA         -           1347 31423at7147          -            364   2.9e-67  226.9  78.6   8  12   4.4e-12   5.9e-10   38.3   1.4    69   194   534   665   531   665 0.93 -
Dbuz03495-RA         -           1347 31423at7147          -            364   2.9e-67  226.9  78.6   9  12   5.7e-05    0.0076   14.9   0.2    59   118   638   699   632   707 0.81 -
Dbuz03495-RA         -           1347 31423at7147          -            364   2.9e-67  226.9  78.6  10  12    0.0057      0.76    8.4   0.2   272   291   718   737   707   748 0.82 -
Dbuz03495-RA         -           1347 31423at7147          -            364   2.9e-67  226.9  78.6  11  12   2.7e-08   3.5e-06   25.9   1.1    77   134   834   891   828   897 0.95 -
Dbuz03495-RA         -           1347 31423at7147          -            364   2.9e-67  226.9  78.6  12  12   4.9e-08   6.5e-06   25.0   0.6    70   132   899   960   894   973 0.93 -
Dbuz03490-RA         -           1532 31423at7147          -            364   2.8e-65  220.3  71.6   1  10    0.0023      0.31    9.6   0.1    88   133   145   190   132   199 0.82 -
Dbuz03490-RA         -           1532 31423at7147          -            364   2.8e-65  220.3  71.6   2  10   4.2e-09   5.6e-07   28.5   0.3    88   134   199   245   195   258 0.91 -
Dbuz03490-RA         -           1532 31423at7147          -            364   2.8e-65  220.3  71.6   3  10   1.5e-10     2e-08   33.3   3.7    55   133   289   372   284   373 0.86 -
Dbuz03490-RA         -           1532 31423at7147          -            364   2.8e-65  220.3  71.6   4  10   3.4e-10   4.5e-08   32.1   3.3    74   134   361   423   357   425 0.91 -
Dbuz03490-RA         -           1532 31423at7147          -            364   2.8e-65  220.3  71.6   5  10   2.2e-11   2.9e-09   36.1   6.8    48   134   427   519   425   522 0.91 -
Dbuz03490-RA         -           1532 31423at7147          -            364   2.8e-65  220.3  71.6   6  10     2e-16   2.6e-14   52.6   4.3    54   197   507   660   505   661 0.89 -
Dbuz03490-RA         -           1532 31423at7147          -            364   2.8e-65  220.3  71.6   7  10   3.8e-14     5e-12   45.1   5.5    66   228   570   739   567   744 0.86 -
Dbuz03490-RA         -           1532 31423at7147          -            364   2.8e-65  220.3  71.6   8  10   6.4e-05    0.0085   14.8   0.0   263   292   748   777   741   795 0.84 -
Dbuz03490-RA         -           1532 31423at7147          -            364   2.8e-65  220.3  71.6   9  10   0.00046     0.062   11.9   2.4    70   121   890   941   821   942 0.77 -
Dbuz03490-RA         -           1532 31423at7147          -            364   2.8e-65  220.3  71.6  10  10   2.1e-09   2.8e-07   29.5   0.5    70   138   938  1006   936  1015 0.92 -
Dbuz10111-RA         -            797 31423at7147          -            364   5.9e-49  166.6  22.6   1   6   7.8e-14     1e-11   44.1   3.0    34   129    72   175    42   175 0.78 -
Dbuz10111-RA         -            797 31423at7147          -            364   5.9e-49  166.6  22.6   2   6     3e-10     4e-08   32.3   0.2    70   135   164   230   164   232 0.93 -
Dbuz10111-RA         -            797 31423at7147          -            364   5.9e-49  166.6  22.6   3   6   1.2e-10   1.6e-08   33.6   0.0    70   134   213   277   210   280 0.96 -
Dbuz10111-RA         -            797 31423at7147          -            364   5.9e-49  166.6  22.6   4   6   4.1e-12   5.5e-10   38.4   0.0    70   134   237   301   231   303 0.97 -
Dbuz10111-RA         -            797 31423at7147          -            364   5.9e-49  166.6  22.6   5   6   5.8e-10   7.7e-08   31.4   0.2    70   135   285   351   282   360 0.90 -
Dbuz10111-RA         -            797 31423at7147          -            364   5.9e-49  166.6  22.6   6   6     2e-12   2.6e-10   39.5   0.5   239   338   364   471   350   489 0.77 -
Dbuz08059-RA         -           1335 31423at7147          -            364   1.7e-48  165.1  64.3   1   7   6.5e-16   8.6e-14   51.0  11.0    11   133   303   432   294   432 0.75 -
Dbuz08059-RA         -           1335 31423at7147          -            364   1.7e-48  165.1  64.3   2   7   5.4e-11   7.2e-09   34.7   6.2    70   134   417   481   416   486 0.95 -
Dbuz08059-RA         -           1335 31423at7147          -            364   1.7e-48  165.1  64.3   3   7   3.6e-10   4.7e-08   32.1   3.5    69   134   487   552   483   555 0.96 -
Dbuz08059-RA         -           1335 31423at7147          -            364   1.7e-48  165.1  64.3   4   7     1e-14   1.4e-12   47.0   6.7    53   134   539   624   536   630 0.94 -
Dbuz08059-RA         -           1335 31423at7147          -            364   1.7e-48  165.1  64.3   5   7   1.2e-11   1.6e-09   36.9   3.9    69   134   636   701   626   702 0.95 -
Dbuz08059-RA         -           1335 31423at7147          -            364   1.7e-48  165.1  64.3   6   7   7.7e-05      0.01   14.5   1.0   263   317   690   754   689   786 0.82 -
Dbuz08059-RA         -           1335 31423at7147          -            364   1.7e-48  165.1  64.3   7   7       2.7   3.6e+02   -0.5   0.2   293   337  1047  1094  1039  1113 0.69 -
Dbuz10104-RA         -            746 31423at7147          -            364   7.4e-47  159.7  31.2   1   8   4.4e-05    0.0058   15.3   0.2    75   124    59   107    54   108 0.89 -
Dbuz10104-RA         -            746 31423at7147          -            364   7.4e-47  159.7  31.2   2   8   1.2e-09   1.6e-07   30.3   0.6    70   129   101   160    99   160 0.96 -
Dbuz10104-RA         -            746 31423at7147          -            364   7.4e-47  159.7  31.2   3   8   9.5e-12   1.3e-09   37.2   0.2    58   135   133   215   132   217 0.91 -
Dbuz10104-RA         -            746 31423at7147          -            364   7.4e-47  159.7  31.2   4   8   1.9e-10   2.5e-08   33.0   0.1    69   134   197   262   195   271 0.96 -
Dbuz10104-RA         -            746 31423at7147          -            364   7.4e-47  159.7  31.2   5   8   1.7e-11   2.3e-09   36.4   0.1    69   134   221   286   216   287 0.97 -
Dbuz10104-RA         -            746 31423at7147          -            364   7.4e-47  159.7  31.2   6   8   1.5e-08     2e-06   26.7   0.1    71   135   271   336   264   342 0.92 -
Dbuz10104-RA         -            746 31423at7147          -            364   7.4e-47  159.7  31.2   7   8     4e-07   5.3e-05   22.0   0.1    70   132   319   381   316   381 0.91 -
Dbuz10104-RA         -            746 31423at7147          -            364   7.4e-47  159.7  31.2   8   8   4.5e-11   5.9e-09   35.0   0.2   240   339   350   459   345   468 0.79 -
Dbuz08018-RA         -           1050 31423at7147          -            364   4.9e-44  150.5  28.5   1   6     2e-05    0.0027   16.4   0.1    73   134   305   366   297   372 0.92 -
Dbuz08018-RA         -           1050 31423at7147          -            364   4.9e-44  150.5  28.5   2   6   1.6e-13   2.2e-11   43.0   2.5    74   134   379   439   374   444 0.96 -
Dbuz08018-RA         -           1050 31423at7147          -            364   4.9e-44  150.5  28.5   3   6   9.5e-14   1.3e-11   43.8   3.7    51   136   447   533   440   559 0.69 -
Dbuz08018-RA         -           1050 31423at7147          -            364   4.9e-44  150.5  28.5   4   6   6.3e-05    0.0084   14.8   0.1    68   134   537   607   532   611 0.80 -
Dbuz08018-RA         -           1050 31423at7147          -            364   4.9e-44  150.5  28.5   5   6   3.2e-10   4.2e-08   32.2   2.5    67   134   612   679   607   684 0.92 -
Dbuz08018-RA         -           1050 31423at7147          -            364   4.9e-44  150.5  28.5   6   6    0.0004     0.053   12.1   0.0   239   292   697   751   688   762 0.81 -
Dbuz03593-RA         -            550 31423at7147          -            364   1.3e-43  149.0  55.9   1   8   3.8e-07   5.1e-05   22.1   4.3    70   135   103   168    26   172 0.82 -
Dbuz03593-RA         -            550 31423at7147          -            364   1.3e-43  149.0  55.9   2   8   6.4e-15   8.5e-13   47.7   5.7    56   134   178   257   168   261 0.96 -
Dbuz03593-RA         -            550 31423at7147          -            364   1.3e-43  149.0  55.9   3   8   1.4e-12   1.9e-10   39.9   2.4    75   134   271   330   262   334 0.96 -
Dbuz03593-RA         -            550 31423at7147          -            364   1.3e-43  149.0  55.9   4   8     6e-10     8e-08   31.3   0.2    70   119   314   363   313   367 0.94 -
Dbuz03593-RA         -            550 31423at7147          -            364   1.3e-43  149.0  55.9   5   8   5.4e-11   7.2e-09   34.7   2.2    69   134   337   404   333   407 0.94 -
Dbuz03593-RA         -            550 31423at7147          -            364   1.3e-43  149.0  55.9   6   8   3.7e-11   4.9e-09   35.3   1.4    72   135   366   429   364   443 0.94 -
Dbuz03593-RA         -            550 31423at7147          -            364   1.3e-43  149.0  55.9   7   8   5.9e-05    0.0078   14.9   0.1    69   114   411   456   409   458 0.93 -
Dbuz03593-RA         -            550 31423at7147          -            364   1.3e-43  149.0  55.9   8   8      0.15        20    3.6   0.4   255   279   456   480   443   493 0.79 -
Dbuz10425-RA         -           1410 31423at7147          -            364   8.5e-43  146.4  51.0   1   7   4.3e-09   5.8e-07   28.5   1.0    75   157   202   287   197   291 0.75 -
Dbuz10425-RA         -           1410 31423at7147          -            364   8.5e-43  146.4  51.0   2   7   3.3e-08   4.4e-06   25.6   0.3    70   136   268   334   265   341 0.96 -
Dbuz10425-RA         -           1410 31423at7147          -            364   8.5e-43  146.4  51.0   3   7   2.4e-07   3.1e-05   22.8   1.3    70   133   292   355   288   359 0.95 -
Dbuz10425-RA         -           1410 31423at7147          -            364   8.5e-43  146.4  51.0   4   7   7.8e-07    0.0001   21.1   0.9    71   134   317   380   313   382 0.95 -
Dbuz10425-RA         -           1410 31423at7147          -            364   8.5e-43  146.4  51.0   5   7   7.2e-07   9.6e-05   21.2   1.8    55   113   345   407   342   411 0.58 -
Dbuz10425-RA         -           1410 31423at7147          -            364   8.5e-43  146.4  51.0   6   7   1.3e-15   1.8e-13   49.9   2.9    55   197   393   543   392   546 0.87 -
Dbuz10425-RA         -           1410 31423at7147          -            364   8.5e-43  146.4  51.0   7   7   5.9e-20   7.8e-18   64.2   1.3    33   135   506   614   502   637 0.92 -
Dbuz07338-RA         -            617 31423at7147          -            364   3.6e-41  141.0  39.8   1   6     1e-10   1.3e-08   33.9   4.0    75   134   183   242   168   245 0.94 -
Dbuz07338-RA         -            617 31423at7147          -            364   3.6e-41  141.0  39.8   2   6   2.1e-11   2.9e-09   36.1   5.6    54   134   230   314   230   318 0.95 -
Dbuz07338-RA         -            617 31423at7147          -            364   3.6e-41  141.0  39.8   3   6   3.1e-14   4.1e-12   45.4   3.8    54   134   326   410   322   413 0.94 -
Dbuz07338-RA         -            617 31423at7147          -            364   3.6e-41  141.0  39.8   4   6   3.7e-12   4.9e-10   38.6   4.3    68   134   368   434   365   435 0.97 -
Dbuz07338-RA         -            617 31423at7147          -            364   3.6e-41  141.0  39.8   5   6     9e-13   1.2e-10   40.6   3.5    68   139   416   488   413   496 0.91 -
Dbuz07338-RA         -            617 31423at7147          -            364   3.6e-41  141.0  39.8   6   6     0.015       2.1    6.9   0.1   262   321   494   561   489   565 0.76 -
Dbuz06524-RA         -            472 31423at7147          -            364   9.8e-39  133.0  56.5   1   6   1.2e-07   1.6e-05   23.8   4.8    56   134    83   165    62   165 0.87 -
Dbuz06524-RA         -            472 31423at7147          -            364   9.8e-39  133.0  56.5   2   6     2e-12   2.7e-10   39.5   2.4    56   132   155   236   153   236 0.91 -
Dbuz06524-RA         -            472 31423at7147          -            364   9.8e-39  133.0  56.5   3   6   3.9e-11   5.2e-09   35.2   1.4    73   132   225   284   220   284 0.95 -
Dbuz06524-RA         -            472 31423at7147          -            364   9.8e-39  133.0  56.5   4   6   7.1e-15   9.4e-13   47.5   4.8    56   134   252   335   251   338 0.91 -
Dbuz06524-RA         -            472 31423at7147          -            364   9.8e-39  133.0  56.5   5   6   9.9e-11   1.3e-08   33.9   3.9    73   134   322   384   319   388 0.93 -
Dbuz06524-RA         -            472 31423at7147          -            364   9.8e-39  133.0  56.5   6   6   7.2e-07   9.5e-05   21.2   1.2    75   122   349   396   342   403 0.73 -
Dbuz02367-RA         -           1223 31423at7147          -            364   5.6e-35  120.6  41.8   1   6   3.4e-05    0.0045   15.7   1.6    65   135   196   271   169   272 0.83 -
Dbuz02367-RA         -           1223 31423at7147          -            364   5.6e-35  120.6  41.8   2   6     2e-11   2.6e-09   36.2   4.5    71   134   255   318   247   320 0.96 -
Dbuz02367-RA         -           1223 31423at7147          -            364   5.6e-35  120.6  41.8   3   6     2e-09   2.6e-07   29.6   5.6    69   134   301   366   300   372 0.96 -
Dbuz02367-RA         -           1223 31423at7147          -            364   5.6e-35  120.6  41.8   4   6   3.9e-16   5.2e-14   51.7   8.4    55   136   355   440   354   468 0.82 -
Dbuz02367-RA         -           1223 31423at7147          -            364   5.6e-35  120.6  41.8   5   6   1.4e-05    0.0019   16.9   0.3    55   115   483   547   478   550 0.84 -
Dbuz02367-RA         -           1223 31423at7147          -            364   5.6e-35  120.6  41.8   6   6   6.5e-07   8.6e-05   21.3   0.4   239   290   531   581   526   641 0.79 -
Dbuz06157-RA         -            831 31423at7147          -            364   9.7e-35  119.9  26.7   1   5   1.4e-07   1.9e-05   23.5   0.1    67   134   181   248   118   255 0.71 -
Dbuz06157-RA         -            831 31423at7147          -            364   9.7e-35  119.9  26.7   2   5   3.5e-12   4.6e-10   38.7   3.3    55   134   237   322   236   330 0.74 -
Dbuz06157-RA         -            831 31423at7147          -            364   9.7e-35  119.9  26.7   3   5   1.1e-10   1.5e-08   33.7   5.3    55   133   311   394   308   395 0.90 -
Dbuz06157-RA         -            831 31423at7147          -            364   9.7e-35  119.9  26.7   4   5   7.5e-13     1e-10   40.9   0.4    70   134   379   443   377   447 0.96 -
Dbuz06157-RA         -            831 31423at7147          -            364   9.7e-35  119.9  26.7   5   5     2e-07   2.6e-05   23.0   0.2   260   316   453   515   444   519 0.86 -
Dbuz04509-RA         -            463 31423at7147          -            364   2.5e-34  118.5  23.9   1   4   1.1e-10   1.5e-08   33.7   0.4    70   135    89   154    79   159 0.91 -
Dbuz04509-RA         -            463 31423at7147          -            364   2.5e-34  118.5  23.9   2   4   2.3e-09   3.1e-07   29.4   2.4    67   157   158   261   155   262 0.70 -
Dbuz04509-RA         -            463 31423at7147          -            364   2.5e-34  118.5  23.9   3   4   5.6e-10   7.4e-08   31.4   5.8    40   134   233   330   218   332 0.81 -
Dbuz04509-RA         -            463 31423at7147          -            364   2.5e-34  118.5  23.9   4   4   7.6e-16     1e-13   50.7   3.8    66   209   310   462   308   463 0.87 -
Dbuz03965-RA         -            627 31423at7147          -            364   1.9e-32  112.3  32.3   1   4   0.00012     0.016   13.9   0.1    55   116   147   210   138   214 0.82 -
Dbuz03965-RA         -            627 31423at7147          -            364   1.9e-32  112.3  32.3   2   4   2.1e-15   2.7e-13   49.3   6.6    54   198   215   367   211   369 0.85 -
Dbuz03965-RA         -            627 31423at7147          -            364   1.9e-32  112.3  32.3   3   4   5.9e-09   7.8e-07   28.1   2.9    58   181   357   489   352   492 0.65 -
Dbuz03965-RA         -            627 31423at7147          -            364   1.9e-32  112.3  32.3   4   4   7.6e-11     1e-08   34.3   3.6    54   157   494   602   486   621 0.83 -
Dbuz00712-RA         -           1104 31423at7147          -            364     3e-32  111.7  60.4   1   8     1e-07   1.4e-05   24.0   0.8    61   134   135   208   130   211 0.93 -
Dbuz00712-RA         -           1104 31423at7147          -            364     3e-32  111.7  60.4   2   8   3.5e-08   4.7e-06   25.5   4.8    68   134   190   256   189   257 0.96 -
Dbuz00712-RA         -           1104 31423at7147          -            364     3e-32  111.7  60.4   3   8   1.7e-08   2.2e-06   26.6   4.8    55   133   221   303   220   308 0.93 -
Dbuz00712-RA         -           1104 31423at7147          -            364     3e-32  111.7  60.4   4   8     8e-05     0.011   14.5   1.9    68   134   312   377   308   381 0.95 -
Dbuz00712-RA         -           1104 31423at7147          -            364     3e-32  111.7  60.4   5   8   4.1e-12   5.5e-10   38.4   8.3    59   135   370   450   369   466 0.89 -
Dbuz00712-RA         -           1104 31423at7147          -            364     3e-32  111.7  60.4   6   8   1.6e-05    0.0021   16.8   1.2    53   114   471   537   465   544 0.81 -
Dbuz00712-RA         -           1104 31423at7147          -            364     3e-32  111.7  60.4   7   8    0.0056      0.74    8.4   0.1   266   317   561   626   551   630 0.71 -
Dbuz00712-RA         -           1104 31423at7147          -            364     3e-32  111.7  60.4   8   8   0.00053      0.07   11.8   4.0    12   132   640   757   633   766 0.77 -
Dbuz10418-RA         -            475 31423at7147          -            364   6.8e-32  110.5  54.6   1   4   3.5e-09   4.6e-07   28.8  17.6    59   174     8   134     3   138 0.79 -
Dbuz10418-RA         -            475 31423at7147          -            364   6.8e-32  110.5  54.6   2   4   3.9e-09   5.2e-07   28.6   2.6    71   135   251   315   242   324 0.92 -
Dbuz10418-RA         -            475 31423at7147          -            364   6.8e-32  110.5  54.6   3   4   3.9e-14   5.2e-12   45.1   7.8    55   134   327   410   322   417 0.91 -
Dbuz10418-RA         -            475 31423at7147          -            364   6.8e-32  110.5  54.6   4   4   1.1e-08   1.5e-06   27.1   6.7    54   125   398   473   391   475 0.86 -
Dbuz12312-RA         -            365 31423at7147          -            364   1.6e-31  109.3  31.3   1   4   9.2e-10   1.2e-07   30.7   4.9    49   130   102   186    96   186 0.89 -
Dbuz12312-RA         -            365 31423at7147          -            364   1.6e-31  109.3  31.3   2   4   1.1e-13   1.4e-11   43.7   1.3    69   134   173   238   171   241 0.96 -
Dbuz12312-RA         -            365 31423at7147          -            364   1.6e-31  109.3  31.3   3   4   2.3e-11   3.1e-09   35.9   1.0    72   134   248   310   243   312 0.96 -
Dbuz12312-RA         -            365 31423at7147          -            364   1.6e-31  109.3  31.3   4   4   6.6e-12   8.7e-10   37.8   2.2    70   134   294   358   293   363 0.95 -
Dbuz00195-RA         -            884 31423at7147          -            364   1.6e-31  109.2  25.6   1   5   1.3e-15   1.8e-13   49.9   8.9    32   134   105   211    90   214 0.89 -
Dbuz00195-RA         -            884 31423at7147          -            364   1.6e-31  109.2  25.6   2   5   6.2e-12   8.2e-10   37.9   0.4    76   177   201   306   200   307 0.93 -
Dbuz00195-RA         -            884 31423at7147          -            364   1.6e-31  109.2  25.6   3   5   5.2e-08   6.9e-06   25.0   0.2    52   135   269   353   262   356 0.80 -
Dbuz00195-RA         -            884 31423at7147          -            364   1.6e-31  109.2  25.6   4   5   4.5e-09   5.9e-07   28.4   2.7    56   124   342   411   342   413 0.90 -
Dbuz00195-RA         -            884 31423at7147          -            364   1.6e-31  109.2  25.6   5   5       0.5        66    2.0   0.1   240   276   408   444   405   450 0.62 -
Dbuz09867-RA         -            875 31423at7147          -            364   6.2e-30  104.1  33.1   1   4   1.2e-09   1.6e-07   30.3   0.3    49   134    48   140    38   146 0.88 -
Dbuz09867-RA         -            875 31423at7147          -            364   6.2e-30  104.1  33.1   2   4   5.3e-11     7e-09   34.8   9.6    50   179   151   287   146   290 0.86 -
Dbuz09867-RA         -            875 31423at7147          -            364   6.2e-30  104.1  33.1   3   4   1.8e-08   2.4e-06   26.5   4.2    70   133   291   354   287   359 0.94 -
Dbuz09867-RA         -            875 31423at7147          -            364   6.2e-30  104.1  33.1   4   4   3.5e-10   4.6e-08   32.1   2.0    54   119   343   409   339   416 0.90 -
Dbuz05608-RA         -            552 31423at7147          -            364   3.7e-29  101.5  36.6   1   4   2.1e-08   2.8e-06   26.2   1.0    68   124    85   141    55   143 0.92 -
Dbuz05608-RA         -            552 31423at7147          -            364   3.7e-29  101.5  36.6   2   4   3.6e-11   4.8e-09   35.3   1.7    67   133   132   198   130   204 0.94 -
Dbuz05608-RA         -            552 31423at7147          -            364   3.7e-29  101.5  36.6   3   4   5.3e-11     7e-09   34.8   9.6    68   196   205   329   202   334 0.90 -
Dbuz05608-RA         -            552 31423at7147          -            364   3.7e-29  101.5  36.6   4   4   3.6e-08   4.8e-06   25.5   1.8    69   132   336   400   331   410 0.88 -
Dbuz02051-RA         -            576 31423at7147          -            364   5.7e-29  100.9  33.3   1   4   1.9e-09   2.5e-07   29.7   0.5    68   134   138   204   133   206 0.97 -
Dbuz02051-RA         -            576 31423at7147          -            364   5.7e-29  100.9  33.3   2   4   9.1e-15   1.2e-12   47.2   1.3    69   134   187   252   186   255 0.97 -
Dbuz02051-RA         -            576 31423at7147          -            364   5.7e-29  100.9  33.3   3   4   3.6e-11   4.8e-09   35.3  11.5    69   213   235   376   233   386 0.93 -
Dbuz02051-RA         -            576 31423at7147          -            364   5.7e-29  100.9  33.3   4   4   1.1e-08   1.4e-06   27.2   0.4    55   133   371   452   368   466 0.84 -
Dbuz07838-RA         -            903 31423at7147          -            364   6.1e-28   97.5   9.5   1   6     0.019       2.5    6.6   0.4    71   132     5    66     2    66 0.79 -
Dbuz07838-RA         -            903 31423at7147          -            364   6.1e-28   97.5   9.5   2   6   5.5e-11   7.3e-09   34.7   7.6    55   149    32   135    27   139 0.76 -
Dbuz07838-RA         -            903 31423at7147          -            364   6.1e-28   97.5   9.5   3   6   1.8e-07   2.4e-05   23.1   0.2    54   133   128   215   118   222 0.82 -
Dbuz07838-RA         -            903 31423at7147          -            364   6.1e-28   97.5   9.5   4   6     5e-05    0.0067   15.1   0.1    56   121   206   275   205   280 0.68 -
Dbuz07838-RA         -            903 31423at7147          -            364   6.1e-28   97.5   9.5   5   6   2.9e-07   3.9e-05   22.5   0.0   259   319   274   344   269   349 0.75 -
Dbuz07838-RA         -            903 31423at7147          -            364   6.1e-28   97.5   9.5   6   6       7.9   1.1e+03   -2.0   0.0   189   245   564   622   561   627 0.77 -
Dbuz06711-RA         -            454 31423at7147          -            364   6.6e-28   97.4  19.9   1   4   2.2e-08   2.9e-06   26.2   0.8    53   135    76   158    15   168 0.87 -
Dbuz06711-RA         -            454 31423at7147          -            364   6.6e-28   97.4  19.9   2   4   4.4e-06   0.00059   18.6   0.0    53   105   187   241   179   246 0.88 -
Dbuz06711-RA         -            454 31423at7147          -            364   6.6e-28   97.4  19.9   3   4   1.1e-17   1.4e-15   56.8   5.6    68   153   245   329   242   334 0.96 -
Dbuz06711-RA         -            454 31423at7147          -            364   6.6e-28   97.4  19.9   4   4      0.11        15    4.1   0.1    83   121   341   379   338   392 0.82 -
Dbuz00298-RA         -            767 31423at7147          -            364   1.2e-27   96.6  42.1   1   6   1.4e-05    0.0019   16.9   4.6    75   134   232   289   212   292 0.86 -
Dbuz00298-RA         -            767 31423at7147          -            364   1.2e-27   96.6  42.1   2   6   8.6e-14   1.1e-11   44.0  10.7    36   191   278   442   275   442 0.85 -
Dbuz00298-RA         -            767 31423at7147          -            364   1.2e-27   96.6  42.1   3   6   2.4e-10   3.2e-08   32.6   2.4    55   134   393   473   390   475 0.94 -
Dbuz00298-RA         -            767 31423at7147          -            364   1.2e-27   96.6  42.1   4   6     2e-06   0.00027   19.7   0.6    55   119   439   505   438   516 0.83 -
Dbuz00298-RA         -            767 31423at7147          -            364   1.2e-27   96.6  42.1   5   6   5.2e-05    0.0069   15.1   3.7    51   133   586   671   550   672 0.77 -
Dbuz00298-RA         -            767 31423at7147          -            364   1.2e-27   96.6  42.1   6   6   5.2e-09     7e-07   28.2   1.0    54   132   660   740   654   744 0.86 -
Dbuz09548-RA         -            489 31423at7147          -            364   9.7e-27   93.5  16.7   1   4     2e-10   2.6e-08   32.9   0.9    57   112    84   140    39   155 0.78 -
Dbuz09548-RA         -            489 31423at7147          -            364   9.7e-27   93.5  16.7   2   4   2.2e-10     3e-08   32.7   0.9    56   132   162   245   141   251 0.79 -
Dbuz09548-RA         -            489 31423at7147          -            364   9.7e-27   93.5  16.7   3   4   1.7e-05    0.0022   16.7   0.1    73   138   257   324   247   334 0.58 -
Dbuz09548-RA         -            489 31423at7147          -            364   9.7e-27   93.5  16.7   4   4   9.6e-07   0.00013   20.8   0.1   240   341   344   455   340   464 0.82 -
Dbuz04082-RA         -            805 31423at7147          -            364   9.5e-26   90.3  36.9   1   6   1.4e-07   1.8e-05   23.6   0.7    12   131    24   142    14   144 0.85 -
Dbuz04082-RA         -            805 31423at7147          -            364   9.5e-26   90.3  36.9   2   6   6.6e-07   8.7e-05   21.3  13.1    69   231   128   284   126   291 0.73 -
Dbuz04082-RA         -            805 31423at7147          -            364   9.5e-26   90.3  36.9   3   6   7.6e-05      0.01   14.5   3.6    54   117   248   314   246   322 0.84 -
Dbuz04082-RA         -            805 31423at7147          -            364   9.5e-26   90.3  36.9   4   6   1.5e-09   2.1e-07   30.0   2.0    54   134   295   379   293   383 0.88 -
Dbuz04082-RA         -            805 31423at7147          -            364   9.5e-26   90.3  36.9   5   6   4.8e-08   6.3e-06   25.1   0.5    56   114   369   430   361   435 0.78 -
Dbuz04082-RA         -            805 31423at7147          -            364   9.5e-26   90.3  36.9   6   6   4.9e-05    0.0065   15.2   0.2    73   120   437   483   434   490 0.90 -
Dbuz10554-RA         -           1253 31423at7147          -            364   3.7e-25   88.3  28.9   1   3   6.6e-09   8.8e-07   27.9   2.6    33   134     3   112     1   114 0.72 -
Dbuz10554-RA         -           1253 31423at7147          -            364   3.7e-25   88.3  28.9   2   3   1.7e-15   2.3e-13   49.5  11.2    33   179    73   235    72   236 0.83 -
Dbuz10554-RA         -           1253 31423at7147          -            364   3.7e-25   88.3  28.9   3   3   3.5e-11   4.7e-09   35.4   6.3    55   195   220   370   215   375 0.81 -
Dbuz02052-RA         -            394 31423at7147          -            364   4.7e-25   88.0  31.7   1   5    0.0099       1.3    7.6   1.4    85   128    35    78    11    87 0.82 -
Dbuz02052-RA         -            394 31423at7147          -            364   4.7e-25   88.0  31.7   2   5     2e-11   2.6e-09   36.2   3.1    68   134    90   156    82   163 0.93 -
Dbuz02052-RA         -            394 31423at7147          -            364   4.7e-25   88.0  31.7   3   5   5.4e-12   7.2e-10   38.0   4.3    70   134   116   180   113   181 0.96 -
Dbuz02052-RA         -            394 31423at7147          -            364   4.7e-25   88.0  31.7   4   5   6.9e-13   9.1e-11   41.0   8.5    69   193   163   285   161   288 0.94 -
Dbuz02052-RA         -            394 31423at7147          -            364   4.7e-25   88.0  31.7   5   5     0.028       3.7    6.1   0.0    74   111   299   336   297   344 0.91 -
Dbuz11794-RA         -            805 31423at7147          -            364   4.8e-25   88.0  20.3   1   3   1.6e-09   2.1e-07   29.9   0.3    47   134   191   284   163   289 0.85 -
Dbuz11794-RA         -            805 31423at7147          -            364   4.8e-25   88.0  20.3   2   3   5.7e-10   7.5e-08   31.4   5.1    69   134   291   357   285   360 0.94 -
Dbuz11794-RA         -            805 31423at7147          -            364   4.8e-25   88.0  20.3   3   3   5.4e-11   7.2e-09   34.7   2.3    51   134   365   452   362   457 0.92 -
Dbuz07327-RA         -            435 31423at7147          -            364     1e-24   86.9  24.4   1   3   6.1e-10   8.2e-08   31.3   3.3    67   136   176   245   107   248 0.87 -
Dbuz07327-RA         -            435 31423at7147          -            364     1e-24   86.9  24.4   2   3   6.4e-13   8.5e-11   41.1   7.3    55   134   232   315   231   319 0.95 -
Dbuz07327-RA         -            435 31423at7147          -            364     1e-24   86.9  24.4   3   3   5.4e-11   7.2e-09   34.7   1.8    68   134   321   387   316   396 0.94 -
Dbuz02343-RA         -            906 31423at7147          -            364   4.9e-24   84.7   8.6   1   3   1.1e-10   1.5e-08   33.7   1.8    10   119    98   199    93   201 0.87 -
Dbuz02343-RA         -            906 31423at7147          -            364   4.9e-24   84.7   8.6   2   3   9.2e-14   1.2e-11   43.9   0.3    71   135   199   263   195   271 0.95 -
Dbuz02343-RA         -            906 31423at7147          -            364   4.9e-24   84.7   8.6   3   3   0.00015      0.02   13.5   0.2   243   316   255   335   254   345 0.86 -
Dbuz05017-RA         -            680 31423at7147          -            364     1e-23   83.6  39.1   1   5   9.9e-10   1.3e-07   30.6   0.9    65   134    26    96     1   114 0.81 -
Dbuz05017-RA         -            680 31423at7147          -            364     1e-23   83.6  39.1   2   5   5.8e-07   7.7e-05   21.5   2.5    34   176    83   239    83   241 0.78 -
Dbuz05017-RA         -            680 31423at7147          -            364     1e-23   83.6  39.1   3   5   1.2e-11   1.6e-09   36.9   4.2    43   134   191   286   189   287 0.90 -
Dbuz05017-RA         -            680 31423at7147          -            364     1e-23   83.6  39.1   4   5   1.3e-11   1.7e-09   36.8   9.0    54   141   226   317   222   333 0.89 -
Dbuz05017-RA         -            680 31423at7147          -            364     1e-23   83.6  39.1   5   5       4.9   6.5e+02   -1.3   2.2    90   117   383   410   311   424 0.57 -
Dbuz01268-RA         -            359 31423at7147          -            364   1.2e-23   83.4  28.9   1   3   1.6e-12   2.1e-10   39.8   2.1    55   197    13   163     6   164 0.79 -
Dbuz01268-RA         -            359 31423at7147          -            364   1.2e-23   83.4  28.9   2   3   4.2e-09   5.6e-07   28.5   0.7    54   132   104   183    96   185 0.88 -
Dbuz01268-RA         -            359 31423at7147          -            364   1.2e-23   83.4  28.9   3   3   9.8e-13   1.3e-10   40.5  11.9    55   196   151   300   149   315 0.86 -
Dbuz02307-RA         -            947 31423at7147          -            364   1.5e-22   79.8  12.2   1   4   9.1e-14   1.2e-11   43.9   0.8    50   133    64   143    26   147 0.75 -
Dbuz02307-RA         -            947 31423at7147          -            364   1.5e-22   79.8  12.2   2   4   1.2e-10   1.6e-08   33.6   0.1    69   134   127   192   125   199 0.94 -
Dbuz02307-RA         -            947 31423at7147          -            364   1.5e-22   79.8  12.2   3   4   2.6e-06   0.00035   19.3   0.0    68   117   150   199   146   214 0.83 -
Dbuz02307-RA         -            947 31423at7147          -            364   1.5e-22   79.8  12.2   4   4   5.9e-05    0.0079   14.9   0.3   262   315   203   262   193   268 0.84 -
Dbuz02481-RA         -            565 31423at7147          -            364   2.3e-22   79.2  28.9   1   3     2e-12   2.7e-10   39.4   1.5    74   134    74   134    50   136 0.93 -
Dbuz02481-RA         -            565 31423at7147          -            364   2.3e-22   79.2  28.9   2   3   2.1e-12   2.8e-10   39.4   5.9    56   134    76   158    71   169 0.86 -
Dbuz02481-RA         -            565 31423at7147          -            364   2.3e-22   79.2  28.9   3   3   5.2e-09   6.9e-07   28.2   6.1    56   135   148   231   145   252 0.84 -
Dbuz02136-RA         -            406 31423at7147          -            364   3.7e-22   78.5  28.6   1   3   5.2e-08   6.9e-06   24.9   0.5    68   132    18    82     3    85 0.89 -
Dbuz02136-RA         -            406 31423at7147          -            364   3.7e-22   78.5  28.6   2   3   9.4e-12   1.3e-09   37.3  16.2    54   197    72   220    71   247 0.73 -
Dbuz02136-RA         -            406 31423at7147          -            364   3.7e-22   78.5  28.6   3   3   5.2e-07   6.9e-05   21.7   2.1    74   133   253   312   248   320 0.87 -
Dbuz11151-RA         -            678 31423at7147          -            364   1.4e-21   76.5  24.1   1   6       4.6   6.1e+02   -1.2   0.0   252   283   122   156    83   177 0.70 -
Dbuz11151-RA         -            678 31423at7147          -            364   1.4e-21   76.5  24.1   2   6   4.3e-12   5.7e-10   38.4   0.4    49   134   230   320   219   323 0.86 -
Dbuz11151-RA         -            678 31423at7147          -            364   1.4e-21   76.5  24.1   3   6   0.00022     0.029   13.0   0.2    73   130   307   364   304   372 0.85 -
Dbuz11151-RA         -            678 31423at7147          -            364   1.4e-21   76.5  24.1   4   6    0.0012      0.16   10.6   0.1    57   119   368   429   354   432 0.78 -
Dbuz11151-RA         -            678 31423at7147          -            364   1.4e-21   76.5  24.1   5   6   1.6e-11   2.1e-09   36.5   1.8    70   136   428   494   423   512 0.92 -
Dbuz11151-RA         -            678 31423at7147          -            364   1.4e-21   76.5  24.1   6   6     0.013       1.7    7.2   1.0   244   292   486   534   485   554 0.82 -
Dbuz00148-RA         -            524 31423at7147          -            364   2.7e-21   75.6  19.8   1   2   8.1e-09   1.1e-06   27.6   0.1    69   134   120   195   106   195 0.82 -
Dbuz00148-RA         -            524 31423at7147          -            364   2.7e-21   75.6  19.8   2   2   1.1e-17   1.5e-15   56.7  20.0    55   281   160   378   152   483 0.83 -
Dbuz08550-RA         -            938 31423at7147          -            364     1e-20   73.7   9.9   1   3   6.8e-13     9e-11   41.0   6.0    11   134    39   178    34   180 0.79 -
Dbuz08550-RA         -            938 31423at7147          -            364     1e-20   73.7   9.9   2   3   7.7e-07    0.0001   21.1   0.7    69   131   137   197   134   200 0.86 -
Dbuz08550-RA         -            938 31423at7147          -            364     1e-20   73.7   9.9   3   3   2.1e-11   2.8e-09   36.1   0.4   221   317   170   272   168   279 0.87 -
Dbuz07041-RA         -            422 31423at7147          -            364   1.9e-20   72.9   9.2   1   4     2e-07   2.6e-05   23.0   0.0    75   129    59   113    52   120 0.93 -
Dbuz07041-RA         -            422 31423at7147          -            364   1.9e-20   72.9   9.2   2   4     4e-10   5.3e-08   31.9   0.7    70   129   126   185   121   188 0.95 -
Dbuz07041-RA         -            422 31423at7147          -            364   1.9e-20   72.9   9.2   3   4      0.01       1.3    7.5   0.2    68   134   172   237   169   237 0.90 -
Dbuz07041-RA         -            422 31423at7147          -            364   1.9e-20   72.9   9.2   4   4   1.8e-06   0.00024   19.9   0.9    69   135   220   286   201   293 0.88 -
Dbuz02487-RA         -           1016 31423at7147          -            364   4.5e-20   71.6   0.6   1   3   2.1e-07   2.8e-05   22.9   0.7    77   134   103   165    83   167 0.82 -
Dbuz02487-RA         -           1016 31423at7147          -            364   4.5e-20   71.6   0.6   2   3   1.3e-11   1.7e-09   36.8   0.0    55   134   154   238   153   241 0.91 -
Dbuz02487-RA         -           1016 31423at7147          -            364   4.5e-20   71.6   0.6   3   3   2.6e-06   0.00034   19.4   0.1   240   316   228   310   226   317 0.83 -
Dbuz01436-RA         -            729 31423at7147          -            364   2.9e-19   68.9  15.2   1   2   1.7e-14   2.2e-12   46.3   7.3    53   160   161   272   153   282 0.75 -
Dbuz01436-RA         -            729 31423at7147          -            364   2.9e-19   68.9  15.2   2   2     2e-08   2.6e-06   26.3   3.7    54   157   257   360   251   380 0.78 -
Dbuz10997-RA         -            388 31423at7147          -            364   6.3e-19   67.8  12.1   1   3   4.1e-08   5.4e-06   25.3   0.4    80   134     1    55     1    59 0.91 -
Dbuz10997-RA         -            388 31423at7147          -            364   6.3e-19   67.8  12.1   2   3   1.7e-13   2.2e-11   43.0   4.7    68   160    61   154    56   166 0.87 -
Dbuz10997-RA         -            388 31423at7147          -            364   6.3e-19   67.8  12.1   3   3   1.4e-05    0.0018   17.0   0.8   262   316   115   177   114   181 0.77 -
Dbuz09035-RA         -            793 31423at7147          -            364   2.8e-17   62.4  27.6   1   3   0.00049     0.065   11.9   0.8    63   148   148   233   142   242 0.84 -
Dbuz09035-RA         -            793 31423at7147          -            364   2.8e-17   62.4  27.6   2   3   2.1e-06   0.00028   19.6   0.3    66   134   251   319   245   323 0.91 -
Dbuz09035-RA         -            793 31423at7147          -            364   2.8e-17   62.4  27.6   3   3   2.1e-05    0.0029   16.3   2.2   191   280   455   546   437   615 0.79 -
Dbuz03964-RA         -            328 31423at7147          -            364   4.5e-17   61.7  36.0   1   3     9e-07   0.00012   20.9   1.4    58   114    43    99    35   100 0.92 -
Dbuz03964-RA         -            328 31423at7147          -            364   4.5e-17   61.7  36.0   2   3   1.4e-10   1.8e-08   33.4  14.9    73   182    82   189    79   194 0.90 -
Dbuz03964-RA         -            328 31423at7147          -            364   4.5e-17   61.7  36.0   3   3   3.2e-08   4.2e-06   25.6   9.4    55   150   194   292   191   319 0.79 -
Dbuz12502-RA         -            282 31423at7147          -            364   2.5e-16   59.3  22.1   1   2   1.2e-09   1.6e-07   30.3   4.5    32   136    27   132    23   135 0.87 -
Dbuz12502-RA         -            282 31423at7147          -            364   2.5e-16   59.3  22.1   2   2   2.9e-13   3.9e-11   42.2   9.6    36   196    50   218    47   238 0.78 -
Dbuz12080-RA         -            998 31423at7147          -            364   1.3e-15   56.9  25.6   1   3   0.00067     0.088   11.4   1.8    52   178    76   200    64   201 0.68 -
Dbuz12080-RA         -            998 31423at7147          -            364   1.3e-15   56.9  25.6   2   3   1.7e-07   2.3e-05   23.2   2.5    19   134   172   293   166   296 0.76 -
Dbuz12080-RA         -            998 31423at7147          -            364   1.3e-15   56.9  25.6   3   3   1.9e-10   2.5e-08   33.0  11.4    55   198   282   437   281   446 0.81 -
Dbuz00249-RA         -            859 31423at7147          -            364   9.5e-15   54.1  30.4   1   3     4e-12   5.3e-10   38.5  10.2    48   179    53   197    41   198 0.86 -
Dbuz00249-RA         -            859 31423at7147          -            364   9.5e-15   54.1  30.4   2   3   2.3e-08   3.1e-06   26.1   1.4    54   132   133   215   130   217 0.92 -
Dbuz00249-RA         -            859 31423at7147          -            364   9.5e-15   54.1  30.4   3   3     5e-06   0.00066   18.4   3.7   240   317   183   265   179   270 0.87 -
Dbuz05813-RA         -            346 31423at7147          -            364   3.4e-14   52.3   4.8   1   2   6.7e-13   8.9e-11   41.0   0.9    48   157    53   173    37   174 0.81 -
Dbuz05813-RA         -            346 31423at7147          -            364   3.4e-14   52.3   4.8   2   2   9.4e-05     0.012   14.2   0.3    56   121   160   227   156   232 0.86 -
Dbuz10925-RA         -            455 31423at7147          -            364   1.6e-13   50.0  15.7   1   2     6e-15   7.9e-13   47.8   2.8    58   138   134   218   119   241 0.87 -
Dbuz10925-RA         -            455 31423at7147          -            364   1.6e-13   50.0  15.7   2   2   0.00055     0.073   11.7   0.1    70   129   222   282   217   288 0.77 -
Dbuz12333-RA         -            255 31423at7147          -            364     3e-13   49.2  13.2   1   2   4.2e-09   5.6e-07   28.5   7.0    43   134    42   136     5   141 0.72 -
Dbuz12333-RA         -            255 31423at7147          -            364     3e-13   49.2  13.2   2   2   1.2e-07   1.6e-05   23.8   0.3    54   114   147   208   140   229 0.82 -
Dbuz07334-RA         -           1194 31423at7147          -            364   8.7e-13   47.6  10.2   1   3      0.31        41    2.6   0.0    20    69   115   165   110   171 0.80 -
Dbuz07334-RA         -           1194 31423at7147          -            364   8.7e-13   47.6  10.2   2   3     0.054       7.1    5.2   0.1    75   113   379   415   360   423 0.78 -
Dbuz07334-RA         -           1194 31423at7147          -            364   8.7e-13   47.6  10.2   3   3   4.9e-13   6.5e-11   41.5   4.0    54   136   423   506   418   526 0.88 -
Dbuz03000-RA         -            661 31423at7147          -            364   2.4e-12   46.2  29.6   1   2   3.9e-05    0.0051   15.5   9.8    87   205   150   276   138   301 0.75 -
Dbuz03000-RA         -            661 31423at7147          -            364   2.4e-12   46.2  29.6   2   2   3.4e-11   4.5e-09   35.4  12.8    52   135   300   385   278   389 0.88 -
Dbuz00684-RA         -           2454 31423at7147          -            364     1e-10   40.8  16.3   1   3     1e-08   1.4e-06   27.3   5.5    33   160   483   615   471   656 0.70 -
Dbuz00684-RA         -           2454 31423at7147          -            364     1e-10   40.8  16.3   2   3   0.00086      0.11   11.1   0.0    55   111   678   737   669   744 0.61 -
Dbuz00684-RA         -           2454 31423at7147          -            364     1e-10   40.8  16.3   3   3     0.014       1.9    7.1   1.3    97   155   843   904   790   915 0.73 -
Dbuz08332-RA         -            370 31423at7147          -            364   2.1e-10   39.8  17.4   1   3    0.0026      0.34    9.5   2.2    77   137    50   106    40   122 0.68 -
Dbuz08332-RA         -            370 31423at7147          -            364   2.1e-10   39.8  17.4   2   3   1.1e-08   1.5e-06   27.2   0.7    53   132   125   205   114   205 0.86 -
Dbuz08332-RA         -            370 31423at7147          -            364   2.1e-10   39.8  17.4   3   3   1.1e-06   0.00014   20.6   4.6    54   138   172   257   171   271 0.84 -
Dbuz06986-RA         -           1783 31423at7147          -            364   2.4e-10   39.6  12.9   1   3   3.9e-08   5.2e-06   25.4   0.7    71   134    61   125    34   132 0.86 -
Dbuz06986-RA         -           1783 31423at7147          -            364   2.4e-10   39.6  12.9   2   3   5.3e-07   7.1e-05   21.6   0.5   261   323   136   205   127   209 0.84 -
Dbuz06986-RA         -           1783 31423at7147          -            364   2.4e-10   39.6  12.9   3   3       5.9   7.8e+02   -1.6   0.4   175   235   443   501   422   509 0.74 -
Dbuz02064-RA         -            425 31423at7147          -            364   3.8e-10   38.9   8.1   1   3   1.5e-05    0.0019   16.9   0.0    79   134    80   138    34   171 0.61 -
Dbuz02064-RA         -            425 31423at7147          -            364   3.8e-10   38.9   8.1   2   3   1.7e-06   0.00023   20.0   2.0    55   116   193   258   180   272 0.68 -
Dbuz02064-RA         -            425 31423at7147          -            364   3.8e-10   38.9   8.1   3   3     0.073       9.7    4.7   0.2   248   288   258   303   253   315 0.65 -
Dbuz11975-RA         -            237 31423at7147          -            364   1.3e-09   37.2   6.2   1   3     0.074       9.8    4.7   0.2    95   134    57    94    31    99 0.81 -
Dbuz11975-RA         -            237 31423at7147          -            364   1.3e-09   37.2   6.2   2   3     7e-08   9.3e-06   24.5   0.9    54   134    82   163    80   165 0.84 -
Dbuz11975-RA         -            237 31423at7147          -            364   1.3e-09   37.2   6.2   3   3   7.5e-06     0.001   17.8   0.1    72   133   149   211   145   215 0.87 -
Dbuz09368-RA         -            721 31423at7147          -            364   1.7e-09   36.8   7.2   1   2     2e-05    0.0027   16.4   0.8    75   130   123   180   108   185 0.91 -
Dbuz09368-RA         -            721 31423at7147          -            364   1.7e-09   36.8   7.2   2   2   1.7e-07   2.3e-05   23.2   0.8    54   116   225   289   203   327 0.54 -
Dbuz09787-RA         -            884 31423at7147          -            364   1.7e-09   36.8   7.2   1   1   2.1e-11   2.8e-09   36.1   7.2    61   213    81   240    70   248 0.83 -
Dbuz07635-RA         -            450 31423at7147          -            364     2e-09   36.6  10.0   1   2    0.0038      0.51    8.9   0.4    68   129   168   227   153   260 0.91 -
Dbuz07635-RA         -            450 31423at7147          -            364     2e-09   36.6  10.0   2   2   8.8e-10   1.2e-07   30.8   3.7    54   122   296   368   290   382 0.87 -
Dbuz04436-RA         -            330 31423at7147          -            364   9.1e-09   34.4   2.9   1   2   1.9e-10   2.5e-08   33.0   0.7    55   134    41   121     3   136 0.78 -
Dbuz04436-RA         -            330 31423at7147          -            364   9.1e-09   34.4   2.9   2   2         5   6.6e+02   -1.3   0.1   321   344   264   287   242   293 0.72 -
Dbuz02905-RA         -            461 31423at7147          -            364   5.8e-08   31.8   7.5   1   2   0.00078       0.1   11.2   0.1    83   134   195   245   169   250 0.63 -
Dbuz02905-RA         -            461 31423at7147          -            364   5.8e-08   31.8   7.5   2   2   3.1e-07   4.1e-05   22.4   3.3    75   134   262   319   257   335 0.91 -
Dbuz09370-RA         -            732 31423at7147          -            364   7.6e-08   31.4   0.3   1   2       0.5        66    2.0   0.0    75   127   143   195   138   202 0.83 -
Dbuz09370-RA         -            732 31423at7147          -            364   7.6e-08   31.4   0.3   2   2   1.4e-08   1.9e-06   26.8   0.1    64   129   257   322   228   357 0.76 -
Dbuz10707-RA         -           1345 31423at7147          -            364   1.8e-07   30.2  10.2   1   2     6e-05     0.008   14.9   0.7    74   132   170   225   163   227 0.87 -
Dbuz10707-RA         -           1345 31423at7147          -            364   1.8e-07   30.2  10.2   2   2   4.5e-08     6e-06   25.1   3.7    32   125   212   312   208   317 0.83 -
Dbuz09462-RA         -            188 31423at7147          -            364   2.8e-07   29.5   1.3   1   1   5.7e-09   7.5e-07   28.1   1.2    38   134    51   152    45   161 0.79 -
Dbuz11814-RA         -           1708 31423at7147          -            364   3.5e-07   29.2   5.6   1   2   8.9e-07   0.00012   20.9   2.7    56   134    63   141    42   148 0.68 -
Dbuz11814-RA         -           1708 31423at7147          -            364   3.5e-07   29.2   5.6   2   2   0.00057     0.076   11.6   0.6    76   138   131   195   131   210 0.82 -
Dbuz09135-RA         -            498 31423at7147          -            364   1.8e-06   26.9  10.6   1   3   7.4e-06   0.00098   17.9   0.1    74   136   129   190   118   195 0.70 -
Dbuz09135-RA         -            498 31423at7147          -            364   1.8e-06   26.9  10.6   2   3      0.39        52    2.3   0.1   262   283   199   220   194   228 0.89 -
Dbuz09135-RA         -            498 31423at7147          -            364   1.8e-06   26.9  10.6   3   3    0.0015       0.2   10.2   2.6   152   280   273   401   267   423 0.66 -
Dbuz10523-RA         -            245 31423at7147          -            364   2.7e-06   26.3   5.0   1   1   2.5e-08   3.3e-06   26.0   3.9    51   135   109   195    98   197 0.82 -
Dbuz12310-RA         -            451 31423at7147          -            364   6.1e-06   25.1   1.2   1   2   3.2e-07   4.2e-05   22.4   0.1   218   287    14    86     3   101 0.85 -
Dbuz12310-RA         -            451 31423at7147          -            364   6.1e-06   25.1   1.2   2   2      0.93   1.2e+02    1.1   0.1   304   341   194   235   186   249 0.61 -
Dbuz09369-RA         -            757 31423at7147          -            364     9e-06   24.6  11.7   1   3       2.5   3.4e+02   -0.4   0.4    88   111   180   203   111   249 0.49 -
Dbuz09369-RA         -            757 31423at7147          -            364     9e-06   24.6  11.7   2   3   9.6e-07   0.00013   20.8   0.4    54   115   261   328   250   332 0.85 -
Dbuz09369-RA         -            757 31423at7147          -            364     9e-06   24.6  11.7   3   3   0.00026     0.035   12.7   0.1   250   317   323   396   322   405 0.82 -
Dbuz05545-RA         -            844 31423at7147          -            364   1.5e-05   23.8   4.1   1   2      0.29        38    2.8   0.1   100   156   204   260   185   271 0.74 -
Dbuz05545-RA         -            844 31423at7147          -            364   1.5e-05   23.8   4.1   2   2     5e-07   6.6e-05   21.7   0.8    75   139   487   551   474   576 0.90 -
Dbuz08227-RA         -            384 31423at7147          -            364   2.4e-05   23.2   0.5   1   1   2.9e-07   3.9e-05   22.5   0.5    42   108    31    98     7   123 0.84 -
Dbuz07148-RA         -            168 31423at7147          -            364   3.2e-05   22.7   0.5   1   1   3.2e-07   4.3e-05   22.3   0.5    60   175    21   138     3   155 0.82 -
Dbuz03182-RA         -            872 31423at7147          -            364   3.4e-05   22.7   5.5   1   2      0.13        18    3.8   0.3    84   121   143   181    73   195 0.66 -
Dbuz03182-RA         -            872 31423at7147          -            364   3.4e-05   22.7   5.5   2   2   1.2e-06   0.00016   20.4   0.8    55   134   209   290   196   306 0.89 -
Dbuz09868-RA         -            687 31423at7147          -            364   3.8e-05   22.5  12.4   1   2   8.4e-07   0.00011   21.0  11.1   100   198    66   166    43   179 0.72 -
Dbuz09868-RA         -            687 31423at7147          -            364   3.8e-05   22.5  12.4   2   2     0.031       4.1    5.9   1.0   261   312   151   208   148   212 0.77 -
Dbuz12010-RA         -            607 31423at7147          -            364   4.7e-05   22.2  15.7   1   4       9.7   1.3e+03   -2.3   0.0   186   210   131   156   123   170 0.49 -
Dbuz12010-RA         -            607 31423at7147          -            364   4.7e-05   22.2  15.7   2   4   1.2e-06   0.00016   20.5   1.1    49   120   228   300   173   310 0.77 -
Dbuz12010-RA         -            607 31423at7147          -            364   4.7e-05   22.2  15.7   3   4    0.0053       0.7    8.5   0.6    46   121   405   486   371   493 0.74 -
Dbuz12010-RA         -            607 31423at7147          -            364   4.7e-05   22.2  15.7   4   4      0.53        70    1.9   0.4   268   332   497   571   492   578 0.68 -
Dbuz10037-RA         -            372 31423at7147          -            364   4.9e-05   22.1   2.7   1   2      0.81   1.1e+02    1.3   0.0   209   253     7    53     1    58 0.73 -
Dbuz10037-RA         -            372 31423at7147          -            364   4.9e-05   22.1   2.7   2   2   3.7e-07   4.9e-05   22.1   2.7    55   124    61   137    56   141 0.63 -
Dbuz05362-RA         -            705 31423at7147          -            364   0.00012   20.9  13.3   1   2     1e-06   0.00014   20.7   2.8    58   134   274   350   263   383 0.76 -
Dbuz05362-RA         -            705 31423at7147          -            364   0.00012   20.9  13.3   2   2     0.049       6.5    5.3   2.9    82   172   451   548   436   582 0.69 -
Dbuz00813-RA         -            200 31423at7147          -            364   0.00015   20.5   4.9   1   2     5e-06   0.00067   18.4   0.2    71   116    84   129    51   136 0.75 -
Dbuz00813-RA         -            200 31423at7147          -            364   0.00015   20.5   4.9   2   2     0.091        12    4.4   0.7   265   292   136   164   129   193 0.74 -
Dbuz06421-RA         -            645 31423at7147          -            364   0.00017   20.3   3.9   1   2   1.3e-06   0.00017   20.3   3.9    55   147   247   343   233   368 0.75 -
Dbuz06421-RA         -            645 31423at7147          -            364   0.00017   20.3   3.9   2   2       1.2   1.6e+02    0.7   0.4    87   131   441   486   424   564 0.58 -
Dbuz10083-RA         -            489 31423at7147          -            364   0.00028   19.6   7.1   1   3   6.1e-06   0.00081   18.1   0.7    69   130    80   144    73   151 0.85 -
Dbuz10083-RA         -            489 31423at7147          -            364   0.00028   19.6   7.1   2   3      0.21        28    3.2   0.1    66    93   153   180   147   185 0.80 -
Dbuz10083-RA         -            489 31423at7147          -            364   0.00028   19.6   7.1   3   3         3   3.9e+02   -0.6   0.1    91    91   282   282   219   340 0.57 -
Dbuz08878-RA         -            673 31423at7147          -            364    0.0012   17.6   0.2   1   1   1.4e-05    0.0018   17.0   0.2    36   132   220   320   191   326 0.79 -
Dbuz10652-RA         -            458 31423at7147          -            364    0.0024   16.6   1.6   1   3     0.024       3.2    6.3   0.1    36   136    96   199    85   202 0.81 -
Dbuz10652-RA         -            458 31423at7147          -            364    0.0024   16.6   1.6   2   3   0.00058     0.078   11.6   0.4    76   134   187   245   179   254 0.83 -
Dbuz10652-RA         -            458 31423at7147          -            364    0.0024   16.6   1.6   3   3    0.0032      0.42    9.2   0.2    68   114   204   249   196   287 0.63 -
Dbuz10193-RA         -            552 31423at7147          -            364    0.0027   16.4   0.2   1   1   3.2e-05    0.0042   15.8   0.2    56   134   178   258   174   270 0.87 -
Dbuz01267-RA         -             59 31423at7147          -            364    0.0032   16.2   0.1   1   1   2.5e-05    0.0033   16.1   0.1    89   133    11    54     8    59 0.80 -
Dbuz00063-RA         -            187 31423at7147          -            364     0.017   13.7   1.3   1   2   0.00023     0.031   12.9   1.0    77   134    37    93    11   119 0.69 -
Dbuz00063-RA         -            187 31423at7147          -            364     0.017   13.7   1.3   2   2       6.7   8.8e+02   -1.7   0.0   258   275   104   121    94   128 0.76 -
#
# Program:         hmmsearch
# Version:         3.1b2 (February 2015)
# Pipeline mode:   SEARCH
# Query file:      /home/nmoreyra/Documents/Genomics/03_orthologs_search/00_Phylogenomics_BUSCO-groups/busco4_odb10/busco_downloads/lineages/diptera_odb10/hmms/31423at7147.hmm
# Target file:     /home/nmoreyra/Documents/Genomics/03_orthologs_search/00_Phylogenomics_BUSCO-groups/busco4_odb10/../00_proteins/Dbuz_proteins.fasta
# Option settings: /home/nmoreyra/Software/miniconda3/envs/busco4/bin/hmmsearch --domtblout /home/nmoreyra/Documents/Genomics/03_orthologs_search/00_Phylogenomics_BUSCO-groups/busco4_odb10/Dbuz_diptera/run_diptera_odb10/hmmer_output/initial_run_results/31423at7147.out --cpu 1 /home/nmoreyra/Documents/Genomics/03_orthologs_search/00_Phylogenomics_BUSCO-groups/busco4_odb10/busco_downloads/lineages/diptera_odb10/hmms/31423at7147.hmm /home/nmoreyra/Documents/Genomics/03_orthologs_search/00_Phylogenomics_BUSCO-groups/busco4_odb10/../00_proteins/Dbuz_proteins.fasta 
# Current dir:     /home/nmoreyra/Documents/Genomics/03_orthologs_search/00_Phylogenomics_BUSCO-groups/busco4_odb10
# Date:            Mon Jan 25 13:18:16 2021
# [ok]
