#                                                                            --- full sequence --- -------------- this domain -------------   hmm coord   ali coord   env coord
# target name        accession   tlen query name           accession   qlen   E-value  score  bias   #  of  c-Evalue  i-Evalue  score  bias  from    to  from    to  from    to  acc description of target
#------------------- ---------- ----- -------------------- ---------- ----- --------- ------ ----- --- --- --------- --------- ------ ----- ----- ----- ----- ----- ----- ----- ---- ---------------------
Dbuz07283-RA         -             83 31691at7147          -            160     1e-25   90.4   0.2   1   1     3e-28   1.4e-25   90.0   0.2   110   160     1    51     1    51 0.98 -
Dbuz00967-RA         -            277 31691at7147          -            160   1.5e-16   60.6   0.1   1   2      0.13        60    3.4   0.1     1    14     5    18     5    23 0.85 -
Dbuz00967-RA         -            277 31691at7147          -            160   1.5e-16   60.6   0.1   2   2   1.8e-17   8.2e-15   55.0   0.0    74   154   109   195    98   200 0.86 -
Dbuz07282-RA         -            256 31691at7147          -            160   2.2e-09   37.4   6.2   1   4      0.01       4.6    7.1   0.0     1    16     3    18     3    37 0.85 -
Dbuz07282-RA         -            256 31691at7147          -            160   2.2e-09   37.4   6.2   2   4   1.6e-09   7.3e-07   29.2   2.2    11    44    44    77    42    84 0.85 -
Dbuz07282-RA         -            256 31691at7147          -            160   2.2e-09   37.4   6.2   3   4      0.36   1.6e+02    2.0   0.1    24    45    72    93    70   100 0.78 -
Dbuz07282-RA         -            256 31691at7147          -            160   2.2e-09   37.4   6.2   4   4       4.4     2e+03   -1.5   0.0    51    61   238   248   233   253 0.80 -
Dbuz04254-RA         -            350 31691at7147          -            160     4e-09   36.5   0.5   1   3    0.0017      0.78    9.6   0.0    82   118     5    41     3    80 0.90 -
Dbuz04254-RA         -            350 31691at7147          -            160     4e-09   36.5   0.5   2   3   1.8e-07   8.3e-05   22.5   0.0    85   156    87   157    77   161 0.90 -
Dbuz04254-RA         -            350 31691at7147          -            160     4e-09   36.5   0.5   3   3      0.76   3.4e+02    1.0   0.1    33    67   224   258   223   267 0.86 -
Dbuz01089-RA         -            476 31691at7147          -            160   1.1e-08   35.1   0.0   1   3    0.0027       1.2    8.9   0.0    87   149    10    76     5    85 0.86 -
Dbuz01089-RA         -            476 31691at7147          -            160   1.1e-08   35.1   0.0   2   3   0.00051      0.23   11.3   0.0    81   136    92   154    81   163 0.84 -
Dbuz01089-RA         -            476 31691at7147          -            160   1.1e-08   35.1   0.0   3   3   0.00074      0.34   10.8   0.0   100   151   241   293   231   298 0.88 -
Dbuz11425-RA         -            368 31691at7147          -            160   6.8e-08   32.5   0.0   1   4   0.00012     0.053   13.4   0.0    86   120    28    62    23    71 0.91 -
Dbuz11425-RA         -            368 31691at7147          -            160   6.8e-08   32.5   0.0   2   4      0.29   1.3e+02    2.3   0.0   123   156    87   120    81   124 0.81 -
Dbuz11425-RA         -            368 31691at7147          -            160   6.8e-08   32.5   0.0   3   4    0.0031       1.4    8.7   0.0    83   135   126   185   118   195 0.77 -
Dbuz11425-RA         -            368 31691at7147          -            160   6.8e-08   32.5   0.0   4   4      0.29   1.3e+02    2.4   0.0    82   117   283   318   276   324 0.91 -
Dbuz05902-RA         -            644 31691at7147          -            160   9.1e-08   32.1   0.0   1   4   0.00041      0.18   11.6   0.0    87   151     5    76     3    85 0.87 -
Dbuz05902-RA         -            644 31691at7147          -            160   9.1e-08   32.1   0.0   2   4       1.3   5.7e+02    0.3   0.0    86   116    92   122    86   160 0.84 -
Dbuz05902-RA         -            644 31691at7147          -            160   9.1e-08   32.1   0.0   3   4     0.028        13    5.6   0.0    86   139   185   244   168   256 0.79 -
Dbuz05902-RA         -            644 31691at7147          -            160   9.1e-08   32.1   0.0   4   4     0.003       1.4    8.8   0.0    63   157   266   366   253   369 0.80 -
Dbuz01844-RA         -            244 31691at7147          -            160   1.7e-06   28.0   0.0   1   2   6.4e-06    0.0029   17.5   0.0    82   143     5    69     3    77 0.80 -
Dbuz01844-RA         -            244 31691at7147          -            160   1.7e-06   28.0   0.0   2   2    0.0038       1.7    8.4   0.0    83   136   114   167   110   180 0.89 -
Dbuz01583-RA         -            346 31691at7147          -            160   3.9e-06   26.8   0.0   1   2    0.0006      0.28   11.1   0.0    84   118     2    36     1    72 0.78 -
Dbuz01583-RA         -            346 31691at7147          -            160   3.9e-06   26.8   0.0   2   2   9.4e-05     0.043   13.7   0.0    95   150   120   176   102   182 0.90 -
Dbuz04018-RA         -            490 31691at7147          -            160   1.2e-05   25.2   0.7   1   3       1.4   6.6e+02    0.1   0.0    88   126   108   148   102   166 0.71 -
Dbuz04018-RA         -            490 31691at7147          -            160   1.2e-05   25.2   0.7   2   3    0.0023         1    9.2   0.1    92   138   280   328   271   341 0.82 -
Dbuz04018-RA         -            490 31691at7147          -            160   1.2e-05   25.2   0.7   3   3    0.0004      0.18   11.6   0.0    85   115   351   381   334   390 0.89 -
Dbuz11219-RA         -            613 31691at7147          -            160   4.4e-05   23.4   0.0   1   2     0.018       8.1    6.3   0.0    90   117   262   289   253   308 0.89 -
Dbuz11219-RA         -            613 31691at7147          -            160   4.4e-05   23.4   0.0   2   2   0.00011     0.052   13.4   0.0    77   153   347   430   325   436 0.76 -
Dbuz02763-RA         -            365 31691at7147          -            160   0.00054   19.9   0.0   1   2     0.067        31    4.4   0.0    84   138     4    57     2    70 0.87 -
Dbuz02763-RA         -            365 31691at7147          -            160   0.00054   19.9   0.0   2   2   1.2e-06   0.00054   19.9   0.0    82   150   117   187    99   192 0.83 -
Dbuz08522-RA         -            269 31691at7147          -            160   0.00056   19.8   0.0   1   1   2.4e-06    0.0011   18.9   0.0    86   138   190   249   178   265 0.83 -
Dbuz00592-RA         -            259 31691at7147          -            160   0.00097   19.0   0.0   1   1   3.6e-06    0.0016   18.3   0.0    87   138   182   240   177   253 0.82 -
Dbuz02075-RA         -            649 31691at7147          -            160    0.0016   18.3   0.0   1   3      0.45     2e+02    1.7   0.0    83   108    62    87    51   134 0.80 -
Dbuz02075-RA         -            649 31691at7147          -            160    0.0016   18.3   0.0   2   3      0.19        86    2.9   0.0    85   148   235   304   196   311 0.74 -
Dbuz02075-RA         -            649 31691at7147          -            160    0.0016   18.3   0.0   3   3    0.0018      0.84    9.5   0.0    85   150   581   646   573   648 0.93 -
Dbuz06934-RA         -            347 31691at7147          -            160    0.0016   18.3   0.0   1   2     0.017       7.9    6.3   0.0    85   118   118   151   111   199 0.77 -
Dbuz06934-RA         -            347 31691at7147          -            160    0.0016   18.3   0.0   2   2    0.0011      0.51   10.2   0.0    84   152   203   280   182   288 0.79 -
Dbuz08749-RA         -            331 31691at7147          -            160     0.002   18.0   0.0   1   4      0.38   1.7e+02    1.9   0.0    99   118     9    28     2    33 0.88 -
Dbuz08749-RA         -            331 31691at7147          -            160     0.002   18.0   0.0   2   4       0.6   2.7e+02    1.3   0.0   123   157    53    87    47    91 0.84 -
Dbuz08749-RA         -            331 31691at7147          -            160     0.002   18.0   0.0   3   4     0.022        10    6.0   0.0    83   118    92   127    83   152 0.89 -
Dbuz08749-RA         -            331 31691at7147          -            160     0.002   18.0   0.0   4   4      0.13        61    3.4   0.0    83   120   246   283   237   313 0.91 -
Dbuz07070-RA         -            777 31691at7147          -            160     0.007   16.2   0.0   1   1   3.6e-05     0.016   15.0   0.0    84   154   590   667   573   671 0.82 -
Dbuz02083-RA         -            362 31691at7147          -            160    0.0074   16.2   0.0   1   2    0.0056       2.5    7.9   0.0    84   157    61   141    43   144 0.85 -
Dbuz02083-RA         -            362 31691at7147          -            160    0.0074   16.2   0.0   2   2     0.024        11    5.9   0.0    86   135   149   205   144   214 0.76 -
Dbuz03347-RA         -            150 31691at7147          -            160    0.0081   16.0   0.0   1   1   2.3e-05      0.01   15.7   0.0    85   137    24    78     8   101 0.90 -
Dbuz07676-RA         -            211 31691at7147          -            160    0.0085   16.0   0.0   1   1     3e-05     0.014   15.3   0.0    88   150    37   106    30   114 0.83 -
Dbuz06262-RA         -            148 31691at7147          -            160     0.012   15.5   0.0   1   1   3.8e-05     0.018   14.9   0.0    85   135    12    64     7    72 0.92 -
Dbuz06723-RA         -            584 31691at7147          -            160     0.013   15.3   0.0   1   1   5.1e-05     0.023   14.5   0.0    60   148   241   334   226   346 0.85 -
Dbuz09212-RA         -           1382 31691at7147          -            160     0.018   14.9   0.0   1   1   8.9e-05      0.04   13.8   0.0    64   149   499   585   456   592 0.75 -
Dbuz07076-RA         -            216 31691at7147          -            160     0.023   14.6   0.0   1   2   0.00027      0.12   12.2   0.0    86   154     9    85     6    90 0.77 -
Dbuz07076-RA         -            216 31691at7147          -            160     0.023   14.6   0.0   2   2       1.5     7e+02   -0.0   0.0    86   136   144   196   115   212 0.78 -
Dbuz05469-RA         -            467 31691at7147          -            160     0.046   13.6   0.1   1   2     0.025        11    5.8   0.0    95   141    36    89    27   108 0.80 -
Dbuz05469-RA         -            467 31691at7147          -            160     0.046   13.6   0.1   2   2     0.059        27    4.6   0.0    91   118   127   154   102   157 0.78 -
Dbuz11196-RA         -            615 31691at7147          -            160      0.06   13.2   0.4   1   3       7.9   3.6e+03   -2.3   0.0    45   110    71   135    59   144 0.58 -
Dbuz11196-RA         -            615 31691at7147          -            160      0.06   13.2   0.4   2   3   0.00056      0.26   11.2   0.0    84   116   206   238   191   263 0.87 -
Dbuz11196-RA         -            615 31691at7147          -            160      0.06   13.2   0.4   3   3       7.3   3.3e+03   -2.2   0.1    16    42   499   524   462   546 0.62 -
Dbuz01582-RA         -            312 31691at7147          -            160      0.14   12.0   0.0   1   1   0.00054      0.25   11.2   0.0   100   151   102   154    89   159 0.90 -
#
# Program:         hmmsearch
# Version:         3.1b2 (February 2015)
# Pipeline mode:   SEARCH
# Query file:      /home/nmoreyra/Documents/Genomics/03_orthologs_search/00_Phylogenomics_BUSCO-groups/busco4_odb10/busco_downloads/lineages/diptera_odb10/hmms/31691at7147.hmm
# Target file:     /home/nmoreyra/Documents/Genomics/03_orthologs_search/00_Phylogenomics_BUSCO-groups/busco4_odb10/../00_proteins/Dbuz_proteins.fasta
# Option settings: /home/nmoreyra/Software/miniconda3/envs/busco4/bin/hmmsearch --domtblout /home/nmoreyra/Documents/Genomics/03_orthologs_search/00_Phylogenomics_BUSCO-groups/busco4_odb10/Dbuz_diptera/run_diptera_odb10/hmmer_output/initial_run_results/31691at7147.out --cpu 1 /home/nmoreyra/Documents/Genomics/03_orthologs_search/00_Phylogenomics_BUSCO-groups/busco4_odb10/busco_downloads/lineages/diptera_odb10/hmms/31691at7147.hmm /home/nmoreyra/Documents/Genomics/03_orthologs_search/00_Phylogenomics_BUSCO-groups/busco4_odb10/../00_proteins/Dbuz_proteins.fasta 
# Current dir:     /home/nmoreyra/Documents/Genomics/03_orthologs_search/00_Phylogenomics_BUSCO-groups/busco4_odb10
# Date:            Mon Jan 25 13:18:26 2021
# [ok]
