#                                                                            --- full sequence --- -------------- this domain -------------   hmm coord   ali coord   env coord
# target name        accession   tlen query name           accession   qlen   E-value  score  bias   #  of  c-Evalue  i-Evalue  score  bias  from    to  from    to  from    to  acc description of target
#------------------- ---------- ----- -------------------- ---------- ----- --------- ------ ----- --- --- --------- --------- ------ ----- ----- ----- ----- ----- ----- ----- ---- ---------------------
Dbuz09714-RA         -            545 32239at7147          -            379    1e-176  587.1  26.8   1   2  1.8e-100   3.2e-97  325.4  13.6     1   235    25   307    25   329 0.90 -
Dbuz09714-RA         -            545 32239at7147          -            379    1e-176  587.1  26.8   2   2     8e-82   1.5e-78  264.0   5.2   231   379   373   529   367   529 0.95 -
Dbuz00127-RA         -            241 32239at7147          -            379   1.4e-13   50.1  14.2   1   1   1.5e-16   2.8e-13   49.1  14.2    18    78   155   233   148   241 0.75 -
Dbuz02412-RA         -            304 32239at7147          -            379     0.013   13.9   4.3   1   2      0.49   8.9e+02   -1.9   0.0    57    76    32    50     6    95 0.66 -
Dbuz02412-RA         -            304 32239at7147          -            379     0.013   13.9   4.3   2   2   3.1e-06    0.0056   15.2   1.8   129   266   138   277   106   297 0.71 -
Dbuz01436-RA         -            729 32239at7147          -            379     0.016   13.7   2.4   1   1   1.3e-05     0.024   13.1   2.4    49   113    35   102    30   116 0.64 -
Dbuz13081-RA         -            522 32239at7147          -            379     0.053   12.0   0.0   1   1   4.2e-05     0.076   11.4   0.0   130   206   114   190    69   205 0.87 -
Dbuz10939-RA         -           1313 32239at7147          -            379     0.062   11.7   0.1   1   2    0.0063        11    4.3   0.0   159   193   318   353   313   370 0.86 -
Dbuz10939-RA         -           1313 32239at7147          -            379     0.062   11.7   0.1   2   2    0.0044         8    4.8   0.0   159   193  1209  1244  1204  1259 0.87 -
Dbuz07523-RA         -            216 32239at7147          -            379      0.47    8.8  23.2   1   3    0.0006       1.1    7.6   0.1   174   202    10    39     3    51 0.82 -
Dbuz07523-RA         -            216 32239at7147          -            379      0.47    8.8  23.2   2   3      0.22   4.1e+02   -0.8  17.2    83   195    60   174    43   174 0.54 -
Dbuz07523-RA         -            216 32239at7147          -            379      0.47    8.8  23.2   3   3   6.8e-05      0.12   10.8   1.8   122   211   120   211   110   215 0.79 -
#
# Program:         hmmsearch
# Version:         3.1b2 (February 2015)
# Pipeline mode:   SEARCH
# Query file:      /home/nmoreyra/Documents/Genomics/03_orthologs_search/00_Phylogenomics_BUSCO-groups/busco4_odb10/busco_downloads/lineages/diptera_odb10/hmms/32239at7147.hmm
# Target file:     /home/nmoreyra/Documents/Genomics/03_orthologs_search/00_Phylogenomics_BUSCO-groups/busco4_odb10/../00_proteins/Dbuz_proteins.fasta
# Option settings: /home/nmoreyra/Software/miniconda3/envs/busco4/bin/hmmsearch --domtblout /home/nmoreyra/Documents/Genomics/03_orthologs_search/00_Phylogenomics_BUSCO-groups/busco4_odb10/Dbuz_diptera/run_diptera_odb10/hmmer_output/initial_run_results/32239at7147.out --cpu 1 /home/nmoreyra/Documents/Genomics/03_orthologs_search/00_Phylogenomics_BUSCO-groups/busco4_odb10/busco_downloads/lineages/diptera_odb10/hmms/32239at7147.hmm /home/nmoreyra/Documents/Genomics/03_orthologs_search/00_Phylogenomics_BUSCO-groups/busco4_odb10/../00_proteins/Dbuz_proteins.fasta 
# Current dir:     /home/nmoreyra/Documents/Genomics/03_orthologs_search/00_Phylogenomics_BUSCO-groups/busco4_odb10
# Date:            Mon Jan 25 13:18:52 2021
# [ok]
