#                                                                            --- full sequence --- -------------- this domain -------------   hmm coord   ali coord   env coord
# target name        accession   tlen query name           accession   qlen   E-value  score  bias   #  of  c-Evalue  i-Evalue  score  bias  from    to  from    to  from    to  acc description of target
#------------------- ---------- ----- -------------------- ---------- ----- --------- ------ ----- --- --- --------- --------- ------ ----- ----- ----- ----- ----- ----- ----- ---- ---------------------
Dbuz03503-RA         -           1611 32511at7147          -            419  4.6e-230  763.1  13.9   1   1  1.3e-232  6.4e-230  762.6  13.9     1   419    18   466    18   466 0.95 -
Dbuz09257-RA         -            489 32511at7147          -            419   2.2e-77  260.1   6.8   1   1   8.2e-80   3.9e-77  259.3   6.8    15   418    38   467    25   468 0.79 -
Dbuz05141-RA         -            516 32511at7147          -            419     6e-57  192.8   2.0   1   3     8e-14   3.8e-11   42.0   0.0    18    93   170   247   154   280 0.81 -
Dbuz05141-RA         -            516 32511at7147          -            419     6e-57  192.8   2.0   2   3   4.2e-26     2e-23   82.4   0.2    15   100   293   381   280   410 0.86 -
Dbuz05141-RA         -            516 32511at7147          -            419     6e-57  192.8   2.0   3   3   3.3e-21   1.6e-18   66.3   0.1    17    99   420   502   408   515 0.84 -
Dbuz06283-RA         -            410 32511at7147          -            419   2.5e-56  190.8   1.1   1   3   5.3e-22   2.5e-19   68.9   0.0    13   108    49   149    40   170 0.82 -
Dbuz06283-RA         -            410 32511at7147          -            419   2.5e-56  190.8   1.1   2   3   6.5e-20   3.1e-17   62.0   0.1    18   121   185   291   168   301 0.85 -
Dbuz06283-RA         -            410 32511at7147          -            419   2.5e-56  190.8   1.1   3   3   1.9e-18   8.8e-16   57.2   0.0    16    94   313   394   298   407 0.85 -
Dbuz07637-RA         -            439 32511at7147          -            419   5.5e-49  166.6   0.2   1   2   1.9e-22   8.8e-20   70.4   0.0    12    94    34   121    25   139 0.80 -
Dbuz07637-RA         -            439 32511at7147          -            419   5.5e-49  166.6   0.2   2   2     1e-29   4.8e-27   94.3   0.0     9   118   164   286   157   303 0.78 -
Dbuz10052-RA         -           1968 32511at7147          -            419   1.9e-41  141.8  15.5   1  15     1e-05    0.0048   15.3   0.2    14   141    69   198    58   202 0.70 -
Dbuz10052-RA         -           1968 32511at7147          -            419   1.9e-41  141.8  15.5   2  15   1.2e-05    0.0058   15.0   0.0     6   136   169   302   163   314 0.72 -
Dbuz10052-RA         -           1968 32511at7147          -            419   1.9e-41  141.8  15.5   3  15    0.0067       3.2    6.0   0.0    55   141   325   412   312   420 0.82 -
Dbuz10052-RA         -           1968 32511at7147          -            419   1.9e-41  141.8  15.5   4  15    0.0036       1.7    6.9   0.0    56   143   431   519   419   540 0.71 -
Dbuz10052-RA         -           1968 32511at7147          -            419   1.9e-41  141.8  15.5   5  15      0.89   4.2e+02   -1.0   0.0    52   138   532   619   522   638 0.64 -
Dbuz10052-RA         -           1968 32511at7147          -            419   1.9e-41  141.8  15.5   6  15     0.097        46    2.2   0.0    54   129   639   715   623   734 0.73 -
Dbuz10052-RA         -           1968 32511at7147          -            419   1.9e-41  141.8  15.5   7  15   1.1e-08   5.3e-06   25.0   0.0    59   141   748   837   743   848 0.83 -
Dbuz10052-RA         -           1968 32511at7147          -            419   1.9e-41  141.8  15.5   8  15   0.00029      0.13   10.5   0.0    59   136   856   938   840   948 0.77 -
Dbuz10052-RA         -           1968 32511at7147          -            419   1.9e-41  141.8  15.5   9  15      0.23   1.1e+02    0.9   0.0    62    98   966  1006   959  1012 0.78 -
Dbuz10052-RA         -           1968 32511at7147          -            419   1.9e-41  141.8  15.5  10  15       5.3   2.5e+03   -3.6   0.0    91   137  1187  1233  1178  1238 0.84 -
Dbuz10052-RA         -           1968 32511at7147          -            419   1.9e-41  141.8  15.5  11  15   0.00031      0.15   10.4   0.0    63   134  1260  1338  1249  1348 0.72 -
Dbuz10052-RA         -           1968 32511at7147          -            419   1.9e-41  141.8  15.5  12  15   9.6e-05     0.045   12.0   0.0    13   134  1323  1447  1313  1459 0.73 -
Dbuz10052-RA         -           1968 32511at7147          -            419   1.9e-41  141.8  15.5  13  15    0.0026       1.2    7.3   0.0    60   131  1556  1631  1534  1640 0.86 -
Dbuz10052-RA         -           1968 32511at7147          -            419   1.9e-41  141.8  15.5  14  15   2.6e-06    0.0012   17.2   0.0    61   139  1662  1746  1643  1761 0.76 -
Dbuz10052-RA         -           1968 32511at7147          -            419   1.9e-41  141.8  15.5  15  15    0.0001     0.047   12.0   0.0    63   136  1772  1852  1750  1869 0.79 -
Dbuz07834-RA         -            447 32511at7147          -            419   1.1e-30  106.4   0.3   1   2   8.5e-15     4e-12   45.2   0.0    15    99    57   140    40   162 0.79 -
Dbuz07834-RA         -            447 32511at7147          -            419   1.1e-30  106.4   0.3   2   2   4.3e-19     2e-16   59.3   0.1    16   100   192   282   181   303 0.81 -
Dbuz07247-RA         -            408 32511at7147          -            419   1.1e-24   86.5   0.3   1   1   3.5e-27   1.6e-24   86.0   0.3    10   305    41   362    33   372 0.77 -
Dbuz02923-RA         -            412 32511at7147          -            419   2.6e-20   72.2   0.0   1   1   6.8e-23   3.2e-20   71.8   0.0    16   235    58   302    41   386 0.75 -
Dbuz05620-RA         -            429 32511at7147          -            419   3.8e-18   65.0   0.0   1   1   1.3e-20     6e-18   64.4   0.0    18   125    42   149    32   170 0.85 -
Dbuz04314-RA         -            141 32511at7147          -            419   3.5e-16   58.5   0.2   1   2   1.8e-07   8.3e-05   21.1   0.0   319   361    31    73     7    78 0.82 -
Dbuz04314-RA         -            141 32511at7147          -            419   3.5e-16   58.5   0.2   2   2   8.3e-14   3.9e-11   41.9   0.0    14    98    47   132    34   140 0.82 -
Dbuz01704-RA         -            397 32511at7147          -            419   2.9e-14   52.2   0.0   1   2   1.5e-14   7.2e-12   44.3   0.0    15   138    40   170    29   183 0.81 -
Dbuz01704-RA         -            397 32511at7147          -            419   2.9e-14   52.2   0.0   2   2    0.0077       3.6    5.8   0.0    89   155   219   284   209   329 0.85 -
Dbuz04700-RA         -            645 32511at7147          -            419   2.8e-13   49.0   0.1   1   1   3.5e-15   1.7e-12   46.4   0.1   317   396    49   136    30   140 0.72 -
Dbuz09542-RA         -            272 32511at7147          -            419   4.5e-13   48.3   0.2   1   2   4.9e-07   0.00023   19.6   0.0    15    82    43   111    36   140 0.87 -
Dbuz09542-RA         -            272 32511at7147          -            419   4.5e-13   48.3   0.2   2   2   3.8e-09   1.8e-06   26.6   0.3   340   379   174   215   165   230 0.85 -
Dbuz10794-RA         -            106 32511at7147          -            419     7e-13   47.7   0.0   1   1   1.7e-15   7.8e-13   47.5   0.0    11    92    15    93     6   104 0.87 -
Dbuz03692-RA         -            341 32511at7147          -            419   1.9e-12   46.2   0.0   1   1   6.3e-15     3e-12   45.6   0.0    19   108    58   148    41   167 0.82 -
Dbuz06771-RA         -            156 32511at7147          -            419   1.4e-11   43.3   0.3   1   1     4e-14   1.9e-11   43.0   0.3   317   398    11    96     3   121 0.75 -
Dbuz07075-RA         -            165 32511at7147          -            419   9.6e-10   37.3   0.0   1   1   2.3e-12   1.1e-09   37.2   0.0    11   104    15   108     5   126 0.79 -
Dbuz06325-RA         -            144 32511at7147          -            419   1.8e-09   36.5   0.0   1   1   4.6e-12   2.2e-09   36.2   0.0    16    91    45   117    30   141 0.83 -
Dbuz12508-RA         -            106 32511at7147          -            419   4.9e-09   35.0   0.2   1   1   1.1e-11     5e-09   35.0   0.2    14    86    17    86     5   106 0.55 -
Dbuz07074-RA         -            106 32511at7147          -            419   8.7e-09   34.2   0.0   1   1   2.3e-11   1.1e-08   33.9   0.0    12    89    15    89     6    99 0.79 -
Dbuz05460-RA         -            287 32511at7147          -            419     4e-08   32.0   0.0   1   1   1.5e-10   6.9e-08   31.2   0.0   338   398    22    84     3   113 0.83 -
Dbuz05146-RA         -            216 32511at7147          -            419   2.1e-06   26.3   0.1   1   2   2.7e-08   1.3e-05   23.7   0.1    16   127    19   126     5   137 0.85 -
Dbuz05146-RA         -            216 32511at7147          -            419   2.1e-06   26.3   0.1   2   2      0.34   1.6e+02    0.4   0.0   345   363   140   158   131   171 0.82 -
Dbuz11735-RA         -           1123 32511at7147          -            419   7.6e-05   21.2   0.0   1   1   2.5e-07   0.00012   20.5   0.0    14    86  1034  1103  1028  1110 0.80 -
Dbuz02718-RA         -            549 32511at7147          -            419     0.001   17.5   0.0   1   1   3.4e-06    0.0016   16.8   0.0    15    83    49   119    35   127 0.87 -
Dbuz08051-RA         -            270 32511at7147          -            419    0.0017   16.8   0.1   1   1   1.5e-05    0.0069   14.7   0.1   330   370   141   181   132   222 0.75 -
Dbuz13131-RA         -            581 32511at7147          -            419     0.034   12.4   0.0   1   1   0.00011     0.051   11.9   0.0    16    82   283   352   268   361 0.58 -
#
# Program:         hmmsearch
# Version:         3.1b2 (February 2015)
# Pipeline mode:   SEARCH
# Query file:      /home/nmoreyra/Documents/Genomics/03_orthologs_search/00_Phylogenomics_BUSCO-groups/busco4_odb10/busco_downloads/lineages/diptera_odb10/hmms/32511at7147.hmm
# Target file:     /home/nmoreyra/Documents/Genomics/03_orthologs_search/00_Phylogenomics_BUSCO-groups/busco4_odb10/../00_proteins/Dbuz_proteins.fasta
# Option settings: /home/nmoreyra/Software/miniconda3/envs/busco4/bin/hmmsearch --domtblout /home/nmoreyra/Documents/Genomics/03_orthologs_search/00_Phylogenomics_BUSCO-groups/busco4_odb10/Dbuz_diptera/run_diptera_odb10/hmmer_output/initial_run_results/32511at7147.out --cpu 1 /home/nmoreyra/Documents/Genomics/03_orthologs_search/00_Phylogenomics_BUSCO-groups/busco4_odb10/busco_downloads/lineages/diptera_odb10/hmms/32511at7147.hmm /home/nmoreyra/Documents/Genomics/03_orthologs_search/00_Phylogenomics_BUSCO-groups/busco4_odb10/../00_proteins/Dbuz_proteins.fasta 
# Current dir:     /home/nmoreyra/Documents/Genomics/03_orthologs_search/00_Phylogenomics_BUSCO-groups/busco4_odb10
# Date:            Mon Jan 25 13:19:15 2021
# [ok]
