#                                                                            --- full sequence --- -------------- this domain -------------   hmm coord   ali coord   env coord
# target name        accession   tlen query name           accession   qlen   E-value  score  bias   #  of  c-Evalue  i-Evalue  score  bias  from    to  from    to  from    to  acc description of target
#------------------- ---------- ----- -------------------- ---------- ----- --------- ------ ----- --- --- --------- --------- ------ ----- ----- ----- ----- ----- ----- ----- ---- ---------------------
Dbuz00622-RA         -            665 33935at7147          -            342  1.4e-222  737.5   0.9   1   2  2.2e-207  1.6e-205  681.4   0.4     1   304     6   323     6   334 0.96 -
Dbuz00622-RA         -            665 33935at7147          -            342  1.4e-222  737.5   0.9   2   2   3.5e-16   2.6e-14   52.7   0.0   304   342   616   654   595   654 0.90 -
Dbuz08054-RA         -            441 33935at7147          -            342   6.7e-92  307.8   0.0   1   1   1.2e-93   8.8e-92  307.4   0.0     4   273    33   303    31   332 0.93 -
Dbuz11005-RA         -           1267 33935at7147          -            342   5.6e-77  258.8   0.0   1   1   1.4e-78     1e-76  257.9   0.0    26   297    15   305     7   315 0.86 -
Dbuz01167-RA         -            708 33935at7147          -            342   6.7e-70  235.5   0.0   1   1   1.4e-71     1e-69  234.9   0.0     3   273   429   700   427   707 0.96 -
Dbuz12166-RA         -           1678 33935at7147          -            342   4.9e-64  216.2   0.1   1   1   1.1e-65   8.3e-64  215.5   0.1     3   287    44   336    42   354 0.89 -
Dbuz08099-RA         -           1036 33935at7147          -            342   8.8e-64  215.4   0.0   1   1   1.9e-65   1.4e-63  214.7   0.0     1   276    20   298    20   354 0.90 -
Dbuz11752-RA         -            303 33935at7147          -            342   2.9e-63  213.7   0.5   1   1   3.4e-63   2.5e-61  207.3   0.5    24   260    19   245    13   273 0.91 -
Dbuz09992-RA         -           1983 33935at7147          -            342   4.9e-57  193.2   0.6   1   3     0.052       3.9    6.1   0.4   237   308   571   642   561   660 0.76 -
Dbuz09992-RA         -           1983 33935at7147          -            342   4.9e-57  193.2   0.6   2   3   1.9e-20   1.4e-18   66.7   0.0    10   199   872  1076   867  1102 0.74 -
Dbuz09992-RA         -           1983 33935at7147          -            342   4.9e-57  193.2   0.6   3   3   3.5e-35   2.6e-33  115.2   0.0    11   261  1224  1478  1219  1486 0.91 -
Dbuz02149-RA         -            571 33935at7147          -            342   2.1e-56  191.1   0.1   1   1   2.8e-58   2.1e-56  191.1   0.1    10   276   297   565   289   569 0.92 -
Dbuz07021-RA         -            470 33935at7147          -            342   3.6e-52  177.2   0.0   1   1   7.8e-54   5.7e-52  176.5   0.0    11   271   191   463   183   469 0.92 -
Dbuz06248-RA         -            396 33935at7147          -            342     1e-45  156.0   0.3   1   2   5.5e-38   4.1e-36  124.4   0.0    11   202    90   281    82   294 0.92 -
Dbuz06248-RA         -            396 33935at7147          -            342     1e-45  156.0   0.3   2   2     4e-09   2.9e-07   29.5   0.1   198   263   300   369   289   375 0.78 -
Dbuz02942-RA         -            575 33935at7147          -            342     1e-44  152.7   0.0   1   2   2.3e-22   1.7e-20   73.0   0.0    14   203    28   220    24   234 0.91 -
Dbuz02942-RA         -            575 33935at7147          -            342     1e-44  152.7   0.0   2   2   9.9e-24   7.3e-22   77.5   0.0    14   206   305   504   302   552 0.86 -
Dbuz00137-RA         -            612 33935at7147          -            342   1.3e-41  142.5   1.1   1   2   4.3e-36   3.2e-34  118.2   0.0    14   174   182   356   177   357 0.86 -
Dbuz00137-RA         -            612 33935at7147          -            342   1.3e-41  142.5   1.1   2   2   1.1e-07   7.9e-06   24.8   0.2   238   269   356   387   355   393 0.93 -
Dbuz00757-RA         -            650 33935at7147          -            342   4.2e-41  140.8   0.3   1   2   4.2e-24   3.1e-22   78.8   0.1    11   261    85   341    80   346 0.87 -
Dbuz00757-RA         -            650 33935at7147          -            342   4.2e-41  140.8   0.3   2   2   1.8e-18   1.3e-16   60.2   0.0    13   237   360   585   354   628 0.80 -
Dbuz01473-RA         -           1337 33935at7147          -            342   2.1e-40  138.5   0.0   1   1     5e-42   3.7e-40  137.7   0.0    13   260   586   841   578   850 0.90 -
Dbuz11407-RA         -            335 33935at7147          -            342   1.3e-39  135.9   0.0   1   1   2.4e-41   1.8e-39  135.5   0.0    11   271    50   322    44   329 0.83 -
Dbuz10213-RA         -            426 33935at7147          -            342   1.5e-38  132.4   0.1   1   1   2.7e-40     2e-38  132.0   0.1    13   263   129   394   125   413 0.82 -
Dbuz07293-RA         -            794 33935at7147          -            342   1.6e-36  125.8   0.0   1   1   5.8e-38   4.3e-36  124.3   0.0    13   259     9   255     4   259 0.94 -
Dbuz11408-RA         -            491 33935at7147          -            342   3.5e-36  124.6   0.0   1   1   6.7e-38   4.9e-36  124.1   0.0    14   261   202   458   197   474 0.84 -
Dbuz02573-RA         -           1498 33935at7147          -            342   2.6e-32  111.9   0.0   1   1   6.7e-34     5e-32  111.0   0.0    13   262  1215  1474  1209  1485 0.90 -
Dbuz07244-RA         -            683 33935at7147          -            342   1.5e-31  109.4   0.0   1   1   3.2e-33   2.4e-31  108.7   0.0    14   258    30   286    24   293 0.88 -
Dbuz09312-RA         -            290 33935at7147          -            342   5.1e-31  107.6   0.0   1   1   8.8e-33   6.5e-31  107.3   0.0    14   205    14   213     8   240 0.90 -
Dbuz11607-RA         -            689 33935at7147          -            342   3.2e-30  105.0   0.1   1   1   6.7e-32     5e-30  104.4   0.1    41   267    46   272    14   275 0.89 -
Dbuz03011-RA         -            913 33935at7147          -            342   2.3e-29  102.2   0.0   1   1   5.2e-31   3.9e-29  101.5   0.0    49   218   646   815   605   848 0.82 -
Dbuz03425-RA         -            353 33935at7147          -            342   1.6e-28   99.4   0.2   1   2   4.7e-22   3.5e-20   72.0   0.0    13   223    14   234     8   250 0.86 -
Dbuz03425-RA         -            353 33935at7147          -            342   1.6e-28   99.4   0.2   2   2   6.8e-08     5e-06   25.5   0.1   227   280   269   318   264   338 0.78 -
Dbuz08441-RA         -            583 33935at7147          -            342   1.8e-28   99.2   0.0   1   1   3.6e-30   2.7e-28   98.7   0.0    14   261    34   283    29   301 0.92 -
Dbuz08459-RA         -            391 33935at7147          -            342   3.3e-28   98.4   0.0   1   1   6.2e-30   4.6e-28   97.9   0.0    12   261    27   294    22   307 0.84 -
Dbuz03851-RA         -            698 33935at7147          -            342     4e-28   98.1   0.0   1   1   7.7e-30   5.7e-28   97.6   0.0    11   253   372   617   367   676 0.87 -
Dbuz02204-RA         -            671 33935at7147          -            342   7.6e-28   97.2   0.0   1   1   1.7e-29   1.3e-27   96.5   0.0    12   215   364   571   353   577 0.86 -
Dbuz09673-RA         -           1359 33935at7147          -            342   1.1e-27   96.6   0.0   1   1   2.6e-29   1.9e-27   95.9   0.0    14   208  1037  1235  1031  1272 0.87 -
Dbuz03849-RA         -            671 33935at7147          -            342   2.5e-27   95.5   0.0   1   1   5.1e-29   3.8e-27   94.9   0.0    13   246   347   583   340   603 0.87 -
Dbuz00693-RA         -            312 33935at7147          -            342   1.2e-26   93.3   0.0   1   2   6.1e-28   4.5e-26   91.4   0.0     9   197     9   200     4   228 0.84 -
Dbuz00693-RA         -            312 33935at7147          -            342   1.2e-26   93.3   0.0   2   2       6.6   4.8e+02   -0.8   0.0   233   261   262   290   247   298 0.84 -
Dbuz11063-RA         -           1034 33935at7147          -            342   1.7e-26   92.8   0.0   1   1   4.6e-28   3.4e-26   91.8   0.0    10   209   727   927   723   937 0.87 -
Dbuz04577-RA         -            617 33935at7147          -            342   2.4e-26   92.3   0.0   1   1   5.2e-28   3.8e-26   91.6   0.0    13   270   120   382   115   393 0.88 -
Dbuz12767-RA         -            730 33935at7147          -            342   2.6e-26   92.2   0.0   1   1   5.2e-28   3.8e-26   91.6   0.0    13   205    23   217    18   268 0.87 -
Dbuz09934-RA         -            997 33935at7147          -            342   4.3e-26   91.5   0.0   1   1     9e-28   6.6e-26   90.8   0.0    53   255   201   404   166   428 0.87 -
Dbuz03877-RA         -            493 33935at7147          -            342   1.3e-25   89.9   0.0   1   1   2.6e-27   1.9e-25   89.3   0.0    11   259    12   266     7   285 0.88 -
Dbuz01403-RA         -           1268 33935at7147          -            342   2.2e-25   89.1   0.0   1   1   4.8e-27   3.6e-25   88.4   0.0    12   202    72   265    67   280 0.90 -
Dbuz06638-RA         -           1689 33935at7147          -            342   4.5e-25   88.1   1.0   1   1   1.3e-26   9.5e-25   87.0   0.0    12   261    25   277    20   285 0.88 -
Dbuz11132-RA         -            836 33935at7147          -            342   6.2e-25   87.6   0.0   1   1   1.4e-26     1e-24   86.9   0.0    12   255   563   814   558   822 0.85 -
Dbuz10892-RA         -            458 33935at7147          -            342   7.3e-25   87.4   0.6   1   2   1.7e-19   1.3e-17   63.6   0.3    12   154    96   241    92   253 0.89 -
Dbuz10892-RA         -            458 33935at7147          -            342   7.3e-25   87.4   0.6   2   2   8.9e-07   6.6e-05   21.8   0.0   162   205   287   330   276   340 0.89 -
Dbuz07623-RA         -            522 33935at7147          -            342   1.3e-24   86.6   0.0   1   1   2.4e-26   1.8e-24   86.1   0.0    11   221    18   231    12   278 0.87 -
Dbuz00113-RA         -            861 33935at7147          -            342   1.4e-24   86.5   0.0   1   1   2.8e-26     2e-24   85.9   0.0    12   206   572   772   567   831 0.80 -
Dbuz11624-RA         -           1208 33935at7147          -            342   2.9e-24   85.4   0.0   1   1   7.9e-26   5.9e-24   84.4   0.0    12   253   125   375   118   386 0.78 -
Dbuz03543-RA         -           1838 33935at7147          -            342   3.4e-24   85.2   0.0   1   1   1.1e-25   7.7e-24   84.0   0.0    12   202   109   305   103   373 0.84 -
Dbuz12113-RA         -            442 33935at7147          -            342   3.6e-24   85.1   0.0   1   2   7.2e-24   5.3e-22   78.0   0.0    10   217    54   263    51   272 0.86 -
Dbuz12113-RA         -            442 33935at7147          -            342   3.6e-24   85.1   0.0   2   2      0.12       9.2    4.9   0.1   233   263   312   342   304   361 0.82 -
Dbuz00750-RA         -           1035 33935at7147          -            342     4e-24   85.0   0.3   1   2   8.5e-19   6.3e-17   61.3   0.2     7   153   648   798   643   808 0.86 -
Dbuz00750-RA         -           1035 33935at7147          -            342     4e-24   85.0   0.3   2   2   1.1e-06   8.1e-05   21.5   0.0   162   203   850   891   844   915 0.91 -
Dbuz01926-RA         -            836 33935at7147          -            342   4.1e-24   84.9   0.0   1   1   8.4e-26   6.2e-24   84.4   0.0    12   203   143   336   136   385 0.89 -
Dbuz04845-RA         -            495 33935at7147          -            342   4.2e-24   84.9   0.0   1   1   7.9e-26   5.8e-24   84.4   0.0    12   206    77   278    71   338 0.84 -
Dbuz00139-RA         -           1166 33935at7147          -            342   5.1e-24   84.6   0.0   1   1   1.1e-25   7.8e-24   84.0   0.0    13   262    31   293    26   318 0.84 -
Dbuz09998-RA         -           1700 33935at7147          -            342   1.4e-23   83.2   0.0   1   1   3.5e-25   2.6e-23   82.3   0.0    11   258   478   733   471   737 0.83 -
Dbuz00140-RA         -            300 33935at7147          -            342   1.6e-23   83.0   0.0   1   1   2.7e-25     2e-23   82.7   0.0    13   197    30   224    25   239 0.84 -
Dbuz01350-RA         -            315 33935at7147          -            342     3e-23   82.1   0.0   1   1   5.5e-25     4e-23   81.7   0.0    13   202    63   255    58   275 0.90 -
Dbuz07920-RA         -            317 33935at7147          -            342   3.9e-23   81.7   0.0   1   1   9.8e-25   7.2e-23   80.8   0.0    11   209    29   240    22   254 0.80 -
Dbuz08641-RA         -            368 33935at7147          -            342   5.4e-23   81.3   0.0   1   1   1.2e-24   8.6e-23   80.6   0.0    14   259    39   295    33   300 0.77 -
Dbuz06576-RA         -           4753 33935at7147          -            342     7e-23   80.9   0.0   1   1   2.1e-24   1.5e-22   79.8   0.0    11   278  4129  4404  4123  4457 0.80 -
Dbuz09378-RA         -           1638 33935at7147          -            342     1e-22   80.4   0.0   1   1   2.5e-24   1.9e-22   79.5   0.0    13   202   109   308   104   336 0.86 -
Dbuz05687-RA         -            388 33935at7147          -            342   2.4e-22   79.1   0.0   1   1     5e-24   3.7e-22   78.5   0.0     8   201    55   253    49   273 0.85 -
Dbuz10454-RA         -            431 33935at7147          -            342   2.7e-22   79.0   0.0   1   1   9.2e-24   6.8e-22   77.6   0.0    63   266   102   310    31   373 0.77 -
Dbuz07450-RA         -            400 33935at7147          -            342   3.8e-22   78.5   0.0   1   2   4.5e-23   3.3e-21   75.4   0.0     8   202    83   279    79   290 0.85 -
Dbuz07450-RA         -            400 33935at7147          -            342   3.8e-22   78.5   0.0   2   2       2.1   1.5e+02    0.9   0.0   235   266   344   375   315   384 0.85 -
Dbuz09413-RA         -            700 33935at7147          -            342   6.6e-22   77.7   0.0   1   1   1.6e-23   1.1e-21   76.9   0.0    12   203   195   392   190   418 0.87 -
Dbuz05805-RA         -           1497 33935at7147          -            342   6.9e-22   77.6   0.0   1   1   1.5e-23   1.1e-21   77.0   0.0    32   256    27   252    13   260 0.83 -
Dbuz03905-RA         -            507 33935at7147          -            342     2e-21   76.1   0.0   1   1   6.3e-23   4.7e-21   74.9   0.0    11   280    15   302     6   317 0.81 -
Dbuz09761-RA         -            303 33935at7147          -            342   2.2e-21   76.0   0.0   1   1   4.7e-23   3.4e-21   75.3   0.0     7   204    23   219    18   228 0.86 -
Dbuz08733-RA         -           1108 33935at7147          -            342   2.8e-21   75.6   0.0   1   1   6.2e-23   4.6e-21   74.9   0.0    12   209   147   348   141   391 0.89 -
Dbuz02973-RA         -            537 33935at7147          -            342   2.9e-21   75.5   0.1   1   2     0.059       4.3    5.9   0.0    53    92    51    90    31   149 0.82 -
Dbuz02973-RA         -            537 33935at7147          -            342   2.9e-21   75.5   0.1   2   2   1.2e-20   8.9e-19   67.4   0.0    14   253   284   533   275   536 0.72 -
Dbuz03137-RA         -            687 33935at7147          -            342     1e-20   73.7   0.0   1   1   2.5e-22   1.9e-20   72.9   0.0    48   258   354   572   304   580 0.84 -
Dbuz02659-RA         -           1240 33935at7147          -            342   1.1e-20   73.7   0.0   1   1   2.4e-22   1.8e-20   73.0   0.0    11   249   130   373   127   391 0.80 -
Dbuz12193-RA         -            696 33935at7147          -            342   1.1e-20   73.6   0.1   1   2   6.1e-21   4.5e-19   68.4   0.0    12   198     9   194     4   212 0.84 -
Dbuz12193-RA         -            696 33935at7147          -            342   1.1e-20   73.6   0.1   2   2      0.53        39    2.8   0.0   213   252   233   271   223   282 0.80 -
Dbuz10446-RA         -            306 33935at7147          -            342   1.6e-20   73.1   0.0   1   1   3.3e-22   2.4e-20   72.5   0.0    75   280    46   260    14   298 0.79 -
Dbuz02766-RA         -            548 33935at7147          -            342   1.6e-20   73.1   0.0   1   1   3.2e-22   2.4e-20   72.6   0.0    13   254   156   410   150   418 0.83 -
Dbuz02357-RA         -            369 33935at7147          -            342   2.4e-20   72.5   0.0   1   2   1.5e-21   1.1e-19   70.3   0.0     9   204    37   237    32   253 0.79 -
Dbuz02357-RA         -            369 33935at7147          -            342   2.4e-20   72.5   0.0   2   2       5.5     4e+02   -0.5   0.0   213   250   275   313   267   329 0.80 -
Dbuz11478-RA         -            408 33935at7147          -            342   2.8e-20   72.3   0.4   1   1   8.1e-22   5.9e-20   71.3   0.2    14   248   152   390   137   399 0.78 -
Dbuz11353-RA         -           2028 33935at7147          -            342   3.1e-20   72.2   0.0   1   2     0.052       3.8    6.1   0.0    31    97  1645  1712  1637  1718 0.88 -
Dbuz11353-RA         -           2028 33935at7147          -            342   3.1e-20   72.2   0.0   2   2   1.7e-19   1.3e-17   63.6   0.0   105   212  1744  1854  1735  1939 0.80 -
Dbuz11661-RA         -           1233 33935at7147          -            342   3.9e-20   71.8   0.0   1   2     0.083       6.1    5.5   0.0    48   139   641   732   628   787 0.84 -
Dbuz11661-RA         -           1233 33935at7147          -            342   3.9e-20   71.8   0.0   2   2   1.3e-19   9.3e-18   64.0   0.0     3   253   925  1184   923  1193 0.77 -
Dbuz12395-RA         -            328 33935at7147          -            342   4.1e-20   71.8   0.0   1   1   7.4e-22   5.5e-20   71.4   0.0    13   207    73   277    67   299 0.86 -
Dbuz09262-RA         -            407 33935at7147          -            342   4.7e-20   71.6   0.0   1   1     9e-22   6.7e-20   71.1   0.0    12   252   142   386   135   394 0.87 -
Dbuz04691-RA         -            294 33935at7147          -            342   1.5e-19   69.9   0.0   1   1     3e-21   2.2e-19   69.4   0.0    10   201     6   200     3   218 0.86 -
Dbuz05067-RA         -            960 33935at7147          -            342   1.5e-19   69.9   1.3   1   1   6.1e-21   4.5e-19   68.4   0.0    11   200   567   764   563   787 0.80 -
Dbuz10453-RA         -           1022 33935at7147          -            342   1.6e-19   69.9   0.0   1   1   3.9e-21   2.9e-19   69.0   0.0    14   248   706   950   695   957 0.79 -
Dbuz02744-RA         -            452 33935at7147          -            342     2e-19   69.5   0.1   1   1   3.6e-21   2.6e-19   69.1   0.1    34   260   207   446   185   452 0.84 -
Dbuz07023-RA         -           1365 33935at7147          -            342   3.7e-19   68.6   0.0   1   1     1e-20   7.7e-19   67.6   0.0    13   202    79   275    74   281 0.87 -
Dbuz04977-RA         -            751 33935at7147          -            342   3.9e-19   68.6   0.0   1   1   1.3e-20   9.9e-19   67.2   0.0     7   264   110   365   106   375 0.85 -
Dbuz12688-RA         -            297 33935at7147          -            342   5.4e-19   68.1   0.0   1   1   2.6e-20   1.9e-18   66.3   0.0     8   217     4   221     3   293 0.84 -
Dbuz06251-RA         -           1092 33935at7147          -            342   9.5e-19   67.3   0.2   1   2     8e-19   5.9e-17   61.4   0.2     8   201   164   377   157   389 0.80 -
Dbuz06251-RA         -           1092 33935at7147          -            342   9.5e-19   67.3   0.2   2   2       1.3        92    1.6   0.0   234   265   441   472   430   480 0.84 -
Dbuz03737-RA         -            814 33935at7147          -            342   1.2e-18   66.9   0.0   1   1   2.6e-20   1.9e-18   66.3   0.0    11   260    19   273     9   281 0.87 -
Dbuz11845-RA         -            459 33935at7147          -            342   2.9e-18   65.7   0.0   1   1   5.7e-20   4.2e-18   65.2   0.0    11   260   157   424   146   445 0.80 -
Dbuz03088-RA         -            724 33935at7147          -            342   4.3e-18   65.2   0.0   1   2     2e-15   1.4e-13   50.3   0.0    13   200     9   197     4   214 0.86 -
Dbuz03088-RA         -            724 33935at7147          -            342   4.3e-18   65.2   0.0   2   2   0.00055     0.041   12.6   0.0   229   263   255   289   241   294 0.86 -
Dbuz02969-RA         -            545 33935at7147          -            342   7.4e-18   64.4   0.2   1   2       0.2        15    4.2   0.0    79   138    52   114    30   131 0.74 -
Dbuz02969-RA         -            545 33935at7147          -            342   7.4e-18   64.4   0.2   2   2   1.2e-17   8.9e-16   57.5   0.1    14   254   267   539   256   541 0.72 -
Dbuz11276-RA         -           1080 33935at7147          -            342     1e-17   63.9   0.1   1   2     5e-17   3.7e-15   55.5   0.1    13   200   730   922   724   938 0.80 -
Dbuz11276-RA         -           1080 33935at7147          -            342     1e-17   63.9   0.1   2   2     0.066       4.9    5.8   0.0   224   260  1004  1040   996  1042 0.86 -
Dbuz00665-RA         -            295 33935at7147          -            342   1.3e-17   63.5   0.0   1   1   2.6e-19   1.9e-17   63.0   0.0    12   206    13   212     9   244 0.84 -
Dbuz08069-RA         -            929 33935at7147          -            342   2.7e-17   62.5   0.0   1   1     6e-19   4.4e-17   61.8   0.0    12   255   657   910   652   917 0.79 -
Dbuz08412-RA         -            761 33935at7147          -            342   4.3e-17   61.9   0.1   1   2   8.8e-18   6.5e-16   58.0   0.0    13   205   224   423   219   460 0.77 -
Dbuz08412-RA         -            761 33935at7147          -            342   4.3e-17   61.9   0.1   2   2       1.4     1e+02    1.4   0.0   226   263   508   544   499   548 0.84 -
Dbuz03338-RA         -            770 33935at7147          -            342   5.5e-17   61.5   0.0   1   1   2.2e-18   1.6e-16   60.0   0.0    14   255   473   737   468   743 0.81 -
Dbuz01998-RA         -            728 33935at7147          -            342   6.7e-17   61.2   0.0   1   1   2.6e-18   1.9e-16   59.7   0.0    67   202    87   234    14   257 0.84 -
Dbuz03189-RA         -           1276 33935at7147          -            342   8.8e-17   60.8   0.0   1   2    0.0063      0.46    9.1   0.0    13    75   757   819   752   825 0.94 -
Dbuz03189-RA         -           1276 33935at7147          -            342   8.8e-17   60.8   0.0   2   2   4.8e-15   3.5e-13   49.0   0.0    79   198  1043  1179  1024  1235 0.73 -
Dbuz10548-RA         -            502 33935at7147          -            342   1.7e-16   59.9   0.0   1   1   3.2e-18   2.4e-16   59.4   0.0    15   296    43   332    34   357 0.76 -
Dbuz10923-RA         -            785 33935at7147          -            342   1.9e-16   59.8   0.0   1   1   5.3e-18   3.9e-16   58.7   0.0    85   262    30   219    21   227 0.84 -
Dbuz07880-RA         -            351 33935at7147          -            342   2.3e-16   59.5   0.0   1   1     4e-18     3e-16   59.1   0.0     8   210    12   223     7   257 0.81 -
Dbuz01321-RA         -           1236 33935at7147          -            342   3.1e-16   59.0   0.0   1   1   9.3e-18   6.9e-16   57.9   0.0    11   204   135   345   127   348 0.81 -
Dbuz07361-RA         -           1139 33935at7147          -            342     4e-16   58.7   0.0   1   3       1.5   1.1e+02    1.3   0.0    14    98   766   854   760   862 0.73 -
Dbuz07361-RA         -           1139 33935at7147          -            342     4e-16   58.7   0.0   2   3   6.7e-06   0.00049   18.9   0.0   112   154   886   928   877   939 0.89 -
Dbuz07361-RA         -           1139 33935at7147          -            342     4e-16   58.7   0.0   3   3   1.5e-10   1.1e-08   34.2   0.0   168   248  1005  1086   993  1101 0.92 -
Dbuz08813-RA         -           1017 33935at7147          -            342   4.4e-16   58.5   0.0   1   1   1.4e-17     1e-15   57.3   0.0     9   196    49   252    42   270 0.68 -
Dbuz00636-RA         -           1597 33935at7147          -            342   5.1e-16   58.3   0.7   1   3     0.014       1.1    8.0   0.1    47   153   305   415   297   420 0.81 -
Dbuz00636-RA         -           1597 33935at7147          -            342   5.1e-16   58.3   0.7   2   3      0.29        21    3.7   0.0    14    75   534   596   528   606 0.89 -
Dbuz00636-RA         -           1597 33935at7147          -            342   5.1e-16   58.3   0.7   3   3   3.1e-12   2.3e-10   39.7   0.0    82   258   705   908   698   924 0.66 -
Dbuz09059-RA         -            361 33935at7147          -            342   5.8e-16   58.1   0.0   1   2   2.7e-16     2e-14   53.1   0.0    85   201   106   220    17   243 0.74 -
Dbuz09059-RA         -            361 33935at7147          -            342   5.8e-16   58.1   0.0   2   2      0.54        40    2.8   0.0   209   261   258   310   237   315 0.79 -
Dbuz00839-RA         -            281 33935at7147          -            342   7.3e-16   57.8   0.0   1   1   1.3e-17   9.7e-16   57.4   0.0     9   254    16   262    12   271 0.80 -
Dbuz03413-RA         -            409 33935at7147          -            342   8.1e-16   57.7   0.0   1   1   1.6e-17   1.1e-15   57.2   0.0   100   196   133   231   107   252 0.85 -
Dbuz12541-RA         -            537 33935at7147          -            342   1.5e-15   56.8   0.0   1   1     3e-17   2.2e-15   56.2   0.0    12   217   266   483   262   525 0.78 -
Dbuz04365-RA         -            974 33935at7147          -            342   2.1e-15   56.3   0.0   1   1   5.7e-17   4.2e-15   55.3   0.0    15   258   400   658   396   668 0.81 -
Dbuz01074-RA         -            366 33935at7147          -            342   2.3e-15   56.2   0.1   1   1   1.6e-16   1.2e-14   53.9   0.1    77   199   103   223    22   322 0.77 -
Dbuz02778-RA         -            524 33935at7147          -            342   4.5e-15   55.2   0.0   1   1   9.5e-17     7e-15   54.6   0.0    99   256   181   344   162   355 0.80 -
Dbuz10509-RA         -           1289 33935at7147          -            342   8.5e-15   54.3   0.0   1   1   2.4e-16   1.8e-14   53.2   0.0    12   255   910  1174   902  1178 0.77 -
Dbuz01135-RA         -            637 33935at7147          -            342   1.2e-14   53.8   0.2   1   1   5.2e-16   3.8e-14   52.2   0.2    12   257   352   622   344   627 0.77 -
Dbuz03049-RA         -            594 33935at7147          -            342   1.3e-14   53.7   0.1   1   2     9e-11   6.6e-09   34.9   0.0     8   135   227   356   224   363 0.87 -
Dbuz03049-RA         -            594 33935at7147          -            342   1.3e-14   53.7   0.1   2   2   6.4e-05    0.0047   15.7   0.0   151   261   396   505   390   525 0.73 -
Dbuz10516-RA         -            160 33935at7147          -            342   2.9e-14   52.6   0.0   1   1   4.7e-16   3.5e-14   52.3   0.0   112   201     1    94     1   109 0.84 -
Dbuz08841-RA         -            552 33935at7147          -            342     6e-14   51.5   0.0   1   1   1.2e-15   9.2e-14   50.9   0.0    10   194   248   450   243   460 0.82 -
Dbuz09555-RA         -            366 33935at7147          -            342     4e-13   48.8   0.0   1   1   1.2e-14   8.7e-13   47.7   0.0   101   199   119   216    21   224 0.84 -
Dbuz01469-RA         -           1106 33935at7147          -            342   4.5e-13   48.6   0.0   1   1   1.1e-14   7.9e-13   47.8   0.0   103   278   670   861   615   874 0.78 -
Dbuz03389-RA         -           2213 33935at7147          -            342   4.5e-13   48.6   0.0   1   2     0.013      0.99    8.1   0.0    11    97  1415  1505  1407  1514 0.80 -
Dbuz03389-RA         -           2213 33935at7147          -            342   4.5e-13   48.6   0.0   2   2   1.3e-11   9.3e-10   37.7   0.0   110   255  1543  1691  1534  1703 0.87 -
Dbuz06075-RA         -            544 33935at7147          -            342   4.6e-13   48.6   0.0   1   1   9.5e-15     7e-13   48.0   0.0    13   198   240   443   232   452 0.80 -
Dbuz00641-RA         -            473 33935at7147          -            342   6.7e-13   48.1   0.0   1   1   1.5e-14   1.1e-12   47.4   0.0     8   200    31   229    25   264 0.71 -
Dbuz05294-RA         -            812 33935at7147          -            342     7e-13   48.0   0.0   1   2      0.19        14    4.3   0.0    14    97   448   537   441   542 0.77 -
Dbuz05294-RA         -            812 33935at7147          -            342     7e-13   48.0   0.0   2   2     1e-12   7.6e-11   41.3   0.0   112   255   646   788   635   799 0.77 -
Dbuz07048-RA         -            382 33935at7147          -            342     1e-12   47.4   0.0   1   1   3.7e-14   2.7e-12   46.1   0.0   107   206   141   250   120   286 0.76 -
Dbuz09066-RA         -           1310 33935at7147          -            342   1.9e-12   46.6   0.0   1   1   8.5e-14   6.3e-12   44.9   0.0    12   201    11   207     5   225 0.84 -
Dbuz03162-RA         -            336 33935at7147          -            342     2e-12   46.5   0.1   1   1     1e-13   7.6e-12   44.6   0.1    12   192    41   219    37   245 0.80 -
Dbuz08239-RA         -            447 33935at7147          -            342   2.3e-12   46.3   0.0   1   1   5.3e-14   3.9e-12   45.6   0.0   102   201   125   232    17   237 0.63 -
Dbuz04761-RA         -           1013 33935at7147          -            342   3.4e-12   45.8   0.2   1   3   1.9e-09   1.4e-07   30.5   0.0    13   138   198   336   193   364 0.70 -
Dbuz04761-RA         -           1013 33935at7147          -            342   3.4e-12   45.8   0.2   2   3    0.0014       0.1   11.3   0.0   141   200   628   684   617   692 0.82 -
Dbuz04761-RA         -           1013 33935at7147          -            342   3.4e-12   45.8   0.2   3   3       8.2   6.1e+02   -1.1   0.0   228   255   759   786   753   790 0.89 -
Dbuz10411-RA         -            465 33935at7147          -            342   3.9e-12   45.6   0.0   1   2   8.1e-12     6e-10   38.4   0.0    93   201     5   115     2   146 0.82 -
Dbuz10411-RA         -            465 33935at7147          -            342   3.9e-12   45.6   0.0   2   2      0.12         9    4.9   0.0   226   259   181   214   169   221 0.85 -
Dbuz11556-RA         -            500 33935at7147          -            342   4.4e-12   45.4   0.0   1   1   8.9e-14   6.5e-12   44.8   0.0    14   259   179   453   175   497 0.73 -
Dbuz05022-RA         -           1543 33935at7147          -            342   1.1e-11   44.1   0.0   1   1   2.5e-13   1.9e-11   43.3   0.0    18   217   560   770   543   850 0.77 -
Dbuz10489-RA         -            722 33935at7147          -            342     2e-11   43.2   0.0   1   1   5.2e-13   3.9e-11   42.3   0.0     6   202    10   223     7   228 0.81 -
Dbuz12719-RA         -            448 33935at7147          -            342   2.7e-11   42.8   0.0   1   1   5.2e-13   3.8e-11   42.3   0.0   105   201    36   133    21   156 0.88 -
Dbuz08518-RA         -           1148 33935at7147          -            342   4.2e-11   42.2   0.0   1   1     9e-13   6.7e-11   41.5   0.0    14   248   795  1050   789  1057 0.79 -
Dbuz00462-RA         -            488 33935at7147          -            342     3e-10   39.3   0.0   1   1   6.7e-12   4.9e-10   38.7   0.0    12   199   201   404   188   433 0.75 -
Dbuz04719-RA         -            573 33935at7147          -            342   8.1e-10   37.9   0.0   1   1   1.6e-11   1.2e-09   37.4   0.0    13   198   280   483   274   488 0.78 -
Dbuz05183-RA         -           1303 33935at7147          -            342     1e-09   37.6   0.0   1   1   2.1e-11   1.5e-09   37.0   0.0     9   203   648   851   642   911 0.81 -
Dbuz00684-RA         -           2454 33935at7147          -            342   3.1e-09   36.0   0.0   1   1   7.6e-11   5.6e-09   35.2   0.0    52   253  1809  2028  1800  2043 0.78 -
Dbuz05122-RA         -            583 33935at7147          -            342   3.7e-09   35.8   0.0   1   1   7.2e-11   5.3e-09   35.3   0.0    15   211   323   527   314   568 0.80 -
Dbuz07985-RA         -            730 33935at7147          -            342     1e-08   34.3   0.0   1   1   2.9e-10   2.1e-08   33.3   0.0   103   199   141   241   123   309 0.79 -
Dbuz01856-RA         -           1329 33935at7147          -            342   1.1e-08   34.2   0.0   1   1   2.7e-10     2e-08   33.4   0.0    29   272   486   760   468   786 0.68 -
Dbuz05125-RA         -            532 33935at7147          -            342   1.1e-08   34.2   0.0   1   1   2.3e-10   1.7e-08   33.6   0.0    14   211   271   476   261   517 0.80 -
Dbuz00782-RA         -            518 33935at7147          -            342     2e-08   33.4   0.0   1   1     5e-10   3.7e-08   32.5   0.0    14   179   210   386   205   410 0.79 -
Dbuz12879-RA         -            340 33935at7147          -            342   5.1e-08   32.0   0.0   1   1   1.1e-09   8.2e-08   31.3   0.0   112   255   182   328   175   333 0.87 -
Dbuz03913-RA         -           1228 33935at7147          -            342     7e-08   31.6   0.0   1   1   3.6e-09   2.7e-07   29.6   0.0    74   247   130   318    58   335 0.68 -
Dbuz01797-RA         -            666 33935at7147          -            342   8.3e-08   31.3   0.0   1   1     2e-09   1.5e-07   30.5   0.0    28   258   149   394   142   403 0.78 -
Dbuz00903-RA         -           2390 33935at7147          -            342   1.4e-07   30.5   0.1   1   1   4.3e-08   3.2e-06   26.1   0.1    13   199  2047  2255  2041  2279 0.76 -
Dbuz05907-RA         -            921 33935at7147          -            342   4.5e-07   28.9   0.0   1   1   1.1e-08   7.8e-07   28.1   0.0   110   252   762   908   671   919 0.85 -
Dbuz11681-RA         -             98 33935at7147          -            342   9.3e-07   27.9   0.0   1   1   1.5e-08   1.1e-06   27.6   0.0   176   252     8    90     2    97 0.74 -
Dbuz08956-RA         -           1243 33935at7147          -            342   1.9e-06   26.8   0.0   1   1   6.2e-08   4.6e-06   25.6   0.0    45   149   587   694   561   706 0.87 -
Dbuz07566-RA         -            404 33935at7147          -            342   2.3e-06   26.6   0.0   1   1   3.8e-08   2.8e-06   26.3   0.0    29   203    72   251    46   313 0.71 -
Dbuz09762-RA         -            254 33935at7147          -            342   3.1e-06   26.1   0.2   1   1     1e-07   7.7e-06   24.9   0.2    69   254    56   240     7   248 0.77 -
Dbuz01430-RA         -            802 33935at7147          -            342   3.2e-06   26.1   0.0   1   1   7.7e-08   5.6e-06   25.3   0.0   111   210   624   720   612   761 0.77 -
Dbuz09986-RA         -            513 33935at7147          -            342     6e-06   25.2   0.0   1   1   1.2e-07   8.7e-06   24.7   0.0   110   287   266   450   255   465 0.74 -
Dbuz00437-RA         -            469 33935at7147          -            342   9.9e-06   24.5   0.1   1   1   3.3e-07   2.5e-05   23.2   0.1    13   158    14   161     9   170 0.75 -
Dbuz04760-RA         -            467 33935at7147          -            342   1.1e-05   24.4   0.2   1   2   0.00049     0.036   12.8   0.0   108   139   253   284   248   366 0.78 -
Dbuz04760-RA         -            467 33935at7147          -            342   1.1e-05   24.4   0.2   2   2     0.011      0.78    8.4   0.0   232   258   438   464   427   467 0.87 -
Dbuz09748-RA         -           1549 33935at7147          -            342   1.5e-05   23.9   0.0   1   1     4e-07   2.9e-05   22.9   0.0   100   258   144   311    77   323 0.73 -
Dbuz08451-RA         -            343 33935at7147          -            342   2.7e-05   23.1   0.0   1   1   5.1e-07   3.7e-05   22.6   0.0    12   153    24   167    19   217 0.82 -
Dbuz10457-RA         -            260 33935at7147          -            342   2.7e-05   23.1   0.0   1   1   4.4e-07   3.3e-05   22.8   0.0    12   208    21   217    15   258 0.81 -
Dbuz02853-RA         -            340 33935at7147          -            342   3.6e-05   22.7   0.0   1   1     6e-07   4.4e-05   22.4   0.0    80   207    89   225    22   338 0.64 -
Dbuz01714-RA         -            288 33935at7147          -            342   3.8e-05   22.6   0.0   1   1     1e-06   7.6e-05   21.6   0.0     9   149    29   185    26   194 0.69 -
Dbuz08960-RA         -            940 33935at7147          -            342   4.3e-05   22.4   0.0   1   3   0.00099     0.073   11.8   0.0    12   123   294   417   288   437 0.69 -
Dbuz08960-RA         -            940 33935at7147          -            342   4.3e-05   22.4   0.0   2   3     0.038       2.8    6.6   0.0   142   200   774   829   762   836 0.76 -
Dbuz08960-RA         -            940 33935at7147          -            342   4.3e-05   22.4   0.0   3   3       6.5   4.8e+02   -0.8   0.0   228   259   904   935   897   938 0.92 -
Dbuz02415-RA         -            604 33935at7147          -            342   4.7e-05   22.3   0.1   1   3   6.6e-05    0.0049   15.6   0.0   107   157   190   241   157   248 0.86 -
Dbuz02415-RA         -            604 33935at7147          -            342   4.7e-05   22.3   0.1   2   3       1.8   1.4e+02    1.0   0.0   154   195   350   394   337   403 0.74 -
Dbuz02415-RA         -            604 33935at7147          -            342   4.7e-05   22.3   0.1   3   3       1.8   1.3e+02    1.1   0.0   235   259   514   538   506   543 0.84 -
Dbuz03449-RA         -            453 33935at7147          -            342   4.9e-05   22.2   0.0   1   1   9.5e-07     7e-05   21.7   0.0   161   249   344   436   214   449 0.71 -
Dbuz08450-RA         -            343 33935at7147          -            342   0.00026   19.9   0.0   1   1   8.3e-06   0.00061   18.6   0.0    12   159    24   173    20   223 0.75 -
Dbuz00833-RA         -            211 33935at7147          -            342   0.00032   19.5   0.4   1   2   0.00011     0.008   14.9   0.2    12    99    13    95     8   119 0.75 -
Dbuz00833-RA         -            211 33935at7147          -            342   0.00032   19.5   0.4   2   2       0.3        22    3.6   0.0   173   246   112   189   104   204 0.67 -
Dbuz03191-RA         -            401 33935at7147          -            342   0.00065   18.5   0.0   1   1   2.3e-05    0.0017   17.1   0.0    68   153    92   179    35   208 0.62 -
Dbuz08536-RA         -            968 33935at7147          -            342   0.00078   18.3   2.1   1   3     0.017       1.3    7.7   0.0    13   137   414   550   409   558 0.63 -
Dbuz08536-RA         -            968 33935at7147          -            342   0.00078   18.3   2.1   2   3         7   5.2e+02   -0.9   0.6   226   262   707   743   700   749 0.82 -
Dbuz08536-RA         -            968 33935at7147          -            342   0.00078   18.3   2.1   3   3     0.015       1.1    7.9   0.0   164   200   807   843   786   850 0.83 -
Dbuz09706-RA         -            374 33935at7147          -            342    0.0021   16.9   0.1   1   1   7.2e-05    0.0053   15.5   0.1    12   152    31   173    26   179 0.72 -
Dbuz09546-RA         -           1164 33935at7147          -            342    0.0021   16.9   0.0   1   1   5.4e-05     0.004   15.9   0.0    11   153   882  1037   873  1076 0.79 -
Dbuz08131-RA         -            800 33935at7147          -            342    0.0023   16.7   0.0   1   2    0.0005     0.037   12.8   0.0   103   152   287   337   267   345 0.87 -
Dbuz08131-RA         -            800 33935at7147          -            342    0.0023   16.7   0.0   2   2       1.6   1.2e+02    1.2   0.0   162   194   543   576   525   585 0.77 -
Dbuz08223-RA         -            923 33935at7147          -            342    0.0029   16.4   0.0   1   1   7.2e-05    0.0053   15.5   0.0    14   179   240   426   235   455 0.72 -
Dbuz01835-RA         -            570 33935at7147          -            342     0.059   12.1   0.0   1   1    0.0012     0.088   11.5   0.0    81   158   198   281   178   335 0.75 -
Dbuz09681-RA         -            342 33935at7147          -            342     0.064   12.0   0.0   1   1     0.001     0.074   11.8   0.0    16   153    25   164    18   250 0.73 -
Dbuz08448-RA         -            837 33935at7147          -            342     0.073   11.8   0.0   1   1    0.0025      0.18   10.5   0.0    79   195    74   194    51   278 0.77 -
#
# Program:         hmmsearch
# Version:         3.1b2 (February 2015)
# Pipeline mode:   SEARCH
# Query file:      /home/nmoreyra/Documents/Genomics/03_orthologs_search/00_Phylogenomics_BUSCO-groups/busco4_odb10/busco_downloads/lineages/diptera_odb10/hmms/33935at7147.hmm
# Target file:     /home/nmoreyra/Documents/Genomics/03_orthologs_search/00_Phylogenomics_BUSCO-groups/busco4_odb10/../00_proteins/Dbuz_proteins.fasta
# Option settings: /home/nmoreyra/Software/miniconda3/envs/busco4/bin/hmmsearch --domtblout /home/nmoreyra/Documents/Genomics/03_orthologs_search/00_Phylogenomics_BUSCO-groups/busco4_odb10/Dbuz_diptera/run_diptera_odb10/hmmer_output/initial_run_results/33935at7147.out --cpu 1 /home/nmoreyra/Documents/Genomics/03_orthologs_search/00_Phylogenomics_BUSCO-groups/busco4_odb10/busco_downloads/lineages/diptera_odb10/hmms/33935at7147.hmm /home/nmoreyra/Documents/Genomics/03_orthologs_search/00_Phylogenomics_BUSCO-groups/busco4_odb10/../00_proteins/Dbuz_proteins.fasta 
# Current dir:     /home/nmoreyra/Documents/Genomics/03_orthologs_search/00_Phylogenomics_BUSCO-groups/busco4_odb10
# Date:            Mon Jan 25 13:19:15 2021
# [ok]
