#                                                                            --- full sequence --- -------------- this domain -------------   hmm coord   ali coord   env coord
# target name        accession   tlen query name           accession   qlen   E-value  score  bias   #  of  c-Evalue  i-Evalue  score  bias  from    to  from    to  from    to  acc description of target
#------------------- ---------- ----- -------------------- ---------- ----- --------- ------ ----- --- --- --------- --------- ------ ----- ----- ----- ----- ----- ----- ----- ---- ---------------------
Dbuz01079-RA         -           2064 3440at7147           -           1639         0 2579.8 300.5   1   5   4.9e-28   2.1e-24   84.6   7.0     6    68   103   166    99   173 0.94 -
Dbuz01079-RA         -           2064 3440at7147           -           1639         0 2579.8 300.5   2   5   4.4e-91   1.9e-87  293.6  34.9    64   261   229   458   219   482 0.86 -
Dbuz01079-RA         -           2064 3440at7147           -           1639         0 2579.8 300.5   3   5         0         0 1901.8 212.9   266  1448   504  1805   501  1812 0.94 -
Dbuz01079-RA         -           2064 3440at7147           -           1639         0 2579.8 300.5   4   5   2.9e-11   1.3e-07   29.0   2.7  1446  1482  1826  1862  1820  1873 0.90 -
Dbuz01079-RA         -           2064 3440at7147           -           1639         0 2579.8 300.5   5   5   3.6e-89   1.5e-85  287.2  11.3  1479  1639  1886  2059  1883  2059 0.95 -
Dbuz02119-RA         -            182 3440at7147           -           1639      0.01   12.7   0.4   1   1   2.9e-06     0.012   12.4   0.4  1447  1534    30   117    17   123 0.91 -
Dbuz09844-RA         -           1879 3440at7147           -           1639     0.014   12.2   1.0   1   1   5.1e-06     0.022   11.6   1.0    41   155    34   149    24   174 0.88 -
#
# Program:         hmmsearch
# Version:         3.1b2 (February 2015)
# Pipeline mode:   SEARCH
# Query file:      /home/nmoreyra/Documents/Genomics/03_orthologs_search/00_Phylogenomics_BUSCO-groups/busco4_odb10/busco_downloads/lineages/diptera_odb10/hmms/3440at7147.hmm
# Target file:     /home/nmoreyra/Documents/Genomics/03_orthologs_search/00_Phylogenomics_BUSCO-groups/busco4_odb10/../00_proteins/Dbuz_proteins.fasta
# Option settings: /home/nmoreyra/Software/miniconda3/envs/busco4/bin/hmmsearch --domtblout /home/nmoreyra/Documents/Genomics/03_orthologs_search/00_Phylogenomics_BUSCO-groups/busco4_odb10/Dbuz_diptera/run_diptera_odb10/hmmer_output/initial_run_results/3440at7147.out --cpu 1 /home/nmoreyra/Documents/Genomics/03_orthologs_search/00_Phylogenomics_BUSCO-groups/busco4_odb10/busco_downloads/lineages/diptera_odb10/hmms/3440at7147.hmm /home/nmoreyra/Documents/Genomics/03_orthologs_search/00_Phylogenomics_BUSCO-groups/busco4_odb10/../00_proteins/Dbuz_proteins.fasta 
# Current dir:     /home/nmoreyra/Documents/Genomics/03_orthologs_search/00_Phylogenomics_BUSCO-groups/busco4_odb10
# Date:            Mon Jan 25 13:19:48 2021
# [ok]
