#                                                                            --- full sequence --- -------------- this domain -------------   hmm coord   ali coord   env coord
# target name        accession   tlen query name           accession   qlen   E-value  score  bias   #  of  c-Evalue  i-Evalue  score  bias  from    to  from    to  from    to  acc description of target
#------------------- ---------- ----- -------------------- ---------- ----- --------- ------ ----- --- --- --------- --------- ------ ----- ----- ----- ----- ----- ----- ----- ---- ---------------------
Dbuz05191-RA         -            621 35734at7147          -            368  1.6e-183  609.3  78.7   1   4  1.3e-139  2.4e-136  454.0   5.7     1   258     1   290     1   314 0.85 -
Dbuz05191-RA         -            621 35734at7147          -            368  1.6e-183  609.3  78.7   2   4     4e-29   7.3e-26   90.5  20.2   231   297   338   404   316   411 0.93 -
Dbuz05191-RA         -            621 35734at7147          -            368  1.6e-183  609.3  78.7   3   4     2e-06    0.0036   15.8  22.9   243   319   426   504   413   514 0.61 -
Dbuz05191-RA         -            621 35734at7147          -            368  1.6e-183  609.3  78.7   4   4   2.8e-20   5.1e-17   61.4   5.9   311   368   547   620   515   620 0.87 -
Dbuz00608-RA         -            222 35734at7147          -            368   1.1e-07   30.8   0.1   1   3         7   1.3e+04   -5.8  10.9   207   315     7   108     4   116 0.61 -
Dbuz00608-RA         -            222 35734at7147          -            368   1.1e-07   30.8   0.1   2   3       1.4   2.5e+03   -3.4   5.4   245   289    96   140    85   148 0.58 -
Dbuz00608-RA         -            222 35734at7147          -            368   1.1e-07   30.8   0.1   3   3   5.8e-11   1.1e-07   30.8   0.1    23    86   148   212   142   219 0.90 -
Dbuz01544-RA         -            576 35734at7147          -            368    0.0046   15.5   2.8   1   2   2.5e-06    0.0046   15.5   2.8   177   293   115   229   107   274 0.72 -
Dbuz01544-RA         -            576 35734at7147          -            368    0.0046   15.5   2.8   2   2       6.3   1.1e+04   -5.6   1.9   240   261   508   528   499   548 0.40 -
Dbuz08153-RA         -            407 35734at7147          -            368    0.0056   15.2   5.4   1   1   5.4e-06    0.0099   14.4   5.4   174   318   109   264    93   296 0.56 -
Dbuz11518-RA         -            794 35734at7147          -            368       1.5    7.2  16.3   1   3      0.51   9.3e+02   -2.0   0.0   213   273    84   144    72   153 0.74 -
Dbuz11518-RA         -            794 35734at7147          -            368       1.5    7.2  16.3   2   3   2.1e-05     0.038   12.5   7.1   165   273   331   438   322   450 0.77 -
Dbuz11518-RA         -            794 35734at7147          -            368       1.5    7.2  16.3   3   3       0.2   3.6e+02   -0.6   0.7   298   316   663   681   622   690 0.75 -
Dbuz08315-RA         -            167 35734at7147          -            368       4.6    5.6  10.8   1   1    0.0029       5.3    5.4  10.8   271   330    14    74     4   111 0.69 -
Dbuz07885-RA         -            757 35734at7147          -            368       4.9    5.5  13.3   1   2    0.0043       7.9    4.8   3.4   283   347   197   272   176   279 0.48 -
Dbuz07885-RA         -            757 35734at7147          -            368       4.9    5.5  13.3   2   2    0.0027         5    5.5   2.4   285   347   478   551   459   558 0.48 -
#
# Program:         hmmsearch
# Version:         3.1b2 (February 2015)
# Pipeline mode:   SEARCH
# Query file:      /home/nmoreyra/Documents/Genomics/03_orthologs_search/00_Phylogenomics_BUSCO-groups/busco4_odb10/busco_downloads/lineages/diptera_odb10/hmms/35734at7147.hmm
# Target file:     /home/nmoreyra/Documents/Genomics/03_orthologs_search/00_Phylogenomics_BUSCO-groups/busco4_odb10/../00_proteins/Dbuz_proteins.fasta
# Option settings: /home/nmoreyra/Software/miniconda3/envs/busco4/bin/hmmsearch --domtblout /home/nmoreyra/Documents/Genomics/03_orthologs_search/00_Phylogenomics_BUSCO-groups/busco4_odb10/Dbuz_diptera/run_diptera_odb10/hmmer_output/initial_run_results/35734at7147.out --cpu 1 /home/nmoreyra/Documents/Genomics/03_orthologs_search/00_Phylogenomics_BUSCO-groups/busco4_odb10/busco_downloads/lineages/diptera_odb10/hmms/35734at7147.hmm /home/nmoreyra/Documents/Genomics/03_orthologs_search/00_Phylogenomics_BUSCO-groups/busco4_odb10/../00_proteins/Dbuz_proteins.fasta 
# Current dir:     /home/nmoreyra/Documents/Genomics/03_orthologs_search/00_Phylogenomics_BUSCO-groups/busco4_odb10
# Date:            Mon Jan 25 13:19:21 2021
# [ok]
