#                                                                            --- full sequence --- -------------- this domain -------------   hmm coord   ali coord   env coord
# target name        accession   tlen query name           accession   qlen   E-value  score  bias   #  of  c-Evalue  i-Evalue  score  bias  from    to  from    to  from    to  acc description of target
#------------------- ---------- ----- -------------------- ---------- ----- --------- ------ ----- --- --- --------- --------- ------ ----- ----- ----- ----- ----- ----- ----- ---- ---------------------
Dbuz03353-RA         -            517 36142at7147          -            395  2.4e-174  579.3  15.2   1   2     0.057        66    1.7   0.0     1    26    38    63    38    76 0.81 -
Dbuz03353-RA         -            517 36142at7147          -            395  2.4e-174  579.3  15.2   2   2  7.9e-177  9.2e-174  577.4  12.6    17   395    77   516    67   516 0.87 -
Dbuz00461-RA         -            714 36142at7147          -            395     7e-33  113.5   1.5   1   1   1.1e-35   1.2e-32  112.7   1.5    33   319   160   481   145   510 0.73 -
Dbuz07959-RA         -            869 36142at7147          -            395   6.4e-30  103.8   0.4   1   1   1.2e-32   1.4e-29  102.7   0.4    30   318   140   463   133   483 0.71 -
Dbuz08311-RA         -            531 36142at7147          -            395   2.9e-25   88.5   2.5   1   2     0.035        40    2.4   0.0    49    86    82   123    52   136 0.63 -
Dbuz08311-RA         -            531 36142at7147          -            395   2.9e-25   88.5   2.5   2   2   1.2e-25   1.4e-22   79.6   0.9   127   318   219   408   158   414 0.75 -
Dbuz05194-RA         -           1447 36142at7147          -            395   1.6e-23   82.8   0.1   1   1   3.3e-26   3.9e-23   81.5   0.1    70   298   987  1250   949  1331 0.68 -
Dbuz07352-RA         -            496 36142at7147          -            395   2.8e-22   78.6   0.4   1   3     0.041        48    2.1   0.0   254   280   134   160    97   171 0.77 -
Dbuz07352-RA         -            496 36142at7147          -            395   2.8e-22   78.6   0.4   2   3     0.012        14    3.8   0.0    94   125   192   223   182   230 0.91 -
Dbuz07352-RA         -            496 36142at7147          -            395   2.8e-22   78.6   0.4   3   3   2.3e-22   2.6e-19   68.8   0.0   139   318   260   439   252   445 0.78 -
Dbuz02390-RA         -            994 36142at7147          -            395   8.1e-22   77.1   0.3   1   1   1.3e-24   1.5e-21   76.2   0.3    49   298   490   772   471   843 0.66 -
Dbuz12391-RA         -            835 36142at7147          -            395   9.2e-21   73.6   0.0   1   1   2.5e-23   2.9e-20   72.0   0.0    94   350   207   482   202   499 0.72 -
Dbuz07564-RA         -           1024 36142at7147          -            395   3.8e-15   55.1   0.4   1   1   5.5e-18   6.3e-15   54.4   0.4   140   298   448   609   441   629 0.80 -
Dbuz07563-RA         -            725 36142at7147          -            395   3.8e-11   42.0   1.1   1   1   6.6e-14   7.7e-11   41.0   1.1   138   298   410   575   396   583 0.79 -
Dbuz07130-RA         -             94 36142at7147          -            395   0.00058   18.3   0.0   1   1   5.5e-07   0.00064   18.2   0.0   218   276    17    75     9    92 0.89 -
#
# Program:         hmmsearch
# Version:         3.1b2 (February 2015)
# Pipeline mode:   SEARCH
# Query file:      /home/nmoreyra/Documents/Genomics/03_orthologs_search/00_Phylogenomics_BUSCO-groups/busco4_odb10/busco_downloads/lineages/diptera_odb10/hmms/36142at7147.hmm
# Target file:     /home/nmoreyra/Documents/Genomics/03_orthologs_search/00_Phylogenomics_BUSCO-groups/busco4_odb10/../00_proteins/Dbuz_proteins.fasta
# Option settings: /home/nmoreyra/Software/miniconda3/envs/busco4/bin/hmmsearch --domtblout /home/nmoreyra/Documents/Genomics/03_orthologs_search/00_Phylogenomics_BUSCO-groups/busco4_odb10/Dbuz_diptera/run_diptera_odb10/hmmer_output/initial_run_results/36142at7147.out --cpu 1 /home/nmoreyra/Documents/Genomics/03_orthologs_search/00_Phylogenomics_BUSCO-groups/busco4_odb10/busco_downloads/lineages/diptera_odb10/hmms/36142at7147.hmm /home/nmoreyra/Documents/Genomics/03_orthologs_search/00_Phylogenomics_BUSCO-groups/busco4_odb10/../00_proteins/Dbuz_proteins.fasta 
# Current dir:     /home/nmoreyra/Documents/Genomics/03_orthologs_search/00_Phylogenomics_BUSCO-groups/busco4_odb10
# Date:            Mon Jan 25 13:19:48 2021
# [ok]
