#                                                                            --- full sequence --- -------------- this domain -------------   hmm coord   ali coord   env coord
# target name        accession   tlen query name           accession   qlen   E-value  score  bias   #  of  c-Evalue  i-Evalue  score  bias  from    to  from    to  from    to  acc description of target
#------------------- ---------- ----- -------------------- ---------- ----- --------- ------ ----- --- --- --------- --------- ------ ----- ----- ----- ----- ----- ----- ----- ---- ---------------------
Dbuz08953-RA         -            524 37414at7147          -            280  1.4e-128  427.7  13.6   1   4   4.6e-94   1.7e-91  306.0   0.7     1   197     1   213     1   240 0.86 -
Dbuz08953-RA         -            524 37414at7147          -            280  1.4e-128  427.7  13.6   2   4      0.45   1.6e+02    0.9   0.4   188   219   293   323   252   334 0.75 -
Dbuz08953-RA         -            524 37414at7147          -            280  1.4e-128  427.7  13.6   3   4       2.6   9.4e+02   -1.6   0.2   193   218   368   392   357   440 0.59 -
Dbuz08953-RA         -            524 37414at7147          -            280  1.4e-128  427.7  13.6   4   4   5.8e-40   2.1e-37  128.5   0.2   172   280   417   523   401   523 0.80 -
Dbuz01503-RA         -            553 37414at7147          -            280   3.6e-27   94.9   0.9   1   2       0.3   1.1e+02    1.5   3.7   159   204   242   287   230   309 0.82 -
Dbuz01503-RA         -            553 37414at7147          -            280   3.6e-27   94.9   0.9   2   2     1e-29   3.6e-27   94.9   0.9   206   280   476   549   418   549 0.71 -
Dbuz00748-RA         -            783 37414at7147          -            280   5.9e-26   90.9   0.8   1   4   2.1e-10   7.8e-08   31.5   0.0   225   279    22    77    15    78 0.90 -
Dbuz00748-RA         -            783 37414at7147          -            280   5.9e-26   90.9   0.8   2   4   1.1e-10   4.1e-08   32.4   0.0   218   279    97   157    79   158 0.77 -
Dbuz00748-RA         -            783 37414at7147          -            280   5.9e-26   90.9   0.8   3   4   1.2e-06   0.00043   19.2   0.0   231   279   258   307   248   308 0.82 -
Dbuz00748-RA         -            783 37414at7147          -            280   5.9e-26   90.9   0.8   4   4      0.23        84    1.8   1.1   171   232   655   719   648   728 0.69 -
Dbuz02370-RA         -           1114 37414at7147          -            280   1.4e-19   70.0   3.0   1   4     1e-07   3.8e-05   22.7   0.0   224   278   690   745   668   747 0.80 -
Dbuz02370-RA         -           1114 37414at7147          -            280   1.4e-19   70.0   3.0   2   4   3.8e-06    0.0014   17.5   0.1   228   278   809   857   783   859 0.83 -
Dbuz02370-RA         -           1114 37414at7147          -            280   1.4e-19   70.0   3.0   3   4   3.4e-06    0.0012   17.7   0.1   178   279   916  1019   893  1020 0.62 -
Dbuz02370-RA         -           1114 37414at7147          -            280   1.4e-19   70.0   3.0   4   4   5.8e-12   2.1e-09   36.6   0.0   226   277  1046  1096  1025  1098 0.88 -
Dbuz12155-RA         -            320 37414at7147          -            280   1.7e-16   59.9   0.0   1   2   2.2e-11     8e-09   34.7   0.0   178   280    14   113     2   113 0.70 -
Dbuz12155-RA         -            320 37414at7147          -            280   1.7e-16   59.9   0.0   2   2   7.4e-08   2.7e-05   23.2   0.0   224   279   127   181   116   182 0.90 -
Dbuz09636-RA         -           1001 37414at7147          -            280   2.8e-15   55.9   0.3   1   3   4.6e-12   1.7e-09   37.0   0.3   168   280    86   198    70   198 0.80 -
Dbuz09636-RA         -           1001 37414at7147          -            280   2.8e-15   55.9   0.3   2   3     0.002      0.73    8.6   0.0   227   279   206   260   203   261 0.82 -
Dbuz09636-RA         -           1001 37414at7147          -            280   2.8e-15   55.9   0.3   3   3     0.014       4.9    5.9   0.0   228   277   454   503   424   505 0.86 -
Dbuz02197-RA         -            535 37414at7147          -            280   6.8e-13   48.1   3.6   1   4       5.1   1.8e+03   -2.5   0.7   195   218    36    59    25    80 0.52 -
Dbuz02197-RA         -            535 37414at7147          -            280   6.8e-13   48.1   3.6   2   4    0.0046       1.7    7.4   0.0   215   278   130   193   113   194 0.82 -
Dbuz02197-RA         -            535 37414at7147          -            280   6.8e-13   48.1   3.6   3   4   5.2e-07   0.00019   20.4   0.0   226   277   244   294   204   296 0.84 -
Dbuz02197-RA         -            535 37414at7147          -            280   6.8e-13   48.1   3.6   4   4   1.3e-06   0.00049   19.0   0.0   227   278   317   370   299   372 0.89 -
Dbuz04983-RA         -            267 37414at7147          -            280   2.1e-12   46.5   0.0   1   2       9.5   3.5e+03   -3.4   5.9   194   229   124   157    70   177 0.56 -
Dbuz04983-RA         -            267 37414at7147          -            280   2.1e-12   46.5   0.0   2   2   5.8e-15   2.1e-12   46.5   0.0   227   278   211   263   181   265 0.88 -
Dbuz00986-RA         -            623 37414at7147          -            280     1e-11   44.2   0.0   1   2   1.3e-09   4.7e-07   28.9   0.0   227   279   484   536   475   537 0.96 -
Dbuz00986-RA         -            623 37414at7147          -            280     1e-11   44.2   0.0   2   2   9.1e-05     0.033   13.0   0.0   216   279   553   615   543   616 0.84 -
Dbuz02950-RA         -            716 37414at7147          -            280   1.2e-11   44.0   0.0   1   2   3.4e-14   1.2e-11   44.0   0.0   219   277   240   297   215   299 0.82 -
Dbuz02950-RA         -            716 37414at7147          -            280   1.2e-11   44.0   0.0   2   2       4.2   1.5e+03   -2.3   3.4   185   212   640   667   632   682 0.63 -
Dbuz01205-RA         -            471 37414at7147          -            280   1.4e-10   40.5   0.4   1   1   6.7e-13   2.4e-10   39.7   0.4   226   278   417   468   408   470 0.94 -
Dbuz00705-RA         -            910 37414at7147          -            280   6.5e-10   38.3   0.2   1   2       7.8   2.8e+03   -3.2   1.0   126   183   602   656   581   692 0.66 -
Dbuz00705-RA         -            910 37414at7147          -            280   6.5e-10   38.3   0.2   2   2   1.8e-12   6.5e-10   38.3   0.2   209   279   837   907   811   908 0.83 -
Dbuz04737-RA         -            382 37414at7147          -            280   3.2e-09   36.0   1.1   1   2     3e-06    0.0011   17.9   0.0   226   277   184   235   155   236 0.92 -
Dbuz04737-RA         -            382 37414at7147          -            280   3.2e-09   36.0   1.1   2   2   9.7e-06    0.0035   16.2   0.9   190   277   286   374   260   375 0.67 -
Dbuz02006-RA         -            803 37414at7147          -            280   3.9e-09   35.8   0.0   1   1   1.8e-11   6.5e-09   35.0   0.0   207   279   519   591   509   592 0.86 -
Dbuz05465-RA         -            568 37414at7147          -            280   5.2e-09   35.3   0.0   1   1   2.5e-11   9.3e-09   34.5   0.0   227   279     5    59     2    60 0.88 -
Dbuz07284-RA         -            163 37414at7147          -            280   1.7e-08   33.7   0.0   1   1   5.4e-11     2e-08   33.4   0.0     3   132    20   148    18   152 0.86 -
Dbuz05642-RA         -           1064 37414at7147          -            280   3.3e-08   32.7  16.6   1   2   0.00049      0.18   10.6   2.9   168   279   471   591   458   592 0.76 -
Dbuz05642-RA         -           1064 37414at7147          -            280   3.3e-08   32.7  16.6   2   2   1.4e-10   5.1e-08   32.1   0.4   225   278   648   704   618   705 0.74 -
Dbuz09900-RA         -           1156 37414at7147          -            280   1.4e-07   30.7   0.4   1   2         3   1.1e+03   -1.8   0.2   171   202   608   641   563   670 0.57 -
Dbuz09900-RA         -           1156 37414at7147          -            280   1.4e-07   30.7   0.4   2   2   3.8e-10   1.4e-07   30.7   0.4   165   278  1044  1153  1035  1154 0.67 -
Dbuz08873-RA         -            996 37414at7147          -            280   2.2e-07   30.0   0.4   1   1   1.1e-09   4.2e-07   29.1   0.0   215   278   927   990   905   992 0.79 -
Dbuz12912-RA         -           1231 37414at7147          -            280   5.2e-07   28.8   0.0   1   1   2.6e-09   9.4e-07   27.9   0.0   219   280   816   877   784   877 0.83 -
Dbuz04545-RA         -           1617 37414at7147          -            280   5.1e-06   25.5   0.0   1   2   1.4e-08   5.1e-06   25.5   0.0   225   278     5    57     1    58 0.91 -
Dbuz04545-RA         -           1617 37414at7147          -            280   5.1e-06   25.5   0.0   2   2      0.59   2.1e+02    0.5   0.8   185   240   739   794   729   801 0.79 -
Dbuz12949-RA         -            295 37414at7147          -            280   4.8e-05   22.3   0.0   1   2   2.8e-05      0.01   14.7   0.0   227   278   111   162    97   164 0.91 -
Dbuz12949-RA         -            295 37414at7147          -            280   4.8e-05   22.3   0.0   2   2     0.019       7.1    5.4   0.0   207   279   201   271   189   272 0.71 -
Dbuz09100-RA         -            760 37414at7147          -            280   0.00012   21.0   0.0   1   1   5.8e-07   0.00021   20.2   0.0   223   278    19    76    13    78 0.82 -
Dbuz04756-RA         -            230 37414at7147          -            280   0.00051   19.0   0.0   1   1   1.8e-06   0.00067   18.6   0.0   228   277   116   164    84   167 0.86 -
Dbuz07918-RA         -            576 37414at7147          -            280   0.00056   18.8   0.2   1   1   1.5e-06   0.00056   18.8   0.2   190   277   473   573   441   576 0.72 -
Dbuz09776-RA         -            277 37414at7147          -            280     0.001   18.0   0.0   1   1   4.3e-06    0.0016   17.4   0.0   220   278   134   192   123   193 0.88 -
Dbuz11624-RA         -           1208 37414at7147          -            280    0.0014   17.5   0.3   1   2   3.8e-06    0.0014   17.5   0.3   216   277    39   104     4   106 0.68 -
Dbuz11624-RA         -           1208 37414at7147          -            280    0.0014   17.5   0.3   2   2       8.6   3.1e+03   -3.3   3.6   162   190   396   425   384   455 0.58 -
Dbuz05716-RA         -           1168 37414at7147          -            280    0.0018   17.2   0.0   1   1   1.1e-05    0.0041   16.0   0.0   221   279  1103  1165  1070  1166 0.77 -
Dbuz06420-RA         -            453 37414at7147          -            280    0.0044   15.9   0.0   1   2      0.35   1.3e+02    1.3   0.1   182   244   245   308   234   328 0.60 -
Dbuz06420-RA         -            453 37414at7147          -            280    0.0044   15.9   0.0   2   2   0.00018     0.066   12.0   0.0   207   279   371   444   360   445 0.71 -
Dbuz07202-RA         -           1084 37414at7147          -            280    0.0074   15.2   1.8   1   2       3.4   1.2e+03   -2.0   1.7   158   226    91   144    39   166 0.42 -
Dbuz07202-RA         -           1084 37414at7147          -            280    0.0074   15.2   1.8   2   2   0.00011      0.04   12.7   0.0   219   277   324   383   306   385 0.83 -
Dbuz03904-RA         -            429 37414at7147          -            280     0.052   12.4   0.1   1   1   0.00024     0.087   11.6   0.1   227   274   118   174   111   178 0.76 -
Dbuz11621-RA         -            881 37414at7147          -            280      0.12   11.2   0.1   1   2       8.8   3.2e+03   -3.3   1.1   168   214   131   177   109   194 0.57 -
Dbuz11621-RA         -            881 37414at7147          -            280      0.12   11.2   0.1   2   2   0.00034      0.12   11.2   0.1   225   265   533   580   523   596 0.73 -
Dbuz04480-RA         -           1072 37414at7147          -            280      0.18   10.6   0.0   1   1    0.0005      0.18   10.6   0.0   229   278   990  1040   965  1042 0.87 -
Dbuz09222-RA         -            403 37414at7147          -            280       0.2   10.5   0.0   1   1   0.00083       0.3    9.9   0.0   217   278   266   335   254   336 0.69 -
Dbuz09625-RA         -            613 37414at7147          -            280         2    7.2  13.8   1   3       2.8     1e+03   -1.7   0.0    56    96   109   151    86   167 0.70 -
Dbuz09625-RA         -            613 37414at7147          -            280         2    7.2  13.8   2   3    0.0096       3.5    6.4   2.9   131   223   285   373   273   394 0.68 -
Dbuz09625-RA         -            613 37414at7147          -            280         2    7.2  13.8   3   3      0.17        64    2.3   6.2   171   249   396   474   375   479 0.70 -
#
# Program:         hmmsearch
# Version:         3.1b2 (February 2015)
# Pipeline mode:   SEARCH
# Query file:      /home/nmoreyra/Documents/Genomics/03_orthologs_search/00_Phylogenomics_BUSCO-groups/busco4_odb10/busco_downloads/lineages/diptera_odb10/hmms/37414at7147.hmm
# Target file:     /home/nmoreyra/Documents/Genomics/03_orthologs_search/00_Phylogenomics_BUSCO-groups/busco4_odb10/../00_proteins/Dbuz_proteins.fasta
# Option settings: /home/nmoreyra/Software/miniconda3/envs/busco4/bin/hmmsearch --domtblout /home/nmoreyra/Documents/Genomics/03_orthologs_search/00_Phylogenomics_BUSCO-groups/busco4_odb10/Dbuz_diptera/run_diptera_odb10/hmmer_output/initial_run_results/37414at7147.out --cpu 1 /home/nmoreyra/Documents/Genomics/03_orthologs_search/00_Phylogenomics_BUSCO-groups/busco4_odb10/busco_downloads/lineages/diptera_odb10/hmms/37414at7147.hmm /home/nmoreyra/Documents/Genomics/03_orthologs_search/00_Phylogenomics_BUSCO-groups/busco4_odb10/../00_proteins/Dbuz_proteins.fasta 
# Current dir:     /home/nmoreyra/Documents/Genomics/03_orthologs_search/00_Phylogenomics_BUSCO-groups/busco4_odb10
# Date:            Mon Jan 25 13:18:44 2021
# [ok]
