#                                                                            --- full sequence --- -------------- this domain -------------   hmm coord   ali coord   env coord
# target name        accession   tlen query name           accession   qlen   E-value  score  bias   #  of  c-Evalue  i-Evalue  score  bias  from    to  from    to  from    to  acc description of target
#------------------- ---------- ----- -------------------- ---------- ----- --------- ------ ----- --- --- --------- --------- ------ ----- ----- ----- ----- ----- ----- ----- ---- ---------------------
Dbuz12430-RA         -           1339 3789at7147           -            868  4.3e-286  950.8  50.6   1   7   7.3e-06     0.093   10.1   1.3     2    37    14    49    13    68 0.85 -
Dbuz12430-RA         -           1339 3789at7147           -            868  4.3e-286  950.8  50.6   2   7   6.6e-22   8.5e-18   63.2   3.6    49   160   164   285   129   287 0.84 -
Dbuz12430-RA         -           1339 3789at7147           -            868  4.3e-286  950.8  50.6   3   7   2.4e-32   3.1e-28   97.7   8.5   123   250   283   433   272   440 0.87 -
Dbuz12430-RA         -           1339 3789at7147           -            868  4.3e-286  950.8  50.6   4   7     1e-18   1.3e-14   52.6   0.0   250   324   467   549   452   559 0.83 -
Dbuz12430-RA         -           1339 3789at7147           -            868  4.3e-286  950.8  50.6   5   7   5.5e-26     7e-22   76.7   0.5   314   402   618   723   614   758 0.88 -
Dbuz12430-RA         -           1339 3789at7147           -            868  4.3e-286  950.8  50.6   6   7   1.3e-07    0.0016   15.9   0.0   413   435   780   802   768   808 0.85 -
Dbuz12430-RA         -           1339 3789at7147           -            868  4.3e-286  950.8  50.6   7   7  1.4e-198  1.8e-194  647.7   8.1   433   868   824  1336   816  1336 0.87 -
#
# Program:         hmmsearch
# Version:         3.1b2 (February 2015)
# Pipeline mode:   SEARCH
# Query file:      /home/nmoreyra/Documents/Genomics/03_orthologs_search/00_Phylogenomics_BUSCO-groups/busco4_odb10/busco_downloads/lineages/diptera_odb10/hmms/3789at7147.hmm
# Target file:     /home/nmoreyra/Documents/Genomics/03_orthologs_search/00_Phylogenomics_BUSCO-groups/busco4_odb10/../00_proteins/Dbuz_proteins.fasta
# Option settings: /home/nmoreyra/Software/miniconda3/envs/busco4/bin/hmmsearch --domtblout /home/nmoreyra/Documents/Genomics/03_orthologs_search/00_Phylogenomics_BUSCO-groups/busco4_odb10/Dbuz_diptera/run_diptera_odb10/hmmer_output/initial_run_results/3789at7147.out --cpu 1 /home/nmoreyra/Documents/Genomics/03_orthologs_search/00_Phylogenomics_BUSCO-groups/busco4_odb10/busco_downloads/lineages/diptera_odb10/hmms/3789at7147.hmm /home/nmoreyra/Documents/Genomics/03_orthologs_search/00_Phylogenomics_BUSCO-groups/busco4_odb10/../00_proteins/Dbuz_proteins.fasta 
# Current dir:     /home/nmoreyra/Documents/Genomics/03_orthologs_search/00_Phylogenomics_BUSCO-groups/busco4_odb10
# Date:            Mon Jan 25 13:19:21 2021
# [ok]
