#                                                                            --- full sequence --- -------------- this domain -------------   hmm coord   ali coord   env coord
# target name        accession   tlen query name           accession   qlen   E-value  score  bias   #  of  c-Evalue  i-Evalue  score  bias  from    to  from    to  from    to  acc description of target
#------------------- ---------- ----- -------------------- ---------- ----- --------- ------ ----- --- --- --------- --------- ------ ----- ----- ----- ----- ----- ----- ----- ---- ---------------------
Dbuz06110-RA         -            322 38488at7147          -            251  1.5e-152  505.4   3.4   1   1  6.7e-155  2.1e-152  504.9   3.4     1   247    17   280    17   284 0.95 -
Dbuz05340-RA         -            358 38488at7147          -            251   2.3e-37  128.1   0.9   1   2       0.2        64    2.2   0.0   114   132     9    27     3    34 0.68 -
Dbuz05340-RA         -            358 38488at7147          -            251   2.3e-37  128.1   0.9   2   2   1.2e-38   3.7e-36  124.2   0.4    34   248    90   321    76   324 0.86 -
Dbuz03655-RA         -            362 38488at7147          -            251   7.8e-28   96.9   0.5   1   2   1.1e-23   3.5e-21   75.1   0.2     5   228    66   288    63   299 0.90 -
Dbuz03655-RA         -            362 38488at7147          -            251   7.8e-28   96.9   0.5   2   2   5.8e-07   0.00019   20.3   0.0    42    86   306   350   287   355 0.83 -
Dbuz02017-RA         -            341 38488at7147          -            251   1.7e-25   89.2   1.1   1   2   1.1e-18   3.6e-16   58.7   0.4    42   241    84   293    25   301 0.80 -
Dbuz02017-RA         -            341 38488at7147          -            251   1.7e-25   89.2   1.1   2   2   2.9e-12   9.3e-10   37.7   0.1     7    91   248   337   245   339 0.83 -
Dbuz03602-RA         -            317 38488at7147          -            251   1.8e-25   89.2   1.9   1   2     2e-24   6.3e-22   77.5   0.5     5   228    16   244    12   250 0.83 -
Dbuz03602-RA         -            317 38488at7147          -            251   1.8e-25   89.2   1.9   2   2    0.0019       0.6    8.8   0.0    52    90   268   306   247   311 0.68 -
Dbuz01520-RA         -            318 38488at7147          -            251     1e-22   80.1   0.4   1   2   1.4e-05    0.0045   15.8   0.1    11    77    41   104    31   130 0.71 -
Dbuz01520-RA         -            318 38488at7147          -            251     1e-22   80.1   0.4   2   2   5.8e-20   1.8e-17   62.9   0.0     7   183   132   315   125   318 0.86 -
Dbuz11687-RA         -            307 38488at7147          -            251   5.3e-22   77.8   1.9   1   2   5.1e-17   1.6e-14   53.3   0.1     8   223    23   242    18   243 0.87 -
Dbuz11687-RA         -            307 38488at7147          -            251   5.3e-22   77.8   1.9   2   2   2.1e-10   6.7e-08   31.6   0.2    11   177   126   298   123   307 0.74 -
Dbuz06180-RA         -            343 38488at7147          -            251   7.6e-22   77.3   2.1   1   3   2.3e-16   7.2e-14   51.1   0.5    10   162    22   186    12   207 0.77 -
Dbuz06180-RA         -            343 38488at7147          -            251   7.6e-22   77.3   2.1   2   3   2.9e-06   0.00093   18.0   0.1     8   134   122   254   115   257 0.70 -
Dbuz06180-RA         -            343 38488at7147          -            251   7.6e-22   77.3   2.1   3   3   3.4e-08   1.1e-05   24.3   0.1    10    89   230   314   225   320 0.81 -
Dbuz07134-RA         -            305 38488at7147          -            251   9.7e-22   76.9   1.5   1   2   1.3e-18   4.3e-16   58.4   0.4    17   226    19   238     7   244 0.74 -
Dbuz07134-RA         -            305 38488at7147          -            251   9.7e-22   76.9   1.5   2   2   3.3e-06     0.001   17.8   0.1     8    92   214   305   207   305 0.57 -
Dbuz01586-RA         -            695 38488at7147          -            251   1.3e-21   76.5   1.0   1   3   4.5e-14   1.4e-11   43.6   0.0     6   180   345   524   340   534 0.83 -
Dbuz01586-RA         -            695 38488at7147          -            251   1.3e-21   76.5   1.0   2   3   3.9e-09   1.3e-06   27.4   0.0     7   134   444   563   441   568 0.83 -
Dbuz01586-RA         -            695 38488at7147          -            251   1.3e-21   76.5   1.0   3   3     1e-06   0.00032   19.5   0.0     8    91   537   618   533   632 0.86 -
Dbuz11150-RA         -            310 38488at7147          -            251   1.3e-20   73.2   0.0   1   2   2.1e-10   6.7e-08   31.6   0.0     8   104    22   119    17   125 0.85 -
Dbuz11150-RA         -            310 38488at7147          -            251   1.3e-20   73.2   0.0   2   2   3.6e-12   1.1e-09   37.4   0.1     8   162   122   284   114   304 0.83 -
Dbuz12727-RA         -            461 38488at7147          -            251   5.4e-20   71.2   0.5   1   2   1.7e-07   5.3e-05   22.1   0.0     9   132   174   295   169   298 0.65 -
Dbuz12727-RA         -            461 38488at7147          -            251   5.4e-20   71.2   0.5   2   2   9.6e-16   3.1e-13   49.1   0.1    10   179   273   454   266   458 0.79 -
Dbuz11688-RA         -            309 38488at7147          -            251   8.2e-20   70.6   4.0   1   2   3.8e-14   1.2e-11   43.8   0.1     8   132    27   149    23   171 0.90 -
Dbuz11688-RA         -            309 38488at7147          -            251   8.2e-20   70.6   4.0   2   2   4.2e-09   1.3e-06   27.3   1.2    54   177   164   300   151   308 0.78 -
Dbuz07026-RA         -            299 38488at7147          -            251     1e-19   70.3   3.8   1   3   1.4e-05    0.0045   15.8   0.0    10    96    17   104    10   116 0.82 -
Dbuz07026-RA         -            299 38488at7147          -            251     1e-19   70.3   3.8   2   3   3.5e-10   1.1e-07   30.9   0.2     8    96   119   206   112   226 0.87 -
Dbuz07026-RA         -            299 38488at7147          -            251     1e-19   70.3   3.8   3   3   3.6e-08   1.1e-05   24.3   0.2    10    92   218   298   210   299 0.85 -
Dbuz01439-RA         -            297 38488at7147          -            251   1.7e-19   69.6   0.2   1   3      0.99   3.2e+02   -0.1   0.0   197   223    28    54    17    58 0.53 -
Dbuz01439-RA         -            297 38488at7147          -            251   1.7e-19   69.6   0.2   2   3     5e-15   1.6e-12   46.7   0.0    56   177    60   190    55   196 0.80 -
Dbuz01439-RA         -            297 38488at7147          -            251   1.7e-19   69.6   0.2   3   3   1.3e-08     4e-06   25.7   0.1    54   175   153   284   143   296 0.72 -
Dbuz06284-RA         -            355 38488at7147          -            251   1.8e-18   66.2   3.3   1   3      0.03       9.5    4.9   0.1   200   227    78   105    40   113 0.78 -
Dbuz06284-RA         -            355 38488at7147          -            251   1.8e-18   66.2   3.3   2   3       0.4   1.3e+02    1.2   0.0    58   101   114   158   105   163 0.78 -
Dbuz06284-RA         -            355 38488at7147          -            251   1.8e-18   66.2   3.3   3   3   3.9e-18   1.2e-15   56.9   0.4     8   176   163   346   158   354 0.84 -
Dbuz00582-RA         -            312 38488at7147          -            251   1.2e-17   63.5   3.7   1   2   1.4e-15   4.6e-13   48.5   0.6     7   224    20   239    15   246 0.87 -
Dbuz00582-RA         -            312 38488at7147          -            251   1.2e-17   63.5   3.7   2   2     1e-07   3.3e-05   22.8   0.2    10    93   215   299   212   305 0.84 -
Dbuz07025-RA         -            306 38488at7147          -            251   1.6e-17   63.1   1.9   1   2   1.4e-15   4.5e-13   48.5   0.4     6   222    20   246    16   247 0.80 -
Dbuz07025-RA         -            306 38488at7147          -            251   1.6e-17   63.1   1.9   2   2   9.9e-06    0.0032   16.3   0.2    18    92   232   305   219   306 0.81 -
Dbuz12903-RA         -            363 38488at7147          -            251   1.9e-17   62.8   0.1   1   2   1.1e-11   3.6e-09   35.7   0.0     8   134     5   123     2   124 0.93 -
Dbuz12903-RA         -            363 38488at7147          -            251   1.9e-17   62.8   0.1   2   2   6.1e-10   1.9e-07   30.1   0.1     6   156    95   248    90   254 0.81 -
Dbuz06992-RA         -            420 38488at7147          -            251   5.5e-16   58.1   2.4   1   3     0.041        13    4.4   0.0   106   137    42    73    31    84 0.64 -
Dbuz06992-RA         -            420 38488at7147          -            251   5.5e-16   58.1   2.4   2   3     6e-13   1.9e-10   39.9   0.3    39   224   115   311   102   317 0.79 -
Dbuz06992-RA         -            420 38488at7147          -            251   5.5e-16   58.1   2.4   3   3   5.3e-05     0.017   13.9   0.1    12   100   290   387   284   415 0.67 -
Dbuz07347-RA         -            296 38488at7147          -            251   1.9e-15   56.3   2.1   1   2     3e-05    0.0095   14.7   0.1    11    71     6    64     1    88 0.74 -
Dbuz07347-RA         -            296 38488at7147          -            251   1.9e-15   56.3   2.1   2   2   2.8e-13     9e-11   41.0   0.2     8   183   100   285    95   292 0.83 -
Dbuz00031-RA         -            395 38488at7147          -            251     6e-15   54.7   8.1   1   2   2.1e-11   6.6e-09   34.9   1.0     8   185    18   207    13   209 0.76 -
Dbuz00031-RA         -            395 38488at7147          -            251     6e-15   54.7   8.1   2   2   7.4e-08   2.4e-05   23.2   1.1   103   177   209   291   206   295 0.80 -
Dbuz02667-RA         -            298 38488at7147          -            251     5e-14   51.7   3.7   1   2    0.0005      0.16   10.7   0.1     5    83     6    76     2    81 0.61 -
Dbuz02667-RA         -            298 38488at7147          -            251     5e-14   51.7   3.7   2   2   6.7e-13   2.1e-10   39.8   0.6     7   156   104   270    97   297 0.76 -
Dbuz01677-RA         -            421 38488at7147          -            251   1.6e-13   50.0   0.6   1   3     0.097        31    3.2   0.0   198   226    62    90    55   111 0.77 -
Dbuz01677-RA         -            421 38488at7147          -            251   1.6e-13   50.0   0.6   2   3   2.5e-10     8e-08   31.3   0.0    42   223   126   326   112   333 0.77 -
Dbuz01677-RA         -            421 38488at7147          -            251   1.6e-13   50.0   0.6   3   3   1.3e-06   0.00041   19.2   0.1     8   183   209   396   205   407 0.70 -
Dbuz10698-RA         -            338 38488at7147          -            251   1.8e-13   49.8   2.1   1   3   0.00012     0.038   12.7   0.1    19    91    52   127    39   142 0.80 -
Dbuz10698-RA         -            338 38488at7147          -            251   1.8e-13   49.8   2.1   2   3   1.1e-06   0.00034   19.4   0.0     9    73   147   213   139   226 0.86 -
Dbuz10698-RA         -            338 38488at7147          -            251   1.8e-13   49.8   2.1   3   3   1.2e-05    0.0037   16.1   0.0     7    92   250   332   242   337 0.74 -
Dbuz01379-RA         -            341 38488at7147          -            251   9.4e-13   47.5   2.8   1   2   2.1e-07   6.7e-05   21.7   0.1   123   178    60   123    48   129 0.87 -
Dbuz01379-RA         -            341 38488at7147          -            251   9.4e-13   47.5   2.8   2   2   7.4e-08   2.4e-05   23.2   0.6    54   160   199   309   192   332 0.73 -
Dbuz05623-RA         -            294 38488at7147          -            251   9.4e-13   47.5   1.6   1   2    0.0053       1.7    7.3   0.1   146   225    45   127     1   131 0.72 -
Dbuz05623-RA         -            294 38488at7147          -            251   9.4e-13   47.5   1.6   2   2   9.8e-13   3.1e-10   39.2   0.2    45   179   138   278   131   286 0.81 -
Dbuz01352-RA         -            327 38488at7147          -            251   5.3e-12   45.0   0.4   1   1   4.7e-12   1.5e-09   37.0   0.4    11   245    34   294    26   299 0.74 -
Dbuz07948-RA         -            397 38488at7147          -            251   8.3e-11   41.1   0.7   1   1   3.2e-12     1e-09   37.5   0.7    13   246    11   269     3   273 0.76 -
Dbuz02804-RA         -            280 38488at7147          -            251   8.1e-10   37.9   1.9   1   2     0.059        19    3.9   0.1   134   181    40    88    11    91 0.61 -
Dbuz02804-RA         -            280 38488at7147          -            251   8.1e-10   37.9   1.9   2   2   8.3e-11   2.6e-08   32.9   0.4     9   179    98   274    93   280 0.78 -
Dbuz10697-RA         -            334 38488at7147          -            251   9.4e-10   37.6   0.2   1   2    0.0028      0.91    8.2   0.1    23   132    54   166    39   168 0.78 -
Dbuz10697-RA         -            334 38488at7147          -            251   9.4e-10   37.6   0.2   2   2   7.8e-11   2.5e-08   33.0   0.0     7   163   141   311   134   327 0.82 -
Dbuz12736-RA         -            271 38488at7147          -            251   1.5e-09   37.0   0.5   1   1   8.8e-12   2.8e-09   36.1   0.5     8   180    88   267    81   271 0.76 -
Dbuz09187-RA         -            413 38488at7147          -            251   1.9e-09   36.6   1.7   1   2   8.4e-11   2.7e-08   32.9   0.7    12   246   123   364   112   365 0.72 -
Dbuz09187-RA         -            413 38488at7147          -            251   1.9e-09   36.6   1.7   2   2     0.016       5.2    5.7   0.1    49    94   345   390   326   394 0.82 -
Dbuz00224-RA         -            259 38488at7147          -            251   4.6e-09   35.4   2.5   1   3     0.076        24    3.5   0.0    54    95    12    53     4    79 0.78 -
Dbuz00224-RA         -            259 38488at7147          -            251   4.6e-09   35.4   2.5   2   3   1.3e-06   0.00041   19.2   0.1    33    85    86   136    56   144 0.73 -
Dbuz00224-RA         -            259 38488at7147          -            251   4.6e-09   35.4   2.5   3   3   0.00031     0.099   11.4   0.1     7    93   162   245   156   254 0.78 -
Dbuz06754-RA         -            363 38488at7147          -            251   6.5e-09   34.9   3.4   1   2   1.4e-10   4.5e-08   32.1   1.9    13   246    77   317    65   318 0.74 -
Dbuz06754-RA         -            363 38488at7147          -            251   6.5e-09   34.9   3.4   2   2     0.015       4.9    5.8   0.1    53    91   302   340   294   345 0.86 -
Dbuz00589-RA         -            288 38488at7147          -            251   1.8e-08   33.5   0.1   1   2    0.0019      0.61    8.8   0.1    17    72    20    71     6    94 0.76 -
Dbuz00589-RA         -            288 38488at7147          -            251   1.8e-08   33.5   0.1   2   2     1e-07   3.2e-05   22.8   0.0     6   179   100   278    95   287 0.80 -
Dbuz09103-RA         -            316 38488at7147          -            251   0.00086   18.1   0.2   1   2     0.021       6.7    5.4   0.0    55    77    74    96    61   101 0.85 -
Dbuz09103-RA         -            316 38488at7147          -            251   0.00086   18.1   0.2   2   2   0.00052      0.17   10.6   0.1    15    78   141   202   128   247 0.72 -
Dbuz12737-RA         -            258 38488at7147          -            251   0.00091   18.0   0.3   1   3      0.43   1.4e+02    1.1   0.0    22   148    31    59    17   102 0.47 -
Dbuz12737-RA         -            258 38488at7147          -            251   0.00091   18.0   0.3   2   3   0.00014     0.046   12.5   0.0    12    94   110   196    99   208 0.77 -
Dbuz12737-RA         -            258 38488at7147          -            251   0.00091   18.0   0.3   3   3      0.32     1e+02    1.5   0.0    48    87   206   244   185   251 0.51 -
Dbuz08432-RA         -            361 38488at7147          -            251    0.0052   15.5   0.2   1   1   4.2e-05     0.013   14.2   0.2    55   161   129   246   119   257 0.77 -
Dbuz11149-RA         -            107 38488at7147          -            251     0.011   14.5   0.0   1   1      0.01       3.2    6.4   0.0   212   237    34    59    20    61 0.89 -
#
# Program:         hmmsearch
# Version:         3.1b2 (February 2015)
# Pipeline mode:   SEARCH
# Query file:      /home/nmoreyra/Documents/Genomics/03_orthologs_search/00_Phylogenomics_BUSCO-groups/busco4_odb10/busco_downloads/lineages/diptera_odb10/hmms/38488at7147.hmm
# Target file:     /home/nmoreyra/Documents/Genomics/03_orthologs_search/00_Phylogenomics_BUSCO-groups/busco4_odb10/../00_proteins/Dbuz_proteins.fasta
# Option settings: /home/nmoreyra/Software/miniconda3/envs/busco4/bin/hmmsearch --domtblout /home/nmoreyra/Documents/Genomics/03_orthologs_search/00_Phylogenomics_BUSCO-groups/busco4_odb10/Dbuz_diptera/run_diptera_odb10/hmmer_output/initial_run_results/38488at7147.out --cpu 1 /home/nmoreyra/Documents/Genomics/03_orthologs_search/00_Phylogenomics_BUSCO-groups/busco4_odb10/busco_downloads/lineages/diptera_odb10/hmms/38488at7147.hmm /home/nmoreyra/Documents/Genomics/03_orthologs_search/00_Phylogenomics_BUSCO-groups/busco4_odb10/../00_proteins/Dbuz_proteins.fasta 
# Current dir:     /home/nmoreyra/Documents/Genomics/03_orthologs_search/00_Phylogenomics_BUSCO-groups/busco4_odb10
# Date:            Mon Jan 25 13:19:53 2021
# [ok]
