#                                                                            --- full sequence --- -------------- this domain -------------   hmm coord   ali coord   env coord
# target name        accession   tlen query name           accession   qlen   E-value  score  bias   #  of  c-Evalue  i-Evalue  score  bias  from    to  from    to  from    to  acc description of target
#------------------- ---------- ----- -------------------- ---------- ----- --------- ------ ----- --- --- --------- --------- ------ ----- ----- ----- ----- ----- ----- ----- ---- ---------------------
Dbuz08411-RA         -            401 39313at7147          -            320    2e-171  569.4  16.1   1   2   5.3e-49   3.8e-46  157.8   4.3     1   108     1   113     1   128 0.88 -
Dbuz08411-RA         -            401 39313at7147          -            320    2e-171  569.4  16.1   2   2  4.2e-128    3e-125  417.7   4.0   105   320   176   399   140   399 0.94 -
Dbuz09612-RA         -            568 39313at7147          -            320     4e-06   26.3   0.4   1   3      0.48   3.4e+02    0.2   0.2   110   154    29    76     8    92 0.73 -
Dbuz09612-RA         -            568 39313at7147          -            320     4e-06   26.3   0.4   2   3   5.6e-09     4e-06   26.3   0.4    91   190   128   227   115   271 0.80 -
Dbuz09612-RA         -            568 39313at7147          -            320     4e-06   26.3   0.4   3   3      0.15   1.1e+02    1.9   1.1   102   135   291   324   254   358 0.75 -
Dbuz06587-RA         -            551 39313at7147          -            320   4.6e-06   26.0   4.9   1   4      0.18   1.3e+02    1.6   1.2    25   104   153   234   135   268 0.70 -
Dbuz06587-RA         -            551 39313at7147          -            320   4.6e-06   26.0   4.9   2   4   6.5e-09   4.6e-06   26.0   4.9    61   110   313   362   299   383 0.80 -
Dbuz06587-RA         -            551 39313at7147          -            320   4.6e-06   26.0   4.9   3   4      0.91   6.4e+02   -0.7   1.5    76   111   389   422   382   432 0.60 -
Dbuz06587-RA         -            551 39313at7147          -            320   4.6e-06   26.0   4.9   4   4      0.26   1.8e+02    1.1   2.1   103   139   484   532   424   540 0.53 -
Dbuz07265-RA         -            384 39313at7147          -            320   5.6e-06   25.8  14.5   1   4   0.00041      0.29   10.3   0.4    30    93    77   144    52   156 0.77 -
Dbuz07265-RA         -            384 39313at7147          -            320   5.6e-06   25.8  14.5   2   4      0.31   2.2e+02    0.8   0.0    63    95   174   206   161   222 0.69 -
Dbuz07265-RA         -            384 39313at7147          -            320   5.6e-06   25.8  14.5   3   4   5.5e-05     0.039   13.1   1.5    54   105   264   315   248   335 0.75 -
Dbuz07265-RA         -            384 39313at7147          -            320   5.6e-06   25.8  14.5   4   4    0.0017       1.2    8.3   0.4    62    94   344   376   336   383 0.88 -
Dbuz03531-RA         -            910 39313at7147          -            320     9e-05   21.8   9.6   1   3   0.00022      0.15   11.2   2.9    61   116   203   260   190   264 0.76 -
Dbuz03531-RA         -            910 39313at7147          -            320     9e-05   21.8   9.6   2   3     0.025        18    4.4   1.0    53    93   243   283   235   299 0.83 -
Dbuz03531-RA         -            910 39313at7147          -            320     9e-05   21.8   9.6   3   3   0.00011     0.074   12.2   0.1     3    37   381   415   369   445 0.74 -
Dbuz05475-RA         -            195 39313at7147          -            320   0.00057   19.2   1.3   1   2     8e-07   0.00057   19.2   1.3    29   103    39   112    32   141 0.73 -
Dbuz05475-RA         -            195 39313at7147          -            320   0.00057   19.2   1.3   2   2       1.7   1.2e+03   -1.6   1.3   275   275   143   143   113   174 0.39 -
Dbuz00935-RA         -             76 39313at7147          -            320    0.0015   17.8   0.2   1   1   2.2e-06    0.0015   17.8   0.2    63   107     2    46     1    68 0.79 -
Dbuz08132-RA         -            170 39313at7147          -            320      0.01   15.1   0.8   1   1   1.8e-05     0.012   14.8   0.8    21    97    15    92     3   126 0.76 -
Dbuz06299-RA         -            101 39313at7147          -            320     0.022   14.0   3.0   1   2   0.00026      0.19   10.9   0.2    48    92    11    54     5    59 0.80 -
Dbuz06299-RA         -            101 39313at7147          -            320     0.022   14.0   3.0   2   2     0.031        22    4.1   1.0    62    95    56    88    50    99 0.76 -
Dbuz00291-RA         -           1072 39313at7147          -            320     0.024   13.8   0.3   1   1   8.9e-05     0.063   12.5   0.3    59   100   400   441   380   460 0.81 -
Dbuz03113-RA         -            915 39313at7147          -            320     0.037   13.2   8.9   1   5       1.1   7.9e+02   -1.0   0.1   187   225     1    39     1    40 0.90 -
Dbuz03113-RA         -            915 39313at7147          -            320     0.037   13.2   8.9   2   5    0.0018       1.3    8.1   0.1   154   188   167   198   164   203 0.87 -
Dbuz03113-RA         -            915 39313at7147          -            320     0.037   13.2   8.9   3   5     0.022        16    4.6   0.0   156   187   275   303   262   317 0.71 -
Dbuz03113-RA         -            915 39313at7147          -            320     0.037   13.2   8.9   4   5      0.21   1.5e+02    1.4   0.2    63    90   347   374   340   384 0.71 -
Dbuz03113-RA         -            915 39313at7147          -            320     0.037   13.2   8.9   5   5      0.59   4.2e+02   -0.1   0.0    61    85   812   836   803   855 0.84 -
Dbuz00933-RA         -            330 39313at7147          -            320     0.064   12.4   5.9   1   2   0.00038      0.27   10.4   1.9    47   128   175   267   162   267 0.69 -
Dbuz00933-RA         -            330 39313at7147          -            320     0.064   12.4   5.9   2   2     0.013       9.5    5.3   1.4     4    83   221   296   218   315 0.78 -
Dbuz01964-RA         -            734 39313at7147          -            320     0.067   12.4   1.4   1   2   0.00014     0.097   11.8   0.4    46   118   128   196    87   210 0.71 -
Dbuz01964-RA         -            734 39313at7147          -            320     0.067   12.4   1.4   2   2       9.1   6.5e+03   -4.0   0.0    33    56   343   366   341   378 0.77 -
Dbuz11111-RA         -            959 39313at7147          -            320     0.082   12.1   0.1   1   7       8.2   5.8e+03   -3.8   0.1   101   128   102   129    94   137 0.68 -
Dbuz11111-RA         -            959 39313at7147          -            320     0.082   12.1   0.1   2   7   0.00012     0.082   12.1   0.1    51    95   409   452   396   472 0.76 -
Dbuz11111-RA         -            959 39313at7147          -            320     0.082   12.1   0.1   3   7     0.084        59    2.7   1.5    22    94   508   576   489   611 0.80 -
Dbuz11111-RA         -            959 39313at7147          -            320     0.082   12.1   0.1   4   7       1.2   8.8e+02   -1.2   0.2    64   133   581   649   573   661 0.68 -
Dbuz11111-RA         -            959 39313at7147          -            320     0.082   12.1   0.1   5   7     0.056        40    3.3   1.2    49   103   677   733   672   748 0.77 -
Dbuz11111-RA         -            959 39313at7147          -            320     0.082   12.1   0.1   6   7      0.16   1.1e+02    1.8   0.9    49    86   790   827   743   867 0.64 -
Dbuz11111-RA         -            959 39313at7147          -            320     0.082   12.1   0.1   7   7      0.96   6.8e+02   -0.8   2.8    45    90   885   930   874   957 0.66 -
Dbuz04207-RA         -            709 39313at7147          -            320      0.27   10.4  17.3   1   4   0.00029      0.21   10.8   0.4    61    89   188   216   170   236 0.85 -
Dbuz04207-RA         -            709 39313at7147          -            320      0.27   10.4  17.3   2   4      0.26   1.9e+02    1.1   0.5    42    87   243   290   224   297 0.59 -
Dbuz04207-RA         -            709 39313at7147          -            320      0.27   10.4  17.3   3   4     0.029        21    4.2   0.5    66    95   296   325   289   348 0.80 -
Dbuz04207-RA         -            709 39313at7147          -            320      0.27   10.4  17.3   4   4     0.037        27    3.8   0.8    63   101   459   496   452   519 0.76 -
Dbuz00932-RA         -            361 39313at7147          -            320      0.56    9.3  12.7   1   3      0.12        83    2.2   0.1    31    87   178   228   155   234 0.58 -
Dbuz00932-RA         -            361 39313at7147          -            320      0.56    9.3  12.7   2   3     0.016        11    5.0   0.5     4    82   235   309   232   317 0.87 -
Dbuz00932-RA         -            361 39313at7147          -            320      0.56    9.3  12.7   3   3    0.0012      0.82    8.8   1.7    63   102   318   357   310   361 0.81 -
Dbuz11773-RA         -            910 39313at7147          -            320      0.63    9.2   2.3   1   2     0.057        41    3.2   0.2   160   187   391   418   380   430 0.76 -
Dbuz11773-RA         -            910 39313at7147          -            320      0.63    9.2   2.3   2   2     0.013       8.9    5.4   0.2    58    90   453   485   440   506 0.75 -
Dbuz01618-RA         -            607 39313at7147          -            320         3    7.0   9.7   1   3      0.31   2.2e+02    0.8   0.2    60    86   406   432   390   440 0.79 -
Dbuz01618-RA         -            607 39313at7147          -            320         3    7.0   9.7   2   3     0.021        15    4.7   1.0    55    85   436   466   429   479 0.81 -
Dbuz01618-RA         -            607 39313at7147          -            320         3    7.0   9.7   3   3    0.0085       6.1    5.9   0.3    41    87   543   589   537   605 0.72 -
#
# Program:         hmmsearch
# Version:         3.1b2 (February 2015)
# Pipeline mode:   SEARCH
# Query file:      /home/nmoreyra/Documents/Genomics/03_orthologs_search/00_Phylogenomics_BUSCO-groups/busco4_odb10/busco_downloads/lineages/diptera_odb10/hmms/39313at7147.hmm
# Target file:     /home/nmoreyra/Documents/Genomics/03_orthologs_search/00_Phylogenomics_BUSCO-groups/busco4_odb10/../00_proteins/Dbuz_proteins.fasta
# Option settings: /home/nmoreyra/Software/miniconda3/envs/busco4/bin/hmmsearch --domtblout /home/nmoreyra/Documents/Genomics/03_orthologs_search/00_Phylogenomics_BUSCO-groups/busco4_odb10/Dbuz_diptera/run_diptera_odb10/hmmer_output/initial_run_results/39313at7147.out --cpu 1 /home/nmoreyra/Documents/Genomics/03_orthologs_search/00_Phylogenomics_BUSCO-groups/busco4_odb10/busco_downloads/lineages/diptera_odb10/hmms/39313at7147.hmm /home/nmoreyra/Documents/Genomics/03_orthologs_search/00_Phylogenomics_BUSCO-groups/busco4_odb10/../00_proteins/Dbuz_proteins.fasta 
# Current dir:     /home/nmoreyra/Documents/Genomics/03_orthologs_search/00_Phylogenomics_BUSCO-groups/busco4_odb10
# Date:            Mon Jan 25 13:18:49 2021
# [ok]
