#                                                                            --- full sequence --- -------------- this domain -------------   hmm coord   ali coord   env coord
# target name        accession   tlen query name           accession   qlen   E-value  score  bias   #  of  c-Evalue  i-Evalue  score  bias  from    to  from    to  from    to  acc description of target
#------------------- ---------- ----- -------------------- ---------- ----- --------- ------ ----- --- --- --------- --------- ------ ----- ----- ----- ----- ----- ----- ----- ---- ---------------------
Dbuz05251-RA         -           5186 4035at7147           -            410  2.2e-206  684.8 103.1   1  24     9e-05     0.068   11.3   0.0   226   286   150   217   118   222 0.72 -
Dbuz05251-RA         -           5186 4035at7147           -            410  2.2e-206  684.8 103.1   2  24     1e-10   7.5e-08   30.9   0.1   122   192   263   336   245   342 0.88 -
Dbuz05251-RA         -           5186 4035at7147           -            410  2.2e-206  684.8 103.1   3  24   3.4e-14   2.6e-11   42.3   2.3   122   286   381   560   362   573 0.77 -
Dbuz05251-RA         -           5186 4035at7147           -            410  2.2e-206  684.8 103.1   4  24   1.5e-06    0.0011   17.1   0.0   163   254   539   627   537   674 0.88 -
Dbuz05251-RA         -           5186 4035at7147           -            410  2.2e-206  684.8 103.1   5  24   1.4e-10     1e-07   30.4   0.2   102   252   579   734   572   782 0.75 -
Dbuz05251-RA         -           5186 4035at7147           -            410  2.2e-206  684.8 103.1   6  24     0.012       8.7    4.3   0.0   157   221   859   920   846   926 0.82 -
Dbuz05251-RA         -           5186 4035at7147           -            410  2.2e-206  684.8 103.1   7  24   1.5e-15   1.2e-12   46.7   0.3   101   285   904  1100   884  1108 0.73 -
Dbuz05251-RA         -           5186 4035at7147           -            410  2.2e-206  684.8 103.1   8  24   2.6e-05      0.02   13.0   0.0   199   254  1112  1167  1105  1228 0.63 -
Dbuz05251-RA         -           5186 4035at7147           -            410  2.2e-206  684.8 103.1   9  24   9.1e-18   6.8e-15   54.1   0.3   118   286  1262  1439  1248  1451 0.83 -
Dbuz05251-RA         -           5186 4035at7147           -            410  2.2e-206  684.8 103.1  10  24   2.6e-07    0.0002   19.6   0.1   105   218  1461  1579  1447  1585 0.74 -
Dbuz05251-RA         -           5186 4035at7147           -            410  2.2e-206  684.8 103.1  11  24   1.8e-07   0.00014   20.1   0.1   117   236  1584  1711  1577  1734 0.74 -
Dbuz05251-RA         -           5186 4035at7147           -            410  2.2e-206  684.8 103.1  12  24   0.00089      0.67    8.0   0.0   101   212  1805  1914  1781  1922 0.78 -
Dbuz05251-RA         -           5186 4035at7147           -            410  2.2e-206  684.8 103.1  13  24   5.1e-11   3.8e-08   31.8   0.2   122   216  1924  2020  1918  2024 0.87 -
Dbuz05251-RA         -           5186 4035at7147           -            410  2.2e-206  684.8 103.1  14  24   2.9e-12   2.2e-09   35.9   0.2    98   216  2002  2124  2000  2129 0.79 -
Dbuz05251-RA         -           5186 4035at7147           -            410  2.2e-206  684.8 103.1  15  24   1.7e-13   1.3e-10   40.0   2.6   117   246  2166  2305  2157  2305 0.83 -
Dbuz05251-RA         -           5186 4035at7147           -            410  2.2e-206  684.8 103.1  16  24   3.7e-23   2.8e-20   71.8   0.9    54   286  2209  2461  2206  2493 0.77 -
Dbuz05251-RA         -           5186 4035at7147           -            410  2.2e-206  684.8 103.1  17  24   8.8e-18   6.6e-15   54.1   1.9   117   260  2494  2641  2477  2670 0.79 -
Dbuz05251-RA         -           5186 4035at7147           -            410  2.2e-206  684.8 103.1  18  24   3.6e-10   2.7e-07   29.1   0.1    53   248  2642  2841  2636  2848 0.78 -
Dbuz05251-RA         -           5186 4035at7147           -            410  2.2e-206  684.8 103.1  19  24   5.9e-24   4.4e-21   74.4   0.7    54   274  2857  3077  2852  3081 0.80 -
Dbuz05251-RA         -           5186 4035at7147           -            410  2.2e-206  684.8 103.1  20  24   4.1e-10   3.1e-07   28.8   0.0    58   193  3065  3209  3055  3230 0.77 -
Dbuz05251-RA         -           5186 4035at7147           -            410  2.2e-206  684.8 103.1  21  24   5.1e-10   3.8e-07   28.5   0.1   119   215  3235  3333  3220  3338 0.87 -
Dbuz05251-RA         -           5186 4035at7147           -            410  2.2e-206  684.8 103.1  22  24   8.5e-13   6.4e-10   37.7   0.1   118   251  3339  3474  3332  3476 0.81 -
Dbuz05251-RA         -           5186 4035at7147           -            410  2.2e-206  684.8 103.1  23  24   7.8e-14   5.9e-11   41.1   1.5   124   316  3450  3664  3440  3666 0.77 -
Dbuz05251-RA         -           5186 4035at7147           -            410  2.2e-206  684.8 103.1  24  24   9.9e-12   7.4e-09   34.2   0.0   122   291  3660  3828  3656  3835 0.81 -
Dbuz03354-RA         -           1914 4035at7147           -            410  4.1e-202  670.7  36.3   1   4   0.00043      0.33    9.0   0.0   120   163   309   353   271   386 0.73 -
Dbuz03354-RA         -           1914 4035at7147           -            410  4.1e-202  670.7  36.3   2   4    2e-154  1.5e-151  504.1  10.7     1   292   389   730   389   738 0.92 -
Dbuz03354-RA         -           1914 4035at7147           -            410  4.1e-202  670.7  36.3   3   4   3.4e-31   2.6e-28   98.3   0.1   292   355   760   823   755   826 0.97 -
Dbuz03354-RA         -           1914 4035at7147           -            410  4.1e-202  670.7  36.3   4   4   1.7e-18   1.3e-15   56.5  12.0   354   410   846   921   840   921 0.88 -
Dbuz11598-RA         -           4590 4035at7147           -            410  4.2e-143  476.3 122.6   1  20    0.0024       1.8    6.6   0.1   123   217   166   260   156   302 0.73 -
Dbuz11598-RA         -           4590 4035at7147           -            410  4.2e-143  476.3 122.6   2  20   6.3e-16   4.8e-13   48.0   0.9    52   278   308   548   275   593 0.69 -
Dbuz11598-RA         -           4590 4035at7147           -            410  4.2e-143  476.3 122.6   3  20     3e-06    0.0022   16.1   0.5    56   195   530   671   523   680 0.75 -
Dbuz11598-RA         -           4590 4035at7147           -            410  4.2e-143  476.3 122.6   4  20   7.2e-10   5.4e-07   28.0   0.1    55   215   794   952   783   956 0.77 -
Dbuz11598-RA         -           4590 4035at7147           -            410  4.2e-143  476.3 122.6   5  20   2.1e-09   1.6e-06   26.5   2.5   118   285   958  1137   953  1153 0.75 -
Dbuz11598-RA         -           4590 4035at7147           -            410  4.2e-143  476.3 122.6   6  20   5.3e-14     4e-11   41.6   3.1   116   316  1169  1388  1142  1398 0.78 -
Dbuz11598-RA         -           4590 4035at7147           -            410  4.2e-143  476.3 122.6   7  20   1.4e-11   1.1e-08   33.7   1.7   118   309  1277  1481  1271  1488 0.77 -
Dbuz11598-RA         -           4590 4035at7147           -            410  4.2e-143  476.3 122.6   8  20   7.1e-16   5.3e-13   47.8   1.7    97   289  1463  1664  1458  1693 0.73 -
Dbuz11598-RA         -           4590 4035at7147           -            410  4.2e-143  476.3 122.6   9  20   8.8e-13   6.6e-10   37.6   1.5   102   246  1680  1818  1674  1827 0.83 -
Dbuz11598-RA         -           4590 4035at7147           -            410  4.2e-143  476.3 122.6  10  20   1.1e-07   8.1e-05   20.9   6.3    55   259  1847  2045  1840  2074 0.76 -
Dbuz11598-RA         -           4590 4035at7147           -            410  4.2e-143  476.3 122.6  11  20   8.8e-11   6.6e-08   31.0   0.7   192   305  2080  2207  2048  2208 0.72 -
Dbuz11598-RA         -           4590 4035at7147           -            410  4.2e-143  476.3 122.6  12  20   3.2e-13   2.4e-10   39.1   0.4   120   285  2116  2283  2106  2298 0.83 -
Dbuz11598-RA         -           4590 4035at7147           -            410  4.2e-143  476.3 122.6  13  20     3e-07   0.00023   19.4   0.5   107   216  2306  2420  2290  2434 0.75 -
Dbuz11598-RA         -           4590 4035at7147           -            410  4.2e-143  476.3 122.6  14  20   9.5e-11   7.1e-08   30.9   1.0   127   255  2513  2641  2503  2664 0.80 -
Dbuz11598-RA         -           4590 4035at7147           -            410  4.2e-143  476.3 122.6  15  20   3.2e-06    0.0024   16.0   0.3   124   247  2613  2742  2608  2772 0.82 -
Dbuz11598-RA         -           4590 4035at7147           -            410  4.2e-143  476.3 122.6  16  20   2.9e-16   2.1e-13   49.1   3.4   101   291  2796  2997  2773  3003 0.79 -
Dbuz11598-RA         -           4590 4035at7147           -            410  4.2e-143  476.3 122.6  17  20   8.6e-14   6.4e-11   41.0   0.2   117   283  3019  3191  3005  3206 0.80 -
Dbuz11598-RA         -           4590 4035at7147           -            410  4.2e-143  476.3 122.6  18  20   1.4e-16   1.1e-13   50.1   2.0   123   287  3129  3300  3124  3302 0.82 -
Dbuz11598-RA         -           4590 4035at7147           -            410  4.2e-143  476.3 122.6  19  20   1.2e-11   9.1e-09   33.9   0.4   110   215  3221  3327  3214  3330 0.85 -
Dbuz11598-RA         -           4590 4035at7147           -            410  4.2e-143  476.3 122.6  20  20     1e-17   7.5e-15   53.9   2.0    99   317  3311  3552  3307  3565 0.77 -
Dbuz02210-RA         -           3093 4035at7147           -            410  4.8e-107  357.6  22.4   1  15   5.5e-13   4.1e-10   38.3   0.0   104   285    97   290    82   301 0.78 -
Dbuz02210-RA         -           3093 4035at7147           -            410  4.8e-107  357.6  22.4   2  15   1.3e-06   0.00097   17.3   0.0    94   171   298   382   295   391 0.73 -
Dbuz02210-RA         -           3093 4035at7147           -            410  4.8e-107  357.6  22.4   3  15   1.7e-18   1.3e-15   56.4   0.0    56   255   369   596   364   602 0.73 -
Dbuz02210-RA         -           3093 4035at7147           -            410  4.8e-107  357.6  22.4   4  15     1e-08   7.6e-06   24.3   0.0   140   240   668   767   662   768 0.82 -
Dbuz02210-RA         -           3093 4035at7147           -            410  4.8e-107  357.6  22.4   5  15   2.2e-09   1.6e-06   26.5   0.1   119   249   749   885   745   903 0.82 -
Dbuz02210-RA         -           3093 4035at7147           -            410  4.8e-107  357.6  22.4   6  15     7e-10   5.2e-07   28.1   0.0    75   241   938  1116   928  1121 0.71 -
Dbuz02210-RA         -           3093 4035at7147           -            410  4.8e-107  357.6  22.4   7  15   1.2e-08   9.3e-06   24.0   0.0    56   217  1148  1315  1128  1324 0.85 -
Dbuz02210-RA         -           3093 4035at7147           -            410  4.8e-107  357.6  22.4   8  15   7.4e-06    0.0055   14.8   0.0   122   216  1346  1441  1332  1446 0.72 -
Dbuz02210-RA         -           3093 4035at7147           -            410  4.8e-107  357.6  22.4   9  15   3.8e-17   2.9e-14   52.0   0.1   119   246  1448  1577  1431  1584 0.80 -
Dbuz02210-RA         -           3093 4035at7147           -            410  4.8e-107  357.6  22.4  10  15   9.3e-08     7e-05   21.1   0.0    98   163  1532  1598  1525  1633 0.88 -
Dbuz02210-RA         -           3093 4035at7147           -            410  4.8e-107  357.6  22.4  11  15     0.011       8.3    4.4   0.0   139   205  1687  1757  1646  1769 0.79 -
Dbuz02210-RA         -           3093 4035at7147           -            410  4.8e-107  357.6  22.4  12  15   4.7e-12   3.5e-09   35.2   0.3   114   242  1821  1952  1805  1976 0.84 -
Dbuz02210-RA         -           3093 4035at7147           -            410  4.8e-107  357.6  22.4  13  15     0.001      0.75    7.8   0.0    98   216  2015  2146  2007  2159 0.72 -
Dbuz02210-RA         -           3093 4035at7147           -            410  4.8e-107  357.6  22.4  14  15   2.5e-05     0.019   13.1   0.5   116   285  2259  2334  2171  2355 0.50 -
Dbuz02210-RA         -           3093 4035at7147           -            410  4.8e-107  357.6  22.4  15  15   5.6e-10   4.2e-07   28.4   0.0   124   252  2377  2509  2341  2538 0.81 -
Dbuz00824-RA         -           1991 4035at7147           -            410   1.4e-88  296.8  44.0   1  10   6.5e-06    0.0049   15.0   0.1   126   241   184   305   175   306 0.72 -
Dbuz00824-RA         -           1991 4035at7147           -            410   1.4e-88  296.8  44.0   2  10   3.7e-08   2.8e-05   22.4   2.0    74   250   241   427   212   435 0.64 -
Dbuz00824-RA         -           1991 4035at7147           -            410   1.4e-88  296.8  44.0   3  10   6.1e-47   4.6e-44  150.1   5.4    40   286   432   699   425   705 0.86 -
Dbuz00824-RA         -           1991 4035at7147           -            410   1.4e-88  296.8  44.0   4  10   6.4e-13   4.8e-10   38.1   0.1   116   194   746   829   721   845 0.81 -
Dbuz00824-RA         -           1991 4035at7147           -            410   1.4e-88  296.8  44.0   5  10   0.00014       0.1   10.6   0.2   118   163   860   905   849   916 0.87 -
Dbuz00824-RA         -           1991 4035at7147           -            410   1.4e-88  296.8  44.0   6  10   6.8e-06    0.0051   15.0   0.2   107   195   969  1062   951  1080 0.72 -
Dbuz00824-RA         -           1991 4035at7147           -            410   1.4e-88  296.8  44.0   7  10   1.5e-12   1.1e-09   36.9   0.3   118   309  1085  1306  1063  1315 0.66 -
Dbuz00824-RA         -           1991 4035at7147           -            410   1.4e-88  296.8  44.0   8  10   2.3e-07   0.00018   19.8   0.3   109   164  1297  1354  1284  1367 0.74 -
Dbuz00824-RA         -           1991 4035at7147           -            410   1.4e-88  296.8  44.0   9  10   1.7e-06    0.0013   16.9   0.0    57   216  1353  1523  1351  1532 0.77 -
Dbuz00824-RA         -           1991 4035at7147           -            410   1.4e-88  296.8  44.0  10  10    0.0022       1.6    6.7   0.0   119   161  1596  1639  1575  1672 0.74 -
Dbuz04115-RA         -           1826 4035at7147           -            410   5.6e-64  215.7  34.2   1   9      0.12        89    1.0   0.0   128   155   125   153   116   158 0.86 -
Dbuz04115-RA         -           1826 4035at7147           -            410   5.6e-64  215.7  34.2   2   9   1.9e-08   1.4e-05   23.4   0.4    55   162   162   277   151   285 0.82 -
Dbuz04115-RA         -           1826 4035at7147           -            410   5.6e-64  215.7  34.2   3   9     0.013       9.9    4.1   0.0   120   154   354   389   334   394 0.76 -
Dbuz04115-RA         -           1826 4035at7147           -            410   5.6e-64  215.7  34.2   4   9     5e-21   3.8e-18   64.8   0.7    55   313   398   686   392   701 0.74 -
Dbuz04115-RA         -           1826 4035at7147           -            410   5.6e-64  215.7  34.2   5   9     9e-11   6.7e-08   31.0   0.2   133   249   709   828   702   851 0.82 -
Dbuz04115-RA         -           1826 4035at7147           -            410   5.6e-64  215.7  34.2   6   9     0.014        10    4.0   0.1    98   141   905   947   890   958 0.85 -
Dbuz04115-RA         -           1826 4035at7147           -            410   5.6e-64  215.7  34.2   7   9   5.5e-22   4.1e-19   68.0   0.8   114   287  1035  1229  1006  1267 0.69 -
Dbuz04115-RA         -           1826 4035at7147           -            410   5.6e-64  215.7  34.2   8   9   6.2e-12   4.6e-09   34.9   0.2   115   286  1265  1455  1248  1471 0.76 -
Dbuz04115-RA         -           1826 4035at7147           -            410   5.6e-64  215.7  34.2   9   9     0.072        54    1.7   0.0   122   162  1507  1548  1501  1557 0.78 -
Dbuz11235-RA         -           3590 4035at7147           -            410   4.4e-55  186.4  12.4   1   6   8.1e-09   6.1e-06   24.6   0.0   131   249   353   473   312   506 0.80 -
Dbuz11235-RA         -           3590 4035at7147           -            410   4.4e-55  186.4  12.4   2   6   1.3e-12   9.6e-10   37.1   0.0   183   314   524   674   519   676 0.73 -
Dbuz11235-RA         -           3590 4035at7147           -            410   4.4e-55  186.4  12.4   3   6   1.6e-16   1.2e-13   49.9   0.1   106   288   657   844   639   854 0.82 -
Dbuz11235-RA         -           3590 4035at7147           -            410   4.4e-55  186.4  12.4   4   6   5.7e-06    0.0043   15.2   0.1   115   215   873   980   850   985 0.72 -
Dbuz11235-RA         -           3590 4035at7147           -            410   4.4e-55  186.4  12.4   5   6   1.9e-20   1.4e-17   62.9   0.2   117   285   985  1162   980  1166 0.82 -
Dbuz11235-RA         -           3590 4035at7147           -            410   4.4e-55  186.4  12.4   6   6      0.04        30    2.5   0.0    99   191  1179  1275  1168  1312 0.70 -
Dbuz01977-RA         -           2050 4035at7147           -            410   3.9e-54  183.3  48.6   1   9   4.2e-06    0.0031   15.6   1.2   124   250   171   307   161   343 0.69 -
Dbuz01977-RA         -           2050 4035at7147           -            410   3.9e-54  183.3  48.6   2   9   5.7e-05     0.043   11.9   0.0   119   154   392   428   385   434 0.87 -
Dbuz01977-RA         -           2050 4035at7147           -            410   3.9e-54  183.3  48.6   3   9   1.5e-12   1.1e-09   36.9   0.4    55   193   436   586   431   603 0.74 -
Dbuz01977-RA         -           2050 4035at7147           -            410   3.9e-54  183.3  48.6   4   9   3.2e-05     0.024   12.7   0.0   199   249   687   737   671   780 0.87 -
Dbuz01977-RA         -           2050 4035at7147           -            410   3.9e-54  183.3  48.6   5   9   2.9e-10   2.2e-07   29.3   1.1    41   241   739   938   731   944 0.74 -
Dbuz01977-RA         -           2050 4035at7147           -            410   3.9e-54  183.3  48.6   6   9      0.59   4.5e+02   -1.3   0.0   200   242  1016  1059  1009  1062 0.65 -
Dbuz01977-RA         -           2050 4035at7147           -            410   3.9e-54  183.3  48.6   7   9     1e-16   7.7e-14   50.6   4.9    96   253  1118  1283  1093  1287 0.78 -
Dbuz01977-RA         -           2050 4035at7147           -            410   3.9e-54  183.3  48.6   8   9   3.3e-15   2.5e-12   45.6   0.3   102   241  1234  1378  1229  1383 0.86 -
Dbuz01977-RA         -           2050 4035at7147           -            410   3.9e-54  183.3  48.6   9   9   3.9e-10   2.9e-07   28.9   7.3    54   279  1405  1657  1398  1671 0.70 -
Dbuz02209-RA         -            782 4035at7147           -            410   1.5e-34  118.8   7.7   1   4   1.2e-09   8.7e-07   27.4   0.0   121   215   252   355   227   359 0.84 -
Dbuz02209-RA         -            782 4035at7147           -            410   1.5e-34  118.8   7.7   2   4   6.8e-15   5.1e-12   44.6   1.3   119   242   362   489   356   495 0.83 -
Dbuz02209-RA         -            782 4035at7147           -            410   1.5e-34  118.8   7.7   3   4   6.9e-12   5.2e-09   34.7   1.0   105   247   456   605   439   613 0.83 -
Dbuz02209-RA         -            782 4035at7147           -            410   1.5e-34  118.8   7.7   4   4   5.4e-09   4.1e-06   25.2   0.0    56   162   624   731   605   744 0.75 -
Dbuz01875-RA         -           1722 4035at7147           -            410   1.1e-33  116.0  19.6   1   5   1.6e-07   0.00012   20.3   0.3   118   241   126   269   105   277 0.70 -
Dbuz01875-RA         -           1722 4035at7147           -            410   1.1e-33  116.0  19.6   2   5   7.1e-09   5.3e-06   24.8   0.1   106   303   360   578   334   586 0.70 -
Dbuz01875-RA         -           1722 4035at7147           -            410   1.1e-33  116.0  19.6   3   5   8.4e-11   6.3e-08   31.1   2.9   108   254   581   724   529   752 0.72 -
Dbuz01875-RA         -           1722 4035at7147           -            410   1.1e-33  116.0  19.6   4   5   6.7e-14     5e-11   41.3   0.9    92   318   763  1010   712  1015 0.72 -
Dbuz01875-RA         -           1722 4035at7147           -            410   1.1e-33  116.0  19.6   5   5    0.0011      0.83    7.7   0.0   122   219  1139  1253  1106  1283 0.58 -
Dbuz11332-RA         -            632 4035at7147           -            410   2.2e-33  115.0  14.1   1   4   6.1e-14   4.6e-11   41.5   4.7   124   272     7   161     2   193 0.78 -
Dbuz11332-RA         -            632 4035at7147           -            410   2.2e-33  115.0  14.1   2   4   4.9e-12   3.7e-09   35.2   0.0   104   244   204   352   194   364 0.78 -
Dbuz11332-RA         -            632 4035at7147           -            410   2.2e-33  115.0  14.1   3   4   3.4e-07   0.00026   19.2   0.0   123   221   452   551   431   558 0.76 -
Dbuz11332-RA         -            632 4035at7147           -            410   2.2e-33  115.0  14.1   4   4   4.3e-09   3.3e-06   25.5   0.1   104   167   539   600   535   604 0.83 -
Dbuz00881-RA         -           2193 4035at7147           -            410   2.8e-30  104.7  19.8   1  10   1.1e-06    0.0008   17.6   0.0   103   152   138   188   114   199 0.80 -
Dbuz00881-RA         -           2193 4035at7147           -            410   2.8e-30  104.7  19.8   2  10   6.1e-08   4.6e-05   21.7   0.3   120   254   271   418   246   429 0.78 -
Dbuz00881-RA         -           2193 4035at7147           -            410   2.8e-30  104.7  19.8   3  10   4.6e-07   0.00035   18.8   0.0    56   170   430   560   422   602 0.73 -
Dbuz00881-RA         -           2193 4035at7147           -            410   2.8e-30  104.7  19.8   4  10      0.35   2.6e+02   -0.6   0.0   121   203   615   701   602   717 0.72 -
Dbuz00881-RA         -           2193 4035at7147           -            410   2.8e-30  104.7  19.8   5  10   6.8e-05     0.051   11.7   0.2   198   285   879   975   855   980 0.61 -
Dbuz00881-RA         -           2193 4035at7147           -            410   2.8e-30  104.7  19.8   6  10     4e-05      0.03   12.4   0.0   194   243  1040  1087  1014  1107 0.80 -
Dbuz00881-RA         -           2193 4035at7147           -            410   2.8e-30  104.7  19.8   7  10     0.015        11    3.9   0.0   214   248  1260  1292  1247  1298 0.74 -
Dbuz00881-RA         -           2193 4035at7147           -            410   2.8e-30  104.7  19.8   8  10   0.00013     0.096   10.8   0.1   103   138  1354  1390  1309  1398 0.82 -
Dbuz00881-RA         -           2193 4035at7147           -            410   2.8e-30  104.7  19.8   9  10       1.6   1.2e+03   -2.7   0.0   197   214  1598  1615  1527  1633 0.61 -
Dbuz00881-RA         -           2193 4035at7147           -            410   2.8e-30  104.7  19.8  10  10   0.00028      0.21    9.7   0.0   123   171  1645  1700  1638  1723 0.80 -
Dbuz11327-RA         -           1468 4035at7147           -            410   1.3e-29  102.6  16.2   1   5   3.8e-13   2.9e-10   38.8   2.3   126   272     6   158     2   187 0.81 -
Dbuz11327-RA         -           1468 4035at7147           -            410   1.3e-29  102.6  16.2   2   5   1.1e-13   8.1e-11   40.6   0.2   104   246   201   351   170   402 0.76 -
Dbuz11327-RA         -           1468 4035at7147           -            410   1.3e-29  102.6  16.2   3   5   1.1e-09   7.9e-07   27.5   0.2   123   244   450   573   428   603 0.80 -
Dbuz11327-RA         -           1468 4035at7147           -            410   1.3e-29  102.6  16.2   4   5   3.5e-06    0.0026   15.9   0.1   106   237   539   683   528   698 0.60 -
Dbuz11327-RA         -           1468 4035at7147           -            410   1.3e-29  102.6  16.2   5   5       1.3   9.5e+02   -2.4   0.0   142   173   766   797   759   799 0.83 -
Dbuz08048-RA         -           1515 4035at7147           -            410   4.2e-22   77.8  22.1   1   5      0.11        86    1.0   0.0   256   308   113   163   107   175 0.77 -
Dbuz08048-RA         -           1515 4035at7147           -            410   4.2e-22   77.8  22.1   2   5   6.4e-08   4.8e-05   21.6   0.8   121   280   184   353   169   363 0.78 -
Dbuz08048-RA         -           1515 4035at7147           -            410   4.2e-22   77.8  22.1   3   5   8.4e-14   6.3e-11   41.0   5.7    94   293   373   588   355   614 0.78 -
Dbuz08048-RA         -           1515 4035at7147           -            410   4.2e-22   77.8  22.1   4   5   1.3e-07    0.0001   20.6   0.7   120   241   611   741   583   745 0.64 -
Dbuz08048-RA         -           1515 4035at7147           -            410   4.2e-22   77.8  22.1   5   5   0.00057      0.43    8.6   0.1   110   237   713   842   704   846 0.62 -
Dbuz03238-RA         -            797 4035at7147           -            410   7.3e-13   47.4   0.0   1   2   2.6e-08   1.9e-05   22.9   0.0   116   252   118   259   112   264 0.81 -
Dbuz03238-RA         -            797 4035at7147           -            410   7.3e-13   47.4   0.0   2   2   6.9e-08   5.2e-05   21.5   0.0   139   252   361   468   341   504 0.80 -
Dbuz11328-RA         -            173 4035at7147           -            410   8.6e-10   37.3   1.4   1   1     2e-11   1.5e-08   33.2   1.4    97   215    33   159    30   167 0.60 -
Dbuz11329-RA         -            519 4035at7147           -            410   5.3e-08   31.4   0.3   1   4     0.017        13    3.7   0.0   260   287   205   231   193   247 0.75 -
Dbuz11329-RA         -            519 4035at7147           -            410   5.3e-08   31.4   0.3   2   4   7.6e-09   5.7e-06   24.7   0.1   181   253   247   316   231   330 0.80 -
Dbuz11329-RA         -            519 4035at7147           -            410   5.3e-08   31.4   0.3   3   4       1.7   1.3e+03   -2.9   0.0   283   333   368   418   358   427 0.75 -
Dbuz11329-RA         -            519 4035at7147           -            410   5.3e-08   31.4   0.3   4   4         2   1.5e+03   -3.1   0.0    57    96   451   493   448   499 0.77 -
#
# Program:         hmmsearch
# Version:         3.1b2 (February 2015)
# Pipeline mode:   SEARCH
# Query file:      /home/nmoreyra/Documents/Genomics/03_orthologs_search/00_Phylogenomics_BUSCO-groups/busco4_odb10/busco_downloads/lineages/diptera_odb10/hmms/4035at7147.hmm
# Target file:     /home/nmoreyra/Documents/Genomics/03_orthologs_search/00_Phylogenomics_BUSCO-groups/busco4_odb10/../00_proteins/Dbuz_proteins.fasta
# Option settings: /home/nmoreyra/Software/miniconda3/envs/busco4/bin/hmmsearch --domtblout /home/nmoreyra/Documents/Genomics/03_orthologs_search/00_Phylogenomics_BUSCO-groups/busco4_odb10/Dbuz_diptera/run_diptera_odb10/hmmer_output/initial_run_results/4035at7147.out --cpu 1 /home/nmoreyra/Documents/Genomics/03_orthologs_search/00_Phylogenomics_BUSCO-groups/busco4_odb10/busco_downloads/lineages/diptera_odb10/hmms/4035at7147.hmm /home/nmoreyra/Documents/Genomics/03_orthologs_search/00_Phylogenomics_BUSCO-groups/busco4_odb10/../00_proteins/Dbuz_proteins.fasta 
# Current dir:     /home/nmoreyra/Documents/Genomics/03_orthologs_search/00_Phylogenomics_BUSCO-groups/busco4_odb10
# Date:            Mon Jan 25 13:20:26 2021
# [ok]
