#                                                                            --- full sequence --- -------------- this domain -------------   hmm coord   ali coord   env coord
# target name        accession   tlen query name           accession   qlen   E-value  score  bias   #  of  c-Evalue  i-Evalue  score  bias  from    to  from    to  from    to  acc description of target
#------------------- ---------- ----- -------------------- ---------- ----- --------- ------ ----- --- --- --------- --------- ------ ----- ----- ----- ----- ----- ----- ----- ---- ---------------------
Dbuz08510-RA         -            396 40820at7147          -            314    8e-158  523.8   4.2   1   1  6.3e-159  5.8e-156  517.7   4.2     1   307     3   370     3   379 0.90 -
Dbuz02787-RA         -            376 40820at7147          -            314   7.4e-41  139.6   0.0   1   1   1.1e-43     1e-40  139.1   0.0     1   304     8   345     8   354 0.82 -
Dbuz06127-RA         -            376 40820at7147          -            314   1.6e-40  138.5   0.0   1   1   2.3e-43   2.1e-40  138.1   0.0     1   304     8   345     8   354 0.82 -
Dbuz12318-RA         -            376 40820at7147          -            314   4.6e-40  137.0   0.0   1   1   6.8e-43   6.2e-40  136.5   0.0     1   304     8   345     8   354 0.82 -
Dbuz00851-RA         -            376 40820at7147          -            314   1.3e-39  135.5   0.0   1   1     2e-42   1.8e-39  135.0   0.0     1   304     8   345     8   354 0.82 -
Dbuz09261-RA         -            376 40820at7147          -            314   1.5e-39  135.3   0.0   1   1   2.2e-42     2e-39  134.9   0.0     1   304     8   345     8   354 0.82 -
Dbuz06302-RA         -            441 40820at7147          -            314   2.9e-39  134.3   0.0   1   1   4.9e-42   4.5e-39  133.7   0.0     1   304    77   414    77   437 0.83 -
Dbuz03866-RA         -            410 40820at7147          -            314   1.2e-37  129.0   0.0   1   1   1.7e-40   1.6e-37  128.7   0.0     1   304    42   379    42   386 0.80 -
Dbuz00525-RA         -            376 40820at7147          -            314   7.4e-31  106.7   0.0   1   1   1.2e-33   1.1e-30  106.2   0.0     2   304    12   345    11   354 0.85 -
Dbuz03318-RA         -            658 40820at7147          -            314   4.2e-30  104.2   0.8   1   3    0.0031       2.8    6.3   0.0     2    37     8    44     7    60 0.85 -
Dbuz03318-RA         -            658 40820at7147          -            314   4.2e-30  104.2   0.8   2   3   3.2e-21   2.9e-18   65.4   0.4    40   199    71   253    58   283 0.76 -
Dbuz03318-RA         -            658 40820at7147          -            314   4.2e-30  104.2   0.8   3   3   4.1e-10   3.7e-07   28.9   0.0   217   303   522   616   513   627 0.86 -
Dbuz09875-RA         -            399 40820at7147          -            314   8.6e-29   99.9   0.0   1   1   1.9e-31   1.8e-28   98.9   0.0    57   282    77   331     8   339 0.76 -
Dbuz04898-RA         -            418 40820at7147          -            314   1.5e-21   76.1   0.0   1   1   3.2e-24   2.9e-21   75.2   0.0     2   293     8   355     7   364 0.72 -
Dbuz06033-RA         -            426 40820at7147          -            314   3.7e-12   45.3   0.0   1   3      0.22     2e+02    0.2   0.0     2    23    16    37    15    47 0.86 -
Dbuz06033-RA         -            426 40820at7147          -            314   3.7e-12   45.3   0.0   2   3   2.9e-08   2.6e-05   22.8   0.0    59   164    94   214    67   246 0.81 -
Dbuz06033-RA         -            426 40820at7147          -            314   3.7e-12   45.3   0.0   3   3   5.9e-07   0.00054   18.5   0.0   217   303   302   394   251   399 0.82 -
Dbuz07017-RA         -            371 40820at7147          -            314   1.9e-11   43.0   0.1   1   1   3.8e-14   3.4e-11   42.1   0.1     2   284    14   303    13   325 0.76 -
#
# Program:         hmmsearch
# Version:         3.1b2 (February 2015)
# Pipeline mode:   SEARCH
# Query file:      /home/nmoreyra/Documents/Genomics/03_orthologs_search/00_Phylogenomics_BUSCO-groups/busco4_odb10/busco_downloads/lineages/diptera_odb10/hmms/40820at7147.hmm
# Target file:     /home/nmoreyra/Documents/Genomics/03_orthologs_search/00_Phylogenomics_BUSCO-groups/busco4_odb10/../00_proteins/Dbuz_proteins.fasta
# Option settings: /home/nmoreyra/Software/miniconda3/envs/busco4/bin/hmmsearch --domtblout /home/nmoreyra/Documents/Genomics/03_orthologs_search/00_Phylogenomics_BUSCO-groups/busco4_odb10/Dbuz_diptera/run_diptera_odb10/hmmer_output/initial_run_results/40820at7147.out --cpu 1 /home/nmoreyra/Documents/Genomics/03_orthologs_search/00_Phylogenomics_BUSCO-groups/busco4_odb10/busco_downloads/lineages/diptera_odb10/hmms/40820at7147.hmm /home/nmoreyra/Documents/Genomics/03_orthologs_search/00_Phylogenomics_BUSCO-groups/busco4_odb10/../00_proteins/Dbuz_proteins.fasta 
# Current dir:     /home/nmoreyra/Documents/Genomics/03_orthologs_search/00_Phylogenomics_BUSCO-groups/busco4_odb10
# Date:            Mon Jan 25 13:20:50 2021
# [ok]
