#                                                                            --- full sequence --- -------------- this domain -------------   hmm coord   ali coord   env coord
# target name        accession   tlen query name           accession   qlen   E-value  score  bias   #  of  c-Evalue  i-Evalue  score  bias  from    to  from    to  from    to  acc description of target
#------------------- ---------- ----- -------------------- ---------- ----- --------- ------ ----- --- --- --------- --------- ------ ----- ----- ----- ----- ----- ----- ----- ---- ---------------------
Dbuz08254-RA         -            418 42466at7147          -            248  1.2e-104  349.2  25.4   1   3   1.8e-37   3.3e-34  118.4   0.8     4    79    38   121    35   165 0.86 -
Dbuz08254-RA         -            418 42466at7147          -            248  1.2e-104  349.2  25.4   2   3   0.00016      0.29   10.5   0.8    99   147   199   249   192   268 0.56 -
Dbuz08254-RA         -            418 42466at7147          -            248  1.2e-104  349.2  25.4   3   3   3.5e-71   6.4e-68  228.8  10.3   105   248   276   418   262   418 0.86 -
Dbuz07362-RA         -           1054 42466at7147          -            248   2.2e-15   56.8   2.2   1   1   3.7e-18   6.8e-15   55.2   2.1   140   245   507   609   485   611 0.83 -
Dbuz00049-RA         -            407 42466at7147          -            248   1.1e-13   51.2   2.4   1   4       1.6   2.9e+03   -2.6   0.2   129   155    57    86    23    91 0.49 -
Dbuz00049-RA         -            407 42466at7147          -            248   1.1e-13   51.2   2.4   2   4       1.3   2.3e+03   -2.3   0.8   140   153   146   159   122   218 0.57 -
Dbuz00049-RA         -            407 42466at7147          -            248   1.1e-13   51.2   2.4   3   4       0.7   1.3e+03   -1.4   0.0    33    47   252   266   237   295 0.73 -
Dbuz00049-RA         -            407 42466at7147          -            248   1.1e-13   51.2   2.4   4   4     6e-17   1.1e-13   51.2   2.4   149   247   297   399   288   400 0.89 -
Dbuz07767-RA         -            617 42466at7147          -            248   6.5e-11   42.1   6.8   1   2       3.1   5.7e+03   -3.5   2.9   110   153   108   154    43   159 0.49 -
Dbuz07767-RA         -            617 42466at7147          -            248   6.5e-11   42.1   6.8   2   2   3.6e-14   6.5e-11   42.1   6.8   149   244   523   614   515   616 0.87 -
Dbuz05166-RA         -            592 42466at7147          -            248   2.3e-07   30.5   2.0   1   3       1.4   2.6e+03   -2.4   0.0    26    84    72   135    59   154 0.49 -
Dbuz05166-RA         -            592 42466at7147          -            248   2.3e-07   30.5   2.0   2   3       1.4   2.6e+03   -2.4   0.3   119   119   302   302   234   352 0.56 -
Dbuz05166-RA         -            592 42466at7147          -            248   2.3e-07   30.5   2.0   3   3   1.3e-10   2.3e-07   30.5   2.0   141   246   425   527   406   529 0.84 -
Dbuz12060-RA         -            248 42466at7147          -            248     0.012   15.0   0.2   1   1   9.7e-06     0.018   14.5   0.2   140   243   134   232   104   236 0.79 -
Dbuz08786-RA         -            420 42466at7147          -            248     0.014   14.8   0.4   1   2   2.9e-05     0.054   12.9   0.0   150   198   245   295   214   301 0.81 -
Dbuz08786-RA         -            420 42466at7147          -            248     0.014   14.8   0.4   2   2      0.82   1.5e+03   -1.6   0.3   229   243   388   402   386   403 0.91 -
#
# Program:         hmmsearch
# Version:         3.1b2 (February 2015)
# Pipeline mode:   SEARCH
# Query file:      /home/nmoreyra/Documents/Genomics/03_orthologs_search/00_Phylogenomics_BUSCO-groups/busco4_odb10/busco_downloads/lineages/diptera_odb10/hmms/42466at7147.hmm
# Target file:     /home/nmoreyra/Documents/Genomics/03_orthologs_search/00_Phylogenomics_BUSCO-groups/busco4_odb10/../00_proteins/Dbuz_proteins.fasta
# Option settings: /home/nmoreyra/Software/miniconda3/envs/busco4/bin/hmmsearch --domtblout /home/nmoreyra/Documents/Genomics/03_orthologs_search/00_Phylogenomics_BUSCO-groups/busco4_odb10/Dbuz_diptera/run_diptera_odb10/hmmer_output/initial_run_results/42466at7147.out --cpu 1 /home/nmoreyra/Documents/Genomics/03_orthologs_search/00_Phylogenomics_BUSCO-groups/busco4_odb10/busco_downloads/lineages/diptera_odb10/hmms/42466at7147.hmm /home/nmoreyra/Documents/Genomics/03_orthologs_search/00_Phylogenomics_BUSCO-groups/busco4_odb10/../00_proteins/Dbuz_proteins.fasta 
# Current dir:     /home/nmoreyra/Documents/Genomics/03_orthologs_search/00_Phylogenomics_BUSCO-groups/busco4_odb10
# Date:            Mon Jan 25 13:21:11 2021
# [ok]
