#                                                                            --- full sequence --- -------------- this domain -------------   hmm coord   ali coord   env coord
# target name        accession   tlen query name           accession   qlen   E-value  score  bias   #  of  c-Evalue  i-Evalue  score  bias  from    to  from    to  from    to  acc description of target
#------------------- ---------- ----- -------------------- ---------- ----- --------- ------ ----- --- --- --------- --------- ------ ----- ----- ----- ----- ----- ----- ----- ---- ---------------------
Dbuz04150-RA         -            415 42524at7147          -            310  2.5e-173  575.0   0.4   1   2   4.3e-09   3.6e-06   26.0   0.0    10    48    57   105    51   115 0.83 -
Dbuz04150-RA         -            415 42524at7147          -            310  2.5e-173  575.0   0.4   2   2    9e-168  7.7e-165  547.1   0.2    41   310   119   409   112   409 0.94 -
Dbuz02817-RA         -            655 42524at7147          -            310   2.2e-26   92.4  14.0   1   4   8.2e-10     7e-07   28.3   0.1    24    83   111   177    82   182 0.79 -
Dbuz02817-RA         -            655 42524at7147          -            310   2.2e-26   92.4  14.0   2   4   1.2e-06    0.0011   17.9   0.1   141   176   183   218   179   224 0.92 -
Dbuz02817-RA         -            655 42524at7147          -            310   2.2e-26   92.4  14.0   3   4      0.18   1.5e+02    0.9   0.1   172   197   240   264   224   272 0.80 -
Dbuz02817-RA         -            655 42524at7147          -            310   2.2e-26   92.4  14.0   4   4     9e-17   7.7e-14   51.2   2.3   224   310   317   404   290   404 0.87 -
Dbuz03212-RA         -            556 42524at7147          -            310   4.1e-23   81.6   9.0   1   3     0.068        57    2.3   0.2    59    83   308   332   257   335 0.59 -
Dbuz03212-RA         -            556 42524at7147          -            310   4.1e-23   81.6   9.0   2   3   1.1e-07   9.7e-05   21.3   0.0   138   175   335   372   330   379 0.89 -
Dbuz03212-RA         -            556 42524at7147          -            310   4.1e-23   81.6   9.0   3   3     8e-20   6.8e-17   61.2   2.0   177   303   395   524   389   535 0.84 -
Dbuz05215-RA         -            718 42524at7147          -            310   2.5e-13   49.5   2.9   1   1   4.8e-16   4.1e-13   48.8   2.9   137   297   489   647   468   660 0.81 -
Dbuz07741-RA         -            707 42524at7147          -            310   7.6e-12   44.6   3.7   1   2      0.64   5.5e+02   -0.9   0.0    10    80   375   448   373   454 0.55 -
Dbuz07741-RA         -            707 42524at7147          -            310   7.6e-12   44.6   3.7   2   2     9e-15   7.6e-12   44.6   3.7   124   278   441   593   417   624 0.77 -
Dbuz08448-RA         -            837 42524at7147          -            310   1.9e-07   30.1   0.3   1   2       2.4     2e+03   -2.7   0.0    96   134   199   240   193   254 0.74 -
Dbuz08448-RA         -            837 42524at7147          -            310   1.9e-07   30.1   0.3   2   2   5.2e-10   4.5e-07   29.0   0.1   122   305   491   671   464   676 0.78 -
Dbuz12198-RA         -           1199 42524at7147          -            310     2e-06   26.8   4.5   1   1     4e-09   3.4e-06   26.1   4.5   147   298  1018  1170   974  1177 0.75 -
Dbuz12384-RA         -           1345 42524at7147          -            310   1.2e-05   24.3   1.9   1   1   2.5e-08   2.1e-05   23.5   1.9   144   305   817   976   813   980 0.82 -
Dbuz03763-RA         -            607 42524at7147          -            310   1.4e-05   24.0   2.2   1   1   2.9e-08   2.4e-05   23.3   2.2   143   294   187   337   145   356 0.82 -
Dbuz01988-RA         -            323 42524at7147          -            310   0.00013   20.9   0.7   1   1   3.3e-07   0.00028   19.8   0.7   136   262   130   254   124   295 0.77 -
Dbuz01399-RA         -           3139 42524at7147          -            310   0.00041   19.2   0.0   1   1   9.9e-07   0.00084   18.2   0.0   141   287   303   456   276   464 0.71 -
Dbuz01515-RA         -           1093 42524at7147          -            310   0.00057   18.8   0.1   1   1   1.2e-06    0.0011   17.9   0.1   145   276   877  1005   843  1021 0.75 -
Dbuz11654-RA         -            796 42524at7147          -            310   0.00071   18.4   1.4   1   5       2.2   1.9e+03   -2.7   0.0    65    82   150   167   130   170 0.76 -
Dbuz11654-RA         -            796 42524at7147          -            310   0.00071   18.4   1.4   2   5   8.3e-07   0.00071   18.4   1.4   133   299   172   330   166   336 0.79 -
Dbuz11654-RA         -            796 42524at7147          -            310   0.00071   18.4   1.4   3   5       1.9   1.6e+03   -2.5   0.0    91   145   430   487   417   502 0.60 -
Dbuz11654-RA         -            796 42524at7147          -            310   0.00071   18.4   1.4   4   5       3.5   2.9e+03   -3.3   0.0   202   227   498   523   482   525 0.86 -
Dbuz11654-RA         -            796 42524at7147          -            310   0.00071   18.4   1.4   5   5       4.4   3.8e+03   -3.6   0.0   201   234   732   764   730   784 0.77 -
Dbuz02006-RA         -            803 42524at7147          -            310    0.0031   16.3   1.8   1   1   7.9e-06    0.0068   15.2   1.6   142   265   236   357   230   386 0.86 -
Dbuz04583-RA         -            690 42524at7147          -            310     0.029   13.2   0.3   1   1   6.5e-05     0.055   12.2   0.3   223   301   171   251   129   259 0.69 -
#
# Program:         hmmsearch
# Version:         3.1b2 (February 2015)
# Pipeline mode:   SEARCH
# Query file:      /home/nmoreyra/Documents/Genomics/03_orthologs_search/00_Phylogenomics_BUSCO-groups/busco4_odb10/busco_downloads/lineages/diptera_odb10/hmms/42524at7147.hmm
# Target file:     /home/nmoreyra/Documents/Genomics/03_orthologs_search/00_Phylogenomics_BUSCO-groups/busco4_odb10/../00_proteins/Dbuz_proteins.fasta
# Option settings: /home/nmoreyra/Software/miniconda3/envs/busco4/bin/hmmsearch --domtblout /home/nmoreyra/Documents/Genomics/03_orthologs_search/00_Phylogenomics_BUSCO-groups/busco4_odb10/Dbuz_diptera/run_diptera_odb10/hmmer_output/initial_run_results/42524at7147.out --cpu 1 /home/nmoreyra/Documents/Genomics/03_orthologs_search/00_Phylogenomics_BUSCO-groups/busco4_odb10/busco_downloads/lineages/diptera_odb10/hmms/42524at7147.hmm /home/nmoreyra/Documents/Genomics/03_orthologs_search/00_Phylogenomics_BUSCO-groups/busco4_odb10/../00_proteins/Dbuz_proteins.fasta 
# Current dir:     /home/nmoreyra/Documents/Genomics/03_orthologs_search/00_Phylogenomics_BUSCO-groups/busco4_odb10
# Date:            Mon Jan 25 13:21:15 2021
# [ok]
