#                                                                            --- full sequence --- -------------- this domain -------------   hmm coord   ali coord   env coord
# target name        accession   tlen query name           accession   qlen   E-value  score  bias   #  of  c-Evalue  i-Evalue  score  bias  from    to  from    to  from    to  acc description of target
#------------------- ---------- ----- -------------------- ---------- ----- --------- ------ ----- --- --- --------- --------- ------ ----- ----- ----- ----- ----- ----- ----- ---- ---------------------
Dbuz02198-RA         -            460 43690at7147          -            356  1.9e-165  549.7   9.0   1   1  6.8e-167  6.7e-164  544.6   9.0    12   356    46   460    21   460 0.88 -
Dbuz08485-RA         -           4964 43690at7147          -            356   1.1e-78  264.3  30.7   1   7   6.5e-14   6.3e-11   41.4   0.0   196   352   533   695   528   697 0.81 -
Dbuz08485-RA         -           4964 43690at7147          -            356   1.1e-78  264.3  30.7   2   7     7e-13   6.9e-10   38.0   0.3   194   314   680   813   674   819 0.62 -
Dbuz08485-RA         -           4964 43690at7147          -            356   1.1e-78  264.3  30.7   3   7     2e-15     2e-12   46.3   0.0   241   345  3122  3232  3104  3237 0.79 -
Dbuz08485-RA         -           4964 43690at7147          -            356   1.1e-78  264.3  30.7   4   7   2.5e-16   2.5e-13   49.3   1.8   191   351  3221  3396  3219  3400 0.77 -
Dbuz08485-RA         -           4964 43690at7147          -            356   1.1e-78  264.3  30.7   5   7   3.2e-09   3.2e-06   26.0   0.6   208   323  4098  4225  4089  4229 0.86 -
Dbuz08485-RA         -           4964 43690at7147          -            356   1.1e-78  264.3  30.7   6   7   4.7e-17   4.6e-14   51.7   0.2   238   352  4188  4308  4174  4309 0.83 -
Dbuz08485-RA         -           4964 43690at7147          -            356   1.1e-78  264.3  30.7   7   7   1.2e-16   1.2e-13   50.4   1.2   203   353  4305  4467  4295  4470 0.80 -
Dbuz03564-RA         -            982 43690at7147          -            356   3.5e-34  117.9   9.0   1   2   1.9e-26   1.8e-23   82.6   2.0   124   330     3   238     1   243 0.75 -
Dbuz03564-RA         -            982 43690at7147          -            356   3.5e-34  117.9   9.0   2   2   4.2e-16   4.1e-13   48.6   0.8   103   227   194   334   188   344 0.78 -
Dbuz10653-RA         -           2685 43690at7147          -            356   2.1e-21   75.9   6.6   1   3    0.0081       7.9    4.9   0.1   107   182   505   589   495   594 0.62 -
Dbuz10653-RA         -           2685 43690at7147          -            356   2.1e-21   75.9   6.6   2   3   1.8e-11   1.8e-08   33.4   0.4    17   138   575   689   566   694 0.81 -
Dbuz10653-RA         -           2685 43690at7147          -            356   2.1e-21   75.9   6.6   3   3   8.5e-14   8.3e-11   41.0   0.2    96   186   976  1073   972  1087 0.79 -
Dbuz07556-RA         -            487 43690at7147          -            356   1.1e-20   73.5   0.1   1   3   7.1e-14     7e-11   41.3   0.0    70   186   128   259    83   286 0.60 -
Dbuz07556-RA         -            487 43690at7147          -            356   1.1e-20   73.5   0.1   2   3   6.6e-06    0.0065   15.1   0.0   286   329   297   340   292   347 0.88 -
Dbuz07556-RA         -            487 43690at7147          -            356   1.1e-20   73.5   0.1   3   3   4.6e-05     0.045   12.3   0.0   153   348   356   462   354   470 0.43 -
Dbuz11995-RA         -            383 43690at7147          -            356   6.6e-18   64.4  11.3   1   5   2.3e-07   0.00022   19.9   1.3   123   182     4    73     2    82 0.72 -
Dbuz11995-RA         -            383 43690at7147          -            356   6.6e-18   64.4  11.3   2   5   2.5e-06    0.0024   16.5   0.0   283   323    91   131    78   167 0.88 -
Dbuz11995-RA         -            383 43690at7147          -            356   6.6e-18   64.4  11.3   3   5      0.31     3e+02   -0.3   0.0   290   314   152   176   145   179 0.77 -
Dbuz11995-RA         -            383 43690at7147          -            356   6.6e-18   64.4  11.3   4   5   1.2e-05     0.012   14.2   0.1   281   322   247   289   235   304 0.84 -
Dbuz11995-RA         -            383 43690at7147          -            356   6.6e-18   64.4  11.3   5   5     2e-05      0.02   13.5   0.3   153   183   313   343   305   350 0.87 -
Dbuz02720-RA         -            367 43690at7147          -            356   1.6e-15   56.5   3.4   1   3    0.0021       2.1    6.8   0.0   202   264    42   106     3   162 0.64 -
Dbuz02720-RA         -            367 43690at7147          -            356   1.6e-15   56.5   3.4   2   3     7e-13   6.9e-10   38.0   0.7   230   321   165   260   152   267 0.81 -
Dbuz02720-RA         -            367 43690at7147          -            356   1.6e-15   56.5   3.4   3   3   0.00011      0.11   11.0   0.1   153   183   300   330   286   344 0.88 -
Dbuz02728-RA         -           1976 43690at7147          -            356   2.5e-15   55.9   9.5   1   7      0.58   5.7e+02   -1.2   0.0   231   263  1121  1152  1115  1157 0.84 -
Dbuz02728-RA         -           1976 43690at7147          -            356   2.5e-15   55.9   9.5   2   7   2.5e-07   0.00025   19.7   0.5   103   183  1186  1272  1177  1272 0.73 -
Dbuz02728-RA         -           1976 43690at7147          -            356   2.5e-15   55.9   9.5   3   7   2.4e-06    0.0023   16.5   0.1   283   354  1235  1307  1217  1309 0.81 -
Dbuz02728-RA         -           1976 43690at7147          -            356   2.5e-15   55.9   9.5   4   7    0.0039       3.8    6.0   0.0   296   334  1310  1347  1307  1364 0.81 -
Dbuz02728-RA         -           1976 43690at7147          -            356   2.5e-15   55.9   9.5   5   7      0.17   1.6e+02    0.6   0.0     9    45  1369  1404  1361  1420 0.73 -
Dbuz02728-RA         -           1976 43690at7147          -            356   2.5e-15   55.9   9.5   6   7   2.9e-05     0.028   13.0   0.0   287   324  1516  1553  1502  1561 0.86 -
Dbuz02728-RA         -           1976 43690at7147          -            356   2.5e-15   55.9   9.5   7   7   0.00027      0.27    9.8   0.0   107   139  1571  1603  1555  1617 0.80 -
Dbuz06176-RA         -           1188 43690at7147          -            356   1.6e-06   26.9   0.5   1   3    0.0066       6.4    5.2   0.0   298   329   138   169   122   177 0.84 -
Dbuz06176-RA         -           1188 43690at7147          -            356   1.6e-06   26.9   0.5   2   3   3.9e-05     0.039   12.5   0.0   105   182   182   269   178   279 0.67 -
Dbuz06176-RA         -           1188 43690at7147          -            356   1.6e-06   26.9   0.5   3   3     0.081        80    1.6   0.0    15    58   308   351   300   455 0.80 -
Dbuz04862-RA         -           1195 43690at7147          -            356   6.5e-06   24.9   0.2   1   2   1.6e-05     0.016   13.8   0.0   287   324    31    68    23    83 0.85 -
Dbuz04862-RA         -           1195 43690at7147          -            356   6.5e-06   24.9   0.2   2   2   0.00062      0.61    8.6   0.0   104   175    98   174    81   266 0.62 -
Dbuz03146-RA         -           2873 43690at7147          -            356   0.00015   20.4   0.0   1   1   3.2e-07   0.00031   19.4   0.0   205   312   375   488   368   524 0.87 -
Dbuz12471-RA         -            227 43690at7147          -            356     0.017   13.7   0.0   1   1   2.3e-05     0.023   13.3   0.0   298   334    95   131    73   146 0.77 -
Dbuz07096-RA         -           1483 43690at7147          -            356     0.017   13.7   0.2   1   2   4.5e-05     0.044   12.3   0.0   265   319   277   332   262   380 0.77 -
Dbuz07096-RA         -           1483 43690at7147          -            356     0.017   13.7   0.2   2   2         2   1.9e+03   -2.9   0.2   137   184   852   897   839   907 0.81 -
#
# Program:         hmmsearch
# Version:         3.1b2 (February 2015)
# Pipeline mode:   SEARCH
# Query file:      /home/nmoreyra/Documents/Genomics/03_orthologs_search/00_Phylogenomics_BUSCO-groups/busco4_odb10/busco_downloads/lineages/diptera_odb10/hmms/43690at7147.hmm
# Target file:     /home/nmoreyra/Documents/Genomics/03_orthologs_search/00_Phylogenomics_BUSCO-groups/busco4_odb10/../00_proteins/Dbuz_proteins.fasta
# Option settings: /home/nmoreyra/Software/miniconda3/envs/busco4/bin/hmmsearch --domtblout /home/nmoreyra/Documents/Genomics/03_orthologs_search/00_Phylogenomics_BUSCO-groups/busco4_odb10/Dbuz_diptera/run_diptera_odb10/hmmer_output/initial_run_results/43690at7147.out --cpu 1 /home/nmoreyra/Documents/Genomics/03_orthologs_search/00_Phylogenomics_BUSCO-groups/busco4_odb10/busco_downloads/lineages/diptera_odb10/hmms/43690at7147.hmm /home/nmoreyra/Documents/Genomics/03_orthologs_search/00_Phylogenomics_BUSCO-groups/busco4_odb10/../00_proteins/Dbuz_proteins.fasta 
# Current dir:     /home/nmoreyra/Documents/Genomics/03_orthologs_search/00_Phylogenomics_BUSCO-groups/busco4_odb10
# Date:            Mon Jan 25 13:20:51 2021
# [ok]
