#                                                                            --- full sequence --- -------------- this domain -------------   hmm coord   ali coord   env coord
# target name        accession   tlen query name           accession   qlen   E-value  score  bias   #  of  c-Evalue  i-Evalue  score  bias  from    to  from    to  from    to  acc description of target
#------------------- ---------- ----- -------------------- ---------- ----- --------- ------ ----- --- --- --------- --------- ------ ----- ----- ----- ----- ----- ----- ----- ---- ---------------------
Dbuz01658-RA         -            342 44933at7147          -            281  3.1e-139  462.4   2.5   1   1  1.8e-141  5.6e-139  461.5   2.5     5   281    13   324     9   324 0.91 -
Dbuz08698-RA         -            707 44933at7147          -            281   4.9e-24   84.4   0.3   1   3   8.7e-07   0.00028   19.6   0.1    16    69    52   105    38   112 0.88 -
Dbuz08698-RA         -            707 44933at7147          -            281   4.9e-24   84.4   0.3   2   3   0.00024     0.077   11.6   0.0   110   155   126   171   110   223 0.73 -
Dbuz08698-RA         -            707 44933at7147          -            281   4.9e-24   84.4   0.3   3   3   9.3e-16     3e-13   49.0   0.0    16   192   374   575   358   592 0.79 -
Dbuz07794-RA         -            318 44933at7147          -            281   6.6e-24   84.0   0.0   1   1   3.2e-26     1e-23   83.4   0.0    19   231    50   272    32   297 0.80 -
Dbuz05263-RA         -            327 44933at7147          -            281   2.2e-21   75.7   0.3   1   1   1.2e-23   3.8e-21   74.9   0.3    15   208    49   255    34   309 0.77 -
Dbuz00405-RA         -            326 44933at7147          -            281   7.4e-21   74.0   0.5   1   1   1.5e-22   4.7e-20   71.4   0.4    19   231    48   277    33   289 0.82 -
Dbuz06983-RA         -            318 44933at7147          -            281   1.1e-19   70.1   0.0   1   1   4.6e-22   1.5e-19   69.7   0.0    12   217    42   265    31   291 0.76 -
Dbuz06836-RA         -            242 44933at7147          -            281   4.9e-19   68.0   0.0   1   1   1.9e-21     6e-19   67.7   0.0    22   191     5   177     1   195 0.88 -
Dbuz07253-RA         -            596 44933at7147          -            281   1.3e-17   63.3   2.5   1   1   1.4e-19   4.5e-17   61.6   2.5    21   193     8   198     4   206 0.83 -
Dbuz02471-RA         -            311 44933at7147          -            281   2.4e-17   62.5   0.1   1   1   1.1e-19   3.6e-17   61.9   0.1    20   191    47   231    41   248 0.85 -
Dbuz02895-RA         -            398 44933at7147          -            281   6.8e-17   61.0   0.6   1   1   4.7e-19   1.5e-16   59.9   0.6    19   198    66   260    49   322 0.82 -
Dbuz10225-RA         -            257 44933at7147          -            281   6.8e-17   61.0   0.7   1   1   3.4e-19   1.1e-16   60.3   0.7    23   187     5   181     2   191 0.84 -
Dbuz10224-RA         -            257 44933at7147          -            281   1.6e-16   59.8   2.7   1   1   6.8e-19   2.2e-16   59.3   2.7    23   188     5   182     1   196 0.83 -
Dbuz02652-RA         -            374 44933at7147          -            281   3.5e-16   58.6   0.0   1   1   2.4e-18   7.6e-16   57.5   0.0    29   191   108   286   102   300 0.78 -
Dbuz09345-RA         -            267 44933at7147          -            281   5.9e-16   57.9   0.6   1   1   2.5e-18   7.9e-16   57.5   0.6    20   188    13   192     5   204 0.87 -
Dbuz06496-RA         -            255 44933at7147          -            281   6.6e-16   57.7   0.1   1   1   2.3e-18   7.3e-16   57.6   0.1    27   215     7   217     1   249 0.75 -
Dbuz10226-RA         -            256 44933at7147          -            281   6.9e-16   57.7   1.2   1   1   2.8e-18   8.9e-16   57.3   1.2    22   196     3   189     1   228 0.83 -
Dbuz00413-RA         -            332 44933at7147          -            281   4.4e-15   55.0   0.0   1   1   9.6e-16   3.1e-13   49.0   0.0    26   191    29   213    21   219 0.80 -
Dbuz06276-RA         -            251 44933at7147          -            281   3.5e-14   52.1   0.1   1   1   1.4e-16   4.5e-14   51.7   0.1    22   196     4   201     1   211 0.77 -
Dbuz09277-RA         -            602 44933at7147          -            281     7e-14   51.1   4.2   1   2   7.3e-08   2.3e-05   23.1   0.5    20   187     3   191     1   199 0.66 -
Dbuz09277-RA         -            602 44933at7147          -            281     7e-14   51.1   4.2   2   2   5.6e-08   1.8e-05   23.5   0.2    19   189   320   511   310   528 0.67 -
Dbuz04914-RA         -            329 44933at7147          -            281   9.3e-14   50.7   0.3   1   1   4.3e-16   1.4e-13   50.1   0.3    19   193    78   265    72   304 0.79 -
Dbuz07550-RA         -            251 44933at7147          -            281   1.1e-12   47.2   0.0   1   1   4.5e-15   1.4e-12   46.8   0.0    22   202     4   207     1   218 0.75 -
Dbuz07621-RA         -            525 44933at7147          -            281   2.7e-12   45.9   0.1   1   1   8.2e-14   2.6e-11   42.7   0.1    21   194   247   440   241   451 0.79 -
Dbuz12804-RA         -            250 44933at7147          -            281   2.9e-12   45.8   0.0   1   1   1.2e-14   3.7e-12   45.4   0.0    21   201     3   205     1   215 0.80 -
Dbuz00496-RA         -            247 44933at7147          -            281   4.1e-12   45.3   0.1   1   1   1.8e-14   5.7e-12   44.8   0.1    24   190     8   190     2   208 0.80 -
Dbuz08347-RA         -            247 44933at7147          -            281   1.1e-11   43.8   0.0   1   1   5.5e-14   1.8e-11   43.2   0.0    22   194     4   199     1   210 0.75 -
Dbuz00115-RA         -            271 44933at7147          -            281   1.2e-11   43.8   0.1   1   2   1.4e-06   0.00044   18.9   0.5    20    66    45    91    26    97 0.89 -
Dbuz00115-RA         -            271 44933at7147          -            281   1.2e-11   43.8   0.1   2   2   9.9e-08   3.1e-05   22.7   0.0    80   151   135   204   112   258 0.81 -
Dbuz00121-RA         -            336 44933at7147          -            281   3.7e-11   42.2   0.1   1   1   2.2e-13     7e-11   41.3   0.1    17   149    45   190    30   249 0.80 -
Dbuz09505-RA         -            545 44933at7147          -            281   1.3e-10   40.3   3.0   1   2   5.4e-06    0.0017   17.0   0.3    21   185    24   197    16   213 0.69 -
Dbuz09505-RA         -            545 44933at7147          -            281   1.3e-10   40.3   3.0   2   2   8.3e-08   2.7e-05   22.9   0.2    10   185   282   466   274   482 0.73 -
Dbuz10591-RA         -            250 44933at7147          -            281     3e-10   39.2   0.0   1   1   1.3e-12   4.1e-10   38.8   0.0    22   196     4   201     1   236 0.77 -
Dbuz08546-RA         -           1095 44933at7147          -            281   5.1e-10   38.4   0.0   1   1   2.6e-12   8.3e-10   37.7   0.0    21   188   841  1034   836  1072 0.73 -
Dbuz08296-RA         -            315 44933at7147          -            281   8.1e-09   34.5   0.0   1   1   3.7e-11   1.2e-08   33.9   0.0    34   212    82   275    79   296 0.72 -
Dbuz06885-RA         -            320 44933at7147          -            281   2.2e-08   33.0   0.2   1   1   1.1e-10   3.6e-08   32.4   0.2    24   191    51   235    42   254 0.82 -
Dbuz02683-RA         -            417 44933at7147          -            281   8.2e-07   27.9   1.1   1   1   3.2e-08     1e-05   24.3   1.1    19   188     4   194     1   208 0.71 -
Dbuz08145-RA         -            327 44933at7147          -            281   1.4e-06   27.2   0.1   1   2       6.6   2.1e+03   -3.0   0.0    24    51    48    75    46    81 0.84 -
Dbuz08145-RA         -            327 44933at7147          -            281   1.4e-06   27.2   0.1   2   2   8.6e-09   2.8e-06   26.2   0.0    84   215   134   261   126   280 0.85 -
Dbuz09510-RA         -            385 44933at7147          -            281   3.3e-06   25.9   0.0   1   1   1.6e-08   5.3e-06   25.3   0.0    17   184   127   303   124   322 0.71 -
Dbuz09191-RA         -            354 44933at7147          -            281   2.6e-05   23.0   0.1   1   1   1.7e-07   5.4e-05   21.9   0.1    24   202    64   273    45   285 0.67 -
Dbuz09503-RA         -            283 44933at7147          -            281   0.00081   18.1   0.4   1   1   3.9e-06    0.0012   17.5   0.4    23   177     5   168     2   180 0.65 -
Dbuz11543-RA         -             60 44933at7147          -            281     0.042   12.5   0.4   1   1   0.00013     0.043   12.4   0.4    22    66     6    50     1    57 0.84 -
Dbuz05918-RA         -            321 44933at7147          -            281     0.051   12.2   0.0   1   1   0.00022     0.071   11.7   0.0    90   189   111   209    84   232 0.86 -
Dbuz05327-RA         -            408 44933at7147          -            281     0.074   11.6   0.0   1   1   0.00037      0.12   11.0   0.0    15    68   112   165   106   259 0.79 -
#
# Program:         hmmsearch
# Version:         3.1b2 (February 2015)
# Pipeline mode:   SEARCH
# Query file:      /home/nmoreyra/Documents/Genomics/03_orthologs_search/00_Phylogenomics_BUSCO-groups/busco4_odb10/busco_downloads/lineages/diptera_odb10/hmms/44933at7147.hmm
# Target file:     /home/nmoreyra/Documents/Genomics/03_orthologs_search/00_Phylogenomics_BUSCO-groups/busco4_odb10/../00_proteins/Dbuz_proteins.fasta
# Option settings: /home/nmoreyra/Software/miniconda3/envs/busco4/bin/hmmsearch --domtblout /home/nmoreyra/Documents/Genomics/03_orthologs_search/00_Phylogenomics_BUSCO-groups/busco4_odb10/Dbuz_diptera/run_diptera_odb10/hmmer_output/initial_run_results/44933at7147.out --cpu 1 /home/nmoreyra/Documents/Genomics/03_orthologs_search/00_Phylogenomics_BUSCO-groups/busco4_odb10/busco_downloads/lineages/diptera_odb10/hmms/44933at7147.hmm /home/nmoreyra/Documents/Genomics/03_orthologs_search/00_Phylogenomics_BUSCO-groups/busco4_odb10/../00_proteins/Dbuz_proteins.fasta 
# Current dir:     /home/nmoreyra/Documents/Genomics/03_orthologs_search/00_Phylogenomics_BUSCO-groups/busco4_odb10
# Date:            Mon Jan 25 13:21:44 2021
# [ok]
