#                                                                            --- full sequence --- -------------- this domain -------------   hmm coord   ali coord   env coord
# target name        accession   tlen query name           accession   qlen   E-value  score  bias   #  of  c-Evalue  i-Evalue  score  bias  from    to  from    to  from    to  acc description of target
#------------------- ---------- ----- -------------------- ---------- ----- --------- ------ ----- --- --- --------- --------- ------ ----- ----- ----- ----- ----- ----- ----- ---- ---------------------
Dbuz01879-RA         -           1464 4551at7147           -            520    1e-116  390.3 121.2   1  11     7e-21   8.9e-17   60.5   0.0     4    55    44    96    41   102 0.89 -
Dbuz01879-RA         -           1464 4551at7147           -            520    1e-116  390.3 121.2   2  11     9e-31   1.1e-26   93.1  14.7    46   162   107   223   103   231 0.76 -
Dbuz01879-RA         -           1464 4551at7147           -            520    1e-116  390.3 121.2   3  11      0.33   4.2e+03   -4.4   5.4    90   130   212   247   190   301 0.53 -
Dbuz01879-RA         -           1464 4551at7147           -            520    1e-116  390.3 121.2   4  11   3.5e-08   0.00044   18.6   1.2   110   177   375   445   357   453 0.70 -
Dbuz01879-RA         -           1464 4551at7147           -            520    1e-116  390.3 121.2   5  11     1e-23   1.3e-19   69.9  15.1   146   238   458   553   444   605 0.65 -
Dbuz01879-RA         -           1464 4551at7147           -            520    1e-116  390.3 121.2   6  11   1.8e-09   2.3e-05   22.8   5.5   209   283   670   769   651   791 0.72 -
Dbuz01879-RA         -           1464 4551at7147           -            520    1e-116  390.3 121.2   7  11   6.3e-14     8e-10   37.6   7.5   286   339   839   895   817   913 0.81 -
Dbuz01879-RA         -           1464 4551at7147           -            520    1e-116  390.3 121.2   8  11      0.01   1.3e+02    0.6   3.8   292   347   885   938   881   946 0.77 -
Dbuz01879-RA         -           1464 4551at7147           -            520    1e-116  390.3 121.2   9  11   9.2e-10   1.2e-05   23.8   0.3   343   375   985  1026   970  1030 0.82 -
Dbuz01879-RA         -           1464 4551at7147           -            520    1e-116  390.3 121.2  10  11   1.7e-14   2.2e-10   39.4  13.3   384   446  1078  1177  1065  1185 0.72 -
Dbuz01879-RA         -           1464 4551at7147           -            520    1e-116  390.3 121.2  11  11   2.8e-19   3.6e-15   55.2   1.4   442   519  1204  1317  1199  1318 0.70 -
#
# Program:         hmmsearch
# Version:         3.1b2 (February 2015)
# Pipeline mode:   SEARCH
# Query file:      /home/nmoreyra/Documents/Genomics/03_orthologs_search/00_Phylogenomics_BUSCO-groups/busco4_odb10/busco_downloads/lineages/diptera_odb10/hmms/4551at7147.hmm
# Target file:     /home/nmoreyra/Documents/Genomics/03_orthologs_search/00_Phylogenomics_BUSCO-groups/busco4_odb10/../00_proteins/Dbuz_proteins.fasta
# Option settings: /home/nmoreyra/Software/miniconda3/envs/busco4/bin/hmmsearch --domtblout /home/nmoreyra/Documents/Genomics/03_orthologs_search/00_Phylogenomics_BUSCO-groups/busco4_odb10/Dbuz_diptera/run_diptera_odb10/hmmer_output/initial_run_results/4551at7147.out --cpu 1 /home/nmoreyra/Documents/Genomics/03_orthologs_search/00_Phylogenomics_BUSCO-groups/busco4_odb10/busco_downloads/lineages/diptera_odb10/hmms/4551at7147.hmm /home/nmoreyra/Documents/Genomics/03_orthologs_search/00_Phylogenomics_BUSCO-groups/busco4_odb10/../00_proteins/Dbuz_proteins.fasta 
# Current dir:     /home/nmoreyra/Documents/Genomics/03_orthologs_search/00_Phylogenomics_BUSCO-groups/busco4_odb10
# Date:            Mon Jan 25 13:20:23 2021
# [ok]
