#                                                                            --- full sequence --- -------------- this domain -------------   hmm coord   ali coord   env coord
# target name        accession   tlen query name           accession   qlen   E-value  score  bias   #  of  c-Evalue  i-Evalue  score  bias  from    to  from    to  from    to  acc description of target
#------------------- ---------- ----- -------------------- ---------- ----- --------- ------ ----- --- --- --------- --------- ------ ----- ----- ----- ----- ----- ----- ----- ---- ---------------------
Dbuz00739-RA         -            709 47874at7147          -            373  3.1e-192  638.4  24.0   1   1  3.9e-194  7.2e-192  637.2  24.0     2   370   145   594   144   597 0.92 -
Dbuz09437-RA         -            216 47874at7147          -            373   2.9e-17   62.6   5.4   1   1   2.4e-19   4.5e-17   61.9   5.4   131   206    97   173     7   178 0.85 -
Dbuz10742-RA         -            278 47874at7147          -            373   1.2e-16   60.5   3.2   1   2   6.5e-19   1.2e-16   60.5   3.2   141   205    21    86    16    91 0.92 -
Dbuz10742-RA         -            278 47874at7147          -            373   1.2e-16   60.5   3.2   2   2         9   1.7e+03   -2.5   1.1    84    84   204   204   135   274 0.61 -
Dbuz06125-RA         -            254 47874at7147          -            373   4.9e-16   58.5   5.7   1   2   2.7e-18   4.9e-16   58.5   5.7   142   206     5    69     2    75 0.90 -
Dbuz06125-RA         -            254 47874at7147          -            373   4.9e-16   58.5   5.7   2   2      0.31        58    2.3   3.7    10    61   144   197   136   223 0.74 -
Dbuz03652-RA         -            621 47874at7147          -            373   5.9e-16   58.2   0.4   1   1   3.2e-18   5.9e-16   58.2   0.4    96   204   347   456   330   461 0.81 -
Dbuz08076-RA         -            218 47874at7147          -            373   7.6e-16   57.9   0.5   1   1   4.1e-18   7.6e-16   57.9   0.5   139   203    38   103    31   112 0.90 -
Dbuz02213-RA         -            394 47874at7147          -            373   1.3e-15   57.2   4.5   1   3   6.8e-18   1.3e-15   57.2   4.5   140   203     6    70     1    74 0.92 -
Dbuz02213-RA         -            394 47874at7147          -            373   1.3e-15   57.2   4.5   2   3       0.8   1.5e+02    1.0   5.0   129   162   180   213   163   235 0.50 -
Dbuz02213-RA         -            394 47874at7147          -            373   1.3e-15   57.2   4.5   3   3       3.9   7.2e+02   -1.3   1.4    32    53   367   388   349   393 0.60 -
Dbuz03651-RA         -            620 47874at7147          -            373     2e-15   56.5   0.1   1   1   1.1e-17     2e-15   56.5   0.1   127   204   308   386   265   390 0.85 -
Dbuz03930-RA         -            637 47874at7147          -            373   3.1e-15   55.9   2.3   1   3       8.5   1.6e+03   -2.4   4.2    12    61   250   300   242   308 0.60 -
Dbuz03930-RA         -            637 47874at7147          -            373   3.1e-15   55.9   2.3   2   3   1.7e-17   3.1e-15   55.9   2.3   131   202   318   390   308   401 0.87 -
Dbuz03930-RA         -            637 47874at7147          -            373   3.1e-15   55.9   2.3   3   3     0.032       5.9    5.6   1.1    92   153   566   626   488   632 0.58 -
Dbuz03841-RA         -            487 47874at7147          -            373   4.5e-15   55.3   0.1   1   1   2.4e-17   4.5e-15   55.3   0.1   129   201   190   263   159   267 0.86 -
Dbuz02212-RA         -            264 47874at7147          -            373   1.6e-14   53.5   6.5   1   2       5.1   9.3e+02   -1.7   3.1     7    46    60    99    54   121 0.56 -
Dbuz02212-RA         -            264 47874at7147          -            373   1.6e-14   53.5   6.5   2   2   8.6e-17   1.6e-14   53.5   6.5   142   205   122   186   117   192 0.93 -
Dbuz06412-RA         -            290 47874at7147          -            373   7.5e-14   51.3   1.4   1   1   1.1e-15     2e-13   49.9   1.4   141   204   135   199   124   202 0.90 -
Dbuz06498-RA         -            548 47874at7147          -            373   1.8e-13   50.0   0.4   1   2   9.9e-16   1.8e-13   50.0   0.4   137   204   218   286   204   290 0.90 -
Dbuz06498-RA         -            548 47874at7147          -            373   1.8e-13   50.0   0.4   2   2      0.95   1.7e+02    0.7   0.9    34    74   498   537   462   543 0.67 -
Dbuz03840-RA         -            437 47874at7147          -            373   2.1e-13   49.9   2.7   1   2   1.1e-15   2.1e-13   49.9   2.7   129   201   176   249   168   267 0.85 -
Dbuz03840-RA         -            437 47874at7147          -            373   2.1e-13   49.9   2.7   2   2       2.5   4.6e+02   -0.6   2.3   282   331   379   428   375   432 0.77 -
Dbuz06499-RA         -            292 47874at7147          -            373   3.2e-13   49.2   2.0   1   1   2.8e-15   5.1e-13   48.6   2.0   137   203    61   128    38   133 0.81 -
Dbuz05164-RA         -            448 47874at7147          -            373   4.3e-13   48.8  16.3   1   3       3.9   7.2e+02   -1.3   0.5    17    55   107   154    99   172 0.52 -
Dbuz05164-RA         -            448 47874at7147          -            373   4.3e-13   48.8  16.3   2   3   6.1e-15   1.1e-12   47.4   3.2   141   207   174   240   157   248 0.86 -
Dbuz05164-RA         -            448 47874at7147          -            373   4.3e-13   48.8  16.3   3   3    0.0017      0.31    9.8   0.7   313   344   407   438   328   443 0.69 -
Dbuz03983-RA         -            488 47874at7147          -            373     6e-12   45.1   0.2   1   1   3.2e-14     6e-12   45.1   0.2    99   209   317   428   255   437 0.76 -
Dbuz10442-RA         -            556 47874at7147          -            373   6.3e-12   45.0   5.7   1   2   3.4e-14   6.3e-12   45.0   5.7   130   203   220   296   208   310 0.80 -
Dbuz10442-RA         -            556 47874at7147          -            373   6.3e-12   45.0   5.7   2   2       9.3   1.7e+03   -2.5   1.4    22    55   311   343   303   379 0.49 -
Dbuz06442-RA         -            549 47874at7147          -            373   4.4e-11   42.2   0.6   1   2       1.4   2.5e+02    0.2   5.1    61   142    32   115    14   124 0.57 -
Dbuz06442-RA         -            549 47874at7147          -            373   4.4e-11   42.2   0.6   2   2   2.4e-13   4.4e-11   42.2   0.6   130   202   292   365   275   382 0.84 -
Dbuz02243-RA         -            434 47874at7147          -            373   9.5e-11   41.1  24.8   1   3   1.2e-09   2.2e-07   30.1   0.2   134   189    62   118    50   127 0.84 -
Dbuz02243-RA         -            434 47874at7147          -            373   9.5e-11   41.1  24.8   2   3   8.8e-07   0.00016   20.6   1.4   177   203   143   169   117   171 0.70 -
Dbuz02243-RA         -            434 47874at7147          -            373   9.5e-11   41.1  24.8   3   3    0.0053      0.98    8.2   1.3   319   342   389   412   346   416 0.83 -
Dbuz06444-RA         -            598 47874at7147          -            373   1.7e-10   40.2   0.2   1   2       1.5   2.9e+02    0.0  11.9   141   204    84   147    73   153 0.66 -
Dbuz06444-RA         -            598 47874at7147          -            373   1.7e-10   40.2   0.2   2   2   9.4e-13   1.7e-10   40.2   0.2   140   202   335   398   302   439 0.87 -
Dbuz05731-RA         -            388 47874at7147          -            373   5.9e-10   38.5   0.1   1   1   3.2e-12   5.9e-10   38.5   0.1   139   205    88   155    46   174 0.85 -
Dbuz10689-RA         -            192 47874at7147          -            373   9.4e-10   37.8   7.5   1   1   6.9e-12   1.3e-09   37.4   7.5   112   204    31   123     3   127 0.66 -
Dbuz07796-RA         -            611 47874at7147          -            373   1.2e-09   37.5  21.7   1   1   6.3e-12   1.2e-09   37.5  21.7   108   203   167   263   155   394 0.82 -
Dbuz01238-RA         -            337 47874at7147          -            373   1.4e-09   37.3   6.7   1   2   7.4e-12   1.4e-09   37.3   6.7   137   211   146   221   139   237 0.84 -
Dbuz01238-RA         -            337 47874at7147          -            373   1.4e-09   37.3   6.7   2   2       8.5   1.6e+03   -2.4   0.1   279   294   247   262   226   272 0.57 -
Dbuz03422-RA         -            454 47874at7147          -            373   1.5e-09   37.2   5.1   1   1   1.7e-11   3.1e-09   36.1   5.1   143   208   366   432   359   442 0.88 -
Dbuz01745-RA         -            223 47874at7147          -            373   2.4e-09   36.5   3.2   1   1   2.1e-11   3.9e-09   35.8   3.2   140   207    15    84     4    89 0.84 -
Dbuz03986-RA         -            733 47874at7147          -            373   1.1e-08   34.3   1.6   1   2      0.86   1.6e+02    0.9   5.1    25   145    33   158    12   168 0.43 -
Dbuz03986-RA         -            733 47874at7147          -            373   1.1e-08   34.3   1.6   2   2   5.9e-11   1.1e-08   34.3   1.6   142   202   617   678   475   684 0.82 -
Dbuz08941-RA         -            305 47874at7147          -            373   1.2e-08   34.2   0.0   1   1   6.3e-11   1.2e-08   34.2   0.0    93   200   167   278   122   290 0.74 -
Dbuz01031-RA         -            510 47874at7147          -            373   1.3e-08   34.1   1.0   1   1   6.9e-11   1.3e-08   34.1   1.0   137   205   409   478   399   497 0.82 -
Dbuz09872-RA         -            202 47874at7147          -            373   1.4e-08   33.9   0.3   1   1   1.1e-10     2e-08   33.5   0.3   119   200    76   157    34   164 0.76 -
Dbuz06040-RA         -            504 47874at7147          -            373   1.7e-08   33.7  11.5   1   2       7.7   1.4e+03   -2.3   3.4   130   162    41    71    29    97 0.36 -
Dbuz06040-RA         -            504 47874at7147          -            373   1.7e-08   33.7  11.5   2   2   9.5e-11   1.7e-08   33.7  11.5    36   200   223   397   177   401 0.59 -
Dbuz00561-RA         -            154 47874at7147          -            373     4e-08   32.5   1.4   1   1   2.5e-10   4.6e-08   32.3   1.4   136   205    76   145    36   153 0.77 -
Dbuz02562-RA         -            152 47874at7147          -            373   6.2e-08   31.9   0.8   1   1   4.5e-10   8.4e-08   31.4   0.8   140   201    19    80    10    91 0.85 -
Dbuz03936-RA         -            506 47874at7147          -            373   1.1e-07   31.0  14.7   1   1   6.1e-10   1.1e-07   31.0  14.7    22   201   228   407   202   417 0.55 -
Dbuz01739-RA         -            331 47874at7147          -            373   1.3e-07   30.8   1.7   1   2     7e-10   1.3e-07   30.8   1.7   138   200    83   146    67   160 0.83 -
Dbuz01739-RA         -            331 47874at7147          -            373   1.3e-07   30.8   1.7   2   2         1   1.9e+02    0.6   1.1    12    51   264   301   208   327 0.61 -
Dbuz01748-RA         -            474 47874at7147          -            373   1.5e-07   30.6   0.3   1   1   1.9e-09   3.5e-07   29.4   0.3   104   201   247   345   192   362 0.76 -
Dbuz01319-RA         -            303 47874at7147          -            373   1.5e-07   30.6   4.7   1   2       1.7   3.2e+02   -0.1   1.1   288   326   111   147    93   157 0.75 -
Dbuz01319-RA         -            303 47874at7147          -            373   1.5e-07   30.6   4.7   2   2     8e-10   1.5e-07   30.6   4.7   147   208   175   237   166   260 0.80 -
Dbuz08632-RA         -            286 47874at7147          -            373   1.9e-07   30.2   5.3   1   2     1e-09   1.9e-07   30.2   5.3   137   203   142   209   134   225 0.86 -
Dbuz08632-RA         -            286 47874at7147          -            373   1.9e-07   30.2   5.3   2   2       2.6   4.9e+02   -0.7   3.4   265   313   226   272   218   284 0.77 -
Dbuz02566-RA         -            366 47874at7147          -            373   2.3e-07   30.0   7.9   1   3       2.3   4.2e+02   -0.5   1.9   124   157    90   124    24   148 0.53 -
Dbuz02566-RA         -            366 47874at7147          -            373   2.3e-07   30.0   7.9   2   3   1.2e-09   2.3e-07   30.0   7.9   135   209   235   310   185   318 0.74 -
Dbuz02566-RA         -            366 47874at7147          -            373   2.3e-07   30.0   7.9   3   3       4.5   8.4e+02   -1.5   0.1   335   366   319   350   312   353 0.87 -
Dbuz02560-RA         -            382 47874at7147          -            373   2.8e-07   29.7   2.6   1   2       3.4   6.2e+02   -1.1   1.1   348   367    87   106    51   121 0.75 -
Dbuz02560-RA         -            382 47874at7147          -            373   2.8e-07   29.7   2.6   2   2   1.5e-09   2.8e-07   29.7   2.6   142   212   174   245   162   250 0.85 -
Dbuz01737-RA         -            310 47874at7147          -            373     3e-07   29.6   0.2   1   1   1.6e-09     3e-07   29.6   0.2   143   207    48   113    12   125 0.88 -
Dbuz06130-RA         -            186 47874at7147          -            373   3.6e-07   29.3   7.1   1   1   2.5e-09   4.6e-07   29.0   7.1   105   188    92   174    71   176 0.67 -
Dbuz01625-RA         -            218 47874at7147          -            373   4.4e-07   29.1   0.4   1   1   2.4e-09   4.4e-07   29.1   0.4   142   201    23    83    20    98 0.87 -
Dbuz12768-RA         -            503 47874at7147          -            373   5.1e-07   28.8   5.6   1   1   2.8e-09   5.1e-07   28.8   5.6   145   202   358   416   350   424 0.87 -
Dbuz06128-RA         -            478 47874at7147          -            373   5.5e-07   28.7   1.1   1   2       4.2   7.8e+02   -1.4   0.4   129   152    45    68     6    89 0.56 -
Dbuz06128-RA         -            478 47874at7147          -            373   5.5e-07   28.7   1.1   2   2     3e-09   5.5e-07   28.7   1.1   111   187   388   465   375   467 0.75 -
Dbuz03158-RA         -            282 47874at7147          -            373     6e-07   28.6   6.8   1   1   4.9e-09   9.1e-07   28.0   6.8    52   201    80   230    18   240 0.64 -
Dbuz01627-RA         -            505 47874at7147          -            373   7.3e-07   28.3   1.6   1   1   6.6e-09   1.2e-06   27.6   1.6   142   201   397   457   394   463 0.86 -
Dbuz01740-RA         -            381 47874at7147          -            373     8e-07   28.2   0.1   1   1   8.3e-09   1.5e-06   27.2   0.1   138   198   121   182   111   189 0.83 -
Dbuz08788-RA         -            355 47874at7147          -            373   8.2e-07   28.1   0.9   1   2   4.4e-09   8.2e-07   28.1   0.9   142   225    67   150    45   164 0.78 -
Dbuz08788-RA         -            355 47874at7147          -            373   8.2e-07   28.1   0.9   2   2       8.8   1.6e+03   -2.4   2.5   280   318   169   204   164   223 0.67 -
Dbuz00707-RA         -            177 47874at7147          -            373   1.2e-06   27.6   0.4   1   1   8.5e-09   1.6e-06   27.2   0.4   146   204    93   152    82   162 0.81 -
Dbuz08982-RA         -            216 47874at7147          -            373   1.7e-06   27.1   1.9   1   2   9.5e-09   1.7e-06   27.1   1.9   141   208    55   123    49   144 0.82 -
Dbuz08982-RA         -            216 47874at7147          -            373   1.7e-06   27.1   1.9   2   2      0.83   1.5e+02    0.9   1.3   139   176   159   196   141   205 0.65 -
Dbuz01753-RA         -            141 47874at7147          -            373   2.5e-06   26.6   4.0   1   1   1.6e-08     3e-06   26.3   4.0   133   201    35   104    23   134 0.84 -
Dbuz07469-RA         -            273 47874at7147          -            373   3.1e-06   26.3   0.1   1   1   2.4e-08   4.5e-06   25.7   0.1   130   201   131   204   113   214 0.77 -
Dbuz12414-RA         -            286 47874at7147          -            373   1.2e-05   24.3   1.4   1   2       4.2   7.7e+02   -1.4   3.7     8    48    64   105    55   125 0.53 -
Dbuz12414-RA         -            286 47874at7147          -            373   1.2e-05   24.3   1.4   2   2   6.6e-08   1.2e-05   24.3   1.4   135   204   146   215   115   219 0.79 -
Dbuz04893-RA         -            402 47874at7147          -            373     2e-05   23.6   4.1   1   2   1.1e-07     2e-05   23.6   4.1   140   204    62   128    56   133 0.82 -
Dbuz04893-RA         -            402 47874at7147          -            373     2e-05   23.6   4.1   2   2      0.45        83    1.8   0.8    36   103   315   349   260   386 0.54 -
Dbuz04287-RA         -            417 47874at7147          -            373   4.5e-05   22.4   0.3   1   1   2.4e-07   4.5e-05   22.4   0.3   143   206   202   266   188   290 0.83 -
Dbuz08565-RA         -            162 47874at7147          -            373   6.7e-05   21.8   0.0   1   1   4.3e-07     8e-05   21.6   0.0   185   263    30   111     9   130 0.72 -
Dbuz05109-RA         -            355 47874at7147          -            373    0.0001   21.2   1.2   1   1     8e-07   0.00015   20.7   1.2   143   201   168   227   146   246 0.85 -
Dbuz03375-RA         -            201 47874at7147          -            373    0.0002   20.3   3.6   1   1   1.1e-06    0.0002   20.3   3.6   144   203     6    66     3    73 0.87 -
Dbuz06759-RA         -             87 47874at7147          -            373   0.00034   19.5   4.3   1   2   1.8e-06   0.00034   19.5   4.3   186   209     8    31     3    40 0.85 -
Dbuz06759-RA         -             87 47874at7147          -            373   0.00034   19.5   4.3   2   2       1.7   3.2e+02   -0.1   0.3    15    41    48    77    33    86 0.41 -
Dbuz10824-RA         -            468 47874at7147          -            373    0.0013   17.6   0.0   1   1   7.2e-06    0.0013   17.6   0.0   140   189   105   155    98   175 0.80 -
Dbuz03014-RA         -            211 47874at7147          -            373    0.0028   16.5   3.8   1   2   1.5e-05    0.0028   16.5   3.8   188   203     1    16     1    21 0.92 -
Dbuz03014-RA         -            211 47874at7147          -            373    0.0028   16.5   3.8   2   2       1.5   2.7e+02    0.1   3.5   283   322   154   191   139   200 0.75 -
Dbuz10248-RA         -            294 47874at7147          -            373    0.0053   15.6   1.3   1   2   2.9e-05    0.0053   15.6   1.3   189   203     1    15     1    26 0.88 -
Dbuz10248-RA         -            294 47874at7147          -            373    0.0053   15.6   1.3   2   2      0.16        30    3.3   1.1   131   158   249   274   217   290 0.49 -
Dbuz05063-RA         -            400 47874at7147          -            373     0.036   12.9   0.0   1   1   0.00037     0.069   11.9   0.0   151   200   313   363   305   395 0.78 -
Dbuz04285-RA         -            470 47874at7147          -            373      0.61    8.8   7.4   1   2   0.00022      0.04   12.7   1.3   144   204   260   321   251   328 0.82 -
Dbuz04285-RA         -            470 47874at7147          -            373      0.61    8.8   7.4   2   2       5.9   1.1e+03   -1.9   0.5   110   155   338   385   327   410 0.49 -
Dbuz08539-RA         -            375 47874at7147          -            373      0.94    8.2   6.7   1   1   0.00032     0.059   12.2   0.6   142   213   237   310   212   321 0.74 -
Dbuz07690-RA         -            561 47874at7147          -            373       2.3    6.9   8.4   1   2       9.8   1.8e+03   -2.6   0.1   276   302   318   344   292   372 0.51 -
Dbuz07690-RA         -            561 47874at7147          -            373       2.3    6.9   8.4   2   2    0.0002     0.037   12.8   0.6   126   199   437   507   388   511 0.71 -
Dbuz00752-RA         -            798 47874at7147          -            373       7.5    5.2  21.9   1   1   0.00021     0.039   12.8   4.6   139   209   422   493   405   500 0.78 -
#
# Program:         hmmsearch
# Version:         3.1b2 (February 2015)
# Pipeline mode:   SEARCH
# Query file:      /home/nmoreyra/Documents/Genomics/03_orthologs_search/00_Phylogenomics_BUSCO-groups/busco4_odb10/busco_downloads/lineages/diptera_odb10/hmms/47874at7147.hmm
# Target file:     /home/nmoreyra/Documents/Genomics/03_orthologs_search/00_Phylogenomics_BUSCO-groups/busco4_odb10/../00_proteins/Dbuz_proteins.fasta
# Option settings: /home/nmoreyra/Software/miniconda3/envs/busco4/bin/hmmsearch --domtblout /home/nmoreyra/Documents/Genomics/03_orthologs_search/00_Phylogenomics_BUSCO-groups/busco4_odb10/Dbuz_diptera/run_diptera_odb10/hmmer_output/initial_run_results/47874at7147.out --cpu 1 /home/nmoreyra/Documents/Genomics/03_orthologs_search/00_Phylogenomics_BUSCO-groups/busco4_odb10/busco_downloads/lineages/diptera_odb10/hmms/47874at7147.hmm /home/nmoreyra/Documents/Genomics/03_orthologs_search/00_Phylogenomics_BUSCO-groups/busco4_odb10/../00_proteins/Dbuz_proteins.fasta 
# Current dir:     /home/nmoreyra/Documents/Genomics/03_orthologs_search/00_Phylogenomics_BUSCO-groups/busco4_odb10
# Date:            Mon Jan 25 13:20:11 2021
# [ok]
