#                                                                            --- full sequence --- -------------- this domain -------------   hmm coord   ali coord   env coord
# target name        accession   tlen query name           accession   qlen   E-value  score  bias   #  of  c-Evalue  i-Evalue  score  bias  from    to  from    to  from    to  acc description of target
#------------------- ---------- ----- -------------------- ---------- ----- --------- ------ ----- --- --- --------- --------- ------ ----- ----- ----- ----- ----- ----- ----- ---- ---------------------
Dbuz02071-RA         -            354 48184at7147          -            294  1.3e-163  542.5   4.8   1   1    1e-165  5.3e-163  540.5   4.8     9   293    31   353    26   354 0.92 -
Dbuz05218-RA         -            347 48184at7147          -            294   5.9e-64  215.4   0.1   1   2   5.3e-66   2.8e-63  213.2   0.1     9   201    26   229    22   247 0.84 -
Dbuz05218-RA         -            347 48184at7147          -            294   5.9e-64  215.4   0.1   2   2       1.3   6.8e+02   -1.5   0.0   261   286   307   332   294   337 0.82 -
Dbuz05501-RA         -            331 48184at7147          -            294   5.6e-60  202.3   0.1   1   1   1.9e-62   9.9e-60  201.5   0.1     7   234    14   257     9   325 0.80 -
Dbuz05187-RA         -            356 48184at7147          -            294   2.8e-27   95.0   0.6   1   2   1.2e-09   6.5e-07   28.1   0.0    10    82     3    83     1    89 0.73 -
Dbuz05187-RA         -            356 48184at7147          -            294   2.8e-27   95.0   0.6   2   2   1.6e-20   8.4e-18   63.9   1.5    71   203    93   235    79   340 0.70 -
Dbuz10239-RA         -           1003 48184at7147          -            294   1.5e-10   40.1   0.1   1   2      0.15        81    1.6   0.0    10    29   441   460   436   473 0.82 -
Dbuz10239-RA         -           1003 48184at7147          -            294   1.5e-10   40.1   0.1   2   2   6.7e-12   3.5e-09   35.6   0.1    40   199   502   662   498   678 0.81 -
Dbuz03026-RA         -            995 48184at7147          -            294   3.1e-05   22.6   0.0   1   2     0.027        14    4.0   0.0     5    24   312   331   309   341 0.84 -
Dbuz03026-RA         -            995 48184at7147          -            294   3.1e-05   22.6   0.0   2   2   1.3e-05    0.0068   14.9   0.0    40   119   415   485   402   605 0.74 -
Dbuz05908-RA         -            686 48184at7147          -            294   7.6e-05   21.3   0.0   1   1   2.6e-07   0.00014   20.5   0.0    38    73   238   274   217   308 0.67 -
Dbuz00313-RA         -            750 48184at7147          -            294   0.00018   20.1   0.0   1   2   1.2e-05    0.0062   15.1   0.0    35   123   255   341   242   350 0.67 -
Dbuz00313-RA         -            750 48184at7147          -            294   0.00018   20.1   0.0   2   2      0.09        48    2.3   0.0   110   166   571   630   540   635 0.78 -
Dbuz06913-RA         -            744 48184at7147          -            294   0.00065   18.3   0.0   1   2   3.6e-05     0.019   13.5   0.0    35   121   251   335   239   343 0.64 -
Dbuz06913-RA         -            744 48184at7147          -            294   0.00065   18.3   0.0   2   2      0.11        56    2.1   0.0   116   166   573   626   536   630 0.76 -
Dbuz11990-RA         -            895 48184at7147          -            294    0.0028   16.2   0.0   1   1   9.3e-06     0.005   15.4   0.0    40    79   320   359   299   387 0.78 -
Dbuz04689-RA         -            875 48184at7147          -            294    0.0061   15.1   0.2   1   2    0.0017       0.9    8.0   0.1    40    58   312   330   303   338 0.83 -
Dbuz04689-RA         -            875 48184at7147          -            294    0.0061   15.1   0.2   2   2     0.021        11    4.4   0.0    40    59   585   604   579   615 0.80 -
Dbuz05909-RA         -            773 48184at7147          -            294    0.0064   15.0   0.0   1   1   2.7e-05     0.014   13.9   0.0    41    73   270   302   257   319 0.83 -
Dbuz08915-RA         -           2047 48184at7147          -            294    0.0064   15.0   0.0   1   1   2.9e-05     0.016   13.8   0.0     9    63   799   854   795   869 0.79 -
Dbuz03766-RA         -           1152 48184at7147          -            294      0.01   14.4   0.0   1   1   3.8e-05      0.02   13.4   0.0    34    77   674   718   655   750 0.77 -
Dbuz04221-RA         -           1164 48184at7147          -            294     0.011   14.3   0.0   1   1   4.1e-05     0.022   13.3   0.0    27    72   685   732   674   753 0.77 -
Dbuz08583-RA         -            397 48184at7147          -            294     0.011   14.3   0.0   1   1   5.2e-05     0.028   12.9   0.0    40    67   178   205   172   225 0.89 -
Dbuz00068-RA         -            393 48184at7147          -            294     0.012   14.1   0.8   1   3       1.4   7.6e+02   -1.6   0.0   157   207    12    63     8    76 0.60 -
Dbuz00068-RA         -            393 48184at7147          -            294     0.012   14.1   0.8   2   3   6.5e-05     0.035   12.6   0.0    40    67   174   201   166   222 0.89 -
Dbuz00068-RA         -            393 48184at7147          -            294     0.012   14.1   0.8   3   3       6.2   3.3e+03   -3.7   0.1   221   241   369   390   364   391 0.71 -
Dbuz09196-RA         -            904 48184at7147          -            294     0.015   13.8   0.0   1   2      0.17        92    1.4   0.0    20    66   350   396   342   412 0.78 -
Dbuz09196-RA         -            904 48184at7147          -            294     0.015   13.8   0.0   2   2   0.00055      0.29    9.6   0.0    39    58   657   676   645   684 0.82 -
Dbuz01254-RA         -            428 48184at7147          -            294      0.02   13.4   0.2   1   2      0.77   4.1e+02   -0.8   0.0     7    61    66   120    62   123 0.90 -
Dbuz01254-RA         -            428 48184at7147          -            294      0.02   13.4   0.2   2   2   0.00017     0.092   11.2   0.0    40    61   212   233   199   248 0.86 -
Dbuz01401-RA         -            456 48184at7147          -            294     0.023   13.2   0.0   1   1   9.1e-05     0.048   12.1   0.0    39    61    65    87    47    92 0.84 -
Dbuz00768-RA         -            410 48184at7147          -            294     0.029   12.9   0.1   1   2      0.66   3.5e+02   -0.5   0.0   239   281   120   162    95   173 0.81 -
Dbuz00768-RA         -            410 48184at7147          -            294     0.029   12.9   0.1   2   2   0.00037       0.2   10.1   0.1    40    58   190   208   177   223 0.83 -
Dbuz03248-RA         -            426 48184at7147          -            294     0.035   12.6   0.0   1   1   0.00012     0.064   11.7   0.0    40    61   171   192   156   210 0.84 -
Dbuz11353-RA         -           2028 48184at7147          -            294     0.064   11.7   0.1   1   2      0.17        91    1.4   0.0    32    63   474   503   452   598 0.73 -
Dbuz11353-RA         -           2028 48184at7147          -            294     0.064   11.7   0.1   2   2    0.0032       1.7    7.1   0.0    39    54   755   770   748   779 0.80 -
Dbuz12225-RA         -            405 48184at7147          -            294      0.07   11.6   0.0   1   1   0.00021      0.11   10.9   0.0    39    58   184   203   117   218 0.87 -
#
# Program:         hmmsearch
# Version:         3.1b2 (February 2015)
# Pipeline mode:   SEARCH
# Query file:      /home/nmoreyra/Documents/Genomics/03_orthologs_search/00_Phylogenomics_BUSCO-groups/busco4_odb10/busco_downloads/lineages/diptera_odb10/hmms/48184at7147.hmm
# Target file:     /home/nmoreyra/Documents/Genomics/03_orthologs_search/00_Phylogenomics_BUSCO-groups/busco4_odb10/../00_proteins/Dbuz_proteins.fasta
# Option settings: /home/nmoreyra/Software/miniconda3/envs/busco4/bin/hmmsearch --domtblout /home/nmoreyra/Documents/Genomics/03_orthologs_search/00_Phylogenomics_BUSCO-groups/busco4_odb10/Dbuz_diptera/run_diptera_odb10/hmmer_output/initial_run_results/48184at7147.out --cpu 1 /home/nmoreyra/Documents/Genomics/03_orthologs_search/00_Phylogenomics_BUSCO-groups/busco4_odb10/busco_downloads/lineages/diptera_odb10/hmms/48184at7147.hmm /home/nmoreyra/Documents/Genomics/03_orthologs_search/00_Phylogenomics_BUSCO-groups/busco4_odb10/../00_proteins/Dbuz_proteins.fasta 
# Current dir:     /home/nmoreyra/Documents/Genomics/03_orthologs_search/00_Phylogenomics_BUSCO-groups/busco4_odb10
# Date:            Mon Jan 25 13:20:30 2021
# [ok]
