#                                                                            --- full sequence --- -------------- this domain -------------   hmm coord   ali coord   env coord
# target name        accession   tlen query name           accession   qlen   E-value  score  bias   #  of  c-Evalue  i-Evalue  score  bias  from    to  from    to  from    to  acc description of target
#------------------- ---------- ----- -------------------- ---------- ----- --------- ------ ----- --- --- --------- --------- ------ ----- ----- ----- ----- ----- ----- ----- ---- ---------------------
Dbuz02190-RA         -            236 49727at7147          -            187   1.2e-95  318.1   1.7   1   1   2.8e-98   2.1e-95  317.3   1.7     1   187    21   235    21   235 0.92 -
Dbuz08817-RA         -            205 49727at7147          -            187   5.6e-49  165.9   1.8   1   1   1.3e-51   9.4e-49  165.2   1.8     3   152    26   191    25   201 0.90 -
Dbuz10042-RA         -            183 49727at7147          -            187   4.3e-45  153.2   0.6   1   1     1e-47   7.6e-45  152.4   0.6     9   151    20   183    15   183 0.88 -
Dbuz07184-RA         -            165 49727at7147          -            187   5.8e-42  143.0   0.2   1   1   1.1e-44   8.2e-42  142.5   0.2     7   150     6   164     2   165 0.86 -
Dbuz12432-RA         -            302 49727at7147          -            187   3.9e-40  137.1   1.3   1   1   8.3e-43   6.2e-40  136.4   1.3     7   151   142   301   138   302 0.87 -
Dbuz07186-RA         -            166 49727at7147          -            187   4.8e-40  136.8   0.4   1   1   9.6e-43   7.2e-40  136.2   0.4     8   152     6   165     3   166 0.85 -
Dbuz04055-RA         -            925 49727at7147          -            187   1.4e-39  135.2   0.2   1   1     3e-42   2.3e-39  134.6   0.2    15   154    26   186    12   193 0.86 -
Dbuz10279-RA         -            247 49727at7147          -            187   6.2e-38  129.9   0.4   1   1   1.7e-40   1.2e-37  128.9   0.4    17   150   101   246    96   247 0.87 -
Dbuz10865-RA         -            143 49727at7147          -            187   4.6e-36  123.8   2.9   1   1   9.1e-39   6.8e-36  123.2   2.9    25   151     5   143     1   143 0.85 -
Dbuz01920-RA         -            173 49727at7147          -            187   1.3e-33  115.8   0.2   1   1   2.9e-36   2.1e-33  115.1   0.2     9   146    19   166    15   172 0.90 -
Dbuz05735-RA         -            517 49727at7147          -            187   1.3e-31  109.2   0.1   1   1   3.3e-34   2.5e-31  108.4   0.1     4   156   275   437   272   445 0.92 -
Dbuz04452-RA         -            385 49727at7147          -            187   4.6e-30  104.2   2.5   1   1     2e-32   1.5e-29  102.5   2.5     8   152    22   189    16   198 0.81 -
Dbuz05864-RA         -           1247 49727at7147          -            187   7.1e-27   93.8   1.8   1   3       1.1   8.5e+02   -1.0   0.0    30    63    55    89    51   110 0.71 -
Dbuz05864-RA         -           1247 49727at7147          -            187   7.1e-27   93.8   1.8   2   3   3.1e-29   2.4e-26   92.1   0.3     4   127   476   602   473   634 0.82 -
Dbuz05864-RA         -           1247 49727at7147          -            187   7.1e-27   93.8   1.8   3   3       3.4   2.5e+03   -2.5   0.1    99   123   790   815   787   817 0.81 -
Dbuz07122-RA         -           1559 49727at7147          -            187   1.2e-24   86.6   0.0   1   1   3.1e-27   2.3e-24   85.6   0.0    12   128   292   413   287   449 0.89 -
Dbuz10965-RA         -            161 49727at7147          -            187   5.8e-23   81.1   0.1   1   1   2.3e-25   1.7e-22   79.5   0.1    12   127     5   125     1   149 0.89 -
Dbuz01389-RA         -            575 49727at7147          -            187   8.6e-09   34.9   0.1   1   1   4.9e-11   3.7e-08   32.8   0.1    12   155     5   166     1   170 0.79 -
Dbuz11974-RA         -            400 49727at7147          -            187   8.7e-06   25.1   0.0   1   1     1e-07   7.7e-05   22.0   0.0     7   149   243   398   239   400 0.70 -
#
# Program:         hmmsearch
# Version:         3.1b2 (February 2015)
# Pipeline mode:   SEARCH
# Query file:      /home/nmoreyra/Documents/Genomics/03_orthologs_search/00_Phylogenomics_BUSCO-groups/busco4_odb10/busco_downloads/lineages/diptera_odb10/hmms/49727at7147.hmm
# Target file:     /home/nmoreyra/Documents/Genomics/03_orthologs_search/00_Phylogenomics_BUSCO-groups/busco4_odb10/../00_proteins/Dbuz_proteins.fasta
# Option settings: /home/nmoreyra/Software/miniconda3/envs/busco4/bin/hmmsearch --domtblout /home/nmoreyra/Documents/Genomics/03_orthologs_search/00_Phylogenomics_BUSCO-groups/busco4_odb10/Dbuz_diptera/run_diptera_odb10/hmmer_output/initial_run_results/49727at7147.out --cpu 1 /home/nmoreyra/Documents/Genomics/03_orthologs_search/00_Phylogenomics_BUSCO-groups/busco4_odb10/busco_downloads/lineages/diptera_odb10/hmms/49727at7147.hmm /home/nmoreyra/Documents/Genomics/03_orthologs_search/00_Phylogenomics_BUSCO-groups/busco4_odb10/../00_proteins/Dbuz_proteins.fasta 
# Current dir:     /home/nmoreyra/Documents/Genomics/03_orthologs_search/00_Phylogenomics_BUSCO-groups/busco4_odb10
# Date:            Mon Jan 25 13:20:19 2021
# [ok]
