#                                                                            --- full sequence --- -------------- this domain -------------   hmm coord   ali coord   env coord
# target name        accession   tlen query name           accession   qlen   E-value  score  bias   #  of  c-Evalue  i-Evalue  score  bias  from    to  from    to  from    to  acc description of target
#------------------- ---------- ----- -------------------- ---------- ----- --------- ------ ----- --- --- --------- --------- ------ ----- ----- ----- ----- ----- ----- ----- ---- ---------------------
Dbuz07384-RA         -            328 50753at7147          -            282  6.7e-162  537.0  27.1   1   1  1.5e-163  3.7e-161  534.5  27.1     1   278    11   318    11   322 0.94 -
Dbuz01094-RA         -            294 50753at7147          -            282     7e-21   74.3  12.8   1   1   4.1e-23   9.9e-21   73.8  12.8     8   142   144   280   137   286 0.93 -
Dbuz01022-RA         -            624 50753at7147          -            282   9.9e-19   67.2  19.0   1   2   1.9e-20   4.6e-18   65.0  11.2     6   140   177   313   172   325 0.93 -
Dbuz01022-RA         -            624 50753at7147          -            282   9.9e-19   67.2  19.0   2   2     0.011       2.7    6.7   0.9   228   266   468   506   426   521 0.78 -
Dbuz00692-RA         -           1124 50753at7147          -            282   1.7e-18   66.5  25.6   1   3   1.8e-20   4.2e-18   65.2   9.0     9   141   131   265   125   281 0.92 -
Dbuz00692-RA         -           1124 50753at7147          -            282   1.7e-18   66.5  25.6   2   3     0.013       3.2    6.5   1.0   231   265   667   701   633   713 0.83 -
Dbuz00692-RA         -           1124 50753at7147          -            282   1.7e-18   66.5  25.6   3   3     0.039       9.4    5.0   1.4   231   265   988  1022   953  1033 0.88 -
Dbuz01635-RA         -            520 50753at7147          -            282     2e-18   66.3  21.9   1   2   2.5e-20   6.1e-18   64.7  12.9     6   140   125   261   121   277 0.92 -
Dbuz01635-RA         -            520 50753at7147          -            282     2e-18   66.3  21.9   2   2     0.012       2.9    6.7   1.6   214   265   387   440   366   447 0.82 -
Dbuz03180-RA         -            627 50753at7147          -            282   2.3e-18   66.0   8.7   1   2   9.6e-21   2.3e-18   66.0   8.7    13   184   131   313   120   356 0.71 -
Dbuz03180-RA         -            627 50753at7147          -            282   2.3e-18   66.0   8.7   2   2       2.6   6.3e+02   -1.0   0.2   232   262   574   605   550   610 0.81 -
Dbuz02599-RA         -            522 50753at7147          -            282   1.9e-15   56.4   9.8   1   2     8e-18   1.9e-15   56.4   9.8    15   140    99   226    88   248 0.88 -
Dbuz02599-RA         -            522 50753at7147          -            282   1.9e-15   56.4   9.8   2   2     0.039       9.5    5.0   3.8   219   261   344   385   262   391 0.87 -
Dbuz11977-RA         -            511 50753at7147          -            282   3.6e-15   55.6   8.5   1   2     3e-17   7.3e-15   54.5   6.9     7   180    84   255    79   265 0.86 -
Dbuz11977-RA         -            511 50753at7147          -            282   3.6e-15   55.6   8.5   2   2       1.6     4e+02   -0.4   0.0    90   114   423   447   410   457 0.79 -
Dbuz12205-RA         -            524 50753at7147          -            282     4e-15   55.4   9.4   1   2   1.7e-17     4e-15   55.4   9.4     4   142    37   177    34   234 0.93 -
Dbuz12205-RA         -            524 50753at7147          -            282     4e-15   55.4   9.4   2   2       1.6   3.9e+02   -0.3   0.3   219   259   479   517   461   523 0.74 -
Dbuz01037-RA         -            806 50753at7147          -            282   4.3e-15   55.3  20.0   1   2   1.3e-16   3.2e-14   52.5   9.7    11   159   107   258    98   298 0.86 -
Dbuz01037-RA         -            806 50753at7147          -            282   4.3e-15   55.3  20.0   2   2    0.0038      0.92    8.3   2.5   228   270   442   486   412   491 0.83 -
Dbuz00442-RA         -            585 50753at7147          -            282   8.2e-15   54.4  16.6   1   2   4.8e-17   1.2e-14   53.9  12.9     8   142   171   307   165   360 0.89 -
Dbuz00442-RA         -            585 50753at7147          -            282   8.2e-15   54.4  16.6   2   2      0.41        98    1.6   0.1   231   257   511   537   459   550 0.71 -
Dbuz01024-RA         -           1188 50753at7147          -            282   1.1e-14   53.9  14.1   1   2   8.4e-17     2e-14   53.1   7.8    10   140    66   199    59   232 0.82 -
Dbuz01024-RA         -           1188 50753at7147          -            282   1.1e-14   53.9  14.1   2   2     0.061        15    4.3   0.4   230   265  1137  1172  1110  1176 0.90 -
Dbuz07534-RA         -            566 50753at7147          -            282   2.5e-13   49.5  14.2   1   1   1.9e-15   4.5e-13   48.7  14.2    11   139   210   340   200   351 0.90 -
Dbuz00210-RA         -            808 50753at7147          -            282     5e-12   45.3  12.9   1   1     4e-14   9.6e-12   44.3  12.9    10   141    52   183    44   246 0.87 -
Dbuz00574-RA         -            341 50753at7147          -            282   5.2e-12   45.2  17.8   1   1   5.4e-14   1.3e-11   43.9  17.5    13   150    60   200    50   316 0.84 -
Dbuz10832-RA         -             89 50753at7147          -            282   1.5e-11   43.7   1.9   1   1   7.3e-14   1.8e-11   43.4   1.9    40   117     5    84     2    88 0.91 -
Dbuz00054-RA         -            249 50753at7147          -            282   1.7e-11   43.5   8.8   1   1   9.2e-14   2.2e-11   43.1   8.8    13   145   104   247    98   249 0.75 -
Dbuz02550-RA         -            506 50753at7147          -            282   2.3e-11   43.1  14.5   1   1   1.7e-13   4.1e-11   42.3  14.5    12   142   150   284   141   386 0.82 -
Dbuz11863-RA         -            370 50753at7147          -            282   4.7e-11   42.1   4.9   1   2   1.9e-13   4.7e-11   42.1   4.9    42   169     3   129     1   142 0.84 -
Dbuz11863-RA         -            370 50753at7147          -            282   4.7e-11   42.1   4.9   2   2       3.5   8.5e+02   -1.5   0.2   235   265   235   265   151   273 0.63 -
Dbuz00082-RA         -           1001 50753at7147          -            282   7.1e-11   41.5  10.9   1   1   4.6e-13   1.1e-10   40.8  10.9    11   141   136   269   127   275 0.87 -
Dbuz01217-RA         -            424 50753at7147          -            282   7.7e-11   41.4   6.9   1   2   3.2e-13   7.7e-11   41.4   6.9    10   142    62   197    51   207 0.85 -
Dbuz01217-RA         -            424 50753at7147          -            282   7.7e-11   41.4   6.9   2   2      0.19        47    2.7   0.2   231   261   342   372   284   385 0.70 -
Dbuz03279-RA         -            469 50753at7147          -            282     2e-10   40.0  29.7   1   1   1.3e-11   3.1e-09   36.1  29.7    14   265    31   320    20   329 0.69 -
Dbuz09161-RA         -            352 50753at7147          -            282   2.5e-10   39.7   2.1   1   1   1.1e-12   2.5e-10   39.7   2.1    40   141    10   118     4   156 0.78 -
Dbuz12165-RA         -            771 50753at7147          -            282   3.2e-10   39.3   3.4   1   1   1.3e-12   3.2e-10   39.3   3.4    10   140   104   236    96   245 0.88 -
Dbuz04352-RA         -            560 50753at7147          -            282   4.7e-10   38.8   3.2   1   2   1.9e-12   4.7e-10   38.8   3.2    15   111    46   144    33   170 0.90 -
Dbuz04352-RA         -            560 50753at7147          -            282   4.7e-10   38.8   3.2   2   2      0.15        37    3.0   1.8   200   248   256   301   196   314 0.67 -
Dbuz02808-RA         -            660 50753at7147          -            282   6.7e-10   38.3  10.0   1   1   3.7e-12   8.9e-10   37.9   9.4    14   227    85   311    75   348 0.79 -
Dbuz04827-RA         -            503 50753at7147          -            282     1e-09   37.6  17.5   1   2   1.9e-11   4.6e-09   35.5  13.7    10   142     6   139     1   191 0.88 -
Dbuz04827-RA         -            503 50753at7147          -            282     1e-09   37.6  17.5   2   2      0.13        31    3.3   0.1   231   262   457   488   414   500 0.78 -
Dbuz08734-RA         -            521 50753at7147          -            282     3e-09   36.1   7.7   1   1   1.2e-11     3e-09   36.1   7.7    11   142    54   188    46   256 0.81 -
Dbuz01791-RA         -            371 50753at7147          -            282   3.4e-09   35.9  20.4   1   1   1.7e-10   4.1e-08   32.4  20.4    10   247     5   263     1   309 0.74 -
Dbuz10680-RA         -            463 50753at7147          -            282   4.6e-09   35.5  16.3   1   1   1.2e-10   2.8e-08   33.0  16.3    12   224    49   283    42   315 0.63 -
Dbuz10098-RA         -            496 50753at7147          -            282   5.1e-09   35.4  13.5   1   1   2.1e-11   5.1e-09   35.4  13.5     9   156    79   227    71   313 0.84 -
Dbuz09999-RA         -            443 50753at7147          -            282   9.6e-09   34.5   8.5   1   2     4e-11   9.6e-09   34.5   8.5     6   137    47   185    43   194 0.85 -
Dbuz09999-RA         -            443 50753at7147          -            282   9.6e-09   34.5   8.5   2   2      0.87   2.1e+02    0.6   2.6   212   270   284   360   275   366 0.56 -
Dbuz08735-RA         -            637 50753at7147          -            282   1.3e-08   34.1  13.8   1   2   5.3e-11   1.3e-08   34.1  13.8     7   141    40   177    36   242 0.87 -
Dbuz08735-RA         -            637 50753at7147          -            282   1.3e-08   34.1  13.8   2   2       2.2   5.3e+02   -0.8   0.8   209   266   319   386   311   391 0.57 -
Dbuz10099-RA         -            495 50753at7147          -            282     2e-08   33.4  15.7   1   1   1.6e-10   3.9e-08   32.5  15.7    10   143   100   234    93   334 0.72 -
Dbuz02807-RA         -            687 50753at7147          -            282   7.9e-08   31.5  13.8   1   1   5.5e-10   1.3e-07   30.7  13.8    14   227   131   357   122   419 0.81 -
Dbuz11342-RA         -            781 50753at7147          -            282     1e-07   31.1  12.9   1   2   9.5e-09   2.3e-06   26.7  10.5    15   138   294   417   283   437 0.84 -
Dbuz11342-RA         -            781 50753at7147          -            282     1e-07   31.1  12.9   2   2     0.064        15    4.3   0.0   140   226   469   558   454   565 0.57 -
Dbuz07285-RA         -            231 50753at7147          -            282   1.3e-07   30.8   1.3   1   1   8.1e-10     2e-07   30.2   1.3    15    81   135   203   125   208 0.87 -
Dbuz08499-RA         -            374 50753at7147          -            282     4e-07   29.2  14.8   1   1   2.9e-09   6.9e-07   28.4  13.8    17   163    25   171    11   275 0.73 -
Dbuz04289-RA         -            624 50753at7147          -            282     3e-06   26.3   6.4   1   2   1.2e-08     3e-06   26.3   6.4     6   140   148   283   140   293 0.78 -
Dbuz04289-RA         -            624 50753at7147          -            282     3e-06   26.3   6.4   2   2       1.4   3.4e+02   -0.1   0.7   206   228   394   416   383   423 0.80 -
Dbuz06201-RA         -            204 50753at7147          -            282   5.4e-06   25.5   0.3   1   1   2.6e-08   6.2e-06   25.3   0.3    85   181     4   107     1   145 0.67 -
Dbuz12802-RA         -            332 50753at7147          -            282   6.8e-06   25.1  10.9   1   1   4.5e-08   1.1e-05   24.5  10.9    12   101   241   332   230   332 0.86 -
Dbuz09667-RA         -            391 50753at7147          -            282   9.4e-06   24.7  27.9   1   1   1.2e-07   2.9e-05   23.1  27.9    13   275    60   350    53   357 0.74 -
Dbuz06202-RA         -            211 50753at7147          -            282   1.7e-05   23.8   5.4   1   1   9.5e-08   2.3e-05   23.4   5.4    10    64   155   209   147   211 0.89 -
Dbuz07288-RA         -            106 50753at7147          -            282   2.1e-05   23.5   1.4   1   1   1.1e-07   2.5e-05   23.2   1.4    87   141     6    59     1    67 0.89 -
Dbuz01202-RA         -            429 50753at7147          -            282   0.00013   20.9  11.8   1   2   5.4e-07   0.00013   20.9  11.8    11   170    40   199    30   216 0.80 -
Dbuz01202-RA         -            429 50753at7147          -            282   0.00013   20.9  11.8   2   2       3.2   7.7e+02   -1.3   0.1   209   225   290   306   285   316 0.80 -
Dbuz03182-RA         -            872 50753at7147          -            282   0.00013   20.9   9.6   1   1   8.3e-07    0.0002   20.3   9.6    13   149   470   615   462   741 0.77 -
Dbuz07554-RA         -            567 50753at7147          -            282   0.00015   20.7   2.3   1   2   6.1e-07   0.00015   20.7   2.3    37   142   130   239    96   255 0.75 -
Dbuz07554-RA         -            567 50753at7147          -            282   0.00015   20.7   2.3   2   2       9.7   2.3e+03   -2.9   0.1   149   173   441   466   436   471 0.57 -
Dbuz10216-RA         -            843 50753at7147          -            282    0.0002   20.3   0.8   1   2   8.5e-07    0.0002   20.3   0.8    81   137    25    81    12    93 0.87 -
Dbuz10216-RA         -            843 50753at7147          -            282    0.0002   20.3   0.8   2   2       7.1   1.7e+03   -2.4   0.8   231   256   755   780   710   790 0.57 -
Dbuz13063-RA         -            230 50753at7147          -            282   0.00081   18.3   0.8   1   1   5.9e-06    0.0014   17.5   0.8    85   140     7    61     1    68 0.88 -
Dbuz04130-RA         -            423 50753at7147          -            282   0.00092   18.1   9.5   1   1   8.5e-06     0.002   17.0   9.5     9   184    64   257    58   298 0.70 -
Dbuz00848-RA         -            369 50753at7147          -            282    0.0054   15.6  18.7   1   2     5e-05     0.012   14.5  18.0    11   211    53   270    49   310 0.64 -
Dbuz00848-RA         -            369 50753at7147          -            282    0.0054   15.6  18.7   2   2       4.2     1e+03   -1.7   0.2    84   144   275   331   266   338 0.51 -
Dbuz10425-RA         -           1410 50753at7147          -            282     0.009   14.9  15.2   1   1   6.4e-05     0.016   14.1  15.2    19   226   815  1029   803  1080 0.79 -
Dbuz04458-RA         -            445 50753at7147          -            282      0.01   14.7  12.2   1   1   4.9e-05     0.012   14.5  11.1    17   140    72   196    61   201 0.86 -
#
# Program:         hmmsearch
# Version:         3.1b2 (February 2015)
# Pipeline mode:   SEARCH
# Query file:      /home/nmoreyra/Documents/Genomics/03_orthologs_search/00_Phylogenomics_BUSCO-groups/busco4_odb10/busco_downloads/lineages/diptera_odb10/hmms/50753at7147.hmm
# Target file:     /home/nmoreyra/Documents/Genomics/03_orthologs_search/00_Phylogenomics_BUSCO-groups/busco4_odb10/../00_proteins/Dbuz_proteins.fasta
# Option settings: /home/nmoreyra/Software/miniconda3/envs/busco4/bin/hmmsearch --domtblout /home/nmoreyra/Documents/Genomics/03_orthologs_search/00_Phylogenomics_BUSCO-groups/busco4_odb10/Dbuz_diptera/run_diptera_odb10/hmmer_output/initial_run_results/50753at7147.out --cpu 1 /home/nmoreyra/Documents/Genomics/03_orthologs_search/00_Phylogenomics_BUSCO-groups/busco4_odb10/busco_downloads/lineages/diptera_odb10/hmms/50753at7147.hmm /home/nmoreyra/Documents/Genomics/03_orthologs_search/00_Phylogenomics_BUSCO-groups/busco4_odb10/../00_proteins/Dbuz_proteins.fasta 
# Current dir:     /home/nmoreyra/Documents/Genomics/03_orthologs_search/00_Phylogenomics_BUSCO-groups/busco4_odb10
# Date:            Mon Jan 25 13:20:50 2021
# [ok]
