#                                                                            --- full sequence --- -------------- this domain -------------   hmm coord   ali coord   env coord
# target name        accession   tlen query name           accession   qlen   E-value  score  bias   #  of  c-Evalue  i-Evalue  score  bias  from    to  from    to  from    to  acc description of target
#------------------- ---------- ----- -------------------- ---------- ----- --------- ------ ----- --- --- --------- --------- ------ ----- ----- ----- ----- ----- ----- ----- ---- ---------------------
Dbuz09718-RA         -            345 50898at7147          -            205   1.8e-79  265.7  15.6   1   3   5.8e-08   2.1e-05   23.8   0.2     6    27    28    49    17    54 0.87 -
Dbuz09718-RA         -            345 50898at7147          -            205   1.8e-79  265.7  15.6   2   3     3e-74   1.1e-71  240.3   9.3    21   188    81   276    76   282 0.89 -
Dbuz09718-RA         -            345 50898at7147          -            205   1.8e-79  265.7  15.6   3   3     0.092        34    3.6   0.0   188   204   297   313   290   314 0.90 -
Dbuz07758-RA         -            490 50898at7147          -            205   4.2e-52  176.3  29.9   1   3     2e-23   7.2e-21   74.3   1.9    43   145     3   107     1   130 0.90 -
Dbuz07758-RA         -            490 50898at7147          -            205   4.2e-52  176.3  29.9   2   3   1.6e-09     6e-07   28.9   7.4    46   148   177   287   169   303 0.78 -
Dbuz07758-RA         -            490 50898at7147          -            205   4.2e-52  176.3  29.9   3   3   1.1e-26   3.9e-24   85.0   5.2    43   196   309   465   299   473 0.86 -
Dbuz07631-RA         -            499 50898at7147          -            205   2.3e-26   92.3  21.1   1   5   2.2e-19   8.1e-17   61.1   2.9    42   165    40   164    11   181 0.81 -
Dbuz07631-RA         -            499 50898at7147          -            205   2.3e-26   92.3  21.1   2   5      0.36   1.3e+02    1.7   0.0   121   149   235   263   196   272 0.69 -
Dbuz07631-RA         -            499 50898at7147          -            205   2.3e-26   92.3  21.1   3   5   3.8e-12   1.4e-09   37.5   2.2    43   141   269   373   261   379 0.84 -
Dbuz07631-RA         -            499 50898at7147          -            205   2.3e-26   92.3  21.1   4   5      0.36   1.3e+02    1.6   0.2    94   144   378   427   375   444 0.74 -
Dbuz07631-RA         -            499 50898at7147          -            205   2.3e-26   92.3  21.1   5   5       2.1   7.8e+02   -0.9   0.0   115   144   443   472   434   481 0.83 -
Dbuz09404-RA         -           1052 50898at7147          -            205   2.6e-25   88.8  15.9   1   4   3.3e-10   1.2e-07   31.1   0.5    33   160    97   228    69   238 0.83 -
Dbuz09404-RA         -           1052 50898at7147          -            205   2.6e-25   88.8  15.9   2   4   3.6e-11   1.3e-08   34.3   3.4    45   154   247   358   232   365 0.88 -
Dbuz09404-RA         -           1052 50898at7147          -            205   2.6e-25   88.8  15.9   3   4   1.2e-09   4.3e-07   29.3   0.8    41   153   345   459   344   466 0.90 -
Dbuz09404-RA         -           1052 50898at7147          -            205   2.6e-25   88.8  15.9   4   4      0.12        43    3.2   0.0   128   152   468   492   464   511 0.84 -
Dbuz02461-RA         -            598 50898at7147          -            205   8.3e-19   67.6  14.5   1   3     1e-18   3.8e-16   58.9   6.8    42   119    96   179    90   196 0.87 -
Dbuz02461-RA         -            598 50898at7147          -            205   8.3e-19   67.6  14.5   2   3      0.15        56    2.9   0.0    80   143   346   410   332   428 0.73 -
Dbuz02461-RA         -            598 50898at7147          -            205   8.3e-19   67.6  14.5   3   3    0.0022       0.8    8.9   0.2    54   148   462   559   433   594 0.80 -
Dbuz01567-RA         -            954 50898at7147          -            205   2.6e-18   66.0   5.5   1   1   1.2e-20   4.3e-18   65.3   3.3    41   155    16   135     9   179 0.79 -
Dbuz00627-RA         -            473 50898at7147          -            205   3.3e-18   65.6   6.4   1   2       6.6   2.4e+03   -2.5   0.0   133   158   163   188   155   232 0.64 -
Dbuz00627-RA         -            473 50898at7147          -            205   3.3e-18   65.6   6.4   2   2   9.1e-21   3.3e-18   65.6   6.4    38   167   227   359   222   367 0.90 -
Dbuz05705-RA         -            544 50898at7147          -            205   2.2e-16   59.7   8.2   1   1   1.5e-18   5.3e-16   58.4   8.2    39   161   102   226    97   232 0.91 -
Dbuz02151-RA         -           1340 50898at7147          -            205   2.7e-16   59.4   1.5   1   1   1.8e-18   6.5e-16   58.2   1.5    39   168   100   236    81   265 0.80 -
Dbuz05217-RA         -            289 50898at7147          -            205   1.1e-13   50.8   3.0   1   1   4.8e-16   1.8e-13   50.2   3.0    40   185    10   165     3   189 0.74 -
Dbuz09204-RA         -            933 50898at7147          -            205   5.7e-13   48.5  12.3   1   5    0.0007      0.25   10.5   0.5    31    95   507   573   494   576 0.78 -
Dbuz09204-RA         -            933 50898at7147          -            205   5.7e-13   48.5  12.3   2   5     0.013       4.8    6.3   2.3    75   142   519   587   517   612 0.66 -
Dbuz09204-RA         -            933 50898at7147          -            205   5.7e-13   48.5  12.3   3   5     9e-09   3.3e-06   26.5   4.5    48   149   607   711   592   742 0.82 -
Dbuz09204-RA         -            933 50898at7147          -            205   5.7e-13   48.5  12.3   4   5     0.055        20    4.3   0.0   103   150   735   783   711   797 0.83 -
Dbuz09204-RA         -            933 50898at7147          -            205   5.7e-13   48.5  12.3   5   5    0.0002     0.073   12.3   0.0    46   163   745   865   730   896 0.74 -
Dbuz05899-RA         -            659 50898at7147          -            205   9.5e-12   44.6   0.0   1   1   4.8e-14   1.8e-11   43.7   0.0    45   148   372   480   366   500 0.86 -
Dbuz09182-RA         -            397 50898at7147          -            205   1.8e-11   43.7   5.1   1   1   4.9e-14   1.8e-11   43.7   5.1    44   153    91   206    80   245 0.81 -
Dbuz01303-RA         -            498 50898at7147          -            205   2.5e-11   43.2   8.2   1   3   2.6e-08   9.6e-06   24.9   0.0    51   175    51   180    26   205 0.80 -
Dbuz01303-RA         -            498 50898at7147          -            205   2.5e-11   43.2   8.2   2   3       3.8   1.4e+03   -1.7   0.0    68   110   219   259   212   273 0.74 -
Dbuz01303-RA         -            498 50898at7147          -            205   2.5e-11   43.2   8.2   3   3     2e-05    0.0075   15.5   6.6    39   136   300   401   296   455 0.81 -
Dbuz01738-RA         -            210 50898at7147          -            205     3e-11   42.9   5.9   1   1     1e-13   3.7e-11   42.6   5.5    27   137    76   185    66   209 0.84 -
Dbuz10318-RA         -            412 50898at7147          -            205   5.6e-11   42.0   3.1   1   1   3.5e-13   1.3e-10   40.9   3.1    43   148   127   234   121   259 0.86 -
Dbuz01607-RA         -            535 50898at7147          -            205   1.6e-10   40.5   6.4   1   1   9.4e-12   3.4e-09   36.2   6.4    57   154    77   176    35   214 0.84 -
Dbuz07052-RA         -            559 50898at7147          -            205   3.5e-10   39.4   5.2   1   3   0.00038      0.14   11.4   0.2    59   155   233   334   183   379 0.74 -
Dbuz07052-RA         -            559 50898at7147          -            205   3.5e-10   39.4   5.2   2   3       4.9   1.8e+03   -2.1   0.0   128   145   385   402   361   416 0.77 -
Dbuz07052-RA         -            559 50898at7147          -            205   3.5e-10   39.4   5.2   3   3   1.4e-09   5.1e-07   29.1   0.5    91   198   417   530   410   537 0.71 -
Dbuz04640-RA         -            977 50898at7147          -            205   5.5e-10   38.8   7.6   1   4         6   2.2e+03   -2.3   1.3   107   167   356   417   345   422 0.71 -
Dbuz04640-RA         -            977 50898at7147          -            205   5.5e-10   38.8   7.6   2   4   1.7e-06   0.00061   19.0   0.0    33   132   631   731   628   756 0.83 -
Dbuz04640-RA         -            977 50898at7147          -            205   5.5e-10   38.8   7.6   3   4   5.5e-05      0.02   14.1   0.0    55   145   765   862   759   891 0.81 -
Dbuz04640-RA         -            977 50898at7147          -            205   5.5e-10   38.8   7.6   4   4     0.032        12    5.1   0.0   126   152   911   937   901   958 0.86 -
Dbuz01387-RA         -            219 50898at7147          -            205     8e-10   38.3   6.0   1   1   3.3e-12   1.2e-09   37.7   6.0    56   136   114   197    88   211 0.79 -
Dbuz09330-RA         -            161 50898at7147          -            205   8.7e-09   34.9   0.1   1   2       7.7   2.8e+03   -2.7   1.0   156   169    25    38     9    57 0.44 -
Dbuz09330-RA         -            161 50898at7147          -            205   8.7e-09   34.9   0.1   2   2   2.4e-11   8.7e-09   34.9   0.1    52   125    80   154    68   159 0.91 -
Dbuz02841-RA         -            849 50898at7147          -            205   1.1e-08   34.6   4.7   1   3   9.8e-05     0.036   13.3   0.1    88   151   518   582   492   601 0.83 -
Dbuz02841-RA         -            849 50898at7147          -            205   1.1e-08   34.6   4.7   2   3   0.00023     0.084   12.1   0.2    74   166   658   756   632   769 0.75 -
Dbuz02841-RA         -            849 50898at7147          -            205   1.1e-08   34.6   4.7   3   3   0.00065      0.24   10.6   0.6    59   152   745   840   740   847 0.73 -
Dbuz02711-RA         -            708 50898at7147          -            205   1.3e-08   34.3  10.1   1   2     0.016         6    6.0   6.2    34   142   435   546   433   554 0.61 -
Dbuz02711-RA         -            708 50898at7147          -            205   1.3e-08   34.3  10.1   2   2   3.2e-09   1.2e-06   27.9   0.4    45   167   549   673   543   702 0.85 -
Dbuz02097-RA         -            245 50898at7147          -            205   3.4e-08   32.9   2.3   1   1   1.7e-10   6.1e-08   32.1   2.3    51   129   135   215   113   233 0.85 -
Dbuz04452-RA         -            385 50898at7147          -            205   6.1e-08   32.1   7.8   1   2      0.41   1.5e+02    1.5   0.1    47    70   232   255   227   260 0.90 -
Dbuz04452-RA         -            385 50898at7147          -            205   6.1e-08   32.1   7.8   2   2   2.5e-10   9.1e-08   31.6   4.6    77   163   288   375   281   385 0.87 -
Dbuz06092-RA         -           1249 50898at7147          -            205     4e-07   29.4  15.9   1   5   3.1e-05     0.011   14.9   0.1    88   138    17    67    13    74 0.94 -
Dbuz06092-RA         -           1249 50898at7147          -            205     4e-07   29.4  15.9   2   5      0.15        56    2.8   0.3    88   178   417   506   411   516 0.74 -
Dbuz06092-RA         -           1249 50898at7147          -            205     4e-07   29.4  15.9   3   5    0.0023      0.83    8.8   0.1    87   151   520   585   516   606 0.83 -
Dbuz06092-RA         -           1249 50898at7147          -            205     4e-07   29.4  15.9   4   5     0.015       5.5    6.1   0.1    93   157   749   816   722   853 0.74 -
Dbuz06092-RA         -           1249 50898at7147          -            205     4e-07   29.4  15.9   5   5      0.19        71    2.5   0.4    46   101   915   974   893  1020 0.68 -
Dbuz08838-RA         -            404 50898at7147          -            205   7.5e-06   25.3   4.1   1   2      0.25        93    2.1   0.3    48    72   203   227   179   233 0.85 -
Dbuz08838-RA         -            404 50898at7147          -            205   7.5e-06   25.3   4.1   2   2   4.1e-08   1.5e-05   24.3   0.3    78   196   261   382   249   389 0.83 -
Dbuz02096-RA         -            227 50898at7147          -            205   2.2e-05   23.8   2.0   1   1   9.2e-08   3.4e-05   23.2   2.0    37   114   103   182    75   219 0.85 -
Dbuz06401-RA         -            800 50898at7147          -            205   0.00017   20.9   7.8   1   4       3.6   1.3e+03   -1.6   0.0    92   134   183   227   122   258 0.65 -
Dbuz06401-RA         -            800 50898at7147          -            205   0.00017   20.9   7.8   2   4      0.11        40    3.3   0.1   113   186   419   498   396   507 0.66 -
Dbuz06401-RA         -            800 50898at7147          -            205   0.00017   20.9   7.8   3   4   0.00049      0.18   11.0   1.1    81   201   506   636   478   641 0.76 -
Dbuz06401-RA         -            800 50898at7147          -            205   0.00017   20.9   7.8   4   4    0.0047       1.7    7.8   0.1    43    73   687   717   667   724 0.83 -
Dbuz03101-RA         -            439 50898at7147          -            205    0.0002   20.7   9.7   1   1   1.2e-06   0.00044   19.5   9.7    39   159   246   380   242   399 0.82 -
Dbuz06057-RA         -            485 50898at7147          -            205   0.00084   18.6   5.1   1   3       5.9   2.1e+03   -2.3   0.0    41    68    98   125    81   134 0.61 -
Dbuz06057-RA         -            485 50898at7147          -            205   0.00084   18.6   5.1   2   3   0.00087      0.32   10.2   0.3    59   138   162   242   156   250 0.87 -
Dbuz06057-RA         -            485 50898at7147          -            205   0.00084   18.6   5.1   3   3   0.00094      0.34   10.1   0.2    33   142   271   383   254   388 0.83 -
Dbuz04536-RA         -            702 50898at7147          -            205     0.003   16.8   4.1   1   2   1.2e-05    0.0044   16.3   1.3    88   147   325   382   245   396 0.70 -
Dbuz04536-RA         -            702 50898at7147          -            205     0.003   16.8   4.1   2   2       3.8   1.4e+03   -1.7   0.0   108   139   412   444   391   450 0.78 -
Dbuz10558-RA         -            186 50898at7147          -            205     0.015   14.5   0.3   1   1   5.6e-05      0.02   14.1   0.3    49   136    59   152    50   181 0.80 -
Dbuz00862-RA         -            720 50898at7147          -            205     0.059   12.6   3.7   1   3       9.1   3.3e+03   -2.9   0.1   155   181   100   126    96   137 0.78 -
Dbuz00862-RA         -            720 50898at7147          -            205     0.059   12.6   3.7   2   3      0.27        97    2.1   0.3    93   139   442   489   421   492 0.79 -
Dbuz00862-RA         -            720 50898at7147          -            205     0.059   12.6   3.7   3   3   0.00069      0.25   10.5   0.0    80   143   577   641   560   692 0.80 -
Dbuz03154-RA         -           2324 50898at7147          -            205      0.53    9.5  12.9   1   4   0.00024     0.088   12.0   0.5    83   144   713   775   674   784 0.79 -
Dbuz03154-RA         -           2324 50898at7147          -            205      0.53    9.5  12.9   2   4     0.068        25    4.0   0.1    51    97   782   828   777   833 0.89 -
Dbuz03154-RA         -           2324 50898at7147          -            205      0.53    9.5  12.9   3   4         9   3.3e+03   -2.9   0.0    44    66  1166  1188  1159  1208 0.72 -
Dbuz03154-RA         -           2324 50898at7147          -            205      0.53    9.5  12.9   4   4       2.6   9.5e+02   -1.2   0.6    88   137  1229  1279  1224  1313 0.61 -
#
# Program:         hmmsearch
# Version:         3.1b2 (February 2015)
# Pipeline mode:   SEARCH
# Query file:      /home/nmoreyra/Documents/Genomics/03_orthologs_search/00_Phylogenomics_BUSCO-groups/busco4_odb10/busco_downloads/lineages/diptera_odb10/hmms/50898at7147.hmm
# Target file:     /home/nmoreyra/Documents/Genomics/03_orthologs_search/00_Phylogenomics_BUSCO-groups/busco4_odb10/../00_proteins/Dbuz_proteins.fasta
# Option settings: /home/nmoreyra/Software/miniconda3/envs/busco4/bin/hmmsearch --domtblout /home/nmoreyra/Documents/Genomics/03_orthologs_search/00_Phylogenomics_BUSCO-groups/busco4_odb10/Dbuz_diptera/run_diptera_odb10/hmmer_output/initial_run_results/50898at7147.out --cpu 1 /home/nmoreyra/Documents/Genomics/03_orthologs_search/00_Phylogenomics_BUSCO-groups/busco4_odb10/busco_downloads/lineages/diptera_odb10/hmms/50898at7147.hmm /home/nmoreyra/Documents/Genomics/03_orthologs_search/00_Phylogenomics_BUSCO-groups/busco4_odb10/../00_proteins/Dbuz_proteins.fasta 
# Current dir:     /home/nmoreyra/Documents/Genomics/03_orthologs_search/00_Phylogenomics_BUSCO-groups/busco4_odb10
# Date:            Mon Jan 25 13:21:00 2021
# [ok]
