#                                                                            --- full sequence --- -------------- this domain -------------   hmm coord   ali coord   env coord
# target name        accession   tlen query name           accession   qlen   E-value  score  bias   #  of  c-Evalue  i-Evalue  score  bias  from    to  from    to  from    to  acc description of target
#------------------- ---------- ----- -------------------- ---------- ----- --------- ------ ----- --- --- --------- --------- ------ ----- ----- ----- ----- ----- ----- ----- ---- ---------------------
Dbuz12278-RA         -            955 52543at7147          -            340   2.7e-14   52.6   2.0   1   6    0.0028         1    8.0   0.0   282   327    69   115    59   123 0.72 -
Dbuz12278-RA         -            955 52543at7147          -            340   2.7e-14   52.6   2.0   2   6         1   3.7e+02   -0.4   0.0   271   308   148   185   141   195 0.84 -
Dbuz12278-RA         -            955 52543at7147          -            340   2.7e-14   52.6   2.0   3   6   0.00033      0.12   11.0   0.1    17   147   240   370   236   380 0.81 -
Dbuz12278-RA         -            955 52543at7147          -            340   2.7e-14   52.6   2.0   4   6    0.0006      0.22   10.2   0.0   238   306   402   474   374   492 0.78 -
Dbuz12278-RA         -            955 52543at7147          -            340   2.7e-14   52.6   2.0   5   6   0.00047      0.17   10.6   0.1    75   225   513   662   503   669 0.77 -
Dbuz12278-RA         -            955 52543at7147          -            340   2.7e-14   52.6   2.0   6   6      0.27        97    1.5   0.0    79   114   721   755   702   759 0.81 -
Dbuz07736-RA         -            347 52543at7147          -            340   1.2e-10   40.6   0.0   1   3   7.6e-06    0.0028   16.4   0.0    83   168    54   138    38   149 0.91 -
Dbuz07736-RA         -            347 52543at7147          -            340   1.2e-10   40.6   0.0   2   3   5.8e-06    0.0021   16.8   0.0   241   328   152   244   142   258 0.81 -
Dbuz07736-RA         -            347 52543at7147          -            340   1.2e-10   40.6   0.0   3   3     0.052        19    3.8   0.0   122   157   269   303   257   313 0.83 -
Dbuz12614-RA         -            406 52543at7147          -            340   1.9e-07   30.2   0.0   1   2   5.3e-08   1.9e-05   23.5   0.0   198   327    23   164    18   174 0.76 -
Dbuz12614-RA         -            406 52543at7147          -            340   1.9e-07   30.2   0.0   2   2       0.1        37    2.9   0.0   100   164   201   265   180   288 0.73 -
Dbuz10251-RA         -            358 52543at7147          -            340   2.2e-06   26.6   0.0   1   3     0.027       9.7    4.8   0.0   309   334    70    95     9   101 0.75 -
Dbuz10251-RA         -            358 52543at7147          -            340   2.2e-06   26.6   0.0   2   3   4.7e-05     0.017   13.8   0.0   239   326   120   213   115   270 0.55 -
Dbuz10251-RA         -            358 52543at7147          -            340   2.2e-06   26.6   0.0   3   3       1.5   5.6e+02   -1.0   0.0   241   262   294   315   279   354 0.59 -
Dbuz07252-RA         -            844 52543at7147          -            340     3e-06   26.2   0.8   1   3   0.00022     0.082   11.6   0.0   268   326   102   163    38   171 0.74 -
Dbuz07252-RA         -            844 52543at7147          -            340     3e-06   26.2   0.8   2   3   0.00086      0.31    9.7   0.0    86   149   191   253   169   257 0.85 -
Dbuz07252-RA         -            844 52543at7147          -            340     3e-06   26.2   0.8   3   3       1.2   4.3e+02   -0.6   0.4    94   153   501   559   469   565 0.76 -
Dbuz08109-RA         -            534 52543at7147          -            340   4.2e-06   25.7   0.0   1   2   0.00017     0.061   12.0   0.0   208   325    55   182    30   199 0.70 -
Dbuz08109-RA         -            534 52543at7147          -            340   4.2e-06   25.7   0.0   2   2   0.00025     0.093   11.4   0.0    84   161   208   283   187   291 0.85 -
Dbuz00254-RA         -            424 52543at7147          -            340   4.9e-06   25.5   0.0   1   3       5.6     2e+03   -2.8   0.0   239   259   115   135   109   139 0.67 -
Dbuz00254-RA         -            424 52543at7147          -            340   4.9e-06   25.5   0.0   2   3   2.9e-07    0.0001   21.1   0.0    85   161   167   243   158   254 0.90 -
Dbuz00254-RA         -            424 52543at7147          -            340   4.9e-06   25.5   0.0   3   3      0.28     1e+02    1.4   0.0   267   323   254   314   245   328 0.56 -
Dbuz00258-RA         -            331 52543at7147          -            340   1.5e-05   23.9   0.0   1   1     1e-07   3.8e-05   22.6   0.0   165   320   134   308    51   324 0.61 -
Dbuz06619-RA         -            373 52543at7147          -            340   3.3e-05   22.8   0.0   1   2     0.014         5    5.7   0.0   273   326    82   137    61   147 0.79 -
Dbuz06619-RA         -            373 52543at7147          -            340   3.3e-05   22.8   0.0   2   2     1e-06   0.00037   19.3   0.0   164   334    83   272    79   277 0.72 -
Dbuz04049-RA         -            509 52543at7147          -            340   3.9e-05   22.5   0.0   1   2    0.0024      0.88    8.2   0.0   127   163   213   249   202   263 0.84 -
Dbuz04049-RA         -            509 52543at7147          -            340   3.9e-05   22.5   0.0   2   2   0.00026     0.096   11.4   0.0   238   321   272   362   252   382 0.77 -
Dbuz04261-RA         -            539 52543at7147          -            340   4.3e-05   22.4   0.0   1   4      0.46   1.7e+02    0.7   0.0   271   299   250   278   239   284 0.88 -
Dbuz04261-RA         -            539 52543at7147          -            340   4.3e-05   22.4   0.0   2   4       0.3   1.1e+02    1.3   0.0   309   333   340   364   306   370 0.67 -
Dbuz04261-RA         -            539 52543at7147          -            340   4.3e-05   22.4   0.0   3   4     0.072        26    3.4   0.0    86   160   341   413   334   430 0.78 -
Dbuz04261-RA         -            539 52543at7147          -            340   4.3e-05   22.4   0.0   4   4   8.3e-05      0.03   13.0   0.0   238   332   431   532   406   535 0.79 -
Dbuz12948-RA         -            340 52543at7147          -            340     7e-05   21.7   0.0   1   2       4.2   1.5e+03   -2.5   0.0   195   213    56    74    39    77 0.78 -
Dbuz12948-RA         -            340 52543at7147          -            340     7e-05   21.7   0.0   2   2   1.5e-05    0.0056   15.4   0.0   111   168    80   137    57   295 0.88 -
Dbuz06797-RA         -            608 52543at7147          -            340   8.5e-05   21.4   0.0   1   4      0.19        69    2.0   0.0   163   187    69    93    39   128 0.60 -
Dbuz06797-RA         -            608 52543at7147          -            340   8.5e-05   21.4   0.0   2   4   0.00046      0.17   10.6   0.0   163   223   200   271   191   321 0.66 -
Dbuz06797-RA         -            608 52543at7147          -            340   8.5e-05   21.4   0.0   3   4       8.7   3.2e+03   -3.5   0.0   238   255   333   350   329   354 0.82 -
Dbuz06797-RA         -            608 52543at7147          -            340   8.5e-05   21.4   0.0   4   4      0.11        39    2.8   0.0   308   338   489   522   458   564 0.65 -
Dbuz08921-RA         -            885 52543at7147          -            340   0.00024   19.9   0.0   1   2    0.0036       1.3    7.6   0.0    84   156   445   517   411   528 0.75 -
Dbuz08921-RA         -            885 52543at7147          -            340   0.00024   19.9   0.0   2   2   0.00095      0.35    9.5   0.0    39   155   568   686   560   697 0.78 -
Dbuz02629-RA         -            322 52543at7147          -            340   0.00041   19.2   0.0   1   3    0.0067       2.4    6.8   0.0   242   332    40   138    28   145 0.78 -
Dbuz02629-RA         -            322 52543at7147          -            340   0.00041   19.2   0.0   2   3   3.9e-05     0.014   14.1   0.0   238   328   122   217   117   226 0.81 -
Dbuz02629-RA         -            322 52543at7147          -            340   0.00041   19.2   0.0   3   3    0.0017      0.61    8.7   0.0   239   289   206   260   154   304 0.55 -
Dbuz02797-RA         -            927 52543at7147          -            340   0.00048   18.9   0.1   1   4       1.4   5.1e+02   -0.9   0.0    83   135   161   212   158   234 0.77 -
Dbuz02797-RA         -            927 52543at7147          -            340   0.00048   18.9   0.1   2   4       7.8   2.8e+03   -3.3   0.0   133   163   461   491   456   493 0.74 -
Dbuz02797-RA         -            927 52543at7147          -            340   0.00048   18.9   0.1   3   4   0.00032      0.12   11.1   0.0   242   326   514   605   502   607 0.82 -
Dbuz02797-RA         -            927 52543at7147          -            340   0.00048   18.9   0.1   4   4   5.2e-05     0.019   13.7   0.0   267   327   586   647   555   658 0.85 -
Dbuz00989-RA         -            933 52543at7147          -            340    0.0021   16.8   0.0   1   4      0.18        67    2.0   0.0    86   164    67   146    55   157 0.71 -
Dbuz00989-RA         -            933 52543at7147          -            340    0.0021   16.8   0.0   2   4       0.9   3.3e+02   -0.2   0.0   179   211   398   430   390   480 0.86 -
Dbuz00989-RA         -            933 52543at7147          -            340    0.0021   16.8   0.0   3   4      0.18        66    2.1   0.0   236   320   556   646   532   658 0.62 -
Dbuz00989-RA         -            933 52543at7147          -            340    0.0021   16.8   0.0   4   4     0.015       5.5    5.6   0.0   162   193   680   711   664   719 0.86 -
Dbuz11629-RA         -            356 52543at7147          -            340    0.0022   16.8   0.0   1   3    0.0096       3.5    6.2   0.0   114   162    96   144    34   160 0.85 -
Dbuz11629-RA         -            356 52543at7147          -            340    0.0022   16.8   0.0   2   3     0.035        13    4.4   0.0   286   327   218   261   144   306 0.57 -
Dbuz11629-RA         -            356 52543at7147          -            340    0.0022   16.8   0.0   3   3      0.18        65    2.1   0.0   113   149   313   349   282   355 0.76 -
Dbuz09939-RA         -            346 52543at7147          -            340    0.0025   16.6   0.1   1   2     0.018       6.6    5.3   0.0   309   327   102   120    34   134 0.58 -
Dbuz09939-RA         -            346 52543at7147          -            340    0.0025   16.6   0.1   2   2    0.0044       1.6    7.4   0.0   162   189   280   307   270   314 0.88 -
Dbuz12534-RA         -           1414 52543at7147          -            340    0.0032   16.2   1.0   1   2     0.073        27    3.3   0.0   128   205   901   992   885  1006 0.65 -
Dbuz12534-RA         -           1414 52543at7147          -            340    0.0032   16.2   1.0   2   2   0.00058      0.21   10.3   0.2   228   289  1062  1122  1056  1141 0.84 -
Dbuz06216-RA         -            315 52543at7147          -            340    0.0033   16.2   0.0   1   4       3.7   1.3e+03   -2.2   0.0   246   295    11    54     4    69 0.58 -
Dbuz06216-RA         -            315 52543at7147          -            340    0.0033   16.2   0.0   2   4      0.13        47    2.5   0.0   224   270   119   164    83   170 0.77 -
Dbuz06216-RA         -            315 52543at7147          -            340    0.0033   16.2   0.0   3   4     0.003       1.1    7.9   0.0   236   271   172   207   166   223 0.82 -
Dbuz06216-RA         -            315 52543at7147          -            340    0.0033   16.2   0.0   4   4      0.36   1.3e+02    1.1   0.0   238   261   224   247   217   307 0.62 -
Dbuz10672-RA         -            482 52543at7147          -            340    0.0066   15.2   0.2   1   2     0.031        11    4.6   0.1   271   301    48    78    17   104 0.85 -
Dbuz10672-RA         -            482 52543at7147          -            340    0.0066   15.2   0.2   2   2    0.0021      0.76    8.4   0.0   234   329   130   236    88   246 0.68 -
Dbuz09428-RA         -            346 52543at7147          -            340      0.01   14.6   0.0   1   4     0.032        12    4.5   0.0   310   338    31    59    23    61 0.90 -
Dbuz09428-RA         -            346 52543at7147          -            340      0.01   14.6   0.0   2   4       1.1   4.2e+02   -0.6   0.0   271   298    87   114    80   125 0.64 -
Dbuz09428-RA         -            346 52543at7147          -            340      0.01   14.6   0.0   3   4       2.9     1e+03   -1.9   0.0    84   125   131   175   123   217 0.68 -
Dbuz09428-RA         -            346 52543at7147          -            340      0.01   14.6   0.0   4   4     0.015       5.6    5.6   0.0   270   327   228   287   182   299 0.74 -
Dbuz04798-RA         -           2001 52543at7147          -            340     0.015   14.0   0.5   1   4      0.46   1.7e+02    0.7   0.0    99   157   997  1055   911  1070 0.69 -
Dbuz04798-RA         -           2001 52543at7147          -            340     0.015   14.0   0.5   2   4      0.16        58    2.2   0.0   118   161  1099  1142  1089  1150 0.90 -
Dbuz04798-RA         -           2001 52543at7147          -            340     0.015   14.0   0.5   3   4      0.08        29    3.2   0.0   307   332  1253  1278  1205  1284 0.66 -
Dbuz04798-RA         -           2001 52543at7147          -            340     0.015   14.0   0.5   4   4      0.29   1.1e+02    1.4   0.0    86   155  1420  1488  1412  1495 0.82 -
Dbuz00858-RA         -            794 52543at7147          -            340     0.018   13.7   0.0   1   1   0.00018     0.067   11.9   0.0   242   328   598   690   591   700 0.64 -
Dbuz02237-RA         -            724 52543at7147          -            340     0.019   13.7   0.0   1   2      0.44   1.6e+02    0.8   0.0   241   284   445   491   442   536 0.66 -
Dbuz02237-RA         -            724 52543at7147          -            340     0.019   13.7   0.0   2   2     0.001      0.38    9.4   0.0   278   327   619   670   480   681 0.64 -
Dbuz09197-RA         -            712 52543at7147          -            340     0.019   13.7   0.0   1   2    0.0043       1.6    7.4   0.0   273   330   505   564   464   571 0.86 -
Dbuz09197-RA         -            712 52543at7147          -            340     0.019   13.7   0.0   2   2   0.00055       0.2   10.3   0.0   239   327   551   645   536   658 0.77 -
Dbuz02115-RA         -            340 52543at7147          -            340      0.02   13.6   0.2   1   2     0.056        20    3.7   0.0   214   289   119   206   102   219 0.67 -
Dbuz02115-RA         -            340 52543at7147          -            340      0.02   13.6   0.2   2   2    0.0031       1.1    7.8   0.1    72   118   219   264   212   276 0.82 -
Dbuz06714-RA         -           1220 52543at7147          -            340     0.026   13.3   0.1   1   1   0.00023     0.084   11.6   0.1   235   327   523   621   395   630 0.81 -
Dbuz09829-RA         -            667 52543at7147          -            340      0.04   12.6   0.0   1   2     0.031        11    4.6   0.0   235   300    78   147    73   158 0.85 -
Dbuz09829-RA         -            667 52543at7147          -            340      0.04   12.6   0.0   2   2      0.02       7.4    5.2   0.0    83   157   165   237   157   258 0.79 -
Dbuz03065-RA         -            483 52543at7147          -            340     0.044   12.5   0.1   1   3     0.014       4.9    5.7   0.0   306   328   194   216   189   219 0.90 -
Dbuz03065-RA         -            483 52543at7147          -            340     0.044   12.5   0.1   2   3    0.0043       1.6    7.4   0.0   162   259   200   317   196   336 0.60 -
Dbuz03065-RA         -            483 52543at7147          -            340     0.044   12.5   0.1   3   3     0.091        33    3.0   0.0   235   258   293   316   246   365 0.63 -
Dbuz10344-RA         -            331 52543at7147          -            340      0.08   11.6   0.0   1   4      0.39   1.4e+02    0.9   0.0   163   176    64    77    54    99 0.77 -
Dbuz10344-RA         -            331 52543at7147          -            340      0.08   11.6   0.0   2   4     0.059        22    3.6   0.0   239   296    68   127    64   136 0.77 -
Dbuz10344-RA         -            331 52543at7147          -            340      0.08   11.6   0.0   3   4     0.014         5    5.7   0.0   239   295   108   171    99   176 0.70 -
Dbuz10344-RA         -            331 52543at7147          -            340      0.08   11.6   0.0   4   4       2.7   9.9e+02   -1.8   0.0   268   294   190   216   183   283 0.85 -
Dbuz06609-RA         -            792 52543at7147          -            340      0.24   10.1   1.5   1   3       4.9   1.8e+03   -2.7   1.3    46    67   152   174    93   179 0.57 -
Dbuz06609-RA         -            792 52543at7147          -            340      0.24   10.1   1.5   2   3       2.6   9.3e+02   -1.7   0.0   273   320   460   508   454   525 0.56 -
Dbuz06609-RA         -            792 52543at7147          -            340      0.24   10.1   1.5   3   3    0.0023      0.83    8.3   0.0    81   158   622   696   608   709 0.87 -
Dbuz01088-RA         -            241 52543at7147          -            340       3.6    6.2   8.5   1   2    0.0066       2.4    6.8   6.4    11    71   101   163    97   201 0.66 -
Dbuz01088-RA         -            241 52543at7147          -            340       3.6    6.2   8.5   2   2       5.2   1.9e+03   -2.7   0.0    14    31   206   223   198   236 0.74 -
Dbuz03318-RA         -            658 52543at7147          -            340       4.5    5.9   6.8   1   2    0.0019      0.71    8.5   0.4    35    77   329   367   298   375 0.84 -
Dbuz03318-RA         -            658 52543at7147          -            340       4.5    5.9   6.8   2   2      0.95   3.5e+02   -0.3   1.3     7    62   432   489   429   498 0.80 -
#
# Program:         hmmsearch
# Version:         3.1b2 (February 2015)
# Pipeline mode:   SEARCH
# Query file:      /home/nmoreyra/Documents/Genomics/03_orthologs_search/00_Phylogenomics_BUSCO-groups/busco4_odb10/busco_downloads/lineages/diptera_odb10/hmms/52543at7147.hmm
# Target file:     /home/nmoreyra/Documents/Genomics/03_orthologs_search/00_Phylogenomics_BUSCO-groups/busco4_odb10/../00_proteins/Dbuz_proteins.fasta
# Option settings: /home/nmoreyra/Software/miniconda3/envs/busco4/bin/hmmsearch --domtblout /home/nmoreyra/Documents/Genomics/03_orthologs_search/00_Phylogenomics_BUSCO-groups/busco4_odb10/Dbuz_diptera/run_diptera_odb10/hmmer_output/initial_run_results/52543at7147.out --cpu 1 /home/nmoreyra/Documents/Genomics/03_orthologs_search/00_Phylogenomics_BUSCO-groups/busco4_odb10/busco_downloads/lineages/diptera_odb10/hmms/52543at7147.hmm /home/nmoreyra/Documents/Genomics/03_orthologs_search/00_Phylogenomics_BUSCO-groups/busco4_odb10/../00_proteins/Dbuz_proteins.fasta 
# Current dir:     /home/nmoreyra/Documents/Genomics/03_orthologs_search/00_Phylogenomics_BUSCO-groups/busco4_odb10
# Date:            Mon Jan 25 13:21:12 2021
# [ok]
