#                                                                            --- full sequence --- -------------- this domain -------------   hmm coord   ali coord   env coord
# target name        accession   tlen query name           accession   qlen   E-value  score  bias   #  of  c-Evalue  i-Evalue  score  bias  from    to  from    to  from    to  acc description of target
#------------------- ---------- ----- -------------------- ---------- ----- --------- ------ ----- --- --- --------- --------- ------ ----- ----- ----- ----- ----- ----- ----- ---- ---------------------
Dbuz03878-RA         -            257 53582at7147          -            237  1.7e-135  449.6  18.7   1   1  1.9e-138    3e-135  448.8  18.7     1   237     1   256     1   256 0.94 -
Dbuz03811-RA         -            243 53582at7147          -            237   6.6e-07   28.8   7.5   1   2       4.4     7e+03   -4.0   3.2   146   170    76   100    15   131 0.57 -
Dbuz03811-RA         -            243 53582at7147          -            237   6.6e-07   28.8   7.5   2   2   4.1e-10   6.6e-07   28.8   7.5   115   193   151   231   138   240 0.89 -
Dbuz03673-RA         -            124 53582at7147          -            237     0.026   13.7   8.3   1   1   1.7e-05     0.028   13.6   8.3   101   194     5   101     1   122 0.75 -
Dbuz01962-RA         -            573 53582at7147          -            237     0.041   13.1   0.3   1   1   5.1e-05     0.082   12.1   0.3   109   168   322   379   314   392 0.83 -
Dbuz11264-RA         -            192 53582at7147          -            237     0.045   12.9   4.7   1   1   5.8e-05     0.093   11.9   4.7   119   187    74   140    20   167 0.72 -
Dbuz09014-RA         -            126 53582at7147          -            237     0.047   12.9   3.1   1   1   3.4e-05     0.054   12.7   3.1   117   197     4    89     2   115 0.72 -
Dbuz11263-RA         -            192 53582at7147          -            237      0.15   11.3   5.5   1   1   0.00016      0.25   10.5   5.4   119   192    74   160    55   171 0.65 -
Dbuz07972-RA         -            149 53582at7147          -            237       5.4    6.1  14.9   1   2      0.38     6e+02   -0.6   0.2    64   132    14    27     4    37 0.56 -
Dbuz07972-RA         -            149 53582at7147          -            237       5.4    6.1  14.9   2   2   0.00036      0.58    9.3   9.8   119   195    46   129    34   137 0.75 -
#
# Program:         hmmsearch
# Version:         3.1b2 (February 2015)
# Pipeline mode:   SEARCH
# Query file:      /home/nmoreyra/Documents/Genomics/03_orthologs_search/00_Phylogenomics_BUSCO-groups/busco4_odb10/busco_downloads/lineages/diptera_odb10/hmms/53582at7147.hmm
# Target file:     /home/nmoreyra/Documents/Genomics/03_orthologs_search/00_Phylogenomics_BUSCO-groups/busco4_odb10/../00_proteins/Dbuz_proteins.fasta
# Option settings: /home/nmoreyra/Software/miniconda3/envs/busco4/bin/hmmsearch --domtblout /home/nmoreyra/Documents/Genomics/03_orthologs_search/00_Phylogenomics_BUSCO-groups/busco4_odb10/Dbuz_diptera/run_diptera_odb10/hmmer_output/initial_run_results/53582at7147.out --cpu 1 /home/nmoreyra/Documents/Genomics/03_orthologs_search/00_Phylogenomics_BUSCO-groups/busco4_odb10/busco_downloads/lineages/diptera_odb10/hmms/53582at7147.hmm /home/nmoreyra/Documents/Genomics/03_orthologs_search/00_Phylogenomics_BUSCO-groups/busco4_odb10/../00_proteins/Dbuz_proteins.fasta 
# Current dir:     /home/nmoreyra/Documents/Genomics/03_orthologs_search/00_Phylogenomics_BUSCO-groups/busco4_odb10
# Date:            Mon Jan 25 13:21:40 2021
# [ok]
