#                                                                            --- full sequence --- -------------- this domain -------------   hmm coord   ali coord   env coord
# target name        accession   tlen query name           accession   qlen   E-value  score  bias   #  of  c-Evalue  i-Evalue  score  bias  from    to  from    to  from    to  acc description of target
#------------------- ---------- ----- -------------------- ---------- ----- --------- ------ ----- --- --- --------- --------- ------ ----- ----- ----- ----- ----- ----- ----- ---- ---------------------
Dbuz02761-RA         -            470 56578at7147          -            490  2.4e-177  590.7  32.8   1   2  4.7e-111  6.4e-109  365.0  17.9     1   219     1   273     1   278 0.82 -
Dbuz02761-RA         -            470 56578at7147          -            490  2.4e-177  590.7  32.8   2   2   7.1e-69   9.6e-67  225.9   8.7   304   490   273   470   269   470 0.90 -
Dbuz03051-RA         -            423 56578at7147          -            490   1.5e-23   83.4   0.5   1   2   3.6e-11   4.9e-09   35.5   0.0   328   394     5    69     1    95 0.88 -
Dbuz03051-RA         -            423 56578at7147          -            490   1.5e-23   83.4   0.5   2   2   2.4e-14   3.3e-12   46.0   0.4   325   434    91   191    76   222 0.76 -
Dbuz01266-RA         -            671 56578at7147          -            490   2.8e-22   79.2  57.4   1   3   9.6e-18   1.3e-15   57.2  21.6   195   391    96   280    34   301 0.61 -
Dbuz01266-RA         -            671 56578at7147          -            490   2.8e-22   79.2  57.4   2   3   6.3e-09   8.5e-07   28.1   0.1   323   389   302   366   285   389 0.83 -
Dbuz01266-RA         -            671 56578at7147          -            490   2.8e-22   79.2  57.4   3   3      0.46        63    2.2  23.8   167   308   467   608   427   621 0.41 -
Dbuz08395-RA         -            924 56578at7147          -            490     3e-20   72.5  23.4   1   5   0.00012     0.016   14.1   0.6   336   392     8    61     2   153 0.72 -
Dbuz08395-RA         -            924 56578at7147          -            490     3e-20   72.5  23.4   2   5   4.7e-07   6.4e-05   22.0   7.6   157   389   217   431   181   436 0.45 -
Dbuz08395-RA         -            924 56578at7147          -            490     3e-20   72.5  23.4   3   5       1.2   1.6e+02    0.8   0.0   325   356   556   587   499   592 0.86 -
Dbuz08395-RA         -            924 56578at7147          -            490     3e-20   72.5  23.4   4   5   0.00056     0.076   11.8   0.2   321   393   678   753   632   756 0.75 -
Dbuz08395-RA         -            924 56578at7147          -            490     3e-20   72.5  23.4   5   5   9.7e-09   1.3e-06   27.5   0.1   302   386   766   848   748   864 0.75 -
Dbuz00667-RA         -            358 56578at7147          -            490   1.1e-18   67.4   9.1   1   2   8.6e-12   1.2e-09   37.6   0.0   310   394     7    89     1    93 0.83 -
Dbuz00667-RA         -            358 56578at7147          -            490   1.1e-18   67.4   9.1   2   2   1.2e-11   1.6e-09   37.1   7.4   328   470   116   253    92   269 0.71 -
Dbuz02760-RA         -            342 56578at7147          -            490     3e-18   65.9   2.8   1   2   6.9e-13   9.4e-11   41.2   0.3   292   394    20   119     2   136 0.76 -
Dbuz02760-RA         -            342 56578at7147          -            490     3e-18   65.9   2.8   2   2   2.7e-10   3.6e-08   32.7   0.1   328   451   135   246   117   266 0.74 -
Dbuz02762-RA         -            379 56578at7147          -            490   4.4e-17   62.1   6.7   1   2   1.4e-10   1.9e-08   33.6   0.0   325   394    20    87     3    89 0.81 -
Dbuz02762-RA         -            379 56578at7147          -            490   4.4e-17   62.1   6.7   2   2   3.2e-11   4.3e-09   35.7   5.1   328   459   114   244    88   280 0.63 -
Dbuz00698-RA         -            711 56578at7147          -            490   8.5e-17   61.1   0.1   1   3   3.9e-09   5.3e-07   28.8   0.0   327   391   164   226    99   233 0.86 -
Dbuz00698-RA         -            711 56578at7147          -            490   8.5e-17   61.1   0.1   2   3   2.5e-05    0.0034   16.3   0.0   308   387   225   305   217   327 0.74 -
Dbuz00698-RA         -            711 56578at7147          -            490   8.5e-17   61.1   0.1   3   3   0.00021     0.029   13.2   0.0   322   388   324   380   314   386 0.82 -
Dbuz04921-RA         -            447 56578at7147          -            490     4e-13   49.0   7.7   1   2   5.4e-07   7.3e-05   21.8   5.7   263   386    19   139     2   149 0.60 -
Dbuz04921-RA         -            447 56578at7147          -            490     4e-13   49.0   7.7   2   2   1.3e-08   1.8e-06   27.1   0.0   323   382   168   224   162   244 0.82 -
Dbuz02083-RA         -            362 56578at7147          -            490   3.2e-12   46.1   1.9   1   2   6.8e-06   0.00092   18.1   0.0   323   391    54   120    44   127 0.87 -
Dbuz02083-RA         -            362 56578at7147          -            490   3.2e-12   46.1   1.9   2   2     1e-08   1.4e-06   27.4   0.0   305   388   124   203   113   211 0.78 -
Dbuz05469-RA         -            467 56578at7147          -            490   3.4e-12   45.9   2.0   1   3    0.0014      0.19   10.5   0.1   340   391    35    84     6    91 0.73 -
Dbuz05469-RA         -            467 56578at7147          -            490   3.4e-12   45.9   2.0   2   3   2.4e-10   3.2e-08   32.8   2.3   270   449    63   235    57   263 0.58 -
Dbuz05469-RA         -            467 56578at7147          -            490   3.4e-12   45.9   2.0   3   3      0.25        33    3.1   0.0   335   417   387   453   368   464 0.72 -
Dbuz05902-RA         -            644 56578at7147          -            490   1.7e-11   43.6  19.1   1   4    0.0094       1.3    7.8   0.0   331   395     3    65     1    75 0.90 -
Dbuz05902-RA         -            644 56578at7147          -            490   1.7e-11   43.6  19.1   2   4    0.0011      0.15   10.8   0.1   331   393    91   150    77   180 0.82 -
Dbuz05902-RA         -            644 56578at7147          -            490   1.7e-11   43.6  19.1   3   4   1.1e-06   0.00015   20.7   0.2   332   389   185   239   164   246 0.79 -
Dbuz05902-RA         -            644 56578at7147          -            490   1.7e-11   43.6  19.1   4   4   4.1e-05    0.0055   15.6   0.1   305   387   266   341   244   358 0.76 -
Dbuz00146-RA         -            430 56578at7147          -            490   3.5e-11   42.6   4.7   1   2   1.2e-12   1.7e-10   40.4   0.0   327   394    13    78     2   103 0.87 -
Dbuz00146-RA         -            430 56578at7147          -            490   3.5e-11   42.6   4.7   2   2      0.78   1.1e+02    1.4   3.2   300   348   345   392   294   422 0.48 -
Dbuz06723-RA         -            584 56578at7147          -            490   9.3e-11   41.2   3.3   1   2     0.012       1.6    7.5  19.7   164   274    83   182    52   194 0.53 -
Dbuz06723-RA         -            584 56578at7147          -            490   9.3e-11   41.2   3.3   2   2   6.8e-13   9.3e-11   41.2   3.3   258   392   191   323   183   353 0.57 -
Dbuz11425-RA         -            368 56578at7147          -            490   2.3e-10   39.9   0.0   1   3    0.0085       1.2    7.9   0.0   325   366    21    62     6   107 0.69 -
Dbuz11425-RA         -            368 56578at7147          -            490   2.3e-10   39.9   0.0   2   3   3.5e-06   0.00048   19.1   0.0   308   389   107   184    77   199 0.73 -
Dbuz11425-RA         -            368 56578at7147          -            490   2.3e-10   39.9   0.0   3   3    0.0022       0.3    9.9   0.0   331   384   286   337   277   351 0.80 -
Dbuz04254-RA         -            350 56578at7147          -            490   4.4e-10   39.0   0.0   1   2     3e-06    0.0004   19.3   0.0   331   363     8    40     4    61 0.85 -
Dbuz04254-RA         -            350 56578at7147          -            490   4.4e-10   39.0   0.0   2   2   7.6e-06     0.001   18.0   0.0   314   362    74   118    45   194 0.77 -
Dbuz12240-RA         -            105 56578at7147          -            490   4.6e-10   38.9   1.5   1   2     0.011       1.6    7.5   0.1     6    30     4    28     1    40 0.72 -
Dbuz12240-RA         -            105 56578at7147          -            490   4.6e-10   38.9   1.5   2   2   5.1e-10   6.9e-08   31.7   0.4    61   124    37    99    28   101 0.89 -
Dbuz00548-RA         -            705 56578at7147          -            490   5.2e-10   38.7   8.2   1   2   8.3e-06    0.0011   17.8   7.6   194   400    13   235     2   240 0.54 -
Dbuz00548-RA         -            705 56578at7147          -            490   5.2e-10   38.7   8.2   2   2   2.6e-06   0.00036   19.5   0.0   329   438   264   373   250   403 0.65 -
Dbuz10212-RA         -             89 56578at7147          -            490   8.2e-10   38.1   0.0   1   1   6.4e-12   8.7e-10   38.0   0.0   328   392     8    70     2    88 0.80 -
Dbuz08824-RA         -            687 56578at7147          -            490   8.3e-10   38.1  32.6   1   3   4.8e-06   0.00064   18.6   3.9   294   389    47   140    24   214 0.70 -
Dbuz08824-RA         -            687 56578at7147          -            490   8.3e-10   38.1  32.6   2   3   7.1e-08   9.6e-06   24.7   4.7   275   420   201   348   162   388 0.60 -
Dbuz08824-RA         -            687 56578at7147          -            490   8.3e-10   38.1  32.6   3   3    0.0089       1.2    7.8   1.5   306   426   379   510   366   537 0.66 -
Dbuz01089-RA         -            476 56578at7147          -            490   1.7e-09   37.1  10.4   1   4   0.00024     0.033   13.0   0.0   329   393     6    65     2    77 0.85 -
Dbuz01089-RA         -            476 56578at7147          -            490   1.7e-09   37.1  10.4   2   4   5.6e-07   7.5e-05   21.7   0.1   325   440    90   209    83   225 0.75 -
Dbuz01089-RA         -            476 56578at7147          -            490   1.7e-09   37.1  10.4   3   4      0.21        29    3.3   4.5   323   432   217   313   205   375 0.56 -
Dbuz01089-RA         -            476 56578at7147          -            490   1.7e-09   37.1  10.4   4   4       5.8   7.9e+02   -1.4   0.1   153   190   400   437   389   467 0.73 -
Dbuz06934-RA         -            347 56578at7147          -            490   1.7e-09   37.1   0.1   1   2    0.0097       1.3    7.7   0.0   323   381   110   166    73   184 0.81 -
Dbuz06934-RA         -            347 56578at7147          -            490   1.7e-09   37.1   0.1   2   2   9.5e-09   1.3e-06   27.6   0.0   329   417   202   290   169   337 0.80 -
Dbuz08749-RA         -            331 56578at7147          -            490     2e-09   36.8   0.0   1   3       3.8   5.1e+02   -0.8   0.0   366   388    41    63     4    75 0.56 -
Dbuz08749-RA         -            331 56578at7147          -            490     2e-09   36.8   0.0   2   3   5.7e-07   7.8e-05   21.7   0.0   320   387    85   149    57   155 0.79 -
Dbuz08749-RA         -            331 56578at7147          -            490     2e-09   36.8   0.0   3   3   0.00058     0.079   11.8   0.0   332   383   249   298   237   313 0.79 -
Dbuz04525-RA         -            117 56578at7147          -            490   4.6e-08   32.3   0.0   1   1   3.5e-10   4.8e-08   32.3   0.0   319   391    35   105     1   110 0.71 -
Dbuz04523-RA         -            129 56578at7147          -            490   7.3e-08   31.7   0.0   1   1   5.6e-10   7.6e-08   31.6   0.0   328   417    42   125     9   128 0.85 -
Dbuz07076-RA         -            216 56578at7147          -            490   1.7e-07   30.5   0.6   1   2   0.00073     0.099   11.4   0.0   329   383     6    59     2    78 0.73 -
Dbuz07076-RA         -            216 56578at7147          -            490   1.7e-07   30.5   0.6   2   2   8.2e-06    0.0011   17.9   0.1   305   363   117   175    84   194 0.84 -
Dbuz02597-RA         -            771 56578at7147          -            490   3.7e-07   29.4   0.4   1   2   2.7e-09   3.7e-07   29.4   0.4   330   487     4   141     1   160 0.67 -
Dbuz02597-RA         -            771 56578at7147          -            490   3.7e-07   29.4   0.4   2   2       5.7   7.7e+02   -1.4   2.9   260   313   225   275   210   277 0.46 -
Dbuz06649-RA         -            935 56578at7147          -            490   5.3e-07   28.8   4.7   1   3       2.6   3.5e+02   -0.3   1.0   220   324    24   129    10   135 0.46 -
Dbuz06649-RA         -            935 56578at7147          -            490   5.3e-07   28.8   4.7   2   3   3.9e-09   5.3e-07   28.8   4.7   265   387   133   252    90   262 0.61 -
Dbuz06649-RA         -            935 56578at7147          -            490   5.3e-07   28.8   4.7   3   3       7.4     1e+03   -1.8   7.3   396   440   844   883   747   934 0.53 -
Dbuz11196-RA         -            615 56578at7147          -            490   5.4e-07   28.8  11.8   1   2   3.1e-05    0.0042   16.0   0.0   295   393    74   170    55   175 0.76 -
Dbuz11196-RA         -            615 56578at7147          -            490   5.4e-07   28.8  11.8   2   2   1.9e-05    0.0026   16.7   0.0   326   396   202   270   175   284 0.81 -
Dbuz05540-RA         -            254 56578at7147          -            490   6.8e-07   28.5   0.0   1   1   7.4e-09     1e-06   27.9   0.0   331   394    57   117    54   149 0.85 -
Dbuz11644-RA         -            244 56578at7147          -            490   1.9e-06   27.0   0.0   1   1   2.2e-08     3e-06   26.3   0.0   331   391    52   109    49   122 0.91 -
Dbuz03505-RA         -            289 56578at7147          -            490   3.3e-06   26.2   1.2   1   2       5.7   7.7e+02   -1.4   0.3   229   266    47    84    11   114 0.55 -
Dbuz03505-RA         -            289 56578at7147          -            490   3.3e-06   26.2   1.2   2   2   3.9e-08   5.3e-06   25.5   0.0   329   393   211   273   205   278 0.92 -
Dbuz01844-RA         -            244 56578at7147          -            490   3.6e-06   26.1   2.1   1   2   3.7e-07     5e-05   22.3   0.0   328   438     5   103     2   140 0.73 -
Dbuz01844-RA         -            244 56578at7147          -            490   3.6e-06   26.1   2.1   2   2      0.27        37    3.0   1.2   379   470   146   239   134   243 0.58 -
Dbuz04526-RA         -            422 56578at7147          -            490   4.5e-06   25.8   0.9   1   2       5.6   7.6e+02   -1.4   0.7   255   292    41    78    24   103 0.44 -
Dbuz04526-RA         -            422 56578at7147          -            490   4.5e-06   25.8   0.9   2   2   3.3e-08   4.5e-06   25.8   0.9   168   415   177   416   147   421 0.58 -
Dbuz02075-RA         -            649 56578at7147          -            490   5.2e-06   25.5   8.3   1   1   3.9e-08   5.2e-06   25.5   8.3   281   486    18   212     2   219 0.67 -
Dbuz01583-RA         -            346 56578at7147          -            490   8.1e-06   24.9   0.2   1   2   6.9e-05    0.0093   14.8   0.0   332   386     4    56     1    68 0.84 -
Dbuz01583-RA         -            346 56578at7147          -            490   8.1e-06   24.9   0.2   2   2     0.014         2    7.2   0.0   324   381   100   152    70   169 0.75 -
Dbuz11219-RA         -            613 56578at7147          -            490   2.6e-05   23.3   0.0   1   2    0.0003      0.04   12.7   0.4   309   387   233   311   181   316 0.64 -
Dbuz11219-RA         -            613 56578at7147          -            490   2.6e-05   23.3   0.0   2   2   1.9e-07   2.6e-05   23.3   0.0   330   393   354   415   325   444 0.85 -
Dbuz05711-RA         -            225 56578at7147          -            490   6.7e-05   21.9   0.3   1   1   7.1e-07   9.7e-05   21.4   0.3   322   452    88   214    17   223 0.71 -
Dbuz03313-RA         -            154 56578at7147          -            490   7.1e-05   21.8   0.0   1   1   6.2e-07   8.5e-05   21.6   0.0   311   380    11    78     2    95 0.75 -
Dbuz04421-RA         -            121 56578at7147          -            490     9e-05   21.5   0.1   1   1   7.4e-07    0.0001   21.3   0.1   329   415    14   105     2   119 0.64 -
Dbuz08979-RA         -            183 56578at7147          -            490   9.7e-05   21.4   0.1   1   1   1.3e-06   0.00017   20.6   0.0   320   391    24    93     5    98 0.82 -
Dbuz08465-RA         -            340 56578at7147          -            490   0.00013   20.9   0.1   1   2     0.023       3.1    6.5   0.0   330   396    13    80     6    83 0.79 -
Dbuz08465-RA         -            340 56578at7147          -            490   0.00013   20.9   0.1   2   2   0.00034     0.047   12.5   0.0   321   395    91   164    81   204 0.78 -
Dbuz12892-RA         -            603 56578at7147          -            490   0.00016   20.6   0.0   1   1   1.2e-06   0.00016   20.6   0.0   313   392   123   202    96   207 0.71 -
Dbuz00860-RA         -            336 56578at7147          -            490   0.00027   19.9   0.0   1   1   3.5e-06   0.00047   19.1   0.0   329   403   119   190     7   212 0.86 -
Dbuz00562-RA         -            366 56578at7147          -            490   0.00028   19.8   1.1   1   2   2.1e-06   0.00028   19.8   1.1   332   411    53   138    44   203 0.62 -
Dbuz00562-RA         -            366 56578at7147          -            490   0.00028   19.8   1.1   2   2       3.8   5.1e+02   -0.8   3.6   132   187   271   326   248   365 0.44 -
Dbuz08442-RA         -            555 56578at7147          -            490   0.00044   19.2  68.8   1   3   0.00051     0.069   12.0  51.5   131   396    11   238     4   246 0.48 -
Dbuz08442-RA         -            555 56578at7147          -            490   0.00044   19.2  68.8   2   3   0.00098      0.13   11.0   0.0   329   391   258   318   245   330 0.84 -
Dbuz08442-RA         -            555 56578at7147          -            490   0.00044   19.2  68.8   3   3       1.1   1.5e+02    0.9   7.9   179   305   436   495   366   551 0.48 -
Dbuz11307-RA         -            414 56578at7147          -            490   0.00045   19.2  10.8   1   1   5.3e-06   0.00072   18.5  10.8   255   473   181   392   165   408 0.61 -
Dbuz04522-RA         -            249 56578at7147          -            490   0.00047   19.1   7.4   1   1   3.5e-06   0.00047   19.1   7.4   314   408   139   234    89   245 0.58 -
Dbuz07676-RA         -            211 56578at7147          -            490   0.00057   18.8   1.4   1   1   5.7e-06   0.00077   18.4   1.4   335   464    38   171    27   205 0.58 -
Dbuz06397-RA         -            428 56578at7147          -            490   0.00097   18.1   1.4   1   2      0.02       2.7    6.7   1.1   278   351    50   122     4   128 0.59 -
Dbuz06397-RA         -            428 56578at7147          -            490   0.00097   18.1   1.4   2   2    0.0049      0.66    8.7   0.0   328   387   220   277   213   284 0.84 -
Dbuz06262-RA         -            148 56578at7147          -            490     0.001   18.0   2.2   1   1   1.3e-05    0.0018   17.2   2.2   329   466    10   128     4   146 0.67 -
Dbuz06623-RA         -            793 56578at7147          -            490    0.0015   17.5   0.0   1   1   2.6e-05    0.0035   16.2   0.0   330   384   315   366   305   376 0.82 -
Dbuz07070-RA         -            777 56578at7147          -            490     0.002   17.1   0.1   1   2   1.4e-05     0.002   17.1   0.1   316   388   574   646   538   655 0.69 -
Dbuz07070-RA         -            777 56578at7147          -            490     0.002   17.1   0.1   2   2         4   5.5e+02   -0.9   1.3   426   451   729   752   683   775 0.46 -
Dbuz07738-RA         -           3313 56578at7147          -            490    0.0021   17.0   0.0   1   7   1.5e-05    0.0021   17.0   0.0   328   392   189   247   173   250 0.87 -
Dbuz07738-RA         -           3313 56578at7147          -            490    0.0021   17.0   0.0   2   7         2   2.6e+02    0.1   0.5   269   327   551   607   525   612 0.60 -
Dbuz07738-RA         -           3313 56578at7147          -            490    0.0021   17.0   0.0   3   7       1.1   1.5e+02    0.9   4.0   255   311   667   725   644   744 0.53 -
Dbuz07738-RA         -           3313 56578at7147          -            490    0.0021   17.0   0.0   4   7       8.1   1.1e+03   -1.9  15.8   257   308   883   930   821   951 0.60 -
Dbuz07738-RA         -           3313 56578at7147          -            490    0.0021   17.0   0.0   5   7       4.6   6.2e+02   -1.1   1.4   401   466   938  1008   933  1025 0.51 -
Dbuz07738-RA         -           3313 56578at7147          -            490    0.0021   17.0   0.0   6   7       8.6   1.2e+03   -2.0   8.3   228   339  2496  2610  2379  2616 0.43 -
Dbuz07738-RA         -           3313 56578at7147          -            490    0.0021   17.0   0.0   7   7       7.4     1e+03   -1.8   0.3   200   274  3042  3118  3037  3129 0.45 -
Dbuz11812-RA         -            290 56578at7147          -            490    0.0025   16.7  22.6   1   2         4   5.5e+02   -0.9   0.7   266   289    17    38     4    67 0.46 -
Dbuz11812-RA         -            290 56578at7147          -            490    0.0025   16.7  22.6   2   2   1.8e-05    0.0025   16.7  22.6   194   275   150   233   100   250 0.62 -
Dbuz04188-RA         -            721 56578at7147          -            490    0.0049   15.7   0.0   1   1   3.6e-05    0.0049   15.7   0.0   330   393   464   527   440   557 0.83 -
Dbuz11470-RA         -            533 56578at7147          -            490    0.0058   15.5   0.0   1   1   6.7e-05    0.0091   14.9   0.0   326   389    20    80    10    90 0.83 -
Dbuz11783-RA         -            866 56578at7147          -            490    0.0096   14.8   6.6   1   1   0.00014     0.019   13.8   6.6   188   239    29    75     4   102 0.63 -
Dbuz06915-RA         -            303 56578at7147          -            490    0.0098   14.8  12.8   1   2   7.2e-05    0.0098   14.8  12.8   256   303    72   121    61   141 0.59 -
Dbuz06915-RA         -            303 56578at7147          -            490    0.0098   14.8  12.8   2   2      0.48        66    2.1   4.0   261   296   218   250   203   282 0.51 -
Dbuz06207-RA         -            225 56578at7147          -            490      0.01   14.7  26.3   1   2    0.0033      0.45    9.3  14.7   174   276    40   139    12   148 0.60 -
Dbuz06207-RA         -            225 56578at7147          -            490      0.01   14.7  26.3   2   2   0.00071     0.097   11.5   3.7   255   297   166   205   154   222 0.42 -
Dbuz04552-RA         -            502 56578at7147          -            490     0.011   14.6   9.9   1   1    0.0001     0.014   14.2   9.9   222   316   103   195     7   200 0.69 -
Dbuz01031-RA         -            510 56578at7147          -            490     0.015   14.1  21.6   1   2    0.0041      0.55    9.0  10.4   172   245    30   103     6   163 0.53 -
Dbuz01031-RA         -            510 56578at7147          -            490     0.015   14.1  21.6   2   2    0.0011      0.15   10.8   3.3   256   304   191   248   176   291 0.53 -
Dbuz05070-RA         -            336 56578at7147          -            490     0.016   14.0  18.9   1   1   0.00017     0.023   13.5  18.9   211   280   255   322   215   335 0.69 -
Dbuz03347-RA         -            150 56578at7147          -            490     0.017   13.9   0.0   1   1   0.00016     0.021   13.7   0.0   325   420    18   102     4   125 0.69 -
Dbuz02539-RA         -            428 56578at7147          -            490     0.017   13.9   0.0   1   1   0.00021     0.029   13.2   0.0   330   365   232   267   212   279 0.86 -
Dbuz08637-RA         -            135 56578at7147          -            490     0.027   13.3   0.3   1   1   0.00055     0.075   11.8   0.3    15   126    18   131    13   133 0.77 -
Dbuz12015-RA         -            321 56578at7147          -            490     0.036   12.9   0.0   1   1   0.00041     0.055   12.3   0.0   330   365   210   245   204   294 0.89 -
Dbuz00470-RA         -             97 56578at7147          -            490     0.042   12.7  10.4   1   1   0.00033     0.044   12.6  10.4   187   256     6    79     1    92 0.53 -
Dbuz04357-RA         -            901 56578at7147          -            490     0.042   12.7   1.3   1   1   0.00048     0.065   12.0   1.3   240   279   521   560   514   598 0.80 -
Dbuz06095-RA         -            165 56578at7147          -            490     0.042   12.6   0.0   1   1   0.00035     0.048   12.5   0.0   309   384    53   125    13   140 0.69 -
Dbuz04432-RA         -            375 56578at7147          -            490     0.046   12.5   0.1   1   1   0.00068     0.092   11.5   0.1   330   414    23    97    17   133 0.71 -
Dbuz04385-RA         -           1006 56578at7147          -            490     0.052   12.4   4.3   1   1   0.00061     0.083   11.7   4.3   242   279    10    49     3    88 0.71 -
Dbuz07385-RA         -            808 56578at7147          -            490     0.058   12.2   5.2   1   1   0.00079      0.11   11.3   5.2   181   289   100   217    51   272 0.63 -
Dbuz12670-RA         -            871 56578at7147          -            490     0.071   11.9  72.3   1   3     0.032       4.3    6.0  32.1   156   317    20   179     7   194 0.58 -
Dbuz12670-RA         -            871 56578at7147          -            490     0.071   11.9  72.3   2   3     0.022         3    6.6   8.5   261   306   264   312   250   326 0.46 -
Dbuz12670-RA         -            871 56578at7147          -            490     0.071   11.9  72.3   3   3   0.00074       0.1   11.4  15.7   198   280   696   769   674   803 0.57 -
Dbuz11410-RA         -           1135 56578at7147          -            490      0.08   11.7  34.7   1   2   5.8e-05    0.0079   15.1  14.8   211   289   420   510   403   560 0.59 -
Dbuz11410-RA         -           1135 56578at7147          -            490      0.08   11.7  34.7   2   2      0.48        66    2.1  11.9   259   319  1041  1108  1026  1121 0.40 -
Dbuz00886-RA         -             73 56578at7147          -            490      0.12   11.2   9.8   1   1   0.00094      0.13   11.1   9.8   247   293    15    61     2    71 0.40 -
Dbuz12403-RA         -            225 56578at7147          -            490      0.19   10.5   0.0   1   1    0.0014      0.19   10.5   0.0   328   357    91   120    60   147 0.89 -
Dbuz05306-RA         -             73 56578at7147          -            490      0.19   10.5  13.8   1   1    0.0016      0.21   10.4  13.8   215   274     4    62     1    72 0.56 -
Dbuz08787-RA         -           1113 56578at7147          -            490      0.22   10.3  15.8   1   1   0.00047     0.064   12.1  12.8   166   298   926  1047   876  1079 0.63 -
Dbuz07453-RA         -            352 56578at7147          -            490      0.22   10.3   9.0   1   1    0.0024      0.33    9.7   9.0   214   302    26   112    12   121 0.44 -
Dbuz06427-RA         -            574 56578at7147          -            490      0.24   10.2   4.5   1   1    0.0023      0.31    9.8   4.5   262   302     5    47     1    78 0.67 -
Dbuz02023-RA         -           1073 56578at7147          -            490      0.33    9.7  25.4   1   2    0.0075         1    8.1   7.4   232   283   787   840   723   871 0.69 -
Dbuz02023-RA         -           1073 56578at7147          -            490      0.33    9.7  25.4   2   2    0.0073         1    8.1   8.6   218   289   964  1030   926  1056 0.50 -
Dbuz02617-RA         -            533 56578at7147          -            490      0.34    9.7  32.4   1   1    0.0054      0.74    8.6  32.4   185   325    19   155     4   162 0.61 -
Dbuz03545-RA         -            173 56578at7147          -            490      0.46    9.2   9.8   1   2   0.00037      0.05   12.4   1.3   241   274    58    91    14   109 0.74 -
Dbuz03545-RA         -            173 56578at7147          -            490      0.46    9.2   9.8   2   2      0.54        73    2.0   1.8   256   275   142   162   133   173 0.45 -
Dbuz05247-RA         -            485 56578at7147          -            490       0.5    9.1  11.7   1   1    0.0061      0.82    8.4  11.7   210   333   293   422   281   437 0.52 -
Dbuz07021-RA         -            470 56578at7147          -            490      0.73    8.6   8.6   1   2    0.0048      0.65    8.8   7.1   171   309    66   203    39   226 0.58 -
Dbuz07021-RA         -            470 56578at7147          -            490      0.73    8.6   8.6   2   2       8.8   1.2e+03   -2.0   0.0   168   198   291   322   266   336 0.68 -
Dbuz02771-RA         -            925 56578at7147          -            490      0.89    8.3  63.3   1   4      0.35        48    2.6   9.9   239   283    19    66     3    79 0.52 -
Dbuz02771-RA         -            925 56578at7147          -            490      0.89    8.3  63.3   2   4   0.00016     0.021   13.6  15.6   188   278   156   247   125   284 0.66 -
Dbuz02771-RA         -            925 56578at7147          -            490      0.89    8.3  63.3   3   4      0.91   1.2e+02    1.2   6.2   408   462   447   506   362   537 0.59 -
Dbuz02771-RA         -            925 56578at7147          -            490      0.89    8.3  63.3   4   4    0.0041      0.55    9.0   7.6   253   288   840   876   814   917 0.64 -
Dbuz09358-RA         -            260 56578at7147          -            490       1.7    7.4  10.1   1   1     0.015         2    7.1  10.1   204   306    87   188    54   216 0.54 -
Dbuz04856-RA         -            315 56578at7147          -            490         2    7.1  15.0   1   1     0.022         3    6.5  15.0   227   310   196   277   154   295 0.53 -
Dbuz03374-RA         -            324 56578at7147          -            490       2.4    6.9  20.3   1   1     0.029         4    6.1  20.3   227   302    77   145    13   190 0.51 -
Dbuz05698-RA         -            299 56578at7147          -            490       3.2    6.5  24.5   1   2     0.032       4.3    6.0  13.3   260   312    36    84    16   107 0.49 -
Dbuz05698-RA         -            299 56578at7147          -            490       3.2    6.5  24.5   2   2     0.024       3.2    6.5   3.3   249   289   192   231   151   276 0.56 -
Dbuz03572-RA         -            454 56578at7147          -            490       4.1    6.1  24.1   1   2      0.19        25    3.5  15.0   250   333    58   141    45   146 0.65 -
Dbuz03572-RA         -            454 56578at7147          -            490       4.1    6.1  24.1   2   2    0.0083       1.1    8.0   1.6   196   269   208   287   177   312 0.66 -
Dbuz02197-RA         -            535 56578at7147          -            490       6.8    5.4  22.6   1   2     0.003       0.4    9.4  14.3   236   353    34   147     8   153 0.59 -
Dbuz02197-RA         -            535 56578at7147          -            490       6.8    5.4  22.6   2   2       1.3   1.8e+02    0.7   1.2   441   473   389   421   366   440 0.53 -
Dbuz10649-RA         -           1702 56578at7147          -            490       7.3    5.3  13.3   1   2     0.031       4.2    6.1   2.6   211   279    31   101     8   110 0.60 -
Dbuz10649-RA         -           1702 56578at7147          -            490       7.3    5.3  13.3   2   2      0.12        17    4.1   3.2   243   291   309   361   262   398 0.58 -
#
# Program:         hmmsearch
# Version:         3.1b2 (February 2015)
# Pipeline mode:   SEARCH
# Query file:      /home/nmoreyra/Documents/Genomics/03_orthologs_search/00_Phylogenomics_BUSCO-groups/busco4_odb10/busco_downloads/lineages/diptera_odb10/hmms/56578at7147.hmm
# Target file:     /home/nmoreyra/Documents/Genomics/03_orthologs_search/00_Phylogenomics_BUSCO-groups/busco4_odb10/../00_proteins/Dbuz_proteins.fasta
# Option settings: /home/nmoreyra/Software/miniconda3/envs/busco4/bin/hmmsearch --domtblout /home/nmoreyra/Documents/Genomics/03_orthologs_search/00_Phylogenomics_BUSCO-groups/busco4_odb10/Dbuz_diptera/run_diptera_odb10/hmmer_output/initial_run_results/56578at7147.out --cpu 1 /home/nmoreyra/Documents/Genomics/03_orthologs_search/00_Phylogenomics_BUSCO-groups/busco4_odb10/busco_downloads/lineages/diptera_odb10/hmms/56578at7147.hmm /home/nmoreyra/Documents/Genomics/03_orthologs_search/00_Phylogenomics_BUSCO-groups/busco4_odb10/../00_proteins/Dbuz_proteins.fasta 
# Current dir:     /home/nmoreyra/Documents/Genomics/03_orthologs_search/00_Phylogenomics_BUSCO-groups/busco4_odb10
# Date:            Mon Jan 25 13:22:07 2021
# [ok]
