#                                                                            --- full sequence --- -------------- this domain -------------   hmm coord   ali coord   env coord
# target name        accession   tlen query name           accession   qlen   E-value  score  bias   #  of  c-Evalue  i-Evalue  score  bias  from    to  from    to  from    to  acc description of target
#------------------- ---------- ----- -------------------- ---------- ----- --------- ------ ----- --- --- --------- --------- ------ ----- ----- ----- ----- ----- ----- ----- ---- ---------------------
Dbuz05026-RA         -            643 57117at7147          -            328  5.2e-125  416.8  35.3   1   4   1.2e-58   8.1e-56  189.4   9.6     2    92    51   150    50   203 0.86 -
Dbuz05026-RA         -            643 57117at7147          -            328  5.2e-125  416.8  35.3   2   4    0.0034       2.3    7.1   2.7    92   122   271   302   233   313 0.81 -
Dbuz05026-RA         -            643 57117at7147          -            328  5.2e-125  416.8  35.3   3   4   2.9e-06     0.002   17.2   0.6    87   144   302   356   298   367 0.73 -
Dbuz05026-RA         -            643 57117at7147          -            328  5.2e-125  416.8  35.3   4   4   2.9e-66     2e-63  214.4   3.2   138   328   416   639   403   639 0.86 -
Dbuz08737-RA         -            486 57117at7147          -            328   1.5e-38  132.6  24.7   1   3     2e-33   1.4e-30  106.4  16.8     5    75    86   156    82   165 0.95 -
Dbuz08737-RA         -            486 57117at7147          -            328   1.5e-38  132.6  24.7   2   3    0.0002      0.13   11.2   0.0   161   209   262   313   240   321 0.87 -
Dbuz08737-RA         -            486 57117at7147          -            328   1.5e-38  132.6  24.7   3   3   5.6e-06    0.0037   16.3   0.2   229   318   359   467   343   474 0.73 -
Dbuz09289-RA         -            612 57117at7147          -            328   6.1e-38  130.6  17.4   1   2   2.4e-28   1.6e-25   89.8   9.4     6    76   132   203   129   222 0.93 -
Dbuz09289-RA         -            612 57117at7147          -            328   6.1e-38  130.6  17.4   2   2   5.1e-14   3.4e-11   42.7   1.0   157   320   407   606   389   611 0.69 -
Dbuz00746-RA         -            450 57117at7147          -            328   2.4e-35  122.1   9.9   1   3   5.3e-23   3.6e-20   72.2   7.0     7    76    34   105    31   147 0.91 -
Dbuz00746-RA         -            450 57117at7147          -            328   2.4e-35  122.1   9.9   2   3   4.6e-13   3.1e-10   39.6   0.0   161   266   228   339   219   349 0.81 -
Dbuz00746-RA         -            450 57117at7147          -            328   2.4e-35  122.1   9.9   3   3   0.00064      0.43    9.5   0.0   279   320   400   441   378   446 0.81 -
Dbuz01532-RA         -            704 57117at7147          -            328   9.7e-31  106.9  14.2   1   5   4.3e-22   2.9e-19   69.2   9.2    25    75    37    87    31    91 0.94 -
Dbuz01532-RA         -            704 57117at7147          -            328   9.7e-31  106.9  14.2   2   5   5.5e-16   3.7e-13   49.2   0.2   158   268   155   273   147   293 0.82 -
Dbuz01532-RA         -            704 57117at7147          -            328   9.7e-31  106.9  14.2   3   5         1     7e+02   -1.1   0.2   237   283   313   360   308   374 0.76 -
Dbuz01532-RA         -            704 57117at7147          -            328   9.7e-31  106.9  14.2   4   5       2.6   1.7e+03   -2.3   0.0   279   301   582   604   571   609 0.81 -
Dbuz01532-RA         -            704 57117at7147          -            328   9.7e-31  106.9  14.2   5   5         7   4.7e+03   -3.8   1.3    87   125   630   668   598   690 0.51 -
Dbuz12145-RA         -            448 57117at7147          -            328     7e-27   94.3   7.4   1   1   2.6e-29   1.8e-26   92.9   7.4     4   100     9   112     5   136 0.74 -
Dbuz08741-RA         -            754 57117at7147          -            328   2.5e-24   85.8  13.2   1   3   3.8e-27   2.5e-24   85.8  13.2     6   140   172   308   170   313 0.84 -
Dbuz08741-RA         -            754 57117at7147          -            328   2.5e-24   85.8  13.2   2   3    0.0038       2.5    7.0   6.6    53   209   408   573   402   578 0.67 -
Dbuz08741-RA         -            754 57117at7147          -            328   2.5e-24   85.8  13.2   3   3       1.4   9.4e+02   -1.5   0.6   224   280   646   705   624   744 0.58 -
Dbuz10490-RA         -            859 57117at7147          -            328   1.5e-21   76.7  12.5   1   3       2.8   1.9e+03   -2.5   0.1    53    67    42    56    38   106 0.76 -
Dbuz10490-RA         -            859 57117at7147          -            328   1.5e-21   76.7  12.5   2   3   2.3e-24   1.5e-21   76.7  12.5     3    73   513   583   511   591 0.95 -
Dbuz10490-RA         -            859 57117at7147          -            328   1.5e-21   76.7  12.5   3   3     0.013       8.5    5.2   0.1   272   321   801   850   696   857 0.85 -
Dbuz01166-RA         -            966 57117at7147          -            328   2.5e-18   66.2  10.2   1   2   3.7e-21   2.5e-18   66.2  10.2     6    74     9    78     5   106 0.85 -
Dbuz01166-RA         -            966 57117at7147          -            328   2.5e-18   66.2  10.2   2   2      0.84   5.6e+02   -0.7   1.0   179   221   131   176   113   223 0.65 -
Dbuz10807-RA         -            799 57117at7147          -            328   1.7e-16   60.2  12.4   1   3       2.1   1.4e+03   -2.1   1.5   135   150   180   195   136   245 0.57 -
Dbuz10807-RA         -            799 57117at7147          -            328   1.7e-16   60.2  12.4   2   3   2.5e-19   1.7e-16   60.2  12.4     7   145   419   551   415   568 0.70 -
Dbuz10807-RA         -            799 57117at7147          -            328   1.7e-16   60.2  12.4   3   3    0.0022       1.4    7.8   0.1   162   204   706   751   700   759 0.87 -
Dbuz11828-RA         -            871 57117at7147          -            328   1.5e-15   57.0   7.8   1   1   2.8e-15   1.9e-12   46.8   7.8    47   322    72   355    68   360 0.71 -
Dbuz10710-RA         -            658 57117at7147          -            328   4.8e-15   55.3   0.8   1   1   7.2e-18   4.8e-15   55.3   0.8   156   320   457   645   418   652 0.78 -
Dbuz03447-RA         -             84 57117at7147          -            328   9.3e-14   51.1   6.9   1   1   1.4e-16   9.6e-14   51.1   6.9    28    79     2    53     1    80 0.89 -
Dbuz05046-RA         -            643 57117at7147          -            328   1.8e-13   50.2   9.8   1   2   2.7e-16   1.8e-13   50.2   9.8     6    74     4    73     2   115 0.90 -
Dbuz05046-RA         -            643 57117at7147          -            328   1.8e-13   50.2   9.8   2   2       3.1   2.1e+03   -2.6   3.7    93   116   568   590   536   624 0.44 -
Dbuz07110-RA         -            367 57117at7147          -            328   1.1e-12   47.7  12.4   1   1   2.6e-15   1.8e-12   46.9  12.1     5    74     3    73     2   140 0.84 -
Dbuz05049-RA         -            506 57117at7147          -            328   2.1e-12   46.7  10.2   1   2   3.2e-15   2.1e-12   46.7  10.2     5    73     8    77     4    83 0.91 -
Dbuz05049-RA         -            506 57117at7147          -            328   2.1e-12   46.7  10.2   2   2       8.7   5.8e+03   -4.1   0.3    96   126   442   471   429   478 0.50 -
Dbuz00612-RA         -           1015 57117at7147          -            328   8.1e-08   31.6   3.4   1   3   1.2e-10   8.1e-08   31.6   3.4    27    76   272   321   267   373 0.81 -
Dbuz00612-RA         -           1015 57117at7147          -            328   8.1e-08   31.6   3.4   2   3       2.4   1.6e+03   -2.2   0.1    74   135   401   465   398   473 0.65 -
Dbuz00612-RA         -           1015 57117at7147          -            328   8.1e-08   31.6   3.4   3   3       2.3   1.6e+03   -2.2   0.0   219   244   821   848   813   886 0.53 -
Dbuz09119-RA         -            472 57117at7147          -            328   6.2e-06   25.4   5.2   1   2   8.5e-08   5.7e-05   22.2   2.8    37    75   123   161   119   235 0.82 -
Dbuz09119-RA         -            472 57117at7147          -            328   6.2e-06   25.4   5.2   2   2     0.051        34    3.2   0.0   173   204   291   325   286   422 0.87 -
Dbuz11870-RA         -            287 57117at7147          -            328     0.006   15.6   1.2   1   1   1.4e-05    0.0091   15.0   1.2    54    75     4    25     1    60 0.76 -
#
# Program:         hmmsearch
# Version:         3.1b2 (February 2015)
# Pipeline mode:   SEARCH
# Query file:      /home/nmoreyra/Documents/Genomics/03_orthologs_search/00_Phylogenomics_BUSCO-groups/busco4_odb10/busco_downloads/lineages/diptera_odb10/hmms/57117at7147.hmm
# Target file:     /home/nmoreyra/Documents/Genomics/03_orthologs_search/00_Phylogenomics_BUSCO-groups/busco4_odb10/../00_proteins/Dbuz_proteins.fasta
# Option settings: /home/nmoreyra/Software/miniconda3/envs/busco4/bin/hmmsearch --domtblout /home/nmoreyra/Documents/Genomics/03_orthologs_search/00_Phylogenomics_BUSCO-groups/busco4_odb10/Dbuz_diptera/run_diptera_odb10/hmmer_output/initial_run_results/57117at7147.out --cpu 1 /home/nmoreyra/Documents/Genomics/03_orthologs_search/00_Phylogenomics_BUSCO-groups/busco4_odb10/busco_downloads/lineages/diptera_odb10/hmms/57117at7147.hmm /home/nmoreyra/Documents/Genomics/03_orthologs_search/00_Phylogenomics_BUSCO-groups/busco4_odb10/../00_proteins/Dbuz_proteins.fasta 
# Current dir:     /home/nmoreyra/Documents/Genomics/03_orthologs_search/00_Phylogenomics_BUSCO-groups/busco4_odb10
# Date:            Mon Jan 25 13:21:07 2021
# [ok]
