#                                                                            --- full sequence --- -------------- this domain -------------   hmm coord   ali coord   env coord
# target name        accession   tlen query name           accession   qlen   E-value  score  bias   #  of  c-Evalue  i-Evalue  score  bias  from    to  from    to  from    to  acc description of target
#------------------- ---------- ----- -------------------- ---------- ----- --------- ------ ----- --- --- --------- --------- ------ ----- ----- ----- ----- ----- ----- ----- ---- ---------------------
Dbuz03418-RA         -            326 60061at7147          -            257  3.3e-133  442.1  38.7   1   3   7.4e-24   6.3e-21   74.2   0.1     1    47     1    47     1    52 0.96 -
Dbuz03418-RA         -            326 60061at7147          -            257  3.3e-133  442.1  38.7   2   3   1.2e-77     1e-74  250.4  31.6    40   183    72   215    69   231 0.96 -
Dbuz03418-RA         -            326 60061at7147          -            257  3.3e-133  442.1  38.7   3   3   4.1e-38   3.5e-35  120.9   0.0   180   257   243   323   237   323 0.96 -
Dbuz03420-RA         -            722 60061at7147          -            257   3.3e-13   48.9  34.0   1   3       2.1   1.8e+03   -2.7   1.1    80   126   239   285   217   290 0.69 -
Dbuz03420-RA         -            722 60061at7147          -            257   3.3e-13   48.9  34.0   2   3   1.2e-07    0.0001   21.1  24.1    86   202   344   460   340   472 0.78 -
Dbuz03420-RA         -            722 60061at7147          -            257   3.3e-13   48.9  34.0   3   3   7.1e-12     6e-09   34.9   0.0   179   255   468   550   456   552 0.84 -
Dbuz07399-RA         -            823 60061at7147          -            257   2.8e-10   39.3   2.2   1   3       1.5   1.3e+03   -2.2   0.2    66    99    55    89    50    98 0.72 -
Dbuz07399-RA         -            823 60061at7147          -            257   2.8e-10   39.3   2.2   2   3   4.2e-07   0.00036   19.3   0.0     5    42   632   669   629   676 0.89 -
Dbuz07399-RA         -            823 60061at7147          -            257   2.8e-10   39.3   2.2   3   3   7.4e-07   0.00063   18.5   0.0     4    44   698   737   696   745 0.90 -
Dbuz01649-RA         -            723 60061at7147          -            257   2.1e-09   36.4   0.0   1   1   3.8e-12   3.2e-09   35.8   0.0     3    43    25    65    23    71 0.93 -
Dbuz06090-RA         -            412 60061at7147          -            257   1.1e-05   24.3   0.0   1   1   1.7e-08   1.5e-05   23.8   0.0   183   252   335   407   299   412 0.77 -
Dbuz06316-RA         -            551 60061at7147          -            257     3e-05   22.8   0.6   1   3       0.2   1.7e+02    0.7   0.1   136   195   100   133    94   173 0.57 -
Dbuz06316-RA         -            551 60061at7147          -            257     3e-05   22.8   0.6   2   3   3.6e-05     0.031   12.9   0.0     4    44   335   374   332   381 0.80 -
Dbuz06316-RA         -            551 60061at7147          -            257     3e-05   22.8   0.6   3   3    0.0089       7.5    5.1   0.0     4    37   429   461   427   469 0.85 -
Dbuz06468-RA         -            780 60061at7147          -            257    0.0039   15.9   0.7   1   2     0.018        15    4.1   0.0    39    68   509   536   480   542 0.89 -
Dbuz06468-RA         -            780 60061at7147          -            257    0.0039   15.9   0.7   2   2   0.00044      0.37    9.4   0.4    36    68   698   730   689   738 0.87 -
Dbuz02260-RA         -            918 60061at7147          -            257    0.0053   15.4   0.0   1   1   1.1e-05     0.009   14.7   0.0   187   256   422   500   410   501 0.72 -
Dbuz04136-RA         -            186 60061at7147          -            257     0.033   12.8   0.6   1   1   5.2e-05     0.044   12.4   0.6    84   112   129   157   116   183 0.85 -
Dbuz02387-RA         -            710 60061at7147          -            257      0.21   10.2  10.8   1   3     0.027        23    3.5   0.6    40    82   486   530   467   541 0.80 -
Dbuz02387-RA         -            710 60061at7147          -            257      0.21   10.2  10.8   2   3     0.015        13    4.4   0.3    36    74   539   576   535   585 0.85 -
Dbuz02387-RA         -            710 60061at7147          -            257      0.21   10.2  10.8   3   3    0.0014       1.2    7.7   0.3    31    95   619   683   598   697 0.82 -
Dbuz02707-RA         -            430 60061at7147          -            257      0.29    9.8  12.0   1   4     0.037        31    3.1   0.0    23    68    47    91    35    97 0.82 -
Dbuz02707-RA         -            430 60061at7147          -            257      0.29    9.8  12.0   2   4    0.0034       2.9    6.5   2.1    47    83    99   135    95   142 0.88 -
Dbuz02707-RA         -            430 60061at7147          -            257      0.29    9.8  12.0   3   4     0.014        12    4.5   0.2    42    70   148   176   137   201 0.80 -
Dbuz02707-RA         -            430 60061at7147          -            257      0.29    9.8  12.0   4   4       0.6   5.1e+02   -0.9   0.1    49    72   184   207   175   216 0.81 -
Dbuz03008-RA         -            174 60061at7147          -            257      0.32    9.6   2.2   1   2     0.012        10    4.7   0.1    36    67    67    98    46   104 0.86 -
Dbuz03008-RA         -            174 60061at7147          -            257      0.32    9.6   2.2   2   2     0.011       9.4    4.8   0.5    46    67   105   126    94   133 0.79 -
Dbuz11773-RA         -            910 60061at7147          -            257      0.54    8.9   3.2   1   2    0.0086       7.3    5.1   0.1    46    80   389   423   374   433 0.83 -
Dbuz11773-RA         -            910 60061at7147          -            257      0.54    8.9   3.2   2   2     0.027        23    3.5   0.7    47   117   457   534   446   569 0.61 -
Dbuz03006-RA         -            370 60061at7147          -            257      0.93    8.1   4.4   1   3     0.033        28    3.2   0.1    36    67   196   227   175   235 0.86 -
Dbuz03006-RA         -            370 60061at7147          -            257      0.93    8.1   4.4   2   3      0.11        93    1.5   0.3    46    67   234   255   224   264 0.80 -
Dbuz03006-RA         -            370 60061at7147          -            257      0.93    8.1   4.4   3   3     0.027        23    3.5   0.1    40    68   284   312   269   320 0.80 -
Dbuz02496-RA         -            406 60061at7147          -            257       1.7    7.2   6.0   1   2      0.04        34    3.0   3.3    44    90   254   300   248   314 0.77 -
Dbuz02496-RA         -            406 60061at7147          -            257       1.7    7.2   6.0   2   2     0.027        23    3.5   0.0    35    68   335   369   328   391 0.79 -
#
# Program:         hmmsearch
# Version:         3.1b2 (February 2015)
# Pipeline mode:   SEARCH
# Query file:      /home/nmoreyra/Documents/Genomics/03_orthologs_search/00_Phylogenomics_BUSCO-groups/busco4_odb10/busco_downloads/lineages/diptera_odb10/hmms/60061at7147.hmm
# Target file:     /home/nmoreyra/Documents/Genomics/03_orthologs_search/00_Phylogenomics_BUSCO-groups/busco4_odb10/../00_proteins/Dbuz_proteins.fasta
# Option settings: /home/nmoreyra/Software/miniconda3/envs/busco4/bin/hmmsearch --domtblout /home/nmoreyra/Documents/Genomics/03_orthologs_search/00_Phylogenomics_BUSCO-groups/busco4_odb10/Dbuz_diptera/run_diptera_odb10/hmmer_output/initial_run_results/60061at7147.out --cpu 1 /home/nmoreyra/Documents/Genomics/03_orthologs_search/00_Phylogenomics_BUSCO-groups/busco4_odb10/busco_downloads/lineages/diptera_odb10/hmms/60061at7147.hmm /home/nmoreyra/Documents/Genomics/03_orthologs_search/00_Phylogenomics_BUSCO-groups/busco4_odb10/../00_proteins/Dbuz_proteins.fasta 
# Current dir:     /home/nmoreyra/Documents/Genomics/03_orthologs_search/00_Phylogenomics_BUSCO-groups/busco4_odb10
# Date:            Mon Jan 25 13:22:28 2021
# [ok]
