#                                                                            --- full sequence --- -------------- this domain -------------   hmm coord   ali coord   env coord
# target name        accession   tlen query name           accession   qlen   E-value  score  bias   #  of  c-Evalue  i-Evalue  score  bias  from    to  from    to  from    to  acc description of target
#------------------- ---------- ----- -------------------- ---------- ----- --------- ------ ----- --- --- --------- --------- ------ ----- ----- ----- ----- ----- ----- ----- ---- ---------------------
Dbuz00684-RA         -           2454 610at7147            -           1894         0 3351.4  41.8   1   6    2e-239  1.1e-237  791.3   0.3     1   479    35   601    35   653 0.90 -
Dbuz00684-RA         -           2454 610at7147            -           1894         0 3351.4  41.8   2   6         0         0 1244.6   9.3   491  1099   677  1345   671  1348 0.93 -
Dbuz00684-RA         -           2454 610at7147            -           1894         0 3351.4  41.8   3   6   1.1e-68   6.3e-67  225.1   2.1  1088  1251  1367  1580  1351  1588 0.87 -
Dbuz00684-RA         -           2454 610at7147            -           1894         0 3351.4  41.8   4   6  1.5e-239  8.4e-238  791.7   0.0  1247  1658  1618  2085  1616  2089 0.93 -
Dbuz00684-RA         -           2454 610at7147            -           1894         0 3351.4  41.8   5   6   3.1e-94   1.7e-92  309.9   2.7  1656  1880  2136  2411  2125  2417 0.88 -
Dbuz00684-RA         -           2454 610at7147            -           1894         0 3351.4  41.8   6   6     0.096       5.4    3.2   0.2  1880  1894  2440  2454  2434  2454 0.92 -
Dbuz01268-RA         -            359 610at7147            -           1894   5.2e-48  162.4  24.4   1   5   4.9e-09   2.7e-07   27.4   0.2   372   475    15   121     4   124 0.86 -
Dbuz01268-RA         -            359 610at7147            -           1894   5.2e-48  162.4  24.4   2   5   8.3e-19   4.7e-17   59.8   0.6   367   477    79   192    76   204 0.92 -
Dbuz01268-RA         -            359 610at7147            -           1894   5.2e-48  162.4  24.4   3   5   1.2e-15   6.6e-14   49.3   0.9   374   477   132   238   125   242 0.92 -
Dbuz01268-RA         -            359 610at7147            -           1894   5.2e-48  162.4  24.4   4   5   9.2e-12   5.2e-10   36.4   0.3   369   460   173   267   170   271 0.92 -
Dbuz01268-RA         -            359 610at7147            -           1894   5.2e-48  162.4  24.4   5   5     5e-11   2.8e-09   34.0   0.3   377   455   227   308   225   320 0.92 -
Dbuz03965-RA         -            627 610at7147            -           1894   7.6e-37  125.4  18.6   1   5   4.7e-11   2.6e-09   34.1   0.4   371   471   148   251   137   259 0.90 -
Dbuz03965-RA         -            627 610at7147            -           1894   7.6e-37  125.4  18.6   2   5   1.9e-11   1.1e-09   35.4   0.4   370   456   216   305   213   311 0.87 -
Dbuz03965-RA         -            627 610at7147            -           1894   7.6e-37  125.4  18.6   3   5   1.1e-06   6.1e-05   19.6   0.0   371   451   309   393   305   396 0.88 -
Dbuz03965-RA         -            627 610at7147            -           1894   7.6e-37  125.4  18.6   4   5   1.9e-11   1.1e-09   35.3   0.9   368   463   400   499   390   501 0.88 -
Dbuz03965-RA         -            627 610at7147            -           1894   7.6e-37  125.4  18.6   5   5   1.3e-13   7.3e-12   42.5   4.3   371   475   473   581   468   593 0.87 -
Dbuz01056-RA         -           3798 610at7147            -           1894   2.7e-35  120.2   4.0   1   6   7.7e-11   4.3e-09   33.4   0.2    48   239   592   774   549   781 0.82 -
Dbuz01056-RA         -           3798 610at7147            -           1894   2.7e-35  120.2   4.0   2   6   2.2e-05    0.0012   15.2   0.0    56   167   796   904   780   969 0.74 -
Dbuz01056-RA         -           3798 610at7147            -           1894   2.7e-35  120.2   4.0   3   6   2.8e-07   1.6e-05   21.5   0.0    55   178   958  1079   911  1128 0.74 -
Dbuz01056-RA         -           3798 610at7147            -           1894   2.7e-35  120.2   4.0   4   6   0.00063     0.035   10.4   0.0    58   128  2297  2367  2287  2370 0.91 -
Dbuz01056-RA         -           3798 610at7147            -           1894   2.7e-35  120.2   4.0   5   6   1.8e-11     1e-09   35.4   0.0    59   241  2365  2545  2364  2549 0.82 -
Dbuz01056-RA         -           3798 610at7147            -           1894   2.7e-35  120.2   4.0   6   6      0.27        15    1.7   0.0    76   128  2552  2603  2547  2620 0.82 -
Dbuz00298-RA         -            767 610at7147            -           1894   3.6e-32  109.9  30.5   1   5     7e-05    0.0039   13.6   1.6   643   694   233   283   230   284 0.93 -
Dbuz00298-RA         -            767 610at7147            -           1894   3.6e-32  109.9  30.5   2   5   9.6e-12   5.4e-10   36.3   0.9   368   457   276   368   275   374 0.85 -
Dbuz00298-RA         -            767 610at7147            -           1894   3.6e-32  109.9  30.5   3   5   7.2e-13     4e-11   40.1   3.0   368   479   368   482   364   499 0.90 -
Dbuz00298-RA         -            767 610at7147            -           1894   3.6e-32  109.9  30.5   4   5   2.2e-11   1.2e-09   35.2   1.5   376   484   571   687   541   701 0.70 -
Dbuz00298-RA         -            767 610at7147            -           1894   3.6e-32  109.9  30.5   5   5    0.0081      0.46    6.7   0.1   640   674   706   740   703   744 0.95 -
Dbuz03528-RA         -           4087 610at7147            -           1894   1.7e-30  104.3  19.3   1   6    0.0014     0.078    9.3   0.2    78   200   212   332   193   372 0.54 -
Dbuz03528-RA         -           4087 610at7147            -           1894   1.7e-30  104.3  19.3   2   6   1.1e-05    0.0006   16.3   0.0    57   128   385   455   379   467 0.92 -
Dbuz03528-RA         -           4087 610at7147            -           1894   1.7e-30  104.3  19.3   3   6   5.3e-11     3e-09   33.9   0.2    59   244   453   631   452   649 0.87 -
Dbuz03528-RA         -           4087 610at7147            -           1894   1.7e-30  104.3  19.3   4   6   1.6e-07   8.7e-06   22.4   0.4    58   165   650   753   638   768 0.90 -
Dbuz03528-RA         -           4087 610at7147            -           1894   1.7e-30  104.3  19.3   5   6     0.017      0.95    5.7   0.1    57   127   781   850   761   860 0.87 -
Dbuz03528-RA         -           4087 610at7147            -           1894   1.7e-30  104.3  19.3   6   6   1.1e-09   6.4e-08   29.5   0.2    60   164   850   950   844   971 0.86 -
Dbuz11292-RA         -            614 610at7147            -           1894   8.1e-30  102.1  12.1   1   4     5e-08   2.8e-06   24.0   0.1    56   130    70   143    16   154 0.87 -
Dbuz11292-RA         -            614 610at7147            -           1894   8.1e-30  102.1  12.1   2   4   1.9e-10   1.1e-08   32.0   0.1    75   244   155   317   144   322 0.87 -
Dbuz11292-RA         -            614 610at7147            -           1894   8.1e-30  102.1  12.1   3   4   3.6e-11     2e-09   34.4   0.8    59   244   337   515   321   521 0.88 -
Dbuz11292-RA         -            614 610at7147            -           1894   8.1e-30  102.1  12.1   4   4   4.7e-06   0.00026   17.5   0.1    54   129   530   604   519   611 0.91 -
Dbuz11031-RA         -            900 610at7147            -           1894   9.6e-30  101.8  16.9   1   4   5.2e-07   2.9e-05   20.7   0.5   405   477    34   106    18   108 0.89 -
Dbuz11031-RA         -            900 610at7147            -           1894   9.6e-30  101.8  16.9   2   4   1.2e-08   6.7e-07   26.1   3.2   368   456    86   177    81   182 0.90 -
Dbuz11031-RA         -            900 610at7147            -           1894   9.6e-30  101.8  16.9   3   4   2.2e-08   1.2e-06   25.2   0.0   366   454   176   267   173   276 0.89 -
Dbuz11031-RA         -            900 610at7147            -           1894   9.6e-30  101.8  16.9   4   4   6.2e-15   3.5e-13   46.9   1.9   372   479   274   384   268   402 0.88 -
Dbuz02598-RA         -           1405 610at7147            -           1894   2.7e-29  100.3  37.0   1   5     0.078       4.4    3.5   0.0   406   479    72   148    65   152 0.78 -
Dbuz02598-RA         -           1405 610at7147            -           1894   2.7e-29  100.3  37.0   2   5   6.8e-13   3.8e-11   40.2   6.0   367   675   154   457   146   459 0.76 -
Dbuz02598-RA         -           1405 610at7147            -           1894   2.7e-29  100.3  37.0   3   5   2.6e-06   0.00014   18.3   0.7   350   473   595   725   584   737 0.82 -
Dbuz02598-RA         -           1405 610at7147            -           1894   2.7e-29  100.3  37.0   4   5   4.5e-07   2.5e-05   20.9   1.1   348   453   712   827   707   832 0.80 -
Dbuz02598-RA         -           1405 610at7147            -           1894   2.7e-29  100.3  37.0   5   5   1.4e-06     8e-05   19.2   2.6   369   468   832   938   827   969 0.80 -
Dbuz10554-RA         -           1253 610at7147            -           1894   4.4e-29   99.6  12.8   1   3   4.3e-15   2.4e-13   47.5   1.0   370   479    30   144    10   150 0.88 -
Dbuz10554-RA         -           1253 610at7147            -           1894   4.4e-29   99.6  12.8   2   3   6.7e-07   3.8e-05   20.3   2.1   366   452   144   236   142   242 0.79 -
Dbuz10554-RA         -           1253 610at7147            -           1894   4.4e-29   99.6  12.8   3   3   1.3e-12   7.6e-11   39.2   0.1   368   478   241   356   237   370 0.89 -
Dbuz04605-RA         -           1640 610at7147            -           1894   8.5e-28   95.4   7.9   1   5    0.0015     0.085    9.2   0.1    53   164   106   216    50   231 0.74 -
Dbuz04605-RA         -           1640 610at7147            -           1894   8.5e-28   95.4   7.9   2   5   1.2e-06   6.8e-05   19.4   0.0    76   242   231   393   221   402 0.80 -
Dbuz04605-RA         -           1640 610at7147            -           1894   8.5e-28   95.4   7.9   3   5   0.00016    0.0088   12.4   0.4    68   166   549   643   488   661 0.74 -
Dbuz04605-RA         -           1640 610at7147            -           1894   8.5e-28   95.4   7.9   4   5   1.8e-06    0.0001   18.9   0.0    57   175   671   789   661   806 0.92 -
Dbuz04605-RA         -           1640 610at7147            -           1894   8.5e-28   95.4   7.9   5   5     7e-11   3.9e-09   33.5   0.0    75   319   871  1118   863  1143 0.75 -
Dbuz08346-RA         -           1537 610at7147            -           1894   6.2e-27   92.5  46.8   1   9     3e-05    0.0017   14.8   0.0   367   450    23   112    15   121 0.84 -
Dbuz08346-RA         -           1537 610at7147            -           1894   6.2e-27   92.5  46.8   2   9   3.8e-07   2.2e-05   21.1   1.5   360   485   127   258   116   276 0.85 -
Dbuz08346-RA         -           1537 610at7147            -           1894   6.2e-27   92.5  46.8   3   9    0.0011     0.062    9.6   0.1   412   472   279   341   260   349 0.83 -
Dbuz08346-RA         -           1537 610at7147            -           1894   6.2e-27   92.5  46.8   4   9     0.012      0.67    6.2   0.3   371   449   305   389   302   391 0.79 -
Dbuz08346-RA         -           1537 610at7147            -           1894   6.2e-27   92.5  46.8   5   9     0.015      0.87    5.8   1.0   367   453   373   465   353   469 0.73 -
Dbuz08346-RA         -           1537 610at7147            -           1894   6.2e-27   92.5  46.8   6   9   4.1e-08   2.3e-06   24.3   4.4   347   525   424   600   414   610 0.67 -
Dbuz08346-RA         -           1537 610at7147            -           1894   6.2e-27   92.5  46.8   7   9   9.5e-08   5.4e-06   23.1   4.0   350   491   628   776   619   778 0.85 -
Dbuz08346-RA         -           1537 610at7147            -           1894   6.2e-27   92.5  46.8   8   9   0.00018      0.01   12.2   1.6   371   475   769   882   766   886 0.81 -
Dbuz08346-RA         -           1537 610at7147            -           1894   6.2e-27   92.5  46.8   9   9   0.00015    0.0082   12.5   1.0   357   455   877   980   866   998 0.77 -
Dbuz00757-RA         -            650 610at7147            -           1894     1e-26   91.8   0.1   1   2   5.2e-17   2.9e-15   53.8   0.0  1397  1581   127   293   114   331 0.82 -
Dbuz00757-RA         -            650 610at7147            -           1894     1e-26   91.8   0.1   2   2   1.3e-11   7.2e-10   35.9   0.0  1400  1565   403   552   389   567 0.81 -
Dbuz05035-RA         -           1551 610at7147            -           1894   4.9e-26   89.5  25.5   1   7   0.00084     0.047   10.0   0.1   338   473   106   247    89   253 0.87 -
Dbuz05035-RA         -           1551 610at7147            -           1894   4.9e-26   89.5  25.5   2   7     0.018         1    5.6   0.3   374   449   237   320   229   341 0.52 -
Dbuz05035-RA         -           1551 610at7147            -           1894   4.9e-26   89.5  25.5   3   7   3.7e-09   2.1e-07   27.8   0.0   383   478   349   450   320   478 0.79 -
Dbuz05035-RA         -           1551 610at7147            -           1894   4.9e-26   89.5  25.5   4   7   8.5e-10   4.8e-08   29.9   1.8   372   549   481   656   474   657 0.78 -
Dbuz05035-RA         -           1551 610at7147            -           1894   4.9e-26   89.5  25.5   5   7     5e-05    0.0028   14.1   0.7   371   482   596   719   587   721 0.74 -
Dbuz05035-RA         -           1551 610at7147            -           1894   4.9e-26   89.5  25.5   6   7   1.5e-05   0.00083   15.8   2.3   370   474   717   828   708   846 0.84 -
Dbuz05035-RA         -           1551 610at7147            -           1894   4.9e-26   89.5  25.5   7   7     0.011       0.6    6.4   0.6   365   464   832   938   816   942 0.69 -
Dbuz02942-RA         -            575 610at7147            -           1894   1.6e-25   87.8   0.0   1   3       4.2   2.4e+02   -2.3   0.0  1331  1358    23    53    20    66 0.78 -
Dbuz02942-RA         -            575 610at7147            -           1894   1.6e-25   87.8   0.0   2   3     3e-13   1.7e-11   41.3   0.0  1399  1567    69   224    58   232 0.83 -
Dbuz02942-RA         -            575 610at7147            -           1894   1.6e-25   87.8   0.0   3   3   8.2e-14   4.6e-12   43.2   0.0  1399  1568   346   502   297   510 0.85 -
Dbuz03495-RA         -           1347 610at7147            -           1894   2.4e-24   84.0  36.4   1   6   1.8e-07     1e-05   22.1   3.0   425   528   141   246    90   253 0.88 -
Dbuz03495-RA         -           1347 610at7147            -           1894   2.4e-24   84.0  36.4   2   6     3e-06   0.00017   18.1   0.4   381   448   245   318   242   325 0.82 -
Dbuz03495-RA         -           1347 610at7147            -           1894   2.4e-24   84.0  36.4   3   6   2.7e-05    0.0015   15.0   1.1   366   478   328   447   320   455 0.82 -
Dbuz03495-RA         -           1347 610at7147            -           1894   2.4e-24   84.0  36.4   4   6   3.3e-05    0.0018   14.7   0.4   394   450   446   506   440   517 0.79 -
Dbuz03495-RA         -           1347 610at7147            -           1894   2.4e-24   84.0  36.4   5   6   2.4e-07   1.3e-05   21.8   1.2   371   528   517   692   508   694 0.81 -
Dbuz03495-RA         -           1347 610at7147            -           1894   2.4e-24   84.0  36.4   6   6   0.00046     0.026   10.9   0.5   373   466   859   958   841   963 0.75 -
Dbuz00668-RA         -           2151 610at7147            -           1894   1.2e-22   78.3   0.1   1   5    0.0087      0.49    6.7   0.0   112   171  1271  1330  1252  1342 0.91 -
Dbuz00668-RA         -           2151 610at7147            -           1894   1.2e-22   78.3   0.1   2   5   4.9e-06   0.00027   17.4   0.0    75   165  1349  1436  1336  1445 0.93 -
Dbuz00668-RA         -           2151 610at7147            -           1894   1.2e-22   78.3   0.1   3   5   1.4e-06     8e-05   19.2   0.0    58   166  1468  1572  1458  1587 0.86 -
Dbuz00668-RA         -           2151 610at7147            -           1894   1.2e-22   78.3   0.1   4   5   9.6e-07   5.4e-05   19.8   0.0    59   165  1601  1704  1590  1712 0.90 -
Dbuz00668-RA         -           2151 610at7147            -           1894   1.2e-22   78.3   0.1   5   5    0.0031      0.18    8.1   0.0    77   176  1720  1815  1709  1841 0.85 -
Dbuz09934-RA         -            997 610at7147            -           1894   3.2e-22   76.9   0.0   1   1     8e-24   4.5e-22   76.4   0.0  1402  1617   204   405   193   415 0.83 -
Dbuz11624-RA         -           1208 610at7147            -           1894   1.6e-21   74.6   0.0   1   1     4e-23   2.3e-21   74.1   0.0  1399  1622   167   383   156   393 0.84 -
Dbuz11469-RA         -           1192 610at7147            -           1894   1.4e-19   68.1  51.3   1   8       0.1       5.7    3.1   0.0   436   456    11    31     3    78 0.53 -
Dbuz11469-RA         -           1192 610at7147            -           1894   1.4e-19   68.1  51.3   2   8    0.0026      0.14    8.4   2.9   394   510   130   247   122   266 0.41 -
Dbuz11469-RA         -           1192 610at7147            -           1894   1.4e-19   68.1  51.3   3   8   1.1e-06   6.3e-05   19.5   0.7   354   453   261   364   251   385 0.76 -
Dbuz11469-RA         -           1192 610at7147            -           1894   1.4e-19   68.1  51.3   4   8      0.34        19    1.4   0.3   431   477   448   495   384   498 0.75 -
Dbuz11469-RA         -           1192 610at7147            -           1894   1.4e-19   68.1  51.3   5   8   1.6e-07   9.2e-06   22.3   2.7   370   502   503   649   498   649 0.80 -
Dbuz11469-RA         -           1192 610at7147            -           1894   1.4e-19   68.1  51.3   6   8   3.9e-10   2.2e-08   31.0   2.5   371   489   626   754   617   757 0.84 -
Dbuz11469-RA         -           1192 610at7147            -           1894   1.4e-19   68.1  51.3   7   8   9.4e-05    0.0053   13.2   5.7   372   528   745   920   740   922 0.64 -
Dbuz11469-RA         -           1192 610at7147            -           1894   1.4e-19   68.1  51.3   8   8     0.014      0.77    6.0   2.2   367   443   881   961   840  1072 0.59 -
Dbuz02367-RA         -           1223 610at7147            -           1894   3.1e-19   67.0  18.6   1   4       4.4   2.5e+02   -2.3   0.0  1002  1031    86   115    82   120 0.90 -
Dbuz02367-RA         -           1223 610at7147            -           1894   3.1e-19   67.0  18.6   2   4   4.4e-11   2.5e-09   34.2   2.9   333   473   220   369   120   373 0.79 -
Dbuz02367-RA         -           1223 610at7147            -           1894   3.1e-19   67.0  18.6   3   4   2.6e-07   1.5e-05   21.7   1.6   376   475   361   467   352   477 0.80 -
Dbuz02367-RA         -           1223 610at7147            -           1894   3.1e-19   67.0  18.6   4   4   9.2e-08   5.1e-06   23.2   0.4   391   471   481   566   476   592 0.85 -
Dbuz06350-RA         -           1261 610at7147            -           1894   5.5e-19   66.2  23.2   1   6   4.9e-05    0.0027   14.1   0.0   356   464   136   238   120   241 0.86 -
Dbuz06350-RA         -           1261 610at7147            -           1894   5.5e-19   66.2  23.2   2   6   3.1e-08   1.8e-06   24.7   0.2   374   448   240   320   236   326 0.85 -
Dbuz06350-RA         -           1261 610at7147            -           1894   5.5e-19   66.2  23.2   3   6     0.014      0.78    6.0   1.0   369   453   333   423   319   434 0.66 -
Dbuz06350-RA         -           1261 610at7147            -           1894   5.5e-19   66.2  23.2   4   6   2.3e-07   1.3e-05   21.8   0.3   371   472   431   538   420   544 0.82 -
Dbuz06350-RA         -           1261 610at7147            -           1894   5.5e-19   66.2  23.2   5   6      0.16       8.8    2.5   1.2   371   480   526   638   522   666 0.60 -
Dbuz06350-RA         -           1261 610at7147            -           1894   5.5e-19   66.2  23.2   6   6   0.00043     0.024   11.0   0.4   386   448   834   901   799   919 0.77 -
Dbuz06338-RA         -           1423 610at7147            -           1894   8.7e-19   65.5  27.0   1   6      0.06       3.4    3.9   0.0   428   529   121   222   107   260 0.64 -
Dbuz06338-RA         -           1423 610at7147            -           1894   8.7e-19   65.5  27.0   2   6   6.5e-09   3.6e-07   27.0   0.1   368   448   270   356   253   363 0.84 -
Dbuz06338-RA         -           1423 610at7147            -           1894   8.7e-19   65.5  27.0   3   6    0.0036       0.2    7.9   2.6   369   463   369   470   357   471 0.78 -
Dbuz06338-RA         -           1423 610at7147            -           1894   8.7e-19   65.5  27.0   4   6   1.6e-07   8.8e-06   22.4   0.3   371   473   467   575   463   591 0.84 -
Dbuz06338-RA         -           1423 610at7147            -           1894   8.7e-19   65.5  27.0   5   6     0.017      0.93    5.7   1.0   371   456   607   697   575   706 0.75 -
Dbuz06338-RA         -           1423 610at7147            -           1894   8.7e-19   65.5  27.0   6   6   4.9e-05    0.0027   14.1   0.2   379   453   862   942   838   984 0.81 -
Dbuz12193-RA         -            696 610at7147            -           1894   2.6e-18   64.0   0.0   1   2   7.1e-16     4e-14   50.0   0.0  1399  1568    45   204    35   217 0.83 -
Dbuz12193-RA         -            696 610at7147            -           1894   2.6e-18   64.0   0.0   2   2   0.00016    0.0089   12.4   0.0  1554  1617   215   275   203   281 0.89 -
Dbuz09787-RA         -            884 610at7147            -           1894   4.5e-18   63.1   3.4   1   2   1.2e-14   6.8e-13   46.0   0.4   353   476    57   184    52   185 0.90 -
Dbuz09787-RA         -            884 610at7147            -           1894   4.5e-18   63.1   3.4   2   2     1e-08   5.6e-07   26.3   0.4   370   451   167   250   164   257 0.89 -
Dbuz10384-RA         -            334 610at7147            -           1894   5.3e-18   62.9  16.3   1   3   4.2e-09   2.4e-07   27.6   2.0   397   477    28   111    11   118 0.86 -
Dbuz10384-RA         -            334 610at7147            -           1894   5.3e-18   62.9  16.3   2   3   8.2e-10   4.6e-08   29.9   0.1   377   463    77   166    76   168 0.90 -
Dbuz10384-RA         -            334 610at7147            -           1894   5.3e-18   62.9  16.3   3   3     4e-09   2.3e-07   27.7   3.0   374   469   143   243   114   280 0.67 -
Dbuz11478-RA         -            408 610at7147            -           1894   6.9e-18   62.5   0.1   1   1   1.8e-19     1e-17   62.0   0.1  1381  1614   164   395   141   407 0.80 -
Dbuz02969-RA         -            545 610at7147            -           1894   1.6e-17   61.3   0.1   1   2    0.0013     0.072    9.4   0.0  1456  1563    83   191    50   200 0.73 -
Dbuz02969-RA         -            545 610at7147            -           1894   1.6e-17   61.3   0.1   2   2   8.7e-16   4.9e-14   49.8   0.0  1394  1616   298   540   253   543 0.83 -
Dbuz12502-RA         -            282 610at7147            -           1894   2.5e-17   60.7   4.2   1   2   4.1e-11   2.3e-09   34.2   0.9   367   449    47   132    29   146 0.84 -
Dbuz12502-RA         -            282 610at7147            -           1894   2.5e-17   60.7   4.2   2   2   3.4e-10   1.9e-08   31.2   0.4   390   478   121   209   118   226 0.77 -
Dbuz08069-RA         -            929 610at7147            -           1894   2.6e-17   60.6   0.1   1   2     0.034       1.9    4.7   0.1   115   174   128   185   115   248 0.57 -
Dbuz08069-RA         -            929 610at7147            -           1894   2.6e-17   60.6   0.1   2   2   5.2e-17   2.9e-15   53.8   0.0  1399  1625   702   920   683   928 0.79 -
Dbuz02973-RA         -            537 610at7147            -           1894   1.1e-16   58.5   0.1   1   2     0.023       1.3    5.3   0.0  1404  1573    56   233    45   258 0.65 -
Dbuz02973-RA         -            537 610at7147            -           1894   1.1e-16   58.5   0.1   2   2   2.1e-15   1.2e-13   48.5   0.0  1399  1616   319   535   253   537 0.80 -
Dbuz12541-RA         -            537 610at7147            -           1894   4.1e-16   56.6   0.0   1   1   1.1e-17   6.4e-16   56.0   0.0  1392  1614   303   519   258   525 0.85 -
Dbuz06357-RA         -            384 610at7147            -           1894   4.3e-15   53.2  10.9   1   2   3.9e-10   2.2e-08   31.0   2.5   375   467     7   102     2   103 0.91 -
Dbuz06357-RA         -            384 610at7147            -           1894   4.3e-15   53.2  10.9   2   2   4.7e-10   2.7e-08   30.7   2.4   371   454    95   182    91   191 0.88 -
Dbuz11845-RA         -            459 610at7147            -           1894     5e-15   53.0   0.0   1   1   1.1e-16   6.2e-15   52.7   0.0  1400  1564   209   365   205   416 0.85 -
Dbuz09312-RA         -            290 610at7147            -           1894   8.4e-15   52.3   0.0   1   1   1.9e-16   1.1e-14   51.9   0.0  1398  1564    54   212    50   238 0.85 -
Dbuz07338-RA         -            617 610at7147            -           1894   1.4e-14   51.6  17.6   1   3   2.1e-12   1.2e-10   38.5   7.6   353   489   167   309   157   322 0.84 -
Dbuz07338-RA         -            617 610at7147            -           1894   1.4e-14   51.6  17.6   2   3   2.9e-06   0.00016   18.2   2.1   368   475   349   463   326   479 0.85 -
Dbuz07338-RA         -            617 610at7147            -           1894   1.4e-14   51.6  17.6   3   3    0.0035       0.2    7.9   0.4   367   441   420   500   417   521 0.79 -
Dbuz03593-RA         -            550 610at7147            -           1894   1.8e-14   51.2  12.5   1   2   2.8e-09   1.6e-07   28.2   2.4   367   478   129   241   108   261 0.81 -
Dbuz03593-RA         -            550 610at7147            -           1894   1.8e-14   51.2  12.5   2   2   4.4e-08   2.5e-06   24.2   3.6   369   511   270   412   246   458 0.74 -
Dbuz08459-RA         -            391 610at7147            -           1894   2.3e-14   50.8   0.0   1   1   5.2e-16   2.9e-14   50.5   0.0  1396  1577    73   249    65   287 0.79 -
Dbuz06524-RA         -            472 610at7147            -           1894   3.1e-14   50.4  11.0   1   3   8.5e-05    0.0048   13.3   0.6   369   433   129   198   101   203 0.77 -
Dbuz06524-RA         -            472 610at7147            -           1894   3.1e-14   50.4  11.0   2   3   1.9e-06   0.00011   18.8   0.1   371   455   204   294   199   300 0.83 -
Dbuz06524-RA         -            472 610at7147            -           1894   3.1e-14   50.4  11.0   3   3   5.6e-08   3.2e-06   23.9   1.1   375   455   305   392   298   405 0.84 -
Dbuz03449-RA         -            453 610at7147            -           1894   4.1e-14   50.0   0.0   1   2   5.7e-07   3.2e-05   20.5   0.0    75   166    35   122    20   152 0.86 -
Dbuz03449-RA         -            453 610at7147            -           1894   4.1e-14   50.0   0.0   2   2   4.8e-09   2.7e-07   27.4   0.0  1399  1618   236   444   206   450 0.77 -
Dbuz09761-RA         -            303 610at7147            -           1894   5.6e-14   49.5   0.0   1   1   1.1e-15   6.4e-14   49.4   0.0  1398  1564    65   219    59   288 0.86 -
Dbuz10453-RA         -           1022 610at7147            -           1894   6.9e-14   49.3   0.0   1   1   1.8e-15   9.9e-14   48.7   0.0  1390  1617   741   958   737   970 0.82 -
Dbuz03851-RA         -            698 610at7147            -           1894   8.3e-14   49.0   0.0   1   1     2e-15   1.1e-13   48.6   0.0  1423  1607   443   610   421   631 0.77 -
Dbuz09998-RA         -           1700 610at7147            -           1894   9.9e-14   48.7   0.0   1   1   2.5e-15   1.4e-13   48.2   0.0  1398  1580   520   696   508   728 0.80 -
Dbuz01926-RA         -            836 610at7147            -           1894   1.1e-13   48.6   0.0   1   1   2.5e-15   1.4e-13   48.2   0.0  1393  1577   179   352   139   385 0.79 -
Dbuz00833-RA         -            211 610at7147            -           1894   1.1e-13   48.6   0.1   1   3      0.11       6.2    3.0   0.0  1325  1356     4    36     1    43 0.86 -
Dbuz00833-RA         -            211 610at7147            -           1894   1.1e-13   48.6   0.1   2   3     0.036         2    4.6   0.0  1398  1454    48   108    41   114 0.78 -
Dbuz00833-RA         -            211 610at7147            -           1894   1.1e-13   48.6   0.1   3   3   2.8e-12   1.6e-10   38.1   0.1  1534  1619   114   201   105   210 0.88 -
Dbuz12333-RA         -            255 610at7147            -           1894   1.2e-13   48.4   8.5   1   2   1.1e-10     6e-09   32.9   1.2   355   452    41   141     6   144 0.79 -
Dbuz12333-RA         -            255 610at7147            -           1894   1.2e-13   48.4   8.5   2   2   6.8e-09   3.8e-07   26.9   1.1   371   470   126   229   124   234 0.88 -
Dbuz02905-RA         -            461 610at7147            -           1894   1.8e-13   47.8   0.9   1   1   6.6e-15   3.7e-13   46.8   0.9   365   483   207   332   168   339 0.86 -
Dbuz02744-RA         -            452 610at7147            -           1894   2.2e-13   47.6   0.1   1   1   5.2e-15   2.9e-13   47.2   0.1  1409  1568   237   389   216   400 0.74 -
Dbuz00113-RA         -            861 610at7147            -           1894   2.3e-13   47.5   0.0   1   1   5.9e-15   3.3e-13   47.0   0.0  1385  1577   600   782   559   818 0.84 -
Dbuz11353-RA         -           2028 610at7147            -           1894   2.6e-13   47.3   0.0   1   1     8e-15   4.5e-13   46.6   0.0  1332  1614  1613  1896  1605  1902 0.73 -
Dbuz07838-RA         -            903 610at7147            -           1894   3.2e-13   47.1   0.3   1   2   5.3e-09     3e-07   27.3   0.6   376   463    15   109     4   141 0.78 -
Dbuz07838-RA         -            903 610at7147            -           1894   3.2e-13   47.1   0.3   2   2   4.5e-06   0.00025   17.5   0.0   381   478   140   248   126   262 0.79 -
Dbuz03338-RA         -            770 610at7147            -           1894   3.7e-13   46.8   0.0   1   1   9.4e-15   5.3e-13   46.3   0.0  1400  1617   518   738   514   752 0.76 -
Dbuz11607-RA         -            689 610at7147            -           1894   3.7e-13   46.8   0.1   1   1   9.4e-15   5.3e-13   46.3   0.1  1397  1614    56   258    39   269 0.81 -
Dbuz01434-RA         -           1195 610at7147            -           1894     4e-13   46.7   2.7   1   4     0.014       0.8    5.9   0.0    64   238    45   146    15   161 0.51 -
Dbuz01434-RA         -           1195 610at7147            -           1894     4e-13   46.7   2.7   2   4    0.0016     0.087    9.1   0.1    56   132   223   298   173   398 0.79 -
Dbuz01434-RA         -           1195 610at7147            -           1894     4e-13   46.7   2.7   3   4   8.9e-05     0.005   13.3   0.0    57   139   540   621   522   651 0.88 -
Dbuz01434-RA         -           1195 610at7147            -           1894     4e-13   46.7   2.7   4   4   2.7e-05    0.0015   15.0   0.1    55   150   691   782   677   824 0.77 -
Dbuz08518-RA         -           1148 610at7147            -           1894   5.2e-13   46.4   0.0   1   1   1.3e-14   7.3e-13   45.9   0.0  1394  1633   831  1077   818  1084 0.79 -
Dbuz08018-RA         -           1050 610at7147            -           1894   5.9e-13   46.2  11.3   1   2   5.7e-11   3.2e-09   33.8   0.9   369   487   379   500   349   504 0.81 -
Dbuz08018-RA         -           1050 610at7147            -           1894   5.9e-13   46.2  11.3   2   2   4.2e-06   0.00024   17.6   3.8   370   550   496   679   487   686 0.80 -
Dbuz10418-RA         -            475 610at7147            -           1894   7.2e-13   45.9  21.8   1   2   3.4e-07   1.9e-05   21.3   5.4   372   471     6   111     2   148 0.82 -
Dbuz10418-RA         -            475 610at7147            -           1894   7.2e-13   45.9  21.8   2   2   7.7e-10   4.3e-08   30.0   8.4   352   530   285   461   273   475 0.83 -
Dbuz07990-RA         -           1697 610at7147            -           1894   7.4e-13   45.8   0.6   1   3     3e-08   1.7e-06   24.8   0.1    57   243   278   457   226   460 0.77 -
Dbuz07990-RA         -           1697 610at7147            -           1894   7.4e-13   45.8   0.6   2   3   2.1e-06   0.00012   18.6   0.1    58   244   345   524   341   528 0.83 -
Dbuz07990-RA         -           1697 610at7147            -           1894   7.4e-13   45.8   0.6   3   3     1e-05   0.00058   16.3   0.0    60   165   512   613   509   628 0.87 -
Dbuz08332-RA         -            370 610at7147            -           1894     1e-12   45.4   8.6   1   2   4.9e-05    0.0027   14.1   1.3   414   471    49   105    40   122 0.81 -
Dbuz08332-RA         -            370 610at7147            -           1894     1e-12   45.4   8.6   2   2     2e-11   1.1e-09   35.3   1.0   370   480   127   240   118   258 0.86 -
Dbuz09627-RA         -           1482 610at7147            -           1894   1.3e-12   45.1   7.3   1   4   9.6e-08   5.4e-06   23.1   0.1   335   446   143   261   127   303 0.78 -
Dbuz09627-RA         -           1482 610at7147            -           1894   1.3e-12   45.1   7.3   2   4    0.0038      0.21    7.8   0.3   368   459   375   465   361   483 0.79 -
Dbuz09627-RA         -           1482 610at7147            -           1894   1.3e-12   45.1   7.3   3   4      0.63        35    0.5   0.0   402   520   558   671   551   704 0.63 -
Dbuz09627-RA         -           1482 610at7147            -           1894   1.3e-12   45.1   7.3   4   4   3.7e-05    0.0021   14.5   0.1   399   477   728   809   722   826 0.85 -
Dbuz05805-RA         -           1497 610at7147            -           1894   1.6e-12   44.7   0.0   1   2   1.6e-13     9e-12   42.2   0.0  1396  1568    46   205    21   250 0.79 -
Dbuz05805-RA         -           1497 610at7147            -           1894   1.6e-12   44.7   0.0   2   2      0.96        54   -0.1   0.0   182   231   873   918   866   926 0.82 -
Dbuz08733-RA         -           1108 610at7147            -           1894   1.7e-12   44.6   0.1   1   1   4.3e-14   2.4e-12   44.1   0.1  1377  1576   169   355   159   390 0.81 -
Dbuz09673-RA         -           1359 610at7147            -           1894   2.3e-12   44.2   0.0   1   1   6.2e-14   3.5e-12   43.6   0.0  1464  1566  1142  1233  1132  1237 0.87 -
Dbuz06638-RA         -           1689 610at7147            -           1894   2.4e-12   44.1   0.0   1   1   6.3e-14   3.5e-12   43.6   0.0  1375  1615    45   270    36   290 0.80 -
Dbuz11132-RA         -            836 610at7147            -           1894   2.8e-12   43.9   0.1   1   1   7.9e-14   4.5e-12   43.3   0.1  1399  1567   604   761   591   777 0.82 -
Dbuz00839-RA         -            281 610at7147            -           1894   2.9e-12   43.9   0.0   1   2       1.4        79   -0.7   0.0  1322  1357     7    43     4    48 0.84 -
Dbuz00839-RA         -            281 610at7147            -           1894   2.9e-12   43.9   0.0   2   2     2e-13   1.1e-11   41.9   0.0  1403  1618    59   265    51   279 0.84 -
Dbuz10548-RA         -            502 610at7147            -           1894   3.7e-12   43.5   0.0   1   1   8.6e-14   4.8e-12   43.1   0.0  1398  1589    81   261    69   301 0.82 -
Dbuz07361-RA         -           1139 610at7147            -           1894   4.1e-12   43.4   0.1   1   2     2e-08   1.1e-06   25.4   0.1  1389  1485   798   910   795   925 0.87 -
Dbuz07361-RA         -           1139 610at7147            -           1894   4.1e-12   43.4   0.1   2   2     2e-05    0.0011   15.4   0.0  1526  1612  1006  1089   986  1111 0.82 -
Dbuz07244-RA         -            683 610at7147            -           1894   5.1e-12   43.1   0.0   1   1   1.3e-13   7.4e-12   42.5   0.0  1399  1577    70   247    58   273 0.84 -
Dbuz00148-RA         -            524 610at7147            -           1894   5.8e-12   42.9   2.9   1   2   1.3e-08   7.1e-07   26.0   0.1   364   469   154   269   132   272 0.81 -
Dbuz00148-RA         -            524 610at7147            -           1894   5.8e-12   42.9   2.9   2   2     2e-08   1.1e-06   25.3   0.5   365   501   206   351   196   367 0.77 -
Dbuz04082-RA         -            805 610at7147            -           1894   6.4e-12   42.7  19.4   1   3    0.0002     0.011   12.1   1.3   342   476    84   220    47   228 0.86 -
Dbuz04082-RA         -            805 610at7147            -           1894   6.4e-12   42.7  19.4   2   3   1.3e-08   7.2e-07   26.0   6.8   374   551   184   355   155   361 0.61 -
Dbuz04082-RA         -            805 610at7147            -           1894   6.4e-12   42.7  19.4   3   3   3.2e-07   1.8e-05   21.3   1.3   360   480   361   483   354   496 0.81 -
Dbuz09059-RA         -            361 610at7147            -           1894   6.6e-12   42.7   0.0   1   1   1.6e-13   8.8e-12   42.3   0.0  1374  1571    43   230    15   238 0.80 -
Dbuz02051-RA         -            576 610at7147            -           1894   9.8e-12   42.1  13.4   1   2   2.5e-07   1.4e-05   21.7   1.0   367   446   214   299   201   320 0.81 -
Dbuz02051-RA         -            576 610at7147            -           1894   9.8e-12   42.1  13.4   2   2   2.3e-07   1.3e-05   21.8   1.2   392   478   327   413   306   430 0.86 -
Dbuz11975-RA         -            237 610at7147            -           1894   1.1e-11   42.0   4.4   1   1   1.3e-12   7.2e-11   39.3   4.4   375   531    38   216    22   219 0.79 -
Dbuz03877-RA         -            493 610at7147            -           1894   1.1e-11   42.0   0.0   1   1   2.6e-13   1.5e-11   41.5   0.0  1400  1609    56   255    45   280 0.86 -
Dbuz09262-RA         -            407 610at7147            -           1894   1.6e-11   41.4   0.1   1   1   4.1e-13   2.3e-11   40.9   0.1  1400  1610   181   383   178   387 0.81 -
Dbuz04845-RA         -            495 610at7147            -           1894   1.6e-11   41.4   0.0   1   1     4e-13   2.2e-11   40.9   0.0  1392  1577   117   291    98   308 0.80 -
Dbuz01403-RA         -           1268 610at7147            -           1894   4.4e-11   40.0   0.0   1   1   1.1e-12   5.9e-11   39.5   0.0  1397  1575   113   277   100   331 0.75 -
Dbuz02972-RA         -            952 610at7147            -           1894   5.1e-11   39.8   0.0   1   2   1.5e-06   8.3e-05   19.1   0.0   112   240   102   225    68   229 0.76 -
Dbuz02972-RA         -            952 610at7147            -           1894   5.1e-11   39.8   0.0   2   2   2.1e-06   0.00012   18.6   0.0    74   168   231   322   226   337 0.92 -
Dbuz01350-RA         -            315 610at7147            -           1894   5.5e-11   39.6   0.1   1   1   3.6e-12     2e-10   37.7   0.1  1395  1564   101   257    49   281 0.83 -
Dbuz10111-RA         -            797 610at7147            -           1894   5.6e-11   39.6   4.1   1   3   0.00098     0.055    9.8   0.5   412   478    73   140    53   155 0.51 -
Dbuz10111-RA         -            797 610at7147            -           1894   5.6e-11   39.6   4.1   2   3   1.3e-05   0.00071   16.1   0.1   367   451   142   233   134   239 0.82 -
Dbuz10111-RA         -            797 610at7147            -           1894   5.6e-11   39.6   4.1   3   3   4.9e-05    0.0027   14.1   0.0   368   546   240   437   233   439 0.74 -
Dbuz10997-RA         -            388 610at7147            -           1894   7.4e-11   39.2   0.6   1   1   1.7e-12   9.7e-11   38.8   0.6   367   461    17   118     5   136 0.85 -
Dbuz03849-RA         -            671 610at7147            -           1894     9e-11   38.9   0.0   1   1   2.2e-12   1.2e-10   38.5   0.0  1460  1567   449   545   374   561 0.81 -
Dbuz10454-RA         -            431 610at7147            -           1894     1e-10   38.7   0.0   1   1   2.4e-12   1.4e-10   38.3   0.0  1407  1564   100   245    97   261 0.79 -
Dbuz04509-RA         -            463 610at7147            -           1894   1.1e-10   38.7  13.8   1   3   5.4e-07     3e-05   20.6   1.3   370   459   118   213    92   249 0.81 -
Dbuz04509-RA         -            463 610at7147            -           1894   1.1e-10   38.7  13.8   2   3   0.00095     0.054    9.8   0.8   374   453   251   336   239   340 0.80 -
Dbuz04509-RA         -            463 610at7147            -           1894   1.1e-10   38.7  13.8   3   3   1.2e-05    0.0007   16.1   0.2   637   687   338   391   335   407 0.77 -
Dbuz12166-RA         -           1678 610at7147            -           1894   1.2e-10   38.5   0.0   1   1   3.5e-12   1.9e-10   37.8   0.0  1400  1610    94   298    87   354 0.79 -
Dbuz01074-RA         -            366 610at7147            -           1894   1.3e-10   38.4   0.0   1   1   2.7e-12   1.5e-10   38.2   0.0  1376  1571    50   235    22   299 0.80 -
Dbuz12080-RA         -            998 610at7147            -           1894   1.4e-10   38.3  11.9   1   3     0.064       3.6    3.8   0.3   373   592   189   231   167   250 0.39 -
Dbuz12080-RA         -            998 610at7147            -           1894   1.4e-10   38.3  11.9   2   3   1.1e-08     6e-07   26.2   0.7   370   472   209   319   205   322 0.84 -
Dbuz12080-RA         -            998 610at7147            -           1894   1.4e-10   38.3  11.9   3   3     2e-06   0.00011   18.7   3.3   363   473   299   413   297   443 0.79 -
Dbuz10923-RA         -            785 610at7147            -           1894   1.7e-10   38.0   0.0   1   1   4.3e-12   2.4e-10   37.5   0.0  1450  1564    47   159    34   165 0.87 -
Dbuz05813-RA         -            346 610at7147            -           1894   1.9e-10   37.9   4.1   1   1   3.8e-12   2.1e-10   37.7   4.1   368   552    37   218     7   264 0.82 -
Dbuz07293-RA         -            794 610at7147            -           1894   2.7e-10   37.3   0.0   1   2       2.5   1.4e+02   -1.5   0.0  1334  1358     8    35     5    47 0.75 -
Dbuz07293-RA         -            794 610at7147            -           1894   2.7e-10   37.3   0.0   2   2   1.6e-11   8.8e-10   35.6   0.0  1397  1564    48   201    38   209 0.83 -
Dbuz09019-RA         -            314 610at7147            -           1894   3.3e-10   37.1   1.1   1   2      0.02       1.1    5.5   0.1   211   238    74   101    13   107 0.77 -
Dbuz09019-RA         -            314 610at7147            -           1894   3.3e-10   37.1   1.1   2   2     4e-10   2.3e-08   31.0   0.6    49   238    77   265    69   268 0.80 -
Dbuz09992-RA         -           1983 610at7147            -           1894   3.5e-10   37.0   0.2   1   3   0.00059     0.033   10.5   0.0  1395  1563   912  1080   896  1092 0.75 -
Dbuz09992-RA         -           1983 610at7147            -           1894   3.5e-10   37.0   0.2   2   3      0.74        42    0.2   0.1  1334  1359  1225  1253  1219  1260 0.85 -
Dbuz09992-RA         -           1983 610at7147            -           1894   3.5e-10   37.0   0.2   3   3   1.6e-07   9.1e-06   22.3   0.0  1396  1565  1265  1423  1245  1435 0.82 -
Dbuz10104-RA         -            746 610at7147            -           1894   3.7e-10   36.9   2.3   1   4    0.0017     0.097    9.0   0.3   407   470    52   117    40   125 0.70 -
Dbuz10104-RA         -            746 610at7147            -           1894   3.7e-10   36.9   2.3   2   4   5.3e-06    0.0003   17.3   0.1   356   457   116   224   106   241 0.56 -
Dbuz10104-RA         -            746 610at7147            -           1894   3.7e-10   36.9   2.3   3   4     0.058       3.3    3.9   0.0   368   443   225   306   221   315 0.73 -
Dbuz10104-RA         -            746 610at7147            -           1894   3.7e-10   36.9   2.3   4   4    0.0035       0.2    8.0   0.0   366   450   295   386   273   404 0.78 -
Dbuz08441-RA         -            583 610at7147            -           1894   4.2e-10   36.7   0.0   1   1     1e-11   5.7e-10   36.3   0.0  1372  1565    49   228    40   298 0.84 -
Dbuz00693-RA         -            312 610at7147            -           1894   4.9e-10   36.5   0.0   1   2       8.6   4.8e+02   -3.3   0.0  1328  1351     6    29     4    40 0.72 -
Dbuz00693-RA         -            312 610at7147            -           1894   4.9e-10   36.5   0.0   2   2   1.6e-11   9.1e-10   35.6   0.0  1395  1570    50   213    44   234 0.81 -
Dbuz12767-RA         -            730 610at7147            -           1894   5.3e-10   36.4   0.0   1   1   1.2e-11     7e-10   36.0   0.0  1372  1566    39   218    33   267 0.80 -
Dbuz02136-RA         -            406 610at7147            -           1894   7.2e-10   35.9  21.1   1   3   3.4e-09   1.9e-07   27.9   2.4   380   527    11   156     3   159 0.81 -
Dbuz02136-RA         -            406 610at7147            -           1894   7.2e-10   35.9  21.1   2   3   2.9e-07   1.6e-05   21.5  11.0   355   529    58   243    49   292 0.83 -
Dbuz02136-RA         -            406 610at7147            -           1894   7.2e-10   35.9  21.1   3   3      0.39        22    1.2   0.1   370   423   254   312   246   332 0.63 -
Dbuz00140-RA         -            300 610at7147            -           1894   1.5e-09   34.9   0.0   1   1   3.5e-11     2e-09   34.5   0.0  1399  1569    75   236    69   254 0.81 -
Dbuz01167-RA         -            708 610at7147            -           1894   1.5e-09   34.9   0.0   1   1     4e-11   2.2e-09   34.3   0.0  1400  1611   479   677   473   682 0.80 -
Dbuz07048-RA         -            382 610at7147            -           1894   1.6e-09   34.8   0.0   1   1   3.8e-11   2.2e-09   34.3   0.0  1399  1562    81   245    76   263 0.81 -
Dbuz03011-RA         -            913 610at7147            -           1894   1.6e-09   34.8   0.0   1   1   3.9e-11   2.2e-09   34.3   0.0  1461  1576   710   815   676   839 0.84 -
Dbuz00195-RA         -            884 610at7147            -           1894   2.1e-09   34.4  10.5   1   3   3.6e-06    0.0002   17.9   1.1   371   447   110   186    97   191 0.78 -
Dbuz00195-RA         -            884 610at7147            -           1894   2.1e-09   34.4  10.5   2   3   8.6e-07   4.8e-05   19.9   0.8   369   549   149   327   148   329 0.75 -
Dbuz00195-RA         -            884 610at7147            -           1894   2.1e-09   34.4  10.5   3   3   5.7e-06   0.00032   17.2   0.6   371   451   318   401   293   425 0.84 -
Dbuz01469-RA         -           1106 610at7147            -           1894   3.1e-09   33.8   0.0   1   1   8.8e-11   4.9e-09   33.2   0.0  1457  1558   675   773   652   831 0.87 -
Dbuz02573-RA         -           1498 610at7147            -           1894   3.5e-09   33.7   0.0   1   1   8.9e-11     5e-09   33.1   0.0  1396  1610  1253  1461  1244  1470 0.78 -
Dbuz09413-RA         -            700 610at7147            -           1894   4.1e-09   33.4   0.0   1   1   1.4e-10     8e-09   32.5   0.0  1462  1568   303   397   241   422 0.76 -
Dbuz12879-RA         -            340 610at7147            -           1894   4.4e-09   33.3   0.0   1   1   1.1e-10     6e-09   32.9   0.0  1399  1617   117   329   108   334 0.80 -
Dbuz02204-RA         -            671 610at7147            -           1894   4.9e-09   33.2   0.0   1   1   1.2e-10   6.9e-09   32.7   0.0  1453  1565   461   561   435   578 0.84 -
Dbuz00622-RA         -            665 610at7147            -           1894   5.7e-09   33.0   0.0   1   1   1.5e-10   8.4e-09   32.4   0.0  1458  1629   114   276    57   290 0.82 -
Dbuz08099-RA         -           1036 610at7147            -           1894   6.1e-09   32.9   0.0   1   1   1.6e-10   9.3e-09   32.3   0.0  1462  1616   135   277    74   308 0.82 -
Dbuz05122-RA         -            583 610at7147            -           1894   6.6e-09   32.7   0.0   1   1   1.6e-10     9e-09   32.3   0.0  1398  1615   359   570   344   578 0.73 -
Dbuz05022-RA         -           1543 610at7147            -           1894   7.7e-09   32.5   0.0   1   1   2.1e-10   1.2e-08   31.9   0.0  1399  1613   596   817   591   827 0.77 -
Dbuz09762-RA         -            254 610at7147            -           1894     1e-08   32.1   0.3   1   1   1.8e-09     1e-07   28.8   0.3  1529  1611   153   236    38   244 0.82 -
Dbuz05183-RA         -           1303 610at7147            -           1894   1.2e-08   31.9   0.0   1   1   3.3e-10   1.8e-08   31.3   0.0  1396  1609   689   906   677   914 0.77 -
Dbuz10425-RA         -           1410 610at7147            -           1894     2e-08   31.1  10.6   1   4    0.0068      0.38    7.0   0.9   418   510   230   339   190   357 0.50 -
Dbuz10425-RA         -           1410 610at7147            -           1894     2e-08   31.1  10.6   2   4   4.5e-05    0.0025   14.2   0.9   375   485   326   442   317   454 0.80 -
Dbuz10425-RA         -           1410 610at7147            -           1894     2e-08   31.1  10.6   3   4     0.069       3.9    3.7   0.0   413   475   462   525   437   530 0.82 -
Dbuz10425-RA         -           1410 610at7147            -           1894     2e-08   31.1  10.6   4   4   8.3e-06   0.00047   16.7   0.1   374   475   513   619   508   626 0.88 -
Dbuz00712-RA         -           1104 610at7147            -           1894   2.1e-08   31.0  34.0   1   3   7.8e-06   0.00044   16.8   3.8   387   558   143   312   125   327 0.76 -
Dbuz00712-RA         -           1104 610at7147            -           1894   2.1e-08   31.0  34.0   2   3     1e-07   5.8e-06   23.0  12.6   345   532   317   513   312   542 0.76 -
Dbuz00712-RA         -           1104 610at7147            -           1894   2.1e-08   31.0  34.0   3   3     0.088       4.9    3.3   2.4   403   494   663   755   650   763 0.76 -
Dbuz11661-RA         -           1233 610at7147            -           1894   2.3e-08   31.0   0.0   1   2      0.95        54   -0.1   0.0  1408  1488   655   732   645   747 0.85 -
Dbuz11661-RA         -           1233 610at7147            -           1894   2.3e-08   31.0   0.0   2   2   2.5e-09   1.4e-07   28.4   0.0  1399  1618   977  1188   958  1195 0.80 -
Dbuz02052-RA         -            394 610at7147            -           1894   2.3e-08   30.9  10.9   1   2    0.0034      0.19    8.0   0.3   415   477    51   115    26   122 0.85 -
Dbuz02052-RA         -            394 610at7147            -           1894   2.3e-08   30.9  10.9   2   2   8.5e-09   4.7e-07   26.6   4.8   393   545   121   283   114   298 0.71 -
Dbuz11063-RA         -           1034 610at7147            -           1894   2.3e-08   30.9   0.0   1   2       3.9   2.2e+02   -2.2   0.0  1324  1362   719   758   713   797 0.79 -
Dbuz11063-RA         -           1034 610at7147            -           1894   2.3e-08   30.9   0.0   2   2   1.1e-09   6.1e-08   29.5   0.0  1462  1576   832   936   819   967 0.82 -
Dbuz08239-RA         -            447 610at7147            -           1894   2.4e-08   30.9   0.0   1   2       2.2   1.3e+02   -1.3   0.0  1332  1352    23    43    15    54 0.85 -
Dbuz08239-RA         -            447 610at7147            -           1894   2.4e-08   30.9   0.0   2   2   1.3e-09   7.2e-08   29.3   0.0  1396  1563    62   234    55   244 0.78 -
Dbuz01123-RA         -            675 610at7147            -           1894   2.7e-08   30.7   0.1   1   2       1.3        71   -0.5   0.0    72   103    39    70    20    77 0.67 -
Dbuz01123-RA         -            675 610at7147            -           1894   2.7e-08   30.7   0.1   2   2   3.9e-09   2.2e-07   27.7   0.1    74   174    83   179    60   236 0.82 -
Dbuz05907-RA         -            921 610at7147            -           1894   3.4e-08   30.4   0.0   1   1   9.6e-10   5.4e-08   29.7   0.0  1396  1617   688   912   656   917 0.72 -
Dbuz06248-RA         -            396 610at7147            -           1894   3.9e-08   30.2   0.0   1   1   9.5e-10   5.3e-08   29.7   0.0  1399  1556   132   275   125   293 0.85 -
Dbuz02659-RA         -           1240 610at7147            -           1894   4.2e-08   30.1   0.0   1   1   1.1e-09   6.3e-08   29.5   0.0  1399  1558   169   321   164   330 0.80 -
Dbuz02778-RA         -            524 610at7147            -           1894   4.3e-08   30.0   0.0   1   1   1.1e-09   6.1e-08   29.5   0.0  1455  1566   188   292   180   307 0.82 -
Dbuz11408-RA         -            491 610at7147            -           1894   4.7e-08   29.9   0.0   1   1   1.1e-09   6.1e-08   29.5   0.0  1456  1609   297   445   243   455 0.84 -
Dbuz03737-RA         -            814 610at7147            -           1894   5.7e-08   29.6   0.1   1   1   1.4e-09   8.1e-08   29.1   0.1  1399  1570    60   220    55   264 0.83 -
Dbuz00286-RA         -            881 610at7147            -           1894   6.2e-08   29.5   0.7   1   2   1.6e-08   9.2e-07   25.6   0.4    71   168    46   142    38   241 0.89 -
Dbuz00286-RA         -            881 610at7147            -           1894   6.2e-08   29.5   0.7   2   2      0.62        35    0.5   0.0   111   168   212   265   195   280 0.73 -
Dbuz05060-RA         -           1204 610at7147            -           1894   7.6e-08   29.2   3.7   1   2     0.047       2.6    4.2   0.1   204   242   539   577   531   593 0.86 -
Dbuz05060-RA         -           1204 610at7147            -           1894   7.6e-08   29.2   3.7   2   2     3e-08   1.7e-06   24.7   1.1    57   244   597   781   593   786 0.74 -
Dbuz07225-RA         -           1375 610at7147            -           1894   9.7e-08   28.9   0.2   1   2    0.0015     0.082    9.2   0.0    58   153   862   955   842   972 0.82 -
Dbuz07225-RA         -           1375 610at7147            -           1894   9.7e-08   28.9   0.2   2   2   5.2e-06   0.00029   17.3   0.0    54   165  1005  1113   991  1132 0.87 -
Dbuz05687-RA         -            388 610at7147            -           1894   9.8e-08   28.9   0.0   1   1   2.4e-09   1.3e-07   28.4   0.0  1399  1557   101   249    90   263 0.82 -
Dbuz03464-RA         -            654 610at7147            -           1894   1.1e-07   28.7   0.0   1   2   0.00039     0.022   11.1   0.0    76   130   159   212   132   225 0.80 -
Dbuz03464-RA         -            654 610at7147            -           1894   1.1e-07   28.7   0.0   2   2   1.8e-05   0.00099   15.6   0.0    75   128   286   338   247   353 0.87 -
Dbuz02766-RA         -            548 610at7147            -           1894   1.2e-07   28.6   0.0   1   1   2.9e-09   1.6e-07   28.1   0.0  1399  1567   199   361   186   371 0.81 -
Dbuz01473-RA         -           1337 610at7147            -           1894   1.3e-07   28.5   0.0   1   1   3.6e-09     2e-07   27.8   0.0  1400  1563   626   782   621   830 0.82 -
Dbuz12688-RA         -            297 610at7147            -           1894   1.4e-07   28.3   0.0   1   1   3.7e-09   2.1e-07   27.8   0.0  1396  1569    47   210    43   229 0.80 -
Dbuz10213-RA         -            426 610at7147            -           1894   1.6e-07   28.2   0.0   1   1   4.3e-09   2.4e-07   27.5   0.0  1435  1614   207   384   183   406 0.82 -
Dbuz07880-RA         -            351 610at7147            -           1894   2.6e-07   27.5   0.0   1   1   5.9e-09   3.3e-07   27.1   0.0  1370  1563    35   212    19   220 0.73 -
Dbuz03137-RA         -            687 610at7147            -           1894   4.5e-07   26.7   0.0   1   1   1.1e-08   6.2e-07   26.2   0.0  1399  1563   359   516   342   521 0.78 -
Dbuz10925-RA         -            455 610at7147            -           1894   4.8e-07   26.6   3.0   1   1   1.1e-08   5.9e-07   26.3   3.0   372   498   133   271   111   333 0.79 -
Dbuz02343-RA         -            906 610at7147            -           1894   5.1e-07   26.5   0.7   1   2      0.72        40    0.3   0.1   421   458   116   151   111   163 0.81 -
Dbuz02343-RA         -            906 610at7147            -           1894   5.1e-07   26.5   0.7   2   2     3e-08   1.7e-06   24.8   0.3   359   450   162   265   143   284 0.77 -
Dbuz02357-RA         -            369 610at7147            -           1894   6.1e-07   26.2   0.3   1   2       1.5        84   -0.8   0.0  1330  1355    36    61    34    83 0.75 -
Dbuz02357-RA         -            369 610at7147            -           1894   6.1e-07   26.2   0.3   2   2   3.6e-08     2e-06   24.5   0.1  1419  1558   103   231    84   248 0.79 -
Dbuz05348-RA         -            182 610at7147            -           1894   6.2e-07   26.2   0.0   1   1   1.3e-08   7.3e-07   26.0   0.0    73   167    58   150    40   165 0.88 -
Dbuz11005-RA         -           1267 610at7147            -           1894   8.9e-07   25.7   0.0   1   1   2.1e-08   1.2e-06   25.3   0.0  1423  1560    73   202    39   252 0.79 -
Dbuz10446-RA         -            306 610at7147            -           1894   1.1e-06   25.4   0.0   1   1   2.5e-08   1.4e-06   25.0   0.0  1458  1563    80   177    64   193 0.82 -
Dbuz06251-RA         -           1092 610at7147            -           1894   1.1e-06   25.4   0.1   1   2       1.7        94   -0.9   0.0  1335  1356   169   193   164   205 0.76 -
Dbuz06251-RA         -           1092 610at7147            -           1894   1.1e-06   25.4   0.1   2   2   6.7e-08   3.7e-06   23.6   0.0  1397  1587   209   404   187   426 0.78 -
Dbuz11151-RA         -            678 610at7147            -           1894   1.1e-06   25.3   0.5   1   2     0.046       2.6    4.2   0.0   368   463   259   361   223   368 0.63 -
Dbuz11151-RA         -            678 610at7147            -           1894   1.1e-06   25.3   0.5   2   2   1.3e-06   7.3e-05   19.3   0.1   370   447   433   515   423   530 0.84 -
Dbuz08054-RA         -            441 610at7147            -           1894   1.4e-06   25.0   0.0   1   1   3.6e-08     2e-06   24.5   0.0  1426  1614   108   283    77   297 0.78 -
Dbuz11486-RA         -            215 610at7147            -           1894   1.6e-06   24.8   0.0   1   1   3.3e-08   1.8e-06   24.6   0.0    69   180    77   186    49   203 0.80 -
Dbuz11907-RA         -            228 610at7147            -           1894   1.8e-06   24.7   0.0   1   1   3.5e-08     2e-06   24.5   0.0   735   884    12   158     5   206 0.79 -
Dbuz07450-RA         -            400 610at7147            -           1894     2e-06   24.5   0.0   1   1   4.4e-08   2.5e-06   24.2   0.0  1387  1558   116   275    86   292 0.76 -
Dbuz10523-RA         -            245 610at7147            -           1894   2.2e-06   24.4   1.3   1   1   4.7e-08   2.6e-06   24.1   1.3   364   447   131   218    99   227 0.75 -
Dbuz07310-RA         -           2142 610at7147            -           1894   2.2e-06   24.4   0.3   1   1   5.3e-08     3e-06   23.9   0.3    17   167  1810  1963  1805  1983 0.86 -
Dbuz03413-RA         -            409 610at7147            -           1894   2.3e-06   24.3   0.0   1   1   4.7e-08   2.7e-06   24.1   0.0  1435  1571   119   246   102   301 0.85 -
Dbuz11681-RA         -             98 610at7147            -           1894   2.3e-06   24.3   0.0   1   1   4.7e-08   2.6e-06   24.1   0.0  1538  1612    10    89     2    94 0.86 -
Dbuz06711-RA         -            454 610at7147            -           1894   2.8e-06   24.0   7.1   1   3      0.22        13    2.0   0.1   388   464    73   151    56   179 0.68 -
Dbuz06711-RA         -            454 610at7147            -           1894   2.8e-06   24.0   7.1   2   3    0.0069      0.39    7.0   0.1   392   443   188   242   169   259 0.81 -
Dbuz06711-RA         -            454 610at7147            -           1894   2.8e-06   24.0   7.1   3   3   3.2e-06   0.00018   18.0   1.9   384   507   242   372   236   383 0.68 -
Dbuz12113-RA         -            442 610at7147            -           1894     3e-06   23.9   0.0   1   1   7.1e-08     4e-06   23.5   0.0  1397  1557    96   243    71   260 0.84 -
Dbuz11556-RA         -            500 610at7147            -           1894   3.1e-06   23.9   0.0   1   1   7.3e-08   4.1e-06   23.5   0.0  1396  1589   221   416   193   421 0.76 -
Dbuz01797-RA         -            666 610at7147            -           1894   3.1e-06   23.9   0.0   1   1   7.6e-08   4.3e-06   23.4   0.0  1397  1614   169   389   157   409 0.81 -
Dbuz06155-RA         -            740 610at7147            -           1894   3.9e-06   23.6   1.1   1   1   2.1e-07   1.2e-05   21.9   1.1    54   181   194   318   139   427 0.71 -
Dbuz05608-RA         -            552 610at7147            -           1894   4.1e-06   23.5  12.2   1   3     0.078       4.4    3.5   0.1   420   476    75   133    52   138 0.64 -
Dbuz05608-RA         -            552 610at7147            -           1894   4.1e-06   23.5  12.2   2   3   7.3e-08   4.1e-06   23.5  12.2   347   551   119   330    97   336 0.80 -
Dbuz05608-RA         -            552 610at7147            -           1894   4.1e-06   23.5  12.2   3   3      0.18        10    2.3   0.4   414   474   343   406   334   420 0.79 -
Dbuz12395-RA         -            328 610at7147            -           1894   4.9e-06   23.2   0.0   1   1   1.4e-07   8.1e-06   22.5   0.0  1403  1567   119   275   107   282 0.76 -
Dbuz04691-RA         -            294 610at7147            -           1894   5.3e-06   23.1   0.0   1   1   1.3e-07   7.2e-06   22.7   0.0  1397  1563    48   202    43   236 0.78 -
Dbuz04577-RA         -            617 610at7147            -           1894   5.5e-06   23.1   0.0   1   1   1.3e-07   7.5e-06   22.6   0.0  1376  1614   140   365   131   387 0.76 -
Dbuz05294-RA         -            812 610at7147            -           1894   5.6e-06   23.0   0.0   1   2      0.65        37    0.4   0.1  1328  1355   440   467   427   543 0.66 -
Dbuz05294-RA         -            812 610at7147            -           1894   5.6e-06   23.0   0.0   2   2   1.1e-06   6.1e-05   19.6   0.0  1456  1619   641   791   634   809 0.80 -
Dbuz04436-RA         -            330 610at7147            -           1894   6.5e-06   22.8   0.1   1   1   1.4e-07   8.1e-06   22.5   0.1   375   470    22   121    11   154 0.71 -
Dbuz02149-RA         -            571 610at7147            -           1894   8.7e-06   22.4   0.0   1   1   2.2e-07   1.2e-05   21.9   0.0  1400  1564   340   491   335   542 0.73 -
Dbuz00139-RA         -           1166 610at7147            -           1894   8.8e-06   22.4   0.0   1   1   2.2e-07   1.2e-05   21.9   0.0  1399  1564    76   232    70   247 0.78 -
Dbuz08641-RA         -            368 610at7147            -           1894   9.9e-06   22.2   0.0   1   1   2.1e-07   1.2e-05   21.9   0.0  1459  1563   137   232   100   256 0.86 -
Dbuz07800-RA         -            552 610at7147            -           1894     1e-05   22.2   0.0   1   2   0.00048     0.027   10.8   0.0    75   164    89   176    70   180 0.84 -
Dbuz07800-RA         -            552 610at7147            -           1894     1e-05   22.2   0.0   2   2   0.00069     0.039   10.3   0.0    59   164   174   276   169   291 0.80 -
Dbuz09867-RA         -            875 610at7147            -           1894   1.1e-05   22.1  10.1   1   3   0.00058     0.033   10.5   0.0   357   450    44   143    32   164 0.79 -
Dbuz09867-RA         -            875 610at7147            -           1894   1.1e-05   22.1  10.1   2   3   0.00044     0.025   10.9   6.0   365   506   221   358   200   405 0.68 -
Dbuz09867-RA         -            875 610at7147            -           1894   1.1e-05   22.1  10.1   3   3      0.44        24    1.0   0.1   364   389   383   408   354   419 0.71 -
Dbuz11794-RA         -            805 610at7147            -           1894   1.1e-05   22.0   5.3   1   2   9.4e-06   0.00053   16.5   1.1   364   457   243   342   209   348 0.82 -
Dbuz11794-RA         -            805 610at7147            -           1894   1.1e-05   22.0   5.3   2   2    0.0041      0.23    7.7   0.3   372   450   348   431   342   445 0.79 -
Dbuz01321-RA         -           1236 610at7147            -           1894   1.2e-05   22.0   0.0   1   1   3.3e-07   1.8e-05   21.3   0.0  1456  1566   232   347   220   371 0.76 -
Dbuz00137-RA         -            612 610at7147            -           1894   1.4e-05   21.7   0.0   1   1   3.5e-07     2e-05   21.2   0.0  1400  1534   222   359   209   367 0.75 -
Dbuz08956-RA         -           1243 610at7147            -           1894   1.8e-05   21.3   0.0   1   1   4.6e-07   2.6e-05   20.8   0.0  1397  1611   593   834   582   841 0.76 -
Dbuz03088-RA         -            724 610at7147            -           1894   1.9e-05   21.3   0.0   1   1   4.8e-07   2.7e-05   20.8   0.0  1399  1569    49   206    34   218 0.84 -
Dbuz06210-RA         -            201 610at7147            -           1894     2e-05   21.2   0.1   1   1     4e-07   2.2e-05   21.0   0.1   730   866     3   130     1   153 0.79 -
Dbuz12808-RA         -            205 610at7147            -           1894     2e-05   21.2   0.0   1   1   4.5e-07   2.5e-05   20.9   0.0   735   867    12   135     5   149 0.79 -
Dbuz07920-RA         -            317 610at7147            -           1894   2.2e-05   21.1   0.0   1   1   4.7e-07   2.7e-05   20.8   0.0  1402  1564    78   232    42   242 0.76 -
Dbuz10516-RA         -            160 610at7147            -           1894   2.2e-05   21.1   0.0   1   1   4.7e-07   2.6e-05   20.8   0.0  1463  1567     3   100     1   109 0.82 -
Dbuz02487-RA         -           1016 610at7147            -           1894   2.3e-05   21.0   0.0   1   1   5.9e-07   3.3e-05   20.5   0.0   357   450   141   241    87   268 0.82 -
Dbuz09868-RA         -            687 610at7147            -           1894   2.6e-05   20.8   0.6   1   1   6.1e-07   3.4e-05   20.4   0.6   367   447    85   164    62   194 0.74 -
Dbuz12719-RA         -            448 610at7147            -           1894   4.2e-05   20.1   0.0   1   1   9.7e-07   5.5e-05   19.7   0.0  1423  1569     6   141     4   168 0.83 -
Dbuz07819-RA         -            544 610at7147            -           1894   4.8e-05   19.9   0.2   1   1   1.3e-06   7.3e-05   19.3   0.2    76   240   279   436   235   488 0.82 -
Dbuz09548-RA         -            489 610at7147            -           1894     5e-05   19.9   5.6   1   3   6.5e-05    0.0036   13.7   0.5   397   477    86   179    71   182 0.77 -
Dbuz09548-RA         -            489 610at7147            -           1894     5e-05   19.9   5.6   2   3   0.00097     0.054    9.8   0.2   392   482   160   260   154   283 0.78 -
Dbuz09548-RA         -            489 610at7147            -           1894     5e-05   19.9   5.6   3   3      0.89        50   -0.0   0.1   411   445   341   376   304   453 0.86 -
Dbuz03646-RA         -           1112 610at7147            -           1894   5.1e-05   19.8   0.1   1   2    0.0053       0.3    7.4   0.0    59   128    64   132    58   155 0.86 -
Dbuz03646-RA         -           1112 610at7147            -           1894   5.1e-05   19.8   0.1   2   2   0.00072      0.04   10.2   0.0    67   188   199   312   156   339 0.75 -
Dbuz08831-RA         -            469 610at7147            -           1894   5.4e-05   19.8   7.5   1   2   9.8e-07   5.5e-05   19.7   1.5   371   455    88   175    67   203 0.83 -
Dbuz08831-RA         -            469 610at7147            -           1894   5.4e-05   19.8   7.5   2   2     0.076       4.3    3.5   0.5   406   488   224   305   209   373 0.76 -
Dbuz05067-RA         -            960 610at7147            -           1894   8.2e-05   19.2   0.0   1   1   2.1e-06   0.00012   18.7   0.0  1396  1571   607   775   601   784 0.87 -
Dbuz02735-RA         -           1363 610at7147            -           1894   8.7e-05   19.1   0.2   1   2   5.8e-06   0.00032   17.2   0.0    74   165    87   177     5   185 0.77 -
Dbuz02735-RA         -           1363 610at7147            -           1894   8.7e-05   19.1   0.2   2   2         9   5.1e+02   -3.4   0.0   112   166   226   276   219   291 0.63 -
Dbuz06576-RA         -           4753 610at7147            -           1894    0.0001   18.8   0.0   1   1   2.7e-06   0.00015   18.3   0.0  1456  1569  4227  4330  4165  4338 0.72 -
Dbuz03189-RA         -           1276 610at7147            -           1894   0.00011   18.7   0.0   1   2       4.5   2.5e+02   -2.4   0.0  1334  1351   756   773   750   785 0.84 -
Dbuz03189-RA         -           1276 610at7147            -           1894   0.00011   18.7   0.0   2   2   4.7e-06   0.00026   17.5   0.0  1428  1558  1048  1179  1033  1245 0.67 -
Dbuz12282-RA         -            984 610at7147            -           1894   0.00014   18.4   0.0   1   2         3   1.7e+02   -1.7   0.0    11    32    22    43    17    72 0.88 -
Dbuz12282-RA         -            984 610at7147            -           1894   0.00014   18.4   0.0   2   2   7.3e-06   0.00041   16.8   0.0    76   181   116   217   108   241 0.77 -
Dbuz01856-RA         -           1329 610at7147            -           1894   0.00016   18.2   0.0   1   1     4e-06   0.00022   17.7   0.0  1400  1612   512   741   487   752 0.72 -
Dbuz09555-RA         -            366 610at7147            -           1894   0.00017   18.2   0.1   1   1   3.7e-06   0.00021   17.8   0.1  1373  1569    43   226    16   239 0.73 -
Dbuz01835-RA         -            570 610at7147            -           1894   0.00028   17.4   0.0   1   1   6.2e-06   0.00035   17.1   0.0  1417  1488   190   257   171   337 0.70 -
Dbuz03941-RA         -           1015 610at7147            -           1894   0.00032   17.2   0.1   1   1   9.2e-06   0.00052   16.5   0.1    54   168   317   430   272   478 0.81 -
Dbuz00641-RA         -            473 610at7147            -           1894   0.00038   17.0   0.0   1   1   9.6e-06   0.00054   16.5   0.0  1399  1570    71   239    59   293 0.82 -
Dbuz12872-RA         -            277 610at7147            -           1894   0.00043   16.8   0.4   1   1   1.1e-05   0.00063   16.2   0.3   133   241    76   187    31   198 0.78 -
Dbuz11498-RA         -            215 610at7147            -           1894   0.00068   16.1   0.0   1   1   1.5e-05   0.00082   15.8   0.0   735   859    12   127     3   149 0.79 -
Dbuz08148-RA         -           1294 610at7147            -           1894   0.00068   16.1   0.3   1   2   6.2e-05    0.0035   13.8   0.2    66   243   698   884   684   891 0.86 -
Dbuz08148-RA         -           1294 610at7147            -           1894   0.00068   16.1   0.3   2   2         1        56   -0.2   0.0    58   107   905   954   897   961 0.86 -
Dbuz11752-RA         -            303 610at7147            -           1894   0.00068   16.1   0.0   1   1   0.00029     0.016   11.5   0.0  1398  1490    46   136    41   243 0.79 -
Dbuz11967-RA         -           8771 610at7147            -           1894   0.00089   15.7   0.0   1   1   2.2e-05    0.0013   15.2   0.0  1397  1570  7905  8067  7893  8075 0.79 -
Dbuz07985-RA         -            730 610at7147            -           1894    0.0011   15.4   0.0   1   1   3.3e-05    0.0018   14.7   0.0  1454  1557   143   239   129   252 0.79 -
Dbuz02529-RA         -            346 610at7147            -           1894    0.0012   15.4   0.0   1   1   7.7e-05    0.0043   13.5   0.0    76   181   133   238   125   291 0.68 -
Dbuz11236-RA         -            226 610at7147            -           1894    0.0013   15.2   0.3   1   1   2.9e-05    0.0016   14.9   0.3   735   904    22   190    11   196 0.72 -
Dbuz12088-RA         -           1071 610at7147            -           1894    0.0015   15.0   0.1   1   2         1        57   -0.2   0.0   200   244   453   495   443   502 0.84 -
Dbuz12088-RA         -           1071 610at7147            -           1894    0.0015   15.0   0.1   2   2   0.00014    0.0078   12.6   0.1    75   167   598   688   513   707 0.91 -
Dbuz03530-RA         -           1418 610at7147            -           1894    0.0022   14.4   0.0   1   1    0.0001    0.0058   13.0   0.0    78   165   545   633   537   647 0.80 -
Dbuz09462-RA         -            188 610at7147            -           1894    0.0024   14.3   0.0   1   1   4.4e-05    0.0025   14.3   0.0   367   450    46   130    10   164 0.79 -
Dbuz07566-RA         -            404 610at7147            -           1894    0.0027   14.1   0.0   1   1   5.7e-05    0.0032   13.9   0.0  1455  1570   149   258   105   278 0.76 -
Dbuz00636-RA         -           1597 610at7147            -           1894    0.0029   14.0   0.0   1   1   7.7e-05    0.0043   13.5   0.0  1461  1613   736   902   728   919 0.70 -
Dbuz07334-RA         -           1194 610at7147            -           1894    0.0048   13.3   0.2   1   1   0.00017    0.0096   12.3   0.2   369   462   423   521   341   534 0.57 -
Dbuz08138-RA         -            723 610at7147            -           1894     0.006   13.0   0.0   1   1   0.00014    0.0078   12.6   0.0  1456  1565   448   571   430   625 0.74 -
Dbuz04977-RA         -            751 610at7147            -           1894    0.0061   13.0   0.0   1   1   0.00015    0.0084   12.5   0.0  1439  1556   195   299   188   310 0.80 -
Dbuz09792-RA         -           1145 610at7147            -           1894     0.007   12.8   0.0   1   1   0.00019      0.01   12.2   0.0    75   175   527   625   515   649 0.77 -
Dbuz09748-RA         -           1549 610at7147            -           1894    0.0097   12.3   0.0   1   1   0.00024     0.013   11.8   0.0  1455  1564   150   261    83   279 0.71 -
Dbuz02307-RA         -            947 610at7147            -           1894     0.012   11.9   0.1   1   1    0.0003     0.017   11.5   0.1   411   478    83   152    60   191 0.73 -
Dbuz06654-RA         -           1184 610at7147            -           1894     0.017   11.5   0.1   1   1   0.00092     0.052    9.9   0.1  1407  1615   667   900   651   917 0.62 -
Dbuz02064-RA         -            425 610at7147            -           1894     0.019   11.3   4.6   1   2       1.6        92   -0.9   0.0   407   466    70   134    57   141 0.63 -
Dbuz02064-RA         -            425 610at7147            -           1894     0.019   11.3   4.6   2   2    0.0004     0.023   11.1   3.3   375   474   172   281   116   307 0.70 -
Dbuz08813-RA         -           1017 610at7147            -           1894     0.022   11.1   1.4   1   2       3.1   1.8e+02   -1.8   0.0  1331  1356    49    78    38    89 0.74 -
Dbuz08813-RA         -           1017 610at7147            -           1894     0.022   11.1   1.4   2   2   0.00054     0.031   10.6   0.3  1396  1486    92   188    89   203 0.69 -
Dbuz07623-RA         -            522 610at7147            -           1894     0.034   10.5   0.0   1   1   0.00074     0.041   10.2   0.0  1449  1492   108   151    43   210 0.72 -
Dbuz09546-RA         -           1164 610at7147            -           1894     0.037   10.4   0.0   1   1    0.0011     0.063    9.6   0.0  1406  1492   927  1020   922  1039 0.72 -
Dbuz01135-RA         -            637 610at7147            -           1894     0.042   10.2   0.0   1   1     0.001     0.059    9.7   0.0  1451  1612   446   616   424   621 0.69 -
Dbuz08301-RA         -           1066 610at7147            -           1894     0.046   10.1   0.0   1   1    0.0013     0.071    9.4   0.0    75   167   181   271   169   289 0.87 -
Dbuz01193-RA         -           1486 610at7147            -           1894       0.1    8.9   0.0   1   2    0.0085      0.48    6.7   0.0    96   163   122   186    79   203 0.86 -
Dbuz01193-RA         -           1486 610at7147            -           1894       0.1    8.9   0.0   2   2       1.3        75   -0.6   0.0    76   164   329   414   298   425 0.71 -
Dbuz08892-RA         -             90 610at7147            -           1894       0.1    8.9   0.0   1   1    0.0019      0.11    8.8   0.0   731   779    19    71     4    80 0.74 -
Dbuz06888-RA         -            650 610at7147            -           1894      0.12    8.7   0.6   1   1     0.078       4.4    3.5   0.2   113   177   458   519   450   567 0.69 -
Dbuz10037-RA         -            372 610at7147            -           1894      0.17    8.1   0.5   1   1    0.0039      0.22    7.8   0.5   404   474    30    99    11   142 0.65 -
#
# Program:         hmmsearch
# Version:         3.1b2 (February 2015)
# Pipeline mode:   SEARCH
# Query file:      /home/nmoreyra/Documents/Genomics/03_orthologs_search/00_Phylogenomics_BUSCO-groups/busco4_odb10/busco_downloads/lineages/diptera_odb10/hmms/610at7147.hmm
# Target file:     /home/nmoreyra/Documents/Genomics/03_orthologs_search/00_Phylogenomics_BUSCO-groups/busco4_odb10/../00_proteins/Dbuz_proteins.fasta
# Option settings: /home/nmoreyra/Software/miniconda3/envs/busco4/bin/hmmsearch --domtblout /home/nmoreyra/Documents/Genomics/03_orthologs_search/00_Phylogenomics_BUSCO-groups/busco4_odb10/Dbuz_diptera/run_diptera_odb10/hmmer_output/initial_run_results/610at7147.out --cpu 1 /home/nmoreyra/Documents/Genomics/03_orthologs_search/00_Phylogenomics_BUSCO-groups/busco4_odb10/busco_downloads/lineages/diptera_odb10/hmms/610at7147.hmm /home/nmoreyra/Documents/Genomics/03_orthologs_search/00_Phylogenomics_BUSCO-groups/busco4_odb10/../00_proteins/Dbuz_proteins.fasta 
# Current dir:     /home/nmoreyra/Documents/Genomics/03_orthologs_search/00_Phylogenomics_BUSCO-groups/busco4_odb10
# Date:            Mon Jan 25 13:22:04 2021
# [ok]
