#                                                                            --- full sequence --- -------------- this domain -------------   hmm coord   ali coord   env coord
# target name        accession   tlen query name           accession   qlen   E-value  score  bias   #  of  c-Evalue  i-Evalue  score  bias  from    to  from    to  from    to  acc description of target
#------------------- ---------- ----- -------------------- ---------- ----- --------- ------ ----- --- --- --------- --------- ------ ----- ----- ----- ----- ----- ----- ----- ---- ---------------------
Dbuz00702-RA         -            149 63631at7147          -            124   1.6e-62  208.6   0.1   1   1     3e-65   2.8e-62  207.8   0.1     1   124     5   149     5   149 0.92 -
Dbuz01446-RA         -            317 63631at7147          -            124   1.2e-17   63.6   0.3   1   2   5.3e-07   0.00048   19.7   0.0    19   110    46   150    23   170 0.80 -
Dbuz01446-RA         -            317 63631at7147          -            124   1.2e-17   63.6   0.3   2   2   9.3e-14   8.5e-11   41.5   0.1     2   109   174   300   173   315 0.82 -
Dbuz10358-RA         -            149 63631at7147          -            124     4e-15   55.5   0.0   1   1   6.6e-18     6e-15   54.9   0.0     2   111     6   134     5   147 0.84 -
Dbuz11122-RA         -            198 63631at7147          -            124   5.2e-09   35.7   0.3   1   1   9.7e-12   8.8e-09   35.0   0.3     7   111    57   180    51   192 0.76 -
Dbuz02412-RA         -            304 63631at7147          -            124   2.5e-07   30.3   0.2   1   1   6.9e-10   6.3e-07   29.0   0.2    19   108   181   283   158   287 0.75 -
Dbuz09339-RA         -            440 63631at7147          -            124   2.8e-07   30.1   0.0   1   1   1.8e-09   1.6e-06   27.7   0.0     5   109   263   394   259   408 0.69 -
Dbuz01445-RA         -            332 63631at7147          -            124     7e-07   28.9   0.1   1   2   2.9e-09   2.6e-06   27.0   0.0     3   109     8   133     6   152 0.79 -
Dbuz01445-RA         -            332 63631at7147          -            124     7e-07   28.9   0.1   2   2       5.8   5.3e+03   -3.0   0.0    60    91   280   319   273   325 0.48 -
Dbuz08615-RA         -            174 63631at7147          -            124   1.6e-05   24.5   0.0   1   1   3.7e-08   3.4e-05   23.4   0.0     1   112    28   154    28   165 0.78 -
Dbuz06084-RA         -            151 63631at7147          -            124   4.2e-05   23.1   0.4   1   2    0.0017       1.5    8.4   0.0    22    56    35    73     8    83 0.62 -
Dbuz06084-RA         -            151 63631at7147          -            124   4.2e-05   23.1   0.4   2   2   6.4e-05     0.058   13.0   0.2     5    57    85   147    81   151 0.81 -
Dbuz02491-RA         -            147 63631at7147          -            124   8.6e-05   22.1   1.4   1   2   4.3e-06     0.004   16.7   0.2     3    78     5    90     3    96 0.76 -
Dbuz02491-RA         -            147 63631at7147          -            124   8.6e-05   22.1   1.4   2   2    0.0033         3    7.4   0.2     5    60    80   145    76   147 0.77 -
Dbuz10250-RA         -            120 63631at7147          -            124   0.00038   20.0   0.0   1   1   7.5e-07   0.00068   19.2   0.0    26   116     8   117     2   120 0.72 -
Dbuz00206-RA         -            221 63631at7147          -            124   0.00064   19.3   0.0   1   1   1.1e-06     0.001   18.6   0.0     1   108    71   194    71   206 0.74 -
Dbuz10575-RA         -            149 63631at7147          -            124    0.0019   17.7   0.0   1   2     0.036        33    4.1   0.0     5    72     8    86     4    92 0.59 -
Dbuz10575-RA         -            149 63631at7147          -            124    0.0019   17.7   0.0   2   2   5.8e-05     0.053   13.1   0.0     4    62    81   149    78   149 0.78 -
Dbuz07998-RA         -            154 63631at7147          -            124     0.023   14.3   0.3   1   1   4.6e-05     0.042   13.4   0.3    18    53    61    96    42   153 0.67 -
#
# Program:         hmmsearch
# Version:         3.1b2 (February 2015)
# Pipeline mode:   SEARCH
# Query file:      /home/nmoreyra/Documents/Genomics/03_orthologs_search/00_Phylogenomics_BUSCO-groups/busco4_odb10/busco_downloads/lineages/diptera_odb10/hmms/63631at7147.hmm
# Target file:     /home/nmoreyra/Documents/Genomics/03_orthologs_search/00_Phylogenomics_BUSCO-groups/busco4_odb10/../00_proteins/Dbuz_proteins.fasta
# Option settings: /home/nmoreyra/Software/miniconda3/envs/busco4/bin/hmmsearch --domtblout /home/nmoreyra/Documents/Genomics/03_orthologs_search/00_Phylogenomics_BUSCO-groups/busco4_odb10/Dbuz_diptera/run_diptera_odb10/hmmer_output/initial_run_results/63631at7147.out --cpu 1 /home/nmoreyra/Documents/Genomics/03_orthologs_search/00_Phylogenomics_BUSCO-groups/busco4_odb10/busco_downloads/lineages/diptera_odb10/hmms/63631at7147.hmm /home/nmoreyra/Documents/Genomics/03_orthologs_search/00_Phylogenomics_BUSCO-groups/busco4_odb10/../00_proteins/Dbuz_proteins.fasta 
# Current dir:     /home/nmoreyra/Documents/Genomics/03_orthologs_search/00_Phylogenomics_BUSCO-groups/busco4_odb10
# Date:            Mon Jan 25 13:21:59 2021
# [ok]
