#                                                                            --- full sequence --- -------------- this domain -------------   hmm coord   ali coord   env coord
# target name        accession   tlen query name           accession   qlen   E-value  score  bias   #  of  c-Evalue  i-Evalue  score  bias  from    to  from    to  from    to  acc description of target
#------------------- ---------- ----- -------------------- ---------- ----- --------- ------ ----- --- --- --------- --------- ------ ----- ----- ----- ----- ----- ----- ----- ---- ---------------------
Dbuz12642-RA         -            209 64824at7147          -            195  4.6e-105  348.8   6.5   1   1  3.7e-108  5.3e-105  348.6   6.5     1   195     1   209     1   209 0.96 -
Dbuz02195-RA         -            341 64824at7147          -            195    0.0015   17.6  11.8   1   2   7.1e-06      0.01   14.9   0.6    99   152    25    78    20   100 0.89 -
Dbuz02195-RA         -            341 64824at7147          -            195    0.0015   17.6  11.8   2   2    0.0021         3    6.8   4.8    56   170   139   253   133   267 0.65 -
Dbuz03612-RA         -            328 64824at7147          -            195      0.57    9.2  12.7   1   2    0.0065       9.2    5.2   1.6   128   192    47   110    20   113 0.50 -
Dbuz03612-RA         -            328 64824at7147          -            195      0.57    9.2  12.7   2   2   0.00055      0.78    8.7   3.8   130   185   259   315   243   323 0.53 -
Dbuz02552-RA         -            365 64824at7147          -            195      0.58    9.1  10.3   1   2    0.0015       2.2    7.3   4.5   123   176   215   268   191   275 0.76 -
Dbuz02552-RA         -            365 64824at7147          -            195      0.58    9.1  10.3   2   2    0.0064       9.1    5.2   0.3   128   162   326   361   318   365 0.71 -
Dbuz11098-RA         -            654 64824at7147          -            195       1.6    7.7   3.9   1   1    0.0021         3    6.8   3.9   116   171    44    99    21   106 0.79 -
Dbuz10033-RA         -            722 64824at7147          -            195       3.1    6.8   5.7   1   1    0.0042         6    5.8   5.7   140   179   483   522   471   535 0.78 -
Dbuz10237-RA         -            396 64824at7147          -            195       3.2    6.7   8.3   1   1    0.0035         5    6.1   8.3   137   169    42    74    24    96 0.43 -
Dbuz10728-RA         -            489 64824at7147          -            195       3.2    6.7   8.2   1   2      0.11   1.6e+02    1.2   0.4    71   128   129   182   115   205 0.74 -
Dbuz10728-RA         -            489 64824at7147          -            195       3.2    6.7   8.2   2   2   0.00059      0.83    8.6   2.1   119   176   404   462   390   479 0.52 -
Dbuz07523-RA         -            216 64824at7147          -            195       3.9    6.4  12.0   1   2   0.00014       0.2   10.6   6.4   122   179    46   103    23   114 0.75 -
Dbuz07523-RA         -            216 64824at7147          -            195       3.9    6.4  12.0   2   2      0.93   1.3e+03   -1.8   0.3   150   159   126   135   115   153 0.48 -
#
# Program:         hmmsearch
# Version:         3.1b2 (February 2015)
# Pipeline mode:   SEARCH
# Query file:      /home/nmoreyra/Documents/Genomics/03_orthologs_search/00_Phylogenomics_BUSCO-groups/busco4_odb10/busco_downloads/lineages/diptera_odb10/hmms/64824at7147.hmm
# Target file:     /home/nmoreyra/Documents/Genomics/03_orthologs_search/00_Phylogenomics_BUSCO-groups/busco4_odb10/../00_proteins/Dbuz_proteins.fasta
# Option settings: /home/nmoreyra/Software/miniconda3/envs/busco4/bin/hmmsearch --domtblout /home/nmoreyra/Documents/Genomics/03_orthologs_search/00_Phylogenomics_BUSCO-groups/busco4_odb10/Dbuz_diptera/run_diptera_odb10/hmmer_output/initial_run_results/64824at7147.out --cpu 1 /home/nmoreyra/Documents/Genomics/03_orthologs_search/00_Phylogenomics_BUSCO-groups/busco4_odb10/busco_downloads/lineages/diptera_odb10/hmms/64824at7147.hmm /home/nmoreyra/Documents/Genomics/03_orthologs_search/00_Phylogenomics_BUSCO-groups/busco4_odb10/../00_proteins/Dbuz_proteins.fasta 
# Current dir:     /home/nmoreyra/Documents/Genomics/03_orthologs_search/00_Phylogenomics_BUSCO-groups/busco4_odb10
# Date:            Mon Jan 25 13:22:37 2021
# [ok]
