#                                                                            --- full sequence --- -------------- this domain -------------   hmm coord   ali coord   env coord
# target name        accession   tlen query name           accession   qlen   E-value  score  bias   #  of  c-Evalue  i-Evalue  score  bias  from    to  from    to  from    to  acc description of target
#------------------- ---------- ----- -------------------- ---------- ----- --------- ------ ----- --- --- --------- --------- ------ ----- ----- ----- ----- ----- ----- ----- ---- ---------------------
Dbuz09760-RA         -            201 64960at7147          -            137   1.4e-61  205.8   5.5   1   1   3.8e-64   1.8e-61  205.4   5.5     5   131    16   183    11   188 0.97 -
Dbuz04521-RA         -            143 64960at7147          -            137   3.3e-10   39.4  17.9   1   1   5.8e-11   2.8e-08   33.2  17.9     4   132    10   127     7   132 0.78 -
Dbuz02886-RA         -            148 64960at7147          -            137   4.3e-10   39.0   6.1   1   1   7.9e-11   3.9e-08   32.7   6.1     4   130    12   132     9   139 0.75 -
Dbuz04520-RA         -            151 64960at7147          -            137   1.6e-09   37.2   4.1   1   1   6.1e-10     3e-07   29.8   4.1     4   133    12   133     9   137 0.76 -
Dbuz09764-RA         -            148 64960at7147          -            137   3.6e-09   36.0   6.8   1   2   4.1e-08     2e-05   23.9   1.5     3    30     9    36     6    72 0.85 -
Dbuz09764-RA         -            148 64960at7147          -            137   3.6e-09   36.0   6.8   2   2   1.8e-05    0.0088   15.4   0.8    70   130    57   126    41   132 0.68 -
Dbuz01758-RA         -            159 64960at7147          -            137   1.2e-07   31.1   7.2   1   2   0.00013     0.065   12.5   3.7     3    36    13    48    10    59 0.81 -
Dbuz01758-RA         -            159 64960at7147          -            137   1.2e-07   31.1   7.2   2   2   6.2e-07    0.0003   20.1   0.1    72   128    70   141    65   151 0.72 -
Dbuz02888-RA         -            148 64960at7147          -            137   3.4e-07   29.6   3.9   1   1   9.6e-09   4.7e-06   26.0   3.9     5   129    12   129     8   137 0.75 -
Dbuz02884-RA         -            148 64960at7147          -            137   6.1e-07   28.8   8.4   1   1     4e-07   0.00019   20.7   8.4     4   130    12   132     9   139 0.71 -
Dbuz02883-RA         -            160 64960at7147          -            137   1.4e-06   27.6   8.1   1   1   1.1e-08   5.4e-06   25.8   8.1    12   134    25   146    14   149 0.62 -
Dbuz02887-RA         -            153 64960at7147          -            137   2.8e-06   26.7   8.7   1   1     5e-07   0.00024   20.4   8.7     4   128     8   126     5   133 0.78 -
Dbuz09763-RA         -            146 64960at7147          -            137   1.6e-05   24.3  11.8   1   1   4.9e-06    0.0024   17.2  11.8     3   129    11   124     8   132 0.78 -
Dbuz02882-RA         -            157 64960at7147          -            137   2.7e-05   23.5   6.2   1   1   6.6e-07   0.00033   20.0   6.2    16   132    29   141    13   146 0.64 -
Dbuz12495-RA         -            146 64960at7147          -            137   2.7e-05   23.5   9.1   1   2   0.00011     0.052   12.9   1.6     4    28    16    40    13    48 0.81 -
Dbuz12495-RA         -            146 64960at7147          -            137   2.7e-05   23.5   9.1   2   2   1.8e-05    0.0087   15.4   0.9    70   130    64   128    45   134 0.80 -
Dbuz05319-RA         -            154 64960at7147          -            137   4.1e-05   22.9   5.5   1   2   0.00013     0.062   12.6   1.1     3    31     9    37     7    59 0.77 -
Dbuz05319-RA         -            154 64960at7147          -            137   4.1e-05   22.9   5.5   2   2   0.00015     0.076   12.3   0.6    88   131    86   133    45   139 0.65 -
Dbuz09757-RA         -            370 64960at7147          -            137   6.9e-05   22.2   0.6   1   3       0.1        50    3.2   1.5     4    36    11    40     8    81 0.80 -
Dbuz09757-RA         -            370 64960at7147          -            137   6.9e-05   22.2   0.6   2   3       3.1   1.5e+03   -1.6   0.2    21    44   221   244   211   247 0.80 -
Dbuz09757-RA         -            370 64960at7147          -            137   6.9e-05   22.2   0.6   3   3   1.4e-07   6.9e-05   22.2   0.6    86   135   301   358   294   360 0.87 -
Dbuz07138-RA         -            160 64960at7147          -            137   0.00014   21.2   2.3   1   2   5.9e-05     0.029   13.7   0.1     4    32    11    38     7    55 0.82 -
Dbuz07138-RA         -            160 64960at7147          -            137   0.00014   21.2   2.3   2   2    0.0061         3    7.2   0.6   110   133    89   145    44   149 0.63 -
Dbuz11684-RA         -            146 64960at7147          -            137   0.00015   21.1   7.9   1   1   4.5e-07   0.00022   20.6   7.9     5   132     9   128     4   133 0.80 -
Dbuz11682-RA         -            152 64960at7147          -            137   0.00021   20.6   7.2   1   1   7.1e-07   0.00035   19.9   7.2     4   130    10   131     6   139 0.76 -
Dbuz06681-RA         -            140 64960at7147          -            137   0.00038   19.8  11.6   1   2     1e-05    0.0049   16.2   0.3     8    34    12    38     7    46 0.84 -
Dbuz06681-RA         -            140 64960at7147          -            137   0.00038   19.8  11.6   2   2     0.003       1.5    8.2   5.1    75   129    55   114    36   119 0.68 -
Dbuz05933-RA         -            454 64960at7147          -            137   0.00041   19.7   7.2   1   1   4.9e-05     0.024   13.9   7.2    11   130   319   427   312   434 0.76 -
Dbuz11683-RA         -            152 64960at7147          -            137   0.00078   18.8   8.6   1   1   2.6e-06    0.0013   18.1   8.6     5   125    12   125     7   135 0.79 -
Dbuz09759-RA         -            301 64960at7147          -            137    0.0099   15.2   7.3   1   2     0.012         6    6.2   0.3     4    27     9    32     5    51 0.69 -
Dbuz09759-RA         -            301 64960at7147          -            137    0.0099   15.2   7.3   2   2   0.00023      0.11   11.8   2.0    85   127   218   264   194   270 0.76 -
Dbuz09755-RA         -            337 64960at7147          -            137     0.013   14.8   9.7   1   2   0.00082       0.4   10.0   1.8    12    36   230   254   222   271 0.82 -
Dbuz09755-RA         -            337 64960at7147          -            137     0.013   14.8   9.7   2   2    0.0017      0.84    9.0   1.4    87   126   274   312   265   323 0.82 -
Dbuz09754-RA         -            553 64960at7147          -            137     0.014   14.7   0.6   1   7   2.9e-05     0.014   14.7   0.6     8    32    25    49    19    70 0.78 -
Dbuz09754-RA         -            553 64960at7147          -            137     0.014   14.7   0.6   2   7     0.051        25    4.2   0.6    86   125   130   161   123   167 0.76 -
Dbuz09754-RA         -            553 64960at7147          -            137     0.014   14.7   0.6   3   7       8.1     4e+03   -3.0   5.5    17    34   259   276   254   293 0.76 -
Dbuz09754-RA         -            553 64960at7147          -            137     0.014   14.7   0.6   4   7       1.3   6.6e+02   -0.4   0.6     6    23   279   296   275   305 0.72 -
Dbuz09754-RA         -            553 64960at7147          -            137     0.014   14.7   0.6   5   7       1.2   5.6e+02   -0.2   3.2    16    30   315   330   310   336 0.71 -
Dbuz09754-RA         -            553 64960at7147          -            137     0.014   14.7   0.6   6   7     0.003       1.4    8.2   0.5    16    44   335   363   330   366 0.91 -
Dbuz09754-RA         -            553 64960at7147          -            137     0.014   14.7   0.6   7   7   0.00066      0.32   10.3   0.1    90   126   461   497   453   506 0.89 -
Dbuz07463-RA         -            378 64960at7147          -            137     0.026   13.8   0.2   1   1   0.00011     0.054   12.8   0.2    84   125    67   108    43   114 0.86 -
Dbuz09758-RA         -            262 64960at7147          -            137      0.16   11.3   9.1   1   2      0.57   2.8e+02    0.8   0.3    16    32    26    37    12    59 0.71 -
Dbuz09758-RA         -            262 64960at7147          -            137      0.16   11.3   9.1   2   2   6.2e-05     0.031   13.6   3.3    74   134   183   247   148   252 0.61 -
#
# Program:         hmmsearch
# Version:         3.1b2 (February 2015)
# Pipeline mode:   SEARCH
# Query file:      /home/nmoreyra/Documents/Genomics/03_orthologs_search/00_Phylogenomics_BUSCO-groups/busco4_odb10/busco_downloads/lineages/diptera_odb10/hmms/64960at7147.hmm
# Target file:     /home/nmoreyra/Documents/Genomics/03_orthologs_search/00_Phylogenomics_BUSCO-groups/busco4_odb10/../00_proteins/Dbuz_proteins.fasta
# Option settings: /home/nmoreyra/Software/miniconda3/envs/busco4/bin/hmmsearch --domtblout /home/nmoreyra/Documents/Genomics/03_orthologs_search/00_Phylogenomics_BUSCO-groups/busco4_odb10/Dbuz_diptera/run_diptera_odb10/hmmer_output/initial_run_results/64960at7147.out --cpu 1 /home/nmoreyra/Documents/Genomics/03_orthologs_search/00_Phylogenomics_BUSCO-groups/busco4_odb10/busco_downloads/lineages/diptera_odb10/hmms/64960at7147.hmm /home/nmoreyra/Documents/Genomics/03_orthologs_search/00_Phylogenomics_BUSCO-groups/busco4_odb10/../00_proteins/Dbuz_proteins.fasta 
# Current dir:     /home/nmoreyra/Documents/Genomics/03_orthologs_search/00_Phylogenomics_BUSCO-groups/busco4_odb10
# Date:            Mon Jan 25 13:22:47 2021
# [ok]
