#                                                                            --- full sequence --- -------------- this domain -------------   hmm coord   ali coord   env coord
# target name        accession   tlen query name           accession   qlen   E-value  score  bias   #  of  c-Evalue  i-Evalue  score  bias  from    to  from    to  from    to  acc description of target
#------------------- ---------- ----- -------------------- ---------- ----- --------- ------ ----- --- --- --------- --------- ------ ----- ----- ----- ----- ----- ----- ----- ---- ---------------------
Dbuz03536-RA         -            881 7424at7147           -            745         0 1504.6   8.1   1   2   2.3e-05     0.073   10.5   0.1     8    57    54   103    43   121 0.81 -
Dbuz03536-RA         -            881 7424at7147           -            745         0 1504.6   8.1   2   2         0         0 1495.5   4.9    29   745   120   881   105   881 0.95 -
Dbuz06598-RA         -            821 7424at7147           -            745   1.3e-71  241.1  12.7   1   1   2.6e-73   8.2e-70  235.2  12.7    97   728   157   819   149   821 0.74 -
Dbuz01323-RA         -           1324 7424at7147           -            745   8.4e-69  231.9  19.2   1   2   1.3e-69   4.2e-66  222.9  17.0   157   650   280   788   262   799 0.76 -
Dbuz01323-RA         -           1324 7424at7147           -            745   8.4e-69  231.9  19.2   2   2   7.4e-05      0.24    8.8   0.0   681   737  1174  1230  1159  1234 0.86 -
Dbuz01322-RA         -            863 7424at7147           -            745   2.7e-63  213.7  13.4   1   2   1.4e-61   4.5e-58  196.4  12.5   194   650   143   619   121   630 0.80 -
Dbuz01322-RA         -            863 7424at7147           -            745   2.7e-63  213.7  13.4   2   2   5.1e-07    0.0016   16.0   0.0   682   737   751   806   741   812 0.91 -
#
# Program:         hmmsearch
# Version:         3.1b2 (February 2015)
# Pipeline mode:   SEARCH
# Query file:      /home/nmoreyra/Documents/Genomics/03_orthologs_search/00_Phylogenomics_BUSCO-groups/busco4_odb10/busco_downloads/lineages/diptera_odb10/hmms/7424at7147.hmm
# Target file:     /home/nmoreyra/Documents/Genomics/03_orthologs_search/00_Phylogenomics_BUSCO-groups/busco4_odb10/../00_proteins/Dbuz_proteins.fasta
# Option settings: /home/nmoreyra/Software/miniconda3/envs/busco4/bin/hmmsearch --domtblout /home/nmoreyra/Documents/Genomics/03_orthologs_search/00_Phylogenomics_BUSCO-groups/busco4_odb10/Dbuz_diptera/run_diptera_odb10/hmmer_output/initial_run_results/7424at7147.out --cpu 1 /home/nmoreyra/Documents/Genomics/03_orthologs_search/00_Phylogenomics_BUSCO-groups/busco4_odb10/busco_downloads/lineages/diptera_odb10/hmms/7424at7147.hmm /home/nmoreyra/Documents/Genomics/03_orthologs_search/00_Phylogenomics_BUSCO-groups/busco4_odb10/../00_proteins/Dbuz_proteins.fasta 
# Current dir:     /home/nmoreyra/Documents/Genomics/03_orthologs_search/00_Phylogenomics_BUSCO-groups/busco4_odb10
# Date:            Mon Jan 25 13:23:15 2021
# [ok]
