#                                                                            --- full sequence --- -------------- this domain -------------   hmm coord   ali coord   env coord
# target name        accession   tlen query name           accession   qlen   E-value  score  bias   #  of  c-Evalue  i-Evalue  score  bias  from    to  from    to  from    to  acc description of target
#------------------- ---------- ----- -------------------- ---------- ----- --------- ------ ----- --- --- --------- --------- ------ ----- ----- ----- ----- ----- ----- ----- ---- ---------------------
Dbuz12208-RA         -           1244 8543at7147           -            839         0 1710.8  24.8   1   2   3.3e-63     6e-60  202.4   1.6    10   125   335   450   328   464 0.95 -
Dbuz12208-RA         -           1244 8543at7147           -            839         0 1710.8  24.8   2   2         0         0 1510.3  15.7   124   839   482  1244   470  1244 0.96 -
Dbuz01101-RA         -           1082 8543at7147           -            839  1.1e-194  648.2  22.8   1   2   1.6e-17   2.8e-14   51.3   0.1    26   118   180   264   170   282 0.89 -
Dbuz01101-RA         -           1082 8543at7147           -            839  1.1e-194  648.2  22.8   2   2  9.5e-183  1.7e-179  597.9  19.5   144   803   338  1022   307  1048 0.88 -
Dbuz06940-RA         -           1022 8543at7147           -            839  4.4e-160  533.7  23.0   1   2   5.6e-11     1e-07   29.6   0.1    31   118   184   259   175   285 0.85 -
Dbuz06940-RA         -           1022 8543at7147           -            839  4.4e-160  533.7  23.0   2   2  4.7e-155  8.6e-152  506.2  18.6   153   802   322   989   309  1020 0.86 -
Dbuz06239-RA         -            643 8543at7147           -            839   1.8e-39  134.7  13.8   1   3   1.2e-10   2.2e-07   28.6   0.1   209   263   180   236   176   244 0.83 -
Dbuz06239-RA         -            643 8543at7147           -            839   1.8e-39  134.7  13.8   2   3   1.3e-20   2.4e-17   61.5   2.5   324   497   244   412   236   422 0.91 -
Dbuz06239-RA         -            643 8543at7147           -            839   1.8e-39  134.7  13.8   3   3   1.1e-17     2e-14   51.8   0.5   590   671   484   565   416   580 0.80 -
Dbuz11473-RA         -            857 8543at7147           -            839   1.7e-28   98.4   1.6   1   2   9.7e-10   1.8e-06   25.6   0.4   445   497    34    86    21    90 0.93 -
Dbuz11473-RA         -            857 8543at7147           -            839   1.7e-28   98.4   1.6   2   2   1.7e-23   3.2e-20   71.0   0.0   595   676   194   275   188   284 0.94 -
Dbuz04540-RA         -            121 8543at7147           -            839   0.00066   17.1   0.3   1   1     4e-07   0.00073   16.9   0.3   738   828    27   112    17   120 0.76 -
Dbuz10068-RA         -            303 8543at7147           -            839       1.6    5.8   6.0   1   1    0.0012       2.3    5.4   6.0   772   830   241   299   237   303 0.79 -
#
# Program:         hmmsearch
# Version:         3.1b2 (February 2015)
# Pipeline mode:   SEARCH
# Query file:      /home/nmoreyra/Documents/Genomics/03_orthologs_search/00_Phylogenomics_BUSCO-groups/busco4_odb10/busco_downloads/lineages/diptera_odb10/hmms/8543at7147.hmm
# Target file:     /home/nmoreyra/Documents/Genomics/03_orthologs_search/00_Phylogenomics_BUSCO-groups/busco4_odb10/../00_proteins/Dbuz_proteins.fasta
# Option settings: /home/nmoreyra/Software/miniconda3/envs/busco4/bin/hmmsearch --domtblout /home/nmoreyra/Documents/Genomics/03_orthologs_search/00_Phylogenomics_BUSCO-groups/busco4_odb10/Dbuz_diptera/run_diptera_odb10/hmmer_output/initial_run_results/8543at7147.out --cpu 1 /home/nmoreyra/Documents/Genomics/03_orthologs_search/00_Phylogenomics_BUSCO-groups/busco4_odb10/busco_downloads/lineages/diptera_odb10/hmms/8543at7147.hmm /home/nmoreyra/Documents/Genomics/03_orthologs_search/00_Phylogenomics_BUSCO-groups/busco4_odb10/../00_proteins/Dbuz_proteins.fasta 
# Current dir:     /home/nmoreyra/Documents/Genomics/03_orthologs_search/00_Phylogenomics_BUSCO-groups/busco4_odb10
# Date:            Mon Jan 25 13:22:12 2021
# [ok]
