#                                                                            --- full sequence --- -------------- this domain -------------   hmm coord   ali coord   env coord
# target name        accession   tlen query name           accession   qlen   E-value  score  bias   #  of  c-Evalue  i-Evalue  score  bias  from    to  from    to  from    to  acc description of target
#------------------- ---------- ----- -------------------- ---------- ----- --------- ------ ----- --- --- --------- --------- ------ ----- ----- ----- ----- ----- ----- ----- ---- ---------------------
Dbuz12753-RA         -            717 9673at7147           -            645         0 1044.2  28.5   1   2   3.6e-05     0.057   11.1   2.9     5    40    48    97    45   127 0.73 -
Dbuz12753-RA         -            717 9673at7147           -            645         0 1044.2  28.5   2   2         0         0 1039.2  17.5    15   547   162   709   147   715 0.93 -
Dbuz11858-RA         -            616 9673at7147           -            645  1.5e-186  621.0   4.2   1   1  1.1e-189  1.8e-186  620.7   4.2    63   638    26   610    17   616 0.95 -
Dbuz09530-RA         -            630 9673at7147           -            645  5.1e-165  549.8   6.6   1   1  4.1e-168  6.5e-165  549.5   6.6    79   637    51   616    28   623 0.94 -
Dbuz06178-RA         -            629 9673at7147           -            645   1.5e-71  241.0   1.6   1   1   1.2e-74   1.9e-71  240.7   1.6   120   639    96   624    77   629 0.90 -
Dbuz04728-RA         -            613 9673at7147           -            645   6.8e-64  215.7   7.8   1   1   6.2e-67   9.8e-64  215.2   7.8   179   637   157   607   151   612 0.91 -
Dbuz10433-RA         -            183 9673at7147           -            645   1.5e-55  188.2   0.0   1   1   1.1e-58   1.8e-55  187.9   0.0   526   645    26   146    18   146 0.95 -
Dbuz11859-RA         -            521 9673at7147           -            645   2.3e-52  177.6   1.0   1   1   1.7e-55   2.7e-52  177.4   1.0    94   527    67   513    31   521 0.88 -
Dbuz12752-RA         -            101 9673at7147           -            645     1e-15   56.6   0.0   1   1   6.8e-19   1.1e-15   56.5   0.0   537   635     2   100     1   101 0.97 -
#
# Program:         hmmsearch
# Version:         3.1b2 (February 2015)
# Pipeline mode:   SEARCH
# Query file:      /home/nmoreyra/Documents/Genomics/03_orthologs_search/00_Phylogenomics_BUSCO-groups/busco4_odb10/busco_downloads/lineages/diptera_odb10/hmms/9673at7147.hmm
# Target file:     /home/nmoreyra/Documents/Genomics/03_orthologs_search/00_Phylogenomics_BUSCO-groups/busco4_odb10/../00_proteins/Dbuz_proteins.fasta
# Option settings: /home/nmoreyra/Software/miniconda3/envs/busco4/bin/hmmsearch --domtblout /home/nmoreyra/Documents/Genomics/03_orthologs_search/00_Phylogenomics_BUSCO-groups/busco4_odb10/Dbuz_diptera/run_diptera_odb10/hmmer_output/initial_run_results/9673at7147.out --cpu 1 /home/nmoreyra/Documents/Genomics/03_orthologs_search/00_Phylogenomics_BUSCO-groups/busco4_odb10/busco_downloads/lineages/diptera_odb10/hmms/9673at7147.hmm /home/nmoreyra/Documents/Genomics/03_orthologs_search/00_Phylogenomics_BUSCO-groups/busco4_odb10/../00_proteins/Dbuz_proteins.fasta 
# Current dir:     /home/nmoreyra/Documents/Genomics/03_orthologs_search/00_Phylogenomics_BUSCO-groups/busco4_odb10
# Date:            Mon Jan 25 13:23:43 2021
# [ok]
