#                                                                            --- full sequence --- -------------- this domain -------------   hmm coord   ali coord   env coord
# target name        accession   tlen query name           accession   qlen   E-value  score  bias   #  of  c-Evalue  i-Evalue  score  bias  from    to  from    to  from    to  acc description of target
#------------------- ---------- ----- -------------------- ---------- ----- --------- ------ ----- --- --- --------- --------- ------ ----- ----- ----- ----- ----- ----- ----- ---- ---------------------
Dbuz07940-RA         -            759 9709at7147           -           1070         0 1024.5  71.8   1   5  1.8e-269  1.5e-267  889.8  19.9     1   436     1   455     1   469 0.97 -
Dbuz07940-RA         -            759 9709at7147           -           1070         0 1024.5  71.8   2   5   5.2e-31   4.3e-29  100.3  37.1   428   551   470   640   456   646 0.81 -
Dbuz07940-RA         -            759 9709at7147           -           1070         0 1024.5  71.8   3   5      0.47        39    1.1   0.0  1015  1030   639   654   638   674 0.70 -
Dbuz07940-RA         -            759 9709at7147           -           1070         0 1024.5  71.8   4   5     2e-06   0.00017   18.8   0.1  1021  1048   670   697   655   704 0.84 -
Dbuz07940-RA         -            759 9709at7147           -           1070         0 1024.5  71.8   5   5   7.1e-08   5.9e-06   23.7   0.1  1033  1068   715   749   701   751 0.73 -
Dbuz11661-RA         -           1233 9709at7147           -           1070   8.1e-67  225.2   0.0   1   2   6.9e-18   5.7e-16   56.8   0.0   695   934   615   854   610   865 0.85 -
Dbuz11661-RA         -           1233 9709at7147           -           1070   8.1e-67  225.2   0.0   2   2   7.2e-51     6e-49  166.0   0.0   680   958   930  1212   896  1227 0.90 -
Dbuz08069-RA         -            929 9709at7147           -           1070   1.8e-66  224.0   0.0   1   1   3.1e-68   2.6e-66  223.5   0.0   674   938   647   916   615   922 0.92 -
Dbuz03389-RA         -           2213 9709at7147           -           1070   2.1e-64  217.2  33.1   1   2   5.6e-26   4.6e-24   83.6  35.3    25   403   420   809   406   838 0.71 -
Dbuz03389-RA         -           2213 9709at7147           -           1070   2.1e-64  217.2  33.1   2   2   6.9e-43   5.7e-41  139.6   0.0   683   930  1415  1689  1388  1703 0.85 -
Dbuz10453-RA         -           1022 9709at7147           -           1070   3.7e-62  209.8   0.0   1   1   8.7e-64   7.2e-62  208.8   0.0   677   941   697   969   663   977 0.91 -
Dbuz09262-RA         -            407 9709at7147           -           1070   1.9e-61  207.4   0.0   1   1   3.1e-63   2.5e-61  207.0   0.0   679   929   137   386   122   398 0.91 -
Dbuz08518-RA         -           1148 9709at7147           -           1070   4.6e-54  183.0   0.0   1   1   7.7e-56   6.3e-54  182.5   0.0   680   933   789  1058   758  1084 0.88 -
Dbuz11353-RA         -           2028 9709at7147           -           1070   2.5e-52  177.2   0.0   1   1   3.1e-53   2.6e-51  173.8   0.0   679   933  1610  1899  1602  1919 0.83 -
Dbuz05294-RA         -            812 9709at7147           -           1070     7e-51  172.4   0.0   1   2   1.3e-08   1.1e-06   26.1   0.0   669   777   431   545   383   562 0.77 -
Dbuz05294-RA         -            812 9709at7147           -           1070     7e-51  172.4   0.0   2   2   3.7e-44     3e-42  143.8   0.0   776   943   636   798   626   809 0.91 -
Dbuz03338-RA         -            770 9709at7147           -           1070   5.2e-50  169.5   0.0   1   1   8.8e-52   7.3e-50  169.1   0.0   683   931   470   736   463   755 0.85 -
Dbuz12541-RA         -            537 9709at7147           -           1070   1.2e-46  158.4   0.0   1   1   1.9e-48   1.6e-46  158.0   0.0   682   930   264   519   233   536 0.86 -
Dbuz10509-RA         -           1289 9709at7147           -           1070   1.3e-43  148.3   0.2   1   2       2.2   1.8e+02   -1.1   0.0   528   562   196   230   175   241 0.86 -
Dbuz10509-RA         -           1289 9709at7147           -           1070   1.3e-43  148.3   0.2   2   2   5.5e-45   4.5e-43  146.6   0.0   645   935   874  1177   806  1222 0.79 -
Dbuz07361-RA         -           1139 9709at7147           -           1070   4.1e-39  133.4   2.3   1   3       1.1        89   -0.1   0.6   249   299   139   193   125   199 0.73 -
Dbuz07361-RA         -           1139 9709at7147           -           1070   4.1e-39  133.4   2.3   2   3   8.9e-21   7.4e-19   66.4   0.0   633   831   713   931   703   955 0.81 -
Dbuz07361-RA         -           1139 9709at7147           -           1070   4.1e-39  133.4   2.3   3   3   3.4e-20   2.8e-18   64.5   0.0   840   939  1001  1100   981  1128 0.90 -
Dbuz12879-RA         -            340 9709at7147           -           1070   3.3e-36  123.8   0.0   1   1   4.3e-38   3.6e-36  123.7   0.0   669   931    62   327    13   340 0.83 -
Dbuz11624-RA         -           1208 9709at7147           -           1070   8.3e-35  119.2   0.0   1   1   1.5e-36   1.3e-34  118.6   0.0   675   982   116   425    94   467 0.82 -
Dbuz05122-RA         -            583 9709at7147           -           1070   1.5e-34  118.4   0.0   1   1   2.2e-36   1.8e-34  118.1   0.0   668   930   305   569   291   583 0.83 -
Dbuz05125-RA         -            532 9709at7147           -           1070   1.6e-32  111.6   0.0   1   1   2.4e-34     2e-32  111.3   0.0   661   931   247   519   226   532 0.82 -
Dbuz09934-RA         -            997 9709at7147           -           1070   7.6e-31  106.1   0.1   1   1   1.3e-32   1.1e-30  105.6   0.1   685   933   171   405   164   458 0.86 -
Dbuz02942-RA         -            575 9709at7147           -           1070   1.2e-28   98.8   0.0   1   2     3e-15   2.5e-13   48.1   0.0   683   887    25   227    18   242 0.88 -
Dbuz02942-RA         -            575 9709at7147           -           1070   1.2e-28   98.8   0.0   2   2     2e-15   1.7e-13   48.6   0.0   683   885   302   502   294   528 0.87 -
Dbuz02973-RA         -            537 9709at7147           -           1070   2.9e-28   97.5   0.0   1   2   5.9e-08   4.9e-06   23.9   0.0   710   893    34   234    17   275 0.69 -
Dbuz02973-RA         -            537 9709at7147           -           1070   2.9e-28   97.5   0.0   2   2   2.2e-22   1.8e-20   71.7   0.0   679   929   277   532   267   535 0.77 -
Dbuz05907-RA         -            921 9709at7147           -           1070   7.2e-27   92.9   0.0   1   1   1.2e-28     1e-26   92.4   0.0   711   934   676   913   663   918 0.80 -
Dbuz09992-RA         -           1983 9709at7147           -           1070     8e-25   86.1   0.0   1   2   1.3e-09   1.1e-07   29.4   0.0   686   873   876  1074   866  1102 0.69 -
Dbuz09992-RA         -           1983 9709at7147           -           1070     8e-25   86.1   0.0   2   2   3.6e-17     3e-15   54.4   0.0   680   881  1221  1422  1195  1442 0.86 -
Dbuz02969-RA         -            545 9709at7147           -           1070   1.5e-24   85.2   0.1   1   2   3.7e-07   3.1e-05   21.3   0.0   738   877    36   189     7   199 0.69 -
Dbuz02969-RA         -            545 9709at7147           -           1070   1.5e-24   85.2   0.1   2   2   2.2e-19   1.8e-17   61.8   0.3   617   927   199   535   190   543 0.64 -
Dbuz00757-RA         -            650 9709at7147           -           1070     2e-24   84.8   0.0   1   2   9.9e-14   8.2e-12   43.1   0.0   684   880    86   277    38   295 0.82 -
Dbuz00757-RA         -            650 9709at7147           -           1070     2e-24   84.8   0.0   2   2     1e-12   8.2e-11   39.7   0.0   684   880   359   550   353   567 0.81 -
Dbuz01430-RA         -            802 9709at7147           -           1070   4.2e-23   80.5   0.0   1   1   7.8e-25   6.5e-23   79.8   0.0   774   928   613   762   503   775 0.73 -
Dbuz00622-RA         -            665 9709at7147           -           1070   2.6e-21   74.5   0.0   1   1   4.2e-23   3.5e-21   74.1   0.0   681   931    14   259     6   292 0.79 -
Dbuz11478-RA         -            408 9709at7147           -           1070   2.7e-21   74.4   0.2   1   1   4.5e-23   3.7e-21   74.0   0.2   684   929   150   394   124   405 0.79 -
Dbuz09761-RA         -            303 9709at7147           -           1070   1.3e-20   72.2   0.0   1   1   1.9e-22   1.6e-20   71.9   0.0   673   882    16   220     6   267 0.82 -
Dbuz09587-RA         -            964 9709at7147           -           1070   1.8e-20   71.7  29.7   1   1   8.8e-21   7.3e-19   66.4  29.8    27   436    52   448    42   472 0.70 -
Dbuz01473-RA         -           1337 9709at7147           -           1070   4.6e-20   70.4   0.0   1   1   1.1e-21     9e-20   69.4   0.0   681   932   582   836   562   866 0.80 -
Dbuz09312-RA         -            290 9709at7147           -           1070   4.9e-20   70.3   0.0   1   1   7.3e-22   6.1e-20   70.0   0.0   677   883     5   214     2   241 0.85 -
Dbuz00839-RA         -            281 9709at7147           -           1070   1.6e-19   68.6   0.0   1   1   2.4e-21     2e-19   68.3   0.0   676   933    11   263     3   276 0.83 -
Dbuz12395-RA         -            328 9709at7147           -           1070   1.6e-19   68.6   0.0   1   1   2.4e-21     2e-19   68.3   0.0   652   901    40   292    11   312 0.80 -
Dbuz01926-RA         -            836 9709at7147           -           1070   1.7e-19   68.5   0.0   1   1     3e-21   2.5e-19   67.9   0.0   684   933   143   388   122   406 0.87 -
Dbuz12166-RA         -           1678 9709at7147           -           1070     1e-18   66.0   0.0   1   1   1.8e-20   1.5e-18   65.4   0.0   683   931    52   303    37   310 0.79 -
Dbuz08054-RA         -            441 9709at7147           -           1070   1.6e-18   65.3   0.0   1   1   2.4e-20     2e-18   64.9   0.0   685   931    42   284    23   310 0.83 -
Dbuz12193-RA         -            696 9709at7147           -           1070   1.8e-18   65.1   0.1   1   1   3.7e-20   3.1e-18   64.3   0.1   685   898    10   218     3   276 0.84 -
Dbuz02659-RA         -           1240 9709at7147           -           1070   2.3e-18   64.8   0.0   1   1   4.2e-20   3.4e-18   64.2   0.0   684   875   131   322   110   381 0.80 -
Dbuz09998-RA         -           1700 9709at7147           -           1070   2.9e-18   64.4   0.0   1   1   5.3e-20   4.4e-18   63.8   0.0   684   932   479   730   472   756 0.81 -
Dbuz02149-RA         -            571 9709at7147           -           1070   3.8e-18   64.0   0.0   1   1   6.8e-20   5.6e-18   63.5   0.0   686   931   301   543   275   556 0.80 -
Dbuz01167-RA         -            708 9709at7147           -           1070   4.8e-18   63.7   0.0   1   1   7.7e-20   6.4e-18   63.3   0.0   665   927   417   677   347   690 0.72 -
Dbuz01403-RA         -           1268 9709at7147           -           1070   1.6e-17   61.9   0.0   1   1   2.7e-19   2.3e-17   61.5   0.0   684   899    72   285    28   328 0.81 -
Dbuz08441-RA         -            583 9709at7147           -           1070   1.7e-17   61.9   0.0   1   1   2.7e-19   2.2e-17   61.5   0.0   675   928    23   273    11   292 0.80 -
Dbuz11607-RA         -            689 9709at7147           -           1070     3e-17   61.1   0.0   1   1   5.3e-19   4.4e-17   60.5   0.0   710   930    42   258    18   298 0.80 -
Dbuz10179-RA         -            202 9709at7147           -           1070   9.4e-17   59.4   0.0   1   1   1.2e-18     1e-16   59.3   0.0   839   930    84   183    26   192 0.83 -
Dbuz05022-RA         -           1543 9709at7147           -           1070   2.6e-16   58.0   0.0   1   1   4.6e-18   3.9e-16   57.4   0.0   686   959   552   848   540   882 0.74 -
Dbuz00113-RA         -            861 9709at7147           -           1070     5e-16   57.0   0.0   1   2       8.7   7.2e+02   -3.1   0.0   784   826    41    85     6    90 0.70 -
Dbuz00113-RA         -            861 9709at7147           -           1070     5e-16   57.0   0.0   2   2   6.1e-18     5e-16   57.0   0.0   683   892   571   778   560   822 0.85 -
Dbuz06638-RA         -           1689 9709at7147           -           1070   1.4e-15   55.5   0.0   1   1   2.6e-17   2.2e-15   54.9   0.0   683   927    24   266     3   280 0.82 -
Dbuz05805-RA         -           1497 9709at7147           -           1070   1.7e-15   55.3   0.0   1   1   3.1e-17   2.5e-15   54.7   0.0   705   931    24   250    13   256 0.84 -
Dbuz12767-RA         -            730 9709at7147           -           1070   2.3e-15   54.8   0.0   1   1   3.8e-17   3.2e-15   54.4   0.0   681   896    19   231     7   274 0.85 -
Dbuz03851-RA         -            698 9709at7147           -           1070   3.2e-15   54.4   0.0   1   1   3.8e-17   3.2e-15   54.4   0.0   662   884   351   572   337   604 0.83 -
Dbuz00693-RA         -            312 9709at7147           -           1070   7.1e-15   53.2   0.1   1   1   1.2e-16   9.6e-15   52.8   0.1   680   873     8   200     4   206 0.83 -
Dbuz00684-RA         -           2454 9709at7147           -           1070   1.3e-14   52.4   0.0   1   2     0.016       1.3    6.0   0.0   658   719  1712  1773  1695  1794 0.82 -
Dbuz00684-RA         -           2454 9709at7147           -           1070   1.3e-14   52.4   0.0   2   2   4.4e-14   3.7e-12   44.2   0.0   727   931  1811  2029  1797  2040 0.74 -
Dbuz04719-RA         -            573 9709at7147           -           1070   1.3e-14   52.3   0.0   1   1   2.4e-16     2e-14   51.7   0.0   680   872   275   481   200   493 0.78 -
Dbuz00140-RA         -            300 9709at7147           -           1070   1.4e-14   52.2   0.0   1   1   2.1e-16   1.7e-14   51.9   0.0   681   881    26   231     9   258 0.83 -
Dbuz11845-RA         -            459 9709at7147           -           1070   1.6e-14   52.0   0.0   1   1   2.5e-16   2.1e-14   51.7   0.0   714   932   196   419   153   449 0.77 -
Dbuz05687-RA         -            388 9709at7147           -           1070   1.9e-14   51.8   0.0   1   1   3.1e-16   2.6e-14   51.3   0.0   678   873    53   249    39   256 0.80 -
Dbuz10489-RA         -            722 9709at7147           -           1070   3.3e-14   51.0   0.0   1   1     8e-16   6.6e-14   50.0   0.0   683   878    15   222    10   245 0.77 -
Dbuz00137-RA         -            612 9709at7147           -           1070   3.3e-14   51.0   0.0   1   1   5.5e-16   4.6e-14   50.5   0.0   681   853   179   359   172   364 0.77 -
Dbuz03877-RA         -            493 9709at7147           -           1070   4.2e-14   50.7   0.0   1   1   6.5e-16   5.4e-14   50.3   0.0   683   931    12   261     3   292 0.80 -
Dbuz07293-RA         -            794 9709at7147           -           1070   4.2e-14   50.6   0.0   1   1   7.2e-16     6e-14   50.1   0.0   684   931     8   250     4   284 0.84 -
Dbuz01856-RA         -           1329 9709at7147           -           1070   4.4e-14   50.6   0.0   1   1   8.1e-16   6.7e-14   50.0   0.0   697   956   478   771   463   794 0.70 -
Dbuz02766-RA         -            548 9709at7147           -           1070   4.9e-14   50.4   0.0   1   1     8e-16   6.6e-14   50.0   0.0   678   881   149   358   130   398 0.81 -
Dbuz08733-RA         -           1108 9709at7147           -           1070   5.3e-14   50.3   0.0   1   1     9e-16   7.5e-14   49.8   0.0   687   895   150   355   131   396 0.76 -
Dbuz08459-RA         -            391 9709at7147           -           1070   6.8e-14   49.9   0.0   1   1   9.6e-16   7.9e-14   49.7   0.0   734   930    85   286    27   311 0.76 -
Dbuz06576-RA         -           4753 9709at7147           -           1070   9.8e-14   49.4   0.0   1   1   1.2e-15   9.8e-14   49.4   0.0   684   874  4130  4319  4090  4332 0.86 -
Dbuz07244-RA         -            683 9709at7147           -           1070   1.3e-13   49.0   0.0   1   1   2.4e-15     2e-13   48.4   0.0   684   927    28   278    17   287 0.78 -
Dbuz08841-RA         -            552 9709at7147           -           1070   1.8e-13   48.6   0.0   1   1   2.1e-15   1.8e-13   48.6   0.0   684   873   250   453   222   473 0.78 -
Dbuz01350-RA         -            315 9709at7147           -           1070   2.5e-13   48.1   0.0   1   1   3.6e-15     3e-13   47.8   0.0   682   881    60   257    44   303 0.81 -
Dbuz03849-RA         -            671 9709at7147           -           1070   2.9e-13   47.9   1.2   1   1   3.8e-15   3.1e-13   47.7   0.0   665   881   327   542   302   566 0.81 -
Dbuz03011-RA         -            913 9709at7147           -           1070     3e-13   47.8   0.0   1   1   5.1e-15   4.3e-13   47.3   0.0   672   876   594   796   541   823 0.85 -
Dbuz10213-RA         -            426 9709at7147           -           1070   5.5e-13   47.0   0.0   1   1   8.1e-15   6.7e-13   46.7   0.0   679   881   123   329   111   390 0.80 -
Dbuz07920-RA         -            317 9709at7147           -           1070   8.6e-13   46.3   0.0   1   1   1.3e-14   1.1e-12   45.9   0.0   683   873    29   225    19   255 0.81 -
Dbuz00462-RA         -            488 9709at7147           -           1070   8.8e-13   46.3   0.0   1   1   1.4e-14   1.2e-12   45.9   0.0   675   909   192   438   170   449 0.75 -
Dbuz08099-RA         -           1036 9709at7147           -           1070   1.1e-12   45.9   0.0   1   2   1.4e-14   1.1e-12   45.9   0.0   686   935    33   280    20   350 0.80 -
Dbuz08099-RA         -           1036 9709at7147           -           1070   1.1e-12   45.9   0.0   2   2       9.1   7.5e+02   -3.2   1.6   921   995   603   677   571   721 0.76 -
Dbuz09673-RA         -           1359 9709at7147           -           1070   1.1e-12   45.9   0.0   1   1   2.2e-14   1.9e-12   45.2   0.0   684   881  1035  1231  1015  1242 0.80 -
Dbuz03737-RA         -            814 9709at7147           -           1070   1.2e-12   45.9   0.0   1   1   2.2e-14   1.8e-12   45.2   0.0   684   874    20   208     5   236 0.84 -
Dbuz07880-RA         -            351 9709at7147           -           1070   1.2e-12   45.8   0.1   1   1     2e-14   1.6e-12   45.4   0.1   682   873    14   207     7   212 0.79 -
Dbuz00139-RA         -           1166 9709at7147           -           1070   1.4e-12   45.6   0.0   1   1   2.8e-14   2.4e-12   44.9   0.0   672   881    18   232     6   242 0.82 -
Dbuz04691-RA         -            294 9709at7147           -           1070   1.6e-12   45.4   0.0   1   1   2.3e-14   1.9e-12   45.1   0.0   682   877     6   200     2   223 0.82 -
Dbuz08813-RA         -           1017 9709at7147           -           1070   1.8e-12   45.3   0.1   1   1     3e-14   2.5e-12   44.8   0.1   681   873    49   253    43   269 0.77 -
Dbuz11063-RA         -           1034 9709at7147           -           1070   2.3e-12   44.9   0.0   1   1   4.2e-14   3.5e-12   44.3   0.0   674   896   719   937   695   968 0.87 -
Dbuz06248-RA         -            396 9709at7147           -           1070     3e-12   44.5   0.0   1   1   4.8e-14     4e-12   44.1   0.0   639   872    44   275    16   287 0.79 -
Dbuz00665-RA         -            295 9709at7147           -           1070   4.4e-12   44.0   0.0   1   1   8.5e-14   7.1e-12   43.3   0.0   684   873    13   203     7   214 0.85 -
Dbuz07450-RA         -            400 9709at7147           -           1070   6.1e-12   43.5   0.0   1   1   9.7e-14   8.1e-12   43.1   0.0   684   840    87   242    78   290 0.79 -
Dbuz09059-RA         -            361 9709at7147           -           1070   6.8e-12   43.3   0.0   1   1   1.1e-13   9.2e-12   42.9   0.0   684   874    24   217    13   228 0.83 -
Dbuz11556-RA         -            500 9709at7147           -           1070   1.4e-11   42.3   0.0   1   1   2.2e-13   1.8e-11   41.9   0.0   685   883   178   395   125   422 0.80 -
Dbuz11005-RA         -           1267 9709at7147           -           1070   1.5e-11   42.2   0.0   1   1   2.6e-13   2.1e-11   41.7   0.0   747   872    69   198    13   206 0.75 -
Dbuz02573-RA         -           1498 9709at7147           -           1070   1.5e-11   42.2   0.0   1   1   2.8e-13   2.3e-11   41.6   0.0   681   925  1211  1460  1187  1478 0.80 -
Dbuz06654-RA         -           1184 9709at7147           -           1070   1.7e-11   42.0   0.0   1   1   4.2e-13   3.5e-11   41.0   0.0   697   958   628   928   612   952 0.72 -
Dbuz02357-RA         -            369 9709at7147           -           1070   1.8e-11   41.9   0.0   1   1   2.8e-13   2.3e-11   41.6   0.0   682   874    38   231    31   277 0.73 -
Dbuz00833-RA         -            211 9709at7147           -           1070   1.9e-11   41.9   1.1   1   2   1.6e-07   1.3e-05   22.5   0.2   677   789     6   113     1   116 0.87 -
Dbuz00833-RA         -            211 9709at7147           -           1070   1.9e-11   41.9   1.1   2   2   2.2e-06   0.00018   18.8   0.0   854   932   117   198   113   206 0.75 -
Dbuz11408-RA         -            491 9709at7147           -           1070   2.5e-11   41.4   0.0   1   1   3.7e-13   3.1e-11   41.1   0.0   679   885   195   400   144   458 0.73 -
Dbuz08239-RA         -            447 9709at7147           -           1070   2.6e-11   41.4   0.0   1   1   5.3e-13   4.4e-11   40.7   0.0   682   875    23   230     8   246 0.77 -
Dbuz06075-RA         -            544 9709at7147           -           1070   2.8e-11   41.3   0.0   1   1   4.8e-13   3.9e-11   40.8   0.0   674   874   231   443   134   460 0.74 -
Dbuz12688-RA         -            297 9709at7147           -           1070   3.2e-11   41.1   0.0   1   1   4.2e-13   3.5e-11   41.0   0.0   682   872     6   197     2   256 0.78 -
Dbuz07048-RA         -            382 9709at7147           -           1070   4.9e-11   40.5   0.0   1   1   7.5e-13   6.2e-11   40.1   0.0   663   875    14   242     7   263 0.75 -
Dbuz03449-RA         -            453 9709at7147           -           1070   5.1e-11   40.4   0.0   1   1   8.2e-13   6.8e-11   40.0   0.0   662   928   174   438   152   446 0.82 -
Dbuz01469-RA         -           1106 9709at7147           -           1070   5.4e-11   40.4   0.0   1   1   9.2e-13   7.6e-11   39.9   0.0   631   883   519   782   505   830 0.77 -
Dbuz03088-RA         -            724 9709at7147           -           1070   7.2e-11   39.9   0.0   1   1   1.2e-12     1e-10   39.4   0.0   686   875    10   196     5   217 0.82 -
Dbuz05183-RA         -           1303 9709at7147           -           1070   7.6e-11   39.9   0.0   1   1   1.4e-12   1.2e-10   39.3   0.0   710   927   674   908   654   920 0.82 -
Dbuz07021-RA         -            470 9709at7147           -           1070   8.6e-11   39.7   0.0   1   1   1.2e-12   9.9e-11   39.5   0.0   693   882   201   395   130   453 0.79 -
Dbuz03413-RA         -            409 9709at7147           -           1070   9.5e-11   39.5   0.0   1   1   1.5e-12   1.2e-10   39.2   0.0   778   873   137   232   114   254 0.85 -
Dbuz04845-RA         -            495 9709at7147           -           1070   1.1e-10   39.4   0.0   1   1   1.7e-12   1.4e-10   39.0   0.0   656   895    50   290    32   305 0.76 -
Dbuz11132-RA         -            836 9709at7147           -           1070   2.7e-10   38.0   0.0   1   1   4.9e-12   4.1e-10   37.4   0.0   643   874   522   752   466   766 0.75 -
Dbuz10454-RA         -            431 9709at7147           -           1070   3.2e-10   37.8   0.0   1   1     4e-12   3.3e-10   37.8   0.0   730   880    96   244     1   382 0.77 -
Dbuz01074-RA         -            366 9709at7147           -           1070     4e-10   37.5   0.0   1   1   6.6e-12   5.5e-10   37.0   0.0   686   874    31   222    23   232 0.74 -
Dbuz12113-RA         -            442 9709at7147           -           1070     6e-10   36.9   0.0   1   1   1.1e-11     9e-10   36.3   0.0   682   873    54   243    46   249 0.78 -
Dbuz02204-RA         -            671 9709at7147           -           1070   1.1e-09   36.0   0.0   1   1   1.8e-11   1.5e-09   35.6   0.0   676   879   356   558   317   586 0.82 -
Dbuz03905-RA         -            507 9709at7147           -           1070   1.2e-09   35.9   0.0   1   1   1.9e-11   1.5e-09   35.5   0.0   683   876    15   217     2   272 0.80 -
Dbuz07623-RA         -            522 9709at7147           -           1070   1.2e-09   35.8   0.0   1   1   1.9e-11   1.6e-09   35.5   0.0   777   881   111   214    15   249 0.73 -
Dbuz06251-RA         -           1092 9709at7147           -           1070   2.3e-09   35.0   0.3   1   1     4e-11   3.3e-09   34.4   0.3   636   874   116   374    27   440 0.60 -
Dbuz11407-RA         -            335 9709at7147           -           1070   3.2e-09   34.5   0.0   1   1   4.5e-11   3.7e-09   34.3   0.0   767   931   137   304    39   311 0.69 -
Dbuz08223-RA         -            923 9709at7147           -           1070   4.2e-09   34.1   0.0   1   1   5.1e-11   4.2e-09   34.1   0.0   658   874   215   452   202   462 0.65 -
Dbuz04977-RA         -            751 9709at7147           -           1070   5.6e-09   33.7   0.0   1   1   9.8e-11   8.2e-09   33.1   0.0   682   882   113   309    60   359 0.79 -
Dbuz03137-RA         -            687 9709at7147           -           1070   7.6e-09   33.2   0.0   1   1   1.5e-10   1.2e-08   32.5   0.0   724   967   357   605   348   622 0.80 -
Dbuz04577-RA         -            617 9709at7147           -           1070   1.5e-08   32.3   0.0   1   1   2.4e-10     2e-08   31.9   0.0   681   882   116   318   107   371 0.76 -
Dbuz00641-RA         -            473 9709at7147           -           1070   1.8e-08   32.0   0.0   1   1   3.1e-10   2.6e-08   31.5   0.0   682   873    33   226    18   249 0.77 -
Dbuz01165-RA         -           1223 9709at7147           -           1070   1.9e-08   31.9   0.0   1   1   8.9e-10   7.4e-08   30.0   0.0   730   971   339   606   317   649 0.72 -
Dbuz10516-RA         -            160 9709at7147           -           1070   2.6e-08   31.5   0.0   1   1   3.7e-10   3.1e-08   31.2   0.0   786   874     1    91     1   103 0.90 -
Dbuz09413-RA         -            700 9709at7147           -           1070     4e-08   30.8   0.0   1   1   8.1e-10   6.7e-08   30.1   0.0   683   908   194   422   177   433 0.76 -
Dbuz07566-RA         -            404 9709at7147           -           1070   4.1e-08   30.8   0.0   1   1   6.3e-10   5.2e-08   30.5   0.0   686   876    57   247    45   276 0.69 -
Dbuz05067-RA         -            960 9709at7147           -           1070   4.9e-08   30.6   0.0   1   1   9.3e-10   7.7e-08   29.9   0.0   690   873   574   761   478   768 0.84 -
Dbuz02744-RA         -            452 9709at7147           -           1070   7.4e-08   30.0   0.0   1   1   1.1e-09   9.5e-08   29.6   0.0   731   893   232   399   193   419 0.70 -
Dbuz08641-RA         -            368 9709at7147           -           1070     8e-08   29.8   0.0   1   1   1.3e-09   1.1e-07   29.5   0.0   683   884    36   236    21   258 0.78 -
Dbuz03189-RA         -           1276 9709at7147           -           1070   1.1e-07   29.4   0.0   1   2      0.12        10    3.0   0.0   684   742   756   813   747   819 0.74 -
Dbuz03189-RA         -           1276 9709at7147           -           1070   1.1e-07   29.4   0.0   2   2   5.4e-08   4.5e-06   24.1   0.0   755   884  1047  1189  1023  1202 0.75 -
Dbuz08956-RA         -           1243 9709at7147           -           1070   1.9e-07   28.6   0.1   1   1   4.6e-09   3.8e-07   27.6   0.0   711   826   578   697   558   721 0.82 -
Dbuz11681-RA         -             98 9709at7147           -           1070   2.3e-07   28.3   0.1   1   1   3.2e-09   2.7e-07   28.1   0.1   855   932    11    93     3    97 0.77 -
Dbuz10184-RA         -            787 9709at7147           -           1070   3.2e-07   27.8   0.0   1   1     5e-09   4.1e-07   27.5   0.0   680   806   650   787   625   787 0.70 -
Dbuz10923-RA         -            785 9709at7147           -           1070   3.8e-07   27.6   0.0   1   1   9.3e-09   7.7e-07   26.6   0.0   771   889    43   167    14   215 0.73 -
Dbuz09555-RA         -            366 9709at7147           -           1070   4.5e-07   27.4   0.0   1   1   7.3e-09   6.1e-07   26.9   0.0   687   874    28   215    18   227 0.72 -
Dbuz09762-RA         -            254 9709at7147           -           1070     1e-06   26.2   0.1   1   1   1.5e-08   1.3e-06   25.9   0.1   752   937    67   246    15   252 0.74 -
Dbuz02778-RA         -            524 9709at7147           -           1070     1e-06   26.2   0.0   1   1   2.2e-08   1.8e-06   25.3   0.0   786   874   194   284   183   325 0.86 -
Dbuz10446-RA         -            306 9709at7147           -           1070   3.6e-06   24.4   0.0   1   1   5.2e-08   4.3e-06   24.1   0.0   784   880    81   177    19   201 0.86 -
Dbuz11752-RA         -            303 9709at7147           -           1070   8.6e-06   23.1   0.0   1   1   1.6e-07   1.4e-05   22.5   0.0   711   838    30   159    13   179 0.79 -
Dbuz03049-RA         -            594 9709at7147           -           1070   1.4e-05   22.4   0.0   1   1     3e-07   2.5e-05   21.6   0.0   678   810   225   357   201   368 0.87 -
Dbuz10548-RA         -            502 9709at7147           -           1070   2.1e-05   21.8   0.0   1   1   4.2e-07   3.5e-05   21.1   0.0   688   874    44   231    38   245 0.80 -
Dbuz03913-RA         -           1228 9709at7147           -           1070   2.3e-05   21.7   0.0   1   1   4.1e-07   3.4e-05   21.2   0.0   679   825    57   211    43   285 0.70 -
Dbuz01135-RA         -            637 9709at7147           -           1070     4e-05   20.9   0.0   1   1   6.8e-07   5.6e-05   20.4   0.0   777   930   447   618   332   623 0.79 -
Dbuz00437-RA         -            469 9709at7147           -           1070     7e-05   20.1   0.0   1   1   1.2e-06   9.9e-05   19.6   0.0   680   827     9   156     2   196 0.76 -
Dbuz12719-RA         -            448 9709at7147           -           1070   8.6e-05   19.8   0.0   1   1   1.4e-06   0.00011   19.4   0.0   776   873    33   129    18   153 0.80 -
Dbuz01797-RA         -            666 9709at7147           -           1070   9.3e-05   19.7   0.0   1   1   1.5e-06   0.00012   19.3   0.0   712   879   156   340   133   391 0.66 -
Dbuz00636-RA         -           1597 9709at7147           -           1070   0.00011   19.4   0.8   1   3       4.3   3.6e+02   -2.1   0.1   444   480   218   254   205   263 0.88 -
Dbuz00636-RA         -           1597 9709at7147           -           1070   0.00011   19.4   0.8   2   3       3.1   2.6e+02   -1.6   0.1   731   824   316   412   307   422 0.62 -
Dbuz00636-RA         -           1597 9709at7147           -           1070   0.00011   19.4   0.8   3   3     7e-06   0.00058   17.1   0.0   779   825   729   775   698   844 0.85 -
Dbuz10892-RA         -            458 9709at7147           -           1070   0.00023   18.4   0.0   1   1   4.3e-06   0.00036   17.8   0.0   665   830    75   243     7   261 0.72 -
Dbuz02853-RA         -            340 9709at7147           -           1070   0.00023   18.4   0.0   1   1   2.8e-06   0.00023   18.4   0.0   762   827    98   164    15   323 0.82 -
Dbuz08448-RA         -            837 9709at7147           -           1070     0.001   16.2   0.0   1   1   1.7e-05    0.0014   15.8   0.0   732   873    53   196    40   252 0.79 -
Dbuz03931-RA         -            654 9709at7147           -           1070    0.0013   15.9   0.0   1   1   2.3e-05    0.0019   15.4   0.0   776   873   484   579   451   600 0.83 -
Dbuz00750-RA         -           1035 9709at7147           -           1070    0.0014   15.8   0.1   1   2   7.8e-05    0.0065   13.6   0.1   628   838   596   811   547   816 0.65 -
Dbuz00750-RA         -           1035 9709at7147           -           1070    0.0014   15.8   0.1   2   2       1.5   1.2e+02   -0.6   0.0   845   880   857   891   853   926 0.77 -
Dbuz07985-RA         -            730 9709at7147           -           1070    0.0015   15.7   0.0   1   1   2.6e-05    0.0022   15.2   0.0   781   879   145   244   106   264 0.70 -
Dbuz08450-RA         -            343 9709at7147           -           1070    0.0027   14.8   0.0   1   1   4.6e-05    0.0038   14.4   0.0   673   827    13   167     4   178 0.76 -
Dbuz09706-RA         -            374 9709at7147           -           1070    0.0028   14.8   0.0   1   1   4.6e-05    0.0038   14.4   0.0   673   827    20   174     3   187 0.74 -
Dbuz01835-RA         -            570 9709at7147           -           1070     0.025   11.7   0.0   1   1   0.00042     0.035   11.2   0.0   774   833   218   283   198   356 0.73 -
Dbuz10411-RA         -            465 9709at7147           -           1070     0.045   10.8   0.0   1   1   0.00075     0.062   10.4   0.0   769   874    10   112     2   132 0.75 -
Dbuz03191-RA         -            401 9709at7147           -           1070      0.05   10.7   0.0   1   1   0.00083     0.069   10.2   0.0   757   827   105   179    11   190 0.62 -
#
# Program:         hmmsearch
# Version:         3.1b2 (February 2015)
# Pipeline mode:   SEARCH
# Query file:      /home/nmoreyra/Documents/Genomics/03_orthologs_search/00_Phylogenomics_BUSCO-groups/busco4_odb10/busco_downloads/lineages/diptera_odb10/hmms/9709at7147.hmm
# Target file:     /home/nmoreyra/Documents/Genomics/03_orthologs_search/00_Phylogenomics_BUSCO-groups/busco4_odb10/../00_proteins/Dbuz_proteins.fasta
# Option settings: /home/nmoreyra/Software/miniconda3/envs/busco4/bin/hmmsearch --domtblout /home/nmoreyra/Documents/Genomics/03_orthologs_search/00_Phylogenomics_BUSCO-groups/busco4_odb10/Dbuz_diptera/run_diptera_odb10/hmmer_output/initial_run_results/9709at7147.out --cpu 1 /home/nmoreyra/Documents/Genomics/03_orthologs_search/00_Phylogenomics_BUSCO-groups/busco4_odb10/busco_downloads/lineages/diptera_odb10/hmms/9709at7147.hmm /home/nmoreyra/Documents/Genomics/03_orthologs_search/00_Phylogenomics_BUSCO-groups/busco4_odb10/../00_proteins/Dbuz_proteins.fasta 
# Current dir:     /home/nmoreyra/Documents/Genomics/03_orthologs_search/00_Phylogenomics_BUSCO-groups/busco4_odb10
# Date:            Mon Jan 25 13:23:51 2021
# [ok]
