#                                                                            --- full sequence --- -------------- this domain -------------   hmm coord   ali coord   env coord
# target name        accession   tlen query name           accession   qlen   E-value  score  bias   #  of  c-Evalue  i-Evalue  score  bias  from    to  from    to  from    to  acc description of target
#------------------- ---------- ----- -------------------- ---------- ----- --------- ------ ----- --- --- --------- --------- ------ ----- ----- ----- ----- ----- ----- ----- ---- ---------------------
FBtr0072791          -             95 1545004at2759        -             78   4.5e-33  112.6   1.3   1   1   5.8e-36   5.4e-33  112.3   1.3     1    73     4    79     4    91 0.92 -
FBtr0071628          -            137 1545004at2759        -             78   3.8e-19   67.9   0.3   1   1   6.5e-22   6.1e-19   67.3   0.3     1    73    14    87    14    90 0.90 -
FBtr0304118          -            199 1545004at2759        -             78   5.1e-11   41.9   0.1   1   1   1.2e-13   1.1e-10   40.8   0.1     4    61    13    78    10    82 0.79 -
FBtr0074377          -             76 1545004at2759        -             78   8.5e-10   38.0   0.6   1   1     1e-12   9.3e-10   37.9   0.6     3    67    11    74     9    76 0.83 -
FBtr0079560          -             94 1545004at2759        -             78   1.3e-07   31.0   0.5   1   2       2.7   2.5e+03   -2.0   0.0    27    39    15    27    11    40 0.74 -
FBtr0079560          -             94 1545004at2759        -             78   1.3e-07   31.0   0.5   2   2   2.1e-10     2e-07   30.4   0.4    18    67    42    90    26    94 0.87 -
FBtr0332457          -            121 1545004at2759        -             78     3e-07   29.8   0.0   1   1     4e-10   3.7e-07   29.5   0.0     7    62    51   106    45   113 0.85 -
FBtr0077048          -             91 1545004at2759        -             78   2.4e-06   26.9   0.1   1   1   3.3e-09   3.1e-06   26.6   0.1     6    62    25    82    21    88 0.86 -
FBtr0080934          -            110 1545004at2759        -             78     3e-06   26.6   0.0   1   1   6.2e-09   5.8e-06   25.7   0.0     6    63    30    94    24   104 0.75 -
FBtr0084505          -            103 1545004at2759        -             78   8.7e-05   21.9   0.1   1   1   1.2e-06    0.0011   18.4   0.1     6    46    28    68    24    98 0.78 -
FBtr0088485          -            256 1545004at2759        -             78    0.0005   19.5   0.0   1   2   0.00015      0.14   11.6   0.0    17    39   165   187   151   201 0.81 -
FBtr0088485          -            256 1545004at2759        -             78    0.0005   19.5   0.0   2   2     0.011        10    5.6   0.0    52    66   239   253   218   256 0.82 -
FBtr0071520          -             79 1545004at2759        -             78    0.0022   17.4   0.1   1   1   2.8e-06    0.0026   17.2   0.1     8    63    19    72     7    75 0.85 -
FBtr0081737          -            119 1545004at2759        -             78    0.0036   16.7   0.0   1   2   1.8e-05     0.017   14.6   0.0     7    38    40    71    33    80 0.87 -
FBtr0081737          -            119 1545004at2759        -             78    0.0036   16.7   0.0   2   2      0.81   7.6e+02   -0.3   0.0    54    63    99   108    85   109 0.82 -
FBtr0088010          -             88 1545004at2759        -             78    0.0036   16.7   0.1   1   1   4.6e-06    0.0043   16.5   0.1    11    69    24    80    17    87 0.81 -
FBtr0075952          -            124 1545004at2759        -             78     0.016   14.7   0.2   1   1   2.4e-05     0.022   14.2   0.2     5    60    12    65     8    70 0.89 -
FBtr0075954          -             95 1545004at2759        -             78     0.054   13.0   0.1   1   1   9.1e-05     0.085   12.3   0.1     8    70    15    77     8    82 0.72 -
#
# Program:         hmmsearch
# Version:         3.1b2 (February 2015)
# Pipeline mode:   SEARCH
# Query file:      /home/nmoreyra/Documents/Academico/Repositorios/BUSCO2Tree/test_marzo2023/busco_downloads/lineages/eukaryota_odb10/hmms/1545004at2759.hmm
# Target file:     /home/nmoreyra/Documents/Academico/Repositorios/BUSCO2Tree/test_marzo2023/00_proteins/Dmel.fasta
# Option settings: hmmsearch --domtblout /home/nmoreyra/Documents/Academico/Repositorios/BUSCO2Tree/test_marzo2023/Results/00_proteins/Dmel/run_eukaryota_odb10/hmmer_output/initial_run_results/1545004at2759.out --cpu 1 /home/nmoreyra/Documents/Academico/Repositorios/BUSCO2Tree/test_marzo2023/busco_downloads/lineages/eukaryota_odb10/hmms/1545004at2759.hmm /home/nmoreyra/Documents/Academico/Repositorios/BUSCO2Tree/test_marzo2023/00_proteins/Dmel.fasta 
# Current dir:     /home/nmoreyra/Documents/Academico/Repositorios/BUSCO2Tree/test_marzo2023
# Date:            Thu Mar 23 14:22:56 2023
# [ok]
