#                                                                            --- full sequence --- -------------- this domain -------------   hmm coord   ali coord   env coord
# target name        accession   tlen query name           accession   qlen   E-value  score  bias   #  of  c-Evalue  i-Evalue  score  bias  from    to  from    to  from    to  acc description of target
#------------------- ---------- ----- -------------------- ---------- ----- --------- ------ ----- --- --- --------- --------- ------ ----- ----- ----- ----- ----- ----- ----- ---- ---------------------
FBtr0084115          -           1488 293315at2759         -            638  1.3e-189  631.1  19.7   1   5     1e-07   0.00036   18.5   0.0    30    89   452   540   441   547 0.70 -
FBtr0084115          -           1488 293315at2759         -            638  1.3e-189  631.1  19.7   2   5   2.5e-19   8.9e-16   56.8   0.6   104   195   626   731   621   746 0.83 -
FBtr0084115          -           1488 293315at2759         -            638  1.3e-189  631.1  19.7   3   5     3e-29   1.1e-25   89.6   0.1   193   257   769   833   741   838 0.87 -
FBtr0084115          -           1488 293315at2759         -            638  1.3e-189  631.1  19.7   4   5  1.1e-144    4e-141  471.0   4.4   252   605   853  1266   850  1279 0.86 -
FBtr0084115          -           1488 293315at2759         -            638  1.3e-189  631.1  19.7   5   5     0.012        42    1.8   0.1   604   631  1347  1375  1332  1382 0.73 -
FBtr0075522          -           1092 293315at2759         -            638   3.7e-58  196.9   2.2   1   3   2.4e-06    0.0085   14.0   0.0   116   156   356   396   345   430 0.86 -
FBtr0075522          -           1092 293315at2759         -            638   3.7e-58  196.9   2.2   2   3   4.1e-19   1.4e-15   56.2   0.1   171   298   477   606   465   613 0.82 -
FBtr0075522          -           1092 293315at2759         -            638   3.7e-58  196.9   2.2   3   3   7.3e-40   2.5e-36  124.7   0.1   306   584   641   964   634   983 0.81 -
FBtr0088831          -           2130 293315at2759         -            638   4.9e-37  127.1   0.2   1   3     0.025        86    0.7   0.0   114   154  1373  1413  1366  1421 0.87 -
FBtr0088831          -           2130 293315at2759         -            638   4.9e-37  127.1   0.2   2   3   2.2e-13   7.6e-10   37.3   0.0   198   298  1519  1625  1503  1657 0.83 -
FBtr0088831          -           2130 293315at2759         -            638   4.9e-37  127.1   0.2   3   3   8.5e-28     3e-24   84.8   0.0   304   543  1674  1948  1666  2049 0.75 -
FBtr0084408          -           2236 293315at2759         -            638    0.0002   19.3   0.0   1   3     0.064   2.2e+02   -0.6   0.0   116   146   336   366   331   375 0.85 -
FBtr0084408          -           2236 293315at2759         -            638    0.0002   19.3   0.0   2   3   1.5e-06    0.0051   14.7   0.0   330   395   798   863   788   890 0.87 -
FBtr0084408          -           2236 293315at2759         -            638    0.0002   19.3   0.0   3   3     0.055   1.9e+02   -0.4   0.0   437   479   954  1002   930  1059 0.79 -
#
# Program:         hmmsearch
# Version:         3.1b2 (February 2015)
# Pipeline mode:   SEARCH
# Query file:      /home/nmoreyra/Documents/Academico/Repositorios/BUSCO2Tree/test_marzo2023/busco_downloads/lineages/eukaryota_odb10/hmms/293315at2759.hmm
# Target file:     /home/nmoreyra/Documents/Academico/Repositorios/BUSCO2Tree/test_marzo2023/00_proteins/Dmel.fasta
# Option settings: hmmsearch --domtblout /home/nmoreyra/Documents/Academico/Repositorios/BUSCO2Tree/test_marzo2023/Results/00_proteins/Dmel/run_eukaryota_odb10/hmmer_output/initial_run_results/293315at2759.out --cpu 1 /home/nmoreyra/Documents/Academico/Repositorios/BUSCO2Tree/test_marzo2023/busco_downloads/lineages/eukaryota_odb10/hmms/293315at2759.hmm /home/nmoreyra/Documents/Academico/Repositorios/BUSCO2Tree/test_marzo2023/00_proteins/Dmel.fasta 
# Current dir:     /home/nmoreyra/Documents/Academico/Repositorios/BUSCO2Tree/test_marzo2023
# Date:            Thu Mar 23 14:22:57 2023
# [ok]
