#                                                                            --- full sequence --- -------------- this domain -------------   hmm coord   ali coord   env coord
# target name        accession   tlen query name           accession   qlen   E-value  score  bias   #  of  c-Evalue  i-Evalue  score  bias  from    to  from    to  from    to  acc description of target
#------------------- ---------- ----- -------------------- ---------- ----- --------- ------ ----- --- --- --------- --------- ------ ----- ----- ----- ----- ----- ----- ----- ---- ---------------------
FBtr0087579          -            387 679771at2759         -            207   1.2e-43  148.9   4.6   1   1   2.2e-45   7.5e-42  143.0   4.6    22   206   125   362   102   363 0.74 -
FBtr0088742          -            278 679771at2759         -            207   2.3e-07   30.4   0.2   1   1   1.2e-10   4.1e-07   29.5   0.2    75   186    34   162    20   166 0.79 -
FBtr0084469          -            382 679771at2759         -            207   1.5e-05   24.4   0.4   1   2      0.25   8.8e+02   -0.9   0.2    61   119    10    73     7    83 0.58 -
FBtr0084469          -            382 679771at2759         -            207   1.5e-05   24.4   0.4   2   2   4.2e-09   1.5e-05   24.4   0.4   125   196   269   350   238   355 0.82 -
FBtr0339550          -            444 679771at2759         -            207    0.0032   16.8   4.4   1   3       1.4   4.8e+03   -3.3   0.0    59    92    96   128    86   135 0.51 -
FBtr0339550          -            444 679771at2759         -            207    0.0032   16.8   4.4   2   3     0.004        14    4.9   0.1   101   128   189   216   186   220 0.91 -
FBtr0339550          -            444 679771at2759         -            207    0.0032   16.8   4.4   3   3   1.3e-05     0.045   13.1   0.1   147   185   371   411   324   431 0.88 -
#
# Program:         hmmsearch
# Version:         3.1b2 (February 2015)
# Pipeline mode:   SEARCH
# Query file:      /home/nmoreyra/Documents/Academico/Repositorios/BUSCO2Tree/test_marzo2023/busco_downloads/lineages/eukaryota_odb10/hmms/679771at2759.hmm
# Target file:     /home/nmoreyra/Documents/Academico/Repositorios/BUSCO2Tree/test_marzo2023/00_proteins/Dmel.fasta
# Option settings: hmmsearch --domtblout /home/nmoreyra/Documents/Academico/Repositorios/BUSCO2Tree/test_marzo2023/Results/00_proteins/Dmel/run_eukaryota_odb10/hmmer_output/initial_run_results/679771at2759.out --cpu 1 /home/nmoreyra/Documents/Academico/Repositorios/BUSCO2Tree/test_marzo2023/busco_downloads/lineages/eukaryota_odb10/hmms/679771at2759.hmm /home/nmoreyra/Documents/Academico/Repositorios/BUSCO2Tree/test_marzo2023/00_proteins/Dmel.fasta 
# Current dir:     /home/nmoreyra/Documents/Academico/Repositorios/BUSCO2Tree/test_marzo2023
# Date:            Thu Mar 23 14:23:02 2023
# [ok]
