#                                                                            --- full sequence --- -------------- this domain -------------   hmm coord   ali coord   env coord
# target name        accession   tlen query name           accession   qlen   E-value  score  bias   #  of  c-Evalue  i-Evalue  score  bias  from    to  from    to  from    to  acc description of target
#------------------- ---------- ----- -------------------- ---------- ----- --------- ------ ----- --- --- --------- --------- ------ ----- ----- ----- ----- ----- ----- ----- ---- ---------------------
FBtr0078201          -            416 721605at2759         -            251   5.5e-95  316.7   0.1   1   2   2.2e-94   9.8e-92  306.1   0.0     4   224    55   305    52   315 0.89 -
FBtr0078201          -            416 721605at2759         -            251   5.5e-95  316.7   0.1   2   2      0.16        74    1.8   0.0   222   247   343   371   338   375 0.79 -
FBtr0074511          -            255 721605at2759         -            251   2.5e-05   23.0   0.1   1   1   8.2e-08   3.7e-05   22.5   0.1    14   124     6   127     2   140 0.76 -
FBtr0087871          -            302 721605at2759         -            251   0.00015   20.5   0.1   1   3   1.9e-05    0.0087   14.7   0.1    16    45    11    40     6    48 0.86 -
FBtr0087871          -            302 721605at2759         -            251   0.00015   20.5   0.1   2   3      0.07        32    3.0   0.0    99   138    89   129    56   135 0.76 -
FBtr0087871          -            302 721605at2759         -            251   0.00015   20.5   0.1   3   3       4.6   2.1e+03   -2.9   0.0   151   163   159   171   153   177 0.85 -
FBtr0084494          -            371 721605at2759         -            251   0.00041   19.1   0.1   1   3      0.88     4e+02   -0.6   0.0    15    30     7    22     4    27 0.82 -
FBtr0084494          -            371 721605at2759         -            251   0.00041   19.1   0.1   2   3       0.1        46    2.5   0.0    79   132    87   141    81   152 0.74 -
FBtr0084494          -            371 721605at2759         -            251   0.00041   19.1   0.1   3   3   9.8e-05     0.044   12.4   0.0   172   204   215   247   195   259 0.88 -
FBtr0344834          -            572 721605at2759         -            251    0.0012   17.5   2.6   1   3     0.029        13    4.3   0.0    13    34    77    98    72   116 0.86 -
FBtr0344834          -            572 721605at2759         -            251    0.0012   17.5   2.6   2   3   9.3e-05     0.042   12.5   0.3    69   131   159   225   143   250 0.80 -
FBtr0344834          -            572 721605at2759         -            251    0.0012   17.5   2.6   3   3       5.7   2.6e+03   -3.2   0.0    74   107   339   374   333   396 0.71 -
FBtr0300865          -            510 721605at2759         -            251    0.0024   16.5   0.0   1   3    0.0012      0.56    8.8   0.1    14    34    24    44    13    51 0.85 -
FBtr0300865          -            510 721605at2759         -            251    0.0024   16.5   0.0   2   3       3.2   1.4e+03   -2.4   0.0    99   125   138   165   136   187 0.85 -
FBtr0300865          -            510 721605at2759         -            251    0.0024   16.5   0.0   3   3     0.019       8.5    4.9   0.0   132   239   214   323   151   327 0.82 -
FBtr0346018          -            242 721605at2759         -            251    0.0053   15.4   0.0   1   1   1.7e-05    0.0079   14.9   0.0    10    53     5    48     3    84 0.78 -
FBtr0077884          -            321 721605at2759         -            251    0.0071   15.0   0.1   1   1   3.4e-05     0.015   13.9   0.1     8    50    42    84    38    89 0.91 -
FBtr0078830          -            430 721605at2759         -            251     0.008   14.8   0.4   1   1   6.1e-05     0.027   13.1   0.4    15    86     8    90     2    96 0.79 -
FBtr0083329          -            499 721605at2759         -            251    0.0084   14.8   0.3   1   4   0.00054      0.24   10.0   0.0    14    34    13    33     4    48 0.83 -
FBtr0083329          -            499 721605at2759         -            251    0.0084   14.8   0.3   2   4      0.29   1.3e+02    1.0   0.0    99   125   127   154   118   168 0.86 -
FBtr0083329          -            499 721605at2759         -            251    0.0084   14.8   0.3   3   4       2.9   1.3e+03   -2.3   0.0   153   194   227   269   201   289 0.67 -
FBtr0083329          -            499 721605at2759         -            251    0.0084   14.8   0.3   4   4       4.2   1.9e+03   -2.8   0.0    49    77   392   422   389   424 0.73 -
FBtr0075284          -            398 721605at2759         -            251    0.0096   14.6   0.0   1   2    0.0049       2.2    6.8   0.0    11    32     5    26     2    46 0.92 -
FBtr0075284          -            398 721605at2759         -            251    0.0096   14.6   0.0   2   2     0.013         6    5.4   0.0    95   126    99   130    88   142 0.88 -
FBtr0332493          -            249 721605at2759         -            251     0.011   14.4   0.3   1   2   0.00013     0.061   12.0   0.1    11    72     7    71     3    97 0.77 -
FBtr0332493          -            249 721605at2759         -            251     0.011   14.4   0.3   2   2      0.48   2.2e+02    0.3   0.0   135   178   120   164   112   174 0.66 -
FBtr0077179          -            317 721605at2759         -            251     0.013   14.1   0.0   1   1   4.7e-05     0.021   13.4   0.0     5    49    64   108    60   124 0.89 -
FBtr0336998          -            331 721605at2759         -            251     0.014   14.0   0.0   1   1     5e-05     0.023   13.4   0.0    10    49    43    82    33   119 0.81 -
FBtr0084362          -            321 721605at2759         -            251     0.015   13.9   0.1   1   1   5.4e-05     0.024   13.3   0.1     8    41    48    81    45   145 0.81 -
FBtr0072413          -            506 721605at2759         -            251     0.024   13.3   0.2   1   2     0.065        29    3.2   0.0    16    33    18    35    12    85 0.73 -
FBtr0072413          -            506 721605at2759         -            251     0.024   13.3   0.2   2   2    0.0025       1.1    7.8   0.0    68   131    99   164    72   172 0.81 -
FBtr0333415          -            523 721605at2759         -            251     0.027   13.1   0.1   1   2    0.0039       1.8    7.1   0.0    16    34    15    33     9    38 0.86 -
FBtr0333415          -            523 721605at2759         -            251     0.027   13.1   0.1   2   2     0.055        25    3.4   0.0    99   137   127   164   123   179 0.77 -
FBtr0113414          -            316 721605at2759         -            251     0.027   13.1   0.0   1   1   9.7e-05     0.044   12.4   0.0    12    56    48    93    44   124 0.84 -
FBtr0084361          -            361 721605at2759         -            251     0.027   13.1   0.1   1   1   0.00016     0.071   11.7   0.1     9    41    89   121    85   127 0.92 -
FBtr0087120          -            516 721605at2759         -            251     0.028   13.0   0.8   1   2     0.006       2.7    6.5   0.2    12    34    12    34     8    43 0.85 -
FBtr0087120          -            516 721605at2759         -            251     0.028   13.0   0.8   2   2     0.026        12    4.5   0.0    96   127   127   159    80   169 0.83 -
FBtr0080925          -            324 721605at2759         -            251     0.028   13.0   0.0   1   1    0.0001     0.045   12.4   0.0    12    56    56   101    52   132 0.84 -
FBtr0336999          -            325 721605at2759         -            251     0.032   12.9   0.1   1   1   0.00012     0.055   12.1   0.1     9    48    40    79    32    83 0.89 -
FBtr0078707          -            257 721605at2759         -            251     0.033   12.8   0.0   1   2   0.00016     0.071   11.7   0.0     8    54     2    48     1    77 0.92 -
FBtr0078707          -            257 721605at2759         -            251     0.033   12.8   0.0   2   2         5   2.3e+03   -3.0   0.0   177   196   218   237   203   241 0.74 -
FBtr0085345          -            517 721605at2759         -            251     0.034   12.8   3.7   1   3     0.056        25    3.4   0.2    18    34    44    60    39    74 0.85 -
FBtr0085345          -            517 721605at2759         -            251     0.034   12.8   3.7   2   3   0.00068      0.31    9.6   0.3    74   143   128   202   121   212 0.69 -
FBtr0085345          -            517 721605at2759         -            251     0.034   12.8   3.7   3   3       6.1   2.8e+03   -3.3   0.0   135   162   231   261   227   277 0.70 -
FBtr0082583          -            431 721605at2759         -            251     0.047   12.3   0.0   1   1   0.00023       0.1   11.2   0.0    15    86     8    90     3    95 0.80 -
FBtr0082160          -            204 721605at2759         -            251     0.059   12.0   0.1   1   1   0.00018     0.079   11.6   0.1    16   124     5   110     2   130 0.85 -
FBtr0085544          -            326 721605at2759         -            251     0.066   11.8   0.0   1   1   0.00022     0.098   11.3   0.0     5    55    46    97    42   139 0.83 -
FBtr0331378          -            399 721605at2759         -            251     0.076   11.6   0.1   1   2    0.0011      0.49    9.0   0.0    13    41    87   115    81   121 0.86 -
FBtr0331378          -            399 721605at2759         -            251     0.076   11.6   0.1   2   2      0.71   3.2e+02   -0.2   0.0    82   122   193   235   185   250 0.76 -
FBtr0302206          -            625 721605at2759         -            251      0.12   11.0   0.2   1   2    0.0085       3.9    6.0   0.0    12    35   125   148   121   166 0.87 -
FBtr0302206          -            625 721605at2759         -            251      0.12   11.0   0.2   2   2      0.13        60    2.1   0.0    99   130   242   274   219   284 0.82 -
FBtr0308071          -            531 721605at2759         -            251      0.16   10.6   0.1   1   2    0.0019      0.84    8.2   0.0    15    39    24    48    17    59 0.81 -
FBtr0308071          -            531 721605at2759         -            251      0.16   10.6   0.1   2   2      0.84   3.8e+02   -0.5   0.0   100   130   139   170   134   177 0.81 -
FBtr0077383          -            325 721605at2759         -            251       3.8    6.1   5.0   1   2    0.0063       2.8    6.5   0.6    10    55    54    99    47   180 0.88 -
FBtr0077383          -            325 721605at2759         -            251       3.8    6.1   5.0   2   2      0.22     1e+02    1.4   0.3    11    33   185   207   177   214 0.85 -
#
# Program:         hmmsearch
# Version:         3.1b2 (February 2015)
# Pipeline mode:   SEARCH
# Query file:      /home/nmoreyra/Documents/Academico/Repositorios/BUSCO2Tree/test_marzo2023/busco_downloads/lineages/eukaryota_odb10/hmms/721605at2759.hmm
# Target file:     /home/nmoreyra/Documents/Academico/Repositorios/BUSCO2Tree/test_marzo2023/00_proteins/Dmel.fasta
# Option settings: hmmsearch --domtblout /home/nmoreyra/Documents/Academico/Repositorios/BUSCO2Tree/test_marzo2023/Results/00_proteins/Dmel/run_eukaryota_odb10/hmmer_output/initial_run_results/721605at2759.out --cpu 1 /home/nmoreyra/Documents/Academico/Repositorios/BUSCO2Tree/test_marzo2023/busco_downloads/lineages/eukaryota_odb10/hmms/721605at2759.hmm /home/nmoreyra/Documents/Academico/Repositorios/BUSCO2Tree/test_marzo2023/00_proteins/Dmel.fasta 
# Current dir:     /home/nmoreyra/Documents/Academico/Repositorios/BUSCO2Tree/test_marzo2023
# Date:            Thu Mar 23 14:23:01 2023
# [ok]
