#                                                                            --- full sequence --- -------------- this domain -------------   hmm coord   ali coord   env coord
# target name        accession   tlen query name           accession   qlen   E-value  score  bias   #  of  c-Evalue  i-Evalue  score  bias  from    to  from    to  from    to  acc description of target
#------------------- ---------- ----- -------------------- ---------- ----- --------- ------ ----- --- --- --------- --------- ------ ----- ----- ----- ----- ----- ----- ----- ---- ---------------------
FBtr0079030          -            338 976469at2759         -            233   3.4e-60  203.1  10.4   1   2   3.6e-53   8.4e-50  169.1   0.5     1   150    19   201    19   205 0.90 -
FBtr0079030          -            338 976469at2759         -            233   3.4e-60  203.1  10.4   2   2   5.2e-11   1.2e-07   31.1   3.8   144   231   215   326   207   328 0.66 -
FBtr0079027          -            308 976469at2759         -            233   2.8e-09   36.5   0.3   1   1   2.6e-11   6.1e-08   32.1   0.3     2   108    27   167    26   237 0.77 -
FBtr0083292          -            327 976469at2759         -            233   3.6e-05   23.0   0.1   1   2     0.007        16    4.5   0.0     2    28    50    81    49   103 0.69 -
FBtr0083292          -            327 976469at2759         -            233   3.6e-05   23.0   0.1   2   2   1.8e-06    0.0042   16.2   0.0    42   102   118   186   106   203 0.73 -
FBtr0078892          -            280 976469at2759         -            233   0.00091   18.4   0.2   1   1   8.5e-06      0.02   14.0   0.2    19    99    30   132    27   135 0.76 -
FBtr0081820          -            495 976469at2759         -            233      0.86    8.7   5.6   1   2   0.00043      0.99    8.5   0.4   129   211     2    89     1    97 0.69 -
FBtr0081820          -            495 976469at2759         -            233      0.86    8.7   5.6   2   2     0.042        98    2.0   0.6   156   202   201   247   193   268 0.79 -
FBtr0305052          -            622 976469at2759         -            233       7.2    5.7  20.0   1   3       1.3   3.1e+03   -2.9   0.0   147   171   296   320   279   352 0.49 -
FBtr0305052          -            622 976469at2759         -            233       7.2    5.7  20.0   2   3      0.46   1.1e+03   -1.5   0.2   174   193   431   450   421   465 0.59 -
FBtr0305052          -            622 976469at2759         -            233       7.2    5.7  20.0   3   3   0.00011      0.26   10.4  12.4   116   215   489   587   484   604 0.78 -
#
# Program:         hmmsearch
# Version:         3.1b2 (February 2015)
# Pipeline mode:   SEARCH
# Query file:      /home/nmoreyra/Documents/Academico/Repositorios/BUSCO2Tree/test_marzo2023/busco_downloads/lineages/eukaryota_odb10/hmms/976469at2759.hmm
# Target file:     /home/nmoreyra/Documents/Academico/Repositorios/BUSCO2Tree/test_marzo2023/00_proteins/Dmel.fasta
# Option settings: hmmsearch --domtblout /home/nmoreyra/Documents/Academico/Repositorios/BUSCO2Tree/test_marzo2023/Results/00_proteins/Dmel/run_eukaryota_odb10/hmmer_output/initial_run_results/976469at2759.out --cpu 1 /home/nmoreyra/Documents/Academico/Repositorios/BUSCO2Tree/test_marzo2023/busco_downloads/lineages/eukaryota_odb10/hmms/976469at2759.hmm /home/nmoreyra/Documents/Academico/Repositorios/BUSCO2Tree/test_marzo2023/00_proteins/Dmel.fasta 
# Current dir:     /home/nmoreyra/Documents/Academico/Repositorios/BUSCO2Tree/test_marzo2023
# Date:            Thu Mar 23 14:23:06 2023
# [ok]
