#                                                                            --- full sequence --- -------------- this domain -------------   hmm coord   ali coord   env coord
# target name        accession   tlen query name           accession   qlen   E-value  score  bias   #  of  c-Evalue  i-Evalue  score  bias  from    to  from    to  from    to  acc description of target
#------------------- ---------- ----- -------------------- ---------- ----- --------- ------ ----- --- --- --------- --------- ------ ----- ----- ----- ----- ----- ----- ----- ---- ---------------------
DkoeA00007936-RA     -            813 11681at7147          -            473  9.6e-287  951.0   0.1   1   1  5.7e-289  1.9e-286  950.0   0.1     1   473   223   733   223   733 0.95 -
DkoeA00001149-RA     -           2152 11681at7147          -            473   4.7e-33  114.5  14.3   1  11   5.9e-07    0.0002   20.1   0.1   409   463  1291  1345  1252  1347 0.75 -
DkoeA00001149-RA     -           2152 11681at7147          -            473   4.7e-33  114.5  14.3   2  11   0.00012     0.042   12.4   0.0   409   472  1336  1399  1333  1400 0.93 -
DkoeA00001149-RA     -           2152 11681at7147          -            473   4.7e-33  114.5  14.3   3  11   2.4e-06    0.0008   18.1   0.0   414   473  1375  1433  1372  1433 0.93 -
DkoeA00001149-RA     -           2152 11681at7147          -            473   4.7e-33  114.5  14.3   4  11   0.00054      0.18   10.3   0.0   411   450  1405  1445  1399  1469 0.84 -
DkoeA00001149-RA     -           2152 11681at7147          -            473   4.7e-33  114.5  14.3   5  11     0.012       4.1    5.9   0.0   412   443  1508  1539  1479  1554 0.75 -
DkoeA00001149-RA     -           2152 11681at7147          -            473   4.7e-33  114.5  14.3   6  11   0.00055      0.19   10.3   0.0   389   442  1553  1604  1544  1612 0.80 -
DkoeA00001149-RA     -           2152 11681at7147          -            473   4.7e-33  114.5  14.3   7  11   7.9e-06    0.0027   16.4   0.1   411   445  1606  1640  1603  1650 0.86 -
DkoeA00001149-RA     -           2152 11681at7147          -            473   4.7e-33  114.5  14.3   8  11   6.5e-05     0.022   13.4   0.2   419   453  1648  1683  1641  1695 0.80 -
DkoeA00001149-RA     -           2152 11681at7147          -            473   4.7e-33  114.5  14.3   9  11    0.0057       1.9    6.9   0.0   414   450  1676  1712  1673  1715 0.90 -
DkoeA00001149-RA     -           2152 11681at7147          -            473   4.7e-33  114.5  14.3  10  11   6.1e-06    0.0021   16.7   0.1   410   463  1706  1758  1699  1768 0.79 -
DkoeA00001149-RA     -           2152 11681at7147          -            473   4.7e-33  114.5  14.3  11  11    0.0011      0.37    9.3   0.0   420   469  1782  1830  1773  1834 0.83 -
DkoeA00001901-RA     -           1210 11681at7147          -            473   1.3e-25   90.0   7.1   1   7   4.6e-06    0.0016   17.1   0.0   384   471    50   136    20   138 0.84 -
DkoeA00001901-RA     -           1210 11681at7147          -            473   1.3e-25   90.0   7.1   2   7   1.5e-05    0.0049   15.5   0.0   411   470   230   288   204   291 0.87 -
DkoeA00001901-RA     -           1210 11681at7147          -            473   1.3e-25   90.0   7.1   3   7         4   1.3e+03   -2.4   0.0   424   443   420   439   361   456 0.62 -
DkoeA00001901-RA     -           1210 11681at7147          -            473   1.3e-25   90.0   7.1   4   7   2.4e-07   8.1e-05   21.4   0.0   393   472   507   588   500   589 0.87 -
DkoeA00001901-RA     -           1210 11681at7147          -            473   1.3e-25   90.0   7.1   5   7     0.002      0.67    8.5   0.0   412   468   595   650   591   654 0.87 -
DkoeA00001901-RA     -           1210 11681at7147          -            473   1.3e-25   90.0   7.1   6   7   6.4e-07   0.00021   20.0   0.0   396   471   665   740   658   741 0.81 -
DkoeA00001901-RA     -           1210 11681at7147          -            473   1.3e-25   90.0   7.1   7   7   2.9e-06   0.00097   17.8   0.0   412   470   715   772   714   775 0.90 -
DkoeA00001813-RA     -           1189 11681at7147          -            473   1.9e-25   89.4   8.2   1   7   4.5e-06    0.0015   17.2   0.0   384   471    50   136    20   138 0.84 -
DkoeA00001813-RA     -           1189 11681at7147          -            473   1.9e-25   89.4   8.2   2   7   1.4e-05    0.0048   15.5   0.0   411   470   230   288   204   291 0.87 -
DkoeA00001813-RA     -           1189 11681at7147          -            473   1.9e-25   89.4   8.2   3   7       2.4   8.2e+02   -1.7   0.1   417   469   356   410   303   434 0.59 -
DkoeA00001813-RA     -           1189 11681at7147          -            473   1.9e-25   89.4   8.2   4   7   2.4e-07     8e-05   21.4   0.0   393   472   486   567   479   568 0.87 -
DkoeA00001813-RA     -           1189 11681at7147          -            473   1.9e-25   89.4   8.2   5   7    0.0019      0.65    8.5   0.0   412   468   574   629   570   633 0.87 -
DkoeA00001813-RA     -           1189 11681at7147          -            473   1.9e-25   89.4   8.2   6   7   6.2e-07   0.00021   20.0   0.0   396   471   644   719   637   720 0.81 -
DkoeA00001813-RA     -           1189 11681at7147          -            473   1.9e-25   89.4   8.2   7   7   2.8e-06   0.00095   17.9   0.0   412   470   694   751   693   754 0.90 -
DkoeA00013272-RA     -           1782 11681at7147          -            473   1.9e-22   79.5  22.3   1  15      0.29        99    1.3   0.0   397   447   139   190   129   197 0.79 -
DkoeA00013272-RA     -           1782 11681at7147          -            473   1.9e-22   79.5  22.3   2  15     0.027       9.1    4.7   0.1   383   463   232   313   224   322 0.66 -
DkoeA00013272-RA     -           1782 11681at7147          -            473   1.9e-22   79.5  22.3   3  15    0.0021       0.7    8.4   0.0   393   445   310   362   297   371 0.85 -
DkoeA00013272-RA     -           1782 11681at7147          -            473   1.9e-22   79.5  22.3   4  15   0.00033      0.11   11.0   0.0   420   472   371   422   365   423 0.88 -
DkoeA00013272-RA     -           1782 11681at7147          -            473   1.9e-22   79.5  22.3   5  15       2.1   7.1e+02   -1.5   0.0   411   448   496   533   479   555 0.76 -
DkoeA00013272-RA     -           1782 11681at7147          -            473   1.9e-22   79.5  22.3   6  15      0.12        40    2.6   0.0   421   453   561   593   553   613 0.82 -
DkoeA00013272-RA     -           1782 11681at7147          -            473   1.9e-22   79.5  22.3   7  15     0.027       9.2    4.7   0.1   413   444   711   742   665   752 0.75 -
DkoeA00013272-RA     -           1782 11681at7147          -            473   1.9e-22   79.5  22.3   8  15    0.0038       1.3    7.5   0.0   421   445   752   776   745   783 0.86 -
DkoeA00013272-RA     -           1782 11681at7147          -            473   1.9e-22   79.5  22.3   9  15    0.0028      0.93    8.0   0.0   422   471   787   835   778   837 0.85 -
DkoeA00013272-RA     -           1782 11681at7147          -            473   1.9e-22   79.5  22.3  10  15      0.86   2.9e+02   -0.2   0.0   419   472   851   906   846   907 0.79 -
DkoeA00013272-RA     -           1782 11681at7147          -            473   1.9e-22   79.5  22.3  11  15      0.02       6.8    5.2   0.0   402   470   903   970   883   973 0.76 -
DkoeA00013272-RA     -           1782 11681at7147          -            473   1.9e-22   79.5  22.3  12  15     0.028       9.5    4.7   0.0   421   472  1001  1053   994  1054 0.83 -
DkoeA00013272-RA     -           1782 11681at7147          -            473   1.9e-22   79.5  22.3  13  15   3.9e-07   0.00013   20.7   0.0   418   472  1067  1120  1059  1121 0.92 -
DkoeA00013272-RA     -           1782 11681at7147          -            473   1.9e-22   79.5  22.3  14  15   0.00011     0.036   12.7   0.0   412   471  1094  1152  1092  1154 0.85 -
DkoeA00013272-RA     -           1782 11681at7147          -            473   1.9e-22   79.5  22.3  15  15      0.18        62    2.0   0.0   422   446  1137  1161  1131  1178 0.86 -
DkoeA00009240-RA     -           1424 11681at7147          -            473   7.2e-17   61.1   3.2   1   6   4.2e-06    0.0014   17.3   0.0   389   463   243   317   228   326 0.83 -
DkoeA00009240-RA     -           1424 11681at7147          -            473   7.2e-17   61.1   3.2   2   6    0.0002     0.066   11.8   0.0   414   467   370   423   352   429 0.79 -
DkoeA00009240-RA     -           1424 11681at7147          -            473   7.2e-17   61.1   3.2   3   6   5.6e-05     0.019   13.6   0.0   395   472   464   546   454   547 0.83 -
DkoeA00009240-RA     -           1424 11681at7147          -            473   7.2e-17   61.1   3.2   4   6    0.0034       1.1    7.7   0.0   395   473   643   723   630   723 0.84 -
DkoeA00009240-RA     -           1424 11681at7147          -            473   7.2e-17   61.1   3.2   5   6    0.0012      0.39    9.2   0.0   413   468   697   750   674   755 0.76 -
DkoeA00009240-RA     -           1424 11681at7147          -            473   7.2e-17   61.1   3.2   6   6     0.081        27    3.1   0.0   417   451   767   802   744   811 0.79 -
DkoeA00005768-RA     -            650 11681at7147          -            473   1.2e-16   60.4   0.1   1   2   1.1e-06   0.00037   19.2   0.0   390   469   452   532   362   536 0.71 -
DkoeA00005768-RA     -            650 11681at7147          -            473   1.2e-16   60.4   0.1   2   2   9.2e-13   3.1e-10   39.3   0.0   393   472   556   634   544   635 0.90 -
DkoeA00001565-RA     -           4105 11681at7147          -            473   3.5e-15   55.6  18.3   1  10   0.00013     0.044   12.4   0.1   364   472   573   683   567   684 0.77 -
DkoeA00001565-RA     -           4105 11681at7147          -            473   3.5e-15   55.6  18.3   2  10    0.0018      0.61    8.6   0.0   392   445   703   756   688   769 0.77 -
DkoeA00001565-RA     -           4105 11681at7147          -            473   3.5e-15   55.6  18.3   3  10     0.025       8.4    4.8   0.1   423   471   768   815   758   817 0.73 -
DkoeA00001565-RA     -           4105 11681at7147          -            473   3.5e-15   55.6  18.3   4  10     0.051        17    3.8   0.1   397   472   808   882   792   883 0.78 -
DkoeA00001565-RA     -           4105 11681at7147          -            473   3.5e-15   55.6  18.3   5  10     0.094        32    2.9   0.1   423   470   931   977   924   980 0.75 -
DkoeA00001565-RA     -           4105 11681at7147          -            473   3.5e-15   55.6  18.3   6  10     0.028       9.3    4.7   0.0   420   473   994  1047   983  1047 0.86 -
DkoeA00001565-RA     -           4105 11681at7147          -            473   3.5e-15   55.6  18.3   7  10      0.21        71    1.8   0.0   422   473  1030  1080  1018  1080 0.79 -
DkoeA00001565-RA     -           4105 11681at7147          -            473   3.5e-15   55.6  18.3   8  10    0.0017      0.57    8.7   0.1   421   473  2396  2447  2375  2447 0.87 -
DkoeA00001565-RA     -           4105 11681at7147          -            473   3.5e-15   55.6  18.3   9  10     0.004       1.3    7.5   0.0   387   467  2530  2610  2509  2616 0.79 -
DkoeA00001565-RA     -           4105 11681at7147          -            473   3.5e-15   55.6  18.3  10  10     0.001      0.35    9.4   0.0   382   473  2591  2684  2588  2684 0.80 -
DkoeA00012601-RA     -            314 11681at7147          -            473   1.2e-14   53.8   6.2   1   5   2.3e-07   7.6e-05   21.5   0.1   390   444    10    65     2    68 0.87 -
DkoeA00012601-RA     -            314 11681at7147          -            473   1.2e-14   53.8   6.2   2   5   0.00074      0.25    9.9   0.0   412   444    66    98    65   108 0.87 -
DkoeA00012601-RA     -            314 11681at7147          -            473   1.2e-14   53.8   6.2   3   5    0.0083       2.8    6.4   0.0   420   470   107   156   100   159 0.72 -
DkoeA00012601-RA     -            314 11681at7147          -            473   1.2e-14   53.8   6.2   4   5    0.0019      0.64    8.5   0.1   396   472   149   224   145   225 0.81 -
DkoeA00012601-RA     -            314 11681at7147          -            473   1.2e-14   53.8   6.2   5   5    0.0021      0.72    8.4   0.1   396   446   247   297   238   305 0.83 -
DkoeA00008428-RA     -            596 11681at7147          -            473   9.9e-14   50.8   0.1   1   2   4.3e-07   0.00015   20.5   0.0   409   472   426   488   392   489 0.81 -
DkoeA00008428-RA     -            596 11681at7147          -            473   9.9e-14   50.8   0.1   2   2     2e-09   6.7e-07   28.2   0.0   394   471   509   586   494   588 0.86 -
DkoeA00014604-RA     -           1513 11681at7147          -            473   1.2e-13   50.5  11.3   1  10       0.4   1.3e+02    0.9   0.0   412   443    18    49     1    57 0.65 -
DkoeA00014604-RA     -           1513 11681at7147          -            473   1.2e-13   50.5  11.3   2  10       0.1        35    2.8   0.1   417   471    85   138    56   140 0.78 -
DkoeA00014604-RA     -           1513 11681at7147          -            473   1.2e-13   50.5  11.3   3  10     0.022       7.3    5.0   0.0   417   462   151   195   140   206 0.74 -
DkoeA00014604-RA     -           1513 11681at7147          -            473   1.2e-13   50.5  11.3   4  10     0.031        11    4.5   0.1   419   465   219   264   184   272 0.66 -
DkoeA00014604-RA     -           1513 11681at7147          -            473   1.2e-13   50.5  11.3   5  10      0.18        60    2.0   0.0   412   469   278   334   269   338 0.82 -
DkoeA00014604-RA     -           1513 11681at7147          -            473   1.2e-13   50.5  11.3   6  10    0.0012      0.41    9.2   0.0   397   472   362   436   357   437 0.83 -
DkoeA00014604-RA     -           1513 11681at7147          -            473   1.2e-13   50.5  11.3   7  10     0.001      0.34    9.4   0.0   412   446   509   543   504   551 0.85 -
DkoeA00014604-RA     -           1513 11681at7147          -            473   1.2e-13   50.5  11.3   8  10    0.0021      0.71    8.4   0.0   417   466   547   595   542   602 0.75 -
DkoeA00014604-RA     -           1513 11681at7147          -            473   1.2e-13   50.5  11.3   9  10    0.0046       1.5    7.3   0.0   397   472   560   634   558   635 0.86 -
DkoeA00014604-RA     -           1513 11681at7147          -            473   1.2e-13   50.5  11.3  10  10      0.14        47    2.4   0.0   415   461   611   656   595   668 0.75 -
DkoeA00016111-RA     -            552 11681at7147          -            473   2.3e-12   46.3   0.8   1   5      0.41   1.4e+02    0.8   0.0   412   472    77   139    61   140 0.80 -
DkoeA00016111-RA     -            552 11681at7147          -            473   2.3e-12   46.3   0.8   2   5      0.02       6.9    5.1   0.0   409   469   110   169    92   173 0.76 -
DkoeA00016111-RA     -            552 11681at7147          -            473   2.3e-12   46.3   0.8   3   5     0.017       5.9    5.4   0.0   416   442   183   209   174   211 0.87 -
DkoeA00016111-RA     -            552 11681at7147          -            473   2.3e-12   46.3   0.8   4   5   5.6e-11   1.9e-08   33.4   0.0   404   472   204   272   196   273 0.92 -
DkoeA00016111-RA     -            552 11681at7147          -            473   2.3e-12   46.3   0.8   5   5       5.3   1.8e+03   -2.8   0.0   195   217   482   506   479   509 0.73 -
DkoeA00001717-RA     -           1308 11681at7147          -            473     3e-12   45.9   1.9   1   5     0.054        18    3.7   0.0   418   452   122   155   115   171 0.78 -
DkoeA00001717-RA     -           1308 11681at7147          -            473     3e-12   45.9   1.9   2   5      0.29        99    1.3   0.0   386   431   158   201   152   209 0.85 -
DkoeA00001717-RA     -           1308 11681at7147          -            473     3e-12   45.9   1.9   3   5   1.1e-09   3.8e-07   29.0   0.1   393   470   245   322   237   325 0.95 -
DkoeA00001717-RA     -           1308 11681at7147          -            473     3e-12   45.9   1.9   4   5      0.05        17    3.8   0.0   418   471   337   389   326   391 0.82 -
DkoeA00001717-RA     -           1308 11681at7147          -            473     3e-12   45.9   1.9   5   5      0.13        45    2.4   0.0   417   448   403   435   394   462 0.70 -
DkoeA00012904-RA     -            986 11681at7147          -            473   7.5e-11   41.3   5.8   1   5     0.077        26    3.2   0.0   411   452   172   214   149   226 0.86 -
DkoeA00012904-RA     -            986 11681at7147          -            473   7.5e-11   41.3   5.8   2   5    0.0031       1.1    7.8   0.0   409   449   271   311   243   318 0.79 -
DkoeA00012904-RA     -            986 11681at7147          -            473   7.5e-11   41.3   5.8   3   5    0.0019      0.66    8.5   0.1   423   444   322   343   311   345 0.88 -
DkoeA00012904-RA     -            986 11681at7147          -            473   7.5e-11   41.3   5.8   4   5   0.00029     0.097   11.2   0.0   412   463   344   395   342   407 0.90 -
DkoeA00012904-RA     -            986 11681at7147          -            473   7.5e-11   41.3   5.8   5   5    0.0009       0.3    9.6   0.0   412   452   413   454   410   466 0.79 -
DkoeA00012334-RA     -            758 11681at7147          -            473   1.5e-10   40.3   1.2   1   3   0.00016     0.055   12.0   0.2   389   472   144   223   120   224 0.73 -
DkoeA00012334-RA     -            758 11681at7147          -            473   1.5e-10   40.3   1.2   2   3    0.0036       1.2    7.6   0.0   413   461   198   245   196   254 0.77 -
DkoeA00012334-RA     -            758 11681at7147          -            473   1.5e-10   40.3   1.2   3   3   1.2e-08   4.2e-06   25.6   0.0   411   472   291   351   281   374 0.87 -
DkoeA00000135-RA     -           1214 11681at7147          -            473   5.5e-10   38.4   4.8   1   5    0.0014      0.48    8.9   0.1   420   464   546   589   540   598 0.81 -
DkoeA00000135-RA     -           1214 11681at7147          -            473   5.5e-10   38.4   4.8   2   5   0.00019     0.064   11.8   0.1   396   471   587   662   583   664 0.80 -
DkoeA00000135-RA     -           1214 11681at7147          -            473   5.5e-10   38.4   4.8   3   5     0.014       4.6    5.7   0.0   412   448   670   706   666   714 0.90 -
DkoeA00000135-RA     -           1214 11681at7147          -            473   5.5e-10   38.4   4.8   4   5     0.044        15    4.0   0.1   420   450   714   744   709   751 0.83 -
DkoeA00000135-RA     -           1214 11681at7147          -            473   5.5e-10   38.4   4.8   5   5    0.0026      0.88    8.1   0.1   419   464   747   791   736   798 0.83 -
DkoeA00004836-RA     -           1761 11681at7147          -            473   1.1e-09   37.4   1.8   1   5   0.00013     0.043   12.4   0.1   393   445   321   373   303   379 0.79 -
DkoeA00004836-RA     -           1761 11681at7147          -            473   1.1e-09   37.4   1.8   2   5     0.012       4.1    5.9   0.0   412   445   373   406   371   433 0.91 -
DkoeA00004836-RA     -           1761 11681at7147          -            473   1.1e-09   37.4   1.8   3   5     0.061        21    3.6   0.0   393   444   453   504   441   510 0.83 -
DkoeA00004836-RA     -           1761 11681at7147          -            473   1.1e-09   37.4   1.8   4   5   0.00089       0.3    9.6   0.0   414   473   507   565   486   565 0.80 -
DkoeA00004836-RA     -           1761 11681at7147          -            473   1.1e-09   37.4   1.8   5   5      0.14        48    2.3   0.0   414   453   573   613   566   631 0.76 -
DkoeA00011351-RA     -           1245 11681at7147          -            473   1.1e-08   34.2   1.1   1   3   7.7e-07   0.00026   19.7   0.1   388   462    45   118    24   128 0.75 -
DkoeA00011351-RA     -           1245 11681at7147          -            473   1.1e-08   34.2   1.1   2   3     0.053        18    3.8   0.0   412   469   102   158   101   162 0.78 -
DkoeA00011351-RA     -           1245 11681at7147          -            473   1.1e-08   34.2   1.1   3   3   0.00021      0.07   11.7   0.0   421   469   205   252   184   260 0.79 -
DkoeA00000432-RA     -           1522 11681at7147          -            473     3e-08   32.7   2.6   1   4    0.0032       1.1    7.8   0.0   388   445  1024  1080  1004  1099 0.83 -
DkoeA00000432-RA     -           1522 11681at7147          -            473     3e-08   32.7   2.6   2   4   0.00066      0.22   10.0   0.0   396   471  1146  1221  1136  1223 0.86 -
DkoeA00000432-RA     -           1522 11681at7147          -            473     3e-08   32.7   2.6   3   4     0.046        16    4.0   0.2   415   450  1232  1268  1226  1270 0.84 -
DkoeA00000432-RA     -           1522 11681at7147          -            473     3e-08   32.7   2.6   4   4    0.0025      0.86    8.1   0.0   418   463  1268  1312  1262  1322 0.84 -
DkoeA00013007-RA     -           1115 11681at7147          -            473   1.2e-07   30.7   0.4   1   4      0.36   1.2e+02    1.0   0.0   414   460   367   413   356   426 0.84 -
DkoeA00013007-RA     -           1115 11681at7147          -            473   1.2e-07   30.7   0.4   2   4     0.039        13    4.2   0.0   412   466   740   794   728   801 0.87 -
DkoeA00013007-RA     -           1115 11681at7147          -            473   1.2e-07   30.7   0.4   3   4     0.035        12    4.3   0.0   417   467   813   864   806   870 0.85 -
DkoeA00013007-RA     -           1115 11681at7147          -            473   1.2e-07   30.7   0.4   4   4   2.3e-05    0.0078   14.8   0.1   399   466   896   963   879   968 0.85 -
DkoeA00006641-RA     -           1345 11681at7147          -            473   1.8e-07   30.1   1.5   1   2    0.0003       0.1   11.2   0.0   415   450  1148  1185  1140  1211 0.79 -
DkoeA00006641-RA     -           1345 11681at7147          -            473   1.8e-07   30.1   1.5   2   2   3.6e-06    0.0012   17.5   0.3   389   471  1227  1309  1215  1310 0.85 -
DkoeA00014780-RA     -            616 11681at7147          -            473   6.1e-07   28.4   1.7   1   4      0.35   1.2e+02    1.1   0.1   396   449    13    67     5    78 0.80 -
DkoeA00014780-RA     -            616 11681at7147          -            473   6.1e-07   28.4   1.7   2   4   0.00048      0.16   10.5   0.0   417   458   156   196   147   213 0.80 -
DkoeA00014780-RA     -            616 11681at7147          -            473   6.1e-07   28.4   1.7   3   4    0.0045       1.5    7.3   0.0   419   463   223   266   197   276 0.77 -
DkoeA00014780-RA     -            616 11681at7147          -            473   6.1e-07   28.4   1.7   4   4     0.013       4.2    5.8   0.0   412   445   282   315   268   326 0.90 -
DkoeA00007829-RA     -            743 11681at7147          -            473     3e-06   26.1   1.0   1   3     0.002      0.69    8.4   0.0   387   453   140   216   131   221 0.72 -
DkoeA00007829-RA     -            743 11681at7147          -            473     3e-06   26.1   1.0   2   3     0.037        12    4.3   0.0   426   472   221   266   216   267 0.84 -
DkoeA00007829-RA     -            743 11681at7147          -            473     3e-06   26.1   1.0   3   3   0.00049      0.16   10.5   0.1   422   473   283   332   277   332 0.82 -
DkoeA00015623-RA     -           1068 11681at7147          -            473   4.8e-06   25.4   2.6   1   3      0.11        37    2.7   0.0   411   445   486   520   453   530 0.83 -
DkoeA00015623-RA     -           1068 11681at7147          -            473   4.8e-06   25.4   2.6   2   3      0.22        75    1.7   0.2   422   472   530   579   520   580 0.82 -
DkoeA00015623-RA     -           1068 11681at7147          -            473   4.8e-06   25.4   2.6   3   3   1.1e-06   0.00036   19.2   0.1   392   473   599   682   583   682 0.86 -
DkoeA00016089-RA     -            410 11681at7147          -            473   5.3e-06   25.3   0.2   1   2      0.12        39    2.6   0.0   419   444   274   299   216   311 0.86 -
DkoeA00016089-RA     -            410 11681at7147          -            473   5.3e-06   25.3   0.2   2   2     4e-07   0.00014   20.6   0.1   395   463   319   389   309   398 0.85 -
DkoeA00010412-RA     -            879 11681at7147          -            473   5.5e-06   25.2   2.2   1   5    0.0032       1.1    7.8   0.1   414   445    41    72    17    79 0.83 -
DkoeA00010412-RA     -            879 11681at7147          -            473   5.5e-06   25.2   2.2   2   5   0.00017     0.058   12.0   0.0   415   472    75   134    71   135 0.87 -
DkoeA00010412-RA     -            879 11681at7147          -            473   5.5e-06   25.2   2.2   3   5       1.2   4.1e+02   -0.7   0.0   412   443   141   172   137   185 0.89 -
DkoeA00010412-RA     -            879 11681at7147          -            473   5.5e-06   25.2   2.2   4   5      0.36   1.2e+02    1.0   0.1   423   444   210   231   205   258 0.80 -
DkoeA00010412-RA     -            879 11681at7147          -            473   5.5e-06   25.2   2.2   5   5       1.6   5.3e+02   -1.1   0.0   410   431   262   283   234   307 0.72 -
DkoeA00008035-RA     -            532 11681at7147          -            473   6.3e-06   25.0   0.1   1   2   1.9e-08   6.3e-06   25.0   0.1   376   444    20    88     5   117 0.82 -
DkoeA00008035-RA     -            532 11681at7147          -            473   6.3e-06   25.0   0.1   2   2       5.8   1.9e+03   -2.9   0.1    20    54   131   165   121   179 0.74 -
DkoeA00005184-RA     -            958 11681at7147          -            473     3e-05   22.8   7.0   1   5     0.042        14    4.1   0.0   414   463   124   173   100   182 0.85 -
DkoeA00005184-RA     -            958 11681at7147          -            473     3e-05   22.8   7.0   2   5     0.081        27    3.2   0.0   421   470   197   245   184   248 0.81 -
DkoeA00005184-RA     -            958 11681at7147          -            473     3e-05   22.8   7.0   3   5     0.091        31    3.0   0.0   423   445   232   254   221   263 0.85 -
DkoeA00005184-RA     -            958 11681at7147          -            473     3e-05   22.8   7.0   4   5   0.00096      0.32    9.5   0.2   423   446   266   289   253   315 0.81 -
DkoeA00005184-RA     -            958 11681at7147          -            473     3e-05   22.8   7.0   5   5     0.023       7.9    4.9   0.1   412   463   321   373   301   385 0.75 -
DkoeA00002754-RA     -            221 11681at7147          -            473   3.5e-05   22.6   0.4   1   3     0.017       5.8    5.4   0.1   394   445    31    82    22    95 0.77 -
DkoeA00002754-RA     -            221 11681at7147          -            473   3.5e-05   22.6   0.4   2   3   3.2e-05     0.011   14.4   0.0   394   456    97   158    94   180 0.83 -
DkoeA00002754-RA     -            221 11681at7147          -            473   3.5e-05   22.6   0.4   3   3       1.3   4.3e+02   -0.8   0.0   411   442   185   216   174   219 0.80 -
DkoeA00007029-RA     -           1115 11681at7147          -            473   7.8e-05   21.4   5.2   1   3      0.13        42    2.5   1.1    11    64   239   292   231   314 0.79 -
DkoeA00007029-RA     -           1115 11681at7147          -            473   7.8e-05   21.4   5.2   2   3   1.4e-05    0.0047   15.6   0.0   397   455   919   978   891   979 0.79 -
DkoeA00007029-RA     -           1115 11681at7147          -            473   7.8e-05   21.4   5.2   3   3   0.00092      0.31    9.6   0.0   412   446   967  1001   965  1021 0.86 -
DkoeA00006256-RA     -            984 11681at7147          -            473   0.00016   20.4   0.4   1   3     0.037        12    4.3   0.0   419   453    52    86    18   108 0.67 -
DkoeA00006256-RA     -            984 11681at7147          -            473   0.00016   20.4   0.4   2   3   0.00082      0.28    9.7   0.0   415   471   107   162    92   164 0.85 -
DkoeA00006256-RA     -            984 11681at7147          -            473   0.00016   20.4   0.4   3   3      0.12        39    2.6   0.0   417   461   175   218   163   230 0.80 -
DkoeA00001422-RA     -            677 11681at7147          -            473   0.00017   20.3   0.2   1   3     0.034        12    4.4   0.0   396   450   127   181   106   199 0.78 -
DkoeA00001422-RA     -            677 11681at7147          -            473   0.00017   20.3   0.2   2   3   0.00021     0.072   11.7   0.0   411   463   206   257   201   267 0.86 -
DkoeA00001422-RA     -            677 11681at7147          -            473   0.00017   20.3   0.2   3   3      0.96   3.3e+02   -0.4   0.0   411   462   576   628   566   636 0.81 -
DkoeA00014364-RA     -            888 11681at7147          -            473   0.00018   20.2   0.8   1   4       2.5   8.3e+02   -1.7   0.0   425   449   166   190   154   197 0.77 -
DkoeA00014364-RA     -            888 11681at7147          -            473   0.00018   20.2   0.8   2   4      0.22        73    1.8   0.0   411   453   217   260   189   268 0.78 -
DkoeA00014364-RA     -            888 11681at7147          -            473   0.00018   20.2   0.8   3   4   2.1e-05    0.0069   15.0   0.1   410   458   310   357   300   371 0.81 -
DkoeA00014364-RA     -            888 11681at7147          -            473   0.00018   20.2   0.8   4   4       1.2   4.2e+02   -0.8   0.0   413   453   346   385   344   396 0.75 -
DkoeA00007976-RA     -            342 11681at7147          -            473   0.00046   18.9   0.0   1   2   7.3e-06    0.0025   16.5   0.0   352   473    53   174    44   174 0.75 -
DkoeA00007976-RA     -            342 11681at7147          -            473   0.00046   18.9   0.0   2   2    0.0028      0.96    7.9   0.0   412   441   147   176   146   190 0.87 -
DkoeA00002405-RA     -            171 11681at7147          -            473   0.00047   18.9   0.1   1   2    0.0016      0.55    8.7   0.0   386   461    12    87     2    99 0.75 -
DkoeA00002405-RA     -            171 11681at7147          -            473   0.00047   18.9   0.1   2   2     0.001      0.35    9.4   0.1   397   469    90   161    83   165 0.85 -
DkoeA00014071-RA     -           1360 11681at7147          -            473   0.00063   18.5   3.1   1   5   0.00092      0.31    9.6   0.0   414   472    63   120    13   121 0.78 -
DkoeA00014071-RA     -           1360 11681at7147          -            473   0.00063   18.5   3.1   2   5      0.05        17    3.8   0.0   417   468    99   152    94   153 0.76 -
DkoeA00014071-RA     -           1360 11681at7147          -            473   0.00063   18.5   3.1   3   5     0.024       8.1    4.9   0.0   419   472   137   189   129   190 0.84 -
DkoeA00014071-RA     -           1360 11681at7147          -            473   0.00063   18.5   3.1   4   5      0.53   1.8e+02    0.5   0.1   423   444   236   257   233   284 0.85 -
DkoeA00014071-RA     -           1360 11681at7147          -            473   0.00063   18.5   3.1   5   5       1.2   4.2e+02   -0.8   0.0   397   428   275   306   267   314 0.78 -
DkoeA00013491-RA     -            522 11681at7147          -            473   0.00087   18.0   0.0   1   1   3.9e-06    0.0013   17.4   0.0   401   472    89   162    81   163 0.80 -
DkoeA00005947-RA     -           1048 11681at7147          -            473    0.0013   17.4   0.1   1   2   1.2e-05     0.004   15.8   0.1   393   445   916   968   900   997 0.85 -
DkoeA00005947-RA     -           1048 11681at7147          -            473    0.0013   17.4   0.1   2   2       1.3   4.4e+02   -0.8   0.0   415   454   973  1012   967  1029 0.65 -
DkoeA00012348-RA     -            455 11681at7147          -            473     0.002   16.8   0.2   1   2      0.04        14    4.2   0.0   413   445    27    59    13    70 0.88 -
DkoeA00012348-RA     -            455 11681at7147          -            473     0.002   16.8   0.2   2   2   0.00034      0.11   11.0   0.1   423   471    70   117    58   119 0.80 -
DkoeA00005555-RA     -           2682 11681at7147          -            473    0.0034   16.0   2.0   1   3     0.038        13    4.2   0.1   399   466  1917  1984  1901  1991 0.76 -
DkoeA00005555-RA     -           2682 11681at7147          -            473    0.0034   16.0   2.0   2   3    0.0012       0.4    9.2   0.1   412   459  1997  2043  1985  2049 0.84 -
DkoeA00005555-RA     -           2682 11681at7147          -            473    0.0034   16.0   2.0   3   3      0.14        48    2.4   0.0   420   472  2038  2089  2033  2090 0.87 -
DkoeA00013442-RA     -            929 11681at7147          -            473    0.0037   15.9   0.1   1   2    0.0002     0.068   11.7   0.0   385   463   116   195   112   205 0.79 -
DkoeA00013442-RA     -            929 11681at7147          -            473    0.0037   15.9   0.1   2   2      0.22        75    1.7   0.0   421   470   221   269   209   272 0.87 -
DkoeA00008185-RA     -            247 11681at7147          -            473    0.0052   15.4   0.0   1   2       0.4   1.3e+02    0.9   0.0   408   442    99   133    63   140 0.73 -
DkoeA00008185-RA     -            247 11681at7147          -            473    0.0052   15.4   0.0   2   2   8.4e-05     0.028   13.0   0.0   410   466   134   189   101   197 0.75 -
DkoeA00016392-RA     -            167 11681at7147          -            473     0.007   15.0   0.2   1   1     3e-05      0.01   14.5   0.2   394   460    41   107    28   120 0.74 -
DkoeA00007568-RA     -            125 11681at7147          -            473    0.0072   15.0   0.0   1   2     0.015       4.9    5.6   0.0   421   460    36    74    27    78 0.85 -
DkoeA00007568-RA     -            125 11681at7147          -            473    0.0072   15.0   0.0   2   2    0.0001     0.034   12.7   0.0   395   465    43   112    39   119 0.77 -
DkoeA00018048-RA     -            443 11681at7147          -            473    0.0088   14.7   0.1   1   1   0.00011     0.037   12.6   0.1   411   466   371   425   317   432 0.75 -
DkoeA00011235-RA     -           1420 11681at7147          -            473     0.014   14.0   0.1   1   2   0.00022     0.074   11.6   0.0   419   473   538   591   520   591 0.90 -
DkoeA00011235-RA     -           1420 11681at7147          -            473     0.014   14.0   0.1   2   2       1.1   3.6e+02   -0.6   0.0   419   445   609   635   600   655 0.85 -
DkoeA00001639-RA     -            575 11681at7147          -            473      0.02   13.5   0.3   1   2     0.031        10    4.5   0.2   411   442    38    69    10    78 0.65 -
DkoeA00001639-RA     -            575 11681at7147          -            473      0.02   13.5   0.3   2   2      0.01       3.5    6.1   0.0   414   473    74   131    68   131 0.87 -
DkoeA00009391-RA     -            966 11681at7147          -            473     0.024   13.2   0.0   1   2   0.00018     0.061   11.9   0.0   416   472   450   505   419   506 0.84 -
DkoeA00009391-RA     -            966 11681at7147          -            473     0.024   13.2   0.0   2   2         6     2e+03   -3.0   0.0   423   459   523   558   515   566 0.64 -
DkoeA00000145-RA     -            639 11681at7147          -            473     0.035   12.7   0.0   1   4    0.0063       2.1    6.8   0.0   397   468    53   124    43   129 0.81 -
DkoeA00000145-RA     -            639 11681at7147          -            473     0.035   12.7   0.0   2   4       0.1        34    2.8   0.0   424   472   114   161   106   162 0.85 -
DkoeA00000145-RA     -            639 11681at7147          -            473     0.035   12.7   0.0   3   4       0.3     1e+02    1.3   0.0   389   443   147   200   131   222 0.52 -
DkoeA00000145-RA     -            639 11681at7147          -            473     0.035   12.7   0.0   4   4       9.2   3.1e+03   -3.6   0.0   358   379   600   621   593   627 0.85 -
DkoeA00008265-RA     -            108 11681at7147          -            473     0.052   12.1   0.0   1   1   0.00015     0.052   12.1   0.0   418   446    54    82    11   105 0.86 -
DkoeA00014363-RA     -            362 11681at7147          -            473     0.076   11.6   0.0   1   2   0.00052      0.17   10.4   0.0   396   463   174   240   161   252 0.85 -
DkoeA00014363-RA     -            362 11681at7147          -            473     0.076   11.6   0.0   2   2      0.33   1.1e+02    1.1   0.0   419   464   230   278   227   280 0.78 -
DkoeA00016048-RA     -            215 11681at7147          -            473     0.098   11.2   0.0   1   1   0.00037      0.13   10.9   0.0   409   472    69   131    39   132 0.80 -
#
# Program:         hmmsearch
# Version:         3.1b2 (February 2015)
# Pipeline mode:   SEARCH
# Query file:      /home/nmoreyra/Documents/Genomics/03_orthologs_search/00_Phylogenomics_BUSCO-groups/busco4_odb10/busco_downloads/lineages/diptera_odb10/hmms/11681at7147.hmm
# Target file:     /home/nmoreyra/Documents/Genomics/03_orthologs_search/00_Phylogenomics_BUSCO-groups/busco4_odb10/../00_proteins/DkoeA_proteins.fasta
# Option settings: /home/nmoreyra/Software/miniconda3/envs/busco4/bin/hmmsearch --domtblout /home/nmoreyra/Documents/Genomics/03_orthologs_search/00_Phylogenomics_BUSCO-groups/busco4_odb10/DkoeA_diptera/run_diptera_odb10/hmmer_output/initial_run_results/11681at7147.out --cpu 1 /home/nmoreyra/Documents/Genomics/03_orthologs_search/00_Phylogenomics_BUSCO-groups/busco4_odb10/busco_downloads/lineages/diptera_odb10/hmms/11681at7147.hmm /home/nmoreyra/Documents/Genomics/03_orthologs_search/00_Phylogenomics_BUSCO-groups/busco4_odb10/../00_proteins/DkoeA_proteins.fasta 
# Current dir:     /home/nmoreyra/Documents/Genomics/03_orthologs_search/00_Phylogenomics_BUSCO-groups/busco4_odb10
# Date:            Mon Jan 25 13:54:50 2021
# [ok]
