#                                                                            --- full sequence --- -------------- this domain -------------   hmm coord   ali coord   env coord
# target name        accession   tlen query name           accession   qlen   E-value  score  bias   #  of  c-Evalue  i-Evalue  score  bias  from    to  from    to  from    to  acc description of target
#------------------- ---------- ----- -------------------- ---------- ----- --------- ------ ----- --- --- --------- --------- ------ ----- ----- ----- ----- ----- ----- ----- ---- ---------------------
DkoeA00014045-RA     -            816 13442at7147          -            538  5.6e-221  734.8  35.0   1   3  5.7e-135  3.2e-132  441.8   8.9     1   305     1   385     1   416 0.84 -
DkoeA00014045-RA     -            816 13442at7147          -            538  5.6e-221  734.8  35.0   2   3   4.4e-84   2.5e-81  273.9  16.6   308   518   420   709   401   717 0.84 -
DkoeA00014045-RA     -            816 13442at7147          -            538  5.6e-221  734.8  35.0   3   3    0.0077       4.4    5.7   0.0   486   523   707   745   703   751 0.78 -
DkoeA00001542-RA     -            836 13442at7147          -            538   5.2e-11   41.8   5.4   1   2   4.1e-06    0.0023   16.6   5.2   128   239   186   295   178   323 0.78 -
DkoeA00001542-RA     -            836 13442at7147          -            538   5.2e-11   41.8   5.4   2   2     5e-08   2.8e-05   22.9   0.0   387   493   397   506   358   536 0.76 -
DkoeA00013936-RA     -            769 13442at7147          -            538   9.7e-09   34.3   8.6   1   3      0.52     3e+02   -0.3   1.6     7    55   103   152    97   162 0.76 -
DkoeA00013936-RA     -            769 13442at7147          -            538   9.7e-09   34.3   8.6   2   3   2.9e-07   0.00016   20.3   0.7   129   241   176   290   168   303 0.71 -
DkoeA00013936-RA     -            769 13442at7147          -            538   9.7e-09   34.3   8.6   3   3   4.7e-06    0.0027   16.4   0.0   396   480   674   761   668   767 0.87 -
DkoeA00000479-RA     -            383 13442at7147          -            538   3.1e-08   32.6   1.5   1   2   5.1e-05     0.029   12.9   1.7    10    58    69   116    61   136 0.81 -
DkoeA00000479-RA     -            383 13442at7147          -            538   3.1e-08   32.6   1.5   2   2     2e-06    0.0011   17.6   0.0   397   480   279   367   238   383 0.80 -
DkoeA00001528-RA     -           1285 13442at7147          -            538     1e-07   30.9   5.0   1   2   2.2e-09   1.2e-06   27.4   0.1   136   270   255   391   239   478 0.78 -
DkoeA00001528-RA     -           1285 13442at7147          -            538     1e-07   30.9   5.0   2   2    0.0083       4.7    5.6   0.0   396   467  1190  1264  1187  1279 0.80 -
DkoeA00006703-RA     -            148 13442at7147          -            538   6.3e-06   25.0   3.9   1   1   1.4e-08   7.8e-06   24.7   3.9   145   247    19   118     8   124 0.80 -
DkoeA00009406-RA     -            380 13442at7147          -            538   6.9e-06   24.9   2.3   1   2    0.0058       3.3    6.2   2.0    10    48    65   103    54   120 0.85 -
DkoeA00009406-RA     -            380 13442at7147          -            538   6.9e-06   24.9   2.3   2   2   2.7e-06    0.0016   17.1   0.0   396   481   274   364   229   380 0.75 -
DkoeA00008924-RA     -            702 13442at7147          -            538   1.4e-05   23.9  18.4   1   3     0.012       7.1    5.1   6.0     7    56    99   148    94   155 0.87 -
DkoeA00008924-RA     -            702 13442at7147          -            538   1.4e-05   23.9  18.4   2   3   8.3e-06    0.0047   15.5   1.6   138   249   181   292   175   311 0.79 -
DkoeA00008924-RA     -            702 13442at7147          -            538   1.4e-05   23.9  18.4   3   3   0.00039      0.22   10.0   0.1   396   473   364   439   356   491 0.78 -
DkoeA00010697-RA     -            204 13442at7147          -            538   2.1e-05   23.3   0.5   1   1   4.4e-08   2.5e-05   23.0   0.5   140   247    13   114     1   153 0.76 -
DkoeA00001174-RA     -           1025 13442at7147          -            538   0.00015   20.5  24.1   1   5     0.047        26    3.2   5.0    12    55    32    75    21    85 0.81 -
DkoeA00001174-RA     -           1025 13442at7147          -            538   0.00015   20.5  24.1   2   5   1.3e-05    0.0075   14.9   1.7   129   192    99   165    90   180 0.76 -
DkoeA00001174-RA     -           1025 13442at7147          -            538   0.00015   20.5  24.1   3   5      0.51   2.9e+02   -0.3   0.1   223   242   301   320   295   332 0.83 -
DkoeA00001174-RA     -           1025 13442at7147          -            538   0.00015   20.5  24.1   4   5    0.0031       1.7    7.1   0.0   394   469   521   597   388   624 0.84 -
DkoeA00001174-RA     -           1025 13442at7147          -            538   0.00015   20.5  24.1   5   5      0.01       5.7    5.4   0.0   393   471   841   920   678   967 0.81 -
DkoeA00008926-RA     -            521 13442at7147          -            538    0.0021   16.7   0.5   1   3       8.1   4.6e+03   -4.2   1.0    15    45    64    94    49   106 0.47 -
DkoeA00008926-RA     -            521 13442at7147          -            538    0.0021   16.7   0.5   2   3    0.0002      0.11   11.0   1.9   134   246   134   246   131   262 0.83 -
DkoeA00008926-RA     -            521 13442at7147          -            538    0.0021   16.7   0.5   3   3   3.7e-06    0.0021   16.7   0.5   344   488   367   511   310   521 0.75 -
DkoeA00005667-RA     -            396 13442at7147          -            538    0.0022   16.6  22.9   1   3       3.3   1.9e+03   -2.9   3.3   190   231    77   119    56   120 0.58 -
DkoeA00005667-RA     -            396 13442at7147          -            538    0.0022   16.6  22.9   2   3   2.2e-05     0.012   14.2  10.6   132   248   142   252   134   255 0.77 -
DkoeA00005667-RA     -            396 13442at7147          -            538    0.0022   16.6  22.9   3   3   0.00045      0.25    9.8   0.0   404   481   272   354   268   392 0.66 -
DkoeA00013051-RA     -            631 13442at7147          -            538    0.0028   16.3  18.6   1   3     0.088        50    2.3   8.3     9    57   128   177   120   186 0.78 -
DkoeA00013051-RA     -            631 13442at7147          -            538    0.0028   16.3  18.6   2   3   3.2e-05     0.018   13.6   0.5   132   181   202   252   192   303 0.81 -
DkoeA00013051-RA     -            631 13442at7147          -            538    0.0028   16.3  18.6   3   3    0.0057       3.2    6.2   0.1   295   463   443   602   403   627 0.58 -
DkoeA00005045-RA     -            487 13442at7147          -            538     0.005   15.5   3.4   1   3     0.047        27    3.2   0.4    18    56   142   179   126   194 0.74 -
DkoeA00005045-RA     -            487 13442at7147          -            538     0.005   15.5   3.4   2   3   8.7e-06     0.005   15.5   3.4   134   237   210   315   202   327 0.81 -
DkoeA00005045-RA     -            487 13442at7147          -            538     0.005   15.5   3.4   3   3      0.42   2.4e+02    0.0   0.0   397   483   332   420   321   471 0.68 -
DkoeA00009182-RA     -            487 13442at7147          -            538     0.005   15.5   3.4   1   3     0.047        27    3.2   0.4    18    56   142   179   126   194 0.74 -
DkoeA00009182-RA     -            487 13442at7147          -            538     0.005   15.5   3.4   2   3   8.7e-06     0.005   15.5   3.4   134   237   210   315   202   327 0.81 -
DkoeA00009182-RA     -            487 13442at7147          -            538     0.005   15.5   3.4   3   3      0.42   2.4e+02    0.0   0.0   397   483   332   420   321   471 0.68 -
DkoeA00014687-RA     -            135 13442at7147          -            538    0.0056   15.3   0.1   1   1   1.1e-05     0.006   15.2   0.1   403   469    22    92    18   126 0.80 -
DkoeA00001972-RA     -            520 13442at7147          -            538     0.012   14.2  20.5   1   3       1.3   7.4e+02   -1.6   5.2     5    50   129   174   124   191 0.79 -
DkoeA00001972-RA     -            520 13442at7147          -            538     0.012   14.2  20.5   2   3   1.2e-05     0.007   15.0   3.6   136   262   211   340   194   357 0.67 -
DkoeA00001972-RA     -            520 13442at7147          -            538     0.012   14.2  20.5   3   3   0.00082      0.47    9.0   0.1   390   468   354   434   346   439 0.84 -
DkoeA00001330-RA     -            369 13442at7147          -            538     0.028   13.0  10.3   1   2   3.7e-05     0.021   13.4   1.5     3    60    50   107    49   112 0.90 -
DkoeA00001330-RA     -            369 13442at7147          -            538     0.028   13.0  10.3   2   2     0.019        11    4.4   1.9   154   260   157   259   129   279 0.65 -
DkoeA00008540-RA     -            821 13442at7147          -            538     0.029   13.0  18.9   1   3       1.5   8.6e+02   -1.8   0.1    10    57    57   104    50   117 0.70 -
DkoeA00008540-RA     -            821 13442at7147          -            538     0.029   13.0  18.9   2   3   0.00075      0.42    9.1  10.8   127   237   120   229   109   247 0.76 -
DkoeA00008540-RA     -            821 13442at7147          -            538     0.029   13.0  18.9   3   3   0.00099      0.56    8.7   0.1   404   480   288   369   278   413 0.68 -
DkoeA00013054-RA     -            779 13442at7147          -            538     0.042   12.4   6.9   1   2     5e-05     0.028   13.0   4.3   133   250   528   642   523   647 0.82 -
DkoeA00013054-RA     -            779 13442at7147          -            538     0.042   12.4   6.9   2   2      0.93   5.2e+02   -1.1   0.0   399   522   647   773   643   778 0.62 -
DkoeA00014625-RA     -            668 13442at7147          -            538     0.046   12.3   4.9   1   2       4.2   2.4e+03   -3.3   0.1    45    65    92   112    87   115 0.83 -
DkoeA00014625-RA     -            668 13442at7147          -            538     0.046   12.3   4.9   2   2   2.1e-05     0.012   14.2   1.3   136   232   163   256   156   267 0.82 -
DkoeA00001606-RA     -            513 13442at7147          -            538      0.13   10.7   0.1   1   2         3   1.7e+03   -2.8   0.0   233   464    78    90    66   148 0.59 -
DkoeA00001606-RA     -            513 13442at7147          -            538      0.13   10.7   0.1   2   2   0.00053       0.3    9.6   0.0   397   470   385   460   381   495 0.81 -
DkoeA00009283-RA     -            373 13442at7147          -            538      0.13   10.7   9.2   1   2    0.0027       1.5    7.3   1.8    11    52    61   102    52   115 0.79 -
DkoeA00009283-RA     -            373 13442at7147          -            538      0.13   10.7   9.2   2   2    0.0017      0.96    7.9   1.0   211   248   213   250   168   303 0.82 -
DkoeA00008728-RA     -            375 13442at7147          -            538      0.29    9.6   9.5   1   3     0.067        38    2.6   1.9    12    65    27    84    17   131 0.68 -
DkoeA00008728-RA     -            375 13442at7147          -            538      0.29    9.6   9.5   2   3       2.6   1.5e+03   -2.6   0.1   215   242   181   208   177   217 0.75 -
DkoeA00008728-RA     -            375 13442at7147          -            538      0.29    9.6   9.5   3   3    0.0001     0.058   11.9   0.2   391   506   242   355   210   373 0.76 -
DkoeA00006711-RA     -            645 13442at7147          -            538      0.49    8.9  21.5   1   3       1.1   6.3e+02   -1.4   6.6     5    53   145   195   141   204 0.79 -
DkoeA00006711-RA     -            645 13442at7147          -            538      0.49    8.9  21.5   2   3     9e-05     0.051   12.1   4.1   134   248   226   337   213   346 0.77 -
DkoeA00006711-RA     -            645 13442at7147          -            538      0.49    8.9  21.5   3   3     0.016       9.3    4.7   0.0   392   471   551   632   536   644 0.78 -
DkoeA00016577-RA     -            580 13442at7147          -            538      0.71    8.3  12.7   1   3       6.1   3.5e+03   -3.8   5.7     3    65   166   228   164   235 0.87 -
DkoeA00016577-RA     -            580 13442at7147          -            538      0.71    8.3  12.7   2   3     0.001      0.57    8.7   0.1   129   246   242   357   235   379 0.67 -
DkoeA00016577-RA     -            580 13442at7147          -            538      0.71    8.3  12.7   3   3    0.0063       3.6    6.0   0.0   406   478   471   546   459   568 0.68 -
DkoeA00002978-RA     -            496 13442at7147          -            538       1.3    7.5   6.0   1   1    0.0037       2.1    6.8   6.0   406   456    92   144    87   156 0.89 -
DkoeA00001609-RA     -            384 13442at7147          -            538       3.3    6.1  11.4   1   2     0.015       8.7    4.8   2.2     6    60    66   120    62   126 0.85 -
DkoeA00001609-RA     -            384 13442at7147          -            538       3.3    6.1  11.4   2   2    0.0043       2.4    6.6   2.0   211   248   223   260   174   273 0.81 -
DkoeA00008636-RA     -            384 13442at7147          -            538       3.3    6.1  11.4   1   2     0.015       8.7    4.8   2.2     6    60    66   120    62   126 0.85 -
DkoeA00008636-RA     -            384 13442at7147          -            538       3.3    6.1  11.4   2   2    0.0043       2.4    6.6   2.0   211   248   223   260   174   273 0.81 -
DkoeA00014690-RA     -            256 13442at7147          -            538       4.8    5.6   9.3   1   2     0.005       2.8    6.4   1.4    26    64   126   164    97   183 0.80 -
DkoeA00014690-RA     -            256 13442at7147          -            538       4.8    5.6   9.3   2   2     0.029        16    3.9   1.5   132   179   184   229   175   255 0.80 -
DkoeA00008406-RA     -           1003 13442at7147          -            538       9.8    4.6  22.9   1   4       1.9   1.1e+03   -2.2   3.2     3    49   134   180   132   191 0.78 -
DkoeA00008406-RA     -           1003 13442at7147          -            538       9.8    4.6  22.9   2   4     9e-06    0.0051   15.4   2.3   128   248   209   334   204   376 0.80 -
DkoeA00008406-RA     -           1003 13442at7147          -            538       9.8    4.6  22.9   3   4       4.9   2.8e+03   -3.5   2.6   289   362   438   491   389   528 0.50 -
DkoeA00008406-RA     -           1003 13442at7147          -            538       9.8    4.6  22.9   4   4     0.044        25    3.3   0.0   401   473   924   999   910  1003 0.69 -
#
# Program:         hmmsearch
# Version:         3.1b2 (February 2015)
# Pipeline mode:   SEARCH
# Query file:      /home/nmoreyra/Documents/Genomics/03_orthologs_search/00_Phylogenomics_BUSCO-groups/busco4_odb10/busco_downloads/lineages/diptera_odb10/hmms/13442at7147.hmm
# Target file:     /home/nmoreyra/Documents/Genomics/03_orthologs_search/00_Phylogenomics_BUSCO-groups/busco4_odb10/../00_proteins/DkoeA_proteins.fasta
# Option settings: /home/nmoreyra/Software/miniconda3/envs/busco4/bin/hmmsearch --domtblout /home/nmoreyra/Documents/Genomics/03_orthologs_search/00_Phylogenomics_BUSCO-groups/busco4_odb10/DkoeA_diptera/run_diptera_odb10/hmmer_output/initial_run_results/13442at7147.out --cpu 1 /home/nmoreyra/Documents/Genomics/03_orthologs_search/00_Phylogenomics_BUSCO-groups/busco4_odb10/busco_downloads/lineages/diptera_odb10/hmms/13442at7147.hmm /home/nmoreyra/Documents/Genomics/03_orthologs_search/00_Phylogenomics_BUSCO-groups/busco4_odb10/../00_proteins/DkoeA_proteins.fasta 
# Current dir:     /home/nmoreyra/Documents/Genomics/03_orthologs_search/00_Phylogenomics_BUSCO-groups/busco4_odb10
# Date:            Mon Jan 25 13:54:04 2021
# [ok]
