#                                                                            --- full sequence --- -------------- this domain -------------   hmm coord   ali coord   env coord
# target name        accession   tlen query name           accession   qlen   E-value  score  bias   #  of  c-Evalue  i-Evalue  score  bias  from    to  from    to  from    to  acc description of target
#------------------- ---------- ----- -------------------- ---------- ----- --------- ------ ----- --- --- --------- --------- ------ ----- ----- ----- ----- ----- ----- ----- ---- ---------------------
DkoeA00005280-RA     -            782 13511at7147          -            657         0 1175.4  16.8   1   1         0         0 1171.9  16.8     3   657    31   768    29   768 0.92 -
DkoeA00012822-RA     -            358 13511at7147          -            657   1.9e-13   49.5   3.0   1   2   2.9e-12   1.2e-09   37.0   0.9    84   218    73   213    62   227 0.89 -
DkoeA00012822-RA     -            358 13511at7147          -            657   1.9e-13   49.5   3.0   2   2   6.4e-05     0.026   12.7   0.0    86   188   244   356   236   358 0.79 -
DkoeA00012002-RA     -            724 13511at7147          -            657   2.6e-13   49.0  10.5   1   4    0.0038       1.5    6.9   0.1   152   196   369   416   353   419 0.84 -
DkoeA00012002-RA     -            724 13511at7147          -            657   2.6e-13   49.0  10.5   2   4   1.9e-06   0.00078   17.7   0.4    76   183   430   540   420   542 0.78 -
DkoeA00012002-RA     -            724 13511at7147          -            657   2.6e-13   49.0  10.5   3   4   6.4e-06    0.0026   16.0   1.3    87   190   482   589   480   614 0.79 -
DkoeA00012002-RA     -            724 13511at7147          -            657   2.6e-13   49.0  10.5   4   4   1.3e-06   0.00052   18.3   0.6   173   254   623   718   597   721 0.81 -
DkoeA00000794-RA     -            406 13511at7147          -            657   7.5e-12   44.2   0.0   1   3   4.7e-08   1.9e-05   23.1   0.1   120   218    18   121     5   143 0.85 -
DkoeA00000794-RA     -            406 13511at7147          -            657   7.5e-12   44.2   0.0   2   3   1.2e-06   0.00049   18.4   0.0    86   218   109   247   101   249 0.78 -
DkoeA00000794-RA     -            406 13511at7147          -            657   7.5e-12   44.2   0.0   3   3   2.2e-05    0.0088   14.3   0.0    83   213   148   284   139   307 0.85 -
DkoeA00004660-RA     -            373 13511at7147          -            657   2.7e-10   39.1   2.1   1   2   8.3e-11   3.3e-08   32.2   0.2    84   218    81   221    76   226 0.80 -
DkoeA00004660-RA     -            373 13511at7147          -            657   2.7e-10   39.1   2.1   2   2   0.00017     0.068   11.3   0.1    91   214   214   347   214   365 0.73 -
DkoeA00008587-RA     -            331 13511at7147          -            657   6.2e-10   37.9   0.8   1   1   2.5e-12   9.9e-10   37.2   0.6    12   218    98   314    86   324 0.77 -
DkoeA00011870-RA     -            328 13511at7147          -            657   7.4e-09   34.3   1.5   1   2   5.3e-11   2.1e-08   32.8   0.3    85   213   121   257   103   271 0.79 -
DkoeA00011870-RA     -            328 13511at7147          -            657   7.4e-09   34.3   1.5   2   2      0.43   1.7e+02    0.1   0.1    85   108   299   322   290   326 0.65 -
DkoeA00006252-RA     -            954 13511at7147          -            657   7.9e-09   34.2   1.8   1   5       2.1   8.3e+02   -2.2   0.0    87   141    62   116    44   123 0.65 -
DkoeA00006252-RA     -            954 13511at7147          -            657   7.9e-09   34.2   1.8   2   5   2.7e-08   1.1e-05   23.9   0.1   146   218   375   451   290   458 0.75 -
DkoeA00006252-RA     -            954 13511at7147          -            657   7.9e-09   34.2   1.8   3   5    0.0047       1.9    6.6   0.1   159   218   516   582   484   591 0.78 -
DkoeA00006252-RA     -            954 13511at7147          -            657   7.9e-09   34.2   1.8   4   5       2.2   8.7e+02   -2.3   0.0    86   113   631   659   618   670 0.67 -
DkoeA00006252-RA     -            954 13511at7147          -            657   7.9e-09   34.2   1.8   5   5       1.3     5e+02   -1.5   0.0    74   103   717   746   715   753 0.88 -
DkoeA00011981-RA     -            488 13511at7147          -            657     2e-07   29.6  10.0   1   3     1e-06   0.00042   18.6   0.7    85   210   124   261   110   303 0.81 -
DkoeA00011981-RA     -            488 13511at7147          -            657     2e-07   29.6  10.0   2   3   7.8e-05     0.031   12.4   1.7    12   134   346   472   334   477 0.60 -
DkoeA00011981-RA     -            488 13511at7147          -            657     2e-07   29.6  10.0   3   3      0.03        12    3.9   0.0    86   108   465   487   458   488 0.90 -
DkoeA00009352-RA     -            509 13511at7147          -            657   3.8e-07   28.7   0.1   1   3     0.051        20    3.1   0.0    84   115   218   250   205   263 0.80 -
DkoeA00009352-RA     -            509 13511at7147          -            657   3.8e-07   28.7   0.1   2   3    0.0072       2.9    5.9   0.0    86   109   355   378   332   386 0.84 -
DkoeA00009352-RA     -            509 13511at7147          -            657   3.8e-07   28.7   0.1   3   3    0.0022      0.86    7.7   0.0    54   125   404   484   394   505 0.78 -
DkoeA00016779-RA     -            813 13511at7147          -            657   4.1e-07   28.6   7.2   1   2   3.2e-07   0.00013   20.3   0.6    83   216   149   287   136   291 0.73 -
DkoeA00016779-RA     -            813 13511at7147          -            657   4.1e-07   28.6   7.2   2   2   0.00032      0.13   10.4   0.9    86   187   321   430   309   438 0.74 -
DkoeA00007948-RA     -            328 13511at7147          -            657   2.6e-06   25.9   0.1   1   2   0.00018     0.072   11.2   0.1   158   220    58   123    44   131 0.81 -
DkoeA00007948-RA     -            328 13511at7147          -            657   2.6e-06   25.9   0.1   2   2   6.2e-05     0.025   12.8   0.0    88   218   154   287   144   321 0.82 -
DkoeA00013428-RA     -            331 13511at7147          -            657   3.5e-06   25.5  10.6   1   3   4.1e-08   1.6e-05   23.3   7.9    87   217    16   161     4   195 0.71 -
DkoeA00013428-RA     -            331 13511at7147          -            657   3.5e-06   25.5  10.6   2   3       1.4   5.4e+02   -1.6   0.0    84   108   194   218   181   222 0.71 -
DkoeA00013428-RA     -            331 13511at7147          -            657   3.5e-06   25.5  10.6   3   3      0.16        63    1.5   0.0    85   108   304   328   290   330 0.77 -
DkoeA00017918-RA     -            340 13511at7147          -            657   4.6e-06   25.1   0.3   1   2   5.5e-07   0.00022   19.5   0.1    53   213    64   239    55   241 0.79 -
DkoeA00017918-RA     -            340 13511at7147          -            657   4.6e-06   25.1   0.3   2   2     0.035        14    3.7   0.0   173   220   240   290   238   298 0.75 -
DkoeA00006340-RA     -            342 13511at7147          -            657   4.6e-06   25.1   0.9   1   3     0.041        16    3.5   0.0   195   227    20    54    14    61 0.77 -
DkoeA00006340-RA     -            342 13511at7147          -            657   4.6e-06   25.1   0.9   2   3   1.5e-05    0.0061   14.8   0.4    82   218    82   240    70   250 0.69 -
DkoeA00006340-RA     -            342 13511at7147          -            657   4.6e-06   25.1   0.9   3   3      0.11        42    2.1   0.0    85   140   269   329   262   338 0.73 -
DkoeA00008932-RA     -            478 13511at7147          -            657   7.5e-06   24.4   9.0   1   3   0.00024     0.094   10.9   2.7    95   185   185   279   177   291 0.72 -
DkoeA00008932-RA     -            478 13511at7147          -            657   7.5e-06   24.4   9.0   2   3    0.0083       3.3    5.7   0.0   160   202   296   341   287   346 0.82 -
DkoeA00008932-RA     -            478 13511at7147          -            657   7.5e-06   24.4   9.0   3   3   0.00024     0.095   10.8   0.2    81   188   341   457   334   470 0.81 -
DkoeA00017874-RA     -            356 13511at7147          -            657   9.2e-06   24.1   3.2   1   4   0.00048      0.19    9.8   0.1   159   213    65   123    50   134 0.76 -
DkoeA00017874-RA     -            356 13511at7147          -            657   9.2e-06   24.1   3.2   2   4   0.00049      0.19    9.8   0.1    86   215   116   257   110   260 0.73 -
DkoeA00017874-RA     -            356 13511at7147          -            657   9.2e-06   24.1   3.2   3   4   3.9e-05     0.016   13.4   0.2    79   220   150   306   143   314 0.75 -
DkoeA00017874-RA     -            356 13511at7147          -            657   9.2e-06   24.1   3.2   4   4       1.4   5.4e+02   -1.6   0.0    86   107   334   355   325   356 0.85 -
DkoeA00000326-RA     -            317 13511at7147          -            657   1.1e-05   23.8   0.5   1   1   4.6e-08   1.8e-05   23.1   0.4    85   212   111   246    93   298 0.79 -
DkoeA00006479-RA     -            744 13511at7147          -            657   1.3e-05   23.6   0.9   1   2    0.0019      0.76    7.9   0.1    84   189   462   572   437   577 0.77 -
DkoeA00006479-RA     -            744 13511at7147          -            657   1.3e-05   23.6   0.9   2   2   1.6e-07   6.3e-05   21.3   0.6    85   217   505   643   500   656 0.80 -
DkoeA00007338-RA     -           1632 13511at7147          -            657   2.3e-05   22.8   1.8   1   4     0.018       7.1    4.7   0.1   233   271   121   159     5   165 0.88 -
DkoeA00007338-RA     -           1632 13511at7147          -            657   2.3e-05   22.8   1.8   2   4       2.8   1.1e+03   -2.6   0.0   340   376   285   321   231   330 0.78 -
DkoeA00007338-RA     -           1632 13511at7147          -            657   2.3e-05   22.8   1.8   3   4   6.3e-05     0.025   12.7   0.0   547   630  1140  1226  1133  1242 0.90 -
DkoeA00007338-RA     -           1632 13511at7147          -            657   2.3e-05   22.8   1.8   4   4      0.12        49    1.9   0.1   557   638  1267  1352  1247  1362 0.78 -
DkoeA00010013-RA     -            460 13511at7147          -            657   4.3e-05   21.9   1.0   1   2   1.7e-07   6.8e-05   21.2   0.5    85   214   231   379   224   385 0.70 -
DkoeA00010013-RA     -            460 13511at7147          -            657   4.3e-05   21.9   1.0   2   2       0.2        78    1.2   0.0   155   187   358   394   350   397 0.78 -
DkoeA00000219-RA     -            608 13511at7147          -            657   4.3e-05   21.9   4.3   1   5      0.17        67    1.4   0.0   123   171    66   117    29   172 0.48 -
DkoeA00000219-RA     -            608 13511at7147          -            657   4.3e-05   21.9   4.3   2   5     0.019       7.7    4.5   0.0    83   143   198   261   186   274 0.72 -
DkoeA00000219-RA     -            608 13511at7147          -            657   4.3e-05   21.9   4.3   3   5       3.4   1.4e+03   -2.9   0.0    87   108   332   353   293   362 0.76 -
DkoeA00000219-RA     -            608 13511at7147          -            657   4.3e-05   21.9   4.3   4   5     0.033        13    3.8   0.0   371   440   449   518   436   527 0.71 -
DkoeA00000219-RA     -            608 13511at7147          -            657   4.3e-05   21.9   4.3   5   5    0.0008      0.32    9.1   0.4    84   144   537   600   525   607 0.81 -
DkoeA00004871-RA     -            197 13511at7147          -            657   9.7e-05   20.7   2.3   1   3       1.5   5.9e+02   -1.7   0.0   174   190    12    28     8    51 0.76 -
DkoeA00004871-RA     -            197 13511at7147          -            657   9.7e-05   20.7   2.3   2   3     0.081        32    2.5   0.1   169   219    49    99    22   133 0.81 -
DkoeA00004871-RA     -            197 13511at7147          -            657   9.7e-05   20.7   2.3   3   3   9.9e-07   0.00039   18.7   0.7    80   138   124   184    72   194 0.71 -
DkoeA00012998-RA     -            360 13511at7147          -            657    0.0001   20.6   2.4   1   2     4e-05     0.016   13.4   0.1   143   212    36   115     4   130 0.76 -
DkoeA00012998-RA     -            360 13511at7147          -            657    0.0001   20.6   2.4   2   2     0.003       1.2    7.2   0.4   410   478   224   293   171   297 0.82 -
DkoeA00009606-RA     -           1010 13511at7147          -            657   0.00022   19.6   4.0   1   2     4e-06    0.0016   16.7   3.8    84   221   103   270    92   313 0.71 -
DkoeA00009606-RA     -           1010 13511at7147          -            657   0.00022   19.6   4.0   2   2       4.5   1.8e+03   -3.3   0.0    57   107   655   711   648   713 0.65 -
DkoeA00014728-RA     -            326 13511at7147          -            657    0.0003   19.1   0.4   1   2   8.3e-05     0.033   12.3   0.1   154   213    44   106     9   120 0.86 -
DkoeA00014728-RA     -            326 13511at7147          -            657    0.0003   19.1   0.4   2   2      0.02       8.1    4.5   0.0    86   141   196   251   159   308 0.82 -
DkoeA00011413-RA     -            739 13511at7147          -            657   0.00043   18.6   6.1   1   3       2.4   9.7e+02   -2.4   0.0   130   178    30    80    24   125 0.60 -
DkoeA00011413-RA     -            739 13511at7147          -            657   0.00043   18.6   6.1   2   3     0.057        23    3.0   0.1    80   109   409   438   333   502 0.62 -
DkoeA00011413-RA     -            739 13511at7147          -            657   0.00043   18.6   6.1   3   3   2.3e-06   0.00093   17.5   1.1    94   217   510   639   492   643 0.85 -
DkoeA00008108-RA     -            478 13511at7147          -            657    0.0011   17.3   0.1   1   2   9.7e-05     0.039   12.1   0.1     3   136   157   298   155   391 0.68 -
DkoeA00008108-RA     -            478 13511at7147          -            657    0.0011   17.3   0.1   2   2     0.048        19    3.2   0.0    83   108   422   447   400   466 0.80 -
DkoeA00011139-RA     -            384 13511at7147          -            657    0.0016   16.7   0.0   1   2   0.00026      0.11   10.7   0.0   171   214    75   118    60   132 0.84 -
DkoeA00011139-RA     -            384 13511at7147          -            657    0.0016   16.7   0.0   2   2     0.033        13    3.7   0.0    90   216   164   293   157   319 0.66 -
DkoeA00013490-RA     -            658 13511at7147          -            657    0.0033   15.6   0.0   1   2   7.1e-05     0.028   12.6   0.0   160   213    71   129    62   144 0.75 -
DkoeA00013490-RA     -            658 13511at7147          -            657    0.0033   15.6   0.0   2   2      0.35   1.4e+02    0.4   0.0   173   205   558   590   544   619 0.56 -
DkoeA00009444-RA     -           2275 13511at7147          -            657    0.0049   15.1   0.9   1   2    0.0073       2.9    5.9   0.0   171   211   270   311   200   322 0.68 -
DkoeA00009444-RA     -           2275 13511at7147          -            657    0.0049   15.1   0.9   2   2     0.014       5.5    5.0   0.2   228   255   548   576   456   586 0.67 -
DkoeA00015631-RA     -            317 13511at7147          -            657    0.0053   15.0   0.0   1   2    0.0024      0.97    7.5   0.0    85   192    28   142    10   150 0.75 -
DkoeA00015631-RA     -            317 13511at7147          -            657    0.0053   15.0   0.0   2   2     0.012       4.9    5.2   0.0   171   216   253   300   234   310 0.69 -
DkoeA00004869-RA     -            431 13511at7147          -            657    0.0081   14.4   0.0   1   2       6.5   2.6e+03   -3.8   1.7   582   647   137   209   126   217 0.59 -
DkoeA00004869-RA     -            431 13511at7147          -            657    0.0081   14.4   0.0   2   2     2e-05    0.0081   14.4   0.0   153   220   343   416   271   418 0.72 -
DkoeA00007785-RA     -            544 13511at7147          -            657    0.0092   14.2   0.0   1   2   0.00063      0.25    9.4   0.0   160   188    79   111    53   123 0.83 -
DkoeA00007785-RA     -            544 13511at7147          -            657    0.0092   14.2   0.0   2   2     0.082        33    2.5   0.0    83   122   191   231   138   247 0.68 -
DkoeA00016091-RA     -            527 13511at7147          -            657     0.022   13.0   7.3   1   3   0.00093      0.37    8.9   1.6    84   195   255   370   223   374 0.87 -
DkoeA00016091-RA     -            527 13511at7147          -            657     0.022   13.0   7.3   2   3    0.0072       2.9    5.9   0.3   154   219   374   445   369   492 0.78 -
DkoeA00016091-RA     -            527 13511at7147          -            657     0.022   13.0   7.3   3   3      0.39   1.6e+02    0.2   0.0    87   108   477   498   460   502 0.81 -
DkoeA00010127-RA     -            429 13511at7147          -            657     0.026   12.7   0.6   1   3       1.7   6.6e+02   -1.9   0.0   127   189   144   211   122   227 0.58 -
DkoeA00010127-RA     -            429 13511at7147          -            657     0.026   12.7   0.6   2   3     0.056        22    3.0   0.1   161   217   229   293   221   299 0.70 -
DkoeA00010127-RA     -            429 13511at7147          -            657     0.026   12.7   0.6   3   3   0.00064      0.26    9.4   0.2   115   188   270   350   248   363 0.76 -
DkoeA00013411-RA     -            429 13511at7147          -            657     0.026   12.7   0.6   1   3       1.7   6.6e+02   -1.9   0.0   127   189   144   211   122   227 0.58 -
DkoeA00013411-RA     -            429 13511at7147          -            657     0.026   12.7   0.6   2   3     0.056        22    3.0   0.1   161   217   229   293   221   299 0.70 -
DkoeA00013411-RA     -            429 13511at7147          -            657     0.026   12.7   0.6   3   3   0.00064      0.26    9.4   0.2   115   188   270   350   248   363 0.76 -
DkoeA00011394-RA     -            540 13511at7147          -            657     0.026   12.7   0.2   1   4       4.3   1.7e+03   -3.2   0.0    85   108   253   276   248   286 0.83 -
DkoeA00011394-RA     -            540 13511at7147          -            657     0.026   12.7   0.2   2   4     0.045        18    3.3   0.0   128   212   347   436   307   450 0.65 -
DkoeA00011394-RA     -            540 13511at7147          -            657     0.026   12.7   0.2   3   4     0.002      0.81    7.8   0.1   146   213   408   479   344   500 0.65 -
DkoeA00011394-RA     -            540 13511at7147          -            657     0.026   12.7   0.2   4   4     0.046        18    3.3   0.1    87   139   473   527   459   536 0.75 -
DkoeA00010153-RA     -            681 13511at7147          -            657     0.034   12.3   0.2   1   2     0.012       4.9    5.2   0.0    83   218   444   587   424   598 0.80 -
DkoeA00010153-RA     -            681 13511at7147          -            657     0.034   12.3   0.2   2   2   0.00026       0.1   10.7   0.2    86   218   533   668   494   673 0.74 -
DkoeA00006790-RA     -            768 13511at7147          -            657     0.067   11.3   0.7   1   2     0.012       4.9    5.2   0.3    75   112    70   105    41   219 0.67 -
DkoeA00006790-RA     -            768 13511at7147          -            657     0.067   11.3   0.7   2   2      0.16        62    1.5   0.0   422   463   334   373   310   387 0.82 -
DkoeA00014323-RA     -           1217 13511at7147          -            657     0.089   10.9   0.3   1   2   0.00069      0.28    9.3   0.0    87   140   516   568   462   587 0.81 -
DkoeA00014323-RA     -           1217 13511at7147          -            657     0.089   10.9   0.3   2   2         2   8.1e+02   -2.2   0.2   573   637  1149  1214  1142  1217 0.75 -
DkoeA00005668-RA     -            460 13511at7147          -            657      0.12   10.5   0.0   1   2     0.079        31    2.5   0.0    88   137    90   139    81   152 0.84 -
DkoeA00005668-RA     -            460 13511at7147          -            657      0.12   10.5   0.0   2   2    0.0093       3.7    5.6   0.0   164   206   280   321   265   329 0.80 -
DkoeA00004649-RA     -            787 13511at7147          -            657      0.14   10.3   0.0   1   1   0.00051       0.2    9.7   0.0    88   137   458   507   445   534 0.71 -
DkoeA00011465-RA     -            570 13511at7147          -            657      0.44    8.6  12.3   1   3    0.0014      0.56    8.3   0.4   152   213   269   336   262   349 0.81 -
DkoeA00011465-RA     -            570 13511at7147          -            657      0.44    8.6  12.3   2   3      0.02         8    4.5   0.2    87   212   330   464   312   522 0.73 -
DkoeA00011465-RA     -            570 13511at7147          -            657      0.44    8.6  12.3   3   3     0.034        14    3.7   1.8   155   187   534   570   506   570 0.75 -
#
# Program:         hmmsearch
# Version:         3.1b2 (February 2015)
# Pipeline mode:   SEARCH
# Query file:      /home/nmoreyra/Documents/Genomics/03_orthologs_search/00_Phylogenomics_BUSCO-groups/busco4_odb10/busco_downloads/lineages/diptera_odb10/hmms/13511at7147.hmm
# Target file:     /home/nmoreyra/Documents/Genomics/03_orthologs_search/00_Phylogenomics_BUSCO-groups/busco4_odb10/../00_proteins/DkoeA_proteins.fasta
# Option settings: /home/nmoreyra/Software/miniconda3/envs/busco4/bin/hmmsearch --domtblout /home/nmoreyra/Documents/Genomics/03_orthologs_search/00_Phylogenomics_BUSCO-groups/busco4_odb10/DkoeA_diptera/run_diptera_odb10/hmmer_output/initial_run_results/13511at7147.out --cpu 1 /home/nmoreyra/Documents/Genomics/03_orthologs_search/00_Phylogenomics_BUSCO-groups/busco4_odb10/busco_downloads/lineages/diptera_odb10/hmms/13511at7147.hmm /home/nmoreyra/Documents/Genomics/03_orthologs_search/00_Phylogenomics_BUSCO-groups/busco4_odb10/../00_proteins/DkoeA_proteins.fasta 
# Current dir:     /home/nmoreyra/Documents/Genomics/03_orthologs_search/00_Phylogenomics_BUSCO-groups/busco4_odb10
# Date:            Mon Jan 25 13:54:14 2021
# [ok]
