#                                                                            --- full sequence --- -------------- this domain -------------   hmm coord   ali coord   env coord
# target name        accession   tlen query name           accession   qlen   E-value  score  bias   #  of  c-Evalue  i-Evalue  score  bias  from    to  from    to  from    to  acc description of target
#------------------- ---------- ----- -------------------- ---------- ----- --------- ------ ----- --- --- --------- --------- ------ ----- ----- ----- ----- ----- ----- ----- ---- ---------------------
DkoeA00014614-RA     -            927 14862at7147          -            751         0 1200.2   2.8   1   2         0         0 1020.0   0.1     1   600    24   689    24   700 0.94 -
DkoeA00014614-RA     -            927 14862at7147          -            751         0 1200.2   2.8   2   2     3e-54     7e-52  176.6   0.7   588   751   705   925   693   925 0.80 -
DkoeA00004660-RA     -            373 14862at7147          -            751   1.7e-14   53.0   5.2   1   4    0.0009      0.21    9.7   0.0   513   541    83   111    70   116 0.85 -
DkoeA00004660-RA     -            373 14862at7147          -            751   1.7e-14   53.0   5.2   2   4    0.0012      0.29    9.2   0.5   498   535   105   147   105   151 0.82 -
DkoeA00004660-RA     -            373 14862at7147          -            751   1.7e-14   53.0   5.2   3   4     0.012       2.8    5.9   0.1   512   538   166   192   147   203 0.75 -
DkoeA00004660-RA     -            373 14862at7147          -            751   1.7e-14   53.0   5.2   4   4     2e-10   4.8e-08   31.6   0.1   184   335   174   330   170   342 0.79 -
DkoeA00012822-RA     -            358 14862at7147          -            751   2.1e-14   52.6   3.1   1   4     0.015       3.7    5.6   0.0   513   535    75    97    60   103 0.84 -
DkoeA00012822-RA     -            358 14862at7147          -            751   2.1e-14   52.6   3.1   2   4   1.7e-08   4.1e-06   25.2   0.1   212   329   113   228    99   237 0.81 -
DkoeA00012822-RA     -            358 14862at7147          -            751   2.1e-14   52.6   3.1   3   4      0.02       4.8    5.2   0.0   514   536   245   267   241   277 0.90 -
DkoeA00012822-RA     -            358 14862at7147          -            751   2.1e-14   52.6   3.1   4   4   3.6e-05    0.0085   14.3   0.1   218   278   290   356   279   358 0.77 -
DkoeA00014173-RA     -            484 14862at7147          -            751   8.1e-14   50.7   3.1   1   3   5.3e-10   1.3e-07   30.3   1.8   189   330   200   339   195   343 0.80 -
DkoeA00014173-RA     -            484 14862at7147          -            751   8.1e-14   50.7   3.1   2   3   1.6e-08   3.7e-06   25.4   0.0   225   327   319   416   316   426 0.86 -
DkoeA00014173-RA     -            484 14862at7147          -            751   8.1e-14   50.7   3.1   3   3       8.4     2e+03   -3.5   0.0   518   535   445   462   428   464 0.58 -
DkoeA00013447-RA     -            411 14862at7147          -            751     3e-13   48.9   1.8   1   4   1.2e-07   2.9e-05   22.4   0.2   225   324   122   221   108   224 0.82 -
DkoeA00013447-RA     -            411 14862at7147          -            751     3e-13   48.9   1.8   2   4   0.00082      0.19    9.8   0.2   512   545   198   231   181   276 0.69 -
DkoeA00013447-RA     -            411 14862at7147          -            751     3e-13   48.9   1.8   3   4      0.56   1.3e+02    0.4   0.0    87   137   229   279   227   294 0.59 -
DkoeA00013447-RA     -            411 14862at7147          -            751     3e-13   48.9   1.8   4   4   7.1e-07   0.00017   19.9   0.0   188   276   314   408   310   410 0.76 -
DkoeA00011981-RA     -            488 14862at7147          -            751   6.2e-13   47.8   0.6   1   3    0.0019      0.46    8.6   0.0   176   262   124   214   117   218 0.69 -
DkoeA00011981-RA     -            488 14862at7147          -            751   6.2e-13   47.8   0.6   2   3   0.00036     0.085   11.0   0.0   224   279   222   280   215   298 0.83 -
DkoeA00011981-RA     -            488 14862at7147          -            751   6.2e-13   47.8   0.6   3   3     2e-07   4.8e-05   21.7   0.4   221   334   343   455   337   461 0.81 -
DkoeA00011749-RA     -            929 14862at7147          -            751     7e-13   47.6   0.0   1   2   1.8e-10   4.3e-08   31.8   0.0   167   328    11   175     4   186 0.81 -
DkoeA00011749-RA     -            929 14862at7147          -            751     7e-13   47.6   0.0   2   2   3.4e-05    0.0081   14.3   0.0    89   197   181   297   169   306 0.62 -
DkoeA00008587-RA     -            331 14862at7147          -            751   5.8e-12   44.6   0.9   1   2   8.6e-12     2e-09   36.2   0.2   112   326    61   284    52   290 0.76 -
DkoeA00008587-RA     -            331 14862at7147          -            751   5.8e-12   44.6   0.9   2   2   2.9e-05    0.0068   14.6   0.0   213   276   257   323   249   326 0.83 -
DkoeA00016779-RA     -            813 14862at7147          -            751   7.6e-12   44.2   1.3   1   3   5.4e-09   1.3e-06   26.9   0.1   189   318   164   293   148   301 0.79 -
DkoeA00016779-RA     -            813 14862at7147          -            751   7.6e-12   44.2   1.3   2   3      0.23        55    1.7   0.0   518   537   326   345   310   355 0.86 -
DkoeA00016779-RA     -            813 14862at7147          -            751   7.6e-12   44.2   1.3   3   3   0.00018     0.043   11.9   0.0   221   278   369   431   346   440 0.81 -
DkoeA00014313-RA     -           1236 14862at7147          -            751   2.2e-11   42.7   0.0   1   2   2.1e-09   4.9e-07   28.3   0.0   186   324    24   163     7   171 0.81 -
DkoeA00014313-RA     -           1236 14862at7147          -            751   2.2e-11   42.7   0.0   2   2   0.00022     0.051   11.7   0.0   258   325   217   281   193   292 0.83 -
DkoeA00006479-RA     -            744 14862at7147          -            751   3.9e-11   41.8   0.1   1   2   3.9e-05    0.0092   14.2   0.0   455   536   398   487   380   500 0.79 -
DkoeA00006479-RA     -            744 14862at7147          -            751   3.9e-11   41.8   0.1   2   2   2.1e-08   5.1e-06   24.9   0.1   168   280   539   657   531   673 0.82 -
DkoeA00001488-RA     -            933 14862at7147          -            751   7.2e-11   41.0   0.2   1   3    0.0039      0.92    7.6   0.0   172   278    66   184    51   187 0.71 -
DkoeA00001488-RA     -            933 14862at7147          -            751   7.2e-11   41.0   0.2   2   3    0.0044         1    7.4   0.0   229   284   470   529   459   539 0.80 -
DkoeA00001488-RA     -            933 14862at7147          -            751   7.2e-11   41.0   0.2   3   3   3.8e-07   8.9e-05   20.8   0.0   171   330   550   710   531   715 0.79 -
DkoeA00000727-RA     -            346 14862at7147          -            751   1.1e-10   40.4   0.6   1   3    0.0005      0.12   10.5   0.1   512   562    64   118    46   133 0.79 -
DkoeA00000727-RA     -            346 14862at7147          -            751   1.1e-10   40.4   0.6   2   3   7.9e-06    0.0019   16.5   0.0   214   324   153   260   140   267 0.83 -
DkoeA00000727-RA     -            346 14862at7147          -            751   1.1e-10   40.4   0.6   3   3   0.00051      0.12   10.5   0.0   214   277   280   346   274   346 0.80 -
DkoeA00011394-RA     -            540 14862at7147          -            751   1.1e-10   40.3   1.6   1   4       0.1        24    2.9   0.0   512   541   253   282   248   293 0.88 -
DkoeA00011394-RA     -            540 14862at7147          -            751   1.1e-10   40.3   1.6   2   4   2.4e-05    0.0056   14.9   0.0   222   323   308   409   293   416 0.77 -
DkoeA00011394-RA     -            540 14862at7147          -            751   1.1e-10   40.3   1.6   3   4     0.029       6.9    4.7   0.0   498   536   410   453   407   463 0.81 -
DkoeA00011394-RA     -            540 14862at7147          -            751   1.1e-10   40.3   1.6   4   4   3.3e-06   0.00079   17.7   0.2   185   278   438   538   424   540 0.79 -
DkoeA00001540-RA     -            448 14862at7147          -            751   2.3e-10   39.3   0.4   1   3   0.00056      0.13   10.3   0.0   210   331   165   286   140   293 0.76 -
DkoeA00001540-RA     -            448 14862at7147          -            751   2.3e-10   39.3   0.4   2   3      0.16        38    2.2   0.0   496   536   277   322   274   326 0.75 -
DkoeA00001540-RA     -            448 14862at7147          -            751   2.3e-10   39.3   0.4   3   3   1.4e-08   3.4e-06   25.5   0.1   211   323   337   447   308   448 0.81 -
DkoeA00009352-RA     -            509 14862at7147          -            751     4e-09   35.2   0.3   1   4    0.0045       1.1    7.3   0.0   512   537   219   244   208   254 0.86 -
DkoeA00009352-RA     -            509 14862at7147          -            751     4e-09   35.2   0.3   2   4   3.8e-07   8.9e-05   20.8   0.1   454   545   276   387   264   397 0.76 -
DkoeA00009352-RA     -            509 14862at7147          -            751     4e-09   35.2   0.3   3   4   0.00033     0.078   11.1   0.0   213   333   352   475   350   482 0.58 -
DkoeA00009352-RA     -            509 14862at7147          -            751     4e-09   35.2   0.3   4   4      0.51   1.2e+02    0.5   0.0    84   276   471   507   439   508 0.45 -
DkoeA00010714-RA     -            315 14862at7147          -            751   7.4e-09   34.3   5.2   1   4       3.9   9.2e+02   -2.4   0.0   520   546     8    34     4    42 0.72 -
DkoeA00010714-RA     -            315 14862at7147          -            751   7.4e-09   34.3   5.2   2   4    0.0044       1.1    7.4   0.0   514   539    88   113    61   116 0.86 -
DkoeA00010714-RA     -            315 14862at7147          -            751   7.4e-09   34.3   5.2   3   4    0.0042         1    7.4   0.1   513   534   222   243   210   248 0.87 -
DkoeA00010714-RA     -            315 14862at7147          -            751   7.4e-09   34.3   5.2   4   4   6.6e-05     0.016   13.4   0.2   506   538   257   289   252   308 0.85 -
DkoeA00005616-RA     -            788 14862at7147          -            751   7.5e-09   34.3   0.1   1   3     1e-05    0.0025   16.1   0.0   173   296    20   146     8   152 0.78 -
DkoeA00005616-RA     -            788 14862at7147          -            751   7.5e-09   34.3   0.1   2   3     0.002      0.46    8.5   0.1   512   545   150   183   131   185 0.79 -
DkoeA00005616-RA     -            788 14862at7147          -            751   7.5e-09   34.3   0.1   3   3    0.0054       1.3    7.1   0.0   172   244   190   265   177   287 0.83 -
DkoeA00000794-RA     -            406 14862at7147          -            751   7.7e-09   34.3   0.8   1   4   6.8e-06    0.0016   16.7   0.2   506   563    13    79     7    92 0.65 -
DkoeA00000794-RA     -            406 14862at7147          -            751   7.7e-09   34.3   0.8   2   4     0.001      0.24    9.5   0.1   225   277    75   131    63   183 0.67 -
DkoeA00000794-RA     -            406 14862at7147          -            751   7.7e-09   34.3   0.8   3   4      0.33        79    1.2   0.0   512   545   150   183   143   207 0.79 -
DkoeA00000794-RA     -            406 14862at7147          -            751   7.7e-09   34.3   0.8   4   4      0.01       2.4    6.2   0.0   184   259   200   278   190   314 0.61 -
DkoeA00017874-RA     -            356 14862at7147          -            751   1.9e-08   33.0   1.3   1   3    0.0014      0.34    9.0   0.1   495   541    54   102    25   130 0.70 -
DkoeA00017874-RA     -            356 14862at7147          -            751   1.9e-08   33.0   1.3   2   3   2.3e-07   5.6e-05   21.5   0.0   174   326   113   272   103   285 0.75 -
DkoeA00017874-RA     -            356 14862at7147          -            751   1.9e-08   33.0   1.3   3   3      0.28        66    1.4   0.0   228   276   303   355   281   356 0.47 -
DkoeA00013248-RA     -            758 14862at7147          -            751     2e-08   32.9   0.1   1   3   7.3e-05     0.017   13.3   0.0   247   317   438   517   420   530 0.65 -
DkoeA00013248-RA     -            758 14862at7147          -            751     2e-08   32.9   0.1   2   3      0.76   1.8e+02   -0.0   0.0    90   277   546   575   539   628 0.61 -
DkoeA00013248-RA     -            758 14862at7147          -            751     2e-08   32.9   0.1   3   3   1.6e-05    0.0037   15.5   0.0   219   323   650   757   621   758 0.81 -
DkoeA00000219-RA     -            608 14862at7147          -            751   6.6e-08   31.2   2.3   1   4      0.62   1.5e+02    0.3   0.0    69   132    40   105    37   131 0.78 -
DkoeA00000219-RA     -            608 14862at7147          -            751   6.6e-08   31.2   2.3   2   4      0.31        74    1.3   0.0   514   545   202   233   190   236 0.89 -
DkoeA00000219-RA     -            608 14862at7147          -            751   6.6e-08   31.2   2.3   3   4    0.0075       1.8    6.6   0.0   513   548   245   280   236   313 0.83 -
DkoeA00000219-RA     -            608 14862at7147          -            751   6.6e-08   31.2   2.3   4   4   6.2e-06    0.0015   16.8   0.4    51   323   318   603   313   608 0.69 -
DkoeA00012833-RA     -            477 14862at7147          -            751   8.9e-08   30.7   2.0   1   2   5.3e-09   1.2e-06   27.0   0.4    79   274   153   359   152   365 0.75 -
DkoeA00012833-RA     -            477 14862at7147          -            751   8.9e-08   30.7   2.0   2   2       2.2   5.3e+02   -1.6   0.0   514   534   432   452   425   456 0.86 -
DkoeA00012782-RA     -            534 14862at7147          -            751   1.1e-07   30.5   0.4   1   2   0.00012     0.029   12.5   0.0   494   543   104   158   100   166 0.83 -
DkoeA00012782-RA     -            534 14862at7147          -            751   1.1e-07   30.5   0.4   2   2   1.6e-05    0.0038   15.4   0.0   222   326   177   280   168   291 0.81 -
DkoeA00017238-RA     -            784 14862at7147          -            751   1.1e-07   30.4   0.9   1   2   4.3e-08     1e-05   24.0   0.4   180   279   124   231    12   240 0.63 -
DkoeA00017238-RA     -            784 14862at7147          -            751   1.1e-07   30.4   0.9   2   2       3.2   7.7e+02   -2.1   0.0   294   320   288   314   282   333 0.86 -
DkoeA00011870-RA     -            328 14862at7147          -            751   4.3e-07   28.5   4.5   1   5      0.63   1.5e+02    0.2   0.0   514   537    81   104    68   107 0.82 -
DkoeA00011870-RA     -            328 14862at7147          -            751   4.3e-07   28.5   4.5   2   5   1.8e-05    0.0042   15.3   0.1   496   535   100   144    96   150 0.83 -
DkoeA00011870-RA     -            328 14862at7147          -            751   4.3e-07   28.5   4.5   3   5    0.0054       1.3    7.1   0.0   216   284   165   236   150   244 0.73 -
DkoeA00011870-RA     -            328 14862at7147          -            751   4.3e-07   28.5   4.5   4   5     0.029       6.9    4.7   0.0   513   546   250   282   243   312 0.83 -
DkoeA00011870-RA     -            328 14862at7147          -            751   4.3e-07   28.5   4.5   5   5       1.6   3.7e+02   -1.1   0.0   514   537   301   324   294   327 0.81 -
DkoeA00012046-RA     -            789 14862at7147          -            751   4.3e-07   28.5   0.1   1   2      0.18        43    2.0   0.1   248   323    63   136    29   150 0.57 -
DkoeA00012046-RA     -            789 14862at7147          -            751   4.3e-07   28.5   0.1   2   2   9.8e-08   2.3e-05   22.8   0.0    70   326   171   266   145   295 0.61 -
DkoeA00013386-RA     -            405 14862at7147          -            751   2.7e-06   25.9   0.0   1   3       2.9   6.9e+02   -1.9   0.0   516   538   183   205   175   230 0.72 -
DkoeA00013386-RA     -            405 14862at7147          -            751   2.7e-06   25.9   0.0   2   3   5.5e-08   1.3e-05   23.6   0.0   494   563   235   312   233   335 0.78 -
DkoeA00013386-RA     -            405 14862at7147          -            751   2.7e-06   25.9   0.0   3   3       6.4   1.5e+03   -3.1   0.0   515   538   341   364   326   377 0.75 -
DkoeA00006252-RA     -            954 14862at7147          -            751     3e-06   25.7   2.1   1   5      0.68   1.6e+02    0.1   0.0   513   568    61   119    44   123 0.81 -
DkoeA00006252-RA     -            954 14862at7147          -            751     3e-06   25.7   2.1   2   5    0.0011      0.27    9.3   0.0   494   545   373   429   365   437 0.80 -
DkoeA00006252-RA     -            954 14862at7147          -            751     3e-06   25.7   2.1   3   5      0.11        27    2.7   0.1   514   536   440   462   429   507 0.90 -
DkoeA00006252-RA     -            954 14862at7147          -            751     3e-06   25.7   2.1   4   5    0.0027      0.65    8.1   0.1   513   566   525   585   498   626 0.71 -
DkoeA00006252-RA     -            954 14862at7147          -            751     3e-06   25.7   2.1   5   5       2.2   5.1e+02   -1.5   0.0   515   564   633   682   612   687 0.86 -
DkoeA00009733-RA     -            456 14862at7147          -            751   3.3e-06   25.6   0.7   1   2   2.9e-08   6.9e-06   24.5   0.0   220   353   173   310   161   329 0.80 -
DkoeA00009733-RA     -            456 14862at7147          -            751   3.3e-06   25.6   0.7   2   2       3.7   8.7e+02   -2.3   0.7   512   535   430   453   426   454 0.90 -
DkoeA00006340-RA     -            342 14862at7147          -            751   4.5e-06   25.1   0.3   1   2   0.00024     0.057   11.6   0.0   492   537   154   203   148   226 0.86 -
DkoeA00006340-RA     -            342 14862at7147          -            751   4.5e-06   25.1   0.3   2   2   0.00025      0.06   11.5   0.1   484   538   240   295   228   339 0.84 -
DkoeA00013428-RA     -            331 14862at7147          -            751   6.3e-06   24.6   1.3   1   4      0.52   1.2e+02    0.5   0.0   293   328    12    46     6    52 0.76 -
DkoeA00013428-RA     -            331 14862at7147          -            751   6.3e-06   24.6   1.3   2   4      0.02       4.8    5.2   0.0   225   276    73   126    69   134 0.81 -
DkoeA00013428-RA     -            331 14862at7147          -            751   6.3e-06   24.6   1.3   3   4   2.7e-06   0.00065   18.0   0.2   224   325   112   219   101   265 0.81 -
DkoeA00013428-RA     -            331 14862at7147          -            751   6.3e-06   24.6   1.3   4   4      0.86     2e+02   -0.2   0.0   522   535   315   328   293   331 0.56 -
DkoeA00000326-RA     -            317 14862at7147          -            751   6.5e-06   24.6   9.1   1   5      0.65   1.5e+02    0.2   0.1   210   242    15    47     5    91 0.70 -
DkoeA00000326-RA     -            317 14862at7147          -            751   6.5e-06   24.6   9.1   2   5     0.061        14    3.6   0.1   513   543    70   100    55   103 0.81 -
DkoeA00000326-RA     -            317 14862at7147          -            751   6.5e-06   24.6   9.1   3   5   1.1e-05    0.0027   15.9   0.4   494   535    88   134    84   145 0.84 -
DkoeA00000326-RA     -            317 14862at7147          -            751   6.5e-06   24.6   9.1   4   5      0.61   1.4e+02    0.3   0.1   521   538   165   182   149   190 0.71 -
DkoeA00000326-RA     -            317 14862at7147          -            751   6.5e-06   24.6   9.1   5   5    0.0006      0.14   10.2   0.5   496   594   177   286   173   298 0.75 -
DkoeA00012002-RA     -            724 14862at7147          -            751   7.2e-06   24.4   0.1   1   4       2.2   5.2e+02   -1.5   0.0   514   538   386   410   364   425 0.60 -
DkoeA00012002-RA     -            724 14862at7147          -            751   7.2e-06   24.4   0.1   2   4     0.066        16    3.5   0.0   212   259   436   482   431   519 0.83 -
DkoeA00012002-RA     -            724 14862at7147          -            751   7.2e-06   24.4   0.1   3   4    0.0038      0.91    7.6   0.0    72   134   536   601   526   611 0.79 -
DkoeA00012002-RA     -            724 14862at7147          -            751   7.2e-06   24.4   0.1   4   4    0.0027      0.64    8.1   0.1   522   571   624   679   611   687 0.70 -
DkoeA00010127-RA     -            429 14862at7147          -            751   8.4e-06   24.2   0.4   1   2      0.81   1.9e+02   -0.1   0.0   520   538   194   212   177   222 0.84 -
DkoeA00010127-RA     -            429 14862at7147          -            751   8.4e-06   24.2   0.4   2   2     2e-07   4.7e-05   21.8   0.0   212   328   278   410   265   415 0.83 -
DkoeA00013411-RA     -            429 14862at7147          -            751   8.4e-06   24.2   0.4   1   2      0.81   1.9e+02   -0.1   0.0   520   538   194   212   177   222 0.84 -
DkoeA00013411-RA     -            429 14862at7147          -            751   8.4e-06   24.2   0.4   2   2     2e-07   4.7e-05   21.8   0.0   212   328   278   410   265   415 0.83 -
DkoeA00010153-RA     -            681 14862at7147          -            751     1e-05   23.9   0.0   1   2       4.7   1.1e+03   -2.6   0.0   516   538   450   472   445   502 0.69 -
DkoeA00010153-RA     -            681 14862at7147          -            751     1e-05   23.9   0.0   2   2   1.5e-07   3.4e-05   22.2   0.0   494   562   509   585   503   608 0.81 -
DkoeA00009750-RA     -            426 14862at7147          -            751   1.2e-05   23.7   0.0   1   2   1.7e-07     4e-05   22.0   0.0   222   355   140   277   132   295 0.82 -
DkoeA00009750-RA     -            426 14862at7147          -            751   1.2e-05   23.7   0.0   2   2       1.8   4.3e+02   -1.3   0.0   184   238   356   418   337   422 0.50 -
DkoeA00007918-RA     -            679 14862at7147          -            751   1.3e-05   23.6   1.5   1   3      0.86     2e+02   -0.2   0.0   448   478    34    64    20    82 0.53 -
DkoeA00007918-RA     -            679 14862at7147          -            751   1.3e-05   23.6   1.5   2   3     0.023       5.5    5.0   0.1   517   545    83   111    77   149 0.74 -
DkoeA00007918-RA     -            679 14862at7147          -            751   1.3e-05   23.6   1.5   3   3   3.6e-05    0.0085   14.3   0.1   216   290   214   289   168   320 0.59 -
DkoeA00011562-RA     -            682 14862at7147          -            751   1.4e-05   23.5   0.1   1   1   9.5e-08   2.3e-05   22.8   0.1   208   325    50   166    46   183 0.85 -
DkoeA00007539-RA     -            349 14862at7147          -            751   1.4e-05   23.5   0.4   1   2   1.5e-06   0.00036   18.8   0.1   211   276    72   141    62   151 0.86 -
DkoeA00007539-RA     -            349 14862at7147          -            751   1.4e-05   23.5   0.4   2   2      0.13        32    2.5   0.0   208   256   253   301   247   310 0.81 -
DkoeA00008583-RA     -            425 14862at7147          -            751   1.8e-05   23.2   0.2   1   4      0.17        40    2.1   0.0   507   536   107   136    98   140 0.85 -
DkoeA00008583-RA     -            425 14862at7147          -            751   1.8e-05   23.2   0.2   2   4     0.002      0.47    8.5   0.0   514   562   174   228   154   238 0.62 -
DkoeA00008583-RA     -            425 14862at7147          -            751   1.8e-05   23.2   0.2   3   4    0.0092       2.2    6.3   0.0   107   164   226   284   221   286 0.83 -
DkoeA00008583-RA     -            425 14862at7147          -            751   1.8e-05   23.2   0.2   4   4     0.012       2.8    6.0   0.0   252   323   256   327   251   352 0.72 -
DkoeA00000876-RA     -           1326 14862at7147          -            751     2e-05   22.9   7.5   1   3   0.00082       0.2    9.8   0.1   496   563   581   657   571   672 0.79 -
DkoeA00000876-RA     -           1326 14862at7147          -            751     2e-05   22.9   7.5   2   3    0.0016      0.38    8.8   0.1   508   545   677   719   662   743 0.70 -
DkoeA00000876-RA     -           1326 14862at7147          -            751     2e-05   22.9   7.5   3   3    0.0065       1.5    6.8   0.3   494   536   747   794   744   807 0.87 -
DkoeA00004871-RA     -            197 14862at7147          -            751   4.3e-05   21.9   0.2   1   3      0.13        31    2.5   0.0   522   542    12    32     2    41 0.75 -
DkoeA00004871-RA     -            197 14862at7147          -            751   4.3e-05   21.9   0.2   2   3     0.029       6.8    4.7   0.0   449   477    46    74    32    88 0.82 -
DkoeA00004871-RA     -            197 14862at7147          -            751   4.3e-05   21.9   0.2   3   3   0.00031     0.073   11.2   0.0   105   166    94   156    85   194 0.74 -
DkoeA00017918-RA     -            340 14862at7147          -            751   7.1e-05   21.2   0.5   1   3   0.00097      0.23    9.6   0.1   497   561    43   113    29   136 0.72 -
DkoeA00017918-RA     -            340 14862at7147          -            751   7.1e-05   21.2   0.5   2   3     0.026       6.1    4.8   0.0   497   539   169   216   165   245 0.77 -
DkoeA00017918-RA     -            340 14862at7147          -            751   7.1e-05   21.2   0.5   3   3      0.18        42    2.1   0.0   180   276   235   339   225   340 0.60 -
DkoeA00008449-RA     -            510 14862at7147          -            751   8.3e-05   20.9   0.3   1   2     0.031       7.5    4.6   0.0   222   276   194   252   165   260 0.79 -
DkoeA00008449-RA     -            510 14862at7147          -            751   8.3e-05   20.9   0.3   2   2   8.9e-05     0.021   13.0   0.2   225   323   315   412   304   436 0.77 -
DkoeA00001342-RA     -            748 14862at7147          -            751     9e-05   20.8   0.0   1   2   0.00029     0.069   11.3   0.0   213   332   501   618   488   625 0.82 -
DkoeA00001342-RA     -            748 14862at7147          -            751     9e-05   20.8   0.0   2   2    0.0048       1.1    7.3   0.0   212   470   626   694   619   739 0.66 -
DkoeA00007948-RA     -            328 14862at7147          -            751   9.4e-05   20.8   0.7   1   3      0.17        41    2.1   0.0   430   471    89   132    69   141 0.81 -
DkoeA00007948-RA     -            328 14862at7147          -            751   9.4e-05   20.8   0.7   2   3     0.022       5.2    5.1   0.2   512   538   151   177   140   206 0.79 -
DkoeA00007948-RA     -            328 14862at7147          -            751   9.4e-05   20.8   0.7   3   3   0.00045      0.11   10.7   0.0   227   326   202   299   190   307 0.75 -
DkoeA00017151-RA     -           1520 14862at7147          -            751   0.00014   20.2   0.0   1   3     0.028       6.7    4.7   0.0   217   284    25   101    12   117 0.65 -
DkoeA00017151-RA     -           1520 14862at7147          -            751   0.00014   20.2   0.0   2   3       1.8   4.2e+02   -1.2   0.0   224   246   569   591   529   611 0.65 -
DkoeA00017151-RA     -           1520 14862at7147          -            751   0.00014   20.2   0.0   3   3   0.00048      0.11   10.6   0.0   171   242  1390  1463  1382  1502 0.82 -
DkoeA00011413-RA     -            739 14862at7147          -            751   0.00015   20.0   1.3   1   4      0.29        69    1.4   0.0   232   327    87   186    75   198 0.64 -
DkoeA00011413-RA     -            739 14862at7147          -            751   0.00015   20.0   1.3   2   4     0.061        14    3.6   0.0   250   335   367   448   331   466 0.74 -
DkoeA00011413-RA     -            739 14862at7147          -            751   0.00015   20.0   1.3   3   4    0.0038      0.91    7.6   0.1   211   322   497   606   467   614 0.72 -
DkoeA00011413-RA     -            739 14862at7147          -            751   0.00015   20.0   1.3   4   4      0.19        45    2.0   0.1   512   540   627   655   624   656 0.92 -
DkoeA00007162-RA     -            689 14862at7147          -            751   0.00022   19.5   0.2   1   3    0.0019      0.46    8.6   0.0   157   242    10    98     7   111 0.68 -
DkoeA00007162-RA     -            689 14862at7147          -            751   0.00022   19.5   0.2   2   3    0.0062       1.5    6.9   0.0   176   242   114   183   108   202 0.73 -
DkoeA00007162-RA     -            689 14862at7147          -            751   0.00022   19.5   0.2   3   3       1.9   4.5e+02   -1.3   0.0   536   564   477   509   448   562 0.56 -
DkoeA00011465-RA     -            570 14862at7147          -            751   0.00047   18.5   9.6   1   3      0.01       2.4    6.2   0.2   501   546   312   362   296   396 0.59 -
DkoeA00011465-RA     -            570 14862at7147          -            751   0.00047   18.5   9.6   2   3   0.00025     0.058   11.5   0.9   498   563   395   470   386   490 0.73 -
DkoeA00011465-RA     -            570 14862at7147          -            751   0.00047   18.5   9.6   3   3     0.089        21    3.1   0.2   514   556   506   552   476   570 0.60 -
DkoeA00010013-RA     -            460 14862at7147          -            751   0.00059   18.1   0.8   1   3     0.086        20    3.1   0.0   204   243   154   194   144   224 0.80 -
DkoeA00010013-RA     -            460 14862at7147          -            751   0.00059   18.1   0.8   2   3      0.15        36    2.3   0.1   506   537   267   304   257   309 0.72 -
DkoeA00010013-RA     -            460 14862at7147          -            751   0.00059   18.1   0.8   3   3    0.0012      0.28    9.3   0.0   222   276   331   393   317   404 0.74 -
DkoeA00009685-RA     -           2408 14862at7147          -            751   0.00075   17.8   1.7   1   3       7.3   1.7e+03   -3.3   0.0   539   568    67    97    53   100 0.71 -
DkoeA00009685-RA     -           2408 14862at7147          -            751   0.00075   17.8   1.7   2   3    0.0022      0.52    8.4   0.0   225   321   479   580   471   619 0.78 -
DkoeA00009685-RA     -           2408 14862at7147          -            751   0.00075   17.8   1.7   3   3    0.0048       1.1    7.3   0.1   495   542   668   720   658   728 0.78 -
DkoeA00000777-RA     -           1075 14862at7147          -            751   0.00091   17.5   0.6   1   4       6.4   1.5e+03   -3.1   0.0    15    41   183   209   182   224 0.86 -
DkoeA00000777-RA     -           1075 14862at7147          -            751   0.00091   17.5   0.6   2   4     0.043        10    4.1   0.1   514   537   766   789   758   801 0.89 -
DkoeA00000777-RA     -           1075 14862at7147          -            751   0.00091   17.5   0.6   3   4      0.18        42    2.1   0.0   160   229   832   909   803   923 0.65 -
DkoeA00000777-RA     -           1075 14862at7147          -            751   0.00091   17.5   0.6   4   4    0.0068       1.6    6.7   0.0   232   323   953  1047   927  1057 0.64 -
DkoeA00006480-RA     -            458 14862at7147          -            751    0.0011   17.2   0.2   1   2     0.006       1.4    6.9   0.0   212   276   235   304   224   315 0.76 -
DkoeA00006480-RA     -            458 14862at7147          -            751    0.0011   17.2   0.2   2   2    0.0015      0.35    8.9   0.0   207   281   319   399   290   404 0.71 -
DkoeA00016118-RA     -           1235 14862at7147          -            751    0.0014   16.9   1.8   1   4      0.08        19    3.2   0.0   173   241   120   192   116   235 0.83 -
DkoeA00016118-RA     -           1235 14862at7147          -            751    0.0014   16.9   1.8   2   4      0.43     1e+02    0.8   0.0    88   125   415   454   385   464 0.78 -
DkoeA00016118-RA     -           1235 14862at7147          -            751    0.0014   16.9   1.8   3   4     0.002      0.48    8.5   0.1   445   498   565   616   528   624 0.77 -
DkoeA00016118-RA     -           1235 14862at7147          -            751    0.0014   16.9   1.8   4   4       1.8   4.3e+02   -1.3   0.0   440   471   792   823   769   826 0.87 -
DkoeA00008932-RA     -            478 14862at7147          -            751    0.0015   16.8   0.4   1   2   8.6e-05      0.02   13.0   0.1   209   322   213   324   183   337 0.70 -
DkoeA00008932-RA     -            478 14862at7147          -            751    0.0015   16.8   0.4   2   2      0.35        83    1.1   0.0   505   538   421   459   387   464 0.67 -
DkoeA00009444-RA     -           2275 14862at7147          -            751    0.0034   15.6   3.0   1   3      0.45   1.1e+02    0.7   0.0   503   536   207   245   195   257 0.64 -
DkoeA00009444-RA     -           2275 14862at7147          -            751    0.0034   15.6   3.0   2   3     0.015       3.5    5.7   0.1   213   283   261   338   254   346 0.79 -
DkoeA00009444-RA     -           2275 14862at7147          -            751    0.0034   15.6   3.0   3   3    0.0076       1.8    6.6   0.2   395   541   348   492   342   498 0.65 -
DkoeA00015631-RA     -            317 14862at7147          -            751    0.0042   15.3   0.3   1   2      0.09        21    3.0   0.0   497   538    94   140    76   144 0.76 -
DkoeA00015631-RA     -            317 14862at7147          -            751    0.0042   15.3   0.3   2   2    0.0037      0.89    7.6   0.1   512   536   246   270   218   310 0.86 -
DkoeA00014480-RA     -           1056 14862at7147          -            751    0.0071   14.5   0.0   1   1   4.5e-05     0.011   13.9   0.0   140   288   478   641   414   679 0.71 -
DkoeA00005676-RA     -           1266 14862at7147          -            751     0.013   13.7   0.0   1   3     0.015       3.7    5.6   0.0   506   538    73   111    32   118 0.67 -
DkoeA00005676-RA     -           1266 14862at7147          -            751     0.013   13.7   0.0   2   3       1.2   2.7e+02   -0.6   0.0   173   280   131   200   123   248 0.52 -
DkoeA00005676-RA     -           1266 14862at7147          -            751     0.013   13.7   0.0   3   3      0.04       9.5    4.2   0.0   225   278   900   965   887  1003 0.79 -
DkoeA00014728-RA     -            326 14862at7147          -            751     0.015   13.5   1.2   1   2     0.033       7.9    4.5   0.1   509   542    49    87    44   100 0.70 -
DkoeA00014728-RA     -            326 14862at7147          -            751     0.015   13.5   1.2   2   2     0.014       3.4    5.7   0.0   225   276   161   217   149   222 0.79 -
DkoeA00010930-RA     -            779 14862at7147          -            751     0.028   12.6   0.1   1   1   0.00042       0.1   10.8   0.0   213   283   478   551   433   560 0.75 -
DkoeA00007945-RA     -            506 14862at7147          -            751      0.05   11.7   0.0   1   2   0.00065      0.15   10.1   0.0   161   275   282   402   279   413 0.72 -
DkoeA00007945-RA     -            506 14862at7147          -            751      0.05   11.7   0.0   2   2       1.2   2.8e+02   -0.6   0.0   510   540   379   409   357   452 0.91 -
DkoeA00015815-RA     -           1029 14862at7147          -            751     0.069   11.3   0.0   1   2         1   2.4e+02   -0.4   0.0   517   568   700   755   681   765 0.68 -
DkoeA00015815-RA     -           1029 14862at7147          -            751     0.069   11.3   0.0   2   2    0.0018      0.42    8.7   0.0    75   276   802  1022   789  1025 0.65 -
DkoeA00000089-RA     -            488 14862at7147          -            751     0.075   11.2   0.0   1   1   0.00068      0.16   10.1   0.0   224   276    37    93    26   105 0.80 -
DkoeA00005259-RA     -           1068 14862at7147          -            751     0.075   11.2   0.0   1   2      0.02       4.8    5.2   0.0   172   250   202   285   191   318 0.65 -
DkoeA00005259-RA     -           1068 14862at7147          -            751     0.075   11.2   0.0   2   2     0.065        15    3.5   0.0   197   246   746   795   710   828 0.78 -
DkoeA00009627-RA     -            444 14862at7147          -            751     0.081   11.1   0.2   1   2     0.063        15    3.6   0.0   223   257   197   232   180   234 0.80 -
DkoeA00009627-RA     -            444 14862at7147          -            751     0.081   11.1   0.2   2   2     0.019       4.4    5.3   0.1   515   537   235   257   231   263 0.92 -
DkoeA00006790-RA     -            768 14862at7147          -            751     0.088   10.9   0.0   1   2       1.5   3.6e+02   -1.0   0.0   543   580    71   110    47   125 0.58 -
DkoeA00006790-RA     -            768 14862at7147          -            751     0.088   10.9   0.0   2   2    0.0017      0.41    8.7   0.0   514   585   142   221   108   240 0.68 -
DkoeA00004994-RA     -           1105 14862at7147          -            751     0.098   10.8   0.0   1   2     0.012       2.7    6.0   0.0   212   243   438   469   427   477 0.91 -
DkoeA00004994-RA     -           1105 14862at7147          -            751     0.098   10.8   0.0   2   2      0.14        34    2.4   0.0   207   258   534   585   516   595 0.74 -
DkoeA00009133-RA     -           1105 14862at7147          -            751     0.098   10.8   0.0   1   2     0.012       2.7    6.0   0.0   212   243   438   469   427   477 0.91 -
DkoeA00009133-RA     -           1105 14862at7147          -            751     0.098   10.8   0.0   2   2      0.14        34    2.4   0.0   207   258   534   585   516   595 0.74 -
DkoeA00013482-RA     -           1271 14862at7147          -            751      0.12   10.5   0.0   1   2    0.0011      0.26    9.4   0.0   206   243   615   652   611   680 0.89 -
DkoeA00013482-RA     -           1271 14862at7147          -            751      0.12   10.5   0.0   2   2       8.6     2e+03   -3.5   0.0   186   200   877   891   860   897 0.69 -
DkoeA00008829-RA     -            643 14862at7147          -            751      0.13   10.4   0.1   1   2     0.007       1.7    6.7   0.0   103   160   409   470   391   474 0.75 -
DkoeA00008829-RA     -            643 14862at7147          -            751      0.13   10.4   0.1   2   2       1.2   2.8e+02   -0.7   0.0   510   537   498   526   484   590 0.82 -
#
# Program:         hmmsearch
# Version:         3.1b2 (February 2015)
# Pipeline mode:   SEARCH
# Query file:      /home/nmoreyra/Documents/Genomics/03_orthologs_search/00_Phylogenomics_BUSCO-groups/busco4_odb10/busco_downloads/lineages/diptera_odb10/hmms/14862at7147.hmm
# Target file:     /home/nmoreyra/Documents/Genomics/03_orthologs_search/00_Phylogenomics_BUSCO-groups/busco4_odb10/../00_proteins/DkoeA_proteins.fasta
# Option settings: /home/nmoreyra/Software/miniconda3/envs/busco4/bin/hmmsearch --domtblout /home/nmoreyra/Documents/Genomics/03_orthologs_search/00_Phylogenomics_BUSCO-groups/busco4_odb10/DkoeA_diptera/run_diptera_odb10/hmmer_output/initial_run_results/14862at7147.out --cpu 1 /home/nmoreyra/Documents/Genomics/03_orthologs_search/00_Phylogenomics_BUSCO-groups/busco4_odb10/busco_downloads/lineages/diptera_odb10/hmms/14862at7147.hmm /home/nmoreyra/Documents/Genomics/03_orthologs_search/00_Phylogenomics_BUSCO-groups/busco4_odb10/../00_proteins/DkoeA_proteins.fasta 
# Current dir:     /home/nmoreyra/Documents/Genomics/03_orthologs_search/00_Phylogenomics_BUSCO-groups/busco4_odb10
# Date:            Mon Jan 25 13:54:29 2021
# [ok]
