#                                                                            --- full sequence --- -------------- this domain -------------   hmm coord   ali coord   env coord
# target name        accession   tlen query name           accession   qlen   E-value  score  bias   #  of  c-Evalue  i-Evalue  score  bias  from    to  from    to  from    to  acc description of target
#------------------- ---------- ----- -------------------- ---------- ----- --------- ------ ----- --- --- --------- --------- ------ ----- ----- ----- ----- ----- ----- ----- ---- ---------------------
DkoeA00016660-RA     -            799 15046at7147          -            413  1.3e-127  426.3  62.7   1   5   9.7e-33   5.9e-30  104.6   1.0     1   100    93   200    93   205 0.92 -
DkoeA00016660-RA     -            799 15046at7147          -            413  1.3e-127  426.3  62.7   2   5   1.9e-36   1.2e-33  116.8   0.2   100   201   220   333   215   345 0.88 -
DkoeA00016660-RA     -            799 15046at7147          -            413  1.3e-127  426.3  62.7   3   5   2.3e-18   1.4e-15   57.3   8.7   195   289   354   459   349   462 0.81 -
DkoeA00016660-RA     -            799 15046at7147          -            413  1.3e-127  426.3  62.7   4   5   2.9e-18   1.7e-15   57.0  21.9   255   311   461   519   456   558 0.80 -
DkoeA00016660-RA     -            799 15046at7147          -            413  1.3e-127  426.3  62.7   5   5   1.4e-34   8.5e-32  110.7   4.5   324   401   574   665   558   673 0.89 -
DkoeA00010817-RA     -           4782 15046at7147          -            413   4.9e-67  226.8  36.1   1   9     0.015       9.3    5.1   0.0    77   125   535   583   515   640 0.55 -
DkoeA00010817-RA     -           4782 15046at7147          -            413   4.9e-67  226.8  36.1   2   9   1.1e-09   6.6e-07   28.7   0.0   102   267   650   828   641   839 0.72 -
DkoeA00010817-RA     -           4782 15046at7147          -            413   4.9e-67  226.8  36.1   3   9   1.7e-13     1e-10   41.2   0.1    29   201   877  1073   866  1126 0.77 -
DkoeA00010817-RA     -           4782 15046at7147          -            413   4.9e-67  226.8  36.1   4   9   2.8e-15   1.7e-12   47.1   0.0     3   203  1589  1816  1586  1890 0.66 -
DkoeA00010817-RA     -           4782 15046at7147          -            413   4.9e-67  226.8  36.1   5   9   7.6e-08   4.6e-05   22.6   0.1   102   200  1979  2094  1926  2111 0.77 -
DkoeA00010817-RA     -           4782 15046at7147          -            413   4.9e-67  226.8  36.1   6   9   1.7e-10     1e-07   31.4   0.1    82   202  2317  2447  2303  2530 0.72 -
DkoeA00010817-RA     -           4782 15046at7147          -            413   4.9e-67  226.8  36.1   7   9   1.1e-18   6.5e-16   58.4   7.7    72   300  2610  2866  2534  2893 0.75 -
DkoeA00010817-RA     -           4782 15046at7147          -            413   4.9e-67  226.8  36.1   8   9   7.2e-13   4.4e-10   39.2   1.2    24   202  3378  3588  3354  3693 0.75 -
DkoeA00010817-RA     -           4782 15046at7147          -            413   4.9e-67  226.8  36.1   9   9   3.6e-16   2.2e-13   50.1   0.4    28   338  4255  4614  4254  4637 0.62 -
DkoeA00004905-RA     -           4618 15046at7147          -            413   3.4e-59  200.9 132.8   1  18   9.1e-05     0.055   12.5   0.1    99   266   319   497   299   507 0.63 -
DkoeA00004905-RA     -           4618 15046at7147          -            413   3.4e-59  200.9 132.8   2  18   4.6e-16   2.8e-13   49.7   0.0    65   267   602   833   573   870 0.75 -
DkoeA00004905-RA     -           4618 15046at7147          -            413   3.4e-59  200.9 132.8   3  18   6.7e-07   0.00041   19.5   0.0    97   175  1325  1409  1270  1415 0.85 -
DkoeA00004905-RA     -           4618 15046at7147          -            413   3.4e-59  200.9 132.8   4  18   6.6e-11     4e-08   32.7   0.1   115   201  1390  1486  1387  1502 0.80 -
DkoeA00004905-RA     -           4618 15046at7147          -            413   3.4e-59  200.9 132.8   5  18   1.6e-07    0.0001   21.5   0.1    65   183  1593  1734  1562  1756 0.66 -
DkoeA00004905-RA     -           4618 15046at7147          -            413   3.4e-59  200.9 132.8   6  18      0.72   4.4e+02   -0.4   0.2   137   267  1732  1861  1726  1870 0.56 -
DkoeA00004905-RA     -           4618 15046at7147          -            413   3.4e-59  200.9 132.8   7  18   2.6e-09   1.6e-06   27.5   0.1    32   265  1915  2174  1909  2211 0.72 -
DkoeA00004905-RA     -           4618 15046at7147          -            413   3.4e-59  200.9 132.8   8  18   5.4e-07   0.00032   19.8   0.2    13    98  2208  2294  2199  2297 0.81 -
DkoeA00004905-RA     -           4618 15046at7147          -            413   3.4e-59  200.9 132.8   9  18   1.5e-12   9.2e-10   38.1   3.2   100   286  2321  2522  2304  2546 0.73 -
DkoeA00004905-RA     -           4618 15046at7147          -            413   3.4e-59  200.9 132.8  10  18   9.7e-12   5.9e-09   35.5  10.4    24   287  3040  3340  3030  3380 0.70 -
DkoeA00004905-RA     -           4618 15046at7147          -            413   3.4e-59  200.9 132.8  11  18      0.69   4.2e+02   -0.3   0.0   132   157  3898  3923  3830  3952 0.73 -
DkoeA00004905-RA     -           4618 15046at7147          -            413   3.4e-59  200.9 132.8  12  18   7.1e-07   0.00043   19.4   0.1    71   191  3910  4043  3902  4057 0.67 -
DkoeA00004905-RA     -           4618 15046at7147          -            413   3.4e-59  200.9 132.8  13  18   1.1e-06   0.00066   18.8  14.9   253   289  4147  4183  4100  4186 0.80 -
DkoeA00004905-RA     -           4618 15046at7147          -            413   3.4e-59  200.9 132.8  14  18   5.7e-08   3.4e-05   23.0  15.8   259   315  4196  4255  4193  4263 0.83 -
DkoeA00004905-RA     -           4618 15046at7147          -            413   3.4e-59  200.9 132.8  15  18   2.7e-09   1.6e-06   27.4  11.4   253   290  4263  4300  4251  4303 0.85 -
DkoeA00004905-RA     -           4618 15046at7147          -            413   3.4e-59  200.9 132.8  16  18   1.1e-12   6.4e-10   38.6  17.4   255   314  4301  4361  4299  4374 0.87 -
DkoeA00004905-RA     -           4618 15046at7147          -            413   3.4e-59  200.9 132.8  17  18   1.4e-05    0.0087   15.1  17.1   241   308  4378  4451  4373  4456 0.85 -
DkoeA00004905-RA     -           4618 15046at7147          -            413   3.4e-59  200.9 132.8  18  18    0.0014      0.86    8.6   4.4   258   349  4436  4526  4435  4548 0.66 -
DkoeA00013914-RA     -           1671 15046at7147          -            413   3.7e-53  181.0  25.3   1   7   2.2e-14   1.4e-11   44.1   0.0    57   197   151   315   118   332 0.79 -
DkoeA00013914-RA     -           1671 15046at7147          -            413   3.7e-53  181.0  25.3   2   7   2.5e-10   1.5e-07   30.8   0.0    47   176   405   555   381   557 0.76 -
DkoeA00013914-RA     -           1671 15046at7147          -            413   3.7e-53  181.0  25.3   3   7   4.8e-18   2.9e-15   56.2   0.4    31   204   431   629   427   690 0.74 -
DkoeA00013914-RA     -           1671 15046at7147          -            413   3.7e-53  181.0  25.3   4   7   2.6e-09   1.6e-06   27.5   0.0    90   198   725   844   718   845 0.75 -
DkoeA00013914-RA     -           1671 15046at7147          -            413   3.7e-53  181.0  25.3   5   7   1.1e-11   6.7e-09   35.3   0.2   108   267   831   995   823  1004 0.75 -
DkoeA00013914-RA     -           1671 15046at7147          -            413   3.7e-53  181.0  25.3   6   7   3.2e-07   0.00019   20.6   0.1    69   171  1038  1158  1007  1167 0.79 -
DkoeA00013914-RA     -           1671 15046at7147          -            413   3.7e-53  181.0  25.3   7   7     0.011       6.7    5.6   6.1   100   179  1168  1246  1159  1401 0.83 -
DkoeA00006100-RA     -           2126 15046at7147          -            413   1.3e-50  172.6   1.7   1   7   7.7e-06    0.0046   16.0   0.0    97   184   758   854   743   868 0.72 -
DkoeA00006100-RA     -           2126 15046at7147          -            413   1.3e-50  172.6   1.7   2   7   3.2e-12   1.9e-09   37.0   0.0   113   200   865   957   861   964 0.83 -
DkoeA00006100-RA     -           2126 15046at7147          -            413   1.3e-50  172.6   1.7   3   7   2.7e-09   1.6e-06   27.4   0.0    98   199  1073  1185  1064  1188 0.76 -
DkoeA00006100-RA     -           2126 15046at7147          -            413   1.3e-50  172.6   1.7   4   7   1.1e-09   6.5e-07   28.7   0.0   113   202  1179  1272  1174  1331 0.81 -
DkoeA00006100-RA     -           2126 15046at7147          -            413   1.3e-50  172.6   1.7   5   7   4.5e-07   0.00027   20.1   0.0   103   192  1382  1482  1376  1484 0.64 -
DkoeA00006100-RA     -           2126 15046at7147          -            413   1.3e-50  172.6   1.7   6   7     2e-16   1.2e-13   50.9   0.0   100   278  1467  1648  1464  1652 0.78 -
DkoeA00006100-RA     -           2126 15046at7147          -            413   1.3e-50  172.6   1.7   7   7   5.2e-14   3.1e-11   42.9   0.2    34   353  1690  2034  1685  2044 0.66 -
DkoeA00005555-RA     -           2682 15046at7147          -            413   6.1e-30  104.6 473.5   1  21      0.34     2e+02    0.7  10.4   262   319     1    66     1    68 0.78 -
DkoeA00005555-RA     -           2682 15046at7147          -            413   6.1e-30  104.6 473.5   2  21   7.4e-05     0.045   12.8  16.0   259   317    81   143    77   148 0.81 -
DkoeA00005555-RA     -           2682 15046at7147          -            413   6.1e-30  104.6 473.5   3  21   2.2e-05     0.014   14.5  22.3   252   309   151   211   137   215 0.81 -
DkoeA00005555-RA     -           2682 15046at7147          -            413   6.1e-30  104.6 473.5   4  21   1.9e-05     0.012   14.7  19.2   258   315   195   255   188   266 0.83 -
DkoeA00005555-RA     -           2682 15046at7147          -            413   6.1e-30  104.6 473.5   5  21       1.1   6.5e+02   -0.9  18.4   249   309   266   327   250   340 0.78 -
DkoeA00005555-RA     -           2682 15046at7147          -            413   6.1e-30  104.6 473.5   6  21    0.0014      0.82    8.6  24.2   248   319   340   415   328   421 0.83 -
DkoeA00005555-RA     -           2682 15046at7147          -            413   6.1e-30  104.6 473.5   7  21   1.4e-06   0.00084   18.5  20.1   249   317   414   489   407   495 0.79 -
DkoeA00005555-RA     -           2682 15046at7147          -            413   6.1e-30  104.6 473.5   8  21    0.0071       4.3    6.3  23.3   249   317   496   564   485   570 0.86 -
DkoeA00005555-RA     -           2682 15046at7147          -            413   6.1e-30  104.6 473.5   9  21   0.00051      0.31   10.0  25.1   245   318   560   641   556   652 0.78 -
DkoeA00005555-RA     -           2682 15046at7147          -            413   6.1e-30  104.6 473.5  10  21   1.7e-05      0.01   14.9  23.1   254   317   651   716   635   723 0.82 -
DkoeA00005555-RA     -           2682 15046at7147          -            413   6.1e-30  104.6 473.5  11  21    0.0082         5    6.0  25.5   258   311   730   786   712   800 0.80 -
DkoeA00005555-RA     -           2682 15046at7147          -            413   6.1e-30  104.6 473.5  12  21      0.23   1.4e+02    1.3  22.4   234   320   750   835   746   841 0.72 -
DkoeA00005555-RA     -           2682 15046at7147          -            413   6.1e-30  104.6 473.5  13  21      0.17     1e+02    1.8  14.9   259   307   809   861   790   862 0.85 -
DkoeA00005555-RA     -           2682 15046at7147          -            413   6.1e-30  104.6 473.5  14  21    0.0002      0.12   11.3  23.4   253   317   842   909   827   921 0.80 -
DkoeA00005555-RA     -           2682 15046at7147          -            413   6.1e-30  104.6 473.5  15  21    0.0007      0.42    9.6  21.3   233   311   904   979   900   985 0.75 -
DkoeA00005555-RA     -           2682 15046at7147          -            413   6.1e-30  104.6 473.5  16  21   1.3e-07   7.7e-05   21.9  17.0   253   312   954  1018   954  1023 0.81 -
DkoeA00005555-RA     -           2682 15046at7147          -            413   6.1e-30  104.6 473.5  17  21   0.00018      0.11   11.5  15.1   259   322  1000  1066   999  1073 0.83 -
DkoeA00005555-RA     -           2682 15046at7147          -            413   6.1e-30  104.6 473.5  18  21   0.00067       0.4    9.6  28.5   232   314  1055  1143  1052  1154 0.77 -
DkoeA00005555-RA     -           2682 15046at7147          -            413   6.1e-30  104.6 473.5  19  21    0.0026       1.6    7.7  17.1   249   317  1153  1222  1138  1236 0.80 -
DkoeA00005555-RA     -           2682 15046at7147          -            413   6.1e-30  104.6 473.5  20  21    0.0011      0.67    8.9  26.6   257   317  1237  1300  1215  1308 0.79 -
DkoeA00005555-RA     -           2682 15046at7147          -            413   6.1e-30  104.6 473.5  21  21   6.2e-06    0.0037   16.3  14.5   240   310  1291  1370  1290  1376 0.79 -
DkoeA00009442-RA     -           2222 15046at7147          -            413   4.4e-21   75.4 369.5   1  17     0.052        32    3.4  13.8   269   309   208   249   193   262 0.78 -
DkoeA00009442-RA     -           2222 15046at7147          -            413   4.4e-21   75.4 369.5   2  17   5.7e-05     0.034   13.2  26.0   255   317   270   340   248   348 0.76 -
DkoeA00009442-RA     -           2222 15046at7147          -            413   4.4e-21   75.4 369.5   3  17         5     3e+03   -3.1  14.3   254   286   351   386   335   389 0.71 -
DkoeA00009442-RA     -           2222 15046at7147          -            413   4.4e-21   75.4 369.5   4  17   0.00053      0.32   10.0  24.9   252   317   387   454   375   474 0.80 -
DkoeA00009442-RA     -           2222 15046at7147          -            413   4.4e-21   75.4 369.5   5  17    0.0024       1.4    7.8  12.3   274   310   626   660   621   669 0.84 -
DkoeA00009442-RA     -           2222 15046at7147          -            413   4.4e-21   75.4 369.5   6  17   3.7e-06    0.0023   17.1  21.9   255   318   744   810   731   821 0.82 -
DkoeA00009442-RA     -           2222 15046at7147          -            413   4.4e-21   75.4 369.5   7  17    0.0059       3.6    6.5  14.7   232   308   803   877   801   879 0.81 -
DkoeA00009442-RA     -           2222 15046at7147          -            413   4.4e-21   75.4 369.5   8  17    0.0008      0.49    9.4  23.5   256   326   859   938   851   948 0.74 -
DkoeA00009442-RA     -           2222 15046at7147          -            413   4.4e-21   75.4 369.5   9  17    0.0017         1    8.3  18.9   258   321   964  1030   955  1035 0.84 -
DkoeA00009442-RA     -           2222 15046at7147          -            413   4.4e-21   75.4 369.5  10  17   0.00016     0.097   11.7  15.4   249   312  1028  1102  1021  1114 0.73 -
DkoeA00009442-RA     -           2222 15046at7147          -            413   4.4e-21   75.4 369.5  11  17    0.0037       2.3    7.2   1.2   273   318  1287  1333  1266  1365 0.70 -
DkoeA00009442-RA     -           2222 15046at7147          -            413   4.4e-21   75.4 369.5  12  17     0.021        13    4.7   7.2   257   305  1577  1627  1549  1652 0.65 -
DkoeA00009442-RA     -           2222 15046at7147          -            413   4.4e-21   75.4 369.5  13  17       3.1   1.9e+03   -2.4  14.1   248   286  1840  1885  1830  1889 0.59 -
DkoeA00009442-RA     -           2222 15046at7147          -            413   4.4e-21   75.4 369.5  14  17   0.00021      0.13   11.3  26.4   244   321  1878  1958  1871  1963 0.78 -
DkoeA00009442-RA     -           2222 15046at7147          -            413   4.4e-21   75.4 369.5  15  17   1.9e-05     0.011   14.7  18.5   232   307  1949  2024  1946  2025 0.86 -
DkoeA00009442-RA     -           2222 15046at7147          -            413   4.4e-21   75.4 369.5  16  17     2e-05     0.012   14.7  16.9   258   313  2010  2069  2006  2079 0.79 -
DkoeA00009442-RA     -           2222 15046at7147          -            413   4.4e-21   75.4 369.5  17  17   2.7e-08   1.6e-05   24.1  14.1   231   345  2066  2182  2064  2194 0.76 -
DkoeA00017669-RA     -           1964 15046at7147          -            413   4.1e-19   68.9   5.1   1   5   8.3e-18   5.1e-15   55.4   2.7    17   202   395   604   379   678 0.79 -
DkoeA00017669-RA     -           1964 15046at7147          -            413   4.1e-19   68.9   5.1   2   5   1.9e-07   0.00011   21.3   0.0    20   101   704   789   689   793 0.77 -
DkoeA00017669-RA     -           1964 15046at7147          -            413   4.1e-19   68.9   5.1   3   5     0.092        56    2.6   0.0   138   202   852   916   821   925 0.72 -
DkoeA00017669-RA     -           1964 15046at7147          -            413   4.1e-19   68.9   5.1   4   5   0.00034      0.21   10.6   0.0    28    97  1568  1645  1542  1652 0.79 -
DkoeA00017669-RA     -           1964 15046at7147          -            413   4.1e-19   68.9   5.1   5   5       3.4   2.1e+03   -2.6   0.1   271   308  1730  1763  1727  1824 0.44 -
DkoeA00006809-RA     -           1354 15046at7147          -            413   6.7e-13   48.4   2.7   1   2       3.6   2.2e+03   -2.7  14.1   258   306   978  1032   961  1059 0.74 -
DkoeA00006809-RA     -           1354 15046at7147          -            413   6.7e-13   48.4   2.7   2   2   1.1e-15   6.7e-13   48.4   2.7    35   268  1078  1340  1078  1350 0.80 -
DkoeA00001498-RA     -            859 15046at7147          -            413   2.3e-11   43.4 119.4   1   8      0.19   1.2e+02    1.5  17.0   255   309   210   260   184   263 0.68 -
DkoeA00001498-RA     -            859 15046at7147          -            413   2.3e-11   43.4 119.4   2   8      0.49     3e+02    0.2  29.5   238   319   219   301   205   303 0.81 -
DkoeA00001498-RA     -            859 15046at7147          -            413   2.3e-11   43.4 119.4   3   8   0.00089      0.54    9.2  29.9   232   313   244   335   241   344 0.80 -
DkoeA00001498-RA     -            859 15046at7147          -            413   2.3e-11   43.4 119.4   4   8   0.00048      0.29   10.1  19.2   255   317   312   381   310   390 0.77 -
DkoeA00001498-RA     -            859 15046at7147          -            413   2.3e-11   43.4 119.4   5   8      0.03        18    4.2  24.1   249   317   348   422   333   428 0.76 -
DkoeA00001498-RA     -            859 15046at7147          -            413   2.3e-11   43.4 119.4   6   8   0.00038      0.23   10.4  25.1   239   310   382   450   372   459 0.75 -
DkoeA00001498-RA     -            859 15046at7147          -            413   2.3e-11   43.4 119.4   7   8   1.5e-05    0.0089   15.1  22.1   257   317   432   495   421   506 0.81 -
DkoeA00001498-RA     -            859 15046at7147          -            413   2.3e-11   43.4 119.4   8   8   4.8e-09   2.9e-06   26.6  14.0   254   360   505   623   487   631 0.71 -
DkoeA00005419-RA     -           1907 15046at7147          -            413   5.4e-09   35.6 128.9   1   7     0.018        11    4.9  13.1   267   311     3    50     2    62 0.81 -
DkoeA00005419-RA     -           1907 15046at7147          -            413   5.4e-09   35.6 128.9   2   7    0.0054       3.3    6.7  22.6   253   319    66   137    50   147 0.77 -
DkoeA00005419-RA     -           1907 15046at7147          -            413   5.4e-09   35.6 128.9   3   7   1.7e-06     0.001   18.2  15.8   253   320   143   215   132   234 0.75 -
DkoeA00005419-RA     -           1907 15046at7147          -            413   5.4e-09   35.6 128.9   4   7    0.0095       5.7    5.8   0.9   279   309   759   789   731   807 0.85 -
DkoeA00005419-RA     -           1907 15046at7147          -            413   5.4e-09   35.6 128.9   5   7   5.2e-06    0.0032   16.6   6.4   257   312  1027  1084   995  1124 0.71 -
DkoeA00005419-RA     -           1907 15046at7147          -            413   5.4e-09   35.6 128.9   6   7      0.14        86    2.0  17.3   253   313  1293  1360  1274  1368 0.76 -
DkoeA00005419-RA     -           1907 15046at7147          -            413   5.4e-09   35.6 128.9   7   7   0.00062      0.37    9.7  15.2   234   311  1607  1683  1592  1694 0.79 -
DkoeA00005674-RA     -            408 15046at7147          -            413   5.6e-08   32.2  17.5   1   1   1.6e-10   9.8e-08   31.4  17.5   243   320   251   326   231   346 0.83 -
DkoeA00005097-RA     -           3516 15046at7147          -            413     1e-06   28.1 210.9   1  10    0.0004      0.24   10.4  22.4   257   312  1970  2028  1926  2042 0.81 -
DkoeA00005097-RA     -           3516 15046at7147          -            413     1e-06   28.1 210.9   2  10    0.0028       1.7    7.6  18.8   257   317  2048  2114  2034  2116 0.80 -
DkoeA00005097-RA     -           3516 15046at7147          -            413     1e-06   28.1 210.9   3  10    0.0086       5.2    6.0  15.4   259   317  2129  2189  2119  2198 0.83 -
DkoeA00005097-RA     -           3516 15046at7147          -            413     1e-06   28.1 210.9   4  10    0.0021       1.3    8.0  15.5   258   307  2165  2217  2153  2217 0.84 -
DkoeA00005097-RA     -           3516 15046at7147          -            413     1e-06   28.1 210.9   5  10    0.0041       2.5    7.0  21.0   254   313  2200  2261  2183  2273 0.77 -
DkoeA00005097-RA     -           3516 15046at7147          -            413     1e-06   28.1 210.9   6  10     1e-05    0.0063   15.6  17.0   256   323  2279  2349  2263  2355 0.84 -
DkoeA00005097-RA     -           3516 15046at7147          -            413     1e-06   28.1 210.9   7  10      0.36   2.2e+02    0.6  18.6   260   313  2360  2416  2351  2427 0.82 -
DkoeA00005097-RA     -           3516 15046at7147          -            413     1e-06   28.1 210.9   8  10   0.00018      0.11   11.5  11.9   242   337  2413  2518  2410  2529 0.67 -
DkoeA00005097-RA     -           3516 15046at7147          -            413     1e-06   28.1 210.9   9  10       1.1   6.5e+02   -0.9   0.1   235   273  2688  2724  2657  2729 0.73 -
DkoeA00005097-RA     -           3516 15046at7147          -            413     1e-06   28.1 210.9  10  10   3.1e-07   0.00019   20.6  16.5   231   334  3286  3393  3251  3414 0.69 -
DkoeA00013975-RA     -           1487 15046at7147          -            413   3.6e-06   26.3  81.9   1   5   5.7e-06    0.0034   16.5  20.5   256   309   933   990   901   997 0.75 -
DkoeA00013975-RA     -           1487 15046at7147          -            413   3.6e-06   26.3  81.9   2   5    0.0001     0.063   12.3  19.9   246   307   998  1068   992  1070 0.82 -
DkoeA00013975-RA     -           1487 15046at7147          -            413   3.6e-06   26.3  81.9   3   5   8.5e-06    0.0052   15.9  21.1   255   323  1053  1122  1046  1132 0.81 -
DkoeA00013975-RA     -           1487 15046at7147          -            413   3.6e-06   26.3  81.9   4   5     0.016       9.5    5.1   1.2   259   288  1142  1171  1124  1183 0.78 -
DkoeA00013975-RA     -           1487 15046at7147          -            413   3.6e-06   26.3  81.9   5   5       1.2   7.2e+02   -1.1   3.5   234   307  1364  1399  1347  1417 0.59 -
DkoeA00011512-RA     -           1436 15046at7147          -            413   6.7e-06   25.4 149.8   1   7     0.016        10    5.0   9.1   257   291   377   414   364   428 0.75 -
DkoeA00011512-RA     -           1436 15046at7147          -            413   6.7e-06   25.4 149.8   2   7   6.5e-06    0.0039   16.3   2.8   259   327   499   570   494   599 0.71 -
DkoeA00011512-RA     -           1436 15046at7147          -            413   6.7e-06   25.4 149.8   3   7   0.00063      0.38    9.7  17.9   254   317   617   682   603   690 0.83 -
DkoeA00011512-RA     -           1436 15046at7147          -            413   6.7e-06   25.4 149.8   4   7   0.00026      0.16   11.0  15.5   253   330   689   770   676   788 0.74 -
DkoeA00011512-RA     -           1436 15046at7147          -            413   6.7e-06   25.4 149.8   5   7    0.0053       3.2    6.7  20.8   258   313   808   866   790   878 0.83 -
DkoeA00011512-RA     -           1436 15046at7147          -            413   6.7e-06   25.4 149.8   6   7    0.0029       1.7    7.5  16.6   257   316   887   949   870   956 0.83 -
DkoeA00011512-RA     -           1436 15046at7147          -            413   6.7e-06   25.4 149.8   7   7     0.095        57    2.5   0.8   253   284   957   992   948  1000 0.75 -
DkoeA00005673-RA     -            133 15046at7147          -            413   2.7e-05   23.4  27.0   1   2   4.4e-08   2.7e-05   23.4  27.0   245   309    34    96    24   103 0.81 -
DkoeA00005673-RA     -            133 15046at7147          -            413   2.7e-05   23.4  27.0   2   2       3.1   1.9e+03   -2.4  10.3   245   270   101   126    96   130 0.86 -
DkoeA00009263-RA     -            217 15046at7147          -            413   5.2e-05   22.5   0.9   1   1   1.1e-07   6.8e-05   22.1   0.9   271   350    64   148    51   158 0.70 -
DkoeA00014809-RA     -           1859 15046at7147          -            413   9.5e-05   21.6   1.1   1   4      0.01         6    5.8   6.3   274   312  1021  1060  1001  1065 0.69 -
DkoeA00014809-RA     -           1859 15046at7147          -            413   9.5e-05   21.6   1.1   2   4     0.021        13    4.7   2.7   269   308  1267  1306  1260  1319 0.88 -
DkoeA00014809-RA     -           1859 15046at7147          -            413   9.5e-05   21.6   1.1   3   4     0.011       6.6    5.6   3.9   272   318  1542  1591  1516  1610 0.69 -
DkoeA00014809-RA     -           1859 15046at7147          -            413   9.5e-05   21.6   1.1   4   4   1.6e-07   9.5e-05   21.6   1.1   262   350  1613  1703  1607  1710 0.79 -
DkoeA00008345-RA     -            228 15046at7147          -            413    0.0001   21.4   4.3   1   1   2.4e-07   0.00014   21.0   4.3   266   350    68   157    57   196 0.64 -
DkoeA00008361-RA     -            324 15046at7147          -            413   0.00091   18.3   0.1   1   1   2.4e-06    0.0015   17.7   0.1   276   353   217   305   209   317 0.57 -
DkoeA00014327-RA     -           1034 15046at7147          -            413    0.0044   16.1  18.9   1   7      0.12        71    2.2  36.4   229   322    88   193    71   195 0.77 -
DkoeA00014327-RA     -           1034 15046at7147          -            413    0.0044   16.1  18.9   2   7     0.093        57    2.6  30.0   245   320   194   277   187   279 0.75 -
DkoeA00014327-RA     -           1034 15046at7147          -            413    0.0044   16.1  18.9   3   7     0.013       7.6    5.4  32.1   241   321   272   364   268   367 0.72 -
DkoeA00014327-RA     -           1034 15046at7147          -            413    0.0044   16.1  18.9   4   7       3.1   1.9e+03   -2.5  27.2   244   319   367   450   364   454 0.79 -
DkoeA00014327-RA     -           1034 15046at7147          -            413    0.0044   16.1  18.9   5   7         9   5.4e+03   -4.0  27.3   252   319   418   493   410   496 0.71 -
DkoeA00014327-RA     -           1034 15046at7147          -            413    0.0044   16.1  18.9   6   7      0.59   3.6e+02   -0.1  23.2   239   319   618   712   616   715 0.73 -
DkoeA00014327-RA     -           1034 15046at7147          -            413    0.0044   16.1  18.9   7   7   7.2e-06    0.0044   16.1  18.9   243   351   714   830   706   847 0.75 -
DkoeA00004602-RA     -           1370 15046at7147          -            413    0.0059   15.7   1.1   1   3       2.5   1.5e+03   -2.1   3.6   239   275    50    94    39   122 0.58 -
DkoeA00004602-RA     -           1370 15046at7147          -            413    0.0059   15.7   1.1   2   3      0.94   5.7e+02   -0.7   1.4   275   306   361   394   353   404 0.72 -
DkoeA00004602-RA     -           1370 15046at7147          -            413    0.0059   15.7   1.1   3   3   9.7e-06    0.0059   15.7   1.1   262   311   569   619   550   629 0.87 -
DkoeA00009689-RA     -           1334 15046at7147          -            413    0.0063   15.6  90.0   1   5       0.9   5.4e+02   -0.7  17.2   223   287   847   910   836   917 0.85 -
DkoeA00009689-RA     -           1334 15046at7147          -            413    0.0063   15.6  90.0   2   5   2.6e-05     0.016   14.3  15.3   258   316   921   982   913   988 0.83 -
DkoeA00009689-RA     -           1334 15046at7147          -            413    0.0063   15.6  90.0   3   5   0.00031      0.19   10.7  27.2   250   317   986  1058   976  1065 0.78 -
DkoeA00009689-RA     -           1334 15046at7147          -            413    0.0063   15.6  90.0   4   5   5.8e-05     0.035   13.1  14.8   256   315  1032  1094  1029  1097 0.83 -
DkoeA00009689-RA     -           1334 15046at7147          -            413    0.0063   15.6  90.0   5   5      0.17     1e+02    1.7  15.6   255   309  1068  1130  1050  1148 0.74 -
DkoeA00014813-RA     -           1783 15046at7147          -            413     0.014   14.4  32.7   1   3    0.0032         2    7.4   9.1   258   312   960  1014   955  1019 0.81 -
DkoeA00014813-RA     -           1783 15046at7147          -            413     0.014   14.4  32.7   2   3     0.019        11    4.9   2.3   269   310  1221  1262  1215  1274 0.83 -
DkoeA00014813-RA     -           1783 15046at7147          -            413     0.014   14.4  32.7   3   3   4.5e-05     0.027   13.5   5.7   269   350  1492  1572  1464  1594 0.60 -
DkoeA00015772-RA     -           3137 15046at7147          -            413      0.16   11.0 111.9   1   8     0.021        13    4.7  19.3   250   308   927   979   915   986 0.82 -
DkoeA00015772-RA     -           3137 15046at7147          -            413      0.16   11.0 111.9   2   8     0.007       4.2    6.3  25.0   244   321   983  1059   978  1065 0.79 -
DkoeA00015772-RA     -           3137 15046at7147          -            413      0.16   11.0 111.9   3   8   0.00017       0.1   11.6  12.8   248   307  1022  1082  1017  1085 0.80 -
DkoeA00015772-RA     -           3137 15046at7147          -            413      0.16   11.0 111.9   4   8     0.075        46    2.9  19.8   254   308  1065  1114  1051  1117 0.87 -
DkoeA00015772-RA     -           3137 15046at7147          -            413      0.16   11.0 111.9   5   8     0.093        56    2.6  16.0   244   287  1085  1128  1083  1130 0.92 -
DkoeA00015772-RA     -           3137 15046at7147          -            413      0.16   11.0 111.9   6   8   9.8e-06    0.0059   15.7  22.6   243   313  1115  1186  1113  1201 0.83 -
DkoeA00015772-RA     -           3137 15046at7147          -            413      0.16   11.0 111.9   7   8       1.5   8.8e+02   -1.4   0.0    50    96  1601  1649  1585  1654 0.76 -
DkoeA00015772-RA     -           3137 15046at7147          -            413      0.16   11.0 111.9   8   8       3.1   1.9e+03   -2.4   0.5    17    81  2499  2563  2485  2565 0.79 -
DkoeA00017930-RA     -            534 15046at7147          -            413      0.22   10.5  87.6   1   4     0.064        38    3.1  18.2   251   309    72   128    52   140 0.83 -
DkoeA00017930-RA     -            534 15046at7147          -            413      0.22   10.5  87.6   2   4       3.5   2.1e+03   -2.6  22.6   253   311   134   194   132   205 0.80 -
DkoeA00017930-RA     -            534 15046at7147          -            413      0.22   10.5  87.6   3   4      0.01       6.3    5.7  20.5   253   308   198   255   191   260 0.82 -
DkoeA00017930-RA     -            534 15046at7147          -            413      0.22   10.5  87.6   4   4   0.00014     0.082   11.9  15.0   253   311   262   332   255   340 0.72 -
DkoeA00007246-RA     -            257 15046at7147          -            413       2.9    6.8  27.9   1   3   8.2e-05      0.05   12.6  17.0   268   322    69   120    55   124 0.88 -
DkoeA00007246-RA     -            257 15046at7147          -            413       2.9    6.8  27.9   2   3       1.3   7.7e+02   -1.2   6.6   246   276   114   145   107   154 0.69 -
DkoeA00007246-RA     -            257 15046at7147          -            413       2.9    6.8  27.9   3   3      0.65   3.9e+02   -0.2   0.1    38    93   185   238   163   244 0.55 -
DkoeA00004894-RA     -           1517 15046at7147          -            413       3.2    6.7  10.2   1   2   0.00019      0.11   11.4   3.6   271   310  1101  1139  1060  1145 0.92 -
DkoeA00004894-RA     -           1517 15046at7147          -            413       3.2    6.7  10.2   2   2         4   2.4e+03   -2.8   0.5   324   346  1339  1361  1320  1367 0.60 -
DkoeA00014407-RA     -           5196 15046at7147          -            413       9.9    5.1  47.8   1   2     0.011       6.6    5.6  17.9   258   309  4029  4083  4025  4098 0.83 -
DkoeA00014407-RA     -           5196 15046at7147          -            413       9.9    5.1  47.8   2   2     3e-06    0.0018   17.4   8.6   259   310  4109  4163  4097  4170 0.88 -
#
# Program:         hmmsearch
# Version:         3.1b2 (February 2015)
# Pipeline mode:   SEARCH
# Query file:      /home/nmoreyra/Documents/Genomics/03_orthologs_search/00_Phylogenomics_BUSCO-groups/busco4_odb10/busco_downloads/lineages/diptera_odb10/hmms/15046at7147.hmm
# Target file:     /home/nmoreyra/Documents/Genomics/03_orthologs_search/00_Phylogenomics_BUSCO-groups/busco4_odb10/../00_proteins/DkoeA_proteins.fasta
# Option settings: /home/nmoreyra/Software/miniconda3/envs/busco4/bin/hmmsearch --domtblout /home/nmoreyra/Documents/Genomics/03_orthologs_search/00_Phylogenomics_BUSCO-groups/busco4_odb10/DkoeA_diptera/run_diptera_odb10/hmmer_output/initial_run_results/15046at7147.out --cpu 1 /home/nmoreyra/Documents/Genomics/03_orthologs_search/00_Phylogenomics_BUSCO-groups/busco4_odb10/busco_downloads/lineages/diptera_odb10/hmms/15046at7147.hmm /home/nmoreyra/Documents/Genomics/03_orthologs_search/00_Phylogenomics_BUSCO-groups/busco4_odb10/../00_proteins/DkoeA_proteins.fasta 
# Current dir:     /home/nmoreyra/Documents/Genomics/03_orthologs_search/00_Phylogenomics_BUSCO-groups/busco4_odb10
# Date:            Mon Jan 25 13:54:49 2021
# [ok]
