#                                                                            --- full sequence --- -------------- this domain -------------   hmm coord   ali coord   env coord
# target name        accession   tlen query name           accession   qlen   E-value  score  bias   #  of  c-Evalue  i-Evalue  score  bias  from    to  from    to  from    to  acc description of target
#------------------- ---------- ----- -------------------- ---------- ----- --------- ------ ----- --- --- --------- --------- ------ ----- ----- ----- ----- ----- ----- ----- ---- ---------------------
DkoeA00014794-RA     -            735 15349at7147          -            408    5e-205  681.1   0.0   1   2  1.7e-184  2.2e-181  603.2   0.0     7   358   246   640   241   645 0.92 -
DkoeA00014794-RA     -            735 15349at7147          -            408    5e-205  681.1   0.0   2   2   2.6e-24   3.5e-21   75.6   0.2   359   408   682   734   678   734 0.95 -
DkoeA00012769-RA     -            637 15349at7147          -            408   6.8e-13   48.3   0.3   1   1   2.7e-15   3.6e-12   45.9   0.3    19   355   223   575   208   586 0.70 -
DkoeA00003986-RA     -            384 15349at7147          -            408   1.3e-10   40.8   0.0   1   2    0.0028       3.8    6.3   0.0    18    62     3    50     1    57 0.85 -
DkoeA00003986-RA     -            384 15349at7147          -            408   1.3e-10   40.8   0.0   2   2   3.2e-11   4.4e-08   32.5   0.0   108   288    80   279    64   285 0.76 -
DkoeA00015931-RA     -            913 15349at7147          -            408     1e-08   34.6   0.0   1   2   0.00072      0.97    8.3   0.0    22    64   511   556   505   561 0.88 -
DkoeA00015931-RA     -            913 15349at7147          -            408     1e-08   34.6   0.0   2   2   1.3e-08   1.8e-05   23.9   0.0   119   333   596   830   569   839 0.77 -
DkoeA00016301-RA     -            850 15349at7147          -            408     5e-05   22.4   0.0   1   1   6.4e-08   8.7e-05   21.6   0.0   101   296    79   296    66   306 0.75 -
DkoeA00003387-RA     -            316 15349at7147          -            408   0.00044   19.3   0.0   1   1   5.2e-07   0.00071   18.6   0.0   128   288   105   288    84   297 0.68 -
DkoeA00002652-RA     -            401 15349at7147          -            408   0.00053   19.0   0.1   1   2       1.5   2.1e+03   -2.7   0.0   171   193     4    24     2    34 0.63 -
DkoeA00002652-RA     -            401 15349at7147          -            408   0.00053   19.0   0.1   2   2   2.6e-06    0.0036   16.3   0.1   102   318    70   323    45   337 0.66 -
DkoeA00002686-RA     -            316 15349at7147          -            408    0.0016   17.4   0.0   1   1   2.7e-06    0.0037   16.2   0.0   127   289   103   289    84   297 0.62 -
DkoeA00015102-RA     -            319 15349at7147          -            408     0.002   17.1   0.3   1   2       1.6   2.1e+03   -2.7   0.1    17    35     4    22     2    32 0.70 -
DkoeA00015102-RA     -            319 15349at7147          -            408     0.002   17.1   0.3   2   2   1.1e-05     0.014   14.3   0.0   112   273    86   267    81   297 0.58 -
DkoeA00014838-RA     -           1016 15349at7147          -            408    0.0041   16.1   0.0   1   1   5.7e-06    0.0077   15.2   0.0   112   288   667   860   653   864 0.67 -
DkoeA00012229-RA     -            480 15349at7147          -            408     0.025   13.5   0.0   1   3     0.031        41    2.9   0.0    19    53     4    38     1    47 0.86 -
DkoeA00012229-RA     -            480 15349at7147          -            408     0.025   13.5   0.0   2   3    0.0046       6.2    5.6   0.0   122   192    90   165    53   185 0.72 -
DkoeA00012229-RA     -            480 15349at7147          -            408     0.025   13.5   0.0   3   3      0.11   1.4e+02    1.1   0.0   249   289   297   341   271   382 0.76 -
DkoeA00018116-RA     -            485 15349at7147          -            408     0.092   11.7   0.0   1   1   0.00012      0.17   10.8   0.0   101   213   102   213    98   234 0.78 -
DkoeA00003571-RA     -            435 15349at7147          -            408      0.15   11.0   0.0   1   2      0.94   1.3e+03   -2.0   0.0   171   190     4    23     2    47 0.85 -
DkoeA00003571-RA     -            435 15349at7147          -            408      0.15   11.0   0.0   2   2   0.00047      0.63    8.9   0.0   167   207   166   205    99   213 0.83 -
#
# Program:         hmmsearch
# Version:         3.1b2 (February 2015)
# Pipeline mode:   SEARCH
# Query file:      /home/nmoreyra/Documents/Genomics/03_orthologs_search/00_Phylogenomics_BUSCO-groups/busco4_odb10/busco_downloads/lineages/diptera_odb10/hmms/15349at7147.hmm
# Target file:     /home/nmoreyra/Documents/Genomics/03_orthologs_search/00_Phylogenomics_BUSCO-groups/busco4_odb10/../00_proteins/DkoeA_proteins.fasta
# Option settings: /home/nmoreyra/Software/miniconda3/envs/busco4/bin/hmmsearch --domtblout /home/nmoreyra/Documents/Genomics/03_orthologs_search/00_Phylogenomics_BUSCO-groups/busco4_odb10/DkoeA_diptera/run_diptera_odb10/hmmer_output/initial_run_results/15349at7147.out --cpu 1 /home/nmoreyra/Documents/Genomics/03_orthologs_search/00_Phylogenomics_BUSCO-groups/busco4_odb10/busco_downloads/lineages/diptera_odb10/hmms/15349at7147.hmm /home/nmoreyra/Documents/Genomics/03_orthologs_search/00_Phylogenomics_BUSCO-groups/busco4_odb10/../00_proteins/DkoeA_proteins.fasta 
# Current dir:     /home/nmoreyra/Documents/Genomics/03_orthologs_search/00_Phylogenomics_BUSCO-groups/busco4_odb10
# Date:            Mon Jan 25 13:55:42 2021
# [ok]
