#                                                                            --- full sequence --- -------------- this domain -------------   hmm coord   ali coord   env coord
# target name        accession   tlen query name           accession   qlen   E-value  score  bias   #  of  c-Evalue  i-Evalue  score  bias  from    to  from    to  from    to  acc description of target
#------------------- ---------- ----- -------------------- ---------- ----- --------- ------ ----- --- --- --------- --------- ------ ----- ----- ----- ----- ----- ----- ----- ---- ---------------------
DkoeA00010106-RA     -           1012 15355at7147          -            505  1.4e-226  752.8   8.7   1   3     2e-21   2.7e-18   65.7   0.0    42   107   411   489   397   497 0.86 -
DkoeA00010106-RA     -           1012 15355at7147          -            505  1.4e-226  752.8   8.7   2   3  7.7e-153    1e-149  499.3   0.6   106   368   525   802   523   810 0.95 -
DkoeA00010106-RA     -           1012 15355at7147          -            505  1.4e-226  752.8   8.7   3   3   1.5e-59     2e-56  191.5   0.5   359   505   829  1011   805  1011 0.84 -
DkoeA00001187-RA     -           1829 15355at7147          -            505  1.6e-194  647.1  18.4   1   3   1.3e-66   1.7e-63  214.9   1.2    80   482   225   660   197   682 0.78 -
DkoeA00001187-RA     -           1829 15355at7147          -            505  1.6e-194  647.1  18.4   2   3   1.7e-69   2.3e-66  224.3   1.3   104   501   814  1250   790  1316 0.85 -
DkoeA00001187-RA     -           1829 15355at7147          -            505  1.6e-194  647.1  18.4   3   3   2.1e-67   2.9e-64  217.4   1.5   104   504  1389  1827  1345  1828 0.80 -
DkoeA00007409-RA     -           1375 15355at7147          -            505  2.2e-132  442.1   9.8   1   2   1.6e-69   2.1e-66  224.5   0.9    89   505   142   607   127   607 0.78 -
DkoeA00007409-RA     -           1375 15355at7147          -            505  2.2e-132  442.1   9.8   2   2   1.3e-68   1.8e-65  221.4   2.2    87   505   841  1308   808  1308 0.78 -
DkoeA00010257-RA     -           1046 15355at7147          -            505   7.2e-94  315.1   8.4   1   3   3.9e-54   5.2e-51  173.7   0.7   105   482   223   642   194   659 0.85 -
DkoeA00010257-RA     -           1046 15355at7147          -            505   7.2e-94  315.1   8.4   2   3      0.81   1.1e+03   -2.2   0.0   413   483   648   715   638   721 0.66 -
DkoeA00010257-RA     -           1046 15355at7147          -            505   7.2e-94  315.1   8.4   3   3   4.3e-45   5.8e-42  143.8   1.0   104   340   786  1038   777  1044 0.91 -
DkoeA00010259-RA     -           1017 15355at7147          -            505   1.9e-91  307.1  13.3   1   2   3.8e-36   5.1e-33  114.3   2.2   107   409   129   452   124   486 0.81 -
DkoeA00010259-RA     -           1017 15355at7147          -            505   1.9e-91  307.1  13.3   2   2   1.9e-61   2.6e-58  197.8   3.6   106   504   552   996   539   997 0.80 -
DkoeA00010258-RA     -           1268 15355at7147          -            505   4.9e-83  279.3  18.5   1   3         1   1.4e+03   -2.5   0.0    15    40    46    71    41    85 0.83 -
DkoeA00010258-RA     -           1268 15355at7147          -            505   4.9e-83  279.3  18.5   2   3   4.1e-48   5.5e-45  153.8   5.3   105   485   188   594   151   607 0.81 -
DkoeA00010258-RA     -           1268 15355at7147          -            505   4.9e-83  279.3  18.5   3   3   1.2e-41   1.6e-38  132.5   2.7   103   497   829  1259   812  1266 0.80 -
DkoeA00014430-RA     -            717 15355at7147          -            505   1.5e-66  225.0   6.9   1   2     0.071        96    1.3   0.1    53    78   161   186   107   218 0.77 -
DkoeA00014430-RA     -            717 15355at7147          -            505   1.5e-66  225.0   6.9   2   2     2e-68   2.7e-65  220.8   3.8   103   505   264   716   174   716 0.80 -
DkoeA00007408-RA     -            693 15355at7147          -            505   2.7e-66  224.1   3.6   1   1   4.2e-69   5.7e-66  223.0   3.6    83   505   210   679   158   679 0.82 -
DkoeA00001151-RA     -            599 15355at7147          -            505   6.7e-56  189.8   8.6   1   1   1.6e-58   2.1e-55  188.2   8.6   106   502   143   591   134   594 0.81 -
DkoeA00010260-RA     -            734 15355at7147          -            505   2.7e-49  168.0   3.1   1   2      0.57   7.7e+02   -1.7   0.0    28    72   164   207   150   223 0.77 -
DkoeA00010260-RA     -            734 15355at7147          -            505   2.7e-49  168.0   3.1   2   2   4.4e-52     6e-49  166.9   1.8    81   504   245   710   223   711 0.80 -
DkoeA00014305-RA     -            624 15355at7147          -            505   4.8e-48  163.9   0.7   1   1   7.2e-51   9.7e-48  162.9   0.7    95   489   171   609   141   624 0.78 -
DkoeA00005164-RA     -           2313 15355at7147          -            505     0.038   12.5   0.2   1   2   9.9e-05      0.13   10.7   0.0   235   289   381   435   347   442 0.88 -
DkoeA00005164-RA     -           2313 15355at7147          -            505     0.038   12.5   0.2   2   2       1.3   1.7e+03   -2.9   0.1   230   326  1050  1147  1048  1167 0.86 -
DkoeA00007461-RA     -            560 15355at7147          -            505      0.19   10.2   0.0   1   1   0.00022       0.3    9.5   0.0   271   305   257   291   251   299 0.93 -
#
# Program:         hmmsearch
# Version:         3.1b2 (February 2015)
# Pipeline mode:   SEARCH
# Query file:      /home/nmoreyra/Documents/Genomics/03_orthologs_search/00_Phylogenomics_BUSCO-groups/busco4_odb10/busco_downloads/lineages/diptera_odb10/hmms/15355at7147.hmm
# Target file:     /home/nmoreyra/Documents/Genomics/03_orthologs_search/00_Phylogenomics_BUSCO-groups/busco4_odb10/../00_proteins/DkoeA_proteins.fasta
# Option settings: /home/nmoreyra/Software/miniconda3/envs/busco4/bin/hmmsearch --domtblout /home/nmoreyra/Documents/Genomics/03_orthologs_search/00_Phylogenomics_BUSCO-groups/busco4_odb10/DkoeA_diptera/run_diptera_odb10/hmmer_output/initial_run_results/15355at7147.out --cpu 1 /home/nmoreyra/Documents/Genomics/03_orthologs_search/00_Phylogenomics_BUSCO-groups/busco4_odb10/busco_downloads/lineages/diptera_odb10/hmms/15355at7147.hmm /home/nmoreyra/Documents/Genomics/03_orthologs_search/00_Phylogenomics_BUSCO-groups/busco4_odb10/../00_proteins/DkoeA_proteins.fasta 
# Current dir:     /home/nmoreyra/Documents/Genomics/03_orthologs_search/00_Phylogenomics_BUSCO-groups/busco4_odb10
# Date:            Mon Jan 25 13:55:43 2021
# [ok]
