#                                                                            --- full sequence --- -------------- this domain -------------   hmm coord   ali coord   env coord
# target name        accession   tlen query name           accession   qlen   E-value  score  bias   #  of  c-Evalue  i-Evalue  score  bias  from    to  from    to  from    to  acc description of target
#------------------- ---------- ----- -------------------- ---------- ----- --------- ------ ----- --- --- --------- --------- ------ ----- ----- ----- ----- ----- ----- ----- ---- ---------------------
DkoeA00005736-RA     -            762 17191at7147          -            498  1.2e-273  908.4   2.8   1   1  4.6e-276  1.8e-273  907.8   2.8     1   498    45   581    45   581 0.96 -
DkoeA00012883-RA     -            794 17191at7147          -            498   2.6e-28   99.2   0.2   1   2   4.9e-30     2e-27   96.3   0.2     8   194   318   514   312   523 0.90 -
DkoeA00012883-RA     -            794 17191at7147          -            498   2.6e-28   99.2   0.2   2   2      0.59   2.4e+02    0.4   0.0   183   213   528   558   523   571 0.88 -
DkoeA00012471-RA     -            889 17191at7147          -            498   2.2e-19   69.7   1.7   1   1   8.1e-22   3.2e-19   69.2   1.7     2   155   700   857   699   874 0.90 -
DkoeA00014203-RA     -            740 17191at7147          -            498   2.5e-19   69.5   0.8   1   1   8.6e-22   3.4e-19   69.1   0.8    15   220    56   267    42   317 0.85 -
DkoeA00013365-RA     -           1531 17191at7147          -            498   6.8e-19   68.1   3.7   1   1   2.4e-21   9.6e-19   67.6   3.7     5   181   143   323   139   350 0.88 -
DkoeA00007479-RA     -            380 17191at7147          -            498   2.6e-18   66.2   0.1   1   2     4e-05     0.016   14.1   0.0     3    70    26    95    24   118 0.82 -
DkoeA00007479-RA     -            380 17191at7147          -            498   2.6e-18   66.2   0.1   2   2   4.2e-16   1.7e-13   50.3   0.1    61   185   138   267   125   311 0.86 -
DkoeA00000534-RA     -            621 17191at7147          -            498   1.1e-17   64.1   1.7   1   1   3.7e-20   1.5e-17   63.7   1.7     7   200    64   264    59   288 0.85 -
DkoeA00005836-RA     -            590 17191at7147          -            498   3.6e-17   62.4   3.1   1   1   1.2e-19   4.7e-17   62.0   3.1     6   166    15   180    10   232 0.92 -
DkoeA00006004-RA     -            971 17191at7147          -            498   5.2e-17   61.9   7.4   1   3   5.9e-05     0.024   13.5   0.1     4    58   557   613   555   626 0.90 -
DkoeA00006004-RA     -            971 17191at7147          -            498   5.2e-17   61.9   7.4   2   3    0.0001      0.04   12.8   1.7    62   165   647   760   623   769 0.83 -
DkoeA00006004-RA     -            971 17191at7147          -            498   5.2e-17   61.9   7.4   3   3   3.4e-12   1.4e-09   37.4   0.0    13   164   793   952   781   966 0.83 -
DkoeA00007490-RA     -            406 17191at7147          -            498   1.6e-16   60.3   1.9   1   1     5e-19     2e-16   60.0   1.9     6   145    27   172    22   199 0.83 -
DkoeA00016147-RA     -            619 17191at7147          -            498   3.2e-16   59.3   1.9   1   2   1.2e-11   4.9e-09   35.6   0.4     3   121    18   157    16   174 0.79 -
DkoeA00016147-RA     -            619 17191at7147          -            498   3.2e-16   59.3   1.9   2   2   4.5e-07   0.00018   20.5   0.0   129   184   259   314   223   324 0.87 -
DkoeA00000768-RA     -            752 17191at7147          -            498   3.3e-16   59.2   3.4   1   3   2.5e-05      0.01   14.8   0.0     3    47   260   304   258   317 0.91 -
DkoeA00000768-RA     -            752 17191at7147          -            498   3.3e-16   59.2   3.4   2   3      0.12        46    2.7   0.0    58   103   408   454   379   461 0.73 -
DkoeA00000768-RA     -            752 17191at7147          -            498   3.3e-16   59.2   3.4   3   3     4e-13   1.6e-10   40.5   0.8     2   157   474   647   473   656 0.74 -
DkoeA00008239-RA     -            623 17191at7147          -            498   2.1e-15   56.6   2.8   1   1   7.8e-18   3.1e-15   56.0   2.8     5   202    67   273    64   302 0.87 -
DkoeA00010389-RA     -            212 17191at7147          -            498   8.4e-15   54.6   0.2   1   1   2.6e-17     1e-14   54.3   0.2     3   153    39   194    37   209 0.83 -
DkoeA00010390-RA     -            209 17191at7147          -            498   1.1e-14   54.3   0.1   1   1   3.1e-17   1.2e-14   54.1   0.1     3   139    37   178    35   204 0.85 -
DkoeA00010749-RA     -            655 17191at7147          -            498   1.1e-14   54.2   0.9   1   1   3.8e-17   1.5e-14   53.8   0.9     7   219    67   287    61   302 0.82 -
DkoeA00008826-RA     -            701 17191at7147          -            498   4.8e-14   52.1   0.0   1   1   1.8e-16   7.1e-14   51.6   0.0    10   177    22   198    15   254 0.90 -
DkoeA00007850-RA     -           1188 17191at7147          -            498   3.2e-12   46.1   7.9   1   3    0.0018      0.72    8.6   0.0    14    81   553   621   540   634 0.84 -
DkoeA00007850-RA     -           1188 17191at7147          -            498   3.2e-12   46.1   7.9   2   3   7.3e-13   2.9e-10   39.6   2.7    17   247   689   923   676   934 0.71 -
DkoeA00007850-RA     -           1188 17191at7147          -            498   3.2e-12   46.1   7.9   3   3       8.2   3.3e+03   -3.4   0.1   445   458   950   963   947   967 0.66 -
DkoeA00000289-RA     -           1607 17191at7147          -            498   9.3e-12   44.6   0.8   1   1   3.4e-14   1.4e-11   44.0   0.8    12   154  1409  1560  1404  1568 0.83 -
DkoeA00016678-RA     -            588 17191at7147          -            498   3.3e-11   42.8   3.0   1   1   1.4e-13   5.7e-11   42.0   3.0     5   194   128   331   124   353 0.79 -
DkoeA00006200-RA     -            846 17191at7147          -            498   7.6e-09   35.0   0.0   1   1   2.7e-11   1.1e-08   34.4   0.0    10   112   128   232   120   237 0.82 -
DkoeA00008749-RA     -           1155 17191at7147          -            498     1e-08   34.6   0.7   1   3       0.4   1.6e+02    0.9   0.0    12    49   595   639   584   651 0.75 -
DkoeA00008749-RA     -           1155 17191at7147          -            498     1e-08   34.6   0.7   2   3   7.1e-10   2.8e-07   29.8   0.2    54   187   773   913   767   919 0.80 -
DkoeA00008749-RA     -           1155 17191at7147          -            498     1e-08   34.6   0.7   3   3       1.1   4.4e+02   -0.5   0.0   185   220   939   974   928   984 0.80 -
DkoeA00017486-RA     -           1006 17191at7147          -            498   3.2e-08   32.9   0.0   1   3   2.9e-08   1.1e-05   24.5   0.0     3    86   137   225   135   255 0.80 -
DkoeA00017486-RA     -           1006 17191at7147          -            498   3.2e-08   32.9   0.0   2   3     0.078        31    3.3   0.0    27    47   286   306   276   351 0.90 -
DkoeA00017486-RA     -           1006 17191at7147          -            498   3.2e-08   32.9   0.0   3   3      0.44   1.8e+02    0.8   0.1   136   180   442   486   433   496 0.85 -
DkoeA00010306-RA     -            749 17191at7147          -            498   8.3e-08   31.5   0.2   1   1     3e-10   1.2e-07   31.0   0.2    11   174    67   240    58   297 0.78 -
DkoeA00008581-RA     -            663 17191at7147          -            498   8.9e-08   31.4   0.0   1   1   3.2e-10   1.3e-07   30.9   0.0     7    94    23   112    17   123 0.83 -
DkoeA00004961-RA     -           2105 17191at7147          -            498   1.1e-07   31.2   0.0   1   1   4.5e-10   1.8e-07   30.4   0.0     2   160  1202  1372  1201  1401 0.79 -
DkoeA00000415-RA     -            221 17191at7147          -            498   5.2e-07   28.9   0.7   1   1   1.8e-09   7.1e-07   28.5   0.5    12    96     8    94     3   163 0.71 -
DkoeA00013488-RA     -            127 17191at7147          -            498   1.1e-06   27.9   0.0   1   1   3.2e-09   1.3e-06   27.6   0.0     7   103    23   121    17   126 0.76 -
DkoeA00007220-RA     -            636 17191at7147          -            498   1.9e-06   27.0   0.0   1   1   7.7e-09   3.1e-06   26.4   0.0     5    91   202   290   198   300 0.77 -
DkoeA00018175-RA     -            571 17191at7147          -            498     2e-06   27.0   0.0   1   1   6.9e-09   2.7e-06   26.5   0.0     7   109   168   272   162   284 0.75 -
DkoeA00000220-RA     -            654 17191at7147          -            498   7.7e-06   25.0   0.0   1   1   2.9e-08   1.1e-05   24.5   0.0    10   100    67   160    59   176 0.82 -
DkoeA00016694-RA     -            544 17191at7147          -            498   9.9e-06   24.7   0.3   1   1   3.1e-08   1.2e-05   24.4   0.3     7    98    22   115    16   257 0.90 -
DkoeA00011713-RA     -            517 17191at7147          -            498   2.1e-05   23.6   0.0   1   1     7e-08   2.8e-05   23.2   0.0     8    94    81   169    75   220 0.76 -
DkoeA00010683-RA     -            617 17191at7147          -            498   3.5e-05   22.9   0.0   1   1   1.3e-07   5.1e-05   22.3   0.0     7    98    23   117    18   154 0.77 -
DkoeA00011380-RA     -            799 17191at7147          -            498   3.6e-05   22.8   0.0   1   1   1.3e-07   5.3e-05   22.3   0.0     8    94    22   110    16   127 0.75 -
DkoeA00016692-RA     -            703 17191at7147          -            498     5e-05   22.4   0.0   1   1   1.8e-07     7e-05   21.9   0.0     6    86    20   102    15   118 0.77 -
DkoeA00007222-RA     -            583 17191at7147          -            498   5.5e-05   22.2   0.0   1   1   1.8e-07   7.2e-05   21.8   0.0     7    92   142   229   136   261 0.74 -
DkoeA00006770-RA     -            115 17191at7147          -            498   9.8e-05   21.4   0.0   1   1   2.9e-07   0.00012   21.2   0.0     7    84    25   104    19   113 0.80 -
DkoeA00006771-RA     -            757 17191at7147          -            498   0.00029   19.9   0.1   1   1     1e-06   0.00042   19.3   0.1     9    96    24   113    17   122 0.80 -
DkoeA00000414-RA     -            968 17191at7147          -            498   0.00077   18.5   0.2   1   2   6.2e-06    0.0025   16.8   0.0     8    75   670   740   663   754 0.85 -
DkoeA00000414-RA     -            968 17191at7147          -            498   0.00077   18.5   0.2   2   2       2.3     9e+02   -1.6   0.0    75   117   780   822   760   848 0.79 -
DkoeA00010962-RA     -            613 17191at7147          -            498    0.0054   15.6   0.0   1   1   1.9e-05    0.0074   15.2   0.0     6    98    21   116    16   132 0.78 -
DkoeA00006353-RA     -            619 17191at7147          -            498    0.0063   15.4   0.0   1   1   2.2e-05    0.0088   15.0   0.0    14    79    30    99    19   134 0.75 -
DkoeA00012462-RA     -            756 17191at7147          -            498      0.02   13.8   0.0   1   1     7e-05     0.028   13.3   0.0     6    82    19    96    14   116 0.76 -
DkoeA00008455-RA     -           1046 17191at7147          -            498     0.028   13.3   0.0   1   1   0.00011     0.045   12.6   0.0     7    81    20    95    15   123 0.81 -
#
# Program:         hmmsearch
# Version:         3.1b2 (February 2015)
# Pipeline mode:   SEARCH
# Query file:      /home/nmoreyra/Documents/Genomics/03_orthologs_search/00_Phylogenomics_BUSCO-groups/busco4_odb10/busco_downloads/lineages/diptera_odb10/hmms/17191at7147.hmm
# Target file:     /home/nmoreyra/Documents/Genomics/03_orthologs_search/00_Phylogenomics_BUSCO-groups/busco4_odb10/../00_proteins/DkoeA_proteins.fasta
# Option settings: /home/nmoreyra/Software/miniconda3/envs/busco4/bin/hmmsearch --domtblout /home/nmoreyra/Documents/Genomics/03_orthologs_search/00_Phylogenomics_BUSCO-groups/busco4_odb10/DkoeA_diptera/run_diptera_odb10/hmmer_output/initial_run_results/17191at7147.out --cpu 1 /home/nmoreyra/Documents/Genomics/03_orthologs_search/00_Phylogenomics_BUSCO-groups/busco4_odb10/busco_downloads/lineages/diptera_odb10/hmms/17191at7147.hmm /home/nmoreyra/Documents/Genomics/03_orthologs_search/00_Phylogenomics_BUSCO-groups/busco4_odb10/../00_proteins/DkoeA_proteins.fasta 
# Current dir:     /home/nmoreyra/Documents/Genomics/03_orthologs_search/00_Phylogenomics_BUSCO-groups/busco4_odb10
# Date:            Mon Jan 25 13:51:32 2021
# [ok]
