#                                                                            --- full sequence --- -------------- this domain -------------   hmm coord   ali coord   env coord
# target name        accession   tlen query name           accession   qlen   E-value  score  bias   #  of  c-Evalue  i-Evalue  score  bias  from    to  from    to  from    to  acc description of target
#------------------- ---------- ----- -------------------- ---------- ----- --------- ------ ----- --- --- --------- --------- ------ ----- ----- ----- ----- ----- ----- ----- ---- ---------------------
DkoeA00004637-RA     -           1066 18759at7147          -            604         0 1044.2   8.4   1   1         0         0 1043.7   8.4     3   604   370  1064   368  1064 0.92 -
DkoeA00011242-RA     -            365 18759at7147          -            604   5.7e-32  110.8   7.6   1   2   1.2e-08   5.4e-05   21.7   0.9   357   404    44    92    34   101 0.81 -
DkoeA00011242-RA     -            365 18759at7147          -            604   5.7e-32  110.8   7.6   2   2   8.3e-30   3.6e-26   91.7   0.9   405   604   117   348   112   348 0.72 -
DkoeA00013588-RA     -            468 18759at7147          -            604   1.6e-06   26.8   7.8   1   2   3.7e-10   1.6e-06   26.8   7.8    70   272    72   267    46   321 0.61 -
DkoeA00013588-RA     -            468 18759at7147          -            604   1.6e-06   26.8   7.8   2   2    0.0057        25    3.0   2.6   379   446   349   420   336   438 0.75 -
DkoeA00015043-RA     -            463 18759at7147          -            604   0.00011   20.7  19.2   1   2   3.7e-07    0.0016   16.8   6.5   103   273   108   258    94   265 0.71 -
DkoeA00015043-RA     -            463 18759at7147          -            604   0.00011   20.7  19.2   2   2   0.00056       2.5    6.3   4.7   350   455   310   426   300   445 0.60 -
#
# Program:         hmmsearch
# Version:         3.1b2 (February 2015)
# Pipeline mode:   SEARCH
# Query file:      /home/nmoreyra/Documents/Genomics/03_orthologs_search/00_Phylogenomics_BUSCO-groups/busco4_odb10/busco_downloads/lineages/diptera_odb10/hmms/18759at7147.hmm
# Target file:     /home/nmoreyra/Documents/Genomics/03_orthologs_search/00_Phylogenomics_BUSCO-groups/busco4_odb10/../00_proteins/DkoeA_proteins.fasta
# Option settings: /home/nmoreyra/Software/miniconda3/envs/busco4/bin/hmmsearch --domtblout /home/nmoreyra/Documents/Genomics/03_orthologs_search/00_Phylogenomics_BUSCO-groups/busco4_odb10/DkoeA_diptera/run_diptera_odb10/hmmer_output/initial_run_results/18759at7147.out --cpu 1 /home/nmoreyra/Documents/Genomics/03_orthologs_search/00_Phylogenomics_BUSCO-groups/busco4_odb10/busco_downloads/lineages/diptera_odb10/hmms/18759at7147.hmm /home/nmoreyra/Documents/Genomics/03_orthologs_search/00_Phylogenomics_BUSCO-groups/busco4_odb10/../00_proteins/DkoeA_proteins.fasta 
# Current dir:     /home/nmoreyra/Documents/Genomics/03_orthologs_search/00_Phylogenomics_BUSCO-groups/busco4_odb10
# Date:            Mon Jan 25 13:54:25 2021
# [ok]
