#                                                                            --- full sequence --- -------------- this domain -------------   hmm coord   ali coord   env coord
# target name        accession   tlen query name           accession   qlen   E-value  score  bias   #  of  c-Evalue  i-Evalue  score  bias  from    to  from    to  from    to  acc description of target
#------------------- ---------- ----- -------------------- ---------- ----- --------- ------ ----- --- --- --------- --------- ------ ----- ----- ----- ----- ----- ----- ----- ---- ---------------------
DkoeA00006210-RA     -            699 19016at7147          -            444  3.9e-243  807.0   8.8   1   2  5.4e-161  4.7e-158  526.6   0.8     1   281     3   318     3   329 0.92 -
DkoeA00006210-RA     -            699 19016at7147          -            444  3.9e-243  807.0   8.8   2   2   4.7e-86   4.1e-83  279.6   1.7   278   438   371   562   366   577 0.84 -
DkoeA00013491-RA     -            522 19016at7147          -            444     9e-63  212.6   2.1   1   2   5.5e-51   4.8e-48  164.0   0.2     8   264    78   355    72   368 0.87 -
DkoeA00013491-RA     -            522 19016at7147          -            444     9e-63  212.6   2.1   2   2   7.6e-16   6.7e-13   48.2   0.1   304   377   424   494   401   501 0.84 -
DkoeA00013272-RA     -           1782 19016at7147          -            444   5.5e-09   35.3   4.1   1   7    0.0076       6.6    5.4   0.0    28    60   232   264   224   296 0.73 -
DkoeA00013272-RA     -           1782 19016at7147          -            444   5.5e-09   35.3   4.1   2   7      0.38   3.3e+02   -0.2   0.0    29    80   334   388   309   395 0.73 -
DkoeA00013272-RA     -           1782 19016at7147          -            444   5.5e-09   35.3   4.1   3   7         6   5.3e+03   -4.2   0.0    34    55   562   583   559   590 0.86 -
DkoeA00013272-RA     -           1782 19016at7147          -            444   5.5e-09   35.3   4.1   4   7    0.0016       1.4    7.6   0.0    17    99   670   754   661   781 0.83 -
DkoeA00013272-RA     -           1782 19016at7147          -            444   5.5e-09   35.3   4.1   5   7       0.6   5.2e+02   -0.9   0.0     6    85   786   874   779   889 0.66 -
DkoeA00013272-RA     -           1782 19016at7147          -            444   5.5e-09   35.3   4.1   6   7     0.007       6.2    5.5   0.0    34    91   890   949   879   970 0.80 -
DkoeA00013272-RA     -           1782 19016at7147          -            444   5.5e-09   35.3   4.1   7   7   0.00028      0.24   10.1   0.0    28    82  1065  1121  1040  1128 0.87 -
DkoeA00001149-RA     -           2152 19016at7147          -            444   1.6e-08   33.8   1.7   1   7      0.26   2.3e+02    0.3   0.0   277   331   477   533   450   541 0.77 -
DkoeA00001149-RA     -           2152 19016at7147          -            444   1.6e-08   33.8   1.7   2   7      0.18   1.6e+02    0.8   0.0    26    57  1296  1327  1281  1338 0.85 -
DkoeA00001149-RA     -           2152 19016at7147          -            444   1.6e-08   33.8   1.7   3   7    0.0049       4.3    6.0   0.0    24    86  1339  1404  1331  1406 0.89 -
DkoeA00001149-RA     -           2152 19016at7147          -            444   1.6e-08   33.8   1.7   4   7    0.0015       1.3    7.7   0.0    25    74  1407  1459  1404  1493 0.74 -
DkoeA00001149-RA     -           2152 19016at7147          -            444   1.6e-08   33.8   1.7   5   7     0.088        77    1.9   0.0    26    85  1510  1571  1502  1589 0.82 -
DkoeA00001149-RA     -           2152 19016at7147          -            444   1.6e-08   33.8   1.7   6   7     0.011        10    4.8   0.0    25    85  1608  1671  1583  1706 0.72 -
DkoeA00001149-RA     -           2152 19016at7147          -            444   1.6e-08   33.8   1.7   7   7     0.058        50    2.5   0.0    25    85  1709  1771  1693  1787 0.74 -
DkoeA00001565-RA     -           4105 19016at7147          -            444   2.1e-07   30.1   4.8   1   8      0.03        27    3.4   0.0    27    62   660   695   653   700 0.83 -
DkoeA00001565-RA     -           4105 19016at7147          -            444   2.1e-07   30.1   4.8   2   8   0.00065      0.57    8.9   0.0    26    86   692   754   689   774 0.84 -
DkoeA00001565-RA     -           4105 19016at7147          -            444   2.1e-07   30.1   4.8   3   8     0.019        17    4.1   0.0    25    76   857   911   849   924 0.72 -
DkoeA00001565-RA     -           4105 19016at7147          -            444   2.1e-07   30.1   4.8   4   8       0.5   4.4e+02   -0.6   0.0    34    62   930   958   919   986 0.75 -
DkoeA00001565-RA     -           4105 19016at7147          -            444   2.1e-07   30.1   4.8   5   8    0.0091       7.9    5.1   0.0    27    63   989  1025   983  1054 0.81 -
DkoeA00001565-RA     -           4105 19016at7147          -            444   2.1e-07   30.1   4.8   6   8     0.053        46    2.6   0.0    26    60  2422  2456  2414  2504 0.80 -
DkoeA00001565-RA     -           4105 19016at7147          -            444   2.1e-07   30.1   4.8   7   8      0.43   3.8e+02   -0.4   0.0    34    93  2532  2594  2519  2608 0.72 -
DkoeA00001565-RA     -           4105 19016at7147          -            444   2.1e-07   30.1   4.8   8   8       3.2   2.8e+03   -3.3   0.0    24    51  2690  2717  2660  2722 0.49 -
DkoeA00001717-RA     -           1308 19016at7147          -            444   8.4e-07   28.1   0.3   1   3   1.3e-07   0.00011   21.1   0.1    27    86   119   180   114   184 0.90 -
DkoeA00001717-RA     -           1308 19016at7147          -            444   8.4e-07   28.1   0.3   2   3      0.12   1.1e+02    1.4   0.0    27    86   234   295   227   300 0.83 -
DkoeA00001717-RA     -           1308 19016at7147          -            444   8.4e-07   28.1   0.3   3   3      0.13   1.2e+02    1.3   0.0    21    91   328   400   307   425 0.76 -
DkoeA00012601-RA     -            314 19016at7147          -            444   2.6e-05   23.2   0.1   1   5    0.0047       4.1    6.1   0.0    27    81    36    92     5    99 0.65 -
DkoeA00012601-RA     -            314 19016at7147          -            444   2.6e-05   23.2   0.1   2   5     0.019        17    4.0   0.0    32    85    74   129    64   144 0.75 -
DkoeA00012601-RA     -            314 19016at7147          -            444   2.6e-05   23.2   0.1   3   5      0.31   2.7e+02    0.1   0.0    33    80   108   157    94   172 0.70 -
DkoeA00012601-RA     -            314 19016at7147          -            444   2.6e-05   23.2   0.1   4   5   0.00021      0.18   10.5   0.0    26    88   169   231   163   253 0.88 -
DkoeA00012601-RA     -            314 19016at7147          -            444   2.6e-05   23.2   0.1   5   5       1.8   1.6e+03   -2.5   0.0    32    60   238   266   233   280 0.81 -
DkoeA00014604-RA     -           1513 19016at7147          -            444    0.0001   21.2   2.0   1   5     0.061        54    2.4   0.0    25    84   114   175    88   185 0.84 -
DkoeA00014604-RA     -           1513 19016at7147          -            444    0.0001   21.2   2.0   2   5       4.7   4.2e+03   -3.8   0.0    34    68   255   291   253   308 0.68 -
DkoeA00014604-RA     -           1513 19016at7147          -            444    0.0001   21.2   2.0   3   5   0.00031      0.28    9.9   0.0     5    87   319   409   315   470 0.83 -
DkoeA00014604-RA     -           1513 19016at7147          -            444    0.0001   21.2   2.0   4   5     0.047        41    2.8   0.0    21    63   506   548   487   574 0.76 -
DkoeA00014604-RA     -           1513 19016at7147          -            444    0.0001   21.2   2.0   5   5      0.26   2.3e+02    0.3   0.0    10    59   588   643   578   675 0.64 -
DkoeA00004836-RA     -           1761 19016at7147          -            444   0.00013   20.9   0.6   1   4      0.16   1.4e+02    1.0   0.0    26    83   342   401   334   413 0.77 -
DkoeA00004836-RA     -           1761 19016at7147          -            444   0.00013   20.9   0.6   2   4     0.026        23    3.6   0.0    33    84   481   534   443   539 0.64 -
DkoeA00004836-RA     -           1761 19016at7147          -            444   0.00013   20.9   0.6   3   4     0.068        60    2.2   0.0    31    82   545   598   538   604 0.78 -
DkoeA00004836-RA     -           1761 19016at7147          -            444   0.00013   20.9   0.6   4   4     0.001       0.9    8.2   0.1    26    86   606   668   600   692 0.85 -
DkoeA00013007-RA     -           1115 19016at7147          -            444    0.0021   16.9   3.5   1   6       0.1        89    1.7   0.1    17    81   246   313   220   339 0.76 -
DkoeA00013007-RA     -           1115 19016at7147          -            444    0.0021   16.9   3.5   2   6     0.054        48    2.6   0.0    23    80   543   602   517   620 0.79 -
DkoeA00013007-RA     -           1115 19016at7147          -            444    0.0021   16.9   3.5   3   6       1.5   1.3e+03   -2.2   0.0    25    55   741   771   722   774 0.88 -
DkoeA00013007-RA     -           1115 19016at7147          -            444    0.0021   16.9   3.5   4   6     0.013        12    4.6   0.0    20    62   804   846   795   874 0.78 -
DkoeA00013007-RA     -           1115 19016at7147          -            444    0.0021   16.9   3.5   5   6     0.028        25    3.5   0.0     7    55   886   940   878   976 0.54 -
DkoeA00013007-RA     -           1115 19016at7147          -            444    0.0021   16.9   3.5   6   6       4.3   3.8e+03   -3.7   0.0    31    71   989  1031   986  1042 0.73 -
DkoeA00012904-RA     -            986 19016at7147          -            444    0.0021   16.9   0.0   1   2    0.0094       8.3    5.1   0.0    25    57   275   307   250   317 0.76 -
DkoeA00012904-RA     -            986 19016at7147          -            444    0.0021   16.9   0.0   2   2   0.00068       0.6    8.8   0.0    29    77   349   400   320   422 0.78 -
DkoeA00000432-RA     -           1522 19016at7147          -            444    0.0053   15.6   0.4   1   4      0.31   2.7e+02    0.1   0.0    26    58  1017  1049  1012  1055 0.85 -
DkoeA00000432-RA     -           1522 19016at7147          -            444    0.0053   15.6   0.4   2   4     0.075        66    2.1   0.0    28    59  1052  1083  1048  1129 0.73 -
DkoeA00000432-RA     -           1522 19016at7147          -            444    0.0053   15.6   0.4   3   4   0.00061      0.53    9.0   0.0    12    87  1184  1261  1157  1283 0.84 -
DkoeA00000432-RA     -           1522 19016at7147          -            444    0.0053   15.6   0.4   4   4         5   4.4e+03   -3.9   0.0    25    55  1296  1326  1293  1338 0.85 -
DkoeA00014364-RA     -            888 19016at7147          -            444    0.0088   14.9   0.9   1   3     0.016        14    4.3   0.0    35    84   164   213   139   243 0.71 -
DkoeA00014364-RA     -            888 19016at7147          -            444    0.0088   14.9   0.9   2   3      0.12     1e+02    1.5   0.0    25    61   219   255   208   264 0.85 -
DkoeA00014364-RA     -            888 19016at7147          -            444    0.0088   14.9   0.9   3   3    0.0034         3    6.5   0.1    10    67   295   357   287   392 0.78 -
DkoeA00000135-RA     -           1214 19016at7147          -            444     0.013   14.3   0.2   1   2   0.00046      0.41    9.4   0.0    25    86   605   668   576   677 0.85 -
DkoeA00000135-RA     -           1214 19016at7147          -            444     0.013   14.3   0.2   2   2     0.052        46    2.6   0.1    24    72   740   790   717   807 0.75 -
DkoeA00008265-RA     -            108 19016at7147          -            444     0.016   14.0   0.0   1   1   2.2e-05      0.02   13.7   0.0     4    61    35    85    32   106 0.77 -
DkoeA00014780-RA     -            616 19016at7147          -            444     0.017   13.9   0.0   1   3     0.011        10    4.8   0.0    24    81   151   208   145   221 0.73 -
DkoeA00014780-RA     -            616 19016at7147          -            444     0.017   13.9   0.0   2   3    0.0057         5    5.8   0.0    26    73   251   300   227   319 0.82 -
DkoeA00014780-RA     -            616 19016at7147          -            444     0.017   13.9   0.0   3   3       1.7   1.5e+03   -2.3   0.0    35    66   444   475   442   488 0.82 -
DkoeA00005768-RA     -            650 19016at7147          -            444      0.02   13.7   0.1   1   2   0.00029      0.25   10.1   0.1    30    86   482   540   465   550 0.83 -
DkoeA00005768-RA     -            650 19016at7147          -            444      0.02   13.7   0.1   2   2      0.15   1.3e+02    1.1   0.0    31    78   582   631   569   647 0.51 -
DkoeA00012334-RA     -            758 19016at7147          -            444     0.025   13.4   1.1   1   3      0.18   1.6e+02    0.8   0.0    25    59   198   232   176   250 0.78 -
DkoeA00012334-RA     -            758 19016at7147          -            444     0.025   13.4   1.1   2   3   0.00027      0.24   10.1   0.0    25    84   293   354   279   370 0.85 -
DkoeA00012334-RA     -            758 19016at7147          -            444     0.025   13.4   1.1   3   3       1.5   1.3e+03   -2.2   0.1    52   118   547   622   541   643 0.58 -
DkoeA00016111-RA     -            552 19016at7147          -            444     0.059   12.1   0.0   1   3      0.65   5.7e+02   -1.0   0.0    28    65   117   156    87   176 0.64 -
DkoeA00016111-RA     -            552 19016at7147          -            444     0.059   12.1   0.0   2   3    0.0078       6.9    5.3   0.0     3    54   185   242   183   247 0.73 -
DkoeA00016111-RA     -            552 19016at7147          -            444     0.059   12.1   0.0   3   3     0.025        22    3.7   0.0    23    54   245   276   242   287 0.84 -
DkoeA00007568-RA     -            125 19016at7147          -            444     0.075   11.8   0.0   1   2      0.15   1.3e+02    1.1   0.0    12    54     9    57     3    61 0.67 -
DkoeA00007568-RA     -            125 19016at7147          -            444     0.075   11.8   0.0   2   2   0.00022      0.19   10.5   0.0    21    59    57    97    32   119 0.73 -
#
# Program:         hmmsearch
# Version:         3.1b2 (February 2015)
# Pipeline mode:   SEARCH
# Query file:      /home/nmoreyra/Documents/Genomics/03_orthologs_search/00_Phylogenomics_BUSCO-groups/busco4_odb10/busco_downloads/lineages/diptera_odb10/hmms/19016at7147.hmm
# Target file:     /home/nmoreyra/Documents/Genomics/03_orthologs_search/00_Phylogenomics_BUSCO-groups/busco4_odb10/../00_proteins/DkoeA_proteins.fasta
# Option settings: /home/nmoreyra/Software/miniconda3/envs/busco4/bin/hmmsearch --domtblout /home/nmoreyra/Documents/Genomics/03_orthologs_search/00_Phylogenomics_BUSCO-groups/busco4_odb10/DkoeA_diptera/run_diptera_odb10/hmmer_output/initial_run_results/19016at7147.out --cpu 1 /home/nmoreyra/Documents/Genomics/03_orthologs_search/00_Phylogenomics_BUSCO-groups/busco4_odb10/busco_downloads/lineages/diptera_odb10/hmms/19016at7147.hmm /home/nmoreyra/Documents/Genomics/03_orthologs_search/00_Phylogenomics_BUSCO-groups/busco4_odb10/../00_proteins/DkoeA_proteins.fasta 
# Current dir:     /home/nmoreyra/Documents/Genomics/03_orthologs_search/00_Phylogenomics_BUSCO-groups/busco4_odb10
# Date:            Mon Jan 25 13:54:44 2021
# [ok]
