#                                                                            --- full sequence --- -------------- this domain -------------   hmm coord   ali coord   env coord
# target name        accession   tlen query name           accession   qlen   E-value  score  bias   #  of  c-Evalue  i-Evalue  score  bias  from    to  from    to  from    to  acc description of target
#------------------- ---------- ----- -------------------- ---------- ----- --------- ------ ----- --- --- --------- --------- ------ ----- ----- ----- ----- ----- ----- ----- ---- ---------------------
DkoeA00001837-RA     -            904 20603at7147          -            377  1.9e-175  583.1  24.8   1   4   4.8e-54   4.2e-50  170.6   0.3     4   114   153   277   150   283 0.88 -
DkoeA00001837-RA     -            904 20603at7147          -            377  1.9e-175  583.1  24.8   2   4   4.4e-06     0.038   12.8   0.5   113   142   325   355   320   375 0.79 -
DkoeA00001837-RA     -            904 20603at7147          -            377  1.9e-175  583.1  24.8   3   4   2.2e-31   1.9e-27   96.1   1.5   125   183   441   499   428   520 0.84 -
DkoeA00001837-RA     -            904 20603at7147          -            377  1.9e-175  583.1  24.8   4   4   1.9e-98   1.7e-94  316.7   3.5   193   361   652   830   644   843 0.95 -
DkoeA00001878-RA     -            688 20603at7147          -            377  1.8e-141  471.3  26.9   1   4     3e-20   2.7e-16   59.4   0.0    67   114    14    61     7    67 0.92 -
DkoeA00001878-RA     -            688 20603at7147          -            377  1.8e-141  471.3  26.9   2   4   2.9e-06     0.026   13.4   0.4   113   142   109   139   104   160 0.79 -
DkoeA00001878-RA     -            688 20603at7147          -            377  1.8e-141  471.3  26.9   3   4   1.2e-30   1.1e-26   93.6   4.3   126   183   226   283   214   300 0.85 -
DkoeA00001878-RA     -            688 20603at7147          -            377  1.8e-141  471.3  26.9   4   4   1.2e-98   1.1e-94  317.4   3.5   193   361   436   614   428   627 0.95 -
#
# Program:         hmmsearch
# Version:         3.1b2 (February 2015)
# Pipeline mode:   SEARCH
# Query file:      /home/nmoreyra/Documents/Genomics/03_orthologs_search/00_Phylogenomics_BUSCO-groups/busco4_odb10/busco_downloads/lineages/diptera_odb10/hmms/20603at7147.hmm
# Target file:     /home/nmoreyra/Documents/Genomics/03_orthologs_search/00_Phylogenomics_BUSCO-groups/busco4_odb10/../00_proteins/DkoeA_proteins.fasta
# Option settings: /home/nmoreyra/Software/miniconda3/envs/busco4/bin/hmmsearch --domtblout /home/nmoreyra/Documents/Genomics/03_orthologs_search/00_Phylogenomics_BUSCO-groups/busco4_odb10/DkoeA_diptera/run_diptera_odb10/hmmer_output/initial_run_results/20603at7147.out --cpu 1 /home/nmoreyra/Documents/Genomics/03_orthologs_search/00_Phylogenomics_BUSCO-groups/busco4_odb10/busco_downloads/lineages/diptera_odb10/hmms/20603at7147.hmm /home/nmoreyra/Documents/Genomics/03_orthologs_search/00_Phylogenomics_BUSCO-groups/busco4_odb10/../00_proteins/DkoeA_proteins.fasta 
# Current dir:     /home/nmoreyra/Documents/Genomics/03_orthologs_search/00_Phylogenomics_BUSCO-groups/busco4_odb10
# Date:            Mon Jan 25 13:53:26 2021
# [ok]
