#                                                                            --- full sequence --- -------------- this domain -------------   hmm coord   ali coord   env coord
# target name        accession   tlen query name           accession   qlen   E-value  score  bias   #  of  c-Evalue  i-Evalue  score  bias  from    to  from    to  from    to  acc description of target
#------------------- ---------- ----- -------------------- ---------- ----- --------- ------ ----- --- --- --------- --------- ------ ----- ----- ----- ----- ----- ----- ----- ---- ---------------------
DkoeA00011914-RA     -            506 20808at7147          -            412  1.7e-220  731.9  14.3   1   1  5.5e-221  1.6e-217  722.1  14.3     1   412     1   506     1   506 0.91 -
DkoeA00009866-RA     -            989 20808at7147          -            412   6.6e-05   21.8   0.2   1   2      0.75   2.2e+03   -3.0   0.0   175   198   501   524   486   534 0.76 -
DkoeA00009866-RA     -            989 20808at7147          -            412   6.6e-05   21.8   0.2   2   2   6.6e-08   0.00019   20.2   0.1   305   381   627   702   613   719 0.82 -
DkoeA00008677-RA     -            859 20808at7147          -            412   0.00046   19.0   1.1   1   1     3e-07   0.00089   18.1   1.1   243   378   512   646   440   671 0.77 -
DkoeA00001853-RA     -           3123 20808at7147          -            412      0.13   10.9   0.0   1   1   7.2e-05      0.21   10.2   0.0   305   388   357   448   348   458 0.82 -
DkoeA00001863-RA     -           3138 20808at7147          -            412      0.13   10.9   0.0   1   1   7.3e-05      0.21   10.2   0.0   305   388   372   463   363   473 0.82 -
DkoeA00011112-RA     -            609 20808at7147          -            412      0.37    9.4   6.2   1   2   3.8e-05      0.11   11.2   3.3   307   389   255   336   247   345 0.89 -
DkoeA00011112-RA     -            609 20808at7147          -            412      0.37    9.4   6.2   2   2       1.3   3.7e+03   -3.7   0.0   159   204   554   598   543   600 0.69 -
#
# Program:         hmmsearch
# Version:         3.1b2 (February 2015)
# Pipeline mode:   SEARCH
# Query file:      /home/nmoreyra/Documents/Genomics/03_orthologs_search/00_Phylogenomics_BUSCO-groups/busco4_odb10/busco_downloads/lineages/diptera_odb10/hmms/20808at7147.hmm
# Target file:     /home/nmoreyra/Documents/Genomics/03_orthologs_search/00_Phylogenomics_BUSCO-groups/busco4_odb10/../00_proteins/DkoeA_proteins.fasta
# Option settings: /home/nmoreyra/Software/miniconda3/envs/busco4/bin/hmmsearch --domtblout /home/nmoreyra/Documents/Genomics/03_orthologs_search/00_Phylogenomics_BUSCO-groups/busco4_odb10/DkoeA_diptera/run_diptera_odb10/hmmer_output/initial_run_results/20808at7147.out --cpu 1 /home/nmoreyra/Documents/Genomics/03_orthologs_search/00_Phylogenomics_BUSCO-groups/busco4_odb10/busco_downloads/lineages/diptera_odb10/hmms/20808at7147.hmm /home/nmoreyra/Documents/Genomics/03_orthologs_search/00_Phylogenomics_BUSCO-groups/busco4_odb10/../00_proteins/DkoeA_proteins.fasta 
# Current dir:     /home/nmoreyra/Documents/Genomics/03_orthologs_search/00_Phylogenomics_BUSCO-groups/busco4_odb10
# Date:            Mon Jan 25 13:53:39 2021
# [ok]
