#                                                                            --- full sequence --- -------------- this domain -------------   hmm coord   ali coord   env coord
# target name        accession   tlen query name           accession   qlen   E-value  score  bias   #  of  c-Evalue  i-Evalue  score  bias  from    to  from    to  from    to  acc description of target
#------------------- ---------- ----- -------------------- ---------- ----- --------- ------ ----- --- --- --------- --------- ------ ----- ----- ----- ----- ----- ----- ----- ---- ---------------------
DkoeA00010129-RA     -            666 20966at7147          -            281  5.5e-142  472.2   6.2   1   3   2.2e-63   3.8e-60  203.7   1.6     1    99   141   240   141   250 0.97 -
DkoeA00010129-RA     -            666 20966at7147          -            281  5.5e-142  472.2   6.2   2   3   3.8e-82   6.7e-79  265.2   0.0    99   274   318   532   309   538 0.88 -
DkoeA00010129-RA     -            666 20966at7147          -            281  5.5e-142  472.2   6.2   3   3     0.021        37    3.6   0.0   267   281   572   586   566   586 0.92 -
DkoeA00013409-RA     -            666 20966at7147          -            281  5.5e-142  472.2   6.2   1   3   2.2e-63   3.8e-60  203.7   1.6     1    99   141   240   141   250 0.97 -
DkoeA00013409-RA     -            666 20966at7147          -            281  5.5e-142  472.2   6.2   2   3   3.8e-82   6.7e-79  265.2   0.0    99   274   318   532   309   538 0.88 -
DkoeA00013409-RA     -            666 20966at7147          -            281  5.5e-142  472.2   6.2   3   3     0.021        37    3.6   0.0   267   281   572   586   566   586 0.92 -
DkoeA00000785-RA     -           2590 20966at7147          -            281   1.2e-17   64.2   0.4   1   2   2.1e-16   3.7e-13   49.6   0.2     1    94   507   597   507   605 0.89 -
DkoeA00000785-RA     -           2590 20966at7147          -            281   1.2e-17   64.2   0.4   2   2   6.1e-05      0.11   12.0   0.0   100   119   669   688   665   747 0.73 -
DkoeA00005187-RA     -            480 20966at7147          -            281   0.00012   21.6   0.4   1   2    0.0012       2.1    7.7   0.0    32   101    48   115    41   133 0.72 -
DkoeA00005187-RA     -            480 20966at7147          -            281   0.00012   21.6   0.4   2   2   6.4e-05      0.11   11.9   0.1    12    79   254   321   247   345 0.66 -
DkoeA00015754-RA     -            834 20966at7147          -            281    0.0014   18.1   0.5   1   1     2e-06    0.0036   16.8   0.5    23    56    64    97    45   122 0.75 -
DkoeA00010269-RA     -            266 20966at7147          -            281    0.0027   17.2   0.4   1   2   9.7e-05      0.17   11.3   0.1    31    85    50   100    31   117 0.75 -
DkoeA00010269-RA     -            266 20966at7147          -            281    0.0027   17.2   0.4   2   2     0.024        42    3.5   0.0    98   136   180   219   157   258 0.72 -
DkoeA00005625-RA     -            707 20966at7147          -            281    0.0034   16.9   0.1   1   1   3.4e-06    0.0059   16.1   0.1     2    88    43   125    42   147 0.75 -
DkoeA00013204-RA     -            578 20966at7147          -            281      0.04   13.4   0.0   1   1   4.1e-05     0.072   12.5   0.0    25    81   354   406   342   412 0.78 -
DkoeA00007620-RA     -           1165 20966at7147          -            281      0.11   12.0   0.1   1   4   0.00038      0.66    9.4   0.0    38    78   666   704   642   710 0.82 -
DkoeA00007620-RA     -           1165 20966at7147          -            281      0.11   12.0   0.1   2   4       3.2   5.6e+03   -3.5   0.0    96   111   795   810   794   814 0.79 -
DkoeA00007620-RA     -           1165 20966at7147          -            281      0.11   12.0   0.1   3   4       3.3   5.8e+03   -3.6   0.0    46    64   861   879   859   885 0.80 -
DkoeA00007620-RA     -           1165 20966at7147          -            281      0.11   12.0   0.1   4   4       1.2   2.1e+03   -2.1   0.0   113   156   903   946   899   957 0.81 -
DkoeA00011630-RA     -           1598 20966at7147          -            281      0.37   10.2   3.5   1   5       2.3     4e+03   -3.0   0.0    32    48   312   328   307   348 0.78 -
DkoeA00011630-RA     -           1598 20966at7147          -            281      0.37   10.2   3.5   2   5     0.016        27    4.0   0.0   133   159   445   473   439   506 0.77 -
DkoeA00011630-RA     -           1598 20966at7147          -            281      0.37   10.2   3.5   3   5     0.019        34    3.7   0.0    27    57   570   600   564   621 0.88 -
DkoeA00011630-RA     -           1598 20966at7147          -            281      0.37   10.2   3.5   4   5       4.3   7.5e+03   -4.0   0.0   101   117   831   847   827   862 0.78 -
DkoeA00011630-RA     -           1598 20966at7147          -            281      0.37   10.2   3.5   5   5      0.29     5e+02   -0.1   0.0   145   188   914   959   880  1021 0.71 -
#
# Program:         hmmsearch
# Version:         3.1b2 (February 2015)
# Pipeline mode:   SEARCH
# Query file:      /home/nmoreyra/Documents/Genomics/03_orthologs_search/00_Phylogenomics_BUSCO-groups/busco4_odb10/busco_downloads/lineages/diptera_odb10/hmms/20966at7147.hmm
# Target file:     /home/nmoreyra/Documents/Genomics/03_orthologs_search/00_Phylogenomics_BUSCO-groups/busco4_odb10/../00_proteins/DkoeA_proteins.fasta
# Option settings: /home/nmoreyra/Software/miniconda3/envs/busco4/bin/hmmsearch --domtblout /home/nmoreyra/Documents/Genomics/03_orthologs_search/00_Phylogenomics_BUSCO-groups/busco4_odb10/DkoeA_diptera/run_diptera_odb10/hmmer_output/initial_run_results/20966at7147.out --cpu 1 /home/nmoreyra/Documents/Genomics/03_orthologs_search/00_Phylogenomics_BUSCO-groups/busco4_odb10/busco_downloads/lineages/diptera_odb10/hmms/20966at7147.hmm /home/nmoreyra/Documents/Genomics/03_orthologs_search/00_Phylogenomics_BUSCO-groups/busco4_odb10/../00_proteins/DkoeA_proteins.fasta 
# Current dir:     /home/nmoreyra/Documents/Genomics/03_orthologs_search/00_Phylogenomics_BUSCO-groups/busco4_odb10
# Date:            Mon Jan 25 13:54:18 2021
# [ok]
