#                                                                            --- full sequence --- -------------- this domain -------------   hmm coord   ali coord   env coord
# target name        accession   tlen query name           accession   qlen   E-value  score  bias   #  of  c-Evalue  i-Evalue  score  bias  from    to  from    to  from    to  acc description of target
#------------------- ---------- ----- -------------------- ---------- ----- --------- ------ ----- --- --- --------- --------- ------ ----- ----- ----- ----- ----- ----- ----- ---- ---------------------
DkoeA00011235-RA     -           1420 21223at7147          -            950         0 1193.2  83.3   1   7  9.4e-208  1.7e-205  684.8  35.4     1   450     1   484     1   489 0.94 -
DkoeA00011235-RA     -           1420 21223at7147          -            950         0 1193.2  83.3   2   7   9.3e-94   1.7e-91  307.5   5.8   432   642   487   721   481   735 0.87 -
DkoeA00011235-RA     -           1420 21223at7147          -            950         0 1193.2  83.3   3   7   5.1e-05    0.0091   13.8   0.7   627   654   791   818   741   825 0.75 -
DkoeA00011235-RA     -           1420 21223at7147          -            950         0 1193.2  83.3   4   7   0.00055     0.098   10.4   0.4   638   667   875   904   849   914 0.80 -
DkoeA00011235-RA     -           1420 21223at7147          -            950         0 1193.2  83.3   5   7   1.7e-29     3e-27   94.8   0.1   672   764   961  1060   947  1085 0.86 -
DkoeA00011235-RA     -           1420 21223at7147          -            950         0 1193.2  83.3   6   7   5.1e-32   9.2e-30  103.2   6.0   764   909  1092  1264  1088  1271 0.84 -
DkoeA00011235-RA     -           1420 21223at7147          -            950         0 1193.2  83.3   7   7      0.96   1.7e+02   -0.3   0.0   784   838  1290  1345  1278  1358 0.80 -
DkoeA00001565-RA     -           4105 21223at7147          -            950   2.4e-80  270.6  52.8   1  11     2e-16   3.5e-14   51.6   1.1   443   576   605   737   594   737 0.85 -
DkoeA00001565-RA     -           4105 21223at7147          -            950   2.4e-80  270.6  52.8   2  11   4.5e-16     8e-14   50.4   0.8   470   576   699   804   697   806 0.93 -
DkoeA00001565-RA     -           4105 21223at7147          -            950   2.4e-80  270.6  52.8   3  11   5.1e-13   9.1e-11   40.3   0.2   467   576   729   837   726   840 0.91 -
DkoeA00001565-RA     -           4105 21223at7147          -            950   2.4e-80  270.6  52.8   4  11   1.6e-13   2.9e-11   41.9   0.1   473   576   802   904   800   907 0.90 -
DkoeA00001565-RA     -           4105 21223at7147          -            950   2.4e-80  270.6  52.8   5  11   2.3e-11   4.1e-09   34.8   0.4   474   564   836   925   834   932 0.91 -
DkoeA00001565-RA     -           4105 21223at7147          -            950   2.4e-80  270.6  52.8   6  11   2.9e-05    0.0052   14.6   0.3   511   577   907   968   903   969 0.88 -
DkoeA00001565-RA     -           4105 21223at7147          -            950   2.4e-80  270.6  52.8   7  11   4.8e-13   8.6e-11   40.4   1.4   469   576   961  1067   958  1080 0.94 -
DkoeA00001565-RA     -           4105 21223at7147          -            950   2.4e-80  270.6  52.8   8  11   1.7e-15     3e-13   48.5   0.5   467   577  2393  2502  2338  2503 0.81 -
DkoeA00001565-RA     -           4105 21223at7147          -            950   2.4e-80  270.6  52.8   9  11   8.7e-15   1.6e-12   46.1   0.2   473   573  2466  2566  2465  2572 0.91 -
DkoeA00001565-RA     -           4105 21223at7147          -            950   2.4e-80  270.6  52.8  10  11   4.5e-09   8.1e-07   27.2   0.1   510   565  2572  2625  2568  2640 0.84 -
DkoeA00001565-RA     -           4105 21223at7147          -            950   2.4e-80  270.6  52.8  11  11   1.1e-06    0.0002   19.3   0.2   510   642  2640  2781  2632  2793 0.64 -
DkoeA00001901-RA     -           1210 21223at7147          -            950   1.6e-76  257.9  20.6   1   7   1.2e-15   2.2e-13   48.9   0.0   474   566    24   115    18   122 0.88 -
DkoeA00001901-RA     -           1210 21223at7147          -            950   1.6e-76  257.9  20.6   2   7   2.1e-14   3.7e-12   44.9   0.3   494   579    78   161    77   174 0.92 -
DkoeA00001901-RA     -           1210 21223at7147          -            950   1.6e-76  257.9  20.6   3   7   3.7e-17   6.7e-15   54.0   0.3   473   577   210   312   204   321 0.91 -
DkoeA00001901-RA     -           1210 21223at7147          -            950   1.6e-76  257.9  20.6   4   7   1.7e-05    0.0031   15.4   0.2   476   577   354   456   340   466 0.76 -
DkoeA00001901-RA     -           1210 21223at7147          -            950   1.6e-76  257.9  20.6   5   7     5e-15     9e-13   46.9   0.2   448   567   479   600   472   603 0.85 -
DkoeA00001901-RA     -           1210 21223at7147          -            950   1.6e-76  257.9  20.6   6   7   1.3e-05    0.0024   15.7   0.0   540   579   606   645   604   655 0.90 -
DkoeA00001901-RA     -           1210 21223at7147          -            950   1.6e-76  257.9  20.6   7   7   1.2e-20   2.2e-18   65.5   0.4   468   577   689   796   672   804 0.91 -
DkoeA00001813-RA     -           1189 21223at7147          -            950     2e-76  257.6  21.3   1   7   1.2e-15   2.2e-13   49.0   0.0   474   566    24   115    18   122 0.88 -
DkoeA00001813-RA     -           1189 21223at7147          -            950     2e-76  257.6  21.3   2   7     2e-14   3.6e-12   44.9   0.3   494   579    78   161    77   174 0.92 -
DkoeA00001813-RA     -           1189 21223at7147          -            950     2e-76  257.6  21.3   3   7   3.3e-17   5.9e-15   54.1   1.0   473   579   210   314   204   344 0.87 -
DkoeA00001813-RA     -           1189 21223at7147          -            950     2e-76  257.6  21.3   4   7     2e-05    0.0035   15.2   0.2   477   577   334   435   316   443 0.76 -
DkoeA00001813-RA     -           1189 21223at7147          -            950     2e-76  257.6  21.3   5   7   4.9e-15   8.7e-13   47.0   0.2   448   567   458   579   452   583 0.85 -
DkoeA00001813-RA     -           1189 21223at7147          -            950     2e-76  257.6  21.3   6   7   1.4e-05    0.0025   15.7   0.0   540   579   585   624   584   633 0.90 -
DkoeA00001813-RA     -           1189 21223at7147          -            950     2e-76  257.6  21.3   7   7   1.2e-20   2.1e-18   65.6   0.5   468   577   668   775   645   781 0.90 -
DkoeA00014604-RA     -           1513 21223at7147          -            950   1.7e-69  234.7  25.4   1   7     0.034       6.1    4.5   0.0   511   561     2    50     1    60 0.81 -
DkoeA00014604-RA     -           1513 21223at7147          -            950   1.7e-69  234.7  25.4   2   7   1.2e-16   2.1e-14   52.3   1.0   469   583    88   200    66   208 0.92 -
DkoeA00014604-RA     -           1513 21223at7147          -            950   1.7e-69  234.7  25.4   3   7   5.1e-15   9.1e-13   46.9   0.3   473   576   224   325   222   325 0.95 -
DkoeA00014604-RA     -           1513 21223at7147          -            950   1.7e-69  234.7  25.4   4   7   1.7e-08   3.1e-06   25.3   0.1   505   570   322   385   318   391 0.88 -
DkoeA00014604-RA     -           1513 21223at7147          -            950   1.7e-69  234.7  25.4   5   7     1e-13   1.9e-11   42.6   0.2   473   567   389   481   383   486 0.93 -
DkoeA00014604-RA     -           1513 21223at7147          -            950   1.7e-69  234.7  25.4   6   7   3.5e-19   6.3e-17   60.7   0.2   470   578   485   591   481   595 0.93 -
DkoeA00014604-RA     -           1513 21223at7147          -            950   1.7e-69  234.7  25.4   7   7   2.1e-15   3.8e-13   48.2   0.2   469   580   550   659   548   701 0.85 -
DkoeA00013272-RA     -           1782 21223at7147          -            950   1.1e-60  205.5  37.4   1  10    0.0022      0.39    8.4   0.0   469   530   130   191   123   237 0.88 -
DkoeA00013272-RA     -           1782 21223at7147          -            950   1.1e-60  205.5  37.4   2  10   1.4e-07   2.4e-05   22.3   0.1   469   561   271   361   249   367 0.86 -
DkoeA00013272-RA     -           1782 21223at7147          -            950   1.1e-60  205.5  37.4   3  10     9e-10   1.6e-07   29.5   0.5   465   577   367   478   361   490 0.90 -
DkoeA00013272-RA     -           1782 21223at7147          -            950   1.1e-60  205.5  37.4   4  10   4.7e-05    0.0084   13.9   0.2   473   579   441   549   440   555 0.79 -
DkoeA00013272-RA     -           1782 21223at7147          -            950   1.1e-60  205.5  37.4   5  10     0.011         2    6.1   0.0   504   571   562   646   559   656 0.66 -
DkoeA00013272-RA     -           1782 21223at7147          -            950   1.1e-60  205.5  37.4   6  10   1.8e-09   3.1e-07   28.6   0.8   465   577   642   758   612   763 0.85 -
DkoeA00013272-RA     -           1782 21223at7147          -            950   1.1e-60  205.5  37.4   7  10   3.4e-09     6e-07   27.6   0.1   472   559   788   874   785   892 0.87 -
DkoeA00013272-RA     -           1782 21223at7147          -            950   1.1e-60  205.5  37.4   8  10   4.1e-06   0.00073   17.4   0.1   472   567   891   983   875   999 0.81 -
DkoeA00013272-RA     -           1782 21223at7147          -            950   1.1e-60  205.5  37.4   9  10   8.2e-12   1.5e-09   36.3   0.0   503   572  1001  1070   996  1072 0.96 -
DkoeA00013272-RA     -           1782 21223at7147          -            950   1.1e-60  205.5  37.4  10  10   2.6e-15   4.7e-13   47.9   0.9   470   562  1070  1160  1068  1165 0.91 -
DkoeA00001149-RA     -           2152 21223at7147          -            950   4.5e-42  143.9  30.0   1   6   7.4e-05     0.013   13.3   2.3   469   561  1266  1371  1244  1373 0.81 -
DkoeA00001149-RA     -           2152 21223at7147          -            950   4.5e-42  143.9  30.0   2   6   1.8e-11   3.2e-09   35.2   0.9   469   567  1381  1480  1378  1485 0.85 -
DkoeA00001149-RA     -           2152 21223at7147          -            950   4.5e-42  143.9  30.0   3   6   1.2e-08   2.2e-06   25.8   0.5   481   574  1462  1553  1448  1557 0.86 -
DkoeA00001149-RA     -           2152 21223at7147          -            950   4.5e-42  143.9  30.0   4   6   2.8e-16   4.9e-14   51.1   0.6   470   561  1550  1639  1546  1657 0.89 -
DkoeA00001149-RA     -           2152 21223at7147          -            950   4.5e-42  143.9  30.0   5   6   1.7e-05     0.003   15.4   0.3   469   560  1615  1705  1612  1713 0.88 -
DkoeA00001149-RA     -           2152 21223at7147          -            950   4.5e-42  143.9  30.0   6   6   2.5e-13   4.5e-11   41.3   0.8   470   578  1717  1823  1706  1839 0.93 -
DkoeA00004836-RA     -           1761 21223at7147          -            950   2.2e-30  105.2  17.0   1   5   7.5e-07   0.00013   19.9   0.4   490   565   302   376   289   379 0.73 -
DkoeA00004836-RA     -           1761 21223at7147          -            950   2.2e-30  105.2  17.0   2   5   4.6e-11   8.2e-09   33.8   2.1   494   576   373   453   372   455 0.89 -
DkoeA00004836-RA     -           1761 21223at7147          -            950   2.2e-30  105.2  17.0   3   5   1.1e-08   1.9e-06   26.0   0.1   470   563   448   539   445   539 0.91 -
DkoeA00004836-RA     -           1761 21223at7147          -            950   2.2e-30  105.2  17.0   4   5   4.1e-09   7.3e-07   27.4   0.3   469   559   513   601   508   606 0.94 -
DkoeA00004836-RA     -           1761 21223at7147          -            950   2.2e-30  105.2  17.0   5   5   3.9e-11     7e-09   34.1   0.5   471   579   548   654   548   666 0.92 -
DkoeA00009240-RA     -           1424 21223at7147          -            950   4.4e-28   97.6   4.6   1   4   9.3e-05     0.017   12.9   0.0   467   532   273   342   244   347 0.86 -
DkoeA00009240-RA     -           1424 21223at7147          -            950   4.4e-28   97.6   4.6   2   4    0.0058         1    7.0   0.0   469   522   376   430   360   436 0.85 -
DkoeA00009240-RA     -           1424 21223at7147          -            950   4.4e-28   97.6   4.6   3   4   1.1e-09     2e-07   29.3   0.0   470   565   458   556   444   569 0.92 -
DkoeA00009240-RA     -           1424 21223at7147          -            950   4.4e-28   97.6   4.6   4   4   1.1e-14   1.9e-12   45.9   0.5   466   605   632   772   610   779 0.81 -
DkoeA00012601-RA     -            314 21223at7147          -            950   1.2e-24   86.3  18.3   1   4   1.5e-10   2.7e-08   32.1   0.8   465   564     3   101     1   105 0.89 -
DkoeA00012601-RA     -            314 21223at7147          -            950   1.2e-24   86.3  18.3   2   4     1e-13   1.8e-11   42.6   1.1   468   566    40   136    39   146 0.93 -
DkoeA00012601-RA     -            314 21223at7147          -            950   1.2e-24   86.3  18.3   3   4   6.3e-11   1.1e-08   33.4   0.5   479   560   150   229   143   233 0.86 -
DkoeA00012601-RA     -            314 21223at7147          -            950   1.2e-24   86.3  18.3   4   4   0.00056       0.1   10.4   0.1   470   525   239   294   235   305 0.82 -
DkoeA00012334-RA     -            758 21223at7147          -            950   5.7e-22   77.4   1.0   1   2   1.2e-12   2.1e-10   39.1   0.2   468   528   171   231   167   265 0.88 -
DkoeA00012334-RA     -            758 21223at7147          -            950   5.7e-22   77.4   1.0   2   2   5.6e-12     1e-09   36.8   0.0   490   579   288   375   278   438 0.87 -
DkoeA00016111-RA     -            552 21223at7147          -            950   8.4e-22   76.8   3.9   1   3   9.9e-09   1.8e-06   26.1   0.0   482   563    64   147    56   154 0.77 -
DkoeA00016111-RA     -            552 21223at7147          -            950   8.4e-22   76.8   3.9   2   3   1.4e-14   2.5e-12   45.5   0.3   473   576   125   226   120   226 0.93 -
DkoeA00016111-RA     -            552 21223at7147          -            950   8.4e-22   76.8   3.9   3   3   2.9e-07   5.1e-05   21.3   0.1   466   524   217   276   213   280 0.91 -
DkoeA00011351-RA     -           1245 21223at7147          -            950   6.9e-21   73.8   7.5   1   2   6.7e-14   1.2e-11   43.2   2.5   477   598    52   172    47   188 0.84 -
DkoeA00011351-RA     -           1245 21223at7147          -            950   6.9e-21   73.8   7.5   2   2   6.8e-11   1.2e-08   33.3   0.3   454   537   189   275   157   279 0.75 -
DkoeA00010412-RA     -            879 21223at7147          -            950   1.2e-19   69.6   7.8   1   2   8.4e-19   1.5e-16   59.4   0.0   469   579    47   158    25   169 0.89 -
DkoeA00010412-RA     -            879 21223at7147          -            950   1.2e-19   69.6   7.8   2   2   3.5e-05    0.0062   14.4   0.9   473   527   211   264   205   279 0.91 -
DkoeA00001717-RA     -           1308 21223at7147          -            950   2.8e-18   65.1  12.4   1   3   7.6e-06    0.0014   16.5   0.6   469   547   124   200   121   206 0.91 -
DkoeA00001717-RA     -           1308 21223at7147          -            950   2.8e-18   65.1  12.4   2   3     9e-05     0.016   13.0   1.3   469   565   239   334   217   338 0.88 -
DkoeA00001717-RA     -           1308 21223at7147          -            950   2.8e-18   65.1  12.4   3   3   1.5e-13   2.7e-11   42.1   0.2   466   565   336   434   334   452 0.90 -
DkoeA00014071-RA     -           1360 21223at7147          -            950   3.7e-18   64.8   1.4   1   2   1.8e-15   3.3e-13   48.4   0.2   469   608    69   210    42   213 0.84 -
DkoeA00014071-RA     -           1360 21223at7147          -            950   3.7e-18   64.8   1.4   2   2   2.1e-05    0.0038   15.1   0.1   508   602   239   330   232   344 0.79 -
DkoeA00013007-RA     -           1115 21223at7147          -            950   1.9e-17   62.4  12.3   1   4     0.017         3    5.5   0.1   471   526   342   397   302   455 0.68 -
DkoeA00013007-RA     -           1115 21223at7147          -            950   1.9e-17   62.4  12.3   2   4   0.00012     0.022   12.6   0.1   468   577   477   592   472   624 0.89 -
DkoeA00013007-RA     -           1115 21223at7147          -            950   1.9e-17   62.4  12.3   3   4   5.9e-06     0.001   16.9   0.3   474   557   720   802   714   822 0.74 -
DkoeA00013007-RA     -           1115 21223at7147          -            950   1.9e-17   62.4  12.3   4   4   1.1e-10     2e-08   32.5   0.2   473   580   855   961   847  1017 0.90 -
DkoeA00005184-RA     -            958 21223at7147          -            950   3.1e-17   61.7   7.2   1   3   1.4e-06   0.00025   19.0   0.0   498   565   126   192   122   198 0.89 -
DkoeA00005184-RA     -            958 21223at7147          -            950   3.1e-17   61.7   7.2   2   3   2.8e-05     0.005   14.7   0.1   508   579   202   269   199   270 0.79 -
DkoeA00005184-RA     -            958 21223at7147          -            950   3.1e-17   61.7   7.2   3   3   2.7e-10   4.8e-08   31.3   1.1   473   577   267   371   258   393 0.89 -
DkoeA00000135-RA     -           1214 21223at7147          -            950     9e-17   60.2  11.8   1   3      0.13        23    2.5   0.0   539   565   548   574   542   582 0.81 -
DkoeA00000135-RA     -           1214 21223at7147          -            950     9e-17   60.2  11.8   2   3   2.3e-11   4.2e-09   34.8   1.6   469   571   579   679   570   680 0.92 -
DkoeA00000135-RA     -           1214 21223at7147          -            950     9e-17   60.2  11.8   3   3   1.8e-09   3.2e-07   28.6   3.6   467   578   676   789   673   807 0.86 -
DkoeA00012904-RA     -            986 21223at7147          -            950   1.3e-16   59.6   7.7   1   3   9.2e-05     0.016   13.0   0.7   470   567   182   279   178   292 0.87 -
DkoeA00012904-RA     -            986 21223at7147          -            950   1.3e-16   59.6   7.7   2   3   1.1e-11     2e-09   35.9   2.2   440   569   291   420   281   423 0.85 -
DkoeA00012904-RA     -            986 21223at7147          -            950   1.3e-16   59.6   7.7   3   3   9.2e-12   1.6e-09   36.1   0.3   467   585   350   469   350   496 0.87 -
DkoeA00007829-RA     -            743 21223at7147          -            950   3.2e-16   58.3   2.7   1   2   2.2e-09   3.9e-07   28.3   0.2   475   576   146   254   140   259 0.68 -
DkoeA00007829-RA     -            743 21223at7147          -            950   3.2e-16   58.3   2.7   2   2   4.2e-10   7.5e-08   30.6   0.2   475   593   254   367   247   402 0.89 -
DkoeA00013442-RA     -            929 21223at7147          -            950   3.8e-16   58.1   0.0   1   1   3.1e-18   5.6e-16   57.5   0.0   466   590   150   273   135   312 0.92 -
DkoeA00015745-RA     -           2178 21223at7147          -            950   1.1e-15   56.5   0.1   1   2       9.6   1.7e+03   -3.6   0.0   595   672   152   225   140   236 0.76 -
DkoeA00015745-RA     -           2178 21223at7147          -            950   1.1e-15   56.5   0.1   2   2   6.3e-18   1.1e-15   56.5   0.1   467   577  1722  1831  1652  1846 0.86 -
DkoeA00012348-RA     -            455 21223at7147          -            950   1.5e-14   52.8   1.2   1   1   1.3e-16   2.4e-14   52.1   1.2   470   577    35   140     9   145 0.92 -
DkoeA00006256-RA     -            984 21223at7147          -            950   6.1e-14   50.8   2.5   1   2   2.2e-05     0.004   15.0   0.0   501   559    18    75    11    96 0.70 -
DkoeA00006256-RA     -            984 21223at7147          -            950   6.1e-14   50.8   2.5   2   2   3.7e-11   6.7e-09   34.1   1.5   468   577   111   218    93   241 0.92 -
DkoeA00016392-RA     -            167 21223at7147          -            950   6.8e-14   50.6   9.6   1   2   2.1e-13   3.7e-11   41.6   3.4   473   576     6   107     3   109 0.97 -
DkoeA00016392-RA     -            167 21223at7147          -            950   6.8e-14   50.6   9.6   2   2   9.8e-06    0.0018   16.2   0.5   471   528   103   160   102   161 0.93 -
DkoeA00012527-RA     -            678 21223at7147          -            950   7.5e-14   50.5   9.4   1   3   1.2e-06   0.00022   19.2   1.3    19   143    70   205    62   207 0.83 -
DkoeA00012527-RA     -            678 21223at7147          -            950   7.5e-14   50.5   9.4   2   3   8.2e-07   0.00015   19.7   0.3    37   122   185   272   174   281 0.83 -
DkoeA00012527-RA     -            678 21223at7147          -            950   7.5e-14   50.5   9.4   3   3   2.5e-06   0.00045   18.1   0.3    15    96   283   365   273   379 0.87 -
DkoeA00000432-RA     -           1522 21223at7147          -            950   7.8e-14   50.4  23.7   1   4   4.4e-05    0.0079   14.0   0.2   483   563   969  1049   963  1067 0.82 -
DkoeA00000432-RA     -           1522 21223at7147          -            950   7.8e-14   50.4  23.7   2   4     4e-12   7.1e-10   37.3   0.3   452   569  1116  1236  1103  1245 0.82 -
DkoeA00000432-RA     -           1522 21223at7147          -            950   7.8e-14   50.4  23.7   3   4   6.9e-06    0.0012   16.7   0.9   470   564  1238  1330  1234  1337 0.91 -
DkoeA00000432-RA     -           1522 21223at7147          -            950   7.8e-14   50.4  23.7   4   4       4.6   8.3e+02   -2.6   1.2   121   211  1362  1457  1351  1478 0.74 -
DkoeA00016048-RA     -            215 21223at7147          -            950   2.9e-13   48.5   0.0   1   1   1.9e-15   3.5e-13   48.3   0.0   494   579    72   155    54   179 0.88 -
DkoeA00015623-RA     -           1068 21223at7147          -            950   4.4e-13   48.0   8.1   1   3   3.6e-05    0.0064   14.3   0.6   476   576   469   567   458   568 0.88 -
DkoeA00015623-RA     -           1068 21223at7147          -            950   4.4e-13   48.0   8.1   2   3    0.0074       1.3    6.7   0.3   475   525   534   584   527   589 0.87 -
DkoeA00015623-RA     -           1068 21223at7147          -            950   4.4e-13   48.0   8.1   3   3   6.6e-11   1.2e-08   33.3   1.2   467   577   593   703   584   715 0.88 -
DkoeA00001422-RA     -            677 21223at7147          -            950     1e-12   46.7   1.1   1   4   1.7e-07   3.1e-05   22.0   0.0   473   528   122   177    37   190 0.75 -
DkoeA00001422-RA     -            677 21223at7147          -            950     1e-12   46.7   1.1   2   4   9.3e-08   1.7e-05   22.9   0.0   473   575   122   220   116   223 0.78 -
DkoeA00001422-RA     -            677 21223at7147          -            950     1e-12   46.7   1.1   3   4     0.014       2.5    5.8   0.0   541   604   219   280   202   287 0.83 -
DkoeA00001422-RA     -            677 21223at7147          -            950     1e-12   46.7   1.1   4   4   4.5e-05     0.008   14.0   0.1   466   528   549   613   481   618 0.76 -
DkoeA00002405-RA     -            171 21223at7147          -            950     2e-12   45.8   0.6   1   2   5.1e-14     9e-12   43.6   0.2   474   586    19   129    14   132 0.92 -
DkoeA00002405-RA     -            171 21223at7147          -            950     2e-12   45.8   0.6   2   2     0.031       5.6    4.6   0.0   470   522   114   166   108   168 0.79 -
DkoeA00004902-RA     -           1113 21223at7147          -            950   2.2e-12   45.6   0.2   1   2     0.052       9.3    3.9   0.0   538   570    74   107    70   113 0.87 -
DkoeA00004902-RA     -           1113 21223at7147          -            950   2.2e-12   45.6   0.2   2   2   1.1e-12     2e-10   39.1   0.0   485   575   128   215   116   226 0.92 -
DkoeA00014780-RA     -            616 21223at7147          -            950   3.4e-12   45.0   5.6   1   4   8.3e-09   1.5e-06   26.3   0.4   473   577   163   264   161   268 0.93 -
DkoeA00014780-RA     -            616 21223at7147          -            950   3.4e-12   45.0   5.6   2   4   2.6e-07   4.6e-05   21.4   0.0   469   528   257   316   253   318 0.95 -
DkoeA00014780-RA     -            616 21223at7147          -            950   3.4e-12   45.0   5.6   3   4     0.073        13    3.4   0.1   484   527   336   379   324   421 0.82 -
DkoeA00014780-RA     -            616 21223at7147          -            950   3.4e-12   45.0   5.6   4   4         2   3.5e+02   -1.4   0.0   541   565   445   469   442   477 0.91 -
DkoeA00001639-RA     -            575 21223at7147          -            950   3.6e-12   44.9   1.6   1   2   3.6e-12   6.5e-10   37.5   0.8   472   566    17   109     4   120 0.90 -
DkoeA00001639-RA     -            575 21223at7147          -            950   3.6e-12   44.9   1.6   2   2     0.045       8.1    4.1   0.0   485   529   467   513   455   530 0.64 -
DkoeA00005768-RA     -            650 21223at7147          -            950   1.2e-11   43.2   0.9   1   2     3e-08   5.4e-06   24.5   0.4   468   528   483   543   471   546 0.94 -
DkoeA00005768-RA     -            650 21223at7147          -            950   1.2e-11   43.2   0.9   2   2   5.5e-06   0.00098   17.0   0.0   470   523   584   637   554   643 0.87 -
DkoeA00002754-RA     -            221 21223at7147          -            950   1.2e-11   43.2   5.7   1   2   1.5e-05    0.0027   15.6   0.1   508   569    30    89    27    97 0.89 -
DkoeA00002754-RA     -            221 21223at7147          -            950   1.2e-11   43.2   5.7   2   2   1.2e-09   2.2e-07   29.1   2.0   468   564   122   221   116   221 0.91 -
DkoeA00008428-RA     -            596 21223at7147          -            950   2.8e-11   42.0   0.1   1   2   2.4e-10   4.4e-08   31.4   0.0   467   528   435   496   422   501 0.94 -
DkoeA00008428-RA     -            596 21223at7147          -            950   2.8e-11   42.0   0.1   2   2    0.0022      0.39    8.4   0.0   470   523   537   590   517   595 0.93 -
DkoeA00000145-RA     -            639 21223at7147          -            950   9.8e-11   40.2   0.5   1   1   9.8e-13   1.8e-10   39.3   0.2   478   586    52   159    47   169 0.91 -
DkoeA00015674-RA     -            959 21223at7147          -            950   2.2e-10   39.0   2.5   1   2   7.7e-12   1.4e-09   36.4   2.2   384   575   563   751   554   762 0.79 -
DkoeA00015674-RA     -            959 21223at7147          -            950   2.2e-10   39.0   2.5   2   2      0.12        21    2.7   0.0   461   523   738   803   734   811 0.86 -
DkoeA00009391-RA     -            966 21223at7147          -            950   2.4e-10   38.9   0.1   1   1   2.1e-12   3.8e-10   38.2   0.1   471   578   456   561   453   653 0.90 -
DkoeA00007029-RA     -           1115 21223at7147          -            950   3.9e-09   34.9   0.0   1   2      0.49        88    0.6   0.0   598   643   397   442   391   474 0.90 -
DkoeA00007029-RA     -           1115 21223at7147          -            950   3.9e-09   34.9   0.0   2   2   2.2e-11   3.9e-09   34.9   0.0   467   528   940  1001   916  1004 0.90 -
DkoeA00008390-RA     -            339 21223at7147          -            950   1.1e-08   33.4   0.8   1   2   1.6e-09   2.8e-07   28.7   0.1   473   575   166   267   141   274 0.87 -
DkoeA00008390-RA     -            339 21223at7147          -            950   1.1e-08   33.4   0.8   2   2     0.066        12    3.5   0.1   550   593   276   320   263   335 0.80 -
DkoeA00006641-RA     -           1345 21223at7147          -            950   1.1e-08   33.3   1.2   1   2   0.00052     0.093   10.5   0.0   538   607  1154  1222  1150  1226 0.83 -
DkoeA00006641-RA     -           1345 21223at7147          -            950   1.1e-08   33.3   1.2   2   2   9.8e-08   1.8e-05   22.8   0.4   463   528  1219  1284  1214  1314 0.83 -
DkoeA00008185-RA     -            247 21223at7147          -            950   7.8e-08   30.6   0.1   1   1   5.8e-10     1e-07   30.2   0.1   486   577    96   184    81   195 0.87 -
DkoeA00016089-RA     -            410 21223at7147          -            950     8e-08   30.5   0.1   1   2   4.3e-07   7.8e-05   20.7   0.0   466   528   272   337   262   340 0.90 -
DkoeA00016089-RA     -            410 21223at7147          -            950     8e-08   30.5   0.1   2   2    0.0064       1.1    6.9   0.1   467   492   342   367   338   373 0.90 -
DkoeA00013491-RA     -            522 21223at7147          -            950   1.2e-07   29.9   0.2   1   1   1.1e-09     2e-07   29.3   0.2   464   524   106   166    86   178 0.87 -
DkoeA00014363-RA     -            362 21223at7147          -            950   1.5e-07   29.7   0.0   1   1     1e-09   1.9e-07   29.3   0.0   473   588   169   286   159   334 0.83 -
DkoeA00001167-RA     -           2454 21223at7147          -            950   2.3e-07   29.0  11.4   1   4   7.3e-07   0.00013   19.9   0.1   468   559    79   169    47   172 0.78 -
DkoeA00001167-RA     -           2454 21223at7147          -            950   2.3e-07   29.0  11.4   2   4      0.02       3.6    5.2   0.0   541   566   302   327   297   338 0.89 -
DkoeA00001167-RA     -           2454 21223at7147          -            950   2.3e-07   29.0  11.4   3   4     0.031       5.6    4.6   0.6   774   927   486   652   477   658 0.73 -
DkoeA00001167-RA     -           2454 21223at7147          -            950   2.3e-07   29.0  11.4   4   4       0.1        19    2.9   0.4   746   831   644   736   638   740 0.68 -
DkoeA00005555-RA     -           2682 21223at7147          -            950   4.4e-07   28.1   0.3   1   2   2.5e-09   4.4e-07   28.1   0.3   433   547  1871  1982  1862  1987 0.83 -
DkoeA00005555-RA     -           2682 21223at7147          -            950   4.4e-07   28.1   0.3   2   2   0.00025     0.045   11.5   0.3   486   566  1989  2067  1983  2079 0.89 -
DkoeA00012745-RA     -           1909 21223at7147          -            950   2.2e-06   25.8   4.5   1   2     0.044       7.9    4.1   0.4   473   560  1358  1447  1316  1454 0.86 -
DkoeA00012745-RA     -           1909 21223at7147          -            950   2.2e-06   25.8   4.5   2   2   1.2e-08   2.2e-06   25.8   4.5   471   577  1426  1541  1422  1549 0.81 -
DkoeA00011061-RA     -           1925 21223at7147          -            950   4.7e-06   24.7   0.2   1   3     0.012       2.1    6.0   0.0   485   544   169   226   146   231 0.63 -
DkoeA00011061-RA     -           1925 21223at7147          -            950   4.7e-06   24.7   0.2   2   3     0.015       2.7    5.6   0.0   467   524   184   242   175   246 0.77 -
DkoeA00011061-RA     -           1925 21223at7147          -            950   4.7e-06   24.7   0.2   3   3   2.6e-08   4.7e-06   24.7   0.2   484   577   235   326   228   331 0.93 -
DkoeA00007936-RA     -            813 21223at7147          -            950   6.6e-06   24.2   0.1   1   1   6.7e-08   1.2e-05   23.3   0.1   470   526   681   738   662   749 0.88 -
DkoeA00007976-RA     -            342 21223at7147          -            950   6.6e-06   24.2   0.0   1   1   5.2e-08   9.3e-06   23.7   0.0   467   547   120   205    98   211 0.83 -
DkoeA00000161-RA     -            401 21223at7147          -            950   7.8e-06   24.0   0.1   1   1   6.3e-08   1.1e-05   23.4   0.1   479   576    20   118     5   124 0.76 -
DkoeA00007568-RA     -            125 21223at7147          -            950   7.8e-06   24.0   0.0   1   1   4.7e-08   8.4e-06   23.9   0.0   469   529    35    95    12   114 0.85 -
DkoeA00000289-RA     -           1607 21223at7147          -            950   2.2e-05   22.4   0.1   1   1   1.9e-07   3.4e-05   21.9   0.1   493   574  1116  1200  1089  1206 0.91 -
DkoeA00007149-RA     -            552 21223at7147          -            950   3.3e-05   21.9  19.2   1   2    0.0044      0.78    7.4   9.3   739   864    57   184    50   274 0.68 -
DkoeA00007149-RA     -            552 21223at7147          -            950   3.3e-05   21.9  19.2   2   2   1.9e-06   0.00034   18.5   2.4   796   883   291   388   281   437 0.79 -
DkoeA00017449-RA     -            255 21223at7147          -            950   3.5e-05   21.8  11.2   1   2     0.018       3.2    5.4   2.0   786   880    17   116     5   128 0.53 -
DkoeA00017449-RA     -            255 21223at7147          -            950   3.5e-05   21.8  11.2   2   2   8.9e-07   0.00016   19.6   5.3   762   855   110   204   106   210 0.84 -
DkoeA00018048-RA     -            443 21223at7147          -            950   3.6e-05   21.8   0.1   1   1   2.2e-07     4e-05   21.6   0.1   500   580   345   423   179   427 0.84 -
DkoeA00004538-RA     -           1542 21223at7147          -            950   7.2e-05   20.8  11.8   1   4   0.00014     0.026   12.3   5.4   771   929   321   515   269   522 0.66 -
DkoeA00004538-RA     -           1542 21223at7147          -            950   7.2e-05   20.8  11.8   2   4      0.31        55    1.3   0.1   795   896   465   564   458   574 0.74 -
DkoeA00004538-RA     -           1542 21223at7147          -            950   7.2e-05   20.8  11.8   3   4     0.003      0.54    7.9   0.3   761   827   602   672   576   678 0.73 -
DkoeA00004538-RA     -           1542 21223at7147          -            950   7.2e-05   20.8  11.8   4   4      0.73   1.3e+02    0.0   0.0   603   672   817   889   797   900 0.80 -
DkoeA00001706-RA     -            832 21223at7147          -            950   0.00012   20.1   0.0   1   1   1.3e-06   0.00024   19.1   0.0   474   558   690   772   679   815 0.87 -
DkoeA00016273-RA     -            229 21223at7147          -            950   0.00013   19.9   5.2   1   2   0.00097      0.17    9.6   0.2   474   575    37   136    27   137 0.77 -
DkoeA00016273-RA     -            229 21223at7147          -            950   0.00013   19.9   5.2   2   2   4.9e-05    0.0088   13.9   1.4   467   563   129   228   115   229 0.88 -
DkoeA00004862-RA     -           1037 21223at7147          -            950   0.00023   19.1  14.8   1   3     0.054       9.7    3.8   1.3   782   874   333   439   322   460 0.72 -
DkoeA00004862-RA     -           1037 21223at7147          -            950   0.00023   19.1  14.8   2   3    0.0027      0.49    8.1   2.3   757   883   405   540   398   581 0.73 -
DkoeA00004862-RA     -           1037 21223at7147          -            950   0.00023   19.1  14.8   3   3     4e-06   0.00072   17.5   1.8   769   890   589   715   571   733 0.70 -
DkoeA00013373-RA     -            760 21223at7147          -            950   0.00028   18.8  16.5   1   4   0.00036     0.065   11.0   1.7   794   873    99   190    73   191 0.75 -
DkoeA00013373-RA     -            760 21223at7147          -            950   0.00028   18.8  16.5   2   4   0.00016     0.029   12.1  11.1   777   941   133   300   111   312 0.68 -
DkoeA00013373-RA     -            760 21223at7147          -            950   0.00028   18.8  16.5   3   4    0.0019      0.34    8.6   6.6   769   912   173   317   168   351 0.62 -
DkoeA00013373-RA     -            760 21223at7147          -            950   0.00028   18.8  16.5   4   4    0.0058         1    7.0   0.2   772   855   320   405   314   416 0.82 -
DkoeA00007330-RA     -            712 21223at7147          -            950   0.00063   17.7   1.5   1   3   0.00014     0.026   12.3   0.1   463   531    63   130    23   137 0.68 -
DkoeA00007330-RA     -            712 21223at7147          -            950   0.00063   17.7   1.5   2   3     0.078        14    3.3   0.1   475   590   203   324   168   330 0.72 -
DkoeA00007330-RA     -            712 21223at7147          -            950   0.00063   17.7   1.5   3   3       2.2   3.9e+02   -1.5   0.0   551   620   420   497   415   509 0.67 -
DkoeA00008265-RA     -            108 21223at7147          -            950   0.00099   17.0   0.0   1   1   5.5e-06   0.00099   17.0   0.0   500   566    54    85    19    99 0.71 -
DkoeA00005256-RA     -            427 21223at7147          -            950     0.001   16.9   4.8   1   1   2.3e-05     0.004   15.0   4.8   781   897   158   288   153   320 0.72 -
DkoeA00011947-RA     -            953 21223at7147          -            950    0.0023   15.8   0.6   1   1   2.7e-05    0.0049   14.7   0.6    21   135   728   829   718   854 0.73 -
DkoeA00009975-RA     -            414 21223at7147          -            950    0.0023   15.8   4.0   1   2    0.0072       1.3    6.7   0.2   788   858   123   202    75   223 0.68 -
DkoeA00009975-RA     -            414 21223at7147          -            950    0.0023   15.8   4.0   2   2     0.012       2.1    6.0   0.0   777   825   309   358   305   368 0.88 -
DkoeA00007961-RA     -            688 21223at7147          -            950    0.0028   15.5   2.8   1   1   2.1e-05    0.0038   15.1   2.8   787   875    74   162    65   195 0.78 -
DkoeA00004852-RA     -           1098 21223at7147          -            950     0.004   15.0  41.0   1   5   0.00021     0.038   11.7   5.6   769   940   220   396   199   406 0.73 -
DkoeA00004852-RA     -           1098 21223at7147          -            950     0.004   15.0  41.0   2   5      0.03       5.4    4.6   2.0   794   884   385   486   367   508 0.65 -
DkoeA00004852-RA     -           1098 21223at7147          -            950     0.004   15.0  41.0   3   5    0.0031      0.56    7.9   3.0   768   873   482   592   478   607 0.56 -
DkoeA00004852-RA     -           1098 21223at7147          -            950     0.004   15.0  41.0   4   5     0.016       2.8    5.6   4.1   798   941   626   782   607   794 0.68 -
DkoeA00004852-RA     -           1098 21223at7147          -            950     0.004   15.0  41.0   5   5    0.0017       0.3    8.8   7.8   767   918   694   864   688   879 0.67 -
DkoeA00006766-RA     -            742 21223at7147          -            950    0.0043   14.9   0.7   1   2   3.5e-05    0.0062   14.4   0.0   474   561   187   273   182   281 0.59 -
DkoeA00006766-RA     -            742 21223at7147          -            950    0.0043   14.9   0.7   2   2       8.2   1.5e+03   -3.4   0.4   876   903   487   515   480   543 0.47 -
DkoeA00015651-RA     -            182 21223at7147          -            950    0.0046   14.8   0.3   1   1   3.2e-05    0.0057   14.5   0.3   776   873    24   128    17   135 0.77 -
DkoeA00012452-RA     -           1419 21223at7147          -            950    0.0049   14.7  58.5   1   7     0.073        13    3.4   5.4   776   880   132   245   110   284 0.66 -
DkoeA00012452-RA     -           1419 21223at7147          -            950    0.0049   14.7  58.5   2   7    0.0075       1.3    6.6   4.6   796   874   285   375   269   401 0.58 -
DkoeA00012452-RA     -           1419 21223at7147          -            950    0.0049   14.7  58.5   3   7    0.0015      0.27    8.9   2.1   784   861   491   573   485   596 0.82 -
DkoeA00012452-RA     -           1419 21223at7147          -            950    0.0049   14.7  58.5   4   7   0.00043     0.077   10.7   3.9   776   941   606   777   592   783 0.66 -
DkoeA00012452-RA     -           1419 21223at7147          -            950    0.0049   14.7  58.5   5   7   0.00039      0.07   10.9   6.9   773   911   747   900   730   908 0.62 -
DkoeA00012452-RA     -           1419 21223at7147          -            950    0.0049   14.7  58.5   6   7      0.29        52    1.4   6.9   800   894   870   977   865   993 0.61 -
DkoeA00012452-RA     -           1419 21223at7147          -            950    0.0049   14.7  58.5   7   7       1.6   2.9e+02   -1.1   7.1   759   833   897   979   893  1080 0.69 -
DkoeA00011299-RA     -            550 21223at7147          -            950    0.0049   14.7  19.5   1   2     0.011         2    6.1   9.9   771   929   126   293   106   309 0.72 -
DkoeA00011299-RA     -            550 21223at7147          -            950    0.0049   14.7  19.5   2   2   0.00011     0.019   12.7   2.6   767   861   336   434   317   472 0.78 -
DkoeA00016066-RA     -           1195 21223at7147          -            950    0.0055   14.5  54.4   1   7       1.4   2.4e+02   -0.8   0.1   781   832    16    73     5    77 0.57 -
DkoeA00016066-RA     -           1195 21223at7147          -            950    0.0055   14.5  54.4   2   7     0.038       6.8    4.3   2.4   797   896   128   240   123   252 0.75 -
DkoeA00016066-RA     -           1195 21223at7147          -            950    0.0055   14.5  54.4   3   7     0.001      0.18    9.5   0.7   783   943   237   405   235   412 0.74 -
DkoeA00016066-RA     -           1195 21223at7147          -            950    0.0055   14.5  54.4   4   7     0.021       3.8    5.1   0.9   794   858   523   592   482   605 0.76 -
DkoeA00016066-RA     -           1195 21223at7147          -            950    0.0055   14.5  54.4   5   7   7.5e-05     0.013   13.3   9.1   778   927   605   758   598   768 0.75 -
DkoeA00016066-RA     -           1195 21223at7147          -            950    0.0055   14.5  54.4   6   7      0.02       3.6    5.2   2.7   785   897   730   853   727   880 0.71 -
DkoeA00016066-RA     -           1195 21223at7147          -            950    0.0055   14.5  54.4   7   7    0.0049      0.88    7.2   0.4   804   858   868   925   851   965 0.53 -
DkoeA00009313-RA     -            556 21223at7147          -            950    0.0086   13.9   1.6   1   1   6.5e-05     0.012   13.5   1.6   757   824   258   329   241   414 0.83 -
DkoeA00010968-RA     -            996 21223at7147          -            950     0.017   12.9   4.8   1   1   0.00014     0.025   12.4   4.8   765   941   123   311    81   316 0.74 -
DkoeA00011854-RA     -            902 21223at7147          -            950     0.046   11.5   3.0   1   1   0.00036     0.064   11.0   3.0   746   861   147   266   128   281 0.82 -
DkoeA00016759-RA     -            282 21223at7147          -            950     0.055   11.2   3.4   1   2   0.00063      0.11   10.2   0.8   797   876    46   134    13   144 0.71 -
DkoeA00016759-RA     -            282 21223at7147          -            950     0.055   11.2   3.4   2   2      0.32        58    1.2   0.1   785   830   151   200   138   222 0.59 -
DkoeA00012204-RA     -            902 21223at7147          -            950     0.055   11.2   0.1   1   1   0.00046     0.082   10.6   0.1   539   578   772   811   739   823 0.87 -
DkoeA00011258-RA     -            520 21223at7147          -            950     0.061   11.1   0.1   1   1   0.00048     0.086   10.6   0.1   473   524    44    94    42   102 0.88 -
DkoeA00007025-RA     -            383 21223at7147          -            950     0.072   10.8   4.1   1   2      0.02       3.7    5.2   0.3   776   865    99   189    74   193 0.72 -
DkoeA00007025-RA     -            383 21223at7147          -            950     0.072   10.8   4.1   2   2    0.0061       1.1    6.9   1.2   787   863   184   266   181   273 0.70 -
DkoeA00006226-RA     -            237 21223at7147          -            950     0.086   10.6   6.2   1   2    0.0015      0.26    9.0   5.1   809   896    48   142    23   186 0.69 -
DkoeA00006226-RA     -            237 21223at7147          -            950     0.086   10.6   6.2   2   2       0.4        71    0.9   0.1   790   833   167   214   149   225 0.66 -
DkoeA00007552-RA     -            384 21223at7147          -            950      0.13   10.0   8.7   1   1   0.00054     0.097   10.4   7.3   776   853    70   149    19   169 0.51 -
DkoeA00000110-RA     -           1629 21223at7147          -            950      0.14    9.9  30.4   1   5      0.11        19    2.8   0.5   821   879   312   374   273   406 0.44 -
DkoeA00000110-RA     -           1629 21223at7147          -            950      0.14    9.9  30.4   2   5      0.04       7.1    4.2   0.3   788   857   424   498   413   530 0.74 -
DkoeA00000110-RA     -           1629 21223at7147          -            950      0.14    9.9  30.4   3   5   9.7e-05     0.017   12.9   0.3   818   927   529   640   505   665 0.68 -
DkoeA00000110-RA     -           1629 21223at7147          -            950      0.14    9.9  30.4   4   5     0.035       6.2    4.4   6.1   792   927   691   831   662   850 0.64 -
DkoeA00000110-RA     -           1629 21223at7147          -            950      0.14    9.9  30.4   5   5      0.32        58    1.2   0.6   773   857   886   976   871   993 0.70 -
DkoeA00001903-RA     -            735 21223at7147          -            950      0.15    9.8   5.5   1   2       2.5   4.4e+02   -1.7   0.1   770   832   209   273   183   289 0.59 -
DkoeA00001903-RA     -            735 21223at7147          -            950      0.15    9.8   5.5   2   2   0.00021     0.038   11.8   1.7   785   880   291   392   284   419 0.83 -
DkoeA00001811-RA     -            756 21223at7147          -            950      0.17    9.6   5.5   1   2       2.5   4.4e+02   -1.7   0.1   770   832   209   273   178   287 0.57 -
DkoeA00001811-RA     -            756 21223at7147          -            950      0.17    9.6   5.5   2   2   0.00023     0.041   11.6   1.8   785   880   291   392   284   419 0.83 -
DkoeA00018188-RA     -           1253 21223at7147          -            950       0.3    8.8  20.6   1   2    0.0045      0.81    7.4   9.4   783   931    35   195    10   211 0.65 -
DkoeA00018188-RA     -           1253 21223at7147          -            950       0.3    8.8  20.6   2   2     0.083        15    3.2   8.7   794   874   188   279   171   355 0.58 -
DkoeA00000646-RA     -            793 21223at7147          -            950      0.37    8.5   7.6   1   3     0.016       2.9    5.5   0.8   783   858    77   157    69   185 0.79 -
DkoeA00000646-RA     -            793 21223at7147          -            950      0.37    8.5   7.6   2   3       1.6   2.8e+02   -1.0   0.1   793   851   256   319   227   358 0.61 -
DkoeA00000646-RA     -            793 21223at7147          -            950      0.37    8.5   7.6   3   3     0.018       3.3    5.3   0.1   784   852   368   436   344   439 0.88 -
DkoeA00010425-RA     -            958 21223at7147          -            950      0.48    8.1  19.7   1   3    0.0056         1    7.1   1.8   818   874   318   379   304   414 0.72 -
DkoeA00010425-RA     -            958 21223at7147          -            950      0.48    8.1  19.7   2   3    0.0054      0.97    7.1   2.5   783   874   457   557   436   583 0.78 -
DkoeA00010425-RA     -            958 21223at7147          -            950      0.48    8.1  19.7   3   3     0.049       8.7    3.9   1.1   796   873   777   864   748   926 0.70 -
DkoeA00012879-RA     -            624 21223at7147          -            950      0.62    7.7  29.4   1   6    0.0012      0.21    9.3   2.3   782   873   148   248   122   260 0.71 -
DkoeA00012879-RA     -            624 21223at7147          -            950      0.62    7.7  29.4   2   6     0.022       3.9    5.1   2.0   789   862   247   323   241   358 0.73 -
DkoeA00012879-RA     -            624 21223at7147          -            950      0.62    7.7  29.4   3   6      0.12        22    2.6   0.8   782   874   286   388   272   443 0.75 -
DkoeA00012879-RA     -            624 21223at7147          -            950      0.62    7.7  29.4   4   6      0.73   1.3e+02    0.1   3.8   800   861   422   486   394   520 0.51 -
DkoeA00012879-RA     -            624 21223at7147          -            950      0.62    7.7  29.4   5   6       0.5        90    0.6   9.4   782   873   450   550   432   584 0.66 -
DkoeA00012879-RA     -            624 21223at7147          -            950      0.62    7.7  29.4   6   6    0.0056         1    7.1   0.9   784   858   521   599   515   605 0.79 -
DkoeA00008478-RA     -            524 21223at7147          -            950      0.86    7.3   5.4   1   1    0.0095       1.7    6.3   5.4   766   932   176   349   154   352 0.60 -
DkoeA00008524-RA     -           1266 21223at7147          -            950       4.2    5.0  21.0   1   3   0.00012     0.022   12.6   8.5   815   942   104   227    84   235 0.76 -
DkoeA00008524-RA     -           1266 21223at7147          -            950       4.2    5.0  21.0   2   3     0.037       6.6    4.3   0.6   776   877   202   309   187   354 0.49 -
DkoeA00008524-RA     -           1266 21223at7147          -            950       4.2    5.0  21.0   3   3       2.8   4.9e+02   -1.9   1.8   792   814   516   538   456   584 0.53 -
DkoeA00007831-RA     -            832 21223at7147          -            950       4.4    4.9  14.8   1   3      0.09        16    3.1   7.7   785   858   244   325   225   376 0.36 -
DkoeA00007831-RA     -            832 21223at7147          -            950       4.4    4.9  14.8   2   3      0.75   1.3e+02    0.0   4.6   793   870   328   417   310   421 0.45 -
DkoeA00007831-RA     -            832 21223at7147          -            950       4.4    4.9  14.8   3   3      0.19        34    2.0   4.9   780   891   362   487   341   497 0.70 -
DkoeA00006082-RA     -           1495 21223at7147          -            950       5.9    4.5  57.1   1   7    0.0084       1.5    6.5   0.6   804   939    42   181    23   190 0.74 -
DkoeA00006082-RA     -           1495 21223at7147          -            950       5.9    4.5  57.1   2   7      0.23        41    1.7   3.9   795   899   264   382   228   428 0.58 -
DkoeA00006082-RA     -           1495 21223at7147          -            950       5.9    4.5  57.1   3   7    0.0038      0.68    7.6   8.8   767   918   403   568   387   573 0.53 -
DkoeA00006082-RA     -           1495 21223at7147          -            950       5.9    4.5  57.1   4   7   5.3e-05    0.0095   13.8  11.9   770   929   482   652   446   665 0.73 -
DkoeA00006082-RA     -           1495 21223at7147          -            950       5.9    4.5  57.1   5   7     0.012       2.1    6.0  13.1   778   939   533   713   529   722 0.68 -
DkoeA00006082-RA     -           1495 21223at7147          -            950       5.9    4.5  57.1   6   7      0.89   1.6e+02   -0.2   9.1   793   919   609   745   601   772 0.73 -
DkoeA00006082-RA     -           1495 21223at7147          -            950       5.9    4.5  57.1   7   7     0.042       7.5    4.2   6.7   793   880   824   922   774   961 0.72 -
DkoeA00007572-RA     -           1552 21223at7147          -            950       9.9    3.8  25.5   1   3    0.0002     0.036   11.8   2.1   796   880   390   486   374   512 0.80 -
DkoeA00007572-RA     -           1552 21223at7147          -            950       9.9    3.8  25.5   2   3      0.13        23    2.6   9.1   797   919   513   647   488   675 0.52 -
DkoeA00007572-RA     -           1552 21223at7147          -            950       9.9    3.8  25.5   3   3       5.5   9.8e+02   -2.8   0.8   794   873   993  1087   978  1114 0.57 -
#
# Program:         hmmsearch
# Version:         3.1b2 (February 2015)
# Pipeline mode:   SEARCH
# Query file:      /home/nmoreyra/Documents/Genomics/03_orthologs_search/00_Phylogenomics_BUSCO-groups/busco4_odb10/busco_downloads/lineages/diptera_odb10/hmms/21223at7147.hmm
# Target file:     /home/nmoreyra/Documents/Genomics/03_orthologs_search/00_Phylogenomics_BUSCO-groups/busco4_odb10/../00_proteins/DkoeA_proteins.fasta
# Option settings: /home/nmoreyra/Software/miniconda3/envs/busco4/bin/hmmsearch --domtblout /home/nmoreyra/Documents/Genomics/03_orthologs_search/00_Phylogenomics_BUSCO-groups/busco4_odb10/DkoeA_diptera/run_diptera_odb10/hmmer_output/initial_run_results/21223at7147.out --cpu 1 /home/nmoreyra/Documents/Genomics/03_orthologs_search/00_Phylogenomics_BUSCO-groups/busco4_odb10/busco_downloads/lineages/diptera_odb10/hmms/21223at7147.hmm /home/nmoreyra/Documents/Genomics/03_orthologs_search/00_Phylogenomics_BUSCO-groups/busco4_odb10/../00_proteins/DkoeA_proteins.fasta 
# Current dir:     /home/nmoreyra/Documents/Genomics/03_orthologs_search/00_Phylogenomics_BUSCO-groups/busco4_odb10
# Date:            Mon Jan 25 13:51:42 2021
# [ok]
