#                                                                            --- full sequence --- -------------- this domain -------------   hmm coord   ali coord   env coord
# target name        accession   tlen query name           accession   qlen   E-value  score  bias   #  of  c-Evalue  i-Evalue  score  bias  from    to  from    to  from    to  acc description of target
#------------------- ---------- ----- -------------------- ---------- ----- --------- ------ ----- --- --- --------- --------- ------ ----- ----- ----- ----- ----- ----- ----- ---- ---------------------
DkoeA00000592-RA     -            804 22925at7147          -            596  8.7e-260  863.1  31.3   1   1  4.2e-259  1.2e-255  849.4  31.3    14   580   110   770    75   801 0.87 -
DkoeA00017323-RA     -            861 22925at7147          -            596    0.0015   16.9   0.1   1   2      0.14   4.1e+02   -1.0   0.0   402   455   391   444   380   450 0.79 -
DkoeA00017323-RA     -            861 22925at7147          -            596    0.0015   16.9   0.1   2   2   3.4e-06      0.01   14.2   0.0   342   438   722   821   717   833 0.89 -
DkoeA00009795-RA     -            403 22925at7147          -            596    0.0016   16.9   0.2   1   1   1.1e-06    0.0032   15.8   0.2   333   430   200   293   185   297 0.79 -
DkoeA00016722-RA     -            484 22925at7147          -            596    0.0021   16.4   0.7   1   2     0.026        76    1.4   0.8   348   420   164   238    82   247 0.57 -
DkoeA00016722-RA     -            484 22925at7147          -            596    0.0021   16.4   0.7   2   2   7.3e-07    0.0021   16.4   0.7   337   458   289   416   271   424 0.88 -
DkoeA00013262-RA     -            345 22925at7147          -            596      0.17   10.2   0.1   1   1   8.2e-05      0.24    9.7   0.1   393   466   140   213   116   246 0.78 -
DkoeA00012527-RA     -            678 22925at7147          -            596      0.48    8.7   3.0   1   2     0.051   1.5e+02    0.5   0.1   307   360    47   103    44   111 0.69 -
DkoeA00012527-RA     -            678 22925at7147          -            596      0.48    8.7   3.0   2   2   0.00031      0.89    7.8   0.1   330   390   210   276   189   284 0.78 -
#
# Program:         hmmsearch
# Version:         3.1b2 (February 2015)
# Pipeline mode:   SEARCH
# Query file:      /home/nmoreyra/Documents/Genomics/03_orthologs_search/00_Phylogenomics_BUSCO-groups/busco4_odb10/busco_downloads/lineages/diptera_odb10/hmms/22925at7147.hmm
# Target file:     /home/nmoreyra/Documents/Genomics/03_orthologs_search/00_Phylogenomics_BUSCO-groups/busco4_odb10/../00_proteins/DkoeA_proteins.fasta
# Option settings: /home/nmoreyra/Software/miniconda3/envs/busco4/bin/hmmsearch --domtblout /home/nmoreyra/Documents/Genomics/03_orthologs_search/00_Phylogenomics_BUSCO-groups/busco4_odb10/DkoeA_diptera/run_diptera_odb10/hmmer_output/initial_run_results/22925at7147.out --cpu 1 /home/nmoreyra/Documents/Genomics/03_orthologs_search/00_Phylogenomics_BUSCO-groups/busco4_odb10/busco_downloads/lineages/diptera_odb10/hmms/22925at7147.hmm /home/nmoreyra/Documents/Genomics/03_orthologs_search/00_Phylogenomics_BUSCO-groups/busco4_odb10/../00_proteins/DkoeA_proteins.fasta 
# Current dir:     /home/nmoreyra/Documents/Genomics/03_orthologs_search/00_Phylogenomics_BUSCO-groups/busco4_odb10
# Date:            Mon Jan 25 13:54:44 2021
# [ok]
