#                                                                            --- full sequence --- -------------- this domain -------------   hmm coord   ali coord   env coord
# target name        accession   tlen query name           accession   qlen   E-value  score  bias   #  of  c-Evalue  i-Evalue  score  bias  from    to  from    to  from    to  acc description of target
#------------------- ---------- ----- -------------------- ---------- ----- --------- ------ ----- --- --- --------- --------- ------ ----- ----- ----- ----- ----- ----- ----- ---- ---------------------
DkoeA00012585-RA     -            508 23623at7147          -            411  6.3e-157  522.6  13.8   1   1  2.6e-158  1.6e-155  517.9  13.8     1   411    52   503    52   503 0.89 -
DkoeA00012584-RA     -            565 23623at7147          -            411   1.2e-46  159.4  20.0   1   1   1.9e-47   1.2e-44  152.8  20.0     6   409   100   544    96   546 0.78 -
DkoeA00007477-RA     -            517 23623at7147          -            411     1e-43  149.7  22.2   1   1   6.4e-45     4e-42  144.4  22.2     4   405    25   472    22   478 0.77 -
DkoeA00010745-RA     -            615 23623at7147          -            411   1.4e-43  149.2  12.3   1   2   1.2e-18   7.7e-16   57.9   2.2     4   159    60   229    58   251 0.74 -
DkoeA00010745-RA     -            615 23623at7147          -            411   1.4e-43  149.2  12.3   2   2   2.8e-30   1.8e-27   96.2   2.6   178   407   275   538   264   541 0.73 -
DkoeA00004886-RA     -            605 23623at7147          -            411   8.7e-40  136.7  12.4   1   2   1.3e-18   7.9e-16   57.8   3.8     2   167    25   217    24   233 0.77 -
DkoeA00004886-RA     -            605 23623at7147          -            411   8.7e-40  136.7  12.4   2   2   2.3e-26   1.5e-23   83.3   1.4   175   409   248   514   236   516 0.78 -
DkoeA00012085-RA     -            574 23623at7147          -            411   1.8e-36  125.8  13.0   1   1   1.4e-38   9.1e-36  123.5  13.0     5   406    33   493    29   496 0.72 -
DkoeA00010363-RA     -            547 23623at7147          -            411   4.1e-36  124.6   4.7   1   1   3.5e-36   2.2e-33  115.7   4.7     8   405    39   473    34   477 0.75 -
DkoeA00018018-RA     -            480 23623at7147          -            411   1.8e-34  119.2  15.2   1   1   1.9e-36   1.2e-33  116.5  15.2     7   410    35   467    30   468 0.78 -
DkoeA00015654-RA     -            553 23623at7147          -            411     2e-34  119.1  14.3   1   3   2.9e-15   1.8e-12   46.8   0.1     6    99    40   136    35   158 0.88 -
DkoeA00015654-RA     -            553 23623at7147          -            411     2e-34  119.1  14.3   2   3   4.5e-14   2.8e-11   42.8   5.3   118   286   191   364   186   382 0.76 -
DkoeA00015654-RA     -            553 23623at7147          -            411     2e-34  119.1  14.3   3   3   2.1e-11   1.3e-08   34.0   0.3   294   403   402   521   382   526 0.68 -
DkoeA00004979-RA     -            610 23623at7147          -            411   2.6e-33  115.4  11.9   1   3   5.1e-15   3.2e-12   45.9   0.6     6    89    76   162    72   174 0.83 -
DkoeA00004979-RA     -            610 23623at7147          -            411   2.6e-33  115.4  11.9   2   3     0.058        36    3.0   0.0   125   162   225   268   217   276 0.78 -
DkoeA00004979-RA     -            610 23623at7147          -            411   2.6e-33  115.4  11.9   3   3     2e-22   1.3e-19   70.3   2.9   175   409   311   591   296   593 0.74 -
DkoeA00015653-RA     -            600 23623at7147          -            411   1.6e-30  106.3  12.5   1   3   1.1e-14   6.8e-12   44.9   0.0     2   103    55   158    54   169 0.87 -
DkoeA00015653-RA     -            600 23623at7147          -            411   1.6e-30  106.3  12.5   2   3   1.3e-14   8.2e-12   44.6   3.4   121   285   210   377   203   391 0.79 -
DkoeA00015653-RA     -            600 23623at7147          -            411   1.6e-30  106.3  12.5   3   3   2.2e-07   0.00014   20.8   0.8   346   405   491   550   412   555 0.92 -
DkoeA00006218-RA     -            660 23623at7147          -            411   2.5e-30  105.6  22.6   1   2   6.5e-12   4.1e-09   35.7   4.0     7   128   121   254   117   331 0.66 -
DkoeA00006218-RA     -            660 23623at7147          -            411   2.5e-30  105.6  22.6   2   2   1.1e-21   6.7e-19   67.9  10.7   178   406   369   634   360   638 0.75 -
DkoeA00001543-RA     -            555 23623at7147          -            411   5.1e-30  104.6   9.3   1   2   3.2e-13     2e-10   40.0   0.0     5    86    47   131    43   160 0.81 -
DkoeA00001543-RA     -            555 23623at7147          -            411   5.1e-30  104.6   9.3   2   2     1e-19   6.3e-17   61.4   7.9   110   405   186   515   169   520 0.74 -
DkoeA00010809-RA     -            586 23623at7147          -            411     1e-29  103.6   8.1   1   2   8.7e-12   5.5e-09   35.3   0.1     4   119    51   172    48   184 0.79 -
DkoeA00010809-RA     -            586 23623at7147          -            411     1e-29  103.6   8.1   2   2   3.8e-22   2.4e-19   69.4   4.8   232   407   299   479   268   483 0.73 -
DkoeA00000394-RA     -            516 23623at7147          -            411   1.1e-29  103.5  26.3   1   2   3.6e-18   2.2e-15   56.3   2.7     2   160    15   191    14   202 0.76 -
DkoeA00000394-RA     -            516 23623at7147          -            411   1.1e-29  103.5  26.3   2   2   1.2e-16   7.7e-14   51.3  15.8   180   410   238   501   230   502 0.66 -
DkoeA00001547-RA     -            532 23623at7147          -            411   4.5e-29  101.4  17.1   1   2     3e-23   1.9e-20   73.1  12.2     5   315    34   384    30   396 0.67 -
DkoeA00001547-RA     -            532 23623at7147          -            411   4.5e-29  101.4  17.1   2   2   1.7e-08   1.1e-05   24.5   0.2   309   403   419   514   391   519 0.82 -
DkoeA00005263-RA     -            460 23623at7147          -            411   3.6e-25   88.6  14.4   1   3   4.4e-11   2.8e-08   33.0   0.1     2    88     3    91     2   116 0.85 -
DkoeA00005263-RA     -            460 23623at7147          -            411   3.6e-25   88.6  14.4   2   3     0.074        46    2.6   1.9   123   163   146   192   132   204 0.76 -
DkoeA00005263-RA     -            460 23623at7147          -            411   3.6e-25   88.6  14.4   3   3   2.9e-19   1.8e-16   59.9   1.8   242   408   257   441   240   444 0.74 -
DkoeA00014049-RA     -            483 23623at7147          -            411   5.1e-25   88.1  13.5   1   3   2.5e-12   1.6e-09   37.1   0.7     2    82    19   101    18   112 0.89 -
DkoeA00014049-RA     -            483 23623at7147          -            411   5.1e-25   88.1  13.5   2   3       5.9   3.7e+03   -3.7   0.9   118   150   167   203   165   222 0.58 -
DkoeA00014049-RA     -            483 23623at7147          -            411   5.1e-25   88.1  13.5   3   3     2e-19   1.3e-16   60.4   0.4   238   406   278   464   258   469 0.72 -
DkoeA00001544-RA     -            567 23623at7147          -            411     4e-23   81.9  16.7   1   1   4.9e-22   3.1e-19   69.1  16.7     4   404    27   504    24   511 0.62 -
DkoeA00007385-RA     -            433 23623at7147          -            411     5e-23   81.5   4.8   1   3   4.4e-14   2.8e-11   42.9   0.0     2    99     8   109     7   127 0.82 -
DkoeA00007385-RA     -            433 23623at7147          -            411     5e-23   81.5   4.8   2   3      0.02        12    4.5   0.7   125   157   160   198   149   207 0.81 -
DkoeA00007385-RA     -            433 23623at7147          -            411     5e-23   81.5   4.8   3   3   1.7e-11     1e-08   34.4   0.1   232   409   248   427   242   429 0.75 -
DkoeA00012589-RA     -            469 23623at7147          -            411   3.1e-20   72.3   2.9   1   2   1.6e-10   9.9e-08   31.2   0.1   121   273    77   247    71   256 0.74 -
DkoeA00012589-RA     -            469 23623at7147          -            411   3.1e-20   72.3   2.9   2   2   1.7e-13   1.1e-10   40.9   0.8   307   406   329   440   247   445 0.79 -
DkoeA00006561-RA     -            564 23623at7147          -            411   1.2e-19   70.4  13.7   1   2   1.9e-11   1.2e-08   34.2   0.0     7   113   125   234   119   250 0.80 -
DkoeA00006561-RA     -            564 23623at7147          -            411   1.2e-19   70.4  13.7   2   2     9e-12   5.6e-09   35.3  11.4   229   407   367   558   331   562 0.76 -
DkoeA00001545-RA     -            480 23623at7147          -            411   7.9e-18   64.4  15.9   1   1   5.4e-20   3.4e-17   62.3  15.9    28   397    33   432    30   436 0.75 -
DkoeA00010362-RA     -            519 23623at7147          -            411   2.2e-17   63.0  21.9   1   3   1.9e-12   1.2e-09   37.5   0.1     6   105    43   144    39   159 0.82 -
DkoeA00010362-RA     -            519 23623at7147          -            411   2.2e-17   63.0  21.9   2   3   0.00075      0.47    9.2   0.8   116   161   178   229   148   247 0.83 -
DkoeA00010362-RA     -            519 23623at7147          -            411   2.2e-17   63.0  21.9   3   3   3.8e-08   2.4e-05   23.3   9.9   249   403   310   502   295   509 0.68 -
DkoeA00011683-RA     -            566 23623at7147          -            411   2.7e-15   56.1  12.7   1   3       1.2   7.7e+02   -1.4   0.0   365   394    56    85     8    92 0.69 -
DkoeA00011683-RA     -            566 23623at7147          -            411   2.7e-15   56.1  12.7   2   3   2.2e-10   1.4e-07   30.7   0.5     6   105   100   203    95   223 0.78 -
DkoeA00011683-RA     -            566 23623at7147          -            411   2.7e-15   56.1  12.7   3   3   7.3e-10   4.6e-07   29.0   4.9   252   409   384   560   372   562 0.69 -
DkoeA00007946-RA     -            845 23623at7147          -            411   5.1e-15   55.2   1.8   1   2   3.8e-09   2.4e-06   26.6   0.2    26   122   403   498   379   506 0.84 -
DkoeA00007946-RA     -            845 23623at7147          -            411   5.1e-15   55.2   1.8   2   2     2e-09   1.3e-06   27.5   0.1   212   410   603   797   594   798 0.76 -
DkoeA00011514-RA     -            431 23623at7147          -            411   5.2e-11   42.0  21.5   1   1   2.8e-12   1.8e-09   36.9  21.5    48   400    32   400    15   407 0.68 -
DkoeA00012587-RA     -            109 23623at7147          -            411     0.026   13.3   0.3   1   1   4.3e-05     0.027   13.2   0.3    28    97    40   109    21   109 0.75 -
#
# Program:         hmmsearch
# Version:         3.1b2 (February 2015)
# Pipeline mode:   SEARCH
# Query file:      /home/nmoreyra/Documents/Genomics/03_orthologs_search/00_Phylogenomics_BUSCO-groups/busco4_odb10/busco_downloads/lineages/diptera_odb10/hmms/23623at7147.hmm
# Target file:     /home/nmoreyra/Documents/Genomics/03_orthologs_search/00_Phylogenomics_BUSCO-groups/busco4_odb10/../00_proteins/DkoeA_proteins.fasta
# Option settings: /home/nmoreyra/Software/miniconda3/envs/busco4/bin/hmmsearch --domtblout /home/nmoreyra/Documents/Genomics/03_orthologs_search/00_Phylogenomics_BUSCO-groups/busco4_odb10/DkoeA_diptera/run_diptera_odb10/hmmer_output/initial_run_results/23623at7147.out --cpu 1 /home/nmoreyra/Documents/Genomics/03_orthologs_search/00_Phylogenomics_BUSCO-groups/busco4_odb10/busco_downloads/lineages/diptera_odb10/hmms/23623at7147.hmm /home/nmoreyra/Documents/Genomics/03_orthologs_search/00_Phylogenomics_BUSCO-groups/busco4_odb10/../00_proteins/DkoeA_proteins.fasta 
# Current dir:     /home/nmoreyra/Documents/Genomics/03_orthologs_search/00_Phylogenomics_BUSCO-groups/busco4_odb10
# Date:            Mon Jan 25 13:52:18 2021
# [ok]
