#                                                                            --- full sequence --- -------------- this domain -------------   hmm coord   ali coord   env coord
# target name        accession   tlen query name           accession   qlen   E-value  score  bias   #  of  c-Evalue  i-Evalue  score  bias  from    to  from    to  from    to  acc description of target
#------------------- ---------- ----- -------------------- ---------- ----- --------- ------ ----- --- --- --------- --------- ------ ----- ----- ----- ----- ----- ----- ----- ---- ---------------------
DkoeA00016099-RA     -            499 23821at7147          -            404  2.7e-201  668.6   0.1   1   1  1.5e-203  3.4e-201  668.3   0.1     1   404    22   491    22   491 0.90 -
DkoeA00000445-RA     -            510 23821at7147          -            404   1.4e-68  231.6   0.0   1   1   1.2e-70   2.7e-68  230.6   0.0     1   402    25   500    25   502 0.79 -
DkoeA00008496-RA_P1  -            511 23821at7147          -            404     2e-57  194.8   0.6   1   2   1.8e-16     4e-14   52.2   0.0     1   106    25   145    25   165 0.82 -
DkoeA00008496-RA_P1  -            511 23821at7147          -            404     2e-57  194.8   0.6   2   2   2.1e-43   4.6e-41  140.9   0.2   160   385   225   480   182   494 0.82 -
DkoeA00008496-RA_P2  -            511 23821at7147          -            404   3.1e-55  187.6   0.4   1   2   2.3e-15   4.9e-13   48.7   0.0     1   114    25   155    25   166 0.79 -
DkoeA00008496-RA_P2  -            511 23821at7147          -            404   3.1e-55  187.6   0.4   2   2   3.2e-42   6.9e-40  137.1   0.1   158   385   223   480   179   493 0.86 -
DkoeA00005576-RA     -            537 23821at7147          -            404   1.8e-51  175.2   0.8   1   1   9.4e-53     2e-50  171.7   0.8     3   394    50   496    48   508 0.80 -
DkoeA00005575-RA     -            508 23821at7147          -            404   3.9e-28   98.4   0.0   1   1   3.1e-29   6.7e-27   94.3   0.0     6   396    38   483    35   489 0.74 -
DkoeA00001696-RA     -            536 23821at7147          -            404   5.2e-20   71.6   0.0   1   1   7.9e-22   1.7e-19   69.9   0.0   126   392   213   513   191   523 0.79 -
DkoeA00011368-RA     -            520 23821at7147          -            404   8.1e-19   67.7   0.1   1   1   5.3e-21   1.1e-18   67.2   0.1   189   393   272   498   235   502 0.79 -
DkoeA00011176-RA     -            534 23821at7147          -            404   2.1e-17   63.1   0.0   1   1   2.9e-19   6.3e-17   61.5   0.0   146   394   235   513   231   522 0.77 -
DkoeA00000937-RA     -            491 23821at7147          -            404   7.6e-17   61.2   0.0   1   1   5.1e-19   1.1e-16   60.7   0.0   214   388   269   462   233   476 0.76 -
DkoeA00006838-RA     -            518 23821at7147          -            404   1.1e-15   57.4   0.6   1   1   5.7e-17   1.2e-14   53.9   0.6   210   385   286   484   251   500 0.71 -
DkoeA00013035-RA     -            565 23821at7147          -            404   1.7e-15   56.8   0.1   1   2   1.2e-11   2.6e-09   36.4   0.0    37   361    88   450    46   456 0.55 -
DkoeA00013035-RA     -            565 23821at7147          -            404   1.7e-15   56.8   0.1   2   2   3.7e-06   0.00079   18.3   0.0   347   391   499   542   483   553 0.84 -
DkoeA00012824-RA_P2  -            505 23821at7147          -            404   1.9e-15   56.6   0.0   1   2      0.83   1.8e+02    0.7   0.0    65    94   101   131    89   155 0.81 -
DkoeA00012824-RA_P2  -            505 23821at7147          -            404   1.9e-15   56.6   0.0   2   2   8.9e-17   1.9e-14   53.3   0.0   235   393   308   485   296   490 0.82 -
DkoeA00012956-RA     -            508 23821at7147          -            404   2.4e-15   56.2   0.0   1   1   2.3e-17     5e-15   55.2   0.0   222   391   298   484   289   492 0.81 -
DkoeA00012728-RA     -            489 23821at7147          -            404   3.3e-15   55.8   0.0   1   1   3.1e-17   6.8e-15   54.8   0.0   204   391   255   458   210   468 0.75 -
DkoeA00007775-RA     -            492 23821at7147          -            404   1.4e-14   53.8   0.0   1   1   9.1e-17     2e-14   53.2   0.0   184   394   233   467   214   474 0.77 -
DkoeA00006793-RA     -            592 23821at7147          -            404   1.9e-14   53.3   0.0   1   1   1.5e-16   3.3e-14   52.5   0.0   225   385   378   563   316   570 0.73 -
DkoeA00007006-RA     -            546 23821at7147          -            404   1.9e-14   53.3   0.0   1   1   1.3e-16   2.9e-14   52.7   0.0   183   385   283   516   251   527 0.77 -
DkoeA00011495-RA_P1  -            559 23821at7147          -            404   2.4e-14   53.0   0.3   1   2   1.7e-12   3.6e-10   39.2   0.1    37   356    88   452    46   488 0.61 -
DkoeA00011495-RA_P1  -            559 23821at7147          -            404   2.4e-14   53.0   0.3   2   2   0.00029     0.063   12.1   0.0   348   390   494   535   479   546 0.82 -
DkoeA00006839-RA     -            514 23821at7147          -            404   2.9e-14   52.7   0.7   1   1   2.1e-15   4.5e-13   48.8   0.7   215   384   284   476   272   491 0.76 -
DkoeA00001327-RA     -            513 23821at7147          -            404   1.3e-13   50.5   0.0   1   1   1.1e-15   2.4e-13   49.7   0.0   228   400   307   496   295   500 0.82 -
DkoeA00005753-RA     -            496 23821at7147          -            404   1.5e-13   50.4   0.0   1   2       5.2   1.1e+03   -1.9   0.0    21    93    47   127    37   149 0.65 -
DkoeA00005753-RA     -            496 23821at7147          -            404   1.5e-13   50.4   0.0   2   2   2.2e-15   4.7e-13   48.7   0.0   235   385   306   464   299   480 0.84 -
DkoeA00009800-RA     -            528 23821at7147          -            404   8.1e-13   47.9   0.2   1   1   3.5e-14   7.7e-12   44.7   0.2   222   384   307   492   276   508 0.72 -
DkoeA00005118-RA     -            504 23821at7147          -            404   9.5e-13   47.7   0.5   1   2         2   4.3e+02   -0.6   0.1   150   198    56   103    43   117 0.77 -
DkoeA00005118-RA     -            504 23821at7147          -            404   9.5e-13   47.7   0.5   2   2   4.4e-15   9.5e-13   47.7   0.5   223   385   291   472   243   486 0.82 -
DkoeA00013420-RA     -            522 23821at7147          -            404   1.8e-12   46.8   0.1   1   2   3.6e-09   7.8e-07   28.2   0.0   227   299   300   372   292   378 0.88 -
DkoeA00013420-RA     -            522 23821at7147          -            404   1.8e-12   46.8   0.1   2   2   1.6e-05    0.0034   16.2   0.0   334   370   431   468   425   492 0.80 -
DkoeA00012420-RA     -            506 23821at7147          -            404   2.2e-12   46.5   1.2   1   2      0.45        98    1.5   0.1   150   199    55   103    44   123 0.75 -
DkoeA00012420-RA     -            506 23821at7147          -            404   2.2e-12   46.5   1.2   2   2   8.2e-14   1.8e-11   43.5   0.1   223   385   290   474   273   488 0.80 -
DkoeA00006568-RA     -            499 23821at7147          -            404   4.2e-12   45.6   0.0   1   1   3.1e-14   6.6e-12   44.9   0.0   227   395   293   478   252   484 0.83 -
DkoeA00004986-RA     -            507 23821at7147          -            404   5.5e-12   45.2   0.1   1   2      0.19        41    2.8   0.0    29    96    54   131    29   168 0.53 -
DkoeA00004986-RA     -            507 23821at7147          -            404   5.5e-12   45.2   0.1   2   2   1.7e-12   3.7e-10   39.2   0.0   234   384   304   476   281   491 0.75 -
DkoeA00006131-RA     -            505 23821at7147          -            404   6.4e-12   45.0   0.0   1   2      0.38        83    1.8   0.0   322   387    98   165    64   181 0.71 -
DkoeA00006131-RA     -            505 23821at7147          -            404   6.4e-12   45.0   0.0   2   2   1.5e-12   3.2e-10   39.4   0.0   236   385   303   472   250   480 0.77 -
DkoeA00013466-RA     -            510 23821at7147          -            404     7e-12   44.8   0.4   1   2       8.1   1.8e+03   -2.6   0.1    71    94   109   133    35   186 0.64 -
DkoeA00013466-RA     -            510 23821at7147          -            404     7e-12   44.8   0.4   2   2   8.1e-14   1.7e-11   43.5   0.0   235   384   313   480   303   492 0.80 -
DkoeA00006132-RA     -            512 23821at7147          -            404   8.9e-12   44.5   0.3   1   1   1.6e-13   3.5e-11   42.5   0.3   219   380   290   472   228   492 0.67 -
DkoeA00006646-RA     -            500 23821at7147          -            404   1.2e-11   44.1   0.0   1   1     9e-14   1.9e-11   43.4   0.0   231   399   295   481   234   484 0.81 -
DkoeA00006850-RA     -            506 23821at7147          -            404   1.2e-11   44.0   0.0   1   1   9.5e-14   2.1e-11   43.3   0.0   228   394   299   484   265   487 0.81 -
DkoeA00006130-RA     -            363 23821at7147          -            404   1.3e-11   43.9   0.0   1   2   4.2e-08   9.1e-06   24.7   0.0   239   299   153   213   136   219 0.90 -
DkoeA00006130-RA     -            363 23821at7147          -            404   1.3e-11   43.9   0.0   2   2   9.3e-06     0.002   17.0   0.0   334   370   272   309   266   334 0.80 -
DkoeA00013419-RA     -            506 23821at7147          -            404   1.4e-11   43.9   0.3   1   1   2.5e-13   5.4e-11   41.9   0.3   219   380   284   466   248   486 0.70 -
DkoeA00013418-RA     -            495 23821at7147          -            404   1.9e-11   43.4   0.0   1   2       1.8   3.8e+02   -0.4   0.0   343   386   111   154    86   170 0.77 -
DkoeA00013418-RA     -            495 23821at7147          -            404   1.9e-11   43.4   0.0   2   2   1.4e-12   3.1e-10   39.4   0.0   236   385   293   462   242   470 0.77 -
DkoeA00004639-RA     -            582 23821at7147          -            404   2.6e-11   43.0   0.0   1   1   1.8e-13   3.9e-11   42.4   0.0   214   391   363   562   316   569 0.78 -
DkoeA00005482-RA     -            555 23821at7147          -            404   5.5e-11   41.9   0.1   1   1   5.2e-13   1.1e-10   40.9   0.1   233   393   349   529   335   535 0.78 -
DkoeA00007040-RA_P1  -            517 23821at7147          -            404   9.9e-11   41.0   0.0   1   1   8.9e-13   1.9e-10   40.1   0.0   236   391   321   494   310   506 0.81 -
DkoeA00007343-RA     -            514 23821at7147          -            404   1.1e-10   40.9   0.0   1   1   1.2e-12   2.6e-10   39.7   0.0   236   394   312   494   307   500 0.77 -
DkoeA00006648-RA     -            510 23821at7147          -            404   1.5e-10   40.5   0.1   1   1   1.7e-12   3.7e-10   39.2   0.1   218   395   293   489   263   494 0.71 -
DkoeA00006645-RA     -            498 23821at7147          -            404   1.8e-10   40.2   1.5   1   2       3.1   6.7e+02   -1.2   0.0    48    89    49    90    45   102 0.81 -
DkoeA00006645-RA     -            498 23821at7147          -            404   1.8e-10   40.2   1.5   2   2   2.1e-12   4.5e-10   38.9   0.3   230   387   291   469   240   479 0.71 -
DkoeA00004619-RA     -            631 23821at7147          -            404   1.8e-10   40.2   0.4   1   2       5.8   1.3e+03   -2.1   0.0   189   252   234   295   198   316 0.73 -
DkoeA00004619-RA     -            631 23821at7147          -            404   1.8e-10   40.2   0.4   2   2   1.8e-12   3.9e-10   39.1   0.1   209   384   399   590   374   602 0.78 -
DkoeA00000586-RA     -            530 23821at7147          -            404     2e-10   40.1   0.2   1   2       4.6   9.9e+02   -1.8   0.2   123   155    18    50     6    54 0.76 -
DkoeA00000586-RA     -            530 23821at7147          -            404     2e-10   40.1   0.2   2   2   9.1e-13     2e-10   40.1   0.2   237   385   334   499   305   510 0.81 -
DkoeA00001226-RA     -            533 23821at7147          -            404   2.7e-10   39.6   0.0   1   2      0.86   1.9e+02    0.6   0.0     7    46    59   101    53   203 0.69 -
DkoeA00001226-RA     -            533 23821at7147          -            404   2.7e-10   39.6   0.0   2   2     1e-11   2.3e-09   36.6   0.0   235   391   335   510   324   517 0.80 -
DkoeA00006647-RA     -            496 23821at7147          -            404   2.8e-10   39.6   0.3   1   2       2.5   5.3e+02   -0.9   0.0   144   176    44    76    41    81 0.89 -
DkoeA00006647-RA     -            496 23821at7147          -            404   2.8e-10   39.6   0.3   2   2   5.4e-12   1.2e-09   37.5   0.1   231   385   290   463   228   473 0.71 -
DkoeA00004406-RA_bis -            516 23821at7147          -            404   2.9e-10   39.5   0.3   1   2       8.4   1.8e+03   -2.6   0.0    74   115   114   154   108   216 0.69 -
DkoeA00004406-RA_bis -            516 23821at7147          -            404   2.9e-10   39.5   0.3   2   2   2.6e-12   5.7e-10   38.5   0.0   235   394   315   493   310   498 0.79 -
DkoeA00004931-RA     -            515 23821at7147          -            404   2.9e-10   39.5   0.5   1   1   2.3e-12     5e-10   38.7   0.0   238   384   299   463   275   474 0.84 -
DkoeA00006661-RA     -            515 23821at7147          -            404   2.9e-10   39.5   0.5   1   1   2.3e-12     5e-10   38.7   0.0   238   384   299   463   275   474 0.84 -
DkoeA00007040-RA_P2  -            516 23821at7147          -            404   3.4e-10   39.3   0.0   1   1   2.4e-12   5.2e-10   38.7   0.0   237   386   321   487   311   506 0.81 -
DkoeA00000184-RA     -            538 23821at7147          -            404   4.5e-10   38.9   0.0   1   1   3.4e-12   7.3e-10   38.2   0.0   186   391   279   516   272   524 0.75 -
DkoeA00007039-RA     -            517 23821at7147          -            404   4.6e-10   38.8   0.0   1   1   3.8e-12   8.3e-10   38.0   0.0   236   391   321   494   312   507 0.80 -
DkoeA00004406-RA     -            516 23821at7147          -            404   5.4e-10   38.6   0.4   1   2       6.3   1.4e+03   -2.2   0.1    67    94   107   135   103   167 0.64 -
DkoeA00004406-RA     -            516 23821at7147          -            404   5.4e-10   38.6   0.4   2   2   5.9e-12   1.3e-09   37.4   0.0   236   391   316   490   310   497 0.76 -
DkoeA00005117-RA     -            506 23821at7147          -            404   6.2e-10   38.4   0.8   1   2       1.1   2.4e+02    0.3   0.2   142   197    47   102    40   116 0.77 -
DkoeA00005117-RA     -            506 23821at7147          -            404   6.2e-10   38.4   0.8   2   2   2.9e-12   6.2e-10   38.4   0.8   223   385   291   474   246   488 0.77 -
DkoeA00006851-RA     -            506 23821at7147          -            404   6.6e-10   38.3   0.0   1   1   4.9e-12   1.1e-09   37.7   0.0   228   393   299   483   267   486 0.79 -
DkoeA00005109-RA     -            502 23821at7147          -            404   6.7e-10   38.3   0.3   1   1   1.6e-11   3.6e-09   35.9   0.3   225   386   290   470   243   480 0.68 -
DkoeA00016993-RA     -            515 23821at7147          -            404   1.1e-09   37.6   0.1   1   1   7.7e-11   1.7e-08   33.7   0.1   195   386   253   480   228   491 0.69 -
DkoeA00012824-RA_P3  -            507 23821at7147          -            404   1.1e-09   37.6   0.0   1   1   2.2e-11   4.7e-09   35.5   0.0   184   384   240   478   217   489 0.76 -
DkoeA00009894-RA     -            505 23821at7147          -            404   1.8e-09   36.9   0.1   1   1   4.1e-11     9e-09   34.6   0.1   222   381   287   469   273   481 0.71 -
DkoeA00006644-RA     -            504 23821at7147          -            404   5.7e-09   35.2   0.1   1   1   3.8e-11   8.3e-09   34.7   0.1   227   392   296   480   251   488 0.77 -
DkoeA00006961-RA     -            514 23821at7147          -            404   9.2e-09   34.6   0.1   1   1   1.4e-10   3.1e-08   32.8   0.1   234   385   311   483   295   492 0.72 -
DkoeA00010910-RA_P2  -            479 23821at7147          -            404   1.4e-08   33.9   0.1   1   1   1.7e-10   3.7e-08   32.6   0.0   233   387   278   451   201   467 0.74 -
DkoeA00009477-RA     -            511 23821at7147          -            404   2.3e-08   33.3   0.1   1   2       5.3   1.2e+03   -2.0   0.0    68    97   131   161   126   166 0.79 -
DkoeA00009477-RA     -            511 23821at7147          -            404   2.3e-08   33.3   0.1   2   2   3.3e-10   7.3e-08   31.6   0.0   230   395   319   485   312   495 0.78 -
DkoeA00006643-RA     -            504 23821at7147          -            404   4.1e-08   32.4   0.1   1   1   3.4e-10   7.3e-08   31.6   0.1   228   394   297   482   246   489 0.75 -
DkoeA00016861-RA     -            516 23821at7147          -            404   4.4e-08   32.3   0.0   1   1   6.6e-10   1.4e-07   30.7   0.0   165   386   223   470   207   480 0.72 -
DkoeA00007040-RA_P3  -            517 23821at7147          -            404   4.4e-08   32.3   0.1   1   1   4.4e-10   9.4e-08   31.2   0.1   237   384   322   486   295   502 0.81 -
DkoeA00017900-RA     -            581 23821at7147          -            404   5.4e-08   32.0   0.0   1   1   5.2e-10   1.1e-07   31.0   0.0   237   389   372   542   359   549 0.79 -
DkoeA00005843-RA     -            548 23821at7147          -            404   7.4e-08   31.6   0.7   1   2   0.00011     0.023   13.5   0.1   213   272   290   351   263   356 0.81 -
DkoeA00005843-RA     -            548 23821at7147          -            404   7.4e-08   31.6   0.7   2   2   1.6e-05    0.0034   16.2   0.1   333   373   463   504   459   522 0.83 -
DkoeA00004930-RA     -            442 23821at7147          -            404   3.7e-07   29.3   0.0   1   1   2.7e-09   5.8e-07   28.6   0.0   238   384   231   396   219   408 0.77 -
DkoeA00006662-RA     -            472 23821at7147          -            404   4.3e-07   29.1   0.0   1   1   3.1e-09   6.7e-07   28.4   0.0   238   384   259   424   247   436 0.77 -
DkoeA00006642-RA     -            521 23821at7147          -            404     5e-07   28.8   0.0   1   1   3.9e-09   8.4e-07   28.1   0.0   226   385   310   488   284   503 0.75 -
DkoeA00011520-RA     -            496 23821at7147          -            404   4.2e-06   25.8   0.1   1   1   5.2e-08   1.1e-05   24.4   0.1   241   387   302   467   295   484 0.77 -
DkoeA00010910-RA_P1  -            489 23821at7147          -            404   6.9e-06   25.1   0.1   1   1   6.1e-08   1.3e-05   24.2   0.1   235   386   290   460   279   478 0.77 -
DkoeA00004932-RA     -            526 23821at7147          -            404   9.2e-06   24.7   0.2   1   1   8.1e-08   1.7e-05   23.8   0.2   237   388   306   471    33   484 0.86 -
DkoeA00006660-RA     -            526 23821at7147          -            404   9.2e-06   24.7   0.2   1   1   8.1e-08   1.7e-05   23.8   0.2   237   388   306   471    33   484 0.86 -
DkoeA00001078-RA     -            506 23821at7147          -            404   4.1e-05   22.6   0.0   1   1   3.6e-07   7.8e-05   21.6   0.0   238   386   310   478   279   494 0.78 -
DkoeA00014771-RA_P1  -            541 23821at7147          -            404   6.2e-05   22.0   0.0   1   1   8.3e-07   0.00018   20.4   0.0   225   383   329   508   314   520 0.68 -
DkoeA00005630-RA     -            532 23821at7147          -            404   6.8e-05   21.8   0.1   1   1   2.4e-05    0.0052   15.6   0.1   236   344   307   436   300   518 0.66 -
DkoeA00012011-RA     -            492 23821at7147          -            404   8.6e-05   21.5   0.0   1   1   7.2e-07   0.00016   20.6   0.0   230   386   275   450   264   459 0.74 -
DkoeA00004985-RA     -            489 23821at7147          -            404    0.0091   14.8   0.0   1   1   0.00012     0.025   13.4   0.0   240   384   304   457   274   464 0.75 -
DkoeA00002388-RA     -            843 23821at7147          -            404     0.077   11.8   0.0   1   1    0.0024      0.53    9.0   0.0   224   382   511   658   502   669 0.67 -
#
# Program:         hmmsearch
# Version:         3.1b2 (February 2015)
# Pipeline mode:   SEARCH
# Query file:      /home/nmoreyra/Documents/Genomics/03_orthologs_search/00_Phylogenomics_BUSCO-groups/busco4_odb10/busco_downloads/lineages/diptera_odb10/hmms/23821at7147.hmm
# Target file:     /home/nmoreyra/Documents/Genomics/03_orthologs_search/00_Phylogenomics_BUSCO-groups/busco4_odb10/../00_proteins/DkoeA_proteins.fasta
# Option settings: /home/nmoreyra/Software/miniconda3/envs/busco4/bin/hmmsearch --domtblout /home/nmoreyra/Documents/Genomics/03_orthologs_search/00_Phylogenomics_BUSCO-groups/busco4_odb10/DkoeA_diptera/run_diptera_odb10/hmmer_output/initial_run_results/23821at7147.out --cpu 1 /home/nmoreyra/Documents/Genomics/03_orthologs_search/00_Phylogenomics_BUSCO-groups/busco4_odb10/busco_downloads/lineages/diptera_odb10/hmms/23821at7147.hmm /home/nmoreyra/Documents/Genomics/03_orthologs_search/00_Phylogenomics_BUSCO-groups/busco4_odb10/../00_proteins/DkoeA_proteins.fasta 
# Current dir:     /home/nmoreyra/Documents/Genomics/03_orthologs_search/00_Phylogenomics_BUSCO-groups/busco4_odb10
# Date:            Mon Jan 25 13:52:29 2021
# [ok]
