#                                                                            --- full sequence --- -------------- this domain -------------   hmm coord   ali coord   env coord
# target name        accession   tlen query name           accession   qlen   E-value  score  bias   #  of  c-Evalue  i-Evalue  score  bias  from    to  from    to  from    to  acc description of target
#------------------- ---------- ----- -------------------- ---------- ----- --------- ------ ----- --- --- --------- --------- ------ ----- ----- ----- ----- ----- ----- ----- ---- ---------------------
DkoeA00012756-RA     -            819 24754at7147          -            532   1.4e-62  212.0   4.6   1   2   2.8e-09   3.7e-06   25.8   0.3    54   165   115   245    70   254 0.77 -
DkoeA00012756-RA     -            819 24754at7147          -            532   1.4e-62  212.0   4.6   2   2   3.9e-58   5.3e-55  187.0   0.5   178   475   317   652   309   655 0.83 -
DkoeA00001292-RA     -            885 24754at7147          -            532   2.2e-61  208.1   0.2   1   1   8.2e-64   1.1e-60  205.8   0.2    67   490   296   798   279   810 0.74 -
DkoeA00009239-RA     -            720 24754at7147          -            532   6.1e-52  176.9   0.5   1   1   3.2e-54   4.3e-51  174.1   0.5    55   475   148   645   141   655 0.69 -
DkoeA00008794-RA     -            829 24754at7147          -            532   8.3e-50  169.9   9.0   1   2   1.2e-47   1.6e-44  152.4   0.2   171   378   262   504   210   514 0.74 -
DkoeA00008794-RA     -            829 24754at7147          -            532   8.3e-50  169.9   9.0   2   2   8.5e-07    0.0011   17.6   4.2   388   472   548   648   518   662 0.77 -
DkoeA00004584-RA     -            928 24754at7147          -            532   1.6e-47  162.3   3.5   1   2     4e-41   5.4e-38  130.9   0.7    63   335   280   625   272   644 0.72 -
DkoeA00004584-RA     -            928 24754at7147          -            532   1.6e-47  162.3   3.5   2   2   1.2e-09   1.6e-06   27.0   0.1   397   473   658   747   631   757 0.81 -
DkoeA00014194-RA     -            734 24754at7147          -            532   6.7e-45  153.7   0.2   1   2       2.4   3.2e+03   -3.7   0.0   146   166   249   269   246   270 0.85 -
DkoeA00014194-RA     -            734 24754at7147          -            532   6.7e-45  153.7   0.2   2   2   1.5e-46   2.1e-43  148.7   0.1   178   486   308   663   302   701 0.82 -
DkoeA00003471-RA     -            727 24754at7147          -            532    0.0035   16.0   0.1   1   1   1.5e-05      0.02   13.5   0.1   208   330   426   561   412   568 0.69 -
DkoeA00013602-RA     -            378 24754at7147          -            532     0.027   13.1   0.2   1   1     3e-05      0.04   12.5   0.2   230   254    16    41     7    59 0.78 -
DkoeA00002506-RA     -            367 24754at7147          -            532     0.054   12.1   0.0   1   2   0.00091       1.2    7.6   0.0   200   250    55   104    23   109 0.79 -
DkoeA00002506-RA     -            367 24754at7147          -            532     0.054   12.1   0.0   2   2     0.037        50    2.3   0.0   285   330   153   198   139   206 0.79 -
DkoeA00017491-RA     -           1050 24754at7147          -            532     0.061   11.9   0.6   1   3     0.098   1.3e+02    0.9   0.0   231   248    78    95    62   103 0.78 -
DkoeA00017491-RA     -           1050 24754at7147          -            532     0.061   11.9   0.6   2   3    0.0029       3.9    5.9   0.0   226   250   411   434   345   443 0.74 -
DkoeA00017491-RA     -           1050 24754at7147          -            532     0.061   11.9   0.6   3   3     0.083   1.1e+02    1.1   0.1    20    65   775   820   758   824 0.85 -
DkoeA00006618-RA     -            151 24754at7147          -            532     0.071   11.7   2.0   1   1   7.5e-05       0.1   11.2   2.0    79   134    11    67     6    71 0.74 -
DkoeA00001984-RA     -            225 24754at7147          -            532       0.1   11.2   0.0   1   1    0.0001      0.14   10.7   0.0   229   248    23    43     9    60 0.82 -
DkoeA00003959-RA     -           1182 24754at7147          -            532      0.25    9.9   0.0   1   2    0.0014       1.9    7.0   0.0   210   246   193   228   191   231 0.85 -
DkoeA00003959-RA     -           1182 24754at7147          -            532      0.25    9.9   0.0   2   2      0.16   2.2e+02    0.2   0.0   295   333   313   351   300   420 0.81 -
#
# Program:         hmmsearch
# Version:         3.1b2 (February 2015)
# Pipeline mode:   SEARCH
# Query file:      /home/nmoreyra/Documents/Genomics/03_orthologs_search/00_Phylogenomics_BUSCO-groups/busco4_odb10/busco_downloads/lineages/diptera_odb10/hmms/24754at7147.hmm
# Target file:     /home/nmoreyra/Documents/Genomics/03_orthologs_search/00_Phylogenomics_BUSCO-groups/busco4_odb10/../00_proteins/DkoeA_proteins.fasta
# Option settings: /home/nmoreyra/Software/miniconda3/envs/busco4/bin/hmmsearch --domtblout /home/nmoreyra/Documents/Genomics/03_orthologs_search/00_Phylogenomics_BUSCO-groups/busco4_odb10/DkoeA_diptera/run_diptera_odb10/hmmer_output/initial_run_results/24754at7147.out --cpu 1 /home/nmoreyra/Documents/Genomics/03_orthologs_search/00_Phylogenomics_BUSCO-groups/busco4_odb10/busco_downloads/lineages/diptera_odb10/hmms/24754at7147.hmm /home/nmoreyra/Documents/Genomics/03_orthologs_search/00_Phylogenomics_BUSCO-groups/busco4_odb10/../00_proteins/DkoeA_proteins.fasta 
# Current dir:     /home/nmoreyra/Documents/Genomics/03_orthologs_search/00_Phylogenomics_BUSCO-groups/busco4_odb10
# Date:            Mon Jan 25 13:54:20 2021
# [ok]
