#                                                                            --- full sequence --- -------------- this domain -------------   hmm coord   ali coord   env coord
# target name        accession   tlen query name           accession   qlen   E-value  score  bias   #  of  c-Evalue  i-Evalue  score  bias  from    to  from    to  from    to  acc description of target
#------------------- ---------- ----- -------------------- ---------- ----- --------- ------ ----- --- --- --------- --------- ------ ----- ----- ----- ----- ----- ----- ----- ---- ---------------------
DkoeA00011815-RA     -            491 25096at7147          -            411  1.2e-241  801.6  25.3   1   2   9.2e-10   5.1e-07   28.8   0.3     1    25    13    37    13    51 0.88 -
DkoeA00011815-RA     -            491 25096at7147          -            411  1.2e-241  801.6  25.3   2   2  9.6e-237  5.3e-234  776.4  19.5    22   406    79   475    69   482 0.97 -
DkoeA00006998-RA     -            972 25096at7147          -            411  2.5e-157  523.8  43.2   1   2   1.8e-87   9.7e-85  284.7  17.7     2   404    49   480    47   486 0.89 -
DkoeA00006998-RA     -            972 25096at7147          -            411  2.5e-157  523.8  43.2   2   2   2.1e-75   1.2e-72  244.9  17.5     2   405   530   955   529   960 0.89 -
DkoeA00009567-RA     -            572 25096at7147          -            411   8.7e-95  317.8  23.2   1   3   7.5e-05     0.041   12.6   0.2     2    23    80   101    79   109 0.93 -
DkoeA00009567-RA     -            572 25096at7147          -            411   8.7e-95  317.8  23.2   2   3   4.8e-54   2.6e-51  174.6   2.5    24   191   142   319   136   332 0.90 -
DkoeA00009567-RA     -            572 25096at7147          -            411   8.7e-95  317.8  23.2   3   3   9.6e-44   5.2e-41  140.7   7.0   177   405   333   562   321   570 0.90 -
DkoeA00007696-RA     -            565 25096at7147          -            411   1.3e-92  310.7  29.3   1   2   0.00017     0.092   11.4   1.1     2    22    50    70    49    74 0.93 -
DkoeA00007696-RA     -            565 25096at7147          -            411   1.3e-92  310.7  29.3   2   2   2.1e-93   1.1e-90  304.3  21.2    24   401   136   525   123   534 0.94 -
DkoeA00007476-RA     -            530 25096at7147          -            411   6.7e-88  295.2  16.6   1   2     0.026        14    4.2   0.4     2    24    45    67    43    72 0.88 -
DkoeA00007476-RA     -            530 25096at7147          -            411   6.7e-88  295.2  16.6   2   2   1.4e-90   7.9e-88  294.9  10.0    24   406    96   494    91   498 0.92 -
DkoeA00007548-RA     -            462 25096at7147          -            411   9.8e-88  294.6  29.1   1   1   2.8e-89   1.5e-86  290.7  29.1     4   405    23   452    17   459 0.92 -
DkoeA00013293-RA     -            512 25096at7147          -            411   9.2e-87  291.4  24.0   1   2    0.0091         5    5.7   0.0     2    24    28    50    27    72 0.90 -
DkoeA00013293-RA     -            512 25096at7147          -            411   9.2e-87  291.4  24.0   2   2     5e-88   2.7e-85  286.6  21.3    19   402    93   489    86   504 0.93 -
DkoeA00007001-RA     -            497 25096at7147          -            411     1e-82  278.1  19.4   1   1   2.4e-85   1.3e-82  277.7  19.4     2   403    36   475    35   484 0.87 -
DkoeA00011581-RA     -            503 25096at7147          -            411   2.6e-82  276.7  24.5   1   1   1.8e-84   9.9e-82  274.8  24.5     2   406    48   478    47   483 0.92 -
DkoeA00007751-RA     -            500 25096at7147          -            411   8.6e-80  268.5  17.3   1   1   1.9e-82     1e-79  268.2  17.3     2   410    50   479    49   480 0.92 -
DkoeA00005407-RA     -            498 25096at7147          -            411   2.8e-78  263.4  19.3   1   1   7.8e-81   4.3e-78  262.9  19.3    24   402    81   472    74   481 0.93 -
DkoeA00013292-RA     -            473 25096at7147          -            411     5e-78  262.6  25.8   1   2     0.051        28    3.3   0.2     2    24    27    49    26    55 0.88 -
DkoeA00013292-RA     -            473 25096at7147          -            411     5e-78  262.6  25.8   2   2     1e-80   5.7e-78  262.5  20.6    23   400    85   472    77   473 0.93 -
DkoeA00006999-RA     -            484 25096at7147          -            411   1.5e-75  254.5  11.8   1   1     4e-78   2.2e-75  253.9  11.8     3   407    33   468    31   472 0.88 -
DkoeA00014757-RA     -            633 25096at7147          -            411     5e-72  242.9  15.6   1   1   1.2e-74   6.6e-72  242.5  15.6     2   408   104   529   103   531 0.90 -
DkoeA00007000-RA     -            500 25096at7147          -            411   9.7e-70  235.3  24.5   1   2     0.011       6.3    5.4   0.1     2    22    31    51    30    66 0.87 -
DkoeA00007000-RA     -            500 25096at7147          -            411   9.7e-70  235.3  24.5   2   2   2.2e-71   1.2e-68  231.7  20.8    20   406    73   475    59   480 0.88 -
DkoeA00012616-RA     -            488 25096at7147          -            411   2.6e-67  227.3  16.2   1   1   6.8e-70   3.7e-67  226.8  16.2    23   402    82   471    76   479 0.91 -
DkoeA00012617-RA     -            478 25096at7147          -            411   4.9e-67  226.4  19.1   1   2       4.6   2.5e+03   -3.2   0.3     2    22    32    52    31    53 0.89 -
DkoeA00012617-RA     -            478 25096at7147          -            411   4.9e-67  226.4  19.1   2   2   8.9e-70   4.9e-67  226.4  19.1    22   401    83   472    71   477 0.91 -
DkoeA00006997-RA     -            496 25096at7147          -            411   2.9e-64  217.3  15.4   1   1   6.9e-67   3.8e-64  216.9  15.4     2   401    25   451    24   460 0.91 -
DkoeA00006995-RA     -            486 25096at7147          -            411   1.1e-62  212.1  19.8   1   1   2.6e-65   1.4e-62  211.7  19.8     2   402    23   454    22   462 0.89 -
DkoeA00006996-RA     -            477 25096at7147          -            411   8.1e-58  196.1  17.2   1   1   1.9e-60   1.1e-57  195.7  17.2    11   401    32   449    22   457 0.88 -
DkoeA00010052-RA     -            481 25096at7147          -            411   5.5e-57  193.3  15.0   1   1   1.3e-59   7.2e-57  192.9  15.0     2   407    26   457    25   461 0.91 -
DkoeA00007994-RA     -            467 25096at7147          -            411     5e-53  180.3  12.3   1   1   1.2e-55   6.5e-53  179.9  12.3     3   385    25   434    23   460 0.87 -
DkoeA00005406-RA     -            567 25096at7147          -            411   7.4e-44  150.1   7.0   1   1     2e-46   1.1e-43  149.5   7.0    30   385   189   554   172   561 0.83 -
DkoeA00008498-RA     -            495 25096at7147          -            411   2.3e-42  145.2  18.0   1   1   6.7e-45   3.7e-42  144.5  18.0    31   405   105   485    80   489 0.83 -
DkoeA00017852-RA     -            237 25096at7147          -            411   3.6e-34  118.2  10.6   1   1   7.3e-37     4e-34  118.0  10.6   202   401     2   208     1   221 0.90 -
DkoeA00012028-RA     -            431 25096at7147          -            411   4.4e-34  117.9  23.1   1   1   1.1e-36   5.8e-34  117.5  23.1    21   394    50   428    27   430 0.80 -
DkoeA00006685-RA     -            261 25096at7147          -            411   9.2e-33  113.5   5.5   1   1   2.1e-35   1.2e-32  113.2   5.5   189   400    14   232     9   244 0.88 -
DkoeA00018109-RA     -            908 25096at7147          -            411   2.9e-13   49.3  18.5   1   1   7.3e-16     4e-13   48.9  18.5     2   364    58   426    57   450 0.83 -
DkoeA00017797-RA     -            261 25096at7147          -            411   1.1e-09   37.5   7.4   1   1   2.8e-12   1.5e-09   37.1   7.4   145   390     2   252     1   259 0.72 -
DkoeA00002026-RA     -            926 25096at7147          -            411   7.4e-09   34.8   9.5   1   1   2.2e-11   1.2e-08   34.1   9.5     8   273    38   314    31   354 0.78 -
DkoeA00017798-RA     -            138 25096at7147          -            411   2.9e-08   32.8   1.3   1   1   6.6e-11   3.6e-08   32.5   1.3     3   109     7   118     5   127 0.86 -
DkoeA00003003-RA     -            968 25096at7147          -            411      0.78    8.4  15.3   1   2   9.7e-06    0.0053   15.5   4.0    71   167   114   208    64   218 0.85 -
DkoeA00003003-RA     -            968 25096at7147          -            411      0.78    8.4  15.3   2   2       1.8   9.9e+02   -1.8   3.5    34    95   273   335   223   398 0.52 -
#
# Program:         hmmsearch
# Version:         3.1b2 (February 2015)
# Pipeline mode:   SEARCH
# Query file:      /home/nmoreyra/Documents/Genomics/03_orthologs_search/00_Phylogenomics_BUSCO-groups/busco4_odb10/busco_downloads/lineages/diptera_odb10/hmms/25096at7147.hmm
# Target file:     /home/nmoreyra/Documents/Genomics/03_orthologs_search/00_Phylogenomics_BUSCO-groups/busco4_odb10/../00_proteins/DkoeA_proteins.fasta
# Option settings: /home/nmoreyra/Software/miniconda3/envs/busco4/bin/hmmsearch --domtblout /home/nmoreyra/Documents/Genomics/03_orthologs_search/00_Phylogenomics_BUSCO-groups/busco4_odb10/DkoeA_diptera/run_diptera_odb10/hmmer_output/initial_run_results/25096at7147.out --cpu 1 /home/nmoreyra/Documents/Genomics/03_orthologs_search/00_Phylogenomics_BUSCO-groups/busco4_odb10/busco_downloads/lineages/diptera_odb10/hmms/25096at7147.hmm /home/nmoreyra/Documents/Genomics/03_orthologs_search/00_Phylogenomics_BUSCO-groups/busco4_odb10/../00_proteins/DkoeA_proteins.fasta 
# Current dir:     /home/nmoreyra/Documents/Genomics/03_orthologs_search/00_Phylogenomics_BUSCO-groups/busco4_odb10
# Date:            Mon Jan 25 13:55:00 2021
# [ok]
