#                                                                            --- full sequence --- -------------- this domain -------------   hmm coord   ali coord   env coord
# target name        accession   tlen query name           accession   qlen   E-value  score  bias   #  of  c-Evalue  i-Evalue  score  bias  from    to  from    to  from    to  acc description of target
#------------------- ---------- ----- -------------------- ---------- ----- --------- ------ ----- --- --- --------- --------- ------ ----- ----- ----- ----- ----- ----- ----- ---- ---------------------
DkoeA00000961-RA     -            534 25975at7147          -            332  2.4e-172  572.5  35.8   1   2  3.2e-169  1.3e-166  553.6  31.7     1   313   108   453   108   469 0.93 -
DkoeA00000961-RA     -            534 25975at7147          -            332  2.4e-172  572.5  35.8   2   2   1.4e-06   0.00056   19.0   0.2   289   328   457   498   452   502 0.73 -
DkoeA00010579-RA     -            481 25975at7147          -            332   1.9e-20   73.1   8.4   1   3   4.3e-14   1.8e-11   43.7   7.7     4   132    25   158    22   183 0.79 -
DkoeA00010579-RA     -            481 25975at7147          -            332   1.9e-20   73.1   8.4   2   3      0.95   3.9e+02   -0.2   0.0   160   196   278   314   263   321 0.83 -
DkoeA00010579-RA     -            481 25975at7147          -            332   1.9e-20   73.1   8.4   3   3   9.1e-09   3.7e-06   26.2   0.0   198   308   343   459   328   470 0.73 -
DkoeA00010580-RA     -            487 25975at7147          -            332   1.3e-17   63.8  12.7   1   3   7.6e-13   3.1e-10   39.6   6.4     6   126    29   154    26   184 0.76 -
DkoeA00010580-RA     -            487 25975at7147          -            332   1.3e-17   63.8  12.7   2   3      0.11        47    2.8   0.0   160   196   273   309   254   316 0.87 -
DkoeA00010580-RA     -            487 25975at7147          -            332   1.3e-17   63.8  12.7   3   3   5.6e-08   2.3e-05   23.6   0.1   194   271   339   425   323   454 0.72 -
DkoeA00012068-RA     -            553 25975at7147          -            332   3.3e-17   62.5  23.5   1   3   1.7e-11   6.9e-09   35.2   8.5     4   140    37   167    34   174 0.80 -
DkoeA00012068-RA     -            553 25975at7147          -            332   3.3e-17   62.5  23.5   2   3    0.0027       1.1    8.2   0.4   151   208   338   395   311   399 0.70 -
DkoeA00012068-RA     -            553 25975at7147          -            332   3.3e-17   62.5  23.5   3   3   1.5e-09   6.3e-07   28.7   1.5   194   291   408   520   395   549 0.63 -
DkoeA00008369-RA     -            915 25975at7147          -            332   3.8e-16   59.0  19.9   1   2   4.1e-16   1.7e-13   50.3  19.4    11   272   162   454   154   512 0.66 -
DkoeA00008369-RA     -            915 25975at7147          -            332   3.8e-16   59.0  19.9   2   2     0.013       5.3    5.9   0.0   205   274   701   785   678   820 0.61 -
DkoeA00014625-RA     -            668 25975at7147          -            332   2.7e-14   52.9  14.0   1   1   1.1e-16   4.4e-14   52.2  13.3    11   272    84   370    77   432 0.67 -
DkoeA00016723-RA     -            410 25975at7147          -            332   8.8e-14   51.2  14.2   1   1   2.5e-13     1e-10   41.2  14.2     6   274    73   393    69   401 0.71 -
DkoeA00013936-RA     -            769 25975at7147          -            332   2.5e-13   49.8   2.5   1   2   1.4e-12   5.7e-10   38.7   1.3     3   191    98   294    96   306 0.79 -
DkoeA00013936-RA     -            769 25975at7147          -            332   2.5e-13   49.8   2.5   2   2   0.00076      0.31   10.0   0.0   180   272   661   754   646   765 0.74 -
DkoeA00011568-RA     -            371 25975at7147          -            332   1.6e-12   47.1  25.2   1   1   1.4e-14   5.8e-12   45.3  25.2     3   274    53   347    52   354 0.66 -
DkoeA00009083-RA     -            468 25975at7147          -            332   1.7e-12   47.0  23.0   1   2   1.5e-09   5.9e-07   28.8  17.0     9   193    67   259    60   267 0.65 -
DkoeA00009083-RA     -            468 25975at7147          -            332   1.7e-12   47.0  23.0   2   2   3.1e-07   0.00012   21.2   0.3   202   276   343   427   327   456 0.72 -
DkoeA00008864-RA     -            490 25975at7147          -            332   2.2e-12   46.6  23.0   1   1   1.7e-14     7e-12   45.0  23.0     3   267    64   365    63   380 0.66 -
DkoeA00000786-RA     -            448 25975at7147          -            332   5.1e-12   45.5  22.3   1   1   3.1e-14   1.3e-11   44.1  22.3     7   315    61   412    56   432 0.67 -
DkoeA00000567-RA     -            498 25975at7147          -            332   1.8e-11   43.6  14.7   1   1   8.1e-14   3.3e-11   42.8  14.7     6   302    79   402    75   432 0.65 -
DkoeA00001734-RA     -            424 25975at7147          -            332   6.3e-11   41.9  23.2   1   2     1e-11   4.2e-09   35.9  16.0     7   180    36   214    31   223 0.76 -
DkoeA00001734-RA     -            424 25975at7147          -            332   6.3e-11   41.9  23.2   2   2   0.00094      0.38    9.7   0.7   207   314   289   403   273   418 0.54 -
DkoeA00010650-RA     -            244 25975at7147          -            332   3.3e-10   39.5  18.8   1   1   1.4e-11   5.9e-09   35.4  18.8   102   289     2   232     1   242 0.69 -
DkoeA00010546-RA     -            563 25975at7147          -            332   1.7e-08   33.9  17.1   1   1   7.7e-10   3.1e-07   29.7  17.1    12   270    46   334    38   375 0.64 -
DkoeA00009615-RA     -            702 25975at7147          -            332   5.5e-08   32.2  20.9   1   2   3.5e-07   0.00014   21.0  20.4    10   181   215   398   208   410 0.68 -
DkoeA00009615-RA     -            702 25975at7147          -            332   5.5e-08   32.2  20.9   2   2    0.0016      0.64    9.0   0.0   202   272   583   664   570   689 0.71 -
DkoeA00000610-RA     -            634 25975at7147          -            332   3.2e-07   29.7  14.3   1   2   2.8e-07   0.00011   21.3   9.8     4   195   144   339   141   348 0.86 -
DkoeA00000610-RA     -            634 25975at7147          -            332   3.2e-07   29.7  14.3   2   2    0.0006      0.24   10.3   0.1   185   269   542   630   537   633 0.63 -
DkoeA00014690-RA     -            256 25975at7147          -            332   8.8e-07   28.2   8.9   1   1   2.8e-09   1.1e-06   27.9   8.9    12   131   110   228    97   250 0.74 -
DkoeA00006711-RA     -            645 25975at7147          -            332   1.4e-06   27.6  14.2   1   2   3.9e-05     0.016   14.2  12.1     5   192   144   335   134   346 0.71 -
DkoeA00006711-RA     -            645 25975at7147          -            332   1.4e-06   27.6  14.2   2   2     8e-05     0.033   13.2   0.0   187   275   544   636   534   640 0.68 -
DkoeA00012403-RA     -            517 25975at7147          -            332   1.6e-06   27.4   1.8   1   2   4.4e-09   1.8e-06   27.2   0.1   155   306   122   290   118   309 0.73 -
DkoeA00012403-RA     -            517 25975at7147          -            332   1.6e-06   27.4   1.8   2   2       3.5   1.4e+03   -2.0   0.2   275   311   337   374   327   388 0.74 -
DkoeA00006444-RA     -            475 25975at7147          -            332   2.2e-06   26.9  19.2   1   1   1.5e-07   6.1e-05   22.2  19.2     2   272    69   373    68   430 0.60 -
DkoeA00005583-RA     -            390 25975at7147          -            332   2.4e-06   26.8   4.0   1   2   1.5e-05     0.006   15.6   1.3    90   127    20    55     5   127 0.78 -
DkoeA00005583-RA     -            390 25975at7147          -            332   2.4e-06   26.8   4.0   2   2   0.00033      0.13   11.2   0.1   202   270   253   330   234   344 0.71 -
DkoeA00001174-RA     -           1025 25975at7147          -            332     7e-06   25.3  25.7   1   6   9.5e-07   0.00039   19.5   4.6     7   127    25   143    20   171 0.78 -
DkoeA00001174-RA     -           1025 25975at7147          -            332     7e-06   25.3  25.7   2   6       5.8   2.3e+03   -2.8   0.0   166   191   298   323   287   355 0.63 -
DkoeA00001174-RA     -           1025 25975at7147          -            332     7e-06   25.3  25.7   3   6    0.0012       0.5    9.3   0.2   200   272   523   600   504   609 0.71 -
DkoeA00001174-RA     -           1025 25975at7147          -            332     7e-06   25.3  25.7   4   6       7.6   3.1e+03   -3.2   0.1   282   304   648   670   643   677 0.86 -
DkoeA00001174-RA     -           1025 25975at7147          -            332     7e-06   25.3  25.7   5   6         3   1.2e+03   -1.8   0.3   289   327   691   728   685   732 0.77 -
DkoeA00001174-RA     -           1025 25975at7147          -            332     7e-06   25.3  25.7   6   6   0.00046      0.19   10.7   0.0   200   280   844   929   823   957 0.64 -
DkoeA00001542-RA     -            836 25975at7147          -            332   8.2e-06   25.0  12.8   1   2   0.00016     0.064   12.2   8.4    11   188   116   294   109   313 0.69 -
DkoeA00001542-RA     -            836 25975at7147          -            332   8.2e-06   25.0  12.8   2   2   2.7e-05     0.011   14.8   0.1   207   272   413   485   392   518 0.72 -
DkoeA00007244-RA     -            322 25975at7147          -            332   2.3e-05   23.6   5.9   1   2   5.5e-08   2.3e-05   23.6   5.9     5   128    18   139    14   152 0.80 -
DkoeA00007244-RA     -            322 25975at7147          -            332   2.3e-05   23.6   5.9   2   2      0.81   3.3e+02    0.0   0.9   226   262   251   292   220   317 0.50 -
DkoeA00005045-RA     -            487 25975at7147          -            332   4.7e-05   22.5  14.6   1   1   4.4e-07   0.00018   20.6  14.6     2   213   124   344   123   369 0.69 -
DkoeA00009182-RA     -            487 25975at7147          -            332   4.7e-05   22.5  14.6   1   1   4.4e-07   0.00018   20.6  14.6     2   213   124   344   123   369 0.69 -
DkoeA00010695-RA     -            288 25975at7147          -            332    0.0001   21.5   0.1   1   1   3.7e-07   0.00015   20.9   0.1   181   270   188   285   182   288 0.64 -
DkoeA00015835-RA     -            151 25975at7147          -            332   0.00021   20.4   7.4   1   1   6.2e-07   0.00025   20.2   7.4    32   129     1    95     1   117 0.85 -
DkoeA00014624-RA     -            675 25975at7147          -            332   0.00023   20.3  11.3   1   2   1.6e-05    0.0065   15.5   0.4    84   116   163   195   143   208 0.71 -
DkoeA00014624-RA     -            675 25975at7147          -            332   0.00023   20.3  11.3   2   2     0.014       5.8    5.8   4.9   148   266   262   401   215   436 0.60 -
DkoeA00012404-RA     -            342 25975at7147          -            332   0.00051   19.1  10.0   1   1   2.1e-06   0.00087   18.4  10.0     7   102   249   342   244   342 0.75 -
DkoeA00005579-RA     -            203 25975at7147          -            332   0.00069   18.7   0.6   1   1   2.3e-06   0.00095   18.3   0.6    92   125    10    43     2   141 0.78 -
DkoeA00001681-RA     -            954 25975at7147          -            332    0.0012   17.9  16.3   1   2   0.00069      0.28   10.1  10.1    14   137   302   423   292   485 0.73 -
DkoeA00001681-RA     -            954 25975at7147          -            332    0.0012   17.9  16.3   2   2   0.00039      0.16   11.0   0.4   178   270   797   887   775   907 0.60 -
DkoeA00010697-RA     -            204 25975at7147          -            332    0.0021   17.1   1.3   1   1   6.5e-06    0.0027   16.8   1.3    85   199     3   116     1   124 0.76 -
DkoeA00007445-RA     -            481 25975at7147          -            332    0.0099   14.9  13.3   1   1   4.5e-05     0.018   14.0  13.4     2   197    44   248    43   351 0.75 -
DkoeA00001746-RA     -            348 25975at7147          -            332     0.018   14.0   0.1   1   1   7.3e-05      0.03   13.3   0.1   211   271   234   299   214   338 0.78 -
DkoeA00008639-RA     -            528 25975at7147          -            332      0.03   13.3   0.1   1   2       6.8   2.8e+03   -3.0   0.0   156   191    66   102    61   112 0.66 -
DkoeA00008639-RA     -            528 25975at7147          -            332      0.03   13.3   0.1   2   2   0.00017     0.069   12.1   0.0   188   273   388   478   377   487 0.64 -
DkoeA00006701-RA     -            427 25975at7147          -            332     0.038   13.0   0.0   1   1   0.00013     0.055   12.5   0.0   185   275   319   413   311   423 0.63 -
DkoeA00011364-RA     -            598 25975at7147          -            332     0.043   12.8  10.9   1   1   0.00017     0.068   12.2  10.9     8   224   147   387   142   428 0.68 -
DkoeA00001606-RA     -            513 25975at7147          -            332     0.045   12.8   0.2   1   2       6.5   2.7e+03   -2.9   0.0   156   191    66   102    61   112 0.66 -
DkoeA00001606-RA     -            513 25975at7147          -            332     0.045   12.8   0.2   2   2   0.00025       0.1   11.6   0.0   189   273   375   463   364   472 0.63 -
DkoeA00006418-RA     -            445 25975at7147          -            332     0.079   12.0   3.8   1   1   0.00039      0.16   11.0   3.8    45   118   126   195   113   247 0.71 -
DkoeA00001076-RA     -            843 25975at7147          -            332       1.4    7.8   6.6   1   2    0.0058       2.4    7.1   1.5    66   192     9   137     4   144 0.66 -
DkoeA00001076-RA     -            843 25975at7147          -            332       1.4    7.8   6.6   2   2     0.093        38    3.1   0.3   194   266   706   783   692   791 0.67 -
#
# Program:         hmmsearch
# Version:         3.1b2 (February 2015)
# Pipeline mode:   SEARCH
# Query file:      /home/nmoreyra/Documents/Genomics/03_orthologs_search/00_Phylogenomics_BUSCO-groups/busco4_odb10/busco_downloads/lineages/diptera_odb10/hmms/25975at7147.hmm
# Target file:     /home/nmoreyra/Documents/Genomics/03_orthologs_search/00_Phylogenomics_BUSCO-groups/busco4_odb10/../00_proteins/DkoeA_proteins.fasta
# Option settings: /home/nmoreyra/Software/miniconda3/envs/busco4/bin/hmmsearch --domtblout /home/nmoreyra/Documents/Genomics/03_orthologs_search/00_Phylogenomics_BUSCO-groups/busco4_odb10/DkoeA_diptera/run_diptera_odb10/hmmer_output/initial_run_results/25975at7147.out --cpu 1 /home/nmoreyra/Documents/Genomics/03_orthologs_search/00_Phylogenomics_BUSCO-groups/busco4_odb10/busco_downloads/lineages/diptera_odb10/hmms/25975at7147.hmm /home/nmoreyra/Documents/Genomics/03_orthologs_search/00_Phylogenomics_BUSCO-groups/busco4_odb10/../00_proteins/DkoeA_proteins.fasta 
# Current dir:     /home/nmoreyra/Documents/Genomics/03_orthologs_search/00_Phylogenomics_BUSCO-groups/busco4_odb10
# Date:            Mon Jan 25 13:55:54 2021
# [ok]
