#                                                                            --- full sequence --- -------------- this domain -------------   hmm coord   ali coord   env coord
# target name        accession   tlen query name           accession   qlen   E-value  score  bias   #  of  c-Evalue  i-Evalue  score  bias  from    to  from    to  from    to  acc description of target
#------------------- ---------- ----- -------------------- ---------- ----- --------- ------ ----- --- --- --------- --------- ------ ----- ----- ----- ----- ----- ----- ----- ---- ---------------------
DkoeA00001787-RA     -            428 27841at7147          -            356  1.5e-221  734.7  12.5   1   2      0.19        87    2.0   0.1     1    13     1    13     1    18 0.90 -
DkoeA00001787-RA     -            428 27841at7147          -            356  1.5e-221  734.7  12.5   2   2  1.7e-222  7.8e-220  729.1   9.2    16   356    58   424    25   424 0.95 -
DkoeA00009934-RA     -            882 27841at7147          -            356  4.7e-112  374.6   0.1   1   2   8.7e-58   3.9e-55  187.4   0.0    87   334   259   504   188   521 0.87 -
DkoeA00009934-RA     -            882 27841at7147          -            356  4.7e-112  374.6   0.1   2   2   4.3e-57   1.9e-54  185.1   0.0   100   334   546   780   532   789 0.96 -
DkoeA00018049-RA     -            405 27841at7147          -            356    3e-101  339.0   0.0   1   1  9.1e-104  4.1e-101  338.6   0.0    92   352   131   393   107   398 0.95 -
DkoeA00001251-RA     -            410 27841at7147          -            356   1.3e-96  323.8   0.0   1   1   4.1e-99   1.9e-96  323.3   0.0    92   352   136   398   110   402 0.94 -
DkoeA00005782-RA     -            408 27841at7147          -            356   1.7e-94  316.9   0.2   1   1   4.6e-97   2.1e-94  316.6   0.2    23   342    65   390    40   402 0.88 -
DkoeA00009300-RA     -            400 27841at7147          -            356   4.8e-93  312.1   0.2   1   1   1.4e-95   6.3e-93  311.7   0.2    23   338    57   377    38   393 0.89 -
DkoeA00004530-RA     -            434 27841at7147          -            356   2.9e-92  309.5   0.2   1   1   8.7e-95   3.9e-92  309.1   0.2    77   348   138   417    83   424 0.91 -
DkoeA00004966-RA     -            943 27841at7147          -            356   1.2e-91  307.4   0.0   1   2     2e-45     9e-43  146.7   0.0   100   342   256   498   244   508 0.92 -
DkoeA00004966-RA     -            943 27841at7147          -            356   1.2e-91  307.4   0.0   2   2   5.3e-49   2.4e-46  158.5   0.0   104   334   656   888   647   904 0.94 -
DkoeA00004417-RA     -            397 27841at7147          -            356   4.4e-89  299.0   0.0   1   1   1.3e-91   5.8e-89  298.6   0.0    94   353   126   387   100   390 0.95 -
DkoeA00014703-RA     -            393 27841at7147          -            356   1.3e-87  294.2   0.0   1   1   3.9e-90   1.7e-87  293.8   0.0    75   353    97   383    82   386 0.93 -
DkoeA00011016-RA     -            802 27841at7147          -            356   1.2e-80  271.3   0.0   1   2   2.3e-23   1.1e-20   74.1   0.0   107   333   274   506   244   528 0.80 -
DkoeA00011016-RA     -            802 27841at7147          -            356   1.2e-80  271.3   0.0   2   2   3.2e-60   1.5e-57  195.4   0.0   101   335   533   767   513   791 0.93 -
DkoeA00013846-RA     -            621 27841at7147          -            356   7.6e-59  199.6   0.2   1   1   2.6e-61   1.2e-58  199.0   0.2   100   343   137   382   128   392 0.91 -
DkoeA00007418-RA     -            814 27841at7147          -            356   5.1e-56  190.3   0.2   1   1   1.7e-58   7.7e-56  189.7   0.2   108   354   318   569   307   571 0.90 -
DkoeA00003686-RA     -            685 27841at7147          -            356   1.6e-55  188.7   0.1   1   1   5.1e-58   2.3e-55  188.2   0.1   105   334   196   424   183   448 0.93 -
DkoeA00004861-RA     -            752 27841at7147          -            356   4.7e-49  167.4   0.1   1   1   1.6e-51     7e-49  166.8   0.1    78   329   288   533   235   549 0.82 -
DkoeA00005447-RA     -            734 27841at7147          -            356   5.5e-44  150.7   0.0   1   2   0.00073      0.33   10.0   0.0   143   322   218   406   203   422 0.78 -
DkoeA00005447-RA     -            734 27841at7147          -            356   5.5e-44  150.7   0.0   2   2   5.9e-43   2.6e-40  138.6   0.0   106   339   460   702   422   718 0.86 -
DkoeA00000268-RA     -           1635 27841at7147          -            356   4.2e-43  147.8   0.0   1   2   0.00064      0.29   10.2   0.0   145   265   481   606   454   663 0.78 -
DkoeA00000268-RA     -           1635 27841at7147          -            356   4.2e-43  147.8   0.0   2   2   7.6e-42   3.4e-39  135.0   0.0   109   335   721   944   704   962 0.93 -
DkoeA00006478-RA     -            904 27841at7147          -            356   6.9e-43  147.1   0.0   1   2      0.44     2e+02    0.9   0.0   146   216   370   440   362   451 0.80 -
DkoeA00006478-RA     -            904 27841at7147          -            356   6.9e-43  147.1   0.0   2   2     2e-44   9.2e-42  143.4   0.0   104   338   618   854   604   867 0.89 -
DkoeA00001111-RA     -            578 27841at7147          -            356     6e-42  144.0   0.0   1   1   2.6e-44   1.2e-41  143.1   0.0   102   335   292   524   277   540 0.89 -
DkoeA00008733-RA     -            872 27841at7147          -            356   8.4e-42  143.5   0.0   1   2   9.7e-36   4.4e-33  114.9   0.0   108   263   375   532   350   537 0.93 -
DkoeA00008733-RA     -            872 27841at7147          -            356   8.4e-42  143.5   0.0   2   2   7.5e-09   3.4e-06   26.4   0.0   254   333   545   626   536   643 0.83 -
DkoeA00010867-RA     -            442 27841at7147          -            356   5.1e-41  141.0   0.0   1   1   1.6e-43   7.1e-41  140.5   0.0    99   334   122   354   114   363 0.91 -
DkoeA00009521-RA     -            676 27841at7147          -            356   1.9e-40  139.1   0.0   1   1   6.5e-43   2.9e-40  138.5   0.0   102   333   390   620   373   627 0.91 -
DkoeA00010441-RA     -            750 27841at7147          -            356   7.6e-40  137.1   0.4   1   2   8.6e-40   3.8e-37  128.2   0.3   110   333   223   459   218   480 0.86 -
DkoeA00010441-RA     -            750 27841at7147          -            356   7.6e-40  137.1   0.4   2   2    0.0083       3.7    6.5   0.0   145   212   542   610   520   627 0.85 -
DkoeA00014452-RA     -            556 27841at7147          -            356   4.4e-39  134.6   0.0   1   1   1.9e-41   8.7e-39  133.6   0.0   108   344   282   515   274   539 0.90 -
DkoeA00005742-RA     -            745 27841at7147          -            356     8e-39  133.7   0.1   1   2   6.2e-39   2.8e-36  125.4   0.1   111   332   220   454   211   471 0.86 -
DkoeA00005742-RA     -            745 27841at7147          -            356     8e-39  133.7   0.1   2   2     0.011         5    6.1   0.0   145   212   538   606   517   624 0.84 -
DkoeA00016080-RA     -            376 27841at7147          -            356   2.7e-38  132.0   0.0   1   1   8.2e-41   3.7e-38  131.5   0.0   104   333    92   319    72   329 0.89 -
DkoeA00001979-RA     -            770 27841at7147          -            356   2.5e-37  128.8   0.0   1   1   1.3e-39   5.7e-37  127.6   0.0   107   338   493   722   479   738 0.90 -
DkoeA00015607-RA     -            373 27841at7147          -            356   1.2e-35  123.3   0.0   1   1   3.8e-38   1.7e-35  122.8   0.0   107   333    92   316    83   325 0.87 -
DkoeA00005563-RA     -            533 27841at7147          -            356   6.1e-26   91.4   0.0   1   1     2e-28   8.9e-26   90.8   0.0   106   334   259   485   245   492 0.88 -
DkoeA00013121-RA     -            426 27841at7147          -            356   6.9e-09   35.3   0.0   1   1   2.1e-11   9.5e-09   34.8   0.0   140   278   165   317   144   349 0.80 -
DkoeA00010099-RA     -            602 27841at7147          -            356   6.4e-07   28.8   0.0   1   1   2.4e-09   1.1e-06   28.0   0.0   144   296   347   493   311   521 0.80 -
DkoeA00009281-RA     -            670 27841at7147          -            356   0.00019   20.7   0.0   1   1   6.1e-07   0.00027   20.1   0.0   145   238   320   421   311   463 0.83 -
DkoeA00013557-RA     -           1090 27841at7147          -            356   0.00036   19.8   0.0   1   2         9   4.1e+03   -3.4   0.0   208   243   118   152   104   155 0.74 -
DkoeA00013557-RA     -           1090 27841at7147          -            356   0.00036   19.8   0.0   2   2     2e-06   0.00088   18.5   0.0   145   237   773   874   759   880 0.72 -
DkoeA00002989-RA     -            426 27841at7147          -            356    0.0054   15.9   0.1   1   1   1.9e-05    0.0083   15.3   0.1   144   237   114   216    79   222 0.68 -
DkoeA00015109-RA     -            446 27841at7147          -            356    0.0088   15.2   0.0   1   1     3e-05     0.014   14.6   0.0   143   214    52   120    44   128 0.79 -
DkoeA00011670-RA     -            332 27841at7147          -            356     0.024   13.7   0.0   1   1   7.6e-05     0.034   13.2   0.0   146   169    47    70    32   128 0.77 -
DkoeA00002688-RA     -            643 27841at7147          -            356     0.071   12.2   0.0   1   1   0.00025      0.11   11.5   0.0   145   214   251   318   242   326 0.78 -
DkoeA00005014-RA     -            275 27841at7147          -            356      0.16   11.1   0.0   1   1   0.00051      0.23   10.5   0.0   234   303   135   206   129   226 0.79 -
DkoeA00009153-RA     -            275 27841at7147          -            356      0.16   11.1   0.0   1   1   0.00051      0.23   10.5   0.0   234   303   135   206   129   226 0.79 -
#
# Program:         hmmsearch
# Version:         3.1b2 (February 2015)
# Pipeline mode:   SEARCH
# Query file:      /home/nmoreyra/Documents/Genomics/03_orthologs_search/00_Phylogenomics_BUSCO-groups/busco4_odb10/busco_downloads/lineages/diptera_odb10/hmms/27841at7147.hmm
# Target file:     /home/nmoreyra/Documents/Genomics/03_orthologs_search/00_Phylogenomics_BUSCO-groups/busco4_odb10/../00_proteins/DkoeA_proteins.fasta
# Option settings: /home/nmoreyra/Software/miniconda3/envs/busco4/bin/hmmsearch --domtblout /home/nmoreyra/Documents/Genomics/03_orthologs_search/00_Phylogenomics_BUSCO-groups/busco4_odb10/DkoeA_diptera/run_diptera_odb10/hmmer_output/initial_run_results/27841at7147.out --cpu 1 /home/nmoreyra/Documents/Genomics/03_orthologs_search/00_Phylogenomics_BUSCO-groups/busco4_odb10/busco_downloads/lineages/diptera_odb10/hmms/27841at7147.hmm /home/nmoreyra/Documents/Genomics/03_orthologs_search/00_Phylogenomics_BUSCO-groups/busco4_odb10/../00_proteins/DkoeA_proteins.fasta 
# Current dir:     /home/nmoreyra/Documents/Genomics/03_orthologs_search/00_Phylogenomics_BUSCO-groups/busco4_odb10
# Date:            Mon Jan 25 13:56:38 2021
# [ok]
