#                                                                            --- full sequence --- -------------- this domain -------------   hmm coord   ali coord   env coord
# target name        accession   tlen query name           accession   qlen   E-value  score  bias   #  of  c-Evalue  i-Evalue  score  bias  from    to  from    to  from    to  acc description of target
#------------------- ---------- ----- -------------------- ---------- ----- --------- ------ ----- --- --- --------- --------- ------ ----- ----- ----- ----- ----- ----- ----- ---- ---------------------
DkoeA00012438-RA     -            705 27931at7147          -            406  3.8e-169  562.7  60.8   1   3  5.6e-172  3.3e-168  559.6  19.4     1   360    38   464    38   474 0.86 -
DkoeA00012438-RA     -            705 27931at7147          -            406  3.8e-169  562.7  60.8   2   3   0.00026       1.5    7.4   0.2   349   371   474   496   465   504 0.77 -
DkoeA00012438-RA     -            705 27931at7147          -            406  3.8e-169  562.7  60.8   3   3    0.0045        26    3.3  25.5   251   406   534   705   525   705 0.54 -
DkoeA00011120-RA     -            394 27931at7147          -            406   9.9e-12   44.2   0.3   1   2   2.1e-14   1.2e-10   40.6   0.0     2   112     5   125     4   139 0.82 -
DkoeA00011120-RA     -            394 27931at7147          -            406   9.9e-12   44.2   0.3   2   2     0.023   1.3e+02    1.0   0.6   115   136   254   275   240   285 0.77 -
DkoeA00005735-RA     -            508 27931at7147          -            406   4.9e-08   32.0   0.0   1   5         3   1.8e+04  -12.5  17.7   321   394    76   149     3   161 0.52 -
DkoeA00005735-RA     -            508 27931at7147          -            406   4.9e-08   32.0   0.0   2   5         3   1.8e+04  -18.2  23.3   282   345   113   176    87   205 0.64 -
DkoeA00005735-RA     -            508 27931at7147          -            406   4.9e-08   32.0   0.0   3   5         3   1.8e+04  -10.2  11.1   123   148   183   208   153   233 0.53 -
DkoeA00005735-RA     -            508 27931at7147          -            406   4.9e-08   32.0   0.0   4   5      0.11   6.3e+02   -1.2   0.5   128   157   288   316   286   326 0.75 -
DkoeA00005735-RA     -            508 27931at7147          -            406   4.9e-08   32.0   0.0   5   5   8.4e-12   4.9e-08   32.0   0.0    27   115   382   487   375   498 0.77 -
#
# Program:         hmmsearch
# Version:         3.1b2 (February 2015)
# Pipeline mode:   SEARCH
# Query file:      /home/nmoreyra/Documents/Genomics/03_orthologs_search/00_Phylogenomics_BUSCO-groups/busco4_odb10/busco_downloads/lineages/diptera_odb10/hmms/27931at7147.hmm
# Target file:     /home/nmoreyra/Documents/Genomics/03_orthologs_search/00_Phylogenomics_BUSCO-groups/busco4_odb10/../00_proteins/DkoeA_proteins.fasta
# Option settings: /home/nmoreyra/Software/miniconda3/envs/busco4/bin/hmmsearch --domtblout /home/nmoreyra/Documents/Genomics/03_orthologs_search/00_Phylogenomics_BUSCO-groups/busco4_odb10/DkoeA_diptera/run_diptera_odb10/hmmer_output/initial_run_results/27931at7147.out --cpu 1 /home/nmoreyra/Documents/Genomics/03_orthologs_search/00_Phylogenomics_BUSCO-groups/busco4_odb10/busco_downloads/lineages/diptera_odb10/hmms/27931at7147.hmm /home/nmoreyra/Documents/Genomics/03_orthologs_search/00_Phylogenomics_BUSCO-groups/busco4_odb10/../00_proteins/DkoeA_proteins.fasta 
# Current dir:     /home/nmoreyra/Documents/Genomics/03_orthologs_search/00_Phylogenomics_BUSCO-groups/busco4_odb10
# Date:            Mon Jan 25 13:56:48 2021
# [ok]
