#                                                                            --- full sequence --- -------------- this domain -------------   hmm coord   ali coord   env coord
# target name        accession   tlen query name           accession   qlen   E-value  score  bias   #  of  c-Evalue  i-Evalue  score  bias  from    to  from    to  from    to  acc description of target
#------------------- ---------- ----- -------------------- ---------- ----- --------- ------ ----- --- --- --------- --------- ------ ----- ----- ----- ----- ----- ----- ----- ---- ---------------------
DkoeA00000775-RA     -            451 28191at7147          -            336  1.7e-160  533.5  14.2   1   2   7.9e-05      0.23   10.4   0.0     1    15    22    36    22    48 0.89 -
DkoeA00000775-RA     -            451 28191at7147          -            336  1.7e-160  533.5  14.2   2   2  3.9e-158  1.1e-154  514.4  11.5    21   336    76   451    63   451 0.90 -
DkoeA00014047-RA     -            432 28191at7147          -            336   1.9e-64  217.8   0.0   1   2     0.013        38    3.1   0.0    55    90    50    85    45    89 0.87 -
DkoeA00014047-RA     -            432 28191at7147          -            336   1.9e-64  217.8   0.0   2   2   3.2e-66   9.5e-63  212.2   0.0    74   334   117   428   109   430 0.82 -
DkoeA00000205-RA     -            885 28191at7147          -            336   2.2e-56  191.2   0.2   1   2     0.003       8.8    5.2   0.0    54    83   439   468   393   488 0.73 -
DkoeA00000205-RA     -            885 28191at7147          -            336   2.2e-56  191.2   0.2   2   2   1.3e-57   3.8e-54  183.9   0.0    74   311   507   784   495   808 0.82 -
DkoeA00011793-RA     -            308 28191at7147          -            336   1.4e-22   80.1   0.0   1   1   6.6e-26   1.9e-22   79.7   0.0    78   171     1   100     1   124 0.90 -
DkoeA00011795-RA     -            260 28191at7147          -            336   9.9e-19   67.5   1.2   1   3     7e-13     2e-09   36.9   0.0   180   240     2    70     1    87 0.81 -
DkoeA00011795-RA     -            260 28191at7147          -            336   9.9e-19   67.5   1.2   2   3     2e-05     0.058   12.4   0.2   250   268   140   158   136   167 0.87 -
DkoeA00011795-RA     -            260 28191at7147          -            336   9.9e-19   67.5   1.2   3   3   2.1e-06    0.0061   15.6   0.0   271   313   194   235   187   241 0.89 -
DkoeA00011791-RA     -            955 28191at7147          -            336     0.054   12.5   0.0   1   1     3e-05     0.088   11.8   0.0    33    82   837   888   817   898 0.78 -
#
# Program:         hmmsearch
# Version:         3.1b2 (February 2015)
# Pipeline mode:   SEARCH
# Query file:      /home/nmoreyra/Documents/Genomics/03_orthologs_search/00_Phylogenomics_BUSCO-groups/busco4_odb10/busco_downloads/lineages/diptera_odb10/hmms/28191at7147.hmm
# Target file:     /home/nmoreyra/Documents/Genomics/03_orthologs_search/00_Phylogenomics_BUSCO-groups/busco4_odb10/../00_proteins/DkoeA_proteins.fasta
# Option settings: /home/nmoreyra/Software/miniconda3/envs/busco4/bin/hmmsearch --domtblout /home/nmoreyra/Documents/Genomics/03_orthologs_search/00_Phylogenomics_BUSCO-groups/busco4_odb10/DkoeA_diptera/run_diptera_odb10/hmmer_output/initial_run_results/28191at7147.out --cpu 1 /home/nmoreyra/Documents/Genomics/03_orthologs_search/00_Phylogenomics_BUSCO-groups/busco4_odb10/busco_downloads/lineages/diptera_odb10/hmms/28191at7147.hmm /home/nmoreyra/Documents/Genomics/03_orthologs_search/00_Phylogenomics_BUSCO-groups/busco4_odb10/../00_proteins/DkoeA_proteins.fasta 
# Current dir:     /home/nmoreyra/Documents/Genomics/03_orthologs_search/00_Phylogenomics_BUSCO-groups/busco4_odb10
# Date:            Mon Jan 25 13:57:11 2021
# [ok]
