#                                                                            --- full sequence --- -------------- this domain -------------   hmm coord   ali coord   env coord
# target name        accession   tlen query name           accession   qlen   E-value  score  bias   #  of  c-Evalue  i-Evalue  score  bias  from    to  from    to  from    to  acc description of target
#------------------- ---------- ----- -------------------- ---------- ----- --------- ------ ----- --- --- --------- --------- ------ ----- ----- ----- ----- ----- ----- ----- ---- ---------------------
DkoeA00000066-RA     -            672 30641at7147          -            425  1.1e-183  610.7  19.6   1   3      0.36   1.2e+02    1.2   0.7     1    19    25    44    25    59 0.75 -
DkoeA00000066-RA     -            672 30641at7147          -            425  1.1e-183  610.7  19.6   2   3  1.4e-100   4.4e-98  328.7   1.6    12   224    87   336    76   341 0.87 -
DkoeA00000066-RA     -            672 30641at7147          -            425  1.1e-183  610.7  19.6   3   3   3.1e-87     1e-84  284.7   3.5   224   411   358   575   348   580 0.88 -
DkoeA00011833-RA     -            516 30641at7147          -            425   1.4e-61  208.4   0.2   1   1   5.9e-64   1.9e-61  208.0   0.2    79   400    87   409    79   423 0.88 -
DkoeA00010827-RA     -            909 30641at7147          -            425     2e-50  171.7   0.5   1   3   5.1e-34   1.7e-31  109.4   0.1    61   251   282   483   243   494 0.79 -
DkoeA00010827-RA     -            909 30641at7147          -            425     2e-50  171.7   0.5   2   3   1.8e-18   5.9e-16   58.2   0.0   319   411   618   710   609   723 0.86 -
DkoeA00010827-RA     -            909 30641at7147          -            425     2e-50  171.7   0.5   3   3      0.83   2.7e+02   -0.0   0.0   236   256   823   843   813   857 0.86 -
DkoeA00011466-RA     -            697 30641at7147          -            425     3e-50  171.1   0.1   1   1   1.4e-52   4.5e-50  170.6   0.1    81   399   232   559   215   626 0.86 -
DkoeA00016557-RA     -            509 30641at7147          -            425   2.3e-49  168.2   0.0   1   1   9.6e-52   3.1e-49  167.8   0.0    77   405    67   402    55   413 0.81 -
DkoeA00002098-RA     -            449 30641at7147          -            425   4.3e-49  167.3   0.0   1   1   1.9e-51   6.1e-49  166.8   0.0    78   401    27   355    22   369 0.84 -
DkoeA00009938-RA     -            529 30641at7147          -            425   7.6e-49  166.5   0.1   1   1   5.3e-51   1.7e-48  165.4   0.1    56   394    20   363    16   383 0.76 -
DkoeA00000535-RA     -            596 30641at7147          -            425   1.3e-48  165.7   0.0   1   1   6.1e-51     2e-48  165.2   0.0    78   401   152   484    98   507 0.84 -
DkoeA00002333-RA     -           1493 30641at7147          -            425   3.9e-48  164.2   0.0   1   1   1.9e-50   6.1e-48  163.5   0.0    54   408    16   365     9   380 0.82 -
DkoeA00004901-RA     -            761 30641at7147          -            425   8.3e-48  163.1   1.1   1   2   2.4e-16   7.9e-14   51.2   0.0    46   150   149   260   115   262 0.80 -
DkoeA00004901-RA     -            761 30641at7147          -            425   8.3e-48  163.1   1.1   2   2   2.8e-34   9.1e-32  110.3   0.5   195   413   285   503   276   514 0.86 -
DkoeA00001289-RA     -            610 30641at7147          -            425     2e-45  155.3   0.0   1   1   9.1e-48     3e-45  154.7   0.0    53   406    17   385     9   397 0.81 -
DkoeA00011419-RA     -            787 30641at7147          -            425   1.4e-44  152.5   0.0   1   1   6.2e-47     2e-44  152.0   0.0    75   401   166   501   158   526 0.80 -
DkoeA00014942-RA     -            593 30641at7147          -            425   3.1e-44  151.3   0.0   1   1   1.4e-46   4.5e-44  150.8   0.0    75   402    24   357    16   363 0.82 -
DkoeA00009038-RA     -            798 30641at7147          -            425   5.6e-43  147.2   0.0   1   1   7.9e-45   2.6e-42  145.0   0.0    77   398   300   628   287   650 0.77 -
DkoeA00016059-RA     -            676 30641at7147          -            425   7.2e-43  146.8   0.0   1   1     3e-45   9.9e-43  146.4   0.0    74   402   284   618   276   634 0.82 -
DkoeA00005779-RA     -            799 30641at7147          -            425     3e-42  144.8   0.2   1   2         1   3.3e+02   -0.3   0.1   238   271    62    95    54   100 0.86 -
DkoeA00005779-RA     -            799 30641at7147          -            425     3e-42  144.8   0.2   2   2   5.7e-44   1.8e-41  142.2   0.0    88   409   103   443    98   454 0.83 -
DkoeA00005077-RA     -            403 30641at7147          -            425   1.6e-41  142.4   0.3   1   1   7.1e-44   2.3e-41  141.9   0.3    86   420    64   398    53   402 0.84 -
DkoeA00009394-RA     -            828 30641at7147          -            425     3e-41  141.5   0.0   1   1   1.5e-43   4.9e-41  140.8   0.0    55   403    50   393    46   396 0.86 -
DkoeA00008939-RA     -           1233 30641at7147          -            425   1.9e-40  138.9   0.0   1   1   9.4e-43   3.1e-40  138.2   0.0    63   398   554   889   541   894 0.82 -
DkoeA00010684-RA     -            954 30641at7147          -            425   9.1e-40  136.6   0.0   1   1   4.6e-42   1.5e-39  135.9   0.0    75   401   259   599   253   626 0.80 -
DkoeA00008381-RA     -            619 30641at7147          -            425   2.9e-39  134.9   0.1   1   1   1.5e-41   4.8e-39  134.2   0.1    78   410   203   548   177   563 0.80 -
DkoeA00015371-RA     -            505 30641at7147          -            425   4.9e-39  134.2   0.0   1   1   2.2e-41   7.1e-39  133.7   0.0   123   414    80   371    72   376 0.82 -
DkoeA00009309-RA     -            461 30641at7147          -            425   8.4e-39  133.4   0.6   1   1     5e-41   1.6e-38  132.5   0.6    87   420   123   456   111   460 0.84 -
DkoeA00002597-RA     -            556 30641at7147          -            425   9.2e-38  130.0   0.0   1   1     5e-40   1.6e-37  129.2   0.0    55   403    18   357    14   373 0.85 -
DkoeA00007362-RA     -            613 30641at7147          -            425   9.8e-38  129.9   0.0   1   1   5.2e-40   1.7e-37  129.1   0.0    77   400   138   472   128   501 0.75 -
DkoeA00006467-RA     -            823 30641at7147          -            425   1.1e-37  129.7   0.4   1   2   2.4e-05    0.0078   14.9   0.0    80   115   244   280   237   287 0.77 -
DkoeA00006467-RA     -            823 30641at7147          -            425   1.1e-37  129.7   0.4   2   2   1.5e-33   4.8e-31  107.9   0.4   120   402   344   662   337   672 0.75 -
DkoeA00005774-RA     -            565 30641at7147          -            425   4.7e-37  127.7   1.5   1   2   1.3e-27   4.3e-25   88.2   0.7    73   348    29   312    10   316 0.84 -
DkoeA00005774-RA     -            565 30641at7147          -            425   4.7e-37  127.7   1.5   2   2   2.5e-12   8.3e-10   37.9   0.0   350   398   336   384   326   399 0.89 -
DkoeA00004265-RA     -            432 30641at7147          -            425   7.6e-37  127.0   0.0   1   1   5.3e-39   1.7e-36  125.8   0.0    79   400     5   326     2   349 0.84 -
DkoeA00005434-RA     -            836 30641at7147          -            425   1.3e-36  126.2   0.0   1   2   1.6e-15   5.2e-13   48.4   0.0    79   209   435   576   423   592 0.75 -
DkoeA00005434-RA     -            836 30641at7147          -            425   1.3e-36  126.2   0.0   2   2     1e-23   3.4e-21   75.4   0.0   221   398   611   788   599   799 0.85 -
DkoeA00016016-RA     -            891 30641at7147          -            425   2.1e-36  125.5   0.0   1   1   3.4e-38   1.1e-35  123.2   0.0    54   400   444   781   424   792 0.81 -
DkoeA00011927-RA     -            424 30641at7147          -            425   4.5e-36  124.4   0.9   1   1   1.8e-38   5.9e-36  124.0   0.9    84   423    73   417    64   419 0.82 -
DkoeA00008410-RA     -            687 30641at7147          -            425   1.4e-34  119.5   0.0   1   1   6.3e-37     2e-34  119.0   0.0    74   416   302   658   293   667 0.79 -
DkoeA00001084-RA     -            797 30641at7147          -            425     3e-34  118.4   0.0   1   1   1.8e-36     6e-34  117.4   0.0    72   398   314   657   288   670 0.77 -
DkoeA00000867-RA     -           1048 30641at7147          -            425   1.1e-33  116.6   0.0   1   1   6.4e-36   2.1e-33  115.6   0.0    71   408    43   396    25   404 0.76 -
DkoeA00011965-RA     -            560 30641at7147          -            425   1.6e-33  116.0   0.6   1   1     1e-35   3.3e-33  115.0   0.6    33   389   131   499   106   510 0.74 -
DkoeA00000241-RA     -            465 30641at7147          -            425   7.2e-32  110.6   0.2   1   1   4.6e-34   1.5e-31  109.5   0.2    59   417    94   452    79   457 0.75 -
DkoeA00000235-RA     -            728 30641at7147          -            425   2.4e-29  102.3   0.1   1   3   1.6e-05    0.0052   15.5   0.0    78   118    28    68    20    72 0.83 -
DkoeA00000235-RA     -            728 30641at7147          -            425   2.4e-29  102.3   0.1   2   3   7.2e-12   2.3e-09   36.4   0.0   123   277   289   450   274   456 0.74 -
DkoeA00000235-RA     -            728 30641at7147          -            425   2.4e-29  102.3   0.1   3   3   7.5e-15   2.4e-12   46.2   0.0   328   395   547   614   504   620 0.95 -
DkoeA00017407-RA     -            345 30641at7147          -            425     2e-22   79.5   0.1   1   1     8e-25   2.6e-22   79.1   0.1    82   237    88   243    75   273 0.87 -
DkoeA00010482-RA     -            587 30641at7147          -            425   8.6e-20   70.8   0.0   1   1   6.9e-22   2.2e-19   69.4   0.0    80   355   278   564   268   570 0.72 -
DkoeA00009587-RA     -            665 30641at7147          -            425   2.5e-10   39.6   0.1   1   2   0.00049      0.16   10.6   0.0    53   126     7    73     4    86 0.69 -
DkoeA00009587-RA     -            665 30641at7147          -            425   2.5e-10   39.6   0.1   2   2   6.1e-09     2e-06   26.8   0.0   297   398   243   347   234   375 0.80 -
DkoeA00018303-RA     -            640 30641at7147          -            425   1.2e-09   37.3   0.0   1   2    0.0032         1    7.9   0.0    90   181    73   161    69   190 0.59 -
DkoeA00018303-RA     -            640 30641at7147          -            425   1.2e-09   37.3   0.0   2   2   4.6e-09   1.5e-06   27.2   0.0   297   397   272   375   246   395 0.86 -
DkoeA00014361-RA     -           1791 30641at7147          -            425   5.4e-09   35.2   0.0   1   2    0.0023      0.76    8.4   0.0    94   204   870   984   865  1005 0.71 -
DkoeA00014361-RA     -           1791 30641at7147          -            425   5.4e-09   35.2   0.0   2   2   3.1e-08   9.9e-06   24.5   0.0   328   386  1133  1191  1126  1204 0.89 -
DkoeA00011053-RA     -           1381 30641at7147          -            425   2.5e-08   33.0   0.0   1   2      0.46   1.5e+02    0.8   0.0    91   204    73   190    63   228 0.64 -
DkoeA00011053-RA     -           1381 30641at7147          -            425   2.5e-08   33.0   0.0   2   2   9.3e-10     3e-07   29.5   0.1   329   411   481   563   473   576 0.83 -
DkoeA00000186-RA     -           1057 30641at7147          -            425     4e-08   32.3   0.1   1   1   1.8e-09   5.8e-07   28.5   0.1    89   387    36   353    30   359 0.70 -
DkoeA00001328-RA     -           2178 30641at7147          -            425   8.2e-08   31.3   2.3   1   4   0.00014     0.046   12.4   0.3    90   201   501   621   466   626 0.76 -
DkoeA00001328-RA     -           2178 30641at7147          -            425   8.2e-08   31.3   2.3   2   4    0.0065       2.1    6.9   0.0   328   363   798   833   778   848 0.87 -
DkoeA00001328-RA     -           2178 30641at7147          -            425   8.2e-08   31.3   2.3   3   4     0.022       7.3    5.1   0.0    91   133  1352  1392  1333  1465 0.78 -
DkoeA00001328-RA     -           2178 30641at7147          -            425   8.2e-08   31.3   2.3   4   4      0.13        43    2.6   0.0   328   398  1636  1718  1625  1728 0.67 -
DkoeA00010929-RA     -           1404 30641at7147          -            425   6.1e-07   28.5   0.3   1   2      0.13        43    2.6   0.0    89   112   662   685   652   725 0.74 -
DkoeA00010929-RA     -           1404 30641at7147          -            425   6.1e-07   28.5   0.3   2   2   7.5e-08   2.4e-05   23.2   0.1   328   404   906   982   877  1002 0.83 -
DkoeA00017965-RA     -           1471 30641at7147          -            425   3.9e-05   22.5   0.3   1   2       4.3   1.4e+03   -2.4   0.1   123   203    14    98    12   195 0.66 -
DkoeA00017965-RA     -           1471 30641at7147          -            425   3.9e-05   22.5   0.3   2   2   3.5e-07   0.00012   21.0   0.0   329   384   403   457   364   495 0.78 -
DkoeA00017967-RA     -           1687 30641at7147          -            425   4.3e-05   22.4   0.3   1   2       3.6   1.2e+03   -2.1   0.1   123   203    20   104     9   203 0.68 -
DkoeA00017967-RA     -           1687 30641at7147          -            425   4.3e-05   22.4   0.3   2   2   4.2e-07   0.00014   20.7   0.0   329   384   409   463   370   501 0.78 -
DkoeA00001319-RA     -           2268 30641at7147          -            425   6.9e-05   21.7   0.0   1   1   3.7e-07   0.00012   20.9   0.0   328   384   547   602   539   613 0.89 -
DkoeA00016545-RA     -            609 30641at7147          -            425   0.00011   21.0   0.0   1   2     0.058        19    3.8   0.0    91   148    35    85    30   200 0.71 -
DkoeA00016545-RA     -            609 30641at7147          -            425   0.00011   21.0   0.0   2   2     2e-05    0.0064   15.2   0.0   336   390   276   330   261   359 0.85 -
DkoeA00002381-RA     -            712 30641at7147          -            425   0.00056   18.7   0.0   1   2     0.069        22    3.5   0.0    91   126    34    67    30   143 0.78 -
DkoeA00002381-RA     -            712 30641at7147          -            425   0.00056   18.7   0.0   2   2   9.6e-05     0.031   13.0   0.0   331   388   269   326   260   348 0.83 -
DkoeA00013554-RA     -           1064 30641at7147          -            425    0.0078   14.9   0.1   1   2      0.61     2e+02    0.4   0.0    97   144   303   343   300   392 0.82 -
DkoeA00013554-RA     -           1064 30641at7147          -            425    0.0078   14.9   0.1   2   2   0.00021     0.068   11.8   0.1   294   388   709   810   691   845 0.83 -
DkoeA00002472-RA     -            670 30641at7147          -            425     0.012   14.3   0.3   1   2      0.17        54    2.3   0.0    97   144    39    79    35   107 0.83 -
DkoeA00002472-RA     -            670 30641at7147          -            425     0.012   14.3   0.3   2   2   0.00089      0.29    9.8   0.2   294   391   445   549   432   573 0.79 -
DkoeA00007455-RA     -            684 30641at7147          -            425     0.015   14.0   0.0   1   2     0.017       5.7    5.5   0.0    98   284   147   334   142   344 0.71 -
DkoeA00007455-RA     -            684 30641at7147          -            425     0.015   14.0   0.0   2   2    0.0098       3.2    6.3   0.0   342   406   495   562   438   578 0.78 -
#
# Program:         hmmsearch
# Version:         3.1b2 (February 2015)
# Pipeline mode:   SEARCH
# Query file:      /home/nmoreyra/Documents/Genomics/03_orthologs_search/00_Phylogenomics_BUSCO-groups/busco4_odb10/busco_downloads/lineages/diptera_odb10/hmms/30641at7147.hmm
# Target file:     /home/nmoreyra/Documents/Genomics/03_orthologs_search/00_Phylogenomics_BUSCO-groups/busco4_odb10/../00_proteins/DkoeA_proteins.fasta
# Option settings: /home/nmoreyra/Software/miniconda3/envs/busco4/bin/hmmsearch --domtblout /home/nmoreyra/Documents/Genomics/03_orthologs_search/00_Phylogenomics_BUSCO-groups/busco4_odb10/DkoeA_diptera/run_diptera_odb10/hmmer_output/initial_run_results/30641at7147.out --cpu 1 /home/nmoreyra/Documents/Genomics/03_orthologs_search/00_Phylogenomics_BUSCO-groups/busco4_odb10/busco_downloads/lineages/diptera_odb10/hmms/30641at7147.hmm /home/nmoreyra/Documents/Genomics/03_orthologs_search/00_Phylogenomics_BUSCO-groups/busco4_odb10/../00_proteins/DkoeA_proteins.fasta 
# Current dir:     /home/nmoreyra/Documents/Genomics/03_orthologs_search/00_Phylogenomics_BUSCO-groups/busco4_odb10
# Date:            Mon Jan 25 13:58:01 2021
# [ok]
