#                                                                            --- full sequence --- -------------- this domain -------------   hmm coord   ali coord   env coord
# target name        accession   tlen query name           accession   qlen   E-value  score  bias   #  of  c-Evalue  i-Evalue  score  bias  from    to  from    to  from    to  acc description of target
#------------------- ---------- ----- -------------------- ---------- ----- --------- ------ ----- --- --- --------- --------- ------ ----- ----- ----- ----- ----- ----- ----- ---- ---------------------
DkoeA00017897-RA     -            284 32996at7147          -            293  5.1e-133  442.7  12.3   1   1  1.4e-135  7.4e-133  442.2  12.3    58   293    11   273     5   273 0.93 -
DkoeA00016663-RA     -            338 32996at7147          -            293   5.3e-58  196.5   7.7   1   1   1.8e-60   9.2e-58  195.7   7.7    56   292    52   312    12   313 0.83 -
DkoeA00016665-RA     -            404 32996at7147          -            293   2.6e-51  174.6  10.9   1   1   7.4e-54   3.8e-51  174.0  10.9    84   291   149   376   137   378 0.89 -
DkoeA00016670-RA     -            313 32996at7147          -            293   2.2e-43  148.5   1.7   1   1   5.3e-46   2.7e-43  148.2   1.7    83   283    68   275    41   285 0.82 -
DkoeA00014472-RA     -            247 32996at7147          -            293     1e-29  103.7   2.2   1   1   2.5e-32   1.3e-29  103.3   2.2   109   265    65   231    41   237 0.90 -
DkoeA00006140-RA     -            149 32996at7147          -            293   9.6e-10   38.1   0.2   1   2   1.9e-05    0.0098   15.1   0.0     5    64    14    77    11    87 0.75 -
DkoeA00006140-RA     -            149 32996at7147          -            293   9.6e-10   38.1   0.2   2   2   1.9e-07   9.8e-05   21.7   0.1     3    60    85   146    83   149 0.83 -
DkoeA00007914-RA     -            155 32996at7147          -            293     1e-09   38.0   1.7   1   2   1.6e-07   8.1e-05   21.9   0.1     5    64    17    80    14    88 0.81 -
DkoeA00007914-RA     -            155 32996at7147          -            293     1e-09   38.0   1.7   2   2   1.3e-05    0.0066   15.7   0.2     2    60    90   152    89   154 0.78 -
DkoeA00006279-RA     -            159 32996at7147          -            293   2.7e-08   33.4   0.3   1   2   1.5e-06   0.00079   18.7   0.0     4    63    18    81    16    90 0.85 -
DkoeA00006279-RA     -            159 32996at7147          -            293   2.7e-08   33.4   0.3   2   2   8.5e-05     0.044   13.0   0.2     3    59    93   153    91   156 0.76 -
DkoeA00007425-RA     -            153 32996at7147          -            293   9.7e-08   31.5   0.8   1   2   5.9e-07   0.00031   20.0   0.0     5    64    17    80    14    88 0.81 -
DkoeA00007425-RA     -            153 32996at7147          -            293   9.7e-08   31.5   0.8   2   2   0.00052      0.27   10.4   0.1     2    59    90   151    89   153 0.78 -
DkoeA00006278-RA     -            153 32996at7147          -            293   2.1e-07   30.4   0.1   1   2   3.9e-05      0.02   14.1   0.0     4    66    14    80    11    92 0.78 -
DkoeA00006278-RA     -            153 32996at7147          -            293   2.1e-07   30.4   0.1   2   2   1.9e-05    0.0097   15.1   0.1     3    59    90   150    88   153 0.77 -
DkoeA00006020-RA     -            403 32996at7147          -            293     4e-07   29.5   0.8   1   2   0.00055      0.28   10.3   0.1     3    59   229   289   227   297 0.75 -
DkoeA00006020-RA     -            403 32996at7147          -            293     4e-07   29.5   0.8   2   2   3.2e-06    0.0016   17.7   0.0     3    87   310   398   308   402 0.76 -
DkoeA00001918-RA     -            149 32996at7147          -            293   5.2e-07   29.1   0.6   1   2    0.0011      0.59    9.2   0.0     5    62    14    75    11    85 0.74 -
DkoeA00001918-RA     -            149 32996at7147          -            293   5.2e-07   29.1   0.6   2   2   1.7e-06   0.00088   18.5   0.3     3    60    85   146    83   149 0.80 -
DkoeA00009788-RA     -            170 32996at7147          -            293   6.1e-07   28.9   1.2   1   2   0.00023      0.12   11.6   0.0     4    60    23    79    19    85 0.79 -
DkoeA00009788-RA     -            170 32996at7147          -            293   6.1e-07   28.9   1.2   2   2     8e-06    0.0041   16.3   0.3     3    59    91   156    89   169 0.73 -
DkoeA00008094-RA     -            149 32996at7147          -            293     1e-06   28.1   1.5   1   2   0.00042      0.22   10.7   0.2     4    63    10    73     7    80 0.80 -
DkoeA00008094-RA     -            149 32996at7147          -            293     1e-06   28.1   1.5   2   2   5.5e-06    0.0028   16.9   0.1     2    60    84   146    83   148 0.81 -
DkoeA00010330-RA     -            200 32996at7147          -            293   1.7e-06   27.4   2.7   1   2     5e-05     0.026   13.7   0.1     3    61    60   122    58   133 0.80 -
DkoeA00010330-RA     -            200 32996at7147          -            293   1.7e-06   27.4   2.7   2   2   3.6e-05     0.018   14.2   0.5     7    62   137   196   131   200 0.74 -
DkoeA00008798-RA     -            238 32996at7147          -            293   1.9e-06   27.3   1.2   1   2   0.00038      0.19   10.8   0.0     4    60    91   147    88   153 0.79 -
DkoeA00008798-RA     -            238 32996at7147          -            293   1.9e-06   27.3   1.2   2   2   1.8e-05    0.0091   15.2   0.4     3    59   159   224   157   237 0.73 -
DkoeA00007320-RA     -            171 32996at7147          -            293   4.1e-06   26.2   0.8   1   2    0.0062       3.2    6.8   0.1     3    59    12    72    10    91 0.83 -
DkoeA00007320-RA     -            171 32996at7147          -            293   4.1e-06   26.2   0.8   2   2   2.1e-06    0.0011   18.2   0.1    11    59   117   169   109   171 0.85 -
DkoeA00007761-RA     -            149 32996at7147          -            293   4.6e-06   26.0   0.1   1   2   0.00074      0.38    9.9   0.0    25    59    38    71    10    84 0.70 -
DkoeA00007761-RA     -            149 32996at7147          -            293   4.6e-06   26.0   0.1   2   2   2.6e-05     0.013   14.7   0.0     4    59    85   144    82   147 0.80 -
DkoeA00009850-RA     -           1803 32996at7147          -            293   5.9e-06   25.7   0.0   1   2   0.00014     0.071   12.3   0.0     3    58  1440  1496  1438  1529 0.84 -
DkoeA00009850-RA     -           1803 32996at7147          -            293   5.9e-06   25.7   0.0   2   2   0.00034      0.18   11.0   0.0     4    86  1623  1708  1621  1718 0.73 -
DkoeA00008868-RA     -            142 32996at7147          -            293     3e-05   23.3   1.1   1   2    0.0006      0.31   10.2   0.0    25    58     9    42     2    49 0.83 -
DkoeA00008868-RA     -            142 32996at7147          -            293     3e-05   23.3   1.1   2   2   0.00082      0.42    9.7   0.4    29    62    96   129    53   137 0.64 -
DkoeA00007762-RA     -            176 32996at7147          -            293   0.00011   21.6   0.4   1   2     0.052        27    3.8   0.0    36    62    52    78    13    85 0.59 -
DkoeA00007762-RA     -            176 32996at7147          -            293   0.00011   21.6   0.4   2   2   8.5e-06    0.0044   16.2   0.1     3    58    88   147    86   159 0.78 -
DkoeA00005377-RA     -            148 32996at7147          -            293   0.00011   21.5   3.9   1   2     0.028        14    4.7   0.1    30    58    41    69    12    81 0.70 -
DkoeA00005377-RA     -            148 32996at7147          -            293   0.00011   21.5   3.9   2   2   2.6e-06    0.0013   17.9   1.2     4    61    84   145    81   148 0.80 -
DkoeA00008866-RA     -            142 32996at7147          -            293   0.00016   20.9   1.5   1   2   0.00092      0.47    9.6   0.0    31    58    15    42     2    48 0.83 -
DkoeA00008866-RA     -            142 32996at7147          -            293   0.00016   20.9   1.5   2   2    0.0022       1.1    8.3   0.5    29    62    96   129    53   138 0.63 -
DkoeA00001917-RA     -            157 32996at7147          -            293   0.00024   20.4   1.6   1   2     0.091        47    3.0   0.0    15    60    33    81    20    97 0.68 -
DkoeA00001917-RA     -            157 32996at7147          -            293   0.00024   20.4   1.6   2   2   4.5e-06    0.0023   17.1   0.4     4    60    94   154    91   157 0.76 -
DkoeA00011832-RA     -           1114 32996at7147          -            293    0.0014   17.9   0.0   1   2     0.019       9.6    5.3   0.0     5    57    19    72    15    96 0.82 -
DkoeA00011832-RA     -           1114 32996at7147          -            293    0.0014   17.9   0.0   2   2   0.00056      0.29   10.3   0.0     2    64   203   266   202   291 0.80 -
DkoeA00006786-RA     -            199 32996at7147          -            293    0.0078   15.4   0.2   1   2    0.0018      0.94    8.6   0.0     8    60    39    96    33   103 0.76 -
DkoeA00006786-RA     -            199 32996at7147          -            293    0.0078   15.4   0.2   2   2     0.017         9    5.4   0.0     5    65   103   167    99   187 0.81 -
DkoeA00006985-RA     -            160 32996at7147          -            293     0.015   14.5   0.5   1   2   7.2e-05     0.037   13.2   0.2     3    61     6    68     4    87 0.77 -
DkoeA00006985-RA     -            160 32996at7147          -            293     0.015   14.5   0.5   2   2       1.1   5.5e+02   -0.5   0.0     3    44    79   122    77   145 0.60 -
DkoeA00011791-RA     -            955 32996at7147          -            293     0.017   14.3   2.2   1   2   0.00099      0.51    9.5   0.3     2    60   276   338   275   355 0.82 -
DkoeA00011791-RA     -            955 32996at7147          -            293     0.017   14.3   2.2   2   2     0.033        17    4.5   0.1    11    59   359   410   349   415 0.78 -
DkoeA00012441-RA     -            624 32996at7147          -            293     0.018   14.2   0.0   1   1   5.6e-05     0.029   13.5   0.0     4    57   539   593   536   605 0.87 -
DkoeA00015769-RA     -            143 32996at7147          -            293      0.02   14.1   0.7   1   2    0.0098       5.1    6.2   0.1    32    60    63    91    37   106 0.79 -
DkoeA00015769-RA     -            143 32996at7147          -            293      0.02   14.1   0.7   2   2   0.00027      0.14   11.3   0.7     6    58    69   129    66   140 0.79 -
DkoeA00013228-RA     -            147 32996at7147          -            293     0.047   12.9   0.0   1   1   0.00012      0.06   12.5   0.0    10    61    10    65     3    77 0.77 -
DkoeA00014782-RA     -            339 32996at7147          -            293     0.047   12.9  10.4   1   3     0.025        13    4.9   1.9     9    81    97   178    89   185 0.69 -
DkoeA00014782-RA     -            339 32996at7147          -            293     0.047   12.9  10.4   2   3   0.00058       0.3   10.2   0.3     5    57   181   238   177   247 0.73 -
DkoeA00014782-RA     -            339 32996at7147          -            293     0.047   12.9  10.4   3   3       0.1        53    2.8   0.1     8    57   257   311   251   325 0.77 -
DkoeA00011337-RA     -            921 32996at7147          -            293      0.19   10.9   0.0   1   1   0.00062      0.32   10.1   0.0     3    61   754   822   752   840 0.77 -
DkoeA00013149-RA     -            429 32996at7147          -            293       2.9    7.0   4.4   1   3      0.04        21    4.2   0.0     5    43   172   211   166   245 0.72 -
DkoeA00013149-RA     -            429 32996at7147          -            293       2.9    7.0   4.4   2   3     0.099        51    2.9   0.4    34    60   303   329   297   335 0.89 -
DkoeA00013149-RA     -            429 32996at7147          -            293       2.9    7.0   4.4   3   3       1.4   7.3e+02   -0.9   0.1     4    60   353   410   350   424 0.74 -
#
# Program:         hmmsearch
# Version:         3.1b2 (February 2015)
# Pipeline mode:   SEARCH
# Query file:      /home/nmoreyra/Documents/Genomics/03_orthologs_search/00_Phylogenomics_BUSCO-groups/busco4_odb10/busco_downloads/lineages/diptera_odb10/hmms/32996at7147.hmm
# Target file:     /home/nmoreyra/Documents/Genomics/03_orthologs_search/00_Phylogenomics_BUSCO-groups/busco4_odb10/../00_proteins/DkoeA_proteins.fasta
# Option settings: /home/nmoreyra/Software/miniconda3/envs/busco4/bin/hmmsearch --domtblout /home/nmoreyra/Documents/Genomics/03_orthologs_search/00_Phylogenomics_BUSCO-groups/busco4_odb10/DkoeA_diptera/run_diptera_odb10/hmmer_output/initial_run_results/32996at7147.out --cpu 1 /home/nmoreyra/Documents/Genomics/03_orthologs_search/00_Phylogenomics_BUSCO-groups/busco4_odb10/busco_downloads/lineages/diptera_odb10/hmms/32996at7147.hmm /home/nmoreyra/Documents/Genomics/03_orthologs_search/00_Phylogenomics_BUSCO-groups/busco4_odb10/../00_proteins/DkoeA_proteins.fasta 
# Current dir:     /home/nmoreyra/Documents/Genomics/03_orthologs_search/00_Phylogenomics_BUSCO-groups/busco4_odb10
# Date:            Mon Jan 25 13:56:23 2021
# [ok]
