#                                                                            --- full sequence --- -------------- this domain -------------   hmm coord   ali coord   env coord
# target name        accession   tlen query name           accession   qlen   E-value  score  bias   #  of  c-Evalue  i-Evalue  score  bias  from    to  from    to  from    to  acc description of target
#------------------- ---------- ----- -------------------- ---------- ----- --------- ------ ----- --- --- --------- --------- ------ ----- ----- ----- ----- ----- ----- ----- ---- ---------------------
DkoeA00001589-RA     -           2038 3440at7147           -           1639         0 2563.4 319.0   1   5   5.9e-28   3.4e-24   84.3   7.1     6    68    82   145    78   152 0.94 -
DkoeA00001589-RA     -           2038 3440at7147           -           1639         0 2563.4 319.0   2   5   5.7e-61   3.3e-57  193.8  13.5    64   181   208   327   198   345 0.92 -
DkoeA00001589-RA     -           2038 3440at7147           -           1639         0 2563.4 319.0   3   5   5.3e-37   3.1e-33  114.3  14.0   172   261   347   437   332   461 0.88 -
DkoeA00001589-RA     -           2038 3440at7147           -           1639         0 2563.4 319.0   4   5         0         0 1904.2 243.2   266  1482   479  1836   476  1847 0.93 -
DkoeA00001589-RA     -           2038 3440at7147           -           1639         0 2563.4 319.0   5   5   2.2e-89   1.3e-85  288.0   9.9  1479  1639  1860  2033  1857  2033 0.95 -
DkoeA00015704-RA     -            182 3440at7147           -           1639    0.0091   13.3   0.2   1   1   1.9e-06     0.011   13.0   0.2  1447  1534    30   117    17   125 0.90 -
DkoeA00007935-RA     -           1872 3440at7147           -           1639     0.039   11.2   0.8   1   1   9.7e-06     0.056   10.7   0.8    42   149    35   143    24   169 0.91 -
#
# Program:         hmmsearch
# Version:         3.1b2 (February 2015)
# Pipeline mode:   SEARCH
# Query file:      /home/nmoreyra/Documents/Genomics/03_orthologs_search/00_Phylogenomics_BUSCO-groups/busco4_odb10/busco_downloads/lineages/diptera_odb10/hmms/3440at7147.hmm
# Target file:     /home/nmoreyra/Documents/Genomics/03_orthologs_search/00_Phylogenomics_BUSCO-groups/busco4_odb10/../00_proteins/DkoeA_proteins.fasta
# Option settings: /home/nmoreyra/Software/miniconda3/envs/busco4/bin/hmmsearch --domtblout /home/nmoreyra/Documents/Genomics/03_orthologs_search/00_Phylogenomics_BUSCO-groups/busco4_odb10/DkoeA_diptera/run_diptera_odb10/hmmer_output/initial_run_results/3440at7147.out --cpu 1 /home/nmoreyra/Documents/Genomics/03_orthologs_search/00_Phylogenomics_BUSCO-groups/busco4_odb10/busco_downloads/lineages/diptera_odb10/hmms/3440at7147.hmm /home/nmoreyra/Documents/Genomics/03_orthologs_search/00_Phylogenomics_BUSCO-groups/busco4_odb10/../00_proteins/DkoeA_proteins.fasta 
# Current dir:     /home/nmoreyra/Documents/Genomics/03_orthologs_search/00_Phylogenomics_BUSCO-groups/busco4_odb10
# Date:            Mon Jan 25 13:58:27 2021
# [ok]
