#                                                                            --- full sequence --- -------------- this domain -------------   hmm coord   ali coord   env coord
# target name        accession   tlen query name           accession   qlen   E-value  score  bias   #  of  c-Evalue  i-Evalue  score  bias  from    to  from    to  from    to  acc description of target
#------------------- ---------- ----- -------------------- ---------- ----- --------- ------ ----- --- --- --------- --------- ------ ----- ----- ----- ----- ----- ----- ----- ---- ---------------------
DkoeA00000727-RA     -            346 34561at7147          -            306  6.5e-188  623.3   7.6   1   1  4.8e-190  8.1e-188  623.0   7.6     1   306    13   346    13   346 0.95 -
DkoeA00017918-RA     -            340 34561at7147          -            306   1.4e-97  326.6   3.9   1   1   1.1e-99   1.9e-97  326.2   3.9     3   305    14   339    12   340 0.92 -
DkoeA00017874-RA     -            356 34561at7147          -            306   3.6e-69  233.3   4.5   1   1   2.8e-71   4.8e-69  232.9   4.5     5   305    29   355    25   356 0.87 -
DkoeA00001540-RA     -            448 34561at7147          -            306   3.2e-33  115.2   6.8   1   5     0.014       2.3    7.3   0.1    42    93   122   173   107   179 0.55 -
DkoeA00001540-RA     -            448 34561at7147          -            306   3.2e-33  115.2   6.8   2   5   1.8e-09   3.1e-07   29.9   0.1   174   242   176   248   169   258 0.86 -
DkoeA00001540-RA     -            448 34561at7147          -            306   3.2e-33  115.2   6.8   3   5   5.3e-11     9e-09   34.9   0.0   170   238   257   329   248   338 0.83 -
DkoeA00001540-RA     -            448 34561at7147          -            306   3.2e-33  115.2   6.8   4   5   1.3e-12   2.3e-10   40.2   0.1   169   263   341   436   333   437 0.82 -
DkoeA00001540-RA     -            448 34561at7147          -            306   3.2e-33  115.2   6.8   5   5    0.0016      0.27   10.4   0.0   197   230   414   447   410   448 0.93 -
DkoeA00006479-RA     -            744 34561at7147          -            306     4e-28   98.5   3.4   1   4   1.1e-05    0.0018   17.5   0.0   141   241   393   496   382   501 0.84 -
DkoeA00006479-RA     -            744 34561at7147          -            306     4e-28   98.5   3.4   2   4     2e-05    0.0033   16.6   0.0   198   239   495   536   490   538 0.91 -
DkoeA00006479-RA     -            744 34561at7147          -            306     4e-28   98.5   3.4   3   4     6e-13     1e-10   41.3   0.2   172   239   508   578   503   581 0.88 -
DkoeA00006479-RA     -            744 34561at7147          -            306     4e-28   98.5   3.4   4   4   3.4e-12   5.8e-10   38.8   0.3    37   115   578   656   575   661 0.95 -
DkoeA00008587-RA     -            331 34561at7147          -            306   8.3e-28   97.4   7.1   1   4     0.035         6    6.0   0.0   179   198    55    74    48    80 0.84 -
DkoeA00008587-RA     -            331 34561at7147          -            306   8.3e-28   97.4   7.1   2   4   8.5e-09   1.5e-06   27.7   0.4    37   115    79   157    74   164 0.94 -
DkoeA00008587-RA     -            331 34561at7147          -            306   8.3e-28   97.4   7.1   3   4     2e-11   3.5e-09   36.3   0.0   159   240   165   249   160   255 0.90 -
DkoeA00008587-RA     -            331 34561at7147          -            306   8.3e-28   97.4   7.1   4   4   3.1e-09   5.3e-07   29.1   0.2   169   231   259   324   251   329 0.89 -
DkoeA00013447-RA     -            411 34561at7147          -            306   3.6e-27   95.4   2.8   1   6   0.00064      0.11   11.7   0.0   195   234   100   139    57   145 0.82 -
DkoeA00013447-RA     -            411 34561at7147          -            306   3.6e-27   95.4   2.8   2   6   1.6e-05    0.0028   16.9   0.1   180   235   124   182   123   188 0.86 -
DkoeA00013447-RA     -            411 34561at7147          -            306   3.6e-27   95.4   2.8   3   6   1.1e-08   1.9e-06   27.3   0.4   172   241   158   231   147   232 0.83 -
DkoeA00013447-RA     -            411 34561at7147          -            306   3.6e-27   95.4   2.8   4   6   3.2e-08   5.5e-06   25.8   0.0   180   236   209   268   206   290 0.84 -
DkoeA00013447-RA     -            411 34561at7147          -            306   3.6e-27   95.4   2.8   5   6   7.7e-11   1.3e-08   34.4   0.0   181   241   314   377   306   389 0.85 -
DkoeA00013447-RA     -            411 34561at7147          -            306   3.6e-27   95.4   2.8   6   6      0.34        58    2.7   0.0   177   194   394   411   383   411 0.75 -
DkoeA00000794-RA     -            406 34561at7147          -            306   4.1e-26   91.9   1.5   1   4   3.3e-09   5.7e-07   29.0   0.1   168   231    23    89    13    99 0.85 -
DkoeA00000794-RA     -            406 34561at7147          -            306   4.1e-26   91.9   1.5   2   4     7e-09   1.2e-06   28.0   0.0   167   241   106   183    99   190 0.82 -
DkoeA00000794-RA     -            406 34561at7147          -            306   4.1e-26   91.9   1.5   3   4   9.1e-07   0.00016   21.0   0.0   188   233   211   259   201   266 0.84 -
DkoeA00000794-RA     -            406 34561at7147          -            306   4.1e-26   91.9   1.5   4   4    0.0024       0.4    9.8   0.1   198   230   266   298   258   330 0.63 -
DkoeA00011394-RA     -            540 34561at7147          -            306   1.3e-23   83.7   0.2   1   3     0.035       5.9    6.0   0.0   168   214   252   301   243   306 0.85 -
DkoeA00011394-RA     -            540 34561at7147          -            306   1.3e-23   83.7   0.2   2   3   1.5e-05    0.0026   17.0   0.0   180   244   313   381   301   387 0.80 -
DkoeA00011394-RA     -            540 34561at7147          -            306   1.3e-23   83.7   0.2   3   3   6.8e-18   1.2e-15   57.6   0.1   167   305   385   536   378   537 0.77 -
DkoeA00012822-RA     -            358 34561at7147          -            306     1e-22   80.7   6.9   1   4   0.00061       0.1   11.7   0.0   258   305    48    96    17    97 0.69 -
DkoeA00012822-RA     -            358 34561at7147          -            306     1e-22   80.7   6.9   2   4   4.8e-10   8.2e-08   31.8   0.6    37   115   105   183   101   187 0.95 -
DkoeA00012822-RA     -            358 34561at7147          -            306     1e-22   80.7   6.9   3   4   1.8e-08     3e-06   26.6   0.0    37   114   189   267   182   274 0.89 -
DkoeA00012822-RA     -            358 34561at7147          -            306     1e-22   80.7   6.9   4   4   0.00062      0.11   11.7   0.1    55   227   295   351   268   357 0.55 -
DkoeA00011981-RA     -            488 34561at7147          -            306   2.3e-22   79.6   6.6   1   4   4.7e-07     8e-05   22.0   0.1    39   107   115   183    93   199 0.66 -
DkoeA00011981-RA     -            488 34561at7147          -            306   2.3e-22   79.6   6.6   2   4    0.0032      0.55    9.4   0.0   174   234   219   279   214   308 0.78 -
DkoeA00011981-RA     -            488 34561at7147          -            306   2.3e-22   79.6   6.6   3   4   3.4e-06   0.00059   19.1   0.1   173   241   341   413   321   414 0.83 -
DkoeA00011981-RA     -            488 34561at7147          -            306   2.3e-22   79.6   6.6   4   4   2.6e-09   4.4e-07   29.4   0.1    39   109   413   483   410   487 0.94 -
DkoeA00013428-RA     -            331 34561at7147          -            306   2.6e-21   76.1   0.4   1   5   2.1e-06   0.00036   19.8   0.0   198   234     9    45     5    56 0.90 -
DkoeA00013428-RA     -            331 34561at7147          -            306   2.6e-21   76.1   0.4   2   5   1.5e-07   2.6e-05   23.6   0.1   169   237    64   133    44   141 0.84 -
DkoeA00013428-RA     -            331 34561at7147          -            306   2.6e-21   76.1   0.4   3   5   0.00046     0.078   12.1   0.0   200   231   141   172   135   179 0.90 -
DkoeA00013428-RA     -            331 34561at7147          -            306   2.6e-21   76.1   0.4   4   5    0.0083       1.4    8.0   0.1   199   246   186   233   178   262 0.56 -
DkoeA00013428-RA     -            331 34561at7147          -            306   2.6e-21   76.1   0.4   5   5     0.024         4    6.5   0.0   201   232   297   329   294   331 0.87 -
DkoeA00015631-RA     -            317 34561at7147          -            306   5.7e-21   75.0   0.1   1   3   0.00014     0.023   13.9   0.1    38   280    18    99     4   104 0.56 -
DkoeA00015631-RA     -            317 34561at7147          -            306   5.7e-21   75.0   0.1   2   3   8.3e-13   1.4e-10   40.9   0.0   153   264    98   213    80   228 0.81 -
DkoeA00015631-RA     -            317 34561at7147          -            306   5.7e-21   75.0   0.1   3   3     1e-05    0.0017   17.6   0.0    50    82   248   280   233   307 0.81 -
DkoeA00004660-RA     -            373 34561at7147          -            306     6e-21   74.9   1.9   1   4    0.0013      0.22   10.7   0.0    36    94    70   128    59   133 0.58 -
DkoeA00004660-RA     -            373 34561at7147          -            306     6e-21   74.9   1.9   2   4     5e-11   8.5e-09   35.0   0.1   169   240   124   198   114   201 0.89 -
DkoeA00004660-RA     -            373 34561at7147          -            306     6e-21   74.9   1.9   3   4     4e-07   6.9e-05   22.2   0.0    39   112   199   273   194   280 0.87 -
DkoeA00004660-RA     -            373 34561at7147          -            306     6e-21   74.9   1.9   4   4     0.029       4.9    6.2   0.1    37   106   282   354   274   363 0.78 -
DkoeA00012002-RA     -            724 34561at7147          -            306   1.9e-20   73.3   3.5   1   3   0.00065      0.11   11.6   0.0   197   234   373   410   358   420 0.87 -
DkoeA00012002-RA     -            724 34561at7147          -            306   1.9e-20   73.3   3.5   2   3   1.2e-11   2.1e-09   37.0   1.3   165   305   435   585   423   586 0.84 -
DkoeA00012002-RA     -            724 34561at7147          -            306   1.9e-20   73.3   3.5   3   3   2.7e-07   4.6e-05   22.8   0.0   181   243   626   691   592   711 0.84 -
DkoeA00012833-RA     -            477 34561at7147          -            306   5.2e-20   71.8   1.4   1   3   2.1e-11   3.6e-09   36.2   0.1   144   242   179   290   156   305 0.73 -
DkoeA00012833-RA     -            477 34561at7147          -            306   5.2e-20   71.8   1.4   2   3   4.1e-08     7e-06   25.4   0.0   169   226   298   358   287   373 0.81 -
DkoeA00012833-RA     -            477 34561at7147          -            306   5.2e-20   71.8   1.4   3   3    0.0091       1.6    7.9   0.1   178   249   389   460   372   465 0.85 -
DkoeA00000326-RA     -            317 34561at7147          -            306   7.2e-20   71.4  22.6   1   4    0.0016      0.26   10.4   0.0   168   232    68    93    11    97 0.56 -
DkoeA00000326-RA     -            317 34561at7147          -            306   7.2e-20   71.4  22.6   2   4   9.1e-12   1.6e-09   37.4   0.6   168   240    68   143    62   158 0.84 -
DkoeA00000326-RA     -            317 34561at7147          -            306   7.2e-20   71.4  22.6   3   4     1e-12   1.8e-10   40.5   5.4    36   167    99   228    95   278 0.83 -
DkoeA00000326-RA     -            317 34561at7147          -            306   7.2e-20   71.4  22.6   4   4   5.5e-05    0.0094   15.2   0.7    40   164   190   316   179   317 0.73 -
DkoeA00006340-RA     -            342 34561at7147          -            306   2.2e-19   69.8   5.0   1   4    0.0025      0.43    9.7   0.0   204   233    26    55    19    73 0.80 -
DkoeA00006340-RA     -            342 34561at7147          -            306   2.2e-19   69.8   5.0   2   4   2.3e-06   0.00039   19.7   2.2    90   196    85   205    79   214 0.70 -
DkoeA00006340-RA     -            342 34561at7147          -            306   2.2e-19   69.8   5.0   3   4   1.1e-08   1.9e-06   27.3   0.0   168   235   226   296   218   308 0.89 -
DkoeA00006340-RA     -            342 34561at7147          -            306   2.2e-19   69.8   5.0   4   4    0.0036      0.62    9.2   0.0   202   232   309   339   300   342 0.84 -
DkoeA00016779-RA     -            813 34561at7147          -            306   3.1e-19   69.3   1.0   1   4      0.11        18    4.4   0.1    37   103   136   206   126   224 0.79 -
DkoeA00016779-RA     -            813 34561at7147          -            306   3.1e-19   69.3   1.0   2   4     5e-10   8.5e-08   31.7   0.2   167   234   232   304   200   318 0.80 -
DkoeA00016779-RA     -            813 34561at7147          -            306   3.1e-19   69.3   1.0   3   4   1.3e-08   2.2e-06   27.1   0.0   168   246   319   402   298   407 0.84 -
DkoeA00016779-RA     -            813 34561at7147          -            306   3.1e-19   69.3   1.0   4   4      0.22        38    3.3   0.0   201   230   400   429   397   436 0.89 -
DkoeA00005224-RA     -            419 34561at7147          -            306   1.6e-18   67.0   1.8   1   3   0.00015     0.026   13.7   0.0   176   236   115   180   107   187 0.76 -
DkoeA00005224-RA     -            419 34561at7147          -            306   1.6e-18   67.0   1.8   2   3   2.1e-06   0.00036   19.8   0.1   170   240   153   230   153   249 0.75 -
DkoeA00005224-RA     -            419 34561at7147          -            306   1.6e-18   67.0   1.8   3   3   2.6e-12   4.4e-10   39.2   0.1   127   236   245   370   233   375 0.81 -
DkoeA00011870-RA     -            328 34561at7147          -            306   2.6e-18   66.3   8.7   1   3   2.8e-10   4.7e-08   32.6   0.5   168   240    78   153    70   164 0.85 -
DkoeA00011870-RA     -            328 34561at7147          -            306   2.6e-18   66.3   8.7   2   3   4.1e-14   6.9e-12   45.2   2.2    36   170   109   241   102   278 0.82 -
DkoeA00011870-RA     -            328 34561at7147          -            306   2.6e-18   66.3   8.7   3   3       0.2        33    3.5   0.0   167   193   297   323   290   327 0.87 -
DkoeA00008449-RA     -            510 34561at7147          -            306   6.8e-18   64.9   0.2   1   3   0.00048     0.082   12.1   0.0   181   233   200   255   171   268 0.82 -
DkoeA00008449-RA     -            510 34561at7147          -            306   6.8e-18   64.9   0.2   2   3   5.8e-11   9.8e-09   34.8   0.0   175   234   312   374   300   389 0.87 -
DkoeA00008449-RA     -            510 34561at7147          -            306   6.8e-18   64.9   0.2   3   3   8.7e-05     0.015   14.5   0.0   166   239   387   461   378   497 0.70 -
DkoeA00000876-RA     -           1326 34561at7147          -            306   6.1e-17   61.8   4.9   1   4     0.011       1.9    7.6   0.0   195   235   589   629   535   636 0.85 -
DkoeA00000876-RA     -           1326 34561at7147          -            306   6.1e-17   61.8   4.9   2   4     2e-07   3.4e-05   23.2   0.1   169   237   602   673   596   677 0.85 -
DkoeA00000876-RA     -           1326 34561at7147          -            306   6.1e-17   61.8   4.9   3   4   8.1e-05     0.014   14.6   0.0   198   241   676   719   667   723 0.88 -
DkoeA00000876-RA     -           1326 34561at7147          -            306   6.1e-17   61.8   4.9   4   4   9.1e-08   1.6e-05   24.3   0.6    37   115   717   795   711   811 0.91 -
DkoeA00011749-RA     -            929 34561at7147          -            306   1.3e-16   60.6   0.1   1   2   7.2e-09   1.2e-06   27.9   0.1   124   235    48   175    29   184 0.78 -
DkoeA00011749-RA     -            929 34561at7147          -            306   1.3e-16   60.6   0.1   2   2   1.6e-09   2.8e-07   30.0   0.0   162   231   185   257   173   265 0.90 -
DkoeA00008583-RA     -            425 34561at7147          -            306   9.2e-16   57.9   4.0   1   5      0.41        70    2.4   0.0    92   115   114   137   103   147 0.69 -
DkoeA00008583-RA     -            425 34561at7147          -            306   9.2e-16   57.9   4.0   2   5   0.00037     0.064   12.4   0.0   198   233   162   197   158   206 0.91 -
DkoeA00008583-RA     -            425 34561at7147          -            306   9.2e-16   57.9   4.0   3   5   4.2e-05    0.0071   15.6   0.0   205   254   213   263   200   270 0.80 -
DkoeA00008583-RA     -            425 34561at7147          -            306   9.2e-16   57.9   4.0   4   5   2.2e-06   0.00038   19.7   0.3    42   114   255   329   252   336 0.87 -
DkoeA00008583-RA     -            425 34561at7147          -            306   9.2e-16   57.9   4.0   5   5    0.0077       1.3    8.1   0.0   199   237   387   425   352   425 0.86 -
DkoeA00005616-RA     -            788 34561at7147          -            306   1.1e-15   57.6   0.7   1   4    0.0013      0.22   10.7   0.0   164   234    18    91     6    95 0.77 -
DkoeA00005616-RA     -            788 34561at7147          -            306   1.1e-15   57.6   0.7   2   4   6.9e-05     0.012   14.9   0.0   189   237    85   136    71   140 0.77 -
DkoeA00005616-RA     -            788 34561at7147          -            306   1.1e-15   57.6   0.7   3   4   9.5e-10   1.6e-07   30.8   0.1    33   117   135   221   130   227 0.83 -
DkoeA00005616-RA     -            788 34561at7147          -            306   1.1e-15   57.6   0.7   4   4     0.011       1.8    7.7   0.0   191   240   172   226   172   248 0.75 -
DkoeA00009352-RA     -            509 34561at7147          -            306   1.2e-15   57.5   0.3   1   3   3.3e-05    0.0056   15.9   0.0    40   113   211   292   197   295 0.76 -
DkoeA00009352-RA     -            509 34561at7147          -            306   1.2e-15   57.5   0.3   2   3   2.3e-10   3.9e-08   32.8   0.1   164   277   307   425   293   446 0.79 -
DkoeA00009352-RA     -            509 34561at7147          -            306   1.2e-15   57.5   0.3   3   3      0.16        27    3.8   0.0   197   228   474   505   437   508 0.78 -
DkoeA00010714-RA     -            315 34561at7147          -            306   2.3e-15   56.6   2.8   1   3    0.0066       1.1    8.3   0.0   175   236     6    70     1    84 0.80 -
DkoeA00010714-RA     -            315 34561at7147          -            306   2.3e-15   56.6   2.8   2   3   1.2e-05    0.0021   17.3   0.0   166   261    83   180    73   182 0.80 -
DkoeA00010714-RA     -            315 34561at7147          -            306   2.3e-15   56.6   2.8   3   3   2.3e-12   3.9e-10   39.4   1.2    60   212   141   309   136   313 0.85 -
DkoeA00014728-RA     -            326 34561at7147          -            306   3.2e-15   56.1   6.6   1   3      0.24        41    3.2   0.0   274   305     5    37     2    38 0.83 -
DkoeA00014728-RA     -            326 34561at7147          -            306   3.2e-15   56.1   6.6   2   3   1.1e-11   1.9e-09   37.1   3.4    41   197    50   223    46   243 0.74 -
DkoeA00014728-RA     -            326 34561at7147          -            306   3.2e-15   56.1   6.6   3   3   0.00024     0.041   13.1   0.1   199   234   283   318   258   325 0.87 -
DkoeA00006252-RA     -            954 34561at7147          -            306   3.9e-15   55.8   1.2   1   6       2.8   4.8e+02   -0.3   0.0    92   119    21    47    18    52 0.80 -
DkoeA00006252-RA     -            954 34561at7147          -            306   3.9e-15   55.8   1.2   2   6         2   3.4e+02    0.2   0.0   162   221    53   114    46   123 0.83 -
DkoeA00006252-RA     -            954 34561at7147          -            306   3.9e-15   55.8   1.2   3   6      0.78   1.3e+02    1.5   0.1    38    72   184   218   148   225 0.72 -
DkoeA00006252-RA     -            954 34561at7147          -            306   3.9e-15   55.8   1.2   4   6   6.7e-13   1.1e-10   41.2   0.2   167   305   394   548   382   549 0.78 -
DkoeA00006252-RA     -            954 34561at7147          -            306   3.9e-15   55.8   1.2   5   6   2.8e-07   4.8e-05   22.7   0.1   169   244   526   604   518   629 0.81 -
DkoeA00006252-RA     -            954 34561at7147          -            306   3.9e-15   55.8   1.2   6   6       1.6   2.7e+02    0.5   0.0   200   222   720   742   704   755 0.76 -
DkoeA00000219-RA     -            608 34561at7147          -            306   4.1e-15   55.8   6.8   1   6     0.022       3.7    6.7   0.0   199   238    60    99    50   126 0.72 -
DkoeA00000219-RA     -            608 34561at7147          -            306   4.1e-15   55.8   6.8   2   6   0.00018      0.03   13.5   0.0    41   121   150   231   138   235 0.72 -
DkoeA00000219-RA     -            608 34561at7147          -            306   4.1e-15   55.8   6.8   3   6   2.6e-05    0.0045   16.2   0.1   202   305   238   352   233   353 0.70 -
DkoeA00000219-RA     -            608 34561at7147          -            306   4.1e-15   55.8   6.8   4   6      0.19        32    3.6   0.1    37    75   319   357   309   407 0.70 -
DkoeA00000219-RA     -            608 34561at7147          -            306   4.1e-15   55.8   6.8   5   6      0.35        60    2.7   0.0    26   114   428   518   419   527 0.65 -
DkoeA00000219-RA     -            608 34561at7147          -            306   4.1e-15   55.8   6.8   6   6   0.00016     0.027   13.7   0.6    36    82   526   572   492   607 0.45 -
DkoeA00007948-RA     -            328 34561at7147          -            306   4.4e-15   55.7   0.9   1   3   7.2e-05     0.012   14.8   0.1   169   233    67   133    35   138 0.82 -
DkoeA00007948-RA     -            328 34561at7147          -            306   4.4e-15   55.7   0.9   2   3     0.055       9.4    5.3   0.0   199   239   142   182   136   194 0.54 -
DkoeA00007948-RA     -            328 34561at7147          -            306   4.4e-15   55.7   0.9   3   3     2e-10   3.5e-08   33.0   0.0   142   243   196   309   189   322 0.77 -
DkoeA00006376-RA     -            798 34561at7147          -            306   1.3e-14   54.1  22.4   1   6   0.00066      0.11   11.6   1.5    15   117    52   154    39   161 0.83 -
DkoeA00006376-RA     -            798 34561at7147          -            306   1.3e-14   54.1  22.4   2   6     0.018         3    6.9   0.2    38    97   203   270   190   295 0.73 -
DkoeA00006376-RA     -            798 34561at7147          -            306   1.3e-14   54.1  22.4   3   6   6.1e-07    0.0001   21.6   0.8   108   237   323   472   315   485 0.74 -
DkoeA00006376-RA     -            798 34561at7147          -            306   1.3e-14   54.1  22.4   4   6   0.00019     0.032   13.4   0.0   200   236   486   522   473   527 0.88 -
DkoeA00006376-RA     -            798 34561at7147          -            306   1.3e-14   54.1  22.4   5   6       0.3        52    2.9   0.0    38    72   526   560   519   587 0.72 -
DkoeA00006376-RA     -            798 34561at7147          -            306   1.3e-14   54.1  22.4   6   6    0.0042      0.71    9.0   0.2    49   108   578   638   573   652 0.86 -
DkoeA00001488-RA     -            933 34561at7147          -            306   4.7e-14   52.3   6.3   1   3    0.0022      0.37    9.9   0.1    38   164    60   187    36   222 0.81 -
DkoeA00001488-RA     -            933 34561at7147          -            306   4.7e-14   52.3   6.3   2   3   5.9e-05      0.01   15.1   0.2    40   162   410   524   385   598 0.83 -
DkoeA00001488-RA     -            933 34561at7147          -            306   4.7e-14   52.3   6.3   3   3   7.8e-07   0.00013   21.2   0.1   145   235   605   707   603   725 0.74 -
DkoeA00004871-RA     -            197 34561at7147          -            306   6.9e-14   51.7   1.4   1   2   1.5e-11   2.6e-09   36.7   0.2   178   289    11   121     4   129 0.82 -
DkoeA00004871-RA     -            197 34561at7147          -            306   6.9e-14   51.7   1.4   2   2   0.00012     0.021   14.0   0.1   173   229   135   193   126   196 0.75 -
DkoeA00011465-RA     -            570 34561at7147          -            306   8.7e-14   51.4   9.9   1   3   2.8e-06   0.00048   19.4   0.1   177   242   293   362   271   370 0.82 -
DkoeA00011465-RA     -            570 34561at7147          -            306   8.7e-14   51.4   9.9   2   3       0.1        18    4.4   0.1    57    79   381   403   365   406 0.76 -
DkoeA00011465-RA     -            570 34561at7147          -            306   8.7e-14   51.4   9.9   3   3   7.3e-10   1.3e-07   31.2   1.8    41   165   407   532   403   569 0.86 -
DkoeA00014313-RA     -           1236 34561at7147          -            306   8.9e-14   51.4   0.6   1   2   1.5e-05    0.0025   17.0   0.0   181   234   110   166   104   174 0.85 -
DkoeA00014313-RA     -           1236 34561at7147          -            306   8.9e-14   51.4   0.6   2   2   3.1e-06   0.00053   19.3   0.0   171   241   215   290   194   303 0.83 -
DkoeA00001342-RA     -            748 34561at7147          -            306   1.2e-13   51.0   1.2   1   3       3.9   6.6e+02   -0.8   0.0   200   242   495   537   441   544 0.82 -
DkoeA00001342-RA     -            748 34561at7147          -            306   1.2e-13   51.0   1.2   2   3     2e-12   3.5e-10   39.6   0.0   173   262   549   639   543   642 0.85 -
DkoeA00001342-RA     -            748 34561at7147          -            306   1.2e-13   51.0   1.2   3   3    0.0004     0.067   12.4   0.1   124   195   615   697   613   732 0.73 -
DkoeA00012486-RA     -            322 34561at7147          -            306   1.4e-13   50.7   0.3   1   3   0.00024     0.042   13.0   0.0   202   238    27    63    18    66 0.90 -
DkoeA00012486-RA     -            322 34561at7147          -            306   1.4e-13   50.7   0.3   2   3     4e-07   6.7e-05   22.2   0.0   196   255    65   122    62   171 0.75 -
DkoeA00012486-RA     -            322 34561at7147          -            306   1.4e-13   50.7   0.3   3   3   0.00077      0.13   11.4   0.0    38   106   192   260   173   273 0.76 -
DkoeA00006765-RA     -            797 34561at7147          -            306   2.1e-13   50.2   2.3   1   7      0.18        31    3.6   0.0   117   162    41    86    29    94 0.79 -
DkoeA00006765-RA     -            797 34561at7147          -            306   2.1e-13   50.2   2.3   2   7   4.9e-06   0.00083   18.6   0.0   163   251    55   151    43   234 0.84 -
DkoeA00006765-RA     -            797 34561at7147          -            306   2.1e-13   50.2   2.3   3   7     0.017         3    7.0   0.0   120   231   191   316   181   369 0.63 -
DkoeA00006765-RA     -            797 34561at7147          -            306   2.1e-13   50.2   2.3   4   7      0.21        35    3.4   0.0   197   263   377   446   352   468 0.72 -
DkoeA00006765-RA     -            797 34561at7147          -            306   2.1e-13   50.2   2.3   5   7     0.015       2.6    7.1   0.0   256   301   579   625   547   630 0.83 -
DkoeA00006765-RA     -            797 34561at7147          -            306   2.1e-13   50.2   2.3   6   7     0.074        13    4.9   0.1    42    72   654   684   638   699 0.86 -
DkoeA00006765-RA     -            797 34561at7147          -            306   2.1e-13   50.2   2.3   7   7       1.3   2.2e+02    0.8   0.0   191   233   749   795   743   797 0.76 -
DkoeA00012313-RA     -            445 34561at7147          -            306   4.1e-13   49.2   2.9   1   3   3.5e-05    0.0059   15.8   0.0   177   236    80   142    70   158 0.83 -
DkoeA00012313-RA     -            445 34561at7147          -            306   4.1e-13   49.2   2.9   2   3    0.0092       1.6    7.9   0.0   186   273   176   270   157   274 0.61 -
DkoeA00012313-RA     -            445 34561at7147          -            306   4.1e-13   49.2   2.9   3   3   1.2e-07   2.1e-05   23.9   0.3   198   265   277   343   274   363 0.85 -
DkoeA00001548-RA     -            326 34561at7147          -            306   2.8e-12   46.5   4.7   1   3   1.9e-05    0.0032   16.7   0.0    46   117    16    86    10    93 0.84 -
DkoeA00001548-RA     -            326 34561at7147          -            306   2.8e-12   46.5   4.7   2   3   2.9e-06    0.0005   19.3   0.3   177   242   108   175    99   199 0.68 -
DkoeA00001548-RA     -            326 34561at7147          -            306   2.8e-12   46.5   4.7   3   3   0.00072      0.12   11.5   0.5   144   260   147   289   134   302 0.60 -
DkoeA00013490-RA     -            658 34561at7147          -            306     3e-12   46.3   0.1   1   3   2.4e-09   4.1e-07   29.5   0.1    37   119    67   152    55   161 0.90 -
DkoeA00013490-RA     -            658 34561at7147          -            306     3e-12   46.3   0.1   2   3       1.2   2.1e+02    0.9   0.0   139   194   197   253   193   281 0.82 -
DkoeA00013490-RA     -            658 34561at7147          -            306     3e-12   46.3   0.1   3   3   0.00057     0.098   11.8   0.0    36   112   533   613   519   634 0.78 -
DkoeA00014173-RA     -            484 34561at7147          -            306   7.2e-12   45.1   9.9   1   2   8.2e-10   1.4e-07   31.0   5.4   139   305   189   372   182   372 0.68 -
DkoeA00014173-RA     -            484 34561at7147          -            306   7.2e-12   45.1   9.9   2   2   2.8e-07   4.7e-05   22.7   2.0    36   171   300   424   297   466 0.87 -
DkoeA00007918-RA     -            679 34561at7147          -            306   1.6e-11   43.9   6.1   1   1   1.6e-13   2.7e-11   43.2   5.0    39   234    69   281    56   301 0.83 -
DkoeA00011413-RA     -            739 34561at7147          -            306   2.6e-11   43.3   9.0   1   3   0.00039     0.066   12.4   0.0    33   186    51   212    40   217 0.73 -
DkoeA00011413-RA     -            739 34561at7147          -            306   2.6e-11   43.3   9.0   2   3    0.0026      0.45    9.6   0.3    48   163   414   527   386   532 0.65 -
DkoeA00011413-RA     -            739 34561at7147          -            306   2.6e-11   43.3   9.0   3   3   8.2e-10   1.4e-07   31.0   4.6    46   235   455   654   446   663 0.76 -
DkoeA00006790-RA     -            768 34561at7147          -            306   4.2e-11   42.6   0.1   1   2      0.36        61    2.6   0.0   201   243    71   113    49   122 0.84 -
DkoeA00006790-RA     -            768 34561at7147          -            306   4.2e-11   42.6   0.1   2   2   6.8e-12   1.2e-09   37.9   0.1    30   119   122   211   101   244 0.79 -
DkoeA00013386-RA     -            405 34561at7147          -            306   4.5e-11   42.5   0.5   1   2   4.5e-10   7.6e-08   31.9   0.1    47   254   132   345   126   362 0.59 -
DkoeA00013386-RA     -            405 34561at7147          -            306   4.5e-11   42.5   0.5   2   2    0.0025      0.42    9.8   0.2    80   160   328   402   323   404 0.51 -
DkoeA00006480-RA     -            458 34561at7147          -            306   4.6e-10   39.2   0.2   1   3     0.031       5.2    6.1   0.1    82   119   172   210   168   217 0.81 -
DkoeA00006480-RA     -            458 34561at7147          -            306   4.6e-10   39.2   0.2   2   3   2.3e-07   3.9e-05   23.0   0.0   170   238   239   312   218   323 0.80 -
DkoeA00006480-RA     -            458 34561at7147          -            306   4.6e-10   39.2   0.2   3   3     0.024       4.1    6.5   0.0   168   243   327   407   312   422 0.73 -
DkoeA00009444-RA     -           2275 34561at7147          -            306   1.3e-09   37.7   0.8   1   2   2.6e-07   4.4e-05   22.8   0.8    40   266   213   477   202   529 0.68 -
DkoeA00009444-RA     -           2275 34561at7147          -            306   1.3e-09   37.7   0.8   2   2      0.33        56    2.8   0.0   106   168   479   537   461   552 0.50 -
DkoeA00010153-RA     -            681 34561at7147          -            306   1.8e-09   37.2   0.5   1   2   2.5e-08   4.2e-06   26.2   0.1   135   256   443   580   434   636 0.56 -
DkoeA00010153-RA     -            681 34561at7147          -            306   1.8e-09   37.2   0.5   2   2    0.0074       1.3    8.2   0.1    84   160   608   678   598   680 0.44 -
DkoeA00011139-RA     -            384 34561at7147          -            306     2e-09   37.1   0.7   1   3    0.0035       0.6    9.2   0.2   164   210    63   109    24   134 0.57 -
DkoeA00011139-RA     -            384 34561at7147          -            306     2e-09   37.1   0.7   2   3   3.8e-05    0.0065   15.7   0.2    47   176    67   198    64   212 0.75 -
DkoeA00011139-RA     -            384 34561at7147          -            306     2e-09   37.1   0.7   3   3   1.6e-05    0.0027   17.0   0.0   165   239   236   313   227   322 0.84 -
DkoeA00008932-RA     -            478 34561at7147          -            306   2.9e-09   36.6   7.3   1   2    0.0073       1.2    8.2   2.3    62   116   189   245   175   273 0.79 -
DkoeA00008932-RA     -            478 34561at7147          -            306   2.9e-09   36.6   7.3   2   2   4.4e-08   7.6e-06   25.3   0.1    33   196   289   460   279   470 0.67 -
DkoeA00012782-RA     -            534 34561at7147          -            306   3.7e-09   36.2   0.2   1   3   4.4e-06   0.00075   18.8   0.0   155   244    70   163    66   170 0.87 -
DkoeA00012782-RA     -            534 34561at7147          -            306   3.7e-09   36.2   0.2   2   3   0.00054     0.092   11.9   0.0   178   264   180   267   169   305 0.47 -
DkoeA00012782-RA     -            534 34561at7147          -            306   3.7e-09   36.2   0.2   3   3      0.04       6.9    5.8   0.0    42    92   249   298   244   325 0.60 -
DkoeA00010127-RA     -            429 34561at7147          -            306   2.1e-08   33.7   0.1   1   2   6.1e-05      0.01   15.0   0.0   165   237   181   265   169   283 0.74 -
DkoeA00010127-RA     -            429 34561at7147          -            306   2.1e-08   33.7   0.1   2   2   4.2e-05    0.0071   15.6   0.0   169   233   281   351   272   365 0.68 -
DkoeA00013411-RA     -            429 34561at7147          -            306   2.1e-08   33.7   0.1   1   2   6.1e-05      0.01   15.0   0.0   165   237   181   265   169   283 0.74 -
DkoeA00013411-RA     -            429 34561at7147          -            306   2.1e-08   33.7   0.1   2   2   4.2e-05    0.0071   15.6   0.0   169   233   281   351   272   365 0.68 -
DkoeA00016712-RA     -            791 34561at7147          -            306   2.7e-08   33.4   0.2   1   2   1.5e-05    0.0025   17.1   0.0   171   239   109   183   103   196 0.83 -
DkoeA00016712-RA     -            791 34561at7147          -            306   2.7e-08   33.4   0.2   2   2    0.0014      0.23   10.6   0.0   171   230   331   395   221   410 0.72 -
DkoeA00017151-RA     -           1520 34561at7147          -            306   5.1e-08   32.5   5.9   1   6      0.14        24    4.0   0.1   138   162    24    49    17    61 0.56 -
DkoeA00017151-RA     -           1520 34561at7147          -            306   5.1e-08   32.5   5.9   2   6      0.38        65    2.6   0.0   144   174    80   110    70   131 0.76 -
DkoeA00017151-RA     -           1520 34561at7147          -            306   5.1e-08   32.5   5.9   3   6      0.45        77    2.3   0.0   265   291   446   472   431   476 0.87 -
DkoeA00017151-RA     -           1520 34561at7147          -            306   5.1e-08   32.5   5.9   4   6      0.19        32    3.6   0.0   143   165   477   499   473   512 0.88 -
DkoeA00017151-RA     -           1520 34561at7147          -            306   5.1e-08   32.5   5.9   5   6       9.9   1.7e+03   -2.1   0.1   142   165   567   589   562   594 0.82 -
DkoeA00017151-RA     -           1520 34561at7147          -            306   5.1e-08   32.5   5.9   6   6   1.6e-05    0.0028   16.9   0.0    40   101  1387  1447  1348  1461 0.86 -
DkoeA00011452-RA     -           1167 34561at7147          -            306   6.7e-08   32.1   2.9   1   3       4.8   8.2e+02   -1.1   0.0   205   306   765   791   719   813 0.63 -
DkoeA00011452-RA     -           1167 34561at7147          -            306   6.7e-08   32.1   2.9   2   3    0.0018       0.3   10.2   0.1   169   214   859   907   849   908 0.77 -
DkoeA00011452-RA     -           1167 34561at7147          -            306   6.7e-08   32.1   2.9   3   3   6.8e-07   0.00012   21.4   0.3    42   160   895  1019   893  1066 0.63 -
DkoeA00005676-RA     -           1266 34561at7147          -            306     9e-08   31.6   0.1   1   3      0.07        12    5.0   0.0   180   239    96   165    75   172 0.72 -
DkoeA00005676-RA     -           1266 34561at7147          -            306     9e-08   31.6   0.1   2   3     0.012       2.1    7.5   0.1   184   235   149   203   126   222 0.72 -
DkoeA00005676-RA     -           1266 34561at7147          -            306     9e-08   31.6   0.1   3   3   4.2e-06   0.00071   18.9   0.0   178   277   950  1052   941  1070 0.81 -
DkoeA00017238-RA     -            784 34561at7147          -            306   1.2e-07   31.3   2.8   1   2   1.2e-08     2e-06   27.2   0.9   174   305    79   228    48   229 0.79 -
DkoeA00017238-RA     -            784 34561at7147          -            306   1.2e-07   31.3   2.8   2   2    0.0001     0.017   14.3   0.4   172   300   165   312   156   316 0.66 -
DkoeA00007539-RA     -            349 34561at7147          -            306   1.2e-07   31.2   2.2   1   3   5.1e-05    0.0086   15.3   0.1   174   239    37   107    26   120 0.76 -
DkoeA00007539-RA     -            349 34561at7147          -            306   1.2e-07   31.2   2.2   2   3    0.0011      0.19   10.9   0.0   165   196   115   146   109   162 0.86 -
DkoeA00007539-RA     -            349 34561at7147          -            306   1.2e-07   31.2   2.2   3   3      0.13        23    4.0   0.1   205   263   257   313   245   326 0.79 -
DkoeA00006542-RA     -            651 34561at7147          -            306   1.4e-07   31.0   0.6   1   4       1.9   3.2e+02    0.3   0.0   145   161   188   204   168   227 0.77 -
DkoeA00006542-RA     -            651 34561at7147          -            306   1.4e-07   31.0   0.6   2   4     0.036       6.2    5.9   0.0   200   243   273   318   264   333 0.71 -
DkoeA00006542-RA     -            651 34561at7147          -            306   1.4e-07   31.0   0.6   3   4     5e-06   0.00085   18.6   0.5   170   263   331   433   320   437 0.76 -
DkoeA00006542-RA     -            651 34561at7147          -            306   1.4e-07   31.0   0.6   4   4      0.91   1.6e+02    1.3   0.0    51   113   425   494   421   508 0.73 -
DkoeA00004649-RA     -            787 34561at7147          -            306   5.9e-07   29.0   0.0   1   3   6.9e-05     0.012   14.9   0.0   196   251   443   498   434   526 0.82 -
DkoeA00004649-RA     -            787 34561at7147          -            306   5.9e-07   29.0   0.0   2   3       3.9   6.6e+02   -0.8   0.0   202   258   574   630   564   653 0.63 -
DkoeA00004649-RA     -            787 34561at7147          -            306   5.9e-07   29.0   0.0   3   3    0.0027      0.46    9.6   0.0   161   227   658   728   631   739 0.82 -
DkoeA00014614-RA     -            927 34561at7147          -            306   6.4e-07   28.8   0.2   1   3       1.1   1.8e+02    1.1   0.0   256   285   182   211   100   223 0.85 -
DkoeA00014614-RA     -            927 34561at7147          -            306   6.4e-07   28.8   0.2   2   3      0.44        75    2.3   0.0   180   233   306   367   263   391 0.57 -
DkoeA00014614-RA     -            927 34561at7147          -            306   6.4e-07   28.8   0.2   3   3   1.7e-06   0.00029   20.1   0.1    38   105   582   648   570   661 0.80 -
DkoeA00007411-RA     -           1169 34561at7147          -            306   9.3e-07   28.3   1.7   1   3       5.7   9.8e+02   -1.3   0.0   203   222    20    39    17    46 0.80 -
DkoeA00007411-RA     -           1169 34561at7147          -            306   9.3e-07   28.3   1.7   2   3     2e-05    0.0034   16.6   0.4   168   265    65   158    54   178 0.80 -
DkoeA00007411-RA     -           1169 34561at7147          -            306   9.3e-07   28.3   1.7   3   3    0.0048      0.82    8.8   0.0   201   283   270   353   259   372 0.69 -
DkoeA00011562-RA     -            682 34561at7147          -            306   9.7e-07   28.3   0.7   1   1   1.1e-08   1.8e-06   27.4   0.7    20   162    72   215    58   222 0.79 -
DkoeA00015815-RA     -           1029 34561at7147          -            306   2.6e-06   26.8   2.1   1   2   1.9e-06   0.00032   20.0   0.2    40   200   687   856   661   869 0.80 -
DkoeA00015815-RA     -           1029 34561at7147          -            306   2.6e-06   26.8   2.1   2   2     0.086        15    4.7   0.3    90   115   912   940   814  1026 0.60 -
DkoeA00010013-RA     -            460 34561at7147          -            306   5.5e-06   25.8   1.2   1   3         4   6.9e+02   -0.8   0.1    17    71   132   190   118   201 0.60 -
DkoeA00010013-RA     -            460 34561at7147          -            306   5.5e-06   25.8   1.2   2   3   0.00013     0.023   13.9   0.0   191   239   262   310   227   321 0.82 -
DkoeA00010013-RA     -            460 34561at7147          -            306   5.5e-06   25.8   1.2   3   3    0.0029      0.49    9.5   0.0    42   116   319   397   314   410 0.75 -
DkoeA00016118-RA     -           1235 34561at7147          -            306   7.3e-06   25.4   1.8   1   4     0.024         4    6.5   0.0   167   241   380   458   373   466 0.84 -
DkoeA00016118-RA     -           1235 34561at7147          -            306   7.3e-06   25.4   1.8   2   4   0.00066      0.11   11.6   0.1    40    80   507   547   489   557 0.82 -
DkoeA00016118-RA     -           1235 34561at7147          -            306   7.3e-06   25.4   1.8   3   4      0.27        46    3.0   0.0   144   192   574   624   564   638 0.74 -
DkoeA00016118-RA     -           1235 34561at7147          -            306   7.3e-06   25.4   1.8   4   4       5.9     1e+03   -1.4   0.0    39    70   873   904   870   909 0.80 -
DkoeA00015819-RA     -            884 34561at7147          -            306   1.5e-05   24.4   0.4   1   6         2   3.5e+02    0.2   0.0    20    48   102   130    96   139 0.86 -
DkoeA00015819-RA     -            884 34561at7147          -            306   1.5e-05   24.4   0.4   2   6       2.5   4.3e+02   -0.1   0.0   196   263   295   370   280   376 0.68 -
DkoeA00015819-RA     -            884 34561at7147          -            306   1.5e-05   24.4   0.4   3   6      0.08        14    4.8   0.0    84   166   444   523   420   532 0.79 -
DkoeA00015819-RA     -            884 34561at7147          -            306   1.5e-05   24.4   0.4   4   6    0.0017       0.3   10.2   0.0   146   224   559   637   555   648 0.81 -
DkoeA00015819-RA     -            884 34561at7147          -            306   1.5e-05   24.4   0.4   5   6       1.5   2.5e+02    0.6   0.0    61   160   634   731   632   738 0.65 -
DkoeA00015819-RA     -            884 34561at7147          -            306   1.5e-05   24.4   0.4   6   6       3.7   6.2e+02   -0.7   0.0   130   152   815   838   809   847 0.69 -
DkoeA00000777-RA     -           1075 34561at7147          -            306   1.5e-05   24.3  11.0   1   2   9.7e-05     0.017   14.4   2.4    20   180   738   906   725   911 0.74 -
DkoeA00000777-RA     -           1075 34561at7147          -            306   1.5e-05   24.3  11.0   2   2   8.3e-05     0.014   14.6   0.0   179   233   991  1050   936  1074 0.83 -
DkoeA00005668-RA     -            460 34561at7147          -            306   1.7e-05   24.2   0.2   1   3    0.0033      0.57    9.3   0.0    39    72   119   152   114   159 0.89 -
DkoeA00005668-RA     -            460 34561at7147          -            306   1.7e-05   24.2   0.2   2   3       1.2     2e+02    0.9   0.0   179   199   194   214   175   230 0.81 -
DkoeA00005668-RA     -            460 34561at7147          -            306   1.7e-05   24.2   0.2   3   3     0.011       1.9    7.6   0.0   163   198   273   308   267   313 0.87 -
DkoeA00012046-RA     -            789 34561at7147          -            306   2.1e-05   23.9   1.5   1   2    0.0096       1.6    7.8   0.0   178   231    36    95    23    99 0.83 -
DkoeA00012046-RA     -            789 34561at7147          -            306   2.1e-05   23.9   1.5   2   2   1.1e-05    0.0019   17.4   1.0   132   305    66   263    62   264 0.65 -
DkoeA00014770-RA     -            395 34561at7147          -            306   2.2e-05   23.8   2.0   1   2   6.2e-05     0.011   15.0   0.5   169   265   113   214    22   236 0.75 -
DkoeA00014770-RA     -            395 34561at7147          -            306   2.2e-05   23.8   2.0   2   2     0.094        16    4.6   0.0    51   101   249   300   236   315 0.76 -
DkoeA00009606-RA     -           1010 34561at7147          -            306   2.3e-05   23.8   1.0   1   4      0.54        92    2.1   0.0    42    70    98   126    80   135 0.59 -
DkoeA00009606-RA     -           1010 34561at7147          -            306   2.3e-05   23.8   1.0   2   4    0.0032      0.55    9.4   0.0   191   231   148   186   130   196 0.63 -
DkoeA00009606-RA     -           1010 34561at7147          -            306   2.3e-05   23.8   1.0   3   4   2.4e-05    0.0041   16.3   0.1   169   262   163   264   150   307 0.73 -
DkoeA00009606-RA     -           1010 34561at7147          -            306   2.3e-05   23.8   1.0   4   4       5.1   8.7e+02   -1.2   0.0   197   215   289   307   253   336 0.79 -
DkoeA00011674-RA     -            408 34561at7147          -            306   2.5e-05   23.6   1.3   1   4      0.03         5    6.2   0.0   201   237    30    66    26   113 0.80 -
DkoeA00011674-RA     -            408 34561at7147          -            306   2.5e-05   23.6   1.3   2   4      0.32        55    2.8   0.1   201   305   120   234    87   236 0.59 -
DkoeA00011674-RA     -            408 34561at7147          -            306   2.5e-05   23.6   1.3   3   4    0.0039      0.66    9.1   0.0    31    74   238   281   233   288 0.84 -
DkoeA00011674-RA     -            408 34561at7147          -            306   2.5e-05   23.6   1.3   4   4       1.6   2.7e+02    0.5   0.0   169   193   379   403   370   406 0.83 -
DkoeA00009210-RA     -            335 34561at7147          -            306   3.3e-05   23.2   0.0   1   2   0.00075      0.13   11.4   0.0   176   230   138   196   118   223 0.80 -
DkoeA00009210-RA     -            335 34561at7147          -            306   3.3e-05   23.2   0.0   2   2    0.0032      0.55    9.4   0.0   175   234   225   289   212   310 0.77 -
DkoeA00000089-RA     -            488 34561at7147          -            306     4e-05   23.0   3.7   1   3   0.00015     0.026   13.7   0.3    91   163    30    97    23   105 0.54 -
DkoeA00000089-RA     -            488 34561at7147          -            306     4e-05   23.0   3.7   2   3    0.0083       1.4    8.0   0.2    41   161   150   280   132   289 0.65 -
DkoeA00000089-RA     -            488 34561at7147          -            306     4e-05   23.0   3.7   3   3      0.43        74    2.4   0.1    48    82   255   290   240   313 0.76 -
DkoeA00009636-RA     -            670 34561at7147          -            306   4.4e-05   22.8   0.2   1   2    0.0044      0.75    8.9   0.0    33    72   120   159   110   181 0.82 -
DkoeA00009636-RA     -            670 34561at7147          -            306   4.4e-05   22.8   0.2   2   2   0.00064      0.11   11.7   0.1   178   240   589   653   565   665 0.74 -
DkoeA00016091-RA     -            527 34561at7147          -            306   4.6e-05   22.8   3.3   1   2    0.0002     0.033   13.4   1.5    26   116   277   365   268   426 0.78 -
DkoeA00016091-RA     -            527 34561at7147          -            306   4.6e-05   22.8   3.3   2   2    0.0048      0.82    8.8   0.1   269   305   460   497   375   498 0.57 -
DkoeA00013248-RA     -            758 34561at7147          -            306   6.8e-05   22.2   0.4   1   4    0.0027      0.45    9.6   0.0   196   240   436   480   380   502 0.87 -
DkoeA00013248-RA     -            758 34561at7147          -            306   6.8e-05   22.2   0.4   2   4       9.2   1.6e+03   -2.0   0.0    46    71   499   524   490   529 0.71 -
DkoeA00013248-RA     -            758 34561at7147          -            306   6.8e-05   22.2   0.4   3   4     0.029         5    6.2   0.2   171   305   554   711   542   712 0.63 -
DkoeA00013248-RA     -            758 34561at7147          -            306   6.8e-05   22.2   0.4   4   4     0.052       8.9    5.4   0.1   178   241   656   722   582   747 0.67 -
DkoeA00007843-RA     -           2181 34561at7147          -            306   0.00012   21.3   0.2   1   2   0.00093      0.16   11.1   0.0   166   235   223   299   199   309 0.81 -
DkoeA00007843-RA     -           2181 34561at7147          -            306   0.00012   21.3   0.2   2   2      0.11        18    4.4   0.0   245   304   415   472   378   474 0.78 -
DkoeA00009685-RA     -           2408 34561at7147          -            306   0.00016   21.0  10.7   1   6      0.64   1.1e+02    1.8   0.3   199   237   124   164    54   172 0.60 -
DkoeA00009685-RA     -           2408 34561at7147          -            306   0.00016   21.0  10.7   2   6      0.28        48    3.0   0.2   199   247   124   174   118   195 0.71 -
DkoeA00009685-RA     -           2408 34561at7147          -            306   0.00016   21.0  10.7   3   6       4.5   7.7e+02   -1.0   0.0   217   237   400   420   335   439 0.73 -
DkoeA00009685-RA     -           2408 34561at7147          -            306   0.00016   21.0  10.7   4   6      0.97   1.7e+02    1.2   0.0   169   253   470   559   459   586 0.65 -
DkoeA00009685-RA     -           2408 34561at7147          -            306   0.00016   21.0  10.7   5   6    0.0028      0.48    9.6   0.3   160   239   592   679   570   682 0.72 -
DkoeA00009685-RA     -           2408 34561at7147          -            306   0.00016   21.0  10.7   6   6     0.018       3.1    6.9   0.1    40    72   682   714   678   727 0.89 -
DkoeA00009818-RA     -           1169 34561at7147          -            306   0.00028   20.2   0.1   1   2    0.0023       0.4    9.8   0.0   168   282   383   505   377   507 0.73 -
DkoeA00009818-RA     -           1169 34561at7147          -            306   0.00028   20.2   0.1   2   2   0.00057     0.097   11.8   0.1    38    92   497   551   485   571 0.84 -
DkoeA00004549-RA     -           1228 34561at7147          -            306   0.00038   19.8   0.1   1   2   0.00038     0.064   12.4   0.0   172   238    88   159    80   169 0.81 -
DkoeA00004549-RA     -           1228 34561at7147          -            306   0.00038   19.8   0.1   2   2     0.076        13    4.9   0.0   202   242   271   311   260   325 0.83 -
DkoeA00009627-RA     -            444 34561at7147          -            306    0.0004   19.7   1.0   1   4         2   3.4e+02    0.2   0.0    87   117    73   104    63   112 0.84 -
DkoeA00009627-RA     -            444 34561at7147          -            306    0.0004   19.7   1.0   2   4       2.1   3.6e+02    0.1   0.0    49    70   191   212   169   220 0.72 -
DkoeA00009627-RA     -            444 34561at7147          -            306    0.0004   19.7   1.0   3   4   0.00033     0.056   12.6   0.0    37    76   221   260   213   267 0.89 -
DkoeA00009627-RA     -            444 34561at7147          -            306    0.0004   19.7   1.0   4   4       1.5   2.5e+02    0.6   0.0    64   105   308   348   295   357 0.81 -
DkoeA00010930-RA     -            779 34561at7147          -            306    0.0014   17.8   0.3   1   2    0.0053      0.91    8.6   0.1   141   201   483   554   461   604 0.60 -
DkoeA00010930-RA     -            779 34561at7147          -            306    0.0014   17.8   0.3   2   2     0.034       5.8    6.0   0.0   252   305   658   712   645   732 0.87 -
DkoeA00014278-RA     -            878 34561at7147          -            306    0.0015   17.8   0.1   1   1   1.7e-05    0.0029   16.9   0.1    91   249   592   752   582   791 0.73 -
DkoeA00004869-RA     -            431 34561at7147          -            306    0.0015   17.7   0.0   1   1   1.3e-05    0.0023   17.2   0.0   167   233   355   426   339   430 0.84 -
DkoeA00014356-RA     -            426 34561at7147          -            306    0.0022   17.2   0.5   1   2       3.6   6.1e+02   -0.6   0.0   245   271    18    44    12    55 0.84 -
DkoeA00014356-RA     -            426 34561at7147          -            306    0.0022   17.2   0.5   2   2   6.4e-05     0.011   15.0   0.0   147   264   119   246   110   266 0.68 -
DkoeA00004418-RA     -            381 34561at7147          -            306    0.0025   17.0   0.0   1   2     0.005      0.86    8.7   0.1    19    69   124   176   116   186 0.85 -
DkoeA00004418-RA     -            381 34561at7147          -            306    0.0025   17.0   0.0   2   2     0.037       6.3    5.9   0.0   200   274   190   264   181   274 0.83 -
DkoeA00008694-RA     -           3451 34561at7147          -            306    0.0056   15.9   2.5   1   3       1.4   2.3e+02    0.7   0.0   159   204   181   226   174   290 0.70 -
DkoeA00008694-RA     -           3451 34561at7147          -            306    0.0056   15.9   2.5   2   3         1   1.8e+02    1.1   0.2    58   170  3195  3311  3157  3320 0.60 -
DkoeA00008694-RA     -           3451 34561at7147          -            306    0.0056   15.9   2.5   3   3   0.00099      0.17   11.0   0.7   167   238  3363  3435  3222  3447 0.72 -
DkoeA00008332-RA     -           1361 34561at7147          -            306     0.006   15.8   0.0   1   1     7e-05     0.012   14.8   0.0   165   255  1213  1306  1194  1330 0.79 -
DkoeA00018044-RA     -           1298 34561at7147          -            306    0.0067   15.7   2.0   1   2    0.0021      0.36    9.9   1.7    76   163  1026  1110  1021  1121 0.81 -
DkoeA00018044-RA     -           1298 34561at7147          -            306    0.0067   15.7   2.0   2   2      0.31        53    2.8   0.0    32    73  1121  1162  1114  1166 0.87 -
DkoeA00015661-RA     -           1387 34561at7147          -            306    0.0067   15.6   0.1   1   3     0.011       1.8    7.7   0.0   172   224  1021  1073  1008  1101 0.79 -
DkoeA00015661-RA     -           1387 34561at7147          -            306    0.0067   15.6   0.1   2   3       1.9   3.2e+02    0.3   0.1    59   117  1128  1188  1112  1260 0.66 -
DkoeA00015661-RA     -           1387 34561at7147          -            306    0.0067   15.6   0.1   3   3      0.14        24    4.0   0.0   144   191  1269  1315  1165  1328 0.52 -
DkoeA00005408-RA     -           1954 34561at7147          -            306    0.0081   15.4   0.4   1   2   0.00025     0.043   13.0   0.1   196   270  1652  1734  1638  1739 0.73 -
DkoeA00005408-RA     -           1954 34561at7147          -            306    0.0081   15.4   0.4   2   2       3.9   6.6e+02   -0.7   0.1    58   103  1765  1815  1753  1827 0.70 -
DkoeA00005101-RA     -           1164 34561at7147          -            306     0.015   14.5   0.1   1   1   0.00019     0.032   13.4   0.0   193   274   841   923   791   946 0.84 -
DkoeA00008829-RA     -            643 34561at7147          -            306     0.016   14.4   0.9   1   3       1.2   2.1e+02    0.9   0.1   142   162   407   427   320   446 0.54 -
DkoeA00008829-RA     -            643 34561at7147          -            306     0.016   14.4   0.9   2   3     0.002      0.35   10.0   0.0   172   217   503   555   492   578 0.67 -
DkoeA00008829-RA     -            643 34561at7147          -            306     0.016   14.4   0.9   3   3       4.3   7.3e+02   -0.9   0.0    89   116   588   615   557   619 0.69 -
DkoeA00011080-RA     -           1282 34561at7147          -            306     0.017   14.4   1.7   1   3      0.17        29    3.7   0.0   274   305   884   914   873   926 0.76 -
DkoeA00011080-RA     -           1282 34561at7147          -            306     0.017   14.4   1.7   2   3       4.1     7e+02   -0.8   0.0   151   200  1067  1116  1056  1138 0.68 -
DkoeA00011080-RA     -           1282 34561at7147          -            306     0.017   14.4   1.7   3   3      0.11        19    4.3   0.0   138   207  1169  1245  1163  1261 0.73 -
DkoeA00012137-RA     -            729 34561at7147          -            306     0.023   13.9   3.0   1   3     0.007       1.2    8.3   0.2    13    81    22    90     9   124 0.73 -
DkoeA00012137-RA     -            729 34561at7147          -            306     0.023   13.9   3.0   2   3       1.4   2.4e+02    0.7   0.0   216   243   170   197   150   220 0.73 -
DkoeA00012137-RA     -            729 34561at7147          -            306     0.023   13.9   3.0   3   3      0.23        39    3.3   0.0    30    81   470   523   446   555 0.70 -
DkoeA00005060-RA     -           3476 34561at7147          -            306     0.046   12.9   3.0   1   1    0.0006       0.1   11.8   2.6    32   164  3052  3188  3043  3193 0.77 -
DkoeA00008938-RA     -            567 34561at7147          -            306     0.096   11.8   0.0   1   3   0.00057     0.096   11.8   0.0    41   121    43   121    18   129 0.72 -
DkoeA00008938-RA     -            567 34561at7147          -            306     0.096   11.8   0.0   2   3    0.0031      0.53    9.4   0.1    32   108    74   152    71   213 0.72 -
DkoeA00008938-RA     -            567 34561at7147          -            306     0.096   11.8   0.0   3   3       3.2   5.5e+02   -0.5   0.0    35    94   155   225   134   237 0.62 -
#
# Program:         hmmsearch
# Version:         3.1b2 (February 2015)
# Pipeline mode:   SEARCH
# Query file:      /home/nmoreyra/Documents/Genomics/03_orthologs_search/00_Phylogenomics_BUSCO-groups/busco4_odb10/busco_downloads/lineages/diptera_odb10/hmms/34561at7147.hmm
# Target file:     /home/nmoreyra/Documents/Genomics/03_orthologs_search/00_Phylogenomics_BUSCO-groups/busco4_odb10/../00_proteins/DkoeA_proteins.fasta
# Option settings: /home/nmoreyra/Software/miniconda3/envs/busco4/bin/hmmsearch --domtblout /home/nmoreyra/Documents/Genomics/03_orthologs_search/00_Phylogenomics_BUSCO-groups/busco4_odb10/DkoeA_diptera/run_diptera_odb10/hmmer_output/initial_run_results/34561at7147.out --cpu 1 /home/nmoreyra/Documents/Genomics/03_orthologs_search/00_Phylogenomics_BUSCO-groups/busco4_odb10/busco_downloads/lineages/diptera_odb10/hmms/34561at7147.hmm /home/nmoreyra/Documents/Genomics/03_orthologs_search/00_Phylogenomics_BUSCO-groups/busco4_odb10/../00_proteins/DkoeA_proteins.fasta 
# Current dir:     /home/nmoreyra/Documents/Genomics/03_orthologs_search/00_Phylogenomics_BUSCO-groups/busco4_odb10
# Date:            Mon Jan 25 13:58:44 2021
# [ok]
