#                                                                            --- full sequence --- -------------- this domain -------------   hmm coord   ali coord   env coord
# target name        accession   tlen query name           accession   qlen   E-value  score  bias   #  of  c-Evalue  i-Evalue  score  bias  from    to  from    to  from    to  acc description of target
#------------------- ---------- ----- -------------------- ---------- ----- --------- ------ ----- --- --- --------- --------- ------ ----- ----- ----- ----- ----- ----- ----- ---- ---------------------
DkoeA00006754-RA     -           1414 35872at7147          -            449    4e-140  467.5 163.1   1  10   6.2e-40   1.1e-35  123.2   1.2     1    88    67   155    67   178 0.90 -
DkoeA00006754-RA     -           1414 35872at7147          -            449    4e-140  467.5 163.1   2  10   1.2e-15   2.1e-11   43.1   6.6    87   132   279   338   268   349 0.82 -
DkoeA00006754-RA     -           1414 35872at7147          -            449    4e-140  467.5 163.1   3  10     0.013   2.3e+02    0.2   3.8   126   175   353   405   346   430 0.64 -
DkoeA00006754-RA     -           1414 35872at7147          -            449    4e-140  467.5 163.1   4  10     2e-06     0.035   12.8   7.7   138   168   476   506   453   522 0.74 -
DkoeA00006754-RA     -           1414 35872at7147          -            449    4e-140  467.5 163.1   5  10   1.6e-28   2.8e-24   85.6   6.0   139   263   536   655   522   675 0.71 -
DkoeA00006754-RA     -           1414 35872at7147          -            449    4e-140  467.5 163.1   6  10   1.5e-05      0.26    9.9  16.5   220   285   674   743   658   747 0.77 -
DkoeA00006754-RA     -           1414 35872at7147          -            449    4e-140  467.5 163.1   7  10         1   1.8e+04   -7.3  16.7   334   380   736   783   731   797 0.38 -
DkoeA00006754-RA     -           1414 35872at7147          -            449    4e-140  467.5 163.1   8  10         1   1.8e+04  -12.0  26.4   244   282   802   842   794   945 0.62 -
DkoeA00006754-RA     -           1414 35872at7147          -            449    4e-140  467.5 163.1   9  10   1.4e-25   2.5e-21   75.9   1.4   274   340  1068  1157  1048  1170 0.74 -
DkoeA00006754-RA     -           1414 35872at7147          -            449    4e-140  467.5 163.1  10  10   1.2e-57     2e-53  181.7  15.7   331   449  1204  1334  1200  1334 0.93 -
#
# Program:         hmmsearch
# Version:         3.1b2 (February 2015)
# Pipeline mode:   SEARCH
# Query file:      /home/nmoreyra/Documents/Genomics/03_orthologs_search/00_Phylogenomics_BUSCO-groups/busco4_odb10/busco_downloads/lineages/diptera_odb10/hmms/35872at7147.hmm
# Target file:     /home/nmoreyra/Documents/Genomics/03_orthologs_search/00_Phylogenomics_BUSCO-groups/busco4_odb10/../00_proteins/DkoeA_proteins.fasta
# Option settings: /home/nmoreyra/Software/miniconda3/envs/busco4/bin/hmmsearch --domtblout /home/nmoreyra/Documents/Genomics/03_orthologs_search/00_Phylogenomics_BUSCO-groups/busco4_odb10/DkoeA_diptera/run_diptera_odb10/hmmer_output/initial_run_results/35872at7147.out --cpu 1 /home/nmoreyra/Documents/Genomics/03_orthologs_search/00_Phylogenomics_BUSCO-groups/busco4_odb10/busco_downloads/lineages/diptera_odb10/hmms/35872at7147.hmm /home/nmoreyra/Documents/Genomics/03_orthologs_search/00_Phylogenomics_BUSCO-groups/busco4_odb10/../00_proteins/DkoeA_proteins.fasta 
# Current dir:     /home/nmoreyra/Documents/Genomics/03_orthologs_search/00_Phylogenomics_BUSCO-groups/busco4_odb10
# Date:            Mon Jan 25 13:57:32 2021
# [ok]
