#                                                                            --- full sequence --- -------------- this domain -------------   hmm coord   ali coord   env coord
# target name        accession   tlen query name           accession   qlen   E-value  score  bias   #  of  c-Evalue  i-Evalue  score  bias  from    to  from    to  from    to  acc description of target
#------------------- ---------- ----- -------------------- ---------- ----- --------- ------ ----- --- --- --------- --------- ------ ----- ----- ----- ----- ----- ----- ----- ---- ---------------------
DkoeA00005691-RA     -           1006 36084at7147          -            432    4e-163  543.2   4.4   1   3   4.5e-28   6.6e-25   87.8   0.6     7    91   445   545   441   552 0.81 -
DkoeA00005691-RA     -           1006 36084at7147          -            432    4e-163  543.2   4.4   2   3  3.5e-127  5.2e-124  414.3   0.0    76   381   565   922   554   940 0.86 -
DkoeA00005691-RA     -           1006 36084at7147          -            432    4e-163  543.2   4.4   3   3   7.1e-14     1e-10   41.0   0.0   376   428   943  1000   937  1004 0.89 -
DkoeA00017902-RA     -            458 36084at7147          -            432   1.8e-08   33.6   0.1   1   2   0.00024      0.36    9.6   0.0     2    31     2    27     1    88 0.87 -
DkoeA00017902-RA     -            458 36084at7147          -            432   1.8e-08   33.6   0.1   2   2   4.4e-08   6.4e-05   21.9   0.0   135   225   113   203    88   242 0.81 -
DkoeA00006363-RA     -            447 36084at7147          -            432   4.1e-08   32.4   0.0   1   2   4.8e-05      0.07   11.9   0.0     2    57     2    73     1    85 0.68 -
DkoeA00006363-RA     -            447 36084at7147          -            432   4.1e-08   32.4   0.0   2   2   6.3e-07   0.00092   18.1   0.0   135   218   114   197   105   261 0.79 -
DkoeA00013944-RA     -            454 36084at7147          -            432   6.1e-08   31.9   0.1   1   2   0.00014       0.2   10.4   0.0     2    31     2    31     1    85 0.90 -
DkoeA00013944-RA     -            454 36084at7147          -            432   6.1e-08   31.9   0.1   2   2   2.8e-07   0.00041   19.3   0.0   134   218   119   203   111   267 0.80 -
DkoeA00008229-RA     -            486 36084at7147          -            432   7.2e-08   31.6   0.2   1   2   0.00016      0.24   10.2   0.0     3    55     4    71     2    97 0.65 -
DkoeA00008229-RA     -            486 36084at7147          -            432   7.2e-08   31.6   0.2   2   2   3.2e-07   0.00047   19.1   0.0   132   258   113   245   103   254 0.85 -
DkoeA00012964-RA     -            446 36084at7147          -            432   1.1e-07   31.1   0.0   1   2   9.1e-05      0.13   11.0   0.0     2    58     2    74     1    86 0.69 -
DkoeA00012964-RA     -            446 36084at7147          -            432   1.1e-07   31.1   0.0   2   2   9.2e-07    0.0013   17.6   0.0   135   251   114   233   105   263 0.69 -
DkoeA00011774-RA     -            457 36084at7147          -            432   1.2e-07   30.9   0.2   1   2   4.4e-05     0.064   12.0   0.0     3    59     4    75     2    96 0.69 -
DkoeA00011774-RA     -            457 36084at7147          -            432   1.2e-07   30.9   0.2   2   2   2.2e-06    0.0032   16.3   0.0   133   258   114   245   105   254 0.82 -
DkoeA00013023-RA     -            449 36084at7147          -            432   7.6e-05   21.7   0.0   1   1   8.4e-08   0.00012   21.0   0.0   136   235   117   219    86   272 0.72 -
DkoeA00001463-RA     -            450 36084at7147          -            432    0.0001   21.3   0.0   1   1   1.1e-07   0.00016   20.6   0.0   136   217   117   198    87   260 0.73 -
DkoeA00009336-RA     -            499 36084at7147          -            432   0.00026   19.9   0.0   1   2    0.0061       8.9    5.0   0.0    25    62    27    66    21    79 0.78 -
DkoeA00009336-RA     -            499 36084at7147          -            432   0.00026   19.9   0.0   2   2   2.9e-05     0.042   12.6   0.0   136   217   103   184    94   209 0.76 -
DkoeA00016984-RA     -            452 36084at7147          -            432    0.0024   16.8   0.0   1   1   2.9e-06    0.0042   15.9   0.0   135   186   116   168    84   183 0.79 -
DkoeA00001495-RA     -           3029 36084at7147          -            432     0.039   12.7   1.2   1   1   6.8e-05       0.1   11.4   1.2   282   379   145   245   133   257 0.83 -
#
# Program:         hmmsearch
# Version:         3.1b2 (February 2015)
# Pipeline mode:   SEARCH
# Query file:      /home/nmoreyra/Documents/Genomics/03_orthologs_search/00_Phylogenomics_BUSCO-groups/busco4_odb10/busco_downloads/lineages/diptera_odb10/hmms/36084at7147.hmm
# Target file:     /home/nmoreyra/Documents/Genomics/03_orthologs_search/00_Phylogenomics_BUSCO-groups/busco4_odb10/../00_proteins/DkoeA_proteins.fasta
# Option settings: /home/nmoreyra/Software/miniconda3/envs/busco4/bin/hmmsearch --domtblout /home/nmoreyra/Documents/Genomics/03_orthologs_search/00_Phylogenomics_BUSCO-groups/busco4_odb10/DkoeA_diptera/run_diptera_odb10/hmmer_output/initial_run_results/36084at7147.out --cpu 1 /home/nmoreyra/Documents/Genomics/03_orthologs_search/00_Phylogenomics_BUSCO-groups/busco4_odb10/busco_downloads/lineages/diptera_odb10/hmms/36084at7147.hmm /home/nmoreyra/Documents/Genomics/03_orthologs_search/00_Phylogenomics_BUSCO-groups/busco4_odb10/../00_proteins/DkoeA_proteins.fasta 
# Current dir:     /home/nmoreyra/Documents/Genomics/03_orthologs_search/00_Phylogenomics_BUSCO-groups/busco4_odb10
# Date:            Mon Jan 25 13:57:47 2021
# [ok]
