#                                                                            --- full sequence --- -------------- this domain -------------   hmm coord   ali coord   env coord
# target name        accession   tlen query name           accession   qlen   E-value  score  bias   #  of  c-Evalue  i-Evalue  score  bias  from    to  from    to  from    to  acc description of target
#------------------- ---------- ----- -------------------- ---------- ----- --------- ------ ----- --- --- --------- --------- ------ ----- ----- ----- ----- ----- ----- ----- ---- ---------------------
DkoeA00016035-RA     -            618 36767at7147          -            437    6e-229  759.7   2.5   1   3      0.54   1.2e+03   -2.5   0.0     1    13     4    16     4    24 0.80 -
DkoeA00016035-RA     -            618 36767at7147          -            437    6e-229  759.7   2.5   2   3   2.3e-29     5e-26   91.0   2.9    12   106    56   185    50   192 0.81 -
DkoeA00016035-RA     -            618 36767at7147          -            437    6e-229  759.7   2.5   3   3  6.4e-201  1.4e-197  656.3   0.0   103   437   263   618   257   618 0.95 -
DkoeA00016551-RA     -            325 36767at7147          -            437   9.9e-39  132.8   0.0   1   1     6e-42   1.3e-38  132.4   0.0   111   333    10   242     7   250 0.89 -
DkoeA00002478-RA     -            312 36767at7147          -            437   3.3e-21   75.1   0.0   1   1   1.9e-24   4.3e-21   74.7   0.0   167   332    58   230    43   241 0.87 -
DkoeA00010798-RA     -            476 36767at7147          -            437     2e-20   72.6   0.0   1   1     4e-23   8.7e-20   70.4   0.0   107   329    24   269    16   274 0.78 -
DkoeA00008223-RA     -            398 36767at7147          -            437   9.8e-20   70.2   0.0   1   1   6.6e-23   1.5e-19   69.7   0.0   108   329    18   253     5   270 0.78 -
DkoeA00016353-RA     -            326 36767at7147          -            437   4.4e-09   35.2   0.0   1   1   3.1e-12   6.7e-09   34.5   0.0   162   332    45   230    23   254 0.76 -
DkoeA00005740-RA     -            435 36767at7147          -            437    0.0014   17.0   0.5   1   1   1.1e-06    0.0024   16.2   0.5    22   102   132   221   119   245 0.71 -
DkoeA00010003-RA     -            163 36767at7147          -            437     0.055   11.7   0.3   1   1   2.9e-05     0.064   11.5   0.3    38    90    30    86     3   110 0.71 -
#
# Program:         hmmsearch
# Version:         3.1b2 (February 2015)
# Pipeline mode:   SEARCH
# Query file:      /home/nmoreyra/Documents/Genomics/03_orthologs_search/00_Phylogenomics_BUSCO-groups/busco4_odb10/busco_downloads/lineages/diptera_odb10/hmms/36767at7147.hmm
# Target file:     /home/nmoreyra/Documents/Genomics/03_orthologs_search/00_Phylogenomics_BUSCO-groups/busco4_odb10/../00_proteins/DkoeA_proteins.fasta
# Option settings: /home/nmoreyra/Software/miniconda3/envs/busco4/bin/hmmsearch --domtblout /home/nmoreyra/Documents/Genomics/03_orthologs_search/00_Phylogenomics_BUSCO-groups/busco4_odb10/DkoeA_diptera/run_diptera_odb10/hmmer_output/initial_run_results/36767at7147.out --cpu 1 /home/nmoreyra/Documents/Genomics/03_orthologs_search/00_Phylogenomics_BUSCO-groups/busco4_odb10/busco_downloads/lineages/diptera_odb10/hmms/36767at7147.hmm /home/nmoreyra/Documents/Genomics/03_orthologs_search/00_Phylogenomics_BUSCO-groups/busco4_odb10/../00_proteins/DkoeA_proteins.fasta 
# Current dir:     /home/nmoreyra/Documents/Genomics/03_orthologs_search/00_Phylogenomics_BUSCO-groups/busco4_odb10
# Date:            Mon Jan 25 13:58:21 2021
# [ok]
