#                                                                            --- full sequence --- -------------- this domain -------------   hmm coord   ali coord   env coord
# target name        accession   tlen query name           accession   qlen   E-value  score  bias   #  of  c-Evalue  i-Evalue  score  bias  from    to  from    to  from    to  acc description of target
#------------------- ---------- ----- -------------------- ---------- ----- --------- ------ ----- --- --- --------- --------- ------ ----- ----- ----- ----- ----- ----- ----- ---- ---------------------
DkoeA00001986-RA     -            757 37646at7147          -            579         0 1084.0   0.0   1   1         0         0 1082.2   0.0     1   578     1   756     1   757 0.96 -
DkoeA00001234-RA     -            970 37646at7147          -            579   2.9e-08   32.5   0.0   1   3   0.00075      0.94    7.7   0.0   274   329    12    63     2    74 0.86 -
DkoeA00001234-RA     -            970 37646at7147          -            579   2.9e-08   32.5   0.0   2   3   0.00022      0.28    9.5   0.0   265   330    85   144    73   155 0.80 -
DkoeA00001234-RA     -            970 37646at7147          -            579   2.9e-08   32.5   0.0   3   3   5.9e-05     0.074   11.3   0.0   273   335   234   292   226   294 0.85 -
DkoeA00006813-RA     -           2419 37646at7147          -            579   9.2e-07   27.5   0.0   1   2    0.0089        11    4.1   0.0   269   332  2163  2220  2156  2229 0.79 -
DkoeA00006813-RA     -           2419 37646at7147          -            579   9.2e-07   27.5   0.0   2   2   7.6e-08   9.6e-05   20.9   0.0   274   331  2366  2419  2360  2419 0.93 -
DkoeA00007217-RA     -            491 37646at7147          -            579   9.5e-07   27.5   0.0   1   1   1.1e-09   1.3e-06   27.0   0.0   273   328   278   329   273   343 0.90 -
DkoeA00000061-RA     -            629 37646at7147          -            579   3.8e-06   25.5   0.0   1   1   5.4e-09   6.7e-06   24.7   0.0   235   330   535   626   485   628 0.81 -
DkoeA00012381-RA     -            326 37646at7147          -            579   1.5e-05   23.5   0.0   1   1   2.1e-08   2.6e-05   22.7   0.0    21    62     2    43     1    53 0.91 -
DkoeA00009980-RA     -            382 37646at7147          -            579   2.6e-05   22.7   0.0   1   3      0.15   1.9e+02    0.1   0.0   275   328    61   109    52   120 0.82 -
DkoeA00009980-RA     -            382 37646at7147          -            579   2.6e-05   22.7   0.0   2   3       1.6   2.1e+03   -3.3   0.0   275   471   187   214   170   235 0.53 -
DkoeA00009980-RA     -            382 37646at7147          -            579   2.6e-05   22.7   0.0   3   3   1.8e-07   0.00023   19.6   0.0   275   329   323   375   283   381 0.89 -
DkoeA00013984-RA     -            849 37646at7147          -            579     5e-05   21.8   0.0   1   2   0.00045      0.56    8.4   0.0   276   329   456   504   453   519 0.83 -
DkoeA00013984-RA     -            849 37646at7147          -            579     5e-05   21.8   0.0   2   2   8.3e-05       0.1   10.9   0.0   274   329   795   846   782   848 0.88 -
DkoeA00006219-RA     -            291 37646at7147          -            579   0.00026   19.4   0.0   1   2      0.59   7.4e+02   -1.9   0.0   351   367    86   102    63   111 0.78 -
DkoeA00006219-RA     -            291 37646at7147          -            579   0.00026   19.4   0.0   2   2     6e-07   0.00075   17.9   0.0   408   454   111   157    96   165 0.90 -
DkoeA00007228-RA     -            823 37646at7147          -            579    0.0006   18.3   0.0   1   2   0.00012      0.14   10.4   0.0    23    65   631   673   619   679 0.90 -
DkoeA00007228-RA     -            823 37646at7147          -            579    0.0006   18.3   0.0   2   2    0.0033       4.1    5.6   0.0    22    65   697   739   687   745 0.84 -
DkoeA00010001-RA     -            235 37646at7147          -            579    0.0014   17.1   0.0   1   1   1.4e-06    0.0017   16.7   0.0   261   369   108   211    85   219 0.82 -
DkoeA00014880-RA     -            250 37646at7147          -            579    0.0018   16.7   0.0   1   1   2.4e-06     0.003   16.0   0.0   403   484    23   105     2   110 0.85 -
DkoeA00004409-RA     -            289 37646at7147          -            579    0.0039   15.5   0.0   1   2      0.24     3e+02   -0.6   0.0   356   370    85    99    75   101 0.84 -
DkoeA00004409-RA     -            289 37646at7147          -            579    0.0039   15.5   0.0   2   2   1.3e-05     0.016   13.5   0.0   406   454   106   154    96   162 0.89 -
DkoeA00013918-RA     -            211 37646at7147          -            579     0.052   11.8   0.1   1   2       1.8   2.3e+03   -3.5   0.0   316   330    41    55    38    67 0.82 -
DkoeA00013918-RA     -            211 37646at7147          -            579     0.052   11.8   0.1   2   2   7.3e-05     0.092   11.0   0.0   236   309   122   189   104   207 0.73 -
#
# Program:         hmmsearch
# Version:         3.1b2 (February 2015)
# Pipeline mode:   SEARCH
# Query file:      /home/nmoreyra/Documents/Genomics/03_orthologs_search/00_Phylogenomics_BUSCO-groups/busco4_odb10/busco_downloads/lineages/diptera_odb10/hmms/37646at7147.hmm
# Target file:     /home/nmoreyra/Documents/Genomics/03_orthologs_search/00_Phylogenomics_BUSCO-groups/busco4_odb10/../00_proteins/DkoeA_proteins.fasta
# Option settings: /home/nmoreyra/Software/miniconda3/envs/busco4/bin/hmmsearch --domtblout /home/nmoreyra/Documents/Genomics/03_orthologs_search/00_Phylogenomics_BUSCO-groups/busco4_odb10/DkoeA_diptera/run_diptera_odb10/hmmer_output/initial_run_results/37646at7147.out --cpu 1 /home/nmoreyra/Documents/Genomics/03_orthologs_search/00_Phylogenomics_BUSCO-groups/busco4_odb10/busco_downloads/lineages/diptera_odb10/hmms/37646at7147.hmm /home/nmoreyra/Documents/Genomics/03_orthologs_search/00_Phylogenomics_BUSCO-groups/busco4_odb10/../00_proteins/DkoeA_proteins.fasta 
# Current dir:     /home/nmoreyra/Documents/Genomics/03_orthologs_search/00_Phylogenomics_BUSCO-groups/busco4_odb10
# Date:            Mon Jan 25 13:57:07 2021
# [ok]
