#                                                                            --- full sequence --- -------------- this domain -------------   hmm coord   ali coord   env coord
# target name        accession   tlen query name           accession   qlen   E-value  score  bias   #  of  c-Evalue  i-Evalue  score  bias  from    to  from    to  from    to  acc description of target
#------------------- ---------- ----- -------------------- ---------- ----- --------- ------ ----- --- --- --------- --------- ------ ----- ----- ----- ----- ----- ----- ----- ---- ---------------------
DkoeA00005750-RA     -            460 38580at7147          -            367    6e-200  663.7   5.0   1   2   1.2e-52     2e-49  168.4   0.3     1   100    28   128    28   137 0.91 -
DkoeA00005750-RA     -            460 38580at7147          -            367    6e-200  663.7   5.0   2   2  4.4e-151  7.7e-148  492.2   0.6    97   367   160   459   153   459 0.92 -
DkoeA00002826-RA     -            428 38580at7147          -            367   5.4e-60  203.2   0.0   1   2   6.4e-17   1.1e-13   50.8   0.0    14   107     6   100     2   124 0.89 -
DkoeA00002826-RA     -            428 38580at7147          -            367   5.4e-60  203.2   0.0   2   2   2.9e-47   5.1e-44  150.7   0.0    97   367   139   427   117   427 0.86 -
DkoeA00018115-RA     -            446 38580at7147          -            367   1.8e-58  198.2   0.0   1   2   2.7e-15   4.7e-12   45.5   0.0    17    96     2    81     1    93 0.92 -
DkoeA00018115-RA     -            446 38580at7147          -            367   1.8e-58  198.2   0.0   2   2   2.5e-47   4.3e-44  150.9   0.0    98   366   160   444   151   445 0.90 -
DkoeA00003077-RA     -            409 38580at7147          -            367     6e-48  163.6   0.0   1   2   0.00016      0.29   10.0   0.0    21    77    12    68     2    99 0.84 -
DkoeA00003077-RA     -            409 38580at7147          -            367     6e-48  163.6   0.0   2   2   1.9e-47   3.4e-44  151.2   0.0    99   367   113   407   104   407 0.81 -
DkoeA00015236-RA     -            410 38580at7147          -            367   8.9e-46  156.4   0.1   1   2    0.0033       5.7    5.7   0.0    18    87    10    79     3   101 0.81 -
DkoeA00015236-RA     -            410 38580at7147          -            367   8.9e-46  156.4   0.1   2   2   1.8e-46   3.1e-43  148.1   0.0    96   367   115   408   107   408 0.78 -
DkoeA00009436-RA     -            453 38580at7147          -            367   3.9e-39  134.6   0.3   1   2    0.0086        15    4.3   0.0    31    83   101   153    75   169 0.86 -
DkoeA00009436-RA     -            453 38580at7147          -            367   3.9e-39  134.6   0.3   2   2   1.8e-40   3.2e-37  128.3   0.2   178   364   252   448   219   450 0.87 -
DkoeA00009437-RA     -            504 38580at7147          -            367   6.4e-39  133.9   0.1   1   2    0.0038       6.6    5.5   0.0    20    84   115   178    96   194 0.82 -
DkoeA00009437-RA     -            504 38580at7147          -            367   6.4e-39  133.9   0.1   2   2   7.6e-40   1.3e-36  126.2   0.3   175   365   300   500   263   502 0.84 -
DkoeA00014838-RA     -           1016 38580at7147          -            367     2e-38  132.2   0.0   1   2    0.0019       3.3    6.5   0.0    26    67   160   201   147   210 0.85 -
DkoeA00014838-RA     -           1016 38580at7147          -            367     2e-38  132.2   0.0   2   2   5.7e-39     1e-35  123.4   0.0    97   341   294   546   282   560 0.89 -
DkoeA00005175-RA     -            517 38580at7147          -            367   3.9e-38  131.3   0.0   1   2   0.00022      0.39    9.5   0.0    27    68    94   135    78   144 0.87 -
DkoeA00005175-RA     -            517 38580at7147          -            367   3.9e-38  131.3   0.0   2   2   7.1e-38   1.3e-34  119.7   0.0    98   366   236   516   229   517 0.87 -
DkoeA00002015-RA     -            362 38580at7147          -            367     0.012   14.5   0.1   1   1   1.1e-05      0.02   13.8   0.1    22    96     7    80     2    91 0.88 -
#
# Program:         hmmsearch
# Version:         3.1b2 (February 2015)
# Pipeline mode:   SEARCH
# Query file:      /home/nmoreyra/Documents/Genomics/03_orthologs_search/00_Phylogenomics_BUSCO-groups/busco4_odb10/busco_downloads/lineages/diptera_odb10/hmms/38580at7147.hmm
# Target file:     /home/nmoreyra/Documents/Genomics/03_orthologs_search/00_Phylogenomics_BUSCO-groups/busco4_odb10/../00_proteins/DkoeA_proteins.fasta
# Option settings: /home/nmoreyra/Software/miniconda3/envs/busco4/bin/hmmsearch --domtblout /home/nmoreyra/Documents/Genomics/03_orthologs_search/00_Phylogenomics_BUSCO-groups/busco4_odb10/DkoeA_diptera/run_diptera_odb10/hmmer_output/initial_run_results/38580at7147.out --cpu 1 /home/nmoreyra/Documents/Genomics/03_orthologs_search/00_Phylogenomics_BUSCO-groups/busco4_odb10/busco_downloads/lineages/diptera_odb10/hmms/38580at7147.hmm /home/nmoreyra/Documents/Genomics/03_orthologs_search/00_Phylogenomics_BUSCO-groups/busco4_odb10/../00_proteins/DkoeA_proteins.fasta 
# Current dir:     /home/nmoreyra/Documents/Genomics/03_orthologs_search/00_Phylogenomics_BUSCO-groups/busco4_odb10
# Date:            Mon Jan 25 13:58:12 2021
# [ok]
