#                                                                            --- full sequence --- -------------- this domain -------------   hmm coord   ali coord   env coord
# target name        accession   tlen query name           accession   qlen   E-value  score  bias   #  of  c-Evalue  i-Evalue  score  bias  from    to  from    to  from    to  acc description of target
#------------------- ---------- ----- -------------------- ---------- ----- --------- ------ ----- --- --- --------- --------- ------ ----- ----- ----- ----- ----- ----- ----- ---- ---------------------
DkoeA00012610-RA     -           1093 38937at7147          -            378  2.2e-128  428.4  40.6   1   8   1.3e-24   1.1e-20   73.9   0.0     1    50   316   365   316   374 0.97 -
DkoeA00012610-RA     -           1093 38937at7147          -            378  2.2e-128  428.4  40.6   2   8   3.6e-15   3.1e-11   42.8   0.2    50    86   386   422   381   440 0.87 -
DkoeA00012610-RA     -           1093 38937at7147          -            378  2.2e-128  428.4  40.6   3   8   5.7e-67     5e-63  213.3   2.7    78   255   442   679   432   689 0.82 -
DkoeA00012610-RA     -           1093 38937at7147          -            378  2.2e-128  428.4  40.6   4   8     8e-07     0.007   15.3   2.7   253   275   703   725   691   734 0.83 -
DkoeA00012610-RA     -           1093 38937at7147          -            378  2.2e-128  428.4  40.6   5   8   4.5e-09     4e-05   22.7   0.3   269   292   745   768   734   791 0.84 -
DkoeA00012610-RA     -           1093 38937at7147          -            378  2.2e-128  428.4  40.6   6   8   1.1e-21   9.7e-18   64.2   2.2   272   353   790   892   780   901 0.75 -
DkoeA00012610-RA     -           1093 38937at7147          -            378  2.2e-128  428.4  40.6   7   8   3.1e-06     0.027   13.4   0.1   350   371   947   968   939   973 0.83 -
DkoeA00012610-RA     -           1093 38937at7147          -            378  2.2e-128  428.4  40.6   8   8     0.043   3.8e+02   -0.2   0.1   366   378   984   996   979   996 0.87 -
DkoeA00006716-RA     -            803 38937at7147          -            378    0.0025   16.8   0.0   1   1   4.4e-06     0.039   12.9   0.0    75   145   145   217    92   273 0.76 -
#
# Program:         hmmsearch
# Version:         3.1b2 (February 2015)
# Pipeline mode:   SEARCH
# Query file:      /home/nmoreyra/Documents/Genomics/03_orthologs_search/00_Phylogenomics_BUSCO-groups/busco4_odb10/busco_downloads/lineages/diptera_odb10/hmms/38937at7147.hmm
# Target file:     /home/nmoreyra/Documents/Genomics/03_orthologs_search/00_Phylogenomics_BUSCO-groups/busco4_odb10/../00_proteins/DkoeA_proteins.fasta
# Option settings: /home/nmoreyra/Software/miniconda3/envs/busco4/bin/hmmsearch --domtblout /home/nmoreyra/Documents/Genomics/03_orthologs_search/00_Phylogenomics_BUSCO-groups/busco4_odb10/DkoeA_diptera/run_diptera_odb10/hmmer_output/initial_run_results/38937at7147.out --cpu 1 /home/nmoreyra/Documents/Genomics/03_orthologs_search/00_Phylogenomics_BUSCO-groups/busco4_odb10/busco_downloads/lineages/diptera_odb10/hmms/38937at7147.hmm /home/nmoreyra/Documents/Genomics/03_orthologs_search/00_Phylogenomics_BUSCO-groups/busco4_odb10/../00_proteins/DkoeA_proteins.fasta 
# Current dir:     /home/nmoreyra/Documents/Genomics/03_orthologs_search/00_Phylogenomics_BUSCO-groups/busco4_odb10
# Date:            Mon Jan 25 13:58:49 2021
# [ok]
