#                                                                            --- full sequence --- -------------- this domain -------------   hmm coord   ali coord   env coord
# target name        accession   tlen query name           accession   qlen   E-value  score  bias   #  of  c-Evalue  i-Evalue  score  bias  from    to  from    to  from    to  acc description of target
#------------------- ---------- ----- -------------------- ---------- ----- --------- ------ ----- --- --- --------- --------- ------ ----- ----- ----- ----- ----- ----- ----- ---- ---------------------
DkoeA00011408-RA     -            573 39519at7147          -            270  3.7e-129  430.0  46.2   1   6      0.12   1.2e+02    2.1   1.4     1    31     1    31     1    38 0.68 -
DkoeA00011408-RA     -            573 39519at7147          -            270  3.7e-129  430.0  46.2   2   6  8.4e-110  8.1e-107  356.8   6.2     7   168    37   200    33   224 0.93 -
DkoeA00011408-RA     -            573 39519at7147          -            270  3.7e-129  430.0  46.2   3   6   4.9e-20   4.8e-17   62.4   2.6   172   217   234   285   229   313 0.86 -
DkoeA00011408-RA     -            573 39519at7147          -            270  3.7e-129  430.0  46.2   4   6   9.6e-05     0.093   12.3   4.0   209   237   336   364   298   392 0.74 -
DkoeA00011408-RA     -            573 39519at7147          -            270  3.7e-129  430.0  46.2   5   6     0.024        24    4.4   0.9   214   250   395   435   373   453 0.61 -
DkoeA00011408-RA     -            573 39519at7147          -            270  3.7e-129  430.0  46.2   6   6   1.8e-05     0.017   14.7   0.5   248   269   479   502   454   503 0.87 -
DkoeA00012948-RA     -            497 39519at7147          -            270   4.2e-50  170.8   0.1   1   2   4.3e-53   4.2e-50  170.8   0.1    38   143   193   300   183   332 0.93 -
DkoeA00012948-RA     -            497 39519at7147          -            270   4.2e-50  170.8   0.1   2   2       4.5   4.4e+03   -3.1   0.3   199   217   405   423   383   472 0.55 -
DkoeA00004857-RA     -            469 39519at7147          -            270   4.5e-50  170.7   0.0   1   1   8.7e-53   8.5e-50  169.8   0.0    36   142    85   191    75   194 0.96 -
DkoeA00007312-RA     -            358 39519at7147          -            270   3.3e-48  164.6   0.8   1   1   4.9e-51   4.8e-48  164.1   0.8    29   137    80   194    60   217 0.87 -
DkoeA00011811-RA     -            479 39519at7147          -            270   6.4e-46  157.1   0.4   1   1   1.3e-48   1.2e-45  156.2   0.4    35   135   185   285   175   299 0.93 -
DkoeA00011812-RA     -            342 39519at7147          -            270   2.3e-42  145.5   2.6   1   2     0.055        53    3.2   0.1   181   263     4    89     1    94 0.74 -
DkoeA00011812-RA     -            342 39519at7147          -            270   2.3e-42  145.5   2.6   2   2   2.2e-44   2.1e-41  142.3   0.3    36   132   121   217   109   229 0.89 -
DkoeA00000413-RA     -            720 39519at7147          -            270   8.4e-36  123.9   4.3   1   2       1.6   1.6e+03   -1.6   1.2   177   246    82   157    70   175 0.59 -
DkoeA00000413-RA     -            720 39519at7147          -            270   8.4e-36  123.9   4.3   2   2   8.6e-39   8.4e-36  123.9   4.3     9   135   404   531   400   535 0.91 -
DkoeA00015854-RA     -            609 39519at7147          -            270   3.6e-32  112.0   0.1   1   1   1.1e-34   1.1e-31  110.5   0.1    36   137   126   225   105   236 0.90 -
DkoeA00005612-RA     -            393 39519at7147          -            270   7.4e-32  111.0   0.0   1   2   7.6e-35   7.4e-32  111.0   0.0    32   123    91   182    75   202 0.85 -
DkoeA00005612-RA     -            393 39519at7147          -            270   7.4e-32  111.0   0.0   2   2       4.2   4.1e+03   -3.0   1.4     7    27   360   380   345   387 0.68 -
DkoeA00012059-RA     -           1376 39519at7147          -            270   2.9e-24   86.0   0.1   1   1   9.1e-27   8.9e-24   84.5   0.1    38   119   749   829   741   838 0.93 -
DkoeA00001873-RA     -            721 39519at7147          -            270   2.7e-20   73.0   0.0   1   1     5e-23   4.9e-20   72.2   0.0    37   125   428   518   418   555 0.88 -
DkoeA00001842-RA     -            744 39519at7147          -            270   2.9e-20   73.0   0.0   1   1   5.3e-23   5.1e-20   72.1   0.0    37   125   431   521   421   558 0.88 -
DkoeA00011409-RA     -            655 39519at7147          -            270   1.6e-17   64.0   0.4   1   5       7.4   7.2e+03   -3.8   1.1   207   235   194   222   161   252 0.46 -
DkoeA00011409-RA     -            655 39519at7147          -            270   1.6e-17   64.0   0.4   2   5     0.089        87    2.5   0.0     5    54   301   355   298   357 0.77 -
DkoeA00011409-RA     -            655 39519at7147          -            270   1.6e-17   64.0   0.4   3   5   1.6e-20   1.6e-17   64.0   0.4    71   139   354   425   346   436 0.80 -
DkoeA00011409-RA     -            655 39519at7147          -            270   1.6e-17   64.0   0.4   4   5      0.95   9.3e+02   -0.8   1.5     7    32   448   473   446   477 0.85 -
DkoeA00011409-RA     -            655 39519at7147          -            270   1.6e-17   64.0   0.4   5   5      0.78   7.6e+02   -0.6   1.7   203   223   592   612   551   655 0.56 -
DkoeA00014598-RA     -            485 39519at7147          -            270   3.1e-16   59.7   1.2   1   1     5e-19   4.9e-16   59.1   1.2    34   136   151   246   128   270 0.75 -
DkoeA00017937-RA     -            432 39519at7147          -            270   5.2e-09   36.1   0.3   1   2   5.3e-12   5.2e-09   36.1   0.3    70   160   101   191    96   270 0.74 -
DkoeA00017937-RA     -            432 39519at7147          -            270   5.2e-09   36.1   0.3   2   2       4.4   4.3e+03   -3.0   0.2   196   196   359   359   309   397 0.51 -
DkoeA00012477-RA     -            505 39519at7147          -            270   2.3e-06   27.4   0.1   1   1   5.8e-09   5.6e-06   26.1   0.1    81   132    11    56     5    91 0.72 -
DkoeA00012476-RA     -            141 39519at7147          -            270   9.3e-05   22.1   0.1   1   1   1.5e-07   0.00014   21.5   0.0    41    80    92   131    72   140 0.85 -
DkoeA00011261-RA     -            757 39519at7147          -            270       0.2   11.2   3.0   1   2    0.0039       3.8    7.0   0.8     9    34   229   254   223   260 0.89 -
DkoeA00011261-RA     -            757 39519at7147          -            270       0.2   11.2   3.0   2   2     0.045        44    3.5   0.1   172   225   358   414   299   445 0.75 -
#
# Program:         hmmsearch
# Version:         3.1b2 (February 2015)
# Pipeline mode:   SEARCH
# Query file:      /home/nmoreyra/Documents/Genomics/03_orthologs_search/00_Phylogenomics_BUSCO-groups/busco4_odb10/busco_downloads/lineages/diptera_odb10/hmms/39519at7147.hmm
# Target file:     /home/nmoreyra/Documents/Genomics/03_orthologs_search/00_Phylogenomics_BUSCO-groups/busco4_odb10/../00_proteins/DkoeA_proteins.fasta
# Option settings: /home/nmoreyra/Software/miniconda3/envs/busco4/bin/hmmsearch --domtblout /home/nmoreyra/Documents/Genomics/03_orthologs_search/00_Phylogenomics_BUSCO-groups/busco4_odb10/DkoeA_diptera/run_diptera_odb10/hmmer_output/initial_run_results/39519at7147.out --cpu 1 /home/nmoreyra/Documents/Genomics/03_orthologs_search/00_Phylogenomics_BUSCO-groups/busco4_odb10/busco_downloads/lineages/diptera_odb10/hmms/39519at7147.hmm /home/nmoreyra/Documents/Genomics/03_orthologs_search/00_Phylogenomics_BUSCO-groups/busco4_odb10/../00_proteins/DkoeA_proteins.fasta 
# Current dir:     /home/nmoreyra/Documents/Genomics/03_orthologs_search/00_Phylogenomics_BUSCO-groups/busco4_odb10
# Date:            Mon Jan 25 13:57:28 2021
# [ok]
