#                                                                            --- full sequence --- -------------- this domain -------------   hmm coord   ali coord   env coord
# target name        accession   tlen query name           accession   qlen   E-value  score  bias   #  of  c-Evalue  i-Evalue  score  bias  from    to  from    to  from    to  acc description of target
#------------------- ---------- ----- -------------------- ---------- ----- --------- ------ ----- --- --- --------- --------- ------ ----- ----- ----- ----- ----- ----- ----- ---- ---------------------
DkoeA00009004-RA     -            490 42884at7147          -            305  8.2e-149  495.1  27.8   1   3  2.2e-114  7.6e-111  370.5  14.7    10   221    95   313    87   318 0.96 -
DkoeA00009004-RA     -            490 42884at7147          -            305  8.2e-149  495.1  27.8   2   3   2.7e-40   9.4e-37  127.1   2.8   218   293   330   405   326   411 0.97 -
DkoeA00009004-RA     -            490 42884at7147          -            305  8.2e-149  495.1  27.8   3   3    0.0079        28    4.1   0.0   289   305   471   487   467   487 0.91 -
DkoeA00001558-RA     -            488 42884at7147          -            305   3.2e-06   26.9  11.6   1   1   3.5e-09   1.2e-05   25.0  11.6    42   281   201   461   177   472 0.70 -
DkoeA00008890-RA     -            393 42884at7147          -            305   0.00018   21.1  21.6   1   1     1e-07   0.00036   20.2  21.6    15   287    13   301     5   310 0.77 -
DkoeA00014040-RA     -            340 42884at7147          -            305     0.035   13.6   0.1   1   3     1e-05     0.035   13.6   0.1    91   157    97   163    71   195 0.82 -
DkoeA00014040-RA     -            340 42884at7147          -            305     0.035   13.6   0.1   2   3     0.073   2.6e+02    0.9   0.1   159   189   212   242   202   248 0.85 -
DkoeA00014040-RA     -            340 42884at7147          -            305     0.035   13.6   0.1   3   3      0.43   1.5e+03   -1.6   0.4   233   286   256   309   230   318 0.66 -
DkoeA00005022-RA     -            298 42884at7147          -            305      0.27   10.7  14.3   1   1   0.00026      0.92    9.0  14.3    74   280    49   267     8   282 0.69 -
#
# Program:         hmmsearch
# Version:         3.1b2 (February 2015)
# Pipeline mode:   SEARCH
# Query file:      /home/nmoreyra/Documents/Genomics/03_orthologs_search/00_Phylogenomics_BUSCO-groups/busco4_odb10/busco_downloads/lineages/diptera_odb10/hmms/42884at7147.hmm
# Target file:     /home/nmoreyra/Documents/Genomics/03_orthologs_search/00_Phylogenomics_BUSCO-groups/busco4_odb10/../00_proteins/DkoeA_proteins.fasta
# Option settings: /home/nmoreyra/Software/miniconda3/envs/busco4/bin/hmmsearch --domtblout /home/nmoreyra/Documents/Genomics/03_orthologs_search/00_Phylogenomics_BUSCO-groups/busco4_odb10/DkoeA_diptera/run_diptera_odb10/hmmer_output/initial_run_results/42884at7147.out --cpu 1 /home/nmoreyra/Documents/Genomics/03_orthologs_search/00_Phylogenomics_BUSCO-groups/busco4_odb10/busco_downloads/lineages/diptera_odb10/hmms/42884at7147.hmm /home/nmoreyra/Documents/Genomics/03_orthologs_search/00_Phylogenomics_BUSCO-groups/busco4_odb10/../00_proteins/DkoeA_proteins.fasta 
# Current dir:     /home/nmoreyra/Documents/Genomics/03_orthologs_search/00_Phylogenomics_BUSCO-groups/busco4_odb10
# Date:            Mon Jan 25 14:00:16 2021
# [ok]
