#                                                                            --- full sequence --- -------------- this domain -------------   hmm coord   ali coord   env coord
# target name        accession   tlen query name           accession   qlen   E-value  score  bias   #  of  c-Evalue  i-Evalue  score  bias  from    to  from    to  from    to  acc description of target
#------------------- ---------- ----- -------------------- ---------- ----- --------- ------ ----- --- --- --------- --------- ------ ----- ----- ----- ----- ----- ----- ----- ---- ---------------------
DkoeA00004532-RA     -            840 46778at7147          -            279  1.1e-176  585.9   3.7   1   3   2.5e-57   4.5e-55  186.9   0.3    28   224    41   248    30   260 0.89 -
DkoeA00004532-RA     -            840 46778at7147          -            279  1.1e-176  585.9   3.7   2   3   3.5e-63   6.4e-61  206.1   0.0    28   269   268   529   250   539 0.85 -
DkoeA00004532-RA     -            840 46778at7147          -            279  1.1e-176  585.9   3.7   3   3   4.2e-59   7.6e-57  192.7   0.1    29   274   553   818   539   822 0.85 -
DkoeA00006474-RA     -            366 46778at7147          -            279  5.2e-134  445.9   0.1   1   1  7.9e-136  1.4e-133  444.4   0.1     1   279    29   356    29   356 0.89 -
DkoeA00017587-RA     -            413 46778at7147          -            279   2.2e-56  191.2   0.0   1   1   1.7e-58     3e-56  190.8   0.0    30   264    82   335    68   346 0.85 -
DkoeA00008444-RA     -            345 46778at7147          -            279   1.8e-40  139.0   0.2   1   1   1.3e-42   2.4e-40  138.6   0.2    29   269    58   315    49   324 0.84 -
DkoeA00008438-RA     -            373 46778at7147          -            279   1.2e-38  133.0   0.0   1   2   2.4e-05    0.0043   16.4   0.2    31    74    48    91    38    99 0.89 -
DkoeA00008438-RA     -            373 46778at7147          -            279   1.2e-38  133.0   0.0   2   2   3.1e-35   5.5e-33  114.5   0.0    61   264    97   322    92   328 0.80 -
DkoeA00003823-RA     -            309 46778at7147          -            279   3.5e-38  131.5   0.0   1   1   2.6e-40   4.6e-38  131.1   0.0    29   219    11   214     3   224 0.87 -
DkoeA00014852-RA     -            499 46778at7147          -            279   2.3e-20   73.0   0.0   1   2   2.8e-19   5.1e-17   62.1   0.0    27   167     3   146     1   157 0.87 -
DkoeA00014852-RA     -            499 46778at7147          -            279   2.3e-20   73.0   0.0   2   2     0.007       1.3    8.3   0.0   105   226   332   446   294   471 0.70 -
DkoeA00017953-RA     -            530 46778at7147          -            279   1.9e-17   63.5   0.0   1   2   1.3e-14   2.3e-12   46.8   0.0    30   223     5   196     1   209 0.77 -
DkoeA00017953-RA     -            530 46778at7147          -            279   1.9e-17   63.5   0.0   2   2    0.0001     0.018   14.3   0.0    33   152   235   364   228   372 0.79 -
DkoeA00006087-RA     -            252 46778at7147          -            279   2.5e-16   59.8   0.0   1   1   1.8e-18   3.2e-16   59.5   0.0    28   248     7   232     2   242 0.85 -
DkoeA00002018-RA     -            592 46778at7147          -            279   1.9e-15   56.9   0.0   1   1   1.8e-17   3.2e-15   56.2   0.0    30   177    11   162     3   205 0.79 -
DkoeA00006085-RA     -            284 46778at7147          -            279   1.1e-14   54.4   0.0   1   1   7.4e-17   1.3e-14   54.1   0.0     5   220    16   241    12   269 0.82 -
DkoeA00003100-RA     -            854 46778at7147          -            279   2.4e-14   53.3   0.0   1   1   3.3e-16   5.9e-14   52.0   0.0    31   229   564   763   544   776 0.84 -
DkoeA00015543-RA     -            250 46778at7147          -            279   3.3e-14   52.8   0.0   1   1   2.8e-16     5e-14   52.3   0.0    36   172     1   140     1   196 0.78 -
DkoeA00017677-RA     -            243 46778at7147          -            279   4.9e-14   52.3   0.1   1   1   3.5e-16   6.4e-14   51.9   0.1    31   167     7   138     2   185 0.90 -
DkoeA00006086-RA     -            247 46778at7147          -            279   6.1e-14   52.0   0.0   1   1     4e-16   7.3e-14   51.7   0.0    31   221     5   205     1   233 0.81 -
DkoeA00015330-RA     -            648 46778at7147          -            279     2e-13   50.3   0.0   1   1   2.9e-15   5.3e-13   48.9   0.0    32   219   405   591   402   630 0.79 -
DkoeA00014420-RA     -            327 46778at7147          -            279   2.1e-13   50.2   0.1   1   1   1.6e-15   2.8e-13   49.8   0.1    26   229    52   258    41   263 0.82 -
DkoeA00002362-RA     -            256 46778at7147          -            279   2.5e-13   50.0   0.0   1   1   1.6e-15   2.9e-13   49.8   0.0    30   167     7   151     3   246 0.79 -
DkoeA00002479-RA     -            244 46778at7147          -            279   1.2e-12   47.7   0.0   1   1   9.9e-15   1.8e-12   47.2   0.0    36   220     2   191     1   196 0.78 -
DkoeA00011490-RA     -            247 46778at7147          -            279   3.3e-12   46.3   0.1   1   1   2.3e-14   4.1e-12   46.0   0.1    31   225     7   206     1   232 0.78 -
DkoeA00015113-RA     -            260 46778at7147          -            279   7.9e-12   45.0   0.2   1   1   7.3e-14   1.3e-11   44.3   0.1    31   174     3   152     1   202 0.78 -
DkoeA00015191-RA     -           1097 46778at7147          -            279   8.5e-12   44.9   0.0   1   1   9.9e-14   1.8e-11   43.9   0.0    30   220   306   493   290   511 0.86 -
DkoeA00017241-RA     -            326 46778at7147          -            279   8.9e-12   44.9   0.2   1   1   8.8e-14   1.6e-11   44.1   0.2    28   219    49   243    35   253 0.72 -
DkoeA00002388-RA     -            843 46778at7147          -            279   9.4e-12   44.8   0.0   1   1   8.9e-14   1.6e-11   44.0   0.0    32   168    12   152     5   161 0.89 -
DkoeA00002972-RA     -            255 46778at7147          -            279   1.1e-11   44.6   0.3   1   1     7e-14   1.3e-11   44.4   0.3    24   164     3   148     1   239 0.79 -
DkoeA00007984-RA     -           2238 46778at7147          -            279   1.5e-11   44.2   0.0   1   2   3.7e-07   6.7e-05   22.3   0.0    30   162     7   150     3   160 0.79 -
DkoeA00007984-RA     -           2238 46778at7147          -            279   1.5e-11   44.2   0.0   2   2   6.4e-06    0.0012   18.3   0.0    69   163   254   349   207   357 0.75 -
DkoeA00002870-RA     -            286 46778at7147          -            279   1.6e-11   44.0   0.0   1   1   1.2e-13   2.2e-11   43.6   0.0    29   167    39   181    30   206 0.78 -
DkoeA00004144-RA     -            254 46778at7147          -            279   1.9e-11   43.8   0.0   1   1   3.3e-13   5.9e-11   42.2   0.0    28   202    10   177     2   206 0.75 -
DkoeA00013734-RA     -            278 46778at7147          -            279   2.4e-11   43.5   0.0   1   1   1.8e-13   3.2e-11   43.1   0.0    30   164    19   155     4   172 0.86 -
DkoeA00005548-RA     -            249 46778at7147          -            279   3.4e-11   43.0   0.1   1   1   2.6e-13   4.7e-11   42.5   0.1    31   174     7   155     5   175 0.83 -
DkoeA00017812-RA     -            258 46778at7147          -            279   3.5e-11   42.9   0.0   1   1   2.9e-13   5.3e-11   42.3   0.0    31   170     6   146     2   187 0.88 -
DkoeA00003052-RA     -            292 46778at7147          -            279   3.9e-11   42.8   0.1   1   1   4.8e-13   8.7e-11   41.6   0.1    31   223    45   237    28   250 0.79 -
DkoeA00001068-RA     -            257 46778at7147          -            279   4.1e-11   42.7   0.4   1   1   1.6e-12   2.8e-10   40.0   0.4    31   167     5   145     2   215 0.73 -
DkoeA00013687-RA     -            260 46778at7147          -            279   4.1e-11   42.7   0.0   1   1   5.9e-13   1.1e-10   41.3   0.0    32   170     9   148     3   190 0.85 -
DkoeA00002973-RA     -            253 46778at7147          -            279   4.2e-11   42.7   0.0   1   1   3.4e-13   6.1e-11   42.1   0.0    33   170     9   148     3   154 0.90 -
DkoeA00006013-RA     -            331 46778at7147          -            279   4.4e-11   42.6   1.2   1   1   3.8e-13     7e-11   42.0   1.2    25   166    74   218    61   270 0.80 -
DkoeA00005267-RA     -            400 46778at7147          -            279   4.7e-11   42.5   0.2   1   1   3.9e-13   7.1e-11   41.9   0.2    32   176    74   222    67   254 0.83 -
DkoeA00017543-RA     -            250 46778at7147          -            279   5.4e-11   42.3   0.3   1   1   1.1e-12     2e-10   40.4   0.3    31   119     5    97     1   233 0.77 -
DkoeA00005476-RA     -            323 46778at7147          -            279   5.7e-11   42.2   0.0   1   1     4e-13   7.2e-11   41.9   0.0    27   223    56   255    38   287 0.77 -
DkoeA00001067-RA     -            256 46778at7147          -            279   1.1e-10   41.3   0.1   1   1   1.6e-12   2.9e-10   39.9   0.1    31   165     4   142     1   212 0.79 -
DkoeA00016485-RA     -            555 46778at7147          -            279   1.2e-10   41.2   0.0   1   1     3e-12   5.4e-10   39.0   0.0    31   219     5   194     1   202 0.71 -
DkoeA00016675-RA     -            251 46778at7147          -            279   1.6e-10   40.8   0.0   1   1   1.1e-12     2e-10   40.5   0.0    31   226     5   210     1   229 0.78 -
DkoeA00002919-RA     -            256 46778at7147          -            279   2.5e-10   40.1   0.0   1   1   1.8e-12   3.2e-10   39.8   0.0    31   170     4   145     1   157 0.89 -
DkoeA00001069-RA     -            257 46778at7147          -            279   3.4e-10   39.7   1.2   1   1   7.5e-12   1.4e-09   37.7   1.2    31   226     5   199     1   215 0.71 -
DkoeA00012402-RA     -            301 46778at7147          -            279   3.7e-10   39.6   0.1   1   1   3.8e-12   6.9e-10   38.7   0.1    29   246    54   279    43   286 0.69 -
DkoeA00008952-RA     -            329 46778at7147          -            279   4.5e-10   39.3   0.3   1   1   4.1e-12   7.5e-10   38.6   0.3     7   166    58   222    53   272 0.85 -
DkoeA00015242-RA     -            802 46778at7147          -            279     5e-10   39.1   0.0   1   1   4.4e-12   7.9e-10   38.5   0.0    31   178   559   708   553   757 0.76 -
DkoeA00005396-RA     -            361 46778at7147          -            279   5.6e-10   39.0   0.1   1   1   6.7e-12   1.2e-09   37.9   0.0    13   167    82   241    74   263 0.88 -
DkoeA00002491-RA     -            652 46778at7147          -            279     6e-10   38.9   0.0   1   1   5.2e-12   9.4e-10   38.2   0.0    31   165   406   542   398   556 0.90 -
DkoeA00010872-RA     -            250 46778at7147          -            279   6.7e-10   38.7   0.0   1   1   4.7e-12   8.5e-10   38.4   0.0    32   223     6   207     1   219 0.74 -
DkoeA00013532-RA     -            283 46778at7147          -            279   7.1e-10   38.7   0.0   1   1   5.3e-12   9.6e-10   38.2   0.0    32   172    37   186    23   199 0.78 -
DkoeA00002547-RA     -            247 46778at7147          -            279   1.3e-09   37.7   0.0   1   1   1.1e-11     2e-09   37.2   0.0    31   219     4   191     1   200 0.80 -
DkoeA00002578-RA     -            292 46778at7147          -            279   1.3e-09   37.7   0.0   1   1     1e-11   1.9e-09   37.3   0.0    33   150    15   137    11   150 0.86 -
DkoeA00014837-RA     -            499 46778at7147          -            279   1.5e-09   37.5   0.0   1   1   3.2e-11   5.9e-09   35.6   0.0    27   152   246   376   228   448 0.79 -
DkoeA00005951-RA     -            249 46778at7147          -            279   1.7e-09   37.4   0.0   1   1   1.2e-11   2.2e-09   37.1   0.0    31   226     5   209     1   236 0.73 -
DkoeA00014939-RA     -            477 46778at7147          -            279   3.7e-09   36.3   0.2   1   1   3.1e-11   5.6e-09   35.7   0.2    30   222     4   196     1   202 0.78 -
DkoeA00017945-RA     -            254 46778at7147          -            279     4e-09   36.2   0.0   1   1   2.8e-11   5.1e-09   35.8   0.0    32   166     5   141     1   195 0.87 -
DkoeA00009634-RA     -            258 46778at7147          -            279   6.5e-09   35.5   0.0   1   1   4.7e-11   8.4e-09   35.1   0.0    29   228    10   219     2   244 0.78 -
DkoeA00016842-RA     -            247 46778at7147          -            279   6.5e-09   35.5   0.0   1   1   5.2e-11   9.3e-09   35.0   0.0    36   219     5   206     2   222 0.73 -
DkoeA00017232-RA     -            332 46778at7147          -            279   8.2e-09   35.2   0.0   1   1   6.6e-11   1.2e-08   34.6   0.0    26   164    21   170    12   176 0.79 -
DkoeA00001996-RA     -            343 46778at7147          -            279   9.4e-09   35.0   0.2   1   1   7.3e-11   1.3e-08   34.5   0.2    32   182    35   194    24   209 0.74 -
DkoeA00004449-RA     -            278 46778at7147          -            279   1.6e-08   34.2   0.0   1   1   1.2e-09   2.1e-07   30.5   0.0    27   225    18   235     3   262 0.69 -
DkoeA00007117-RA     -            261 46778at7147          -            279     5e-08   32.6   1.7   1   1   2.8e-10     5e-08   32.6   1.7    32   117     5    94     1   141 0.85 -
DkoeA00012544-RA     -            414 46778at7147          -            279   1.1e-07   31.4   0.0   1   1   9.6e-10   1.7e-07   30.8   0.0    29   163     6   151     1   159 0.81 -
DkoeA00014126-RA     -            414 46778at7147          -            279   1.1e-07   31.4   0.0   1   1   9.6e-10   1.7e-07   30.8   0.0    29   163     6   151     1   159 0.81 -
DkoeA00013543-RA     -            251 46778at7147          -            279     2e-07   30.6   0.0   1   1   3.9e-09   7.1e-07   28.8   0.0    32   219     3   193     1   213 0.69 -
DkoeA00004063-RA     -            484 46778at7147          -            279   2.4e-07   30.3   0.0   1   1   2.1e-09   3.7e-07   29.7   0.0    29   166     6   154     2   160 0.81 -
DkoeA00018498-RA     -            255 46778at7147          -            279   3.2e-07   29.9   0.1   1   1   2.5e-09   4.5e-07   29.4   0.1    32   172     4   157     2   201 0.79 -
DkoeA00003131-RA     -            245 46778at7147          -            279   5.3e-07   29.2   0.0   1   1   6.8e-09   1.2e-06   28.0   0.0    33   166     6   142     2   206 0.78 -
DkoeA00012510-RA     -            357 46778at7147          -            279   6.1e-07   29.0   0.0   1   1   4.9e-09   8.8e-07   28.5   0.0    31   161    87   222    78   231 0.77 -
DkoeA00016264-RA     -            249 46778at7147          -            279   1.2e-06   28.0   0.0   1   1   8.4e-09   1.5e-06   27.7   0.0    30   154     5   131     1   160 0.79 -
DkoeA00005617-RA     -            596 46778at7147          -            279   1.3e-06   27.9   0.1   1   1   1.2e-08   2.1e-06   27.2   0.1    31   165    10   154     4   172 0.78 -
DkoeA00016198-RA     -            233 46778at7147          -            279   2.9e-06   26.8   0.0   1   1   1.8e-08   3.2e-06   26.7   0.0    46   167     3   129     1   178 0.79 -
DkoeA00002746-RA     -            571 46778at7147          -            279   3.6e-06   26.5   0.0   1   1   3.1e-08   5.6e-06   25.9   0.0    31   168   324   459   314   473 0.85 -
DkoeA00016267-RA     -            284 46778at7147          -            279   3.6e-06   26.5   0.0   1   1   3.6e-08   6.5e-06   25.7   0.0    32   164     8   140     3   147 0.86 -
DkoeA00003293-RA     -            305 46778at7147          -            279   5.8e-06   25.8   0.1   1   1   9.9e-08   1.8e-05   24.2   0.1    31   172     7   161     3   178 0.72 -
DkoeA00014855-RA     -            262 46778at7147          -            279   9.2e-06   25.1   0.0   1   1   7.3e-08   1.3e-05   24.6   0.0    67   217    46   193     4   204 0.84 -
DkoeA00003487-RA     -            232 46778at7147          -            279     1e-05   25.0   0.0   1   1   8.6e-08   1.6e-05   24.4   0.0    84   175    40   143    21   181 0.79 -
DkoeA00015132-RA     -            246 46778at7147          -            279   1.3e-05   24.7   0.0   1   1   8.8e-08   1.6e-05   24.4   0.0    33   178     4   157     1   189 0.79 -
DkoeA00003709-RA     -            478 46778at7147          -            279   2.8e-05   23.6   0.0   1   1   2.5e-07   4.5e-05   22.9   0.0    31   175   240   385   213   401 0.80 -
DkoeA00017820-RA     -            420 46778at7147          -            279   5.2e-05   22.7   0.0   1   2   1.4e-05    0.0025   17.2   0.0    35   141   170   276   158   278 0.81 -
DkoeA00017820-RA     -            420 46778at7147          -            279   5.2e-05   22.7   0.0   2   2      0.23        41    3.3   0.0   165   218   285   344   281   348 0.73 -
DkoeA00013691-RA     -            525 46778at7147          -            279   8.5e-05   22.0   0.0   1   1     1e-06   0.00019   20.8   0.0    31   151   293   423   281   434 0.81 -
DkoeA00016770-RA     -            257 46778at7147          -            279   0.00015   21.1   2.5   1   1   1.4e-06   0.00025   20.4   2.5    28   165     2   140     1   143 0.82 -
DkoeA00015546-RA     -            246 46778at7147          -            279   0.00022   20.6   0.0   1   1   1.4e-06   0.00026   20.4   0.0    45   117     2    74     1   126 0.79 -
DkoeA00005772-RA     -            320 46778at7147          -            279   0.00022   20.6   0.1   1   1   1.8e-06   0.00033   20.1   0.1    30   224    49   247    24   262 0.75 -
DkoeA00012509-RA     -            315 46778at7147          -            279    0.0004   19.8   0.0   1   1   3.9e-06    0.0007   19.0   0.0    29   119    49   143    33   187 0.81 -
DkoeA00003166-RA     -            264 46778at7147          -            279   0.00051   19.4   0.0   1   1   3.9e-06    0.0007   19.0   0.0    31   164     6   141     2   161 0.80 -
DkoeA00015906-RA     -            440 46778at7147          -            279   0.00059   19.2   0.0   1   1   4.4e-06    0.0008   18.8   0.0    31   154   196   326   175   362 0.82 -
DkoeA00008310-RA     -            254 46778at7147          -            279   0.00076   18.9   0.2   1   1   2.6e-05    0.0046   16.3   0.2    35   221     8   190     2   214 0.67 -
DkoeA00002574-RA     -            274 46778at7147          -            279    0.0011   18.3   0.0   1   1   1.1e-05    0.0019   17.5   0.0    32   170     5   154     1   168 0.75 -
DkoeA00003879-RA     -            245 46778at7147          -            279     0.002   17.5   0.0   1   1   2.8e-05    0.0051   16.2   0.0    33   166     5   144     2   216 0.76 -
DkoeA00007112-RA     -            257 46778at7147          -            279    0.0031   16.9   0.1   1   1   1.8e-05    0.0033   16.8   0.1    32   164     5   137     1   214 0.78 -
DkoeA00008308-RA     -            236 46778at7147          -            279    0.0056   16.0   0.0   1   1   0.00011      0.02   14.2   0.0    80   221    39   172    16   214 0.73 -
DkoeA00008309-RA     -            254 46778at7147          -            279    0.0064   15.8   0.3   1   1    0.0002     0.035   13.4   0.3    39   221    12   190     2   214 0.62 -
DkoeA00009700-RA     -            278 46778at7147          -            279    0.0081   15.5   0.1   1   1   6.9e-05     0.013   14.9   0.1    32   115     3    95     1   130 0.84 -
DkoeA00002347-RA     -            303 46778at7147          -            279     0.019   14.3   0.0   1   1   0.00016     0.028   13.7   0.0    31   166     8   153     3   170 0.72 -
DkoeA00015133-RA     -            509 46778at7147          -            279     0.027   13.8   0.0   1   1   0.00024     0.043   13.1   0.0    27   150   169   298   158   315 0.74 -
#
# Program:         hmmsearch
# Version:         3.1b2 (February 2015)
# Pipeline mode:   SEARCH
# Query file:      /home/nmoreyra/Documents/Genomics/03_orthologs_search/00_Phylogenomics_BUSCO-groups/busco4_odb10/busco_downloads/lineages/diptera_odb10/hmms/46778at7147.hmm
# Target file:     /home/nmoreyra/Documents/Genomics/03_orthologs_search/00_Phylogenomics_BUSCO-groups/busco4_odb10/../00_proteins/DkoeA_proteins.fasta
# Option settings: /home/nmoreyra/Software/miniconda3/envs/busco4/bin/hmmsearch --domtblout /home/nmoreyra/Documents/Genomics/03_orthologs_search/00_Phylogenomics_BUSCO-groups/busco4_odb10/DkoeA_diptera/run_diptera_odb10/hmmer_output/initial_run_results/46778at7147.out --cpu 1 /home/nmoreyra/Documents/Genomics/03_orthologs_search/00_Phylogenomics_BUSCO-groups/busco4_odb10/busco_downloads/lineages/diptera_odb10/hmms/46778at7147.hmm /home/nmoreyra/Documents/Genomics/03_orthologs_search/00_Phylogenomics_BUSCO-groups/busco4_odb10/../00_proteins/DkoeA_proteins.fasta 
# Current dir:     /home/nmoreyra/Documents/Genomics/03_orthologs_search/00_Phylogenomics_BUSCO-groups/busco4_odb10
# Date:            Mon Jan 25 14:00:44 2021
# [ok]
