#                                                                            --- full sequence --- -------------- this domain -------------   hmm coord   ali coord   env coord
# target name        accession   tlen query name           accession   qlen   E-value  score  bias   #  of  c-Evalue  i-Evalue  score  bias  from    to  from    to  from    to  acc description of target
#------------------- ---------- ----- -------------------- ---------- ----- --------- ------ ----- --- --- --------- --------- ------ ----- ----- ----- ----- ----- ----- ----- ---- ---------------------
DkoeA00009509-RA     -            263 47597at7147          -            221  2.5e-123  409.8   0.2   1   1  5.9e-126  2.9e-123  409.6   0.2     1   220    38   262    38   263 0.98 -
DkoeA00001047-RA     -            249 47597at7147          -            221   1.8e-39  135.6   0.0   1   1     5e-42   2.4e-39  135.2   0.0     1   220    23   246    23   247 0.95 -
DkoeA00009508-RA     -            257 47597at7147          -            221     3e-39  134.9   0.1   1   1   7.2e-42   3.5e-39  134.7   0.1     1   214    30   246    30   252 0.90 -
DkoeA00001048-RA     -            247 47597at7147          -            221   1.8e-33  116.0   0.1   1   1   4.6e-36   2.2e-33  115.7   0.1     1   209    24   238    24   246 0.90 -
DkoeA00001046-RA     -            244 47597at7147          -            221   1.5e-32  113.0   0.0   1   1   3.5e-35   1.7e-32  112.8   0.0     1   218    23   240    23   243 0.96 -
DkoeA00000990-RA     -            273 47597at7147          -            221   2.1e-31  109.2   0.7   1   1   5.1e-34   2.5e-31  109.0   0.7     1   220    29   253    29   254 0.93 -
DkoeA00014678-RA     -            276 47597at7147          -            221   6.6e-31  107.6   0.0   1   1   1.6e-33   7.6e-31  107.4   0.0     1   220    32   258    32   259 0.93 -
DkoeA00014675-RA     -            273 47597at7147          -            221   6.3e-30  104.4   0.0   1   1   1.5e-32   7.3e-30  104.2   0.0     1   220    29   255    29   256 0.91 -
DkoeA00013109-RA     -            253 47597at7147          -            221   6.2e-29  101.2   0.0   1   1   1.5e-31   7.5e-29  100.9   0.0    32   215    55   245    28   251 0.87 -
DkoeA00014679-RA     -            261 47597at7147          -            221   6.6e-28   97.8   0.1   1   1   1.6e-30   7.6e-28   97.6   0.1     1   220    32   257    32   258 0.93 -
DkoeA00013107-RA     -            238 47597at7147          -            221   7.3e-28   97.7   0.8   1   1   1.9e-30   9.4e-28   97.3   0.8    12   216    19   231    11   235 0.83 -
DkoeA00013108-RA     -            245 47597at7147          -            221   1.2e-27   96.9   0.1   1   1   3.4e-30   1.7e-27   96.5   0.1    13   216    30   239    23   243 0.88 -
DkoeA00009473-RA     -            653 47597at7147          -            221   1.2e-21   77.3   0.9   1   2   5.2e-24   2.5e-21   76.3   0.4     4   193    34   225    31   233 0.88 -
DkoeA00009473-RA     -            653 47597at7147          -            221   1.2e-21   77.3   0.9   2   2       9.2   4.5e+03   -3.0   0.0    87   146   581   645   576   648 0.67 -
DkoeA00012556-RA     -            333 47597at7147          -            221   3.2e-21   75.9   0.0   1   1   8.4e-24   4.1e-21   75.6   0.0     4   212    31   241    28   246 0.90 -
DkoeA00010940-RA     -            463 47597at7147          -            221   1.2e-19   70.8   0.2   1   2   5.4e-08   2.6e-05   23.9   0.0     6   193    25   221    21   230 0.81 -
DkoeA00010940-RA     -            463 47597at7147          -            221   1.2e-19   70.8   0.2   2   2   2.3e-14   1.1e-11   44.7   0.5     9   215   234   448   224   454 0.88 -
DkoeA00008247-RA     -            268 47597at7147          -            221   5.4e-15   55.6   0.0   1   1   1.3e-17   6.4e-15   55.3   0.0     3   220    44   265    42   266 0.88 -
DkoeA00008249-RA     -            254 47597at7147          -            221   5.9e-15   55.5   0.1   1   1   1.4e-17   6.8e-15   55.2   0.1     4   219    31   250    28   252 0.87 -
DkoeA00008735-RA     -            257 47597at7147          -            221   9.4e-15   54.8   0.0   1   1   2.8e-17   1.4e-14   54.3   0.0     9   217    32   251    27   255 0.83 -
DkoeA00007570-RA     -            256 47597at7147          -            221   2.3e-14   53.5   0.1   1   1   5.9e-17   2.9e-14   53.2   0.1    13   217    37   247    28   252 0.89 -
DkoeA00001025-RA     -            266 47597at7147          -            221   1.4e-13   51.0   0.0   1   1   3.7e-16   1.8e-13   50.6   0.0     6   220    49   265    44   266 0.85 -
DkoeA00008250-RA     -            281 47597at7147          -            221   4.7e-12   46.0   0.0   1   1   1.2e-14   6.1e-12   45.6   0.0     4   217    57   276    55   280 0.89 -
DkoeA00008248-RA     -            255 47597at7147          -            221   5.6e-10   39.2   0.1   1   1   1.3e-12   6.2e-10   39.0   0.1     3   165    30   197    28   251 0.82 -
DkoeA00010124-RA     -            254 47597at7147          -            221   1.3e-09   38.0   0.1   1   1   3.3e-12   1.6e-09   37.7   0.1    20   190    33   203    21   228 0.81 -
DkoeA00013414-RA     -            254 47597at7147          -            221   1.3e-09   38.0   0.1   1   1   3.3e-12   1.6e-09   37.7   0.1    20   190    33   203    21   228 0.81 -
DkoeA00010058-RA     -            256 47597at7147          -            221     1e-07   31.8   0.1   1   1   3.2e-10   1.5e-07   31.2   0.1    12   190    24   203    15   233 0.79 -
DkoeA00014680-RA     -            164 47597at7147          -            221   1.1e-07   31.7   0.0   1   1   2.9e-10   1.4e-07   31.3   0.0     1   108    42   153    42   161 0.88 -
DkoeA00010059-RA     -            256 47597at7147          -            221   1.5e-07   31.2   0.0   1   1     5e-10   2.4e-07   30.6   0.0    12   197    24   210    15   233 0.80 -
DkoeA00012209-RA     -            245 47597at7147          -            221   1.7e-07   31.0   1.8   1   1   4.3e-10   2.1e-07   30.7   1.8    21   191    39   210    22   236 0.80 -
DkoeA00012208-RA     -            257 47597at7147          -            221   1.1e-06   28.4   0.6   1   1     3e-09   1.5e-06   28.0   0.6    20   200    34   218    23   235 0.82 -
DkoeA00010055-RA     -            259 47597at7147          -            221   0.00013   21.7   0.1   1   1   3.3e-07   0.00016   21.3   0.1    27   121    42   138    27   239 0.71 -
DkoeA00010057-RA     -            258 47597at7147          -            221   0.00013   21.6   0.1   1   1   3.3e-07   0.00016   21.3   0.1    27   159    41   179    25   240 0.71 -
DkoeA00010056-RA     -            258 47597at7147          -            221   0.00013   21.6   0.1   1   1     4e-07   0.00019   21.1   0.1    27   118    41   134    26   237 0.72 -
DkoeA00010053-RA     -            258 47597at7147          -            221   0.00021   21.0   0.1   1   1   5.7e-07   0.00028   20.5   0.1    27   118    41   134    25   238 0.72 -
DkoeA00010054-RA     -            258 47597at7147          -            221   0.00025   20.7   0.1   1   1   6.1e-07    0.0003   20.5   0.1    27   112    41   126    22   251 0.78 -
DkoeA00012206-RA     -            302 47597at7147          -            221     0.048   13.2   1.5   1   1   0.00018     0.088   12.4   1.5    18   201    64   255    61   269 0.69 -
DkoeA00012205-RA     -            251 47597at7147          -            221       0.1   12.2   0.0   1   1   0.00032      0.15   11.6   0.0    17   103    28   114    21   233 0.90 -
#
# Program:         hmmsearch
# Version:         3.1b2 (February 2015)
# Pipeline mode:   SEARCH
# Query file:      /home/nmoreyra/Documents/Genomics/03_orthologs_search/00_Phylogenomics_BUSCO-groups/busco4_odb10/busco_downloads/lineages/diptera_odb10/hmms/47597at7147.hmm
# Target file:     /home/nmoreyra/Documents/Genomics/03_orthologs_search/00_Phylogenomics_BUSCO-groups/busco4_odb10/../00_proteins/DkoeA_proteins.fasta
# Option settings: /home/nmoreyra/Software/miniconda3/envs/busco4/bin/hmmsearch --domtblout /home/nmoreyra/Documents/Genomics/03_orthologs_search/00_Phylogenomics_BUSCO-groups/busco4_odb10/DkoeA_diptera/run_diptera_odb10/hmmer_output/initial_run_results/47597at7147.out --cpu 1 /home/nmoreyra/Documents/Genomics/03_orthologs_search/00_Phylogenomics_BUSCO-groups/busco4_odb10/busco_downloads/lineages/diptera_odb10/hmms/47597at7147.hmm /home/nmoreyra/Documents/Genomics/03_orthologs_search/00_Phylogenomics_BUSCO-groups/busco4_odb10/../00_proteins/DkoeA_proteins.fasta 
# Current dir:     /home/nmoreyra/Documents/Genomics/03_orthologs_search/00_Phylogenomics_BUSCO-groups/busco4_odb10
# Date:            Mon Jan 25 13:58:48 2021
# [ok]
