#                                                                            --- full sequence --- -------------- this domain -------------   hmm coord   ali coord   env coord
# target name        accession   tlen query name           accession   qlen   E-value  score  bias   #  of  c-Evalue  i-Evalue  score  bias  from    to  from    to  from    to  acc description of target
#------------------- ---------- ----- -------------------- ---------- ----- --------- ------ ----- --- --- --------- --------- ------ ----- ----- ----- ----- ----- ----- ----- ---- ---------------------
DkoeA00001225-RA     -            702 47874at7147          -            373  1.4e-191  636.7  24.0   1   1  1.4e-193  3.5e-191  635.3  24.0     2   370   142   591   141   594 0.92 -
DkoeA00012006-RA     -            391 47874at7147          -            373   4.8e-21   75.5   5.8   1   2     2e-21     5e-19   68.8   0.6   134   203    62   132    49   136 0.88 -
DkoeA00012006-RA     -            391 47874at7147          -            373   4.8e-21   75.5   5.8   2   2    0.0037      0.92    8.7   0.5   319   342   350   373   302   377 0.86 -
DkoeA00006349-RA     -            216 47874at7147          -            373   3.9e-17   62.6   5.4   1   1   2.5e-19   6.2e-17   61.9   5.4   131   206    97   173     7   178 0.85 -
DkoeA00008163-RA     -            621 47874at7147          -            373   1.3e-16   60.9   7.3   1   2   5.2e-19   1.3e-16   60.9   7.3   141   203    66   129    51   134 0.92 -
DkoeA00008163-RA     -            621 47874at7147          -            373   1.3e-16   60.9   7.3   2   2       1.2   3.1e+02    0.4   0.7   328   346   437   455   399   468 0.76 -
DkoeA00005881-RA     -            280 47874at7147          -            373   1.7e-16   60.5   3.2   1   1   6.7e-19   1.7e-16   60.5   3.2   141   205    21    86    16    91 0.92 -
DkoeA00011358-RA     -            599 47874at7147          -            373   1.2e-15   57.7   0.5   1   1   4.7e-18   1.2e-15   57.7   0.5   101   204   328   432   310   437 0.81 -
DkoeA00011976-RA     -            391 47874at7147          -            373   1.7e-15   57.2   4.5   1   2   6.8e-18   1.7e-15   57.2   4.5   140   203     6    70     1    74 0.92 -
DkoeA00011976-RA     -            391 47874at7147          -            373   1.7e-15   57.2   4.5   2   2       6.3   1.6e+03   -1.9   0.4    34    50   270   286   240   300 0.54 -
DkoeA00004433-RA     -            663 47874at7147          -            373   2.5e-15   56.7   0.1   1   1   9.8e-18   2.5e-15   56.7   0.1   143   261   488   610   451   624 0.78 -
DkoeA00011357-RA     -            626 47874at7147          -            373   3.1e-15   56.3   0.1   1   1   1.2e-17   3.1e-15   56.3   0.1   127   204   310   388   270   392 0.86 -
DkoeA00012916-RA     -            636 47874at7147          -            373   3.9e-15   56.0   2.3   1   2   1.6e-17   3.9e-15   56.0   2.3   131   202   316   388   302   399 0.86 -
DkoeA00012916-RA     -            636 47874at7147          -            373   3.9e-15   56.0   2.3   2   2     0.039       9.9    5.3   1.0    89   150   564   624   486   631 0.53 -
DkoeA00012576-RA     -            306 47874at7147          -            373   5.3e-15   55.6   0.7   1   1   2.1e-17   5.3e-15   55.6   0.7   130   201    10    82     2    86 0.86 -
DkoeA00012817-RA     -            666 47874at7147          -            373   6.7e-15   55.2   0.5   1   1   2.7e-17   6.7e-15   55.2   0.5   139   203   226   291   219   299 0.90 -
DkoeA00016115-RA     -            611 47874at7147          -            373   1.6e-14   54.0   4.9   1   1   6.4e-17   1.6e-14   54.0   4.9   107   202   166   262   153   274 0.86 -
DkoeA00011975-RA     -            542 47874at7147          -            373   6.1e-14   52.1   6.4   1   2       7.1   1.8e+03   -2.1   2.1     7    46   337   376   331   398 0.56 -
DkoeA00011975-RA     -            542 47874at7147          -            373   6.1e-14   52.1   6.4   2   2   2.4e-16   6.1e-14   52.1   6.4   142   205   399   463   391   468 0.93 -
DkoeA00017778-RA     -            635 47874at7147          -            373   1.6e-13   50.7   0.2   1   3       5.9   1.5e+03   -1.9   0.7    20    39   132   151   110   171 0.46 -
DkoeA00017778-RA     -            635 47874at7147          -            373   1.6e-13   50.7   0.2   2   3   6.3e-16   1.6e-13   50.7   0.2   136   204   300   369   285   373 0.91 -
DkoeA00017778-RA     -            635 47874at7147          -            373   1.6e-13   50.7   0.2   3   3       6.5   1.6e+03   -2.0   0.6    42    68   587   613   551   624 0.57 -
DkoeA00012573-RA     -            436 47874at7147          -            373   2.5e-13   50.0   2.4   1   2     1e-15   2.5e-13   50.0   2.4   129   201   176   249   168   257 0.84 -
DkoeA00012573-RA     -            436 47874at7147          -            373   2.5e-13   50.0   2.4   2   2       2.2   5.5e+02   -0.4   2.1   282   331   378   427   373   431 0.77 -
DkoeA00011725-RA     -            428 47874at7147          -            373   2.7e-13   49.9  14.2   1   3       3.8   9.6e+02   -1.2   0.6    17    55   137   184   125   201 0.54 -
DkoeA00011725-RA     -            428 47874at7147          -            373   2.7e-13   49.9  14.2   2   3   4.3e-15   1.1e-12   48.0   2.3   141   207   204   270   185   275 0.86 -
DkoeA00011725-RA     -            428 47874at7147          -            373   2.7e-13   49.9  14.2   3   3    0.0019      0.49    9.6   0.3   316   344   392   420   311   425 0.75 -
DkoeA00007498-RA     -            341 47874at7147          -            373     3e-13   49.8   1.2   1   1   1.2e-15     3e-13   49.8   1.2   140   204   185   250   175   253 0.90 -
DkoeA00015842-RA     -            755 47874at7147          -            373   2.1e-12   47.0   2.3   1   2   8.4e-15   2.1e-12   47.0   2.3   140   219   193   272   186   276 0.83 -
DkoeA00015842-RA     -            755 47874at7147          -            373   2.1e-12   47.0   2.3   2   2       2.3   5.7e+02   -0.5   7.8   134   173   706   745   678   752 0.55 -
DkoeA00014566-RA     -            331 47874at7147          -            373   2.5e-12   46.7   4.4   1   2     1e-14   2.5e-12   46.7   4.4   135   203    41   110    20   118 0.79 -
DkoeA00014566-RA     -            331 47874at7147          -            373   2.5e-12   46.7   4.4   2   2       7.4   1.9e+03   -2.2   2.8   278   317   212   256   207   306 0.72 -
DkoeA00007797-RA     -            413 47874at7147          -            373   6.9e-12   45.3  31.2   1   2   2.7e-14   6.9e-12   45.3  31.2    36   206    56   228    36   234 0.64 -
DkoeA00007797-RA     -            413 47874at7147          -            373   6.9e-12   45.3  31.2   2   2      0.72   1.8e+02    1.2   3.8    11    61   304   356   296   402 0.77 -
DkoeA00000182-RA     -            161 47874at7147          -            373   7.1e-12   45.3   1.3   1   1   2.8e-14   7.1e-12   45.3   1.3   129   209    24   106    17   115 0.79 -
DkoeA00010828-RA     -            747 47874at7147          -            373   9.3e-11   41.6   0.5   1   2         4     1e+03   -1.3   5.9    60   143   176   261   146   270 0.56 -
DkoeA00010828-RA     -            747 47874at7147          -            373   9.3e-11   41.6   0.5   2   2   3.7e-13   9.3e-11   41.6   0.5   131   202   421   493   412   510 0.83 -
DkoeA00012861-RA     -            765 47874at7147          -            373   1.5e-10   40.9   7.5   1   1     6e-13   1.5e-10   40.9   7.5    32   209   398   579   366   588 0.68 -
DkoeA00010829-RA     -            642 47874at7147          -            373     3e-10   39.9   0.2   1   2       1.7   4.3e+02   -0.1  12.6   139   204    84   148    73   153 0.67 -
DkoeA00010829-RA     -            642 47874at7147          -            373     3e-10   39.9   0.2   2   2   1.2e-12     3e-10   39.9   0.2   141   202   380   442   354   481 0.87 -
DkoeA00001535-RA     -            137 47874at7147          -            373   5.1e-10   39.1   0.5   1   1   2.4e-12   5.9e-10   38.9   0.5   137   207    36   107    13   125 0.81 -
DkoeA00006941-RA     -            388 47874at7147          -            373   8.6e-10   38.4   0.1   1   1   3.4e-12   8.6e-10   38.4   0.1   139   205    88   155    53   174 0.85 -
DkoeA00001769-RA     -            336 47874at7147          -            373   1.8e-09   37.4   6.7   1   1   7.1e-12   1.8e-09   37.4   6.7   137   211   146   221   134   237 0.84 -
DkoeA00012422-RA     -            132 47874at7147          -            373   2.1e-09   37.2   3.3   1   1     9e-12   2.2e-09   37.0   3.3   138   209    28   100    11   125 0.83 -
DkoeA00005083-RA     -            269 47874at7147          -            373   3.1e-09   36.6  17.0   1   1   1.2e-11   3.1e-09   36.6  17.0    35   204    15   193     4   197 0.59 -
DkoeA00015794-RA     -            303 47874at7147          -            373   5.9e-09   35.7   0.0   1   1   5.7e-11   1.4e-08   34.4   0.0    82   200   156   277   120   286 0.73 -
DkoeA00010182-RA     -            227 47874at7147          -            373   7.1e-09   35.4   3.7   1   1     5e-11   1.2e-08   34.6   3.7   141   207    18    86    13    91 0.85 -
DkoeA00014497-RA     -            227 47874at7147          -            373   7.1e-09   35.4   3.7   1   1     5e-11   1.2e-08   34.6   3.7   141   207    18    86    13    91 0.85 -
DkoeA00012378-RA     -            556 47874at7147          -            373   8.5e-09   35.1   5.7   1   1   3.4e-11   8.5e-09   35.1   5.7   143   208   467   533   460   545 0.88 -
DkoeA00012859-RA     -            726 47874at7147          -            373   1.2e-08   34.7   1.5   1   2       4.2     1e+03   -1.4   3.8    35   144    40   155    12   161 0.40 -
DkoeA00012859-RA     -            726 47874at7147          -            373   1.2e-08   34.7   1.5   2   2   4.7e-11   1.2e-08   34.7   1.5   142   202   610   671   468   677 0.78 -
DkoeA00017779-RA     -            450 47874at7147          -            373   1.3e-08   34.6   2.3   1   2   0.00016     0.041   13.1   0.1   136   196    81   140    47   164 0.66 -
DkoeA00017779-RA     -            450 47874at7147          -            373   1.3e-08   34.6   2.3   2   2   6.8e-07   0.00017   21.0   0.3   187   203   264   280   221   285 0.86 -
DkoeA00016796-RA     -            766 47874at7147          -            373   1.3e-08   34.5   1.4   1   3   5.3e-11   1.3e-08   34.5   1.4   131   203   359   429   344   436 0.77 -
DkoeA00016796-RA     -            766 47874at7147          -            373   1.3e-08   34.5   1.4   2   3       8.3   2.1e+03   -2.3   1.8   287   311   465   491   438   509 0.77 -
DkoeA00016796-RA     -            766 47874at7147          -            373   1.3e-08   34.5   1.4   3   3       8.9   2.2e+03   -2.4   0.3   343   361   553   571   514   584 0.65 -
DkoeA00010178-RA     -            155 47874at7147          -            373   5.7e-08   32.4   8.3   1   1   2.3e-10   5.7e-08   32.4   8.3   131   203    61   134    17   138 0.86 -
DkoeA00012417-RA     -            182 47874at7147          -            373   6.1e-08   32.3   2.9   1   1   3.2e-10     8e-08   31.9   2.9   115   201    12   104     2   117 0.75 -
DkoeA00007965-RA     -            125 47874at7147          -            373   6.1e-08   32.3   1.5   1   1   2.9e-10   7.2e-08   32.1   1.5   140   200    19    80     2    87 0.82 -
DkoeA00007800-RA     -            655 47874at7147          -            373   9.4e-08   31.7   0.9   1   2      0.29        72    2.5   3.4    17   131    27   144    10   169 0.44 -
DkoeA00007800-RA     -            655 47874at7147          -            373   9.4e-08   31.7   0.9   2   2   3.7e-10   9.4e-08   31.7   0.9   111   191   548   629   531   633 0.77 -
DkoeA00010192-RA     -            297 47874at7147          -            373   9.8e-08   31.6   0.6   1   2   3.9e-10   9.8e-08   31.6   0.6   128   208    34   115     6   122 0.82 -
DkoeA00010192-RA     -            297 47874at7147          -            373   9.8e-08   31.6   0.6   2   2       5.6   1.4e+03   -1.8   0.8    34    58   239   270   207   286 0.46 -
DkoeA00014487-RA     -            311 47874at7147          -            373     1e-07   31.6   0.6   1   2   4.2e-10     1e-07   31.6   0.6   128   208    34   115     7   122 0.82 -
DkoeA00014487-RA     -            311 47874at7147          -            373     1e-07   31.6   0.6   2   2         6   1.5e+03   -1.9   0.8    34    57   253   283   221   300 0.46 -
DkoeA00016809-RA     -            504 47874at7147          -            373   1.5e-07   31.1  14.0   1   2       6.9   1.7e+03   -2.1   3.3   128   165    43    80    29    92 0.43 -
DkoeA00016809-RA     -            504 47874at7147          -            373   1.5e-07   31.1  14.0   2   2   5.8e-10   1.5e-07   31.1  14.0    96   200   284   397   169   402 0.59 -
DkoeA00016622-RA     -            285 47874at7147          -            373   2.6e-07   30.3   5.3   1   2     1e-09   2.6e-07   30.3   5.3   137   203   141   208   132   224 0.86 -
DkoeA00016622-RA     -            285 47874at7147          -            373   2.6e-07   30.3   5.3   2   2       2.8     7e+02   -0.8   3.5   265   313   225   271   217   283 0.77 -
DkoeA00014233-RA     -            221 47874at7147          -            373   3.3e-07   29.9   4.9   1   2   1.3e-09   3.3e-07   29.9   4.9   145   204    84   144    75   155 0.87 -
DkoeA00014233-RA     -            221 47874at7147          -            373   3.3e-07   29.9   4.9   2   2       2.9   7.3e+02   -0.8   5.3   137   179   167   210   147   219 0.48 -
DkoeA00012415-RA     -            379 47874at7147          -            373   3.8e-07   29.7   2.6   1   1   1.5e-09   3.8e-07   29.7   2.6   142   212   172   243   160   248 0.85 -
DkoeA00010190-RA     -            331 47874at7147          -            373   4.7e-07   29.4   2.8   1   2   1.9e-09   4.7e-07   29.4   2.8   139   200    84   146    68   161 0.84 -
DkoeA00010190-RA     -            331 47874at7147          -            373   4.7e-07   29.4   2.8   2   2       3.7   9.4e+02   -1.2   2.2    12    53   264   303   253   325 0.57 -
DkoeA00014489-RA     -            331 47874at7147          -            373   4.7e-07   29.4   2.8   1   2   1.9e-09   4.7e-07   29.4   2.8   139   200    84   146    68   161 0.84 -
DkoeA00014489-RA     -            331 47874at7147          -            373   4.7e-07   29.4   2.8   2   2       3.7   9.4e+02   -1.2   2.2    12    53   264   303   253   325 0.57 -
DkoeA00013028-RA     -            282 47874at7147          -            373   6.5e-07   28.9   3.3   1   2      0.51   1.3e+02    1.7   1.6   275   360    58   142    41   151 0.80 -
DkoeA00013028-RA     -            282 47874at7147          -            373   6.5e-07   28.9   3.3   2   2   2.6e-09   6.5e-07   28.9   3.3   137   201   165   230   158   240 0.85 -
DkoeA00007652-RA     -            179 47874at7147          -            373     7e-07   28.8   0.0   1   1     4e-09     1e-06   28.3   0.0   138   201    62   126    21   137 0.75 -
DkoeA00010179-RA     -            469 47874at7147          -            373   8.1e-07   28.6   0.5   1   2       8.5   2.1e+03   -2.4   0.0    22    76    99   153    82   158 0.67 -
DkoeA00010179-RA     -            469 47874at7147          -            373   8.1e-07   28.6   0.5   2   2   3.2e-09   8.1e-07   28.6   0.5   104   200   245   342   190   353 0.78 -
DkoeA00011554-RA     -            153 47874at7147          -            373   8.1e-07   28.6   5.4   1   1     4e-09   9.9e-07   28.3   5.4   137   205    76   144    18   152 0.80 -
DkoeA00001962-RA     -            506 47874at7147          -            373     1e-06   28.3   1.6   1   1   6.7e-09   1.7e-06   27.6   1.6   142   201   398   458   395   464 0.86 -
DkoeA00009842-RA     -            354 47874at7147          -            373   1.2e-06   28.1   1.0   1   1   4.7e-09   1.2e-06   28.1   1.0   142   225    67   150    45   166 0.79 -
DkoeA00007802-RA     -            259 47874at7147          -            373   1.3e-06   28.0   6.9   1   2       2.6   6.6e+02   -0.7   0.3   130   157    34    61    11    76 0.45 -
DkoeA00007802-RA     -            259 47874at7147          -            373   1.3e-06   28.0   6.9   2   2   5.1e-09   1.3e-06   28.0   6.9   102   188   164   253   149   255 0.68 -
DkoeA00014490-RA     -            565 47874at7147          -            373   1.4e-06   27.9  10.8   1   2   1.2e-08   3.1e-06   26.7   0.1   134   198    97   162    81   169 0.83 -
DkoeA00014490-RA     -            565 47874at7147          -            373   1.4e-06   27.9  10.8   2   2     0.029       7.2    5.7   3.2    74   156   254   337   204   364 0.67 -
DkoeA00001188-RA     -            178 47874at7147          -            373   1.7e-06   27.5   0.4   1   1   8.8e-09   2.2e-06   27.2   0.4   146   204    93   152    82   163 0.81 -
DkoeA00012908-RA     -            483 47874at7147          -            373   2.1e-06   27.3  16.3   1   1   8.3e-09   2.1e-06   27.3  16.3    62   201   249   384   195   392 0.52 -
DkoeA00001961-RA     -            543 47874at7147          -            373   2.4e-06   27.1   0.3   1   2       5.4   1.4e+03   -1.7   1.2   308   332    15    38    12    45 0.84 -
DkoeA00001961-RA     -            543 47874at7147          -            373   2.4e-06   27.1   0.3   2   2   9.7e-09   2.4e-06   27.1   0.3   142   201   317   377   314   392 0.87 -
DkoeA00007371-RA     -            239 47874at7147          -            373   3.2e-06   26.7   0.1   1   1   1.8e-08   4.6e-06   26.1   0.1   130   201    97   170    78   180 0.77 -
DkoeA00010189-RA     -            560 47874at7147          -            373   3.9e-06   26.4  11.9   1   2   1.9e-08   4.7e-06   26.1   0.3   140   198    98   157    81   164 0.83 -
DkoeA00010189-RA     -            560 47874at7147          -            373   3.9e-06   26.4  11.9   2   2     0.028       7.1    5.8   3.2    74   156   249   332   199   359 0.67 -
DkoeA00010172-RA     -            122 47874at7147          -            373   6.8e-06   25.6   3.2   1   1   3.3e-08   8.2e-06   25.3   3.2   142   201    25    85    17   116 0.85 -
DkoeA00011366-RA     -            411 47874at7147          -            373     6e-05   22.5   0.3   1   1   2.4e-07     6e-05   22.5   0.3   143   206   196   260   182   284 0.83 -
DkoeA00014223-RA     -            221 47874at7147          -            373     7e-05   22.3   3.8   1   1   2.8e-07     7e-05   22.3   3.8   131   203    13    86     4    93 0.78 -
DkoeA00010037-RA     -            226 47874at7147          -            373   0.00092   18.6   7.1   1   1   4.6e-06    0.0011   18.3   7.1    96   207    65   176    12   211 0.72 -
DkoeA00014500-RA     -            201 47874at7147          -            373    0.0043   16.4   2.7   1   2   1.7e-05    0.0043   16.4   2.7   154   200    27    74     2    87 0.72 -
DkoeA00014500-RA     -            201 47874at7147          -            373    0.0043   16.4   2.7   2   2       9.5   2.4e+03   -2.5   1.1   142   164   171   193   161   198 0.59 -
DkoeA00000138-RA     -            400 47874at7147          -            373     0.046   13.0   0.0   1   1   0.00038     0.095   11.9   0.0   151   200   313   363   305   395 0.78 -
DkoeA00017914-RA     -            469 47874at7147          -            373      0.42    9.8   9.0   1   2       1.8   4.5e+02   -0.2   0.6   311   338    46    73     7   117 0.68 -
DkoeA00017914-RA     -            469 47874at7147          -            373      0.42    9.8   9.0   2   2   0.00012     0.029   13.6   2.2    67   172   322   428   266   443 0.72 -
DkoeA00004459-RA     -            375 47874at7147          -            373       1.3    8.2   6.7   1   1   0.00033     0.082   12.2   0.6   142   213   237   310   212   321 0.74 -
#
# Program:         hmmsearch
# Version:         3.1b2 (February 2015)
# Pipeline mode:   SEARCH
# Query file:      /home/nmoreyra/Documents/Genomics/03_orthologs_search/00_Phylogenomics_BUSCO-groups/busco4_odb10/busco_downloads/lineages/diptera_odb10/hmms/47874at7147.hmm
# Target file:     /home/nmoreyra/Documents/Genomics/03_orthologs_search/00_Phylogenomics_BUSCO-groups/busco4_odb10/../00_proteins/DkoeA_proteins.fasta
# Option settings: /home/nmoreyra/Software/miniconda3/envs/busco4/bin/hmmsearch --domtblout /home/nmoreyra/Documents/Genomics/03_orthologs_search/00_Phylogenomics_BUSCO-groups/busco4_odb10/DkoeA_diptera/run_diptera_odb10/hmmer_output/initial_run_results/47874at7147.out --cpu 1 /home/nmoreyra/Documents/Genomics/03_orthologs_search/00_Phylogenomics_BUSCO-groups/busco4_odb10/busco_downloads/lineages/diptera_odb10/hmms/47874at7147.hmm /home/nmoreyra/Documents/Genomics/03_orthologs_search/00_Phylogenomics_BUSCO-groups/busco4_odb10/../00_proteins/DkoeA_proteins.fasta 
# Current dir:     /home/nmoreyra/Documents/Genomics/03_orthologs_search/00_Phylogenomics_BUSCO-groups/busco4_odb10
# Date:            Mon Jan 25 13:58:57 2021
# [ok]
