#                                                                            --- full sequence --- -------------- this domain -------------   hmm coord   ali coord   env coord
# target name        accession   tlen query name           accession   qlen   E-value  score  bias   #  of  c-Evalue  i-Evalue  score  bias  from    to  from    to  from    to  acc description of target
#------------------- ---------- ----- -------------------- ---------- ----- --------- ------ ----- --- --- --------- --------- ------ ----- ----- ----- ----- ----- ----- ----- ---- ---------------------
DkoeA00007547-RA     -            537 48067at7147          -            327  7.3e-146  485.6  27.3   1   4   1.7e-49   7.4e-46  157.0   7.3     1    94     3   106     3   113 0.88 -
DkoeA00007547-RA     -            537 48067at7147          -            327  7.3e-146  485.6  27.3   2   4   1.3e-15   5.7e-12   45.6   0.4    96   167   190   290   183   295 0.76 -
DkoeA00007547-RA     -            537 48067at7147          -            327  7.3e-146  485.6  27.3   3   4   5.4e-88   2.4e-84  283.5   2.6   130   318   299   506   291   514 0.89 -
DkoeA00007547-RA     -            537 48067at7147          -            327  7.3e-146  485.6  27.3   4   4     3e-05      0.13   11.5   0.1   307   327   514   534   509   534 0.90 -
DkoeA00002684-RA     -            235 48067at7147          -            327   7.2e-24   84.7   0.5   1   2   6.3e-07    0.0028   17.0   0.0    25    79    35    91     8   107 0.86 -
DkoeA00002684-RA     -            235 48067at7147          -            327   7.2e-24   84.7   0.5   2   2   5.8e-22   2.6e-18   66.4   0.2   138   259   106   226   102   235 0.83 -
DkoeA00016560-RA     -            249 48067at7147          -            327   2.6e-22   79.5   0.1   1   2   1.3e-08   5.9e-05   22.5   0.0    23    76    38    93    10   105 0.85 -
DkoeA00016560-RA     -            249 48067at7147          -            327   2.6e-22   79.5   0.1   2   2   1.2e-18   5.3e-15   55.5   0.0   138   259   111   231    94   237 0.86 -
DkoeA00005478-RA     -            337 48067at7147          -            327      0.14   11.4   0.9   1   1   4.4e-05      0.19   11.0   0.9    70   144    73   149    67   167 0.74 -
#
# Program:         hmmsearch
# Version:         3.1b2 (February 2015)
# Pipeline mode:   SEARCH
# Query file:      /home/nmoreyra/Documents/Genomics/03_orthologs_search/00_Phylogenomics_BUSCO-groups/busco4_odb10/busco_downloads/lineages/diptera_odb10/hmms/48067at7147.hmm
# Target file:     /home/nmoreyra/Documents/Genomics/03_orthologs_search/00_Phylogenomics_BUSCO-groups/busco4_odb10/../00_proteins/DkoeA_proteins.fasta
# Option settings: /home/nmoreyra/Software/miniconda3/envs/busco4/bin/hmmsearch --domtblout /home/nmoreyra/Documents/Genomics/03_orthologs_search/00_Phylogenomics_BUSCO-groups/busco4_odb10/DkoeA_diptera/run_diptera_odb10/hmmer_output/initial_run_results/48067at7147.out --cpu 1 /home/nmoreyra/Documents/Genomics/03_orthologs_search/00_Phylogenomics_BUSCO-groups/busco4_odb10/busco_downloads/lineages/diptera_odb10/hmms/48067at7147.hmm /home/nmoreyra/Documents/Genomics/03_orthologs_search/00_Phylogenomics_BUSCO-groups/busco4_odb10/../00_proteins/DkoeA_proteins.fasta 
# Current dir:     /home/nmoreyra/Documents/Genomics/03_orthologs_search/00_Phylogenomics_BUSCO-groups/busco4_odb10
# Date:            Mon Jan 25 13:59:17 2021
# [ok]
