#                                                                            --- full sequence --- -------------- this domain -------------   hmm coord   ali coord   env coord
# target name        accession   tlen query name           accession   qlen   E-value  score  bias   #  of  c-Evalue  i-Evalue  score  bias  from    to  from    to  from    to  acc description of target
#------------------- ---------- ----- -------------------- ---------- ----- --------- ------ ----- --- --- --------- --------- ------ ----- ----- ----- ----- ----- ----- ----- ---- ---------------------
DkoeA00012865-RA     -            273 49968at7147          -            239  1.5e-117  391.2   3.3   1   1  7.1e-121  1.8e-117  391.0   3.3     1   239     4   269     4   269 0.93 -
DkoeA00009387-RA     -            280 49968at7147          -            239   2.6e-56  190.7   0.4   1   1   1.4e-59   3.5e-56  190.3   0.4     3   237     7   276     6   278 0.82 -
DkoeA00004231-RA     -            475 49968at7147          -            239   6.5e-47  160.0   1.8   1   1   3.7e-50   9.4e-47  159.4   1.8     5   233   209   460   205   470 0.84 -
DkoeA00015884-RA     -            277 49968at7147          -            239   2.6e-38  131.8   1.6   1   1   1.3e-41   3.4e-38  131.4   1.6     3   234     6   267     5   272 0.81 -
DkoeA00014829-RA     -            256 49968at7147          -            239   1.5e-25   90.1   1.0   1   1   6.2e-29   1.6e-25   90.0   1.0    12   237     1   248     1   254 0.76 -
DkoeA00003122-RA     -            813 49968at7147          -            239    0.0038   16.7   0.0   1   1   3.2e-06    0.0081   15.6   0.0     2    68     2    71     1    81 0.78 -
DkoeA00007003-RA     -            322 49968at7147          -            239     0.081   12.3   0.1   1   2   8.8e-05      0.22   10.9   0.1     3    64    30    92    28   118 0.83 -
DkoeA00007003-RA     -            322 49968at7147          -            239     0.081   12.3   0.1   2   2      0.29   7.2e+02   -0.6   0.0    35    84    98   142    88   167 0.76 -
#
# Program:         hmmsearch
# Version:         3.1b2 (February 2015)
# Pipeline mode:   SEARCH
# Query file:      /home/nmoreyra/Documents/Genomics/03_orthologs_search/00_Phylogenomics_BUSCO-groups/busco4_odb10/busco_downloads/lineages/diptera_odb10/hmms/49968at7147.hmm
# Target file:     /home/nmoreyra/Documents/Genomics/03_orthologs_search/00_Phylogenomics_BUSCO-groups/busco4_odb10/../00_proteins/DkoeA_proteins.fasta
# Option settings: /home/nmoreyra/Software/miniconda3/envs/busco4/bin/hmmsearch --domtblout /home/nmoreyra/Documents/Genomics/03_orthologs_search/00_Phylogenomics_BUSCO-groups/busco4_odb10/DkoeA_diptera/run_diptera_odb10/hmmer_output/initial_run_results/49968at7147.out --cpu 1 /home/nmoreyra/Documents/Genomics/03_orthologs_search/00_Phylogenomics_BUSCO-groups/busco4_odb10/busco_downloads/lineages/diptera_odb10/hmms/49968at7147.hmm /home/nmoreyra/Documents/Genomics/03_orthologs_search/00_Phylogenomics_BUSCO-groups/busco4_odb10/../00_proteins/DkoeA_proteins.fasta 
# Current dir:     /home/nmoreyra/Documents/Genomics/03_orthologs_search/00_Phylogenomics_BUSCO-groups/busco4_odb10
# Date:            Mon Jan 25 13:58:58 2021
# [ok]
