#                                                                            --- full sequence --- -------------- this domain -------------   hmm coord   ali coord   env coord
# target name        accession   tlen query name           accession   qlen   E-value  score  bias   #  of  c-Evalue  i-Evalue  score  bias  from    to  from    to  from    to  acc description of target
#------------------- ---------- ----- -------------------- ---------- ----- --------- ------ ----- --- --- --------- --------- ------ ----- ----- ----- ----- ----- ----- ----- ---- ---------------------
DkoeA00008333-RA     -            241 50127at7147          -            212  1.2e-121  404.4   0.6   1   1  5.3e-125  1.3e-121  404.2   0.6     1   212     7   241     7   241 0.96 -
DkoeA00015602-RA     -            350 50127at7147          -            212   2.7e-11   43.8   0.0   1   1   1.8e-14   4.5e-11   43.1   0.0     4   210    40   256    37   258 0.72 -
DkoeA00003720-RA     -            309 50127at7147          -            212   2.7e-07   30.8   0.0   1   1   1.5e-10   3.8e-07   30.3   0.0     3   154     3   161     2   222 0.68 -
DkoeA00013207-RA     -            326 50127at7147          -            212   2.5e-06   27.6   0.0   1   1   1.9e-09   4.8e-06   26.6   0.0     3    90    69   169    67   283 0.71 -
DkoeA00016401-RA     -            563 50127at7147          -            212    0.0015   18.5   0.0   1   1     1e-06    0.0026   17.7   0.0     3    92    68   160    66   172 0.84 -
DkoeA00009997-RA     -            604 50127at7147          -            212     0.021   14.8   0.0   1   1   1.5e-05     0.038   13.9   0.0    24    88   181   249   164   264 0.79 -
DkoeA00011567-RA     -            570 50127at7147          -            212     0.051   13.5   0.0   1   1   3.1e-05     0.077   12.9   0.0     4    87   114   210   111   225 0.68 -
#
# Program:         hmmsearch
# Version:         3.1b2 (February 2015)
# Pipeline mode:   SEARCH
# Query file:      /home/nmoreyra/Documents/Genomics/03_orthologs_search/00_Phylogenomics_BUSCO-groups/busco4_odb10/busco_downloads/lineages/diptera_odb10/hmms/50127at7147.hmm
# Target file:     /home/nmoreyra/Documents/Genomics/03_orthologs_search/00_Phylogenomics_BUSCO-groups/busco4_odb10/../00_proteins/DkoeA_proteins.fasta
# Option settings: /home/nmoreyra/Software/miniconda3/envs/busco4/bin/hmmsearch --domtblout /home/nmoreyra/Documents/Genomics/03_orthologs_search/00_Phylogenomics_BUSCO-groups/busco4_odb10/DkoeA_diptera/run_diptera_odb10/hmmer_output/initial_run_results/50127at7147.out --cpu 1 /home/nmoreyra/Documents/Genomics/03_orthologs_search/00_Phylogenomics_BUSCO-groups/busco4_odb10/busco_downloads/lineages/diptera_odb10/hmms/50127at7147.hmm /home/nmoreyra/Documents/Genomics/03_orthologs_search/00_Phylogenomics_BUSCO-groups/busco4_odb10/../00_proteins/DkoeA_proteins.fasta 
# Current dir:     /home/nmoreyra/Documents/Genomics/03_orthologs_search/00_Phylogenomics_BUSCO-groups/busco4_odb10
# Date:            Mon Jan 25 13:59:03 2021
# [ok]
