#                                                                            --- full sequence --- -------------- this domain -------------   hmm coord   ali coord   env coord
# target name        accession   tlen query name           accession   qlen   E-value  score  bias   #  of  c-Evalue  i-Evalue  score  bias  from    to  from    to  from    to  acc description of target
#------------------- ---------- ----- -------------------- ---------- ----- --------- ------ ----- --- --- --------- --------- ------ ----- ----- ----- ----- ----- ----- ----- ---- ---------------------
DkoeA00007962-RA     -            266 51631at7147          -            165   4.8e-66  221.6  10.6   1   3   5.4e-54   2.4e-50  170.5   0.1     2    96    23   120    22   154 0.95 -
DkoeA00007962-RA     -            266 51631at7147          -            165   4.8e-66  221.6  10.6   2   3   4.8e-16   2.1e-12   47.1   1.8    98   155   155   228   149   238 0.84 -
DkoeA00007962-RA     -            266 51631at7147          -            165   4.8e-66  221.6  10.6   3   3    0.0004       1.8    8.3   0.3   146   165   246   266   229   266 0.71 -
DkoeA00011123-RA     -            124 51631at7147          -            165     0.022   14.5   0.1   1   1   1.2e-05     0.052   13.3   0.0   121   150    41    70    35    76 0.88 -
DkoeA00001483-RA     -            399 51631at7147          -            165      0.12   12.2   1.2   1   2    0.0029        13    5.5   0.1    81   118    48    85    40   116 0.85 -
DkoeA00001483-RA     -            399 51631at7147          -            165      0.12   12.2   1.2   2   2    0.0033        15    5.4   0.1    35    72   315   351   305   355 0.77 -
DkoeA00012632-RA     -           1119 51631at7147          -            165      0.35   10.6   3.6   1   1   0.00017      0.75    9.5   3.6    84   156   813   888   800   894 0.81 -
#
# Program:         hmmsearch
# Version:         3.1b2 (February 2015)
# Pipeline mode:   SEARCH
# Query file:      /home/nmoreyra/Documents/Genomics/03_orthologs_search/00_Phylogenomics_BUSCO-groups/busco4_odb10/busco_downloads/lineages/diptera_odb10/hmms/51631at7147.hmm
# Target file:     /home/nmoreyra/Documents/Genomics/03_orthologs_search/00_Phylogenomics_BUSCO-groups/busco4_odb10/../00_proteins/DkoeA_proteins.fasta
# Option settings: /home/nmoreyra/Software/miniconda3/envs/busco4/bin/hmmsearch --domtblout /home/nmoreyra/Documents/Genomics/03_orthologs_search/00_Phylogenomics_BUSCO-groups/busco4_odb10/DkoeA_diptera/run_diptera_odb10/hmmer_output/initial_run_results/51631at7147.out --cpu 1 /home/nmoreyra/Documents/Genomics/03_orthologs_search/00_Phylogenomics_BUSCO-groups/busco4_odb10/busco_downloads/lineages/diptera_odb10/hmms/51631at7147.hmm /home/nmoreyra/Documents/Genomics/03_orthologs_search/00_Phylogenomics_BUSCO-groups/busco4_odb10/../00_proteins/DkoeA_proteins.fasta 
# Current dir:     /home/nmoreyra/Documents/Genomics/03_orthologs_search/00_Phylogenomics_BUSCO-groups/busco4_odb10
# Date:            Mon Jan 25 14:00:41 2021
# [ok]
