#                                                                            --- full sequence --- -------------- this domain -------------   hmm coord   ali coord   env coord
# target name        accession   tlen query name           accession   qlen   E-value  score  bias   #  of  c-Evalue  i-Evalue  score  bias  from    to  from    to  from    to  acc description of target
#------------------- ---------- ----- -------------------- ---------- ----- --------- ------ ----- --- --- --------- --------- ------ ----- ----- ----- ----- ----- ----- ----- ---- ---------------------
DkoeA00007945-RA     -            506 52543at7147          -            340  2.5e-121  405.0   8.8   1   2    0.0024       1.2    8.2   0.1     1    26    50    76    50    94 0.66 -
DkoeA00007945-RA     -            506 52543at7147          -            340  2.5e-121  405.0   8.8   2   2  3.3e-119  1.6e-116  389.2   5.2    17   340    94   506    88   506 0.81 -
DkoeA00006252-RA     -            954 52543at7147          -            340   2.9e-13   49.7   1.4   1   7      0.12        56    2.7   0.0   192   252    11    77     5    81 0.69 -
DkoeA00006252-RA     -            954 52543at7147          -            340   2.9e-13   49.7   1.4   2   7    0.0064       3.1    6.9   0.0   282   328    69   116    58   123 0.68 -
DkoeA00006252-RA     -            954 52543at7147          -            340   2.9e-13   49.7   1.4   3   7       1.1   5.4e+02   -0.5   0.0   271   308   148   185   141   193 0.84 -
DkoeA00006252-RA     -            954 52543at7147          -            340   2.9e-13   49.7   1.4   4   7   0.00046      0.22   10.6   0.0    17   147   237   367   233   373 0.84 -
DkoeA00006252-RA     -            954 52543at7147          -            340   2.9e-13   49.7   1.4   5   7    0.0019      0.95    8.6   0.0   238   306   399   471   372   488 0.77 -
DkoeA00006252-RA     -            954 52543at7147          -            340   2.9e-13   49.7   1.4   6   7   0.00048      0.23   10.6   0.1    75   225   510   659   500   666 0.77 -
DkoeA00006252-RA     -            954 52543at7147          -            340   2.9e-13   49.7   1.4   7   7      0.22   1.1e+02    1.8   0.0    79   115   718   753   699   758 0.82 -
DkoeA00000794-RA     -            406 52543at7147          -            340   1.2e-07   31.3   0.0   1   2   2.8e-08   1.4e-05   24.5   0.0   198   327    23   164    18   173 0.76 -
DkoeA00000794-RA     -            406 52543at7147          -            340   1.2e-07   31.3   0.0   2   2      0.08        39    3.2   0.0   100   164   201   265   180   288 0.75 -
DkoeA00010930-RA     -            779 52543at7147          -            340   1.3e-07   31.1   0.0   1   3   5.5e-06    0.0027   16.9   0.0    51   157   399   504   393   517 0.92 -
DkoeA00010930-RA     -            779 52543at7147          -            340   1.3e-07   31.1   0.0   2   3      0.04        20    4.2   0.0   240   298   527   589   516   627 0.79 -
DkoeA00010930-RA     -            779 52543at7147          -            340   1.3e-07   31.1   0.0   3   3     0.015       7.2    5.7   0.0   269   298   686   715   648   724 0.78 -
DkoeA00004660-RA     -            373 52543at7147          -            340   4.8e-07   29.3   0.0   1   1   7.7e-09   3.8e-06   26.3   0.0   163   334    82   272    73   277 0.73 -
DkoeA00012822-RA     -            358 52543at7147          -            340   1.7e-06   27.4   0.0   1   4     0.015       7.6    5.6   0.0   254   334    15    95     7   100 0.58 -
DkoeA00012822-RA     -            358 52543at7147          -            340   1.7e-06   27.4   0.0   2   4   8.5e-05     0.041   13.0   0.0   238   324   119   211   113   222 0.79 -
DkoeA00012822-RA     -            358 52543at7147          -            340   1.7e-06   27.4   0.0   3   4    0.0098       4.8    6.2   0.0   271   336   198   266   195   270 0.80 -
DkoeA00012822-RA     -            358 52543at7147          -            340   1.7e-06   27.4   0.0   4   4       1.6   7.6e+02   -1.0   0.0   241   262   294   315   279   354 0.59 -
DkoeA00005616-RA     -            788 52543at7147          -            340   3.6e-06   26.4   0.7   1   4    0.0012      0.57    9.3   0.0   238   334    26   128    14   134 0.84 -
DkoeA00005616-RA     -            788 52543at7147          -            340   3.6e-06   26.4   0.7   2   4   0.00022      0.11   11.7   0.0   268   326   102   163    39   171 0.75 -
DkoeA00005616-RA     -            788 52543at7147          -            340   3.6e-06   26.4   0.7   3   4   0.00092      0.45    9.6   0.0    86   149   191   253   170   257 0.85 -
DkoeA00005616-RA     -            788 52543at7147          -            340   3.6e-06   26.4   0.7   4   4       1.4   6.6e+02   -0.8   0.4    95   153   501   558   468   564 0.76 -
DkoeA00008583-RA     -            425 52543at7147          -            340   6.8e-06   25.5   0.0   1   3       5.7   2.8e+03   -2.8   0.0   239   259   116   136   110   140 0.67 -
DkoeA00008583-RA     -            425 52543at7147          -            340   6.8e-06   25.5   0.0   2   3     3e-07   0.00014   21.1   0.0    85   161   168   244   159   255 0.90 -
DkoeA00008583-RA     -            425 52543at7147          -            340   6.8e-06   25.5   0.0   3   3      0.29   1.4e+02    1.4   0.0   267   323   255   315   246   329 0.56 -
DkoeA00008587-RA     -            331 52543at7147          -            340   9.6e-06   25.0   0.0   1   1   4.7e-08   2.3e-05   23.7   0.0   165   320   134   308    51   325 0.64 -
DkoeA00012782-RA     -            534 52543at7147          -            340   4.5e-05   22.8   0.0   1   2    0.0016       0.8    8.8   0.0   208   324    55   181    30   197 0.69 -
DkoeA00012782-RA     -            534 52543at7147          -            340   4.5e-05   22.8   0.0   2   2    0.0002     0.098   11.8   0.0    84   161   208   283   188   298 0.85 -
DkoeA00009352-RA     -            509 52543at7147          -            340   5.3e-05   22.5   0.0   1   2    0.0025       1.2    8.2   0.0   127   163   213   249   202   263 0.84 -
DkoeA00009352-RA     -            509 52543at7147          -            340   5.3e-05   22.5   0.0   2   2   0.00027      0.13   11.4   0.0   238   321   272   362   252   382 0.77 -
DkoeA00011394-RA     -            540 52543at7147          -            340   6.9e-05   22.2   0.0   1   4      0.47   2.3e+02    0.7   0.0   271   299   251   279   240   285 0.88 -
DkoeA00011394-RA     -            540 52543at7147          -            340   6.9e-05   22.2   0.0   2   4       0.3   1.5e+02    1.3   0.0   309   333   341   365   307   371 0.67 -
DkoeA00011394-RA     -            540 52543at7147          -            340   6.9e-05   22.2   0.0   3   4     0.078        38    3.3   0.0    86   160   342   414   335   426 0.77 -
DkoeA00011394-RA     -            540 52543at7147          -            340   6.9e-05   22.2   0.0   4   4   8.8e-05     0.043   13.0   0.0   238   332   432   533   407   536 0.79 -
DkoeA00000219-RA     -            608 52543at7147          -            340   7.8e-05   22.0   0.0   1   6      0.19        95    2.0   0.0   163   187    69    93    39   128 0.60 -
DkoeA00000219-RA     -            608 52543at7147          -            340   7.8e-05   22.0   0.0   2   6       4.3   2.1e+03   -2.4   0.0    86   105   154   173   148   180 0.85 -
DkoeA00000219-RA     -            608 52543at7147          -            340   7.8e-05   22.0   0.0   3   6   0.00047      0.23   10.6   0.0   163   223   200   271   190   321 0.66 -
DkoeA00000219-RA     -            608 52543at7147          -            340   7.8e-05   22.0   0.0   4   6       8.9   4.4e+03   -3.5   0.0   238   255   333   350   329   354 0.82 -
DkoeA00000219-RA     -            608 52543at7147          -            340   7.8e-05   22.0   0.0   5   6      0.21     1e+02    1.9   0.0   308   338   489   522   416   524 0.79 -
DkoeA00000219-RA     -            608 52543at7147          -            340   7.8e-05   22.0   0.0   6   6     0.079        39    3.3   0.0    84   132   489   537   446   568 0.61 -
DkoeA00017918-RA     -            340 52543at7147          -            340   9.6e-05   21.7   0.0   1   2       4.4   2.1e+03   -2.5   0.0   195   213    56    74    39    77 0.78 -
DkoeA00017918-RA     -            340 52543at7147          -            340   9.6e-05   21.7   0.0   2   2   1.6e-05    0.0077   15.4   0.0   111   168    80   137    57   295 0.88 -
DkoeA00015819-RA     -            884 52543at7147          -            340   0.00028   20.2   0.0   1   3    0.0037       1.8    7.6   0.0    84   156   444   516   410   527 0.75 -
DkoeA00015819-RA     -            884 52543at7147          -            340   0.00028   20.2   0.0   2   3   0.00097      0.48    9.5   0.0    39   155   567   685   559   696 0.78 -
DkoeA00015819-RA     -            884 52543at7147          -            340   0.00028   20.2   0.0   3   3       6.8   3.3e+03   -3.1   0.0   223   256   766   799   746   802 0.77 -
DkoeA00014614-RA     -            927 52543at7147          -            340   0.00033   20.0   0.0   1   4       2.1     1e+03   -1.4   0.0    84   135   162   212   159   234 0.75 -
DkoeA00014614-RA     -            927 52543at7147          -            340   0.00033   20.0   0.0   2   4         8   3.9e+03   -3.3   0.0   133   163   461   491   456   493 0.74 -
DkoeA00014614-RA     -            927 52543at7147          -            340   0.00033   20.0   0.0   3   4   0.00018      0.09   11.9   0.0   242   328   514   607   502   613 0.82 -
DkoeA00014614-RA     -            927 52543at7147          -            340   0.00033   20.0   0.0   4   4   2.1e-05      0.01   15.0   0.0   267   331   586   650   555   658 0.86 -
DkoeA00012486-RA     -            322 52543at7147          -            340   0.00071   18.8   0.0   1   3     0.007       3.4    6.7   0.0   242   332    40   138    30   147 0.78 -
DkoeA00012486-RA     -            322 52543at7147          -            340   0.00071   18.8   0.0   2   3   3.7e-05     0.018   14.2   0.0   238   328   122   217   117   229 0.80 -
DkoeA00012486-RA     -            322 52543at7147          -            340   0.00071   18.8   0.0   3   3    0.0058       2.8    7.0   0.0   239   325   206   297   197   304 0.77 -
DkoeA00006480-RA     -            458 52543at7147          -            340    0.0016   17.7   2.4   1   2     0.013       6.1    5.9   0.0    81   113   273   306   267   321 0.81 -
DkoeA00006480-RA     -            458 52543at7147          -            340    0.0016   17.7   2.4   2   2   0.00062       0.3   10.2   0.0   265   337   363   445   332   447 0.72 -
DkoeA00017874-RA     -            356 52543at7147          -            340    0.0029   16.8   0.0   1   3    0.0084       4.1    6.5   0.0   113   162    95   144    12   160 0.83 -
DkoeA00017874-RA     -            356 52543at7147          -            340    0.0029   16.8   0.0   2   3       0.1        51    2.9   0.0   268   323   242   301   215   314 0.67 -
DkoeA00017874-RA     -            356 52543at7147          -            340    0.0029   16.8   0.0   3   3      0.22   1.1e+02    1.8   0.0   114   149   314   349   289   355 0.78 -
DkoeA00001488-RA     -            933 52543at7147          -            340    0.0035   16.6   0.0   1   4      0.19        92    2.0   0.0    86   164    67   146    55   157 0.71 -
DkoeA00001488-RA     -            933 52543at7147          -            340    0.0035   16.6   0.0   2   4       1.2   5.8e+02   -0.6   0.0   180   209   399   428   394   474 0.88 -
DkoeA00001488-RA     -            933 52543at7147          -            340    0.0035   16.6   0.0   3   4      0.19        91    2.0   0.0   236   319   556   645   532   658 0.62 -
DkoeA00001488-RA     -            933 52543at7147          -            340    0.0035   16.6   0.0   4   4     0.016       7.6    5.6   0.0   162   193   680   711   665   720 0.87 -
DkoeA00000727-RA     -            346 52543at7147          -            340    0.0048   16.1   0.0   1   2     0.019       9.4    5.3   0.0   303   327    94   120    38   134 0.57 -
DkoeA00000727-RA     -            346 52543at7147          -            340    0.0048   16.1   0.0   2   2    0.0031       1.5    7.9   0.0   162   190   280   308   231   332 0.88 -
DkoeA00010714-RA     -            315 52543at7147          -            340    0.0051   16.0   0.0   1   4       3.8   1.8e+03   -2.2   0.0   246   295    11    54     4    69 0.58 -
DkoeA00010714-RA     -            315 52543at7147          -            340    0.0051   16.0   0.0   2   4      0.19        92    2.0   0.0   224   267   119   161    81   169 0.75 -
DkoeA00010714-RA     -            315 52543at7147          -            340    0.0051   16.0   0.0   3   4    0.0016      0.78    8.8   0.0   236   275   172   211   156   235 0.81 -
DkoeA00010714-RA     -            315 52543at7147          -            340    0.0051   16.0   0.0   4   4      0.39   1.9e+02    1.0   0.0   238   262   224   248   219   308 0.61 -
DkoeA00006340-RA     -            342 52543at7147          -            340      0.01   15.0   0.0   1   3     0.035        17    4.4   0.0   310   338    27    55    20    57 0.90 -
DkoeA00006340-RA     -            342 52543at7147          -            340      0.01   15.0   0.0   2   3       1.2   5.8e+02   -0.6   0.0   271   298    83   110    76   119 0.62 -
DkoeA00006340-RA     -            342 52543at7147          -            340      0.01   15.0   0.0   3   3    0.0095       4.6    6.3   0.0   271   327   225   283   131   296 0.77 -
DkoeA00006479-RA     -            744 52543at7147          -            340     0.013   14.7   0.0   1   3       1.8   8.9e+02   -1.2   0.0   274   324   464   516   455   527 0.75 -
DkoeA00006479-RA     -            744 52543at7147          -            340     0.013   14.7   0.0   2   3    0.0054       2.6    7.1   0.0   273   330   505   564   499   572 0.82 -
DkoeA00006479-RA     -            744 52543at7147          -            340     0.013   14.7   0.0   3   3     0.049        24    4.0   0.0   236   298   590   656   570   660 0.64 -
DkoeA00013447-RA     -            411 52543at7147          -            340     0.017   14.3   0.0   1   2   0.00022      0.11   11.7   0.0   264   327   146   212   112   222 0.74 -
DkoeA00013447-RA     -            411 52543at7147          -            340     0.017   14.3   0.0   2   2       1.3   6.5e+02   -0.8   0.0   271   295   342   366   306   399 0.56 -
DkoeA00001342-RA     -            748 52543at7147          -            340     0.023   13.9   0.0   1   1   0.00016     0.077   12.1   0.0   242   328   552   644   544   655 0.63 -
DkoeA00012002-RA     -            724 52543at7147          -            340     0.025   13.7   0.0   1   2      0.45   2.2e+02    0.8   0.0   241   284   445   491   442   536 0.66 -
DkoeA00012002-RA     -            724 52543at7147          -            340     0.025   13.7   0.0   2   2    0.0011      0.52    9.4   0.0   278   327   619   670   480   681 0.64 -
DkoeA00015708-RA     -            340 52543at7147          -            340     0.028   13.6   0.2   1   2     0.057        28    3.7   0.0   214   289   119   206   102   219 0.67 -
DkoeA00015708-RA     -            340 52543at7147          -            340     0.028   13.6   0.2   2   2    0.0032       1.6    7.8   0.1    72   118   219   264   212   276 0.82 -
DkoeA00009606-RA     -           1010 52543at7147          -            340     0.041   13.0   0.0   1   3      0.67   3.3e+02    0.2   0.0   231   260   101   129    88   132 0.80 -
DkoeA00009606-RA     -           1010 52543at7147          -            340     0.041   13.0   0.0   2   3      0.14        70    2.4   0.0   239   326   167   267   158   271 0.75 -
DkoeA00009606-RA     -           1010 52543at7147          -            340     0.041   13.0   0.0   3   3     0.014       6.6    5.8   0.0   274   337   648   713   638   715 0.88 -
DkoeA00007843-RA     -           2181 52543at7147          -            340     0.064   12.4   0.1   1   2       1.1   5.5e+02   -0.5   0.0   258   327   119   194   106   200 0.68 -
DkoeA00007843-RA     -           2181 52543at7147          -            340     0.064   12.4   0.1   2   2    0.0011      0.55    9.3   0.0    76   185   213   322   209   341 0.78 -
DkoeA00008108-RA     -            478 52543at7147          -            340     0.095   11.9   0.0   1   2     0.012       5.9    6.0   0.0   306   328   189   211   181   220 0.90 -
DkoeA00008108-RA     -            478 52543at7147          -            340     0.095   11.9   0.0   2   2     0.007       3.4    6.7   0.0   162   258   195   311   190   332 0.56 -
DkoeA00013428-RA     -            331 52543at7147          -            340       0.1   11.8   0.0   1   5       0.4     2e+02    0.9   0.0   163   176    64    77    54    99 0.77 -
DkoeA00013428-RA     -            331 52543at7147          -            340       0.1   11.8   0.0   2   5     0.061        30    3.6   0.0   239   296    68   127    64   136 0.77 -
DkoeA00013428-RA     -            331 52543at7147          -            340       0.1   11.8   0.0   3   5     0.014       6.9    5.7   0.0   239   295   108   171    99   176 0.70 -
DkoeA00013428-RA     -            331 52543at7147          -            340       0.1   11.8   0.0   4   5       3.9   1.9e+03   -2.3   0.0   268   294   190   216   183   224 0.81 -
DkoeA00013428-RA     -            331 52543at7147          -            340       0.1   11.8   0.0   5   5       8.5   4.2e+03   -3.4   0.0    92   162   220   295   212   298 0.63 -
DkoeA00001548-RA     -            326 52543at7147          -            340       0.1   11.8   0.0   1   2         3   1.4e+03   -1.9   0.0   239   260    23    44    13    52 0.72 -
DkoeA00001548-RA     -            326 52543at7147          -            340       0.1   11.8   0.0   2   2   0.00074      0.36    9.9   0.0   244   307   248   318   238   325 0.73 -
DkoeA00004649-RA     -            787 52543at7147          -            340      0.13   11.4   0.0   1   3       3.7   1.8e+03   -2.2   0.0    46    69   147   171   110   174 0.68 -
DkoeA00004649-RA     -            787 52543at7147          -            340      0.13   11.4   0.0   2   3       2.6   1.3e+03   -1.7   0.0   273   320   455   503   449   520 0.56 -
DkoeA00004649-RA     -            787 52543at7147          -            340      0.13   11.4   0.0   3   3     0.002      0.95    8.6   0.0    81   158   617   691   603   704 0.87 -
DkoeA00010043-RA     -            729 52543at7147          -            340       1.7    7.7   5.1   1   2     0.016         8    5.5   0.0   309   335    55    84    42    87 0.78 -
DkoeA00010043-RA     -            729 52543at7147          -            340       1.7    7.7   5.1   2   2       0.1        50    2.9   0.0   223   301   138   222   106   253 0.76 -
DkoeA00008644-RA     -            214 52543at7147          -            340         2    7.5  10.1   1   2    0.0011      0.56    9.3   6.2    11   100    74   165    70   187 0.66 -
DkoeA00008644-RA     -            214 52543at7147          -            340         2    7.5  10.1   2   2      0.99   4.8e+02   -0.3   0.2    13    32   178   197   171   212 0.72 -
#
# Program:         hmmsearch
# Version:         3.1b2 (February 2015)
# Pipeline mode:   SEARCH
# Query file:      /home/nmoreyra/Documents/Genomics/03_orthologs_search/00_Phylogenomics_BUSCO-groups/busco4_odb10/busco_downloads/lineages/diptera_odb10/hmms/52543at7147.hmm
# Target file:     /home/nmoreyra/Documents/Genomics/03_orthologs_search/00_Phylogenomics_BUSCO-groups/busco4_odb10/../00_proteins/DkoeA_proteins.fasta
# Option settings: /home/nmoreyra/Software/miniconda3/envs/busco4/bin/hmmsearch --domtblout /home/nmoreyra/Documents/Genomics/03_orthologs_search/00_Phylogenomics_BUSCO-groups/busco4_odb10/DkoeA_diptera/run_diptera_odb10/hmmer_output/initial_run_results/52543at7147.out --cpu 1 /home/nmoreyra/Documents/Genomics/03_orthologs_search/00_Phylogenomics_BUSCO-groups/busco4_odb10/busco_downloads/lineages/diptera_odb10/hmms/52543at7147.hmm /home/nmoreyra/Documents/Genomics/03_orthologs_search/00_Phylogenomics_BUSCO-groups/busco4_odb10/../00_proteins/DkoeA_proteins.fasta 
# Current dir:     /home/nmoreyra/Documents/Genomics/03_orthologs_search/00_Phylogenomics_BUSCO-groups/busco4_odb10
# Date:            Mon Jan 25 14:00:02 2021
# [ok]
