#                                                                            --- full sequence --- -------------- this domain -------------   hmm coord   ali coord   env coord
# target name        accession   tlen query name           accession   qlen   E-value  score  bias   #  of  c-Evalue  i-Evalue  score  bias  from    to  from    to  from    to  acc description of target
#------------------- ---------- ----- -------------------- ---------- ----- --------- ------ ----- --- --- --------- --------- ------ ----- ----- ----- ----- ----- ----- ----- ---- ---------------------
DkoeA00004876-RA     -            505 53336at7147          -            310  8.1e-105  350.1   5.7   1   1  4.4e-106  7.4e-104  346.9   5.7     6   305    80   439    75   443 0.85 -
DkoeA00010605-RA     -           7476 53336at7147          -            310     6e-96  321.0  37.0   1  35    0.0002     0.034   13.0   0.0   148   232    99   184    11   200 0.75 -
DkoeA00010605-RA     -           7476 53336at7147          -            310     6e-96  321.0  37.0   2  35      0.63   1.1e+02    1.5   0.0   150   216   269   335   252   351 0.67 -
DkoeA00010605-RA     -           7476 53336at7147          -            310     6e-96  321.0  37.0   3  35   4.9e-06   0.00082   18.3   0.0   104   225   428   560   377   572 0.83 -
DkoeA00010605-RA     -           7476 53336at7147          -            310     6e-96  321.0  37.0   4  35     0.019       3.3    6.5   0.0   198   241   682   725   675   749 0.84 -
DkoeA00010605-RA     -           7476 53336at7147          -            310     6e-96  321.0  37.0   5  35       4.4   7.3e+02   -1.2   0.0   190   223   808   841   777   852 0.73 -
DkoeA00010605-RA     -           7476 53336at7147          -            310     6e-96  321.0  37.0   6  35   5.1e-05    0.0086   15.0   0.0   161   225   920   982   907  1023 0.84 -
DkoeA00010605-RA     -           7476 53336at7147          -            310     6e-96  321.0  37.0   7  35     0.085        14    4.4   0.0   191   238  1082  1129  1056  1154 0.77 -
DkoeA00010605-RA     -           7476 53336at7147          -            310     6e-96  321.0  37.0   8  35   0.00072      0.12   11.2   0.0   127   221  1282  1378  1273  1398 0.84 -
DkoeA00010605-RA     -           7476 53336at7147          -            310     6e-96  321.0  37.0   9  35   6.3e-05     0.011   14.7   0.0   131   230  1419  1521  1408  1538 0.81 -
DkoeA00010605-RA     -           7476 53336at7147          -            310     6e-96  321.0  37.0  10  35     0.022       3.7    6.3   0.0   132   229  1554  1654  1545  1666 0.78 -
DkoeA00010605-RA     -           7476 53336at7147          -            310     6e-96  321.0  37.0  11  35   3.4e-05    0.0057   15.6   0.1   163   266  1722  1819  1697  1829 0.79 -
DkoeA00010605-RA     -           7476 53336at7147          -            310     6e-96  321.0  37.0  12  35   1.2e-06    0.0002   20.3   0.0   129   244  1817  1935  1797  1950 0.78 -
DkoeA00010605-RA     -           7476 53336at7147          -            310     6e-96  321.0  37.0  13  35      0.21        36    3.1   0.0   197   222  2021  2046  1992  2060 0.83 -
DkoeA00010605-RA     -           7476 53336at7147          -            310     6e-96  321.0  37.0  14  35    0.0077       1.3    7.8   0.0   134   220  2087  2176  2047  2192 0.70 -
DkoeA00010605-RA     -           7476 53336at7147          -            310     6e-96  321.0  37.0  15  35   0.00023     0.039   12.8   0.0   161   222  2386  2445  2351  2468 0.81 -
DkoeA00010605-RA     -           7476 53336at7147          -            310     6e-96  321.0  37.0  16  35      0.17        29    3.4   0.0   191   226  2546  2581  2519  2601 0.73 -
DkoeA00010605-RA     -           7476 53336at7147          -            310     6e-96  321.0  37.0  17  35    0.0056      0.94    8.3   0.0   133   219  2619  2708  2612  2722 0.77 -
DkoeA00010605-RA     -           7476 53336at7147          -            310     6e-96  321.0  37.0  18  35      0.25        42    2.9   0.0   135   220  2753  2840  2745  2859 0.78 -
DkoeA00010605-RA     -           7476 53336at7147          -            310     6e-96  321.0  37.0  19  35       1.5   2.5e+02    0.3   0.0   195   227  2954  2986  2926  3010 0.78 -
DkoeA00010605-RA     -           7476 53336at7147          -            310     6e-96  321.0  37.0  20  35    0.0041      0.69    8.7   0.2   112   223  3095  3220  3063  3227 0.75 -
DkoeA00010605-RA     -           7476 53336at7147          -            310     6e-96  321.0  37.0  21  35       1.3   2.1e+02    0.5   0.0   193   217  3461  3485  3451  3506 0.63 -
DkoeA00010605-RA     -           7476 53336at7147          -            310     6e-96  321.0  37.0  22  35     0.052       8.8    5.1   0.0   188   255  3593  3661  3560  3692 0.74 -
DkoeA00010605-RA     -           7476 53336at7147          -            310     6e-96  321.0  37.0  23  35      0.31        52    2.5   0.0   193   222  3736  3765  3712  3778 0.77 -
DkoeA00010605-RA     -           7476 53336at7147          -            310     6e-96  321.0  37.0  24  35    0.0041       0.7    8.7   0.0   135   223  3810  3900  3800  3937 0.83 -
DkoeA00010605-RA     -           7476 53336at7147          -            310     6e-96  321.0  37.0  25  35       1.4   2.4e+02    0.4   0.0   200   229  4021  4050  4015  4078 0.75 -
DkoeA00010605-RA     -           7476 53336at7147          -            310     6e-96  321.0  37.0  26  35    0.0013      0.22   10.4   0.0   132   225  4390  4483  4360  4491 0.85 -
DkoeA00010605-RA     -           7476 53336at7147          -            310     6e-96  321.0  37.0  27  35      0.16        26    3.5   0.0   165   219  4528  4580  4523  4596 0.77 -
DkoeA00010605-RA     -           7476 53336at7147          -            310     6e-96  321.0  37.0  28  35   1.5e-05    0.0026   16.7   0.0   133   223  4601  4691  4593  4698 0.83 -
DkoeA00010605-RA     -           7476 53336at7147          -            310     6e-96  321.0  37.0  29  35   0.00019     0.032   13.1   0.0   163   224  6427  6486  6412  6500 0.75 -
DkoeA00010605-RA     -           7476 53336at7147          -            310     6e-96  321.0  37.0  30  35   0.00047     0.079   11.8   0.1   104   224  6453  6486  6443  6597 0.52 -
DkoeA00010605-RA     -           7476 53336at7147          -            310     6e-96  321.0  37.0  31  35     0.065        11    4.8   0.0   157   225  6623  6691  6597  6701 0.75 -
DkoeA00010605-RA     -           7476 53336at7147          -            310     6e-96  321.0  37.0  32  35      0.47        79    2.0   0.0   183   221  6750  6788  6717  6805 0.68 -
DkoeA00010605-RA     -           7476 53336at7147          -            310     6e-96  321.0  37.0  33  35   2.4e-07     4e-05   22.6   0.2   130   223  6802  6896  6745  6912 0.71 -
DkoeA00010605-RA     -           7476 53336at7147          -            310     6e-96  321.0  37.0  34  35   0.00052     0.088   11.7   0.0   133   217  6928  7014  6917  7022 0.78 -
DkoeA00010605-RA     -           7476 53336at7147          -            310     6e-96  321.0  37.0  35  35   3.1e-06   0.00052   19.0   0.3   130   221  7048  7139  7039  7165 0.82 -
DkoeA00016795-RA     -           8751 53336at7147          -            310   1.9e-86  289.8  38.0   1  29     0.037       6.2    5.6   0.0   134   223     7   101     2   112 0.76 -
DkoeA00016795-RA     -           8751 53336at7147          -            310   1.9e-86  289.8  38.0   2  29   8.2e-08   1.4e-05   24.1   0.0   126   223   109   210   104   216 0.85 -
DkoeA00016795-RA     -           8751 53336at7147          -            310   1.9e-86  289.8  38.0   3  29     3e-08     5e-06   25.6   0.1   134   224   221   316   211   326 0.83 -
DkoeA00016795-RA     -           8751 53336at7147          -            310   1.9e-86  289.8  38.0   4  29   1.1e-06   0.00018   20.5   0.0   136   223   328   419   324   421 0.80 -
DkoeA00016795-RA     -           8751 53336at7147          -            310   1.9e-86  289.8  38.0   5  29   8.2e-06    0.0014   17.6   1.4   128   222   417   516   413   537 0.85 -
DkoeA00016795-RA     -           8751 53336at7147          -            310   1.9e-86  289.8  38.0   6  29       4.5   7.6e+02   -1.3   0.9   155   237   551   633   529   682 0.74 -
DkoeA00016795-RA     -           8751 53336at7147          -            310   1.9e-86  289.8  38.0   7  29     0.019       3.2    6.5   0.0   136   227  1357  1450  1350  1463 0.84 -
DkoeA00016795-RA     -           8751 53336at7147          -            310   1.9e-86  289.8  38.0   8  29    0.0021      0.35    9.7   0.2    72   223  1511  1680  1496  1694 0.71 -
DkoeA00016795-RA     -           8751 53336at7147          -            310   1.9e-86  289.8  38.0   9  29   1.8e-05    0.0031   16.5   4.8    36   213  1556  1761  1545  1789 0.63 -
DkoeA00016795-RA     -           8751 53336at7147          -            310   1.9e-86  289.8  38.0  10  29    0.0041      0.69    8.7   2.0   153   213  1702  1761  1690  1846 0.55 -
DkoeA00016795-RA     -           8751 53336at7147          -            310   1.9e-86  289.8  38.0  11  29      0.37        63    2.3   0.0   144   224  2173  2254  2161  2263 0.75 -
DkoeA00016795-RA     -           8751 53336at7147          -            310   1.9e-86  289.8  38.0  12  29      0.34        57    2.4   0.0   184   225  2512  2553  2437  2563 0.80 -
DkoeA00016795-RA     -           8751 53336at7147          -            310   1.9e-86  289.8  38.0  13  29       2.9   4.9e+02   -0.6   0.0   163   224  2774  2836  2764  2855 0.82 -
DkoeA00016795-RA     -           8751 53336at7147          -            310   1.9e-86  289.8  38.0  14  29    0.0098       1.7    7.5   0.0   133   224  3041  3133  3029  3159 0.78 -
DkoeA00016795-RA     -           8751 53336at7147          -            310   1.9e-86  289.8  38.0  15  29     0.039       6.5    5.5   0.1   166   223  3670  3725  3636  3740 0.79 -
DkoeA00016795-RA     -           8751 53336at7147          -            310   1.9e-86  289.8  38.0  16  29      0.66   1.1e+02    1.5   0.0   162   225  3961  4021  3919  4037 0.77 -
DkoeA00016795-RA     -           8751 53336at7147          -            310   1.9e-86  289.8  38.0  17  29         2   3.4e+02   -0.1   0.0   190   225  4580  4615  4555  4624 0.86 -
DkoeA00016795-RA     -           8751 53336at7147          -            310   1.9e-86  289.8  38.0  18  29    0.0024       0.4    9.5   0.0   145   224  4829  4908  4796  4997 0.76 -
DkoeA00016795-RA     -           8751 53336at7147          -            310   1.9e-86  289.8  38.0  19  29         1   1.7e+02    0.8   0.0   163   224  5146  5205  5143  5226 0.75 -
DkoeA00016795-RA     -           8751 53336at7147          -            310   1.9e-86  289.8  38.0  20  29    0.0025      0.42    9.4   0.0   162   227  6034  6097  6016  6112 0.87 -
DkoeA00016795-RA     -           8751 53336at7147          -            310   1.9e-86  289.8  38.0  21  29      0.26        44    2.8   0.0   148   224  6413  6489  6394  6548 0.79 -
DkoeA00016795-RA     -           8751 53336at7147          -            310   1.9e-86  289.8  38.0  22  29   7.7e-06    0.0013   17.7   0.0   151   217  7109  7177  7101  7192 0.85 -
DkoeA00016795-RA     -           8751 53336at7147          -            310   1.9e-86  289.8  38.0  23  29   8.1e-07   0.00014   20.9   0.0   133   232  7486  7585  7433  7590 0.86 -
DkoeA00016795-RA     -           8751 53336at7147          -            310   1.9e-86  289.8  38.0  24  29    0.0008      0.14   11.0   0.0   149   233  7586  7673  7577  7688 0.77 -
DkoeA00016795-RA     -           8751 53336at7147          -            310   1.9e-86  289.8  38.0  25  29     0.003       0.5    9.2   0.0   146   223  8151  8228  8131  8244 0.75 -
DkoeA00016795-RA     -           8751 53336at7147          -            310   1.9e-86  289.8  38.0  26  29   0.00037     0.063   12.1   0.1   151   224  8281  8353  8274  8382 0.74 -
DkoeA00016795-RA     -           8751 53336at7147          -            310   1.9e-86  289.8  38.0  27  29   1.5e-07   2.5e-05   23.3   0.0   134   223  8475  8564  8472  8579 0.88 -
DkoeA00016795-RA     -           8751 53336at7147          -            310   1.9e-86  289.8  38.0  28  29   2.5e-07   4.3e-05   22.6   0.0   105   221  8533  8650  8532  8669 0.81 -
DkoeA00016795-RA     -           8751 53336at7147          -            310   1.9e-86  289.8  38.0  29  29   0.00012     0.021   13.7   0.0   135   218  8663  8746  8659  8751 0.88 -
DkoeA00006311-RA     -           4234 53336at7147          -            310   1.3e-78  264.0  21.6   1  16   3.8e-05    0.0063   15.4   0.0   135   216  1034  1117  1016  1139 0.84 -
DkoeA00006311-RA     -           4234 53336at7147          -            310   1.3e-78  264.0  21.6   2  16   0.00088      0.15   10.9   0.0   162   219  1169  1228  1161  1239 0.77 -
DkoeA00006311-RA     -           4234 53336at7147          -            310   1.3e-78  264.0  21.6   3  16   1.7e-10   2.8e-08   33.0   0.0   105   235  1284  1431  1277  1438 0.74 -
DkoeA00006311-RA     -           4234 53336at7147          -            310   1.3e-78  264.0  21.6   4  16   1.4e-07   2.4e-05   23.4   2.1   103   233  1483  1621  1439  1629 0.81 -
DkoeA00006311-RA     -           4234 53336at7147          -            310   1.3e-78  264.0  21.6   5  16   0.00012      0.02   13.8   0.2   133   220  1614  1703  1612  1706 0.81 -
DkoeA00006311-RA     -           4234 53336at7147          -            310   1.3e-78  264.0  21.6   6  16   8.1e-08   1.4e-05   24.2   2.6   105   225  1675  1804  1673  1821 0.82 -
DkoeA00006311-RA     -           4234 53336at7147          -            310   1.3e-78  264.0  21.6   7  16     0.017       2.9    6.7   0.0   162   221  1862  1919  1852  1931 0.83 -
DkoeA00006311-RA     -           4234 53336at7147          -            310   1.3e-78  264.0  21.6   8  16    0.0013      0.23   10.3   0.0   100   223  1994  2124  1954  2135 0.78 -
DkoeA00006311-RA     -           4234 53336at7147          -            310   1.3e-78  264.0  21.6   9  16   6.1e-09     1e-06   27.9   0.0    95   222  2190  2326  2165  2350 0.77 -
DkoeA00006311-RA     -           4234 53336at7147          -            310   1.3e-78  264.0  21.6  10  16    0.0023      0.38    9.6   0.0   163   228  2365  2430  2326  2444 0.78 -
DkoeA00006311-RA     -           4234 53336at7147          -            310   1.3e-78  264.0  21.6  11  16    0.0014      0.23   10.3   0.0   106   225  2394  2524  2394  2534 0.78 -
DkoeA00006311-RA     -           4234 53336at7147          -            310   1.3e-78  264.0  21.6  12  16   3.3e-06   0.00055   18.9   0.0   132   220  2533  2621  2527  2626 0.85 -
DkoeA00006311-RA     -           4234 53336at7147          -            310   1.3e-78  264.0  21.6  13  16   8.3e-06    0.0014   17.6   0.1   128   219  2625  2716  2619  2733 0.79 -
DkoeA00006311-RA     -           4234 53336at7147          -            310   1.3e-78  264.0  21.6  14  16     2e-05    0.0034   16.3   0.0   162   223  2763  2823  2724  2831 0.83 -
DkoeA00006311-RA     -           4234 53336at7147          -            310   1.3e-78  264.0  21.6  15  16     0.026       4.4    6.1   0.0   189   233  3045  3089  2997  3184 0.71 -
DkoeA00006311-RA     -           4234 53336at7147          -            310   1.3e-78  264.0  21.6  16  16   8.6e-09   1.4e-06   27.4   0.0   123   305  3657  3846  3653  3850 0.80 -
DkoeA00004617-RA     -          10055 53336at7147          -            310   7.9e-52  176.0  33.6   1  22      0.86   1.5e+02    1.1   0.0   116   215   191   280   184   295 0.61 -
DkoeA00004617-RA     -          10055 53336at7147          -            310   7.9e-52  176.0  33.6   2  22      0.85   1.4e+02    1.1   0.0   123   219   498   595   484   609 0.77 -
DkoeA00004617-RA     -          10055 53336at7147          -            310   7.9e-52  176.0  33.6   3  22   0.00034     0.058   12.3   0.1   126   225  5474  5574  5456  5584 0.78 -
DkoeA00004617-RA     -          10055 53336at7147          -            310   7.9e-52  176.0  33.6   4  22     0.011       1.9    7.3   0.1   136   213  6057  6133  6044  6153 0.71 -
DkoeA00004617-RA     -          10055 53336at7147          -            310   7.9e-52  176.0  33.6   5  22       0.3        51    2.6   0.0   163   221  6184  6241  6178  6254 0.86 -
DkoeA00004617-RA     -          10055 53336at7147          -            310   7.9e-52  176.0  33.6   6  22   5.8e-05    0.0098   14.8   1.5    96   225  6362  6506  6351  6516 0.72 -
DkoeA00004617-RA     -          10055 53336at7147          -            310   7.9e-52  176.0  33.6   7  22    0.0057      0.96    8.2   0.1    96   225  6610  6753  6592  6769 0.70 -
DkoeA00004617-RA     -          10055 53336at7147          -            310   7.9e-52  176.0  33.6   8  22     0.034       5.7    5.7   0.0   148   223  6855  6929  6825  6961 0.82 -
DkoeA00004617-RA     -          10055 53336at7147          -            310   7.9e-52  176.0  33.6   9  22    0.0025      0.42    9.4   0.1   162   219  6970  7026  6957  7036 0.82 -
DkoeA00004617-RA     -          10055 53336at7147          -            310   7.9e-52  176.0  33.6  10  22     0.023       3.9    6.3   0.0   149   218  7215  7286  7195  7295 0.79 -
DkoeA00004617-RA     -          10055 53336at7147          -            310   7.9e-52  176.0  33.6  11  22      0.12        21    3.9   0.0   148   214  7356  7421  7338  7447 0.76 -
DkoeA00004617-RA     -          10055 53336at7147          -            310   7.9e-52  176.0  33.6  12  22   0.00014     0.024   13.5   0.1   105   212  7399  7516  7386  7544 0.77 -
DkoeA00004617-RA     -          10055 53336at7147          -            310   7.9e-52  176.0  33.6  13  22   0.00027     0.046   12.6   0.0   131   223  7585  7677  7576  7710 0.83 -
DkoeA00004617-RA     -          10055 53336at7147          -            310   7.9e-52  176.0  33.6  14  22   0.00074      0.12   11.2   0.1   154   221  7708  7775  7697  7792 0.77 -
DkoeA00004617-RA     -          10055 53336at7147          -            310   7.9e-52  176.0  33.6  15  22     0.092        16    4.3   0.0   165   222  7834  7888  7815  7896 0.66 -
DkoeA00004617-RA     -          10055 53336at7147          -            310   7.9e-52  176.0  33.6  16  22     0.016       2.6    6.8   0.0   105   224  7858  7991  7844  8000 0.68 -
DkoeA00004617-RA     -          10055 53336at7147          -            310   7.9e-52  176.0  33.6  17  22    0.0011      0.19   10.5   0.0   147   223  8138  8215  8128  8231 0.78 -
DkoeA00004617-RA     -          10055 53336at7147          -            310   7.9e-52  176.0  33.6  18  22     0.021       3.5    6.4   0.0   147   223  8258  8334  8233  8340 0.75 -
DkoeA00004617-RA     -          10055 53336at7147          -            310   7.9e-52  176.0  33.6  19  22      0.24        41    2.9   0.0   149   219  8360  8431  8356  8447 0.75 -
DkoeA00004617-RA     -          10055 53336at7147          -            310   7.9e-52  176.0  33.6  20  22   0.00011     0.018   13.9   0.0   131   220  8577  8666  8566  8683 0.79 -
DkoeA00004617-RA     -          10055 53336at7147          -            310   7.9e-52  176.0  33.6  21  22     0.095        16    4.2   0.1   102   210  8908  9032  8900  9040 0.55 -
DkoeA00004617-RA     -          10055 53336at7147          -            310   7.9e-52  176.0  33.6  22  22   0.00038     0.065   12.1   0.0   146   223  9211  9288  9183  9298 0.81 -
DkoeA00014344-RA     -           1941 53336at7147          -            310   1.7e-40  138.8   8.7   1   8       1.9   3.2e+02   -0.0   0.1   114   214    98   211    93   243 0.56 -
DkoeA00014344-RA     -           1941 53336at7147          -            310   1.7e-40  138.8   8.7   2   8   0.00079      0.13   11.1   0.0   153   232   253   335   228   346 0.71 -
DkoeA00014344-RA     -           1941 53336at7147          -            310   1.7e-40  138.8   8.7   3   8   1.4e-08   2.4e-06   26.7   0.0   100   214   288   406   280   423 0.81 -
DkoeA00014344-RA     -           1941 53336at7147          -            310   1.7e-40  138.8   8.7   4   8   1.6e-08   2.8e-06   26.4   0.0   104   224   383   517   380   533 0.77 -
DkoeA00014344-RA     -           1941 53336at7147          -            310   1.7e-40  138.8   8.7   5   8   0.00074      0.13   11.2   0.0    97   158   564   634   552   656 0.70 -
DkoeA00014344-RA     -           1941 53336at7147          -            310   1.7e-40  138.8   8.7   6   8   1.1e-08   1.8e-06   27.0   0.0   103   227   668   802   659   809 0.83 -
DkoeA00014344-RA     -           1941 53336at7147          -            310   1.7e-40  138.8   8.7   7   8   2.9e-12   4.8e-10   38.8   2.3   103   303   765   987   764   992 0.71 -
DkoeA00014344-RA     -           1941 53336at7147          -            310   1.7e-40  138.8   8.7   8   8   3.5e-08   5.9e-06   25.4   0.1   138   275  1317  1458  1300  1468 0.73 -
DkoeA00012868-RA     -           2083 53336at7147          -            310   1.9e-38  132.1   0.0   1   7       0.1        17    4.1   0.0   115   218   115   232   110   244 0.74 -
DkoeA00012868-RA     -           2083 53336at7147          -            310   1.9e-38  132.1   0.0   2   7   5.7e-09   9.5e-07   28.0   0.0   142   223   258   340   241   350 0.83 -
DkoeA00012868-RA     -           2083 53336at7147          -            310   1.9e-38  132.1   0.0   3   7   2.7e-05    0.0045   15.9   0.0   151   219   361   433   344   455 0.77 -
DkoeA00012868-RA     -           2083 53336at7147          -            310   1.9e-38  132.1   0.0   4   7   3.2e-07   5.4e-05   22.2   0.0   104   236   507   646   497   653 0.76 -
DkoeA00012868-RA     -           2083 53336at7147          -            310   1.9e-38  132.1   0.0   5   7   2.3e-10   3.9e-08   32.5   0.0   101   232   692   827   682   832 0.75 -
DkoeA00012868-RA     -           2083 53336at7147          -            310   1.9e-38  132.1   0.0   6   7   0.00071      0.12   11.2   0.0   142   229   830   922   818   937 0.81 -
DkoeA00012868-RA     -           2083 53336at7147          -            310   1.9e-38  132.1   0.0   7   7    0.0071       1.2    7.9   0.0   100   223  1405  1441  1349  1504 0.67 -
DkoeA00000890-RA     -           2174 53336at7147          -            310   3.5e-37  127.9   0.0   1   7    0.0028      0.48    9.2   0.0   134   227   236   329   229   340 0.88 -
DkoeA00000890-RA     -           2174 53336at7147          -            310   3.5e-37  127.9   0.0   2   7   0.00025     0.042   12.7   0.0    93   220   368   512   362   521 0.73 -
DkoeA00000890-RA     -           2174 53336at7147          -            310   3.5e-37  127.9   0.0   3   7   5.2e-07   8.7e-05   21.5   0.0    98   239   566   718   563   725 0.78 -
DkoeA00000890-RA     -           2174 53336at7147          -            310   3.5e-37  127.9   0.0   4   7   2.3e-07   3.9e-05   22.7   0.0   104   222   765   893   758   896 0.80 -
DkoeA00000890-RA     -           2174 53336at7147          -            310   3.5e-37  127.9   0.0   5   7   9.5e-13   1.6e-10   40.4   0.0   102   263   860  1044   856  1057 0.73 -
DkoeA00000890-RA     -           2174 53336at7147          -            310   3.5e-37  127.9   0.0   6   7     1e-06   0.00017   20.6   0.0   151   261  1425  1540  1412  1577 0.77 -
DkoeA00000890-RA     -           2174 53336at7147          -            310   3.5e-37  127.9   0.0   7   7       7.2   1.2e+03   -1.9   1.8   135   183  1838  1884  1834  1902 0.79 -
DkoeA00012401-RA     -           8635 53336at7147          -            310   6.4e-33  113.9  25.2   1   7      0.23        38    3.0   0.2   179   230  5026  5080  5009  5095 0.82 -
DkoeA00012401-RA     -           8635 53336at7147          -            310   6.4e-33  113.9  25.2   2   7   7.7e-07   0.00013   21.0   0.0   135   224  7016  7106  7011  7117 0.86 -
DkoeA00012401-RA     -           8635 53336at7147          -            310   6.4e-33  113.9  25.2   3   7      0.17        28    3.4   0.0   104   220  7202  7323  7139  7333 0.67 -
DkoeA00012401-RA     -           8635 53336at7147          -            310   6.4e-33  113.9  25.2   4   7   2.6e-07   4.3e-05   22.5   0.8   105   226  7395  7523  7381  7542 0.73 -
DkoeA00012401-RA     -           8635 53336at7147          -            310   6.4e-33  113.9  25.2   5   7   1.8e-07     3e-05   23.0   0.0   104   221  7578  7697  7572  7703 0.80 -
DkoeA00012401-RA     -           8635 53336at7147          -            310   6.4e-33  113.9  25.2   6   7   3.4e-11   5.8e-09   35.2   0.1   105   276  7758  7945  7734  7956 0.78 -
DkoeA00012401-RA     -           8635 53336at7147          -            310   6.4e-33  113.9  25.2   7   7   0.00046     0.077   11.8   3.1   107   230  8044  8179  8020  8195 0.76 -
DkoeA00015760-RA     -            414 53336at7147          -            310     5e-32  111.0   0.0   1   2   1.4e-06   0.00024   20.1   0.0   103   171   102   179    91   189 0.77 -
DkoeA00015760-RA     -            414 53336at7147          -            310     5e-32  111.0   0.0   2   2   2.2e-27   3.7e-25   88.5   0.0    98   259   185   359   180   373 0.84 -
DkoeA00012501-RA     -            468 53336at7147          -            310   3.5e-30  105.0   0.0   1   2   2.6e-05    0.0044   15.9   0.0   128   227    12   116     5   128 0.78 -
DkoeA00012501-RA     -            468 53336at7147          -            310   3.5e-30  105.0   0.0   2   2   6.7e-27   1.1e-24   86.8   0.0   100   305   164   395   158   399 0.78 -
DkoeA00016847-RA     -           4324 53336at7147          -            310   3.3e-28   98.5   9.6   1  10      0.59        99    1.6   0.0    35    66  1025  1063  1020  1077 0.66 -
DkoeA00016847-RA     -           4324 53336at7147          -            310   3.3e-28   98.5   9.6   2  10     0.074        12    4.6   0.0   190   216  1279  1305  1239  1331 0.59 -
DkoeA00016847-RA     -           4324 53336at7147          -            310   3.3e-28   98.5   9.6   3  10   2.7e-05    0.0045   15.9   0.3   102   225  2463  2593  2447  2638 0.75 -
DkoeA00016847-RA     -           4324 53336at7147          -            310   3.3e-28   98.5   9.6   4  10      0.94   1.6e+02    1.0   0.0    30    54  2655  2679  2650  2688 0.74 -
DkoeA00016847-RA     -           4324 53336at7147          -            310   3.3e-28   98.5   9.6   5  10   5.3e-06   0.00089   18.2   0.0   102   228  2756  2885  2740  2894 0.74 -
DkoeA00016847-RA     -           4324 53336at7147          -            310   3.3e-28   98.5   9.6   6  10   1.2e-09     2e-07   30.2   0.0   103   227  2847  2977  2838  2985 0.74 -
DkoeA00016847-RA     -           4324 53336at7147          -            310   3.3e-28   98.5   9.6   7  10    0.0061         1    8.1   0.0   147   213  3008  3067  2998  3080 0.75 -
DkoeA00016847-RA     -           4324 53336at7147          -            310   3.3e-28   98.5   9.6   8  10   0.00057     0.097   11.5   0.0   100   232  3041  3177  3025  3186 0.71 -
DkoeA00016847-RA     -           4324 53336at7147          -            310   3.3e-28   98.5   9.6   9  10      0.16        28    3.5   0.0    75   125  3196  3252  3177  3263 0.72 -
DkoeA00016847-RA     -           4324 53336at7147          -            310   3.3e-28   98.5   9.6  10  10   4.8e-06   0.00081   18.3   0.1   103   216  3492  3606  3484  3628 0.73 -
DkoeA00010603-RA     -           3646 53336at7147          -            310   3.3e-28   98.5   0.0   1   9   0.00016     0.026   13.4   0.0   135   228  1385  1478  1374  1485 0.84 -
DkoeA00010603-RA     -           3646 53336at7147          -            310   3.3e-28   98.5   0.0   2   9     0.031       5.3    5.8   0.0   147   224  1498  1575  1481  1589 0.75 -
DkoeA00010603-RA     -           3646 53336at7147          -            310   3.3e-28   98.5   0.0   3   9       6.1     1e+03   -1.7   0.0   182   223  1628  1669  1603  1684 0.80 -
DkoeA00010603-RA     -           3646 53336at7147          -            310   3.3e-28   98.5   0.0   4   9     0.011       1.9    7.3   0.0   134   221  1691  1778  1673  1785 0.82 -
DkoeA00010603-RA     -           3646 53336at7147          -            310   3.3e-28   98.5   0.0   5   9   6.6e-05     0.011   14.6   0.0   133   223  1804  1896  1795  1907 0.85 -
DkoeA00010603-RA     -           3646 53336at7147          -            310   3.3e-28   98.5   0.0   6   9    0.0041      0.69    8.7   0.0   126   219  1913  2005  1897  2035 0.77 -
DkoeA00010603-RA     -           3646 53336at7147          -            310   3.3e-28   98.5   0.0   7   9    0.0015      0.26   10.1   0.0   148   224  2153  2229  2130  2234 0.80 -
DkoeA00010603-RA     -           3646 53336at7147          -            310   3.3e-28   98.5   0.0   8   9   8.4e-05     0.014   14.3   0.0   162   233  2265  2338  2249  2347 0.90 -
DkoeA00010603-RA     -           3646 53336at7147          -            310   3.3e-28   98.5   0.0   9   9    0.0016      0.27   10.0   0.0   132   220  3544  3632  3535  3641 0.80 -
DkoeA00006523-RA     -            928 53336at7147          -            310     1e-27   96.8   0.6   1   5   3.6e-07     6e-05   22.1   0.0   144   224   280   362   266   376 0.76 -
DkoeA00006523-RA     -            928 53336at7147          -            310     1e-27   96.8   0.6   2   5   2.2e-08   3.7e-06   26.1   0.0    92   226   399   548   394   566 0.74 -
DkoeA00006523-RA     -            928 53336at7147          -            310     1e-27   96.8   0.6   3   5     0.014       2.3    7.0   0.0   184   217   595   629   563   649 0.70 -
DkoeA00006523-RA     -            928 53336at7147          -            310     1e-27   96.8   0.6   4   5   8.5e-06    0.0014   17.5   0.2   100   219   702   830   695   835 0.69 -
DkoeA00006523-RA     -            928 53336at7147          -            310     1e-27   96.8   0.6   5   5   2.7e-07   4.6e-05   22.4   0.1   100   219   798   920   789   924 0.75 -
DkoeA00017170-RA     -           1204 53336at7147          -            310   2.1e-27   95.8   1.4   1   4   1.1e-05    0.0018   17.2   0.0   164   223     6    64     2    84 0.82 -
DkoeA00017170-RA     -           1204 53336at7147          -            310   2.1e-27   95.8   1.4   2   4   3.6e-08   6.1e-06   25.3   0.0   147   219   196   266   171   272 0.76 -
DkoeA00017170-RA     -           1204 53336at7147          -            310   2.1e-27   95.8   1.4   3   4   8.3e-07   0.00014   20.9   0.2   125   222   266   362   263   373 0.81 -
DkoeA00017170-RA     -           1204 53336at7147          -            310   2.1e-27   95.8   1.4   4   4   3.2e-09   5.5e-07   28.8   0.1    63   237   377   564   364   575 0.76 -
DkoeA00006622-RA     -           1258 53336at7147          -            310   8.8e-25   87.2   0.0   1   5    0.0054      0.92    8.3   0.0   186   215    98   127    26   141 0.59 -
DkoeA00006622-RA     -           1258 53336at7147          -            310   8.8e-25   87.2   0.0   2   5      0.15        26    3.6   0.0   148   212   160   230   151   266 0.68 -
DkoeA00006622-RA     -           1258 53336at7147          -            310   8.8e-25   87.2   0.0   3   5      0.27        46    2.7   0.2   162   213   480   527   463   530 0.71 -
DkoeA00006622-RA     -           1258 53336at7147          -            310   8.8e-25   87.2   0.0   4   5     1e-11   1.7e-09   37.0   0.0   101   231   700   837   690   845 0.83 -
DkoeA00006622-RA     -           1258 53336at7147          -            310   8.8e-25   87.2   0.0   5   5   2.8e-09   4.7e-07   29.0   0.0   130   230   829   938   823  1015 0.82 -
DkoeA00014491-RA     -            438 53336at7147          -            310   2.2e-21   76.0   0.1   1   2      0.15        25    3.6   0.0   132   206   130   206   125   208 0.84 -
DkoeA00014491-RA     -            438 53336at7147          -            310   2.2e-21   76.0   0.1   2   2   1.2e-21     2e-19   69.6   0.0    34   225   206   430   198   435 0.76 -
DkoeA00006524-RA     -           1359 53336at7147          -            310   1.6e-20   73.3   0.0   1   3   2.5e-10   4.3e-08   32.4   0.0   102   223    26   156     4   158 0.80 -
DkoeA00006524-RA     -           1359 53336at7147          -            310   1.6e-20   73.3   0.0   2   3   2.1e-10   3.6e-08   32.6   0.0   102   230   122   263   122   273 0.86 -
DkoeA00006524-RA     -           1359 53336at7147          -            310   1.6e-20   73.3   0.0   3   3   2.9e-06   0.00049   19.1   0.0   191   273   716   805   655   813 0.65 -
DkoeA00014411-RA     -           1642 53336at7147          -            310   2.6e-19   69.3   0.0   1   2   8.3e-11   1.4e-08   34.0   0.0   103   220   359   484   256   501 0.84 -
DkoeA00014411-RA     -           1642 53336at7147          -            310   2.6e-19   69.3   0.0   2   2   1.2e-08     2e-06   26.9   0.0    95   236   540   692   519   745 0.70 -
DkoeA00012083-RA     -            530 53336at7147          -            310   1.1e-18   67.1   0.0   1   2    0.0038      0.64    8.8   0.0   135   211     9    95     5   111 0.67 -
DkoeA00012083-RA     -            530 53336at7147          -            310   1.1e-18   67.1   0.0   2   2   1.9e-17   3.1e-15   55.8   0.0   103   230   172   313   166   323 0.81 -
DkoeA00017409-RA     -           1005 53336at7147          -            310     5e-18   65.0   0.0   1   3   8.9e-05     0.015   14.2   0.0   106   210   116   223   106   235 0.73 -
DkoeA00017409-RA     -           1005 53336at7147          -            310     5e-18   65.0   0.0   2   3   6.4e-05     0.011   14.7   0.0   130   224   238   332   233   360 0.80 -
DkoeA00017409-RA     -           1005 53336at7147          -            310     5e-18   65.0   0.0   3   3   3.3e-10   5.5e-08   32.0   0.0    95   234   395   544   382   586 0.88 -
DkoeA00012256-RA     -            258 53336at7147          -            310   5.3e-18   64.9   0.1   1   1   6.9e-20   1.2e-17   63.8   0.0   102   236    76   213    67   223 0.90 -
DkoeA00004874-RA     -            498 53336at7147          -            310   5.7e-18   64.8   0.0   1   1   2.9e-18   4.8e-16   58.5   0.0    31   262    88   365    83   423 0.65 -
DkoeA00005108-RA     -            492 53336at7147          -            310   8.8e-18   64.2   0.0   1   2   0.00016     0.027   13.4   0.0   121   212    37   138    34   155 0.71 -
DkoeA00005108-RA     -            492 53336at7147          -            310   8.8e-18   64.2   0.0   2   2   3.5e-15   5.9e-13   48.4   0.0   102   225   209   345   199   371 0.81 -
DkoeA00006189-RA     -           1124 53336at7147          -            310   1.1e-17   63.9   0.0   1   3      0.76   1.3e+02    1.3   0.0   102   128    86   111    47   175 0.66 -
DkoeA00006189-RA     -           1124 53336at7147          -            310   1.1e-17   63.9   0.0   2   3   2.4e-10   4.1e-08   32.5   0.3   101   217   287   409   275   416 0.86 -
DkoeA00006189-RA     -           1124 53336at7147          -            310   1.1e-17   63.9   0.0   3   3   2.3e-08   3.8e-06   26.0   0.0   128   229   414   526   408   543 0.72 -
DkoeA00006974-RA     -           1306 53336at7147          -            310   6.6e-17   61.3   0.0   1   4   2.5e-05    0.0042   16.0   0.0   112   219     5   126     1   129 0.74 -
DkoeA00006974-RA     -           1306 53336at7147          -            310   6.6e-17   61.3   0.0   2   4     1e-11   1.7e-09   37.0   0.0    99   235    93   233    79   240 0.81 -
DkoeA00006974-RA     -           1306 53336at7147          -            310   6.6e-17   61.3   0.0   3   4   0.00021     0.035   13.0   0.0   129   223   220   316   217   322 0.80 -
DkoeA00006974-RA     -           1306 53336at7147          -            310   6.6e-17   61.3   0.0   4   4     0.019       3.1    6.6   0.0    27    56   372   401   353   418 0.80 -
DkoeA00012693-RA     -           1352 53336at7147          -            310   2.7e-16   59.3   0.2   1   3   7.5e-11   1.3e-08   34.1   0.0   100   231    72   216    65   224 0.83 -
DkoeA00012693-RA     -           1352 53336at7147          -            310   2.7e-16   59.3   0.2   2   3       3.6   6.1e+02   -1.0   0.0   245   269   252   275   250   285 0.84 -
DkoeA00012693-RA     -           1352 53336at7147          -            310   2.7e-16   59.3   0.2   3   3   9.6e-07   0.00016   20.6   0.0   148   271   644   771   625   783 0.71 -
DkoeA00007432-RA     -           1467 53336at7147          -            310   5.2e-16   58.4   0.0   1   3   0.00053     0.089   11.6   0.0   135   220   186   270   177   295 0.73 -
DkoeA00007432-RA     -           1467 53336at7147          -            310   5.2e-16   58.4   0.0   2   3    0.0055      0.93    8.3   0.0    97   172   350   433   335   444 0.71 -
DkoeA00007432-RA     -           1467 53336at7147          -            310   5.2e-16   58.4   0.0   3   3   7.2e-11   1.2e-08   34.2   0.0   101   219   448   577   436   585 0.80 -
DkoeA00010543-RA     -            448 53336at7147          -            310   8.7e-16   57.7   0.1   1   3     0.072        12    4.6   0.1   189   212   106   129    41   152 0.74 -
DkoeA00010543-RA     -            448 53336at7147          -            310   8.7e-16   57.7   0.1   2   3   0.00068      0.11   11.3   0.1   104   212   108   224   102   226 0.76 -
DkoeA00010543-RA     -            448 53336at7147          -            310   8.7e-16   57.7   0.1   3   3   1.2e-15   2.1e-13   49.9   0.0   102   232   201   342   190   351 0.85 -
DkoeA00013498-RA     -            929 53336at7147          -            310   1.7e-15   56.7   0.0   1   2      0.61     1e+02    1.6   0.0    32   127    59    84    38    97 0.52 -
DkoeA00013498-RA     -            929 53336at7147          -            310   1.7e-15   56.7   0.0   2   2   1.4e-15   2.3e-13   49.7   0.0    32   224   234   450   228   456 0.67 -
DkoeA00017532-RA     -            490 53336at7147          -            310     3e-15   55.9   0.1   1   3   0.00022     0.038   12.9   0.1   135   212    13   100     2   116 0.65 -
DkoeA00017532-RA     -            490 53336at7147          -            310     3e-15   55.9   0.1   2   3   0.00049     0.082   11.8   0.0   135   214   115   195   104   205 0.80 -
DkoeA00017532-RA     -            490 53336at7147          -            310     3e-15   55.9   0.1   3   3   4.8e-12     8e-10   38.1   0.0   100   225   168   310   159   328 0.79 -
DkoeA00010277-RA     -            498 53336at7147          -            310   7.4e-15   54.6   0.1   1   3     1e-05    0.0017   17.3   0.9   133   212   107   199   100   214 0.64 -
DkoeA00010277-RA     -            498 53336at7147          -            310   7.4e-15   54.6   0.1   2   3   9.2e-05     0.015   14.1   0.0   141   214   222   295   201   305 0.76 -
DkoeA00010277-RA     -            498 53336at7147          -            310   7.4e-15   54.6   0.1   3   3   3.5e-09   5.9e-07   28.7   0.0   103   233   271   415   270   428 0.80 -
DkoeA00007870-RA     -            227 53336at7147          -            310   9.1e-15   54.3   0.0   1   1   7.2e-17   1.2e-14   53.9   0.0   103   225    52   186    40   193 0.86 -
DkoeA00001203-RA     -           1422 53336at7147          -            310   5.2e-14   51.8   2.8   1   3      0.88   1.5e+02    1.1   0.0   109   131   464   486   414   500 0.75 -
DkoeA00001203-RA     -           1422 53336at7147          -            310   5.2e-14   51.8   2.8   2   3     2e-10   3.4e-08   32.7   0.1    36   226   655   875   653   884 0.69 -
DkoeA00001203-RA     -           1422 53336at7147          -            310   5.2e-14   51.8   2.8   3   3     2e-07   3.3e-05   22.9   0.1    98   275   834  1029   830  1049 0.70 -
DkoeA00005549-RA     -            772 53336at7147          -            310   2.4e-13   49.6   8.8   1   5      0.19        32    3.3   0.0    33    55    98   120    92   128 0.91 -
DkoeA00005549-RA     -            772 53336at7147          -            310   2.4e-13   49.6   8.8   2   5    0.0089       1.5    7.6   0.6    99   218   201   340   198   341 0.59 -
DkoeA00005549-RA     -            772 53336at7147          -            310   2.4e-13   49.6   8.8   3   5   4.5e-05    0.0076   15.2   0.0    77   166   283   381   262   398 0.78 -
DkoeA00005549-RA     -            772 53336at7147          -            310   2.4e-13   49.6   8.8   4   5   7.4e-09   1.2e-06   27.6   0.0   111   226   403   530   395   543 0.84 -
DkoeA00005549-RA     -            772 53336at7147          -            310   2.4e-13   49.6   8.8   5   5         6     1e+03   -1.7   1.3   157   190   630   663   627   675 0.58 -
DkoeA00001758-RA     -            442 53336at7147          -            310   2.5e-13   49.6   0.0   1   4     0.007       1.2    7.9   0.1   148   212    52   126    21   141 0.64 -
DkoeA00001758-RA     -            442 53336at7147          -            310   2.5e-13   49.6   0.0   2   4   0.00017     0.029   13.3   0.0   106   214   107   227   107   233 0.75 -
DkoeA00001758-RA     -            442 53336at7147          -            310   2.5e-13   49.6   0.0   3   4   1.8e-06    0.0003   19.8   0.0   104   181   204   290   195   296 0.79 -
DkoeA00001758-RA     -            442 53336at7147          -            310   2.5e-13   49.6   0.0   4   4   5.3e-05     0.009   14.9   0.0   176   225   308   357   302   370 0.91 -
DkoeA00017215-RA     -           1048 53336at7147          -            310   3.5e-13   49.1   0.4   1   5   0.00097      0.16   10.8   0.0   169   226    56   112    48   125 0.72 -
DkoeA00017215-RA     -           1048 53336at7147          -            310   3.5e-13   49.1   0.4   2   5      0.84   1.4e+02    1.1   0.0   150   212   136   199   133   227 0.64 -
DkoeA00017215-RA     -           1048 53336at7147          -            310   3.5e-13   49.1   0.4   3   5       2.2   3.7e+02   -0.2   0.1   105   131   178   205   169   309 0.67 -
DkoeA00017215-RA     -           1048 53336at7147          -            310   3.5e-13   49.1   0.4   4   5       2.6   4.4e+02   -0.5   0.1   148   174   332   361   267   371 0.74 -
DkoeA00017215-RA     -           1048 53336at7147          -            310   3.5e-13   49.1   0.4   5   5   5.1e-10   8.7e-08   31.4   0.0   101   219   371   500   351   517 0.75 -
DkoeA00010874-RA     -           1006 53336at7147          -            310     9e-13   47.8   0.0   1   1   1.3e-14   2.1e-12   46.5   0.0   102   223   544   678   532   694 0.84 -
DkoeA00010976-RA     -           1379 53336at7147          -            310   1.5e-12   47.0   0.0   1   5     0.029       4.9    5.9   0.0   163   220    23    81     9    91 0.66 -
DkoeA00010976-RA     -           1379 53336at7147          -            310   1.5e-12   47.0   0.0   2   5   9.9e-07   0.00017   20.6   0.0   108   224    56   184    53   190 0.77 -
DkoeA00010976-RA     -           1379 53336at7147          -            310   1.5e-12   47.0   0.0   3   5   4.1e-08   6.9e-06   25.1   0.0   102   231   149   283   146   293 0.85 -
DkoeA00010976-RA     -           1379 53336at7147          -            310   1.5e-12   47.0   0.0   4   5     5e-05    0.0084   15.0   0.0    99   222   238   374   230   383 0.59 -
DkoeA00010976-RA     -           1379 53336at7147          -            310   1.5e-12   47.0   0.0   5   5      0.12        21    3.8   0.0    97   129   433   466   419   485 0.73 -
DkoeA00005335-RA     -            438 53336at7147          -            310     2e-12   46.6   0.3   1   2   2.6e-07   4.3e-05   22.5   0.1   101   219    66   190    55   203 0.76 -
DkoeA00005335-RA     -            438 53336at7147          -            310     2e-12   46.6   0.3   2   2   2.2e-07   3.8e-05   22.7   0.1   129   228   195   297   185   300 0.76 -
DkoeA00010356-RA     -            862 53336at7147          -            310   2.2e-12   46.5   0.4   1   3   2.1e-06   0.00036   19.5   0.2   176   212    23    59     9    75 0.83 -
DkoeA00010356-RA     -            862 53336at7147          -            310   2.2e-12   46.5   0.4   2   3      0.24        41    2.9   0.0   126   173    65   116    59   129 0.74 -
DkoeA00010356-RA     -            862 53336at7147          -            310   2.2e-12   46.5   0.4   3   3   7.3e-07   0.00012   21.0   0.0   102   196   130   234   123   255 0.76 -
DkoeA00014111-RA     -            201 53336at7147          -            310     3e-12   46.0   0.1   1   1   2.2e-14   3.7e-12   45.8   0.1   167   268     3   107     1   128 0.77 -
DkoeA00016042-RA     -           1108 53336at7147          -            310   3.9e-12   45.7   0.1   1   4     0.037       6.3    5.6   0.0   188   211    80   103    70   126 0.73 -
DkoeA00016042-RA     -           1108 53336at7147          -            310   3.9e-12   45.7   0.1   2   4       2.8   4.7e+02   -0.6   0.0   150   213   146   210   143   223 0.66 -
DkoeA00016042-RA     -           1108 53336at7147          -            310   3.9e-12   45.7   0.1   3   4       9.8   1.7e+03   -2.4   0.0   176   212   327   363   322   364 0.89 -
DkoeA00016042-RA     -           1108 53336at7147          -            310   3.9e-12   45.7   0.1   4   4   8.4e-11   1.4e-08   34.0   0.0    97   219   434   567   418   581 0.80 -
DkoeA00014412-RA     -            759 53336at7147          -            310   7.9e-11   41.4   0.0   1   4      0.19        33    3.2   0.0    34    56   152   174   147   188 0.84 -
DkoeA00014412-RA     -            759 53336at7147          -            310   7.9e-11   41.4   0.0   2   4   4.9e-05    0.0083   15.0   0.0   149   218   208   278   201   287 0.83 -
DkoeA00014412-RA     -            759 53336at7147          -            310   7.9e-11   41.4   0.0   3   4     0.016       2.6    6.8   0.0   128   217   282   371   277   384 0.75 -
DkoeA00014412-RA     -            759 53336at7147          -            310   7.9e-11   41.4   0.0   4   4   2.1e-05    0.0036   16.2   0.0    99   275   340   531   332   541 0.70 -
DkoeA00013501-RA     -            439 53336at7147          -            310   1.3e-10   40.7   0.0   1   1   5.1e-12   8.6e-10   38.0   0.0    33   223   116   334   111   346 0.72 -
DkoeA00004642-RA     -           1580 53336at7147          -            310   3.4e-10   39.3   0.0   1   3       3.2   5.3e+02   -0.8   0.0   102   132    62    95    57   117 0.68 -
DkoeA00004642-RA     -           1580 53336at7147          -            310   3.4e-10   39.3   0.0   2   3    0.0053      0.89    8.4   0.0    30    55   160   185   130   205 0.78 -
DkoeA00004642-RA     -           1580 53336at7147          -            310   3.4e-10   39.3   0.0   3   3   4.4e-08   7.4e-06   25.1   0.0   100   234   264   402   259   416 0.78 -
DkoeA00007511-RA     -           1254 53336at7147          -            310     5e-10   38.8   0.1   1   4     0.024       4.1    6.2   0.0    35    54   229   248   211   273 0.73 -
DkoeA00007511-RA     -           1254 53336at7147          -            310     5e-10   38.8   0.1   2   4    0.0055      0.93    8.3   0.0   151   212   292   354   288   367 0.74 -
DkoeA00007511-RA     -           1254 53336at7147          -            310     5e-10   38.8   0.1   3   4     0.056       9.4    5.0   0.0   127   177   484   541   437   550 0.63 -
DkoeA00007511-RA     -           1254 53336at7147          -            310     5e-10   38.8   0.1   4   4     1e-05    0.0018   17.2   0.1    90   164   528   616   495   627 0.75 -
DkoeA00010918-RA     -            293 53336at7147          -            310   5.2e-10   38.7   0.1   1   2     0.099        17    4.2   0.0   120   171    29    83    13   100 0.78 -
DkoeA00010918-RA     -            293 53336at7147          -            310   5.2e-10   38.7   0.1   2   2   2.6e-10   4.4e-08   32.4   0.0   101   227   109   245    99   255 0.76 -
DkoeA00017464-RA     -           1049 53336at7147          -            310     8e-10   38.1   0.2   1   4     0.017       2.9    6.7   0.0    35    54   168   187   160   204 0.75 -
DkoeA00017464-RA     -           1049 53336at7147          -            310     8e-10   38.1   0.2   2   4      0.29        50    2.6   0.1   150   214   328   392   299   413 0.75 -
DkoeA00017464-RA     -           1049 53336at7147          -            310     8e-10   38.1   0.2   3   4      0.65   1.1e+02    1.5   0.0   140   178   415   459   394   463 0.67 -
DkoeA00017464-RA     -           1049 53336at7147          -            310     8e-10   38.1   0.2   4   4   3.6e-07     6e-05   22.1   0.0    92   218   447   592   443   601 0.76 -
DkoeA00012691-RA     -            261 53336at7147          -            310     2e-09   36.8   0.0   1   1   1.6e-11   2.7e-09   36.3   0.0   129   225     5   108     2   125 0.85 -
DkoeA00012650-RA     -            492 53336at7147          -            310   3.4e-09   36.0   0.0   1   4      0.71   1.2e+02    1.4   0.0   173   228    83   139    60   153 0.62 -
DkoeA00012650-RA     -            492 53336at7147          -            310   3.4e-09   36.0   0.0   2   4   1.8e-06   0.00031   19.7   0.0   105   210   102   212    89   216 0.68 -
DkoeA00012650-RA     -            492 53336at7147          -            310   3.4e-09   36.0   0.0   3   4   1.8e-05     0.003   16.5   0.1    36   100   195   267   193   273 0.83 -
DkoeA00012650-RA     -            492 53336at7147          -            310   3.4e-09   36.0   0.0   4   4    0.0026      0.44    9.4   0.0   150   223   285   357   280   370 0.70 -
DkoeA00013255-RA     -            655 53336at7147          -            310   4.9e-09   35.5   3.7   1   3       0.3        50    2.6   0.0   123   184    17    75    14    83 0.84 -
DkoeA00013255-RA     -            655 53336at7147          -            310   4.9e-09   35.5   3.7   2   3      0.12        21    3.9   1.6    94   129    86   121    70   145 0.74 -
DkoeA00013255-RA     -            655 53336at7147          -            310   4.9e-09   35.5   3.7   3   3   1.1e-08   1.9e-06   27.0   0.0   100   221   475   602   464   613 0.77 -
DkoeA00005693-RA     -            235 53336at7147          -            310   7.5e-09   34.9   0.0   1   1     6e-11     1e-08   34.5   0.0   133   229    10   112     3   128 0.85 -
DkoeA00013201-RA     -           1582 53336at7147          -            310   1.1e-08   34.3   7.6   1   6       2.3   3.8e+02   -0.3   0.0   136   208    44   115    42   126 0.64 -
DkoeA00013201-RA     -           1582 53336at7147          -            310   1.1e-08   34.3   7.6   2   6    0.0007      0.12   11.2   0.2   141   235   390   496   375   508 0.69 -
DkoeA00013201-RA     -           1582 53336at7147          -            310   1.1e-08   34.3   7.6   3   6     0.005      0.84    8.4   0.1   104   218   450   578   443   596 0.58 -
DkoeA00013201-RA     -           1582 53336at7147          -            310   1.1e-08   34.3   7.6   4   6       1.3   2.3e+02    0.5   0.0   102   163   549   614   533   621 0.55 -
DkoeA00013201-RA     -           1582 53336at7147          -            310   1.1e-08   34.3   7.6   5   6     0.051       8.6    5.1   0.1   158   236   725   810   708   816 0.68 -
DkoeA00013201-RA     -           1582 53336at7147          -            310   1.1e-08   34.3   7.6   6   6   4.4e-06   0.00074   18.5   0.2   105   226   761   895   755   905 0.70 -
DkoeA00013040-RA     -            940 53336at7147          -            310   2.5e-08   33.2   0.1   1   3     0.049       8.2    5.2   0.0    36    53   101   118    94   150 0.66 -
DkoeA00013040-RA     -            940 53336at7147          -            310   2.5e-08   33.2   0.1   2   3       2.5   4.2e+02   -0.4   0.0   165   213   277   324   257   329 0.68 -
DkoeA00013040-RA     -            940 53336at7147          -            310   2.5e-08   33.2   0.1   3   3   1.4e-07   2.4e-05   23.4   0.0   100   219   397   526   381   539 0.80 -
DkoeA00015822-RA     -           1655 53336at7147          -            310   2.8e-08   33.0   0.6   1   2      0.77   1.3e+02    1.3   0.0    36    56   116   136   112   157 0.67 -
DkoeA00015822-RA     -           1655 53336at7147          -            310   2.8e-08   33.0   0.6   2   2   2.9e-09   4.9e-07   28.9   0.1   104   232  1083  1223  1074  1237 0.76 -
DkoeA00005695-RA     -            183 53336at7147          -            310   3.8e-08   32.6   0.0   1   2   1.5e-05    0.0025   16.8   0.1   183   213    38    68     4    95 0.68 -
DkoeA00005695-RA     -            183 53336at7147          -            310   3.8e-08   32.6   0.0   2   2     7e-05     0.012   14.5   0.0   148   214    97   167    70   179 0.72 -
DkoeA00013450-RA     -           1358 53336at7147          -            310   3.9e-08   32.5   0.1   1   2   1.2e-06    0.0002   20.4   0.0    61   226   812   983   801   987 0.75 -
DkoeA00013450-RA     -           1358 53336at7147          -            310   3.9e-08   32.5   0.1   2   2   0.00022     0.036   12.9   0.1   100   216   944  1070   940  1089 0.67 -
DkoeA00010985-RA     -           1295 53336at7147          -            310   4.4e-08   32.4   0.0   1   5       0.1        17    4.2   0.0   195   220    66    91     3   103 0.71 -
DkoeA00010985-RA     -           1295 53336at7147          -            310   4.4e-08   32.4   0.0   2   5   0.00014     0.024   13.5   0.0   111   222    69   188    51   198 0.72 -
DkoeA00010985-RA     -           1295 53336at7147          -            310   4.4e-08   32.4   0.0   3   5   6.5e-07   0.00011   21.2   0.0    99   233   152   291   123   299 0.80 -
DkoeA00010985-RA     -           1295 53336at7147          -            310   4.4e-08   32.4   0.0   4   5    0.0014      0.23   10.3   0.0   101   174   246   328   237   386 0.52 -
DkoeA00010985-RA     -           1295 53336at7147          -            310   4.4e-08   32.4   0.0   5   5       2.4   4.1e+02   -0.4   0.0    99   129   440   471   424   480 0.77 -
DkoeA00011854-RA     -            902 53336at7147          -            310     5e-08   32.2   0.0   1   1   5.7e-10   9.6e-08   31.2   0.0   135   224   333   433   326   443 0.79 -
DkoeA00004877-RA     -            214 53336at7147          -            310   6.8e-08   31.7   0.5   1   1   4.8e-09   8.1e-07   28.2   0.5     9    73    96   180    89   194 0.71 -
DkoeA00009018-RA     -            160 53336at7147          -            310   9.5e-08   31.3   0.7   1   1   6.6e-10   1.1e-07   31.0   0.7   119   224    13   122     5   146 0.76 -
DkoeA00012951-RA     -           2966 53336at7147          -            310   9.6e-08   31.3   0.2   1   3    0.0066       1.1    8.0   0.0   145   218  2595  2666  2588  2684 0.62 -
DkoeA00012951-RA     -           2966 53336at7147          -            310   9.6e-08   31.3   0.2   2   3     0.096        16    4.2   0.0    30    64  2734  2768  2710  2783 0.74 -
DkoeA00012951-RA     -           2966 53336at7147          -            310   9.6e-08   31.3   0.2   3   3   8.4e-05     0.014   14.3   0.0   150   219  2839  2906  2833  2938 0.78 -
DkoeA00016845-RA     -           1182 53336at7147          -            310   1.5e-07   30.6   0.0   1   2    0.0068       1.2    8.0   0.0   105   131   190   216   180   236 0.57 -
DkoeA00016845-RA     -           1182 53336at7147          -            310   1.5e-07   30.6   0.0   2   2   4.5e-06   0.00076   18.4   0.0    32   215   286   402   272   416 0.49 -
DkoeA00008121-RA     -            912 53336at7147          -            310   8.9e-07   28.1   0.0   1   3         7   1.2e+03   -1.9   0.0   164   244    97   171    93   177 0.63 -
DkoeA00008121-RA     -            912 53336at7147          -            310   8.9e-07   28.1   0.0   2   3       0.1        17    4.1   0.0   100   127   208   235   197   243 0.88 -
DkoeA00008121-RA     -            912 53336at7147          -            310   8.9e-07   28.1   0.0   3   3   1.7e-06   0.00029   19.8   0.0   106   223   317   438   305   449 0.80 -
DkoeA00000024-RA     -           1444 53336at7147          -            310   1.1e-06   27.7   0.0   1   2   0.00032     0.054   12.4   0.0   163   230   173   238   139   251 0.78 -
DkoeA00000024-RA     -           1444 53336at7147          -            310   1.1e-06   27.7   0.0   2   2   0.00026     0.044   12.6   0.0   162   221   268   325   264   354 0.79 -
DkoeA00009346-RA     -           1293 53336at7147          -            310   2.2e-06   26.7   0.0   1   2   0.00021     0.036   12.9   0.0    96   131   212   247   168   256 0.78 -
DkoeA00009346-RA     -           1293 53336at7147          -            310   2.2e-06   26.7   0.0   2   2    0.0033      0.56    9.0   0.0    99   132   404   437   320   451 0.79 -
DkoeA00005111-RA     -            210 53336at7147          -            310   3.9e-06   26.0   0.0   1   1   5.2e-08   8.9e-06   24.8   0.0   102   175   120   202   112   209 0.84 -
DkoeA00013467-RA     -           1169 53336at7147          -            310   5.2e-06   25.5   0.0   1   2    0.0079       1.3    7.8   0.0   176   213    94   131    76   154 0.68 -
DkoeA00013467-RA     -           1169 53336at7147          -            310   5.2e-06   25.5   0.0   2   2   5.4e-05    0.0091   14.9   0.0   102   219   411   539   381   550 0.77 -
DkoeA00008578-RA     -            895 53336at7147          -            310   8.9e-06   24.8   0.0   1   1   1.2e-07   2.1e-05   23.6   0.0   140   235   312   411   302   419 0.80 -
DkoeA00001016-RA     -            310 53336at7147          -            310     9e-06   24.8   0.0   1   3   5.8e-05    0.0097   14.8   0.0   142   227    74   170    63   178 0.69 -
DkoeA00001016-RA     -            310 53336at7147          -            310     9e-06   24.8   0.0   2   3       1.5   2.6e+02    0.3   0.0     7    31   181   212   175   218 0.66 -
DkoeA00001016-RA     -            310 53336at7147          -            310     9e-06   24.8   0.0   3   3     0.034       5.8    5.7   0.0   104   126   239   261   229   281 0.68 -
DkoeA00011267-RA     -           1423 53336at7147          -            310   9.7e-06   24.7   2.2   1   1   1.3e-07   2.2e-05   23.5   2.2   100   268    88   279    78   310 0.74 -
DkoeA00014279-RA     -            271 53336at7147          -            310   1.1e-05   24.5   0.0   1   2      0.33        56    2.4   0.0   144   221    67   147    45   162 0.71 -
DkoeA00014279-RA     -            271 53336at7147          -            310   1.1e-05   24.5   0.0   2   2   1.5e-06   0.00025   20.0   0.0   149   224   192   265   172   268 0.84 -
DkoeA00000882-RA     -            402 53336at7147          -            310   1.4e-05   24.2   0.1   1   2    0.0016      0.26   10.1   0.0   180   226   138   185    87   195 0.67 -
DkoeA00000882-RA     -            402 53336at7147          -            310   1.4e-05   24.2   0.1   2   2   0.00039     0.066   12.1   0.0   148   253   198   313   193   322 0.77 -
DkoeA00005110-RA     -            202 53336at7147          -            310   1.4e-05   24.1   1.2   1   2   1.7e-07   2.9e-05   23.1   0.0   191   234    23    67     3   110 0.84 -
DkoeA00005110-RA     -            202 53336at7147          -            310   1.4e-05   24.1   1.2   2   2       3.2   5.4e+02   -0.8   0.3    74    91   156   173   146   180 0.76 -
DkoeA00007871-RA     -            196 53336at7147          -            310   2.6e-05   23.3   2.2   1   2   0.00011     0.019   13.8   0.1   188   211    89   112    16   125 0.61 -
DkoeA00007871-RA     -            196 53336at7147          -            310   2.6e-05   23.3   2.2   2   2   2.3e-05    0.0039   16.1   0.2   105   161    93   157    78   190 0.51 -
DkoeA00005773-RA     -            324 53336at7147          -            310   3.1e-05   23.0   0.0   1   1   2.1e-06   0.00035   19.5   0.0   106   230   150   292   146   303 0.75 -
DkoeA00014527-RA     -            566 53336at7147          -            310     8e-05   21.6   0.0   1   3   2.6e-05    0.0044   15.9   0.0   140   213   245   322   237   345 0.79 -
DkoeA00014527-RA     -            566 53336at7147          -            310     8e-05   21.6   0.0   2   3       2.2   3.7e+02   -0.2   0.0   129   171   460   507   453   513 0.66 -
DkoeA00014527-RA     -            566 53336at7147          -            310     8e-05   21.6   0.0   3   3      0.92   1.5e+02    1.0   0.0   103   124   517   538   512   560 0.84 -
DkoeA00005814-RA     -           1762 53336at7147          -            310   9.9e-05   21.4   0.0   1   2   6.3e-06    0.0011   18.0   0.0   100   218    48   173     9   186 0.80 -
DkoeA00005814-RA     -           1762 53336at7147          -            310   9.9e-05   21.4   0.0   2   2       1.7   2.8e+02    0.1   0.0   225   306  1426  1509  1358  1511 0.59 -
DkoeA00010919-RA     -            324 53336at7147          -            310   0.00014   20.8   0.0   1   1   1.2e-05     0.002   17.0   0.0   105   229   117   251   113   269 0.75 -
DkoeA00001105-RA     -            506 53336at7147          -            310   0.00026   20.0   0.1   1   2         2   3.3e+02   -0.1   0.0   131   174   235   282   205   295 0.73 -
DkoeA00001105-RA     -            506 53336at7147          -            310   0.00026   20.0   0.1   2   2     0.033       5.6    5.7   0.0    97   127   427   457   420   464 0.82 -
DkoeA00006878-RA     -            230 53336at7147          -            310   0.00029   19.8   0.2   1   4    0.0026      0.44    9.4   0.0   186   210    48    72    34    80 0.59 -
DkoeA00006878-RA     -            230 53336at7147          -            310   0.00029   19.8   0.2   2   4    0.0018      0.31    9.9   0.0    32    56    51    75    44   114 0.75 -
DkoeA00006878-RA     -            230 53336at7147          -            310   0.00029   19.8   0.2   3   4       3.1   5.3e+02   -0.7   0.1    18    32   119   133    99   147 0.73 -
DkoeA00006878-RA     -            230 53336at7147          -            310   0.00029   19.8   0.2   4   4     0.019       3.2    6.5   0.0   104   128   151   175   141   207 0.85 -
DkoeA00010358-RA     -            161 53336at7147          -            310   0.00038   19.4   0.0   1   1   3.3e-06   0.00056   18.9   0.0   190   229    17    56     5    64 0.89 -
DkoeA00012692-RA     -             62 53336at7147          -            310   0.00052   19.0   0.0   1   1   3.5e-06    0.0006   18.8   0.0   183   212    10    39     6    47 0.92 -
DkoeA00010538-RA     -            663 53336at7147          -            310   0.00064   18.7   0.2   1   2    0.0029      0.49    9.2   0.0    32    65   479   515   470   526 0.76 -
DkoeA00010538-RA     -            663 53336at7147          -            310   0.00064   18.7   0.2   2   2     0.013       2.2    7.1   0.0    33    54   586   607   535   625 0.71 -
DkoeA00001721-RA     -             99 53336at7147          -            310   0.00097   18.1   0.0   1   1   6.8e-06    0.0012   17.8   0.0    71   129    26    86     7    94 0.77 -
DkoeA00001005-RA     -            596 53336at7147          -            310    0.0013   17.6   0.0   1   1   6.9e-05     0.012   14.5   0.0   105   215   402   533   393   551 0.72 -
DkoeA00016030-RA     -           1842 53336at7147          -            310    0.0014   17.6   0.1   1   1   2.7e-05    0.0046   15.9   0.0   103   271     7   188     3   196 0.70 -
DkoeA00010887-RA     -            694 53336at7147          -            310    0.0014   17.6   0.0   1   2   0.00025     0.042   12.7   0.0   189   227   285   324   213   351 0.54 -
DkoeA00010887-RA     -            694 53336at7147          -            310    0.0014   17.6   0.0   2   2      0.47        79    2.0   0.0    31    52   537   558   525   579 0.73 -
DkoeA00013131-RA     -            392 53336at7147          -            310    0.0017   17.3   0.0   1   4       7.9   1.3e+03   -2.1   0.0    34    57   104   128   102   133 0.66 -
DkoeA00013131-RA     -            392 53336at7147          -            310    0.0017   17.3   0.0   2   4         1   1.7e+02    0.9   0.0   225   253   199   227   196   232 0.91 -
DkoeA00013131-RA     -            392 53336at7147          -            310    0.0017   17.3   0.0   3   4   0.00056     0.094   11.6   0.0   191   218   309   336   212   352 0.78 -
DkoeA00013131-RA     -            392 53336at7147          -            310    0.0017   17.3   0.0   4   4   0.00061       0.1   11.4   0.0   191   219   309   337   275   380 0.77 -
DkoeA00008259-RA     -            293 53336at7147          -            310    0.0018   17.2   0.0   1   2     0.017       2.9    6.7   0.0    31    53   127   149   111   155 0.87 -
DkoeA00008259-RA     -            293 53336at7147          -            310    0.0018   17.2   0.0   2   2    0.0059      0.99    8.2   0.0   150   229   181   267   176   275 0.65 -
DkoeA00014576-RA     -            283 53336at7147          -            310    0.0037   16.2   0.0   1   2   0.00077      0.13   11.1   0.0    33   121   119   215   114   216 0.64 -
DkoeA00014576-RA     -            283 53336at7147          -            310    0.0037   16.2   0.0   2   2     0.049       8.3    5.2   0.0   177   236   184   242   171   252 0.74 -
DkoeA00013132-RA     -            390 53336at7147          -            310    0.0044   15.9   0.0   1   2     0.041       6.9    5.4   0.0   104   124   103   123    91   157 0.70 -
DkoeA00013132-RA     -            390 53336at7147          -            310    0.0044   15.9   0.0   2   2    0.0053       0.9    8.3   0.0   183   227   235   279   212   286 0.87 -
DkoeA00007969-RA     -            414 53336at7147          -            310    0.0049   15.8   0.0   1   1   4.6e-05    0.0078   15.1   0.0   117   219   178   280   142   287 0.77 -
DkoeA00006191-RA     -            739 53336at7147          -            310     0.006   15.5   0.8   1   3     0.022       3.7    6.3   0.0    35    64    46    75    41    83 0.86 -
DkoeA00006191-RA     -            739 53336at7147          -            310     0.006   15.5   0.8   2   3     0.059        10    4.9   0.2   140   212    94   173    87   203 0.79 -
DkoeA00006191-RA     -            739 53336at7147          -            310     0.006   15.5   0.8   3   3       1.2     2e+02    0.6   0.0   148   181   209   245   191   285 0.69 -
DkoeA00000399-RA     -            170 53336at7147          -            310    0.0066   15.3   0.0   1   1   5.2e-05    0.0088   14.9   0.0   139   212    74   152    47   159 0.75 -
DkoeA00005603-RA     -            604 53336at7147          -            310    0.0084   15.0   0.0   1   2     0.014       2.4    6.9   0.0    32    65   368   404   363   452 0.63 -
DkoeA00005603-RA     -            604 53336at7147          -            310    0.0084   15.0   0.0   2   2     0.033       5.6    5.7   0.0   166   211   496   541   473   567 0.79 -
DkoeA00005554-RA     -            716 53336at7147          -            310    0.0095   14.8   0.3   1   2      0.49        83    1.9   0.0    33    55   128   150   122   154 0.90 -
DkoeA00005554-RA     -            716 53336at7147          -            310    0.0095   14.8   0.3   2   2    0.0019      0.32    9.8   0.0    96   220   226   356   222   370 0.74 -
DkoeA00000815-RA     -            374 53336at7147          -            310    0.0096   14.8   0.9   1   4     0.038       6.5    5.5   0.0   164   210    47    93    39   102 0.84 -
DkoeA00000815-RA     -            374 53336at7147          -            310    0.0096   14.8   0.9   2   4       1.9   3.3e+02   -0.1   0.0    10    17   243   250   145   296 0.57 -
DkoeA00000815-RA     -            374 53336at7147          -            310    0.0096   14.8   0.9   3   4       1.6   2.7e+02    0.2   0.1   150   183   243   280   213   328 0.53 -
DkoeA00000815-RA     -            374 53336at7147          -            310    0.0096   14.8   0.9   4   4     0.038       6.5    5.5   0.3   127   165   331   369   260   371 0.78 -
DkoeA00000268-RA     -           1635 53336at7147          -            310     0.011   14.6   0.2   1   2      0.17        29    3.4   0.3   188   223  1017  1052   980  1102 0.82 -
DkoeA00000268-RA     -           1635 53336at7147          -            310     0.011   14.6   0.2   2   2    0.0038      0.64    8.8   0.0   184   223  1120  1160  1057  1174 0.72 -
DkoeA00016777-RA     -            304 53336at7147          -            310     0.023   13.6   0.1   1   2      0.98   1.7e+02    0.9   0.0    33    49    83    99    10   133 0.69 -
DkoeA00016777-RA     -            304 53336at7147          -            310     0.023   13.6   0.1   2   2    0.0011      0.18   10.6   0.0   102   128   189   215   155   250 0.80 -
DkoeA00000398-RA     -            210 53336at7147          -            310     0.051   12.4   0.1   1   1    0.0013      0.22   10.3   0.0    91   127   160   194   150   204 0.83 -
DkoeA00001722-RA     -            440 53336at7147          -            310      0.12   11.2   0.0   1   3    0.0056      0.95    8.3   0.0    32    53   109   130    98   159 0.78 -
DkoeA00001722-RA     -            440 53336at7147          -            310      0.12   11.2   0.0   2   3       9.3   1.6e+03   -2.3   0.0    67    93   314   340   307   349 0.68 -
DkoeA00001722-RA     -            440 53336at7147          -            310      0.12   11.2   0.0   3   3       6.3   1.1e+03   -1.7   0.0   195   211   385   401   370   419 0.57 -
DkoeA00005381-RA     -           1015 53336at7147          -            310      0.32    9.8   0.0   1   1    0.0019      0.32    9.8   0.0   188   223   381   416   364   425 0.65 -
#
# Program:         hmmsearch
# Version:         3.1b2 (February 2015)
# Pipeline mode:   SEARCH
# Query file:      /home/nmoreyra/Documents/Genomics/03_orthologs_search/00_Phylogenomics_BUSCO-groups/busco4_odb10/busco_downloads/lineages/diptera_odb10/hmms/53336at7147.hmm
# Target file:     /home/nmoreyra/Documents/Genomics/03_orthologs_search/00_Phylogenomics_BUSCO-groups/busco4_odb10/../00_proteins/DkoeA_proteins.fasta
# Option settings: /home/nmoreyra/Software/miniconda3/envs/busco4/bin/hmmsearch --domtblout /home/nmoreyra/Documents/Genomics/03_orthologs_search/00_Phylogenomics_BUSCO-groups/busco4_odb10/DkoeA_diptera/run_diptera_odb10/hmmer_output/initial_run_results/53336at7147.out --cpu 1 /home/nmoreyra/Documents/Genomics/03_orthologs_search/00_Phylogenomics_BUSCO-groups/busco4_odb10/busco_downloads/lineages/diptera_odb10/hmms/53336at7147.hmm /home/nmoreyra/Documents/Genomics/03_orthologs_search/00_Phylogenomics_BUSCO-groups/busco4_odb10/../00_proteins/DkoeA_proteins.fasta 
# Current dir:     /home/nmoreyra/Documents/Genomics/03_orthologs_search/00_Phylogenomics_BUSCO-groups/busco4_odb10
# Date:            Mon Jan 25 14:00:30 2021
# [ok]
