#                                                                            --- full sequence --- -------------- this domain -------------   hmm coord   ali coord   env coord
# target name        accession   tlen query name           accession   qlen   E-value  score  bias   #  of  c-Evalue  i-Evalue  score  bias  from    to  from    to  from    to  acc description of target
#------------------- ---------- ----- -------------------- ---------- ----- --------- ------ ----- --- --- --------- --------- ------ ----- ----- ----- ----- ----- ----- ----- ---- ---------------------
DkoeA00001129-RA     -            215 58470at7147          -            163   9.2e-90  298.7   2.3   1   1   2.7e-93   1.2e-89  298.4   2.3     1   163    27   204    27   204 0.94 -
DkoeA00005491-RA     -            744 58470at7147          -            163   2.3e-16   60.0   1.0   1   2   1.2e-19   5.2e-16   58.9   0.4     1   113   315   435   315   453 0.78 -
DkoeA00005491-RA     -            744 58470at7147          -            163   2.3e-16   60.0   1.0   2   2      0.36   1.6e+03   -1.2   0.0    91   114   474   497   443   509 0.66 -
DkoeA00000360-RA     -            900 58470at7147          -            163   1.7e-12   47.4   1.4   1   1   2.7e-14   1.2e-10   41.5   1.4     4   145   471   640   468   664 0.68 -
DkoeA00006188-RA     -           5144 58470at7147          -            163      0.23   11.3   0.6   1   3     0.067   2.9e+02    1.2   0.0    98   128    86   116    70   127 0.81 -
DkoeA00006188-RA     -           5144 58470at7147          -            163      0.23   11.3   0.6   2   3    0.0013       5.8    6.7   0.0    43    82   139   178   127   189 0.87 -
DkoeA00006188-RA     -           5144 58470at7147          -            163      0.23   11.3   0.6   3   3       1.2   5.2e+03   -2.9   0.0   115   129   279   293   276   295 0.87 -
#
# Program:         hmmsearch
# Version:         3.1b2 (February 2015)
# Pipeline mode:   SEARCH
# Query file:      /home/nmoreyra/Documents/Genomics/03_orthologs_search/00_Phylogenomics_BUSCO-groups/busco4_odb10/busco_downloads/lineages/diptera_odb10/hmms/58470at7147.hmm
# Target file:     /home/nmoreyra/Documents/Genomics/03_orthologs_search/00_Phylogenomics_BUSCO-groups/busco4_odb10/../00_proteins/DkoeA_proteins.fasta
# Option settings: /home/nmoreyra/Software/miniconda3/envs/busco4/bin/hmmsearch --domtblout /home/nmoreyra/Documents/Genomics/03_orthologs_search/00_Phylogenomics_BUSCO-groups/busco4_odb10/DkoeA_diptera/run_diptera_odb10/hmmer_output/initial_run_results/58470at7147.out --cpu 1 /home/nmoreyra/Documents/Genomics/03_orthologs_search/00_Phylogenomics_BUSCO-groups/busco4_odb10/busco_downloads/lineages/diptera_odb10/hmms/58470at7147.hmm /home/nmoreyra/Documents/Genomics/03_orthologs_search/00_Phylogenomics_BUSCO-groups/busco4_odb10/../00_proteins/DkoeA_proteins.fasta 
# Current dir:     /home/nmoreyra/Documents/Genomics/03_orthologs_search/00_Phylogenomics_BUSCO-groups/busco4_odb10
# Date:            Mon Jan 25 14:01:11 2021
# [ok]
