#                                                                            --- full sequence --- -------------- this domain -------------   hmm coord   ali coord   env coord
# target name        accession   tlen query name           accession   qlen   E-value  score  bias   #  of  c-Evalue  i-Evalue  score  bias  from    to  from    to  from    to  acc description of target
#------------------- ---------- ----- -------------------- ---------- ----- --------- ------ ----- --- --- --------- --------- ------ ----- ----- ----- ----- ----- ----- ----- ---- ---------------------
DkoeA00000585-RA     -            207 58630at7147          -             94   1.1e-46  157.0   3.5   1   1   3.3e-50   1.5e-46  156.6   3.5     1    93   107   206   107   207 0.96 -
DkoeA00006930-RA     -            719 58630at7147          -             94   4.7e-07   30.0   0.0   1   3     0.011        49    4.3   0.0    10    79   158   222   152   233 0.71 -
DkoeA00006930-RA     -            719 58630at7147          -             94   4.7e-07   30.0   0.0   2   3   0.00031       1.4    9.3   0.0    10    55   353   402   347   419 0.82 -
DkoeA00006930-RA     -            719 58630at7147          -             94   4.7e-07   30.0   0.0   3   3     5e-05      0.22   11.8   0.0    10    58   633   685   630   704 0.86 -
DkoeA00009458-RA     -            427 58630at7147          -             94   0.00055   20.2   0.1   1   3    0.0087        38    4.6   0.0     8    25   133   150   126   190 0.76 -
DkoeA00009458-RA     -            427 58630at7147          -             94   0.00055   20.2   0.1   2   3         1   4.6e+03   -2.0   0.0    57    77   302   322   288   325 0.83 -
DkoeA00009458-RA     -            427 58630at7147          -             94   0.00055   20.2   0.1   3   3   4.1e-05      0.18   12.1   0.0     7    80   341   416   335   425 0.73 -
DkoeA00008545-RA     -            273 58630at7147          -             94    0.0079   16.5   0.1   1   1   3.1e-06     0.014   15.7   0.1    10    88   183   265   173   271 0.83 -
#
# Program:         hmmsearch
# Version:         3.1b2 (February 2015)
# Pipeline mode:   SEARCH
# Query file:      /home/nmoreyra/Documents/Genomics/03_orthologs_search/00_Phylogenomics_BUSCO-groups/busco4_odb10/busco_downloads/lineages/diptera_odb10/hmms/58630at7147.hmm
# Target file:     /home/nmoreyra/Documents/Genomics/03_orthologs_search/00_Phylogenomics_BUSCO-groups/busco4_odb10/../00_proteins/DkoeA_proteins.fasta
# Option settings: /home/nmoreyra/Software/miniconda3/envs/busco4/bin/hmmsearch --domtblout /home/nmoreyra/Documents/Genomics/03_orthologs_search/00_Phylogenomics_BUSCO-groups/busco4_odb10/DkoeA_diptera/run_diptera_odb10/hmmer_output/initial_run_results/58630at7147.out --cpu 1 /home/nmoreyra/Documents/Genomics/03_orthologs_search/00_Phylogenomics_BUSCO-groups/busco4_odb10/busco_downloads/lineages/diptera_odb10/hmms/58630at7147.hmm /home/nmoreyra/Documents/Genomics/03_orthologs_search/00_Phylogenomics_BUSCO-groups/busco4_odb10/../00_proteins/DkoeA_proteins.fasta 
# Current dir:     /home/nmoreyra/Documents/Genomics/03_orthologs_search/00_Phylogenomics_BUSCO-groups/busco4_odb10
# Date:            Mon Jan 25 14:01:21 2021
# [ok]
