#                                                                            --- full sequence --- -------------- this domain -------------   hmm coord   ali coord   env coord
# target name        accession   tlen query name           accession   qlen   E-value  score  bias   #  of  c-Evalue  i-Evalue  score  bias  from    to  from    to  from    to  acc description of target
#------------------- ---------- ----- -------------------- ---------- ----- --------- ------ ----- --- --- --------- --------- ------ ----- ----- ----- ----- ----- ----- ----- ---- ---------------------
DkoeA00017992-RA     -           2599 597at7147            -           1799         0 3055.4  42.3   1   3   2.5e-14   5.4e-11   40.6   1.0     9   140   351   500   344   553 0.62 -
DkoeA00017992-RA     -           2599 597at7147            -           1799         0 3055.4  42.3   2   3   1.8e-36     4e-33  113.9   5.6   128   258   667   833   622   849 0.73 -
DkoeA00017992-RA     -           2599 597at7147            -           1799         0 3055.4  42.3   3   3         0         0 2908.6  20.7   274  1799   902  2599   854  2599 0.92 -
DkoeA00016655-RA     -           1102 597at7147            -           1799   0.00022   18.6   1.1   1   4      0.13   2.9e+02   -1.6   0.1   508   552   275   322   252   331 0.77 -
DkoeA00016655-RA     -           1102 597at7147            -           1799   0.00022   18.6   1.1   2   4     0.015        32    1.5   0.0  1155  1260   352   461   341   471 0.68 -
DkoeA00016655-RA     -           1102 597at7147            -           1799   0.00022   18.6   1.1   3   4   0.00096       2.1    5.4   0.1  1158  1305   486   649   448   664 0.64 -
DkoeA00016655-RA     -           1102 597at7147            -           1799   0.00022   18.6   1.1   4   4   0.00024      0.53    7.4   0.0  1211  1280   883   951   870  1015 0.89 -
DkoeA00009120-RA     -            892 597at7147            -           1799   0.00036   17.9   0.1   1   3      0.05   1.1e+02   -0.3   0.0  1551  1634   174   261    77   278 0.64 -
DkoeA00009120-RA     -            892 597at7147            -           1799   0.00036   17.9   0.1   2   3   1.6e-06    0.0034   14.7   0.1   702   794   395   488   370   512 0.81 -
DkoeA00009120-RA     -            892 597at7147            -           1799   0.00036   17.9   0.1   3   3      0.33   7.2e+02   -3.0   0.0   867   938   669   742   666   762 0.65 -
DkoeA00011979-RA     -           1332 597at7147            -           1799   0.00037   17.9   0.1   1   3     0.058   1.3e+02   -0.5   0.0  1171  1243   669   741   644   765 0.61 -
DkoeA00011979-RA     -           1332 597at7147            -           1799   0.00037   17.9   0.1   2   3   5.8e-06     0.013   12.8   0.0  1529  1658   939  1073   927  1172 0.68 -
DkoeA00011979-RA     -           1332 597at7147            -           1799   0.00037   17.9   0.1   3   3    0.0084        18    2.3   0.0  1223  1334  1093  1207  1043  1221 0.72 -
DkoeA00008755-RA     -            152 597at7147            -           1799       1.3    6.1   2.4   1   1   0.00066       1.5    6.0   2.4   177   229    90   142    59   149 0.81 -
DkoeA00005483-RA     -            832 597at7147            -           1799       2.1    5.4   6.8   1   1    0.0013       2.9    5.0   6.8   180   256   323   397   252   419 0.72 -
DkoeA00009927-RA     -            439 597at7147            -           1799       3.4    4.7   6.5   1   1     0.002       4.5    4.3   6.5   176   248    36   107    32   139 0.75 -
DkoeA00008797-RA     -            566 597at7147            -           1799       7.5    3.6   6.3   1   1    0.0046        10    3.2   6.3   168   236   281   351   260   374 0.77 -
#
# Program:         hmmsearch
# Version:         3.1b2 (February 2015)
# Pipeline mode:   SEARCH
# Query file:      /home/nmoreyra/Documents/Genomics/03_orthologs_search/00_Phylogenomics_BUSCO-groups/busco4_odb10/busco_downloads/lineages/diptera_odb10/hmms/597at7147.hmm
# Target file:     /home/nmoreyra/Documents/Genomics/03_orthologs_search/00_Phylogenomics_BUSCO-groups/busco4_odb10/../00_proteins/DkoeA_proteins.fasta
# Option settings: /home/nmoreyra/Software/miniconda3/envs/busco4/bin/hmmsearch --domtblout /home/nmoreyra/Documents/Genomics/03_orthologs_search/00_Phylogenomics_BUSCO-groups/busco4_odb10/DkoeA_diptera/run_diptera_odb10/hmmer_output/initial_run_results/597at7147.out --cpu 1 /home/nmoreyra/Documents/Genomics/03_orthologs_search/00_Phylogenomics_BUSCO-groups/busco4_odb10/busco_downloads/lineages/diptera_odb10/hmms/597at7147.hmm /home/nmoreyra/Documents/Genomics/03_orthologs_search/00_Phylogenomics_BUSCO-groups/busco4_odb10/../00_proteins/DkoeA_proteins.fasta 
# Current dir:     /home/nmoreyra/Documents/Genomics/03_orthologs_search/00_Phylogenomics_BUSCO-groups/busco4_odb10
# Date:            Mon Jan 25 14:00:57 2021
# [ok]
