#                                                                            --- full sequence --- -------------- this domain -------------   hmm coord   ali coord   env coord
# target name        accession   tlen query name           accession   qlen   E-value  score  bias   #  of  c-Evalue  i-Evalue  score  bias  from    to  from    to  from    to  acc description of target
#------------------- ---------- ----- -------------------- ---------- ----- --------- ------ ----- --- --- --------- --------- ------ ----- ----- ----- ----- ----- ----- ----- ---- ---------------------
DkoeA00001050-RA     -            151 63429at7147          -            122   1.4e-80  267.1   0.3   1   1   2.7e-83   1.6e-80  266.9   0.3     1   122    18   143    18   143 0.98 -
DkoeA00001221-RA     -            147 63429at7147          -            122   3.1e-33  114.2   0.0   1   1   6.1e-36   3.7e-33  114.0   0.0     2   118    16   136    15   140 0.94 -
DkoeA00011248-RA     -            176 63429at7147          -            122   1.4e-30  105.6   0.1   1   1   3.2e-33   1.9e-30  105.2   0.1    10   119    56   165    46   168 0.91 -
DkoeA00005654-RA     -            380 63429at7147          -            122   1.6e-30  105.5   0.0   1   1   5.1e-33   3.1e-30  104.6   0.0    12   119   127   235   113   238 0.93 -
DkoeA00009412-RA     -            151 63429at7147          -            122   7.4e-30  103.4   0.0   1   1   1.5e-32     9e-30  103.1   0.0    11   119    30   139    17   142 0.90 -
DkoeA00011989-RA     -            159 63429at7147          -            122   8.5e-30  103.2   0.0   1   1   1.7e-32     1e-29  102.9   0.0     7   122    32   150    26   150 0.93 -
DkoeA00005658-RA     -            221 63429at7147          -            122   3.8e-28   97.8   0.2   1   2   1.1e-29   6.5e-27   93.8   0.0    12   117    29   135    19   139 0.96 -
DkoeA00005658-RA     -            221 63429at7147          -            122   3.8e-28   97.8   0.2   2   2      0.31   1.9e+02    1.9   0.0    87   109   192   214   179   220 0.81 -
DkoeA00005225-RA     -            240 63429at7147          -            122   4.7e-27   94.3   0.0   1   1   1.3e-29   8.1e-27   93.5   0.0     2   118   109   229   108   233 0.92 -
DkoeA00000513-RA     -            325 63429at7147          -            122   1.9e-25   89.1   1.1   1   1   2.3e-27   1.4e-24   86.3   1.1    11   113    71   187    64   195 0.88 -
DkoeA00010431-RA     -            173 63429at7147          -            122   9.3e-25   86.9   0.1   1   1   1.6e-26   9.9e-24   83.6   0.1     6   120    34   162    29   164 0.88 -
DkoeA00013011-RA     -            168 63429at7147          -            122   1.6e-24   86.1   0.2   1   1   2.6e-26   1.6e-23   82.9   0.2     6   120    28   156    21   158 0.88 -
DkoeA00010701-RA     -            199 63429at7147          -            122   6.1e-24   84.3   0.0   1   1   1.5e-26   8.8e-24   83.7   0.0    17   116    40   141    31   155 0.92 -
DkoeA00013326-RA     -            498 63429at7147          -            122   2.4e-23   82.3   0.0   1   1   6.8e-26   4.1e-23   81.6   0.0    15   122   375   484   361   484 0.92 -
DkoeA00016632-RA     -            767 63429at7147          -            122     5e-23   81.3   2.3   1   1   1.7e-25     1e-22   80.3   0.4     2   118   619   753   618   757 0.88 -
DkoeA00008816-RA     -            206 63429at7147          -            122     4e-22   78.4   0.0   1   1     1e-24   6.3e-22   77.7   0.0    13   121    43   152    28   153 0.92 -
DkoeA00009079-RA     -            199 63429at7147          -            122   6.4e-22   77.7   0.0   1   1   1.6e-24   9.8e-22   77.1   0.0    20   113    43   138    36   146 0.92 -
DkoeA00007389-RA     -            274 63429at7147          -            122   4.2e-21   75.1   0.1   1   1   1.1e-23   6.4e-21   74.5   0.1    11   119   159   263   147   266 0.93 -
DkoeA00014353-RA     -            182 63429at7147          -            122   4.8e-21   74.9   0.1   1   1   1.1e-23   6.4e-21   74.5   0.1    18   121    60   164    45   165 0.95 -
DkoeA00001008-RA     -            189 63429at7147          -            122   4.3e-19   68.6   0.0   1   1   9.3e-22   5.6e-19   68.2   0.0    20   120    44   147    32   149 0.90 -
DkoeA00004651-RA     -            154 63429at7147          -            122   1.6e-18   66.7   0.1   1   1   3.4e-21     2e-18   66.4   0.1    11   119    30   139    25   142 0.90 -
DkoeA00007298-RA     -            270 63429at7147          -            122   4.3e-16   58.9   0.5   1   1   1.3e-18   7.9e-16   58.1   0.5    11   115   129   234   126   241 0.88 -
DkoeA00000006-RA     -            145 63429at7147          -            122   5.3e-12   45.7   0.0   1   1   1.2e-14   7.2e-12   45.3   0.0    14    92    46   128    38   138 0.85 -
DkoeA00012866-RA     -            290 63429at7147          -            122   4.9e-09   36.1   0.0   1   1   1.6e-11   9.5e-09   35.2   0.0    11    98    43   132    31   156 0.82 -
DkoeA00009362-RA     -           1592 63429at7147          -            122   9.8e-09   35.2   0.1   1   2       2.4   1.5e+03   -0.9   0.1    41    63  1295  1317  1291  1323 0.87 -
DkoeA00009362-RA     -           1592 63429at7147          -            122   9.8e-09   35.2   0.1   2   2   1.8e-10   1.1e-07   31.8   0.0    16   117  1350  1466  1334  1470 0.76 -
DkoeA00001845-RA     -           3800 63429at7147          -            122   1.2e-08   34.9   0.4   1   2       3.4   2.1e+03   -1.4   0.0    45    76  2742  2773  2739  2783 0.81 -
DkoeA00001845-RA     -           3800 63429at7147          -            122   1.2e-08   34.9   0.4   2   2   1.1e-10   6.8e-08   32.4   0.1    15    99  3494  3594  3487  3618 0.74 -
DkoeA00001870-RA     -           4799 63429at7147          -            122   1.7e-08   34.4   0.4   1   2       4.4   2.7e+03   -1.8   0.0    45    76  3741  3772  3738  3780 0.81 -
DkoeA00001870-RA     -           4799 63429at7147          -            122   1.7e-08   34.4   0.4   2   2   1.5e-10   8.8e-08   32.1   0.1    15    99  4493  4593  4486  4617 0.74 -
DkoeA00012781-RA     -            397 63429at7147          -            122   1.2e-05   25.2   0.0   1   2         2   1.2e+03   -0.7   0.0    33    49    47    63    41    69 0.81 -
DkoeA00012781-RA     -            397 63429at7147          -            122   1.2e-05   25.2   0.0   2   2   1.2e-07   7.4e-05   22.6   0.0    34    93   287   349   260   364 0.84 -
DkoeA00007555-RA     -            256 63429at7147          -            122   1.5e-05   24.9   0.3   1   1   6.8e-08   4.1e-05   23.5   0.3    11    98    44   135    35   172 0.85 -
DkoeA00006371-RA     -            245 63429at7147          -            122     0.022   14.6   0.0   1   1   6.2e-05     0.038   13.9   0.0    12   114    48   162    38   170 0.74 -
#
# Program:         hmmsearch
# Version:         3.1b2 (February 2015)
# Pipeline mode:   SEARCH
# Query file:      /home/nmoreyra/Documents/Genomics/03_orthologs_search/00_Phylogenomics_BUSCO-groups/busco4_odb10/busco_downloads/lineages/diptera_odb10/hmms/63429at7147.hmm
# Target file:     /home/nmoreyra/Documents/Genomics/03_orthologs_search/00_Phylogenomics_BUSCO-groups/busco4_odb10/../00_proteins/DkoeA_proteins.fasta
# Option settings: /home/nmoreyra/Software/miniconda3/envs/busco4/bin/hmmsearch --domtblout /home/nmoreyra/Documents/Genomics/03_orthologs_search/00_Phylogenomics_BUSCO-groups/busco4_odb10/DkoeA_diptera/run_diptera_odb10/hmmer_output/initial_run_results/63429at7147.out --cpu 1 /home/nmoreyra/Documents/Genomics/03_orthologs_search/00_Phylogenomics_BUSCO-groups/busco4_odb10/busco_downloads/lineages/diptera_odb10/hmms/63429at7147.hmm /home/nmoreyra/Documents/Genomics/03_orthologs_search/00_Phylogenomics_BUSCO-groups/busco4_odb10/../00_proteins/DkoeA_proteins.fasta 
# Current dir:     /home/nmoreyra/Documents/Genomics/03_orthologs_search/00_Phylogenomics_BUSCO-groups/busco4_odb10
# Date:            Mon Jan 25 14:00:53 2021
# [ok]
