#                                                                            --- full sequence --- -------------- this domain -------------   hmm coord   ali coord   env coord
# target name        accession   tlen query name           accession   qlen   E-value  score  bias   #  of  c-Evalue  i-Evalue  score  bias  from    to  from    to  from    to  acc description of target
#------------------- ---------- ----- -------------------- ---------- ----- --------- ------ ----- --- --- --------- --------- ------ ----- ----- ----- ----- ----- ----- ----- ---- ---------------------
DkoeA00011598-RA     -           2114 6539at7147           -            755  3.7e-262  872.0 136.1   1  13    0.0017        30    2.7   0.0     4    29   104   129   101   145 0.81 -
DkoeA00011598-RA     -           2114 6539at7147           -            755  3.7e-262  872.0 136.1   2  13   5.6e-26   9.8e-22   77.0   0.2    26    80   170   224   140   230 0.89 -
DkoeA00011598-RA     -           2114 6539at7147           -            755  3.7e-262  872.0 136.1   3  13   2.4e-28   4.2e-24   84.9   0.1    67   138   253   324   243   327 0.90 -
DkoeA00011598-RA     -           2114 6539at7147           -            755  3.7e-262  872.0 136.1   4  13   3.6e-12   6.3e-08   31.4   3.8   137   172   353   389   337   397 0.87 -
DkoeA00011598-RA     -           2114 6539at7147           -            755  3.7e-262  872.0 136.1   5  13   1.6e-18   2.8e-14   52.4   2.2   159   215   406   464   393   516 0.75 -
DkoeA00011598-RA     -           2114 6539at7147           -            755  3.7e-262  872.0 136.1   6  13  8.5e-122  1.5e-117  393.9  43.5   212   467   523   835   519   844 0.85 -
DkoeA00011598-RA     -           2114 6539at7147           -            755  3.7e-262  872.0 136.1   7  13   6.8e-27   1.2e-22   80.1   1.0   459   509   862   912   860   958 0.87 -
DkoeA00011598-RA     -           2114 6539at7147           -            755  3.7e-262  872.0 136.1   8  13   2.9e-06     0.052   11.8   0.2   519   556  1025  1068   999  1076 0.67 -
DkoeA00011598-RA     -           2114 6539at7147           -            755  3.7e-262  872.0 136.1   9  13   5.8e-21     1e-16   60.4   0.1   549   611  1130  1192  1120  1206 0.87 -
DkoeA00011598-RA     -           2114 6539at7147           -            755  3.7e-262  872.0 136.1  10  13     0.073   1.3e+03   -2.7   0.7   247   321  1334  1420  1325  1423 0.57 -
DkoeA00011598-RA     -           2114 6539at7147           -            755  3.7e-262  872.0 136.1  11  13   6.8e-22   1.2e-17   63.5   1.8   606   681  1849  1931  1813  1943 0.85 -
DkoeA00011598-RA     -           2114 6539at7147           -            755  3.7e-262  872.0 136.1  12  13   5.6e-19   9.9e-15   53.9   1.0   674   729  1948  2021  1931  2026 0.81 -
DkoeA00011598-RA     -           2114 6539at7147           -            755  3.7e-262  872.0 136.1  13  13   3.7e-08   0.00065   18.1   0.2   718   749  2045  2076  2025  2080 0.71 -
#
# Program:         hmmsearch
# Version:         3.1b2 (February 2015)
# Pipeline mode:   SEARCH
# Query file:      /home/nmoreyra/Documents/Genomics/03_orthologs_search/00_Phylogenomics_BUSCO-groups/busco4_odb10/busco_downloads/lineages/diptera_odb10/hmms/6539at7147.hmm
# Target file:     /home/nmoreyra/Documents/Genomics/03_orthologs_search/00_Phylogenomics_BUSCO-groups/busco4_odb10/../00_proteins/DkoeA_proteins.fasta
# Option settings: /home/nmoreyra/Software/miniconda3/envs/busco4/bin/hmmsearch --domtblout /home/nmoreyra/Documents/Genomics/03_orthologs_search/00_Phylogenomics_BUSCO-groups/busco4_odb10/DkoeA_diptera/run_diptera_odb10/hmmer_output/initial_run_results/6539at7147.out --cpu 1 /home/nmoreyra/Documents/Genomics/03_orthologs_search/00_Phylogenomics_BUSCO-groups/busco4_odb10/busco_downloads/lineages/diptera_odb10/hmms/6539at7147.hmm /home/nmoreyra/Documents/Genomics/03_orthologs_search/00_Phylogenomics_BUSCO-groups/busco4_odb10/../00_proteins/DkoeA_proteins.fasta 
# Current dir:     /home/nmoreyra/Documents/Genomics/03_orthologs_search/00_Phylogenomics_BUSCO-groups/busco4_odb10
# Date:            Mon Jan 25 14:02:28 2021
# [ok]
