#                                                                            --- full sequence --- -------------- this domain -------------   hmm coord   ali coord   env coord
# target name        accession   tlen query name           accession   qlen   E-value  score  bias   #  of  c-Evalue  i-Evalue  score  bias  from    to  from    to  from    to  acc description of target
#------------------- ---------- ----- -------------------- ---------- ----- --------- ------ ----- --- --- --------- --------- ------ ----- ----- ----- ----- ----- ----- ----- ---- ---------------------
DkoeA00010959-RA     -            150 65504at7147          -            120   9.1e-58  193.7  28.4   1   2   2.4e-42   1.1e-38  132.2  14.6     1    83     3    95     3   102 0.90 -
DkoeA00010959-RA     -            150 65504at7147          -            120   9.1e-58  193.7  28.4   2   2   1.9e-21   8.1e-18   64.8   5.9    79   120   106   150   104   150 0.93 -
DkoeA00011674-RA     -            408 65504at7147          -            120      0.13   12.5   1.1   1   1   7.2e-05      0.32   11.2   1.1    47   116   282   352   279   355 0.75 -
DkoeA00011083-RA     -            145 65504at7147          -            120      0.38   11.0   5.3   1   1   0.00016      0.72   10.1   5.3    86   113     6    34     3    51 0.85 -
DkoeA00001186-RA     -            905 65504at7147          -            120       1.3    9.2  12.8   1   3   5.1e-06     0.022   15.0   4.0    69   116    11    59     5    63 0.89 -
DkoeA00001186-RA     -            905 65504at7147          -            120       1.3    9.2  12.8   2   3       1.1   4.9e+03   -2.3   0.1    64    87   530   554   515   587 0.56 -
DkoeA00001186-RA     -            905 65504at7147          -            120       1.3    9.2  12.8   3   3      0.75   3.3e+03   -1.7   0.7    37    78   576   618   551   625 0.76 -
#
# Program:         hmmsearch
# Version:         3.1b2 (February 2015)
# Pipeline mode:   SEARCH
# Query file:      /home/nmoreyra/Documents/Genomics/03_orthologs_search/00_Phylogenomics_BUSCO-groups/busco4_odb10/busco_downloads/lineages/diptera_odb10/hmms/65504at7147.hmm
# Target file:     /home/nmoreyra/Documents/Genomics/03_orthologs_search/00_Phylogenomics_BUSCO-groups/busco4_odb10/../00_proteins/DkoeA_proteins.fasta
# Option settings: /home/nmoreyra/Software/miniconda3/envs/busco4/bin/hmmsearch --domtblout /home/nmoreyra/Documents/Genomics/03_orthologs_search/00_Phylogenomics_BUSCO-groups/busco4_odb10/DkoeA_diptera/run_diptera_odb10/hmmer_output/initial_run_results/65504at7147.out --cpu 1 /home/nmoreyra/Documents/Genomics/03_orthologs_search/00_Phylogenomics_BUSCO-groups/busco4_odb10/busco_downloads/lineages/diptera_odb10/hmms/65504at7147.hmm /home/nmoreyra/Documents/Genomics/03_orthologs_search/00_Phylogenomics_BUSCO-groups/busco4_odb10/../00_proteins/DkoeA_proteins.fasta 
# Current dir:     /home/nmoreyra/Documents/Genomics/03_orthologs_search/00_Phylogenomics_BUSCO-groups/busco4_odb10
# Date:            Mon Jan 25 14:00:56 2021
# [ok]
