#                                                                            --- full sequence --- -------------- this domain -------------   hmm coord   ali coord   env coord
# target name        accession   tlen query name           accession   qlen   E-value  score  bias   #  of  c-Evalue  i-Evalue  score  bias  from    to  from    to  from    to  acc description of target
#------------------- ---------- ----- -------------------- ---------- ----- --------- ------ ----- --- --- --------- --------- ------ ----- ----- ----- ----- ----- ----- ----- ---- ---------------------
DkoeA00010523-RA     -            245 73478at7147          -            212   5.7e-92  307.1  18.9   1   1     9e-95   1.3e-91  305.9  18.9     2   212     8   245     7   245 0.85 -
DkoeA00009549-RA     -            504 73478at7147          -            212   3.7e-06   26.7   0.7   1   2       2.5   3.7e+03   -2.7   0.1    37    46   145   154   114   198 0.58 -
DkoeA00009549-RA     -            504 73478at7147          -            212   3.7e-06   26.7   0.7   2   2   4.9e-09   7.2e-06   25.7   0.0   140   199   285   344   281   355 0.92 -
DkoeA00011449-RA     -            156 73478at7147          -            212    0.0067   16.0   2.9   1   1   5.5e-06    0.0081   15.8   2.9    47   104    44    97    15   109 0.47 -
DkoeA00000480-RA     -            455 73478at7147          -            212      0.03   13.9   0.2   1   1   3.4e-05      0.05   13.2   0.2    77   158    22   104    17   113 0.70 -
DkoeA00006823-RA     -            221 73478at7147          -            212     0.041   13.4  18.4   1   2   0.00033      0.48   10.0   0.8    76   106    75   105    62   110 0.66 -
DkoeA00006823-RA     -            221 73478at7147          -            212     0.041   13.4  18.4   2   2    0.0011       1.6    8.3  10.8    56   129   131   202   114   216 0.47 -
DkoeA00016689-RA     -            365 73478at7147          -            212     0.063   12.9   0.1   1   1   7.4e-05      0.11   12.1   0.1    73   142   282   352   273   359 0.76 -
DkoeA00018043-RA     -            701 73478at7147          -            212     0.077   12.6  13.1   1   2     6e-05     0.088   12.4   7.3    47    95   307   356   290   412 0.61 -
DkoeA00018043-RA     -            701 73478at7147          -            212     0.077   12.6  13.1   2   2     0.034        50    3.4   0.3    71   133   572   638   512   668 0.47 -
DkoeA00005603-RA     -            604 73478at7147          -            212      0.08   12.5   3.7   1   1   9.9e-05      0.14   11.7   3.7    45    78     2    34     1    79 0.73 -
DkoeA00000661-RA     -            274 73478at7147          -            212      0.43   10.1  28.1   1   2   7.9e-05      0.12   12.0  24.3    45   128    37   120    17   144 0.53 -
DkoeA00000661-RA     -            274 73478at7147          -            212      0.43   10.1  28.1   2   2      0.59   8.6e+02   -0.7   0.1    42    64   206   228   180   260 0.62 -
DkoeA00009770-RA     -           1085 73478at7147          -            212       3.2    7.3  26.2   1   2   0.00017      0.25   10.9  20.3    47   117   225   297   210   323 0.69 -
DkoeA00009770-RA     -           1085 73478at7147          -            212       3.2    7.3  26.2   2   2       2.9   4.2e+03   -2.9   0.3    39    85   696   728   684   748 0.56 -
DkoeA00001236-RA     -            989 73478at7147          -            212       4.3    6.9  18.9   1   2       2.7     4e+03   -2.8   2.5    53    76   221   243   211   267 0.45 -
DkoeA00001236-RA     -            989 73478at7147          -            212       4.3    6.9  18.9   2   2   2.2e-05     0.032   13.8   8.7    38   139   347   455   325   485 0.63 -
DkoeA00005258-RA     -            346 73478at7147          -            212       6.2    6.3  12.3   1   1    0.0065       9.5    5.7  12.3    55   138   226   307   211   326 0.48 -
#
# Program:         hmmsearch
# Version:         3.1b2 (February 2015)
# Pipeline mode:   SEARCH
# Query file:      /home/nmoreyra/Documents/Genomics/03_orthologs_search/00_Phylogenomics_BUSCO-groups/busco4_odb10/busco_downloads/lineages/diptera_odb10/hmms/73478at7147.hmm
# Target file:     /home/nmoreyra/Documents/Genomics/03_orthologs_search/00_Phylogenomics_BUSCO-groups/busco4_odb10/../00_proteins/DkoeA_proteins.fasta
# Option settings: /home/nmoreyra/Software/miniconda3/envs/busco4/bin/hmmsearch --domtblout /home/nmoreyra/Documents/Genomics/03_orthologs_search/00_Phylogenomics_BUSCO-groups/busco4_odb10/DkoeA_diptera/run_diptera_odb10/hmmer_output/initial_run_results/73478at7147.out --cpu 1 /home/nmoreyra/Documents/Genomics/03_orthologs_search/00_Phylogenomics_BUSCO-groups/busco4_odb10/busco_downloads/lineages/diptera_odb10/hmms/73478at7147.hmm /home/nmoreyra/Documents/Genomics/03_orthologs_search/00_Phylogenomics_BUSCO-groups/busco4_odb10/../00_proteins/DkoeA_proteins.fasta 
# Current dir:     /home/nmoreyra/Documents/Genomics/03_orthologs_search/00_Phylogenomics_BUSCO-groups/busco4_odb10
# Date:            Mon Jan 25 14:02:32 2021
# [ok]
