#                                                                            --- full sequence --- -------------- this domain -------------   hmm coord   ali coord   env coord
# target name        accession   tlen query name           accession   qlen   E-value  score  bias   #  of  c-Evalue  i-Evalue  score  bias  from    to  from    to  from    to  acc description of target
#------------------- ---------- ----- -------------------- ---------- ----- --------- ------ ----- --- --- --------- --------- ------ ----- ----- ----- ----- ----- ----- ----- ---- ---------------------
DkoeA00005435-RA     -            941 7707at7147           -            768         0 1381.4  39.6   1   2   5.3e-94   1.3e-90  304.5  18.3    16   196    48   244    39   263 0.93 -
DkoeA00005435-RA     -            941 7707at7147           -            768         0 1381.4  39.6   2   2         0         0 1079.3  13.6   194   768   273   941   253   941 0.92 -
DkoeA00011363-RA     -           1200 7707at7147           -            768   1.3e-74  251.7  37.0   1   3   4.4e-40   1.1e-36  126.2  23.1    26   269   189   457   179   474 0.81 -
DkoeA00011363-RA     -           1200 7707at7147           -            768   1.3e-74  251.7  37.0   2   3   1.7e-40   4.3e-37  127.5   4.0   264   555   484   790   469   810 0.86 -
DkoeA00011363-RA     -           1200 7707at7147           -            768   1.3e-74  251.7  37.0   3   3    0.0062        16    3.3   0.0   716   764  1139  1195  1116  1198 0.74 -
DkoeA00001476-RA     -           1080 7707at7147           -            768   6.7e-71  239.3  37.6   1   3   1.5e-33   3.9e-30  104.5  23.3    21   263   139   407   136   419 0.81 -
DkoeA00001476-RA     -           1080 7707at7147           -            768   6.7e-71  239.3  37.6   2   3   5.1e-44   1.3e-40  139.2   3.2   268   554   444   745   435   767 0.89 -
DkoeA00001476-RA     -           1080 7707at7147           -            768   6.7e-71  239.3  37.6   3   3      0.02        49    1.7   0.1   642   759   921  1070   905  1078 0.50 -
DkoeA00006341-RA     -           1029 7707at7147           -            768   1.9e-68  231.2  40.8   1   4     5e-24   1.3e-20   73.1  20.0    25   202    94   281    91   285 0.86 -
DkoeA00006341-RA     -           1029 7707at7147           -            768   1.9e-68  231.2  40.8   2   4   1.2e-51     3e-48  164.4   4.1   204   553   375   756   365   774 0.84 -
DkoeA00006341-RA     -           1029 7707at7147           -            768   1.9e-68  231.2  40.8   3   4     0.021        53    1.6   0.6   644   693   824   879   805   920 0.66 -
DkoeA00006341-RA     -           1029 7707at7147           -            768   1.9e-68  231.2  40.8   4   4     0.011        26    2.6   0.0   697   758   946  1018   925  1026 0.66 -
DkoeA00006051-RA     -            719 7707at7147           -            768   2.4e-38  131.7  27.5   1   2   9.4e-42   2.4e-38  131.7  27.5    26   376    90   455    83   464 0.83 -
DkoeA00006051-RA     -            719 7707at7147           -            768   2.4e-38  131.7  27.5   2   2    0.0061        15    3.4   0.4   396   436   602   641   591   660 0.77 -
DkoeA00008937-RA     -            162 7707at7147           -            768      0.15   10.0   0.0   1   1   7.4e-05      0.19    9.7   0.0   563   612    71   123    63   139 0.84 -
DkoeA00010823-RA     -            577 7707at7147           -            768      0.32    8.9   1.6   1   1   0.00017      0.43    8.5   1.6   632   717   299   383   234   395 0.84 -
#
# Program:         hmmsearch
# Version:         3.1b2 (February 2015)
# Pipeline mode:   SEARCH
# Query file:      /home/nmoreyra/Documents/Genomics/03_orthologs_search/00_Phylogenomics_BUSCO-groups/busco4_odb10/busco_downloads/lineages/diptera_odb10/hmms/7707at7147.hmm
# Target file:     /home/nmoreyra/Documents/Genomics/03_orthologs_search/00_Phylogenomics_BUSCO-groups/busco4_odb10/../00_proteins/DkoeA_proteins.fasta
# Option settings: /home/nmoreyra/Software/miniconda3/envs/busco4/bin/hmmsearch --domtblout /home/nmoreyra/Documents/Genomics/03_orthologs_search/00_Phylogenomics_BUSCO-groups/busco4_odb10/DkoeA_diptera/run_diptera_odb10/hmmer_output/initial_run_results/7707at7147.out --cpu 1 /home/nmoreyra/Documents/Genomics/03_orthologs_search/00_Phylogenomics_BUSCO-groups/busco4_odb10/busco_downloads/lineages/diptera_odb10/hmms/7707at7147.hmm /home/nmoreyra/Documents/Genomics/03_orthologs_search/00_Phylogenomics_BUSCO-groups/busco4_odb10/../00_proteins/DkoeA_proteins.fasta 
# Current dir:     /home/nmoreyra/Documents/Genomics/03_orthologs_search/00_Phylogenomics_BUSCO-groups/busco4_odb10
# Date:            Mon Jan 25 14:02:27 2021
# [ok]
