#                                                                            --- full sequence --- -------------- this domain -------------   hmm coord   ali coord   env coord
# target name        accession   tlen query name           accession   qlen   E-value  score  bias   #  of  c-Evalue  i-Evalue  score  bias  from    to  from    to  from    to  acc description of target
#------------------- ---------- ----- -------------------- ---------- ----- --------- ------ ----- --- --- --------- --------- ------ ----- ----- ----- ----- ----- ----- ----- ---- ---------------------
DkoeA00005082-RA     -            954 8935at7147           -            530  6.4e-265  879.7  14.1   1   3   4.1e-85   3.8e-82  276.5   0.0     1   146   214   376   214   415 0.86 -
DkoeA00005082-RA     -            954 8935at7147           -            530  6.4e-265  879.7  14.1   2   3   8.6e-10     8e-07   28.0   6.6   142   182   417   460   404   471 0.82 -
DkoeA00005082-RA     -            954 8935at7147           -            530  6.4e-265  879.7  14.1   3   3  1.9e-176  1.8e-173  577.9   0.4   152   530   502   950   478   950 0.87 -
DkoeA00017519-RA     -            248 8935at7147           -            530   4.2e-11   42.1   0.2   1   1     6e-14   5.6e-11   41.7   0.2    24   104    10    91     1    98 0.82 -
DkoeA00016609-RA     -           1210 8935at7147           -            530   2.8e-07   29.5   0.0   1   2       8.2   7.5e+03   -5.0   5.2   133   194   454   518   447   524 0.68 -
DkoeA00016609-RA     -           1210 8935at7147           -            530   2.8e-07   29.5   0.0   2   2     3e-10   2.8e-07   29.5   0.0    22   103  1106  1186  1098  1196 0.87 -
DkoeA00009076-RA     -            428 8935at7147           -            530   3.6e-07   29.1   0.0   1   1   7.1e-10   6.6e-07   28.2   0.0    21   103   320   396   316   419 0.75 -
DkoeA00012727-RA     -            993 8935at7147           -            530   1.7e-06   26.9   0.0   1   3       9.2   8.5e+03   -5.1   2.3   165   216   134   181   107   188 0.57 -
DkoeA00012727-RA     -            993 8935at7147           -            530   1.7e-06   26.9   0.0   2   3   1.8e-09   1.7e-06   26.9   0.0    21   116   221   314   214   327 0.76 -
DkoeA00012727-RA     -            993 8935at7147           -            530   1.7e-06   26.9   0.0   3   3      0.27   2.5e+02   -0.1   2.8   136   215   419   494   392   498 0.65 -
DkoeA00013918-RA     -            211 8935at7147           -            530     1e-05   24.3   0.0   1   1   1.5e-08   1.4e-05   23.9   0.0    20    64    54   100    47   125 0.87 -
DkoeA00013204-RA     -            578 8935at7147           -            530   1.4e-05   23.8   0.0   1   1   2.3e-08   2.1e-05   23.2   0.0    22   125   198   301   194   309 0.77 -
DkoeA00016646-RA     -            484 8935at7147           -            530   0.00013   20.6   0.0   1   3       6.8   6.3e+03   -4.7   1.4   198   214    29    45    14    68 0.68 -
DkoeA00016646-RA     -            484 8935at7147           -            530   0.00013   20.6   0.0   2   3     0.063        58    2.0   0.9   119   163   118   162    85   204 0.79 -
DkoeA00016646-RA     -            484 8935at7147           -            530   0.00013   20.6   0.0   3   3   1.5e-07   0.00013   20.6   0.0    20    63   348   393   341   411 0.91 -
DkoeA00016649-RA     -            807 8935at7147           -            530   0.00028   19.6   0.0   1   1   5.3e-07   0.00049   18.8   0.0    14    63   306   358   302   390 0.88 -
DkoeA00011959-RA     -            538 8935at7147           -            530   0.00075   18.1   0.0   1   2      0.72   6.6e+02   -1.5   8.4   158   216    63   127    25   175 0.66 -
DkoeA00011959-RA     -            538 8935at7147           -            530   0.00075   18.1   0.0   2   2   8.1e-07   0.00075   18.1   0.0    20    64   432   479   426   493 0.85 -
DkoeA00012726-RA     -            110 8935at7147           -            530    0.0032   16.1   0.0   1   1   3.8e-06    0.0035   15.9   0.0    23   107     3    85     1    99 0.81 -
DkoeA00004457-RA     -            954 8935at7147           -            530    0.0032   16.1   0.0   1   2   7.7e-05     0.071   11.6   0.0    25    64    83   125    81   139 0.77 -
DkoeA00004457-RA     -            954 8935at7147           -            530    0.0032   16.1   0.0   2   2     0.062        57    2.0   0.0    24    61   251   290   238   333 0.79 -
DkoeA00018497-RA     -           1128 8935at7147           -            530    0.0043   15.6   0.0   1   1   1.1e-05    0.0098   14.5   0.0    20    77   951  1008   938  1022 0.81 -
DkoeA00006923-RA     -            390 8935at7147           -            530    0.0043   15.6   0.0   1   1   4.7e-06    0.0043   15.6   0.0    19   100   230   307   223   346 0.80 -
DkoeA00013442-RA     -            929 8935at7147           -            530    0.0051   15.4   0.0   1   2   5.6e-06    0.0051   15.4   0.0    25    61    11    50     6    63 0.89 -
DkoeA00013442-RA     -            929 8935at7147           -            530    0.0051   15.4   0.0   2   2      0.53   4.9e+02   -1.0   0.0    25    42   288   305   282   351 0.86 -
DkoeA00001623-RA     -           1175 8935at7147           -            530     0.062   11.8   0.0   1   1   0.00011     0.098   11.2   0.0    19    63   897   946   884   977 0.83 -
DkoeA00008622-RA     -           1175 8935at7147           -            530     0.062   11.8   0.0   1   1   0.00011     0.098   11.2   0.0    19    63   897   946   884   977 0.83 -
DkoeA00001034-RA     -            347 8935at7147           -            530      0.08   11.5   1.8   1   2   0.00068      0.62    8.5   1.4   156   199    57   103    32   110 0.76 -
DkoeA00001034-RA     -            347 8935at7147           -            530      0.08   11.5   1.8   2   2      0.16   1.5e+02    0.6   0.0   374   429   193   249   190   260 0.79 -
DkoeA00014302-RA     -            986 8935at7147           -            530       7.6    4.9  12.1   1   1     0.018        17    3.8  12.1   141   212   760   830   749   852 0.82 -
#
# Program:         hmmsearch
# Version:         3.1b2 (February 2015)
# Pipeline mode:   SEARCH
# Query file:      /home/nmoreyra/Documents/Genomics/03_orthologs_search/00_Phylogenomics_BUSCO-groups/busco4_odb10/busco_downloads/lineages/diptera_odb10/hmms/8935at7147.hmm
# Target file:     /home/nmoreyra/Documents/Genomics/03_orthologs_search/00_Phylogenomics_BUSCO-groups/busco4_odb10/../00_proteins/DkoeA_proteins.fasta
# Option settings: /home/nmoreyra/Software/miniconda3/envs/busco4/bin/hmmsearch --domtblout /home/nmoreyra/Documents/Genomics/03_orthologs_search/00_Phylogenomics_BUSCO-groups/busco4_odb10/DkoeA_diptera/run_diptera_odb10/hmmer_output/initial_run_results/8935at7147.out --cpu 1 /home/nmoreyra/Documents/Genomics/03_orthologs_search/00_Phylogenomics_BUSCO-groups/busco4_odb10/busco_downloads/lineages/diptera_odb10/hmms/8935at7147.hmm /home/nmoreyra/Documents/Genomics/03_orthologs_search/00_Phylogenomics_BUSCO-groups/busco4_odb10/../00_proteins/DkoeA_proteins.fasta 
# Current dir:     /home/nmoreyra/Documents/Genomics/03_orthologs_search/00_Phylogenomics_BUSCO-groups/busco4_odb10
# Date:            Mon Jan 25 14:02:30 2021
# [ok]
