#                                                                            --- full sequence --- -------------- this domain -------------   hmm coord   ali coord   env coord
# target name        accession   tlen query name           accession   qlen   E-value  score  bias   #  of  c-Evalue  i-Evalue  score  bias  from    to  from    to  from    to  acc description of target
#------------------- ---------- ----- -------------------- ---------- ----- --------- ------ ----- --- --- --------- --------- ------ ----- ----- ----- ----- ----- ----- ----- ---- ---------------------
DkoeB00012857-RA     -            958 10970at7147          -            574    1e-274  912.2  57.7   1   5  2.4e-142  6.7e-139  463.8   2.4     1   263    30   325    30   345 0.91 -
DkoeB00012857-RA     -            958 10970at7147          -            574    1e-274  912.2  57.7   2   5   8.8e-24   2.5e-20   72.3   1.8   250   321   345   435   331   441 0.84 -
DkoeB00012857-RA     -            958 10970at7147          -            574    1e-274  912.2  57.7   3   5   2.1e-30   5.8e-27   94.2   5.2   301   390   499   611   477   632 0.84 -
DkoeB00012857-RA     -            958 10970at7147          -            574    1e-274  912.2  57.7   4   5   7.1e-57     2e-53  181.6   5.7   384   485   633   747   628   755 0.87 -
DkoeB00012857-RA     -            958 10970at7147          -            574    1e-274  912.2  57.7   5   5   1.6e-38   4.6e-35  120.9  12.4   478   574   760   896   748   896 0.86 -
DkoeB00012586-RA     -            730 10970at7147          -            574   1.6e-05   23.4   0.2   1   1   1.2e-08   3.4e-05   22.3   0.2    43   133   395   489   382   517 0.88 -
DkoeB00005472-RA     -            232 10970at7147          -            574   0.00044   18.6   0.0   1   1   2.1e-07   0.00058   18.3   0.0    41   130    57   155    41   175 0.82 -
DkoeB00013148-RA     -            294 10970at7147          -            574    0.0054   15.1   0.0   1   1   2.5e-06    0.0071   14.7   0.0    43   136    98   198    77   213 0.81 -
DkoeB00005508-RA     -            118 10970at7147          -            574       0.1   10.8   0.0   1   1   3.6e-05       0.1   10.8   0.0    42    88    52   101    17   111 0.82 -
#
# Program:         hmmsearch
# Version:         3.1b2 (February 2015)
# Pipeline mode:   SEARCH
# Query file:      /home/nmoreyra/Documents/Genomics/03_orthologs_search/00_Phylogenomics_BUSCO-groups/busco4_odb10/busco_downloads/lineages/diptera_odb10/hmms/10970at7147.hmm
# Target file:     /home/nmoreyra/Documents/Genomics/03_orthologs_search/00_Phylogenomics_BUSCO-groups/busco4_odb10/../00_proteins/DkoeB_proteins.fasta
# Option settings: /home/nmoreyra/Software/miniconda3/envs/busco4/bin/hmmsearch --domtblout /home/nmoreyra/Documents/Genomics/03_orthologs_search/00_Phylogenomics_BUSCO-groups/busco4_odb10/DkoeB_diptera/run_diptera_odb10/hmmer_output/initial_run_results/10970at7147.out --cpu 1 /home/nmoreyra/Documents/Genomics/03_orthologs_search/00_Phylogenomics_BUSCO-groups/busco4_odb10/busco_downloads/lineages/diptera_odb10/hmms/10970at7147.hmm /home/nmoreyra/Documents/Genomics/03_orthologs_search/00_Phylogenomics_BUSCO-groups/busco4_odb10/../00_proteins/DkoeB_proteins.fasta 
# Current dir:     /home/nmoreyra/Documents/Genomics/03_orthologs_search/00_Phylogenomics_BUSCO-groups/busco4_odb10
# Date:            Mon Jan 25 14:06:06 2021
# [ok]
