#                                                                            --- full sequence --- -------------- this domain -------------   hmm coord   ali coord   env coord
# target name        accession   tlen query name           accession   qlen   E-value  score  bias   #  of  c-Evalue  i-Evalue  score  bias  from    to  from    to  from    to  acc description of target
#------------------- ---------- ----- -------------------- ---------- ----- --------- ------ ----- --- --- --------- --------- ------ ----- ----- ----- ----- ----- ----- ----- ---- ---------------------
DkoeB00011958-RA     -            715 12959at7147          -            538  3.8e-240  797.6   5.2   1   1  1.2e-238  2.1e-235  782.0   5.2     2   532    37   681    36   686 0.88 -
DkoeB00008926-RA     -            341 12959at7147          -            538   3.1e-16   58.7   0.0   1   1   2.5e-19   4.3e-16   58.2   0.0    18   257    17   267     4   276 0.81 -
DkoeB00008525-RA     -            388 12959at7147          -            538   3.7e-14   51.8   0.1   1   2   9.2e-17   1.6e-13   49.7   0.0    16   158    79   221    65   234 0.84 -
DkoeB00008525-RA     -            388 12959at7147          -            538   3.7e-14   51.8   0.1   2   2      0.16   2.8e+02   -0.6   0.0   269   281   328   340   324   352 0.84 -
DkoeB00004892-RA     -            536 12959at7147          -            538   1.9e-13   49.5   0.0   1   2   1.8e-15   3.2e-12   45.4   0.0    17   137   165   279   156   296 0.83 -
DkoeB00004892-RA     -            536 12959at7147          -            538   1.9e-13   49.5   0.0   2   2     0.036        63    1.6   0.0   480   513   381   417   374   438 0.73 -
DkoeB00005745-RA     -            507 12959at7147          -            538   1.9e-10   39.6   0.3   1   1   3.9e-13   6.9e-10   37.7   0.3    16   151   211   343   199   475 0.79 -
DkoeB00009391-RA     -            335 12959at7147          -            538   5.4e-07   28.2   0.0   1   1     4e-10   7.1e-07   27.8   0.0     8    91    12    97     7   169 0.87 -
DkoeB00005606-RA     -            289 12959at7147          -            538     3e-05   22.4   0.0   1   1   2.4e-08   4.1e-05   22.0   0.0    44   157    33   150    11   189 0.78 -
DkoeB00001587-RA     -            900 12959at7147          -            538   0.00035   18.9   0.0   1   1   3.5e-07   0.00061   18.1   0.0    42   103   179   238   144   273 0.69 -
#
# Program:         hmmsearch
# Version:         3.1b2 (February 2015)
# Pipeline mode:   SEARCH
# Query file:      /home/nmoreyra/Documents/Genomics/03_orthologs_search/00_Phylogenomics_BUSCO-groups/busco4_odb10/busco_downloads/lineages/diptera_odb10/hmms/12959at7147.hmm
# Target file:     /home/nmoreyra/Documents/Genomics/03_orthologs_search/00_Phylogenomics_BUSCO-groups/busco4_odb10/../00_proteins/DkoeB_proteins.fasta
# Option settings: /home/nmoreyra/Software/miniconda3/envs/busco4/bin/hmmsearch --domtblout /home/nmoreyra/Documents/Genomics/03_orthologs_search/00_Phylogenomics_BUSCO-groups/busco4_odb10/DkoeB_diptera/run_diptera_odb10/hmmer_output/initial_run_results/12959at7147.out --cpu 1 /home/nmoreyra/Documents/Genomics/03_orthologs_search/00_Phylogenomics_BUSCO-groups/busco4_odb10/busco_downloads/lineages/diptera_odb10/hmms/12959at7147.hmm /home/nmoreyra/Documents/Genomics/03_orthologs_search/00_Phylogenomics_BUSCO-groups/busco4_odb10/../00_proteins/DkoeB_proteins.fasta 
# Current dir:     /home/nmoreyra/Documents/Genomics/03_orthologs_search/00_Phylogenomics_BUSCO-groups/busco4_odb10
# Date:            Mon Jan 25 14:05:49 2021
# [ok]
