#                                                                            --- full sequence --- -------------- this domain -------------   hmm coord   ali coord   env coord
# target name        accession   tlen query name           accession   qlen   E-value  score  bias   #  of  c-Evalue  i-Evalue  score  bias  from    to  from    to  from    to  acc description of target
#------------------- ---------- ----- -------------------- ---------- ----- --------- ------ ----- --- --- --------- --------- ------ ----- ----- ----- ----- ----- ----- ----- ---- ---------------------
DkoeB00000233-RA     -            805 13662at7147          -            360  7.6e-127  422.9 113.0   1   9   0.00016       2.2    6.8   0.1     1    20    45    64    45    73 0.88 -
DkoeB00000233-RA     -            805 13662at7147          -            360  7.6e-127  422.9 113.0   2   9   1.3e-10   1.9e-06   26.8   3.8    14    51    92   143    88   147 0.72 -
DkoeB00000233-RA     -            805 13662at7147          -            360  7.6e-127  422.9 113.0   3   9   6.7e-10   9.5e-06   24.5   1.0    29    71   196   238   181   243 0.66 -
DkoeB00000233-RA     -            805 13662at7147          -            360  7.6e-127  422.9 113.0   4   9         1   1.4e+04  -23.6  33.9   170   201   246   277   237   289 0.33 -
DkoeB00000233-RA     -            805 13662at7147          -            360  7.6e-127  422.9 113.0   5   9   9.6e-05       1.3    7.5   0.1    66    89   293   322   289   337 0.76 -
DkoeB00000233-RA     -            805 13662at7147          -            360  7.6e-127  422.9 113.0   6   9     7e-48   9.8e-44  149.4  13.3    94   200   372   489   360   497 0.90 -
DkoeB00000233-RA     -            805 13662at7147          -            360  7.6e-127  422.9 113.0   7   9   7.5e-29   1.1e-24   86.8   5.6   175   247   492   564   486   568 0.92 -
DkoeB00000233-RA     -            805 13662at7147          -            360  7.6e-127  422.9 113.0   8   9   6.7e-32   9.4e-28   96.8   2.6   241   309   602   673   574   697 0.77 -
DkoeB00000233-RA     -            805 13662at7147          -            360  7.6e-127  422.9 113.0   9   9   5.3e-28   7.4e-24   84.0   3.9   294   360   697   764   692   764 0.93 -
#
# Program:         hmmsearch
# Version:         3.1b2 (February 2015)
# Pipeline mode:   SEARCH
# Query file:      /home/nmoreyra/Documents/Genomics/03_orthologs_search/00_Phylogenomics_BUSCO-groups/busco4_odb10/busco_downloads/lineages/diptera_odb10/hmms/13662at7147.hmm
# Target file:     /home/nmoreyra/Documents/Genomics/03_orthologs_search/00_Phylogenomics_BUSCO-groups/busco4_odb10/../00_proteins/DkoeB_proteins.fasta
# Option settings: /home/nmoreyra/Software/miniconda3/envs/busco4/bin/hmmsearch --domtblout /home/nmoreyra/Documents/Genomics/03_orthologs_search/00_Phylogenomics_BUSCO-groups/busco4_odb10/DkoeB_diptera/run_diptera_odb10/hmmer_output/initial_run_results/13662at7147.out --cpu 1 /home/nmoreyra/Documents/Genomics/03_orthologs_search/00_Phylogenomics_BUSCO-groups/busco4_odb10/busco_downloads/lineages/diptera_odb10/hmms/13662at7147.hmm /home/nmoreyra/Documents/Genomics/03_orthologs_search/00_Phylogenomics_BUSCO-groups/busco4_odb10/../00_proteins/DkoeB_proteins.fasta 
# Current dir:     /home/nmoreyra/Documents/Genomics/03_orthologs_search/00_Phylogenomics_BUSCO-groups/busco4_odb10
# Date:            Mon Jan 25 14:06:36 2021
# [ok]
