#                                                                            --- full sequence --- -------------- this domain -------------   hmm coord   ali coord   env coord
# target name        accession   tlen query name           accession   qlen   E-value  score  bias   #  of  c-Evalue  i-Evalue  score  bias  from    to  from    to  from    to  acc description of target
#------------------- ---------- ----- -------------------- ---------- ----- --------- ------ ----- --- --- --------- --------- ------ ----- ----- ----- ----- ----- ----- ----- ---- ---------------------
DkoeB00013170-RA     -            626 16001at7147          -            472  4.4e-263  872.4   0.7   1   2  6.8e-124  1.1e-120  402.8   0.0     1   223     1   235     1   252 0.94 -
DkoeB00013170-RA     -            626 16001at7147          -            472  4.4e-263  872.4   0.7   2   2  1.6e-143  2.6e-140  467.5   0.5   218   461   260   509   257   522 0.93 -
DkoeB00005130-RA     -            319 16001at7147          -            472     1e-19   69.8   0.2   1   2   1.6e-11   2.5e-08   32.3   0.3   167   238    94   171    42   178 0.80 -
DkoeB00005130-RA     -            319 16001at7147          -            472     1e-19   69.8   0.2   2   2   2.4e-11   3.8e-08   31.7   0.0   298   382   176   252   162   257 0.84 -
DkoeB00001294-RA     -            337 16001at7147          -            472   1.7e-16   59.2   1.8   1   3   3.4e-05     0.053   11.4   1.0   103   150    54   105    34   111 0.75 -
DkoeB00001294-RA     -            337 16001at7147          -            472   1.7e-16   59.2   1.8   2   3   2.3e-11   3.6e-08   31.8   0.0   166   237    99   173    93   182 0.85 -
DkoeB00001294-RA     -            337 16001at7147          -            472   1.7e-16   59.2   1.8   3   3   8.4e-07    0.0013   16.7   0.0   297   378   178   251   170   256 0.84 -
DkoeB00001732-RA     -            329 16001at7147          -            472   2.5e-15   55.4   2.6   1   3    0.0034       5.3    4.8   1.4   104   133    48    78    33    83 0.78 -
DkoeB00001732-RA     -            329 16001at7147          -            472   2.5e-15   55.4   2.6   2   3     3e-12   4.7e-09   34.7   0.0   163   234    89   161    76   171 0.84 -
DkoeB00001732-RA     -            329 16001at7147          -            472   2.5e-15   55.4   2.6   3   3   4.8e-06    0.0075   14.2   0.0   299   375   173   240   163   254 0.82 -
DkoeB00003301-RA     -            518 16001at7147          -            472   1.5e-14   52.8   0.0   1   3   0.00035      0.54    8.1   0.0   106   148   138   180   124   189 0.84 -
DkoeB00003301-RA     -            518 16001at7147          -            472   1.5e-14   52.8   0.0   2   3     1e-11   1.6e-08   32.9   0.0   175   235   305   367   292   375 0.83 -
DkoeB00003301-RA     -            518 16001at7147          -            472   1.5e-14   52.8   0.0   3   3   0.00041      0.64    7.9   0.0   348   382   416   450   386   480 0.87 -
DkoeB00009887-RA     -            449 16001at7147          -            472   7.4e-12   43.9   0.7   1   2   8.9e-11   1.4e-07   29.8   0.1   107   235   208   324   167   332 0.81 -
DkoeB00009887-RA     -            449 16001at7147          -            472   7.4e-12   43.9   0.7   2   2   0.00022      0.34    8.8   0.0   354   383   374   403   325   409 0.85 -
DkoeB00006419-RA     -           1141 16001at7147          -            472   2.2e-11   42.4   0.2   1   3      0.13     2e+02   -0.4   0.0   102   126    45    69    27    79 0.75 -
DkoeB00006419-RA     -           1141 16001at7147          -            472   2.2e-11   42.4   0.2   2   3   7.5e-12   1.2e-08   33.4   0.0   188   237   449   501   433   509 0.82 -
DkoeB00006419-RA     -           1141 16001at7147          -            472   2.2e-11   42.4   0.2   3   3    0.0026         4    5.2   0.0   301   379   511   581   499   597 0.77 -
DkoeB00000578-RA     -           1352 16001at7147          -            472   2.2e-09   35.8   0.3   1   2     7e-09   1.1e-05   23.6   0.2    80   233   166   313   157   326 0.64 -
DkoeB00000578-RA     -           1352 16001at7147          -            472   2.2e-09   35.8   0.3   2   2     0.002       3.1    5.6   0.0   308   375   361   418   339   427 0.68 -
DkoeB00011239-RA     -            481 16001at7147          -            472    0.0035   15.3   0.1   1   3     0.037        58    1.4   0.1   110   126    89   105    79   117 0.80 -
DkoeB00011239-RA     -            481 16001at7147          -            472    0.0035   15.3   0.1   2   3     0.014        22    2.8   0.0   161   216   170   232   128   262 0.64 -
DkoeB00011239-RA     -            481 16001at7147          -            472    0.0035   15.3   0.1   3   3   0.00073       1.1    7.0   0.0   328   377   321   362   309   373 0.78 -
#
# Program:         hmmsearch
# Version:         3.1b2 (February 2015)
# Pipeline mode:   SEARCH
# Query file:      /home/nmoreyra/Documents/Genomics/03_orthologs_search/00_Phylogenomics_BUSCO-groups/busco4_odb10/busco_downloads/lineages/diptera_odb10/hmms/16001at7147.hmm
# Target file:     /home/nmoreyra/Documents/Genomics/03_orthologs_search/00_Phylogenomics_BUSCO-groups/busco4_odb10/../00_proteins/DkoeB_proteins.fasta
# Option settings: /home/nmoreyra/Software/miniconda3/envs/busco4/bin/hmmsearch --domtblout /home/nmoreyra/Documents/Genomics/03_orthologs_search/00_Phylogenomics_BUSCO-groups/busco4_odb10/DkoeB_diptera/run_diptera_odb10/hmmer_output/initial_run_results/16001at7147.out --cpu 1 /home/nmoreyra/Documents/Genomics/03_orthologs_search/00_Phylogenomics_BUSCO-groups/busco4_odb10/busco_downloads/lineages/diptera_odb10/hmms/16001at7147.hmm /home/nmoreyra/Documents/Genomics/03_orthologs_search/00_Phylogenomics_BUSCO-groups/busco4_odb10/../00_proteins/DkoeB_proteins.fasta 
# Current dir:     /home/nmoreyra/Documents/Genomics/03_orthologs_search/00_Phylogenomics_BUSCO-groups/busco4_odb10
# Date:            Mon Jan 25 14:05:06 2021
# [ok]
