#                                                                            --- full sequence --- -------------- this domain -------------   hmm coord   ali coord   env coord
# target name        accession   tlen query name           accession   qlen   E-value  score  bias   #  of  c-Evalue  i-Evalue  score  bias  from    to  from    to  from    to  acc description of target
#------------------- ---------- ----- -------------------- ---------- ----- --------- ------ ----- --- --- --------- --------- ------ ----- ----- ----- ----- ----- ----- ----- ---- ---------------------
DkoeB00003775-RA     -            843 16541at7147          -            633         0 1079.4  17.6   1   2    0.0015         1    7.4   0.0     8    32    86   111    68   121 0.82 -
DkoeB00003775-RA     -            843 16541at7147          -            633         0 1079.4  17.6   2   2         0         0 1072.2  15.4    29   628   161   825   149   831 0.92 -
DkoeB00007029-RA     -           4242 16541at7147          -            633  1.6e-123  413.1  12.7   1   3      0.48   3.2e+02   -0.9   0.2    52   135   506   593   497   603 0.69 -
DkoeB00007029-RA     -           4242 16541at7147          -            633  1.6e-123  413.1  12.7   2   3     3e-71     2e-68  231.1   3.6   140   399   951  1241   909  1245 0.82 -
DkoeB00007029-RA     -           4242 16541at7147          -            633  1.6e-123  413.1  12.7   3   3   7.7e-58   5.2e-55  186.8   0.1   420   602  1662  1847  1634  1856 0.88 -
DkoeB00011920-RA     -            684 16541at7147          -            633  9.3e-117  390.7   5.5   1   2   2.8e-64   1.8e-61  208.1   0.4   141   400   119   405   111   410 0.83 -
DkoeB00011920-RA     -            684 16541at7147          -            633  9.3e-117  390.7   5.5   2   2   3.7e-57   2.5e-54  184.5   0.6   453   609   417   575   412   582 0.96 -
DkoeB00011921-RA     -           1021 16541at7147          -            633  5.2e-115  385.0   5.5   1   2     3e-60     2e-57  194.7   0.8   142   399   128   410   123   413 0.83 -
DkoeB00011921-RA     -           1021 16541at7147          -            633  5.2e-115  385.0   5.5   2   2   1.9e-59   1.3e-56  192.1   0.3   453   607   424   580   420   590 0.96 -
DkoeB00002769-RA     -           1721 16541at7147          -            633  1.1e-101  341.0   6.1   1   2   8.2e-56   5.5e-53  180.1   3.6   130   367   840  1092   827  1160 0.73 -
DkoeB00002769-RA     -           1721 16541at7147          -            633  1.1e-101  341.0   6.1   2   2   3.8e-53   2.5e-50  171.3   0.0   456   608  1171  1325  1164  1335 0.95 -
DkoeB00010152-RA     -           2650 16541at7147          -            633   5.4e-98  328.8   4.7   1   1   1.2e-99   7.8e-97  324.9   4.7   142   610  1969  2442  1956  2448 0.85 -
DkoeB00008698-RA     -           1939 16541at7147          -            633   2.8e-97  326.4   6.1   1   2   5.1e-49   3.4e-46  157.6   0.7   140   401   567   854   552   859 0.78 -
DkoeB00008698-RA     -           1939 16541at7147          -            633   2.8e-97  326.4   6.1   2   2   3.9e-53   2.6e-50  171.2   0.5   453   611   870  1030   856  1038 0.92 -
DkoeB00009304-RA     -           1989 16541at7147          -            633   1.1e-95  321.2   3.9   1   2   1.5e-47     1e-44  152.8   0.4   133   400   713  1019   699  1026 0.76 -
DkoeB00009304-RA     -           1989 16541at7147          -            633   1.1e-95  321.2   3.9   2   2   1.6e-51   1.1e-48  165.9   0.2   454   604  1038  1190  1034  1195 0.95 -
DkoeB00005104-RA     -           1420 16541at7147          -            633   2.4e-95  320.0   4.1   1   3     3e-60     2e-57  194.7   0.3   124   366   507   774   453   798 0.81 -
DkoeB00005104-RA     -           1420 16541at7147          -            633   2.4e-95  320.0   4.1   2   3     0.042        28    2.6   0.1   382   442   825   888   818   900 0.70 -
DkoeB00005104-RA     -           1420 16541at7147          -            633   2.4e-95  320.0   4.1   3   3   3.8e-38   2.5e-35  121.7   0.0   453   548  1136  1232  1122  1241 0.93 -
DkoeB00014348-RA     -           1396 16541at7147          -            633   3.4e-81  273.3   3.0   1   3   2.9e-60   1.9e-57  194.8   0.3   124   366   507   774   452   798 0.81 -
DkoeB00014348-RA     -           1396 16541at7147          -            633   3.4e-81  273.3   3.0   2   3      0.17   1.1e+02    0.6   0.0   382   437   825   883   818   899 0.61 -
DkoeB00014348-RA     -           1396 16541at7147          -            633   3.4e-81  273.3   3.0   3   3   3.1e-24   2.1e-21   75.8   0.0   453   525  1136  1208  1122  1248 0.87 -
DkoeB00005807-RA     -           1936 16541at7147          -            633   3.9e-74  249.9   0.0   1   2   3.3e-40   2.2e-37  128.5   0.0   140   425  1370  1702  1364  1714 0.74 -
DkoeB00005807-RA     -           1936 16541at7147          -            633   3.9e-74  249.9   0.0   2   2   3.1e-37     2e-34  118.7   0.1   475   610  1728  1867  1702  1876 0.88 -
DkoeB00008700-RA     -            783 16541at7147          -            633   1.3e-63  215.2   0.3   1   1   9.5e-66   6.3e-63  212.9   0.3   161   612   171   648   164   654 0.72 -
DkoeB00007844-RA     -           1058 16541at7147          -            633   6.8e-55  186.4   3.6   1   3   8.3e-07   0.00055   18.2   0.0   139   182   441   485   428   491 0.83 -
DkoeB00007844-RA     -           1058 16541at7147          -            633   6.8e-55  186.4   3.6   2   3     1e-21   6.8e-19   67.5   0.2   186   382   530   730   526   753 0.82 -
DkoeB00007844-RA     -           1058 16541at7147          -            633   6.8e-55  186.4   3.6   3   3   1.9e-31   1.2e-28   99.6   0.2   463   606   893  1038   878  1053 0.89 -
DkoeB00006441-RA     -           1799 16541at7147          -            633   1.1e-48  165.8   3.5   1   4       3.5   2.4e+03   -3.7   0.1   563   608   291   336   287   345 0.68 -
DkoeB00006441-RA     -           1799 16541at7147          -            633   1.1e-48  165.8   3.5   2   4     2e-09   1.3e-06   26.8   0.0   162   209   547   600   537   607 0.82 -
DkoeB00006441-RA     -           1799 16541at7147          -            633   1.1e-48  165.8   3.5   3   4   3.3e-13   2.2e-10   39.3   0.0   258   325   693   759   687   830 0.81 -
DkoeB00006441-RA     -           1799 16541at7147          -            633   1.1e-48  165.8   3.5   4   4   4.3e-31   2.9e-28   98.4   0.0   456   593  1064  1213  1053  1238 0.88 -
DkoeB00007760-RA     -           1355 16541at7147          -            633   3.5e-47  160.9   2.1   1   3   1.7e-20   1.1e-17   63.4   0.7   162   352   528   755   497   850 0.66 -
DkoeB00007760-RA     -           1355 16541at7147          -            633   3.5e-47  160.9   2.1   2   3   0.00086      0.57    8.2   0.0   456   500   943   987   937  1000 0.89 -
DkoeB00007760-RA     -           1355 16541at7147          -            633   3.5e-47  160.9   2.1   3   3   3.7e-27   2.5e-24   85.4   0.0   502   604  1011  1116  1006  1143 0.80 -
DkoeB00009957-RA     -            741 16541at7147          -            633   3.1e-41  141.3   1.3   1   2   1.9e-23   1.3e-20   73.2   0.4   114   408   204   501   170   514 0.74 -
DkoeB00009957-RA     -            741 16541at7147          -            633   3.1e-41  141.3   1.3   2   2   6.6e-22   4.4e-19   68.1   0.0   461   599   503   642   499   655 0.90 -
DkoeB00009117-RA     -           1737 16541at7147          -            633   3.6e-32  111.3   0.7   1   2   1.2e-09   8.3e-07   27.5   0.0   161   208   666   721   628   729 0.81 -
DkoeB00009117-RA     -           1737 16541at7147          -            633   3.6e-32  111.3   0.7   2   2   4.8e-26   3.2e-23   81.7   0.2   498   602  1035  1142   851  1167 0.77 -
DkoeB00005695-RA     -            589 16541at7147          -            633   1.7e-31  109.1   2.1   1   2   1.1e-18   7.1e-16   57.5   0.1   137   309    36   194    20   204 0.86 -
DkoeB00005695-RA     -            589 16541at7147          -            633   1.7e-31  109.1   2.1   2   2   1.9e-16   1.3e-13   50.0   0.2   464   603   324   465   295   472 0.87 -
DkoeB00002478-RA     -           1255 16541at7147          -            633   5.2e-19   67.8   0.3   1   3   0.00018      0.12   10.5   0.0   163   181   197   215   192   222 0.91 -
DkoeB00002478-RA     -           1255 16541at7147          -            633   5.2e-19   67.8   0.3   2   3   1.7e-05     0.011   13.9   0.0   188   308   308   449   304   464 0.63 -
DkoeB00002478-RA     -           1255 16541at7147          -            633   5.2e-19   67.8   0.3   3   3   4.9e-13   3.3e-10   38.8   0.0   459   596  1085  1222  1073  1238 0.80 -
DkoeB00005099-RA     -            279 16541at7147          -            633     3e-16   58.7   0.0   1   1     6e-19     4e-16   58.3   0.0   547   609    32    94    15   111 0.91 -
DkoeB00014553-RA     -            190 16541at7147          -            633     0.003   15.8   0.0   1   1   5.8e-06    0.0039   15.4   0.0   539   591    84   135    67   141 0.88 -
#
# Program:         hmmsearch
# Version:         3.1b2 (February 2015)
# Pipeline mode:   SEARCH
# Query file:      /home/nmoreyra/Documents/Genomics/03_orthologs_search/00_Phylogenomics_BUSCO-groups/busco4_odb10/busco_downloads/lineages/diptera_odb10/hmms/16541at7147.hmm
# Target file:     /home/nmoreyra/Documents/Genomics/03_orthologs_search/00_Phylogenomics_BUSCO-groups/busco4_odb10/../00_proteins/DkoeB_proteins.fasta
# Option settings: /home/nmoreyra/Software/miniconda3/envs/busco4/bin/hmmsearch --domtblout /home/nmoreyra/Documents/Genomics/03_orthologs_search/00_Phylogenomics_BUSCO-groups/busco4_odb10/DkoeB_diptera/run_diptera_odb10/hmmer_output/initial_run_results/16541at7147.out --cpu 1 /home/nmoreyra/Documents/Genomics/03_orthologs_search/00_Phylogenomics_BUSCO-groups/busco4_odb10/busco_downloads/lineages/diptera_odb10/hmms/16541at7147.hmm /home/nmoreyra/Documents/Genomics/03_orthologs_search/00_Phylogenomics_BUSCO-groups/busco4_odb10/../00_proteins/DkoeB_proteins.fasta 
# Current dir:     /home/nmoreyra/Documents/Genomics/03_orthologs_search/00_Phylogenomics_BUSCO-groups/busco4_odb10
# Date:            Mon Jan 25 14:06:45 2021
# [ok]
