#                                                                            --- full sequence --- -------------- this domain -------------   hmm coord   ali coord   env coord
# target name        accession   tlen query name           accession   qlen   E-value  score  bias   #  of  c-Evalue  i-Evalue  score  bias  from    to  from    to  from    to  acc description of target
#------------------- ---------- ----- -------------------- ---------- ----- --------- ------ ----- --- --- --------- --------- ------ ----- ----- ----- ----- ----- ----- ----- ---- ---------------------
DkoeB00002471-RA     -           3707 169at7147            -           2873         0 4640.8 314.2   1   7  1.4e-264  1.2e-261  870.9  76.8     1   431   139   571   139   571 0.98 -
DkoeB00002471-RA     -           3707 169at7147            -           2873         0 4640.8 314.2   2   7         0         0 1746.2 120.8   342  1319   528  1596   527  1621 0.93 -
DkoeB00002471-RA     -           3707 169at7147            -           2873         0 4640.8 314.2   3   7  1.4e-305  1.1e-302 1007.0  76.3  1319  1875  1631  2210  1615  2279 0.89 -
DkoeB00002471-RA     -           3707 169at7147            -           2873         0 4640.8 314.2   4   7     4e-13   3.3e-10   36.6   8.9  1871  1977  2289  2399  2235  2408 0.76 -
DkoeB00002471-RA     -           3707 169at7147            -           2873         0 4640.8 314.2   5   7  9.6e-236  7.9e-233  775.3  13.4  1927  2617  2399  3246  2390  3261 0.82 -
DkoeB00002471-RA     -           3707 169at7147            -           2873         0 4640.8 314.2   6   7   9.5e-17   7.8e-14   48.7   0.0  2617  2694  3323  3433  3315  3452 0.77 -
DkoeB00002471-RA     -           3707 169at7147            -           2873         0 4640.8 314.2   7   7   1.4e-62   1.2e-59  200.7   0.1  2708  2873  3496  3700  3484  3700 0.85 -
DkoeB00002500-RA     -           1641 169at7147            -           2873    2e-155  518.5 145.4   1   3   4.3e-53   3.5e-50  169.3  12.6     2   254   167   407   166   411 0.90 -
DkoeB00002500-RA     -           1641 169at7147            -           2873    2e-155  518.5 145.4   2   3  4.3e-112  3.6e-109  365.0 124.8  1194  1816   412  1088   412  1115 0.79 -
DkoeB00002500-RA     -           1641 169at7147            -           2873    2e-155  518.5 145.4   3   3      0.21   1.7e+02   -2.3  17.5  1933  2115  1142  1336  1115  1355 0.66 -
DkoeB00004032-RA     -           2287 169at7147            -           2873  5.6e-133  444.0 124.6   1   9   1.4e-09   1.2e-06   24.8   8.0   403   451    65   114    58   115 0.92 -
DkoeB00004032-RA     -           2287 169at7147            -           2873  5.6e-133  444.0 124.6   2   9   3.4e-45   2.8e-42  143.0  62.2  1101  1305   111   327   109   361 0.88 -
DkoeB00004032-RA     -           2287 169at7147            -           2873  5.6e-133  444.0 124.6   3   9   4.1e-44   3.4e-41  139.5  19.9  1339  1594   415   692   374   693 0.76 -
DkoeB00004032-RA     -           2287 169at7147            -           2873  5.6e-133  444.0 124.6   4   9   3.6e-15     3e-12   43.4   9.5  1723  1848   681   805   680   882 0.69 -
DkoeB00004032-RA     -           2287 169at7147            -           2873  5.6e-133  444.0 124.6   5   9   2.4e-15     2e-12   44.0   7.7  1831  2414   964  1584   931  1610 0.63 -
DkoeB00004032-RA     -           2287 169at7147            -           2873  5.6e-133  444.0 124.6   6   9      0.13   1.1e+02   -1.6   0.0  2551  2588  1630  1671  1618  1698 0.74 -
DkoeB00004032-RA     -           2287 169at7147            -           2873  5.6e-133  444.0 124.6   7   9   0.00013      0.11    8.4   0.0  2518  2592  1775  1864  1767  1872 0.73 -
DkoeB00004032-RA     -           2287 169at7147            -           2873  5.6e-133  444.0 124.6   8   9   1.6e-06    0.0013   14.8   0.0  2160  2284  1932  2057  1911  2073 0.79 -
DkoeB00004032-RA     -           2287 169at7147            -           2873  5.6e-133  444.0 124.6   9   9     9e-15   7.5e-12   42.1   0.0  2719  2862  2094  2261  2090  2268 0.78 -
DkoeB00012771-RA     -           4383 169at7147            -           2873  4.3e-123  411.2  59.7   1   9   9.8e-08   8.1e-05   18.7   0.2  1269  1310  1380  1421  1357  1442 0.84 -
DkoeB00012771-RA     -           4383 169at7147            -           2873  4.3e-123  411.2  59.7   2   9     1e-28   8.4e-26   88.4   0.0  1336  1483  1482  1637  1469  1641 0.86 -
DkoeB00012771-RA     -           4383 169at7147            -           2873  4.3e-123  411.2  59.7   3   9   3.3e-14   2.7e-11   40.2  16.6  1513  1599  1641  1724  1638  1729 0.84 -
DkoeB00012771-RA     -           4383 169at7147            -           2873  4.3e-123  411.2  59.7   4   9   1.3e-06    0.0011   15.0  11.2  1253  1302  1730  1779  1719  1790 0.86 -
DkoeB00012771-RA     -           4383 169at7147            -           2873  4.3e-123  411.2  59.7   5   9   9.7e-55     8e-52  174.7   4.4  1336  1531  1845  2055  1826  2058 0.86 -
DkoeB00012771-RA     -           4383 169at7147            -           2873  4.3e-123  411.2  59.7   6   9   3.9e-35   3.3e-32  109.6  18.8  1242  1514  2078  2388  2070  2393 0.69 -
DkoeB00012771-RA     -           4383 169at7147            -           2873  4.3e-123  411.2  59.7   7   9   8.2e-10   6.8e-07   25.6   0.0  2169  2310  3698  3840  3677  3850 0.87 -
DkoeB00012771-RA     -           4383 169at7147            -           2873  4.3e-123  411.2  59.7   8   9    0.0028       2.3    4.0   0.0  2174  2292  3956  4077  3934  4115 0.76 -
DkoeB00012771-RA     -           4383 169at7147            -           2873  4.3e-123  411.2  59.7   9   9   9.9e-11   8.2e-08   28.7   0.1  2145  2294  4183  4340  4176  4356 0.75 -
DkoeB00010872-RA     -           1839 169at7147            -           2873   1.6e-46  157.1   0.0   1   6   6.4e-10   5.3e-07   26.0   0.0  2172  2281   145   254   129   264 0.87 -
DkoeB00010872-RA     -           1839 169at7147            -           2873   1.6e-46  157.1   0.0   2   6   2.8e-09   2.3e-06   23.9   0.0  2170  2310   396   543   385   559 0.77 -
DkoeB00010872-RA     -           1839 169at7147            -           2873   1.6e-46  157.1   0.0   3   6   4.2e-15   3.5e-12   43.2   0.0  2171  2322   593   754   578   777 0.77 -
DkoeB00010872-RA     -           1839 169at7147            -           2873   1.6e-46  157.1   0.0   4   6    0.0015       1.3    4.8   0.0  2173  2252   827   906   801   961 0.72 -
DkoeB00010872-RA     -           1839 169at7147            -           2873   1.6e-46  157.1   0.0   5   6     5e-14   4.1e-11   39.6   0.0  2171  2281  1021  1130  1010  1162 0.80 -
DkoeB00010872-RA     -           1839 169at7147            -           2873   1.6e-46  157.1   0.0   6   6   3.4e-05     0.028   10.3   0.0  2157  2280  1229  1353  1199  1378 0.80 -
DkoeB00001389-RA     -           1034 169at7147            -           2873   6.6e-19   65.5 270.6   1   7     2e-05     0.016   11.1  70.3   270   452   108   282    82   282 0.83 -
DkoeB00001389-RA     -           1034 169at7147            -           2873   6.6e-19   65.5 270.6   2   7   0.00032      0.27    7.1  37.7  1106  1201   233   327   227   331 0.86 -
DkoeB00001389-RA     -           1034 169at7147            -           2873   6.6e-19   65.5 270.6   3   7    0.0028       2.3    4.0  27.4  1118  1195   288   367   288   370 0.89 -
DkoeB00001389-RA     -           1034 169at7147            -           2873   6.6e-19   65.5 270.6   4   7   8.5e-09     7e-06   22.3  45.4   266   391   364   486   361   491 0.85 -
DkoeB00001389-RA     -           1034 169at7147            -           2873   6.6e-19   65.5 270.6   5   7   2.8e-05     0.023   10.6  13.4  1139  1189   484   535   482   538 0.86 -
DkoeB00001389-RA     -           1034 169at7147            -           2873   6.6e-19   65.5 270.6   6   7   2.7e-11   2.2e-08   30.6  64.9   265   455   537   721   534   723 0.84 -
DkoeB00001389-RA     -           1034 169at7147            -           2873   6.6e-19   65.5 270.6   7   7     0.029        24    0.6  25.6   358  1180   716   787   711   798 0.47 -
DkoeB00007141-RA     -           1378 169at7147            -           2873     3e-18   63.3   0.0   1   4       1.2     1e+03   -4.8  20.6  1895  2278   153   544   120   555 0.45 -
DkoeB00007141-RA     -           1378 169at7147            -           2873     3e-18   63.3   0.0   2   4       1.2     1e+03   -4.8   3.4   354   396   598   641   588   645 0.65 -
DkoeB00007141-RA     -           1378 169at7147            -           2873     3e-18   63.3   0.0   3   4   2.8e-13   2.3e-10   37.2   0.0  2175  2310   662   797   654   806 0.91 -
DkoeB00007141-RA     -           1378 169at7147            -           2873     3e-18   63.3   0.0   4   4   3.1e-12   2.6e-09   33.7   0.0  2170  2308  1219  1360  1201  1368 0.89 -
DkoeB00000657-RA     -            304 169at7147            -           2873   5.4e-13   45.9  27.9   1   1     8e-16   6.6e-13   45.6  27.9   198   308    11   115     5   176 0.77 -
DkoeB00006865-RA     -           1517 169at7147            -           2873   3.4e-09   33.3   0.8   1   2   0.00037       0.3    6.9   2.7  1554  1592  1118  1156  1081  1158 0.83 -
DkoeB00006865-RA     -           1517 169at7147            -           2873   3.4e-09   33.3   0.8   2   2   5.2e-09   4.3e-06   23.0   0.0  2168  2281  1154  1276  1149  1317 0.66 -
DkoeB00009848-RA     -           1785 169at7147            -           2873   8.9e-09   31.9   5.0   1   4       1.1   9.3e+02   -4.7   4.8   372   409   960  1003   942  1019 0.56 -
DkoeB00009848-RA     -           1785 169at7147            -           2873   8.9e-09   31.9   5.0   2   4     4e-10   3.3e-07   26.7   0.0  2167  2251  1026  1118  1023  1134 0.83 -
DkoeB00009848-RA     -           1785 169at7147            -           2873   8.9e-09   31.9   5.0   3   4    0.0019       1.6    4.5   0.0  2171  2308  1284  1429  1240  1452 0.61 -
DkoeB00009848-RA     -           1785 169at7147            -           2873   8.9e-09   31.9   5.0   4   4      0.16   1.3e+02   -1.9   0.1  1450  1468  1521  1539  1512  1547 0.84 -
DkoeB00003394-RA     -           2367 169at7147            -           2873     4e-08   29.7   1.4   1   1   4.3e-10   3.6e-07   26.6   1.4  2336  2592     7   350     3   361 0.64 -
DkoeB00009852-RA     -           1853 169at7147            -           2873   1.1e-07   28.2   0.0   1   4     0.053        44   -0.3   3.7  1559  1581  1036  1058  1000  1062 0.82 -
DkoeB00009852-RA     -           1853 169at7147            -           2873   1.1e-07   28.2   0.0   2   4   1.4e-10   1.1e-07   28.2   0.0  2167  2249  1066  1156  1062  1171 0.81 -
DkoeB00009852-RA     -           1853 169at7147            -           2873   1.1e-07   28.2   0.0   3   4    0.0037         3    3.6   0.1  2172  2308  1325  1469  1305  1492 0.64 -
DkoeB00009852-RA     -           1853 169at7147            -           2873   1.1e-07   28.2   0.0   4   4       1.2   9.5e+02   -4.7   3.0  1450  1465  1561  1576  1518  1583 0.81 -
DkoeB00007484-RA     -           3597 169at7147            -           2873   2.6e-05   20.4   0.0   1   5   3.1e-08   2.6e-05   20.4   0.0  2164  2244  1568  1649  1556  1670 0.84 -
DkoeB00007484-RA     -           3597 169at7147            -           2873   2.6e-05   20.4   0.0   2   5     0.044        36   -0.0   0.0  2551  2603  1701  1755  1675  1766 0.78 -
DkoeB00007484-RA     -           3597 169at7147            -           2873   2.6e-05   20.4   0.0   3   5     0.011       9.5    1.9   0.4  1449  1471  1777  1799  1771  1806 0.85 -
DkoeB00007484-RA     -           3597 169at7147            -           2873   2.6e-05   20.4   0.0   4   5    0.0043       3.6    3.3   0.0  2762  2864  1834  1945  1821  1955 0.78 -
DkoeB00007484-RA     -           3597 169at7147            -           2873   2.6e-05   20.4   0.0   5   5   1.2e-06   0.00098   15.2  31.6  1682  1780  2050  2142  2033  2151 0.83 -
DkoeB00009878-RA     -           2957 169at7147            -           2873   7.2e-05   18.9  56.0   1   3   8.7e-08   7.2e-05   18.9  56.0  1450  1604  1227  1392  1221  1400 0.77 -
DkoeB00009878-RA     -           2957 169at7147            -           2873   7.2e-05   18.9  56.0   2   3       3.5   2.9e+03   -6.3  12.3  1574  1625  1526  1572  1486  1585 0.41 -
DkoeB00009878-RA     -           2957 169at7147            -           2873   7.2e-05   18.9  56.0   3   3     0.025        21    0.8  64.6  1450  1648  2267  2486  2252  2513 0.66 -
DkoeB00011623-RA     -           1510 169at7147            -           2873   0.00017   17.7   0.0   1   1   2.1e-07   0.00017   17.7   0.0  2169  2292  1199  1321  1181  1349 0.58 -
DkoeB00000659-RA     -            345 169at7147            -           2873   0.00097   15.2  16.9   1   2   1.5e-06    0.0012   14.8  10.7  1687  1729    58   102    53   116 0.65 -
DkoeB00000659-RA     -            345 169at7147            -           2873   0.00097   15.2  16.9   2   2    0.0025         2    4.2   0.4   225   253   151   179   122   196 0.80 -
DkoeB00010353-RA     -           5118 169at7147            -           2873   0.00099   15.1   0.0   1   4     0.026        22    0.7   0.0  2339  2426  3296  3388  3285  3418 0.72 -
DkoeB00010353-RA     -           5118 169at7147            -           2873   0.00099   15.1   0.0   2   4    0.0099       8.2    2.1  10.2  1548  1592  4020  4064  4013  4076 0.88 -
DkoeB00010353-RA     -           5118 169at7147            -           2873   0.00099   15.1   0.0   3   4   1.2e-06   0.00099   15.1   0.0  2171  2258  4102  4191  4097  4209 0.87 -
DkoeB00010353-RA     -           5118 169at7147            -           2873   0.00099   15.1   0.0   4   4    0.0014       1.2    4.9   0.0  2365  2585  4393  4508  4375  4519 0.45 -
#
# Program:         hmmsearch
# Version:         3.1b2 (February 2015)
# Pipeline mode:   SEARCH
# Query file:      /home/nmoreyra/Documents/Genomics/03_orthologs_search/00_Phylogenomics_BUSCO-groups/busco4_odb10/busco_downloads/lineages/diptera_odb10/hmms/169at7147.hmm
# Target file:     /home/nmoreyra/Documents/Genomics/03_orthologs_search/00_Phylogenomics_BUSCO-groups/busco4_odb10/../00_proteins/DkoeB_proteins.fasta
# Option settings: /home/nmoreyra/Software/miniconda3/envs/busco4/bin/hmmsearch --domtblout /home/nmoreyra/Documents/Genomics/03_orthologs_search/00_Phylogenomics_BUSCO-groups/busco4_odb10/DkoeB_diptera/run_diptera_odb10/hmmer_output/initial_run_results/169at7147.out --cpu 1 /home/nmoreyra/Documents/Genomics/03_orthologs_search/00_Phylogenomics_BUSCO-groups/busco4_odb10/busco_downloads/lineages/diptera_odb10/hmms/169at7147.hmm /home/nmoreyra/Documents/Genomics/03_orthologs_search/00_Phylogenomics_BUSCO-groups/busco4_odb10/../00_proteins/DkoeB_proteins.fasta 
# Current dir:     /home/nmoreyra/Documents/Genomics/03_orthologs_search/00_Phylogenomics_BUSCO-groups/busco4_odb10
# Date:            Mon Jan 25 14:08:53 2021
# [ok]
