#                                                                            --- full sequence --- -------------- this domain -------------   hmm coord   ali coord   env coord
# target name        accession   tlen query name           accession   qlen   E-value  score  bias   #  of  c-Evalue  i-Evalue  score  bias  from    to  from    to  from    to  acc description of target
#------------------- ---------- ----- -------------------- ---------- ----- --------- ------ ----- --- --- --------- --------- ------ ----- ----- ----- ----- ----- ----- ----- ---- ---------------------
DkoeB00007597-RA     -            604 17392at7147          -            318  7.3e-185  612.8   0.5   1   1    1e-187  9.7e-185  612.4   0.5     1   308   223   560   223   578 0.93 -
DkoeB00011935-RA     -           1300 17392at7147          -            318  2.9e-161  535.2   6.7   1   2   2.5e-84   2.4e-81  272.7   1.0     2   270   252   525   251   569 0.84 -
DkoeB00011935-RA     -           1300 17392at7147          -            318  2.9e-161  535.2   6.7   2   2   3.7e-82   3.5e-79  265.6   0.5     2   271   870  1144   869  1188 0.86 -
DkoeB00010246-RA     -            678 17392at7147          -            318   1.5e-95  319.3   1.6   1   2   2.8e-66   2.6e-63  213.4   0.4     1   182   260   448   260   448 0.89 -
DkoeB00010246-RA     -            678 17392at7147          -            318   1.5e-95  319.3   1.6   2   2   2.9e-35   2.7e-32  111.5   0.1   135   300   445   620   438   648 0.74 -
DkoeB00007679-RA     -            668 17392at7147          -            318   1.7e-77  260.1   0.3   1   1   3.4e-80   3.2e-77  259.1   0.3     1   244   220   473   220   483 0.90 -
DkoeB00004023-RA     -            622 17392at7147          -            318   5.1e-76  255.2   0.0   1   1   7.9e-79   7.4e-76  254.6   0.0     2   242   216   459   215   492 0.93 -
DkoeB00010296-RA     -            588 17392at7147          -            318   2.6e-74  249.6   0.1   1   1   3.6e-77   3.4e-74  249.2   0.1     2   270   223   495   222   543 0.87 -
DkoeB00000418-RA     -            591 17392at7147          -            318   1.6e-63  214.1   0.0   1   1   2.5e-66   2.3e-63  213.6   0.0     2   269   213   497   212   520 0.83 -
DkoeB00003967-RA     -            654 17392at7147          -            318   2.2e-63  213.7   0.3   1   1   3.4e-66   3.2e-63  213.2   0.3     2   270   261   539   260   592 0.87 -
DkoeB00009728-RA     -            682 17392at7147          -            318   6.9e-62  208.8   0.0   1   1   1.2e-64   1.1e-61  208.1   0.0     1   273   285   566   285   575 0.87 -
DkoeB00009235-RA     -            560 17392at7147          -            318   4.1e-53  179.9   0.0   1   1   6.6e-56   6.2e-53  179.3   0.0     2   246   172   422   171   483 0.85 -
DkoeB00004636-RA     -            323 17392at7147          -            318   5.9e-34  117.0   0.0   1   1   2.3e-36   2.2e-33  115.1   0.0    65   250     6   209     1   238 0.82 -
DkoeB00011933-RA     -            393 17392at7147          -            318   7.9e-19   67.3   0.0   1   1   1.4e-21   1.3e-18   66.6   0.0     2    88   296   391   295   392 0.86 -
DkoeB00006904-RA     -            406 17392at7147          -            318    0.0022   16.5   0.0   1   1   3.7e-06    0.0035   15.9   0.0   100   141   293   334   285   368 0.88 -
DkoeB00004679-RA     -            309 17392at7147          -            318      0.03   12.8   0.0   1   1   4.7e-05     0.044   12.3   0.0    98   169   167   239   158   288 0.73 -
DkoeB00008427-RA     -           1332 17392at7147          -            318      0.13   10.7   0.1   1   1   0.00027      0.26    9.8   0.1    49   104   851   905   848   916 0.84 -
#
# Program:         hmmsearch
# Version:         3.1b2 (February 2015)
# Pipeline mode:   SEARCH
# Query file:      /home/nmoreyra/Documents/Genomics/03_orthologs_search/00_Phylogenomics_BUSCO-groups/busco4_odb10/busco_downloads/lineages/diptera_odb10/hmms/17392at7147.hmm
# Target file:     /home/nmoreyra/Documents/Genomics/03_orthologs_search/00_Phylogenomics_BUSCO-groups/busco4_odb10/../00_proteins/DkoeB_proteins.fasta
# Option settings: /home/nmoreyra/Software/miniconda3/envs/busco4/bin/hmmsearch --domtblout /home/nmoreyra/Documents/Genomics/03_orthologs_search/00_Phylogenomics_BUSCO-groups/busco4_odb10/DkoeB_diptera/run_diptera_odb10/hmmer_output/initial_run_results/17392at7147.out --cpu 1 /home/nmoreyra/Documents/Genomics/03_orthologs_search/00_Phylogenomics_BUSCO-groups/busco4_odb10/busco_downloads/lineages/diptera_odb10/hmms/17392at7147.hmm /home/nmoreyra/Documents/Genomics/03_orthologs_search/00_Phylogenomics_BUSCO-groups/busco4_odb10/../00_proteins/DkoeB_proteins.fasta 
# Current dir:     /home/nmoreyra/Documents/Genomics/03_orthologs_search/00_Phylogenomics_BUSCO-groups/busco4_odb10
# Date:            Mon Jan 25 14:04:20 2021
# [ok]
