#                                                                            --- full sequence --- -------------- this domain -------------   hmm coord   ali coord   env coord
# target name        accession   tlen query name           accession   qlen   E-value  score  bias   #  of  c-Evalue  i-Evalue  score  bias  from    to  from    to  from    to  acc description of target
#------------------- ---------- ----- -------------------- ---------- ----- --------- ------ ----- --- --- --------- --------- ------ ----- ----- ----- ----- ----- ----- ----- ---- ---------------------
DkoeB00006472-RA     -            802 18393at7147          -            566  3.9e-262  870.5  23.0   1   2   0.00092       3.2    5.8   0.0     2    26    57    81    56   140 0.68 -
DkoeB00006472-RA     -            802 18393at7147          -            566  3.9e-262  870.5  23.0   2   2  3.3e-259  1.2e-255  849.1  21.0    31   566   148   802   137   802 0.88 -
DkoeB00012083-RA     -            773 18393at7147          -            566   3.7e-14   51.8   2.1   1   2     0.024        85    1.1   0.1   160   194   315   349   280   385 0.71 -
DkoeB00012083-RA     -            773 18393at7147          -            566   3.7e-14   51.8   2.1   2   2     1e-17   3.7e-14   51.8   2.1   266   451   432   632   394   658 0.84 -
DkoeB00007329-RA     -            823 18393at7147          -            566   1.2e-11   43.5   0.0   1   1   9.2e-15   3.2e-11   42.1   0.0   274   461   491   692   450   706 0.85 -
DkoeB00003479-RA     -           1041 18393at7147          -            566   1.4e-06   26.8   0.8   1   3      0.16   5.5e+02   -1.6   0.0   318   337   609   628   601   640 0.82 -
DkoeB00003479-RA     -           1041 18393at7147          -            566   1.4e-06   26.8   0.8   2   3   2.2e-09   7.8e-06   24.3   0.1   291   414   692   827   676   830 0.84 -
DkoeB00003479-RA     -           1041 18393at7147          -            566   1.4e-06   26.8   0.8   3   3      0.28   9.8e+02   -2.4   0.0   420   461   862   903   854   910 0.85 -
#
# Program:         hmmsearch
# Version:         3.1b2 (February 2015)
# Pipeline mode:   SEARCH
# Query file:      /home/nmoreyra/Documents/Genomics/03_orthologs_search/00_Phylogenomics_BUSCO-groups/busco4_odb10/busco_downloads/lineages/diptera_odb10/hmms/18393at7147.hmm
# Target file:     /home/nmoreyra/Documents/Genomics/03_orthologs_search/00_Phylogenomics_BUSCO-groups/busco4_odb10/../00_proteins/DkoeB_proteins.fasta
# Option settings: /home/nmoreyra/Software/miniconda3/envs/busco4/bin/hmmsearch --domtblout /home/nmoreyra/Documents/Genomics/03_orthologs_search/00_Phylogenomics_BUSCO-groups/busco4_odb10/DkoeB_diptera/run_diptera_odb10/hmmer_output/initial_run_results/18393at7147.out --cpu 1 /home/nmoreyra/Documents/Genomics/03_orthologs_search/00_Phylogenomics_BUSCO-groups/busco4_odb10/busco_downloads/lineages/diptera_odb10/hmms/18393at7147.hmm /home/nmoreyra/Documents/Genomics/03_orthologs_search/00_Phylogenomics_BUSCO-groups/busco4_odb10/../00_proteins/DkoeB_proteins.fasta 
# Current dir:     /home/nmoreyra/Documents/Genomics/03_orthologs_search/00_Phylogenomics_BUSCO-groups/busco4_odb10
# Date:            Mon Jan 25 14:06:00 2021
# [ok]
