#                                                                            --- full sequence --- -------------- this domain -------------   hmm coord   ali coord   env coord
# target name        accession   tlen query name           accession   qlen   E-value  score  bias   #  of  c-Evalue  i-Evalue  score  bias  from    to  from    to  from    to  acc description of target
#------------------- ---------- ----- -------------------- ---------- ----- --------- ------ ----- --- --- --------- --------- ------ ----- ----- ----- ----- ----- ----- ----- ---- ---------------------
DkoeB00002760-RA     -           1352 18564at7147          -            550         0 1098.1   5.6   1   2   1.3e-29     3e-26   91.5   0.1     1    51   548   602   548   607 0.93 -
DkoeB00002760-RA     -           1352 18564at7147          -            550         0 1098.1   5.6   2   2  2.2e-307  5.1e-304 1008.4   1.5    58   550   654  1173   642  1173 0.95 -
DkoeB00000610-RA     -            165 18564at7147          -            550      0.01   13.8   0.2   1   1   6.4e-06     0.015   13.3   0.2     9    44     6    41     2    46 0.90 -
DkoeB00007898-RA     -            617 18564at7147          -            550       0.1   10.5   0.3   1   1   8.4e-05       0.2    9.6   0.3   174   240   512   584   506   592 0.78 -
DkoeB00007899-RA     -            640 18564at7147          -            550      0.12   10.3   0.3   1   1   8.9e-05      0.21    9.5   0.3   174   240   535   607   529   615 0.78 -
DkoeB00007900-RA     -            640 18564at7147          -            550      0.12   10.3   0.3   1   1   8.9e-05      0.21    9.5   0.3   174   240   535   607   529   615 0.78 -
DkoeB00007901-RA     -            640 18564at7147          -            550      0.12   10.3   0.3   1   1   8.9e-05      0.21    9.5   0.3   174   240   535   607   529   615 0.78 -
#
# Program:         hmmsearch
# Version:         3.1b2 (February 2015)
# Pipeline mode:   SEARCH
# Query file:      /home/nmoreyra/Documents/Genomics/03_orthologs_search/00_Phylogenomics_BUSCO-groups/busco4_odb10/busco_downloads/lineages/diptera_odb10/hmms/18564at7147.hmm
# Target file:     /home/nmoreyra/Documents/Genomics/03_orthologs_search/00_Phylogenomics_BUSCO-groups/busco4_odb10/../00_proteins/DkoeB_proteins.fasta
# Option settings: /home/nmoreyra/Software/miniconda3/envs/busco4/bin/hmmsearch --domtblout /home/nmoreyra/Documents/Genomics/03_orthologs_search/00_Phylogenomics_BUSCO-groups/busco4_odb10/DkoeB_diptera/run_diptera_odb10/hmmer_output/initial_run_results/18564at7147.out --cpu 1 /home/nmoreyra/Documents/Genomics/03_orthologs_search/00_Phylogenomics_BUSCO-groups/busco4_odb10/busco_downloads/lineages/diptera_odb10/hmms/18564at7147.hmm /home/nmoreyra/Documents/Genomics/03_orthologs_search/00_Phylogenomics_BUSCO-groups/busco4_odb10/../00_proteins/DkoeB_proteins.fasta 
# Current dir:     /home/nmoreyra/Documents/Genomics/03_orthologs_search/00_Phylogenomics_BUSCO-groups/busco4_odb10
# Date:            Mon Jan 25 14:06:09 2021
# [ok]
