#                                                                            --- full sequence --- -------------- this domain -------------   hmm coord   ali coord   env coord
# target name        accession   tlen query name           accession   qlen   E-value  score  bias   #  of  c-Evalue  i-Evalue  score  bias  from    to  from    to  from    to  acc description of target
#------------------- ---------- ----- -------------------- ---------- ----- --------- ------ ----- --- --- --------- --------- ------ ----- ----- ----- ----- ----- ----- ----- ---- ---------------------
DkoeB00004260-RA     -           1146 18587at7147          -            749  9.5e-286  949.2  20.3   1   4   1.9e-74   1.7e-71  240.8   3.2    14   209   131   375   126   387 0.84 -
DkoeB00004260-RA     -           1146 18587at7147          -            749  9.5e-286  949.2  20.3   2   4   7.9e-18   6.9e-15   53.7   0.6   204   278   396   489   378   511 0.74 -
DkoeB00004260-RA     -           1146 18587at7147          -            749  9.5e-286  949.2  20.3   3   4  1.4e-146  1.2e-143  479.3   0.6   286   627   532   907   522   927 0.89 -
DkoeB00004260-RA     -           1146 18587at7147          -            749  9.5e-286  949.2  20.3   4   4   6.4e-56   5.6e-53  179.6   0.1   619   744   944  1086   920  1089 0.87 -
DkoeB00012781-RA     -           1266 18587at7147          -            749   2.4e-56  190.7   0.0   1   2   1.2e-13     1e-10   39.9   0.0   349   473   428   557   406   573 0.77 -
DkoeB00012781-RA     -           1266 18587at7147          -            749   2.4e-56  190.7   0.0   2   2   1.5e-46   1.3e-43  148.6   0.0   476   741   592   878   574   884 0.82 -
DkoeB00002615-RA     -           1472 18587at7147          -            749   4.4e-36  123.8   0.1   1   2   2.5e-08   2.2e-05   22.2   0.0   369   465   954  1071   947  1103 0.69 -
DkoeB00002615-RA     -           1472 18587at7147          -            749   4.4e-36  123.8   0.1   2   2   2.5e-31   2.2e-28   98.3   0.1   477   744  1151  1436  1136  1441 0.75 -
DkoeB00006203-RA     -            831 18587at7147          -            749   1.6e-35  121.9   0.0   1   1   2.7e-37   2.4e-34  118.0   0.0   396   745   280   687   255   690 0.73 -
DkoeB00006204-RA     -            693 18587at7147          -            749   2.2e-35  121.4   0.4   1   2   2.2e-08   1.9e-05   22.5   0.0   378   444   221   291   198   294 0.74 -
DkoeB00006204-RA     -            693 18587at7147          -            749   2.2e-35  121.4   0.4   2   2   8.9e-31   7.8e-28   96.5   0.1   463   743   338   650   301   655 0.74 -
DkoeB00005163-RA     -            914 18587at7147          -            749   1.6e-33  115.3   0.1   1   2   2.5e-10   2.2e-07   28.9   0.0   377   458   459   546   446   569 0.77 -
DkoeB00005163-RA     -            914 18587at7147          -            749   1.6e-33  115.3   0.1   2   2   5.5e-27   4.8e-24   83.9   0.2   469   732   614   884   600   892 0.76 -
DkoeB00005164-RA     -           1988 18587at7147          -            749   4.8e-32  110.4   4.4   1   2   3.7e-11   3.2e-08   31.6   0.0   377   457   476   560   463   588 0.81 -
DkoeB00005164-RA     -           1988 18587at7147          -            749   4.8e-32  110.4   4.4   2   2   3.3e-25   2.9e-22   78.1   2.6   485   714   649   889   619   894 0.83 -
DkoeB00011820-RA     -           1353 18587at7147          -            749   3.1e-31  107.7   0.0   1   1     3e-33   2.6e-30  104.6   0.0   380   742   661  1085   640  1090 0.70 -
DkoeB00006391-RA     -            884 18587at7147          -            749   1.2e-30  105.7   0.0   1   2   2.8e-09   2.4e-06   25.4   0.0   380   445   287   357   266   412 0.68 -
DkoeB00006391-RA     -            884 18587at7147          -            749   1.2e-30  105.7   0.0   2   2   3.8e-25   3.3e-22   77.9   0.0   501   741   453   729   404   735 0.72 -
DkoeB00002048-RA     -           1164 18587at7147          -            749   2.4e-26   91.5   0.1   1   2   1.2e-16     1e-13   49.8   0.1   378   562   678   901   669   909 0.73 -
DkoeB00002048-RA     -           1164 18587at7147          -            749   2.4e-26   91.5   0.1   2   2   4.2e-12   3.7e-09   34.7   0.0   631   738  1001  1125   987  1134 0.73 -
DkoeB00011983-RA     -            685 18587at7147          -            749   7.7e-25   86.6   0.0   1   1   6.5e-27   5.7e-24   83.7   0.0   380   696   252   637   235   644 0.73 -
DkoeB00005895-RA     -           1173 18587at7147          -            749   1.1e-24   86.1   0.4   1   3     1e-06   0.00091   16.9   0.0   388   453   506   578   493   591 0.78 -
DkoeB00005895-RA     -           1173 18587at7147          -            749   1.1e-24   86.1   0.4   2   3      0.11     1e+02    0.2   0.0   147   187   618   658   593   662 0.80 -
DkoeB00005895-RA     -           1173 18587at7147          -            749   1.1e-24   86.1   0.4   3   3   3.2e-21   2.8e-18   64.9   0.0   479   739   728  1019   713  1025 0.75 -
DkoeB00009817-RA     -           2046 18587at7147          -            749   1.5e-16   59.2   0.0   1   2   2.2e-17   1.9e-14   52.2   0.0   377   696   812  1171   799  1174 0.68 -
DkoeB00009817-RA     -           2046 18587at7147          -            749   1.5e-16   59.2   0.0   2   2    0.0069       6.1    4.3   0.0   697   739  1196  1238  1187  1247 0.83 -
DkoeB00008417-RA     -            426 18587at7147          -            749    0.0075   13.9   0.0   1   1   1.2e-05     0.011   13.4   0.0   362   421   135   195   114   212 0.82 -
DkoeB00007069-RA     -            907 18587at7147          -            749     0.012   13.2   0.1   1   1   2.1e-05     0.019   12.6   0.1   396   421   573   598   566   602 0.88 -
DkoeB00007712-RA     -            212 18587at7147          -            749       0.1   10.1   0.0   1   1   0.00016      0.14    9.6   0.0   396   416    66    86    42   104 0.80 -
#
# Program:         hmmsearch
# Version:         3.1b2 (February 2015)
# Pipeline mode:   SEARCH
# Query file:      /home/nmoreyra/Documents/Genomics/03_orthologs_search/00_Phylogenomics_BUSCO-groups/busco4_odb10/busco_downloads/lineages/diptera_odb10/hmms/18587at7147.hmm
# Target file:     /home/nmoreyra/Documents/Genomics/03_orthologs_search/00_Phylogenomics_BUSCO-groups/busco4_odb10/../00_proteins/DkoeB_proteins.fasta
# Option settings: /home/nmoreyra/Software/miniconda3/envs/busco4/bin/hmmsearch --domtblout /home/nmoreyra/Documents/Genomics/03_orthologs_search/00_Phylogenomics_BUSCO-groups/busco4_odb10/DkoeB_diptera/run_diptera_odb10/hmmer_output/initial_run_results/18587at7147.out --cpu 1 /home/nmoreyra/Documents/Genomics/03_orthologs_search/00_Phylogenomics_BUSCO-groups/busco4_odb10/busco_downloads/lineages/diptera_odb10/hmms/18587at7147.hmm /home/nmoreyra/Documents/Genomics/03_orthologs_search/00_Phylogenomics_BUSCO-groups/busco4_odb10/../00_proteins/DkoeB_proteins.fasta 
# Current dir:     /home/nmoreyra/Documents/Genomics/03_orthologs_search/00_Phylogenomics_BUSCO-groups/busco4_odb10
# Date:            Mon Jan 25 14:06:11 2021
# [ok]
