#                                                                            --- full sequence --- -------------- this domain -------------   hmm coord   ali coord   env coord
# target name        accession   tlen query name           accession   qlen   E-value  score  bias   #  of  c-Evalue  i-Evalue  score  bias  from    to  from    to  from    to  acc description of target
#------------------- ---------- ----- -------------------- ---------- ----- --------- ------ ----- --- --- --------- --------- ------ ----- ----- ----- ----- ----- ----- ----- ---- ---------------------
DkoeB00005016-RA     -            719 18757at7147          -            551         0 1098.2   8.1   1   1         0         0 1095.5   8.1     1   551    78   692    78   692 0.95 -
DkoeB00005487-RA     -           1491 18757at7147          -            551  1.2e-124  416.4   0.2   1   2   1.6e-80   4.5e-77  259.5   0.0     3   372    41   448    39   455 0.85 -
DkoeB00005487-RA     -           1491 18757at7147          -            551  1.2e-124  416.4   0.2   2   2   7.6e-49   2.1e-45  154.9   0.2   388   550   559   732   546   733 0.91 -
DkoeB00005361-RA     -            593 18757at7147          -            551   6.9e-84  281.9   0.0   1   1   3.6e-86     1e-82  278.1   0.0    61   550     9   553     5   554 0.82 -
DkoeB00005362-RA     -             93 18757at7147          -            551   1.7e-14   52.8   0.1   1   1     7e-18     2e-14   52.7   0.1     2    56    27    83    26    90 0.90 -
DkoeB00006436-RA     -            701 18757at7147          -            551    0.0036   15.5   0.2   1   3     7e-06      0.02   13.1   0.0   229   350    53   171    45   177 0.79 -
DkoeB00006436-RA     -            701 18757at7147          -            551    0.0036   15.5   0.2   2   3      0.28     8e+02   -2.1   0.0   361   410   207   256   198   264 0.87 -
DkoeB00006436-RA     -            701 18757at7147          -            551    0.0036   15.5   0.2   3   3      0.33   9.2e+02   -2.3   0.1   354   390   485   524   470   533 0.75 -
#
# Program:         hmmsearch
# Version:         3.1b2 (February 2015)
# Pipeline mode:   SEARCH
# Query file:      /home/nmoreyra/Documents/Genomics/03_orthologs_search/00_Phylogenomics_BUSCO-groups/busco4_odb10/busco_downloads/lineages/diptera_odb10/hmms/18757at7147.hmm
# Target file:     /home/nmoreyra/Documents/Genomics/03_orthologs_search/00_Phylogenomics_BUSCO-groups/busco4_odb10/../00_proteins/DkoeB_proteins.fasta
# Option settings: /home/nmoreyra/Software/miniconda3/envs/busco4/bin/hmmsearch --domtblout /home/nmoreyra/Documents/Genomics/03_orthologs_search/00_Phylogenomics_BUSCO-groups/busco4_odb10/DkoeB_diptera/run_diptera_odb10/hmmer_output/initial_run_results/18757at7147.out --cpu 1 /home/nmoreyra/Documents/Genomics/03_orthologs_search/00_Phylogenomics_BUSCO-groups/busco4_odb10/busco_downloads/lineages/diptera_odb10/hmms/18757at7147.hmm /home/nmoreyra/Documents/Genomics/03_orthologs_search/00_Phylogenomics_BUSCO-groups/busco4_odb10/../00_proteins/DkoeB_proteins.fasta 
# Current dir:     /home/nmoreyra/Documents/Genomics/03_orthologs_search/00_Phylogenomics_BUSCO-groups/busco4_odb10
# Date:            Mon Jan 25 14:06:26 2021
# [ok]
