#                                                                            --- full sequence --- -------------- this domain -------------   hmm coord   ali coord   env coord
# target name        accession   tlen query name           accession   qlen   E-value  score  bias   #  of  c-Evalue  i-Evalue  score  bias  from    to  from    to  from    to  acc description of target
#------------------- ---------- ----- -------------------- ---------- ----- --------- ------ ----- --- --- --------- --------- ------ ----- ----- ----- ----- ----- ----- ----- ---- ---------------------
DkoeB00000529-RA     -            611 18875at7147          -            481    8e-251  832.0   9.8   1   2  9.2e-123  1.2e-119  399.5   7.5     1   224    11   253    11   285 0.88 -
DkoeB00000529-RA     -            611 18875at7147          -            481    8e-251  832.0   9.8   2   2  6.9e-133  8.8e-130  432.9   0.0   231   481   314   611   266   611 0.91 -
DkoeB00009098-RA     -            591 18875at7147          -            481   3.3e-49  167.2   3.5   1   2   2.1e-20   2.7e-17   61.9   2.7    71   209   111   257    79   281 0.81 -
DkoeB00009098-RA     -            591 18875at7147          -            481   3.3e-49  167.2   3.5   2   2   6.2e-33     8e-30  103.2   0.0   221   417   322   516   306   525 0.78 -
DkoeB00008537-RA     -            580 18875at7147          -            481   3.3e-35  121.0   0.1   1   2   2.6e-38   3.3e-35  121.0   0.1   132   416   138   428    77   449 0.79 -
DkoeB00008537-RA     -            580 18875at7147          -            481   3.3e-35  121.0   0.1   2   2       3.6   4.5e+03   -4.8   1.1   165   231   528   543   520   556 0.43 -
DkoeB00011631-RA     -            679 18875at7147          -            481   5.7e-30  103.7   0.4   1   1   1.4e-31   1.8e-28   98.8   0.4   133   412   211   469   204   484 0.82 -
DkoeB00004908-RA     -            321 18875at7147          -            481   1.3e-07   30.0   0.0   1   1   1.7e-10   2.2e-07   29.2   0.0   135   309    32   212    27   246 0.65 -
DkoeB00003993-RA     -            371 18875at7147          -            481   0.00051   18.1   0.0   1   1   6.2e-07    0.0008   17.5   0.0   247   303   194   256   186   261 0.75 -
DkoeB00012441-RA     -            652 18875at7147          -            481    0.0028   15.7   0.2   1   2   9.1e-06     0.012   13.7   0.0   238   280   158   198    81   226 0.73 -
DkoeB00012441-RA     -            652 18875at7147          -            481    0.0028   15.7   0.2   2   2      0.31   3.9e+02   -1.3   0.1   173   221   280   334   265   363 0.53 -
DkoeB00006512-RA     -            282 18875at7147          -            481    0.0031   15.5   0.1   1   1     4e-06    0.0051   14.8   0.1   213   274    60   121    53   133 0.85 -
DkoeB00005866-RA     -            494 18875at7147          -            481    0.0038   15.3   0.0   1   2   8.7e-06     0.011   13.7   0.0   210   279   200   269   181   300 0.80 -
DkoeB00005866-RA     -            494 18875at7147          -            481    0.0038   15.3   0.0   2   2      0.45   5.7e+02   -1.8   0.0   161   198   343   386   316   393 0.60 -
DkoeB00013258-RA     -            118 18875at7147          -            481    0.0082   14.2   0.0   1   1   8.7e-06     0.011   13.7   0.0   139   193    45    97    36   108 0.87 -
DkoeB00012647-RA     -            378 18875at7147          -            481     0.026   12.5   0.4   1   2   3.3e-05     0.042   11.8   0.0   251   285    22    53     9    79 0.75 -
DkoeB00012647-RA     -            378 18875at7147          -            481     0.026   12.5   0.4   2   2       1.5   1.9e+03   -3.5   0.1    74   127   225   279   213   286 0.60 -
#
# Program:         hmmsearch
# Version:         3.1b2 (February 2015)
# Pipeline mode:   SEARCH
# Query file:      /home/nmoreyra/Documents/Genomics/03_orthologs_search/00_Phylogenomics_BUSCO-groups/busco4_odb10/busco_downloads/lineages/diptera_odb10/hmms/18875at7147.hmm
# Target file:     /home/nmoreyra/Documents/Genomics/03_orthologs_search/00_Phylogenomics_BUSCO-groups/busco4_odb10/../00_proteins/DkoeB_proteins.fasta
# Option settings: /home/nmoreyra/Software/miniconda3/envs/busco4/bin/hmmsearch --domtblout /home/nmoreyra/Documents/Genomics/03_orthologs_search/00_Phylogenomics_BUSCO-groups/busco4_odb10/DkoeB_diptera/run_diptera_odb10/hmmer_output/initial_run_results/18875at7147.out --cpu 1 /home/nmoreyra/Documents/Genomics/03_orthologs_search/00_Phylogenomics_BUSCO-groups/busco4_odb10/busco_downloads/lineages/diptera_odb10/hmms/18875at7147.hmm /home/nmoreyra/Documents/Genomics/03_orthologs_search/00_Phylogenomics_BUSCO-groups/busco4_odb10/../00_proteins/DkoeB_proteins.fasta 
# Current dir:     /home/nmoreyra/Documents/Genomics/03_orthologs_search/00_Phylogenomics_BUSCO-groups/busco4_odb10
# Date:            Mon Jan 25 14:06:30 2021
# [ok]
