#                                                                            --- full sequence --- -------------- this domain -------------   hmm coord   ali coord   env coord
# target name        accession   tlen query name           accession   qlen   E-value  score  bias   #  of  c-Evalue  i-Evalue  score  bias  from    to  from    to  from    to  acc description of target
#------------------- ---------- ----- -------------------- ---------- ----- --------- ------ ----- --- --- --------- --------- ------ ----- ----- ----- ----- ----- ----- ----- ---- ---------------------
DkoeB00004779-RA     -            864 19575at7147          -            667  1.3e-292  971.7  25.7   1   2  3.9e-134  1.7e-131  439.3  16.3     8   355    55   478    37   486 0.85 -
DkoeB00004779-RA     -            864 19575at7147          -            667  1.3e-292  971.7  25.7   2   2  5.4e-163  2.3e-160  534.7   1.6   342   665   487   836   481   838 0.93 -
DkoeB00004756-RA     -           1738 19575at7147          -            667   3.6e-46  157.3   0.0   1   2   6.5e-27   2.8e-24   85.0   0.0   328   664   442   822   410   825 0.74 -
DkoeB00004756-RA     -           1738 19575at7147          -            667   3.6e-46  157.3   0.0   2   2   2.4e-22     1e-19   69.9   0.0   329   664  1297  1669  1238  1672 0.71 -
DkoeB00009490-RA     -            628 19575at7147          -            667   1.2e-33  115.9   0.8   1   1   1.8e-34   7.6e-32  110.0   0.8   318   665    90   484    77   486 0.74 -
DkoeB00012720-RA     -           1084 19575at7147          -            667   5.1e-31  107.2  11.6   1   3     1e-14   4.3e-12   44.7   0.5   283   476   418   641   411   648 0.77 -
DkoeB00012720-RA     -           1084 19575at7147          -            667   5.1e-31  107.2  11.6   2   3    0.0066       2.8    5.6   0.7   411   453   650   692   644   701 0.88 -
DkoeB00012720-RA     -           1084 19575at7147          -            667   5.1e-31  107.2  11.6   3   3   4.1e-20   1.7e-17   62.5   0.2   452   667   763  1001   757  1001 0.70 -
DkoeB00004780-RA     -            877 19575at7147          -            667   2.4e-29  101.7   0.0   1   1     4e-31   1.7e-28   98.9   0.0   329   665   466   849   423   852 0.75 -
DkoeB00010858-RA     -            970 19575at7147          -            667   7.2e-28   96.8   0.0   1   1   2.5e-30   1.1e-27   96.2   0.0   284   665   386   826   382   828 0.77 -
DkoeB00003342-RA     -            940 19575at7147          -            667   1.8e-27   95.5   1.6   1   2   1.3e-26   5.5e-24   84.0   0.3   325   543   450   696   403   703 0.79 -
DkoeB00003342-RA     -            940 19575at7147          -            667   1.8e-27   95.5   1.6   2   2   0.00025      0.11   10.3   0.0   577   665   774   866   769   868 0.88 -
DkoeB00004340-RA     -            995 19575at7147          -            667   4.1e-24   84.4   0.0   1   1   1.8e-26   7.5e-24   83.6   0.0   318   664   424   806   315   809 0.81 -
DkoeB00012999-RA     -            821 19575at7147          -            667   3.6e-23   81.3   0.5   1   1   1.2e-25   5.2e-23   80.8   0.5   329   623   284   610   244   664 0.76 -
DkoeB00005073-RA     -           1046 19575at7147          -            667   1.8e-22   79.0   0.0   1   1   1.3e-24   5.5e-22   77.4   0.0   325   664   522   907   461   910 0.75 -
DkoeB00004342-RA     -            889 19575at7147          -            667   3.9e-22   77.9   0.8   1   1   1.7e-24   7.4e-22   77.0   0.8   306   533   403   656   375   810 0.80 -
DkoeB00013063-RA     -            984 19575at7147          -            667   4.9e-22   77.6   0.0   1   1   1.8e-24   7.5e-22   76.9   0.0   332   530   471   687   444   710 0.83 -
DkoeB00004343-RA     -            916 19575at7147          -            667   8.8e-22   76.7   0.1   1   1   9.2e-24   3.9e-21   74.6   0.1   327   665   450   833   417   835 0.72 -
DkoeB00003153-RA     -            943 19575at7147          -            667   2.5e-17   62.0   0.8   1   2   2.3e-17     1e-14   53.4   0.5   362   536   491   678   434   700 0.80 -
DkoeB00003153-RA     -            943 19575at7147          -            667   2.5e-17   62.0   0.8   2   2    0.0032       1.3    6.7   0.0   575   664   736   829   701   833 0.84 -
DkoeB00001597-RA     -            876 19575at7147          -            667     5e-15   54.4   0.0   1   2    0.0028       1.2    6.9   0.0   366   429   398   462   335   466 0.87 -
DkoeB00001597-RA     -            876 19575at7147          -            667     5e-15   54.4   0.0   2   2   8.3e-15   3.5e-12   45.0   0.0   457   537   535   615   528   627 0.94 -
DkoeB00009172-RA     -            123 19575at7147          -            667   3.5e-13   48.3   0.0   1   1   9.5e-16     4e-13   48.1   0.0   456   534    18    96     8   110 0.93 -
DkoeB00009400-RA     -            407 19575at7147          -            667   1.7e-12   46.1   0.1   1   2   0.00032      0.14   10.0   0.1   387   461    25    99    19   101 0.89 -
DkoeB00009400-RA     -            407 19575at7147          -            667   1.7e-12   46.1   0.1   2   2   1.9e-11   7.9e-09   33.9   0.0   457   644   143   350   128   369 0.79 -
DkoeB00009220-RA     -           1613 19575at7147          -            667   8.6e-11   40.4  25.0   1   6   1.1e-06   0.00047   18.1   0.7   367   526   275   437   240   467 0.82 -
DkoeB00009220-RA     -           1613 19575at7147          -            667   8.6e-11   40.4  25.0   2   6       1.2     5e+02   -1.8   0.1   567   630   502   564   470   595 0.72 -
DkoeB00009220-RA     -           1613 19575at7147          -            667   8.6e-11   40.4  25.0   3   6   3.7e-09   1.6e-06   26.3   1.2   346   526   699   884   685   920 0.77 -
DkoeB00009220-RA     -           1613 19575at7147          -            667   8.6e-11   40.4  25.0   4   6      0.15        62    1.2   0.0   572   663   956  1045   931  1048 0.74 -
DkoeB00009220-RA     -           1613 19575at7147          -            667   8.6e-11   40.4  25.0   5   6   0.00037      0.16    9.8   0.5   416   527  1316  1432  1302  1461 0.81 -
DkoeB00009220-RA     -           1613 19575at7147          -            667   8.6e-11   40.4  25.0   6   6       3.3   1.4e+03   -3.3   0.1   603   666  1532  1595  1528  1596 0.80 -
DkoeB00002872-RA     -            701 19575at7147          -            667   6.5e-10   37.5   3.9   1   1   4.9e-12   2.1e-09   35.8   3.9   404   547   394   535   310   649 0.70 -
DkoeB00013176-RA     -            932 19575at7147          -            667     2e-06   26.0   2.1   1   2       1.4   5.8e+02   -2.0   0.2   324   378   107   162    93   202 0.57 -
DkoeB00013176-RA     -            932 19575at7147          -            667     2e-06   26.0   2.1   2   2   4.6e-09     2e-06   26.0   2.1   330   631   411   750   400   787 0.68 -
DkoeB00011251-RA     -            632 19575at7147          -            667   4.9e-06   24.7   0.0   1   2   0.00012     0.051   11.4   0.0   322   523   229   432   188   470 0.75 -
DkoeB00011251-RA     -            632 19575at7147          -            667   4.9e-06   24.7   0.0   2   2   0.00013     0.057   11.2   0.0   584   635   508   560   497   577 0.85 -
DkoeB00011265-RA     -            599 19575at7147          -            667   1.2e-05   23.4   0.5   1   2   0.00029      0.12   10.1   0.0   343   455   232   347   216   365 0.74 -
DkoeB00011265-RA     -            599 19575at7147          -            667   1.2e-05   23.4   0.5   2   2   0.00012      0.05   11.4   0.1   576   664   486   574   469   577 0.89 -
DkoeB00009328-RA     -            496 19575at7147          -            667   2.8e-05   22.2   0.2   1   1   9.3e-08     4e-05   21.7   0.2   406   527   192   314   171   335 0.80 -
DkoeB00006387-RA     -            534 19575at7147          -            667   0.00011   20.3   2.5   1   1   8.9e-07   0.00038   18.4   2.5   391   628   206   460   122   465 0.68 -
DkoeB00008372-RA     -            617 19575at7147          -            667   0.00017   19.6   0.1   1   1     1e-06   0.00044   18.2   0.1   464   646   366   567   234   576 0.69 -
DkoeB00011254-RA     -            606 19575at7147          -            667   0.00019   19.5   0.2   1   2   1.4e-06   0.00059   17.8   0.0   326   435   243   362   210   381 0.69 -
DkoeB00011254-RA     -            606 19575at7147          -            667   0.00019   19.5   0.2   2   2      0.88   3.8e+02   -1.4   0.1   439   468   540   570   490   573 0.80 -
DkoeB00011253-RA     -            723 19575at7147          -            667   0.00099   17.1   0.0   1   1   3.6e-06    0.0015   16.4   0.0   333   526   284   487   245   498 0.66 -
DkoeB00009626-RA     -           1109 19575at7147          -            667    0.0013   16.7   2.6   1   2      0.35   1.5e+02   -0.0   0.3   407   453   278   316   256   508 0.58 -
DkoeB00009626-RA     -           1109 19575at7147          -            667    0.0013   16.7   2.6   2   2     3e-06    0.0013   16.7   2.6   314   628   728  1047   721  1053 0.78 -
DkoeB00005666-RA     -            657 19575at7147          -            667    0.0013   16.7   0.9   1   2   1.3e-05    0.0055   14.6   0.7   385   532   317   471   273   496 0.70 -
DkoeB00005666-RA     -            657 19575at7147          -            667    0.0013   16.7   0.9   2   2       0.4   1.7e+02   -0.2   0.0   599   626   556   583   553   623 0.77 -
DkoeB00000662-RA     -            629 19575at7147          -            667    0.0049   14.8   0.0   1   1     2e-05    0.0085   14.0   0.0   597   663   530   604   527   608 0.69 -
DkoeB00008947-RA     -            636 19575at7147          -            667    0.0049   14.8   0.3   1   2    0.0013      0.55    8.0   0.1   385   507   330   455   311   472 0.81 -
DkoeB00008947-RA     -            636 19575at7147          -            667    0.0049   14.8   0.3   2   2     0.012       4.9    4.8   0.0   572   660   545   633   540   636 0.75 -
DkoeB00006004-RA     -            467 19575at7147          -            667     0.029   12.2   0.0   1   1   9.7e-05     0.041   11.7   0.0   348   443    97   198    61   213 0.77 -
DkoeB00001770-RA     -           2553 19575at7147          -            667     0.089   10.6   1.0   1   1   0.00038      0.16    9.7   1.0   415   524   308   417   294   441 0.83 -
#
# Program:         hmmsearch
# Version:         3.1b2 (February 2015)
# Pipeline mode:   SEARCH
# Query file:      /home/nmoreyra/Documents/Genomics/03_orthologs_search/00_Phylogenomics_BUSCO-groups/busco4_odb10/busco_downloads/lineages/diptera_odb10/hmms/19575at7147.hmm
# Target file:     /home/nmoreyra/Documents/Genomics/03_orthologs_search/00_Phylogenomics_BUSCO-groups/busco4_odb10/../00_proteins/DkoeB_proteins.fasta
# Option settings: /home/nmoreyra/Software/miniconda3/envs/busco4/bin/hmmsearch --domtblout /home/nmoreyra/Documents/Genomics/03_orthologs_search/00_Phylogenomics_BUSCO-groups/busco4_odb10/DkoeB_diptera/run_diptera_odb10/hmmer_output/initial_run_results/19575at7147.out --cpu 1 /home/nmoreyra/Documents/Genomics/03_orthologs_search/00_Phylogenomics_BUSCO-groups/busco4_odb10/busco_downloads/lineages/diptera_odb10/hmms/19575at7147.hmm /home/nmoreyra/Documents/Genomics/03_orthologs_search/00_Phylogenomics_BUSCO-groups/busco4_odb10/../00_proteins/DkoeB_proteins.fasta 
# Current dir:     /home/nmoreyra/Documents/Genomics/03_orthologs_search/00_Phylogenomics_BUSCO-groups/busco4_odb10
# Date:            Mon Jan 25 14:04:23 2021
# [ok]
