#                                                                            --- full sequence --- -------------- this domain -------------   hmm coord   ali coord   env coord
# target name        accession   tlen query name           accession   qlen   E-value  score  bias   #  of  c-Evalue  i-Evalue  score  bias  from    to  from    to  from    to  acc description of target
#------------------- ---------- ----- -------------------- ---------- ----- --------- ------ ----- --- --- --------- --------- ------ ----- ----- ----- ----- ----- ----- ----- ---- ---------------------
DkoeB00011260-RA     -            583 22903at7147          -            437  1.9e-272  902.9  12.6   1   3  3.1e-220  2.5e-218  724.6   3.5     1   321    21   346    21   376 0.97 -
DkoeB00011260-RA     -            583 22903at7147          -            437  1.9e-272  902.9  12.6   2   3     4e-49   3.2e-47  160.8   0.2   327   418   443   544   429   549 0.90 -
DkoeB00011260-RA     -            583 22903at7147          -            437  1.9e-272  902.9  12.6   3   3   4.6e-07   3.7e-05   22.1   0.0   417   437   563   583   556   583 0.93 -
DkoeB00000181-RA     -           1395 22903at7147          -            437   3.2e-86  289.3   0.2   1   1   6.9e-88   5.6e-86  288.5   0.2     3   261   143   404   141   478 0.88 -
DkoeB00013806-RA     -            620 22903at7147          -            437   1.3e-73  247.8   3.8   1   2   5.8e-39   4.7e-37  127.3   0.6     4   249    41   289    38   317 0.88 -
DkoeB00013806-RA     -            620 22903at7147          -            437   1.3e-73  247.8   3.8   2   2   2.5e-37   2.1e-35  121.9   0.1     6   258   316   568   311   576 0.88 -
DkoeB00004833-RA     -            620 22903at7147          -            437   1.9e-73  247.2   3.9   1   2   8.3e-39   6.8e-37  126.7   0.7     4   249    41   289    38   317 0.88 -
DkoeB00004833-RA     -            620 22903at7147          -            437   1.9e-73  247.2   3.9   2   2   2.5e-37   2.1e-35  121.9   0.1     6   258   316   568   311   576 0.88 -
DkoeB00005519-RA     -           1514 22903at7147          -            437   3.8e-68  229.7   0.0   1   1   7.1e-70   5.7e-68  229.1   0.0    11   259    71   322    65   336 0.93 -
DkoeB00002843-RA     -           1984 22903at7147          -            437   5.6e-67  225.9   0.6   1   3   4.3e-20   3.5e-18   65.1   0.0    10   196   873  1075   867  1103 0.73 -
DkoeB00002843-RA     -           1984 22903at7147          -            437   5.6e-67  225.9   0.6   2   3      0.23        19    3.4   0.0   223   261  1132  1170  1120  1183 0.86 -
DkoeB00002843-RA     -           1984 22903at7147          -            437   5.6e-67  225.9   0.6   3   3   4.8e-47   3.9e-45  153.9   0.0     8   272  1222  1495  1218  1525 0.89 -
DkoeB00007064-RA     -           1673 22903at7147          -            437   1.6e-64  217.8   0.3   1   1   4.1e-66   3.3e-64  216.7   0.3     6   258    19   276    16   339 0.90 -
DkoeB00007247-RA     -           1434 22903at7147          -            437   2.7e-58  197.2   0.0   1   1   4.8e-60   3.9e-58  196.7   0.0    76   257     5   187     1   203 0.96 -
DkoeB00004299-RA     -            330 22903at7147          -            437   5.2e-48  163.4   0.4   1   1   7.7e-50   6.2e-48  163.1   0.4     9   256    69   327    62   330 0.88 -
DkoeB00003091-RA     -            592 22903at7147          -            437   7.5e-48  162.8   0.0   1   1   1.4e-49   1.1e-47  162.3   0.0     4   255    86   344    84   355 0.93 -
DkoeB00011277-RA     -            492 22903at7147          -            437   1.9e-47  161.5   0.0   1   1   3.4e-49   2.7e-47  161.0   0.0    48   258    72   293    47   302 0.91 -
DkoeB00004233-RA     -            856 22903at7147          -            437   2.8e-46  157.7   0.0   1   1   5.5e-48   4.5e-46  157.0   0.0     6   256   581   841   576   845 0.86 -
DkoeB00010713-RA     -            538 22903at7147          -            437   9.1e-46  156.0   0.0   1   1   1.5e-47   1.2e-45  155.6   0.0     4   257   137   405   134   413 0.90 -
DkoeB00012695-RA     -            385 22903at7147          -            437   2.6e-45  154.5   0.0   1   1   4.4e-47   3.6e-45  154.0   0.0    60   257    55   258    43   267 0.90 -
DkoeB00012874-RA     -            575 22903at7147          -            437   4.6e-44  150.4   0.3   1   1     8e-46   6.5e-44  149.9   0.3    14   267    31   289    22   336 0.89 -
DkoeB00005468-RA     -            394 22903at7147          -            437   6.9e-42  143.2   0.1   1   1   1.2e-43   9.4e-42  142.8   0.1     7   256   136   389   132   393 0.91 -
DkoeB00001143-RA     -           1869 22903at7147          -            437   3.3e-41  141.0   0.0   1   1   6.5e-43   5.3e-41  140.3   0.0     9   245  1542  1783  1536  1805 0.88 -
DkoeB00012703-RA     -            400 22903at7147          -            437   3.6e-40  137.5   0.0   1   1     6e-42   4.9e-40  137.1   0.0    66   256     7   205     4   240 0.87 -
DkoeB00008304-RA     -            692 22903at7147          -            437   5.7e-40  136.9   0.0   1   1   1.2e-41   9.6e-40  136.1   0.0     3   277   297   594   295   610 0.84 -
DkoeB00010519-RA     -            300 22903at7147          -            437   7.9e-39  133.1   0.0   1   1   1.2e-40   9.7e-39  132.8   0.0     8   256    25   288    20   294 0.85 -
DkoeB00010551-RA     -            840 22903at7147          -            437   9.3e-38  129.6   0.2   1   1   1.7e-39   1.4e-37  129.0   0.2    12   259   551   806   543   813 0.87 -
DkoeB00003694-RA     -            915 22903at7147          -            437   1.6e-37  128.8   0.0   1   1     3e-39   2.5e-37  128.2   0.0     9   257   605   864   598   868 0.84 -
DkoeB00002561-RA     -            495 22903at7147          -            437   1.7e-36  125.4   0.0   1   1   2.8e-38   2.3e-36  125.0   0.0     7   238    72   311    65   336 0.86 -
DkoeB00001218-RA     -            794 22903at7147          -            437   3.2e-35  121.2   0.0   1   1   5.7e-37   4.6e-35  120.7   0.0     7   256     3   254     1   284 0.89 -
DkoeB00003624-RA     -            329 22903at7147          -            437   5.7e-35  120.4   0.0   1   1   8.8e-37   7.2e-35  120.1   0.0     8   236    53   285    49   310 0.87 -
DkoeB00010520-RA     -           1414 22903at7147          -            437   1.3e-34  119.2   0.0   1   1   2.5e-36     2e-34  118.6   0.0     8   259    26   292    21   305 0.85 -
DkoeB00004076-RA     -            441 22903at7147          -            437   1.6e-34  118.9   0.1   1   1   1.3e-34   1.1e-32  112.9   0.1     7   258   153   406   148   414 0.82 -
DkoeB00003623-RA     -            343 22903at7147          -            437   7.5e-34  116.7   0.0   1   1   1.1e-35   9.2e-34  116.4   0.0     8   229    67   292    63   322 0.85 -
DkoeB00011142-RA     -            355 22903at7147          -            437   6.6e-33  113.6   0.0   1   1   1.1e-34   8.6e-33  113.2   0.0    47   257    54   282    15   290 0.75 -
DkoeB00006459-RA     -           4232 22903at7147          -            437   7.4e-33  113.4   0.2   1   2   7.2e-18   5.9e-16   57.7   0.0    50   256  3260  3473  3216  3480 0.82 -
DkoeB00006459-RA     -           4232 22903at7147          -            437   7.4e-33  113.4   0.2   2   2   1.7e-16   1.4e-14   53.2   0.1    50   257  3952  4166  3910  4193 0.81 -
DkoeB00003171-RA     -            788 22903at7147          -            437   1.4e-32  112.5   0.0   1   1   2.6e-34   2.1e-32  111.9   0.0     3   256   472   737   470   744 0.87 -
DkoeB00008271-RA     -            493 22903at7147          -            437   3.1e-32  111.4   0.0   1   1   4.9e-34   3.9e-32  111.0   0.0     4   276     5   281     2   298 0.85 -
DkoeB00000484-RA     -            290 22903at7147          -            437   9.8e-31  106.4   0.1   1   1   1.5e-32   1.2e-30  106.1   0.1    13   209    13   218     4   248 0.83 -
DkoeB00002293-RA     -           2154 22903at7147          -            437   4.7e-30  104.2   0.1   1   1   8.7e-31     7e-29  100.3   0.1    13   257   865  1142   856  1155 0.80 -
DkoeB00007124-RA     -           8110 22903at7147          -            437   4.9e-29  100.9   0.1   1   1   1.1e-30   9.1e-29  100.0   0.1    12   211  7486  7689  7479  7739 0.83 -
DkoeB00009310-RA     -            458 22903at7147          -            437   5.1e-29  100.8   0.9   1   2   9.3e-23   7.6e-21   73.9   0.3    12   150    96   238    87   251 0.91 -
DkoeB00009310-RA     -            458 22903at7147          -            437   5.1e-29  100.8   0.9   2   2   4.8e-08   3.9e-06   25.4   0.0   161   215   288   341   282   384 0.87 -
DkoeB00011432-RA     -            617 22903at7147          -            437   6.6e-29  100.4   0.0   1   1   1.2e-30   9.5e-29   99.9   0.0    13   265   351   607   346   614 0.82 -
DkoeB00012672-RA     -           8881 22903at7147          -            437   1.2e-28   99.5   0.2   1   1   2.8e-30   2.3e-28   98.6   0.2     8   258  8003  8260  7998  8268 0.82 -
DkoeB00008234-RA     -            515 22903at7147          -            437   1.3e-28   99.4   0.0   1   1   3.8e-30   3.1e-28   98.2   0.0    47   257    70   293     9   300 0.75 -
DkoeB00011793-RA     -            828 22903at7147          -            437   5.2e-28   97.5   0.1   1   1   9.3e-30   7.6e-28   96.9   0.1    14   282    22   295    13   319 0.77 -
DkoeB00001329-RA     -            947 22903at7147          -            437   7.8e-28   96.9   0.0   1   2   1.8e-20   1.5e-18   66.3   0.0     8   160   299   456   295   466 0.88 -
DkoeB00001329-RA     -            947 22903at7147          -            437   7.8e-28   96.9   0.0   2   2   6.4e-09   5.2e-07   28.3   0.0   162   246   542   625   535   643 0.90 -
DkoeB00010751-RA     -            838 22903at7147          -            437   8.9e-28   96.7   0.1   1   1   1.6e-29   1.3e-27   96.2   0.1    12   250   105   349    97   354 0.81 -
DkoeB00009912-RA     -            468 22903at7147          -            437     1e-27   96.5   0.5   1   2   1.8e-21   1.5e-19   69.6   0.0    13   196    16   197    10   203 0.80 -
DkoeB00009912-RA     -            468 22903at7147          -            437     1e-27   96.5   0.5   2   2   6.5e-08   5.3e-06   24.9   0.1    53   247   256   450   245   458 0.74 -
DkoeB00002229-RA     -           1837 22903at7147          -            437   1.3e-27   96.2   0.1   1   1   3.2e-29   2.6e-27   95.2   0.1     6   257   103   370    99   377 0.78 -
DkoeB00001171-RA     -            764 22903at7147          -            437   1.6e-27   95.8   0.0   1   1   2.9e-29   2.3e-27   95.3   0.0     7   260    78   345    74   355 0.83 -
DkoeB00007794-RA     -            598 22903at7147          -            437   6.6e-27   93.8   0.1   1   1   1.2e-28   9.5e-27   93.3   0.1     8   257   295   548   292   580 0.86 -
DkoeB00006437-RA     -           1638 22903at7147          -            437   7.9e-27   93.6   0.0   1   1   2.1e-28   1.7e-26   92.5   0.0    12   216   108   323   100   375 0.84 -
DkoeB00004762-RA     -            314 22903at7147          -            437   1.3e-26   92.8   0.3   1   2   1.4e-27   1.1e-25   89.8   0.1     8   212     8   217     3   226 0.80 -
DkoeB00004762-RA     -            314 22903at7147          -            437   1.3e-26   92.8   0.3   2   2       1.2        96    1.0   0.0   227   258   258   289   247   312 0.80 -
DkoeB00009154-RA     -            335 22903at7147          -            437   2.2e-26   92.1   0.0   1   2   2.4e-26   1.9e-24   85.7   0.0     5   214    39   255    36   280 0.82 -
DkoeB00009154-RA     -            335 22903at7147          -            437   2.2e-26   92.1   0.0   2   2      0.11       8.5    4.5   0.0   225   257   294   326   284   333 0.89 -
DkoeB00004690-RA     -            671 22903at7147          -            437     9e-26   90.1   0.0   1   1   1.6e-27   1.3e-25   89.6   0.0    12   264    17   272    12   304 0.89 -
DkoeB00002850-RA     -            506 22903at7147          -            437   1.6e-25   89.2   0.1   1   1   2.9e-27   2.3e-25   88.7   0.1    89   268   238   423   200   461 0.87 -
DkoeB00004704-RA     -            652 22903at7147          -            437   2.8e-25   88.5   0.1   1   1   4.7e-27   3.8e-25   88.0   0.1     9   207   248   454   241   496 0.82 -
DkoeB00006473-RA     -            700 22903at7147          -            437   3.3e-25   88.3   0.3   1   1   6.4e-27   5.2e-25   87.6   0.3     7   256   190   454   185   466 0.79 -
DkoeB00003768-RA     -            725 22903at7147          -            437   4.5e-25   87.8   0.0   1   1   8.3e-27   6.7e-25   87.2   0.0     7   196     3   194     1   218 0.86 -
DkoeB00003654-RA     -            898 22903at7147          -            437   1.2e-24   86.3   1.1   1   1   3.2e-26   2.6e-24   85.3   1.1     5   210    10   213     7   222 0.86 -
DkoeB00008609-RA     -            442 22903at7147          -            437   7.7e-24   83.7   0.0   1   2   2.7e-24   2.2e-22   79.0   0.0     4   198    48   245    46   267 0.86 -
DkoeB00008609-RA     -            442 22903at7147          -            437   7.7e-24   83.7   0.0   2   2      0.42        34    2.5   0.0   229   257   310   338   300   346 0.86 -
DkoeB00004189-RA     -            266 22903at7147          -            437   9.2e-24   83.5   0.3   1   1   1.4e-25   1.1e-23   83.2   0.3     9   251    10   259     4   265 0.78 -
DkoeB00011430-RA     -           1334 22903at7147          -            437   1.3e-23   82.9   0.9   1   1   3.2e-25   2.6e-23   82.0   0.0    60   261   126   338    75   345 0.78 -
DkoeB00009282-RA     -            759 22903at7147          -            437   1.7e-23   82.6   0.0   1   1   2.8e-25   2.3e-23   82.2   0.0    82   206     3   137     1   197 0.78 -
DkoeB00009927-RA     -            578 22903at7147          -            437   1.7e-23   82.6   0.0   1   1   2.9e-25   2.4e-23   82.1   0.0     9   242   319   557   313   569 0.81 -
DkoeB00002343-RA     -            375 22903at7147          -            437     2e-23   82.4   0.1   1   2   5.8e-22   4.7e-20   71.2   0.1    31   202    11   188     5   199 0.84 -
DkoeB00002343-RA     -            375 22903at7147          -            437     2e-23   82.4   0.1   2   2    0.0047      0.38    8.9   0.0   219   257   237   275   231   284 0.84 -
DkoeB00005275-RA     -            875 22903at7147          -            437   2.1e-23   82.3   0.0   1   1   3.9e-25   3.2e-23   81.7   0.0     8   258   601   854   593   864 0.85 -
DkoeB00004907-RA     -            269 22903at7147          -            437   4.2e-23   81.3   0.2   1   1   6.2e-25     5e-23   81.0   0.2     3   250     4   253     2   256 0.80 -
DkoeB00009166-RA     -            265 22903at7147          -            437   4.4e-23   81.2   0.1   1   1   6.2e-25     5e-23   81.0   0.1    29   253    15   249     1   260 0.83 -
DkoeB00012833-RA     -            688 22903at7147          -            437   5.2e-23   81.0   0.2   1   2   1.8e-10   1.4e-08   33.4   0.0    19   137     3   125     1   136 0.83 -
DkoeB00012833-RA     -            688 22903at7147          -            437   5.2e-23   81.0   0.2   2   2   5.1e-14   4.1e-12   45.1   0.0   141   275   156   295   143   303 0.86 -
DkoeB00002898-RA     -           1015 22903at7147          -            437     8e-23   80.4   0.0   1   1   1.5e-24   1.2e-22   79.7   0.0    46   207   208   370   186   382 0.83 -
DkoeB00005441-RA     -           1161 22903at7147          -            437   1.5e-22   79.5   0.0   1   1   3.8e-24   3.1e-22   78.4   0.0     9   257    67   352    62   367 0.76 -
DkoeB00000797-RA     -            396 22903at7147          -            437   1.6e-22   79.4   0.1   1   2   5.2e-24   4.2e-22   78.0   0.0    14   202    93   282    86   301 0.79 -
DkoeB00000797-RA     -            396 22903at7147          -            437   1.6e-22   79.4   0.1   2   2         8   6.5e+02   -1.7   0.0    89   121   315   347   305   375 0.71 -
DkoeB00000043-RA     -           1356 22903at7147          -            437   3.3e-22   78.4   0.1   1   1     6e-24   4.9e-22   77.8   0.1     7   208  1017  1243  1012  1315 0.74 -
DkoeB00008481-RA     -            710 22903at7147          -            437   4.3e-22   78.0   0.0   1   2   2.5e-10   2.1e-08   32.9   0.0     8   103   396   491   392   498 0.86 -
DkoeB00008481-RA     -            710 22903at7147          -            437   4.3e-22   78.0   0.0   2   2   2.2e-13   1.8e-11   43.0   0.0   103   202   511   613   503   665 0.87 -
DkoeB00008023-RA     -           1337 22903at7147          -            437   4.8e-22   77.8   0.0   1   1   9.7e-24   7.9e-22   77.1   0.0    12   210   585   790   580   839 0.79 -
DkoeB00009058-RA     -            361 22903at7147          -            437   4.9e-22   77.8   0.2   1   2   1.9e-22   1.6e-20   72.8   0.0    12   226    24   247    18   268 0.77 -
DkoeB00009058-RA     -            361 22903at7147          -            437   4.9e-22   77.8   0.2   2   2       0.3        24    3.0   0.0   229   258   280   309   266   338 0.78 -
DkoeB00003954-RA     -            360 22903at7147          -            437   1.7e-21   76.0   0.1   1   1   2.7e-23   2.2e-21   75.6   0.1     8   207    93   290    90   343 0.78 -
DkoeB00007026-RA     -            317 22903at7147          -            437   1.8e-21   75.9   0.0   1   2   1.4e-22   1.1e-20   73.3   0.0    12   196    30   225    24   237 0.81 -
DkoeB00007026-RA     -            317 22903at7147          -            437   1.8e-21   75.9   0.0   2   2       2.1   1.7e+02    0.2   0.0   226   259   282   315   263   316 0.87 -
DkoeB00006249-RA     -            675 22903at7147          -            437   2.4e-21   75.5   0.0   1   1   4.5e-23   3.6e-21   74.9   0.0    13   258    32   280    26   299 0.86 -
DkoeB00004732-RA     -            313 22903at7147          -            437   3.6e-21   74.9   0.0   1   1   5.6e-23   4.6e-21   74.6   0.0     8   201     9   208     6   238 0.81 -
DkoeB00008677-RA     -           1025 22903at7147          -            437   3.9e-21   74.8   0.3   1   2   5.9e-09   4.8e-07   28.4   0.6     5   108   745   850   741   855 0.87 -
DkoeB00008677-RA     -           1025 22903at7147          -            437   3.9e-21   74.8   0.3   2   2   7.4e-14     6e-12   44.5   0.0   143   257   854   974   850   991 0.85 -
DkoeB00009120-RA     -            375 22903at7147          -            437   6.1e-21   74.2   0.1   1   2   1.1e-21   8.8e-20   70.4   0.1    13   205    42   243    31   260 0.75 -
DkoeB00009120-RA     -            375 22903at7147          -            437   6.1e-21   74.2   0.1   2   2      0.83        68    1.5   0.0   230   257   299   326   289   338 0.87 -
DkoeB00010909-RA     -           1584 22903at7147          -            437   1.1e-20   73.4   0.0   1   1   2.5e-22     2e-20   72.4   0.0    10   245  1298  1545  1292  1555 0.81 -
DkoeB00001815-RA     -            400 22903at7147          -            437   1.9e-20   72.5   0.0   1   2   8.7e-22   7.1e-20   70.7   0.0     8   200    83   278    76   289 0.83 -
DkoeB00001815-RA     -            400 22903at7147          -            437   1.9e-20   72.5   0.0   2   2       4.7   3.8e+02   -1.0   0.0   235   272   346   382   339   390 0.83 -
DkoeB00008722-RA     -            366 22903at7147          -            437     2e-20   72.5   0.3   1   2   1.4e-20   1.2e-18   66.7   0.1     8   209    21   228    16   252 0.77 -
DkoeB00008722-RA     -            366 22903at7147          -            437     2e-20   72.5   0.3   2   2      0.14        11    4.1   0.0   230   257   291   318   266   355 0.82 -
DkoeB00000266-RA     -            702 22903at7147          -            437     3e-20   71.9   0.0   1   1   5.8e-22   4.7e-20   71.3   0.0     9   241    20   254    13   273 0.75 -
DkoeB00010738-RA     -            454 22903at7147          -            437   5.2e-20   71.1   1.5   1   1   9.1e-22   7.4e-20   70.6   1.5    32   253   210   443   194   451 0.73 -
DkoeB00010523-RA     -            757 22903at7147          -            437   1.7e-19   69.4   0.0   1   1   3.4e-21   2.7e-19   68.7   0.0     8   260   240   518   236   539 0.80 -
DkoeB00002426-RA     -           1001 22903at7147          -            437   2.1e-19   69.1   0.8   1   2         1        81    1.3   0.2     6    82   324   408   320   412 0.58 -
DkoeB00002426-RA     -           1001 22903at7147          -            437   2.1e-19   69.1   0.8   2   2   2.1e-20   1.7e-18   66.1   0.0    59   270   470   698   422   730 0.81 -
DkoeB00011158-RA     -           1246 22903at7147          -            437   4.7e-19   67.9   0.1   1   2   6.7e-19   5.4e-17   61.2   0.1     7   150   390   535   385   556 0.91 -
DkoeB00011158-RA     -           1246 22903at7147          -            437   4.7e-19   67.9   0.1   2   2      0.12       9.6    4.3   0.0   160   199   578   615   574   627 0.80 -
DkoeB00000858-RA     -            351 22903at7147          -            437   1.3e-18   66.4   0.0   1   2   1.2e-19     1e-17   63.6   0.1    11   197    15   208     8   229 0.79 -
DkoeB00000858-RA     -            351 22903at7147          -            437   1.3e-18   66.4   0.0   2   2       1.6   1.3e+02    0.6   0.0   227   258   266   297   246   320 0.83 -
DkoeB00013166-RA     -           1853 22903at7147          -            437   1.4e-18   66.4   0.0   1   1   2.6e-20   2.1e-18   65.8   0.0    11   250   124   374   116   425 0.76 -
DkoeB00003325-RA     -            372 22903at7147          -            437   2.1e-18   65.8   0.2   1   1   3.5e-20   2.8e-18   65.4   0.2    12   196    40   230    34   250 0.72 -
DkoeB00006509-RA     -           1504 22903at7147          -            437   2.2e-18   65.7   0.0   1   1   1.4e-19   1.1e-17   63.4   0.0    54   252   525   728   452   738 0.84 -
DkoeB00005173-RA     -            771 22903at7147          -            437   2.4e-18   65.6   0.8   1   2   5.6e-19   4.6e-17   61.4   0.1    14   199    31   224    24   242 0.78 -
DkoeB00005173-RA     -            771 22903at7147          -            437   2.4e-18   65.6   0.8   2   2      0.44        35    2.5   0.0   226   259   282   315   262   328 0.86 -
DkoeB00012729-RA     -           1236 22903at7147          -            437   1.2e-17   63.4   1.9   1   1   3.6e-19   2.9e-17   62.1   1.9     8   205   690   893   685   903 0.83 -
DkoeB00008327-RA     -            444 22903at7147          -            437   1.5e-17   63.0   0.4   1   1   1.8e-19   1.5e-17   63.0   0.4     8   232   145   371   140   389 0.79 -
DkoeB00004709-RA     -            524 22903at7147          -            437   3.9e-17   61.6   0.1   1   1   6.9e-19   5.6e-17   61.1   0.1    11   226    34   257    27   272 0.76 -
DkoeB00003651-RA     -           1134 22903at7147          -            437   4.1e-17   61.6   0.0   1   1     9e-19   7.3e-17   60.7   0.0    61   255    68   280    21   287 0.74 -
DkoeB00002428-RA     -           1102 22903at7147          -            437   4.4e-17   61.5   0.0   1   1   1.2e-18     1e-16   60.3   0.0     7   244   128   379   122   391 0.75 -
DkoeB00009112-RA     -           1271 22903at7147          -            437   1.4e-16   59.8   0.0   1   1   2.8e-18   2.2e-16   59.1   0.0     9   252   889  1155   882  1209 0.76 -
DkoeB00003653-RA     -            349 22903at7147          -            437   5.2e-16   57.9   0.1   1   1   9.6e-18   7.8e-16   57.3   0.1    12   215   108   338    95   345 0.72 -
DkoeB00011334-RA     -            335 22903at7147          -            437   8.6e-16   57.2   0.0   1   1   1.3e-17     1e-15   56.9   0.0    14   208    53   257    45   314 0.79 -
DkoeB00001864-RA     -           1490 22903at7147          -            437     9e-16   57.1   0.0   1   1   1.8e-17   1.4e-15   56.5   0.0    41   204    30   212    15   271 0.73 -
DkoeB00000600-RA     -           1255 22903at7147          -            437   1.1e-15   56.8   1.2   1   2     0.019       1.5    6.9   0.1    54   138   653   737   637   753 0.82 -
DkoeB00000600-RA     -           1255 22903at7147          -            437   1.1e-15   56.8   1.2   2   2   4.9e-15     4e-13   48.4   0.1    12   196   939  1127   932  1135 0.82 -
DkoeB00005678-RA     -            318 22903at7147          -            437   1.2e-15   56.7   0.0   1   1   2.1e-17   1.7e-15   56.2   0.0     7   257    27   312    22   315 0.78 -
DkoeB00006261-RA     -            929 22903at7147          -            437   3.4e-15   55.3   0.0   1   1   6.7e-17   5.5e-15   54.6   0.0     9   206   654   862   647   909 0.81 -
DkoeB00006359-RA     -            193 22903at7147          -            437   3.6e-15   55.2   0.1   1   1   5.4e-17   4.4e-15   54.9   0.1    39   152    37   151    15   161 0.87 -
DkoeB00009709-RA     -            449 22903at7147          -            437   4.1e-15   55.0   0.2   1   2   2.4e-15   1.9e-13   49.5   0.1    11   198    24   230    17   243 0.79 -
DkoeB00009709-RA     -            449 22903at7147          -            437   4.1e-15   55.0   0.2   2   2      0.23        18    3.4   0.0   229   261   308   341   289   348 0.88 -
DkoeB00007357-RA     -            915 22903at7147          -            437   5.9e-15   54.4   0.0   1   1   1.2e-16   9.7e-15   53.7   0.0    13   199    60   252    52   261 0.78 -
DkoeB00007855-RA     -            428 22903at7147          -            437   9.6e-15   53.8   0.1   1   1   1.7e-16   1.4e-14   53.3   0.1    14   203   132   331   127   351 0.80 -
DkoeB00005915-RA     -            714 22903at7147          -            437   1.2e-14   53.4   2.0   1   2   1.9e-16   1.5e-14   53.1   0.2     3   203     6   220     4   234 0.78 -
DkoeB00005915-RA     -            714 22903at7147          -            437   1.2e-14   53.4   2.0   2   2         9   7.3e+02   -1.9   0.1    26    65   539   579   529   593 0.81 -
DkoeB00002763-RA     -            975 22903at7147          -            437   2.7e-14   52.3   0.0   1   2   1.1e-15   9.1e-14   50.5   0.0    14   196   585   776   576   796 0.76 -
DkoeB00002763-RA     -            975 22903at7147          -            437   2.7e-14   52.3   0.0   2   2       7.7   6.2e+02   -1.6   0.0   232   266   848   881   842   887 0.82 -
DkoeB00000923-RA     -           1089 22903at7147          -            437   2.7e-14   52.2   0.0   1   1   7.5e-16   6.1e-14   51.1   0.0    14   195    33   217    27   280 0.84 -
DkoeB00011225-RA     -            816 22903at7147          -            437   4.4e-14   51.6   0.4   1   3   4.4e-15   3.6e-13   48.6   0.5     7   203    52   256    48   284 0.79 -
DkoeB00011225-RA     -            816 22903at7147          -            437   4.4e-14   51.6   0.4   2   3         7   5.7e+02   -1.5   0.0   102   130   283   311   272   318 0.88 -
DkoeB00011225-RA     -            816 22903at7147          -            437   4.4e-14   51.6   0.4   3   3       4.7   3.8e+02   -0.9   0.0   230   259   347   376   333   384 0.85 -
DkoeB00012420-RA     -           1018 22903at7147          -            437   6.9e-14   50.9   0.2   1   2   4.7e-15   3.8e-13   48.5   0.1     7   193    47   250    44   258 0.70 -
DkoeB00012420-RA     -           1018 22903at7147          -            437   6.9e-14   50.9   0.2   2   2       3.1   2.5e+02   -0.4   0.0   231   262   320   352   309   367 0.84 -
DkoeB00011335-RA     -           1172 22903at7147          -            437   8.7e-14   50.6   0.1   1   1   1.6e-15   1.3e-13   50.0   0.1    14   203   260   454   252   466 0.74 -
DkoeB00004036-RA     -            480 22903at7147          -            437   1.3e-13   50.0   0.1   1   2   1.1e-14   8.9e-13   47.3   0.4    80   201     1   124     1   138 0.83 -
DkoeB00004036-RA     -            480 22903at7147          -            437   1.3e-13   50.0   0.1   2   2       2.4   1.9e+02    0.0   0.0   227   261   192   226   174   282 0.81 -
DkoeB00006922-RA     -            730 22903at7147          -            437   1.3e-13   50.0   0.0   1   1   1.1e-14   9.1e-13   47.2   0.0    83   204   122   247    20   259 0.86 -
DkoeB00004523-RA     -            487 22903at7147          -            437   2.5e-13   49.1   0.0   1   1   4.5e-15   3.7e-13   48.5   0.0    12   201   201   406   191   428 0.78 -
DkoeB00014167-RA     -           1163 22903at7147          -            437   4.2e-13   48.3   0.0   1   1   1.1e-14   8.7e-13   47.3   0.0   105   266   962  1137   925  1152 0.77 -
DkoeB00005241-RA     -            639 22903at7147          -            437   5.6e-13   47.9   0.4   1   1   1.1e-14   9.1e-13   47.2   0.4    30   252   375   621   344   629 0.66 -
DkoeB00002676-RA     -            746 22903at7147          -            437   8.5e-13   47.3   0.0   1   1   1.8e-14   1.5e-12   46.5   0.0    12   254   113   355   107   367 0.82 -
DkoeB00010824-RA     -           1244 22903at7147          -            437   8.7e-13   47.3   0.0   1   1   1.7e-14   1.3e-12   46.7   0.0    12   196   136   325   129   336 0.84 -
DkoeB00004857-RA     -            518 22903at7147          -            437   9.1e-13   47.2   0.0   1   1   2.3e-14   1.9e-12   46.2   0.0    14   196   210   409   197   424 0.82 -
DkoeB00004706-RA     -           1598 22903at7147          -            437   9.2e-13   47.2   0.3   1   2    0.0084      0.68    8.1   0.0    45   152   304   415   295   422 0.89 -
DkoeB00004706-RA     -           1598 22903at7147          -            437   9.2e-13   47.2   0.3   2   2   1.4e-10   1.1e-08   33.8   0.0   102   250   728   903   699   910 0.61 -
DkoeB00003657-RA     -            390 22903at7147          -            437   1.1e-12   46.9   1.7   1   2   4.6e-07   3.8e-05   22.1   0.0    27   144    30   150    15   161 0.75 -
DkoeB00003657-RA     -            390 22903at7147          -            437   1.1e-12   46.9   1.7   2   2   1.4e-07   1.2e-05   23.8   0.1     5    99   275   367   271   384 0.80 -
DkoeB00001631-RA     -            932 22903at7147          -            437   1.3e-12   46.7   1.0   1   1   2.4e-14   1.9e-12   46.2   0.4     7   206   611   818   602   842 0.78 -
DkoeB00009091-RA     -            950 22903at7147          -            437   2.2e-12   46.0   0.0   1   1   4.7e-14   3.8e-12   45.2   0.0    12   203    16   225     9   248 0.78 -
DkoeB00001687-RA     -           1150 22903at7147          -            437   2.3e-12   45.9   0.0   1   2   7.8e-11   6.4e-09   34.6   0.1    11   160   777   948   771   961 0.66 -
DkoeB00001687-RA     -           1150 22903at7147          -            437   2.3e-12   45.9   0.0   2   2     0.034       2.7    6.1   0.0   168   248  1018  1099  1013  1130 0.79 -
DkoeB00007587-RA     -            842 22903at7147          -            437     6e-12   44.5   1.2   1   3   5.2e-08   4.2e-06   25.3   0.3     6   142   236   387   232   404 0.69 -
DkoeB00007587-RA     -            842 22903at7147          -            437     6e-12   44.5   1.2   2   3    0.0016      0.13   10.4   0.0   133   206   673   743   664   765 0.80 -
DkoeB00007587-RA     -            842 22903at7147          -            437     6e-12   44.5   1.2   3   3      0.04       3.3    5.9   0.0   232   256   817   841   805   842 0.88 -
DkoeB00003383-RA     -            801 22903at7147          -            437   7.2e-12   44.3   0.1   1   3   3.6e-07     3e-05   22.5   0.2    14   161   289   442   280   450 0.73 -
DkoeB00003383-RA     -            801 22903at7147          -            437   7.2e-12   44.3   0.1   2   3   0.00017     0.013   13.7   0.0   136   202   531   597   518   606 0.87 -
DkoeB00003383-RA     -            801 22903at7147          -            437   7.2e-12   44.3   0.1   3   3      0.17        13    3.8   0.0   228   258   704   734   692   740 0.89 -
DkoeB00004991-RA     -           2460 22903at7147          -            437   9.4e-11   40.6   1.1   1   2   1.1e-11   8.9e-10   37.4   1.4     7   203  2111  2330  2107  2349 0.68 -
DkoeB00004991-RA     -           2460 22903at7147          -            437   9.4e-11   40.6   1.1   2   2       7.7   6.2e+02   -1.7   0.0   229   258  2399  2428  2396  2434 0.89 -
DkoeB00004499-RA     -            443 22903at7147          -            437   1.7e-10   39.8   0.1   1   1   2.9e-12   2.4e-10   39.3   0.1     7   160     8   164     2   219 0.78 -
DkoeB00011008-RA     -           2684 22903at7147          -            437   2.6e-10   39.2   0.0   1   1   5.2e-12   4.2e-10   38.5   0.0     8   245  2323  2583  2316  2595 0.76 -
DkoeB00011267-RA     -            859 22903at7147          -            437   4.2e-10   38.5   1.3   1   2   2.2e-11   1.8e-09   36.4   0.1    54   195    49   195    42   204 0.84 -
DkoeB00011267-RA     -            859 22903at7147          -            437   4.2e-10   38.5   1.3   2   2       1.5   1.2e+02    0.7   0.1    30    61   209   240   196   245 0.88 -
DkoeB00008222-RA     -           1227 22903at7147          -            437   4.4e-10   38.4   0.0   1   1   9.4e-12   7.6e-10   37.6   0.0    77   205   135   282    86   324 0.79 -
DkoeB00003531-RA     -            328 22903at7147          -            437   7.4e-10   37.6   0.0   1   1   1.3e-11     1e-09   37.2   0.0     5   202    15   221    12   231 0.76 -
DkoeB00007628-RA     -            690 22903at7147          -            437   9.9e-10   37.2   0.0   1   1   1.8e-11   1.5e-09   36.7   0.0     9   194   393   597   387   614 0.77 -
DkoeB00010313-RA     -            758 22903at7147          -            437   1.3e-09   36.9   0.0   1   2   0.00023     0.018   13.3   0.0     9    95   419   512   412   527 0.68 -
DkoeB00010313-RA     -            758 22903at7147          -            437   1.3e-09   36.9   0.0   2   2   8.2e-07   6.7e-05   21.3   0.0   126   250   607   731   600   741 0.82 -
DkoeB00006015-RA     -           1171 22903at7147          -            437   1.5e-09   36.6   0.0   1   1   2.8e-11   2.3e-09   36.0   0.0    29   204   632   815   621   837 0.77 -
DkoeB00009770-RA     -            998 22903at7147          -            437   4.7e-09   35.0   0.2   1   3   6.2e-07     5e-05   21.7   0.1    86   136   378   432   294   449 0.83 -
DkoeB00009770-RA     -            998 22903at7147          -            437   4.7e-09   35.0   0.2   2   3    0.0034      0.28    9.4   0.0   132   204   823   892   818   914 0.88 -
DkoeB00009770-RA     -            998 22903at7147          -            437   4.7e-09   35.0   0.2   3   3       3.4   2.8e+02   -0.5   0.0   227   259   963   995   959   996 0.88 -
DkoeB00000897-RA     -            775 22903at7147          -            437   5.6e-09   34.8   0.3   1   3   6.4e-05    0.0052   15.1   0.2    65   150   240   324   173   329 0.73 -
DkoeB00000897-RA     -            775 22903at7147          -            437   5.6e-09   34.8   0.3   2   3   0.00013     0.011   14.0   0.0   154   202   515   563   507   576 0.87 -
DkoeB00000897-RA     -            775 22903at7147          -            437   5.6e-09   34.8   0.3   3   3      0.73        59    1.7   0.0   230   259   672   701   663   723 0.82 -
DkoeB00002719-RA     -           1545 22903at7147          -            437   6.1e-09   34.6   0.1   1   1   1.2e-10   9.7e-09   34.0   0.1    35   203   579   755   562   765 0.80 -
DkoeB00009898-RA     -           1628 22903at7147          -            437   1.9e-08   33.0   0.0   1   1   4.4e-10   3.6e-08   32.1   0.0    50   250    87   305    59   323 0.70 -
DkoeB00009774-RA     -           1249 22903at7147          -            437   2.1e-08   32.9   0.0   1   1   3.9e-10   3.2e-08   32.3   0.0    37   149   588   703   578   714 0.88 -
DkoeB00008912-RA     -           1303 22903at7147          -            437   2.8e-08   32.5   0.1   1   1   6.6e-10   5.4e-08   31.5   0.1    38   199   694   866   681   877 0.78 -
DkoeB00001295-RA     -           1659 22903at7147          -            437   3.3e-08   32.2   0.0   1   1     1e-09   8.1e-08   30.9   0.0     8   198   135   333   131   345 0.73 -
DkoeB00012087-RA     -            544 22903at7147          -            437   3.3e-08   32.2   0.0   1   1     6e-10   4.9e-08   31.7   0.0    13   194   240   440   231   449 0.72 -
DkoeB00012395-RA     -            560 22903at7147          -            437   3.6e-08   32.1   0.0   1   1   6.8e-10   5.5e-08   31.5   0.0     9   196   255   461   250   476 0.78 -
DkoeB00004755-RA     -           2454 22903at7147          -            437   5.8e-08   31.4   0.0   1   1   1.2e-09   9.5e-08   30.7   0.0    30   203  1787  1978  1779  1985 0.74 -
DkoeB00005590-RA     -           1097 22903at7147          -            437   5.8e-08   31.4   0.0   1   1   1.1e-09   9.1e-08   30.8   0.0   108   204   667   772   645   841 0.81 -
DkoeB00003731-RA     -            594 22903at7147          -            437   7.3e-08   31.1   0.1   1   2   3.8e-08   3.1e-06   25.7   0.1    14   138   233   360   225   367 0.74 -
DkoeB00003731-RA     -            594 22903at7147          -            437   7.3e-08   31.1   0.1   2   2      0.25        20    3.3   0.0   170   253   419   499   389   547 0.81 -
DkoeB00008574-RA     -           2197 22903at7147          -            437   1.1e-07   30.5   0.0   1   1   6.5e-08   5.3e-06   24.9   0.0   105   224  1523  1649  1399  1679 0.74 -
DkoeB00006205-RA     -            928 22903at7147          -            437   1.5e-07   30.1   0.0   1   1   3.1e-09   2.5e-07   29.3   0.0    31   204   679   867   670   879 0.80 -
DkoeB00005792-RA     -           1486 22903at7147          -            437   1.6e-07   29.9   0.0   1   1   3.2e-09   2.6e-07   29.3   0.0    28   174   643   800   633   835 0.73 -
DkoeB00007588-RA     -            643 22903at7147          -            437   2.7e-07   29.2   0.9   1   1   4.3e-08   3.5e-06   25.5   1.2   106   204   430   540   421   548 0.76 -
DkoeB00004913-RA     -            120 22903at7147          -            437   1.3e-06   27.0   0.0   1   1   1.7e-08   1.4e-06   26.9   0.0    47   135    24   117     2   120 0.79 -
DkoeB00012375-RA     -            643 22903at7147          -            437     4e-06   25.3   0.0   1   1   6.4e-08   5.2e-06   25.0   0.0    13   204   381   581   369   600 0.68 -
DkoeB00014165-RA     -            399 22903at7147          -            437   4.3e-06   25.2   0.0   1   1     1e-07   8.4e-06   24.3   0.0    90   204   115   237    26   255 0.66 -
DkoeB00008358-RA     -            402 22903at7147          -            437   4.4e-06   25.2   0.0   1   1   1.1e-07   8.6e-06   24.3   0.0    90   204   115   237    26   255 0.66 -
DkoeB00009857-RA     -            370 22903at7147          -            437   5.2e-06   25.0   0.3   1   1   1.3e-07   1.1e-05   23.9   0.3     6   156    25   178    21   183 0.74 -
DkoeB00011270-RA     -            343 22903at7147          -            437   1.6e-05   23.3   1.2   1   1   4.6e-07   3.7e-05   22.2   1.2    86   152    99   167    14   174 0.81 -
DkoeB00005350-RA     -            853 22903at7147          -            437   3.5e-05   22.3   0.0   1   1   1.1e-06   8.6e-05   21.0   0.0    34   198    68   252    36   272 0.68 -
DkoeB00011269-RA     -            364 22903at7147          -            437     6e-05   21.5   2.6   1   1   1.9e-06   0.00016   20.1   2.6    86   154    99   169    13   223 0.77 -
DkoeB00008841-RA     -            632 22903at7147          -            437   6.8e-05   21.3   0.1   1   1   1.3e-06   0.00011   20.6   0.1   109   203   472   569   461   587 0.78 -
DkoeB00008732-RA     -           1172 22903at7147          -            437   0.00014   20.2   0.0   1   1   2.8e-06   0.00023   19.6   0.0     8   141   887  1027   881  1149 0.69 -
DkoeB00008204-RA     -            654 22903at7147          -            437   0.00015   20.2   0.0   1   2      0.26        21    3.2   0.0    61    95   382   416   373   426 0.88 -
DkoeB00008204-RA     -            654 22903at7147          -            437   0.00015   20.2   0.0   2   2   9.1e-05    0.0074   14.6   0.0   114   257   497   639   481   645 0.76 -
DkoeB00012910-RA     -            102 22903at7147          -            437   0.00015   20.2   0.0   1   1   1.8e-06   0.00015   20.2   0.0    41   101    41   100    21   102 0.75 -
DkoeB00005273-RA     -           1366 22903at7147          -            437   0.00022   19.6   0.0   1   1   4.6e-06   0.00038   18.8   0.0    60   150   490   583   470   608 0.87 -
DkoeB00006358-RA     -            189 22903at7147          -            437   0.00025   19.4   0.0   1   1   3.9e-06   0.00032   19.1   0.0   164   262    23   128    13   136 0.79 -
DkoeB00004722-RA     -           1387 22903at7147          -            437   0.00064   18.1   0.0   1   2   0.00034     0.028   12.7   0.0    84   147   105   168    69   206 0.81 -
DkoeB00004722-RA     -           1387 22903at7147          -            437   0.00064   18.1   0.0   2   2      0.35        28    2.8   0.0   180   265   238   324   225   356 0.78 -
DkoeB00002311-RA     -            455 22903at7147          -            437   0.00083   17.7   0.0   1   1   1.3e-05    0.0011   17.4   0.0    47   205   233   394   191   442 0.73 -
DkoeB00004781-RA     -            592 22903at7147          -            437    0.0072   14.6   0.3   1   1   0.00015     0.012   13.9   0.0    52   157    99   210    81   270 0.80 -
DkoeB00009693-RA     -            913 22903at7147          -            437     0.013   13.8   0.2   1   1   0.00039     0.031   12.5   0.2    12   153   226   378   216   445 0.62 -
DkoeB00007246-RA     -             74 22903at7147          -            437     0.081   11.2   0.1   1   1    0.0011      0.09   11.0   0.1     2    29    24    51    23    67 0.80 -
DkoeB00000891-RA     -            727 22903at7147          -            437      0.12   10.6   0.0   1   2    0.0052      0.42    8.8   0.0   107   136   453   482   435   488 0.87 -
DkoeB00000891-RA     -            727 22903at7147          -            437      0.12   10.6   0.0   2   2       6.7   5.5e+02   -1.5   0.0   181   202   552   573   529   577 0.80 -
#
# Program:         hmmsearch
# Version:         3.1b2 (February 2015)
# Pipeline mode:   SEARCH
# Query file:      /home/nmoreyra/Documents/Genomics/03_orthologs_search/00_Phylogenomics_BUSCO-groups/busco4_odb10/busco_downloads/lineages/diptera_odb10/hmms/22903at7147.hmm
# Target file:     /home/nmoreyra/Documents/Genomics/03_orthologs_search/00_Phylogenomics_BUSCO-groups/busco4_odb10/../00_proteins/DkoeB_proteins.fasta
# Option settings: /home/nmoreyra/Software/miniconda3/envs/busco4/bin/hmmsearch --domtblout /home/nmoreyra/Documents/Genomics/03_orthologs_search/00_Phylogenomics_BUSCO-groups/busco4_odb10/DkoeB_diptera/run_diptera_odb10/hmmer_output/initial_run_results/22903at7147.out --cpu 1 /home/nmoreyra/Documents/Genomics/03_orthologs_search/00_Phylogenomics_BUSCO-groups/busco4_odb10/busco_downloads/lineages/diptera_odb10/hmms/22903at7147.hmm /home/nmoreyra/Documents/Genomics/03_orthologs_search/00_Phylogenomics_BUSCO-groups/busco4_odb10/../00_proteins/DkoeB_proteins.fasta 
# Current dir:     /home/nmoreyra/Documents/Genomics/03_orthologs_search/00_Phylogenomics_BUSCO-groups/busco4_odb10
# Date:            Mon Jan 25 14:06:59 2021
# [ok]
