#                                                                            --- full sequence --- -------------- this domain -------------   hmm coord   ali coord   env coord
# target name        accession   tlen query name           accession   qlen   E-value  score  bias   #  of  c-Evalue  i-Evalue  score  bias  from    to  from    to  from    to  acc description of target
#------------------- ---------- ----- -------------------- ---------- ----- --------- ------ ----- --- --- --------- --------- ------ ----- ----- ----- ----- ----- ----- ----- ---- ---------------------
DkoeB00002051-RA     -            567 23039at7147          -            418    8e-209  693.2   0.5   1   1    1e-210  2.1e-207  688.5   0.5     1   416    77   562    77   564 0.89 -
DkoeB00005203-RA     -            528 23039at7147          -            418   3.4e-16   58.7   0.0   1   3     5e-13     1e-09   37.3   0.0     2   113    26   144    25   157 0.83 -
DkoeB00005203-RA     -            528 23039at7147          -            418   3.4e-16   58.7   0.0   2   3     1e-06    0.0021   16.5   0.0   170   316   175   337   157   391 0.72 -
DkoeB00005203-RA     -            528 23039at7147          -            418   3.4e-16   58.7   0.0   3   3      0.23   4.6e+02   -1.1   0.0   390   407   440   457   427   473 0.72 -
DkoeB00005777-RA     -           1178 23039at7147          -            418     3e-11   42.4   0.1   1   1   2.9e-14   5.9e-11   41.4   0.1     1   317    68   402    68   417 0.72 -
DkoeB00011925-RA     -           1168 23039at7147          -            418     7e-10   37.9   0.0   1   2   9.6e-12   1.9e-08   33.1   0.0     2   130   641   775   640   789 0.76 -
DkoeB00011925-RA     -           1168 23039at7147          -            418     7e-10   37.9   0.0   2   2     0.023        46    2.2   0.0   232   268   859   899   846   914 0.76 -
DkoeB00009223-RA     -           1084 23039at7147          -            418   1.1e-08   33.9   0.0   1   3   3.4e-10   6.8e-07   28.0   0.0     2   103   142   248   141   281 0.80 -
DkoeB00009223-RA     -           1084 23039at7147          -            418   1.1e-08   33.9   0.0   2   3     0.013        26    3.0   0.0   234   275   365   411   354   485 0.78 -
DkoeB00009223-RA     -           1084 23039at7147          -            418   1.1e-08   33.9   0.0   3   3       1.4   2.8e+03   -3.7   0.0   382   407   589   614   587   619 0.82 -
DkoeB00013350-RA     -            226 23039at7147          -            418   7.1e-05   21.4   0.0   1   1   4.4e-08   8.9e-05   21.1   0.0   235   312    68   147    51   176 0.78 -
DkoeB00013443-RA     -            271 23039at7147          -            418    0.0011   17.5   0.0   1   1   6.6e-07    0.0013   17.2   0.0   229   296   137   207   125   254 0.82 -
#
# Program:         hmmsearch
# Version:         3.1b2 (February 2015)
# Pipeline mode:   SEARCH
# Query file:      /home/nmoreyra/Documents/Genomics/03_orthologs_search/00_Phylogenomics_BUSCO-groups/busco4_odb10/busco_downloads/lineages/diptera_odb10/hmms/23039at7147.hmm
# Target file:     /home/nmoreyra/Documents/Genomics/03_orthologs_search/00_Phylogenomics_BUSCO-groups/busco4_odb10/../00_proteins/DkoeB_proteins.fasta
# Option settings: /home/nmoreyra/Software/miniconda3/envs/busco4/bin/hmmsearch --domtblout /home/nmoreyra/Documents/Genomics/03_orthologs_search/00_Phylogenomics_BUSCO-groups/busco4_odb10/DkoeB_diptera/run_diptera_odb10/hmmer_output/initial_run_results/23039at7147.out --cpu 1 /home/nmoreyra/Documents/Genomics/03_orthologs_search/00_Phylogenomics_BUSCO-groups/busco4_odb10/busco_downloads/lineages/diptera_odb10/hmms/23039at7147.hmm /home/nmoreyra/Documents/Genomics/03_orthologs_search/00_Phylogenomics_BUSCO-groups/busco4_odb10/../00_proteins/DkoeB_proteins.fasta 
# Current dir:     /home/nmoreyra/Documents/Genomics/03_orthologs_search/00_Phylogenomics_BUSCO-groups/busco4_odb10
# Date:            Mon Jan 25 14:07:20 2021
# [ok]
