#                                                                            --- full sequence --- -------------- this domain -------------   hmm coord   ali coord   env coord
# target name        accession   tlen query name           accession   qlen   E-value  score  bias   #  of  c-Evalue  i-Evalue  score  bias  from    to  from    to  from    to  acc description of target
#------------------- ---------- ----- -------------------- ---------- ----- --------- ------ ----- --- --- --------- --------- ------ ----- ----- ----- ----- ----- ----- ----- ---- ---------------------
DkoeB00011125-RA     -            532 23079at7147          -            373  3.3e-224  743.4   9.5   1   3   4.7e-31   1.1e-27   96.7   0.0     1    71    21   102    21   119 0.86 -
DkoeB00011125-RA     -            532 23079at7147          -            373  3.3e-224  743.4   9.5   2   3    0.0017         4    6.0   0.1    74    90   147   163   127   172 0.84 -
DkoeB00011125-RA     -            532 23079at7147          -            373  3.3e-224  743.4   9.5   3   3  2.4e-197  5.6e-194  644.0   2.6    59   373   199   532   181   532 0.92 -
DkoeB00008910-RA     -            463 23079at7147          -            373  8.2e-154  511.8   8.3   1   2   6.2e-11   1.4e-07   30.5   0.1    12    66    35    98    13   120 0.70 -
DkoeB00008910-RA     -            463 23079at7147          -            373  8.2e-154  511.8   8.3   2   2  1.8e-148  4.3e-145  483.1   4.4    59   371   127   456   112   458 0.89 -
DkoeB00012788-RA     -            953 23079at7147          -            373  6.3e-102  341.0   8.4   1   2   8.7e-05       0.2   10.3   0.0    26    46   539   559   532   564 0.86 -
DkoeB00012788-RA     -            953 23079at7147          -            373  6.3e-102  341.0   8.4   2   2    4e-102   9.3e-99  330.6   6.2   100   366   667   946   646   948 0.93 -
DkoeB00003663-RA     -            826 23079at7147          -            373   5.7e-95  318.1   5.8   1   2      0.48   1.1e+03   -2.1   1.0    61   107   134   182   118   189 0.70 -
DkoeB00003663-RA     -            826 23079at7147          -            373   5.7e-95  318.1   5.8   2   2   2.4e-98   5.7e-95  318.1   5.8   106   365   541   816   527   821 0.93 -
DkoeB00006446-RA     -           2175 23079at7147          -            373   2.3e-76  256.9   4.2   1   1   2.2e-79   5.2e-76  255.7   4.2   110   281   699   876   684   904 0.95 -
DkoeB00005020-RA     -            367 23079at7147          -            373     0.017   13.8   0.4   1   1   1.5e-05     0.036   12.7   0.4   128   163   211   246   198   260 0.85 -
#
# Program:         hmmsearch
# Version:         3.1b2 (February 2015)
# Pipeline mode:   SEARCH
# Query file:      /home/nmoreyra/Documents/Genomics/03_orthologs_search/00_Phylogenomics_BUSCO-groups/busco4_odb10/busco_downloads/lineages/diptera_odb10/hmms/23079at7147.hmm
# Target file:     /home/nmoreyra/Documents/Genomics/03_orthologs_search/00_Phylogenomics_BUSCO-groups/busco4_odb10/../00_proteins/DkoeB_proteins.fasta
# Option settings: /home/nmoreyra/Software/miniconda3/envs/busco4/bin/hmmsearch --domtblout /home/nmoreyra/Documents/Genomics/03_orthologs_search/00_Phylogenomics_BUSCO-groups/busco4_odb10/DkoeB_diptera/run_diptera_odb10/hmmer_output/initial_run_results/23079at7147.out --cpu 1 /home/nmoreyra/Documents/Genomics/03_orthologs_search/00_Phylogenomics_BUSCO-groups/busco4_odb10/busco_downloads/lineages/diptera_odb10/hmms/23079at7147.hmm /home/nmoreyra/Documents/Genomics/03_orthologs_search/00_Phylogenomics_BUSCO-groups/busco4_odb10/../00_proteins/DkoeB_proteins.fasta 
# Current dir:     /home/nmoreyra/Documents/Genomics/03_orthologs_search/00_Phylogenomics_BUSCO-groups/busco4_odb10
# Date:            Mon Jan 25 14:07:35 2021
# [ok]
