#                                                                            --- full sequence --- -------------- this domain -------------   hmm coord   ali coord   env coord
# target name        accession   tlen query name           accession   qlen   E-value  score  bias   #  of  c-Evalue  i-Evalue  score  bias  from    to  from    to  from    to  acc description of target
#------------------- ---------- ----- -------------------- ---------- ----- --------- ------ ----- --- --- --------- --------- ------ ----- ----- ----- ----- ----- ----- ----- ---- ---------------------
DkoeB00002394-RA     -           1560 2315at7147           -            684  3.1e-277  921.1  46.3   1   7  2.5e-124  1.8e-121  406.2   2.2     1   174   384   557   384   569 0.98 -
DkoeB00002394-RA     -           1560 2315at7147           -            684  3.1e-277  921.1  46.3   2   7   2.7e-25     2e-22   78.9   3.2   174   229   581   650   578   664 0.81 -
DkoeB00002394-RA     -           1560 2315at7147           -            684  3.1e-277  921.1  46.3   3   7   2.7e-84     2e-81  273.9  13.6   204   443   649   956   648  1008 0.78 -
DkoeB00002394-RA     -           1560 2315at7147           -            684  3.1e-277  921.1  46.3   4   7   1.8e-06    0.0013   16.7   0.0   456   484  1009  1037   996  1055 0.89 -
DkoeB00002394-RA     -           1560 2315at7147           -            684  3.1e-277  921.1  46.3   5   7   2.8e-07   0.00021   19.4   0.2   474   505  1095  1126  1089  1139 0.83 -
DkoeB00002394-RA     -           1560 2315at7147           -            684  3.1e-277  921.1  46.3   6   7   3.1e-42   2.3e-39  134.9   0.3   498   669  1220  1450  1182  1464 0.78 -
DkoeB00002394-RA     -           1560 2315at7147           -            684  3.1e-277  921.1  46.3   7   7      0.63   4.7e+02   -1.6   0.0   655   684  1473  1505  1456  1505 0.73 -
DkoeB00005546-RA     -           3920 2315at7147           -            684   2.2e-25   88.7   1.9   1   1   1.8e-27   1.3e-24   86.1   1.9     1   316  2032  2396  2032  2412 0.75 -
DkoeB00004849-RA     -           2851 2315at7147           -            684   2.2e-24   85.4   2.1   1   2     3e-05     0.022   12.7   0.0     1    32  1683  1714  1683  1727 0.83 -
DkoeB00004849-RA     -           2851 2315at7147           -            684   2.2e-24   85.4   2.1   2   2   2.1e-21   1.5e-18   66.1   0.9    82   320  1816  2083  1809  2091 0.66 -
DkoeB00010846-RA     -            419 2315at7147           -            684   5.1e-17   61.0  11.8   1   3   7.9e-08   5.8e-05   21.2   0.1     1    61    23    83    23    91 0.94 -
DkoeB00010846-RA     -            419 2315at7147           -            684   5.1e-17   61.0  11.8   2   3   3.3e-06    0.0024   15.8   3.5   109   206   218   333   208   344 0.74 -
DkoeB00010846-RA     -            419 2315at7147           -            684   5.1e-17   61.0  11.8   3   3   6.5e-08   4.8e-05   21.5   0.1   239   318   344   416   336   418 0.86 -
DkoeB00007065-RA     -            968 2315at7147           -            684     9e-15   53.6   6.3   1   3     0.026        19    3.0   3.6     2    98    71   179    70   191 0.53 -
DkoeB00007065-RA     -            968 2315at7147           -            684     9e-15   53.6   6.3   2   3   9.5e-07    0.0007   17.6   0.0   107   143   288   324   278   335 0.86 -
DkoeB00007065-RA     -            968 2315at7147           -            684     9e-15   53.6   6.3   3   3   4.1e-10     3e-07   28.7   0.0   206   287   425   511   402   517 0.75 -
DkoeB00009132-RA     -            480 2315at7147           -            684   9.7e-14   50.2   0.7   1   2     1e-05    0.0075   14.2   0.0     3    41   105   143   103   164 0.88 -
DkoeB00009132-RA     -            480 2315at7147           -            684   9.7e-14   50.2   0.7   2   2   8.6e-12   6.4e-09   34.3   0.4   232   303   401   472   368   475 0.86 -
DkoeB00000221-RA     -           1694 2315at7147           -            684     1e-12   46.8   2.4   1   2      0.21   1.6e+02   -0.1   0.0     3    33  1345  1375  1343  1405 0.71 -
DkoeB00000221-RA     -           1694 2315at7147           -            684     1e-12   46.8   2.4   2   2   3.5e-14   2.6e-11   42.2   1.1   104   281  1502  1675  1414  1685 0.80 -
DkoeB00014524-RA     -            365 2315at7147           -            684   1.2e-11   43.3   6.8   1   2   0.00062      0.46    8.3   1.7     3   141    32   198    30   208 0.50 -
DkoeB00014524-RA     -            365 2315at7147           -            684   1.2e-11   43.3   6.8   2   2   3.4e-11   2.5e-08   32.3   0.3   236   286   294   344   286   350 0.89 -
DkoeB00012210-RA     -            835 2315at7147           -            684   1.6e-11   42.9  13.1   1   2   9.7e-06    0.0072   14.3   0.1     2    27   369   394   368   401 0.90 -
DkoeB00012210-RA     -            835 2315at7147           -            684   1.6e-11   42.9  13.1   2   2   1.1e-09   8.1e-07   27.3   9.1   105   281   528   710   523   727 0.74 -
DkoeB00000560-RA     -            390 2315at7147           -            684   1.1e-10   40.1   4.7   1   2   4.5e-06    0.0034   15.4   0.1     3    32    24    53    22    85 0.81 -
DkoeB00000560-RA     -            390 2315at7147           -            684   1.1e-10   40.1   4.7   2   2   1.6e-07   0.00012   20.1   1.5   236   293   276   333   130   389 0.62 -
DkoeB00009305-RA     -            677 2315at7147           -            684   4.6e-07   28.1   0.2   1   1   9.3e-10   6.9e-07   27.5   0.2   240   284   580   623   573   630 0.90 -
DkoeB00012446-RA     -           1360 2315at7147           -            684     8e-07   27.3   0.4   1   2      0.98   7.3e+02   -2.3   0.1     2    23   309   330   308   344 0.89 -
DkoeB00012446-RA     -           1360 2315at7147           -            684     8e-07   27.3   0.4   2   2   2.5e-09   1.9e-06   26.1   0.0   237   289   899   952   821   969 0.69 -
DkoeB00001648-RA     -            823 2315at7147           -            684   4.2e-06   25.0   0.1   1   2   0.00068       0.5    8.2   0.0     1    30   328   357   328   408 0.66 -
DkoeB00001648-RA     -            823 2315at7147           -            684   4.2e-06   25.0   0.1   2   2   7.6e-06    0.0056   14.6   0.0   235   280   761   805   751   810 0.89 -
DkoeB00009199-RA     -            752 2315at7147           -            684   4.8e-06   24.8   1.4   1   2    0.0077       5.7    4.7   0.0     2    97   413   511   412   522 0.72 -
DkoeB00009199-RA     -            752 2315at7147           -            684   4.8e-06   24.8   1.4   2   2   8.9e-07   0.00066   17.7   0.7   108   280   553   728   544   740 0.72 -
DkoeB00001069-RA     -            574 2315at7147           -            684   7.7e-06   24.1   0.0   1   2     0.002       1.5    6.6   0.0     3    33    40    70    38   150 0.78 -
DkoeB00001069-RA     -            574 2315at7147           -            684   7.7e-06   24.1   0.0   2   2   5.4e-06     0.004   15.1   0.0   239   285   508   556   441   560 0.82 -
DkoeB00002675-RA     -           1145 2315at7147           -            684   3.2e-05   22.0   3.5   1   2   7.4e-06    0.0055   14.7   0.5     3   144   199   359   197   380 0.68 -
DkoeB00002675-RA     -           1145 2315at7147           -            684   3.2e-05   22.0   3.5   2   2    0.0011      0.84    7.4   0.1   236   286   444   494   438   515 0.84 -
DkoeB00013740-RA     -           1126 2315at7147           -            684    0.0022   15.9   2.4   1   2     0.057        42    1.8   0.0     4    34   332   362   329   378 0.84 -
DkoeB00013740-RA     -           1126 2315at7147           -            684    0.0022   15.9   2.4   2   2   0.00012     0.092   10.6   0.6   105   263   672   834   660   869 0.62 -
DkoeB00004438-RA     -           1125 2315at7147           -            684    0.0023   15.9   2.6   1   2     0.057        42    1.8   0.0     4    34   332   362   329   378 0.84 -
DkoeB00004438-RA     -           1125 2315at7147           -            684    0.0023   15.9   2.6   2   2   0.00011     0.084   10.7   0.7   105   263   671   833   659   879 0.63 -
DkoeB00001012-RA     -           1215 2315at7147           -            684    0.0073   14.2   6.2   1   4      0.84   6.2e+02   -2.0   0.1     2    25   386   409   385   416 0.87 -
DkoeB00001012-RA     -           1215 2315at7147           -            684    0.0073   14.2   6.2   2   4    0.0062       4.6    5.0   0.0   111   143   557   589   536   594 0.88 -
DkoeB00001012-RA     -           1215 2315at7147           -            684    0.0073   14.2   6.2   3   4   8.9e-05     0.066   11.1   0.0   235   263  1030  1058   979  1085 0.75 -
DkoeB00001012-RA     -           1215 2315at7147           -            684    0.0073   14.2   6.2   4   4       3.3   2.5e+03   -4.0   1.6   211   284  1123  1199  1112  1204 0.62 -
#
# Program:         hmmsearch
# Version:         3.1b2 (February 2015)
# Pipeline mode:   SEARCH
# Query file:      /home/nmoreyra/Documents/Genomics/03_orthologs_search/00_Phylogenomics_BUSCO-groups/busco4_odb10/busco_downloads/lineages/diptera_odb10/hmms/2315at7147.hmm
# Target file:     /home/nmoreyra/Documents/Genomics/03_orthologs_search/00_Phylogenomics_BUSCO-groups/busco4_odb10/../00_proteins/DkoeB_proteins.fasta
# Option settings: /home/nmoreyra/Software/miniconda3/envs/busco4/bin/hmmsearch --domtblout /home/nmoreyra/Documents/Genomics/03_orthologs_search/00_Phylogenomics_BUSCO-groups/busco4_odb10/DkoeB_diptera/run_diptera_odb10/hmmer_output/initial_run_results/2315at7147.out --cpu 1 /home/nmoreyra/Documents/Genomics/03_orthologs_search/00_Phylogenomics_BUSCO-groups/busco4_odb10/busco_downloads/lineages/diptera_odb10/hmms/2315at7147.hmm /home/nmoreyra/Documents/Genomics/03_orthologs_search/00_Phylogenomics_BUSCO-groups/busco4_odb10/../00_proteins/DkoeB_proteins.fasta 
# Current dir:     /home/nmoreyra/Documents/Genomics/03_orthologs_search/00_Phylogenomics_BUSCO-groups/busco4_odb10
# Date:            Mon Jan 25 14:07:46 2021
# [ok]
