#                                                                            --- full sequence --- -------------- this domain -------------   hmm coord   ali coord   env coord
# target name        accession   tlen query name           accession   qlen   E-value  score  bias   #  of  c-Evalue  i-Evalue  score  bias  from    to  from    to  from    to  acc description of target
#------------------- ---------- ----- -------------------- ---------- ----- --------- ------ ----- --- --- --------- --------- ------ ----- ----- ----- ----- ----- ----- ----- ---- ---------------------
DkoeB00011567-RA     -            706 23580at7147          -            465  1.1e-101  340.4  14.9   1   3     6e-06     0.017   13.4   0.0    26    47   147   168   138   200 0.89 -
DkoeB00011567-RA     -            706 23580at7147          -            465  1.1e-101  340.4  14.9   2   3         1   2.9e+03   -3.9   0.1    48    60   222   234   218   236 0.87 -
DkoeB00011567-RA     -            706 23580at7147          -            465  1.1e-101  340.4  14.9   3   3  2.4e-102   6.7e-99  331.2   8.2    62   403   297   644   282   698 0.89 -
DkoeB00001650-RA     -            721 23580at7147          -            465   3.6e-07   28.8   5.5   1   1   2.4e-10   6.6e-07   27.9   5.5    46   215   288   453   268   488 0.79 -
DkoeB00004587-RA     -            590 23580at7147          -            465    0.0025   16.1  11.8   1   2   9.1e-05      0.26    9.5   1.2    73   196    81   205    64   224 0.68 -
DkoeB00004587-RA     -            590 23580at7147          -            465    0.0025   16.1  11.8   2   2   2.2e-05     0.061   11.5   3.5   100   212   319   430   297   435 0.81 -
DkoeB00014786-RA     -            376 23580at7147          -            465    0.0083   14.4  13.9   1   1     4e-06     0.011   13.9  13.9    84   334    37   302    24   338 0.74 -
DkoeB00014776-RA     -            408 23580at7147          -            465      0.35    9.0  12.6   1   1   0.00019      0.53    8.4  12.6    86   324    62   311    14   330 0.73 -
#
# Program:         hmmsearch
# Version:         3.1b2 (February 2015)
# Pipeline mode:   SEARCH
# Query file:      /home/nmoreyra/Documents/Genomics/03_orthologs_search/00_Phylogenomics_BUSCO-groups/busco4_odb10/busco_downloads/lineages/diptera_odb10/hmms/23580at7147.hmm
# Target file:     /home/nmoreyra/Documents/Genomics/03_orthologs_search/00_Phylogenomics_BUSCO-groups/busco4_odb10/../00_proteins/DkoeB_proteins.fasta
# Option settings: /home/nmoreyra/Software/miniconda3/envs/busco4/bin/hmmsearch --domtblout /home/nmoreyra/Documents/Genomics/03_orthologs_search/00_Phylogenomics_BUSCO-groups/busco4_odb10/DkoeB_diptera/run_diptera_odb10/hmmer_output/initial_run_results/23580at7147.out --cpu 1 /home/nmoreyra/Documents/Genomics/03_orthologs_search/00_Phylogenomics_BUSCO-groups/busco4_odb10/busco_downloads/lineages/diptera_odb10/hmms/23580at7147.hmm /home/nmoreyra/Documents/Genomics/03_orthologs_search/00_Phylogenomics_BUSCO-groups/busco4_odb10/../00_proteins/DkoeB_proteins.fasta 
# Current dir:     /home/nmoreyra/Documents/Genomics/03_orthologs_search/00_Phylogenomics_BUSCO-groups/busco4_odb10
# Date:            Mon Jan 25 14:04:26 2021
# [ok]
