#                                                                            --- full sequence --- -------------- this domain -------------   hmm coord   ali coord   env coord
# target name        accession   tlen query name           accession   qlen   E-value  score  bias   #  of  c-Evalue  i-Evalue  score  bias  from    to  from    to  from    to  acc description of target
#------------------- ---------- ----- -------------------- ---------- ----- --------- ------ ----- --- --- --------- --------- ------ ----- ----- ----- ----- ----- ----- ----- ---- ---------------------
DkoeB00004255-RA     -            504 25955at7147          -            340  9.1e-205  678.8   0.7   1   1  7.4e-208  1.2e-204  678.4   0.7     5   340   116   463   113   463 0.98 -
DkoeB00006463-RA     -            970 25955at7147          -            340   7.3e-05   21.5   2.8   1   3      0.11   1.7e+02    0.6   0.1    12    81   111   180   103   193 0.82 -
DkoeB00006463-RA     -            970 25955at7147          -            340   7.3e-05   21.5   2.8   2   3    0.0027       4.3    5.9   0.0    22    85   210   272   193   296 0.81 -
DkoeB00006463-RA     -            970 25955at7147          -            340   7.3e-05   21.5   2.8   3   3   3.3e-05     0.052   12.1   0.1    19    84   309   373   296   400 0.86 -
DkoeB00006645-RA     -            934 25955at7147          -            340   8.8e-05   21.2   7.3   1   4   1.2e-05     0.019   13.6   0.6     6    85   568   645   563   648 0.85 -
DkoeB00006645-RA     -            934 25955at7147          -            340   8.8e-05   21.2   7.3   2   4   0.00022      0.34    9.5   0.4    21    85   650   713   647   744 0.81 -
DkoeB00006645-RA     -            934 25955at7147          -            340   8.8e-05   21.2   7.3   3   4       0.6   9.4e+02   -1.8   0.0    14    74   748   807   735   816 0.66 -
DkoeB00006645-RA     -            934 25955at7147          -            340   8.8e-05   21.2   7.3   4   4      0.21   3.3e+02   -0.4   0.0    38    84   806   852   771   856 0.81 -
DkoeB00003152-RA     -            947 25955at7147          -            340   0.00043   19.0   1.6   1   2    0.0019       2.9    6.4   0.0    21    82   622   682   605   731 0.85 -
DkoeB00003152-RA     -            947 25955at7147          -            340   0.00043   19.0   1.6   2   2   0.00011      0.17   10.4   0.2    17    78   804   864   786   885 0.80 -
DkoeB00010773-RA     -            708 25955at7147          -            340    0.0013   17.4   3.1   1   4    0.0009       1.4    7.4   0.1    28    84   430   485   415   489 0.84 -
DkoeB00010773-RA     -            708 25955at7147          -            340    0.0013   17.4   3.1   2   4   0.00056      0.88    8.1   0.2    11   110   447   541   438   549 0.83 -
DkoeB00010773-RA     -            708 25955at7147          -            340    0.0013   17.4   3.1   3   4     0.085   1.3e+02    0.9   0.0    23    48   561   586   541   595 0.79 -
DkoeB00010773-RA     -            708 25955at7147          -            340    0.0013   17.4   3.1   4   4    0.0014       2.2    6.8   0.1    16    79   588   650   575   656 0.87 -
DkoeB00003518-RA     -            329 25955at7147          -            340    0.0021   16.7   2.6   1   3       2.5   3.9e+03   -3.9   0.0    55    81    31    57    13    65 0.63 -
DkoeB00003518-RA     -            329 25955at7147          -            340    0.0021   16.7   2.6   2   3   5.1e-06    0.0079   14.8   0.3    19    79   185   244   176   264 0.83 -
DkoeB00003518-RA     -            329 25955at7147          -            340    0.0021   16.7   2.6   3   3     0.052        81    1.6   0.1    27    85   261   318   247   328 0.75 -
DkoeB00012986-RA     -            272 25955at7147          -            340     0.015   14.0   0.0   1   1   1.3e-05      0.02   13.5   0.0   185   229    94   138    53   167 0.75 -
DkoeB00012398-RA     -            403 25955at7147          -            340     0.025   13.2   0.2   1   2   7.9e-05      0.12   10.9   0.0    16    79   264   327   252   335 0.84 -
DkoeB00012398-RA     -            403 25955at7147          -            340     0.025   13.2   0.2   2   2      0.03        46    2.4   0.1    27    90   310   373   305   380 0.89 -
DkoeB00003431-RA     -            598 25955at7147          -            340      0.17   10.4   4.6   1   3      0.66     1e+03   -2.0   0.1    59    93   153   185    99   201 0.58 -
DkoeB00003431-RA     -            598 25955at7147          -            340      0.17   10.4   4.6   2   3     0.086   1.3e+02    0.9   0.1    24    86   357   416   342   444 0.66 -
DkoeB00003431-RA     -            598 25955at7147          -            340      0.17   10.4   4.6   3   3   0.00014      0.22   10.1   0.2    21   108   463   548   444   595 0.69 -
#
# Program:         hmmsearch
# Version:         3.1b2 (February 2015)
# Pipeline mode:   SEARCH
# Query file:      /home/nmoreyra/Documents/Genomics/03_orthologs_search/00_Phylogenomics_BUSCO-groups/busco4_odb10/busco_downloads/lineages/diptera_odb10/hmms/25955at7147.hmm
# Target file:     /home/nmoreyra/Documents/Genomics/03_orthologs_search/00_Phylogenomics_BUSCO-groups/busco4_odb10/../00_proteins/DkoeB_proteins.fasta
# Option settings: /home/nmoreyra/Software/miniconda3/envs/busco4/bin/hmmsearch --domtblout /home/nmoreyra/Documents/Genomics/03_orthologs_search/00_Phylogenomics_BUSCO-groups/busco4_odb10/DkoeB_diptera/run_diptera_odb10/hmmer_output/initial_run_results/25955at7147.out --cpu 1 /home/nmoreyra/Documents/Genomics/03_orthologs_search/00_Phylogenomics_BUSCO-groups/busco4_odb10/busco_downloads/lineages/diptera_odb10/hmms/25955at7147.hmm /home/nmoreyra/Documents/Genomics/03_orthologs_search/00_Phylogenomics_BUSCO-groups/busco4_odb10/../00_proteins/DkoeB_proteins.fasta 
# Current dir:     /home/nmoreyra/Documents/Genomics/03_orthologs_search/00_Phylogenomics_BUSCO-groups/busco4_odb10
# Date:            Mon Jan 25 14:07:46 2021
# [ok]
