#                                                                            --- full sequence --- -------------- this domain -------------   hmm coord   ali coord   env coord
# target name        accession   tlen query name           accession   qlen   E-value  score  bias   #  of  c-Evalue  i-Evalue  score  bias  from    to  from    to  from    to  acc description of target
#------------------- ---------- ----- -------------------- ---------- ----- --------- ------ ----- --- --- --------- --------- ------ ----- ----- ----- ----- ----- ----- ----- ---- ---------------------
DkoeB00001039-RA     -            799 26228at7147          -            545  1.3e-263  875.3  54.3   1   6  3.8e-254  1.2e-251  835.7   1.6     8   435    80   529    75   547 0.94 -
DkoeB00001039-RA     -            799 26228at7147          -            545  1.3e-263  875.3  54.3   2   6      0.12        38    2.3   0.6   432   450   558   576   555   583 0.88 -
DkoeB00001039-RA     -            799 26228at7147          -            545  1.3e-263  875.3  54.3   3   6   1.7e-05    0.0055   15.0   7.7   432   493   586   647   580   654 0.64 -
DkoeB00001039-RA     -            799 26228at7147          -            545  1.3e-263  875.3  54.3   4   6   5.2e-07   0.00017   20.0  12.3   459   515   644   703   634   718 0.74 -
DkoeB00001039-RA     -            799 26228at7147          -            545  1.3e-263  875.3  54.3   5   6   1.3e-06   0.00041   18.7   2.6   506   538   716   748   706   753 0.83 -
DkoeB00001039-RA     -            799 26228at7147          -            545  1.3e-263  875.3  54.3   6   6      0.13        40    2.2   2.2   508   545   759   797   748   797 0.69 -
DkoeB00004532-RA     -            678 26228at7147          -            545  1.2e-115  386.8   0.0   1   1  3.8e-118  1.2e-115  386.8   0.0     7   428   196   627   192   639 0.94 -
DkoeB00004880-RA     -            610 26228at7147          -            545   1.3e-94  317.4   0.2   1   1   5.2e-97   1.7e-94  317.0   0.2    12   506    24   553    18   583 0.80 -
DkoeB00003336-RA     -            516 26228at7147          -            545   2.4e-77  260.4   0.6   1   1   9.7e-80   3.1e-77  260.0   0.6    10   342    75   407    68   452 0.92 -
DkoeB00012611-RA     -            909 26228at7147          -            545   7.1e-74  249.0   0.1   1   3   1.3e-47   4.2e-45  154.0   0.0    17   202   286   487   275   496 0.89 -
DkoeB00012611-RA     -            909 26228at7147          -            545   7.1e-74  249.0   0.1   2   3    0.0018      0.57    8.3   0.0   196   253   521   583   511   589 0.79 -
DkoeB00012611-RA     -            909 26228at7147          -            545   7.1e-74  249.0   0.1   3   3   5.4e-25   1.7e-22   79.3   0.0   259   429   614   803   609   844 0.80 -
DkoeB00005816-RA     -           1209 26228at7147          -            545   1.2e-61  208.6   0.0   1   1   3.6e-64   1.2e-61  208.6   0.0    12   348   436   775   428   814 0.91 -
DkoeB00002066-RA     -            785 26228at7147          -            545   2.7e-61  207.4   0.1   1   1   1.2e-63   3.8e-61  207.0   0.1    12   347   160   503   154   523 0.85 -
DkoeB00003950-RA     -            676 26228at7147          -            545   5.4e-61  206.5   0.0   1   1   2.3e-63   7.3e-61  206.0   0.0    11   347   278   619   272   627 0.88 -
DkoeB00010954-RA     -            619 26228at7147          -            545   7.3e-60  202.7   0.1   1   1     4e-62   1.3e-59  201.9   0.1    15   350   197   544   187   557 0.86 -
DkoeB00000169-RA     -           1233 26228at7147          -            545   3.4e-59  200.5   0.0   1   2   1.1e-61   3.4e-59  200.5   0.0    12   345   551   892   543   916 0.89 -
DkoeB00000169-RA     -           1233 26228at7147          -            545   3.4e-59  200.5   0.0   2   2         3   9.6e+02   -2.3   0.1   489   537   941   993   911  1001 0.65 -
DkoeB00001784-RA     -            613 26228at7147          -            545   3.5e-58  197.2   0.0   1   1   1.5e-60   4.7e-58  196.8   0.0    12   344   130   472   124   490 0.86 -
DkoeB00000729-RA     -            954 26228at7147          -            545   1.3e-57  195.3   0.0   1   1   5.9e-60   1.9e-57  194.7   0.0    12   345   253   599   246   610 0.86 -
DkoeB00007850-RA     -            802 26228at7147          -            545   2.8e-56  190.9   0.0   1   1   1.2e-58   3.9e-56  190.4   0.0    13   334   308   654   298   678 0.83 -
DkoeB00004315-RA     -            403 26228at7147          -            545   3.2e-55  187.4   0.5   1   1   1.2e-57     4e-55  187.1   0.5     7   342    42   377    36   393 0.91 -
DkoeB00007650-RA     -            532 26228at7147          -            545   3.6e-55  187.2   0.1   1   2   1.1e-57   3.6e-55  187.2   0.1    18   356    41   384    28   413 0.85 -
DkoeB00007650-RA     -            532 26228at7147          -            545   3.6e-55  187.2   0.1   2   2       7.8   2.5e+03   -3.7   4.9   467   511   427   469   400   486 0.58 -
DkoeB00010578-RA     -            687 26228at7147          -            545   2.5e-54  184.4   0.0   1   1   1.4e-56   4.3e-54  183.7   0.0    12   341   297   633   289   659 0.84 -
DkoeB00008044-RA     -            461 26228at7147          -            545   1.8e-52  178.3   0.6   1   1   7.2e-55   2.3e-52  178.0   0.6     7   336   100   429    94   452 0.90 -
DkoeB00006858-RA     -            761 26228at7147          -            545   3.4e-50  170.8   8.0   1   2   4.2e-20   1.3e-17   63.2   0.0    14   116   178   280   172   285 0.95 -
DkoeB00006858-RA     -            761 26228at7147          -            545   3.4e-50  170.8   8.0   2   2   7.2e-36   2.3e-33  115.2   7.1   144   348   285   494   279   657 0.87 -
DkoeB00003401-RA     -            836 26228at7147          -            545   7.9e-50  169.6   0.0   1   3       4.6   1.5e+03   -2.9   0.1   483   507   259   283   244   309 0.60 -
DkoeB00003401-RA     -            836 26228at7147          -            545   7.9e-50  169.6   0.0   2   3   9.5e-35     3e-32  111.5   0.0    13   171   426   589   420   593 0.87 -
DkoeB00003401-RA     -            836 26228at7147          -            545   7.9e-50  169.6   0.0   3   3   1.3e-20   4.3e-18   64.8   0.0   166   341   606   787   599   811 0.84 -
DkoeB00003130-RA     -            424 26228at7147          -            545   4.3e-47  160.6   0.6   1   1   1.7e-49   5.5e-47  160.2   0.6     7   350    53   400    49   412 0.90 -
DkoeB00009623-RA     -           1071 26228at7147          -            545   1.4e-44  152.2   0.2   1   1     9e-47   2.9e-44  151.2   0.2    12   344    41   384    32   400 0.81 -
DkoeB00004416-RA     -            470 26228at7147          -            545   3.6e-44  150.9   0.0   1   1   1.5e-46   4.8e-44  150.5   0.0    12   299   150   447   143   456 0.86 -
DkoeB00006625-RA     -            823 26228at7147          -            545   9.9e-44  149.5  22.6   1   3   4.1e-11   1.3e-08   33.5   0.0    12    67   233   288   227   292 0.84 -
DkoeB00006625-RA     -            823 26228at7147          -            545   9.9e-44  149.5  22.6   2   3   9.6e-18   3.1e-15   55.4   0.0    68   189   346   475   340   502 0.81 -
DkoeB00006625-RA     -            823 26228at7147          -            545   9.9e-44  149.5  22.6   3   3   2.5e-23   7.9e-21   73.9   0.0   199   348   518   664   497   672 0.91 -
DkoeB00001044-RA     -            604 26228at7147          -            545   1.3e-42  145.8   0.6   1   2   8.5e-31   2.7e-28   98.5   0.7     7   252    59   316    53   351 0.83 -
DkoeB00001044-RA     -            604 26228at7147          -            545   1.3e-42  145.8   0.6   2   2   1.2e-14   3.9e-12   45.2   0.0   294   343   375   424   370   446 0.83 -
DkoeB00014556-RA     -            465 26228at7147          -            545   2.3e-42  144.9   0.0   1   1   9.2e-45     3e-42  144.6   0.0     4   299   137   442   134   451 0.85 -
DkoeB00009224-RA     -            596 26228at7147          -            545   1.6e-41  142.2   0.0   1   1   4.9e-44   1.6e-41  142.2   0.0    12   341   143   480   136   495 0.86 -
DkoeB00009181-RA     -            345 26228at7147          -            545   4.7e-40  137.3   0.1   1   1   1.9e-42   6.2e-40  136.9   0.1    10   206    73   265    66   286 0.91 -
DkoeB00009527-RA     -            465 26228at7147          -            545   2.5e-37  128.3   0.2   1   1   1.1e-39   3.4e-37  127.9   0.2     7   339    90   430    86   451 0.85 -
DkoeB00002688-RA     -            718 26228at7147          -            545   6.7e-35  120.3   7.0   1   4       7.9   2.5e+03   -3.7   2.5   472   508    58    94     9   110 0.71 -
DkoeB00002688-RA     -            718 26228at7147          -            545   6.7e-35  120.3   7.0   2   4   1.7e-21   5.5e-19   67.8   0.0    30   162   233   371   215   391 0.85 -
DkoeB00002688-RA     -            718 26228at7147          -            545   6.7e-35  120.3   7.0   3   4       1.2   3.8e+02   -1.0   0.0   167   203   400   436   393   446 0.81 -
DkoeB00002688-RA     -            718 26228at7147          -            545   6.7e-35  120.3   7.0   4   4   1.5e-17   4.6e-15   54.8   0.1   199   381   458   642   411   668 0.84 -
DkoeB00009533-RA     -            728 26228at7147          -            545   2.4e-34  118.5   0.2   1   3   4.9e-09   1.6e-06   26.7   0.0    11    58    18    65    12    77 0.91 -
DkoeB00009533-RA     -            728 26228at7147          -            545   2.4e-34  118.5   0.2   2   3   3.2e-14     1e-11   43.8   0.0    70   197   290   427   286   465 0.78 -
DkoeB00009533-RA     -            728 26228at7147          -            545   2.4e-34  118.5   0.2   3   3   2.3e-14   7.2e-12   44.3   0.0   227   335   501   610   479   622 0.86 -
DkoeB00003169-RA     -            560 26228at7147          -            545   1.1e-33  116.3   0.8   1   1   4.8e-36   1.5e-33  115.8   0.8    32   336   175   502   147   521 0.79 -
DkoeB00011878-RA     -           1381 26228at7147          -            545     4e-14   51.7   0.0   1   2   1.2e-05     0.004   15.4   0.0    22   192    61   229    50   257 0.78 -
DkoeB00011878-RA     -           1381 26228at7147          -            545     4e-14   51.7   0.0   2   2   3.6e-11   1.2e-08   33.7   0.0   221   370   420   576   397   583 0.77 -
DkoeB00013412-RA     -            490 26228at7147          -            545   5.1e-10   38.2   0.0   1   2   8.6e-05     0.027   12.7   0.0    69   121    64   117    23   119 0.87 -
DkoeB00013412-RA     -            490 26228at7147          -            545   5.1e-10   38.2   0.0   2   2   4.4e-08   1.4e-05   23.5   0.0   141   184   119   164   114   186 0.80 -
DkoeB00007980-RA     -           1404 26228at7147          -            545   1.7e-07   29.9   0.0   1   1   1.1e-09   3.6e-07   28.8   0.0    21   361   651  1001   634  1008 0.77 -
DkoeB00009579-RA     -           1057 26228at7147          -            545   4.4e-05   21.9   0.0   1   3     0.066        21    3.2   0.0    18    53    21    57     3    65 0.81 -
DkoeB00009579-RA     -           1057 26228at7147          -            545   4.4e-05   21.9   0.0   2   3       6.2     2e+03   -3.4   0.0   257   291   176   210   171   223 0.80 -
DkoeB00009579-RA     -           1057 26228at7147          -            545   4.4e-05   21.9   0.0   3   3   1.4e-07   4.4e-05   21.9   0.0   257   331   279   353   248   370 0.88 -
DkoeB00001433-RA     -            195 26228at7147          -            545   0.00014   20.2   6.7   1   1   6.3e-07    0.0002   19.7   6.7   455   524   111   178    72   183 0.75 -
DkoeB00011217-RA     -            665 26228at7147          -            545   0.00015   20.1   0.1   1   3       0.2        64    1.6   0.0     6    53    11    59     6    84 0.76 -
DkoeB00011217-RA     -            665 26228at7147          -            545   0.00015   20.1   0.1   2   3      0.33     1e+02    0.9   0.0   249   309   162   219   155   243 0.70 -
DkoeB00011217-RA     -            665 26228at7147          -            545   0.00015   20.1   0.1   3   3   5.3e-05     0.017   13.4   0.0   278   337   283   342   267   357 0.85 -
DkoeB00009099-RA     -            934 26228at7147          -            545   0.00094   17.5   0.1   1   1   5.2e-06    0.0016   16.7   0.1     7   182   136   306   130   311 0.76 -
DkoeB00001355-RA     -           1583 26228at7147          -            545    0.0066   14.7   0.0   1   2      0.27        87    1.1   0.0    22    76   855   903   840   923 0.81 -
DkoeB00001355-RA     -           1583 26228at7147          -            545    0.0066   14.7   0.0   2   2    0.0003     0.097   10.9   0.0   262   338  1123  1199  1084  1246 0.84 -
DkoeB00011062-RA     -           1208 26228at7147          -            545     0.017   13.4   0.0   1   2       1.4   4.6e+02   -1.3   0.0   108   151   381   422   312   457 0.80 -
DkoeB00011062-RA     -           1208 26228at7147          -            545     0.017   13.4   0.0   2   2   5.3e-05     0.017   13.4   0.0   261   311   654   702   643   715 0.91 -
DkoeB00004912-RA     -           2268 26228at7147          -            545     0.025   12.8   0.0   1   1   0.00013     0.041   12.1   0.0   268   328   543   602   538   630 0.85 -
DkoeB00006907-RA     -           1286 26228at7147          -            545      0.18   10.0   9.3   1   3     0.022       6.9    4.7   0.0   143   186   584   626   580   648 0.83 -
DkoeB00006907-RA     -           1286 26228at7147          -            545      0.18   10.0   9.3   2   3      0.01       3.3    5.8   5.3   466   516   679   729   675   741 0.90 -
DkoeB00006907-RA     -           1286 26228at7147          -            545      0.18   10.0   9.3   3   3       2.8   8.8e+02   -2.2   0.0   143   176  1203  1236  1199  1255 0.82 -
DkoeB00011047-RA     -           1161 26228at7147          -            545      0.29    9.3   8.0   1   3    0.0034       1.1    7.4   0.1   104   151   240   285   209   319 0.80 -
DkoeB00011047-RA     -           1161 26228at7147          -            545      0.29    9.3   8.0   2   3      0.16        51    1.9   0.0   234   308   395   472   383   480 0.84 -
DkoeB00011047-RA     -           1161 26228at7147          -            545      0.29    9.3   8.0   3   3      0.47   1.5e+02    0.3   3.3   475   518   728   770   687   788 0.78 -
DkoeB00007696-RA     -           1388 26228at7147          -            545       1.5    6.9   7.3   1   1    0.0079       2.5    6.2   7.3   433   522   618   708   613   714 0.81 -
#
# Program:         hmmsearch
# Version:         3.1b2 (February 2015)
# Pipeline mode:   SEARCH
# Query file:      /home/nmoreyra/Documents/Genomics/03_orthologs_search/00_Phylogenomics_BUSCO-groups/busco4_odb10/busco_downloads/lineages/diptera_odb10/hmms/26228at7147.hmm
# Target file:     /home/nmoreyra/Documents/Genomics/03_orthologs_search/00_Phylogenomics_BUSCO-groups/busco4_odb10/../00_proteins/DkoeB_proteins.fasta
# Option settings: /home/nmoreyra/Software/miniconda3/envs/busco4/bin/hmmsearch --domtblout /home/nmoreyra/Documents/Genomics/03_orthologs_search/00_Phylogenomics_BUSCO-groups/busco4_odb10/DkoeB_diptera/run_diptera_odb10/hmmer_output/initial_run_results/26228at7147.out --cpu 1 /home/nmoreyra/Documents/Genomics/03_orthologs_search/00_Phylogenomics_BUSCO-groups/busco4_odb10/busco_downloads/lineages/diptera_odb10/hmms/26228at7147.hmm /home/nmoreyra/Documents/Genomics/03_orthologs_search/00_Phylogenomics_BUSCO-groups/busco4_odb10/../00_proteins/DkoeB_proteins.fasta 
# Current dir:     /home/nmoreyra/Documents/Genomics/03_orthologs_search/00_Phylogenomics_BUSCO-groups/busco4_odb10
# Date:            Mon Jan 25 14:08:10 2021
# [ok]
