#                                                                            --- full sequence --- -------------- this domain -------------   hmm coord   ali coord   env coord
# target name        accession   tlen query name           accession   qlen   E-value  score  bias   #  of  c-Evalue  i-Evalue  score  bias  from    to  from    to  from    to  acc description of target
#------------------- ---------- ----- -------------------- ---------- ----- --------- ------ ----- --- --- --------- --------- ------ ----- ----- ----- ----- ----- ----- ----- ---- ---------------------
DkoeB00000650-RA     -            670 27820at7147          -            358  3.3e-174  578.7  48.3   1   6  1.6e-137  7.5e-134  446.0  18.9     1   224     3   230     3   244 0.97 -
DkoeB00000650-RA     -            670 27820at7147          -            358  3.3e-174  578.7  48.3   2   6    0.0021       9.7    4.8   0.3   213   246   259   308   248   336 0.61 -
DkoeB00000650-RA     -            670 27820at7147          -            358  3.3e-174  578.7  48.3   3   6   1.9e-12   9.1e-09   34.5   2.1   242   267   373   398   357   405 0.92 -
DkoeB00000650-RA     -            670 27820at7147          -            358  3.3e-174  578.7  48.3   4   6   1.4e-05     0.064   12.0   0.1   265   286   430   451   425   458 0.83 -
DkoeB00000650-RA     -            670 27820at7147          -            358  3.3e-174  578.7  48.3   5   6   4.2e-26   1.9e-22   79.5   0.5   283   335   472   530   465   535 0.87 -
DkoeB00000650-RA     -            670 27820at7147          -            358  3.3e-174  578.7  48.3   6   6   1.9e-07   0.00089   18.1   0.0   331   358   588   616   568   616 0.84 -
DkoeB00006788-RA     -            572 27820at7147          -            358   9.7e-51  172.6  13.8   1   1   3.9e-54   1.8e-50  171.7  13.8    10   223    81   301    73   306 0.92 -
DkoeB00001336-RA     -            328 27820at7147          -            358    0.0055   15.5   0.0   1   1   1.8e-06    0.0082   15.0   0.0   276   346    88   158    57   164 0.79 -
#
# Program:         hmmsearch
# Version:         3.1b2 (February 2015)
# Pipeline mode:   SEARCH
# Query file:      /home/nmoreyra/Documents/Genomics/03_orthologs_search/00_Phylogenomics_BUSCO-groups/busco4_odb10/busco_downloads/lineages/diptera_odb10/hmms/27820at7147.hmm
# Target file:     /home/nmoreyra/Documents/Genomics/03_orthologs_search/00_Phylogenomics_BUSCO-groups/busco4_odb10/../00_proteins/DkoeB_proteins.fasta
# Option settings: /home/nmoreyra/Software/miniconda3/envs/busco4/bin/hmmsearch --domtblout /home/nmoreyra/Documents/Genomics/03_orthologs_search/00_Phylogenomics_BUSCO-groups/busco4_odb10/DkoeB_diptera/run_diptera_odb10/hmmer_output/initial_run_results/27820at7147.out --cpu 1 /home/nmoreyra/Documents/Genomics/03_orthologs_search/00_Phylogenomics_BUSCO-groups/busco4_odb10/busco_downloads/lineages/diptera_odb10/hmms/27820at7147.hmm /home/nmoreyra/Documents/Genomics/03_orthologs_search/00_Phylogenomics_BUSCO-groups/busco4_odb10/../00_proteins/DkoeB_proteins.fasta 
# Current dir:     /home/nmoreyra/Documents/Genomics/03_orthologs_search/00_Phylogenomics_BUSCO-groups/busco4_odb10
# Date:            Mon Jan 25 14:08:38 2021
# [ok]
