#                                                                            --- full sequence --- -------------- this domain -------------   hmm coord   ali coord   env coord
# target name        accession   tlen query name           accession   qlen   E-value  score  bias   #  of  c-Evalue  i-Evalue  score  bias  from    to  from    to  from    to  acc description of target
#------------------- ---------- ----- -------------------- ---------- ----- --------- ------ ----- --- --- --------- --------- ------ ----- ----- ----- ----- ----- ----- ----- ---- ---------------------
DkoeB00002427-RA     -           1182 28492at7147          -            602  2.4e-258  858.1  72.9   1   4    3e-199  2.1e-195  650.2   6.8     6   396   270   696   256   703 0.93 -
DkoeB00002427-RA     -           1182 28492at7147          -            602  2.4e-258  858.1  72.9   2   4   8.1e-52   5.7e-48  163.3  12.0   390   553   767   951   752   953 0.85 -
DkoeB00002427-RA     -           1182 28492at7147          -            602  2.4e-258  858.1  72.9   3   4      0.17   1.2e+03   -2.9  21.6   499   545   928   998   923  1021 0.63 -
DkoeB00002427-RA     -           1182 28492at7147          -            602  2.4e-258  858.1  72.9   4   4   7.7e-20   5.4e-16   57.7  16.6   527   602  1074  1155  1027  1155 0.78 -
DkoeB00005680-RA     -            826 28492at7147          -            602   5.1e-10   38.0   0.1   1   3       1.6   1.1e+04   -6.1   2.0   522   540   181   199   166   209 0.50 -
DkoeB00005680-RA     -            826 28492at7147          -            602   5.1e-10   38.0   0.1   2   3     0.023   1.6e+02    0.0   0.1   114   155   310   347   278   412 0.75 -
DkoeB00005680-RA     -            826 28492at7147          -            602   5.1e-10   38.0   0.1   3   3   7.3e-14   5.1e-10   38.0   0.1   246   438   510   734   504   749 0.73 -
#
# Program:         hmmsearch
# Version:         3.1b2 (February 2015)
# Pipeline mode:   SEARCH
# Query file:      /home/nmoreyra/Documents/Genomics/03_orthologs_search/00_Phylogenomics_BUSCO-groups/busco4_odb10/busco_downloads/lineages/diptera_odb10/hmms/28492at7147.hmm
# Target file:     /home/nmoreyra/Documents/Genomics/03_orthologs_search/00_Phylogenomics_BUSCO-groups/busco4_odb10/../00_proteins/DkoeB_proteins.fasta
# Option settings: /home/nmoreyra/Software/miniconda3/envs/busco4/bin/hmmsearch --domtblout /home/nmoreyra/Documents/Genomics/03_orthologs_search/00_Phylogenomics_BUSCO-groups/busco4_odb10/DkoeB_diptera/run_diptera_odb10/hmmer_output/initial_run_results/28492at7147.out --cpu 1 /home/nmoreyra/Documents/Genomics/03_orthologs_search/00_Phylogenomics_BUSCO-groups/busco4_odb10/busco_downloads/lineages/diptera_odb10/hmms/28492at7147.hmm /home/nmoreyra/Documents/Genomics/03_orthologs_search/00_Phylogenomics_BUSCO-groups/busco4_odb10/../00_proteins/DkoeB_proteins.fasta 
# Current dir:     /home/nmoreyra/Documents/Genomics/03_orthologs_search/00_Phylogenomics_BUSCO-groups/busco4_odb10
# Date:            Mon Jan 25 14:09:53 2021
# [ok]
