#                                                                            --- full sequence --- -------------- this domain -------------   hmm coord   ali coord   env coord
# target name        accession   tlen query name           accession   qlen   E-value  score  bias   #  of  c-Evalue  i-Evalue  score  bias  from    to  from    to  from    to  acc description of target
#------------------- ---------- ----- -------------------- ---------- ----- --------- ------ ----- --- --- --------- --------- ------ ----- ----- ----- ----- ----- ----- ----- ---- ---------------------
DkoeB00004775-RA     -           1586 29233at7147          -            394    2e-232  771.0  32.5   1   2  6.6e-204  3.4e-201  668.2  21.3     1   330    15   356    15   372 0.95 -
DkoeB00004775-RA     -           1586 29233at7147          -            394    2e-232  771.0  32.5   2   2   7.8e-34     4e-31  108.2   3.4   323   380   437   495   415   500 0.92 -
DkoeB00004825-RA     -            979 29233at7147          -            394     9e-17   61.0   0.0   1   3    0.0023       1.2    7.9   0.0   346   393    14    62     4    63 0.84 -
DkoeB00004825-RA     -            979 29233at7147          -            394     9e-17   61.0   0.0   2   3   1.9e-10     1e-07   31.2   0.0   342   393    92   142    67   143 0.88 -
DkoeB00004825-RA     -            979 29233at7147          -            394     9e-17   61.0   0.0   3   3   2.5e-06    0.0013   17.6   0.0   347   393   244   291   239   292 0.89 -
DkoeB00011563-RA     -            211 29233at7147          -            394   5.1e-16   58.5   0.1   1   2   3.2e-09   1.6e-06   27.2   0.0   345   394     5    54     2    54 0.96 -
DkoeB00011563-RA     -            211 29233at7147          -            394   5.1e-16   58.5   0.1   2   2   6.2e-10   3.2e-07   29.5   0.0   333   393   147   206   131   207 0.85 -
DkoeB00000234-RA     -           1207 29233at7147          -            394     2e-12   46.6  16.5   1   4      0.74   3.8e+02   -0.4   0.3   165   207   499   540   449   548 0.82 -
DkoeB00000234-RA     -           1207 29233at7147          -            394     2e-12   46.6  16.5   2   4   4.9e-11   2.6e-08   33.1   3.2    26   167   566   698   539   736 0.82 -
DkoeB00000234-RA     -           1207 29233at7147          -            394     2e-12   46.6  16.5   3   4      0.31   1.6e+02    0.9   1.4   127   166   741   780   725   806 0.72 -
DkoeB00000234-RA     -           1207 29233at7147          -            394     2e-12   46.6  16.5   4   4   1.6e-06   0.00083   18.3   0.0   343   394  1154  1204  1137  1204 0.89 -
DkoeB00007989-RA     -            561 29233at7147          -            394   6.1e-11   41.8   0.1   1   2       7.6   3.9e+03   -3.7   0.3   178   208   256   286   218   291 0.64 -
DkoeB00007989-RA     -            561 29233at7147          -            394   6.1e-11   41.8   0.1   2   2   1.2e-13   6.1e-11   41.8   0.1   300   393   460   554   450   555 0.75 -
DkoeB00011632-RA     -            851 29233at7147          -            394   6.4e-11   41.7   0.0   1   4   4.8e-06    0.0025   16.7   0.0   344   393   150   198   146   199 0.90 -
DkoeB00011632-RA     -            851 29233at7147          -            394   6.4e-11   41.7   0.0   2   4    0.0014      0.73    8.6   0.0   345   394   211   262   204   262 0.87 -
DkoeB00011632-RA     -            851 29233at7147          -            394   6.4e-11   41.7   0.0   3   4    0.0031       1.6    7.5   0.0   345   393   457   505   445   506 0.85 -
DkoeB00011632-RA     -            851 29233at7147          -            394   6.4e-11   41.7   0.0   4   4     0.057        29    3.3   0.0   354   394   807   848   796   848 0.78 -
DkoeB00009777-RA     -            524 29233at7147          -            394   7.3e-11   41.5   0.0   1   1   2.4e-13   1.3e-10   40.7   0.0   303   394   433   521   372   521 0.78 -
DkoeB00001603-RA     -           1066 29233at7147          -            394   1.5e-09   37.2  17.0   1   5     0.017       8.6    5.1   1.3    35   111    34   119    20   161 0.68 -
DkoeB00001603-RA     -           1066 29233at7147          -            394   1.5e-09   37.2  17.0   2   5         2     1e+03   -1.8   0.4   106   158   150   201   124   234 0.69 -
DkoeB00001603-RA     -           1066 29233at7147          -            394   1.5e-09   37.2  17.0   3   5   1.6e-06   0.00081   18.3   1.4   316   393   511   590   485   591 0.77 -
DkoeB00001603-RA     -           1066 29233at7147          -            394   1.5e-09   37.2  17.0   4   5   1.5e-07   7.6e-05   21.7   0.2   345   394   658   710   650   710 0.87 -
DkoeB00001603-RA     -           1066 29233at7147          -            394   1.5e-09   37.2  17.0   5   5       2.5   1.3e+03   -2.1   0.0   245   277   750   782   748   801 0.86 -
DkoeB00003632-RA     -            719 29233at7147          -            394     1e-08   34.5   0.0   1   1   3.4e-11   1.8e-08   33.7   0.0   341   393   245   296   232   297 0.90 -
DkoeB00005325-RA     -            476 29233at7147          -            394   5.1e-08   32.2   0.5   1   1   1.5e-10   7.6e-08   31.6   0.5   343   394   423   473   416   473 0.94 -
DkoeB00003164-RA     -            542 29233at7147          -            394   6.1e-08   31.9  12.9   1   3    0.0072       3.8    6.2   0.2   339   393   146   199   136   200 0.83 -
DkoeB00003164-RA     -            542 29233at7147          -            394   6.1e-08   31.9  12.9   2   3   4.7e-05     0.024   13.5   0.0   346   393   255   301   244   302 0.89 -
DkoeB00003164-RA     -            542 29233at7147          -            394   6.1e-08   31.9  12.9   3   3   5.8e-07    0.0003   19.7   0.1   343   393   324   376   303   377 0.86 -
DkoeB00005081-RA     -            612 29233at7147          -            394   3.1e-07   29.6   0.1   1   2   5.1e-07   0.00026   19.9   0.0   344   394   474   524   454   524 0.85 -
DkoeB00005081-RA     -            612 29233at7147          -            394   3.1e-07   29.6   0.1   2   2    0.0029       1.5    7.5   0.0   344   394   554   603   546   603 0.90 -
DkoeB00004932-RA     -           1757 29233at7147          -            394   1.2e-06   27.7   0.2   1   2    0.0037       1.9    7.2   0.0   354   393  1274  1313  1252  1314 0.88 -
DkoeB00004932-RA     -           1757 29233at7147          -            394   1.2e-06   27.7   0.2   2   2   1.8e-06   0.00091   18.1   0.0   342   393  1363  1425  1356  1426 0.82 -
DkoeB00007023-RA     -            516 29233at7147          -            394   1.4e-06   27.5   0.3   1   2       2.1   1.1e+03   -1.8   0.1   182   206    75    99    56   161 0.65 -
DkoeB00007023-RA     -            516 29233at7147          -            394   1.4e-06   27.5   0.3   2   2   2.6e-09   1.4e-06   27.5   0.3   302   392   405   512   389   514 0.71 -
DkoeB00003059-RA     -           1656 29233at7147          -            394   2.1e-06   26.8   0.0   1   1   6.8e-09   3.5e-06   26.1   0.0   341   394     5    57     1    57 0.90 -
DkoeB00000726-RA     -           1005 29233at7147          -            394   6.4e-06   25.2   1.1   1   2      0.43   2.2e+02    0.4   1.1   185   222   170   208   160   222 0.81 -
DkoeB00000726-RA     -           1005 29233at7147          -            394   6.4e-06   25.2   1.1   2   2   1.8e-07   9.3e-05   21.4   0.0   333   394   938   999   925   999 0.89 -
DkoeB00007612-RA     -            382 29233at7147          -            394     1e-05   24.6   0.2   1   3     0.028        14    4.3   0.0   344   392    60   108    49   110 0.89 -
DkoeB00007612-RA     -            382 29233at7147          -            394     1e-05   24.6   0.2   2   3    0.0013      0.69    8.7   0.0   344   393   186   235   178   236 0.91 -
DkoeB00007612-RA     -            382 29233at7147          -            394     1e-05   24.6   0.2   3   3    0.0019      0.98    8.2   0.0   339   390   317   371   276   375 0.77 -
DkoeB00001333-RA     -            798 29233at7147          -            394   2.5e-05   23.3   0.0   1   2   1.3e-06   0.00066   18.6   0.0   343   391    42    92    34    95 0.89 -
DkoeB00001333-RA     -            798 29233at7147          -            394   2.5e-05   23.3   0.0   2   2      0.11        58    2.3   0.0   153   260   619   727   598   741 0.78 -
DkoeB00005923-RA     -            803 29233at7147          -            394   4.2e-05   22.6   0.0   1   1   1.3e-07   6.6e-05   21.9   0.0   328   393   525   589   510   590 0.86 -
DkoeB00013166-RA     -           1853 29233at7147          -            394   6.3e-05   22.0   0.0   1   1   1.2e-07   6.3e-05   22.0   0.0   344   393    51   104    24   105 0.85 -
DkoeB00001420-RA     -            568 29233at7147          -            394   7.5e-05   21.7   0.0   1   1   3.3e-07   0.00017   20.5   0.0   343   394     5    58     2    58 0.91 -
DkoeB00013004-RA     -           1231 29233at7147          -            394    0.0004   19.3   0.0   1   1   1.4e-06   0.00072   18.5   0.0   324   393   805   874   783   875 0.80 -
DkoeB00012661-RA     -            163 29233at7147          -            394   0.00048   19.1   0.0   1   1   1.4e-06   0.00075   18.4   0.0   345   393   113   161   105   162 0.92 -
DkoeB00007330-RA     -           1170 29233at7147          -            394   0.00074   18.4   0.8   1   2      0.92   4.8e+02   -0.7   0.2   130   158   141   169   105   236 0.66 -
DkoeB00007330-RA     -           1170 29233at7147          -            394   0.00074   18.4   0.8   2   2   5.4e-06    0.0028   16.5   0.0   343   393  1111  1165  1102  1166 0.86 -
DkoeB00007594-RA     -            230 29233at7147          -            394    0.0016   17.4   0.0   1   1   4.3e-06    0.0022   16.9   0.0   345   392   117   163   110   165 0.87 -
DkoeB00009927-RA     -            578 29233at7147          -            394    0.0093   14.8   0.1   1   1   2.6e-05     0.013   14.3   0.1   338   393   134   189   126   190 0.90 -
DkoeB00000084-RA     -            865 29233at7147          -            394     0.029   13.2   0.0   1   1    0.0001     0.055   12.3   0.0   342   393    48   101    39   102 0.82 -
#
# Program:         hmmsearch
# Version:         3.1b2 (February 2015)
# Pipeline mode:   SEARCH
# Query file:      /home/nmoreyra/Documents/Genomics/03_orthologs_search/00_Phylogenomics_BUSCO-groups/busco4_odb10/busco_downloads/lineages/diptera_odb10/hmms/29233at7147.hmm
# Target file:     /home/nmoreyra/Documents/Genomics/03_orthologs_search/00_Phylogenomics_BUSCO-groups/busco4_odb10/../00_proteins/DkoeB_proteins.fasta
# Option settings: /home/nmoreyra/Software/miniconda3/envs/busco4/bin/hmmsearch --domtblout /home/nmoreyra/Documents/Genomics/03_orthologs_search/00_Phylogenomics_BUSCO-groups/busco4_odb10/DkoeB_diptera/run_diptera_odb10/hmmer_output/initial_run_results/29233at7147.out --cpu 1 /home/nmoreyra/Documents/Genomics/03_orthologs_search/00_Phylogenomics_BUSCO-groups/busco4_odb10/busco_downloads/lineages/diptera_odb10/hmms/29233at7147.hmm /home/nmoreyra/Documents/Genomics/03_orthologs_search/00_Phylogenomics_BUSCO-groups/busco4_odb10/../00_proteins/DkoeB_proteins.fasta 
# Current dir:     /home/nmoreyra/Documents/Genomics/03_orthologs_search/00_Phylogenomics_BUSCO-groups/busco4_odb10
# Date:            Mon Jan 25 14:07:58 2021
# [ok]
