#                                                                            --- full sequence --- -------------- this domain -------------   hmm coord   ali coord   env coord
# target name        accession   tlen query name           accession   qlen   E-value  score  bias   #  of  c-Evalue  i-Evalue  score  bias  from    to  from    to  from    to  acc description of target
#------------------- ---------- ----- -------------------- ---------- ----- --------- ------ ----- --- --- --------- --------- ------ ----- ----- ----- ----- ----- ----- ----- ---- ---------------------
DkoeB00000150-RA     -           1386 29311at7147          -            421  2.8e-149  497.4  70.8   1  10   3.2e-42   4.4e-38  131.1   7.4     1    67    76   142    76   162 0.97 -
DkoeB00000150-RA     -           1386 29311at7147          -            421  2.8e-149  497.4  70.8   2  10   8.1e-09   0.00011   21.0   0.2    67    95   168   197   143   254 0.83 -
DkoeB00000150-RA     -           1386 29311at7147          -            421  2.8e-149  497.4  70.8   3  10     3e-21   4.2e-17   62.0   0.1    92   144   255   307   252   323 0.85 -
DkoeB00000150-RA     -           1386 29311at7147          -            421  2.8e-149  497.4  70.8   4  10     3e-13   4.2e-09   35.6   1.1   148   183   457   495   431   507 0.88 -
DkoeB00000150-RA     -           1386 29311at7147          -            421  2.8e-149  497.4  70.8   5  10      0.04   5.7e+02   -1.0   0.1   174   207   571   606   552   615 0.77 -
DkoeB00000150-RA     -           1386 29311at7147          -            421  2.8e-149  497.4  70.8   6  10   4.4e-21   6.1e-17   61.4   0.8   194   261   643   708   625   724 0.79 -
DkoeB00000150-RA     -           1386 29311at7147          -            421  2.8e-149  497.4  70.8   7  10     0.097   1.4e+03   -2.3   0.2   236   256   946   967   933   972 0.69 -
DkoeB00000150-RA     -           1386 29311at7147          -            421  2.8e-149  497.4  70.8   8  10   5.5e-48   7.7e-44  150.1   6.4   255   361   990  1134   982  1144 0.76 -
DkoeB00000150-RA     -           1386 29311at7147          -            421  2.8e-149  497.4  70.8   9  10   3.7e-13   5.2e-09   35.3   0.1   354   391  1170  1208  1154  1215 0.78 -
DkoeB00000150-RA     -           1386 29311at7147          -            421  2.8e-149  497.4  70.8  10  10     2e-11   2.8e-07   29.6   1.2   390   412  1262  1284  1240  1292 0.91 -
#
# Program:         hmmsearch
# Version:         3.1b2 (February 2015)
# Pipeline mode:   SEARCH
# Query file:      /home/nmoreyra/Documents/Genomics/03_orthologs_search/00_Phylogenomics_BUSCO-groups/busco4_odb10/busco_downloads/lineages/diptera_odb10/hmms/29311at7147.hmm
# Target file:     /home/nmoreyra/Documents/Genomics/03_orthologs_search/00_Phylogenomics_BUSCO-groups/busco4_odb10/../00_proteins/DkoeB_proteins.fasta
# Option settings: /home/nmoreyra/Software/miniconda3/envs/busco4/bin/hmmsearch --domtblout /home/nmoreyra/Documents/Genomics/03_orthologs_search/00_Phylogenomics_BUSCO-groups/busco4_odb10/DkoeB_diptera/run_diptera_odb10/hmmer_output/initial_run_results/29311at7147.out --cpu 1 /home/nmoreyra/Documents/Genomics/03_orthologs_search/00_Phylogenomics_BUSCO-groups/busco4_odb10/busco_downloads/lineages/diptera_odb10/hmms/29311at7147.hmm /home/nmoreyra/Documents/Genomics/03_orthologs_search/00_Phylogenomics_BUSCO-groups/busco4_odb10/../00_proteins/DkoeB_proteins.fasta 
# Current dir:     /home/nmoreyra/Documents/Genomics/03_orthologs_search/00_Phylogenomics_BUSCO-groups/busco4_odb10
# Date:            Mon Jan 25 14:08:05 2021
# [ok]
