#                                                                            --- full sequence --- -------------- this domain -------------   hmm coord   ali coord   env coord
# target name        accession   tlen query name           accession   qlen   E-value  score  bias   #  of  c-Evalue  i-Evalue  score  bias  from    to  from    to  from    to  acc description of target
#------------------- ---------- ----- -------------------- ---------- ----- --------- ------ ----- --- --- --------- --------- ------ ----- ----- ----- ----- ----- ----- ----- ---- ---------------------
DkoeB00000808-RA     -           1648 30000at7147          -            203   8.8e-42  142.8  24.0   1   9   6.1e-06    0.0019   17.7   7.1    23    50   282   309   241   311 0.70 -
DkoeB00000808-RA     -           1648 30000at7147          -            203   8.8e-42  142.8  24.0   2   9   0.00057      0.17   11.3   6.9    42    76   337   370   313   383 0.72 -
DkoeB00000808-RA     -           1648 30000at7147          -            203   8.8e-42  142.8  24.0   3   9       3.6   1.1e+03   -1.1   0.0    80    91   488   499   471   510 0.75 -
DkoeB00000808-RA     -           1648 30000at7147          -            203   8.8e-42  142.8  24.0   4   9   1.1e-43   3.4e-41  140.9   8.9    88   156   542   610   529   628 0.87 -
DkoeB00000808-RA     -           1648 30000at7147          -            203   8.8e-42  142.8  24.0   5   9     0.081        25    4.2   0.7   148   179   626   659   618   681 0.67 -
DkoeB00000808-RA     -           1648 30000at7147          -            203   8.8e-42  142.8  24.0   6   9       5.8   1.8e+03   -1.8   1.4   184   197  1192  1205  1152  1210 0.67 -
DkoeB00000808-RA     -           1648 30000at7147          -            203   8.8e-42  142.8  24.0   7   9       1.3   3.9e+02    0.3   0.5    85   114  1414  1440  1398  1447 0.61 -
DkoeB00000808-RA     -           1648 30000at7147          -            203   8.8e-42  142.8  24.0   8   9       3.6   1.1e+03   -1.1   0.1    93   115  1477  1499  1470  1506 0.82 -
DkoeB00000808-RA     -           1648 30000at7147          -            203   8.8e-42  142.8  24.0   9   9      0.22        68    2.8   0.2    93   117  1506  1530  1502  1550 0.87 -
DkoeB00007321-RA     -            303 30000at7147          -            203   1.5e-05   24.5  29.5   1   7       1.2   3.8e+02    0.4   0.3    23    48    40    65    20    69 0.64 -
DkoeB00007321-RA     -            303 30000at7147          -            203   1.5e-05   24.5  29.5   2   7     0.001      0.32   10.4   2.7    91   115    67    91    53    97 0.85 -
DkoeB00007321-RA     -            303 30000at7147          -            203   1.5e-05   24.5  29.5   3   7     0.026       8.1    5.8   0.1    95   115    99   119    91   124 0.90 -
DkoeB00007321-RA     -            303 30000at7147          -            203   1.5e-05   24.5  29.5   4   7   5.4e-05     0.016   14.6   1.2    94   116   126   148   119   154 0.89 -
DkoeB00007321-RA     -            303 30000at7147          -            203   1.5e-05   24.5  29.5   5   7      0.97     3e+02    0.7   0.1    93   114   153   174   150   180 0.86 -
DkoeB00007321-RA     -            303 30000at7147          -            203   1.5e-05   24.5  29.5   6   7    0.0027      0.83    9.1   0.3    92   117   180   205   175   222 0.88 -
DkoeB00007321-RA     -            303 30000at7147          -            203   1.5e-05   24.5  29.5   7   7       7.8   2.4e+03   -2.2   0.0    91   113   234   256   231   264 0.80 -
DkoeB00005025-RA     -            436 30000at7147          -            203   0.00012   21.6  11.4   1   3    0.0032      0.99    8.8   0.6    90   114   289   313   275   320 0.88 -
DkoeB00005025-RA     -            436 30000at7147          -            203   0.00012   21.6  11.4   2   3     0.023         7    6.0   1.4    75   116   330   371   320   375 0.83 -
DkoeB00005025-RA     -            436 30000at7147          -            203   0.00012   21.6  11.4   3   3   0.00041      0.12   11.8   0.1    93   132   376   420   373   425 0.77 -
DkoeB00005024-RA     -            394 30000at7147          -            203   0.00061   19.3  16.6   1   4        10     3e+03   -2.6   0.0    11    31   100   120    73   145 0.55 -
DkoeB00005024-RA     -            394 30000at7147          -            203   0.00061   19.3  16.6   2   4    0.0042       1.3    8.4   0.3    90   114   266   290   256   295 0.88 -
DkoeB00005024-RA     -            394 30000at7147          -            203   0.00061   19.3  16.6   3   4    0.0063       1.9    7.9   1.4    77   114   309   346   299   351 0.81 -
DkoeB00005024-RA     -            394 30000at7147          -            203   0.00061   19.3  16.6   4   4   0.00021     0.065   12.7   0.6    93   124   353   384   349   389 0.88 -
DkoeB00005218-RA     -            307 30000at7147          -            203     0.001   18.6   0.2   1   5     0.052        16    4.9   1.7    48   113   122   182    89   187 0.70 -
DkoeB00005218-RA     -            307 30000at7147          -            203     0.001   18.6   0.2   2   5       2.7   8.1e+02   -0.7   0.1    93   114   190   211   185   218 0.83 -
DkoeB00005218-RA     -            307 30000at7147          -            203     0.001   18.6   0.2   3   5       3.2   9.7e+02   -1.0   0.2    93   108   218   235   213   246 0.68 -
DkoeB00005218-RA     -            307 30000at7147          -            203     0.001   18.6   0.2   4   5      0.26        80    2.6   1.2    93   114   246   267   227   273 0.79 -
DkoeB00005218-RA     -            307 30000at7147          -            203     0.001   18.6   0.2   5   5   3.4e-06     0.001   18.6   0.2    93   124   274   305   271   307 0.90 -
DkoeB00008633-RA     -            938 30000at7147          -            203    0.0013   18.2  38.1   1   7    0.0003     0.091   12.2   0.4    88   115   145   172   128   178 0.88 -
DkoeB00008633-RA     -            938 30000at7147          -            203    0.0013   18.2  38.1   2   7      0.54   1.6e+02    1.6   0.5    94   114   179   199   174   205 0.89 -
DkoeB00008633-RA     -            938 30000at7147          -            203    0.0013   18.2  38.1   3   7     0.012       3.6    7.0   1.2    95   119   208   232   202   236 0.86 -
DkoeB00008633-RA     -            938 30000at7147          -            203    0.0013   18.2  38.1   4   7     0.015       4.4    6.7   0.5    94   114   249   269   242   273 0.86 -
DkoeB00008633-RA     -            938 30000at7147          -            203    0.0013   18.2  38.1   5   7      0.37   1.1e+02    2.1   0.2    93   114   276   297   272   302 0.90 -
DkoeB00008633-RA     -            938 30000at7147          -            203    0.0013   18.2  38.1   6   7     0.021       6.5    6.1   0.2    94   114   305   325   300   329 0.90 -
DkoeB00008633-RA     -            938 30000at7147          -            203    0.0013   18.2  38.1   7   7     0.029       8.8    5.7   1.1    94   116   333   355   327   359 0.89 -
DkoeB00007473-RA     -            107 30000at7147          -            203    0.0038   16.7   0.4   1   1   2.3e-05    0.0071   15.8   0.3    92   115    75    98    56   103 0.88 -
DkoeB00005461-RA     -            969 30000at7147          -            203    0.0056   16.2  27.5   1   7      0.26        78    2.6   1.0    22    57   218   253   204   325 0.71 -
DkoeB00005461-RA     -            969 30000at7147          -            203    0.0056   16.2  27.5   2   7     0.034        11    5.5   0.2    21    54   500   533   487   555 0.92 -
DkoeB00005461-RA     -            969 30000at7147          -            203    0.0056   16.2  27.5   3   7      0.16        50    3.2   1.1    14    48   646   680   638   712 0.84 -
DkoeB00005461-RA     -            969 30000at7147          -            203    0.0056   16.2  27.5   4   7      0.44   1.3e+02    1.9   0.2    18    49   710   741   696   744 0.89 -
DkoeB00005461-RA     -            969 30000at7147          -            203    0.0056   16.2  27.5   5   7     0.022       6.7    6.1   0.0    10    48   764   802   758   807 0.91 -
DkoeB00005461-RA     -            969 30000at7147          -            203    0.0056   16.2  27.5   6   7    0.0017      0.53    9.7   0.7    93   116   869   892   854   902 0.86 -
DkoeB00005461-RA     -            969 30000at7147          -            203    0.0056   16.2  27.5   7   7       3.4     1e+03   -1.0   0.1    93   114   897   918   894   922 0.87 -
DkoeB00005023-RA     -             81 30000at7147          -            203     0.006   16.1   0.2   1   1   2.5e-05    0.0076   15.7   0.2    96   132     9    46     7    54 0.83 -
DkoeB00011693-RA     -            470 30000at7147          -            203     0.007   15.8  23.6   1   5     0.031       9.4    5.6   0.2    85   114   269   299   252   303 0.82 -
DkoeB00011693-RA     -            470 30000at7147          -            203     0.007   15.8  23.6   2   5     0.071        22    4.4   0.2    95   120   311   335   308   338 0.79 -
DkoeB00011693-RA     -            470 30000at7147          -            203     0.007   15.8  23.6   3   5      0.11        35    3.8   0.3    90   114   366   390   352   394 0.78 -
DkoeB00011693-RA     -            470 30000at7147          -            203     0.007   15.8  23.6   4   5     0.001       0.3   10.5   1.9    76   114   383   421   381   426 0.82 -
DkoeB00011693-RA     -            470 30000at7147          -            203     0.007   15.8  23.6   5   5     0.023       7.2    6.0   0.7    93   113   428   448   423   459 0.86 -
DkoeB00005406-RA     -            297 30000at7147          -            203    0.0071   15.8  12.8   1   4       1.8   5.4e+02   -0.1   0.6   162   183    56    78    24    98 0.43 -
DkoeB00005406-RA     -            297 30000at7147          -            203    0.0071   15.8  12.8   2   4    0.0027      0.83    9.1   0.1    86   114   186   214   167   220 0.81 -
DkoeB00005406-RA     -            297 30000at7147          -            203    0.0071   15.8  12.8   3   4       1.1   3.3e+02    0.6   0.1    91   114   221   244   216   249 0.82 -
DkoeB00005406-RA     -            297 30000at7147          -            203    0.0071   15.8  12.8   4   4   0.00031     0.096   12.1   0.2    94   118   252   276   247   280 0.90 -
DkoeB00005219-RA     -            298 30000at7147          -            203     0.009   15.5   3.0   1   4       3.8   1.1e+03   -1.2   0.1    22    43   118   139    95   147 0.69 -
DkoeB00005219-RA     -            298 30000at7147          -            203     0.009   15.5   3.0   2   4       2.7   8.3e+02   -0.7   0.1    23    49   176   202   154   221 0.78 -
DkoeB00005219-RA     -            298 30000at7147          -            203     0.009   15.5   3.0   3   4       5.6   1.7e+03   -1.8   0.2    95   115   206   226   186   237 0.81 -
DkoeB00005219-RA     -            298 30000at7147          -            203     0.009   15.5   3.0   4   4     3e-05     0.009   15.5   3.0    93   122   233   262   217   270 0.88 -
DkoeB00005222-RA     -            380 30000at7147          -            203    0.0097   15.4   4.9   1   1   3.2e-05    0.0097   15.4   4.9    23   122   260   359   247   369 0.78 -
DkoeB00005020-RA     -            367 30000at7147          -            203    0.0098   15.4   9.1   1   3       9.4   2.9e+03   -2.5   0.1    24    46   214   236   208   241 0.76 -
DkoeB00005020-RA     -            367 30000at7147          -            203    0.0098   15.4   9.1   2   3     0.026       7.8    5.9   0.4    93   113   296   316   280   322 0.87 -
DkoeB00005020-RA     -            367 30000at7147          -            203    0.0098   15.4   9.1   3   3   0.00011     0.035   13.6   0.3    94   126   325   357   321   362 0.89 -
DkoeB00004981-RA     -            995 30000at7147          -            203      0.01   15.3   4.3   1   2     0.002      0.61    9.5   0.4    15    51   236   273   221   301 0.82 -
DkoeB00004981-RA     -            995 30000at7147          -            203      0.01   15.3   4.3   2   2     0.031       9.3    5.6   0.3    91   115   514   538   497   546 0.81 -
DkoeB00005224-RA     -            380 30000at7147          -            203     0.017   14.5  15.2   1   4      0.56   1.7e+02    1.5   0.1     8    45   209   246   200   252 0.79 -
DkoeB00005224-RA     -            380 30000at7147          -            203     0.017   14.5  15.2   2   4       0.2        60    3.0   0.0    92   114   250   272   232   278 0.84 -
DkoeB00005224-RA     -            380 30000at7147          -            203     0.017   14.5  15.2   3   4     0.035        11    5.4   1.9    93   116   307   330   291   335 0.84 -
DkoeB00005224-RA     -            380 30000at7147          -            203     0.017   14.5  15.2   4   4   0.00026     0.078   12.4   0.4    93   134   335   376   331   378 0.91 -
DkoeB00005466-RA     -            576 30000at7147          -            203      0.02   14.4  18.2   1   7    0.0032      0.98    8.8   0.1     5    53   228   276   224   283 0.78 -
DkoeB00005466-RA     -            576 30000at7147          -            203      0.02   14.4  18.2   2   7       2.2   6.6e+02   -0.4   0.0    19    48   286   315   281   320 0.85 -
DkoeB00005466-RA     -            576 30000at7147          -            203      0.02   14.4  18.2   3   7       2.2   6.7e+02   -0.4   0.1    94   113   366   385   347   393 0.83 -
DkoeB00005466-RA     -            576 30000at7147          -            203      0.02   14.4  18.2   4   7       0.3        91    2.4   0.2    96   115   396   415   387   422 0.85 -
DkoeB00005466-RA     -            576 30000at7147          -            203      0.02   14.4  18.2   5   7     0.089        27    4.1   0.1    94   114   422   442   417   447 0.87 -
DkoeB00005466-RA     -            576 30000at7147          -            203      0.02   14.4  18.2   6   7      0.67     2e+02    1.3   0.2    94   120   450   476   443   491 0.74 -
DkoeB00005466-RA     -            576 30000at7147          -            203      0.02   14.4  18.2   7   7     0.089        27    4.1   0.0    94   121   522   549   513   559 0.86 -
DkoeB00005295-RA     -            653 30000at7147          -            203     0.023   14.2  16.2   1   4     0.047        14    5.0   0.1    16    45   454   483   440   491 0.75 -
DkoeB00005295-RA     -            653 30000at7147          -            203     0.023   14.2  16.2   2   4      0.15        44    3.4   0.0    93   116   522   545   518   551 0.84 -
DkoeB00005295-RA     -            653 30000at7147          -            203     0.023   14.2  16.2   3   4      0.15        44    3.4   1.3    23    49   551   577   547   580 0.89 -
DkoeB00005295-RA     -            653 30000at7147          -            203     0.023   14.2  16.2   4   4    0.0011      0.33   10.4   0.1     7    49   592   634   587   639 0.91 -
DkoeB00014669-RA     -            354 30000at7147          -            203     0.024   14.1   4.8   1   2      0.28        86    2.5   0.0    52    91   167   204   149   213 0.79 -
DkoeB00014669-RA     -            354 30000at7147          -            203     0.024   14.1   4.8   2   2   0.00029     0.088   12.2   0.6    94   114   323   343   315   349 0.90 -
DkoeB00009010-RA     -            449 30000at7147          -            203      0.05   13.0   0.2   1   1   0.00028     0.086   12.3   0.2   117   159    69   111    66   133 0.75 -
DkoeB00007155-RA     -            181 30000at7147          -            203     0.059   12.8   6.5   1   1   0.00093      0.28   10.6   6.4    26   121    41   137    37   165 0.86 -
DkoeB00007465-RA     -            791 30000at7147          -            203     0.063   12.7   7.6   1   4    0.0013      0.38   10.2   0.3    93   118    58    81    51    92 0.84 -
DkoeB00007465-RA     -            791 30000at7147          -            203     0.063   12.7   7.6   2   4      0.88   2.7e+02    0.9   0.0    22    50   282   310   268   324 0.73 -
DkoeB00007465-RA     -            791 30000at7147          -            203     0.063   12.7   7.6   3   4       3.9   1.2e+03   -1.3   0.2   143   174   395   425   391   436 0.82 -
DkoeB00007465-RA     -            791 30000at7147          -            203     0.063   12.7   7.6   4   4      0.36   1.1e+02    2.1   0.3    80   116   674   710   663   745 0.88 -
DkoeB00003356-RA     -            799 30000at7147          -            203     0.075   12.5   0.1   1   6       2.3   6.9e+02   -0.5   4.3    13    76   216   280   210   296 0.60 -
DkoeB00003356-RA     -            799 30000at7147          -            203     0.075   12.5   0.1   2   6      0.28        85    2.5   3.1    84   122   574   612   569   618 0.84 -
DkoeB00003356-RA     -            799 30000at7147          -            203     0.075   12.5   0.1   3   6       1.9   5.9e+02   -0.3   0.6    92   116   610   634   605   642 0.85 -
DkoeB00003356-RA     -            799 30000at7147          -            203     0.075   12.5   0.1   4   6      0.81   2.5e+02    1.0   0.2    19    49   636   666   618   674 0.76 -
DkoeB00003356-RA     -            799 30000at7147          -            203     0.075   12.5   0.1   5   6         1   3.2e+02    0.6   1.1    93   114   696   717   688   723 0.85 -
DkoeB00003356-RA     -            799 30000at7147          -            203     0.075   12.5   0.1   6   6   0.00024     0.075   12.5   0.1    93   114   724   745   720   762 0.87 -
DkoeB00013160-RA     -            521 30000at7147          -            203       0.1   12.1  11.9   1   3      0.17        53    3.2   0.1    24    48   204   228   198   231 0.91 -
DkoeB00013160-RA     -            521 30000at7147          -            203       0.1   12.1  11.9   2   3     0.088        27    4.1   0.1    96   114   295   313   272   333 0.86 -
DkoeB00013160-RA     -            521 30000at7147          -            203       0.1   12.1  11.9   3   3     0.011       3.3    7.1   3.6    93   117   434   458   329   472 0.95 -
DkoeB00000313-RA     -            353 30000at7147          -            203       0.1   12.1  11.3   1   5       2.1   6.4e+02   -0.4   0.1     9    24    15    30     9    55 0.76 -
DkoeB00000313-RA     -            353 30000at7147          -            203       0.1   12.1  11.3   2   5    0.0085       2.6    7.4   0.0    87   121   205   239   131   264 0.90 -
DkoeB00000313-RA     -            353 30000at7147          -            203       0.1   12.1  11.3   3   5      0.77   2.4e+02    1.0   0.2    95   114   270   289   266   294 0.86 -
DkoeB00000313-RA     -            353 30000at7147          -            203       0.1   12.1  11.3   4   5      0.47   1.4e+02    1.8   0.0    93   113   296   316   291   319 0.90 -
DkoeB00000313-RA     -            353 30000at7147          -            203       0.1   12.1  11.3   5   5     0.052        16    4.9   0.3    89   114   320   345   314   350 0.90 -
DkoeB00012722-RA     -            507 30000at7147          -            203      0.11   11.9   7.6   1   3         2   6.2e+02   -0.3   0.2    98   116   348   366   330   368 0.77 -
DkoeB00012722-RA     -            507 30000at7147          -            203      0.11   11.9   7.6   2   3    0.0037       1.1    8.6   0.3    88   113   365   390   353   396 0.86 -
DkoeB00012722-RA     -            507 30000at7147          -            203      0.11   11.9   7.6   3   3     0.028       8.4    5.8   0.7    92   116   429   453   424   472 0.80 -
DkoeB00007758-RA     -            481 30000at7147          -            203      0.12   11.8  15.6   1   3      0.55   1.7e+02    1.5   0.5    25    48   249   272   243   280 0.90 -
DkoeB00007758-RA     -            481 30000at7147          -            203      0.12   11.8  15.6   2   3   0.00076      0.23   10.9   0.2    24    50   306   332   300   338 0.88 -
DkoeB00007758-RA     -            481 30000at7147          -            203      0.12   11.8  15.6   3   3     0.073        22    4.4   3.5    18    56   361   400   344   479 0.76 -
DkoeB00011224-RA     -            401 30000at7147          -            203      0.41   10.1   4.6   1   2      0.18        55    3.1   0.2    95   124     4    33     2    45 0.86 -
DkoeB00011224-RA     -            401 30000at7147          -            203      0.41   10.1   4.6   2   2     0.006       1.8    7.9   0.7    95   123    69    97    47   112 0.83 -
DkoeB00008993-RA     -            873 30000at7147          -            203      0.43   10.0   0.0   1   5      0.45   1.4e+02    1.8   0.3    22    45    97   120    80   126 0.77 -
DkoeB00008993-RA     -            873 30000at7147          -            203      0.43   10.0   0.0   2   5      0.27        81    2.6   1.1    23    48   126   151   116   155 0.85 -
DkoeB00008993-RA     -            873 30000at7147          -            203      0.43   10.0   0.0   3   5       4.5   1.4e+03   -1.4   0.1    21    45   154   178   148   181 0.86 -
DkoeB00008993-RA     -            873 30000at7147          -            203      0.43   10.0   0.0   4   5    0.0014      0.43   10.0   0.0    83   113   694   724   687   732 0.85 -
DkoeB00008993-RA     -            873 30000at7147          -            203      0.43   10.0   0.0   5   5       2.4   7.2e+02   -0.5   0.1    93   113   788   808   779   811 0.86 -
DkoeB00000572-RA     -            334 30000at7147          -            203      0.53    9.7   8.9   1   2     0.091        28    4.1   0.2    92   115   213   238   198   248 0.85 -
DkoeB00000572-RA     -            334 30000at7147          -            203      0.53    9.7   8.9   2   2    0.0017      0.52    9.7   1.3    93   139   274   322   257   334 0.71 -
DkoeB00005022-RA     -            521 30000at7147          -            203      0.57    9.6  15.8   1   3    0.0084       2.6    7.5   0.4    90   114   257   281   247   286 0.85 -
DkoeB00005022-RA     -            521 30000at7147          -            203      0.57    9.6  15.8   2   3      0.11        35    3.8   0.9    93   114   316   337   295   343 0.85 -
DkoeB00005022-RA     -            521 30000at7147          -            203      0.57    9.6  15.8   3   3     0.016       4.9    6.5   1.8    93   121   344   372   340   376 0.92 -
DkoeB00003077-RA     -            407 30000at7147          -            203      0.61    9.5  32.6   1   6   0.00051      0.16   11.4   1.3    40   113   153   231   120   238 0.69 -
DkoeB00003077-RA     -            407 30000at7147          -            203      0.61    9.5  32.6   2   6     0.032       9.8    5.6   0.8    95   114   241   260   235   267 0.88 -
DkoeB00003077-RA     -            407 30000at7147          -            203      0.61    9.5  32.6   3   6       1.1   3.3e+02    0.6   0.7    95   116   269   290   264   295 0.84 -
DkoeB00003077-RA     -            407 30000at7147          -            203      0.61    9.5  32.6   4   6      0.12        38    3.6   0.1    93   114   295   316   292   321 0.87 -
DkoeB00003077-RA     -            407 30000at7147          -            203      0.61    9.5  32.6   5   6      0.27        81    2.6   0.4    93   117   323   347   320   360 0.89 -
DkoeB00003077-RA     -            407 30000at7147          -            203      0.61    9.5  32.6   6   6     0.029         9    5.7   0.5    95   117   381   403   374   406 0.86 -
DkoeB00010150-RA     -            163 30000at7147          -            203       0.9    8.9  16.0   1   4     0.033        10    5.5   0.7    94   117     6    31     3    38 0.83 -
DkoeB00010150-RA     -            163 30000at7147          -            203       0.9    8.9  16.0   2   4   0.00087      0.27   10.7   0.7    94   117    42    65    33    71 0.88 -
DkoeB00010150-RA     -            163 30000at7147          -            203       0.9    8.9  16.0   3   4      0.75   2.3e+02    1.1   0.9    21   113    98   119    68   128 0.54 -
DkoeB00010150-RA     -            163 30000at7147          -            203       0.9    8.9  16.0   4   4       0.5   1.5e+02    1.7   0.6    95   120   101   126    91   140 0.65 -
DkoeB00000115-RA     -            446 30000at7147          -            203       1.1    8.7   9.2   1   3       1.7   5.3e+02   -0.1   0.1    19    48   252   281   243   289 0.80 -
DkoeB00000115-RA     -            446 30000at7147          -            203       1.1    8.7   9.2   2   3       5.6   1.7e+03   -1.8   6.1    24    53   285   314   276   391 0.56 -
DkoeB00000115-RA     -            446 30000at7147          -            203       1.1    8.7   9.2   3   3      0.05        15    4.9   4.3    87   122   391   426   303   434 0.84 -
DkoeB00004633-RA     -            890 30000at7147          -            203       1.8    8.0  27.2   1   6       1.4   4.1e+02    0.3   0.1    18    48   267   298   253   300 0.79 -
DkoeB00004633-RA     -            890 30000at7147          -            203       1.8    8.0  27.2   2   6      0.03       9.1    5.7   0.3    90   116   298   324   284   333 0.85 -
DkoeB00004633-RA     -            890 30000at7147          -            203       1.8    8.0  27.2   3   6       2.7   8.4e+02   -0.7   0.1    16    48   354   385   348   388 0.71 -
DkoeB00004633-RA     -            890 30000at7147          -            203       1.8    8.0  27.2   4   6    0.0082       2.5    7.5   0.1    93   114   388   409   384   415 0.90 -
DkoeB00004633-RA     -            890 30000at7147          -            203       1.8    8.0  27.2   5   6       1.5   4.5e+02    0.1   0.3    23    43   417   437   409   445 0.68 -
DkoeB00004633-RA     -            890 30000at7147          -            203       1.8    8.0  27.2   6   6    0.0084       2.6    7.5   4.2    95   147   446   499   441   560 0.62 -
DkoeB00010911-RA     -            915 30000at7147          -            203       1.8    7.9  36.1   1   8   0.00018     0.055   12.9   0.7    90   114   345   369   329   378 0.90 -
DkoeB00010911-RA     -            915 30000at7147          -            203       1.8    7.9  36.1   2   8      0.61   1.9e+02    1.4   0.2    93   122   380   413   370   425 0.76 -
DkoeB00010911-RA     -            915 30000at7147          -            203       1.8    7.9  36.1   3   8         1   3.1e+02    0.7   0.1    93   114   442   463   431   469 0.87 -
DkoeB00010911-RA     -            915 30000at7147          -            203       1.8    7.9  36.1   4   8      0.15        46    3.4   0.8    93   115   470   492   463   503 0.76 -
DkoeB00010911-RA     -            915 30000at7147          -            203       1.8    7.9  36.1   5   8       2.1   6.5e+02   -0.4   0.2    95   118   500   523   495   530 0.84 -
DkoeB00010911-RA     -            915 30000at7147          -            203       1.8    7.9  36.1   6   8     0.013       4.1    6.8   0.9    73   120   533   581   528   592 0.75 -
DkoeB00010911-RA     -            915 30000at7147          -            203       1.8    7.9  36.1   7   8       0.2        60    3.0   0.2    23    49   597   623   584   631 0.73 -
DkoeB00010911-RA     -            915 30000at7147          -            203       1.8    7.9  36.1   8   8      0.48   1.5e+02    1.7   0.8    25    49   599   623   596   684 0.77 -
DkoeB00008001-RA     -            323 30000at7147          -            203       1.9    7.9  19.8   1   5       2.5   7.7e+02   -0.6   0.2    92   115   160   187   150   189 0.74 -
DkoeB00008001-RA     -            323 30000at7147          -            203       1.9    7.9  19.8   2   5      0.24        72    2.7   1.0    79   114   172   210   167   216 0.75 -
DkoeB00008001-RA     -            323 30000at7147          -            203       1.9    7.9  19.8   3   5      0.71   2.2e+02    1.2   0.3    94   116   218   240   213   244 0.85 -
DkoeB00008001-RA     -            323 30000at7147          -            203       1.9    7.9  19.8   4   5    0.0045       1.4    8.3   5.0    86   117   238   269   220   274 0.83 -
DkoeB00008001-RA     -            323 30000at7147          -            203       1.9    7.9  19.8   5   5      0.07        22    4.4   0.3    94   127   274   307   270   312 0.88 -
DkoeB00000146-RA     -            466 30000at7147          -            203         2    7.8  14.2   1   4    0.0039       1.2    8.5   0.9    83   120   172   209   159   217 0.82 -
DkoeB00000146-RA     -            466 30000at7147          -            203         2    7.8  14.2   2   4      0.23        71    2.8   0.1    96   114   219   237   215   242 0.88 -
DkoeB00000146-RA     -            466 30000at7147          -            203         2    7.8  14.2   3   4       1.4   4.2e+02    0.2   0.0    94   114   316   336   308   344 0.66 -
DkoeB00000146-RA     -            466 30000at7147          -            203         2    7.8  14.2   4   4      0.54   1.7e+02    1.6   0.0    94   116   344   366   337   385 0.87 -
DkoeB00014039-RA     -            690 30000at7147          -            203         2    7.8  29.6   1   7      0.92   2.8e+02    0.8   0.1    18    48   266   297   252   300 0.79 -
DkoeB00014039-RA     -            690 30000at7147          -            203         2    7.8  29.6   2   7     0.028       8.6    5.7   0.7    90   116   297   323   273   328 0.84 -
DkoeB00014039-RA     -            690 30000at7147          -            203         2    7.8  29.6   3   7       1.9   5.7e+02   -0.2   0.1    16    48   353   384   347   388 0.71 -
DkoeB00014039-RA     -            690 30000at7147          -            203         2    7.8  29.6   4   7    0.0053       1.6    8.1   0.3    92   114   386   408   368   414 0.88 -
DkoeB00014039-RA     -            690 30000at7147          -            203         2    7.8  29.6   5   7       1.3     4e+02    0.3   0.5    23    43   416   436   409   443 0.67 -
DkoeB00014039-RA     -            690 30000at7147          -            203         2    7.8  29.6   6   7    0.0079       2.4    7.6   4.5    95   147   445   498   440   558 0.62 -
DkoeB00014039-RA     -            690 30000at7147          -            203         2    7.8  29.6   7   7       8.9   2.7e+03   -2.4   0.1   141   163   559   581   537   598 0.66 -
DkoeB00010106-RA     -            480 30000at7147          -            203       2.9    7.3  16.1   1   4     0.012       3.6    7.0   0.2     8    46   171   209   166   223 0.88 -
DkoeB00010106-RA     -            480 30000at7147          -            203       2.9    7.3  16.1   2   4      0.89   2.7e+02    0.9   0.2    11    43   286   319   279   326 0.75 -
DkoeB00010106-RA     -            480 30000at7147          -            203       2.9    7.3  16.1   3   4      0.98     3e+02    0.7   0.2    93   113   355   375   350   381 0.85 -
DkoeB00010106-RA     -            480 30000at7147          -            203       2.9    7.3  16.1   4   4     0.015       4.4    6.7   0.3    24    56   387   419   382   431 0.88 -
DkoeB00001431-RA     -            182 30000at7147          -            203       3.1    7.2  10.5   1   3      0.82   2.5e+02    1.0   0.5    93   113    27    49    19    56 0.84 -
DkoeB00001431-RA     -            182 30000at7147          -            203       3.1    7.2  10.5   2   3     0.003      0.92    8.9   1.0    91   115    57    81    49    88 0.86 -
DkoeB00001431-RA     -            182 30000at7147          -            203       3.1    7.2  10.5   3   3      0.27        81    2.6   0.2    15    47   110   141    99   151 0.82 -
DkoeB00012274-RA     -            656 30000at7147          -            203       3.2    7.1  37.8   1   6       1.9   5.9e+02   -0.3   0.1    24    48   321   345   311   352 0.84 -
DkoeB00012274-RA     -            656 30000at7147          -            203       3.2    7.1  37.8   2   6    0.0013      0.39   10.1   1.5    92   120   374   402   369   407 0.89 -
DkoeB00012274-RA     -            656 30000at7147          -            203       3.2    7.1  37.8   3   6      0.63   1.9e+02    1.3   0.2    94   113   404   423   400   436 0.78 -
DkoeB00012274-RA     -            656 30000at7147          -            203       3.2    7.1  37.8   4   6     0.037        11    5.3   0.9    95   116   436   457   424   463 0.83 -
DkoeB00012274-RA     -            656 30000at7147          -            203       3.2    7.1  37.8   5   6       1.2   3.6e+02    0.5   4.6    26   108   467   512   458   552 0.55 -
DkoeB00012274-RA     -            656 30000at7147          -            203       3.2    7.1  37.8   6   6     0.026       7.9    5.9   2.6    94   161   557   624   551   639 0.74 -
DkoeB00007466-RA     -            329 30000at7147          -            203       4.6    6.6  15.3   1   3       4.5   1.4e+03   -1.5   1.6   125   163    90   127    76   145 0.58 -
DkoeB00007466-RA     -            329 30000at7147          -            203       4.6    6.6  15.3   2   3     0.019       5.8    6.3   0.8    94   115   265   286   245   290 0.92 -
DkoeB00007466-RA     -            329 30000at7147          -            203       4.6    6.6  15.3   3   3    0.0016      0.48    9.8   0.5    21    56   292   327   288   329 0.91 -
DkoeB00002699-RA     -            810 30000at7147          -            203       6.2    6.2  29.3   1   5       4.2   1.3e+03   -1.3   0.0    25    49   257   281   251   282 0.88 -
DkoeB00002699-RA     -            810 30000at7147          -            203       6.2    6.2  29.3   2   5    0.0034         1    8.8   0.1    89   116   281   308   276   344 0.86 -
DkoeB00002699-RA     -            810 30000at7147          -            203       6.2    6.2  29.3   3   5      0.03       9.2    5.7   0.3    21    48   367   394   348   396 0.81 -
DkoeB00002699-RA     -            810 30000at7147          -            203       6.2    6.2  29.3   4   5    0.0012      0.36   10.2   1.1    90   116   396   422   394   434 0.93 -
DkoeB00002699-RA     -            810 30000at7147          -            203       6.2    6.2  29.3   5   5       1.1   3.5e+02    0.5   0.4    22    48   724   750   711   760 0.80 -
DkoeB00007802-RA     -            335 30000at7147          -            203       7.3    6.0  11.0   1   1      0.78   2.4e+02    1.0   0.1    25    43   178   196   126   205 0.57 -
DkoeB00007161-RA     -            665 30000at7147          -            203       8.7    5.7  25.2   1   4      0.56   1.7e+02    1.5   0.0    24    48   353   377   342   381 0.88 -
DkoeB00007161-RA     -            665 30000at7147          -            203       8.7    5.7  25.2   2   4       0.8   2.4e+02    1.0   1.0    95   114   384   403   382   409 0.86 -
DkoeB00007161-RA     -            665 30000at7147          -            203       8.7    5.7  25.2   3   4     0.011       3.4    7.0   1.2    92   120   409   441   404   461 0.77 -
DkoeB00007161-RA     -            665 30000at7147          -            203       8.7    5.7  25.2   4   4      0.48   1.5e+02    1.7   8.1    91   150   523   582   441   595 0.76 -
#
# Program:         hmmsearch
# Version:         3.1b2 (February 2015)
# Pipeline mode:   SEARCH
# Query file:      /home/nmoreyra/Documents/Genomics/03_orthologs_search/00_Phylogenomics_BUSCO-groups/busco4_odb10/busco_downloads/lineages/diptera_odb10/hmms/30000at7147.hmm
# Target file:     /home/nmoreyra/Documents/Genomics/03_orthologs_search/00_Phylogenomics_BUSCO-groups/busco4_odb10/../00_proteins/DkoeB_proteins.fasta
# Option settings: /home/nmoreyra/Software/miniconda3/envs/busco4/bin/hmmsearch --domtblout /home/nmoreyra/Documents/Genomics/03_orthologs_search/00_Phylogenomics_BUSCO-groups/busco4_odb10/DkoeB_diptera/run_diptera_odb10/hmmer_output/initial_run_results/30000at7147.out --cpu 1 /home/nmoreyra/Documents/Genomics/03_orthologs_search/00_Phylogenomics_BUSCO-groups/busco4_odb10/busco_downloads/lineages/diptera_odb10/hmms/30000at7147.hmm /home/nmoreyra/Documents/Genomics/03_orthologs_search/00_Phylogenomics_BUSCO-groups/busco4_odb10/../00_proteins/DkoeB_proteins.fasta 
# Current dir:     /home/nmoreyra/Documents/Genomics/03_orthologs_search/00_Phylogenomics_BUSCO-groups/busco4_odb10
# Date:            Mon Jan 25 14:09:13 2021
# [ok]
