#                                                                            --- full sequence --- -------------- this domain -------------   hmm coord   ali coord   env coord
# target name        accession   tlen query name           accession   qlen   E-value  score  bias   #  of  c-Evalue  i-Evalue  score  bias  from    to  from    to  from    to  acc description of target
#------------------- ---------- ----- -------------------- ---------- ----- --------- ------ ----- --- --- --------- --------- ------ ----- ----- ----- ----- ----- ----- ----- ---- ---------------------
DkoeB00007022-RA     -            353 31302at7147          -            328   4.9e-66  222.6   3.7   1   1   5.3e-69   6.8e-66  222.1   3.7     9   327     7   352     1   353 0.81 -
DkoeB00002075-RA     -            355 31302at7147          -            328   2.9e-64  216.8   2.0   1   1   2.9e-67   3.6e-64  216.4   2.0     1   327     1   354     1   355 0.82 -
DkoeB00007021-RA     -            353 31302at7147          -            328   7.3e-64  215.4   2.3   1   1   7.9e-67     1e-63  215.0   2.3     9   327     7   352     1   353 0.86 -
DkoeB00006484-RA     -            150 31302at7147          -            328   6.9e-61  205.7   0.3   1   1   6.9e-64   8.8e-61  205.3   0.3     1   110     1   125     1   131 0.95 -
DkoeB00002679-RA     -            393 31302at7147          -            328     7e-56  189.2  10.6   1   2   3.1e-55   3.9e-52  176.9   4.4    12   279    13   314     8   349 0.80 -
DkoeB00002679-RA     -            393 31302at7147          -            328     7e-56  189.2  10.6   2   2   5.2e-05     0.066   11.8   0.5   289   318   352   381   344   387 0.87 -
DkoeB00008792-RA     -            462 31302at7147          -            328   2.8e-52  177.4   7.4   1   1   4.7e-55     6e-52  176.3   7.4    11   321   113   455   107   461 0.78 -
DkoeB00007458-RA     -            237 31302at7147          -            328   1.1e-41  142.6   1.5   1   1   1.1e-44   1.4e-41  142.2   1.5   151   324    43   233    33   237 0.89 -
DkoeB00007456-RA     -            154 31302at7147          -            328   1.8e-21   76.1   0.1   1   1   1.6e-24     2e-21   76.0   0.1     1   148     1   154     1   154 0.75 -
DkoeB00010762-RA     -            178 31302at7147          -            328    0.0054   15.4   0.0   1   2    0.0017       2.2    6.8   0.0    36    55    17    36     6    41 0.91 -
DkoeB00010762-RA     -            178 31302at7147          -            328    0.0054   15.4   0.0   2   2     0.002       2.5    6.6   0.0   216   249    96   129    82   141 0.79 -
DkoeB00012304-RA     -            175 31302at7147          -            328      0.02   13.6   0.2   1   2     0.078        99    1.4   0.0    36    57    14    35     6    44 0.86 -
DkoeB00012304-RA     -            175 31302at7147          -            328      0.02   13.6   0.2   2   2   0.00015      0.19   10.3   0.0   215   252    92   128    73   151 0.84 -
DkoeB00001982-RA     -            244 31302at7147          -            328     0.044   12.4   0.0   1   2     0.036        46    2.5   0.0    37    72    50    84    42    90 0.72 -
DkoeB00001982-RA     -            244 31302at7147          -            328     0.044   12.4   0.0   2   2   0.00094       1.2    7.7   0.0   213   262   127   177   113   189 0.82 -
#
# Program:         hmmsearch
# Version:         3.1b2 (February 2015)
# Pipeline mode:   SEARCH
# Query file:      /home/nmoreyra/Documents/Genomics/03_orthologs_search/00_Phylogenomics_BUSCO-groups/busco4_odb10/busco_downloads/lineages/diptera_odb10/hmms/31302at7147.hmm
# Target file:     /home/nmoreyra/Documents/Genomics/03_orthologs_search/00_Phylogenomics_BUSCO-groups/busco4_odb10/../00_proteins/DkoeB_proteins.fasta
# Option settings: /home/nmoreyra/Software/miniconda3/envs/busco4/bin/hmmsearch --domtblout /home/nmoreyra/Documents/Genomics/03_orthologs_search/00_Phylogenomics_BUSCO-groups/busco4_odb10/DkoeB_diptera/run_diptera_odb10/hmmer_output/initial_run_results/31302at7147.out --cpu 1 /home/nmoreyra/Documents/Genomics/03_orthologs_search/00_Phylogenomics_BUSCO-groups/busco4_odb10/busco_downloads/lineages/diptera_odb10/hmms/31302at7147.hmm /home/nmoreyra/Documents/Genomics/03_orthologs_search/00_Phylogenomics_BUSCO-groups/busco4_odb10/../00_proteins/DkoeB_proteins.fasta 
# Current dir:     /home/nmoreyra/Documents/Genomics/03_orthologs_search/00_Phylogenomics_BUSCO-groups/busco4_odb10
# Date:            Mon Jan 25 14:07:55 2021
# [ok]
