#                                                                            --- full sequence --- -------------- this domain -------------   hmm coord   ali coord   env coord
# target name        accession   tlen query name           accession   qlen   E-value  score  bias   #  of  c-Evalue  i-Evalue  score  bias  from    to  from    to  from    to  acc description of target
#------------------- ---------- ----- -------------------- ---------- ----- --------- ------ ----- --- --- --------- --------- ------ ----- ----- ----- ----- ----- ----- ----- ---- ---------------------
DkoeB00006212-RA     -            525 31832at7147          -            418  1.6e-231  767.7   0.1   1   1  1.1e-233  2.2e-231  767.3   0.1     7   416    95   520    80   525 0.96 -
DkoeB00006363-RA     -            705 31832at7147          -            418   3.1e-61  206.8   0.0   1   2   5.7e-47   1.2e-44  152.2   0.0    19   269    34   293     8   336 0.86 -
DkoeB00006363-RA     -            705 31832at7147          -            418   3.1e-61  206.8   0.0   2   2   1.2e-16   2.4e-14   52.4   0.0   300   393   372   470   344   484 0.83 -
DkoeB00005156-RA     -           4084 31832at7147          -            418   2.2e-49  167.8  12.8   1  12    0.0011      0.22    9.7   0.0    16    82   612   678   598   682 0.80 -
DkoeB00005156-RA     -           4084 31832at7147          -            418   2.2e-49  167.8  12.8   2  12     4e-10   8.1e-08   30.9   0.0    20    83   682   745   678   755 0.91 -
DkoeB00005156-RA     -           4084 31832at7147          -            418   2.2e-49  167.8  12.8   3  12     0.064        13    3.8   0.0    27    83   756   812   747   818 0.86 -
DkoeB00005156-RA     -           4084 31832at7147          -            418   2.2e-49  167.8  12.8   4  12   6.3e-06    0.0013   17.0   0.0    29    89   824   884   813   898 0.87 -
DkoeB00005156-RA     -           4084 31832at7147          -            418   2.2e-49  167.8  12.8   5  12     0.015       3.1    5.9   0.0    29    84   921   976   915   995 0.78 -
DkoeB00005156-RA     -           4084 31832at7147          -            418   2.2e-49  167.8  12.8   6  12   0.00025     0.052   11.7   0.0    20    84   978  1043   972  1064 0.79 -
DkoeB00005156-RA     -           4084 31832at7147          -            418   2.2e-49  167.8  12.8   7  12    0.0017      0.35    9.0   0.0    26    85  1018  1077  1003  1111 0.75 -
DkoeB00005156-RA     -           4084 31832at7147          -            418   2.2e-49  167.8  12.8   8  12   2.3e-07   4.7e-05   21.8   0.0    22    85  2369  2432  2349  2443 0.82 -
DkoeB00005156-RA     -           4084 31832at7147          -            418   2.2e-49  167.8  12.8   9  12     3e-05     0.006   14.8   0.0    24    84  2438  2498  2430  2505 0.89 -
DkoeB00005156-RA     -           4084 31832at7147          -            418   2.2e-49  167.8  12.8  10  12     0.095        19    3.3   0.0    26    56  2508  2538  2499  2543 0.86 -
DkoeB00005156-RA     -           4084 31832at7147          -            418   2.2e-49  167.8  12.8  11  12   1.1e-07   2.3e-05   22.8   0.0    26    83  2542  2599  2535  2613 0.89 -
DkoeB00005156-RA     -           4084 31832at7147          -            418   2.2e-49  167.8  12.8  12  12   2.8e-07   5.6e-05   21.5   0.1    19    86  2636  2703  2624  2712 0.88 -
DkoeB00012743-RA     -           1513 31832at7147          -            418   5.1e-47  160.0  17.7   1  10    0.0034       0.7    8.0   0.0    39    83     6    50     1    58 0.89 -
DkoeB00012743-RA     -           1513 31832at7147          -            418   5.1e-47  160.0  17.7   2  10   0.00082      0.17   10.1   0.0    30    82    59   111    48   114 0.89 -
DkoeB00012743-RA     -           1513 31832at7147          -            418   5.1e-47  160.0  17.7   3  10   1.8e-07   3.7e-05   22.1   0.0    20    82   115   177   111   181 0.92 -
DkoeB00012743-RA     -           1513 31832at7147          -            418   5.1e-47  160.0  17.7   4  10    0.0033      0.67    8.1   0.1    20    81   181   242   174   247 0.87 -
DkoeB00012743-RA     -           1513 31832at7147          -            418   5.1e-47  160.0  17.7   5  10   1.1e-06   0.00021   19.6   0.0    24    82   251   309   244   316 0.91 -
DkoeB00012743-RA     -           1513 31832at7147          -            418   5.1e-47  160.0  17.7   6  10   6.7e-07   0.00014   20.2   0.0    27    85   320   378   310   386 0.92 -
DkoeB00012743-RA     -           1513 31832at7147          -            418   5.1e-47  160.0  17.7   7  10   1.8e-07   3.8e-05   22.1   0.0    19    83   380   442   373   449 0.86 -
DkoeB00012743-RA     -           1513 31832at7147          -            418   5.1e-47  160.0  17.7   8  10   0.00013     0.027   12.7   0.1    20    82   445   507   437   511 0.87 -
DkoeB00012743-RA     -           1513 31832at7147          -            418   5.1e-47  160.0  17.7   9  10   4.7e-05    0.0096   14.2   0.1    20    81   511   572   495   575 0.86 -
DkoeB00012743-RA     -           1513 31832at7147          -            418   5.1e-47  160.0  17.7  10  10   1.4e-09   2.9e-07   29.0   0.1    19    84   576   641   567   660 0.92 -
DkoeB00005552-RA     -           1210 31832at7147          -            418   5.9e-47  159.8   2.7   1   9     2e-08   4.1e-06   25.3   0.0    19    83    44   110    35   116 0.90 -
DkoeB00005552-RA     -           1210 31832at7147          -            418   5.9e-47  159.8   2.7   2   9    0.0096         2    6.5   0.0    24    66   117   159   111   164 0.91 -
DkoeB00005552-RA     -           1210 31832at7147          -            418   5.9e-47  159.8   2.7   3   9   1.1e-08   2.3e-06   26.1   0.0    18    82   198   262   188   270 0.88 -
DkoeB00005552-RA     -           1210 31832at7147          -            418   5.9e-47  159.8   2.7   4   9      0.17        35    2.4   0.0    19    67   265   313   259   325 0.82 -
DkoeB00005552-RA     -           1210 31832at7147          -            418   5.9e-47  159.8   2.7   5   9   0.00056      0.11   10.6   0.0    27    85   381   442   363   476 0.84 -
DkoeB00005552-RA     -           1210 31832at7147          -            418   5.9e-47  159.8   2.7   6   9   4.5e-08   9.1e-06   24.1   0.0    10    83   521   594   515   598 0.84 -
DkoeB00005552-RA     -           1210 31832at7147          -            418   5.9e-47  159.8   2.7   7   9    0.0011      0.23    9.6   0.0    19    64   596   641   587   656 0.84 -
DkoeB00005552-RA     -           1210 31832at7147          -            418   5.9e-47  159.8   2.7   8   9   6.2e-08   1.3e-05   23.6   0.0    18    82   680   746   671   750 0.86 -
DkoeB00005552-RA     -           1210 31832at7147          -            418   5.9e-47  159.8   2.7   9   9   1.4e-07   2.9e-05   22.5   0.0    17    68   747   798   742   822 0.88 -
DkoeB00002245-RA     -          12297 31832at7147          -            418   1.7e-43  148.4  21.9   1  14      0.57   1.2e+02    0.7   0.1    27    83   174   230   168   234 0.88 -
DkoeB00002245-RA     -          12297 31832at7147          -            418   1.7e-43  148.4  21.9   2  14     1e-10     2e-08   32.8   0.3    19    88   232   301   220   304 0.89 -
DkoeB00002245-RA     -          12297 31832at7147          -            418   1.7e-43  148.4  21.9   3  14   6.6e-05     0.013   13.7   0.0    27    83   273   329   272   338 0.93 -
DkoeB00002245-RA     -          12297 31832at7147          -            418   1.7e-43  148.4  21.9   4  14   1.3e-05    0.0027   16.0   0.1    22    83   363   424   343   427 0.89 -
DkoeB00002245-RA     -          12297 31832at7147          -            418   1.7e-43  148.4  21.9   5  14   1.6e-05    0.0032   15.7   0.0    20    69   427   476   426   492 0.89 -
DkoeB00002245-RA     -          12297 31832at7147          -            418   1.7e-43  148.4  21.9   6  14    0.0018      0.37    8.9   0.0    30    83   503   556   493   561 0.87 -
DkoeB00002245-RA     -          12297 31832at7147          -            418   1.7e-43  148.4  21.9   7  14   1.1e-05    0.0023   16.2   0.0    19    82   525   588   512   593 0.88 -
DkoeB00002245-RA     -          12297 31832at7147          -            418   1.7e-43  148.4  21.9   8  14   0.00015     0.031   12.5   0.0    20    86   559   625   545   633 0.88 -
DkoeB00002245-RA     -          12297 31832at7147          -            418   1.7e-43  148.4  21.9   9  14   2.3e-05    0.0047   15.2   0.0    27    85   599   657   592   666 0.92 -
DkoeB00002245-RA     -          12297 31832at7147          -            418   1.7e-43  148.4  21.9  10  14   0.00016     0.034   12.4   0.0    20    81   625   686   623   691 0.89 -
DkoeB00002245-RA     -          12297 31832at7147          -            418   1.7e-43  148.4  21.9  11  14   0.00015      0.03   12.5   0.0    21    83   659   721   654   727 0.89 -
DkoeB00002245-RA     -          12297 31832at7147          -            418   1.7e-43  148.4  21.9  12  14   3.1e-07   6.2e-05   21.4   0.1    21    84   692   755   681   784 0.87 -
DkoeB00002245-RA     -          12297 31832at7147          -            418   1.7e-43  148.4  21.9  13  14    0.0036      0.73    7.9   0.1    21    66   791   836   774   852 0.84 -
DkoeB00002245-RA     -          12297 31832at7147          -            418   1.7e-43  148.4  21.9  14  14   1.3e-07   2.7e-05   22.6   0.1    17    88   853   924   839   937 0.85 -
DkoeB00003120-RA     -           1783 31832at7147          -            418   4.3e-39  133.9  16.2   1  12     0.016       3.3    5.8   0.0    27    83   131   187   123   211 0.85 -
DkoeB00003120-RA     -           1783 31832at7147          -            418   4.3e-39  133.9  16.2   2  12     7e-06    0.0014   16.9   0.0     7    79   252   324   246   349 0.88 -
DkoeB00003120-RA     -           1783 31832at7147          -            418   4.3e-39  133.9  16.2   3  12   5.6e-08   1.1e-05   23.8   0.0    12    85   357   430   347   438 0.93 -
DkoeB00003120-RA     -           1783 31832at7147          -            418   4.3e-39  133.9  16.2   4  12         1   2.1e+02   -0.1   0.0    25    57   436   468   428   471 0.83 -
DkoeB00003120-RA     -           1783 31832at7147          -            418   4.3e-39  133.9  16.2   5  12     0.083        17    3.5   0.0    28    84   473   530   463   581 0.80 -
DkoeB00003120-RA     -           1783 31832at7147          -            418   4.3e-39  133.9  16.2   6  12   0.00023     0.046   11.9   0.1    15    81   674   740   660   744 0.86 -
DkoeB00003120-RA     -           1783 31832at7147          -            418   4.3e-39  133.9  16.2   7  12   5.8e-05     0.012   13.8   0.3     9    82   734   808   729   812 0.85 -
DkoeB00003120-RA     -           1783 31832at7147          -            418   4.3e-39  133.9  16.2   8  12     0.014       2.8    6.0   0.0    29    66   788   825   784   835 0.88 -
DkoeB00003120-RA     -           1783 31832at7147          -            418   4.3e-39  133.9  16.2   9  12    0.0026      0.53    8.4   0.0     4    84   830   913   827   920 0.80 -
DkoeB00003120-RA     -           1783 31832at7147          -            418   4.3e-39  133.9  16.2  10  12   0.00052      0.11   10.7   0.0    21    84   916   979   902   989 0.84 -
DkoeB00003120-RA     -           1783 31832at7147          -            418   4.3e-39  133.9  16.2  11  12    0.0019      0.39    8.8   0.0    27    82  1001  1058   996  1063 0.79 -
DkoeB00003120-RA     -           1783 31832at7147          -            418   4.3e-39  133.9  16.2  12  12   2.1e-09   4.3e-07   28.5   0.0    20    80  1063  1123  1056  1136 0.90 -
DkoeB00002009-RA     -           1235 31832at7147          -            418     4e-30  104.3   1.1   1   7     0.019         4    5.5   0.0    16    53   109   146    94   164 0.79 -
DkoeB00002009-RA     -           1235 31832at7147          -            418     4e-30  104.3   1.1   2   7     6e-05     0.012   13.8   0.0    19    79   180   241   162   250 0.83 -
DkoeB00002009-RA     -           1235 31832at7147          -            418     4e-30  104.3   1.1   3   7   6.7e-05     0.014   13.6   0.0    18    84   260   326   254   335 0.90 -
DkoeB00002009-RA     -           1235 31832at7147          -            418     4e-30  104.3   1.1   4   7     0.007       1.4    7.0   0.0    21    82   334   395   328   409 0.87 -
DkoeB00002009-RA     -           1235 31832at7147          -            418     4e-30  104.3   1.1   5   7   5.8e-09   1.2e-06   27.0   0.0     7    85   427   505   421   509 0.94 -
DkoeB00002009-RA     -           1235 31832at7147          -            418     4e-30  104.3   1.1   6   7   5.2e-05     0.011   14.0   0.0    20    80   509   568   503   575 0.87 -
DkoeB00002009-RA     -           1235 31832at7147          -            418     4e-30  104.3   1.1   7   7   4.1e-05    0.0083   14.4   0.1    19    73   574   627   566   656 0.79 -
DkoeB00008302-RA     -           1103 31832at7147          -            418   1.4e-26   92.6   8.0   1   9    0.0036      0.74    7.9   0.0    29   126   226   328   216   333 0.87 -
DkoeB00008302-RA     -           1103 31832at7147          -            418   1.4e-26   92.6   8.0   2   9    0.0003     0.062   11.5   0.0    13    68   350   404   338   441 0.77 -
DkoeB00008302-RA     -           1103 31832at7147          -            418   1.4e-26   92.6   8.0   3   9     0.016       3.2    5.8   0.0    20    89   460   531   448   534 0.85 -
DkoeB00008302-RA     -           1103 31832at7147          -            418   1.4e-26   92.6   8.0   4   9     1e-05    0.0021   16.3   0.0    17    76   531   590   523   600 0.86 -
DkoeB00008302-RA     -           1103 31832at7147          -            418   1.4e-26   92.6   8.0   5   9    0.0016      0.32    9.1   0.0    29    82   706   759   700   760 0.93 -
DkoeB00008302-RA     -           1103 31832at7147          -            418   1.4e-26   92.6   8.0   6   9     6e-05     0.012   13.8   0.0    19    99   729   809   713   822 0.85 -
DkoeB00008302-RA     -           1103 31832at7147          -            418   1.4e-26   92.6   8.0   7   9    0.0015       0.3    9.2   0.1    13    83   824   896   813   903 0.84 -
DkoeB00008302-RA     -           1103 31832at7147          -            418   1.4e-26   92.6   8.0   8   9   0.00018     0.036   12.3   0.0    19    74   898   954   891   967 0.82 -
DkoeB00008302-RA     -           1103 31832at7147          -            418   1.4e-26   92.6   8.0   9   9   8.4e-05     0.017   13.3   0.0    18    84   970  1034   955  1042 0.81 -
DkoeB00004737-RA     -           2152 31832at7147          -            418     3e-23   81.7   2.9   1  10    0.0094       1.9    6.6   0.0    18    80  1294  1368  1279  1372 0.67 -
DkoeB00004737-RA     -           2152 31832at7147          -            418     3e-23   81.7   2.9   2  10    0.0012      0.24    9.5   0.0    17    82  1338  1404  1334  1409 0.88 -
DkoeB00004737-RA     -           2152 31832at7147          -            418     3e-23   81.7   2.9   3  10     3e-06   0.00061   18.1   0.0    18   103  1373  1458  1366  1464 0.90 -
DkoeB00004737-RA     -           2152 31832at7147          -            418     3e-23   81.7   2.9   4  10   0.00042     0.085   11.0   0.0    20    83  1408  1474  1405  1484 0.86 -
DkoeB00004737-RA     -           2152 31832at7147          -            418     3e-23   81.7   2.9   5  10     0.043       8.8    4.4   0.0    21    81  1478  1538  1470  1543 0.90 -
DkoeB00004737-RA     -           2152 31832at7147          -            418     3e-23   81.7   2.9   6  10   9.1e-05     0.018   13.2   0.0    22    84  1512  1574  1499  1587 0.88 -
DkoeB00004737-RA     -           2152 31832at7147          -            418     3e-23   81.7   2.9   7  10    0.0011      0.23    9.6   0.0    21    82  1544  1605  1541  1610 0.90 -
DkoeB00004737-RA     -           2152 31832at7147          -            418     3e-23   81.7   2.9   8  10   2.5e-07     5e-05   21.7   0.0    19   106  1608  1696  1595  1706 0.87 -
DkoeB00004737-RA     -           2152 31832at7147          -            418     3e-23   81.7   2.9   9  10    0.0002      0.04   12.1   0.0    17    81  1707  1771  1694  1779 0.90 -
DkoeB00004737-RA     -           2152 31832at7147          -            418     3e-23   81.7   2.9  10  10      0.77   1.6e+02    0.3   0.0    26    77  1782  1832  1773  1852 0.78 -
DkoeB00005305-RA     -           1274 31832at7147          -            418   6.6e-22   77.3   0.3   1   5   6.8e-09   1.4e-06   26.8   0.0    21    86    98   163    85   181 0.90 -
DkoeB00005305-RA     -           1274 31832at7147          -            418   6.6e-22   77.3   0.3   2   5   2.7e-05    0.0056   14.9   0.0    15    81   207   273   195   276 0.92 -
DkoeB00005305-RA     -           1274 31832at7147          -            418   6.6e-22   77.3   0.3   3   5       0.2        40    2.2   0.0    25    52   284   311   276   313 0.89 -
DkoeB00005305-RA     -           1274 31832at7147          -            418   6.6e-22   77.3   0.3   4   5     4e-08   8.1e-06   24.3   0.0    17    97   309   389   306   394 0.90 -
DkoeB00005305-RA     -           1274 31832at7147          -            418   6.6e-22   77.3   0.3   5   5     0.018       3.8    5.6   0.0    18    96   377   460   373   479 0.81 -
DkoeB00006916-RA     -           1761 31832at7147          -            418   4.7e-21   74.5   1.6   1   5    0.0036      0.73    8.0   0.0    16    74   305   363   299   366 0.88 -
DkoeB00006916-RA     -           1761 31832at7147          -            418   4.7e-21   74.5   1.6   2   5   1.8e-06   0.00037   18.8   0.0    19    84   341   406   330   416 0.91 -
DkoeB00006916-RA     -           1761 31832at7147          -            418   4.7e-21   74.5   1.6   3   5   9.5e-06    0.0019   16.4   0.0    18    83   439   504   428   510 0.92 -
DkoeB00006916-RA     -           1761 31832at7147          -            418   4.7e-21   74.5   1.6   4   5   2.3e-06   0.00047   18.5   0.0    20    86   507   573   503   599 0.84 -
DkoeB00006916-RA     -           1761 31832at7147          -            418   4.7e-21   74.5   1.6   5   5   2.7e-05    0.0056   14.9   0.1    21    86   607   672   593   694 0.89 -
DkoeB00009022-RA     -            314 31832at7147          -            418   4.8e-20   71.1   0.6   1   4   6.1e-08   1.2e-05   23.7   0.0    18    83    33    98    23   104 0.91 -
DkoeB00009022-RA     -            314 31832at7147          -            418   4.8e-20   71.1   0.6   2   4    0.0063       1.3    7.1   0.0    21    81   102   162    97   167 0.88 -
DkoeB00009022-RA     -            314 31832at7147          -            418   4.8e-20   71.1   0.6   3   4   1.4e-07   2.9e-05   22.4   0.1    19    82   166   229   152   233 0.89 -
DkoeB00009022-RA     -            314 31832at7147          -            418   4.8e-20   71.1   0.6   4   4   4.3e-05    0.0087   14.3   0.1    28    95   240   303   238   312 0.79 -
DkoeB00006405-RA     -            984 31832at7147          -            418   4.9e-18   64.5   1.9   1   3   1.5e-07   3.1e-05   22.4   0.1    12   106     5   102     1   110 0.76 -
DkoeB00006405-RA     -            984 31832at7147          -            418   4.9e-18   64.5   1.9   2   3   5.2e-05     0.011   14.0   0.0    19    86   105   172    97   179 0.87 -
DkoeB00006405-RA     -            984 31832at7147          -            418   4.9e-18   64.5   1.9   3   3   4.4e-09     9e-07   27.4   0.1    24    89   176   241   171   268 0.79 -
DkoeB00008194-RA     -            986 31832at7147          -            418   2.3e-17   62.3   0.5   1   4      0.19        38    2.3   0.0    21    68   176   222   169   244 0.83 -
DkoeB00008194-RA     -            986 31832at7147          -            418   2.3e-17   62.3   0.5   2   4     0.028       5.6    5.0   0.0    26    87   249   310   230   321 0.83 -
DkoeB00008194-RA     -            986 31832at7147          -            418   2.3e-17   62.3   0.5   3   4   3.3e-09   6.6e-07   27.9   0.0    28   106   321   399   308   414 0.85 -
DkoeB00008194-RA     -            986 31832at7147          -            418   2.3e-17   62.3   0.5   4   4   1.1e-07   2.3e-05   22.8   0.1    11    66   408   461   398   477 0.86 -
DkoeB00010747-RA     -           1344 31832at7147          -            418   1.7e-16   59.4   0.0   1   3   1.1e-07   2.2e-05   22.8   0.0    19    89    62   132    54   140 0.89 -
DkoeB00010747-RA     -           1344 31832at7147          -            418   1.7e-16   59.4   0.0   2   3   1.2e-07   2.4e-05   22.7   0.0    28    83   140   195   128   202 0.92 -
DkoeB00010747-RA     -           1344 31832at7147          -            418   1.7e-16   59.4   0.0   3   3   0.00076      0.16   10.2   0.0    28    86   241   298   232   315 0.87 -
DkoeB00004349-RA     -            866 31832at7147          -            418   2.3e-16   59.0   3.8   1   4   1.4e-08   2.9e-06   25.7   0.0    17    82    38   103    27   115 0.91 -
DkoeB00004349-RA     -            866 31832at7147          -            418   2.3e-16   59.0   3.8   2   4   4.5e-05    0.0091   14.2   0.0    27    83   117   173   105   193 0.91 -
DkoeB00004349-RA     -            866 31832at7147          -            418   2.3e-16   59.0   3.8   3   4   3.6e-05    0.0074   14.5   0.1    24    83   205   263   195   270 0.91 -
DkoeB00004349-RA     -            866 31832at7147          -            418   2.3e-16   59.0   3.8   4   4      0.18        37    2.3   0.2   137   199   599   658   588   667 0.79 -
DkoeB00010372-RA     -            879 31832at7147          -            418   2.4e-15   55.7   4.5   1   4   1.2e-08   2.5e-06   26.0   0.0    17    82    38   103    27   115 0.91 -
DkoeB00010372-RA     -            879 31832at7147          -            418   2.4e-15   55.7   4.5   2   4     4e-05    0.0081   14.4   0.0    26    83   116   173   103   193 0.90 -
DkoeB00010372-RA     -            879 31832at7147          -            418   2.4e-15   55.7   4.5   3   4   3.7e-05    0.0075   14.5   0.1    24    83   205   263   195   270 0.91 -
DkoeB00010372-RA     -            879 31832at7147          -            418   2.4e-15   55.7   4.5   4   4       2.6   5.3e+02   -1.5   0.3   138   199   603   660   594   672 0.71 -
DkoeB00010252-RA     -            616 31832at7147          -            418   6.1e-15   54.3   0.3   1   5   2.6e-09   5.2e-07   28.2   0.0    20    99   153   230   137   237 0.77 -
DkoeB00010252-RA     -            616 31832at7147          -            418   6.1e-15   54.3   0.3   2   5   0.00048     0.098   10.8   0.0    26    71   224   269   205   277 0.87 -
DkoeB00010252-RA     -            616 31832at7147          -            418   6.1e-15   54.3   0.3   3   5   1.5e-06    0.0003   19.1   0.0    18    84   249   315   239   328 0.88 -
DkoeB00010252-RA     -            616 31832at7147          -            418   6.1e-15   54.3   0.3   4   5      0.26        54    1.8   0.0    41    88   336   383   325   410 0.85 -
DkoeB00010252-RA     -            616 31832at7147          -            418   6.1e-15   54.3   0.3   5   5       6.3   1.3e+03   -2.7   0.0    29    54   444   469   441   489 0.73 -
DkoeB00003656-RA     -            950 31832at7147          -            418   3.8e-14   51.7   2.9   1   5    0.0019      0.39    8.8   0.0    20    82   124   187   113   191 0.82 -
DkoeB00003656-RA     -            950 31832at7147          -            418   3.8e-14   51.7   2.9   2   5     0.032       6.6    4.8   0.0    24    81   162   218   159   225 0.79 -
DkoeB00003656-RA     -            950 31832at7147          -            418   3.8e-14   51.7   2.9   3   5   0.00014     0.028   12.6   0.0    26    61   229   264   216   266 0.89 -
DkoeB00003656-RA     -            950 31832at7147          -            418   3.8e-14   51.7   2.9   4   5   4.2e-05    0.0085   14.3   0.0    30    69   267   306   262   323 0.86 -
DkoeB00003656-RA     -            950 31832at7147          -            418   3.8e-14   51.7   2.9   5   5    0.0013      0.26    9.4   0.0    21   122   324   438   315   443 0.79 -
DkoeB00010094-RA     -            552 31832at7147          -            418     7e-14   50.8   0.0   1   3   0.00058      0.12   10.6   0.0    16    82    76   144    64   148 0.85 -
DkoeB00010094-RA     -            552 31832at7147          -            418     7e-14   50.8   0.0   2   3   5.4e-06    0.0011   17.3   0.0     9    80   135   208   132   216 0.83 -
DkoeB00010094-RA     -            552 31832at7147          -            418     7e-14   50.8   0.0   3   3   2.5e-07     5e-05   21.7   0.0    19    89   213   284   205   288 0.91 -
DkoeB00002129-RA     -           1716 31832at7147          -            418   7.4e-14   50.8   4.2   1   5     0.021       4.3    5.4   0.0    26    70    43    88    35   102 0.76 -
DkoeB00002129-RA     -           1716 31832at7147          -            418   7.4e-14   50.8   4.2   2   5     4e-07   8.2e-05   21.0   0.0    19    77    70   128    58   137 0.86 -
DkoeB00002129-RA     -           1716 31832at7147          -            418   7.4e-14   50.8   4.2   3   5   1.9e-05    0.0039   15.4   0.0    15    97    99   181    88   192 0.81 -
DkoeB00002129-RA     -           1716 31832at7147          -            418   7.4e-14   50.8   4.2   4   5   2.6e-09   5.3e-07   28.2   0.1    24    86   202   264   177   331 0.81 -
DkoeB00002129-RA     -           1716 31832at7147          -            418   7.4e-14   50.8   4.2   5   5       2.5   5.2e+02   -1.4   0.4    78   138  1652  1715  1630  1716 0.80 -
DkoeB00002758-RA     -           1214 31832at7147          -            418   7.6e-14   50.7   4.8   1   4   0.00024      0.05   11.8   0.1    14    82   569   635   556   639 0.85 -
DkoeB00002758-RA     -           1214 31832at7147          -            418   7.6e-14   50.7   4.8   2   4   6.9e-07   0.00014   20.2   0.0    20    84   639   703   626   706 0.89 -
DkoeB00002758-RA     -           1214 31832at7147          -            418   7.6e-14   50.7   4.8   3   4      0.31        64    1.6   0.1    19    51   707   739   700   749 0.78 -
DkoeB00002758-RA     -           1214 31832at7147          -            418   7.6e-14   50.7   4.8   4   4   5.4e-06    0.0011   17.2   0.3    16    71   738   793   726   805 0.86 -
DkoeB00009335-RA     -           1528 31832at7147          -            418   2.4e-13   49.1   0.4   1   4    0.0025      0.52    8.4   0.0    24    87   991  1055   978  1085 0.79 -
DkoeB00009335-RA     -           1528 31832at7147          -            418   2.4e-13   49.1   0.4   2   4   9.2e-05     0.019   13.2   0.0    27    83  1142  1198  1126  1204 0.90 -
DkoeB00009335-RA     -           1528 31832at7147          -            418   2.4e-13   49.1   0.4   3   4    0.0032      0.66    8.1   0.0    29    82  1211  1264  1202  1272 0.89 -
DkoeB00009335-RA     -           1528 31832at7147          -            418   2.4e-13   49.1   0.4   4   4   4.8e-05    0.0098   14.1   0.0    22    86  1270  1334  1259  1357 0.88 -
DkoeB00002311-RA     -            455 31832at7147          -            418   2.1e-12   46.0   0.1   1   2   4.8e-08   9.9e-06   24.0   0.0    17    83    25    91    14    95 0.92 -
DkoeB00002311-RA     -            455 31832at7147          -            418   2.1e-12   46.0   0.1   2   2   5.1e-07    0.0001   20.6   0.0    20    74    94   149    90   199 0.84 -
DkoeB00003985-RA     -           1068 31832at7147          -            418   4.8e-12   44.8   1.2   1   4   0.00031     0.062   11.5   0.0    19    66   488   535   473   553 0.85 -
DkoeB00003985-RA     -           1068 31832at7147          -            418   4.8e-12   44.8   1.2   2   4   4.2e-05    0.0086   14.3   0.1    16    86   551   622   538   625 0.83 -
DkoeB00003985-RA     -           1068 31832at7147          -            418   4.8e-12   44.8   1.2   3   4   5.7e-06    0.0012   17.2   0.1    19    83   622   687   612   705 0.85 -
DkoeB00003985-RA     -           1068 31832at7147          -            418   4.8e-12   44.8   1.2   4   4       2.5     5e+02   -1.4   0.0    16    37   686   707   685   713 0.87 -
DkoeB00006805-RA     -           1345 31832at7147          -            418   9.6e-12   43.8   0.6   1   2   4.9e-05    0.0099   14.1   0.0    17    65  1144  1193  1134  1200 0.87 -
DkoeB00006805-RA     -           1345 31832at7147          -            418   9.6e-12   43.8   0.6   2   2   5.2e-09   1.1e-06   27.2   0.1     6    84  1203  1283  1198  1291 0.85 -
DkoeB00002296-RA     -            718 31832at7147          -            418   6.4e-11   41.1   0.0   1   2   4.6e-06   0.00094   17.5   0.0    24    83   170   229   152   236 0.90 -
DkoeB00002296-RA     -            718 31832at7147          -            418   6.4e-11   41.1   0.0   2   2   4.1e-07   8.4e-05   20.9   0.0    20    81   294   355   276   376 0.87 -
DkoeB00010560-RA     -            600 31832at7147          -            418   2.6e-10   39.1   0.0   1   2   3.4e-11     7e-09   34.4   0.0     9    92   420   503   414   515 0.89 -
DkoeB00010560-RA     -            600 31832at7147          -            418   2.6e-10   39.1   0.0   2   2      0.18        38    2.3   0.0    20    65   530   575   520   588 0.82 -
DkoeB00010074-RA     -            544 31832at7147          -            418     1e-09   37.1   0.1   1   3     0.042       8.6    4.4   0.0    21    68   270   320   256   334 0.72 -
DkoeB00010074-RA     -            544 31832at7147          -            418     1e-09   37.1   0.1   2   3   7.5e-06    0.0015   16.8   0.0    21    50   339   368   331   392 0.84 -
DkoeB00010074-RA     -            544 31832at7147          -            418     1e-09   37.1   0.1   3   3   0.00028     0.057   11.6   0.0    15    83   396   465   382   475 0.85 -
DkoeB00005229-RA     -            659 31832at7147          -            418   1.8e-09   36.3   0.1   1   4       4.3   8.7e+02   -2.2   0.0    24    50    21    47     4    56 0.68 -
DkoeB00005229-RA     -            659 31832at7147          -            418   1.8e-09   36.3   0.1   2   4   0.00023     0.046   11.9   0.0    20    81    92   153    79   157 0.86 -
DkoeB00005229-RA     -            659 31832at7147          -            418   1.8e-09   36.3   0.1   3   4   6.4e-05     0.013   13.7   0.0    16    82   154   219   149   270 0.75 -
DkoeB00005229-RA     -            659 31832at7147          -            418   1.8e-09   36.3   0.1   4   4    0.0079       1.6    6.8   0.0    22    63   564   607   549   615 0.81 -
DkoeB00001050-RA     -            650 31832at7147          -            418   2.2e-09   36.0   0.1   1   2   1.4e-06   0.00029   19.2   0.1    22    82   480   540   467   572 0.86 -
DkoeB00001050-RA     -            650 31832at7147          -            418   2.2e-09   36.0   0.1   2   2   3.3e-05    0.0068   14.7   0.0    20    81   577   637   566   646 0.88 -
DkoeB00006261-RA     -            929 31832at7147          -            418   2.3e-09   36.0   0.1   1   2   5.8e-07   0.00012   20.4   0.0    17    80   144   207   130   208 0.88 -
DkoeB00006261-RA     -            929 31832at7147          -            418   2.3e-09   36.0   0.1   2   2   1.3e-07   2.7e-05   22.6   0.0    20    82   180   243   179   247 0.92 -
DkoeB00002243-RA     -           1584 31832at7147          -            418   1.2e-08   33.6   0.2   1   3      0.57   1.2e+02    0.7   0.0    83   113     6    36     4    44 0.87 -
DkoeB00002243-RA     -           1584 31832at7147          -            418   1.2e-08   33.6   0.2   2   3   1.1e-09   2.2e-07   29.4   0.1    23    84   536   597   524   605 0.90 -
DkoeB00002243-RA     -           1584 31832at7147          -            418   1.2e-08   33.6   0.2   3   3       4.4     9e+02   -2.2   0.0    27    57   611   641   599   650 0.81 -
DkoeB00008651-RA     -            247 31832at7147          -            418   1.9e-08   33.0   0.0   1   2   8.1e-08   1.6e-05   23.3   0.0    16    82   101   167    88   174 0.90 -
DkoeB00008651-RA     -            247 31832at7147          -            418   1.9e-08   33.0   0.0   2   2    0.0036      0.73    7.9   0.0    23    74   174   225   167   237 0.89 -
DkoeB00005812-RA     -            597 31832at7147          -            418   6.7e-08   31.1   1.5   1   2   0.00048     0.098   10.8   0.0    25    82    93   150    88   154 0.88 -
DkoeB00005812-RA     -            597 31832at7147          -            418   6.7e-08   31.1   1.5   2   2     1e-06    0.0002   19.7   0.5    17   104   151   239   147   259 0.85 -
DkoeB00001233-RA     -           2339 31832at7147          -            418   7.5e-08   31.0   0.2   1   2   8.7e-06    0.0018   16.6   0.0    22    99  1902  1979  1886  1994 0.86 -
DkoeB00001233-RA     -           2339 31832at7147          -            418   7.5e-08   31.0   0.2   2   2   0.00017     0.035   12.3   0.0    19    86  1999  2066  1988  2089 0.85 -
DkoeB00005017-RA     -            677 31832at7147          -            418   2.6e-07   29.2   0.1   1   5       1.9   3.9e+02   -1.0   0.0    16    49    65    98    57   111 0.79 -
DkoeB00005017-RA     -            677 31832at7147          -            418   2.6e-07   29.2   0.1   2   5     0.016       3.2    5.9   0.0    24    80   116   172    92   176 0.83 -
DkoeB00005017-RA     -            677 31832at7147          -            418   2.6e-07   29.2   0.1   3   5    0.0029       0.6    8.2   0.0    21    69   146   194   131   198 0.87 -
DkoeB00005017-RA     -            677 31832at7147          -            418   2.6e-07   29.2   0.1   4   5   0.00016     0.034   12.4   0.0     9    86   198   275   191   288 0.88 -
DkoeB00005017-RA     -            677 31832at7147          -            418   2.6e-07   29.2   0.1   5   5      0.15        31    2.6   0.0    20    61   579   622   563   667 0.77 -
DkoeB00001351-RA     -            888 31832at7147          -            418   4.9e-07   28.3   3.0   1   3       9.8     2e+03   -3.4   0.0    29    48   164   183   140   190 0.73 -
DkoeB00001351-RA     -            888 31832at7147          -            418   4.9e-07   28.3   3.0   2   3   0.00084      0.17   10.0   0.1    15    58   215   258   202   268 0.83 -
DkoeB00001351-RA     -            888 31832at7147          -            418   4.9e-07   28.3   3.0   3   3   3.5e-06   0.00072   17.9   0.1    20    70   314   364   294   377 0.85 -
DkoeB00002766-RA     -            639 31832at7147          -            418   7.4e-07   27.7   0.1   1   3      0.69   1.4e+02    0.4   0.0    20    55    70   105    62   110 0.90 -
DkoeB00002766-RA     -            639 31832at7147          -            418   7.4e-07   27.7   0.1   2   3   0.00042     0.086   11.0   0.0    29    81   113   165    99   179 0.90 -
DkoeB00002766-RA     -            639 31832at7147          -            418   7.4e-07   27.7   0.1   3   3   0.00016     0.033   12.4   0.0    26   104   211   289   197   311 0.74 -
DkoeB00012166-RA     -            731 31832at7147          -            418   1.1e-06   27.1   0.4   1   3         2   4.1e+02   -1.1   0.0    22    50   124   152   118   162 0.85 -
DkoeB00012166-RA     -            731 31832at7147          -            418   1.1e-06   27.1   0.4   2   3   0.00017     0.035   12.3   0.0    26    96   170   240   153   249 0.83 -
DkoeB00012166-RA     -            731 31832at7147          -            418   1.1e-06   27.1   0.4   3   3    0.0003     0.062   11.5   0.0     6    82   247   324   242   340 0.79 -
DkoeB00012307-RA     -            342 31832at7147          -            418     3e-06   25.7   0.0   1   1   2.4e-08   4.8e-06   25.0   0.0    14    84   110   179    99   204 0.86 -
DkoeB00003961-RA     -            215 31832at7147          -            418   5.3e-06   24.9   0.0   1   2   1.1e-07   2.2e-05   22.8   0.0    18    83    72   137    57   156 0.88 -
DkoeB00003961-RA     -            215 31832at7147          -            418   5.3e-06   24.9   0.0   2   2       0.9   1.8e+02    0.0   0.0    27    60   147   182   137   202 0.70 -
DkoeB00000883-RA     -           1909 31832at7147          -            418   7.3e-06   24.4   1.9   1   4    0.0025      0.51    8.5   0.0    24    79  1389  1444  1375  1457 0.85 -
DkoeB00000883-RA     -           1909 31832at7147          -            418   7.3e-06   24.4   1.9   2   4    0.0053       1.1    7.4   0.1    21    70  1462  1511  1452  1526 0.80 -
DkoeB00000883-RA     -           1909 31832at7147          -            418   7.3e-06   24.4   1.9   3   4     0.068        14    3.7   0.0    20    59  1528  1567  1516  1574 0.74 -
DkoeB00000883-RA     -           1909 31832at7147          -            418   7.3e-06   24.4   1.9   4   4      0.96     2e+02   -0.0   0.0   180   207  1615  1642  1608  1661 0.86 -
DkoeB00011872-RA     -           1875 31832at7147          -            418   1.9e-05   23.1   0.1   1   3       1.5     3e+02   -0.7   0.0    48    82   139   173   114   177 0.53 -
DkoeB00011872-RA     -           1875 31832at7147          -            418   1.9e-05   23.1   0.1   2   3   0.00069      0.14   10.3   0.0    22    81   179   239   173   243 0.86 -
DkoeB00011872-RA     -           1875 31832at7147          -            418   1.9e-05   23.1   0.1   3   3    0.0032      0.66    8.1   0.0    21    76   245   300   240   310 0.88 -
DkoeB00012007-RA     -            408 31832at7147          -            418   7.5e-05   21.1   1.4   1   3   6.7e-07   0.00014   20.2   0.0    12    85     3    76     1   102 0.89 -
DkoeB00012007-RA     -            408 31832at7147          -            418   7.5e-05   21.1   1.4   2   3       2.3   4.8e+02   -1.3   0.2    98   180   170   253   145   273 0.64 -
DkoeB00012007-RA     -            408 31832at7147          -            418   7.5e-05   21.1   1.4   3   3       9.5   1.9e+03   -3.3   0.0   329   344   372   387   364   392 0.78 -
DkoeB00008729-RA     -            134 31832at7147          -            418    0.0002   19.7   0.0   1   1   1.2e-06   0.00024   19.4   0.0     6    56    40    91    35   114 0.77 -
DkoeB00007233-RA     -           1181 31832at7147          -            418   0.00026   19.3   0.0   1   1   1.3e-06   0.00026   19.3   0.0    22    81  1004  1063   989  1071 0.86 -
DkoeB00014424-RA     -            345 31832at7147          -            418   0.00032   19.0   0.0   1   2     0.075        15    3.6   0.0    26    73   162   210   135   221 0.68 -
DkoeB00014424-RA     -            345 31832at7147          -            418   0.00032   19.0   0.0   2   2   8.1e-05     0.016   13.4   0.0    16    80   219   284   207   322 0.77 -
DkoeB00007330-RA     -           1170 31832at7147          -            418   0.00032   19.0   0.0   1   1   3.1e-06   0.00063   18.1   0.0    28    79   634   685   619   702 0.83 -
DkoeB00010965-RA     -            351 31832at7147          -            418   0.00033   19.0   0.0   1   2     0.092        19    3.3   0.0    26    72   162   209   139   220 0.69 -
DkoeB00010965-RA     -            351 31832at7147          -            418   0.00033   19.0   0.0   2   2     8e-05     0.016   13.4   0.0    16    81   219   285   207   325 0.76 -
DkoeB00009508-RA     -            838 31832at7147          -            418   0.00059   18.1   0.0   1   3     0.066        13    3.8   0.0    21    58   172   210   156   220 0.81 -
DkoeB00009508-RA     -            838 31832at7147          -            418   0.00059   18.1   0.0   2   3     0.052        10    4.1   0.0    28    67   248   287   242   291 0.90 -
DkoeB00009508-RA     -            838 31832at7147          -            418   0.00059   18.1   0.0   3   3   0.00042     0.085   11.0   0.0    22    81   275   334   259   341 0.88 -
DkoeB00012187-RA     -           1188 31832at7147          -            418    0.0011   17.2   0.0   1   1   1.1e-05    0.0022   16.3   0.0    15    82    44   112    34   133 0.88 -
DkoeB00001352-RA     -            362 31832at7147          -            418    0.0018   16.6   0.0   1   2      0.59   1.2e+02    0.6   0.0    23    53   195   225   181   231 0.86 -
DkoeB00001352-RA     -            362 31832at7147          -            418    0.0018   16.6   0.0   2   2   4.2e-05    0.0085   14.3   0.0    23    67   228   276   214   280 0.80 -
DkoeB00012271-RA     -            725 31832at7147          -            418    0.0029   15.9   0.0   1   1   2.6e-05    0.0053   15.0   0.0    19    80   585   647   576   670 0.83 -
DkoeB00005294-RA     -            832 31832at7147          -            418    0.0052   15.0   0.0   1   1   4.9e-05      0.01   14.1   0.0    20    83   712   774   672   801 0.88 -
DkoeB00007481-RA     -            745 31832at7147          -            418    0.0057   14.9   0.0   1   1   4.8e-05    0.0097   14.1   0.0    26    82   216   272   192   282 0.88 -
DkoeB00004338-RA     -            702 31832at7147          -            418    0.0067   14.7   0.0   1   1   7.7e-05     0.016   13.4   0.0    19    90    72   146    58   170 0.71 -
DkoeB00006857-RA     -           1113 31832at7147          -            418     0.007   14.6   0.0   1   2      0.17        34    2.5   0.0    43    83   129   169   111   175 0.76 -
DkoeB00006857-RA     -           1113 31832at7147          -            418     0.007   14.6   0.0   2   2    0.0009      0.18    9.9   0.0    21    69   172   220   168   231 0.87 -
DkoeB00012031-RA     -            125 31832at7147          -            418    0.0077   14.5   0.0   1   1   4.4e-05     0.009   14.2   0.0    26    86    35    95    15   119 0.81 -
DkoeB00000383-RA     -           1044 31832at7147          -            418     0.011   14.0   2.0   1   3      0.51     1e+02    0.8   0.1   130   230   703   809   692   815 0.68 -
DkoeB00000383-RA     -           1044 31832at7147          -            418     0.011   14.0   2.0   2   3       0.1        21    3.1   0.0    32    85   912   965   906   976 0.77 -
DkoeB00000383-RA     -           1044 31832at7147          -            418     0.011   14.0   2.0   3   3   0.00084      0.17   10.0   0.1     9    82   957  1031   951  1039 0.80 -
DkoeB00012194-RA     -            909 31832at7147          -            418     0.012   13.8   0.0   1   2     0.086        18    3.4   0.0    30    83   261   316   235   330 0.76 -
DkoeB00012194-RA     -            909 31832at7147          -            418     0.012   13.8   0.0   2   2     0.004      0.81    7.8   0.0    18    60   358   400   345   408 0.85 -
DkoeB00012365-RA     -            532 31832at7147          -            418     0.015   13.5   0.2   1   2       4.9   9.9e+02   -2.4   0.0    12    48    17    53    16    58 0.86 -
DkoeB00012365-RA     -            532 31832at7147          -            418     0.015   13.5   0.2   2   2    0.0002     0.041   12.1   0.1    23    77    61   114    55   182 0.67 -
DkoeB00004066-RA     -            956 31832at7147          -            418     0.027   12.7   0.1   1   1   0.00024      0.05   11.8   0.1    18    68   818   866   803   879 0.84 -
DkoeB00007268-RA     -            399 31832at7147          -            418     0.031   12.5   0.1   1   2      0.13        26    2.8   0.0    19    50   145   176   138   189 0.76 -
DkoeB00007268-RA     -            399 31832at7147          -            418     0.031   12.5   0.1   2   2    0.0054       1.1    7.4   0.0    16    93   295   374   280   384 0.72 -
DkoeB00007269-RA     -           1211 31832at7147          -            418      0.04   12.1   0.0   1   2       8.2   1.7e+03   -3.1   0.0    32    80   142   193   137   196 0.69 -
DkoeB00007269-RA     -           1211 31832at7147          -            418      0.04   12.1   0.0   2   2   0.00061      0.12   10.5   0.0    20    84   647   714   633   733 0.80 -
DkoeB00004755-RA     -           2454 31832at7147          -            418     0.045   11.9   0.0   1   2     0.052        10    4.1   0.0    17    86    71   140    60   169 0.80 -
DkoeB00004755-RA     -           2454 31832at7147          -            418     0.045   11.9   0.0   2   2     0.026       5.4    5.1   0.0    16    52   191   227   178   274 0.84 -
DkoeB00009605-RA     -            401 31832at7147          -            418     0.065   11.4   0.0   1   1    0.0005       0.1   10.8   0.0    16    83    35   103    25   124 0.83 -
DkoeB00000451-RA     -            255 31832at7147          -            418      0.11   10.7   0.0   1   1   0.00074      0.15   10.2   0.0    21    73   103   155    98   170 0.88 -
#
# Program:         hmmsearch
# Version:         3.1b2 (February 2015)
# Pipeline mode:   SEARCH
# Query file:      /home/nmoreyra/Documents/Genomics/03_orthologs_search/00_Phylogenomics_BUSCO-groups/busco4_odb10/busco_downloads/lineages/diptera_odb10/hmms/31832at7147.hmm
# Target file:     /home/nmoreyra/Documents/Genomics/03_orthologs_search/00_Phylogenomics_BUSCO-groups/busco4_odb10/../00_proteins/DkoeB_proteins.fasta
# Option settings: /home/nmoreyra/Software/miniconda3/envs/busco4/bin/hmmsearch --domtblout /home/nmoreyra/Documents/Genomics/03_orthologs_search/00_Phylogenomics_BUSCO-groups/busco4_odb10/DkoeB_diptera/run_diptera_odb10/hmmer_output/initial_run_results/31832at7147.out --cpu 1 /home/nmoreyra/Documents/Genomics/03_orthologs_search/00_Phylogenomics_BUSCO-groups/busco4_odb10/busco_downloads/lineages/diptera_odb10/hmms/31832at7147.hmm /home/nmoreyra/Documents/Genomics/03_orthologs_search/00_Phylogenomics_BUSCO-groups/busco4_odb10/../00_proteins/DkoeB_proteins.fasta 
# Current dir:     /home/nmoreyra/Documents/Genomics/03_orthologs_search/00_Phylogenomics_BUSCO-groups/busco4_odb10
# Date:            Mon Jan 25 14:08:25 2021
# [ok]
