#                                                                            --- full sequence --- -------------- this domain -------------   hmm coord   ali coord   env coord
# target name        accession   tlen query name           accession   qlen   E-value  score  bias   #  of  c-Evalue  i-Evalue  score  bias  from    to  from    to  from    to  acc description of target
#------------------- ---------- ----- -------------------- ---------- ----- --------- ------ ----- --- --- --------- --------- ------ ----- ----- ----- ----- ----- ----- ----- ---- ---------------------
DkoeB00001581-RA     -            689 32912at7147          -            499  7.1e-170  565.5   3.9   1   4  3.1e-133  5.6e-131  437.2   0.3     2   303    14   361    13   372 0.90 -
DkoeB00001581-RA     -            689 32912at7147          -            499  7.1e-170  565.5   3.9   2   4   1.8e-13   3.2e-11   42.1   0.0   299   362   382   456   361   462 0.78 -
DkoeB00001581-RA     -            689 32912at7147          -            499  7.1e-170  565.5   3.9   3   4   1.7e-23   3.1e-21   75.1   0.1   337   473   456   618   445   644 0.73 -
DkoeB00001581-RA     -            689 32912at7147          -            499  7.1e-170  565.5   3.9   4   4   0.00084      0.15   10.2   0.0   461   498   653   688   644   689 0.81 -
DkoeB00000947-RA     -            358 32912at7147          -            499   5.2e-19   67.8   3.6   1   3    0.0018      0.32    9.1   0.1   126   202    72   149    56   152 0.65 -
DkoeB00000947-RA     -            358 32912at7147          -            499   5.2e-19   67.8   3.6   2   3   1.4e-11   2.6e-09   35.8   0.1   123   200   153   231   147   236 0.83 -
DkoeB00000947-RA     -            358 32912at7147          -            499   5.2e-19   67.8   3.6   3   3   1.1e-06    0.0002   19.7   0.1   117   230   232   354   229   357 0.78 -
DkoeB00010398-RA     -            380 32912at7147          -            499   2.3e-18   65.7   2.2   1   3   7.5e-06    0.0014   17.0   0.3   133   199    99   169    92   174 0.78 -
DkoeB00010398-RA     -            380 32912at7147          -            499   2.3e-18   65.7   2.2   2   3   1.2e-05    0.0022   16.3   0.0    82   160   179   257   172   269 0.89 -
DkoeB00010398-RA     -            380 32912at7147          -            499   2.3e-18   65.7   2.2   3   3   4.2e-10   7.6e-08   31.0   0.0    86   188   268   369   259   378 0.82 -
DkoeB00005083-RA     -            933 32912at7147          -            499   1.9e-17   62.7   3.7   1   4   3.6e-05    0.0065   14.7   0.8    82   212    68   206    44   229 0.71 -
DkoeB00005083-RA     -            933 32912at7147          -            499   1.9e-17   62.7   3.7   2   4     0.072        13    3.8   0.2   136   214   168   247   163   260 0.67 -
DkoeB00005083-RA     -            933 32912at7147          -            499   1.9e-17   62.7   3.7   3   4     0.091        16    3.5   0.0   125   229   417   520   406   530 0.73 -
DkoeB00005083-RA     -            933 32912at7147          -            499   1.9e-17   62.7   3.7   4   4   1.1e-12     2e-10   39.5   0.0    80   236   551   709   548   723 0.88 -
DkoeB00007555-RA     -           1917 32912at7147          -            499   2.2e-14   52.5  16.5   1   5     0.032       5.7    5.0   0.5   157   270   896  1017   893  1024 0.68 -
DkoeB00007555-RA     -           1917 32912at7147          -            499   2.2e-14   52.5  16.5   2   5      0.21        38    2.3   0.4   140   212  1006  1079   993  1153 0.64 -
DkoeB00007555-RA     -           1917 32912at7147          -            499   2.2e-14   52.5  16.5   3   5   5.3e-14   9.6e-12   43.9   0.1    82   270  1221  1409  1216  1415 0.86 -
DkoeB00007555-RA     -           1917 32912at7147          -            499   2.2e-14   52.5  16.5   4   5   0.00049     0.088   11.0   5.0   122   205  1380  1465  1350  1484 0.76 -
DkoeB00007555-RA     -           1917 32912at7147          -            499   2.2e-14   52.5  16.5   5   5    0.0003     0.055   11.7   5.0    82   199  1384  1501  1381  1521 0.59 -
DkoeB00001179-RA     -            784 32912at7147          -            499   2.8e-14   52.2   4.9   1   3   0.00034     0.061   11.5   0.1   122   195    17    91     9   105 0.81 -
DkoeB00001179-RA     -            784 32912at7147          -            499   2.8e-14   52.2   4.9   2   3     3e-08   5.4e-06   24.9   0.2   126   199   105   180    93   186 0.87 -
DkoeB00001179-RA     -            784 32912at7147          -            499   2.8e-14   52.2   4.9   3   3   9.4e-06    0.0017   16.6   0.0    81   148   191   257   188   291 0.87 -
DkoeB00005131-RA     -            448 32912at7147          -            499   2.4e-13   49.1   5.9   1   4   6.1e-07   0.00011   20.6   0.2   129   231   129   237   125   244 0.77 -
DkoeB00005131-RA     -            448 32912at7147          -            499   2.4e-13   49.1   5.9   2   4   0.00048     0.086   11.0   0.3   101   192   231   321   220   327 0.75 -
DkoeB00005131-RA     -            448 32912at7147          -            499   2.4e-13   49.1   5.9   3   4     0.048       8.7    4.4   0.1   129   163   299   335   294   341 0.77 -
DkoeB00005131-RA     -            448 32912at7147          -            499   2.4e-13   49.1   5.9   4   4   3.2e-05    0.0058   14.9   0.1   122   228   335   445   327   448 0.66 -
DkoeB00012253-RA     -            679 32912at7147          -            499   6.4e-13   47.7   9.3   1   4     0.019       3.3    5.8   0.0   204   258    29    82    20    85 0.80 -
DkoeB00012253-RA     -            679 32912at7147          -            499   6.4e-13   47.7   9.3   2   4   1.5e-06   0.00028   19.2   0.2   126   225    80   176    74   177 0.84 -
DkoeB00012253-RA     -            679 32912at7147          -            499   6.4e-13   47.7   9.3   3   4   1.9e-09   3.4e-07   28.9   0.5    77   230   162   319   161   329 0.78 -
DkoeB00012253-RA     -            679 32912at7147          -            499   6.4e-13   47.7   9.3   4   4      0.73   1.3e+02    0.5   0.0   171   193   357   380   332   395 0.74 -
DkoeB00010402-RA     -            424 32912at7147          -            499   1.3e-12   46.8   0.1   1   3       5.5   9.9e+02   -2.4   0.0   131   152   114   136   103   139 0.76 -
DkoeB00010402-RA     -            424 32912at7147          -            499   1.3e-12   46.8   0.1   2   3   4.8e-06   0.00087   17.6   0.0    84   155   171   243   163   249 0.86 -
DkoeB00010402-RA     -            424 32912at7147          -            499   1.3e-12   46.8   0.1   3   3   2.5e-11   4.5e-09   35.0   0.1    81   174   212   308   207   336 0.82 -
DkoeB00003208-RA     -            724 32912at7147          -            499   6.7e-12   44.4   5.1   1   5     0.016       2.8    6.0   0.0   116   155   372   412   348   422 0.83 -
DkoeB00003208-RA     -            724 32912at7147          -            499   6.7e-12   44.4   5.1   2   5   3.6e-05    0.0066   14.7   0.0    82   159   437   512   433   520 0.87 -
DkoeB00003208-RA     -            724 32912at7147          -            499   6.7e-12   44.4   5.1   3   5      0.56     1e+02    0.9   0.1   118   163   553   599   517   609 0.71 -
DkoeB00003208-RA     -            724 32912at7147          -            499   6.7e-12   44.4   5.1   4   5    0.0028       0.5    8.5   0.0   138   170   624   656   616   659 0.76 -
DkoeB00003208-RA     -            724 32912at7147          -            499   6.7e-12   44.4   5.1   5   5   4.5e-05    0.0082   14.4   0.1   121   162   649   691   647   723 0.71 -
DkoeB00008506-RA     -            484 32912at7147          -            499   8.5e-12   44.0   8.7   1   2   1.1e-08     2e-06   26.3   4.2    92   244   195   344   183   348 0.73 -
DkoeB00008506-RA     -            484 32912at7147          -            499   8.5e-12   44.0   8.7   2   2   2.3e-07   4.2e-05   21.9   0.5   111   209   335   429   308   441 0.77 -
DkoeB00000956-RA     -            477 32912at7147          -            499   1.3e-11   43.4   2.2   1   3     0.046       8.3    4.5   0.1   124   157   168   202   158   244 0.74 -
DkoeB00000956-RA     -            477 32912at7147          -            499   1.3e-11   43.4   2.2   2   3   7.6e-06    0.0014   16.9   0.5   114   199   239   328   231   338 0.79 -
DkoeB00000956-RA     -            477 32912at7147          -            499   1.3e-11   43.4   2.2   3   3   1.3e-06   0.00023   19.5   0.0   138   232   350   454   334   462 0.83 -
DkoeB00008086-RA     -            509 32912at7147          -            499   1.4e-11   43.3   0.4   1   3   3.9e-05    0.0071   14.6   0.0   122   158   213   250   193   261 0.81 -
DkoeB00008086-RA     -            509 32912at7147          -            499   1.4e-11   43.3   0.4   2   3   2.1e-05    0.0039   15.5   0.1   119   181   260   323   250   343 0.79 -
DkoeB00008086-RA     -            509 32912at7147          -            499   1.4e-11   43.3   0.4   3   3    0.0013      0.24    9.5   0.0   131   237   357   472   352   506 0.70 -
DkoeB00013159-RA     -            356 32912at7147          -            499   4.8e-11   41.5   3.4   1   4   2.9e-05    0.0052   15.0   0.1    63   159    83   193    76   205 0.72 -
DkoeB00013159-RA     -            356 32912at7147          -            499   4.8e-11   41.5   3.4   2   4   0.00052     0.093   10.9   0.1   132   174   209   251   194   290 0.69 -
DkoeB00013159-RA     -            356 32912at7147          -            499   4.8e-11   41.5   3.4   3   4      0.18        32    2.6   0.0   126   172   245   290   237   321 0.66 -
DkoeB00013159-RA     -            356 32912at7147          -            499   4.8e-11   41.5   3.4   4   4    0.0018      0.32    9.1   0.1    85   149   292   355   287   356 0.75 -
DkoeB00005858-RA     -           2247 32912at7147          -            499   6.1e-11   41.2   0.8   1   3   1.1e-08   1.9e-06   26.3   0.1   125   205   185   266   171   275 0.85 -
DkoeB00005858-RA     -           2247 32912at7147          -            499   6.1e-11   41.2   0.8   2   3     0.065        12    4.0   0.0   114   152   316   355   312   401 0.79 -
DkoeB00005858-RA     -           2247 32912at7147          -            499   6.1e-11   41.2   0.8   3   3    0.0068       1.2    7.2   0.1   125   200   427   504   422   549 0.83 -
DkoeB00005728-RA     -            720 32912at7147          -            499     2e-10   39.5   0.1   1   3   7.2e-05     0.013   13.7   0.0   123   194   433   510   426   519 0.82 -
DkoeB00005728-RA     -            720 32912at7147          -            499     2e-10   39.5   0.1   2   3   0.00034     0.062   11.5   0.0    81   165   526   609   515   615 0.81 -
DkoeB00005728-RA     -            720 32912at7147          -            499     2e-10   39.5   0.1   3   3   0.00038     0.069   11.3   0.0    82   192   610   717   606   719 0.82 -
DkoeB00009811-RA     -            853 32912at7147          -            499   3.4e-10   38.7   1.6   1   5    0.0013      0.24    9.5   0.1    81   194   304   430   300   443 0.81 -
DkoeB00009811-RA     -            853 32912at7147          -            499   3.4e-10   38.7   1.6   2   5     0.031       5.6    5.0   0.0   168   210   449   497   441   529 0.67 -
DkoeB00009811-RA     -            853 32912at7147          -            499   3.4e-10   38.7   1.6   3   5      0.04       7.2    4.7   0.0    77   113   616   652   607   657 0.86 -
DkoeB00009811-RA     -            853 32912at7147          -            499   3.4e-10   38.7   1.6   4   5   3.2e-05    0.0058   14.9   0.0    76   144   657   726   649   736 0.76 -
DkoeB00009811-RA     -            853 32912at7147          -            499   3.4e-10   38.7   1.6   5   5       2.9   5.2e+02   -1.5   0.0    88   151   784   850   774   852 0.64 -
DkoeB00006638-RA     -            712 32912at7147          -            499     4e-10   38.5   1.6   1   3      0.59   1.1e+02    0.8   0.0     8    43   378   416   371   426 0.55 -
DkoeB00006638-RA     -            712 32912at7147          -            499     4e-10   38.5   1.6   2   3      0.31        56    1.8   0.0    75   172   412   507   395   537 0.76 -
DkoeB00006638-RA     -            712 32912at7147          -            499     4e-10   38.5   1.6   3   3   3.6e-10   6.4e-08   31.2   0.7   125   248   544   671   528   674 0.82 -
DkoeB00010161-RA     -            347 32912at7147          -            499   4.4e-10   38.4   1.1   1   3    0.0011       0.2    9.8   0.1   123   195    98   172    88   181 0.76 -
DkoeB00010161-RA     -            347 32912at7147          -            499   4.4e-10   38.4   1.1   2   3   0.00012     0.021   13.0   0.2   126   192   185   252   181   260 0.73 -
DkoeB00010161-RA     -            347 32912at7147          -            499   4.4e-10   38.4   1.1   3   3    0.0025      0.46    8.6   0.0   123   172   274   323   263   344 0.77 -
DkoeB00007083-RA     -            397 32912at7147          -            499   6.6e-10   37.8   2.6   1   4    0.0094       1.7    6.8   0.1   126   197    80   152    66   159 0.71 -
DkoeB00007083-RA     -            397 32912at7147          -            499   6.6e-10   37.8   2.6   2   4   1.5e-06   0.00027   19.3   0.2   123   199   161   238   152   241 0.83 -
DkoeB00007083-RA     -            397 32912at7147          -            499   6.6e-10   37.8   2.6   3   4   0.00098      0.18   10.0   0.0   128   192   208   274   202   286 0.77 -
DkoeB00007083-RA     -            397 32912at7147          -            499   6.6e-10   37.8   2.6   4   4      0.02       3.6    5.7   0.0    82   151   291   364   284   368 0.80 -
DkoeB00003186-RA     -            488 32912at7147          -            499   1.3e-09   36.8   0.4   1   3   1.5e-06   0.00028   19.2   0.0   125   200   121   197   115   218 0.74 -
DkoeB00003186-RA     -            488 32912at7147          -            499   1.3e-09   36.8   0.4   2   3      0.98   1.8e+02    0.1   0.0   136   161   222   248   198   286 0.72 -
DkoeB00003186-RA     -            488 32912at7147          -            499   1.3e-09   36.8   0.4   3   3   0.00011      0.02   13.1   0.1   136   233   346   447   340   487 0.68 -
DkoeB00002832-RA     -            461 32912at7147          -            499   3.4e-09   35.4   0.1   1   3     0.018       3.2    5.8   0.0   119   194    15    91     9   101 0.73 -
DkoeB00002832-RA     -            461 32912at7147          -            499   3.4e-09   35.4   0.1   2   3   0.00088      0.16   10.1   0.0    84   162   108   185   104   190 0.83 -
DkoeB00002832-RA     -            461 32912at7147          -            499   3.4e-09   35.4   0.1   3   3   7.5e-05     0.013   13.7   0.0   124   197   230   304   192   322 0.76 -
DkoeB00000913-RA     -            534 32912at7147          -            499   4.9e-09   34.9   0.1   1   3    0.0001     0.019   13.2   0.0    82   196    83   198    58   209 0.83 -
DkoeB00000913-RA     -            534 32912at7147          -            499   4.9e-09   34.9   0.1   2   3     0.035       6.3    4.9   0.0    97   166   184   252   172   254 0.76 -
DkoeB00000913-RA     -            534 32912at7147          -            499   4.9e-09   34.9   0.1   3   3   4.8e-06   0.00086   17.6   0.1   121   190   248   317   243   332 0.86 -
DkoeB00006256-RA     -            411 32912at7147          -            499   5.1e-09   34.9   6.1   1   4   0.00058       0.1   10.7   0.1    97   172   126   200   102   202 0.83 -
DkoeB00006256-RA     -            411 32912at7147          -            499   5.1e-09   34.9   6.1   2   4   0.00099      0.18   10.0   0.9   120   191   190   262   182   288 0.75 -
DkoeB00006256-RA     -            411 32912at7147          -            499   5.1e-09   34.9   6.1   3   4     0.006       1.1    7.4   0.0   133   161   307   336   304   343 0.84 -
DkoeB00006256-RA     -            411 32912at7147          -            499   5.1e-09   34.9   6.1   4   4    0.0026      0.47    8.6   0.1   125   192   341   409   333   411 0.72 -
DkoeB00010854-RA     -            322 32912at7147          -            499   5.4e-09   34.8   0.6   1   2   3.4e-06   0.00062   18.1   0.9    83   195    32   145    28   180 0.72 -
DkoeB00010854-RA     -            322 32912at7147          -            499   5.4e-09   34.8   0.6   2   2   4.4e-05    0.0079   14.4   0.0   113   186   187   260   174   299 0.76 -
DkoeB00014416-RA     -            322 32912at7147          -            499   5.4e-09   34.8   0.6   1   2   3.4e-06   0.00062   18.1   0.9    83   195    32   145    28   180 0.72 -
DkoeB00014416-RA     -            322 32912at7147          -            499   5.4e-09   34.8   0.6   2   2   4.4e-05    0.0079   14.4   0.0   113   186   187   260   174   299 0.76 -
DkoeB00006886-RA     -            197 32912at7147          -            499     6e-09   34.6   0.4   1   2   2.3e-07   4.1e-05   22.0   0.1   130   233     4   110     1   125 0.87 -
DkoeB00006886-RA     -            197 32912at7147          -            499     6e-09   34.6   0.4   2   2   0.00037     0.067   11.4   0.0    22    67   136   186   118   194 0.78 -
DkoeB00008581-RA     -            813 32912at7147          -            499   7.5e-09   34.3   3.1   1   3     0.003      0.53    8.4   0.3   121   196   144   220   135   229 0.77 -
DkoeB00008581-RA     -            813 32912at7147          -            499   7.5e-09   34.3   3.1   2   3     1e-05    0.0018   16.5   0.0    82   173   232   323   227   377 0.64 -
DkoeB00008581-RA     -            813 32912at7147          -            499   7.5e-09   34.3   3.1   3   3    0.0055      0.99    7.5   0.1   135   193   372   431   358   486 0.81 -
DkoeB00004936-RA     -            748 32912at7147          -            499   1.6e-08   33.3   0.0   1   2     0.021       3.8    5.6   0.0   116   157   533   575   526   581 0.84 -
DkoeB00004936-RA     -            748 32912at7147          -            499   1.6e-08   33.3   0.0   2   2     7e-10   1.3e-07   30.3   0.0    82   230   543   693   540   699 0.84 -
DkoeB00002091-RA     -            540 32912at7147          -            499   2.8e-08   32.4   0.3   1   3     0.041       7.4    4.6   0.0    92   158   310   377   301   383 0.79 -
DkoeB00002091-RA     -            540 32912at7147          -            499   2.8e-08   32.4   0.3   2   3   7.7e-05     0.014   13.6   0.1   125   157   384   417   374   423 0.86 -
DkoeB00002091-RA     -            540 32912at7147          -            499   2.8e-08   32.4   0.3   3   3    0.0021      0.39    8.9   0.0   125   176   426   477   418   536 0.48 -
DkoeB00000760-RA     -            315 32912at7147          -            499   3.8e-08   32.0   0.2   1   3   1.5e-07   2.8e-05   22.5   0.0   138   233    10   111     2   121 0.86 -
DkoeB00000760-RA     -            315 32912at7147          -            499   3.8e-08   32.0   0.2   2   3      0.69   1.2e+02    0.6   0.0    93   139   138   182   127   212 0.52 -
DkoeB00000760-RA     -            315 32912at7147          -            499   3.8e-08   32.0   0.2   3   3     0.017         3    5.9   0.1   116   192   209   286   166   311 0.69 -
DkoeB00011791-RA     -            384 32912at7147          -            499   9.9e-08   30.6   0.0   1   3   0.00014     0.024   12.8   0.1   115   166    55   107    29   118 0.85 -
DkoeB00011791-RA     -            384 32912at7147          -            499   9.9e-08   30.6   0.0   2   3    0.0057         1    7.5   0.0   136   232   167   264   150   270 0.81 -
DkoeB00011791-RA     -            384 32912at7147          -            499   9.9e-08   30.6   0.0   3   3     0.009       1.6    6.8   0.0   119   155   273   310   268   316 0.86 -
DkoeB00012281-RA     -            328 32912at7147          -            499   5.7e-07   28.1   0.1   1   4      0.28        51    1.9   0.0   119   161    58   101    49   109 0.81 -
DkoeB00012281-RA     -            328 32912at7147          -            499   5.7e-07   28.1   0.1   2   4   2.8e-06   0.00051   18.4   0.0   122   202   101   184    90   220 0.80 -
DkoeB00012281-RA     -            328 32912at7147          -            499   5.7e-07   28.1   0.1   3   4    0.0038      0.69    8.0   0.0   136   230   159   254   150   263 0.80 -
DkoeB00012281-RA     -            328 32912at7147          -            499   5.7e-07   28.1   0.1   4   4     0.084        15    3.6   0.0   126   156   272   303   263   312 0.86 -
DkoeB00001133-RA     -            460 32912at7147          -            499   6.4e-07   27.9   0.0   1   3      0.16        29    2.7   0.0   150   219    24    98    19   112 0.65 -
DkoeB00001133-RA     -            460 32912at7147          -            499   6.4e-07   27.9   0.0   2   3    0.0003     0.055   11.7   0.0   118   153   118   154   111   158 0.84 -
DkoeB00001133-RA     -            460 32912at7147          -            499   6.4e-07   27.9   0.0   3   3    0.0014      0.26    9.4   0.0    84   160   225   312   218   328 0.80 -
DkoeB00013045-RA     -            340 32912at7147          -            499   6.6e-07   27.9   2.5   1   3   6.7e-05     0.012   13.8   0.2    54   186    59   206    52   216 0.45 -
DkoeB00013045-RA     -            340 32912at7147          -            499   6.6e-07   27.9   2.5   2   3      0.23        42    2.2   0.0    90   153   237   301   225   305 0.71 -
DkoeB00013045-RA     -            340 32912at7147          -            499   6.6e-07   27.9   2.5   3   3    0.0032      0.58    8.3   0.2    85   150   276   340   270   340 0.81 -
DkoeB00006401-RA     -            954 32912at7147          -            499   6.8e-07   27.8   4.5   1   5       4.7   8.5e+02   -2.2   0.1    85   150   151   217   146   220 0.72 -
DkoeB00006401-RA     -            954 32912at7147          -            499   6.8e-07   27.8   4.5   2   5     0.006       1.1    7.4   0.0   120   153   385   422   303   431 0.78 -
DkoeB00006401-RA     -            954 32912at7147          -            499   6.8e-07   27.8   4.5   3   5    0.0048      0.86    7.7   0.0   121   156   386   425   377   462 0.69 -
DkoeB00006401-RA     -            954 32912at7147          -            499   6.8e-07   27.8   4.5   4   5   7.8e-06    0.0014   16.9   0.7   127   231   480   591   467   598 0.80 -
DkoeB00006401-RA     -            954 32912at7147          -            499   6.8e-07   27.8   4.5   5   5       6.1   1.1e+03   -2.5   0.0   123   166   723   766   721   772 0.81 -
DkoeB00010199-RA     -            326 32912at7147          -            499   7.5e-07   27.7   2.4   1   3   5.6e-06     0.001   17.4   0.3   119   164    48    94    12   118 0.87 -
DkoeB00010199-RA     -            326 32912at7147          -            499   7.5e-07   27.7   2.4   2   3    0.0022       0.4    8.8   0.2   135   185   159   210   145   268 0.61 -
DkoeB00010199-RA     -            326 32912at7147          -            499   7.5e-07   27.7   2.4   3   3       5.1   9.1e+02   -2.3   0.0    85   109   293   317   289   325 0.64 -
DkoeB00003248-RA     -            789 32912at7147          -            499     9e-07   27.5   1.6   1   2     0.033         6    4.9   0.2   135   199   121   187   104   241 0.74 -
DkoeB00003248-RA     -            789 32912at7147          -            499     9e-07   27.5   1.6   2   2   4.5e-07     8e-05   21.0   0.0   140   204   254   318   241   342 0.81 -
DkoeB00002072-RA     -            739 32912at7147          -            499   1.1e-06   27.2   9.5   1   5     0.089        16    3.5   0.0   124   197    62   143    46   221 0.75 -
DkoeB00002072-RA     -            739 32912at7147          -            499   1.1e-06   27.2   9.5   2   5     0.008       1.4    7.0   0.2   137   244   382   493   366   522 0.73 -
DkoeB00002072-RA     -            739 32912at7147          -            499   1.1e-06   27.2   9.5   3   5   0.00039     0.071   11.3   0.3   132   206   461   538   454   544 0.76 -
DkoeB00002072-RA     -            739 32912at7147          -            499   1.1e-06   27.2   9.5   4   5   7.7e-05     0.014   13.6   2.5    84   199   501   615   498   622 0.83 -
DkoeB00002072-RA     -            739 32912at7147          -            499   1.1e-06   27.2   9.5   5   5   7.6e-05     0.014   13.6   1.3   117   192   574   650   548   654 0.76 -
DkoeB00002711-RA     -            488 32912at7147          -            499   1.3e-06   27.0   2.1   1   3   2.9e-05    0.0052   15.0   0.1    86   159    31   103    24   114 0.70 -
DkoeB00002711-RA     -            488 32912at7147          -            499   1.3e-06   27.0   2.1   2   3      0.37        66    1.5   0.0    79   152   150   227   133   234 0.66 -
DkoeB00002711-RA     -            488 32912at7147          -            499   1.3e-06   27.0   2.1   3   3    0.0039      0.71    8.0   0.0   129   195   256   324   244   346 0.89 -
DkoeB00003992-RA     -            317 32912at7147          -            499   1.3e-06   26.9   0.0   1   3   0.00069      0.12   10.5   0.0   113   228    13   134     3   137 0.65 -
DkoeB00003992-RA     -            317 32912at7147          -            499   1.3e-06   26.9   0.0   2   3      0.18        32    2.5   0.0   114   161   100   148    76   156 0.81 -
DkoeB00003992-RA     -            317 32912at7147          -            499   1.3e-06   26.9   0.0   3   3   0.00031     0.055   11.6   0.0   129   205   202   282   157   307 0.64 -
DkoeB00006276-RA     -            331 32912at7147          -            499   3.2e-06   25.6   3.0   1   2   2.4e-06   0.00044   18.6   2.1    74   254     7   195     1   197 0.86 -
DkoeB00006276-RA     -            331 32912at7147          -            499   3.2e-06   25.6   3.0   2   2    0.0051      0.92    7.6   0.0   125   170   192   238   184   247 0.81 -
DkoeB00001756-RA     -            783 32912at7147          -            499   3.6e-06   25.4   0.0   1   3   3.5e-05    0.0064   14.8   0.0   126   186   355   419   341   476 0.85 -
DkoeB00001756-RA     -            783 32912at7147          -            499   3.6e-06   25.4   0.0   2   3      0.37        66    1.5   0.0   135   162   505   534   487   582 0.62 -
DkoeB00001756-RA     -            783 32912at7147          -            499   3.6e-06   25.4   0.0   3   3    0.0077       1.4    7.0   0.0   113   230   532   660   522   666 0.72 -
DkoeB00007757-RA     -            340 32912at7147          -            499   4.6e-06   25.1   0.0   1   1   7.2e-08   1.3e-05   23.6   0.0    89   199   151   265   137   269 0.79 -
DkoeB00008865-RA     -            929 32912at7147          -            499   1.4e-05   23.5   0.2   1   2    0.0004     0.071   11.3   0.0    81   229    17   169    10   179 0.70 -
DkoeB00008865-RA     -            929 32912at7147          -            499   1.4e-05   23.5   0.2   2   2    0.0027      0.49    8.5   0.0   122   192   184   257   175   262 0.78 -
DkoeB00003750-RA     -            478 32912at7147          -            499   1.4e-05   23.5   0.2   1   1   1.7e-07   3.1e-05   22.4   0.2    81   169   243   330   240   343 0.89 -
DkoeB00006213-RA     -            658 32912at7147          -            499     2e-05   23.0   0.0   1   3   4.2e-05    0.0076   14.5   0.0   111   197    61   151    59   168 0.86 -
DkoeB00006213-RA     -            658 32912at7147          -            499     2e-05   23.0   0.0   2   3       8.2   1.5e+03   -2.9   0.0    82   106   225   250   215   253 0.64 -
DkoeB00006213-RA     -            658 32912at7147          -            499     2e-05   23.0   0.0   3   3     0.021       3.9    5.6   0.0   174   231   554   614   540   630 0.85 -
DkoeB00009968-RA     -            308 32912at7147          -            499   2.4e-05   22.7   2.2   1   2   5.9e-05     0.011   14.0   0.4   116   229    10   127     5   134 0.81 -
DkoeB00009968-RA     -            308 32912at7147          -            499   2.4e-05   22.7   2.2   2   2   0.00038     0.068   11.4   0.3    16   230   104   210   100   284 0.46 -
DkoeB00004531-RA     -            570 32912at7147          -            499   2.6e-05   22.7   0.1   1   4       1.1     2e+02   -0.1   0.0   131   152   288   310   283   326 0.85 -
DkoeB00004531-RA     -            570 32912at7147          -            499   2.6e-05   22.7   0.1   2   4   1.9e-05    0.0034   15.7   0.1   129   230   329   436   312   453 0.75 -
DkoeB00004531-RA     -            570 32912at7147          -            499   2.6e-05   22.7   0.1   3   4       3.6   6.5e+02   -1.8   0.0   318   345   455   483   442   496 0.74 -
DkoeB00004531-RA     -            570 32912at7147          -            499   2.6e-05   22.7   0.1   4   4      0.33        59    1.7   0.0   178   229   513   568   504   570 0.72 -
DkoeB00009807-RA     -           1011 32912at7147          -            499   2.7e-05   22.6   0.2   1   3   0.00074      0.13   10.4   0.0   118   193   667   743   655   748 0.83 -
DkoeB00009807-RA     -           1011 32912at7147          -            499   2.7e-05   22.6   0.2   2   3      0.95   1.7e+02    0.1   0.0    92   159   774   839   757   844 0.68 -
DkoeB00009807-RA     -           1011 32912at7147          -            499   2.7e-05   22.6   0.2   3   3    0.0042      0.76    7.9   0.0   123   196   889   967   883  1003 0.79 -
DkoeB00002892-RA     -            346 32912at7147          -            499   3.2e-05   22.3   2.0   1   3   0.00022      0.04   12.1   0.9   117   225    95   212    55   218 0.60 -
DkoeB00002892-RA     -            346 32912at7147          -            499   3.2e-05   22.3   2.0   2   3     0.005      0.89    7.7   0.0   124   237   191   310   165   332 0.73 -
DkoeB00002892-RA     -            346 32912at7147          -            499   3.2e-05   22.3   2.0   3   3      0.28        51    1.9   0.1   114   149   309   345   297   346 0.77 -
DkoeB00002845-RA     -           1098 32912at7147          -            499   4.2e-05   22.0   0.4   1   2   1.2e-06   0.00022   19.6   0.1    80   237   783   947   773   981 0.82 -
DkoeB00002845-RA     -           1098 32912at7147          -            499   4.2e-05   22.0   0.4   2   2       4.9   8.9e+02   -2.2   0.0   136   168  1013  1045   998  1073 0.63 -
DkoeB00010075-RA     -            540 32912at7147          -            499   4.2e-05   21.9   1.2   1   2   0.00053     0.095   10.9   0.7   132   230   230   330   226   377 0.73 -
DkoeB00010075-RA     -            540 32912at7147          -            499   4.2e-05   21.9   1.2   2   2   0.00098      0.18   10.0   0.1    84   231   352   511   306   516 0.67 -
DkoeB00007093-RA     -            787 32912at7147          -            499   4.7e-05   21.8   0.1   1   2   4.2e-06   0.00076   17.8   0.1   129   205   456   533   445   547 0.77 -
DkoeB00007093-RA     -            787 32912at7147          -            499   4.7e-05   21.8   0.1   2   2      0.33        60    1.6   0.0   119   181   616   679   610   729 0.72 -
DkoeB00010101-RA     -           1235 32912at7147          -            499   9.8e-05   20.7   3.8   1   3     0.018       3.3    5.8   0.1   133   200   387   456   382   478 0.82 -
DkoeB00010101-RA     -           1235 32912at7147          -            499   9.8e-05   20.7   3.8   2   3    0.0004     0.072   11.3   0.2   126   179   565   619   553   635 0.84 -
DkoeB00010101-RA     -           1235 32912at7147          -            499   9.8e-05   20.7   3.8   3   3      0.18        32    2.5   0.1    94   152   763   824   755   828 0.69 -
DkoeB00008942-RA     -            408 32912at7147          -            499   0.00012   20.5   1.2   1   3    0.0022       0.4    8.8   0.0    84   142    81   141    77   151 0.88 -
DkoeB00008942-RA     -            408 32912at7147          -            499   0.00012   20.5   1.2   2   3    0.0035      0.63    8.2   0.2    95   161   179   247   165   286 0.68 -
DkoeB00008942-RA     -            408 32912at7147          -            499   0.00012   20.5   1.2   3   3       1.3   2.3e+02   -0.3   0.0   204   231   375   402   366   406 0.52 -
DkoeB00000176-RA     -            478 32912at7147          -            499   0.00012   20.5   1.3   1   2   0.00094      0.17   10.0   0.7    80   203   215   253   178   359 0.62 -
DkoeB00000176-RA     -            478 32912at7147          -            499   0.00012   20.5   1.3   2   2    0.0036      0.64    8.1   0.0   145   232   366   457   352   467 0.63 -
DkoeB00001404-RA     -           1236 32912at7147          -            499   0.00019   19.8   0.1   1   2   9.1e-05     0.016   13.4   0.1   119   233    47   165    30   172 0.74 -
DkoeB00001404-RA     -           1236 32912at7147          -            499   0.00019   19.8   0.1   2   2      0.25        45    2.1   0.0   124   162   253   292   219   327 0.69 -
DkoeB00003300-RA     -            328 32912at7147          -            499   0.00021   19.6   1.8   1   3   8.1e-05     0.015   13.6   0.3   133   257    84   211    75   229 0.71 -
DkoeB00003300-RA     -            328 32912at7147          -            499   0.00021   19.6   1.8   2   3     0.044         8    4.5   0.1   126   229   162   269   152   277 0.65 -
DkoeB00003300-RA     -            328 32912at7147          -            499   0.00021   19.6   1.8   3   3      0.19        33    2.5   0.1   314   360   243   290   223   322 0.73 -
DkoeB00010282-RA     -            658 32912at7147          -            499   0.00026   19.3   0.0   1   1   2.4e-06   0.00042   18.6   0.0    81   230    77   233    71   271 0.77 -
DkoeB00007981-RA     -            779 32912at7147          -            499    0.0004   18.7   0.1   1   1   4.7e-06   0.00085   17.6   0.0   129   230   481   586   437   621 0.77 -
DkoeB00004632-RA     -            682 32912at7147          -            499   0.00074   17.8   0.2   1   3   7.3e-05     0.013   13.7   0.2    81   206    54   179    49   213 0.77 -
DkoeB00004632-RA     -            682 32912at7147          -            499   0.00074   17.8   0.2   2   3       1.3   2.4e+02   -0.3   0.0   305   370   577   648   571   660 0.66 -
DkoeB00004632-RA     -            682 32912at7147          -            499   0.00074   17.8   0.2   3   3      0.79   1.4e+02    0.4   0.0   116   143   645   671   635   677 0.82 -
DkoeB00006488-RA     -            350 32912at7147          -            499   0.00097   17.4   0.4   1   5     0.022         4    5.5   0.0    80   145    34   110    30   119 0.69 -
DkoeB00006488-RA     -            350 32912at7147          -            499   0.00097   17.4   0.4   2   5     0.067        12    3.9   0.0   314   349    87   123    75   139 0.70 -
DkoeB00006488-RA     -            350 32912at7147          -            499   0.00097   17.4   0.4   3   5     0.032       5.8    5.0   0.1   130   160   188   219   121   252 0.73 -
DkoeB00006488-RA     -            350 32912at7147          -            499   0.00097   17.4   0.4   4   5       3.6   6.4e+02   -1.8   0.0   122   147   229   254   220   268 0.68 -
DkoeB00006488-RA     -            350 32912at7147          -            499   0.00097   17.4   0.4   5   5      0.19        34    2.5   0.0   308   378   265   336   257   343 0.79 -
DkoeB00006278-RA     -            754 32912at7147          -            499    0.0015   16.9   3.4   1   2   1.3e-05    0.0024   16.2   0.4    88   235   216   363   207   366 0.83 -
DkoeB00006278-RA     -            754 32912at7147          -            499    0.0015   16.9   3.4   2   2   0.00023     0.042   12.0   0.9    81   221   293   444   291   451 0.71 -
DkoeB00003873-RA     -           2383 32912at7147          -            499    0.0016   16.7   3.1   1   3       4.8   8.6e+02   -2.2   0.0   363   388    69    94    60   110 0.63 -
DkoeB00003873-RA     -           2383 32912at7147          -            499    0.0016   16.7   3.1   2   3      0.24        43    2.1   0.1    82   154   131   202   120   207 0.72 -
DkoeB00003873-RA     -           2383 32912at7147          -            499    0.0016   16.7   3.1   3   3   0.00017      0.03   12.5   0.1    80   234   466   629   463   642 0.65 -
DkoeB00009440-RA     -            317 32912at7147          -            499    0.0017   16.6   0.9   1   2   4.3e-05    0.0077   14.5   0.2   132   266    73   207    66   226 0.71 -
DkoeB00009440-RA     -            317 32912at7147          -            499    0.0017   16.6   0.9   2   2       2.3   4.1e+02   -1.1   0.0   128   155   289   317   285   317 0.76 -
DkoeB00003817-RA     -            426 32912at7147          -            499    0.0026   16.0   0.2   1   3    0.0065       1.2    7.3   0.0    82   154   132   204   127   211 0.84 -
DkoeB00003817-RA     -            426 32912at7147          -            499    0.0026   16.0   0.2   2   3     0.026       4.7    5.3   0.0   124   164   218   259   212   262 0.84 -
DkoeB00003817-RA     -            426 32912at7147          -            499    0.0026   16.0   0.2   3   3       4.3   7.7e+02   -2.0   0.0    51    75   288   312   279   315 0.85 -
DkoeB00011704-RA     -            323 32912at7147          -            499    0.0032   15.7   0.0   1   2     0.028         5    5.2   0.0    52    82    19    50    16    89 0.62 -
DkoeB00011704-RA     -            323 32912at7147          -            499    0.0032   15.7   0.0   2   2    0.0014      0.25    9.5   0.0    62   233    81   273    63   287 0.77 -
DkoeB00010546-RA     -            353 32912at7147          -            499    0.0032   15.7   0.2   1   1   4.8e-05    0.0086   14.3   0.1    76   194   119   246   110   257 0.78 -
DkoeB00009069-RA     -            377 32912at7147          -            499    0.0038   15.5   4.6   1   4   0.00063      0.11   10.6   0.0    78   145    10    77     6    88 0.91 -
DkoeB00009069-RA     -            377 32912at7147          -            499    0.0038   15.5   4.6   2   4     0.019       3.5    5.7   0.0    81   149   102   173    98   177 0.80 -
DkoeB00009069-RA     -            377 32912at7147          -            499    0.0038   15.5   4.6   3   4       9.8   1.8e+03   -3.2   0.4   129   164   216   252   211   273 0.68 -
DkoeB00009069-RA     -            377 32912at7147          -            499    0.0038   15.5   4.6   4   4       4.7   8.5e+02   -2.2   0.0   241   269   322   350   302   359 0.76 -
DkoeB00006332-RA     -            534 32912at7147          -            499    0.0065   14.7   0.1   1   1   0.00011     0.019   13.2   0.0    91   231    83   227    76   243 0.79 -
DkoeB00000644-RA     -            725 32912at7147          -            499     0.013   13.8   0.1   1   2    0.0011       0.2    9.8   0.2   121   189    50   122    38   126 0.85 -
DkoeB00000644-RA     -            725 32912at7147          -            499     0.013   13.8   0.1   2   2      0.51        92    1.0   0.0   174   229   495   553   478   559 0.62 -
DkoeB00010242-RA     -            395 32912at7147          -            499     0.016   13.4   0.1   1   2      0.74   1.3e+02    0.5   0.0   124   155   111   142    89   157 0.84 -
DkoeB00010242-RA     -            395 32912at7147          -            499     0.016   13.4   0.1   2   2    0.0015      0.27    9.4   0.0   178   249   255   328   247   346 0.75 -
DkoeB00003016-RA     -            375 32912at7147          -            499     0.017   13.3   0.1   1   2   0.00052     0.094   10.9   0.0    91   155    77   147    72   152 0.76 -
DkoeB00003016-RA     -            375 32912at7147          -            499     0.017   13.3   0.1   2   2       2.4   4.3e+02   -1.2   0.0    87   119   181   213   173   253 0.70 -
DkoeB00007482-RA     -           1114 32912at7147          -            499     0.019   13.2   0.3   1   2       7.3   1.3e+03   -2.8   0.0   297   345    82   134    80   142 0.62 -
DkoeB00007482-RA     -           1114 32912at7147          -            499     0.019   13.2   0.3   2   2   0.00096      0.17   10.0   0.0    91   127   708   744   698   751 0.83 -
DkoeB00001835-RA     -           1169 32912at7147          -            499     0.019   13.2   0.2   1   3      0.34        62    1.6   0.0   127   213    24   111    16   144 0.74 -
DkoeB00001835-RA     -           1169 32912at7147          -            499     0.019   13.2   0.2   2   3       3.7   6.7e+02   -1.8   0.0    82   110   275   303   234   312 0.71 -
DkoeB00001835-RA     -           1169 32912at7147          -            499     0.019   13.2   0.2   3   3    0.0042      0.75    7.9   0.0    80   118   466   504   449   523 0.94 -
DkoeB00009881-RA     -            758 32912at7147          -            499     0.062   11.5   0.5   1   3      0.24        43    2.1   0.0   120   192   493   575   485   579 0.72 -
DkoeB00009881-RA     -            758 32912at7147          -            499     0.062   11.5   0.5   2   3       2.4   4.3e+02   -1.2   0.0   145   161   665   681   655   687 0.83 -
DkoeB00009881-RA     -            758 32912at7147          -            499     0.062   11.5   0.5   3   3     0.034       6.2    4.9   0.0   129   165   690   727   684   748 0.86 -
DkoeB00011236-RA     -           1003 32912at7147          -            499      0.18    9.9   0.6   1   1    0.0025      0.45    8.7   0.1    82   155    45   132    40   137 0.72 -
#
# Program:         hmmsearch
# Version:         3.1b2 (February 2015)
# Pipeline mode:   SEARCH
# Query file:      /home/nmoreyra/Documents/Genomics/03_orthologs_search/00_Phylogenomics_BUSCO-groups/busco4_odb10/busco_downloads/lineages/diptera_odb10/hmms/32912at7147.hmm
# Target file:     /home/nmoreyra/Documents/Genomics/03_orthologs_search/00_Phylogenomics_BUSCO-groups/busco4_odb10/../00_proteins/DkoeB_proteins.fasta
# Option settings: /home/nmoreyra/Software/miniconda3/envs/busco4/bin/hmmsearch --domtblout /home/nmoreyra/Documents/Genomics/03_orthologs_search/00_Phylogenomics_BUSCO-groups/busco4_odb10/DkoeB_diptera/run_diptera_odb10/hmmer_output/initial_run_results/32912at7147.out --cpu 1 /home/nmoreyra/Documents/Genomics/03_orthologs_search/00_Phylogenomics_BUSCO-groups/busco4_odb10/busco_downloads/lineages/diptera_odb10/hmms/32912at7147.hmm /home/nmoreyra/Documents/Genomics/03_orthologs_search/00_Phylogenomics_BUSCO-groups/busco4_odb10/../00_proteins/DkoeB_proteins.fasta 
# Current dir:     /home/nmoreyra/Documents/Genomics/03_orthologs_search/00_Phylogenomics_BUSCO-groups/busco4_odb10
# Date:            Mon Jan 25 14:08:22 2021
# [ok]
