#                                                                            --- full sequence --- -------------- this domain -------------   hmm coord   ali coord   env coord
# target name        accession   tlen query name           accession   qlen   E-value  score  bias   #  of  c-Evalue  i-Evalue  score  bias  from    to  from    to  from    to  acc description of target
#------------------- ---------- ----- -------------------- ---------- ----- --------- ------ ----- --- --- --------- --------- ------ ----- ----- ----- ----- ----- ----- ----- ---- ---------------------
DkoeB00006459-RA     -           4232 329at7147            -           2658         0 4290.2  83.3   1   2         0         0 1048.9  32.6     1   853  1106  2209  1106  2222 0.85 -
DkoeB00006459-RA     -           4232 329at7147            -           2658         0 4290.2  83.3   2   2         0         0 3250.4  23.3   840  2658  2226  4232  2217  4232 0.93 -
DkoeB00012672-RA     -           8881 329at7147            -           2658         0 1487.0  96.3   1  50   7.9e-09   5.1e-07   26.2   0.0  2146  2231     7    98     3   105 0.72 -
DkoeB00012672-RA     -           8881 329at7147            -           2658         0 1487.0  96.3   2  50   1.7e-09   1.1e-07   28.4   0.0  2136  2232   219   321   214   338 0.81 -
DkoeB00012672-RA     -           8881 329at7147            -           2658         0 1487.0  96.3   3  50   1.9e-21   1.2e-19   68.1   3.9  1122  1394   350   658   343   661 0.79 -
DkoeB00012672-RA     -           8881 329at7147            -           2658         0 1487.0  96.3   4  50   6.2e-11   3.9e-09   33.2   2.1   865  1035   653   846   650   858 0.76 -
DkoeB00012672-RA     -           8881 329at7147            -           2658         0 1487.0  96.3   5  50   0.00012    0.0077   12.3   0.0  1521  1601  1552  1634  1535  1645 0.56 -
DkoeB00012672-RA     -           8881 329at7147            -           2658         0 1487.0  96.3   6  50   1.1e-06   6.8e-05   19.2   0.5  1200  1369  1686  1860  1675  1871 0.56 -
DkoeB00012672-RA     -           8881 329at7147            -           2658         0 1487.0  96.3   7  50   1.6e-15     1e-13   48.4   6.2  1105  1465  1868  2238  1861  2248 0.80 -
DkoeB00012672-RA     -           8881 329at7147            -           2658         0 1487.0  96.3   8  50     0.058       3.7    3.5   0.0  2242  2325  2254  2346  2248  2375 0.72 -
DkoeB00012672-RA     -           8881 329at7147            -           2658         0 1487.0  96.3   9  50   4.8e-14   3.1e-12   43.5   0.0  2172  2312  2376  2530  2350  2540 0.84 -
DkoeB00012672-RA     -           8881 329at7147            -           2658         0 1487.0  96.3  10  50   6.4e-07   4.1e-05   19.9   0.2  1370  1467  2538  2639  2531  2655 0.86 -
DkoeB00012672-RA     -           8881 329at7147            -           2658         0 1487.0  96.3  11  50   3.8e-12   2.4e-10   37.2   0.1  1292  1464  2654  2835  2639  2878 0.79 -
DkoeB00012672-RA     -           8881 329at7147            -           2658         0 1487.0  96.3  12  50   5.5e-13   3.5e-11   40.0   0.1  1300  1460  2931  3100  2918  3104 0.82 -
DkoeB00012672-RA     -           8881 329at7147            -           2658         0 1487.0  96.3  13  50    0.0012     0.077    9.0   0.0  2237  2322  3116  3210  3105  3218 0.83 -
DkoeB00012672-RA     -           8881 329at7147            -           2658         0 1487.0  96.3  14  50   4.4e-15   2.8e-13   47.0   0.1  1299  1460  3230  3397  3218  3402 0.79 -
DkoeB00012672-RA     -           8881 329at7147            -           2658         0 1487.0  96.3  15  50     1e-06   6.6e-05   19.2   0.0  1380  1466  3414  3504  3398  3523 0.78 -
DkoeB00012672-RA     -           8881 329at7147            -           2658         0 1487.0  96.3  16  50   1.8e-08   1.2e-06   25.0   0.0  1297  1459  3525  3692  3510  3698 0.75 -
DkoeB00012672-RA     -           8881 329at7147            -           2658         0 1487.0  96.3  17  50      0.13       8.4    2.3   0.0  2240  2313  3709  3794  3699  3806 0.75 -
DkoeB00012672-RA     -           8881 329at7147            -           2658         0 1487.0  96.3  18  50   1.3e-11   8.1e-10   35.5   0.1  1260  1460  3781  3988  3772  3993 0.80 -
DkoeB00012672-RA     -           8881 329at7147            -           2658         0 1487.0  96.3  19  50   5.2e-05    0.0033   13.6   0.0  1372  1462  3997  4091  3990  4106 0.75 -
DkoeB00012672-RA     -           8881 329at7147            -           2658         0 1487.0  96.3  20  50   1.4e-12   9.1e-11   38.6   0.0  1299  1465  4118  4287  4095  4325 0.82 -
DkoeB00012672-RA     -           8881 329at7147            -           2658         0 1487.0  96.3  21  50     2e-09   1.3e-07   28.2   0.0  2139  2312  4395  4580  4385  4591 0.78 -
DkoeB00012672-RA     -           8881 329at7147            -           2658         0 1487.0  96.3  22  50   0.00038     0.024   10.7   0.0  2225  2314  4585  4683  4581  4695 0.80 -
DkoeB00012672-RA     -           8881 329at7147            -           2658         0 1487.0  96.3  23  50   1.4e-09     9e-08   28.7   0.0  1300  1460  4712  4876  4704  4882 0.83 -
DkoeB00012672-RA     -           8881 329at7147            -           2658         0 1487.0  96.3  24  50       0.2        13    1.7   0.0  1382  1464  4892  4980  4878  4996 0.69 -
DkoeB00012672-RA     -           8881 329at7147            -           2658         0 1487.0  96.3  25  50   1.4e-14   8.9e-13   45.3   0.0  1299  1463  5005  5175  4982  5219 0.79 -
DkoeB00012672-RA     -           8881 329at7147            -           2658         0 1487.0  96.3  26  50       2.3   1.5e+02   -1.9   0.0  2240  2312  5191  5272  5179  5293 0.66 -
DkoeB00012672-RA     -           8881 329at7147            -           2658         0 1487.0  96.3  27  50   9.9e-18   6.3e-16   55.8   0.3  2170  2312  5313  5466  5281  5482 0.86 -
DkoeB00012672-RA     -           8881 329at7147            -           2658         0 1487.0  96.3  28  50   1.4e-11   8.7e-10   35.4   0.0  1300  1465  5597  5766  5546  5788 0.77 -
DkoeB00012672-RA     -           8881 329at7147            -           2658         0 1487.0  96.3  29  50     0.026       1.6    4.6   0.0  2240  2315  5777  5864  5762  5872 0.77 -
DkoeB00012672-RA     -           8881 329at7147            -           2658         0 1487.0  96.3  30  50   1.8e-10   1.2e-08   31.6   0.0  1077  1186  5845  5957  5824  5963 0.80 -
DkoeB00012672-RA     -           8881 329at7147            -           2658         0 1487.0  96.3  31  50      0.01      0.64    6.0   0.0  2240  2316  5974  6062  5962  6072 0.77 -
DkoeB00012672-RA     -           8881 329at7147            -           2658         0 1487.0  96.3  32  50   0.00019     0.012   11.7   0.0  2238  2314  6073  6161  6066  6169 0.76 -
DkoeB00012672-RA     -           8881 329at7147            -           2658         0 1487.0  96.3  33  50   2.8e-16   1.8e-14   51.0   0.0  2159  2313  6190  6357  6184  6369 0.85 -
DkoeB00012672-RA     -           8881 329at7147            -           2658         0 1487.0  96.3  34  50     0.008      0.51    6.3   0.0  1412  1460  6309  6357  6306  6403 0.85 -
DkoeB00012672-RA     -           8881 329at7147            -           2658         0 1487.0  96.3  35  50   7.4e-07   4.7e-05   19.7   0.3  1371  1474  6464  6571  6416  6582 0.77 -
DkoeB00012672-RA     -           8881 329at7147            -           2658         0 1487.0  96.3  36  50   5.6e-13   3.6e-11   40.0   0.1  2163  2314  6590  6752  6580  6763 0.84 -
DkoeB00012672-RA     -           8881 329at7147            -           2658         0 1487.0  96.3  37  50     0.014       0.9    5.5   0.0  2239  2312  6766  6851  6758  6871 0.72 -
DkoeB00012672-RA     -           8881 329at7147            -           2658         0 1487.0  96.3  38  50   4.9e-08   3.1e-06   23.6   0.0  2166  2275  6889  7002  6854  7006 0.89 -
DkoeB00012672-RA     -           8881 329at7147            -           2658         0 1487.0  96.3  39  50   9.2e-10   5.8e-08   29.3   0.0  1407  1460  6994  7047  6993  7054 0.92 -
DkoeB00012672-RA     -           8881 329at7147            -           2658         0 1487.0  96.3  40  50   1.7e-05    0.0011   15.2   0.0  2238  2313  7061  7148  7054  7158 0.71 -
DkoeB00012672-RA     -           8881 329at7147            -           2658         0 1487.0  96.3  41  50    0.0022      0.14    8.2   0.0  2240  2319  7167  7255  7152  7262 0.77 -
DkoeB00012672-RA     -           8881 329at7147            -           2658         0 1487.0  96.3  42  50   5.1e-07   3.2e-05   20.2   0.0  1105  1202  7264  7366  7250  7412 0.57 -
DkoeB00012672-RA     -           8881 329at7147            -           2658         0 1487.0  96.3  43  50   3.2e-07     2e-05   20.9   0.0  1343  1475  7420  7558  7405  7562 0.80 -
DkoeB00012672-RA     -           8881 329at7147            -           2658         0 1487.0  96.3  44  50      0.13       8.1    2.3   0.0  2240  2315  7562  7646  7552  7660 0.74 -
DkoeB00012672-RA     -           8881 329at7147            -           2658         0 1487.0  96.3  45  50   1.9e-32   1.2e-30  104.6   0.0  1196  1465  7660  7939  7647  7970 0.84 -
DkoeB00012672-RA     -           8881 329at7147            -           2658         0 1487.0  96.3  46  50   4.7e-66     3e-64  216.1   1.0  1700  1989  7977  8286  7972  8290 0.89 -
DkoeB00012672-RA     -           8881 329at7147            -           2658         0 1487.0  96.3  47  50    0.0011      0.07    9.2   0.1  1604  1710  8325  8431  8310  8439 0.79 -
DkoeB00012672-RA     -           8881 329at7147            -           2658         0 1487.0  96.3  48  50     2e-08   1.2e-06   24.9   0.0   940  1027  8451  8538  8440  8559 0.53 -
DkoeB00012672-RA     -           8881 329at7147            -           2658         0 1487.0  96.3  49  50   2.3e-12   1.4e-10   38.0   0.0   937  1029  8659  8752  8656  8756 0.94 -
DkoeB00012672-RA     -           8881 329at7147            -           2658         0 1487.0  96.3  50  50   1.8e-05    0.0011   15.1   0.0  1078  1189  8755  8869  8749  8876 0.75 -
DkoeB00002359-RA     -           7468 329at7147            -           2658         0 1016.5   9.5   1  35   4.7e-08     3e-06   23.7   0.0  1299  1382    97   182    78   195 0.83 -
DkoeB00002359-RA     -           7468 329at7147            -           2658         0 1016.5   9.5   2  35     1e-09   6.4e-08   29.2   0.0  1300  1380   266   346   250   364 0.86 -
DkoeB00002359-RA     -           7468 329at7147            -           2658         0 1016.5   9.5   3  35   1.1e-09   7.2e-08   29.0   0.0   939  1033   369   465   353   468 0.82 -
DkoeB00002359-RA     -           7468 329at7147            -           2658         0 1016.5   9.5   4  35   6.4e-14   4.1e-12   43.1   0.0  1102  1211   463   573   457   600 0.82 -
DkoeB00002359-RA     -           7468 329at7147            -           2658         0 1016.5   9.5   5  35   7.1e-07   4.5e-05   19.8   0.0   936  1033   612   712   610   728 0.89 -
DkoeB00002359-RA     -           7468 329at7147            -           2658         0 1016.5   9.5   6  35   3.5e-09   2.2e-07   27.4   0.0   938  1033   747   846   738   854 0.83 -
DkoeB00002359-RA     -           7468 329at7147            -           2658         0 1016.5   9.5   7  35   2.7e-06   0.00017   17.8   0.0  1314  1375   918   979   885   991 0.81 -
DkoeB00002359-RA     -           7468 329at7147            -           2658         0 1016.5   9.5   8  35     1e-05   0.00065   15.9   0.0   936  1031  1018  1117  1005  1131 0.71 -
DkoeB00002359-RA     -           7468 329at7147            -           2658         0 1016.5   9.5   9  35   7.7e-06   0.00049   16.3   0.0   937  1032  1153  1252  1145  1267 0.74 -
DkoeB00002359-RA     -           7468 329at7147            -           2658         0 1016.5   9.5  10  35   7.4e-07   4.7e-05   19.7   0.0  1194  1282  1285  1383  1277  1405 0.45 -
DkoeB00002359-RA     -           7468 329at7147            -           2658         0 1016.5   9.5  11  35   0.00013     0.008   12.3   0.0  1288  1374  1422  1512  1400  1522 0.56 -
DkoeB00002359-RA     -           7468 329at7147            -           2658         0 1016.5   9.5  12  35   6.7e-07   4.2e-05   19.8   0.0  1099  1190  1547  1641  1540  1668 0.81 -
DkoeB00002359-RA     -           7468 329at7147            -           2658         0 1016.5   9.5  13  35   3.1e-10     2e-08   30.9   0.0  1095  1192  1676  1776  1666  1800 0.86 -
DkoeB00002359-RA     -           7468 329at7147            -           2658         0 1016.5   9.5  14  35   4.8e-07   3.1e-05   20.3   0.0  1289  1374  1820  1912  1812  1921 0.74 -
DkoeB00002359-RA     -           7468 329at7147            -           2658         0 1016.5   9.5  15  35   4.7e-08     3e-06   23.7   0.0  1101  1194  1949  2045  1937  2065 0.80 -
DkoeB00002359-RA     -           7468 329at7147            -           2658         0 1016.5   9.5  16  35   3.7e-07   2.4e-05   20.7   0.0  1189  1373  2078  2309  2073  2311 0.69 -
DkoeB00002359-RA     -           7468 329at7147            -           2658         0 1016.5   9.5  17  35   8.8e-09   5.6e-07   26.1   0.0  1196  1294  2352  2462  2342  2470 0.77 -
DkoeB00002359-RA     -           7468 329at7147            -           2658         0 1016.5   9.5  18  35   3.8e-05    0.0024   14.0   0.0   939  1031  2485  2581  2469  2589 0.77 -
DkoeB00002359-RA     -           7468 329at7147            -           2658         0 1016.5   9.5  19  35   1.5e-07   9.5e-06   22.0   0.0   939  1031  2619  2715  2600  2719 0.75 -
DkoeB00002359-RA     -           7468 329at7147            -           2658         0 1016.5   9.5  20  35    0.0002     0.013   11.6   0.0  1605  1694  2752  2842  2744  2856 0.73 -
DkoeB00002359-RA     -           7468 329at7147            -           2658         0 1016.5   9.5  21  35   3.2e-05     0.002   14.3   0.0   937  1031  2887  2985  2870  3000 0.80 -
DkoeB00002359-RA     -           7468 329at7147            -           2658         0 1016.5   9.5  22  35   5.2e-13   3.3e-11   40.1   0.0  1198  1374  3027  3218  3025  3223 0.73 -
DkoeB00002359-RA     -           7468 329at7147            -           2658         0 1016.5   9.5  23  35   9.8e-08   6.2e-06   22.6   0.0  1194  1281  3257  3355  3243  3362 0.78 -
DkoeB00002359-RA     -           7468 329at7147            -           2658         0 1016.5   9.5  24  35   2.8e-07   1.8e-05   21.1   0.0  1094  1191  3385  3486  3369  3504 0.80 -
DkoeB00002359-RA     -           7468 329at7147            -           2658         0 1016.5   9.5  25  35     6e-07   3.8e-05   20.0   0.0  2143  2236  3532  3628  3520  3654 0.88 -
DkoeB00002359-RA     -           7468 329at7147            -           2658         0 1016.5   9.5  26  35     4e-06   0.00025   17.3   0.0  1100  1196  3666  3766  3651  3788 0.61 -
DkoeB00002359-RA     -           7468 329at7147            -           2658         0 1016.5   9.5  27  35   1.9e-05    0.0012   15.0   0.0  1099  1190  3800  3894  3794  3912 0.65 -
DkoeB00002359-RA     -           7468 329at7147            -           2658         0 1016.5   9.5  28  35   0.00035     0.022   10.8   0.0  1196  1279  3950  4044  3946  4049 0.67 -
DkoeB00002359-RA     -           7468 329at7147            -           2658         0 1016.5   9.5  29  35   1.6e-09     1e-07   28.5   0.0  1196  1285  4088  4184  4079  4193 0.87 -
DkoeB00002359-RA     -           7468 329at7147            -           2658         0 1016.5   9.5  30  35   1.6e-24     1e-22   78.3   0.0  1196  1386  4390  4594  4384  4598 0.84 -
DkoeB00002359-RA     -           7468 329at7147            -           2658         0 1016.5   9.5  31  35   7.1e-18   4.5e-16   56.3   0.0   862  1031  4609  4793  4594  4806 0.85 -
DkoeB00002359-RA     -           7468 329at7147            -           2658         0 1016.5   9.5  32  35   1.1e-16   7.2e-15   52.2   0.5  1192  1375  6390  6587  6379  6594 0.78 -
DkoeB00002359-RA     -           7468 329at7147            -           2658         0 1016.5   9.5  33  35   2.8e-24   1.8e-22   77.5   0.6  1080  1370  6568  6890  6564  6914 0.81 -
DkoeB00002359-RA     -           7468 329at7147            -           2658         0 1016.5   9.5  34  35   7.9e-11     5e-09   32.9   0.0  1278  1365  6916  7008  6903  7023 0.84 -
DkoeB00002359-RA     -           7468 329at7147            -           2658         0 1016.5   9.5  35  35   5.1e-10   3.2e-08   30.2   0.1   939  1281  7051  7143  7035  7200 0.50 -
DkoeB00007124-RA     -           8110 329at7147            -           2658  1.1e-238  794.8  31.7   1  22   3.2e-09     2e-07   27.5   0.0  1189  1300  3530  3648  3508  3665 0.75 -
DkoeB00007124-RA     -           8110 329at7147            -           2658  1.1e-238  794.8  31.7   2  22     2e-32   1.3e-30  104.5   2.0   856  1294  4113  4575  4107  4587 0.76 -
DkoeB00007124-RA     -           8110 329at7147            -           2658  1.1e-238  794.8  31.7   3  22   1.5e-15   9.3e-14   48.6   0.0   866  1026  4630  4806  4621  4817 0.70 -
DkoeB00007124-RA     -           8110 329at7147            -           2658  1.1e-238  794.8  31.7   4  22   3.2e-08     2e-06   24.2   0.0  2149  2247  4900  4997  4871  5003 0.79 -
DkoeB00007124-RA     -           8110 329at7147            -           2658  1.1e-238  794.8  31.7   5  22   2.2e-10   1.4e-08   31.4   0.0   940  1032  4997  5091  4992  5097 0.90 -
DkoeB00007124-RA     -           8110 329at7147            -           2658  1.1e-238  794.8  31.7   6  22    0.0011     0.073    9.1   0.0  1294  1371  5165  5240  5135  5249 0.84 -
DkoeB00007124-RA     -           8110 329at7147            -           2658  1.1e-238  794.8  31.7   7  22   1.3e-07   8.4e-06   22.2   0.0   860  1026  5163  5346  5159  5366 0.61 -
DkoeB00007124-RA     -           8110 329at7147            -           2658  1.1e-238  794.8  31.7   8  22   1.2e-07   7.5e-06   22.3   0.0   944  1032  5403  5491  5380  5510 0.86 -
DkoeB00007124-RA     -           8110 329at7147            -           2658  1.1e-238  794.8  31.7   9  22     0.011      0.69    5.9   0.0  1310  1363  5518  5570  5496  5587 0.73 -
DkoeB00007124-RA     -           8110 329at7147            -           2658  1.1e-238  794.8  31.7  10  22   2.2e-20   1.4e-18   64.6   0.0  1103  1282  5640  5838  5633  5853 0.81 -
DkoeB00007124-RA     -           8110 329at7147            -           2658  1.1e-238  794.8  31.7  11  22   1.6e-08     1e-06   25.2   0.0   939  1033  5856  5951  5850  5962 0.85 -
DkoeB00007124-RA     -           8110 329at7147            -           2658  1.1e-238  794.8  31.7  12  22   3.2e-05     0.002   14.3   0.0    53   120  5976  6046  5963  6055 0.87 -
DkoeB00007124-RA     -           8110 329at7147            -           2658  1.1e-238  794.8  31.7  13  22     0.086       5.5    2.9   0.0  1378  1457  6078  6162  6065  6173 0.64 -
DkoeB00007124-RA     -           8110 329at7147            -           2658  1.1e-238  794.8  31.7  14  22   8.3e-10   5.3e-08   29.5   0.0   936  1033  6177  6277  6170  6297 0.87 -
DkoeB00007124-RA     -           8110 329at7147            -           2658  1.1e-238  794.8  31.7  15  22   1.5e-11   9.3e-10   35.3   0.0  1103  1188  6297  6383  6280  6389 0.87 -
DkoeB00007124-RA     -           8110 329at7147            -           2658  1.1e-238  794.8  31.7  16  22   1.3e-09   8.1e-08   28.9   0.0   940  1032  6401  6496  6390  6506 0.85 -
DkoeB00007124-RA     -           8110 329at7147            -           2658  1.1e-238  794.8  31.7  17  22   0.00055     0.035   10.2   0.0  1098  1197  6511  6616  6497  6632 0.73 -
DkoeB00007124-RA     -           8110 329at7147            -           2658  1.1e-238  794.8  31.7  18  22     6e-11   3.8e-09   33.3   0.0  1091  1190  6620  6720  6611  6741 0.85 -
DkoeB00007124-RA     -           8110 329at7147            -           2658  1.1e-238  794.8  31.7  19  22   2.4e-08   1.5e-06   24.6   0.0   939  1032  6796  6890  6783  6900 0.92 -
DkoeB00007124-RA     -           8110 329at7147            -           2658  1.1e-238  794.8  31.7  20  22     2e-06   0.00013   18.3   0.0  1217  1368  6929  7093  6908  7105 0.70 -
DkoeB00007124-RA     -           8110 329at7147            -           2658  1.1e-238  794.8  31.7  21  22   1.2e-10   7.7e-09   32.2   0.0  1303  1463  7272  7445  7228  7479 0.80 -
DkoeB00007124-RA     -           8110 329at7147            -           2658  1.1e-238  794.8  31.7  22  22   1.8e-53   1.1e-51  174.3   0.0  1716  1989  7477  7767  7463  7797 0.85 -
DkoeB00002360-RA     -           3715 329at7147            -           2658   7.8e-81  271.1   0.8   1   7   3.3e-21   2.1e-19   67.3   0.0  1195  1386  1435  1638  1407  1641 0.84 -
DkoeB00002360-RA     -           3715 329at7147            -           2658   7.8e-81  271.1   0.8   2   7   1.8e-10   1.2e-08   31.7   0.0   940  1033  1637  1726  1633  1741 0.87 -
DkoeB00002360-RA     -           3715 329at7147            -           2658   7.8e-81  271.1   0.8   3   7   5.9e-10   3.7e-08   30.0   0.0  1614  1695  1754  1834  1747  1841 0.72 -
DkoeB00002360-RA     -           3715 329at7147            -           2658   7.8e-81  271.1   0.8   4   7   6.7e-15   4.3e-13   46.4   0.2  1090  1280  1841  2064  1838  2074 0.78 -
DkoeB00002360-RA     -           3715 329at7147            -           2658   7.8e-81  271.1   0.8   5   7   8.3e-18   5.3e-16   56.0   0.1  1089  1272  2172  2373  2150  2382 0.81 -
DkoeB00002360-RA     -           3715 329at7147            -           2658   7.8e-81  271.1   0.8   6   7      0.17        11    1.9   0.0   382   429  2342  2390  2339  2418 0.67 -
DkoeB00002360-RA     -           3715 329at7147            -           2658   7.8e-81  271.1   0.8   7   7   8.1e-09   5.1e-07   26.2   0.0   940  1029  3612  3702  3601  3711 0.71 -
DkoeB00009647-RA     -           2125 329at7147            -           2658   1.4e-59  200.6   0.0   1   6   4.7e-06    0.0003   17.0   0.0  2152  2242    36   132    24   142 0.78 -
DkoeB00009647-RA     -           2125 329at7147            -           2658   1.4e-59  200.6   0.0   2   6   3.1e-08     2e-06   24.3   0.0  1198  1360   189   351   184   369 0.73 -
DkoeB00009647-RA     -           2125 329at7147            -           2658   1.4e-59  200.6   0.0   3   6   4.1e-22   2.6e-20   70.3   0.0  1104  1380   370   659   340   667 0.79 -
DkoeB00009647-RA     -           2125 329at7147            -           2658   1.4e-59  200.6   0.0   4   6   1.6e-19   9.9e-18   61.7   0.0  1138  1462   690  1042   677  1054 0.74 -
DkoeB00009647-RA     -           2125 329at7147            -           2658   1.4e-59  200.6   0.0   5   6   1.4e-05   0.00086   15.5   0.0  2165  2316  1379  1535  1374  1544 0.73 -
DkoeB00009647-RA     -           2125 329at7147            -           2658   1.4e-59  200.6   0.0   6   6    0.0091      0.58    6.1   0.0  2221  2313  1523  1632  1523  1641 0.76 -
DkoeB00011793-RA     -            828 329at7147            -           2658   1.8e-56  190.3   0.0   1   1   3.8e-58   2.4e-56  189.8   0.0  1716  1963    11   272     4   276 0.89 -
DkoeB00001374-RA     -           1675 329at7147            -           2658   3.6e-52  176.0   2.1   1   5   2.1e-12   1.4e-10   38.1   0.0  1238  1374    16   149     2   156 0.83 -
DkoeB00001374-RA     -           1675 329at7147            -           2658   3.6e-52  176.0   2.1   2   5   1.9e-15   1.2e-13   48.2   0.0  1107  1329   155   389   150   392 0.79 -
DkoeB00001374-RA     -           1675 329at7147            -           2658   3.6e-52  176.0   2.1   3   5   4.5e-11   2.9e-09   33.7   0.0   123   288   377   541   370   594 0.74 -
DkoeB00001374-RA     -           1675 329at7147            -           2658   3.6e-52  176.0   2.1   4   5   1.7e-07   1.1e-05   21.8   0.1  1077  1195  1016  1134  1006  1144 0.81 -
DkoeB00001374-RA     -           1675 329at7147            -           2658   3.6e-52  176.0   2.1   5   5   3.5e-08   2.2e-06   24.1   0.1  1311  1481  1073  1241  1067  1247 0.85 -
DkoeB00008160-RA     -           2036 329at7147            -           2658   2.4e-45  153.3   0.0   1   6      0.71        45   -0.2   0.0  2160  2238    57   135    36   151 0.67 -
DkoeB00008160-RA     -           2036 329at7147            -           2658   2.4e-45  153.3   0.0   2   6   1.8e-12   1.1e-10   38.3   0.0  1198  1375   246   433   200   440 0.77 -
DkoeB00008160-RA     -           2036 329at7147            -           2658   2.4e-45  153.3   0.0   3   6   1.1e-11   7.2e-10   35.7   0.0   866  1021   450   622   445   648 0.75 -
DkoeB00008160-RA     -           2036 329at7147            -           2658   2.4e-45  153.3   0.0   4   6   2.5e-10   1.6e-08   31.2   0.0   381   517   684   819   670   829 0.87 -
DkoeB00008160-RA     -           2036 329at7147            -           2658   2.4e-45  153.3   0.0   5   6   6.9e-08   4.4e-06   23.1   0.0  2157  2278   828   957   818   964 0.79 -
DkoeB00008160-RA     -           2036 329at7147            -           2658   2.4e-45  153.3   0.0   6   6   1.4e-05   0.00087   15.5   0.0  2165  2311  1356  1507  1345  1528 0.79 -
DkoeB00014525-RA     -           2056 329at7147            -           2658   3.1e-45  153.0   0.0   1   6      0.92        59   -0.5   0.0  2159  2239    54   139    31   154 0.74 -
DkoeB00014525-RA     -           2056 329at7147            -           2658   3.1e-45  153.0   0.0   2   6   1.7e-12   1.1e-10   38.4   0.0  1198  1376   249   437   204   451 0.77 -
DkoeB00014525-RA     -           2056 329at7147            -           2658   3.1e-45  153.0   0.0   3   6     1e-11   6.5e-10   35.8   0.0   866  1021   453   625   438   651 0.75 -
DkoeB00014525-RA     -           2056 329at7147            -           2658   3.1e-45  153.0   0.0   4   6     3e-10   1.9e-08   31.0   0.0   382   517   688   822   678   828 0.87 -
DkoeB00014525-RA     -           2056 329at7147            -           2658   3.1e-45  153.0   0.0   5   6   7.9e-08     5e-06   22.9   0.0  2159  2278   833   960   823   967 0.79 -
DkoeB00014525-RA     -           2056 329at7147            -           2658   3.1e-45  153.0   0.0   6   6   1.4e-05   0.00088   15.5   0.0  2165  2311  1369  1520  1358  1541 0.79 -
DkoeB00000033-RA     -           1199 329at7147            -           2658   5.3e-43  145.6   0.2   1   3     0.001     0.066    9.3   0.0   386   462    27   106    14   167 0.73 -
DkoeB00000033-RA     -           1199 329at7147            -           2658   5.3e-43  145.6   0.2   2   3   3.8e-14   2.4e-12   43.9   0.0  1110  1240   183   314   165   318 0.85 -
DkoeB00000033-RA     -           1199 329at7147            -           2658   5.3e-43  145.6   0.2   3   3   1.4e-27   9.1e-26   88.4   0.1  1166  1465   330   637   319   656 0.82 -
DkoeB00012695-RA     -            385 329at7147            -           2658   7.4e-42  141.8   0.0   1   1   1.5e-43   9.3e-42  141.5   0.0  1772  2003    55   303    42   328 0.85 -
DkoeB00002843-RA     -           1984 329at7147            -           2658     3e-41  139.8   0.1   1   3   0.00056     0.035   10.1   0.1  1718  1784   868   937   858   949 0.82 -
DkoeB00002843-RA     -           1984 329at7147            -           2658     3e-41  139.8   0.1   2   3   4.1e-10   2.6e-08   30.5   0.0  2446  2541   971  1074   952  1096 0.71 -
DkoeB00002843-RA     -           1984 329at7147            -           2658     3e-41  139.8   0.1   3   3   1.4e-29   8.6e-28   95.1   0.0  1720  1962  1221  1476  1209  1489 0.86 -
DkoeB00013806-RA     -            620 329at7147            -           2658   1.5e-39  134.1   0.1   1   2   2.6e-21   1.6e-19   67.7   0.1  1727  1915    51   246    37   278 0.84 -
DkoeB00013806-RA     -            620 329at7147            -           2658   1.5e-39  134.1   0.1   2   2   2.3e-20   1.5e-18   64.5   0.0  1719  1930   316   536   297   571 0.76 -
DkoeB00004833-RA     -            620 329at7147            -           2658   2.1e-39  133.7   0.1   1   2   3.5e-21   2.2e-19   67.2   0.1  1727  1915    51   246    37   278 0.84 -
DkoeB00004833-RA     -            620 329at7147            -           2658   2.1e-39  133.7   0.1   2   2   2.3e-20   1.5e-18   64.5   0.0  1719  1930   316   536   297   571 0.76 -
DkoeB00009116-RA     -           1244 329at7147            -           2658   6.3e-38  128.8   0.0   1   6   4.5e-05    0.0029   13.8   0.0  2152  2241    24   119     9   144 0.74 -
DkoeB00009116-RA     -           1244 329at7147            -           2658   6.3e-38  128.8   0.0   2   6   1.9e-17   1.2e-15   54.8   0.0  1160  1408   245   501   222   510 0.80 -
DkoeB00009116-RA     -           1244 329at7147            -           2658   6.3e-38  128.8   0.0   3   6   2.2e-10   1.4e-08   31.4   0.0   379   521   616   769   608   777 0.80 -
DkoeB00009116-RA     -           1244 329at7147            -           2658   6.3e-38  128.8   0.0   4   6    0.0021      0.14    8.2   0.0  1311  1461   789   964   770   985 0.62 -
DkoeB00009116-RA     -           1244 329at7147            -           2658   6.3e-38  128.8   0.0   5   6    0.0013     0.085    8.9   0.0  1168  1239   990  1065   981  1082 0.80 -
DkoeB00009116-RA     -           1244 329at7147            -           2658   6.3e-38  128.8   0.0   6   6       0.3        19    1.1   0.0  2262  2311  1087  1146  1072  1155 0.68 -
DkoeB00006687-RA     -            928 329at7147            -           2658   9.6e-38  128.1   1.3   1   3   1.7e-29   1.1e-27   94.8   0.5   947  1375   279   739   276   748 0.76 -
DkoeB00006687-RA     -            928 329at7147            -           2658   9.6e-38  128.1   1.3   2   3   7.7e-05    0.0049   13.0   0.0  1314  1383   773   843   754   853 0.75 -
DkoeB00006687-RA     -            928 329at7147            -           2658   9.6e-38  128.1   1.3   3   3   4.8e-05    0.0031   13.7   0.0  1312  1372   861   921   844   926 0.82 -
DkoeB00007287-RA     -           1376 329at7147            -           2658   2.2e-36  123.6   0.0   1   3   1.5e-08   9.5e-07   25.3   0.0  2140  2241    23   130    17   139 0.77 -
DkoeB00007287-RA     -           1376 329at7147            -           2658   2.2e-36  123.6   0.0   2   3     6e-20   3.8e-18   63.1   0.0  1163  1384   166   391   148   406 0.75 -
DkoeB00007287-RA     -           1376 329at7147            -           2658   2.2e-36  123.6   0.0   3   3   3.2e-10     2e-08   30.8   0.0  1300  1463   407   588   401   598 0.77 -
DkoeB00010037-RA     -           1297 329at7147            -           2658   5.5e-34  115.7   0.0   1   4   3.6e-07   2.3e-05   20.7   0.0   942  1025     6    93     2   113 0.75 -
DkoeB00010037-RA     -           1297 329at7147            -           2658   5.5e-34  115.7   0.0   2   4   7.2e-19   4.6e-17   59.5   0.0  1129  1382   124   390   101   398 0.74 -
DkoeB00010037-RA     -           1297 329at7147            -           2658   5.5e-34  115.7   0.0   3   4   4.9e-09   3.1e-07   26.9   0.0  1213  1278   408   479   392   485 0.83 -
DkoeB00010037-RA     -           1297 329at7147            -           2658   5.5e-34  115.7   0.0   4   4     0.069       4.4    3.2   0.0  1382  1463   503   588   491   594 0.85 -
DkoeB00010047-RA     -           1406 329at7147            -           2658   6.4e-34  115.5   0.0   1   4   5.9e-07   3.8e-05   20.0   0.0    43   116    20    99    14   119 0.76 -
DkoeB00010047-RA     -           1406 329at7147            -           2658   6.4e-34  115.5   0.0   2   4   1.1e-15   6.7e-14   49.0   0.0  1133  1369   136   387   118   408 0.78 -
DkoeB00010047-RA     -           1406 329at7147            -           2658   6.4e-34  115.5   0.0   3   4   5.2e-13   3.3e-11   40.1   0.0  1106  1277   297   491   293   502 0.74 -
DkoeB00010047-RA     -           1406 329at7147            -           2658   6.4e-34  115.5   0.0   4   4   1.6e-05     0.001   15.2   0.0  1382  1463   516   601   502   606 0.87 -
DkoeB00004792-RA     -           1422 329at7147            -           2658   4.9e-33  112.5   0.2   1   3   2.3e-05    0.0015   14.7   0.0  2162  2228   412   485   376   492 0.75 -
DkoeB00004792-RA     -           1422 329at7147            -           2658   4.9e-33  112.5   0.2   2   3   5.7e-17   3.6e-15   53.3   0.1  1122  1281   616   783   611   792 0.85 -
DkoeB00004792-RA     -           1422 329at7147            -           2658   4.9e-33  112.5   0.2   3   3   1.3e-13   8.2e-12   42.1   0.0  1190  1467   778  1076   776  1085 0.76 -
DkoeB00012703-RA     -            400 329at7147            -           2658   5.5e-32  109.0   0.0   1   1   1.1e-33   7.3e-32  108.6   0.0  1778  1964     7   207     3   218 0.88 -
DkoeB00011277-RA     -            492 329at7147            -           2658   1.5e-31  107.6   0.0   1   1   3.2e-33     2e-31  107.2   0.0  1715  1965    17   294    13   315 0.83 -
DkoeB00012771-RA     -           4383 329at7147            -           2658   2.2e-31  107.0   1.0   1   6    0.0037      0.23    7.4   0.0  1121  1186  1299  1363  1285  1383 0.75 -
DkoeB00012771-RA     -           4383 329at7147            -           2658   2.2e-31  107.0   1.0   2   6   0.00058     0.037   10.1   0.1  1229  1365  2506  2640  2501  2663 0.69 -
DkoeB00012771-RA     -           4383 329at7147            -           2658   2.2e-31  107.0   1.0   3   6   5.7e-09   3.6e-07   26.7   0.0  1119  1325  2676  2894  2669  2906 0.73 -
DkoeB00012771-RA     -           4383 329at7147            -           2658   2.2e-31  107.0   1.0   4   6   6.5e-11   4.1e-09   33.1   0.0  1164  1280  2909  3034  2905  3043 0.81 -
DkoeB00012771-RA     -           4383 329at7147            -           2658   2.2e-31  107.0   1.0   5   6   4.2e-06   0.00027   17.2   0.0  1134  1363  3080  3310  3048  3317 0.68 -
DkoeB00012771-RA     -           4383 329at7147            -           2658   2.2e-31  107.0   1.0   6   6     0.047         3    3.8   0.0   152   273  3554  3665  3514  3692 0.46 -
DkoeB00002651-RA     -           1445 329at7147            -           2658   1.6e-30  104.2   0.0   1   2    0.0024      0.15    8.0   0.0  1395  1462    56   127    40   141 0.80 -
DkoeB00002651-RA     -           1445 329at7147            -           2658   1.6e-30  104.2   0.0   2   2   2.2e-29   1.4e-27   94.4   0.0  1192  1462   138   418   127   431 0.82 -
DkoeB00006688-RA     -           1359 329at7147            -           2658   8.5e-30  101.8   0.4   1   2     1e-20   6.5e-19   65.7   0.0  1139  1464     3   351     1   363 0.75 -
DkoeB00006688-RA     -           1359 329at7147            -           2658   8.5e-30  101.8   0.4   2   2     0.011       0.7    5.8   0.0  2238  2311   849   930   840   942 0.78 -
DkoeB00011121-RA     -           1010 329at7147            -           2658   5.8e-29   99.0   0.0   1   4   2.8e-16   1.8e-14   50.9   0.0  1156  1365   113   326   103   343 0.86 -
DkoeB00011121-RA     -           1010 329at7147            -           2658   5.8e-29   99.0   0.0   2   4      0.14       8.9    2.2   0.0  1114  1184   347   431   341   442 0.57 -
DkoeB00011121-RA     -           1010 329at7147            -           2658   5.8e-29   99.0   0.0   3   4   3.4e-13   2.1e-11   40.7   0.0  2151  2316   453   633   441   640 0.84 -
DkoeB00011121-RA     -           1010 329at7147            -           2658   5.8e-29   99.0   0.0   4   4       3.6   2.3e+02   -2.5   0.0  2286  2313   719   746   709   755 0.82 -
DkoeB00004233-RA     -            856 329at7147            -           2658   5.8e-29   99.0   0.0   1   1   1.3e-30   8.2e-29   98.5   0.0  1718  1961   580   840   568   845 0.86 -
DkoeB00005468-RA     -            394 329at7147            -           2658   6.4e-29   98.9   0.0   1   1   1.3e-30   8.2e-29   98.5   0.0  1719  1962   135   389   105   393 0.85 -
DkoeB00003624-RA     -            329 329at7147            -           2658   1.8e-28   97.4   0.0   1   1   3.5e-30   2.3e-28   97.1   0.0  1706  1962    41   303    34   320 0.84 -
DkoeB00011142-RA     -            355 329at7147            -           2658   1.1e-27   94.8   0.0   1   1   2.2e-29   1.4e-27   94.5   0.0  1717  1963    15   282     5   296 0.80 -
DkoeB00010349-RA     -           1600 329at7147            -           2658   1.5e-27   94.3   0.1   1   3   4.2e-14   2.7e-12   43.7   0.0   864  1026   275   446   266   457 0.80 -
DkoeB00010349-RA     -           1600 329at7147            -           2658   1.5e-27   94.3   0.1   2   3   1.6e-18     1e-16   58.4   0.0  1121  1456   370   725   364   741 0.75 -
DkoeB00010349-RA     -           1600 329at7147            -           2658   1.5e-27   94.3   0.1   3   3       2.5   1.6e+02   -2.0   0.0  1395  1460   820   890   803   900 0.74 -
DkoeB00010551-RA     -            840 329at7147            -           2658   2.8e-27   93.4   0.2   1   1   2.3e-28   1.4e-26   91.1   0.2  2370  2604   554   804   523   809 0.65 -
DkoeB00005519-RA     -           1514 329at7147            -           2658   4.3e-27   92.8   0.0   1   1   9.3e-29   5.9e-27   92.3   0.0  1714  1962    61   319    30   326 0.85 -
DkoeB00007794-RA     -            598 329at7147            -           2658   5.9e-27   92.4   0.0   1   1   1.2e-28   7.8e-27   92.0   0.0  1717  1962   291   547   272   557 0.85 -
DkoeB00007064-RA     -           1673 329at7147            -           2658   1.2e-26   91.3   0.0   1   1   2.8e-28   1.8e-26   90.8   0.0  1720  1966    20   278    15   285 0.83 -
DkoeB00001857-RA     -           1459 329at7147            -           2658   1.5e-26   91.0   0.0   1   3   1.6e-07   9.9e-06   21.9   0.0   939  1030   178   269   168   282 0.65 -
DkoeB00001857-RA     -           1459 329at7147            -           2658   1.5e-26   91.0   0.0   2   3     6e-19   3.8e-17   59.8   0.0   829  1043   270   492   263   526 0.81 -
DkoeB00001857-RA     -           1459 329at7147            -           2658   1.5e-26   91.0   0.0   3   3    0.0079       0.5    6.3   0.0  1237  1283   530   579   512   587 0.71 -
DkoeB00006786-RA     -           1258 329at7147            -           2658   2.1e-26   90.5   0.0   1   3      0.18        12    1.8   0.0   380   460    97   185    33   229 0.65 -
DkoeB00006786-RA     -           1258 329at7147            -           2658   2.1e-26   90.5   0.0   2   3     0.013       0.8    5.7   0.0   857   993   256   402   251   420 0.74 -
DkoeB00006786-RA     -           1258 329at7147            -           2658   2.1e-26   90.5   0.0   3   3   3.3e-24   2.1e-22   77.2   0.0   930  1465   440  1024   405  1043 0.74 -
DkoeB00008271-RA     -            493 329at7147            -           2658   3.3e-26   89.9   0.0   1   1   6.9e-28   4.4e-26   89.5   0.0  1720  1963     8   266     5   282 0.88 -
DkoeB00003623-RA     -            343 329at7147            -           2658   2.8e-25   86.8   0.0   1   1   5.5e-27   3.5e-25   86.5   0.0  1720  1962    66   317    49   336 0.85 -
DkoeB00012833-RA     -            688 329at7147            -           2658   4.9e-25   86.0   0.0   1   1   6.1e-25   3.8e-23   79.7   0.0  1737  1963     8   275     1   289 0.69 -
DkoeB00012874-RA     -            575 329at7147            -           2658     1e-24   84.9   0.4   1   1   2.2e-26   1.4e-24   84.5   0.4  1726  1928    30   242    17   256 0.86 -
DkoeB00000181-RA     -           1395 329at7147            -           2658   1.1e-24   84.8   0.1   1   1   2.6e-26   1.7e-24   84.2   0.1  1720  1962   147   399   140   417 0.86 -
DkoeB00007100-RA     -           1538 329at7147            -           2658   1.3e-24   84.6   0.0   1   4   6.4e-15   4.1e-13   46.4   0.0  1154  1368   102   339    50   342 0.77 -
DkoeB00007100-RA     -           1538 329at7147            -           2658   1.3e-24   84.6   0.0   2   4   6.6e-10   4.2e-08   29.8   0.0   930  1034   342   444   334   452 0.88 -
DkoeB00007100-RA     -           1538 329at7147            -           2658   1.3e-24   84.6   0.0   3   4     0.079         5    3.0   0.0  1393  1462   628   700   612   712 0.81 -
DkoeB00007100-RA     -           1538 329at7147            -           2658   1.3e-24   84.6   0.0   4   4       1.5        97   -1.3   0.0  2233  2317   709   798   702   807 0.73 -
DkoeB00008234-RA     -            515 329at7147            -           2658   2.8e-24   83.5   0.0   1   1   6.4e-26   4.1e-24   82.9   0.0  1717  1981     8   314     5   320 0.79 -
DkoeB00001009-RA     -           1768 329at7147            -           2658   2.3e-23   80.4   0.6   1   6   1.2e-17   7.9e-16   55.4   0.0  1198  1461     5   287     2   295 0.72 -
DkoeB00001009-RA     -           1768 329at7147            -           2658   2.3e-23   80.4   0.6   2   6      0.34        22    0.9   0.0  2248  2309   312   385   294   400 0.77 -
DkoeB00001009-RA     -           1768 329at7147            -           2658   2.3e-23   80.4   0.6   3   6       0.2        13    1.6   0.0  1433  1467   670   704   559   723 0.73 -
DkoeB00001009-RA     -           1768 329at7147            -           2658   2.3e-23   80.4   0.6   4   6    0.0023      0.15    8.1   0.0  1385  1460  1023  1103  1007  1113 0.80 -
DkoeB00001009-RA     -           1768 329at7147            -           2658   2.3e-23   80.4   0.6   5   6      0.27        17    1.2   0.0  2240  2272  1228  1261  1220  1266 0.81 -
DkoeB00001009-RA     -           1768 329at7147            -           2658   2.3e-23   80.4   0.6   6   6     0.057       3.6    3.5   0.0  1347  1461  1393  1517  1370  1544 0.68 -
DkoeB00005441-RA     -           1161 329at7147            -           2658   4.4e-23   79.5   0.0   1   1     1e-24   6.3e-23   79.0   0.0  1712  1968    56   357    36   380 0.79 -
DkoeB00011260-RA     -            583 329at7147            -           2658   9.7e-23   78.4   0.1   1   1   2.2e-24   1.4e-22   77.9   0.1  1720  1963    27   281    22   284 0.85 -
DkoeB00011432-RA     -            617 329at7147            -           2658   1.1e-22   78.1   0.0   1   1   2.2e-24   1.4e-22   77.8   0.0  1725  1948   350   579   299   599 0.85 -
DkoeB00007126-RA     -            359 329at7147            -           2658   1.4e-22   77.8   0.1   1   3     0.011      0.73    5.8   0.0   136   176    10    48     2    59 0.60 -
DkoeB00007126-RA     -            359 329at7147            -           2658   1.4e-22   77.8   0.1   2   3   4.6e-17   2.9e-15   53.5   0.0  1074  1285    30   250    15   257 0.81 -
DkoeB00007126-RA     -            359 329at7147            -           2658   1.4e-22   77.8   0.1   3   3   2.4e-07   1.5e-05   21.3   0.1  1105  1183   264   345   251   356 0.85 -
DkoeB00005275-RA     -            875 329at7147            -           2658   1.9e-22   77.4   0.0   1   1   4.1e-24   2.6e-22   76.9   0.0  1718  1963   598   853   563   857 0.85 -
DkoeB00004762-RA     -            314 329at7147            -           2658   5.4e-21   72.6   0.2   1   1   3.6e-22   2.3e-20   70.5   0.2  1724  1965    11   290     6   298 0.74 -
DkoeB00004076-RA     -            441 329at7147            -           2658   4.8e-20   69.4   0.0   1   1     1e-21   6.5e-20   69.0   0.0  1719  1975   152   420   148   429 0.81 -
DkoeB00010170-RA     -            962 329at7147            -           2658   8.4e-20   68.6   2.0   1   2   6.1e-13   3.9e-11   39.9   0.0   955  1238    68   367    60   383 0.76 -
DkoeB00010170-RA     -            962 329at7147            -           2658   8.4e-20   68.6   2.0   2   2   7.9e-08     5e-06   22.9   0.6  1256  1480   411   660   411   672 0.65 -
DkoeB00002561-RA     -            495 329at7147            -           2658   1.1e-19   68.3   0.0   1   1   2.2e-21   1.4e-19   67.9   0.0  1725  1947    77   310    63   318 0.82 -
DkoeB00010519-RA     -            300 329at7147            -           2658   5.4e-19   65.9   0.0   1   1   1.1e-20   6.7e-19   65.6   0.0  1719  1964    23   290     6   295 0.83 -
DkoeB00008241-RA     -           2972 329at7147            -           2658   6.7e-19   65.6   0.0   1   2   4.1e-13   2.6e-11   40.4   0.0  1206  1367  2600  2768  2593  2788 0.73 -
DkoeB00008241-RA     -           2972 329at7147            -           2658   6.7e-19   65.6   0.0   2   2   7.6e-08   4.8e-06   23.0   0.0  1305  1367  2849  2908  2838  2950 0.63 -
DkoeB00001218-RA     -            794 329at7147            -           2658   8.8e-19   65.2   0.0   1   2   2.4e-20   1.5e-18   64.4   0.0  2361  2549     2   201     1   208 0.81 -
DkoeB00001218-RA     -            794 329at7147            -           2658   8.8e-19   65.2   0.0   2   2       9.9   6.3e+02   -3.9   0.0  2276  2335   568   628   561   633 0.81 -
DkoeB00003694-RA     -            915 329at7147            -           2658   2.5e-18   63.7   0.0   1   1   5.3e-20   3.4e-18   63.3   0.0  1744  1962   628   863   604   869 0.75 -
DkoeB00002293-RA     -           2154 329at7147            -           2658   4.2e-18   63.0   0.4   1   1   6.3e-19     4e-17   59.7   0.4  1716  1947   855  1118   817  1123 0.79 -
DkoeB00010520-RA     -           1414 329at7147            -           2658   5.2e-18   62.7   0.0   1   1   1.1e-19   7.1e-18   62.2   0.0  1718  1962    23   289    13   309 0.83 -
DkoeB00010713-RA     -            538 329at7147            -           2658   6.7e-18   62.3   0.1   1   1   1.3e-19   8.5e-18   62.0   0.1  1717  1928   137   366   120   405 0.78 -
DkoeB00007247-RA     -           1434 329at7147            -           2658   1.1e-17   61.6   0.0   1   1   2.2e-19   1.4e-17   61.2   0.0  2429  2615     8   198     2   232 0.83 -
DkoeB00008327-RA     -            444 329at7147            -           2658   8.4e-17   58.7   0.8   1   2   2.3e-17   1.4e-15   54.6   0.1  2345  2561   128   352   119   366 0.80 -
DkoeB00008327-RA     -            444 329at7147            -           2658   8.4e-17   58.7   0.8   2   2      0.11       6.9    2.5   0.1  1930  1963   394   431   361   439 0.77 -
DkoeB00002426-RA     -           1001 329at7147            -           2658   1.3e-16   58.1   0.0   1   1   2.6e-18   1.6e-16   57.7   0.0  2383  2552   439   622   426   726 0.75 -
DkoeB00009058-RA     -            361 329at7147            -           2658   1.4e-16   57.9   0.0   1   1   2.6e-18   1.7e-16   57.7   0.0  2347  2558     5   232     2   276 0.77 -
DkoeB00008722-RA     -            366 329at7147            -           2658   1.6e-16   57.8   0.8   1   2   4.2e-18   2.7e-16   57.0   0.2  1727  1922    27   233    20   245 0.80 -
DkoeB00008722-RA     -            366 329at7147            -           2658   1.6e-16   57.8   0.8   2   2       2.5   1.6e+02   -1.9   0.0  1936  1967   287   322   284   326 0.82 -
DkoeB00006341-RA     -           1124 329at7147            -           2658     2e-16   57.4   0.0   1   1   6.5e-17   4.1e-15   53.1   0.0  1121  1412   242   558   225   623 0.73 -
DkoeB00009154-RA     -            335 329at7147            -           2658   4.6e-16   56.2   0.0   1   2     1e-16   6.5e-15   52.4   0.0  1725  1921    46   254    34   277 0.79 -
DkoeB00009154-RA     -            335 329at7147            -           2658   4.6e-16   56.2   0.0   2   2      0.18        11    1.8   0.0  1931  1963   290   326   280   331 0.84 -
DkoeB00010840-RA     -            484 329at7147            -           2658     5e-16   56.1   0.0   1   1   1.1e-17     7e-16   55.6   0.0  1104  1461    32   414    10   432 0.72 -
DkoeB00003171-RA     -            788 329at7147            -           2658   7.4e-16   55.5   0.1   1   1   1.7e-17   1.1e-15   55.0   0.1  1760  1962   522   737   482   743 0.78 -
DkoeB00009310-RA     -            458 329at7147            -           2658   1.6e-15   54.5   1.3   1   2     2e-10   1.3e-08   31.5   0.6  1721  1865    92   238    60   248 0.75 -
DkoeB00009310-RA     -            458 329at7147            -           2658   1.6e-15   54.5   1.3   2   2   1.9e-07   1.2e-05   21.6   0.0  1870  1924   285   343   276   361 0.85 -
DkoeB00002229-RA     -           1837 329at7147            -           2658   1.8e-15   54.2   0.1   1   1   2.9e-17   1.8e-15   54.2   0.1  1717  1965   101   372    84   381 0.76 -
DkoeB00010348-RA     -            759 329at7147            -           2658     2e-15   54.1   0.0   1   1   4.7e-17     3e-15   53.5   0.0  1136  1472   223   569   202   591 0.76 -
DkoeB00010909-RA     -           1584 329at7147            -           2658   2.5e-15   53.8   0.0   1   1   5.4e-17   3.4e-15   53.3   0.0  1710  1946  1285  1536  1277  1544 0.79 -
DkoeB00008023-RA     -           1337 329at7147            -           2658   4.3e-15   53.0   0.0   1   1   9.3e-17   5.9e-15   52.5   0.0  1726  1947   586   820   563   832 0.81 -
DkoeB00001143-RA     -           1869 329at7147            -           2658   4.9e-15   52.8   0.0   1   1   1.1e-16   6.9e-15   52.3   0.0  1713  1921  1532  1752  1505  1774 0.79 -
DkoeB00004299-RA     -            330 329at7147            -           2658   5.7e-15   52.6   0.0   1   1   9.9e-17   6.3e-15   52.4   0.0  1750  1924   101   288    67   329 0.77 -
DkoeB00006205-RA     -            928 329at7147            -           2658   6.7e-15   52.3   0.0   1   2    0.0031       0.2    7.7   0.0   868   929    14    81     4    93 0.84 -
DkoeB00006205-RA     -            928 329at7147            -           2658   6.7e-15   52.3   0.0   2   2   1.3e-13   8.4e-12   42.1   0.0  1158  1366   226   439   199   451 0.78 -
DkoeB00009912-RA     -            468 329at7147            -           2658     8e-15   52.1   0.1   1   2   9.5e-11     6e-09   32.6   0.0  1763  1922    50   216    37   233 0.81 -
DkoeB00009912-RA     -            468 329at7147            -           2658     8e-15   52.1   0.1   2   2   3.2e-06    0.0002   17.6   0.0  2442  2555   297   406   241   414 0.68 -
DkoeB00003091-RA     -            592 329at7147            -           2658   8.2e-15   52.1   0.0   1   1   1.8e-16   1.1e-14   51.6   0.0  1721  1911    90   293    85   301 0.80 -
DkoeB00009091-RA     -            950 329at7147            -           2658   8.5e-15   52.0   0.0   1   1     2e-16   1.3e-14   51.4   0.0  1726  1924    17   242     9   249 0.79 -
DkoeB00006249-RA     -            675 329at7147            -           2658   1.1e-14   51.6   0.0   1   1   2.3e-16   1.5e-14   51.2   0.0  1719  1948    25   260    20   285 0.82 -
DkoeB00010181-RA     -           1070 329at7147            -           2658   1.2e-14   51.5   0.0   1   2   6.9e-05    0.0044   13.1   0.0   358   503    22   167     2   184 0.77 -
DkoeB00010181-RA     -           1070 329at7147            -           2658   1.2e-14   51.5   0.0   2   2   7.3e-11   4.7e-09   33.0   0.0  1117  1403   201   522   194   537 0.69 -
DkoeB00003654-RA     -            898 329at7147            -           2658   1.3e-14   51.4   0.5   1   1   2.9e-16   1.8e-14   50.9   0.5  1720  1917    12   213     5   222 0.87 -
DkoeB00004907-RA     -            269 329at7147            -           2658   1.4e-14   51.3   0.1   1   1   2.7e-16   1.7e-14   51.0   0.1  1722  1910    10   201     2   210 0.87 -
DkoeB00001171-RA     -            764 329at7147            -           2658   1.9e-14   50.8   0.0   1   1   4.9e-16   3.1e-14   50.2   0.0  1720  1926    78   303    69   343 0.75 -
DkoeB00004189-RA     -            266 329at7147            -           2658   2.4e-14   50.5   0.1   1   1   4.7e-16     3e-14   50.2   0.1  1720  1946     8   244     3   258 0.84 -
DkoeB00006473-RA     -            700 329at7147            -           2658   3.2e-14   50.1   0.1   1   1   7.5e-16   4.8e-14   49.5   0.1  1723  1916   193   399   184   434 0.79 -
DkoeB00000858-RA     -            351 329at7147            -           2658   3.3e-14   50.0   0.2   1   1   6.8e-16   4.4e-14   49.7   0.2  1719  1921    10   225     6   244 0.78 -
DkoeB00012867-RA     -            414 329at7147            -           2658   5.3e-14   49.4   0.0   1   1   1.8e-15   1.1e-13   48.3   0.0  1096  1365    33   307    20   348 0.74 -
DkoeB00003504-RA     -            443 329at7147            -           2658   6.1e-14   49.2   0.0   1   2   2.1e-14   1.3e-12   44.7   0.0  1194  1366   107   288    55   307 0.81 -
DkoeB00003504-RA     -            443 329at7147            -           2658   6.1e-14   49.2   0.0   2   2      0.13         8    2.3   0.0  2287  2315   373   401   363   411 0.88 -
DkoeB00006202-RA     -            435 329at7147            -           2658   6.2e-14   49.1   0.0   1   1   1.4e-15   8.9e-14   48.6   0.0  1162  1365   117   324    93   358 0.80 -
DkoeB00008609-RA     -            442 329at7147            -           2658   6.6e-14   49.1   0.0   1   1   1.5e-15   9.4e-14   48.5   0.0  1718  1924    49   264    37   270 0.79 -
DkoeB00001329-RA     -            947 329at7147            -           2658   6.7e-14   49.0   0.0   1   2   1.5e-06   9.2e-05   18.7   0.0  1721  1865   299   446   278   452 0.81 -
DkoeB00001329-RA     -            947 329at7147            -           2658   6.7e-14   49.0   0.0   2   2   2.1e-09   1.3e-07   28.2   0.0  2515  2584   548   617   534   630 0.81 -
DkoeB00004690-RA     -            671 329at7147            -           2658   7.3e-14   48.9   0.0   1   1   1.5e-15   9.7e-14   48.5   0.0  2368  2541    18   201     2   210 0.77 -
DkoeB00001295-RA     -           1659 329at7147            -           2658   1.7e-13   47.7   0.0   1   1   3.6e-15   2.3e-13   47.3   0.0  2346  2559   119   348    96   364 0.77 -
DkoeB00009071-RA     -            401 329at7147            -           2658   1.7e-13   47.7   0.0   1   2   4.8e-10   3.1e-08   30.3   0.0   139   286    90   235    63   247 0.75 -
DkoeB00009071-RA     -            401 329at7147            -           2658   1.7e-13   47.7   0.0   2   2   1.7e-05    0.0011   15.2   0.0  1121  1191   250   320   234   330 0.86 -
DkoeB00005173-RA     -            771 329at7147            -           2658     2e-13   47.5   0.0   1   1   4.7e-15     3e-13   46.9   0.0  2397  2554    68   233     5   242 0.73 -
DkoeB00000043-RA     -           1356 329at7147            -           2658   3.3e-13   46.7   0.0   1   2   1.3e-09   8.6e-08   28.8   0.0  2358  2504  1013  1175   994  1181 0.84 -
DkoeB00000043-RA     -           1356 329at7147            -           2658   3.3e-13   46.7   0.0   2   2   1.1e-05    0.0007   15.8   0.0  1888  1959  1216  1294  1188  1299 0.79 -
DkoeB00002898-RA     -           1015 329at7147            -           2658   9.2e-13   45.3   0.0   1   1   1.9e-14   1.2e-12   44.8   0.0  2386  2638   202   455   172   468 0.81 -
DkoeB00012729-RA     -           1236 329at7147            -           2658   1.1e-12   45.0   0.4   1   1   2.7e-14   1.7e-12   44.4   0.4  1719  1921   688   902   665   906 0.68 -
DkoeB00004704-RA     -            652 329at7147            -           2658   1.2e-12   44.9   0.0   1   1   2.5e-14   1.6e-12   44.5   0.0  1726  1949   252   488   226   523 0.75 -
DkoeB00010751-RA     -            838 329at7147            -           2658   1.2e-12   44.8   0.1   1   1   2.6e-14   1.6e-12   44.4   0.1  1728  1927   108   318    99   326 0.79 -
DkoeB00007357-RA     -            915 329at7147            -           2658   1.6e-12   44.5   0.0   1   1   3.3e-14   2.1e-12   44.1   0.0  1725  1914    59   260    42   279 0.79 -
DkoeB00003856-RA     -           1386 329at7147            -           2658   1.6e-12   44.5   1.0   1   5       1.1        70   -0.8   0.0  1371  1461   230   330   210   335 0.65 -
DkoeB00003856-RA     -           1386 329at7147            -           2658   1.6e-12   44.5   1.0   2   5     3e-05    0.0019   14.3   0.0  2240  2313   339   423   333   429 0.70 -
DkoeB00003856-RA     -           1386 329at7147            -           2658   1.6e-12   44.5   1.0   3   5     0.026       1.7    4.6   0.0  1378  1464   435   519   424   532 0.84 -
DkoeB00003856-RA     -           1386 329at7147            -           2658   1.6e-12   44.5   1.0   4   5     4e-06   0.00025   17.3   0.0  2219  2310   804   901   791   911 0.80 -
DkoeB00003856-RA     -           1386 329at7147            -           2658   1.6e-12   44.5   1.0   5   5      0.27        17    1.2   0.1  1409  1452   962  1004   959  1021 0.85 -
DkoeB00000484-RA     -            290 329at7147            -           2658   3.6e-12   43.3   0.0   1   1   7.4e-14   4.7e-12   42.9   0.0  1727  1910    14   212     8   223 0.77 -
DkoeB00003768-RA     -            725 329at7147            -           2658   4.3e-12   43.0   0.0   1   1     1e-13   6.4e-12   42.5   0.0  1726  1921     9   212     2   218 0.82 -
DkoeB00001815-RA     -            400 329at7147            -           2658   4.8e-12   42.9   0.0   1   1   1.1e-13   6.7e-12   42.4   0.0  1725  1921    87   293    78   309 0.82 -
DkoeB00008677-RA     -           1025 329at7147            -           2658   5.1e-12   42.8   0.3   1   2     0.067       4.3    3.2   0.2  1749  1820   778   848   752   854 0.72 -
DkoeB00008677-RA     -           1025 329at7147            -           2658   5.1e-12   42.8   0.3   2   2   3.2e-12     2e-10   37.5   0.0  1858  1967   854   978   852   986 0.78 -
DkoeB00003954-RA     -            360 329at7147            -           2658   5.3e-12   42.7   0.1   1   1   1.1e-13   6.8e-12   42.4   0.1  1714  1911    86   287    69   302 0.80 -
DkoeB00009120-RA     -            375 329at7147            -           2658     7e-12   42.3   0.1   1   1   1.4e-13   8.8e-12   42.0   0.1  1727  1921    43   252    32   281 0.74 -
DkoeB00009282-RA     -            759 329at7147            -           2658     8e-12   42.1   0.0   1   1   1.7e-13   1.1e-11   41.7   0.0  2436  2557     7   142     1   186 0.84 -
DkoeB00008304-RA     -            692 329at7147            -           2658     1e-11   41.8   0.0   1   1   2.2e-13   1.4e-11   41.3   0.0  1719  1962   300   574   294   582 0.81 -
DkoeB00010738-RA     -            454 329at7147            -           2658   1.4e-11   41.4   0.3   1   1   2.6e-13   1.6e-11   41.1   0.3  1763  1960   227   444   183   451 0.77 -
DkoeB00010523-RA     -            757 329at7147            -           2658   2.2e-11   40.7   0.0   1   1   5.1e-13   3.2e-11   40.1   0.0  1717  1910   236   451   230   466 0.79 -
DkoeB00008481-RA     -            710 329at7147            -           2658   2.8e-11   40.4   0.0   1   2   4.6e-07   2.9e-05   20.4   0.0  1118  1283   116   274    91   298 0.73 -
DkoeB00008481-RA     -            710 329at7147            -           2658   2.8e-11   40.4   0.0   2   2   3.9e-06   0.00025   17.3   0.0  1811  1917   505   621   395   630 0.65 -
DkoeB00006883-RA     -            498 329at7147            -           2658   3.8e-11   39.9   0.0   1   1     2e-12   1.3e-10   38.1   0.0  1105  1422    29   368    22   427 0.66 -
DkoeB00000266-RA     -            702 329at7147            -           2658   4.2e-11   39.8   0.0   1   1     9e-13   5.7e-11   39.3   0.0  1722  1919    20   223    14   232 0.81 -
DkoeB00012769-RA     -           1183 329at7147            -           2658   6.4e-11   39.2   0.0   1   4   7.9e-11     5e-09   32.9   0.0  1072  1273   195   406   190   418 0.77 -
DkoeB00012769-RA     -           1183 329at7147            -           2658   6.4e-11   39.2   0.0   2   4     0.083       5.3    2.9   0.0  2232  2281   469   517   461   524 0.80 -
DkoeB00012769-RA     -           1183 329at7147            -           2658   6.4e-11   39.2   0.0   3   4       7.6   4.9e+02   -3.6   0.0  1426  1449   550   573   547   579 0.88 -
DkoeB00012769-RA     -           1183 329at7147            -           2658   6.4e-11   39.2   0.0   4   4       6.1   3.9e+02   -3.3   0.0  1431  1473   661   703   654   727 0.72 -
DkoeB00011225-RA     -            816 329at7147            -           2658   6.6e-11   39.1   0.2   1   1   1.4e-12   8.8e-11   38.7   0.2  1708  1923    38   269    25   294 0.78 -
DkoeB00008994-RA     -           1780 329at7147            -           2658     7e-11   39.0   0.1   1   4   8.9e-11   5.6e-09   32.7   0.0  2164  2312     6   156     2   195 0.82 -
DkoeB00008994-RA     -           1780 329at7147            -           2658     7e-11   39.0   0.1   2   4      0.12       7.4    2.4   0.0  2240  2309   272   347   204   361 0.86 -
DkoeB00008994-RA     -           1780 329at7147            -           2658     7e-11   39.0   0.1   3   4       7.6   4.8e+02   -3.6   0.0  2282  2319   520   557   472   559 0.89 -
DkoeB00008994-RA     -           1780 329at7147            -           2658     7e-11   39.0   0.1   4   4       3.2     2e+02   -2.3   0.0  1387  1413   862   888   795   933 0.85 -
DkoeB00010824-RA     -           1244 329at7147            -           2658   1.4e-10   38.1   0.0   1   1   2.9e-12   1.8e-10   37.6   0.0  1724  1898   135   320   121   329 0.79 -
DkoeB00008603-RA     -            472 329at7147            -           2658   1.7e-10   37.8   0.0   1   1   5.3e-12   3.4e-10   36.7   0.0  1141  1379    45   296     2   308 0.71 -
DkoeB00009709-RA     -            449 329at7147            -           2658   3.2e-10   36.8   0.1   1   2   0.00018     0.012   11.8   0.1  1716  1797    15   100     2   105 0.80 -
DkoeB00009709-RA     -            449 329at7147            -           2658   3.2e-10   36.8   0.1   2   2   7.1e-08   4.5e-06   23.1   0.0  2454  2554   127   240   118   256 0.77 -
DkoeB00004445-RA     -            309 329at7147            -           2658   4.6e-10   36.3   0.0   1   1   1.4e-11   9.2e-10   35.3   0.0  1318  1469    42   200    32   207 0.79 -
DkoeB00004732-RA     -            313 329at7147            -           2658   6.5e-10   35.8   0.0   1   1   1.1e-11   7.2e-10   35.7   0.0  1720  1921     8   221     2   275 0.83 -
DkoeB00002676-RA     -            746 329at7147            -           2658   9.4e-10   35.3   0.0   1   1     2e-11   1.2e-09   34.9   0.0  1717  1974   105   369    94   388 0.73 -
DkoeB00006922-RA     -            730 329at7147            -           2658   1.5e-09   34.6   0.0   1   1   3.1e-11     2e-09   34.2   0.0  2457  2558   145   255   127   341 0.69 -
DkoeB00003737-RA     -           1125 329at7147            -           2658   2.2e-09   34.1   0.0   1   3     6e-10   3.8e-08   30.0   0.0  1076  1279   435   653   415   663 0.78 -
DkoeB00003737-RA     -           1125 329at7147            -           2658   2.2e-09   34.1   0.0   2   3      0.37        24    0.8   0.0  2240  2266   689   715   679   730 0.82 -
DkoeB00003737-RA     -           1125 329at7147            -           2658   2.2e-09   34.1   0.0   3   3         5   3.1e+02   -3.0   0.0  1424  1450   750   776   735   789 0.82 -
DkoeB00002809-RA     -           2643 329at7147            -           2658   2.3e-09   34.0   2.3   1   3   1.8e-05    0.0011   15.1   0.1  1122  1194   354   430   339   459 0.78 -
DkoeB00002809-RA     -           2643 329at7147            -           2658   2.3e-09   34.0   2.3   2   3    0.0041      0.26    7.3   0.0   922   985   785   852   764   861 0.50 -
DkoeB00002809-RA     -           2643 329at7147            -           2658   2.3e-09   34.0   2.3   3   3    0.0008     0.051    9.6   0.1  1172  1280   893  1005   888  1047 0.75 -
DkoeB00002343-RA     -            375 329at7147            -           2658   3.5e-09   33.4   0.1   1   1   7.8e-11   4.9e-09   32.9   0.1  1764  2549    31   189    19   206 0.55 -
DkoeB00001864-RA     -           1490 329at7147            -           2658   4.6e-09   33.0   0.0   1   1   9.8e-11   6.2e-09   32.6   0.0  2374  2542    13   204     7   269 0.73 -
DkoeB00003325-RA     -            372 329at7147            -           2658   4.9e-09   32.9   0.0   1   1   1.3e-10   8.3e-09   32.1   0.0  2439  2543   119   231    32   247 0.65 -
DkoeB00000797-RA     -            396 329at7147            -           2658   5.7e-09   32.7   0.0   1   1   1.5e-10   9.4e-09   32.0   0.0  1723  1908    90   281    71   298 0.79 -
DkoeB00011270-RA     -            343 329at7147            -           2658   5.7e-09   32.7   0.0   1   1   1.2e-10   7.6e-09   32.3   0.0  2359  2505    16   167     7   174 0.80 -
DkoeB00007026-RA     -            317 329at7147            -           2658   6.2e-09   32.6   0.0   1   1   1.3e-10   8.6e-09   32.1   0.0  1724  1923    29   245    13   266 0.72 -
DkoeB00001108-RA     -            196 329at7147            -           2658   6.7e-09   32.4   0.0   1   1   1.3e-10     8e-09   32.2   0.0   379   514    44   185    12   190 0.77 -
DkoeB00011158-RA     -           1246 329at7147            -           2658   7.4e-09   32.3   0.1   1   1   1.6e-10     1e-08   31.8   0.1  1723  1868   393   538   370   543 0.86 -
DkoeB00004709-RA     -            524 329at7147            -           2658   1.6e-08   31.2   0.1   1   1   3.6e-10   2.3e-08   30.7   0.1  1726  1916    36   239    26   248 0.68 -
DkoeB00005241-RA     -            639 329at7147            -           2658   1.8e-08   31.0   0.1   1   2       1.8   1.2e+02   -1.5   0.0  1718  1783   347   415   343   441 0.75 -
DkoeB00005241-RA     -            639 329at7147            -           2658   1.8e-08   31.0   0.1   2   2   1.2e-09   7.4e-08   29.0   0.1  2456  2556   452   573   426   579 0.76 -
DkoeB00013166-RA     -           1853 329at7147            -           2658   2.1e-08   30.8   0.0   1   1   4.5e-10   2.8e-08   30.4   0.0  1747  1913   145   328   118   336 0.78 -
DkoeB00004036-RA     -            480 329at7147            -           2658   2.5e-08   30.6   0.0   1   1   5.1e-10   3.3e-08   30.2   0.0  2455  2559    28   136    11   141 0.65 -
DkoeB00002428-RA     -           1102 329at7147            -           2658   3.1e-08   30.2   0.0   1   1   6.5e-10   4.2e-08   29.8   0.0  1762  1922   178   348   126   355 0.81 -
DkoeB00005915-RA     -            714 329at7147            -           2658   3.7e-08   30.0   0.0   1   1     9e-10   5.7e-08   29.4   0.0  2457  2550   119   221   109   243 0.69 -
DkoeB00006253-RA     -           1347 329at7147            -           2658   3.8e-08   30.0   0.0   1   2   1.8e-07   1.2e-05   21.7   0.0  1571  1697   841   968   827   970 0.81 -
DkoeB00006253-RA     -           1347 329at7147            -           2658   3.8e-08   30.0   0.0   2   2     0.021       1.3    4.9   0.0  1318  1374  1005  1061   998  1071 0.74 -
DkoeB00006359-RA     -            193 329at7147            -           2658   3.9e-08   29.9   0.2   1   1   7.4e-10   4.7e-08   29.6   0.2  1737  1868    21   152    10   157 0.80 -
DkoeB00004114-RA     -            458 329at7147            -           2658   4.3e-08   29.8   0.0   1   1   9.5e-10     6e-08   29.3   0.0  1106  1391    12   323     3   329 0.72 -
DkoeB00012564-RA     -           1004 329at7147            -           2658     5e-08   29.6   0.0   1   2   7.5e-05    0.0048   13.0   0.0  1291  1374   493   575   486   593 0.69 -
DkoeB00012564-RA     -           1004 329at7147            -           2658     5e-08   29.6   0.0   2   2   2.5e-05    0.0016   14.6   0.0  1303  1370   599   671   583   706 0.80 -
DkoeB00008081-RA     -           1356 329at7147            -           2658   6.9e-08   29.1   0.0   1   2      0.54        34    0.2   0.0  1577  1666   157   251   116   257 0.67 -
DkoeB00008081-RA     -           1356 329at7147            -           2658   6.9e-08   29.1   0.0   2   2   1.5e-08   9.4e-07   25.3   0.0  1076  1285   290   509   277   517 0.65 -
DkoeB00012420-RA     -           1018 329at7147            -           2658   9.6e-08   28.6   0.0   1   1     2e-09   1.3e-07   28.2   0.0  2344  2557    29   268    18   279 0.71 -
DkoeB00002763-RA     -            975 329at7147            -           2658   9.6e-08   28.6   0.0   1   1   2.4e-09   1.5e-07   27.9   0.0  1723  1923   581   796   555   812 0.75 -
DkoeB00004196-RA     -            319 329at7147            -           2658   1.1e-07   28.5   0.3   1   2    0.0061      0.39    6.7   0.1   938  1036   108   205    89   210 0.64 -
DkoeB00004196-RA     -            319 329at7147            -           2658   1.1e-07   28.5   0.3   2   2   5.9e-09   3.7e-07   26.7   0.2   355   515   141   309   129   314 0.78 -
DkoeB00007855-RA     -            428 329at7147            -           2658   1.1e-07   28.4   0.0   1   1   2.4e-09   1.5e-07   28.0   0.0  2361  2552   124   334   113   342 0.70 -
DkoeB00001438-RA     -            271 329at7147            -           2658   1.9e-07   27.6   0.1   1   2     0.079         5    3.0   0.0  1592  1696    45   157    25   163 0.68 -
DkoeB00001438-RA     -            271 329at7147            -           2658   1.9e-07   27.6   0.1   2   2   1.1e-07   6.7e-06   22.5   0.0  1196  1274   177   261   161   267 0.77 -
DkoeB00014167-RA     -           1163 329at7147            -           2658     2e-07   27.5   0.0   1   2     0.014      0.92    5.5   0.0  1716  1784   637   707   632   713 0.88 -
DkoeB00014167-RA     -           1163 329at7147            -           2658     2e-07   27.5   0.0   2   2   6.6e-07   4.2e-05   19.9   0.0  2449  2506   955  1010   942  1020 0.87 -
DkoeB00012940-RA     -            469 329at7147            -           2658   2.2e-07   27.4   0.0   1   1   4.5e-09   2.8e-07   27.1   0.0  1118  1284   116   296    91   320 0.77 -
DkoeB00005943-RA     -           1056 329at7147            -           2658   2.6e-07   27.2   0.6   1   4     0.018       1.1    5.2   0.0  1147  1270    59   203    54   211 0.53 -
DkoeB00005943-RA     -           1056 329at7147            -           2658   2.6e-07   27.2   0.6   2   4     0.039       2.5    4.0   0.0   439   513   138   213   132   245 0.63 -
DkoeB00005943-RA     -           1056 329at7147            -           2658   2.6e-07   27.2   0.6   3   4       1.1        69   -0.8   0.0   441   501   236   298   222   322 0.76 -
DkoeB00005943-RA     -           1056 329at7147            -           2658   2.6e-07   27.2   0.6   4   4   5.2e-06   0.00033   16.9   0.2  1117  1274   329   501   316   577 0.65 -
DkoeB00006881-RA     -            505 329at7147            -           2658   2.9e-07   27.0   0.1   1   1   5.9e-09   3.8e-07   26.6   0.1  1119  1380    81   355    60   389 0.64 -
DkoeB00009927-RA     -            578 329at7147            -           2658   3.6e-07   26.7   0.1   1   1   7.6e-09   4.8e-07   26.3   0.1  1725  1924   322   531   309   534 0.61 -
DkoeB00011269-RA     -            364 329at7147            -           2658   3.8e-07   26.6   0.0   1   1   6.7e-09   4.3e-07   26.5   0.0  2441  2505   103   167     9   174 0.85 -
DkoeB00004266-RA     -            862 329at7147            -           2658   3.9e-07   26.6   0.2   1   1     1e-08   6.5e-07   25.9   0.1   373   516    25   170     2   196 0.80 -
DkoeB00010695-RA     -           1051 329at7147            -           2658   5.5e-07   26.1   0.1   1   2   0.00036     0.023   10.8   0.1  1197  1364   215   392   157   400 0.45 -
DkoeB00010695-RA     -           1051 329at7147            -           2658   5.5e-07   26.1   0.1   2   2   7.6e-06   0.00049   16.3   0.0  1106  1460   314   690   283   697 0.66 -
DkoeB00008335-RA     -            940 329at7147            -           2658   5.6e-07   26.1   0.0   1   3    0.0021      0.13    8.2   0.0   436   468   159   192    93   329 0.62 -
DkoeB00008335-RA     -            940 329at7147            -           2658   5.6e-07   26.1   0.0   2   3   0.00084     0.053    9.6   0.0   867  1074   159   389   148   417 0.62 -
DkoeB00008335-RA     -            940 329at7147            -           2658   5.6e-07   26.1   0.0   3   3   0.00012    0.0073   12.4   0.0  2161  2322   455   628   439   641 0.84 -
DkoeB00003968-RA     -           1041 329at7147            -           2658   5.7e-07   26.0   0.0   1   3     0.042       2.6    3.9   0.0   436   501   139   206    70   230 0.63 -
DkoeB00003968-RA     -           1041 329at7147            -           2658   5.7e-07   26.0   0.0   2   3     0.013      0.83    5.6   0.0   435   513   335   413   289   419 0.68 -
DkoeB00003968-RA     -           1041 329at7147            -           2658   5.7e-07   26.0   0.0   3   3   0.00018     0.012   11.8   0.0  2160  2242   432   518   412   547 0.80 -
DkoeB00011008-RA     -           2684 329at7147            -           2658   7.1e-07   25.7   0.0   1   3     0.086       5.5    2.9   0.0  1393  1456   888   957   868   968 0.73 -
DkoeB00011008-RA     -           2684 329at7147            -           2658   7.1e-07   25.7   0.0   2   3       8.3   5.3e+02   -3.7   0.0  2248  2303  2029  2087  2027  2089 0.81 -
DkoeB00011008-RA     -           2684 329at7147            -           2658   7.1e-07   25.7   0.0   3   3     6e-07   3.8e-05   20.0   0.0  1761  1924  2367  2554  2329  2559 0.72 -
DkoeB00003531-RA     -            328 329at7147            -           2658   9.8e-07   25.3   0.0   1   1     2e-08   1.3e-06   24.9   0.0  2428  2504    88   163    59   171 0.83 -
DkoeB00009857-RA     -            370 329at7147            -           2658     1e-06   25.2   0.0   1   1   2.2e-08   1.4e-06   24.8   0.0  2359  2504    23   173    12   179 0.81 -
DkoeB00011334-RA     -            335 329at7147            -           2658   2.1e-06   24.2   0.0   1   1   3.9e-08   2.5e-06   23.9   0.0  1726  1910    52   252    39   324 0.54 -
DkoeB00007967-RA     -            293 329at7147            -           2658   2.7e-06   23.8   0.2   1   2    0.0082      0.52    6.3   0.0   132   184    94   145    69   157 0.80 -
DkoeB00007967-RA     -            293 329at7147            -           2658   2.7e-06   23.8   0.2   2   2   1.4e-05   0.00088   15.5   0.1  1632  1701   178   247   167   254 0.83 -
DkoeB00004499-RA     -            443 329at7147            -           2658   3.5e-06   23.4   0.0   1   1   8.6e-08   5.5e-06   22.8   0.0  2429  2505    79   156    65   163 0.82 -
DkoeB00005590-RA     -           1097 329at7147            -           2658   3.8e-06   23.3   0.0   1   1   8.4e-08   5.3e-06   22.8   0.0  1822  1910   668   771   639   806 0.59 -
DkoeB00011540-RA     -            772 329at7147            -           2658   6.4e-06   22.6   0.1   1   1   0.00039     0.025   10.7   0.0   396   506   406   524   394   544 0.69 -
DkoeB00010786-RA     -            216 329at7147            -           2658   1.2e-05   21.6   0.1   1   2   4.7e-05     0.003   13.7   0.0  1341  1421    16    97     2   110 0.78 -
DkoeB00010786-RA     -            216 329at7147            -           2658   1.2e-05   21.6   0.1   2   2      0.01      0.64    6.0   0.0  2287  2314   160   187   152   194 0.91 -
DkoeB00004108-RA     -            258 329at7147            -           2658   1.6e-05   21.2   0.0   1   2     0.058       3.7    3.5   0.0  1205  1236    19    50     8    63 0.82 -
DkoeB00004108-RA     -            258 329at7147            -           2658   1.6e-05   21.2   0.0   2   2   1.2e-05   0.00078   15.6   0.0  1112  1198   114   204   101   224 0.76 -
DkoeB00012207-RA     -            185 329at7147            -           2658   1.8e-05   21.0   0.1   1   1   3.6e-07   2.3e-05   20.7   0.1   366   460    74   168    43   182 0.81 -
DkoeB00005345-RA     -            442 329at7147            -           2658   2.2e-05   20.8   0.0   1   3       1.5        97   -1.3   0.0  1302  1363    55   125    30   140 0.52 -
DkoeB00005345-RA     -            442 329at7147            -           2658   2.2e-05   20.8   0.0   2   3   1.7e-05    0.0011   15.2   0.0  2156  2233   152   234   142   250 0.76 -
DkoeB00005345-RA     -            442 329at7147            -           2658   2.2e-05   20.8   0.0   3   3      0.22        14    1.6   0.0  1568  1599   324   355   302   374 0.61 -
DkoeB00004991-RA     -           2460 329at7147            -           2658   2.5e-05   20.6   0.0   1   1   5.9e-07   3.7e-05   20.0   0.0  2360  2556  2109  2337  2073  2352 0.66 -
DkoeB00008222-RA     -           1227 329at7147            -           2658   2.8e-05   20.4   0.0   1   2   3.6e-05    0.0023   14.1   0.0  1730  1869    68   216    62   225 0.76 -
DkoeB00008222-RA     -           1227 329at7147            -           2658   2.8e-05   20.4   0.0   2   2     0.034       2.2    4.2   0.0  2515  2549   243   280   234   307 0.83 -
DkoeB00009371-RA     -            210 329at7147            -           2658   4.8e-05   19.7   0.0   1   1   9.7e-07   6.2e-05   19.3   0.0  2163  2224   127   193   119   202 0.81 -
DkoeB00009370-RA     -            170 329at7147            -           2658   5.1e-05   19.6   0.0   1   1   9.8e-07   6.2e-05   19.3   0.0  1301  1364    85   152    69   159 0.71 -
DkoeB00005311-RA     -            580 329at7147            -           2658   6.6e-05   19.2   0.0   1   2      0.55        35    0.2   0.0  1344  1362   172   190   154   213 0.67 -
DkoeB00005311-RA     -            580 329at7147            -           2658   6.6e-05   19.2   0.0   2   2   6.6e-06   0.00042   16.5   0.0   867   996   231   376   216   382 0.76 -
DkoeB00010407-RA     -            898 329at7147            -           2658   7.2e-05   19.1   0.0   1   1   1.6e-06    0.0001   18.6   0.0  1116  1196   317   402   296   415 0.85 -
DkoeB00012206-RA     -            256 329at7147            -           2658   7.3e-05   19.1   0.0   1   1     2e-06   0.00013   18.2   0.0  1252  1375    89   214    75   223 0.51 -
DkoeB00012321-RA     -            326 329at7147            -           2658   9.5e-05   18.7   0.0   1   2   0.00084     0.053    9.6   0.0   132   184   131   183    97   188 0.85 -
DkoeB00012321-RA     -            326 329at7147            -           2658   9.5e-05   18.7   0.0   2   2    0.0076      0.48    6.4   0.0  1299  1365   199   272   195   279 0.66 -
DkoeB00008601-RA     -            394 329at7147            -           2658   0.00011   18.5   0.1   1   3      0.34        22    0.9   0.0  1303  1363    68   137    49   149 0.65 -
DkoeB00008601-RA     -            394 329at7147            -           2658   0.00011   18.5   0.1   2   3      0.09       5.7    2.8   0.1   415   514    89   194    82   206 0.74 -
DkoeB00008601-RA     -            394 329at7147            -           2658   0.00011   18.5   0.1   3   3   2.3e-05    0.0014   14.8   0.0  1077  1200   169   296   140   314 0.75 -
DkoeB00006261-RA     -            929 329at7147            -           2658   0.00011   18.4   0.0   1   1   2.4e-06   0.00015   18.0   0.0  1717  1909   649   858   638   875 0.59 -
DkoeB00002850-RA     -            506 329at7147            -           2658   0.00012   18.3   0.0   1   1   2.6e-06   0.00017   17.9   0.0  1874  1940   320   384   233   414 0.78 -
DkoeB00011973-RA     -           1255 329at7147            -           2658   0.00015   18.0   0.0   1   2    0.0026      0.16    7.9   0.0  1220  1362   301   451   201   463 0.65 -
DkoeB00011973-RA     -           1255 329at7147            -           2658   0.00015   18.0   0.0   2   2     0.004      0.26    7.3   0.0  1316  1388   528   599   507   613 0.74 -
DkoeB00007588-RA     -            643 329at7147            -           2658    0.0002   17.6   0.0   1   1   4.3e-06   0.00028   17.1   0.0  2443  2491   414   464   353   547 0.67 -
DkoeB00010785-RA     -            183 329at7147            -           2658   0.00029   17.1   0.0   1   1   5.3e-06   0.00034   16.8   0.0  1116  1227    28   138    15   146 0.60 -
DkoeB00014165-RA     -            399 329at7147            -           2658    0.0003   17.0   0.0   1   1     6e-06   0.00038   16.7   0.0  2449  2505   122   179   101   241 0.87 -
DkoeB00008358-RA     -            402 329at7147            -           2658    0.0003   17.0   0.0   1   1   6.1e-06   0.00039   16.7   0.0  2449  2505   122   179   101   241 0.87 -
DkoeB00004420-RA     -           1655 329at7147            -           2658   0.00031   17.0   0.0   1   2      0.14       8.8    2.2   0.0   868   984   162   292   155   334 0.53 -
DkoeB00004420-RA     -           1655 329at7147            -           2658   0.00031   17.0   0.0   2   2   0.00013    0.0082   12.3   0.0  1111  1190   352   431   338   485 0.68 -
DkoeB00006237-RA     -           1165 329at7147            -           2658   0.00049   16.3   0.0   1   4     0.066       4.2    3.3   0.0   381   462   104   197    93   241 0.72 -
DkoeB00006237-RA     -           1165 329at7147            -           2658   0.00049   16.3   0.0   2   4     0.073       4.6    3.1   0.0  2161  2211   271   323   262   336 0.82 -
DkoeB00006237-RA     -           1165 329at7147            -           2658   0.00049   16.3   0.0   3   4     0.075       4.8    3.1   0.0   207   289   368   455   355   478 0.69 -
DkoeB00006237-RA     -           1165 329at7147            -           2658   0.00049   16.3   0.0   4   4      0.31        20    1.0   0.0  2197  2237   506   546   466   553 0.85 -
DkoeB00008732-RA     -           1172 329at7147            -           2658   0.00057   16.1   0.0   1   2      0.19        12    1.7   0.0  1720  1751   886   917   858   932 0.86 -
DkoeB00008732-RA     -           1172 329at7147            -           2658   0.00057   16.1   0.0   2   2   0.00014    0.0091   12.1   0.0  2446  2506   981  1046   971  1067 0.86 -
DkoeB00000897-RA     -            775 329at7147            -           2658   0.00089   15.5   0.1   1   2   0.00099     0.063    9.3   0.0  2459  2507   281   328   253   341 0.86 -
DkoeB00000897-RA     -            775 329at7147            -           2658   0.00089   15.5   0.1   2   2     0.045       2.8    3.8   0.0  1869  1920   518   575   507   579 0.75 -
DkoeB00002134-RA     -            306 329at7147            -           2658    0.0014   14.8   0.0   1   2      0.12       7.4    2.4   0.0   133   171   125   163   110   180 0.79 -
DkoeB00002134-RA     -            306 329at7147            -           2658    0.0014   14.8   0.0   2   2   0.00052     0.033   10.2   0.0  1116  1193   199   283   184   304 0.69 -
DkoeB00001235-RA     -            541 329at7147            -           2658    0.0015   14.7   0.1   1   2   0.00012    0.0074   12.4   0.1  1225  1325   307   403   163   430 0.60 -
DkoeB00001235-RA     -            541 329at7147            -           2658    0.0015   14.7   0.1   2   2      0.69        44   -0.1   0.0   558   630   412   494   402   506 0.75 -
DkoeB00004781-RA     -            592 329at7147            -           2658     0.002   14.3   0.0   1   1   4.2e-05    0.0026   13.9   0.0  2401  2504    97   204    65   217 0.77 -
DkoeB00004755-RA     -           2454 329at7147            -           2658    0.0023   14.1   0.0   1   1   5.7e-05    0.0037   13.4   0.0  2397  2553  1807  1982  1803  1987 0.73 -
DkoeB00012325-RA     -           1614 329at7147            -           2658    0.0024   14.0   0.0   1   1   5.3e-05    0.0034   13.5   0.0  2449  2503  1424  1483  1395  1503 0.86 -
DkoeB00009963-RA     -            423 329at7147            -           2658    0.0035   13.5   0.0   1   3         2   1.3e+02   -1.7   0.0  1827  1871    94   140    93   177 0.81 -
DkoeB00009963-RA     -            423 329at7147            -           2658    0.0035   13.5   0.0   2   3   0.00019     0.012   11.7   0.0   132   172   175   215   144   230 0.82 -
DkoeB00009963-RA     -            423 329at7147            -           2658    0.0035   13.5   0.0   3   3       6.5   4.1e+02   -3.3   0.0  1344  1365   309   330   291   347 0.58 -
DkoeB00008723-RA     -            293 329at7147            -           2658    0.0039   13.3   0.0   1   1   0.00016      0.01   12.0   0.0  1120  1192   179   260   165   274 0.68 -
DkoeB00003731-RA     -            594 329at7147            -           2658     0.005   13.0   0.0   1   1    0.0002     0.013   11.6   0.0  1727  1842   233   351   221   361 0.79 -
DkoeB00003383-RA     -            801 329at7147            -           2658     0.012   11.7   0.0   1   2     0.037       2.3    4.1   0.0  2459  2507   387   434   370   446 0.76 -
DkoeB00003383-RA     -            801 329at7147            -           2658     0.012   11.7   0.0   2   2     0.016         1    5.3   0.0  1868  1922   551   611   542   619 0.79 -
DkoeB00001045-RA     -            290 329at7147            -           2658     0.013   11.6   0.0   1   2      0.53        34    0.3   0.0  1330  1365   101   136    87   147 0.81 -
DkoeB00001045-RA     -            290 329at7147            -           2658     0.013   11.6   0.0   2   2    0.0014     0.087    8.9   0.0  1153  1192   207   250   166   264 0.66 -
DkoeB00003458-RA     -           1034 329at7147            -           2658     0.018   11.1   0.0   1   2      0.13       8.1    2.3   0.0  1511  1551   327   367   313   377 0.64 -
DkoeB00003458-RA     -           1034 329at7147            -           2658     0.018   11.1   0.0   2   2    0.0063       0.4    6.6   0.0  1003  1029   412   438   387   446 0.62 -
DkoeB00010784-RA     -            101 329at7147            -           2658     0.019   11.0   0.0   1   1    0.0003     0.019   11.0   0.0   937  1017     3    88     1   101 0.74 -
DkoeB00001193-RA     -            561 329at7147            -           2658     0.021   10.9   0.0   1   2      0.28        18    1.2   0.0  1332  1379   316   363   283   373 0.78 -
DkoeB00001193-RA     -            561 329at7147            -           2658     0.021   10.9   0.0   2   2    0.0036      0.23    7.5   0.0  1139  1184   452   500   431   522 0.84 -
DkoeB00004169-RA     -            559 329at7147            -           2658     0.025   10.7   0.0   1   1   0.00049     0.031   10.3   0.0  1211  1267   316   377   289   426 0.57 -
DkoeB00004195-RA     -            166 329at7147            -           2658     0.034   10.2   0.0   1   1   0.00072     0.046    9.8   0.0  1115  1195    23   111    10   133 0.71 -
DkoeB00012157-RA     -             73 329at7147            -           2658     0.044    9.8   0.0   1   1    0.0007     0.045    9.8   0.0   131   172    17    58     5    72 0.84 -
DkoeB00000590-RA     -            166 329at7147            -           2658     0.049    9.7   0.0   1   2     0.002      0.13    8.3   0.0  2171  2231     6    70     3    86 0.84 -
DkoeB00000590-RA     -            166 329at7147            -           2658     0.049    9.7   0.0   2   2       1.7   1.1e+02   -1.4   0.0   870   902    95   128    85   137 0.65 -
DkoeB00007969-RA     -            401 329at7147            -           2658     0.061    9.4   0.0   1   1    0.0013     0.083    8.9   0.0  1256  1362   127   233    67   257 0.75 -
DkoeB00004706-RA     -           1598 329at7147            -           2658     0.064    9.3   0.4   1   3       1.4        86   -1.1   0.0  2421  2489   334   401   309   414 0.77 -
DkoeB00004706-RA     -           1598 329at7147            -           2658     0.064    9.3   0.4   2   3       1.5        95   -1.2   0.0  1727  1784   534   594   523   603 0.78 -
DkoeB00004706-RA     -           1598 329at7147            -           2658     0.064    9.3   0.4   3   3    0.0079       0.5    6.3   0.0  1825  1866   738   777   717   838 0.73 -
DkoeB00007935-RA     -            582 329at7147            -           2658     0.074    9.1   0.1   1   2    0.0074      0.47    6.4   0.0   130   172   366   409   335   428 0.79 -
DkoeB00007935-RA     -            582 329at7147            -           2658     0.074    9.1   0.1   2   2       1.3        80   -1.0   0.0   144   178   488   520   472   532 0.64 -
DkoeB00004267-RA     -            166 329at7147            -           2658     0.089    8.8   0.0   1   1    0.0018      0.11    8.5   0.0  1162  1198    98   134    91   142 0.84 -
DkoeB00008424-RA     -            417 329at7147            -           2658     0.091    8.8   0.0   1   1    0.0024      0.15    8.0   0.0   257   289   343   376   291   409 0.78 -
DkoeB00004913-RA     -            120 329at7147            -           2658       0.1    8.6   0.0   1   1    0.0017      0.11    8.5   0.0  2401  2486    30   117     5   120 0.69 -
DkoeB00005350-RA     -            853 329at7147            -           2658      0.11    8.5   0.0   1   1    0.0027      0.17    7.9   0.0  2459  2545   148   253   130   272 0.74 -
#
# Program:         hmmsearch
# Version:         3.1b2 (February 2015)
# Pipeline mode:   SEARCH
# Query file:      /home/nmoreyra/Documents/Genomics/03_orthologs_search/00_Phylogenomics_BUSCO-groups/busco4_odb10/busco_downloads/lineages/diptera_odb10/hmms/329at7147.hmm
# Target file:     /home/nmoreyra/Documents/Genomics/03_orthologs_search/00_Phylogenomics_BUSCO-groups/busco4_odb10/../00_proteins/DkoeB_proteins.fasta
# Option settings: /home/nmoreyra/Software/miniconda3/envs/busco4/bin/hmmsearch --domtblout /home/nmoreyra/Documents/Genomics/03_orthologs_search/00_Phylogenomics_BUSCO-groups/busco4_odb10/DkoeB_diptera/run_diptera_odb10/hmmer_output/initial_run_results/329at7147.out --cpu 1 /home/nmoreyra/Documents/Genomics/03_orthologs_search/00_Phylogenomics_BUSCO-groups/busco4_odb10/busco_downloads/lineages/diptera_odb10/hmms/329at7147.hmm /home/nmoreyra/Documents/Genomics/03_orthologs_search/00_Phylogenomics_BUSCO-groups/busco4_odb10/../00_proteins/DkoeB_proteins.fasta 
# Current dir:     /home/nmoreyra/Documents/Genomics/03_orthologs_search/00_Phylogenomics_BUSCO-groups/busco4_odb10
# Date:            Mon Jan 25 14:08:56 2021
# [ok]
