#                                                                            --- full sequence --- -------------- this domain -------------   hmm coord   ali coord   env coord
# target name        accession   tlen query name           accession   qlen   E-value  score  bias   #  of  c-Evalue  i-Evalue  score  bias  from    to  from    to  from    to  acc description of target
#------------------- ---------- ----- -------------------- ---------- ----- --------- ------ ----- --- --- --------- --------- ------ ----- ----- ----- ----- ----- ----- ----- ---- ---------------------
DkoeB00007341-RA     -            543 33288at7147          -            368  1.5e-125  418.7  25.2   1   2   1.1e-93   4.6e-91  305.2  17.4     2   254     5   304     4   324 0.84 -
DkoeB00007341-RA     -            543 33288at7147          -            368  1.5e-125  418.7  25.2   2   2   1.4e-36   5.9e-34  117.3   0.9   254   361   400   522   329   525 0.76 -
DkoeB00010138-RA     -            490 33288at7147          -            368   9.8e-50  169.2  37.9   1   4   1.1e-18   4.6e-16   58.4   2.0    72   170     2   105     1   108 0.91 -
DkoeB00010138-RA     -            490 33288at7147          -            368   9.8e-50  169.2  37.9   2   4   1.3e-14   5.6e-12   45.0   5.8    62   137   163   238   110   242 0.84 -
DkoeB00010138-RA     -            490 33288at7147          -            368   9.8e-50  169.2  37.9   3   4      0.02       8.3    4.9   0.9    73   102   249   278   239   284 0.86 -
DkoeB00010138-RA     -            490 33288at7147          -            368   9.8e-50  169.2  37.9   4   4   1.6e-24     7e-22   77.6   8.1    55   171   290   412   274   453 0.82 -
DkoeB00003851-RA     -            499 33288at7147          -            368   3.1e-31  108.3  14.4   1   2     1e-23   4.4e-21   74.9   3.5    67   195    35   167     7   228 0.84 -
DkoeB00003851-RA     -            499 33288at7147          -            368   3.1e-31  108.3  14.4   2   2   2.8e-11   1.2e-08   34.0   2.2    60   175   256   380   245   383 0.83 -
DkoeB00008034-RA     -            515 33288at7147          -            368   1.6e-25   89.5   8.2   1   1   4.8e-28     2e-25   89.2   8.2    28   176     4   152     1   256 0.79 -
DkoeB00007912-RA     -            954 33288at7147          -            368   3.1e-24   85.3   2.5   1   1   1.6e-26   6.7e-24   84.2   2.5    68   189    13   143     2   289 0.87 -
DkoeB00005699-RA     -            214 33288at7147          -            368   2.4e-20   72.5   4.7   1   1     8e-23   3.4e-20   72.0   4.7    43   163    64   191    55   212 0.82 -
DkoeB00004695-RA     -            473 33288at7147          -            368   5.7e-20   71.3  23.2   1   2    0.0089       3.8    6.0   4.9     9    90    72   163    65   169 0.59 -
DkoeB00004695-RA     -            473 33288at7147          -            368   5.7e-20   71.3  23.2   2   2   1.9e-22   7.9e-20   70.8  10.3    29   200   188   365   177   456 0.79 -
DkoeB00012789-RA     -            417 33288at7147          -            368     1e-17   63.8   7.6   1   1     4e-20   1.7e-17   63.1   7.6    61   205   115   266    81   283 0.79 -
DkoeB00003431-RA     -            598 33288at7147          -            368   1.8e-17   63.0  19.1   1   3   5.9e-20   2.5e-17   62.6   8.5    54   173    78   209    53   233 0.75 -
DkoeB00003431-RA     -            598 33288at7147          -            368   1.8e-17   63.0  19.1   2   3    0.0045       1.9    7.0   0.0    80   137   349   406   324   411 0.90 -
DkoeB00003431-RA     -            598 33288at7147          -            368   1.8e-17   63.0  19.1   3   3       1.6   6.9e+02   -1.4   0.0    97   127   441   471   431   520 0.55 -
DkoeB00007796-RA     -           1317 33288at7147          -            368   2.3e-17   62.7   0.2   1   1   9.2e-20   3.9e-17   61.9   0.2    59   189    67   208    10   380 0.83 -
DkoeB00009868-RA     -            345 33288at7147          -            368   3.8e-17   62.0   7.5   1   2   2.4e-18     1e-15   57.3   1.7    68   149   103   187    85   188 0.90 -
DkoeB00009868-RA     -            345 33288at7147          -            368   3.8e-17   62.0   7.5   2   2    0.0018      0.75    8.3   1.3    81   113   184   216   177   221 0.89 -
DkoeB00008945-RA     -            289 33288at7147          -            368   1.4e-16   60.1   3.2   1   2   3.3e-19   1.4e-16   60.1   3.2    76   139    16    79     6   120 0.94 -
DkoeB00008945-RA     -            289 33288at7147          -            368   1.4e-16   60.1   3.2   2   2      0.88   3.7e+02   -0.5   1.2    58    89   175   206   121   211 0.76 -
DkoeB00007736-RA     -            236 33288at7147          -            368   1.2e-14   53.7   3.1   1   1   4.2e-17   1.8e-14   53.2   3.1    57   135   100   180    68   190 0.77 -
DkoeB00007737-RA     -            227 33288at7147          -            368   3.1e-13   49.1   1.5   1   1   7.3e-16   3.1e-13   49.1   1.5    64   133   100   169    69   203 0.86 -
DkoeB00005502-RA     -            219 33288at7147          -            368   3.8e-13   48.8  13.4   1   1     1e-15   4.3e-13   48.6  12.9    49   166    77   199    43   210 0.73 -
DkoeB00006623-RA     -            397 33288at7147          -            368   6.6e-11   41.4   7.3   1   1   2.6e-13   1.1e-10   40.7   7.3    28   204    47   232    44   261 0.71 -
DkoeB00006213-RA     -            658 33288at7147          -            368   1.3e-10   40.5   0.0   1   1   4.7e-13     2e-10   39.8   0.0    59   148   355   450   332   469 0.84 -
DkoeB00003781-RA     -            441 33288at7147          -            368   2.3e-09   36.4  10.5   1   1     1e-11   4.2e-09   35.5  10.5    66   195   245   391   236   426 0.80 -
DkoeB00000465-RA     -           2528 33288at7147          -            368     9e-09   34.4   0.1   1   3   2.1e-11     9e-09   34.4   0.1    79   158    68   152    19   167 0.82 -
DkoeB00000465-RA     -           2528 33288at7147          -            368     9e-09   34.4   0.1   2   3       1.6   6.8e+02   -1.4   0.5    80   129   525   580   519   624 0.65 -
DkoeB00000465-RA     -           2528 33288at7147          -            368     9e-09   34.4   0.1   3   3       2.8   1.2e+03   -2.2   0.2    83   121   648   687   637   690 0.79 -
DkoeB00006463-RA     -            970 33288at7147          -            368   9.8e-09   34.3  10.5   1   5    0.0047         2    7.0   0.1    71   129   107   165    88   183 0.84 -
DkoeB00006463-RA     -            970 33288at7147          -            368   9.8e-09   34.3  10.5   2   5    0.0062       2.6    6.5   0.7    92   138   182   228   177   256 0.77 -
DkoeB00006463-RA     -            970 33288at7147          -            368   9.8e-09   34.3  10.5   3   5   0.00045      0.19   10.3   0.2    70   137   262   329   240   333 0.87 -
DkoeB00006463-RA     -            970 33288at7147          -            368   9.8e-09   34.3  10.5   4   5    0.0018      0.76    8.3   0.0    74   115   334   375   330   380 0.91 -
DkoeB00006463-RA     -            970 33288at7147          -            368   9.8e-09   34.3  10.5   5   5     0.024        10    4.6   0.0    87   118   381   412   375   418 0.91 -
DkoeB00012398-RA     -            403 33288at7147          -            368   1.5e-07   30.3   3.8   1   2   0.00032      0.14   10.8   0.3    75   105   199   229   181   232 0.86 -
DkoeB00012398-RA     -            403 33288at7147          -            368   1.5e-07   30.3   3.8   2   2   4.5e-07   0.00019   20.2   0.3   107   215   258   373   252   377 0.80 -
DkoeB00010773-RA     -            708 33288at7147          -            368   1.8e-07   30.1   5.2   1   3      0.98   4.2e+02   -0.7   0.1    72    98   451   477   430   490 0.71 -
DkoeB00010773-RA     -            708 33288at7147          -            368   1.8e-07   30.1   5.2   2   3   3.3e-05     0.014   14.0   0.9    85   138   525   578   518   610 0.90 -
DkoeB00010773-RA     -            708 33288at7147          -            368   1.8e-07   30.1   5.2   3   3   6.4e-06    0.0027   16.4   0.0    80   139   622   681   610   684 0.93 -
DkoeB00012595-RA     -            321 33288at7147          -            368   1.9e-07   30.0   1.8   1   2   0.00019      0.08   11.5   0.1    60   105   158   203   148   207 0.86 -
DkoeB00012595-RA     -            321 33288at7147          -            368   1.9e-07   30.0   1.8   2   2   2.3e-06   0.00096   17.9   0.2   111   184   227   307   217   319 0.74 -
DkoeB00006552-RA     -            408 33288at7147          -            368   1.3e-06   27.4   0.5   1   3       1.9   8.2e+02   -1.6   0.1   174   199   102   129    95   170 0.61 -
DkoeB00006552-RA     -            408 33288at7147          -            368   1.3e-06   27.4   0.5   2   3     3e-09   1.3e-06   27.4   0.5    71   140   162   231   126   244 0.80 -
DkoeB00006552-RA     -            408 33288at7147          -            368   1.3e-06   27.4   0.5   3   3       2.2   9.4e+02   -1.8   0.5    42    74   293   326   274   385 0.60 -
DkoeB00006038-RA     -            666 33288at7147          -            368   0.00013   20.7   2.4   1   2   7.6e-07   0.00033   19.4   0.1    66   138    66   143    53   146 0.85 -
DkoeB00006038-RA     -            666 33288at7147          -            368   0.00013   20.7   2.4   2   2       0.4   1.7e+02    0.6   0.4   110   135   150   177   143   183 0.76 -
DkoeB00002502-RA     -            385 33288at7147          -            368   0.00015   20.5   4.3   1   2      0.05        21    3.6   0.0    77   104   232   259   218   264 0.90 -
DkoeB00002502-RA     -            385 33288at7147          -            368   0.00015   20.5   4.3   2   2   5.8e-06    0.0025   16.5   2.5   112   185   292   371   286   382 0.78 -
DkoeB00012070-RA     -            484 33288at7147          -            368     0.003   16.2   7.1   1   4      0.23        99    1.4   0.0    64   100    91   127    75   142 0.75 -
DkoeB00012070-RA     -            484 33288at7147          -            368     0.003   16.2   7.1   2   4     0.008       3.4    6.2   0.8    60   124   166   230   144   243 0.77 -
DkoeB00012070-RA     -            484 33288at7147          -            368     0.003   16.2   7.1   3   4    0.0091       3.9    6.0   0.0    89   137   264   312   256   327 0.87 -
DkoeB00012070-RA     -            484 33288at7147          -            368     0.003   16.2   7.1   4   4     0.063        27    3.2   0.3    86   130   329   373   320   382 0.85 -
DkoeB00006645-RA     -            934 33288at7147          -            368    0.0097   14.6   8.3   1   3    0.0014      0.61    8.7   0.6    71   127   519   575   513   589 0.92 -
DkoeB00006645-RA     -            934 33288at7147          -            368    0.0097   14.6   8.3   2   3    0.0098       4.2    5.9   1.4    88   138   619   669   602   678 0.79 -
DkoeB00006645-RA     -            934 33288at7147          -            368    0.0097   14.6   8.3   3   3     0.077        33    2.9   0.3    69   109   668   708   655   717 0.74 -
DkoeB00005422-RA     -            168 33288at7147          -            368     0.018   13.7   0.0   1   1   5.8e-05     0.025   13.2   0.0    75   179    45   155    29   161 0.76 -
DkoeB00008422-RA     -            203 33288at7147          -            368     0.032   12.8   0.6   1   2       3.6   1.5e+03   -2.6   0.1   113   131    64    82    49    93 0.63 -
DkoeB00008422-RA     -            203 33288at7147          -            368     0.032   12.8   0.6   2   2   7.6e-05     0.032   12.8   0.6   109   135   176   202   162   203 0.82 -
DkoeB00006187-RA     -            582 33288at7147          -            368     0.035   12.7   1.4   1   1   0.00012     0.052   12.2   1.4    78   135    82   143    48   167 0.73 -
DkoeB00005421-RA     -            319 33288at7147          -            368     0.052   12.2  15.4   1   2     0.058        25    3.4   0.1   100   188     5   102     1   134 0.73 -
DkoeB00005421-RA     -            319 33288at7147          -            368     0.052   12.2  15.4   2   2   0.00021      0.09   11.4  10.8   116   205   139   255   135   274 0.82 -
DkoeB00007821-RA     -            656 33288at7147          -            368      0.22   10.1   0.0   1   3      0.68   2.9e+02   -0.2   2.9    77   125    46    94    14    99 0.80 -
DkoeB00007821-RA     -            656 33288at7147          -            368      0.22   10.1   0.0   2   3   0.00053      0.22   10.1   0.0    30   129   101   198    92   210 0.83 -
DkoeB00007821-RA     -            656 33288at7147          -            368      0.22   10.1   0.0   3   3      0.84   3.6e+02   -0.5   0.1   290   340   347   398   324   415 0.62 -
#
# Program:         hmmsearch
# Version:         3.1b2 (February 2015)
# Pipeline mode:   SEARCH
# Query file:      /home/nmoreyra/Documents/Genomics/03_orthologs_search/00_Phylogenomics_BUSCO-groups/busco4_odb10/busco_downloads/lineages/diptera_odb10/hmms/33288at7147.hmm
# Target file:     /home/nmoreyra/Documents/Genomics/03_orthologs_search/00_Phylogenomics_BUSCO-groups/busco4_odb10/../00_proteins/DkoeB_proteins.fasta
# Option settings: /home/nmoreyra/Software/miniconda3/envs/busco4/bin/hmmsearch --domtblout /home/nmoreyra/Documents/Genomics/03_orthologs_search/00_Phylogenomics_BUSCO-groups/busco4_odb10/DkoeB_diptera/run_diptera_odb10/hmmer_output/initial_run_results/33288at7147.out --cpu 1 /home/nmoreyra/Documents/Genomics/03_orthologs_search/00_Phylogenomics_BUSCO-groups/busco4_odb10/busco_downloads/lineages/diptera_odb10/hmms/33288at7147.hmm /home/nmoreyra/Documents/Genomics/03_orthologs_search/00_Phylogenomics_BUSCO-groups/busco4_odb10/../00_proteins/DkoeB_proteins.fasta 
# Current dir:     /home/nmoreyra/Documents/Genomics/03_orthologs_search/00_Phylogenomics_BUSCO-groups/busco4_odb10
# Date:            Mon Jan 25 14:09:13 2021
# [ok]
