#                                                                            --- full sequence --- -------------- this domain -------------   hmm coord   ali coord   env coord
# target name        accession   tlen query name           accession   qlen   E-value  score  bias   #  of  c-Evalue  i-Evalue  score  bias  from    to  from    to  from    to  acc description of target
#------------------- ---------- ----- -------------------- ---------- ----- --------- ------ ----- --- --- --------- --------- ------ ----- ----- ----- ----- ----- ----- ----- ---- ---------------------
DkoeB00012480-RA     -           1445 3556at7147           -            831         0 1440.0  55.0   1   5   8.6e-15   6.4e-12   43.8   0.1     1    46     1    57     1    64 0.91 -
DkoeB00012480-RA     -           1445 3556at7147           -            831         0 1440.0  55.0   2   5         0         0 1079.7  19.9    40   692    99   852    95   864 0.86 -
DkoeB00012480-RA     -           1445 3556at7147           -            831         0 1440.0  55.0   3   5   1.9e-17   1.4e-14   52.6   5.5   615   701   858   944   854   961 0.71 -
DkoeB00012480-RA     -           1445 3556at7147           -            831         0 1440.0  55.0   4   5   3.3e-15   2.5e-12   45.1   4.8   623   712  1016  1117  1008  1121 0.78 -
DkoeB00012480-RA     -           1445 3556at7147           -            831         0 1440.0  55.0   5   5   2.7e-72     2e-69  234.0   0.3   705   831  1309  1440  1281  1440 0.94 -
DkoeB00001636-RA     -           3489 3556at7147           -            831   2.1e-57  194.2  24.5   1   3     8e-55   5.9e-52  176.2  14.9   165   343   306   486   239   505 0.77 -
DkoeB00001636-RA     -           3489 3556at7147           -            831   2.1e-57  194.2  24.5   2   3   5.5e-12   4.1e-09   34.5   2.0   384   484   572   670   507   693 0.79 -
DkoeB00001636-RA     -           3489 3556at7147           -            831   2.1e-57  194.2  24.5   3   3       7.2   5.4e+03   -5.6  12.0   621   711  1414  1508  1380  1521 0.60 -
DkoeB00005052-RA     -            717 3556at7147           -            831     4e-45  153.6  16.1   1   1   5.4e-48     4e-45  153.6  16.1   170   335    43   217    20   227 0.88 -
DkoeB00003064-RA     -            980 3556at7147           -            831   1.1e-30  105.8  12.4   1   3   1.5e-33   1.1e-30  105.8  12.4   168   353   130   328   124   373 0.79 -
DkoeB00003064-RA     -            980 3556at7147           -            831   1.1e-30  105.8  12.4   2   3     0.018        14    3.0   1.2   168   215   588   639   570   656 0.69 -
DkoeB00003064-RA     -            980 3556at7147           -            831   1.1e-30  105.8  12.4   3   3      0.21   1.6e+02   -0.5   4.0   169   214   921   969   914   974 0.70 -
DkoeB00005500-RA     -           1654 3556at7147           -            831   3.1e-24   84.5  15.7   1   5   7.4e-05     0.055   10.9   0.2   504   556    78   135    42   161 0.76 -
DkoeB00005500-RA     -           1654 3556at7147           -            831   3.1e-24   84.5  15.7   2   5   7.2e-06    0.0053   14.3   0.1   495   572   212   290   188   300 0.75 -
DkoeB00005500-RA     -           1654 3556at7147           -            831   3.1e-24   84.5  15.7   3   5      0.01       7.4    3.9   0.1   508   546   374   417   363   468 0.78 -
DkoeB00005500-RA     -           1654 3556at7147           -            831   3.1e-24   84.5  15.7   4   5   1.2e-09   8.9e-07   26.8   0.2   490   557   520   592   498   619 0.81 -
DkoeB00005500-RA     -           1654 3556at7147           -            831   3.1e-24   84.5  15.7   5   5   1.7e-12   1.3e-09   36.2   0.2   495   577   657   744   638   759 0.85 -
DkoeB00008571-RA     -           2118 3556at7147           -            831   4.2e-18   64.2   0.6   1   2   3.5e-13   2.6e-10   38.4   0.2   477   578  1484  1590  1470  1606 0.85 -
DkoeB00008571-RA     -           2118 3556at7147           -            831   4.2e-18   64.2   0.6   2   2     1e-08   7.4e-06   23.7   0.0   480   565  1609  1699  1603  1722 0.82 -
DkoeB00010012-RA     -            858 3556at7147           -            831   7.5e-16   56.8   0.0   1   1   1.9e-18   1.4e-15   55.9   0.0   473   562   273   367   265   386 0.89 -
DkoeB00000155-RA     -           2079 3556at7147           -            831   2.6e-14   51.7   0.5   1   3   8.2e-11   6.1e-08   30.6   0.1   478   549    39   117    34   134 0.78 -
DkoeB00000155-RA     -           2079 3556at7147           -            831   2.6e-14   51.7   0.5   2   3   1.7e-10   1.3e-07   29.5   0.0   484   566   521   613   509   629 0.76 -
DkoeB00000155-RA     -           2079 3556at7147           -            831   2.6e-14   51.7   0.5   3   3         9   6.7e+03   -5.9   4.9   663   703  1074  1117  1049  1129 0.51 -
DkoeB00005858-RA     -           2247 3556at7147           -            831   8.4e-14   50.0   0.2   1   2   8.3e-07   0.00061   17.4   0.0   486   563  1227  1309  1217  1328 0.80 -
DkoeB00005858-RA     -           2247 3556at7147           -            831   8.4e-14   50.0   0.2   2   2   9.4e-11   6.9e-08   30.4   0.0   483   562  1386  1471  1380  1487 0.84 -
DkoeB00008137-RA     -           1494 3556at7147           -            831   1.4e-13   49.3  10.7   1   3   2.8e-05     0.021   12.3   0.9   161   216  1070  1125  1051  1131 0.81 -
DkoeB00008137-RA     -           1494 3556at7147           -            831   1.4e-13   49.3  10.7   2   3     0.061        45    1.3   0.6   166   239  1258  1326  1222  1330 0.85 -
DkoeB00008137-RA     -           1494 3556at7147           -            831   1.4e-13   49.3  10.7   3   3   1.1e-13   7.8e-11   40.2   0.1   477   562  1378  1469  1373  1478 0.87 -
DkoeB00009272-RA     -            524 3556at7147           -            831   1.9e-13   48.8   0.1   1   2   2.6e-16   1.9e-13   48.8   0.1   480   571    37   135    29   166 0.85 -
DkoeB00009272-RA     -            524 3556at7147           -            831   1.9e-13   48.8   0.1   2   2       4.3   3.1e+03   -4.8   2.5   615   693   279   357   230   422 0.57 -
DkoeB00006354-RA     -            587 3556at7147           -            831   1.9e-11   42.2   0.1   1   2   2.6e-14   1.9e-11   42.2   0.1   476   564    73   168    66   184 0.84 -
DkoeB00006354-RA     -            587 3556at7147           -            831   1.9e-11   42.2   0.1   2   2       4.3   3.2e+03   -4.8   6.9   625   703   498   572   444   583 0.44 -
DkoeB00006724-RA     -            490 3556at7147           -            831   3.1e-10   38.2   0.1   1   1   6.3e-13   4.7e-10   37.6   0.1   480   564    37   128    30   155 0.83 -
DkoeB00005343-RA     -            316 3556at7147           -            831   4.2e-10   37.7   0.1   1   1   9.2e-13   6.8e-10   37.1   0.1   481   564    42   132    35   168 0.84 -
DkoeB00002227-RA     -            811 3556at7147           -            831   7.4e-10   36.9   0.0   1   1   1.6e-12   1.2e-09   36.3   0.0   479   559   708   793   701   806 0.83 -
DkoeB00006049-RA     -           3256 3556at7147           -            831     2e-08   32.2   0.1   1   3   3.2e-05     0.023   12.1   6.7   170   228  2753  2811  2744  2814 0.88 -
DkoeB00006049-RA     -           3256 3556at7147           -            831     2e-08   32.2   0.1   2   3   6.1e-06    0.0045   14.5   4.5   164   221  2801  2860  2800  2883 0.79 -
DkoeB00006049-RA     -           3256 3556at7147           -            831     2e-08   32.2   0.1   3   3   2.8e-11     2e-08   32.2   0.1   479   563  3153  3242  3130  3252 0.83 -
DkoeB00006415-RA     -            492 3556at7147           -            831    0.0026   15.3   5.1   1   1     5e-06    0.0037   14.8   5.1   168   216   438   486   428   491 0.89 -
DkoeB00000339-RA     -            819 3556at7147           -            831       1.9    5.9   7.2   1   2     0.094        69    0.7   0.1   204   216    27    39    10    60 0.85 -
DkoeB00000339-RA     -            819 3556at7147           -            831       1.9    5.9   7.2   2   2    0.0013      0.97    6.8   2.6   177   212   200   236   189   243 0.77 -
DkoeB00007366-RA     -           1398 3556at7147           -            831       3.9    4.8  17.5   1   1   8.6e-06    0.0064   14.0   6.8   241   339  1275  1361  1245  1369 0.77 -
#
# Program:         hmmsearch
# Version:         3.1b2 (February 2015)
# Pipeline mode:   SEARCH
# Query file:      /home/nmoreyra/Documents/Genomics/03_orthologs_search/00_Phylogenomics_BUSCO-groups/busco4_odb10/busco_downloads/lineages/diptera_odb10/hmms/3556at7147.hmm
# Target file:     /home/nmoreyra/Documents/Genomics/03_orthologs_search/00_Phylogenomics_BUSCO-groups/busco4_odb10/../00_proteins/DkoeB_proteins.fasta
# Option settings: /home/nmoreyra/Software/miniconda3/envs/busco4/bin/hmmsearch --domtblout /home/nmoreyra/Documents/Genomics/03_orthologs_search/00_Phylogenomics_BUSCO-groups/busco4_odb10/DkoeB_diptera/run_diptera_odb10/hmmer_output/initial_run_results/3556at7147.out --cpu 1 /home/nmoreyra/Documents/Genomics/03_orthologs_search/00_Phylogenomics_BUSCO-groups/busco4_odb10/busco_downloads/lineages/diptera_odb10/hmms/3556at7147.hmm /home/nmoreyra/Documents/Genomics/03_orthologs_search/00_Phylogenomics_BUSCO-groups/busco4_odb10/../00_proteins/DkoeB_proteins.fasta 
# Current dir:     /home/nmoreyra/Documents/Genomics/03_orthologs_search/00_Phylogenomics_BUSCO-groups/busco4_odb10
# Date:            Mon Jan 25 14:08:52 2021
# [ok]
