#                                                                            --- full sequence --- -------------- this domain -------------   hmm coord   ali coord   env coord
# target name        accession   tlen query name           accession   qlen   E-value  score  bias   #  of  c-Evalue  i-Evalue  score  bias  from    to  from    to  from    to  acc description of target
#------------------- ---------- ----- -------------------- ---------- ----- --------- ------ ----- --- --- --------- --------- ------ ----- ----- ----- ----- ----- ----- ----- ---- ---------------------
DkoeB00010953-RA     -            428 41192at7147          -            339  1.1e-215  714.7  10.8   1   3  1.4e-207  3.5e-205  680.2   4.8     1   302     1   309     1   314 0.98 -
DkoeB00010953-RA     -            428 41192at7147          -            339  1.1e-215  714.7  10.8   2   3   6.4e-08   1.7e-05   23.7   0.1   299   327   328   362   325   368 0.89 -
DkoeB00010953-RA     -            428 41192at7147          -            339  1.1e-215  714.7  10.8   3   3     9e-05     0.023   13.3   0.0   312   339   399   428   391   428 0.84 -
DkoeB00000656-RA     -            325 41192at7147          -            339    1e-129  432.0   8.8   1   2   1.9e-58     5e-56  189.8   4.1     1   102     1   103     1   108 0.96 -
DkoeB00000656-RA     -            325 41192at7147          -            339    1e-129  432.0   8.8   2   2   1.8e-75   4.8e-73  245.7   0.1   124   304   106   289   102   300 0.94 -
DkoeB00005189-RA     -            476 41192at7147          -            339   3.8e-18   65.2   0.0   1   3   1.9e-06   0.00049   18.8   0.0   226   299     7    83     2    91 0.85 -
DkoeB00005189-RA     -            476 41192at7147          -            339   3.8e-18   65.2   0.0   2   3   1.6e-05    0.0042   15.8   0.0   227   289    96   163    85   177 0.74 -
DkoeB00005189-RA     -            476 41192at7147          -            339   3.8e-18   65.2   0.0   3   3   6.2e-09   1.6e-06   27.0   0.0   224   303   222   302   209   323 0.85 -
DkoeB00001426-RA     -            467 41192at7147          -            339   1.5e-10   40.2   0.8   1   4   0.00025     0.066   11.8   0.0   236   294    35    99    20   111 0.78 -
DkoeB00001426-RA     -            467 41192at7147          -            339   1.5e-10   40.2   0.8   2   4   1.7e-05    0.0043   15.7   0.0   232   282   126   182   110   194 0.76 -
DkoeB00001426-RA     -            467 41192at7147          -            339   1.5e-10   40.2   0.8   3   4       4.3   1.1e+03   -2.1   0.0   174   213   300   339   294   365 0.78 -
DkoeB00001426-RA     -            467 41192at7147          -            339   1.5e-10   40.2   0.8   4   4    0.0023      0.59    8.7   0.0   226   292   379   444   351   455 0.75 -
DkoeB00006210-RA     -            697 41192at7147          -            339   1.1e-09   37.4   0.0   1   3   0.00086      0.22   10.1   0.0   226   297     2    79     1    87 0.79 -
DkoeB00006210-RA     -            697 41192at7147          -            339   1.1e-09   37.4   0.0   2   3   5.1e-05     0.013   14.1   0.0   223   302   233   316   226   324 0.78 -
DkoeB00006210-RA     -            697 41192at7147          -            339   1.1e-09   37.4   0.0   3   3    0.0015      0.38    9.3   0.0   227   290   341   408   319   450 0.67 -
DkoeB00008074-RA     -            361 41192at7147          -            339   5.1e-09   35.2   0.0   1   2   1.4e-05    0.0036   16.0   0.0   227   296    27   102     6   113 0.74 -
DkoeB00008074-RA     -            361 41192at7147          -            339   5.1e-09   35.2   0.0   2   2   4.2e-06    0.0011   17.7   0.0   224   304   128   211    92   221 0.78 -
DkoeB00010159-RA     -           5846 41192at7147          -            339   1.7e-08   33.5   0.3   1   3       0.6   1.6e+02    0.7   0.0   221   293   520   598   510   611 0.79 -
DkoeB00010159-RA     -           5846 41192at7147          -            339   1.7e-08   33.5   0.3   2   3   5.4e-06    0.0014   17.3   0.0   218   274   619   677   615   705 0.81 -
DkoeB00010159-RA     -           5846 41192at7147          -            339   1.7e-08   33.5   0.3   3   3   0.00035     0.091   11.4   0.1   227   300   706   779   695   800 0.85 -
DkoeB00011209-RA     -            920 41192at7147          -            339   3.9e-08   32.3   0.1   1   4     0.011       2.8    6.5   0.0   228   289     4    69     1    91 0.74 -
DkoeB00011209-RA     -            920 41192at7147          -            339   3.9e-08   32.3   0.1   2   4    0.0016      0.43    9.1   0.0   214   281   544   612   531   636 0.81 -
DkoeB00011209-RA     -            920 41192at7147          -            339   3.9e-08   32.3   0.1   3   4      0.27        69    1.9   0.0   224   262   681   719   669   758 0.85 -
DkoeB00011209-RA     -            920 41192at7147          -            339   3.9e-08   32.3   0.1   4   4     0.002      0.52    8.9   0.0   222   298   784   869   744   878 0.77 -
DkoeB00008790-RA     -           1111 41192at7147          -            339   9.4e-08   31.0   0.0   1   4     0.027       7.1    5.1   0.0   214   261   240   287   236   310 0.88 -
DkoeB00008790-RA     -           1111 41192at7147          -            339   9.4e-08   31.0   0.0   2   4    0.0082       2.1    6.9   0.0   221   259   345   383   325   389 0.82 -
DkoeB00008790-RA     -           1111 41192at7147          -            339   9.4e-08   31.0   0.0   3   4     0.024       6.1    5.3   0.0   214   262   742   790   738   834 0.87 -
DkoeB00008790-RA     -           1111 41192at7147          -            339   9.4e-08   31.0   0.0   4   4    0.0036      0.95    8.0   0.0   221   261   847   887   827   921 0.74 -
DkoeB00010721-RA     -            343 41192at7147          -            339   1.2e-07   30.6   0.0   1   2     7e-07   0.00018   20.2   0.0   226   276    57   113    38   136 0.74 -
DkoeB00010721-RA     -            343 41192at7147          -            339   1.2e-07   30.6   0.0   2   2    0.0025      0.65    8.6   0.0   227   258   138   169   125   189 0.83 -
DkoeB00006653-RA     -           1372 41192at7147          -            339   2.2e-07   29.9   0.0   1   1   1.5e-09   3.9e-07   29.0   0.0   224   300   517   593   488   611 0.83 -
DkoeB00004767-RA     -            736 41192at7147          -            339   4.6e-07   28.8   0.0   1   3      0.12        32    3.0   0.0   227   288   204   271   192   283 0.79 -
DkoeB00004767-RA     -            736 41192at7147          -            339   4.6e-07   28.8   0.0   2   3       1.2   3.1e+02   -0.2   0.0   228   303   286   371   271   376 0.68 -
DkoeB00004767-RA     -            736 41192at7147          -            339   4.6e-07   28.8   0.0   3   3   1.3e-07   3.4e-05   22.6   0.1   223   282   376   432   360   480 0.77 -
DkoeB00012411-RA     -            820 41192at7147          -            339   8.7e-07   27.9   0.2   1   2   1.3e-07   3.3e-05   22.7   0.1   199   299   177   288   166   296 0.78 -
DkoeB00012411-RA     -            820 41192at7147          -            339   8.7e-07   27.9   0.2   2   2      0.17        44    2.5   0.0   224   277   390   449   351   477 0.78 -
DkoeB00004209-RA     -            712 41192at7147          -            339   1.4e-06   27.1   0.1   1   3   9.6e-07   0.00025   19.8   0.0   225   334   116   234   104   237 0.78 -
DkoeB00004209-RA     -            712 41192at7147          -            339   1.4e-06   27.1   0.1   2   3      0.04        10    4.6   0.0   226   258   203   235   189   282 0.73 -
DkoeB00004209-RA     -            712 41192at7147          -            339   1.4e-06   27.1   0.1   3   3      0.12        30    3.1   0.0   227   327   364   470   344   476 0.76 -
DkoeB00011377-RA     -            216 41192at7147          -            339   1.6e-06   27.0   0.1   1   2    0.0014      0.37    9.4   0.0   226   277     7    65     2    92 0.71 -
DkoeB00011377-RA     -            216 41192at7147          -            339   1.6e-06   27.0   0.1   2   2   1.5e-05    0.0039   15.9   0.0   226   279   142   196   115   215 0.79 -
DkoeB00011353-RA     -            368 41192at7147          -            339     2e-06   26.7   0.0   1   4   0.00023     0.059   12.0   0.0   206   260     6    60     2    69 0.90 -
DkoeB00011353-RA     -            368 41192at7147          -            339     2e-06   26.7   0.0   2   4       1.9   4.8e+02   -0.9   0.0   264   297    85   116    76   123 0.78 -
DkoeB00011353-RA     -            368 41192at7147          -            339     2e-06   26.7   0.0   3   4    0.0016      0.42    9.2   0.0   225   280   126   187   106   213 0.71 -
DkoeB00011353-RA     -            368 41192at7147          -            339     2e-06   26.7   0.0   4   4      0.62   1.6e+02    0.7   0.0   228   287   287   351   279   367 0.70 -
DkoeB00007080-RA     -            300 41192at7147          -            339   2.2e-06   26.6   0.1   1   2    0.0015      0.39    9.3   0.0   227   292   107   177    97   184 0.82 -
DkoeB00007080-RA     -            300 41192at7147          -            339   2.2e-06   26.6   0.1   2   2   2.3e-05    0.0059   15.3   0.0   223   258   193   228   180   277 0.82 -
DkoeB00008116-RA     -            563 41192at7147          -            339   6.5e-06   25.0   0.3   1   4       2.4   6.2e+02   -1.3   0.0   219   290   162   236   136   252 0.70 -
DkoeB00008116-RA     -            563 41192at7147          -            339   6.5e-06   25.0   0.3   2   4    0.0041       1.1    7.8   0.0   223   274   249   302   226   332 0.80 -
DkoeB00008116-RA     -            563 41192at7147          -            339   6.5e-06   25.0   0.3   3   4    0.0023      0.59    8.7   0.1   224   288   336   400   327   416 0.74 -
DkoeB00008116-RA     -            563 41192at7147          -            339   6.5e-06   25.0   0.3   4   4     0.055        14    4.1   0.0   228   262   417   451   405   471 0.87 -
DkoeB00004735-RA     -            405 41192at7147          -            339   1.7e-05   23.6   0.0   1   2     0.039        10    4.6   0.0   224   259    25    60    18    92 0.77 -
DkoeB00004735-RA     -            405 41192at7147          -            339   1.7e-05   23.6   0.0   2   2   7.2e-06    0.0019   16.9   0.0   209   262   100   154    87   191 0.81 -
DkoeB00001088-RA     -            333 41192at7147          -            339   1.7e-05   23.6   0.0   1   2      0.17        44    2.5   0.0   224   288   101   170    92   184 0.70 -
DkoeB00001088-RA     -            333 41192at7147          -            339   1.7e-05   23.6   0.0   2   2   1.3e-06   0.00034   19.3   0.0   225   304   188   277   168   287 0.68 -
DkoeB00007725-RA     -            383 41192at7147          -            339     3e-05   22.8   0.0   1   2      0.02       5.3    5.6   0.0   224   280    61   123    48   143 0.74 -
DkoeB00007725-RA     -            383 41192at7147          -            339     3e-05   22.8   0.0   2   2   1.9e-05    0.0049   15.5   0.0   220   278   143   207   125   253 0.76 -
DkoeB00008491-RA     -            154 41192at7147          -            339   3.2e-05   22.7   0.0   1   1   1.4e-07   3.7e-05   22.5   0.0   223   287    27    96    19   115 0.76 -
DkoeB00000198-RA     -            599 41192at7147          -            339   3.7e-05   22.5   0.0   1   3   0.00023      0.06   12.0   0.0   223   264   262   303   253   312 0.87 -
DkoeB00000198-RA     -            599 41192at7147          -            339   3.7e-05   22.5   0.0   2   3     0.066        17    3.9   0.0   226   275   364   420   324   428 0.73 -
DkoeB00000198-RA     -            599 41192at7147          -            339   3.7e-05   22.5   0.0   3   3      0.25        65    2.0   0.0   228   290   520   587   502   599 0.76 -
DkoeB00003038-RA     -            578 41192at7147          -            339   5.3e-05   22.0   0.0   1   2   8.6e-05     0.022   13.4   0.0   227   299    24   104    21   135 0.74 -
DkoeB00003038-RA     -            578 41192at7147          -            339   5.3e-05   22.0   0.0   2   2      0.01       2.6    6.5   0.0   224   279   491   552   463   577 0.72 -
DkoeB00003033-RA     -            196 41192at7147          -            339   7.4e-05   21.5   0.0   1   1   3.6e-07   9.3e-05   21.2   0.0   220   283   119   188    86   195 0.76 -
DkoeB00006010-RA     -            939 41192at7147          -            339   9.6e-05   21.2   0.0   1   1   6.4e-07   0.00017   20.4   0.0   222   296   190   273   183   295 0.80 -
DkoeB00012106-RA     -            165 41192at7147          -            339    0.0001   21.1   0.0   1   1   4.4e-07   0.00011   20.9   0.0   217   298    62   151    34   157 0.75 -
DkoeB00005355-RA     -            473 41192at7147          -            339   0.00011   20.9   0.0   1   2     0.047        12    4.4   0.0   224   280    35    97    26   109 0.77 -
DkoeB00005355-RA     -            473 41192at7147          -            339   0.00011   20.9   0.0   2   2     4e-05      0.01   14.4   0.0   209   301   110   201   102   212 0.70 -
DkoeB00001279-RA     -            623 41192at7147          -            339   0.00013   20.7   0.0   1   2   0.00011     0.028   13.0   0.0   226   288   117   184    74   203 0.80 -
DkoeB00001279-RA     -            623 41192at7147          -            339   0.00013   20.7   0.0   2   2     0.032       8.4    4.9   0.0   220   277   208   271   194   286 0.72 -
DkoeB00001966-RA     -            281 41192at7147          -            339   0.00017   20.3   0.0   1   1   1.2e-06   0.00031   19.5   0.0   208   298   149   237   126   246 0.79 -
DkoeB00013001-RA     -            656 41192at7147          -            339    0.0002   20.1   0.0   1   1   1.2e-06   0.00032   19.4   0.0   226   277   253   304   229   382 0.86 -
DkoeB00002085-RA     -            350 41192at7147          -            339   0.00024   19.8   2.3   1   3    0.0039         1    7.9   0.1   227   299     8    78     4    84 0.70 -
DkoeB00002085-RA     -            350 41192at7147          -            339   0.00024   19.8   2.3   2   3   0.00029     0.077   11.6   0.0   223   267    83   125    48   163 0.70 -
DkoeB00002085-RA     -            350 41192at7147          -            339   0.00024   19.8   2.3   3   3       1.5   3.9e+02   -0.6   0.2   170   200   180   211   169   214 0.79 -
DkoeB00005783-RA     -            244 41192at7147          -            339   0.00032   19.4   0.0   1   1   1.8e-06   0.00047   18.9   0.0   223   275     4    58     2    66 0.82 -
DkoeB00003034-RA     -            287 41192at7147          -            339   0.00047   18.9   0.0   1   1   2.7e-06    0.0007   18.3   0.0   227   301     4    87     2   136 0.77 -
DkoeB00009619-RA     -            888 41192at7147          -            339   0.00058   18.6   0.0   1   1   4.6e-06    0.0012   17.5   0.0   223   302   441   524   418   547 0.76 -
DkoeB00000812-RA     -            217 41192at7147          -            339    0.0009   17.9   0.0   1   1   4.8e-06    0.0013   17.5   0.0   227   278    12    64     5    82 0.88 -
DkoeB00007854-RA     -             89 41192at7147          -            339     0.001   17.8   0.0   1   1     4e-06     0.001   17.7   0.0   223   287     7    75     2    89 0.75 -
DkoeB00002473-RA     -            121 41192at7147          -            339    0.0011   17.7   0.0   1   1   5.8e-06    0.0015   17.2   0.0   227   279    16    71     8    97 0.78 -
DkoeB00010718-RA     -            377 41192at7147          -            339    0.0016   17.1   0.0   1   2     0.094        25    3.4   0.0   223   259    22    58    15    85 0.84 -
DkoeB00010718-RA     -            377 41192at7147          -            339    0.0016   17.1   0.0   2   2   0.00025     0.066   11.8   0.0   209   262    98   152    88   193 0.79 -
DkoeB00009275-RA     -            818 41192at7147          -            339    0.0021   16.8   0.0   1   1   1.5e-05    0.0039   15.9   0.0   226   277   248   298   235   332 0.86 -
DkoeB00008076-RA     -            313 41192at7147          -            339    0.0021   16.8   0.1   1   2       1.5   3.9e+02   -0.6   0.0   261   297    18    54     8    68 0.69 -
DkoeB00008076-RA     -            313 41192at7147          -            339    0.0021   16.8   0.1   2   2     3e-05    0.0079   14.8   0.0   226   304    83   165    48   176 0.83 -
DkoeB00003037-RA     -            389 41192at7147          -            339    0.0037   15.9   0.0   1   1   2.3e-05     0.006   15.2   0.0   218   284   310   381   289   388 0.74 -
DkoeB00007078-RA     -            793 41192at7147          -            339    0.0044   15.7   0.0   1   2    0.0062       1.6    7.3   0.0   220   258   307   347   294   381 0.73 -
DkoeB00007078-RA     -            793 41192at7147          -            339    0.0044   15.7   0.0   2   2     0.013       3.5    6.2   0.0   226   278   396   448   387   458 0.89 -
DkoeB00003734-RA     -            423 41192at7147          -            339    0.0047   15.6   0.0   1   2      0.42   1.1e+02    1.2   0.0   227   259     8    40     2    56 0.86 -
DkoeB00003734-RA     -            423 41192at7147          -            339    0.0047   15.6   0.0   2   2   0.00022     0.057   12.0   0.0   216   276    86   152    80   175 0.71 -
DkoeB00006585-RA     -            401 41192at7147          -            339    0.0068   15.1   1.8   1   2   0.00025     0.064   11.9   0.1   146   183    84   123    62   145 0.77 -
DkoeB00006585-RA     -            401 41192at7147          -            339    0.0068   15.1   1.8   2   2      0.18        47    2.4   0.2   166   180   188   202   170   211 0.87 -
DkoeB00010139-RA     -            276 41192at7147          -            339     0.012   14.3   0.5   1   2    0.0023       0.6    8.7   0.0   158   184    17    44     6    57 0.84 -
DkoeB00010139-RA     -            276 41192at7147          -            339     0.012   14.3   0.5   2   2     0.062        16    4.0   0.1   156   182   154   180    86   199 0.78 -
DkoeB00006720-RA     -            302 41192at7147          -            339     0.013   14.1   0.0   1   1   7.6e-05      0.02   13.5   0.0   226   281     6    67     2   100 0.71 -
DkoeB00002628-RA     -            286 41192at7147          -            339      0.02   13.5   0.0   1   1    0.0001     0.027   13.1   0.0   220   271     8    61     2   121 0.78 -
DkoeB00010355-RA     -            253 41192at7147          -            339     0.021   13.5   0.0   1   1   0.00011     0.029   13.0   0.0   219   294    68   148    58   158 0.77 -
DkoeB00010514-RA     -            429 41192at7147          -            339     0.028   13.0   0.0   1   1   0.00017     0.044   12.4   0.0   221   290    11    85     4   102 0.76 -
DkoeB00003754-RA     -            451 41192at7147          -            339     0.032   12.9   0.1   1   1   0.00017     0.043   12.4   0.1   196   263    70   139    46   176 0.69 -
DkoeB00002143-RA     -           1212 41192at7147          -            339     0.035   12.7   0.5   1   3     0.032       8.3    4.9   0.0   217   251   197   231   188   240 0.90 -
DkoeB00002143-RA     -           1212 41192at7147          -            339     0.035   12.7   0.5   2   3       1.3   3.5e+02   -0.4   0.0    97   137   454   494   373   510 0.78 -
DkoeB00002143-RA     -           1212 41192at7147          -            339     0.035   12.7   0.5   3   3     0.082        21    3.6   0.3    98   196  1051  1149  1043  1165 0.84 -
DkoeB00003166-RA     -            616 41192at7147          -            339     0.052   12.2   9.5   1   4    0.0055       1.4    7.4   0.0   149   179    29    63     6    67 0.76 -
DkoeB00003166-RA     -            616 41192at7147          -            339     0.052   12.2   9.5   2   4   0.00081      0.21   10.2   0.5   155   179    66    90    62    98 0.87 -
DkoeB00003166-RA     -            616 41192at7147          -            339     0.052   12.2   9.5   3   4       2.9   7.4e+02   -1.5   0.1   158   182    97   121    89   131 0.80 -
DkoeB00003166-RA     -            616 41192at7147          -            339     0.052   12.2   9.5   4   4       5.4   1.4e+03   -2.4   0.1   158   178   125   145   118   156 0.83 -
DkoeB00006504-RA     -            569 41192at7147          -            339     0.062   11.9   0.0   1   2      0.91   2.4e+02    0.1   0.0   225   254   129   158   116   183 0.84 -
DkoeB00006504-RA     -            569 41192at7147          -            339     0.062   11.9   0.0   2   2    0.0018      0.46    9.0   0.0   227   269   216   259   199   291 0.78 -
#
# Program:         hmmsearch
# Version:         3.1b2 (February 2015)
# Pipeline mode:   SEARCH
# Query file:      /home/nmoreyra/Documents/Genomics/03_orthologs_search/00_Phylogenomics_BUSCO-groups/busco4_odb10/busco_downloads/lineages/diptera_odb10/hmms/41192at7147.hmm
# Target file:     /home/nmoreyra/Documents/Genomics/03_orthologs_search/00_Phylogenomics_BUSCO-groups/busco4_odb10/../00_proteins/DkoeB_proteins.fasta
# Option settings: /home/nmoreyra/Software/miniconda3/envs/busco4/bin/hmmsearch --domtblout /home/nmoreyra/Documents/Genomics/03_orthologs_search/00_Phylogenomics_BUSCO-groups/busco4_odb10/DkoeB_diptera/run_diptera_odb10/hmmer_output/initial_run_results/41192at7147.out --cpu 1 /home/nmoreyra/Documents/Genomics/03_orthologs_search/00_Phylogenomics_BUSCO-groups/busco4_odb10/busco_downloads/lineages/diptera_odb10/hmms/41192at7147.hmm /home/nmoreyra/Documents/Genomics/03_orthologs_search/00_Phylogenomics_BUSCO-groups/busco4_odb10/../00_proteins/DkoeB_proteins.fasta 
# Current dir:     /home/nmoreyra/Documents/Genomics/03_orthologs_search/00_Phylogenomics_BUSCO-groups/busco4_odb10
# Date:            Mon Jan 25 14:09:47 2021
# [ok]
