#                                                                            --- full sequence --- -------------- this domain -------------   hmm coord   ali coord   env coord
# target name        accession   tlen query name           accession   qlen   E-value  score  bias   #  of  c-Evalue  i-Evalue  score  bias  from    to  from    to  from    to  acc description of target
#------------------- ---------- ----- -------------------- ---------- ----- --------- ------ ----- --- --- --------- --------- ------ ----- ----- ----- ----- ----- ----- ----- ---- ---------------------
DkoeB00010166-RA     -            364 42176at7147          -            265  3.2e-118  393.4  15.7   1   2     1e-45   4.7e-42  143.8   4.9     1   118    19   154    19   163 0.87 -
DkoeB00010166-RA     -            364 42176at7147          -            265  3.2e-118  393.4  15.7   2   2     3e-79   1.4e-75  253.7   3.0   116   264   177   333   171   334 0.95 -
DkoeB00004156-RA     -            232 42176at7147          -            265     0.001   18.1   1.3   1   3      0.13   6.3e+02   -0.9   0.1    81   134    14    68     9    78 0.63 -
DkoeB00004156-RA     -            232 42176at7147          -            265     0.001   18.1   1.3   2   3     0.033   1.6e+02    1.1   0.5   110   143    71   104    28   107 0.68 -
DkoeB00004156-RA     -            232 42176at7147          -            265     0.001   18.1   1.3   3   3   2.2e-07     0.001   18.1   1.3     5    84   102   190    98   221 0.73 -
DkoeB00004155-RA     -            252 42176at7147          -            265    0.0026   16.8   1.2   1   2     0.068   3.2e+02    0.1   0.1   112   142    93   123    56   125 0.81 -
DkoeB00004155-RA     -            252 42176at7147          -            265    0.0026   16.8   1.2   2   2   5.5e-07    0.0026   16.8   1.2     5    80   122   206   116   226 0.72 -
#
# Program:         hmmsearch
# Version:         3.1b2 (February 2015)
# Pipeline mode:   SEARCH
# Query file:      /home/nmoreyra/Documents/Genomics/03_orthologs_search/00_Phylogenomics_BUSCO-groups/busco4_odb10/busco_downloads/lineages/diptera_odb10/hmms/42176at7147.hmm
# Target file:     /home/nmoreyra/Documents/Genomics/03_orthologs_search/00_Phylogenomics_BUSCO-groups/busco4_odb10/../00_proteins/DkoeB_proteins.fasta
# Option settings: /home/nmoreyra/Software/miniconda3/envs/busco4/bin/hmmsearch --domtblout /home/nmoreyra/Documents/Genomics/03_orthologs_search/00_Phylogenomics_BUSCO-groups/busco4_odb10/DkoeB_diptera/run_diptera_odb10/hmmer_output/initial_run_results/42176at7147.out --cpu 1 /home/nmoreyra/Documents/Genomics/03_orthologs_search/00_Phylogenomics_BUSCO-groups/busco4_odb10/busco_downloads/lineages/diptera_odb10/hmms/42176at7147.hmm /home/nmoreyra/Documents/Genomics/03_orthologs_search/00_Phylogenomics_BUSCO-groups/busco4_odb10/../00_proteins/DkoeB_proteins.fasta 
# Current dir:     /home/nmoreyra/Documents/Genomics/03_orthologs_search/00_Phylogenomics_BUSCO-groups/busco4_odb10
# Date:            Mon Jan 25 14:10:44 2021
# [ok]
