#                                                                            --- full sequence --- -------------- this domain -------------   hmm coord   ali coord   env coord
# target name        accession   tlen query name           accession   qlen   E-value  score  bias   #  of  c-Evalue  i-Evalue  score  bias  from    to  from    to  from    to  acc description of target
#------------------- ---------- ----- -------------------- ---------- ----- --------- ------ ----- --- --- --------- --------- ------ ----- ----- ----- ----- ----- ----- ----- ---- ---------------------
DkoeB00005213-RA     -           1172 42354at7147          -            545  1.5e-254  845.3   0.0   1   1  2.3e-257  2.6e-254  844.5   0.0     1   545   461  1172   461  1172 0.88 -
DkoeB00013004-RA     -           1231 42354at7147          -            545     2e-12   46.1   0.3   1   3   7.6e-11   8.9e-08   30.8   0.1   346   457   549   669   518   673 0.72 -
DkoeB00013004-RA     -           1231 42354at7147          -            545     2e-12   46.1   0.3   2   3   5.5e-05     0.064   11.5   0.0   376   458   694   772   672   774 0.85 -
DkoeB00013004-RA     -           1231 42354at7147          -            545     2e-12   46.1   0.3   3   3     0.053        62    1.6   0.0   266   329   752   819   746   839 0.69 -
DkoeB00006261-RA     -            929 42354at7147          -            545   6.4e-12   44.5   0.0   1   2   8.2e-11   9.6e-08   30.7   0.0   374   441     9    83     2    96 0.79 -
DkoeB00006261-RA     -            929 42354at7147          -            545   6.4e-12   44.5   0.0   2   2   6.4e-05     0.075   11.3   0.0   377   417   289   340   281   356 0.70 -
DkoeB00000866-RA     -            999 42354at7147          -            545   2.2e-10   39.4   9.1   1   3       1.1   1.3e+03   -2.7   0.4   307   369    24    86    10    93 0.48 -
DkoeB00000866-RA     -            999 42354at7147          -            545   2.2e-10   39.4   9.1   2   3   1.9e-13   2.2e-10   39.4   9.1   284   466   151   326    81   343 0.82 -
DkoeB00000866-RA     -            999 42354at7147          -            545   2.2e-10   39.4   9.1   3   3         3   3.5e+03   -4.2   5.0   298   359   449   505   425   516 0.50 -
DkoeB00011033-RA     -            954 42354at7147          -            545   4.9e-10   38.3   0.0   1   3   9.3e-06     0.011   14.0   0.0   376   430    83   135    79   139 0.86 -
DkoeB00011033-RA     -            954 42354at7147          -            545   4.9e-10   38.3   0.0   2   3   2.6e-07    0.0003   19.2   0.0   373   429   249   302   235   308 0.87 -
DkoeB00011033-RA     -            954 42354at7147          -            545   4.9e-10   38.3   0.0   3   3      0.11   1.3e+02    0.6   0.1   191   227   390   426   354   437 0.81 -
DkoeB00003164-RA     -            542 42354at7147          -            545     1e-09   37.3   5.6   1   2      0.46   5.4e+02   -1.5   5.9   295   500    60    83    23   140 0.48 -
DkoeB00003164-RA     -            542 42354at7147          -            545     1e-09   37.3   5.6   2   2   1.7e-12     2e-09   36.3   0.0   376   462   441   524   388   529 0.90 -
DkoeB00010137-RA     -            510 42354at7147          -            545   4.5e-09   35.1   0.0   1   2   8.4e-12   9.9e-09   34.0   0.0   371   476    27   168    17   280 0.71 -
DkoeB00010137-RA     -            510 42354at7147          -            545   4.5e-09   35.1   0.0   2   2       1.2   1.4e+03   -2.8   0.0   444   458   393   407   349   412 0.83 -
DkoeB00011563-RA     -            211 42354at7147          -            545   4.5e-06   25.2   0.0   1   1   4.6e-09   5.3e-06   25.0   0.0   371   475    54   151    42   181 0.86 -
DkoeB00002515-RA     -            428 42354at7147          -            545   4.6e-06   25.2   0.0   1   1   7.1e-09   8.3e-06   24.3   0.0   377   463   325   405   303   422 0.85 -
DkoeB00012661-RA     -            163 42354at7147          -            545   5.3e-05   21.7   0.0   1   1     6e-08     7e-05   21.3   0.0   376   417    11    50     4    64 0.87 -
DkoeB00007333-RA     -            390 42354at7147          -            545    0.0003   19.2   0.2   1   3       3.4     4e+03   -4.3   5.6   311   361    18    54     1    97 0.32 -
DkoeB00007333-RA     -            390 42354at7147          -            545    0.0003   19.2   0.2   2   3       1.5   1.8e+03   -3.2   5.0   291   335    99   142    63   189 0.47 -
DkoeB00007333-RA     -            390 42354at7147          -            545    0.0003   19.2   0.2   3   3   2.5e-07    0.0003   19.2   0.2   369   456   229   312   216   315 0.86 -
DkoeB00004320-RA     -            954 42354at7147          -            545    0.0015   16.9   0.0   1   2   1.3e-06    0.0015   16.9   0.0   367   429   230   284   143   292 0.67 -
DkoeB00004320-RA     -            954 42354at7147          -            545    0.0015   16.9   0.0   2   2       4.1   4.8e+03   -4.6   1.8   298   331   454   487   438   535 0.40 -
#
# Program:         hmmsearch
# Version:         3.1b2 (February 2015)
# Pipeline mode:   SEARCH
# Query file:      /home/nmoreyra/Documents/Genomics/03_orthologs_search/00_Phylogenomics_BUSCO-groups/busco4_odb10/busco_downloads/lineages/diptera_odb10/hmms/42354at7147.hmm
# Target file:     /home/nmoreyra/Documents/Genomics/03_orthologs_search/00_Phylogenomics_BUSCO-groups/busco4_odb10/../00_proteins/DkoeB_proteins.fasta
# Option settings: /home/nmoreyra/Software/miniconda3/envs/busco4/bin/hmmsearch --domtblout /home/nmoreyra/Documents/Genomics/03_orthologs_search/00_Phylogenomics_BUSCO-groups/busco4_odb10/DkoeB_diptera/run_diptera_odb10/hmmer_output/initial_run_results/42354at7147.out --cpu 1 /home/nmoreyra/Documents/Genomics/03_orthologs_search/00_Phylogenomics_BUSCO-groups/busco4_odb10/busco_downloads/lineages/diptera_odb10/hmms/42354at7147.hmm /home/nmoreyra/Documents/Genomics/03_orthologs_search/00_Phylogenomics_BUSCO-groups/busco4_odb10/../00_proteins/DkoeB_proteins.fasta 
# Current dir:     /home/nmoreyra/Documents/Genomics/03_orthologs_search/00_Phylogenomics_BUSCO-groups/busco4_odb10
# Date:            Mon Jan 25 14:11:04 2021
# [ok]
