#                                                                            --- full sequence --- -------------- this domain -------------   hmm coord   ali coord   env coord
# target name        accession   tlen query name           accession   qlen   E-value  score  bias   #  of  c-Evalue  i-Evalue  score  bias  from    to  from    to  from    to  acc description of target
#------------------- ---------- ----- -------------------- ---------- ----- --------- ------ ----- --- --- --------- --------- ------ ----- ----- ----- ----- ----- ----- ----- ---- ---------------------
DkoeB00003371-RA     -            416 42944at7147          -            307  1.1e-145  484.3  23.2   1   2   2.9e-25     5e-22   78.1   5.4     1    78    35   129    35   141 0.87 -
DkoeB00003371-RA     -            416 42944at7147          -            307  1.1e-145  484.3  23.2   2   2  3.9e-126  6.9e-123  409.4   9.7    73   302   145   387   133   392 0.94 -
DkoeB00004561-RA     -            402 42944at7147          -            307   5.1e-27   94.6   0.1   1   2   3.5e-18   6.2e-15   54.8   0.0     4   163    61   223    58   245 0.82 -
DkoeB00004561-RA     -            402 42944at7147          -            307   5.1e-27   94.6   0.1   2   2   5.5e-13   9.7e-10   37.8   0.0   184   229   261   306   254   316 0.92 -
DkoeB00010796-RA     -            401 42944at7147          -            307   1.2e-07   31.0   2.6   1   1   2.3e-10     4e-07   29.2   2.6    15   214    18   239    10   254 0.75 -
DkoeB00009535-RA     -            320 42944at7147          -            307   6.9e-07   28.4   0.7   1   2   3.6e-05     0.062   12.1   0.1    10    51    42    82    35   225 0.61 -
DkoeB00009535-RA     -            320 42944at7147          -            307   6.9e-07   28.4   0.7   2   2   3.3e-05     0.059   12.2   0.0   185   233   264   312   258   318 0.79 -
DkoeB00002169-RA     -            399 42944at7147          -            307   2.6e-05   23.2   0.9   1   2      0.78   1.4e+03   -2.1   0.0    42    73   108   139   102   144 0.84 -
DkoeB00002169-RA     -            399 42944at7147          -            307   2.6e-05   23.2   0.9   2   2   3.3e-08   5.7e-05   22.1   0.5    13   216   182   398   171   399 0.67 -
DkoeB00007789-RA     -           1349 42944at7147          -            307   4.1e-05   22.6   0.4   1   1   4.1e-08   7.2e-05   21.8   0.4   118   217   222   324   219   345 0.78 -
DkoeB00013926-RA     -            325 42944at7147          -            307   0.00091   18.2   0.2   1   2      0.25   4.3e+02   -0.5   0.0    13    35   115   138   102   145 0.71 -
DkoeB00013926-RA     -            325 42944at7147          -            307   0.00091   18.2   0.2   2   2   1.2e-05     0.022   13.7   0.1   118   158   241   281   229   321 0.88 -
DkoeB00008164-RA     -            307 42944at7147          -            307    0.0012   17.8   0.7   1   1     9e-06     0.016   14.1   0.7   116   158   220   262   103   302 0.84 -
#
# Program:         hmmsearch
# Version:         3.1b2 (February 2015)
# Pipeline mode:   SEARCH
# Query file:      /home/nmoreyra/Documents/Genomics/03_orthologs_search/00_Phylogenomics_BUSCO-groups/busco4_odb10/busco_downloads/lineages/diptera_odb10/hmms/42944at7147.hmm
# Target file:     /home/nmoreyra/Documents/Genomics/03_orthologs_search/00_Phylogenomics_BUSCO-groups/busco4_odb10/../00_proteins/DkoeB_proteins.fasta
# Option settings: /home/nmoreyra/Software/miniconda3/envs/busco4/bin/hmmsearch --domtblout /home/nmoreyra/Documents/Genomics/03_orthologs_search/00_Phylogenomics_BUSCO-groups/busco4_odb10/DkoeB_diptera/run_diptera_odb10/hmmer_output/initial_run_results/42944at7147.out --cpu 1 /home/nmoreyra/Documents/Genomics/03_orthologs_search/00_Phylogenomics_BUSCO-groups/busco4_odb10/busco_downloads/lineages/diptera_odb10/hmms/42944at7147.hmm /home/nmoreyra/Documents/Genomics/03_orthologs_search/00_Phylogenomics_BUSCO-groups/busco4_odb10/../00_proteins/DkoeB_proteins.fasta 
# Current dir:     /home/nmoreyra/Documents/Genomics/03_orthologs_search/00_Phylogenomics_BUSCO-groups/busco4_odb10
# Date:            Mon Jan 25 14:09:50 2021
# [ok]
