#                                                                            --- full sequence --- -------------- this domain -------------   hmm coord   ali coord   env coord
# target name        accession   tlen query name           accession   qlen   E-value  score  bias   #  of  c-Evalue  i-Evalue  score  bias  from    to  from    to  from    to  acc description of target
#------------------- ---------- ----- -------------------- ---------- ----- --------- ------ ----- --- --- --------- --------- ------ ----- ----- ----- ----- ----- ----- ----- ---- ---------------------
DkoeB00004894-RA     -            419 43315at7147          -            259  1.2e-138  460.3   0.1   1   2  1.1e-132  2.6e-129  429.7   0.0     4   236   102   343   100   354 0.96 -
DkoeB00004894-RA     -            419 43315at7147          -            259  1.2e-138  460.3   0.1   2   2   2.5e-10   5.9e-07   28.7   0.1   229   258   357   389   351   390 0.88 -
DkoeB00004660-RA     -            392 43315at7147          -            259  2.1e-124  413.6   0.5   1   2  2.5e-118  5.8e-115  382.7   0.0     5   236    74   314    71   324 0.96 -
DkoeB00004660-RA     -            392 43315at7147          -            259  2.1e-124  413.6   0.5   2   2   1.5e-10   3.5e-07   29.5   0.1   228   258   327   360   320   361 0.88 -
DkoeB00003328-RA     -            890 43315at7147          -            259   6.6e-67  225.2   0.3   1   3      0.89   2.1e+03   -2.6   0.0   149   173   166   190   158   194 0.77 -
DkoeB00003328-RA     -            890 43315at7147          -            259   6.6e-67  225.2   0.3   2   3   8.4e-52     2e-48  164.6   0.1    13   170   230   384   219   395 0.89 -
DkoeB00003328-RA     -            890 43315at7147          -            259   6.6e-67  225.2   0.3   3   3     4e-19   9.3e-16   57.6   0.0   170   244   410   492   396   499 0.82 -
DkoeB00011313-RA     -            303 43315at7147          -            259   3.4e-20   72.1   0.2   1   2   3.5e-16   8.1e-13   47.9   0.0    27   155    41   165    36   190 0.77 -
DkoeB00011313-RA     -            303 43315at7147          -            259   3.4e-20   72.1   0.2   2   2   2.6e-08   6.1e-05   22.1   0.1   160   212   197   252   187   299 0.82 -
DkoeB00005146-RA     -            818 43315at7147          -            259   1.4e-11   43.8   0.3   1   2   0.00021       0.5    9.3   0.0    25    57   124   155   108   163 0.79 -
DkoeB00005146-RA     -            818 43315at7147          -            259   1.4e-11   43.8   0.3   2   2   1.8e-11   4.3e-08   32.4   0.2    91   210   167   298   160   348 0.82 -
DkoeB00002336-RA     -             77 43315at7147          -            259     0.025   13.5   0.0   1   1   1.1e-05     0.026   13.5   0.0    73   136     3    65     1    75 0.78 -
#
# Program:         hmmsearch
# Version:         3.1b2 (February 2015)
# Pipeline mode:   SEARCH
# Query file:      /home/nmoreyra/Documents/Genomics/03_orthologs_search/00_Phylogenomics_BUSCO-groups/busco4_odb10/busco_downloads/lineages/diptera_odb10/hmms/43315at7147.hmm
# Target file:     /home/nmoreyra/Documents/Genomics/03_orthologs_search/00_Phylogenomics_BUSCO-groups/busco4_odb10/../00_proteins/DkoeB_proteins.fasta
# Option settings: /home/nmoreyra/Software/miniconda3/envs/busco4/bin/hmmsearch --domtblout /home/nmoreyra/Documents/Genomics/03_orthologs_search/00_Phylogenomics_BUSCO-groups/busco4_odb10/DkoeB_diptera/run_diptera_odb10/hmmer_output/initial_run_results/43315at7147.out --cpu 1 /home/nmoreyra/Documents/Genomics/03_orthologs_search/00_Phylogenomics_BUSCO-groups/busco4_odb10/busco_downloads/lineages/diptera_odb10/hmms/43315at7147.hmm /home/nmoreyra/Documents/Genomics/03_orthologs_search/00_Phylogenomics_BUSCO-groups/busco4_odb10/../00_proteins/DkoeB_proteins.fasta 
# Current dir:     /home/nmoreyra/Documents/Genomics/03_orthologs_search/00_Phylogenomics_BUSCO-groups/busco4_odb10
# Date:            Mon Jan 25 14:10:33 2021
# [ok]
