#                                                                            --- full sequence --- -------------- this domain -------------   hmm coord   ali coord   env coord
# target name        accession   tlen query name           accession   qlen   E-value  score  bias   #  of  c-Evalue  i-Evalue  score  bias  from    to  from    to  from    to  acc description of target
#------------------- ---------- ----- -------------------- ---------- ----- --------- ------ ----- --- --- --------- --------- ------ ----- ----- ----- ----- ----- ----- ----- ---- ---------------------
DkoeB00004585-RA     -            289 44284at7147          -            240  6.2e-132  437.8   0.6   1   1  6.4e-135    9e-132  437.3   0.6     1   240     5   286     5   286 0.91 -
DkoeB00008525-RA     -            388 44284at7147          -            240   0.00028   19.9   0.7   1   1   3.1e-07   0.00043   19.2   0.3    17   131    64   178    54   221 0.63 -
DkoeB00010019-RA     -            286 44284at7147          -            240   0.00054   18.9   0.0   1   1   5.9e-07   0.00083   18.3   0.0    56   164    93   201    72   210 0.80 -
DkoeB00005745-RA     -            507 44284at7147          -            240   0.00065   18.7   0.1   1   1   8.3e-07    0.0012   17.8   0.1    38   100   217   281   209   305 0.78 -
DkoeB00011625-RA     -            217 44284at7147          -            240    0.0013   17.7   0.1   1   1   1.1e-06    0.0015   17.4   0.1    49   129    51   137    19   173 0.74 -
DkoeB00014203-RA     -            875 44284at7147          -            240    0.0056   15.6   0.0   1   1   7.7e-06     0.011   14.7   0.0    57   168    45   154    34   176 0.80 -
DkoeB00008926-RA     -            341 44284at7147          -            240     0.045   12.6   0.1   1   1   5.2e-05     0.072   12.0   0.1    27    95    11    80     2   118 0.85 -
DkoeB00004892-RA     -            536 44284at7147          -            240     0.061   12.2   0.1   1   2   0.00035      0.49    9.3   0.0    39    95   171   228   145   250 0.81 -
DkoeB00004892-RA     -            536 44284at7147          -            240     0.061   12.2   0.1   2   2      0.19   2.7e+02    0.3   0.0   123   142   344   363   339   371 0.89 -
DkoeB00012345-RA     -            279 44284at7147          -            240     0.064   12.1   0.0   1   1   0.00025      0.36    9.7   0.0    33    78    56   101    40   226 0.61 -
DkoeB00007910-RA     -            276 44284at7147          -            240      0.13   11.1   0.0   1   1   0.00014       0.2   10.5   0.0    56    96    52    92    28    96 0.89 -
#
# Program:         hmmsearch
# Version:         3.1b2 (February 2015)
# Pipeline mode:   SEARCH
# Query file:      /home/nmoreyra/Documents/Genomics/03_orthologs_search/00_Phylogenomics_BUSCO-groups/busco4_odb10/busco_downloads/lineages/diptera_odb10/hmms/44284at7147.hmm
# Target file:     /home/nmoreyra/Documents/Genomics/03_orthologs_search/00_Phylogenomics_BUSCO-groups/busco4_odb10/../00_proteins/DkoeB_proteins.fasta
# Option settings: /home/nmoreyra/Software/miniconda3/envs/busco4/bin/hmmsearch --domtblout /home/nmoreyra/Documents/Genomics/03_orthologs_search/00_Phylogenomics_BUSCO-groups/busco4_odb10/DkoeB_diptera/run_diptera_odb10/hmmer_output/initial_run_results/44284at7147.out --cpu 1 /home/nmoreyra/Documents/Genomics/03_orthologs_search/00_Phylogenomics_BUSCO-groups/busco4_odb10/busco_downloads/lineages/diptera_odb10/hmms/44284at7147.hmm /home/nmoreyra/Documents/Genomics/03_orthologs_search/00_Phylogenomics_BUSCO-groups/busco4_odb10/../00_proteins/DkoeB_proteins.fasta 
# Current dir:     /home/nmoreyra/Documents/Genomics/03_orthologs_search/00_Phylogenomics_BUSCO-groups/busco4_odb10
# Date:            Mon Jan 25 14:11:43 2021
# [ok]
