#                                                                            --- full sequence --- -------------- this domain -------------   hmm coord   ali coord   env coord
# target name        accession   tlen query name           accession   qlen   E-value  score  bias   #  of  c-Evalue  i-Evalue  score  bias  from    to  from    to  from    to  acc description of target
#------------------- ---------- ----- -------------------- ---------- ----- --------- ------ ----- --- --- --------- --------- ------ ----- ----- ----- ----- ----- ----- ----- ---- ---------------------
DkoeB00005334-RA     -            343 46666at7147          -            215  1.3e-114  380.9  24.3   1   2   2.3e-32   5.2e-30  104.4   6.2     1    70    53   135    53   143 0.92 -
DkoeB00005334-RA     -            343 46666at7147          -            215  1.3e-114  380.9  24.3   2   2   1.4e-84   3.2e-82  275.0  10.1    67   215   163   343   146   343 0.87 -
DkoeB00014598-RA     -            395 46666at7147          -            215   2.1e-85  285.4   9.9   1   1   1.7e-86   3.9e-84  281.3   9.9     1   215   153   395   153   395 0.90 -
DkoeB00005133-RA     -            821 46666at7147          -            215   5.2e-32  110.9  10.2   1   2   9.9e-09   2.3e-06   27.1   1.1     6    87   221   308   216   317 0.79 -
DkoeB00005133-RA     -            821 46666at7147          -            215   5.2e-32  110.9  10.2   2   2   2.1e-27   4.9e-25   88.1   2.4   102   180   405   485   387   517 0.86 -
DkoeB00005611-RA     -            570 46666at7147          -            215   1.6e-30  106.0   7.5   1   1   7.1e-33   1.6e-30  106.0   7.5     5   182   236   440   232   464 0.72 -
DkoeB00005122-RA     -           1287 46666at7147          -            215   2.8e-30  105.2   6.1   1   2   6.7e-09   1.5e-06   27.7   0.3     5    81   282   369   278   392 0.78 -
DkoeB00005122-RA     -           1287 46666at7147          -            215   2.8e-30  105.2   6.1   2   2   8.8e-25     2e-22   79.6   1.1   104   178  1193  1269  1183  1280 0.89 -
DkoeB00014421-RA     -            520 46666at7147          -            215   5.4e-30  104.3   8.2   1   1   2.4e-32   5.4e-30  104.3   8.2     5   180   236   438   232   452 0.73 -
DkoeB00004761-RA     -            680 46666at7147          -            215     6e-30  104.2  12.6   1   3       3.2   7.3e+02   -0.7   2.2    87   126   153   193    67   206 0.64 -
DkoeB00004761-RA     -            680 46666at7147          -            215     6e-30  104.2  12.6   2   3    0.0017      0.38   10.0   0.0    39    84   317   362   311   382 0.83 -
DkoeB00004761-RA     -            680 46666at7147          -            215     6e-30  104.2  12.6   3   3   2.3e-30   5.2e-28   97.8   3.1   103   188   558   642   533   664 0.81 -
DkoeB00002997-RA     -            631 46666at7147          -            215     1e-28  100.1   9.1   1   2    0.0034      0.77    9.0   0.0    11    79   257   331   247   382 0.69 -
DkoeB00002997-RA     -            631 46666at7147          -            215     1e-28  100.1   9.1   2   2   1.2e-29   2.6e-27   95.5   0.9    96   179   545   629   529   631 0.87 -
DkoeB00007524-RA     -            648 46666at7147          -            215   6.1e-28   97.6  13.4   1   2   5.4e-06    0.0012   18.2   0.7     7    79   254   333   248   350 0.77 -
DkoeB00007524-RA     -            648 46666at7147          -            215   6.1e-28   97.6  13.4   2   2     1e-27   2.3e-25   89.2   0.2   103   187   558   643   537   648 0.86 -
DkoeB00005120-RA     -            708 46666at7147          -            215   1.1e-27   96.8  11.8   1   2   2.7e-08     6e-06   25.7   0.2     5    80   379   465   375   485 0.77 -
DkoeB00005120-RA     -            708 46666at7147          -            215   1.1e-27   96.8  11.8   2   2   1.2e-24   2.8e-22   79.1   0.5   103   179   518   595   493   607 0.88 -
DkoeB00000741-RA     -            295 46666at7147          -            215     1e-25   90.3   1.2   1   1   6.8e-28   1.5e-25   89.8   1.2    88   179   199   293   180   295 0.80 -
DkoeB00005195-RA     -            429 46666at7147          -            215   2.7e-24   85.7   0.2   1   1     2e-26   4.5e-24   85.0   0.2    88   180   302   396   292   408 0.85 -
DkoeB00013984-RA     -            857 46666at7147          -            215   8.3e-24   84.1   7.1   1   2   2.3e-05    0.0053   16.1   0.9     5    69   401   471   397   483 0.77 -
DkoeB00013984-RA     -            857 46666at7147          -            215   8.3e-24   84.1   7.1   2   2   3.5e-22     8e-20   71.1   0.7   100   188   723   812   699   831 0.85 -
DkoeB00005268-RA     -            954 46666at7147          -            215   1.4e-23   83.3   8.6   1   2   2.7e-05     0.006   15.9   0.9     5    69   402   472   398   484 0.77 -
DkoeB00005268-RA     -            954 46666at7147          -            215   1.4e-23   83.3   8.6   2   2   3.3e-22   7.5e-20   71.2   1.4    92   180   800   889   787   911 0.85 -
DkoeB00007858-RA     -            860 46666at7147          -            215   1.5e-23   83.2   3.3   1   2   6.5e-05     0.015   14.7   0.4     1    69    72   145    72   155 0.78 -
DkoeB00007858-RA     -            860 46666at7147          -            215   1.5e-23   83.2   3.3   2   2   1.7e-21     4e-19   68.8   0.1   103   181   726   807   696   827 0.79 -
DkoeB00004504-RA     -            583 46666at7147          -            215   2.8e-22   79.1   6.3   1   2   0.00011     0.024   14.0   0.1     6    78   279   357   274   373 0.78 -
DkoeB00004504-RA     -            583 46666at7147          -            215   2.8e-22   79.1   6.3   2   2   2.7e-21   6.1e-19   68.2   0.0   104   182   467   545   453   562 0.89 -
DkoeB00008345-RA     -            631 46666at7147          -            215   9.9e-19   67.5  13.9   1   2     4e-06   0.00091   18.6   0.1     6    81   233   312   227   340 0.78 -
DkoeB00008345-RA     -            631 46666at7147          -            215   9.9e-19   67.5  13.9   2   2   3.8e-18   8.6e-16   57.9   1.1   105   194   535   625   515   630 0.86 -
DkoeB00001137-RA     -            397 46666at7147          -            215   9.9e-18   64.2  16.7   1   2       1.1   2.5e+02    0.8   0.0   149   167     8    26     4    40 0.87 -
DkoeB00001137-RA     -            397 46666at7147          -            215   9.9e-18   64.2  16.7   2   2   4.4e-20   9.9e-18   64.2  16.7     1   181   167   344   167   352 0.80 -
DkoeB00011582-RA     -            769 46666at7147          -            215   5.7e-16   58.5   1.0   1   3       0.2        44    3.3   0.0    89   126   195   232   174   235 0.85 -
DkoeB00011582-RA     -            769 46666at7147          -            215   5.7e-16   58.5   1.0   2   3     0.046        10    5.3   0.0    51   106   265   320   247   328 0.73 -
DkoeB00011582-RA     -            769 46666at7147          -            215   5.7e-16   58.5   1.0   3   3   1.8e-14     4e-12   45.9   0.6    91   189   662   761   653   767 0.88 -
DkoeB00010443-RA     -            876 46666at7147          -            215   1.7e-15   56.9  12.5   1   1   5.8e-16   1.3e-13   50.8  12.5     1   179   212   415   212   429 0.75 -
DkoeB00008346-RA     -            448 46666at7147          -            215   2.1e-15   56.6   4.5   1   2    0.0034      0.77    9.0   0.1     3    70   103   178   100   202 0.79 -
DkoeB00008346-RA     -            448 46666at7147          -            215   2.1e-15   56.6   4.5   2   2   3.5e-15   7.9e-13   48.2   1.4    82   192   329   443   268   448 0.72 -
DkoeB00007535-RA     -            445 46666at7147          -            215   1.7e-13   50.4   0.0   1   1   1.2e-15   2.7e-13   49.8   0.0    90   163   327   401   310   429 0.81 -
DkoeB00010942-RA     -            841 46666at7147          -            215   1.7e-09   37.3   9.8   1   2   1.4e-05    0.0031   16.8   4.0    37   177   252   400   212   405 0.65 -
DkoeB00010942-RA     -            841 46666at7147          -            215   1.7e-09   37.3   9.8   2   2   1.5e-07   3.4e-05   23.3   0.3    68   180   581   707   547   736 0.64 -
DkoeB00001211-RA     -            412 46666at7147          -            215   2.5e-09   36.8   0.7   1   2       9.3   2.1e+03   -2.2   0.1    55    75    19    38     9    72 0.66 -
DkoeB00001211-RA     -            412 46666at7147          -            215   2.5e-09   36.8   0.7   2   2   1.1e-11   2.5e-09   36.8   0.7    94   175   264   349   254   355 0.80 -
DkoeB00011318-RA     -            374 46666at7147          -            215     3e-09   36.5   3.0   1   1     3e-11   6.8e-09   35.4   3.0    52   179   182   321   130   331 0.72 -
DkoeB00010885-RA     -            571 46666at7147          -            215   4.9e-09   35.8   3.9   1   2       5.9   1.3e+03   -1.6   1.8    14    78   181   221   152   258 0.52 -
DkoeB00010885-RA     -            571 46666at7147          -            215   4.9e-09   35.8   3.9   2   2   2.2e-11   4.9e-09   35.8   3.9   111   178   367   438   344   448 0.77 -
DkoeB00014173-RA     -            679 46666at7147          -            215   6.4e-09   35.4   4.3   1   1   4.9e-11   1.1e-08   34.7   4.3    10   187   193   377   187   389 0.63 -
DkoeB00001214-RA     -            518 46666at7147          -            215   1.7e-08   34.0   0.2   1   2      0.87     2e+02    1.2   2.2    69    99   298   328   292   333 0.81 -
DkoeB00001214-RA     -            518 46666at7147          -            215   1.7e-08   34.0   0.2   2   2   7.7e-11   1.7e-08   34.0   0.2    91   175   378   466   349   480 0.78 -
DkoeB00010676-RA     -            670 46666at7147          -            215   4.6e-08   32.6   2.0   1   1   3.4e-10   7.8e-08   31.9   2.0    10   181   193   371   187   397 0.63 -
DkoeB00009191-RA     -            576 46666at7147          -            215     8e-08   31.8   6.4   1   1   9.9e-10   2.2e-07   30.4   6.4    95   179   374   462   284   475 0.68 -
DkoeB00002837-RA     -            448 46666at7147          -            215   1.2e-07   31.3   7.0   1   1   8.1e-10   1.8e-07   30.7   6.4    51   194   232   373   171   387 0.72 -
DkoeB00010937-RA     -            473 46666at7147          -            215   1.2e-07   31.3   1.1   1   1   5.4e-10   1.2e-07   31.3   1.1   110   186   137   217    79   239 0.69 -
DkoeB00000182-RA     -            525 46666at7147          -            215   2.1e-07   30.5   0.8   1   2      0.24        54    3.0   0.0    54    87   223   254   175   275 0.80 -
DkoeB00000182-RA     -            525 46666at7147          -            215   2.1e-07   30.5   0.8   2   2   3.1e-08     7e-06   25.5   0.2   102   185   425   505   402   517 0.84 -
DkoeB00010677-RA     -            692 46666at7147          -            215   2.7e-07   30.1   4.9   1   1   2.3e-09   5.3e-07   29.2   4.9    10   192   244   436   238   459 0.63 -
DkoeB00009193-RA     -            497 46666at7147          -            215   3.5e-07   29.7   0.2   1   1   1.6e-09   3.5e-07   29.7   0.2    96   183   278   371   253   380 0.74 -
DkoeB00014174-RA     -            660 46666at7147          -            215   3.9e-07   29.6   6.5   1   1   3.3e-09   7.5e-07   28.7   6.5    10   192   232   424   226   447 0.64 -
DkoeB00005322-RA     -            424 46666at7147          -            215   7.4e-07   28.7   1.6   1   1   3.3e-09   7.4e-07   28.7   1.6    12   183   196   372   179   385 0.71 -
DkoeB00000184-RA     -            645 46666at7147          -            215   1.1e-06   28.1   6.3   1   2     0.084        19    4.5   1.5    50    88   205   244   147   264 0.58 -
DkoeB00000184-RA     -            645 46666at7147          -            215   1.1e-06   28.1   6.3   2   2   3.5e-08   7.9e-06   25.3   0.1   111   179   319   384   287   390 0.73 -
DkoeB00008455-RA     -            549 46666at7147          -            215   1.3e-06   27.8  11.9   1   1   1.8e-08     4e-06   26.3  11.0   104   179   296   375   211   384 0.72 -
DkoeB00004330-RA     -            446 46666at7147          -            215   1.5e-06   27.7   8.4   1   2       3.8   8.7e+02   -1.0   0.1    23    43   129   149   103   172 0.58 -
DkoeB00004330-RA     -            446 46666at7147          -            215   1.5e-06   27.7   8.4   2   2   6.5e-09   1.5e-06   27.7   8.4    35   190   194   350   168   356 0.71 -
DkoeB00008022-RA     -            373 46666at7147          -            215   2.1e-06   27.2   1.9   1   1   9.2e-09   2.1e-06   27.2   1.9     3   176   159   342   157   363 0.77 -
DkoeB00013863-RA     -            553 46666at7147          -            215   2.6e-06   26.9   9.8   1   2       7.2   1.6e+03   -1.8   2.2   100   123   251   274   155   280 0.47 -
DkoeB00013863-RA     -            553 46666at7147          -            215   2.6e-06   26.9   9.8   2   2   1.1e-08   2.6e-06   26.9   9.8   104   179   300   379   243   388 0.79 -
DkoeB00002118-RA     -            624 46666at7147          -            215   8.7e-06   25.2   2.0   1   1   3.8e-08   8.7e-06   25.2   2.0    95   166   381   454   313   457 0.83 -
DkoeB00010613-RA     -            160 46666at7147          -            215     9e-06   25.1   3.2   1   1   7.4e-08   1.7e-05   24.3   3.2   115   178     8    74     2    83 0.83 -
DkoeB00009487-RA     -            617 46666at7147          -            215   1.1e-05   24.9   0.7   1   2       3.5     8e+02   -0.8   0.4    30    68   189   226   159   252 0.60 -
DkoeB00009487-RA     -            617 46666at7147          -            215   1.1e-05   24.9   0.7   2   2   4.8e-08   1.1e-05   24.9   0.7    70   180   314   426   290   444 0.70 -
DkoeB00002415-RA     -            550 46666at7147          -            215   1.2e-05   24.8   9.1   1   1   1.6e-07   3.7e-05   23.2   9.2   105   177   256   333   147   344 0.66 -
DkoeB00000743-RA     -            204 46666at7147          -            215   3.1e-05   23.4   0.2   1   1     2e-07   4.6e-05   22.8   0.2     7    86    36   118    30   125 0.72 -
DkoeB00007534-RA     -            111 46666at7147          -            215   3.6e-05   23.2   0.5   1   1   1.6e-07   3.6e-05   23.2   0.5    14    81     9    77     1   103 0.73 -
DkoeB00004407-RA     -            517 46666at7147          -            215   6.6e-05   22.3   5.2   1   2       2.5   5.7e+02   -0.4   1.0    12    50   192   231   181   262 0.65 -
DkoeB00004407-RA     -            517 46666at7147          -            215   6.6e-05   22.3   5.2   2   2   2.9e-07   6.6e-05   22.3   5.2    46   179   290   419   233   430 0.76 -
DkoeB00005738-RA     -            371 46666at7147          -            215   8.4e-05   22.0   5.8   1   2       1.1   2.5e+02    0.8   0.6    16    58    58   100    48   112 0.80 -
DkoeB00005738-RA     -            371 46666at7147          -            215   8.4e-05   22.0   5.8   2   2   3.7e-07   8.4e-05   22.0   5.8    14   172   119   291   111   315 0.61 -
DkoeB00003426-RA     -            448 46666at7147          -            215   0.00015   21.1   0.9   1   1   1.1e-06   0.00026   20.4   0.9    12   178   175   354   168   369 0.76 -
DkoeB00000705-RA     -            262 46666at7147          -            215   0.00018   20.9   3.6   1   1   1.4e-06   0.00032   20.1   3.6    24   188    77   241    70   255 0.74 -
DkoeB00011185-RA     -            824 46666at7147          -            215   0.00018   20.9   0.7   1   1   1.7e-06   0.00037   19.9   0.7    55   177   659   771   633   795 0.74 -
DkoeB00009281-RA     -            383 46666at7147          -            215    0.0005   19.4   3.2   1   1   3.5e-06    0.0008   18.8   3.2    36   172   205   348   164   368 0.68 -
DkoeB00006597-RA     -            385 46666at7147          -            215   0.00054   19.3   3.6   1   1   2.4e-06   0.00054   19.3   3.6   105   192   201   294   142   315 0.80 -
DkoeB00005196-RA     -            196 46666at7147          -            215   0.00063   19.1   0.0   1   1   3.7e-06   0.00084   18.7   0.0    46   100    52   107    39   134 0.73 -
DkoeB00006380-RA     -            788 46666at7147          -            215   0.00063   19.1   1.8   1   2       4.6   1.1e+03   -1.2   0.3    44    73   238   261   191   270 0.59 -
DkoeB00006380-RA     -            788 46666at7147          -            215   0.00063   19.1   1.8   2   2   4.5e-06     0.001   18.4   0.1    95   180   378   464   363   476 0.70 -
DkoeB00011784-RA     -            394 46666at7147          -            215   0.00069   19.0  12.4   1   2       2.8   6.3e+02   -0.5   0.4   109   127   200   218   110   221 0.65 -
DkoeB00011784-RA     -            394 46666at7147          -            215   0.00069   19.0  12.4   2   2   5.7e-06    0.0013   18.1  11.9    69   211   210   353   140   356 0.70 -
DkoeB00004923-RA     -            369 46666at7147          -            215    0.0013   18.1   4.1   1   1     1e-05    0.0023   17.3   4.1     5   175   164   339   159   356 0.82 -
DkoeB00009715-RA     -            534 46666at7147          -            215    0.0021   17.4   5.9   1   1   1.2e-05    0.0026   17.1   4.8   106   201   334   425   230   436 0.72 -
DkoeB00004049-RA     -           1379 46666at7147          -            215    0.0078   15.5   2.0   1   2         6   1.4e+03   -1.6   0.2    14    70   898   959   888   967 0.54 -
DkoeB00004049-RA     -           1379 46666at7147          -            215    0.0078   15.5   2.0   2   2   3.4e-05    0.0078   15.5   2.0    98   172   968  1043   961  1052 0.87 -
DkoeB00011648-RA     -            186 46666at7147          -            215     0.014   14.7   2.1   1   1     9e-05      0.02   14.2   2.1    14    84     9    82     2   112 0.59 -
#
# Program:         hmmsearch
# Version:         3.1b2 (February 2015)
# Pipeline mode:   SEARCH
# Query file:      /home/nmoreyra/Documents/Genomics/03_orthologs_search/00_Phylogenomics_BUSCO-groups/busco4_odb10/busco_downloads/lineages/diptera_odb10/hmms/46666at7147.hmm
# Target file:     /home/nmoreyra/Documents/Genomics/03_orthologs_search/00_Phylogenomics_BUSCO-groups/busco4_odb10/../00_proteins/DkoeB_proteins.fasta
# Option settings: /home/nmoreyra/Software/miniconda3/envs/busco4/bin/hmmsearch --domtblout /home/nmoreyra/Documents/Genomics/03_orthologs_search/00_Phylogenomics_BUSCO-groups/busco4_odb10/DkoeB_diptera/run_diptera_odb10/hmmer_output/initial_run_results/46666at7147.out --cpu 1 /home/nmoreyra/Documents/Genomics/03_orthologs_search/00_Phylogenomics_BUSCO-groups/busco4_odb10/busco_downloads/lineages/diptera_odb10/hmms/46666at7147.hmm /home/nmoreyra/Documents/Genomics/03_orthologs_search/00_Phylogenomics_BUSCO-groups/busco4_odb10/../00_proteins/DkoeB_proteins.fasta 
# Current dir:     /home/nmoreyra/Documents/Genomics/03_orthologs_search/00_Phylogenomics_BUSCO-groups/busco4_odb10
# Date:            Mon Jan 25 14:12:23 2021
# [ok]
