#                                                                            --- full sequence --- -------------- this domain -------------   hmm coord   ali coord   env coord
# target name        accession   tlen query name           accession   qlen   E-value  score  bias   #  of  c-Evalue  i-Evalue  score  bias  from    to  from    to  from    to  acc description of target
#------------------- ---------- ----- -------------------- ---------- ----- --------- ------ ----- --- --- --------- --------- ------ ----- ----- ----- ----- ----- ----- ----- ---- ---------------------
DkoeB00005012-RA     -            283 47457at7147          -            219  4.4e-107  356.0   0.2   1   1    9e-110  5.3e-107  355.7   0.2    12   218    53   275    33   276 0.90 -
DkoeB00008360-RA     -            308 47457at7147          -            219   2.4e-33  114.9   0.2   1   1   5.6e-36   3.3e-33  114.5   0.2    12   218    50   276    31   277 0.86 -
DkoeB00014163-RA     -            314 47457at7147          -            219   2.6e-33  114.8   0.2   1   1   5.9e-36   3.5e-33  114.4   0.2    12   218    56   282    37   283 0.86 -
DkoeB00001274-RA     -            308 47457at7147          -            219   8.3e-33  113.2   0.2   1   1   1.9e-35   1.1e-32  112.7   0.2    14   217    52   275    37   277 0.84 -
DkoeB00011788-RA     -            313 47457at7147          -            219   1.1e-29  103.0   0.1   1   1   2.4e-32   1.4e-29  102.6   0.1    14   217    56   280    35   282 0.83 -
DkoeB00003761-RA     -            314 47457at7147          -            219   2.2e-26   92.2   0.0   1   1     5e-29     3e-26   91.7   0.0    14   217    53   279    35   281 0.86 -
DkoeB00002193-RA     -            329 47457at7147          -            219   1.5e-24   86.2   0.0   1   1   3.6e-27   2.1e-24   85.7   0.0    15   216    63   287    42   289 0.82 -
DkoeB00009388-RA     -            312 47457at7147          -            219   6.2e-23   80.9   0.0   1   1   1.5e-25   9.1e-23   80.3   0.0    13   214    51   275    34   280 0.86 -
DkoeB00008860-RA     -            301 47457at7147          -            219     8e-20   70.7   0.1   1   1     2e-22   1.2e-19   70.2   0.1    14   181    70   248    32   267 0.85 -
DkoeB00002128-RA     -            373 47457at7147          -            219   8.8e-19   67.3   0.1   1   1   2.2e-21   1.3e-18   66.7   0.1     7   195   108   316   103   337 0.83 -
DkoeB00002678-RA     -            363 47457at7147          -            219   9.3e-18   64.0   0.2   1   1   2.2e-20   1.3e-17   63.5   0.2    11   211    93   312    83   320 0.83 -
DkoeB00011785-RA     -            308 47457at7147          -            219   3.6e-17   62.0   0.5   1   1   4.2e-19   2.5e-16   59.3   0.5    12   216    49   274    30   277 0.81 -
DkoeB00000916-RA     -            293 47457at7147          -            219   4.9e-17   61.6   0.5   1   2   2.4e-08   1.4e-05   24.1   0.1    13   105    37   135    19   153 0.82 -
DkoeB00000916-RA     -            293 47457at7147          -            219   4.9e-17   61.6   0.5   2   2   6.4e-12   3.7e-09   35.8   0.0   105   216   159   276   157   279 0.84 -
DkoeB00009046-RA     -            301 47457at7147          -            219     6e-17   61.3   0.0   1   1   1.5e-19     9e-17   60.7   0.0    10   206    66   279    59   291 0.79 -
DkoeB00008101-RA     -            310 47457at7147          -            219   1.7e-15   56.5   0.0   1   1   4.7e-18   2.7e-15   55.9   0.0    13   218    50   276    40   277 0.81 -
DkoeB00011786-RA     -            311 47457at7147          -            219   3.9e-15   55.4   0.0   1   1     1e-17   5.8e-15   54.8   0.0    13   218    50   274    33   275 0.81 -
DkoeB00010405-RA     -            301 47457at7147          -            219   3.1e-14   52.5   0.1   1   1   7.6e-17   4.4e-14   51.9   0.1    15   212    43   263    32   270 0.81 -
DkoeB00003667-RA     -            312 47457at7147          -            219     4e-13   48.8   0.5   1   1   1.6e-15   9.6e-13   47.6   0.4    14   188    75   260    64   275 0.82 -
DkoeB00000918-RA     -            309 47457at7147          -            219     3e-11   42.7   1.9   1   2      0.27   1.6e+02    1.1   0.1    41    61    18    38     8    40 0.87 -
DkoeB00000918-RA     -            309 47457at7147          -            219     3e-11   42.7   1.9   2   2   1.3e-12   7.6e-10   38.1   1.7    15   212    39   263    16   270 0.76 -
DkoeB00003666-RA     -            294 47457at7147          -            219   4.8e-11   42.0   0.5   1   1   1.5e-13   8.8e-11   41.1   0.5    10   212    58   281    52   287 0.75 -
DkoeB00008100-RA     -            306 47457at7147          -            219   1.5e-08   33.9   0.0   1   1   3.7e-11   2.1e-08   33.3   0.0    15   216    50   272    39   275 0.78 -
DkoeB00008818-RA     -            268 47457at7147          -            219     8e-05   21.7   4.6   1   1   4.3e-07   0.00025   20.0   4.3    12   180    37   216    23   261 0.72 -
DkoeB00001291-RA     -            415 47457at7147          -            219    0.0046   15.9   0.3   1   2     0.018        11    4.9   0.0    14    42    44    72    27    96 0.83 -
DkoeB00001291-RA     -            415 47457at7147          -            219    0.0046   15.9   0.3   2   2     0.001      0.59    9.0   0.1   126   182   175   232   151   240 0.79 -
DkoeB00012839-RA     -            619 47457at7147          -            219     0.031   13.2   0.0   1   1     9e-05     0.053   12.4   0.0   139   192    11    71     6    90 0.80 -
#
# Program:         hmmsearch
# Version:         3.1b2 (February 2015)
# Pipeline mode:   SEARCH
# Query file:      /home/nmoreyra/Documents/Genomics/03_orthologs_search/00_Phylogenomics_BUSCO-groups/busco4_odb10/busco_downloads/lineages/diptera_odb10/hmms/47457at7147.hmm
# Target file:     /home/nmoreyra/Documents/Genomics/03_orthologs_search/00_Phylogenomics_BUSCO-groups/busco4_odb10/../00_proteins/DkoeB_proteins.fasta
# Option settings: /home/nmoreyra/Software/miniconda3/envs/busco4/bin/hmmsearch --domtblout /home/nmoreyra/Documents/Genomics/03_orthologs_search/00_Phylogenomics_BUSCO-groups/busco4_odb10/DkoeB_diptera/run_diptera_odb10/hmmer_output/initial_run_results/47457at7147.out --cpu 1 /home/nmoreyra/Documents/Genomics/03_orthologs_search/00_Phylogenomics_BUSCO-groups/busco4_odb10/busco_downloads/lineages/diptera_odb10/hmms/47457at7147.hmm /home/nmoreyra/Documents/Genomics/03_orthologs_search/00_Phylogenomics_BUSCO-groups/busco4_odb10/../00_proteins/DkoeB_proteins.fasta 
# Current dir:     /home/nmoreyra/Documents/Genomics/03_orthologs_search/00_Phylogenomics_BUSCO-groups/busco4_odb10
# Date:            Mon Jan 25 14:10:32 2021
# [ok]
