#                                                                            --- full sequence --- -------------- this domain -------------   hmm coord   ali coord   env coord
# target name        accession   tlen query name           accession   qlen   E-value  score  bias   #  of  c-Evalue  i-Evalue  score  bias  from    to  from    to  from    to  acc description of target
#------------------- ---------- ----- -------------------- ---------- ----- --------- ------ ----- --- --- --------- --------- ------ ----- ----- ----- ----- ----- ----- ----- ---- ---------------------
DkoeB00002012-RA     -            267 47966at7147          -            213  1.7e-100  334.7  10.6   1   1  3.6e-100   1.7e-97  324.9  10.6     1   213    10   267    10   267 0.92 -
DkoeB00007666-RA     -            456 47966at7147          -            213   9.5e-27   93.7  39.5   1   2   4.9e-16   2.3e-13   49.9  17.0     2   180     9   180     8   223 0.75 -
DkoeB00007666-RA     -            456 47966at7147          -            213   9.5e-27   93.7  39.5   2   2   3.2e-15   1.5e-12   47.3  14.5     8   208   233   450   230   454 0.64 -
DkoeB00006030-RA     -            244 47966at7147          -            213   2.4e-21   76.0   7.3   1   1   5.5e-23   2.6e-20   72.7   7.3     3   165    15   170    13   241 0.85 -
DkoeB00012913-RA     -            236 47966at7147          -            213   9.6e-21   74.1  10.9   1   1   1.1e-22   5.1e-20   71.7  10.7     2   166    15   172    14   223 0.90 -
DkoeB00004318-RA     -            317 47966at7147          -            213     1e-19   70.7   2.7   1   2   2.2e-22     1e-19   70.7   2.7     2   156    19   171    18   193 0.86 -
DkoeB00004318-RA     -            317 47966at7147          -            213     1e-19   70.7   2.7   2   2       1.8   8.3e+02   -0.9   0.2   182   200   282   300   240   311 0.58 -
DkoeB00007663-RA     -            469 47966at7147          -            213   6.6e-17   61.5   6.3   1   1   3.6e-19   1.7e-16   60.2   6.3    39   208   277   463   255   466 0.75 -
DkoeB00007681-RA     -            220 47966at7147          -            213   8.1e-17   61.2  14.9   1   1   1.5e-18   7.1e-16   58.1  14.9    51   197    43   190     8   206 0.75 -
DkoeB00005766-RA     -            297 47966at7147          -            213   5.2e-15   55.3  15.1   1   2   1.2e-17   5.6e-15   55.2  13.2     2   172    32   215    31   222 0.79 -
DkoeB00005766-RA     -            297 47966at7147          -            213   5.2e-15   55.3  15.1   2   2         3   1.4e+03   -1.7   0.0   185   201   263   279   217   287 0.53 -
DkoeB00007665-RA     -            230 47966at7147          -            213     6e-15   55.1  12.2   1   1   2.4e-17   1.1e-14   54.2  12.2     6   167     6   166     3   230 0.75 -
DkoeB00004139-RA     -            235 47966at7147          -            213     1e-14   54.3  13.7   1   1   6.3e-16   2.9e-13   49.6  13.7     9   206    17   229     9   234 0.64 -
DkoeB00000544-RA     -            311 47966at7147          -            213   7.1e-14   51.6  17.1   1   2   2.1e-16   9.9e-14   51.1  12.5     2   169    51   231    50   237 0.76 -
DkoeB00000544-RA     -            311 47966at7147          -            213   7.1e-14   51.6  17.1   2   2      0.18        86    2.3   0.6   132   204   231   301   224   307 0.65 -
DkoeB00011192-RA     -            285 47966at7147          -            213   2.6e-13   49.8   8.7   1   2   2.1e-15   9.7e-13   47.9   5.6     5   169    13   184     9   195 0.76 -
DkoeB00011192-RA     -            285 47966at7147          -            213   2.6e-13   49.8   8.7   2   2       3.5   1.6e+03   -1.9   0.0    20   200   238   256   219   267 0.53 -
DkoeB00007670-RA     -            229 47966at7147          -            213   3.1e-13   49.5   9.4   1   1   7.7e-15   3.6e-12   46.0   9.4     2   185     9   185     8   208 0.75 -
DkoeB00007674-RA     -            217 47966at7147          -            213   5.1e-13   48.8   1.4   1   2      0.38   1.8e+02    1.3   1.5     2    23     9    30     8    38 0.87 -
DkoeB00007674-RA     -            217 47966at7147          -            213   5.1e-13   48.8   1.4   2   2   1.1e-15   5.1e-13   48.8   1.4    55   182    39   172    32   178 0.82 -
DkoeB00004102-RA     -            248 47966at7147          -            213   1.4e-11   44.2  14.4   1   2   1.6e-13   7.4e-11   41.7   9.6     2   169    12   176    11   189 0.75 -
DkoeB00004102-RA     -            248 47966at7147          -            213   1.4e-11   44.2  14.4   2   2       1.4   6.3e+02   -0.5   0.1    66   205   218   238   202   245 0.62 -
DkoeB00006500-RA     -            276 47966at7147          -            213   1.9e-11   43.7   2.4   1   1   6.8e-14   3.2e-11   42.9   2.4    58   182    44   182    35   225 0.77 -
DkoeB00007671-RA     -            226 47966at7147          -            213     1e-10   41.3  14.4   1   2    0.0014      0.64    9.3   4.1     2    32     9    39     8    44 0.89 -
DkoeB00007671-RA     -            226 47966at7147          -            213     1e-10   41.3  14.4   2   2   2.9e-12   1.4e-09   37.6   2.7    59   183    49   179    38   199 0.75 -
DkoeB00007668-RA     -            220 47966at7147          -            213   1.3e-10   41.0   5.1   1   1   1.1e-12     5e-10   39.0   5.1    56   182    44   175     7   217 0.78 -
DkoeB00005212-RA     -            268 47966at7147          -            213   5.4e-10   38.9  11.5   1   2   1.2e-12   5.4e-10   38.9  11.5     2   152    11   159    10   203 0.79 -
DkoeB00005212-RA     -            268 47966at7147          -            213   5.4e-10   38.9  11.5   2   2      0.47   2.2e+02    1.0   1.3   174   201   217   245   211   266 0.50 -
DkoeB00007675-RA     -            208 47966at7147          -            213     7e-10   38.6   4.4   1   1     3e-12   1.4e-09   37.6   4.4    59   183    43   164     6   204 0.74 -
DkoeB00007664-RA     -            223 47966at7147          -            213   4.3e-09   36.0  17.7   1   1   5.2e-11   2.4e-08   33.5  17.7     9   170     9   166     4   223 0.72 -
DkoeB00007673-RA     -            217 47966at7147          -            213   7.7e-09   35.2   4.9   1   2         1   4.8e+02   -0.1   0.5     2    23     9    30     8    36 0.83 -
DkoeB00007673-RA     -            217 47966at7147          -            213   7.7e-09   35.2   4.9   2   2   1.6e-11   7.7e-09   35.2   4.9    58   180    40   168    31   176 0.73 -
DkoeB00004104-RA     -            310 47966at7147          -            213   1.8e-08   33.9  19.7   1   1   3.2e-09   1.5e-06   27.7  19.7    59   212    60   254    15   255 0.70 -
DkoeB00007680-RA     -            219 47966at7147          -            213   1.3e-07   31.1   3.2   1   1   4.4e-10   2.1e-07   30.5   3.2    44   185    33   176    12   186 0.87 -
DkoeB00011879-RA     -            347 47966at7147          -            213   3.5e-07   29.7   0.3   1   2   7.4e-10   3.5e-07   29.7   0.3    19   154     3   148     1   174 0.78 -
DkoeB00011879-RA     -            347 47966at7147          -            213   3.5e-07   29.7   0.3   2   2       5.1   2.4e+03   -2.4   0.1    89   106   218   235   212   249 0.68 -
DkoeB00007669-RA     -            218 47966at7147          -            213   3.2e-06   26.6  17.2   1   2       1.2   5.5e+02   -0.3   0.4     6    26    13    33     6    40 0.74 -
DkoeB00007669-RA     -            218 47966at7147          -            213   3.2e-06   26.6  17.2   2   2   3.9e-08   1.8e-05   24.1  16.1    46   189    32   177    15   214 0.74 -
DkoeB00000488-RA     -            259 47966at7147          -            213   6.3e-06   25.6  10.9   1   1   6.6e-08   3.1e-05   23.4  10.9     2   186    35   215    34   253 0.67 -
DkoeB00007672-RA     -            310 47966at7147          -            213   1.3e-05   24.6   3.5   1   1   2.8e-08   1.3e-05   24.6   3.5    62   180   132   257   126   296 0.79 -
DkoeB00004710-RA     -            194 47966at7147          -            213    0.0022   17.3   1.2   1   1   5.4e-06    0.0025   17.1   0.7    82   179    47   150    25   180 0.76 -
DkoeB00007678-RA     -            264 47966at7147          -            213    0.0039   16.5   0.8   1   2       3.2   1.5e+03   -1.7   0.1   163   182    21    40    12    51 0.47 -
DkoeB00007678-RA     -            264 47966at7147          -            213    0.0039   16.5   0.8   2   2   8.3e-06    0.0039   16.5   0.8    48   182    54   191    51   211 0.71 -
#
# Program:         hmmsearch
# Version:         3.1b2 (February 2015)
# Pipeline mode:   SEARCH
# Query file:      /home/nmoreyra/Documents/Genomics/03_orthologs_search/00_Phylogenomics_BUSCO-groups/busco4_odb10/busco_downloads/lineages/diptera_odb10/hmms/47966at7147.hmm
# Target file:     /home/nmoreyra/Documents/Genomics/03_orthologs_search/00_Phylogenomics_BUSCO-groups/busco4_odb10/../00_proteins/DkoeB_proteins.fasta
# Option settings: /home/nmoreyra/Software/miniconda3/envs/busco4/bin/hmmsearch --domtblout /home/nmoreyra/Documents/Genomics/03_orthologs_search/00_Phylogenomics_BUSCO-groups/busco4_odb10/DkoeB_diptera/run_diptera_odb10/hmmer_output/initial_run_results/47966at7147.out --cpu 1 /home/nmoreyra/Documents/Genomics/03_orthologs_search/00_Phylogenomics_BUSCO-groups/busco4_odb10/busco_downloads/lineages/diptera_odb10/hmms/47966at7147.hmm /home/nmoreyra/Documents/Genomics/03_orthologs_search/00_Phylogenomics_BUSCO-groups/busco4_odb10/../00_proteins/DkoeB_proteins.fasta 
# Current dir:     /home/nmoreyra/Documents/Genomics/03_orthologs_search/00_Phylogenomics_BUSCO-groups/busco4_odb10
# Date:            Mon Jan 25 14:10:53 2021
# [ok]
