#                                                                            --- full sequence --- -------------- this domain -------------   hmm coord   ali coord   env coord
# target name        accession   tlen query name           accession   qlen   E-value  score  bias   #  of  c-Evalue  i-Evalue  score  bias  from    to  from    to  from    to  acc description of target
#------------------- ---------- ----- -------------------- ---------- ----- --------- ------ ----- --- --- --------- --------- ------ ----- ----- ----- ----- ----- ----- ----- ---- ---------------------
DkoeB00011651-RA     -            418 48529at7147          -            292  2.8e-127  423.3   8.9   1   2  2.5e-125  5.4e-123  409.3   3.4     1   280     1   337     1   346 0.88 -
DkoeB00011651-RA     -            418 48529at7147          -            292  2.8e-127  423.3   8.9   2   2    0.0096       2.1    6.8   0.3   273   292   366   386   345   386 0.73 -
DkoeB00010161-RA     -            347 48529at7147          -            292   2.5e-12   46.0   0.0   1   5      0.29        63    2.0   0.0   217   258    43    84    34    92 0.89 -
DkoeB00010161-RA     -            347 48529at7147          -            292   2.5e-12   46.0   0.0   2   5      0.15        33    2.9   0.0   223   258    92   127    87   135 0.87 -
DkoeB00010161-RA     -            347 48529at7147          -            292   2.5e-12   46.0   0.0   3   5   0.00015     0.034   12.7   0.0   196   260   108   172    97   177 0.87 -
DkoeB00010161-RA     -            347 48529at7147          -            292   2.5e-12   46.0   0.0   4   5   3.2e-10     7e-08   31.4   0.0   159   260   155   255   153   272 0.86 -
DkoeB00010161-RA     -            347 48529at7147          -            292   2.5e-12   46.0   0.0   5   5      0.25        54    2.2   0.0   241   266   286   311   273   322 0.90 -
DkoeB00002832-RA     -            461 48529at7147          -            292   5.8e-11   41.5   0.0   1   5     0.036       7.9    5.0   0.0   225   262    15    52    11    63 0.86 -
DkoeB00002832-RA     -            461 48529at7147          -            292   5.8e-11   41.5   0.0   2   5      0.29        65    2.0   0.0   232   257    64    89    57   101 0.85 -
DkoeB00002832-RA     -            461 48529at7147          -            292   5.8e-11   41.5   0.0   3   5     0.067        15    4.1   0.0   229   261   103   135    95   146 0.86 -
DkoeB00002832-RA     -            461 48529at7147          -            292   5.8e-11   41.5   0.0   4   5   1.7e-06   0.00038   19.1   0.0   158   257   158   257   144   262 0.91 -
DkoeB00002832-RA     -            461 48529at7147          -            292   5.8e-11   41.5   0.0   5   5     0.057        12    4.3   0.0   221   259   263   301   260   324 0.85 -
DkoeB00002279-RA     -            445 48529at7147          -            292   5.2e-10   38.4   0.1   1   2       3.1   6.7e+02   -1.4   0.0   160   176    82    98    71   141 0.54 -
DkoeB00002279-RA     -            445 48529at7147          -            292   5.2e-10   38.4   0.1   2   2   9.6e-12   2.1e-09   36.4   0.1   158   263   210   316   204   356 0.86 -
DkoeB00005131-RA     -            448 48529at7147          -            292   1.6e-09   36.8   0.6   1   4      0.14        32    3.0   0.1   219   263   112   157    97   168 0.83 -
DkoeB00005131-RA     -            448 48529at7147          -            292   1.6e-09   36.8   0.6   2   4       7.5   1.6e+03   -2.7   0.0    76    97   174   195   160   202 0.74 -
DkoeB00005131-RA     -            448 48529at7147          -            292   1.6e-09   36.8   0.6   3   4   1.7e-06   0.00037   19.2   0.0   157   257   221   321   215   322 0.90 -
DkoeB00005131-RA     -            448 48529at7147          -            292   1.6e-09   36.8   0.6   4   4   5.8e-05     0.013   14.1   0.0   211   260   318   367   316   384 0.91 -
DkoeB00004531-RA     -            570 48529at7147          -            292     2e-09   36.5   0.2   1   4    0.0044      0.96    8.0   0.0   219   257   269   308   267   313 0.87 -
DkoeB00004531-RA     -            570 48529at7147          -            292     2e-09   36.5   0.2   2   4   7.7e-06    0.0017   17.0   0.0   220   264   314   358   307   367 0.88 -
DkoeB00004531-RA     -            570 48529at7147          -            292     2e-09   36.5   0.2   3   4    0.0057       1.2    7.6   0.1   181   259   358   439   355   450 0.76 -
DkoeB00004531-RA     -            570 48529at7147          -            292     2e-09   36.5   0.2   4   4       3.3   7.3e+02   -1.5   0.0   232   258   455   481   446   490 0.84 -
DkoeB00010199-RA     -            326 48529at7147          -            292   8.6e-09   34.4   0.6   1   4       1.7   3.8e+02   -0.5   0.0   226   251     7    32     5    42 0.86 -
DkoeB00010199-RA     -            326 48529at7147          -            292   8.6e-09   34.4   0.6   2   4     0.042       9.2    4.7   0.0   222   271    45    94    40    99 0.88 -
DkoeB00010199-RA     -            326 48529at7147          -            292   8.6e-09   34.4   0.6   3   4   0.00011     0.025   13.2   0.1   198   263   159   224   147   234 0.88 -
DkoeB00010199-RA     -            326 48529at7147          -            292   8.6e-09   34.4   0.6   4   4   0.00019     0.042   12.4   0.0   176   263   229   321   224   324 0.82 -
DkoeB00007083-RA     -            397 48529at7147          -            292   1.1e-08   34.0   0.1   1   3   1.9e-09   4.2e-07   28.8   0.1   120   263    99   237    88   243 0.86 -
DkoeB00007083-RA     -            397 48529at7147          -            292   1.1e-08   34.0   0.1   2   3      0.53   1.2e+02    1.1   0.0   191   264   251   326   245   342 0.69 -
DkoeB00007083-RA     -            397 48529at7147          -            292   1.1e-08   34.0   0.1   3   3       1.9   4.1e+02   -0.7   0.0   109   128   346   365   334   372 0.87 -
DkoeB00006256-RA     -            411 48529at7147          -            292   1.7e-08   33.4   2.6   1   4   1.4e-05    0.0032   16.1   0.1   162   259   125   223   122   228 0.81 -
DkoeB00006256-RA     -            411 48529at7147          -            292   1.7e-08   33.4   2.6   2   4       0.5   1.1e+02    1.2   0.1   222   260   228   266   223   276 0.86 -
DkoeB00006256-RA     -            411 48529at7147          -            292   1.7e-08   33.4   2.6   3   4    0.0038      0.83    8.2   0.0   224   269   334   379   306   388 0.77 -
DkoeB00006256-RA     -            411 48529at7147          -            292   1.7e-08   33.4   2.6   4   4     0.038       8.4    4.9   0.1   241   270   351   380   351   411 0.49 -
DkoeB00001179-RA     -            784 48529at7147          -            292   2.9e-08   32.6   2.2   1   5    0.0047         1    7.9   0.0   216   257     5    46     4    62 0.87 -
DkoeB00001179-RA     -            784 48529at7147          -            292   2.9e-08   32.6   2.2   2   5   5.3e-06    0.0012   17.5   0.0   194   261    68   134    51   150 0.87 -
DkoeB00001179-RA     -            784 48529at7147          -            292   2.9e-08   32.6   2.2   3   5     0.036       7.8    5.0   0.0   213   262   129   178   127   198 0.88 -
DkoeB00001179-RA     -            784 48529at7147          -            292   2.9e-08   32.6   2.2   4   5     0.095        21    3.6   0.0   160   248   160   251   156   255 0.71 -
DkoeB00001179-RA     -            784 48529at7147          -            292   2.9e-08   32.6   2.2   5   5       5.8   1.3e+03   -2.3   0.2    22    61   494   533   473   542 0.76 -
DkoeB00007559-RA     -            505 48529at7147          -            292   8.6e-08   31.1   0.5   1   5     0.016       3.4    6.1   0.0   216   268   252   306   226   307 0.80 -
DkoeB00007559-RA     -            505 48529at7147          -            292   8.6e-08   31.1   0.5   2   5      0.17        37    2.7   0.0   229   252   307   330   304   350 0.85 -
DkoeB00007559-RA     -            505 48529at7147          -            292   8.6e-08   31.1   0.5   3   5   9.2e-05      0.02   13.5   0.0   199   258   362   421   340   424 0.81 -
DkoeB00007559-RA     -            505 48529at7147          -            292   8.6e-08   31.1   0.5   4   5     0.061        13    4.2   0.0   210   256   416   460   414   466 0.82 -
DkoeB00007559-RA     -            505 48529at7147          -            292   8.6e-08   31.1   0.5   5   5      0.74   1.6e+02    0.6   0.0   223   257   469   503   462   505 0.81 -
DkoeB00013159-RA     -            356 48529at7147          -            292   1.2e-07   30.6   0.1   1   3       2.4   5.2e+02   -1.0   0.0   233   258   114   139    99   145 0.80 -
DkoeB00013159-RA     -            356 48529at7147          -            292   1.2e-07   30.6   0.1   2   3    0.0023      0.51    8.9   0.0   178   262   149   233   142   239 0.78 -
DkoeB00013159-RA     -            356 48529at7147          -            292   1.2e-07   30.6   0.1   3   3   3.1e-06   0.00067   18.3   0.1   158   256   255   355   239   356 0.86 -
DkoeB00000947-RA     -            358 48529at7147          -            292   2.4e-07   29.7   0.0   1   5    0.0035      0.77    8.3   0.0   220   259    60    99    39   108 0.81 -
DkoeB00000947-RA     -            358 48529at7147          -            292   2.4e-07   29.7   0.0   2   5       1.4     3e+02   -0.2   0.0   226   258   108   140   102   147 0.81 -
DkoeB00000947-RA     -            358 48529at7147          -            292   2.4e-07   29.7   0.0   3   5     0.073        16    4.0   0.0   220   260   144   184   112   194 0.77 -
DkoeB00000947-RA     -            358 48529at7147          -            292   2.4e-07   29.7   0.0   4   5    0.0062       1.4    7.5   0.0   195   261   162   227   151   235 0.86 -
DkoeB00000947-RA     -            358 48529at7147          -            292   2.4e-07   29.7   0.0   5   5   0.00023      0.05   12.2   0.0   158   264   208   318   199   332 0.80 -
DkoeB00010398-RA     -            380 48529at7147          -            292   6.7e-07   28.2   0.1   1   4   0.00061      0.13   10.8   0.0   199   259   102   164    89   173 0.84 -
DkoeB00010398-RA     -            380 48529at7147          -            292   6.7e-07   28.2   0.1   2   4       3.2   7.1e+02   -1.5   0.0    75    97   182   205   177   220 0.71 -
DkoeB00010398-RA     -            380 48529at7147          -            292   6.7e-07   28.2   0.1   3   4       1.7   3.8e+02   -0.6   0.0   234   260   224   250   190   269 0.79 -
DkoeB00010398-RA     -            380 48529at7147          -            292   6.7e-07   28.2   0.1   4   4   9.9e-05     0.022   13.4   0.0   193   262   268   336   231   348 0.80 -
DkoeB00011236-RA     -           1003 48529at7147          -            292   7.3e-07   28.1   0.0   1   2     0.018       3.9    6.0   0.0   221   259   150   188   141   190 0.92 -
DkoeB00011236-RA     -           1003 48529at7147          -            292   7.3e-07   28.1   0.0   2   2   1.2e-07   2.6e-05   22.9   0.0   209   258   181   230   169   237 0.88 -
DkoeB00003873-RA     -           2383 48529at7147          -            292   8.2e-07   27.9   6.6   1   4       3.9   8.5e+02   -1.7   0.0   105   129    83   107    77   113 0.90 -
DkoeB00003873-RA     -           2383 48529at7147          -            292   8.2e-07   27.9   6.6   2   4       5.2   1.2e+03   -2.1   0.0   231   276   130   177   120   187 0.70 -
DkoeB00003873-RA     -           2383 48529at7147          -            292   8.2e-07   27.9   6.6   3   4   2.1e-06   0.00045   18.9   0.6   157   261   522   630   474   635 0.81 -
DkoeB00003873-RA     -           2383 48529at7147          -            292   8.2e-07   27.9   6.6   4   4   0.00099      0.22   10.1   0.2   223   272   634   686   628   696 0.85 -
DkoeB00003208-RA     -            724 48529at7147          -            292   1.3e-06   27.2   0.0   1   5      0.61   1.3e+02    0.9   0.0   232   259   437   464   433   471 0.82 -
DkoeB00003208-RA     -            724 48529at7147          -            292   1.3e-06   27.2   0.0   2   5      0.15        33    2.9   0.0   229   271   475   517   466   537 0.81 -
DkoeB00003208-RA     -            724 48529at7147          -            292   1.3e-06   27.2   0.0   3   5      0.04       8.7    4.8   0.0   218   265   547   594   530   606 0.85 -
DkoeB00003208-RA     -            724 48529at7147          -            292   1.3e-06   27.2   0.0   4   5   0.00035     0.077   11.6   0.1   211   265   634   687   618   692 0.83 -
DkoeB00003208-RA     -            724 48529at7147          -            292   1.3e-06   27.2   0.0   5   5      0.69   1.5e+02    0.7   0.0   221   253   685   716   681   722 0.80 -
DkoeB00006638-RA     -            712 48529at7147          -            292   1.9e-06   26.7   1.2   1   4     0.009         2    6.9   0.0   221   262   492   533   482   539 0.91 -
DkoeB00006638-RA     -            712 48529at7147          -            292   1.9e-06   26.7   1.2   2   4       0.2        43    2.5   0.0   224   258   537   571   532   575 0.78 -
DkoeB00006638-RA     -            712 48529at7147          -            292   1.9e-06   26.7   1.2   3   4   1.8e-05    0.0039   15.8   0.2   197   264   553   619   543   635 0.85 -
DkoeB00006638-RA     -            712 48529at7147          -            292   1.9e-06   26.7   1.2   4   4       2.3     5e+02   -1.0   0.0   228   260   625   657   617   670 0.76 -
DkoeB00002892-RA     -            346 48529at7147          -            292   2.1e-06   26.5   0.1   1   3       1.6   3.4e+02   -0.4   0.0   224   258    54    88    42    97 0.82 -
DkoeB00002892-RA     -            346 48529at7147          -            292   2.1e-06   26.5   0.1   2   3      0.48   1.1e+02    1.3   0.0   196   258   158   219   103   229 0.65 -
DkoeB00002892-RA     -            346 48529at7147          -            292   2.1e-06   26.5   0.1   3   3   4.5e-07   9.9e-05   21.0   0.0   160   255   247   344   232   346 0.90 -
DkoeB00004468-RA     -            784 48529at7147          -            292   2.5e-06   26.3   0.1   1   2   8.2e-06    0.0018   16.9   0.2   112   245    36   173    15   178 0.69 -
DkoeB00004468-RA     -            784 48529at7147          -            292   2.5e-06   26.3   0.1   2   2    0.0063       1.4    7.4   0.0   206   269   178   242   166   254 0.81 -
DkoeB00000913-RA     -            534 48529at7147          -            292   1.2e-05   24.0   0.5   1   2         1   2.2e+02    0.2   0.0   189   259    82   152    52   169 0.65 -
DkoeB00000913-RA     -            534 48529at7147          -            292   1.2e-05   24.0   0.5   2   2   2.8e-07   6.1e-05   21.7   0.1   162   261   183   282    95   297 0.85 -
DkoeB00010402-RA     -            424 48529at7147          -            292   1.5e-05   23.7   0.2   1   2   5.4e-06    0.0012   17.5   0.0   157   257   178   283   168   293 0.81 -
DkoeB00010402-RA     -            424 48529at7147          -            292   1.5e-05   23.7   0.2   2   2      0.07        15    4.0   0.0   230   257   300   327   288   343 0.85 -
DkoeB00000956-RA     -            477 48529at7147          -            292   1.6e-05   23.6   0.2   1   3       0.2        44    2.5   0.0   203   262   184   242   171   253 0.77 -
DkoeB00000956-RA     -            477 48529at7147          -            292   1.6e-05   23.6   0.2   2   3   4.2e-05    0.0093   14.6   0.2   182   271   245   337   224   352 0.69 -
DkoeB00000956-RA     -            477 48529at7147          -            292   1.6e-05   23.6   0.2   3   3      0.25        56    2.2   0.0   230   260   426   456   364   461 0.76 -
DkoeB00005083-RA     -            933 48529at7147          -            292   4.8e-05   22.1   0.4   1   3      0.15        32    3.0   0.0    43    85    64   105    49   144 0.79 -
DkoeB00005083-RA     -            933 48529at7147          -            292   4.8e-05   22.1   0.4   2   3       1.7   3.8e+02   -0.5   0.0   110   176   169   226   150   232 0.59 -
DkoeB00005083-RA     -            933 48529at7147          -            292   4.8e-05   22.1   0.4   3   3   3.6e-05    0.0079   14.8   0.0   146   264   593   711   555   723 0.85 -
DkoeB00009881-RA     -            758 48529at7147          -            292    0.0001   21.0   0.1   1   3      0.67   1.5e+02    0.8   0.0   221   268   488   536   461   549 0.73 -
DkoeB00009881-RA     -            758 48529at7147          -            292    0.0001   21.0   0.1   2   3       2.2   4.8e+02   -0.9   0.0   153   174   555   576   539   593 0.72 -
DkoeB00009881-RA     -            758 48529at7147          -            292    0.0001   21.0   0.1   3   3   1.8e-05     0.004   15.8   0.0   162   265   610   720   595   741 0.80 -
DkoeB00008506-RA     -            484 48529at7147          -            292   0.00014   20.5   0.4   1   2   0.00028     0.063   11.9   0.0   176   264   172   257   167   264 0.89 -
DkoeB00008506-RA     -            484 48529at7147          -            292   0.00014   20.5   0.4   2   2     0.086        19    3.7   0.0   237   263   313   339   301   349 0.83 -
DkoeB00010854-RA     -            322 48529at7147          -            292   0.00019   20.1   0.0   1   3      0.02       4.3    5.8   0.1   231   262    30    61    15    76 0.84 -
DkoeB00010854-RA     -            322 48529at7147          -            292   0.00019   20.1   0.0   2   3       1.3   2.8e+02   -0.1   0.0   224   259    67   103    59   127 0.76 -
DkoeB00010854-RA     -            322 48529at7147          -            292   0.00019   20.1   0.0   3   3   0.00051      0.11   11.0   0.0   159   261   128   229    91   236 0.87 -
DkoeB00014416-RA     -            322 48529at7147          -            292   0.00019   20.1   0.0   1   3      0.02       4.3    5.8   0.1   231   262    30    61    15    76 0.84 -
DkoeB00014416-RA     -            322 48529at7147          -            292   0.00019   20.1   0.0   2   3       1.3   2.8e+02   -0.1   0.0   224   259    67   103    59   127 0.76 -
DkoeB00014416-RA     -            322 48529at7147          -            292   0.00019   20.1   0.0   3   3   0.00051      0.11   11.0   0.0   159   261   128   229    91   236 0.87 -
DkoeB00009968-RA     -            308 48529at7147          -            292   0.00045   18.9   0.3   1   3         6   1.3e+03   -2.3   0.0   229   263    17    51    14    55 0.83 -
DkoeB00009968-RA     -            308 48529at7147          -            292   0.00045   18.9   0.3   2   3     0.023       4.9    5.6   0.1   222   257    52    87    46    97 0.88 -
DkoeB00009968-RA     -            308 48529at7147          -            292   0.00045   18.9   0.3   3   3   0.00059      0.13   10.8   0.0   162   219   118   176   106   227 0.72 -
DkoeB00008865-RA     -            929 48529at7147          -            292   0.00068   18.3   0.2   1   3   6.6e-05     0.014   13.9   0.1   132   261    44   175    34   192 0.86 -
DkoeB00008865-RA     -            929 48529at7147          -            292   0.00068   18.3   0.2   2   3      0.55   1.2e+02    1.1   0.0   203   261   204   261   195   270 0.77 -
DkoeB00008865-RA     -            929 48529at7147          -            292   0.00068   18.3   0.2   3   3       9.3     2e+03   -3.0   0.0   177   216   464   504   460   505 0.74 -
DkoeB00012281-RA     -            328 48529at7147          -            292   0.00069   18.3   0.0   1   3     0.052        11    4.4   0.0   231   262   105   136    71   145 0.78 -
DkoeB00012281-RA     -            328 48529at7147          -            292   0.00069   18.3   0.0   2   3     0.013       2.8    6.4   0.0   194   257   111   174    94   184 0.67 -
DkoeB00012281-RA     -            328 48529at7147          -            292   0.00069   18.3   0.0   3   3    0.0027      0.59    8.7   0.0   186   259   227   299   191   320 0.79 -
DkoeB00004936-RA     -            748 48529at7147          -            292    0.0008   18.1   0.0   1   2   0.00039     0.086   11.4   0.0   198   264   552   617   531   624 0.85 -
DkoeB00004936-RA     -            748 48529at7147          -            292    0.0008   18.1   0.0   2   2     0.071        16    4.0   0.0   185   267   621   704   617   720 0.71 -
DkoeB00004077-RA     -            363 48529at7147          -            292     0.001   17.8   0.0   1   2      0.92     2e+02    0.3   0.0    50   100    79   132    62   194 0.72 -
DkoeB00004077-RA     -            363 48529at7147          -            292     0.001   17.8   0.0   2   2   3.3e-05    0.0073   14.9   0.0   158   223   211   286   170   332 0.75 -
DkoeB00002091-RA     -            540 48529at7147          -            292    0.0011   17.6   0.0   1   4     0.027       5.9    5.4   0.0   232   266   343   378   336   394 0.81 -
DkoeB00002091-RA     -            540 48529at7147          -            292    0.0011   17.6   0.0   2   4      0.95   2.1e+02    0.3   0.0   219   259   372   412   364   423 0.79 -
DkoeB00002091-RA     -            540 48529at7147          -            292    0.0011   17.6   0.0   3   4     0.012       2.6    6.5   0.0   197   257   435   495   394   502 0.72 -
DkoeB00002091-RA     -            540 48529at7147          -            292    0.0011   17.6   0.0   4   4      0.77   1.7e+02    0.6   0.0   222   256   502   536   498   540 0.85 -
DkoeB00003617-RA     -            638 48529at7147          -            292    0.0015   17.2   0.0   1   2         7   1.5e+03   -2.5   0.0   220   258   184   222   150   225 0.78 -
DkoeB00003617-RA     -            638 48529at7147          -            292    0.0015   17.2   0.0   2   2   2.4e-05    0.0052   15.4   0.0   120   252   272   402   249   411 0.76 -
DkoeB00003186-RA     -            488 48529at7147          -            292    0.0026   16.4   0.2   1   4    0.0032       0.7    8.4   0.0   213   268   103   158    87   166 0.87 -
DkoeB00003186-RA     -            488 48529at7147          -            292    0.0026   16.4   0.2   2   4       2.5   5.5e+02   -1.1   0.0   224   263   246   284   222   290 0.68 -
DkoeB00003186-RA     -            488 48529at7147          -            292    0.0026   16.4   0.2   3   4      0.15        33    2.9   0.0   223   262   369   408   360   423 0.83 -
DkoeB00003186-RA     -            488 48529at7147          -            292    0.0026   16.4   0.2   4   4       1.1   2.5e+02    0.0   0.0   221   263   409   451   406   455 0.83 -
DkoeB00011284-RA     -           3453 48529at7147          -            292    0.0027   16.3   0.0   1   1   2.4e-05    0.0053   15.4   0.0   164   264  3294  3397  3275  3429 0.82 -
DkoeB00010687-RA     -            927 48529at7147          -            292    0.0031   16.1   1.0   1   3      0.51   1.1e+02    1.2   0.1    14    29   175   188    93   282 0.73 -
DkoeB00010687-RA     -            927 48529at7147          -            292    0.0031   16.1   1.0   2   3     0.054        12    4.4   0.0   164   254   435   527   425   537 0.79 -
DkoeB00010687-RA     -            927 48529at7147          -            292    0.0031   16.1   1.0   3   3     0.015       3.2    6.2   0.0   199   264   558   622   537   632 0.80 -
DkoeB00014042-RA     -            376 48529at7147          -            292    0.0033   16.1   0.0   1   1   2.2e-05    0.0048   15.5   0.0   160   258    49   148    42   161 0.85 -
DkoeB00000760-RA     -            315 48529at7147          -            292    0.0034   16.0   0.0   1   3    0.0091         2    6.9   0.0   210   259    61   111    49   125 0.73 -
DkoeB00000760-RA     -            315 48529at7147          -            292    0.0034   16.0   0.0   2   3       0.8   1.8e+02    0.5   0.0   192   248   130   185   118   199 0.75 -
DkoeB00000760-RA     -            315 48529at7147          -            292    0.0034   16.0   0.0   3   3     0.067        15    4.1   0.1   147   201   260   313   244   314 0.88 -
DkoeB00006401-RA     -            954 48529at7147          -            292    0.0036   15.9   0.0   1   2   0.00056      0.12   10.9   0.1   167   258   371   462   356   471 0.78 -
DkoeB00006401-RA     -            954 48529at7147          -            292    0.0036   15.9   0.0   2   2    0.0019      0.43    9.1   0.0   159   260   447   552   445   569 0.77 -
DkoeB00008581-RA     -            813 48529at7147          -            292     0.004   15.8   0.0   1   2       3.9   8.5e+02   -1.7   0.0   218   260   219   260   187   265 0.65 -
DkoeB00008581-RA     -            813 48529at7147          -            292     0.004   15.8   0.0   2   2   6.4e-05     0.014   14.0   0.0   107   194   282   364   266   433 0.77 -
DkoeB00010539-RA     -            494 48529at7147          -            292    0.0044   15.6   0.1   1   2       1.3   2.8e+02   -0.1   0.0   224   254   204   234   181   242 0.74 -
DkoeB00010539-RA     -            494 48529at7147          -            292    0.0044   15.6   0.1   2   2   0.00013     0.028   13.0   0.0   158   238   340   420   333   445 0.81 -
DkoeB00002072-RA     -            739 48529at7147          -            292    0.0046   15.6   0.8   1   4     0.087        19    3.7   0.1   226   251    58    83    48   114 0.84 -
DkoeB00002072-RA     -            739 48529at7147          -            292    0.0046   15.6   0.8   2   4       3.5   7.6e+02   -1.6   0.0    44    76   108   141    95   156 0.79 -
DkoeB00002072-RA     -            739 48529at7147          -            292    0.0046   15.6   0.8   3   4    0.0064       1.4    7.4   0.0   187   260   453   527   397   547 0.81 -
DkoeB00002072-RA     -            739 48529at7147          -            292    0.0046   15.6   0.8   4   4      0.61   1.3e+02    0.9   0.0   149   256   500   607   492   615 0.54 -
DkoeB00010546-RA     -            353 48529at7147          -            292    0.0066   15.1   0.0   1   2       1.5   3.3e+02   -0.4   0.0   119   158    39    80    16   115 0.57 -
DkoeB00010546-RA     -            353 48529at7147          -            292    0.0066   15.1   0.0   2   2   0.00016     0.035   12.7   0.0   152   235   170   265   141   280 0.67 -
DkoeB00007555-RA     -           1917 48529at7147          -            292    0.0067   15.0   4.2   1   6     0.083        18    3.8   0.0   193   258   911   976   905   982 0.77 -
DkoeB00007555-RA     -           1917 48529at7147          -            292    0.0067   15.0   4.2   2   6      0.52   1.1e+02    1.2   0.0   221   276  1023  1078   977  1087 0.78 -
DkoeB00007555-RA     -           1917 48529at7147          -            292    0.0067   15.0   4.2   3   6         3   6.5e+02   -1.3   0.1   220   263  1105  1148  1093  1152 0.84 -
DkoeB00007555-RA     -           1917 48529at7147          -            292    0.0067   15.0   4.2   4   6      0.67   1.5e+02    0.8   0.0   224   258  1254  1288  1236  1309 0.86 -
DkoeB00007555-RA     -           1917 48529at7147          -            292    0.0067   15.0   4.2   5   6       1.2   2.6e+02    0.0   0.0    41    98  1378  1434  1370  1455 0.68 -
DkoeB00007555-RA     -           1917 48529at7147          -            292    0.0067   15.0   4.2   6   6      0.13        29    3.1   0.1   220   260  1457  1497  1431  1508 0.85 -
DkoeB00004632-RA     -            682 48529at7147          -            292    0.0067   15.0   0.0   1   1   5.2e-05     0.011   14.3   0.0   159   258    66   166    54   179 0.85 -
DkoeB00007981-RA     -            779 48529at7147          -            292    0.0069   15.0   0.1   1   2   0.00011     0.024   13.2   0.0   132   264   458   594   452   602 0.80 -
DkoeB00007981-RA     -            779 48529at7147          -            292    0.0069   15.0   0.1   2   2       9.1     2e+03   -2.9   0.0   232   258   688   714   682   717 0.70 -
DkoeB00008294-RA     -            359 48529at7147          -            292    0.0074   14.9   0.0   1   1   0.00021     0.046   12.3   0.0   144   182    12    50     5    56 0.86 -
DkoeB00009440-RA     -            317 48529at7147          -            292    0.0081   14.8   0.1   1   3   0.00076      0.17   10.5   0.0   227   270    62   105    51   110 0.83 -
DkoeB00009440-RA     -            317 48529at7147          -            292    0.0081   14.8   0.1   2   3      0.74   1.6e+02    0.7   0.0   222   258    99   135    95   149 0.81 -
DkoeB00009440-RA     -            317 48529at7147          -            292    0.0081   14.8   0.1   3   3      0.82   1.8e+02    0.5   0.0    69   218   175   183   121   229 0.63 -
DkoeB00006278-RA     -            754 48529at7147          -            292     0.011   14.4   0.9   1   3       5.3   1.2e+03   -2.1   0.0   231   255   155   179   134   190 0.78 -
DkoeB00006278-RA     -            754 48529at7147          -            292     0.011   14.4   0.9   2   3   0.00068      0.15   10.6   0.1   208   262   229   282   207   300 0.78 -
DkoeB00006278-RA     -            754 48529at7147          -            292     0.011   14.4   0.9   3   3      0.95   2.1e+02    0.3   0.0   128   182   362   418   334   425 0.68 -
DkoeB00007460-RA     -            768 48529at7147          -            292     0.012   14.2   0.1   1   2   0.00023      0.05   12.2   0.0   197   267   146   215   128   223 0.82 -
DkoeB00007460-RA     -            768 48529at7147          -            292     0.012   14.2   0.1   2   2       3.5   7.6e+02   -1.6   0.0   200   253   328   381   322   392 0.81 -
DkoeB00005858-RA     -           2247 48529at7147          -            292     0.013   14.1   0.2   1   4      0.45        98    1.4   0.0   227   263   181   217   167   221 0.81 -
DkoeB00005858-RA     -           2247 48529at7147          -            292     0.013   14.1   0.2   2   4    0.0017      0.38    9.3   0.0   222   261   218   257   191   264 0.85 -
DkoeB00005858-RA     -           2247 48529at7147          -            292     0.013   14.1   0.2   3   4       5.2   1.2e+03   -2.1   0.0   240   258   336   354   330   363 0.87 -
DkoeB00005858-RA     -           2247 48529at7147          -            292     0.013   14.1   0.2   4   4       4.6     1e+03   -1.9   0.0   231   263   427   459   422   467 0.82 -
DkoeB00007177-RA     -            356 48529at7147          -            292     0.014   14.0   1.2   1   3       0.9     2e+02    0.4   0.1   232   259    15    42    11    48 0.79 -
DkoeB00007177-RA     -            356 48529at7147          -            292     0.014   14.0   1.2   2   3   0.00048      0.11   11.1   0.0   156   200   128   176   113   214 0.79 -
DkoeB00007177-RA     -            356 48529at7147          -            292     0.014   14.0   1.2   3   3       9.7   2.1e+03   -3.0   0.1   146   177   274   305   268   308 0.79 -
DkoeB00001980-RA     -            335 48529at7147          -            292     0.014   14.0   0.0   1   1   0.00011     0.025   13.2   0.0   155   256   179   285   148   299 0.76 -
DkoeB00007093-RA     -            787 48529at7147          -            292     0.016   13.8   0.2   1   2   0.00023     0.051   12.2   0.0   224   259   445   480   440   490 0.92 -
DkoeB00007093-RA     -            787 48529at7147          -            292     0.016   13.8   0.2   2   2         4   8.7e+02   -1.7   0.0   119   139   640   660   637   707 0.77 -
DkoeB00007582-RA     -            460 48529at7147          -            292     0.017   13.7   0.0   1   1   0.00013     0.029   12.9   0.0   158   241   287   377   280   396 0.79 -
DkoeB00007849-RA     -            851 48529at7147          -            292     0.019   13.6   0.2   1   2    0.0021      0.47    9.0   0.1   186   258    24    94    15   112 0.88 -
DkoeB00007849-RA     -            851 48529at7147          -            292     0.019   13.6   0.2   2   2      0.33        73    1.8   0.0   182   222   283   323   274   364 0.85 -
DkoeB00006488-RA     -            350 48529at7147          -            292     0.035   12.7   0.1   1   1   0.00025     0.055   12.0   0.1   152   270   140   271   102   280 0.76 -
DkoeB00002711-RA     -            488 48529at7147          -            292     0.042   12.4   0.1   1   2      0.34        74    1.8   0.0   231   279    68   116    27   123 0.83 -
DkoeB00002711-RA     -            488 48529at7147          -            292     0.042   12.4   0.1   2   2    0.0037      0.81    8.2   0.1   193   261   157   229   147   234 0.78 -
DkoeB00002691-RA     -            636 48529at7147          -            292     0.068   11.7   0.0   1   1   0.00062      0.14   10.8   0.0   152   217   371   441   365   452 0.77 -
DkoeB00006276-RA     -            331 48529at7147          -            292     0.081   11.5   0.0   1   3      0.39        85    1.6   0.0   223   259     8    44     4    56 0.88 -
DkoeB00006276-RA     -            331 48529at7147          -            292     0.081   11.5   0.0   2   3     0.054        12    4.4   0.0   227   262    57    92    48   106 0.86 -
DkoeB00006276-RA     -            331 48529at7147          -            292     0.081   11.5   0.0   3   3      0.82   1.8e+02    0.5   0.0   227   257   188   218   147   223 0.86 -
DkoeB00006888-RA     -            411 48529at7147          -            292     0.091   11.3   0.1   1   2       0.4        89    1.5   0.0   107   129   335   355   321   363 0.82 -
DkoeB00006888-RA     -            411 48529at7147          -            292     0.091   11.3   0.1   2   2    0.0044      0.96    8.0   0.2   224   261   363   400   336   405 0.80 -
DkoeB00010075-RA     -            540 48529at7147          -            292      0.13   10.9   0.0   1   2    0.0047         1    7.9   0.0   159   257   278   375   251   381 0.87 -
DkoeB00010075-RA     -            540 48529at7147          -            292      0.13   10.9   0.0   2   2      0.99   2.2e+02    0.2   0.0   247   286   416   455   407   459 0.81 -
#
# Program:         hmmsearch
# Version:         3.1b2 (February 2015)
# Pipeline mode:   SEARCH
# Query file:      /home/nmoreyra/Documents/Genomics/03_orthologs_search/00_Phylogenomics_BUSCO-groups/busco4_odb10/busco_downloads/lineages/diptera_odb10/hmms/48529at7147.hmm
# Target file:     /home/nmoreyra/Documents/Genomics/03_orthologs_search/00_Phylogenomics_BUSCO-groups/busco4_odb10/../00_proteins/DkoeB_proteins.fasta
# Option settings: /home/nmoreyra/Software/miniconda3/envs/busco4/bin/hmmsearch --domtblout /home/nmoreyra/Documents/Genomics/03_orthologs_search/00_Phylogenomics_BUSCO-groups/busco4_odb10/DkoeB_diptera/run_diptera_odb10/hmmer_output/initial_run_results/48529at7147.out --cpu 1 /home/nmoreyra/Documents/Genomics/03_orthologs_search/00_Phylogenomics_BUSCO-groups/busco4_odb10/busco_downloads/lineages/diptera_odb10/hmms/48529at7147.hmm /home/nmoreyra/Documents/Genomics/03_orthologs_search/00_Phylogenomics_BUSCO-groups/busco4_odb10/../00_proteins/DkoeB_proteins.fasta 
# Current dir:     /home/nmoreyra/Documents/Genomics/03_orthologs_search/00_Phylogenomics_BUSCO-groups/busco4_odb10
# Date:            Mon Jan 25 14:11:21 2021
# [ok]
