#                                                                            --- full sequence --- -------------- this domain -------------   hmm coord   ali coord   env coord
# target name        accession   tlen query name           accession   qlen   E-value  score  bias   #  of  c-Evalue  i-Evalue  score  bias  from    to  from    to  from    to  acc description of target
#------------------- ---------- ----- -------------------- ---------- ----- --------- ------ ----- --- --- --------- --------- ------ ----- ----- ----- ----- ----- ----- ----- ---- ---------------------
DkoeB00000286-RA     -           1221 4872at7147           -            990         0 1500.2  37.0   1   2   5.6e-53   1.1e-49  168.9   8.3    11   179    54   285    44   293 0.83 -
DkoeB00000286-RA     -           1221 4872at7147           -            990         0 1500.2  37.0   2   2         0         0 1330.3  20.7   176   990   316  1203   311  1203 0.92 -
DkoeB00009167-RA     -            473 4872at7147           -            990   2.7e-93  313.4   9.8   1   3   3.2e-57   6.4e-54  183.0   0.1   174   348    22   224     9   228 0.84 -
DkoeB00009167-RA     -            473 4872at7147           -            990   2.7e-93  313.4   9.8   2   3   1.6e-14   3.2e-11   41.6   2.9   421   472   225   279   223   282 0.88 -
DkoeB00009167-RA     -            473 4872at7147           -            990   2.7e-93  313.4   9.8   3   3   5.4e-30   1.1e-26   92.9   0.1   725   812   311   403   295   408 0.92 -
DkoeB00011687-RA     -           1170 4872at7147           -            990   5.4e-48  163.4  26.8   1   4      0.15   2.9e+02   -1.2   0.0   176   240    16    80    11   124 0.87 -
DkoeB00011687-RA     -           1170 4872at7147           -            990   5.4e-48  163.4  26.8   2   4   1.7e-21   3.5e-18   64.7   5.3   371   577   228   440   190   454 0.85 -
DkoeB00011687-RA     -           1170 4872at7147           -            990   5.4e-48  163.4  26.8   3   4    0.0044       8.8    3.8   0.0   582   688   484   592   479   619 0.77 -
DkoeB00011687-RA     -           1170 4872at7147           -            990   5.4e-48  163.4  26.8   4   4   3.3e-32   6.7e-29  100.2  11.2   797   990   672   858   641   858 0.85 -
DkoeB00006584-RA     -           1361 4872at7147           -            990   1.6e-43  148.6  28.0   1   4   0.00012      0.24    9.0   0.0   177   294    64   183    48   190 0.82 -
DkoeB00006584-RA     -           1361 4872at7147           -            990   1.6e-43  148.6  28.0   2   4   7.6e-27   1.5e-23   82.5   2.0   384   577   407   601   378   607 0.91 -
DkoeB00006584-RA     -           1361 4872at7147           -            990   1.6e-43  148.6  28.0   3   4   6.3e-06     0.013   13.2   0.1   581   669   685   775   676   780 0.85 -
DkoeB00006584-RA     -           1361 4872at7147           -            990   1.6e-43  148.6  28.0   4   4   3.1e-17   6.2e-14   50.6  13.6   817   990   960  1131   946  1131 0.84 -
DkoeB00011850-RA     -           1282 4872at7147           -            990   6.3e-16   57.2   9.3   1   1   5.4e-19   1.1e-15   56.5   9.3   412   570   368   527   360   534 0.93 -
DkoeB00009168-RA     -             88 4872at7147           -            990   2.9e-10   38.5   0.1   1   1   1.4e-13   2.9e-10   38.5   0.1    36    88     2    54     1    76 0.86 -
DkoeB00005374-RA     -            998 4872at7147           -            990      0.18    9.4   4.9   1   1   0.00013      0.25    8.9   4.9   434   577   218   365   183   425 0.73 -
#
# Program:         hmmsearch
# Version:         3.1b2 (February 2015)
# Pipeline mode:   SEARCH
# Query file:      /home/nmoreyra/Documents/Genomics/03_orthologs_search/00_Phylogenomics_BUSCO-groups/busco4_odb10/busco_downloads/lineages/diptera_odb10/hmms/4872at7147.hmm
# Target file:     /home/nmoreyra/Documents/Genomics/03_orthologs_search/00_Phylogenomics_BUSCO-groups/busco4_odb10/../00_proteins/DkoeB_proteins.fasta
# Option settings: /home/nmoreyra/Software/miniconda3/envs/busco4/bin/hmmsearch --domtblout /home/nmoreyra/Documents/Genomics/03_orthologs_search/00_Phylogenomics_BUSCO-groups/busco4_odb10/DkoeB_diptera/run_diptera_odb10/hmmer_output/initial_run_results/4872at7147.out --cpu 1 /home/nmoreyra/Documents/Genomics/03_orthologs_search/00_Phylogenomics_BUSCO-groups/busco4_odb10/busco_downloads/lineages/diptera_odb10/hmms/4872at7147.hmm /home/nmoreyra/Documents/Genomics/03_orthologs_search/00_Phylogenomics_BUSCO-groups/busco4_odb10/../00_proteins/DkoeB_proteins.fasta 
# Current dir:     /home/nmoreyra/Documents/Genomics/03_orthologs_search/00_Phylogenomics_BUSCO-groups/busco4_odb10
# Date:            Mon Jan 25 14:11:32 2021
# [ok]
