#                                                                            --- full sequence --- -------------- this domain -------------   hmm coord   ali coord   env coord
# target name        accession   tlen query name           accession   qlen   E-value  score  bias   #  of  c-Evalue  i-Evalue  score  bias  from    to  from    to  from    to  acc description of target
#------------------- ---------- ----- -------------------- ---------- ----- --------- ------ ----- --- --- --------- --------- ------ ----- ----- ----- ----- ----- ----- ----- ---- ---------------------
DkoeB00010556-RA     -            267 52009at7147          -            243  2.7e-147  488.5   9.7   1   1  1.4e-150  3.2e-147  488.3   9.7     1   243     1   263     1   263 0.94 -
DkoeB00001121-RA     -            608 52009at7147          -            243   7.9e-20   71.1   0.8   1   1   5.6e-23   1.3e-19   70.4   0.8    26   226   109   331    97   347 0.76 -
DkoeB00009457-RA     -            325 52009at7147          -            243   1.6e-13   50.5   0.1   1   1   9.9e-17   2.3e-13   49.9   0.1    56   193    78   217    73   260 0.82 -
DkoeB00002041-RA     -           1153 52009at7147          -            243   1.4e-09   37.6   1.3   1   1   8.9e-13   2.1e-09   37.0   1.3    33   193    66   233    38   286 0.73 -
DkoeB00013050-RA     -            184 52009at7147          -            243     0.012   14.9   1.8   1   2   9.2e-06     0.022   14.0   0.5    67   184     2   117     1   139 0.75 -
DkoeB00013050-RA     -            184 52009at7147          -            243     0.012   14.9   1.8   2   2      0.17     4e+02    0.0   0.0   162   204   137   180   132   183 0.78 -
DkoeB00002821-RA     -            526 52009at7147          -            243     0.032   13.5   1.1   1   1   2.9e-05     0.067   12.4   1.1    47   232   274   458   248   471 0.75 -
#
# Program:         hmmsearch
# Version:         3.1b2 (February 2015)
# Pipeline mode:   SEARCH
# Query file:      /home/nmoreyra/Documents/Genomics/03_orthologs_search/00_Phylogenomics_BUSCO-groups/busco4_odb10/busco_downloads/lineages/diptera_odb10/hmms/52009at7147.hmm
# Target file:     /home/nmoreyra/Documents/Genomics/03_orthologs_search/00_Phylogenomics_BUSCO-groups/busco4_odb10/../00_proteins/DkoeB_proteins.fasta
# Option settings: /home/nmoreyra/Software/miniconda3/envs/busco4/bin/hmmsearch --domtblout /home/nmoreyra/Documents/Genomics/03_orthologs_search/00_Phylogenomics_BUSCO-groups/busco4_odb10/DkoeB_diptera/run_diptera_odb10/hmmer_output/initial_run_results/52009at7147.out --cpu 1 /home/nmoreyra/Documents/Genomics/03_orthologs_search/00_Phylogenomics_BUSCO-groups/busco4_odb10/busco_downloads/lineages/diptera_odb10/hmms/52009at7147.hmm /home/nmoreyra/Documents/Genomics/03_orthologs_search/00_Phylogenomics_BUSCO-groups/busco4_odb10/../00_proteins/DkoeB_proteins.fasta 
# Current dir:     /home/nmoreyra/Documents/Genomics/03_orthologs_search/00_Phylogenomics_BUSCO-groups/busco4_odb10
# Date:            Mon Jan 25 14:11:17 2021
# [ok]
