#                                                                            --- full sequence --- -------------- this domain -------------   hmm coord   ali coord   env coord
# target name        accession   tlen query name           accession   qlen   E-value  score  bias   #  of  c-Evalue  i-Evalue  score  bias  from    to  from    to  from    to  acc description of target
#------------------- ---------- ----- -------------------- ---------- ----- --------- ------ ----- --- --- --------- --------- ------ ----- ----- ----- ----- ----- ----- ----- ---- ---------------------
DkoeB00002502-RA     -            385 52215at7147          -            316  1.3e-147  490.6   9.4   1   1  3.7e-148  1.2e-145  484.1   9.4     1   316    18   384    18   384 0.90 -
DkoeB00006720-RA     -            302 52215at7147          -            316   4.3e-60  203.1   1.9   1   2       2.6   8.4e+02   -1.6   0.0   264   287    46    69    39    80 0.80 -
DkoeB00006720-RA     -            302 52215at7147          -            316   4.3e-60  203.1   1.9   2   2   1.6e-62   5.2e-60  202.8   0.7     2   161   140   302   139   302 0.95 -
DkoeB00009381-RA     -            185 52215at7147          -            316   1.2e-59  201.6   0.1   1   1   4.3e-62   1.4e-59  201.4   0.1     3   160    25   185    23   185 0.94 -
DkoeB00000975-RA     -            223 52215at7147          -            316   1.3e-59  201.5   0.3   1   1   4.8e-62   1.6e-59  201.2   0.3     3   159    63   222    61   223 0.94 -
DkoeB00009379-RA     -            166 52215at7147          -            316   1.7e-59  201.1   0.3   1   1   5.7e-62   1.9e-59  201.0   0.3     3   161     4   165     2   166 0.94 -
DkoeB00007390-RA     -            183 52215at7147          -            316   1.3e-53  181.8   0.1   1   1   4.4e-56   1.4e-53  181.6   0.1     1   160    15   183    15   183 0.91 -
DkoeB00008080-RA     -            953 52215at7147          -            316   4.7e-49  166.8   0.0   1   1   1.4e-51   4.7e-49  166.8   0.0     3   165    14   188    12   220 0.89 -
DkoeB00009223-RA     -           1084 52215at7147          -            316   1.3e-46  158.8   0.4   1   1   6.7e-49   2.2e-46  158.1   0.4    20   146     1   129     1   156 0.91 -
DkoeB00012417-RA     -            205 52215at7147          -            316   2.7e-46  157.8   0.2   1   1     1e-48   3.4e-46  157.4   0.2     5   171    31   201    28   204 0.93 -
DkoeB00000977-RA     -            140 52215at7147          -            316   1.1e-44  152.4   0.7   1   2   5.3e-41   1.7e-38  132.1   0.0     3    95     5   100     3   104 0.92 -
DkoeB00000977-RA     -            140 52215at7147          -            316   1.1e-44  152.4   0.7   2   2   1.1e-06   0.00035   19.4   0.1   125   159   105   139   100   140 0.95 -
DkoeB00003156-RA     -            236 52215at7147          -            316   6.2e-38  130.3   0.1   1   1   2.5e-40   8.1e-38  129.9   0.1     5   164    28   194    25   205 0.89 -
DkoeB00007315-RA     -            517 52215at7147          -            316   1.1e-30  106.4   0.1   1   1   5.7e-33   1.9e-30  105.7   0.1    10   157   282   429   280   444 0.91 -
DkoeB00007461-RA     -            161 52215at7147          -            316   4.8e-30  104.4   0.0   1   1   1.7e-32   5.4e-30  104.2   0.0     8   141     2   134     1   151 0.91 -
DkoeB00005845-RA     -            173 52215at7147          -            316   3.4e-26   91.7   0.0   1   1   1.3e-28   4.2e-26   91.4   0.0    10   155    21   166    18   170 0.89 -
DkoeB00009446-RA     -           1284 52215at7147          -            316   2.1e-23   82.6   0.0   1   1   6.3e-26   2.1e-23   82.6   0.0    11   133    17   137    13   161 0.87 -
DkoeB00005386-RA     -            566 52215at7147          -            316   2.2e-18   66.1   0.0   1   1   8.8e-21   2.9e-18   65.7   0.0     3   161   400   563   398   566 0.86 -
DkoeB00007189-RA     -           1225 52215at7147          -            316   1.9e-16   59.7   0.0   1   1   1.2e-18   3.8e-16   58.7   0.0    38   154   487   607   468   617 0.76 -
DkoeB00005504-RA     -            573 52215at7147          -            316   4.6e-14   51.9   0.1   1   1   2.5e-16   8.1e-14   51.1   0.1     8   156     2   158     1   164 0.84 -
DkoeB00003781-RA     -            441 52215at7147          -            316   3.5e-12   45.7   7.0   1   1   1.9e-14   6.2e-12   44.9   7.0   189   316   252   395   239   395 0.84 -
DkoeB00014008-RA     -            227 52215at7147          -            316   2.1e-11   43.1   0.1   1   1   8.8e-14   2.9e-11   42.7   0.1    11   152    70   213    67   223 0.82 -
DkoeB00010138-RA     -            490 52215at7147          -            316   4.4e-10   38.8  23.6   1   4   1.1e-06   0.00034   19.4   0.5   192   282     6    95     1   123 0.83 -
DkoeB00010138-RA     -            490 52215at7147          -            316   4.4e-10   38.8  23.6   2   4     0.046        15    4.2   8.3   194   296   179   294   153   310 0.74 -
DkoeB00010138-RA     -            490 52215at7147          -            316   4.4e-10   38.8  23.6   3   4   6.8e-08   2.2e-05   23.3   0.7   194   278   314   397   303   427 0.87 -
DkoeB00010138-RA     -            490 52215at7147          -            316   4.4e-10   38.8  23.6   4   4      0.39   1.3e+02    1.1   0.1   249   293   402   448   397   469 0.72 -
DkoeB00003851-RA     -            499 52215at7147          -            316   1.4e-09   37.2  12.1   1   3    0.0002     0.066   11.9   0.5   194   297    46   153    11   172 0.74 -
DkoeB00003851-RA     -            499 52215at7147          -            316   1.4e-09   37.2  12.1   2   3       1.3   4.3e+02   -0.6   0.0   251   283   216   248   212   272 0.76 -
DkoeB00003851-RA     -            499 52215at7147          -            316   1.4e-09   37.2  12.1   3   3     2e-09   6.5e-07   28.4   4.8   189   307   269   394   252   400 0.76 -
DkoeB00007912-RA     -            954 52215at7147          -            316   1.4e-09   37.2   2.6   1   2   3.8e-11   1.3e-08   34.0   1.8   194   310    23   146    15   154 0.81 -
DkoeB00007912-RA     -            954 52215at7147          -            316   1.4e-09   37.2   2.6   2   2      0.32   1.1e+02    1.4   0.0    86   149   632   698   624   746 0.78 -
DkoeB00012595-RA     -            321 52215at7147          -            316   5.1e-09   35.3   2.0   1   1   3.1e-11     1e-08   34.3   2.0   187   316   169   321   151   321 0.76 -
DkoeB00007341-RA     -            543 52215at7147          -            316     1e-08   34.3   3.9   1   2       3.3   1.1e+03   -1.9   0.0   261   296     7    42     3    64 0.74 -
DkoeB00007341-RA     -            543 52215at7147          -            316     1e-08   34.3   3.9   2   2   3.1e-11     1e-08   34.3   3.9   177   284    94   200    55   230 0.77 -
DkoeB00006377-RA     -            402 52215at7147          -            316   1.2e-07   30.8   0.1   1   1     7e-10   2.3e-07   29.9   0.0     3   159   244   401   242   402 0.81 -
DkoeB00008945-RA     -            289 52215at7147          -            316   6.3e-07   28.4   0.4   1   1   3.2e-09   1.1e-06   27.7   0.4   187   285    11   108     5   138 0.79 -
DkoeB00008034-RA     -            515 52215at7147          -            316     1e-06   27.8   2.1   1   1   5.6e-09   1.8e-06   26.9   2.1   193   284    47   137    35   170 0.77 -
DkoeB00003431-RA     -            598 52215at7147          -            316   1.3e-06   27.3   2.9   1   3   4.1e-09   1.3e-06   27.3   2.9   193   283   101   195    64   216 0.86 -
DkoeB00003431-RA     -            598 52215at7147          -            316   1.3e-06   27.3   2.9   2   3       8.4   2.7e+03   -3.2   0.0   251   287   369   405   365   442 0.61 -
DkoeB00003431-RA     -            598 52215at7147          -            316   1.3e-06   27.3   2.9   3   3       5.6   1.8e+03   -2.7   0.0   249   280   511   542   501   548 0.82 -
DkoeB00009868-RA     -            345 52215at7147          -            316   1.2e-05   24.3   2.0   1   1   5.4e-08   1.8e-05   23.7   2.0   192   280   111   198   101   228 0.84 -
DkoeB00004695-RA     -            473 52215at7147          -            316   1.3e-05   24.1   3.2   1   1   7.5e-08   2.4e-05   23.2   3.2   192   272   235   315   182   361 0.79 -
DkoeB00011743-RA     -            446 52215at7147          -            316   0.00057   18.7   1.9   1   1   4.3e-06    0.0014   17.4   1.9   250   311   293   359   223   364 0.78 -
DkoeB00012398-RA     -            403 52215at7147          -            316   0.00081   18.2   6.6   1   2     0.084        27    3.3   1.2   194   220   202   228   186   232 0.88 -
DkoeB00012398-RA     -            403 52215at7147          -            316   0.00081   18.2   6.6   2   2   3.6e-06    0.0012   17.7   0.3   230   314   259   353   249   355 0.75 -
DkoeB00000465-RA     -           2528 52215at7147          -            316    0.0012   17.7   0.0   1   1   1.4e-05    0.0046   15.7   0.0   219   294    86   171    61   183 0.81 -
DkoeB00012789-RA     -            417 52215at7147          -            316    0.0015   17.3   3.4   1   2   4.7e-06    0.0015   17.3   3.4   184   287   121   224    76   260 0.74 -
DkoeB00012789-RA     -            417 52215at7147          -            316    0.0015   17.3   3.4   2   2       2.5   8.3e+02   -1.5   0.4   285   313   245   273   221   275 0.79 -
DkoeB00005422-RA     -            168 52215at7147          -            316     0.002   16.9   0.0   1   2       1.3   4.3e+02   -0.6   0.0   256   280    48    72    36    76 0.80 -
DkoeB00005422-RA     -            168 52215at7147          -            316     0.002   16.9   0.0   2   2   2.5e-05    0.0081   14.9   0.0   199   302    53   160    46   166 0.67 -
DkoeB00002664-RA     -            925 52215at7147          -            316    0.0039   16.0   0.1   1   1   3.5e-05     0.011   14.4   0.1   198   283   739   830   727   853 0.84 -
DkoeB00007796-RA     -           1317 52215at7147          -            316    0.0047   15.7   0.8   1   1   2.6e-05    0.0086   14.8   0.8   192   283    84   179    62   211 0.85 -
DkoeB00009335-RA     -           1528 52215at7147          -            316      0.01   14.6   0.3   1   1   5.7e-05     0.019   13.7   0.3   192   284  1356  1461  1337  1483 0.76 -
DkoeB00006342-RA     -            385 52215at7147          -            316     0.012   14.3   0.1   1   1   8.3e-05     0.027   13.2   0.1    99   158   323   383   227   385 0.65 -
DkoeB00006343-RA     -            367 52215at7147          -            316     0.047   12.4   0.0   1   2         5   1.6e+03   -2.5   0.0     4    38   212   248   210   263 0.68 -
DkoeB00006343-RA     -            367 52215at7147          -            316     0.047   12.4   0.0   2   2   0.00031       0.1   11.3   0.0   117   159   324   366   290   367 0.92 -
DkoeB00006623-RA     -            397 52215at7147          -            316     0.064   12.0   4.8   1   1   0.00034      0.11   11.2   4.8   190   309    91   218    70   225 0.69 -
DkoeB00012070-RA     -            484 52215at7147          -            316      0.93    8.2   3.9   1   2       1.1   3.6e+02   -0.3   0.5   258   294   179   220    97   235 0.68 -
DkoeB00012070-RA     -            484 52215at7147          -            316      0.93    8.2   3.9   2   2    0.0016      0.53    9.0   0.2   195   282   288   374   267   379 0.92 -
#
# Program:         hmmsearch
# Version:         3.1b2 (February 2015)
# Pipeline mode:   SEARCH
# Query file:      /home/nmoreyra/Documents/Genomics/03_orthologs_search/00_Phylogenomics_BUSCO-groups/busco4_odb10/busco_downloads/lineages/diptera_odb10/hmms/52215at7147.hmm
# Target file:     /home/nmoreyra/Documents/Genomics/03_orthologs_search/00_Phylogenomics_BUSCO-groups/busco4_odb10/../00_proteins/DkoeB_proteins.fasta
# Option settings: /home/nmoreyra/Software/miniconda3/envs/busco4/bin/hmmsearch --domtblout /home/nmoreyra/Documents/Genomics/03_orthologs_search/00_Phylogenomics_BUSCO-groups/busco4_odb10/DkoeB_diptera/run_diptera_odb10/hmmer_output/initial_run_results/52215at7147.out --cpu 1 /home/nmoreyra/Documents/Genomics/03_orthologs_search/00_Phylogenomics_BUSCO-groups/busco4_odb10/busco_downloads/lineages/diptera_odb10/hmms/52215at7147.hmm /home/nmoreyra/Documents/Genomics/03_orthologs_search/00_Phylogenomics_BUSCO-groups/busco4_odb10/../00_proteins/DkoeB_proteins.fasta 
# Current dir:     /home/nmoreyra/Documents/Genomics/03_orthologs_search/00_Phylogenomics_BUSCO-groups/busco4_odb10
# Date:            Mon Jan 25 14:11:22 2021
# [ok]
