#                                                                            --- full sequence --- -------------- this domain -------------   hmm coord   ali coord   env coord
# target name        accession   tlen query name           accession   qlen   E-value  score  bias   #  of  c-Evalue  i-Evalue  score  bias  from    to  from    to  from    to  acc description of target
#------------------- ---------- ----- -------------------- ---------- ----- --------- ------ ----- --- --- --------- --------- ------ ----- ----- ----- ----- ----- ----- ----- ---- ---------------------
DkoeB00010195-RA     -            246 55187at7147          -            195    1e-125  416.5   1.6   1   1  9.4e-129  1.2e-125  416.3   1.6     1   195    46   246    46   246 0.98 -
DkoeB00005839-RA     -            220 55187at7147          -            195   5.1e-62  208.6   1.6   1   1   4.8e-65   6.1e-62  208.4   1.6    24   195    54   220    37   220 0.96 -
DkoeB00003674-RA     -            604 55187at7147          -            195   4.4e-61  205.6   0.8   1   1   5.1e-64   6.5e-61  205.0   0.8    30   195    67   226    28   226 0.90 -
DkoeB00003896-RA     -            629 55187at7147          -            195   6.4e-19   68.0  14.3   1   4   1.5e-08   1.9e-05   24.0   0.2    31    79    30    79    24    87 0.90 -
DkoeB00003896-RA     -            629 55187at7147          -            195   6.4e-19   68.0  14.3   2   4   6.5e-06    0.0083   15.4   0.1    32    79   213   261   203   293 0.89 -
DkoeB00003896-RA     -            629 55187at7147          -            195   6.4e-19   68.0  14.3   3   4   7.5e-07   0.00096   18.5   0.2    31    79   344   393   336   415 0.89 -
DkoeB00003896-RA     -            629 55187at7147          -            195   6.4e-19   68.0  14.3   4   4   2.4e-06    0.0031   16.8   0.7    34    79   508   554   502   585 0.88 -
DkoeB00002200-RA     -            423 55187at7147          -            195   3.2e-05   23.3   0.3   1   2     5e-05     0.064   12.5   0.0    33    78   304   351   302   359 0.84 -
DkoeB00002200-RA     -            423 55187at7147          -            195   3.2e-05   23.3   0.3   2   2     0.001       1.3    8.3   0.2   134   177   378   419   362   422 0.84 -
DkoeB00004576-RA     -            170 55187at7147          -            195    0.0024   17.2   0.6   1   2   2.7e-06    0.0034   16.7   0.1    31    79    48    98    27   108 0.86 -
DkoeB00004576-RA     -            170 55187at7147          -            195    0.0024   17.2   0.6   2   2       2.2   2.9e+03   -2.6   0.0   163   178   146   161   123   165 0.61 -
DkoeB00000669-RA     -            182 55187at7147          -            195    0.0026   17.1   0.9   1   2   2.7e-06    0.0034   16.7   0.2    32    86    57   112    48   147 0.80 -
DkoeB00000669-RA     -            182 55187at7147          -            195    0.0026   17.1   0.9   2   2       1.5     2e+03   -2.1   0.1   164   179   157   172   140   175 0.75 -
DkoeB00011684-RA     -            152 55187at7147          -            195    0.0028   17.0   0.3   1   2    0.0006      0.76    9.0   0.0    33    69    30    66    17    87 0.91 -
DkoeB00011684-RA     -            152 55187at7147          -            195    0.0028   17.0   0.3   2   2    0.0043       5.5    6.2   0.2   162   178   125   141   113   148 0.88 -
DkoeB00008150-RA     -            174 55187at7147          -            195    0.0051   16.1   0.0   1   1   5.6e-06    0.0072   15.6   0.0    32    79    54   102    28   126 0.88 -
DkoeB00008838-RA     -            186 55187at7147          -            195     0.063   12.6   0.0   1   1     8e-05       0.1   11.9   0.0    31    66    46    81    16    97 0.68 -
DkoeB00011803-RA     -            456 55187at7147          -            195       0.1   11.9   0.7   1   2   9.9e-05      0.13   11.6   0.0    27    75    51   100    32   112 0.82 -
DkoeB00011803-RA     -            456 55187at7147          -            195       0.1   11.9   0.7   2   2       6.4   8.2e+03   -4.1   0.2   159   180   149   170   139   175 0.71 -
#
# Program:         hmmsearch
# Version:         3.1b2 (February 2015)
# Pipeline mode:   SEARCH
# Query file:      /home/nmoreyra/Documents/Genomics/03_orthologs_search/00_Phylogenomics_BUSCO-groups/busco4_odb10/busco_downloads/lineages/diptera_odb10/hmms/55187at7147.hmm
# Target file:     /home/nmoreyra/Documents/Genomics/03_orthologs_search/00_Phylogenomics_BUSCO-groups/busco4_odb10/../00_proteins/DkoeB_proteins.fasta
# Option settings: /home/nmoreyra/Software/miniconda3/envs/busco4/bin/hmmsearch --domtblout /home/nmoreyra/Documents/Genomics/03_orthologs_search/00_Phylogenomics_BUSCO-groups/busco4_odb10/DkoeB_diptera/run_diptera_odb10/hmmer_output/initial_run_results/55187at7147.out --cpu 1 /home/nmoreyra/Documents/Genomics/03_orthologs_search/00_Phylogenomics_BUSCO-groups/busco4_odb10/busco_downloads/lineages/diptera_odb10/hmms/55187at7147.hmm /home/nmoreyra/Documents/Genomics/03_orthologs_search/00_Phylogenomics_BUSCO-groups/busco4_odb10/../00_proteins/DkoeB_proteins.fasta 
# Current dir:     /home/nmoreyra/Documents/Genomics/03_orthologs_search/00_Phylogenomics_BUSCO-groups/busco4_odb10
# Date:            Mon Jan 25 14:11:21 2021
# [ok]
