#                                                                            --- full sequence --- -------------- this domain -------------   hmm coord   ali coord   env coord
# target name        accession   tlen query name           accession   qlen   E-value  score  bias   #  of  c-Evalue  i-Evalue  score  bias  from    to  from    to  from    to  acc description of target
#------------------- ---------- ----- -------------------- ---------- ----- --------- ------ ----- --- --- --------- --------- ------ ----- ----- ----- ----- ----- ----- ----- ---- ---------------------
DkoeB00009526-RA     -            934 57006at7147          -            579  2.3e-219  729.2  38.3   1   6   2.7e-71   5.5e-68  229.4   0.1     1   154    76   242    76   251 0.93 -
DkoeB00009526-RA     -            934 57006at7147          -            579  2.3e-219  729.2  38.3   2   6    0.0043       8.5    4.2   0.1   151   173   284   306   268   311 0.80 -
DkoeB00009526-RA     -            934 57006at7147          -            579  2.3e-219  729.2  38.3   3   6   3.5e-23     7e-20   70.6   0.2   172   223   353   407   334   439 0.87 -
DkoeB00009526-RA     -            934 57006at7147          -            579  2.3e-219  729.2  38.3   4   6   1.3e-07   0.00026   19.2   0.0   235   263   473   501   455   511 0.82 -
DkoeB00009526-RA     -            934 57006at7147          -            579  2.3e-219  729.2  38.3   5   6   2.8e-42   5.7e-39  133.6   8.7   286   418   579   731   574   756 0.80 -
DkoeB00009526-RA     -            934 57006at7147          -            579  2.3e-219  729.2  38.3   6   6   2.7e-88   5.4e-85  285.5   6.0   405   579   758   932   745   932 0.95 -
DkoeB00001222-RA     -           1771 57006at7147          -            579   5.4e-05   21.4   0.0   1   3       6.7   1.3e+04   -6.3   3.2   439   475    84   120    72   124 0.70 -
DkoeB00001222-RA     -           1771 57006at7147          -            579   5.4e-05   21.4   0.0   2   3       4.6   9.1e+03   -5.8   5.3   391   414  1284  1307  1258  1326 0.42 -
DkoeB00001222-RA     -           1771 57006at7147          -            579   5.4e-05   21.4   0.0   3   3   2.7e-08   5.4e-05   21.4   0.0     7    47  1436  1483  1433  1503 0.76 -
DkoeB00008039-RA     -            520 57006at7147          -            579   0.00032   18.9   0.2   1   1   1.1e-06    0.0021   16.1   0.2    13   162   364   507   355   517 0.58 -
DkoeB00004380-RA     -            750 57006at7147          -            579    0.0036   15.4   0.1   1   2    0.0096        19    3.1   0.0    14    31   260   277   249   285 0.88 -
DkoeB00004380-RA     -            750 57006at7147          -            579    0.0036   15.4   0.1   2   2   7.9e-05      0.16    9.9   0.0     8    38   537   567   530   611 0.77 -
DkoeB00001071-RA     -            745 57006at7147          -            579    0.0093   14.0   0.0   1   2    0.0087        17    3.2   0.0    14    31   256   273   245   282 0.88 -
DkoeB00001071-RA     -            745 57006at7147          -            579    0.0093   14.0   0.0   2   2   0.00022      0.45    8.5   0.0    11    38   536   567   527   608 0.73 -
DkoeB00007654-RA     -            882 57006at7147          -            579     0.021   12.9   0.0   1   2    0.0019       3.9    5.4   0.0    14    34   319   339   316   345 0.89 -
DkoeB00007654-RA     -            882 57006at7147          -            579     0.021   12.9   0.0   2   2    0.0027       5.5    4.9   0.0    14    34   592   612   589   621 0.81 -
DkoeB00001879-RA     -            943 57006at7147          -            579      0.92    7.4   7.2   1   3       4.2   8.5e+03   -5.7   1.7   433   452   230   249   222   262 0.42 -
DkoeB00001879-RA     -            943 57006at7147          -            579      0.92    7.4   7.2   2   3   0.00093       1.9    6.4   0.1    15    32   303   320   301   325 0.87 -
DkoeB00001879-RA     -            943 57006at7147          -            579      0.92    7.4   7.2   3   3    0.0021       4.2    5.2   0.0    14    35   698   719   696   728 0.86 -
#
# Program:         hmmsearch
# Version:         3.1b2 (February 2015)
# Pipeline mode:   SEARCH
# Query file:      /home/nmoreyra/Documents/Genomics/03_orthologs_search/00_Phylogenomics_BUSCO-groups/busco4_odb10/busco_downloads/lineages/diptera_odb10/hmms/57006at7147.hmm
# Target file:     /home/nmoreyra/Documents/Genomics/03_orthologs_search/00_Phylogenomics_BUSCO-groups/busco4_odb10/../00_proteins/DkoeB_proteins.fasta
# Option settings: /home/nmoreyra/Software/miniconda3/envs/busco4/bin/hmmsearch --domtblout /home/nmoreyra/Documents/Genomics/03_orthologs_search/00_Phylogenomics_BUSCO-groups/busco4_odb10/DkoeB_diptera/run_diptera_odb10/hmmer_output/initial_run_results/57006at7147.out --cpu 1 /home/nmoreyra/Documents/Genomics/03_orthologs_search/00_Phylogenomics_BUSCO-groups/busco4_odb10/busco_downloads/lineages/diptera_odb10/hmms/57006at7147.hmm /home/nmoreyra/Documents/Genomics/03_orthologs_search/00_Phylogenomics_BUSCO-groups/busco4_odb10/../00_proteins/DkoeB_proteins.fasta 
# Current dir:     /home/nmoreyra/Documents/Genomics/03_orthologs_search/00_Phylogenomics_BUSCO-groups/busco4_odb10
# Date:            Mon Jan 25 14:12:16 2021
# [ok]
