#                                                                            --- full sequence --- -------------- this domain -------------   hmm coord   ali coord   env coord
# target name        accession   tlen query name           accession   qlen   E-value  score  bias   #  of  c-Evalue  i-Evalue  score  bias  from    to  from    to  from    to  acc description of target
#------------------- ---------- ----- -------------------- ---------- ----- --------- ------ ----- --- --- --------- --------- ------ ----- ----- ----- ----- ----- ----- ----- ---- ---------------------
DkoeB00005046-RA     -            277 57736at7147          -            155   6.5e-72  240.1  17.5   1   2   1.2e-74   6.5e-72  240.1  17.5     1   155     1   200     1   200 0.84 -
DkoeB00005046-RA     -            277 57736at7147          -            155   6.5e-72  240.1  17.5   2   2         6   3.1e+03   -2.5   3.3    20    45   224   240   210   256 0.48 -
DkoeB00005455-RA     -            199 57736at7147          -            155   1.9e-24   86.0   0.8   1   1   4.9e-27   2.5e-24   85.5   0.8    42   115    72   143    50   155 0.84 -
DkoeB00005906-RA     -            284 57736at7147          -            155   5.7e-24   84.4   0.0   1   1   1.8e-26   9.6e-24   83.7   0.0    52   118   146   218   127   248 0.91 -
DkoeB00005154-RA     -            325 57736at7147          -            155   4.7e-18   65.2   1.0   1   2       3.6   1.9e+03   -1.7   0.3    14    39    40    65    34    72 0.78 -
DkoeB00005154-RA     -            325 57736at7147          -            155   4.7e-18   65.2   1.0   2   2   1.9e-20   9.7e-18   64.2   0.0    44   115   252   325   221   325 0.86 -
DkoeB00005453-RA     -            126 57736at7147          -            155   8.6e-18   64.3   1.5   1   1   1.9e-20   9.9e-18   64.1   1.5    35   101    62   126    43   126 0.84 -
DkoeB00011608-RA     -            529 57736at7147          -            155   7.7e-17   61.2   0.6   1   4       4.2   2.2e+03   -1.9   0.2    28    50   115   137   103   151 0.50 -
DkoeB00011608-RA     -            529 57736at7147          -            155   7.7e-17   61.2   0.6   2   4       5.1   2.6e+03   -2.2   8.8    20    63   159   202   146   210 0.81 -
DkoeB00011608-RA     -            529 57736at7147          -            155   7.7e-17   61.2   0.6   3   4       3.8     2e+03   -1.8   1.7    39    61   276   298   245   317 0.67 -
DkoeB00011608-RA     -            529 57736at7147          -            155   7.7e-17   61.2   0.6   4   4   1.5e-19   7.7e-17   61.2   0.6    46   115   388   456   376   462 0.89 -
DkoeB00004140-RA     -            436 57736at7147          -            155   9.2e-16   57.7   4.6   1   2       7.4   3.9e+03   -2.8   0.2    32    44    31    43     8    73 0.54 -
DkoeB00004140-RA     -            436 57736at7147          -            155   9.2e-16   57.7   4.6   2   2   1.8e-18   9.2e-16   57.7   4.6    17   124   124   235   118   240 0.73 -
DkoeB00003399-RA     -            225 57736at7147          -            155   2.5e-15   56.3   0.1   1   1   4.8e-18   2.5e-15   56.3   0.1    50   116   156   223   121   225 0.82 -
DkoeB00011015-RA     -            178 57736at7147          -            155   2.3e-14   53.2   0.4   1   1     9e-17   4.7e-14   52.2   0.4    56   114   117   175   104   177 0.86 -
DkoeB00007085-RA     -            160 57736at7147          -            155   8.1e-14   51.4   0.7   1   2   2.3e-16   1.2e-13   50.9   0.0    52   115    25    88    13   102 0.90 -
DkoeB00007085-RA     -            160 57736at7147          -            155   8.1e-14   51.4   0.7   2   2         6   3.1e+03   -2.5   0.2    19    28   147   156   126   159 0.53 -
DkoeB00004477-RA     -            308 57736at7147          -            155   2.6e-13   49.8   0.0   1   1   8.5e-16   4.4e-13   49.0   0.0    42   119   161   239   144   250 0.87 -
DkoeB00010366-RA     -            366 57736at7147          -            155   1.1e-12   47.7   1.0   1   1   3.8e-15     2e-12   46.9   1.0    27   122   242   338   221   355 0.75 -
DkoeB00001939-RA     -            423 57736at7147          -            155   1.6e-11   44.0   0.3   1   1   3.1e-14   1.6e-11   44.0   0.3    59   115   159   215   137   230 0.86 -
DkoeB00008102-RA     -            357 57736at7147          -            155   2.3e-11   43.5   0.0   1   2       3.7   1.9e+03   -1.8   2.9    24    46    34    56    18    68 0.62 -
DkoeB00008102-RA     -            357 57736at7147          -            155   2.3e-11   43.5   0.0   2   2   4.4e-14   2.3e-11   43.5   0.0    53   118   159   223   110   248 0.88 -
DkoeB00013802-RA     -            370 57736at7147          -            155   4.2e-11   42.6   0.1   1   2       2.9   1.5e+03   -1.4   0.0   118   135    38    53    10    62 0.70 -
DkoeB00013802-RA     -            370 57736at7147          -            155   4.2e-11   42.6   0.1   2   2   3.8e-13     2e-10   40.4   0.0    62   122   154   214   138   228 0.87 -
DkoeB00000016-RA     -            166 57736at7147          -            155   2.4e-10   40.1   0.0   1   1   5.5e-13   2.8e-10   39.9   0.0    50   103    64   117    20   152 0.81 -
DkoeB00005954-RA     -            415 57736at7147          -            155   5.8e-10   38.9   0.3   1   2       9.4   4.9e+03   -3.1   0.2    40    70    14    44    10    53 0.63 -
DkoeB00005954-RA     -            415 57736at7147          -            155   5.8e-10   38.9   0.3   2   2   1.1e-12   5.8e-10   38.9   0.3    49   122    90   170    74   179 0.78 -
DkoeB00011479-RA     -            349 57736at7147          -            155   2.5e-09   36.8   3.3   1   2   4.8e-12   2.5e-09   36.8   3.3    42   123    71   167    60   183 0.70 -
DkoeB00011479-RA     -            349 57736at7147          -            155   2.5e-09   36.8   3.3   2   2       2.6   1.3e+03   -1.3   0.7    30    59   179   208   166   217 0.61 -
DkoeB00011478-RA     -            280 57736at7147          -            155   4.9e-09   35.9   0.0   1   2   9.5e-12   4.9e-09   35.9   0.0    62   115    97   160    85   166 0.79 -
DkoeB00011478-RA     -            280 57736at7147          -            155   4.9e-09   35.9   0.0   2   2       4.8   2.5e+03   -2.1   4.8    16    61   202   247   197   259 0.60 -
DkoeB00009856-RA     -            240 57736at7147          -            155   7.3e-09   35.3   0.2   1   1     2e-11   1.1e-08   34.8   0.2    60   110   137   189   123   198 0.84 -
DkoeB00009155-RA     -            241 57736at7147          -            155     8e-06   25.4   1.1   1   1   1.5e-08     8e-06   25.4   1.1    53   117    87   152    70   184 0.83 -
DkoeB00002944-RA     -            159 57736at7147          -            155   8.9e-06   25.3   1.3   1   2   1.7e-08   8.9e-06   25.3   1.3    38   117    18    97     2   119 0.76 -
DkoeB00002944-RA     -            159 57736at7147          -            155   8.9e-06   25.3   1.3   2   2       1.9     1e+03   -0.9   0.1    18    37   118   136   109   156 0.57 -
DkoeB00011474-RA     -            758 57736at7147          -            155   8.6e-05   22.1   0.9   1   2   1.7e-07   8.6e-05   22.1   0.9    63   114   323   386   316   390 0.79 -
DkoeB00011474-RA     -            758 57736at7147          -            155   8.6e-05   22.1   0.9   2   2         4   2.1e+03   -1.9   0.8    24    37   646   659   633   681 0.42 -
DkoeB00009130-RA     -             87 57736at7147          -            155   0.00013   21.5   0.1   1   1   3.1e-07   0.00016   21.2   0.1    88   132    32    79    13    86 0.69 -
DkoeB00011480-RA     -            258 57736at7147          -            155   0.00015   21.3   7.6   1   2   2.8e-07   0.00015   21.3   7.6    64   123    63   136    59   164 0.69 -
DkoeB00011480-RA     -            258 57736at7147          -            155   0.00015   21.3   7.6   2   2       3.2   1.7e+03   -1.6   2.4    17    51   187   221   175   231 0.75 -
DkoeB00005300-RA     -            276 57736at7147          -            155    0.0033   16.9   4.7   1   2       4.2   2.2e+03   -2.0   0.0    27    54     3    30     2    33 0.79 -
DkoeB00005300-RA     -            276 57736at7147          -            155    0.0033   16.9   4.7   2   2   1.2e-05    0.0061   16.1   3.8    22   129    36   148    12   170 0.75 -
DkoeB00000640-RA     -            127 57736at7147          -            155      0.39   10.2   4.9   1   1    0.0011      0.57    9.7   4.9    28    76    55   102    45   115 0.77 -
#
# Program:         hmmsearch
# Version:         3.1b2 (February 2015)
# Pipeline mode:   SEARCH
# Query file:      /home/nmoreyra/Documents/Genomics/03_orthologs_search/00_Phylogenomics_BUSCO-groups/busco4_odb10/busco_downloads/lineages/diptera_odb10/hmms/57736at7147.hmm
# Target file:     /home/nmoreyra/Documents/Genomics/03_orthologs_search/00_Phylogenomics_BUSCO-groups/busco4_odb10/../00_proteins/DkoeB_proteins.fasta
# Option settings: /home/nmoreyra/Software/miniconda3/envs/busco4/bin/hmmsearch --domtblout /home/nmoreyra/Documents/Genomics/03_orthologs_search/00_Phylogenomics_BUSCO-groups/busco4_odb10/DkoeB_diptera/run_diptera_odb10/hmmer_output/initial_run_results/57736at7147.out --cpu 1 /home/nmoreyra/Documents/Genomics/03_orthologs_search/00_Phylogenomics_BUSCO-groups/busco4_odb10/busco_downloads/lineages/diptera_odb10/hmms/57736at7147.hmm /home/nmoreyra/Documents/Genomics/03_orthologs_search/00_Phylogenomics_BUSCO-groups/busco4_odb10/../00_proteins/DkoeB_proteins.fasta 
# Current dir:     /home/nmoreyra/Documents/Genomics/03_orthologs_search/00_Phylogenomics_BUSCO-groups/busco4_odb10
# Date:            Mon Jan 25 14:12:37 2021
# [ok]
