#                                                                            --- full sequence --- -------------- this domain -------------   hmm coord   ali coord   env coord
# target name        accession   tlen query name           accession   qlen   E-value  score  bias   #  of  c-Evalue  i-Evalue  score  bias  from    to  from    to  from    to  acc description of target
#------------------- ---------- ----- -------------------- ---------- ----- --------- ------ ----- --- --- --------- --------- ------ ----- ----- ----- ----- ----- ----- ----- ---- ---------------------
DkoeB00008815-RA     -            964 6114at7147           -            734         0 1461.7  46.1   1   3         0         0 1431.7  31.3     1   683    44   777    44   786 0.96 -
DkoeB00008815-RA     -            964 6114at7147           -            734         0 1461.7  46.1   2   3   6.8e-11   2.5e-08   32.1   0.6   684   723   809   861   793   868 0.79 -
DkoeB00008815-RA     -            964 6114at7147           -            734         0 1461.7  46.1   3   3     0.042        15    3.1   0.8   694   734   923   964   910   964 0.61 -
DkoeB00012424-RA     -           1098 6114at7147           -            734   1.3e-85  287.6   0.6   1   4   7.5e-43   2.7e-40  137.8   0.0   121   351    49   275    46   284 0.86 -
DkoeB00012424-RA     -           1098 6114at7147           -            734   1.3e-85  287.6   0.6   2   4     0.016       5.6    4.5   0.2   468   582   385   505   370   529 0.70 -
DkoeB00012424-RA     -           1098 6114at7147           -            734   1.3e-85  287.6   0.6   3   4   3.8e-43   1.4e-40  138.7   0.0   121   353   577   805   569   812 0.84 -
DkoeB00012424-RA     -           1098 6114at7147           -            734   1.3e-85  287.6   0.6   4   4      0.17        63    1.0   0.2   553   582  1006  1035   922  1046 0.78 -
DkoeB00005823-RA     -           1272 6114at7147           -            734   1.8e-52  178.0   2.9   1   3   2.2e-51   8.1e-49  165.9   0.1   115   387    63   362    58   368 0.80 -
DkoeB00005823-RA     -           1272 6114at7147           -            734   1.8e-52  178.0   2.9   2   3     0.015       5.5    4.5   0.0   420   507   425   511   415   522 0.70 -
DkoeB00005823-RA     -           1272 6114at7147           -            734   1.8e-52  178.0   2.9   3   3    0.0084         3    5.4   0.1   537   583   575   619   548   629 0.84 -
DkoeB00005650-RA     -            518 6114at7147           -            734   1.2e-49  168.6   0.4   1   1   7.8e-52   2.8e-49  167.5   0.4   117   361   159   423   151   458 0.81 -
DkoeB00011140-RA     -            642 6114at7147           -            734   1.4e-47  161.9   0.0   1   1   9.1e-50   3.3e-47  160.6   0.0   121   582    61   527    51   532 0.78 -
DkoeB00008639-RA     -            619 6114at7147           -            734   2.9e-47  160.8   0.2   1   1     4e-49   1.5e-46  158.5   0.2   122   580    68   521    62   529 0.73 -
DkoeB00010737-RA     -            822 6114at7147           -            734   3.7e-47  160.4   0.0   1   1     4e-49   1.4e-46  158.5   0.0   122   582   297   764   284   772 0.70 -
DkoeB00006103-RA     -            566 6114at7147           -            734   2.2e-46  157.9   0.0   1   1   8.8e-49   3.2e-46  157.4   0.0   122   332    58   266    52   319 0.88 -
DkoeB00005658-RA     -            574 6114at7147           -            734     3e-45  154.1   0.4   1   2   3.1e-46   1.1e-43  149.0   0.1   122   325    61   262     8   328 0.81 -
DkoeB00005658-RA     -            574 6114at7147           -            734     3e-45  154.1   0.4   2   2      0.12        44    1.5   0.0   487   589   413   525   407   530 0.69 -
DkoeB00005653-RA     -            566 6114at7147           -            734   3.6e-45  153.9   0.1   1   1     1e-46   3.6e-44  150.6   0.1   121   339    57   273     3   318 0.84 -
DkoeB00005947-RA     -            547 6114at7147           -            734   4.1e-45  153.7   0.0   1   1   1.7e-47   6.1e-45  153.1   0.0   119   382    40   300    32   309 0.85 -
DkoeB00006448-RA     -            571 6114at7147           -            734     7e-45  152.9   7.8   1   1     4e-47   1.5e-44  151.9   7.8   121   627    53   565    46   569 0.79 -
DkoeB00005656-RA     -            564 6114at7147           -            734   2.8e-44  151.0   0.0   1   1     1e-46   3.6e-44  150.6   0.0   122   319    58   253    52   317 0.90 -
DkoeB00007151-RA     -            590 6114at7147           -            734   1.5e-43  148.5   0.1   1   2   8.7e-46   3.1e-43  147.5   0.0   120   354    60   294    55   329 0.87 -
DkoeB00007151-RA     -            590 6114at7147           -            734   1.5e-43  148.5   0.1   2   2       2.2   8.1e+02   -2.7   0.1   412   468   409   466   389   535 0.56 -
DkoeB00002724-RA     -            599 6114at7147           -            734   3.9e-42  143.8   0.0   1   2   5.6e-42     2e-39  134.9   0.0   122   370   109   354   101   358 0.86 -
DkoeB00002724-RA     -            599 6114at7147           -            734   3.9e-42  143.8   0.0   2   2    0.0032       1.2    6.7   0.1   401   586   360   556   357   577 0.62 -
DkoeB00007149-RA     -            564 6114at7147           -            734   9.4e-42  142.6   0.0   1   1   3.8e-44   1.4e-41  142.1   0.0   120   322    49   249    40   267 0.89 -
DkoeB00007928-RA     -            599 6114at7147           -            734   5.6e-41  140.0   0.4   1   1     2e-42   7.4e-40  136.3   0.4   118   520    27   425     7   432 0.71 -
DkoeB00003729-RA     -           1235 6114at7147           -            734   3.9e-40  137.2   0.8   1   2   2.1e-08   7.4e-06   23.9   1.3   120   187   165   252   147   260 0.67 -
DkoeB00003729-RA     -           1235 6114at7147           -            734   3.9e-40  137.2   0.8   2   2   6.8e-34   2.4e-31  108.2   0.0   198   583   289   674   275   681 0.84 -
DkoeB00005659-RA     -            578 6114at7147           -            734   6.6e-39  133.2   0.0   1   1   2.6e-41   9.5e-39  132.7   0.0   122   322    57   255    16   277 0.88 -
DkoeB00010453-RA     -            636 6114at7147           -            734   1.9e-38  131.7   2.0   1   2   5.5e-08     2e-05   22.5   0.0   119   188    51   128    41   134 0.79 -
DkoeB00010453-RA     -            636 6114at7147           -            734   1.9e-38  131.7   2.0   2   2   1.2e-32   4.5e-30  104.0   0.8   176   626   150   596   139   599 0.72 -
DkoeB00007150-RA     -            558 6114at7147           -            734   4.6e-38  130.4   0.0   1   1   1.8e-40   6.4e-38  129.9   0.0   120   322    43   243    34   279 0.89 -
DkoeB00005655-RA     -            595 6114at7147           -            734     6e-38  130.0   0.0   1   1   2.5e-40   8.9e-38  129.4   0.0   123   318    88   281    82   296 0.88 -
DkoeB00005660-RA     -            562 6114at7147           -            734   8.8e-38  129.5   0.0   1   1   3.8e-40   1.4e-37  128.8   0.0   122   323    49   248    20   312 0.86 -
DkoeB00005662-RA     -            562 6114at7147           -            734   1.8e-37  128.4   0.0   1   1   7.9e-40   2.8e-37  127.8   0.0   121   379    54   314    44   339 0.78 -
DkoeB00005654-RA     -            544 6114at7147           -            734   1.6e-36  125.3   0.0   1   1   7.4e-39   2.7e-36  124.6   0.0   121   379    30   290    20   299 0.79 -
DkoeB00003237-RA     -            633 6114at7147           -            734   5.6e-36  123.5   0.0   1   1   2.4e-38   8.8e-36  122.8   0.0   120   363    70   308    62   330 0.88 -
DkoeB00010036-RA     -            697 6114at7147           -            734   6.6e-35  119.9   0.0   1   1   2.6e-37   9.3e-35  119.5   0.0   121   446    83   407    56   413 0.82 -
DkoeB00008640-RA     -            563 6114at7147           -            734   4.2e-34  117.3   0.0   1   1   1.7e-36     6e-34  116.8   0.0   121   354    56   272    46   308 0.86 -
DkoeB00005657-RA     -            341 6114at7147           -            734   3.1e-33  114.4   0.0   1   1   1.2e-35   4.2e-33  114.0   0.0   122   321     5   206     2   214 0.86 -
DkoeB00006766-RA     -            791 6114at7147           -            734   1.1e-32  112.6   0.0   1   2   1.1e-34   3.9e-32  110.8   0.0   120   356    49   299    43   326 0.81 -
DkoeB00006766-RA     -            791 6114at7147           -            734   1.1e-32  112.6   0.0   2   2      0.84     3e+02   -1.2   0.0   491   585   419   525   382   531 0.59 -
DkoeB00003238-RA     -            917 6114at7147           -            734   1.3e-32  112.3   0.1   1   2   1.1e-33   3.9e-31  107.5   0.0   121   318    98   292    91   332 0.91 -
DkoeB00003238-RA     -            917 6114at7147           -            734   1.3e-32  112.3   0.1   2   2     0.057        21    2.6   0.1   485   583   456   559   365   576 0.76 -
DkoeB00007939-RA     -            510 6114at7147           -            734   5.8e-32  110.2   0.3   1   2   3.8e-34   1.4e-31  109.0   0.0   123   320    43   239    34   259 0.88 -
DkoeB00007939-RA     -            510 6114at7147           -            734   5.8e-32  110.2   0.3   2   2       1.3   4.9e+02   -1.9   0.1    94   118   393   417   387   435 0.81 -
DkoeB00003236-RA     -            874 6114at7147           -            734     9e-32  109.6   0.0   1   1   3.7e-34   1.3e-31  109.0   0.0   120   353    90   318    84   346 0.82 -
DkoeB00007937-RA     -            370 6114at7147           -            734   2.2e-31  108.3   0.0   1   1   7.7e-34   2.8e-31  108.0   0.0   120   356    28   261    15   292 0.86 -
DkoeB00007938-RA     -            443 6114at7147           -            734   1.4e-27   95.7   0.0   1   1   6.3e-30   2.3e-27   95.0   0.0   217   355    27   164    14   193 0.88 -
DkoeB00005652-RA     -            773 6114at7147           -            734   4.4e-22   77.5   1.4   1   2   2.4e-13   8.7e-11   40.2   0.0   256   380     1   125     1   134 0.84 -
DkoeB00005652-RA     -            773 6114at7147           -            734   4.4e-22   77.5   1.4   2   2   7.5e-12   2.7e-09   35.3   1.4   415   606   192   388   176   420 0.75 -
DkoeB00002690-RA     -            853 6114at7147           -            734   1.3e-20   72.7   0.0   1   1   5.1e-23   1.8e-20   72.2   0.0   122   316   382   581   372   613 0.81 -
DkoeB00014776-RA     -            408 6114at7147           -            734      0.07   10.8   0.0   1   1    0.0003      0.11   10.1   0.0   276   337    70   135    66   146 0.82 -
DkoeB00005651-RA     -            268 6114at7147           -            734       0.2    9.2   0.0   1   1   0.00057       0.2    9.2   0.0   117   153   206   242   199   253 0.85 -
#
# Program:         hmmsearch
# Version:         3.1b2 (February 2015)
# Pipeline mode:   SEARCH
# Query file:      /home/nmoreyra/Documents/Genomics/03_orthologs_search/00_Phylogenomics_BUSCO-groups/busco4_odb10/busco_downloads/lineages/diptera_odb10/hmms/6114at7147.hmm
# Target file:     /home/nmoreyra/Documents/Genomics/03_orthologs_search/00_Phylogenomics_BUSCO-groups/busco4_odb10/../00_proteins/DkoeB_proteins.fasta
# Option settings: /home/nmoreyra/Software/miniconda3/envs/busco4/bin/hmmsearch --domtblout /home/nmoreyra/Documents/Genomics/03_orthologs_search/00_Phylogenomics_BUSCO-groups/busco4_odb10/DkoeB_diptera/run_diptera_odb10/hmmer_output/initial_run_results/6114at7147.out --cpu 1 /home/nmoreyra/Documents/Genomics/03_orthologs_search/00_Phylogenomics_BUSCO-groups/busco4_odb10/busco_downloads/lineages/diptera_odb10/hmms/6114at7147.hmm /home/nmoreyra/Documents/Genomics/03_orthologs_search/00_Phylogenomics_BUSCO-groups/busco4_odb10/../00_proteins/DkoeB_proteins.fasta 
# Current dir:     /home/nmoreyra/Documents/Genomics/03_orthologs_search/00_Phylogenomics_BUSCO-groups/busco4_odb10
# Date:            Mon Jan 25 14:12:53 2021
# [ok]
