#                                                                            --- full sequence --- -------------- this domain -------------   hmm coord   ali coord   env coord
# target name        accession   tlen query name           accession   qlen   E-value  score  bias   #  of  c-Evalue  i-Evalue  score  bias  from    to  from    to  from    to  acc description of target
#------------------- ---------- ----- -------------------- ---------- ----- --------- ------ ----- --- --- --------- --------- ------ ----- ----- ----- ----- ----- ----- ----- ---- ---------------------
DkoeB00008241-RA     -           2972 626at7147            -           1571         0 2451.0 497.1   1  10       0.9   1.1e+02   -0.3   0.3   221   252    41    72    24    81 0.58 -
DkoeB00008241-RA     -           2972 626at7147            -           1571         0 2451.0 497.1   2  10  5.3e-302  6.4e-300  998.1  67.3     1   592    92   729    92   737 0.93 -
DkoeB00008241-RA     -           2972 626at7147            -           1571         0 2451.0 497.1   3  10   1.1e-47   1.4e-45  155.2  36.0   556   718  1248  1422  1217  1435 0.76 -
DkoeB00008241-RA     -           2972 626at7147            -           1571         0 2451.0 497.1   4  10  1.5e-204  1.8e-202  675.1 115.5   668  1090  1436  1871  1428  1875 0.95 -
DkoeB00008241-RA     -           2972 626at7147            -           1571         0 2451.0 497.1   5  10   1.8e-34   2.2e-32  111.4  29.2   903  1069  1856  2040  1855  2066 0.85 -
DkoeB00008241-RA     -           2972 626at7147            -           1571         0 2451.0 497.1   6  10   2.5e-34     3e-32  110.9  33.2   909  1071  2072  2244  2055  2269 0.84 -
DkoeB00008241-RA     -           2972 626at7147            -           1571         0 2451.0 497.1   7  10   6.6e-39     8e-37  126.1  26.4   909  1074  2267  2447  2248  2454 0.85 -
DkoeB00008241-RA     -           2972 626at7147            -           1571         0 2451.0 497.1   8  10   7.8e-22   9.5e-20   69.5  27.6  1228  1313  2452  2568  2446  2571 0.86 -
DkoeB00008241-RA     -           2972 626at7147            -           1571         0 2451.0 497.1   9  10   1.7e-80   2.1e-78  263.9   0.2  1313  1491  2597  2806  2589  2811 0.90 -
DkoeB00008241-RA     -           2972 626at7147            -           1571         0 2451.0 497.1  10  10     5e-20   6.1e-18   63.5   9.3  1487  1571  2840  2965  2831  2965 0.75 -
DkoeB00012762-RA     -            567 626at7147            -           1571   3.4e-52  177.1   8.5   1   1   2.8e-54   3.4e-52  177.1   8.5     3   313   209   544   207   560 0.84 -
DkoeB00004926-RA     -           1553 626at7147            -           1571   4.3e-44  150.2  71.4   1   3    0.0013      0.15    9.2   4.1   230   290   643   707   623   712 0.81 -
DkoeB00004926-RA     -           1553 626at7147            -           1571   4.3e-44  150.2  71.4   2   3   1.2e-43   1.5e-41  141.8  44.9     2   476   687  1205   686  1218 0.76 -
DkoeB00004926-RA     -           1553 626at7147            -           1571   4.3e-44  150.2  71.4   3   3   3.3e-05     0.004   14.4   9.2   432   484  1228  1282  1210  1297 0.87 -
DkoeB00006459-RA     -           4232 626at7147            -           1571   4.4e-44  150.2   2.2   1  11       1.1   1.3e+02   -0.6   0.0  1434  1522  1106  1200  1102  1212 0.70 -
DkoeB00006459-RA     -           4232 626at7147            -           1571   4.4e-44  150.2   2.2   2  11     5e-07   6.1e-05   20.4   0.0  1358  1526  1216  1394  1212  1401 0.75 -
DkoeB00006459-RA     -           4232 626at7147            -           1571   4.4e-44  150.2   2.2   3  11     0.012       1.5    5.9   0.0  1433  1519  1400  1480  1394  1518 0.75 -
DkoeB00006459-RA     -           4232 626at7147            -           1571   4.4e-44  150.2   2.2   4  11   0.00054     0.066   10.4   0.4  1317  1519  1548  1768  1516  1800 0.65 -
DkoeB00006459-RA     -           4232 626at7147            -           1571   4.4e-44  150.2   2.2   5  11       2.4     3e+02   -1.7   0.0  1464  1519  1835  1890  1824  1936 0.65 -
DkoeB00006459-RA     -           4232 626at7147            -           1571   4.4e-44  150.2   2.2   6  11     0.049       5.9    3.9   0.1  1434  1521  2106  2189  2009  2212 0.58 -
DkoeB00006459-RA     -           4232 626at7147            -           1571   4.4e-44  150.2   2.2   7  11   7.6e-11   9.2e-09   33.1   0.0  1355  1514  2212  2387  2193  2394 0.72 -
DkoeB00006459-RA     -           4232 626at7147            -           1571   4.4e-44  150.2   2.2   8  11      0.02       2.4    5.2   0.0  1426  1518  2398  2488  2392  2498 0.77 -
DkoeB00006459-RA     -           4232 626at7147            -           1571   4.4e-44  150.2   2.2   9  11   2.6e-10   3.2e-08   31.3   0.0  1325  1519  2570  2791  2559  2827 0.70 -
DkoeB00006459-RA     -           4232 626at7147            -           1571   4.4e-44  150.2   2.2  10  11   0.00016     0.019   12.2   0.0  1311  1433  3010  3139  3000  3202 0.75 -
DkoeB00006459-RA     -           4232 626at7147            -           1571   4.4e-44  150.2   2.2  11  11   0.00015     0.019   12.2   0.0  1320  1386  3681  3753  3652  3766 0.77 -
DkoeB00002359-RA     -           7468 626at7147            -           1571   6.1e-39  133.1  27.3   1  24    0.0074       0.9    6.6   0.0  1319  1384    97   169    92   298 0.88 -
DkoeB00002359-RA     -           7468 626at7147            -           1571   6.1e-39  133.1  27.3   2  24     0.014       1.7    5.7   0.0  1319  1383   382   452   373   462 0.76 -
DkoeB00002359-RA     -           7468 626at7147            -           1571   6.1e-39  133.1  27.3   3  24   3.6e-06   0.00044   17.6   0.1  1320  1387   482   554   472   601 0.75 -
DkoeB00002359-RA     -           7468 626at7147            -           1571   6.1e-39  133.1  27.3   4  24      0.59        71    0.3   0.0  1359  1384   948   973   940   988 0.78 -
DkoeB00002359-RA     -           7468 626at7147            -           1571   6.1e-39  133.1  27.3   5  24      0.55        67    0.4   0.0  1359  1384  1082  1107  1074  1118 0.88 -
DkoeB00002359-RA     -           7468 626at7147            -           1571   6.1e-39  133.1  27.3   6  24         4   4.9e+02   -2.5   0.0  1360  1385  1349  1374  1300  1396 0.74 -
DkoeB00002359-RA     -           7468 626at7147            -           1571   6.1e-39  133.1  27.3   7  24      0.72        88    0.0   0.0  1359  1390  1615  1646  1577  1661 0.83 -
DkoeB00002359-RA     -           7468 626at7147            -           1571   6.1e-39  133.1  27.3   8  24         4   4.9e+02   -2.5   0.0  1362  1385  1751  1774  1745  1788 0.83 -
DkoeB00002359-RA     -           7468 626at7147            -           1571   6.1e-39  133.1  27.3   9  24      0.64        78    0.2   0.0  1357  1392  1880  1914  1832  1928 0.67 -
DkoeB00002359-RA     -           7468 626at7147            -           1571   6.1e-39  133.1  27.3  10  24     0.096        12    2.9   0.0  1359  1386  2015  2042  1998  2057 0.88 -
DkoeB00002359-RA     -           7468 626at7147            -           1571   6.1e-39  133.1  27.3  11  24      0.02       2.4    5.2   0.0  1313  1385  2094  2173  2079  2216 0.83 -
DkoeB00002359-RA     -           7468 626at7147            -           1571   6.1e-39  133.1  27.3  12  24      0.12        14    2.6   0.0  1359  1387  2414  2442  2379  2471 0.85 -
DkoeB00002359-RA     -           7468 626at7147            -           1571   6.1e-39  133.1  27.3  13  24       4.5   5.4e+02   -2.6   0.0  1359  1386  2546  2573  2511  2587 0.76 -
DkoeB00002359-RA     -           7468 626at7147            -           1571   6.1e-39  133.1  27.3  14  24       9.2   1.1e+03   -3.7   0.0  1359  1385  2680  2706  2679  2709 0.90 -
DkoeB00002359-RA     -           7468 626at7147            -           1571   6.1e-39  133.1  27.3  15  24      0.66        80    0.1   0.0  1359  1386  3188  3215  3091  3221 0.89 -
DkoeB00002359-RA     -           7468 626at7147            -           1571   6.1e-39  133.1  27.3  16  24       4.8   5.8e+02   -2.7   0.0  1359  1384  3868  3893  3863  3898 0.88 -
DkoeB00002359-RA     -           7468 626at7147            -           1571   6.1e-39  133.1  27.3  17  24   0.00032     0.039   11.1   0.0  1318  1386  4101  4173  4089  4187 0.82 -
DkoeB00002359-RA     -           7468 626at7147            -           1571   6.1e-39  133.1  27.3  18  24       1.3   1.5e+02   -0.8   0.0  1481  1520  4395  4434  4375  4477 0.77 -
DkoeB00002359-RA     -           7468 626at7147            -           1571   6.1e-39  133.1  27.3  19  24     2e-05    0.0024   15.1   0.0  1313  1430  4606  4737  4565  4752 0.69 -
DkoeB00002359-RA     -           7468 626at7147            -           1571   6.1e-39  133.1  27.3  20  24   1.3e-08   1.6e-06   25.7   0.1  1325  1518  6414  6640  6406  6674 0.62 -
DkoeB00002359-RA     -           7468 626at7147            -           1571   6.1e-39  133.1  27.3  21  24   0.00019     0.022   11.9   0.0  1446  1521  6767  6849  6752  6859 0.67 -
DkoeB00002359-RA     -           7468 626at7147            -           1571   6.1e-39  133.1  27.3  22  24   2.1e-05    0.0026   15.0   0.1  1320  1391  6819  6897  6812  6911 0.77 -
DkoeB00002359-RA     -           7468 626at7147            -           1571   6.1e-39  133.1  27.3  23  24     0.016         2    5.5   0.0  1480  1520  6932  6972  6918  6985 0.84 -
DkoeB00002359-RA     -           7468 626at7147            -           1571   6.1e-39  133.1  27.3  24  24    0.0072      0.87    6.6   0.0  1319  1387  7064  7137  7049  7166 0.82 -
DkoeB00004168-RA     -            639 626at7147            -           1571   2.6e-37  127.7  56.0   1   3       0.2        25    1.8   3.0   496   529   147   181   120   193 0.69 -
DkoeB00004168-RA     -            639 626at7147            -           1571   2.6e-37  127.7  56.0   2   3   4.9e-20   5.9e-18   63.6  19.1     2   108   195   324   194   326 0.77 -
DkoeB00004168-RA     -            639 626at7147            -           1571   2.6e-37  127.7  56.0   3   3   1.5e-22   1.8e-20   71.9  17.9   225   363   328   474   324   501 0.84 -
DkoeB00007124-RA     -           8110 626at7147            -           1571   2.7e-35  121.0  26.4   1  13       1.2   1.4e+02   -0.7   0.0  1346  1382  3579  3618  3551  3626 0.83 -
DkoeB00007124-RA     -           8110 626at7147            -           1571   2.7e-35  121.0  26.4   2  13    0.0082      0.99    6.5   0.1  1437  1516  4168  4248  4121  4258 0.69 -
DkoeB00007124-RA     -           8110 626at7147            -           1571   2.7e-35  121.0  26.4   3  13    0.0033      0.39    7.8   0.1  1437  1522  4427  4515  4418  4527 0.82 -
DkoeB00007124-RA     -           8110 626at7147            -           1571   2.7e-35  121.0  26.4   4  13      0.46        56    0.7   0.0  1488  1519  4629  4659  4612  4663 0.76 -
DkoeB00007124-RA     -           8110 626at7147            -           1571   2.7e-35  121.0  26.4   5  13   9.3e-06    0.0011   16.2   0.0  1429  1527  4665  4765  4660  4779 0.83 -
DkoeB00007124-RA     -           8110 626at7147            -           1571   2.7e-35  121.0  26.4   6  13     0.026       3.1    4.8   0.0  1495  1520  5014  5039  4994  5087 0.58 -
DkoeB00007124-RA     -           8110 626at7147            -           1571   2.7e-35  121.0  26.4   7  13    0.0016      0.19    8.8   0.0  1488  1532  5267  5310  5212  5324 0.74 -
DkoeB00007124-RA     -           8110 626at7147            -           1571   2.7e-35  121.0  26.4   8  13     0.005       0.6    7.2   0.0  1430  1518  5448  5535  5393  5566 0.83 -
DkoeB00007124-RA     -           8110 626at7147            -           1571   2.7e-35  121.0  26.4   9  13     5e-06   0.00061   17.1   0.0  1434  1522  5699  5789  5654  5799 0.82 -
DkoeB00007124-RA     -           8110 626at7147            -           1571   2.7e-35  121.0  26.4  10  13     0.068       8.2    3.4   0.0  1435  1519  5912  5999  5865  6030 0.62 -
DkoeB00007124-RA     -           8110 626at7147            -           1571   2.7e-35  121.0  26.4  11  13   5.9e-05    0.0072   13.6   0.0  1489  1528  6193  6239  6182  6272 0.65 -
DkoeB00007124-RA     -           8110 626at7147            -           1571   2.7e-35  121.0  26.4  12  13   1.6e-07     2e-05   22.0   0.6  1326  1514  6321  6557  6319  6568 0.61 -
DkoeB00007124-RA     -           8110 626at7147            -           1571   2.7e-35  121.0  26.4  13  13   0.00021     0.026   11.7   0.0  1321  1448  6651  6778  6642  6840 0.62 -
DkoeB00007287-RA     -           1376 626at7147            -           1571     8e-35  119.5   0.0   1   3   3.8e-09   4.7e-07   27.4   0.0  1308  1397    33   130    23   136 0.78 -
DkoeB00007287-RA     -           1376 626at7147            -           1571     8e-35  119.5   0.0   2   3   1.9e-14   2.3e-12   45.0   0.0  1351  1514   159   330   153   331 0.77 -
DkoeB00007287-RA     -           1376 626at7147            -           1571     8e-35  119.5   0.0   3   3   2.2e-17   2.7e-15   54.7   0.0  1313  1494   301   506   294   522 0.74 -
DkoeB00008160-RA     -           2036 626at7147            -           1571   2.8e-33  114.4   9.5   1   7     3e-08   3.7e-06   24.5   0.7  1324  1516    61   285    54   290 0.72 -
DkoeB00008160-RA     -           2036 626at7147            -           1571   2.8e-33  114.4   9.5   2   7     7e-08   8.5e-06   23.3   0.0  1320  1518   260   479   249   487 0.70 -
DkoeB00008160-RA     -           2036 626at7147            -           1571   2.8e-33  114.4   9.5   3   7   4.6e-06   0.00056   17.2   0.0  1321  1427   453   572   450   572 0.68 -
DkoeB00008160-RA     -           2036 626at7147            -           1571   2.8e-33  114.4   9.5   4   7   5.3e-13   6.4e-11   40.2   0.1  1321  1516   553   766   546   771 0.73 -
DkoeB00008160-RA     -           2036 626at7147            -           1571   2.8e-33  114.4   9.5   5   7   1.1e-09   1.3e-07   29.2   0.1  1366  1521   699   862   691   873 0.78 -
DkoeB00008160-RA     -           2036 626at7147            -           1571   2.8e-33  114.4   9.5   6   7    0.0077      0.93    6.5   0.0  1324  1382   836   904   823   913 0.79 -
DkoeB00008160-RA     -           2036 626at7147            -           1571   2.8e-33  114.4   9.5   7   7   1.6e-06   0.00019   18.8   0.0  1317  1390  1348  1420  1340  1447 0.83 -
DkoeB00014525-RA     -           2056 626at7147            -           1571   1.4e-32  112.1   8.6   1   7   3.7e-07   4.4e-05   20.9   0.6  1327  1515    62   287    55   289 0.71 -
DkoeB00014525-RA     -           2056 626at7147            -           1571   1.4e-32  112.1   8.6   2   7   9.8e-08   1.2e-05   22.8   0.0  1321  1518   264   482   257   488 0.70 -
DkoeB00014525-RA     -           2056 626at7147            -           1571   1.4e-32  112.1   8.6   3   7     2e-06   0.00024   18.4   0.0  1323  1429   458   577   456   581 0.68 -
DkoeB00014525-RA     -           2056 626at7147            -           1571   1.4e-32  112.1   8.6   4   7   5.8e-13     7e-11   40.1   0.1  1321  1516   556   769   550   773 0.73 -
DkoeB00014525-RA     -           2056 626at7147            -           1571   1.4e-32  112.1   8.6   5   7   1.1e-09   1.3e-07   29.3   0.0  1366  1521   702   865   694   877 0.78 -
DkoeB00014525-RA     -           2056 626at7147            -           1571   1.4e-32  112.1   8.6   6   7    0.0091       1.1    6.3   0.0  1325  1382   840   907   832   916 0.79 -
DkoeB00014525-RA     -           2056 626at7147            -           1571   1.4e-32  112.1   8.6   7   7   1.6e-06   0.00019   18.8   0.0  1317  1390  1361  1433  1353  1460 0.83 -
DkoeB00010047-RA     -           1406 626at7147            -           1571   2.9e-32  111.0   0.0   1   3   1.6e-10   1.9e-08   32.0   0.0  1325  1430    30   147    10   150 0.73 -
DkoeB00010047-RA     -           1406 626at7147            -           1571   2.9e-32  111.0   0.0   2   3   3.4e-20   4.1e-18   64.1   0.0  1311  1514   115   335   111   342 0.76 -
DkoeB00010047-RA     -           1406 626at7147            -           1571   2.9e-32  111.0   0.0   3   3   3.9e-07   4.7e-05   20.8   0.0  1322  1382   419   484   410   489 0.84 -
DkoeB00010037-RA     -           1297 626at7147            -           1571   4.8e-31  107.0   0.0   1   3   3.1e-10   3.8e-08   31.1   0.0  1323  1427    20   136     5   136 0.76 -
DkoeB00010037-RA     -           1297 626at7147            -           1571   4.8e-31  107.0   0.0   2   3   1.5e-19   1.8e-17   62.0   0.0  1311  1516   107   325   102   332 0.72 -
DkoeB00010037-RA     -           1297 626at7147            -           1571   4.8e-31  107.0   0.0   3   3   4.6e-07   5.5e-05   20.6   0.0  1322  1382   408   471   396   478 0.83 -
DkoeB00009647-RA     -           2125 626at7147            -           1571   1.1e-30  105.7   9.1   1   7     2e-05    0.0025   15.1   0.1  1308  1425    34   162    17   173 0.69 -
DkoeB00009647-RA     -           2125 626at7147            -           1571   1.1e-30  105.7   9.1   2   7     5e-09     6e-07   27.1   0.1  1314  1514   197   410   186   411 0.69 -
DkoeB00009647-RA     -           2125 626at7147            -           1571   1.1e-30  105.7   9.1   3   7   3.8e-08   4.6e-06   24.1   0.0  1321  1430   388   507   381   514 0.73 -
DkoeB00009647-RA     -           2125 626at7147            -           1571   1.1e-30  105.7   9.1   4   7   7.9e-06   0.00096   16.4   0.0  1320  1431   484   601   479   620 0.77 -
DkoeB00009647-RA     -           2125 626at7147            -           1571   1.1e-30  105.7   9.1   5   7   5.7e-10   6.8e-08   30.2   0.0  1310  1430   758   888   754   893 0.82 -
DkoeB00009647-RA     -           2125 626at7147            -           1571   1.1e-30  105.7   9.1   6   7      0.17        21    2.1   0.0  1356  1392   913   948   894   950 0.83 -
DkoeB00009647-RA     -           2125 626at7147            -           1571   1.1e-30  105.7   9.1   7   7    0.0015      0.18    9.0   0.0  1325  1384  1379  1440  1371  1463 0.76 -
DkoeB00012672-RA     -           8881 626at7147            -           1571   5.8e-29  100.0  30.4   1  20       7.1   8.6e+02   -3.3   0.0  1487  1518    18    49    11    54 0.83 -
DkoeB00012672-RA     -           8881 626at7147            -           1571   5.8e-29  100.0  30.4   2  20      0.64        77    0.2   0.0  1487  1518   131   162    65   199 0.70 -
DkoeB00012672-RA     -           8881 626at7147            -           1571   5.8e-29  100.0  30.4   3  20   1.3e-08   1.5e-06   25.7   0.0  1318  1521   242   484   226   503 0.67 -
DkoeB00012672-RA     -           8881 626at7147            -           1571   5.8e-29  100.0  30.4   4  20   4.8e-07   5.8e-05   20.5   0.1  1318  1520   557   792   545   830 0.74 -
DkoeB00012672-RA     -           8881 626at7147            -           1571   5.8e-29  100.0  30.4   5  20     0.073       8.8    3.3   0.0  1430  1522  1735  1821  1730  1829 0.78 -
DkoeB00012672-RA     -           8881 626at7147            -           1571   5.8e-29  100.0  30.4   6  20     0.095        12    2.9   0.1  1429  1519  1828  1911  1820  1922 0.81 -
DkoeB00012672-RA     -           8881 626at7147            -           1571   5.8e-29  100.0  30.4   7  20     0.088        11    3.0   0.0  1474  1531  2913  2971  2898  2984 0.83 -
DkoeB00012672-RA     -           8881 626at7147            -           1571   5.8e-29  100.0  30.4   8  20      0.41        50    0.8   0.0  1482  1518  3222  3258  3209  3266 0.81 -
DkoeB00012672-RA     -           8881 626at7147            -           1571   5.8e-29  100.0  30.4   9  20       2.2   2.7e+02   -1.6   0.0  1473  1513  3509  3550  3502  3569 0.78 -
DkoeB00012672-RA     -           8881 626at7147            -           1571   5.8e-29  100.0  30.4  10  20       2.2   2.6e+02   -1.6   0.0  1485  1516  4411  4442  4400  4450 0.83 -
DkoeB00012672-RA     -           8881 626at7147            -           1571   5.8e-29  100.0  30.4  11  20       1.4   1.7e+02   -1.0   0.0  1320  1383  4712  4780  4701  4789 0.73 -
DkoeB00012672-RA     -           8881 626at7147            -           1571   5.8e-29  100.0  30.4  12  20      0.11        13    2.8   0.0  1484  1534  4999  5049  4986  5068 0.82 -
DkoeB00012672-RA     -           8881 626at7147            -           1571   5.8e-29  100.0  30.4  13  20      0.91   1.1e+02   -0.3   0.0  1325  1381  5308  5369  5296  5383 0.72 -
DkoeB00012672-RA     -           8881 626at7147            -           1571   5.8e-29  100.0  30.4  14  20      0.72        88    0.0   0.0  1325  1379  5896  5955  5878  5963 0.70 -
DkoeB00012672-RA     -           8881 626at7147            -           1571   5.8e-29  100.0  30.4  15  20    0.0029      0.35    8.0   0.1  1321  1381  7281  7348  7250  7354 0.74 -
DkoeB00012672-RA     -           8881 626at7147            -           1571   5.8e-29  100.0  30.4  16  20   2.6e-06   0.00031   18.1   0.0  1324  1518  7679  7798  7659  7812 0.48 -
DkoeB00012672-RA     -           8881 626at7147            -           1571   5.8e-29  100.0  30.4  17  20       6.4   7.7e+02   -3.1   0.0  1430  1477  8376  8424  8368  8436 0.74 -
DkoeB00012672-RA     -           8881 626at7147            -           1571   5.8e-29  100.0  30.4  18  20     0.096        12    2.9   0.1  1323  1383  8467  8531  8457  8547 0.74 -
DkoeB00012672-RA     -           8881 626at7147            -           1571   5.8e-29  100.0  30.4  19  20     0.011       1.3    6.1   0.0  1489  1520  8673  8704  8654  8727 0.83 -
DkoeB00012672-RA     -           8881 626at7147            -           1571   5.8e-29  100.0  30.4  20  20      0.22        26    1.8   0.0  1445  1519  8753  8827  8735  8866 0.66 -
DkoeB00001374-RA     -           1675 626at7147            -           1571   1.5e-27   95.3   5.8   1   6   3.4e-13   4.2e-11   40.9   0.0  1350  1515    19   193    15   215 0.76 -
DkoeB00001374-RA     -           1675 626at7147            -           1571   1.5e-27   95.3   5.8   2   6   4.3e-09   5.2e-07   27.3   0.0  1322  1430   171   289   166   293 0.70 -
DkoeB00001374-RA     -           1675 626at7147            -           1571   1.5e-27   95.3   5.8   3   6   3.6e-10   4.4e-08   30.8   0.0  1355  1513   303   476   292   479 0.72 -
DkoeB00001374-RA     -           1675 626at7147            -           1571   1.5e-27   95.3   5.8   4   6      0.16        19    2.2   0.0  1355  1430   498   575   492   592 0.72 -
DkoeB00001374-RA     -           1675 626at7147            -           1571   1.5e-27   95.3   5.8   5   6      0.46        55    0.7   0.1  1357  1390   602   634   549   655 0.73 -
DkoeB00001374-RA     -           1675 626at7147            -           1571   1.5e-27   95.3   5.8   6   6     0.047       5.7    3.9   0.0  1326  1388  1068  1133  1064  1147 0.80 -
DkoeB00000033-RA     -           1199 626at7147            -           1571   4.5e-26   90.5   4.6   1   5   1.6e-06   0.00019   18.8   0.0  1356  1523    26   225    17   235 0.66 -
DkoeB00000033-RA     -           1199 626at7147            -           1571   4.5e-26   90.5   4.6   2   5   6.6e-09     8e-07   26.7   0.0  1318  1430   191   308   184   312 0.76 -
DkoeB00000033-RA     -           1199 626at7147            -           1571   4.5e-26   90.5   4.6   3   5      0.07       8.5    3.4   0.1  1356  1392   325   360   318   367 0.86 -
DkoeB00000033-RA     -           1199 626at7147            -           1571   4.5e-26   90.5   4.6   4   5   1.1e-10   1.4e-08   32.5   0.1  1312  1387   370   446   366   492 0.76 -
DkoeB00000033-RA     -           1199 626at7147            -           1571   4.5e-26   90.5   4.6   5   5     0.001      0.12    9.5   0.0  1308  1385   456   538   449   550 0.71 -
DkoeB00006687-RA     -            928 626at7147            -           1571   5.6e-24   83.5   1.8   1   4   4.3e-19   5.2e-17   60.4   0.1  1326  1529   291   507   276   512 0.76 -
DkoeB00006687-RA     -            928 626at7147            -           1571   5.6e-24   83.5   1.8   2   4   2.1e-10   2.6e-08   31.6   0.2  1325  1430   471   586   467   596 0.73 -
DkoeB00006687-RA     -            928 626at7147            -           1571   5.6e-24   83.5   1.8   3   4     0.015       1.8    5.6   0.4  1355  1523   600   791   589   803 0.59 -
DkoeB00006687-RA     -            928 626at7147            -           1571   5.6e-24   83.5   1.8   4   4    0.0062      0.75    6.9   0.2  1356  1458   801   915   785   927 0.67 -
DkoeB00009116-RA     -           1244 626at7147            -           1571   7.5e-24   83.1   2.7   1   6      0.13        16    2.4   0.0  1325  1394    38   118    16   158 0.68 -
DkoeB00009116-RA     -           1244 626at7147            -           1571   7.5e-24   83.1   2.7   2   6   1.8e-11   2.2e-09   35.1   0.0  1355  1514   245   412   234   434 0.78 -
DkoeB00009116-RA     -           1244 626at7147            -           1571   7.5e-24   83.1   2.7   3   6       1.3   1.6e+02   -0.8   0.0  1438  1511   439   506   427   514 0.68 -
DkoeB00009116-RA     -           1244 626at7147            -           1571   7.5e-24   83.1   2.7   4   6   0.00011     0.014   12.6   0.1  1435  1526   623   704   604   722 0.60 -
DkoeB00009116-RA     -           1244 626at7147            -           1571   7.5e-24   83.1   2.7   5   6     5e-07     6e-05   20.4   0.0  1349  1432   718   803   705   822 0.74 -
DkoeB00009116-RA     -           1244 626at7147            -           1571   7.5e-24   83.1   2.7   6   6   0.00096      0.12    9.5   0.1  1320  1383   778   852   767   862 0.68 -
DkoeB00004169-RA     -            559 626at7147            -           1571   1.9e-23   81.8  32.2   1   3   0.00014     0.017   12.3   2.3   339   391    18    73    11    81 0.72 -
DkoeB00004169-RA     -            559 626at7147            -           1571   1.9e-23   81.8  32.2   2   3   1.6e-23   1.9e-21   75.1  18.5   213   392    87   279    75   288 0.83 -
DkoeB00004169-RA     -            559 626at7147            -           1571   1.9e-23   81.8  32.2   3   3      0.43        52    0.8   0.0  1492  1516   317   341   311   353 0.90 -
DkoeB00010170-RA     -            962 626at7147            -           1571   6.1e-22   76.8   0.6   1   3   2.7e-13   3.2e-11   41.2   0.0  1319  1457    65   206    44   214 0.80 -
DkoeB00010170-RA     -            962 626at7147            -           1571   6.1e-22   76.8   0.6   2   3   4.8e-09   5.8e-07   27.1   0.0  1403  1515   241   364   220   372 0.74 -
DkoeB00010170-RA     -            962 626at7147            -           1571   6.1e-22   76.8   0.6   3   3     0.035       4.3    4.4   0.0  1366  1428   409   472   404   549 0.73 -
DkoeB00002360-RA     -           3715 626at7147            -           1571   1.1e-20   72.6   2.2   1   7   0.00016     0.019   12.1   0.0  1482  1567  1442  1515  1417  1519 0.68 -
DkoeB00002360-RA     -           3715 626at7147            -           1571   1.1e-20   72.6   2.2   2   7    0.0013      0.16    9.1   0.0  1488  1531  1549  1590  1538  1595 0.86 -
DkoeB00002360-RA     -           3715 626at7147            -           1571   1.1e-20   72.6   2.2   3   7   0.00037     0.045   10.9   0.0  1436  1531  1595  1689  1590  1730 0.72 -
DkoeB00002360-RA     -           3715 626at7147            -           1571   1.1e-20   72.6   2.2   4   7     0.075         9    3.3   0.0  1321  1403  1759  1845  1746  1856 0.65 -
DkoeB00002360-RA     -           3715 626at7147            -           1571   1.1e-20   72.6   2.2   5   7   0.00077     0.093    9.9   0.0  1319  1383  1987  2055  1950  2065 0.78 -
DkoeB00002360-RA     -           3715 626at7147            -           1571   1.1e-20   72.6   2.2   6   7    0.0023      0.28    8.3   0.0  1436  1518  2249  2329  2202  2344 0.75 -
DkoeB00002360-RA     -           3715 626at7147            -           1571   1.1e-20   72.6   2.2   7   7   0.00081     0.098    9.8   0.0  1319  1383  3624  3693  3612  3704 0.76 -
DkoeB00008603-RA     -            472 626at7147            -           1571   9.3e-18   62.9   0.5   1   3   4.3e-08   5.2e-06   24.0   0.1  1431  1515    63   143    14   159 0.85 -
DkoeB00008603-RA     -            472 626at7147            -           1571   9.3e-18   62.9   0.5   2   3   1.6e-14   1.9e-12   45.3   0.1  1317  1430   116   236   109   239 0.87 -
DkoeB00008603-RA     -            472 626at7147            -           1571   9.3e-18   62.9   0.5   3   3      0.05         6    3.9   0.0  1358  1383   260   285   249   294 0.89 -
DkoeB00010181-RA     -           1070 626at7147            -           1571   1.6e-17   62.1   1.1   1   3   7.9e-14   9.6e-12   43.0   0.1  1321  1516    25   230    10   231 0.77 -
DkoeB00010181-RA     -           1070 626at7147            -           1571   1.6e-17   62.1   1.1   2   3   1.1e-06   0.00014   19.3   0.0  1393  1518   192   325   173   328 0.72 -
DkoeB00010181-RA     -           1070 626at7147            -           1571   1.6e-17   62.1   1.1   3   3     0.075       9.1    3.3   0.0  1491  1564   409   479   365   486 0.67 -
DkoeB00011812-RA     -            819 626at7147            -           1571   6.9e-17   60.0  49.0   1   5       1.4   1.6e+02   -0.9   1.0   828   884   201   256   197   265 0.63 -
DkoeB00011812-RA     -            819 626at7147            -           1571   6.9e-17   60.0  49.0   2   5    0.0017       0.2    8.8   2.8   440   498   481   537   451   547 0.81 -
DkoeB00011812-RA     -            819 626at7147            -           1571   6.9e-17   60.0  49.0   3   5   3.8e-07   4.6e-05   20.8   8.2   448   534   576   669   567   683 0.70 -
DkoeB00011812-RA     -            819 626at7147            -           1571   6.9e-17   60.0  49.0   4   5   3.2e-14   3.8e-12   44.3  17.3   997  1085   677   772   668   785 0.76 -
DkoeB00011812-RA     -            819 626at7147            -           1571   6.9e-17   60.0  49.0   5   5      0.62        75    0.2   0.6   448   462   773   787   756   817 0.63 -
DkoeB00006688-RA     -           1359 626at7147            -           1571   1.7e-16   58.7   0.0   1   3   7.4e-11     9e-09   33.1   0.0  1319  1428    78   196    67   207 0.80 -
DkoeB00006688-RA     -           1359 626at7147            -           1571   1.7e-16   58.7   0.0   2   3    0.0018      0.21    8.7   0.0  1319  1383   175   250   167   261 0.75 -
DkoeB00006688-RA     -           1359 626at7147            -           1571   1.7e-16   58.7   0.0   3   3   2.3e-07   2.8e-05   21.5   0.0  1324  1383   681   742   669   752 0.86 -
DkoeB00010748-RA     -            170 626at7147            -           1571   5.2e-16   57.1  17.5   1   1   5.2e-18   6.3e-16   56.8  17.5   946  1067    31   165    20   169 0.80 -
DkoeB00011121-RA     -           1010 626at7147            -           1571   5.5e-16   57.0   3.3   1   3   2.5e-09     3e-07   28.1   0.3  1359  1525   121   296   114   302 0.81 -
DkoeB00011121-RA     -           1010 626at7147            -           1571   5.5e-16   57.0   3.3   2   3   5.7e-10   6.9e-08   30.2   0.1  1325  1429   267   376   251   400 0.76 -
DkoeB00011121-RA     -           1010 626at7147            -           1571   5.5e-16   57.0   3.3   3   3   0.00012     0.015   12.5   0.0  1355  1434   407   492   392   512 0.77 -
DkoeB00003702-RA     -            139 626at7147            -           1571   2.4e-15   54.9  14.3   1   1   2.3e-17   2.7e-15   54.7  14.3   969  1066    47   138    18   139 0.82 -
DkoeB00001108-RA     -            196 626at7147            -           1571   3.1e-15   54.6   0.0   1   2   3.3e-09     4e-07   27.7   0.0  1433  1538    49   149    38   152 0.80 -
DkoeB00001108-RA     -            196 626at7147            -           1571   3.1e-15   54.6   0.0   2   2     2e-10   2.5e-08   31.7   0.0  1320  1393   103   185   101   190 0.80 -
DkoeB00010349-RA     -           1600 626at7147            -           1571     4e-15   54.2   1.7   1   3     2e-08   2.4e-06   25.1   0.1  1309  1430   268   394   262   397 0.73 -
DkoeB00010349-RA     -           1600 626at7147            -           1571     4e-15   54.2   1.7   2   3   1.3e-08   1.6e-06   25.7   0.1  1304  1515   355   589   346   598 0.72 -
DkoeB00010349-RA     -           1600 626at7147            -           1571     4e-15   54.2   1.7   3   3   0.00016      0.02   12.1   0.0  1309  1381   551   630   545   639 0.83 -
DkoeB00006202-RA     -            435 626at7147            -           1571   1.2e-14   52.6   0.0   1   2   2.2e-07   2.6e-05   21.6   0.0  1436  1516   118   195   110   207 0.85 -
DkoeB00006202-RA     -            435 626at7147            -           1571   1.2e-14   52.6   0.0   2   2   1.8e-09   2.2e-07   28.5   0.0  1319  1381   258   326   246   361 0.79 -
DkoeB00007100-RA     -           1538 626at7147            -           1571   1.5e-14   52.3   0.0   1   2   9.1e-07   0.00011   19.6   0.0  1356  1519   109   300   104   304 0.71 -
DkoeB00007100-RA     -           1538 626at7147            -           1571   1.5e-14   52.3   0.0   2   2   4.6e-13   5.6e-11   40.4   0.0  1318  1430   270   388   258   422 0.88 -
DkoeB00004792-RA     -           1422 626at7147            -           1571   2.5e-14   51.6   0.1   1   4   0.00064     0.078   10.1   0.0  1409  1443   412   446   393   455 0.83 -
DkoeB00004792-RA     -           1422 626at7147            -           1571   2.5e-14   51.6   0.1   2   4     1e-09   1.2e-07   29.3   0.0  1326  1518   416   642   415   652 0.72 -
DkoeB00004792-RA     -           1422 626at7147            -           1571   2.5e-14   51.6   0.1   3   4     9e-08   1.1e-05   22.9   0.1  1323  1517   618   827   611   831 0.73 -
DkoeB00004792-RA     -           1422 626at7147            -           1571   2.5e-14   51.6   0.1   4   4    0.0038      0.46    7.6   0.0  1321  1391   802   876   790   903 0.73 -
DkoeB00003707-RA     -            125 626at7147            -           1571     3e-14   51.3   3.4   1   1   2.6e-16   3.1e-14   51.2   3.4  1011  1065    67   121    45   125 0.91 -
DkoeB00004196-RA     -            319 626at7147            -           1571   6.6e-14   50.1   0.4   1   2   4.3e-07   5.2e-05   20.7   0.1  1429  1521   172   261   117   264 0.72 -
DkoeB00004196-RA     -            319 626at7147            -           1571   6.6e-14   50.1   0.4   2   2   1.7e-11   2.1e-09   35.2   0.0  1318  1396   228   311   220   319 0.85 -
DkoeB00005345-RA     -            442 626at7147            -           1571   7.9e-14   49.9   0.0   1   3   1.7e-06    0.0002   18.7   0.0  1358  1430   106   180    47   199 0.67 -
DkoeB00005345-RA     -            442 626at7147            -           1571   7.9e-14   49.9   0.0   2   3   4.7e-12   5.7e-10   37.1   0.0  1317  1432   155   281   132   296 0.79 -
DkoeB00005345-RA     -            442 626at7147            -           1571   7.9e-14   49.9   0.0   3   3         1   1.2e+02   -0.5   0.0  1364  1382   330   348   322   361 0.81 -
DkoeB00006205-RA     -            928 626at7147            -           1571   1.1e-13   49.4   0.0   1   3       6.7   8.1e+02   -3.2   0.0  1359  1380    57    78    19    84 0.78 -
DkoeB00006205-RA     -            928 626at7147            -           1571   1.1e-13   49.4   0.0   2   3     4e-06   0.00048   17.5   0.0  1348  1458   220   344   214   361 0.55 -
DkoeB00006205-RA     -            928 626at7147            -           1571   1.1e-13   49.4   0.0   3   3   1.3e-09   1.5e-07   29.0   0.0  1312  1390   365   448   357   461 0.81 -
DkoeB00001857-RA     -           1459 626at7147            -           1571   2.2e-13   48.4   8.3   1   3   2.7e-06   0.00033   18.0   0.0  1310  1393   183   269   173   281 0.81 -
DkoeB00001857-RA     -           1459 626at7147            -           1571   2.2e-13   48.4   8.3   2   3   2.7e-09   3.2e-07   28.0   0.0  1321  1427   310   420   293   420 0.79 -
DkoeB00001857-RA     -           1459 626at7147            -           1571   2.2e-13   48.4   8.3   3   3   4.4e-06   0.00054   17.3   0.0  1308  1393   389   478   377   609 0.74 -
DkoeB00010840-RA     -            484 626at7147            -           1571   7.5e-13   46.6   0.4   1   3   0.00011     0.013   12.7   0.0  1434  1515    94   171    82   173 0.76 -
DkoeB00010840-RA     -            484 626at7147            -           1571   7.5e-13   46.6   0.4   2   3   5.2e-11   6.3e-09   33.6   0.1  1319  1430   146   259   133   260 0.84 -
DkoeB00010840-RA     -            484 626at7147            -           1571   7.5e-13   46.6   0.4   3   3   6.9e-05    0.0084   13.3   0.0  1320  1383   236   304   222   311 0.83 -
DkoeB00003706-RA     -            139 626at7147            -           1571   1.4e-12   45.7   1.4   1   1   1.3e-14   1.5e-12   45.6   1.4  1013  1067    53   107    32   129 0.76 -
DkoeB00012867-RA     -            414 626at7147            -           1571   1.5e-12   45.6   0.3   1   3   1.1e-07   1.4e-05   22.6   0.0  1431  1514    99   178    85   181 0.81 -
DkoeB00012867-RA     -            414 626at7147            -           1571   1.5e-12   45.6   0.3   2   3   1.2e-09   1.5e-07   29.1   0.1  1312  1392   146   226   139   266 0.89 -
DkoeB00012867-RA     -            414 626at7147            -           1571   1.5e-12   45.6   0.3   3   3    0.0057      0.69    7.0   0.0  1358  1383   286   311   239   318 0.76 -
DkoeB00012769-RA     -           1183 626at7147            -           1571   1.9e-12   45.3   0.0   1   3      0.24        29    1.6   0.0  1325  1383   155   215   147   232 0.71 -
DkoeB00012769-RA     -           1183 626at7147            -           1571   1.9e-12   45.3   0.0   2   3   2.4e-11   2.9e-09   34.8   0.0  1318  1430   248   363   237   370 0.80 -
DkoeB00012769-RA     -           1183 626at7147            -           1571   1.9e-12   45.3   0.0   3   3   2.9e-06   0.00036   17.9   0.0  1316  1388   336   409   330   423 0.85 -
DkoeB00003709-RA     -             89 626at7147            -           1571   3.5e-12   44.4   1.5   1   1   3.1e-14   3.8e-12   44.3   1.5  1009  1067    30    88    22    89 0.94 -
DkoeB00008918-RA     -             81 626at7147            -           1571   3.6e-12   44.4   3.6   1   1   3.3e-14   3.9e-12   44.2   3.6  1013  1066    26    80    17    81 0.88 -
DkoeB00004114-RA     -            458 626at7147            -           1571   4.1e-12   44.2   0.2   1   3     1e-06   0.00012   19.4   0.2  1358  1431    80   155    54   170 0.51 -
DkoeB00004114-RA     -            458 626at7147            -           1571   4.1e-12   44.2   0.2   2   3   3.2e-06   0.00039   17.8   0.0  1351  1429   165   246   161   257 0.86 -
DkoeB00004114-RA     -            458 626at7147            -           1571   4.1e-12   44.2   0.2   3   3     0.063       7.6    3.5   0.0  1358  1383   277   302   262   314 0.86 -
DkoeB00002358-RA     -          13347 626at7147            -           1571   4.8e-11   40.6   3.3   1   3     8e-05    0.0097   13.1   0.1  1327  1519 12071 12275 12053 12308 0.65 -
DkoeB00002358-RA     -          13347 626at7147            -           1571   4.8e-11   40.6   3.3   2   3       1.5   1.8e+02   -1.1   0.0  1351  1428 12463 12541 12438 12550 0.76 -
DkoeB00002358-RA     -          13347 626at7147            -           1571   4.8e-11   40.6   3.3   3   3   7.6e-09   9.3e-07   26.4   0.2  1404  1516 12711 12831 12701 12858 0.68 -
DkoeB00004266-RA     -            862 626at7147            -           1571   6.2e-11   40.3   0.2   1   3   1.8e-07   2.2e-05   21.9   0.1  1430  1521    33   121    20   126 0.71 -
DkoeB00004266-RA     -            862 626at7147            -           1571   6.2e-11   40.3   0.2   2   3   1.6e-08   1.9e-06   25.4   0.0  1318  1393    88   168    82   173 0.80 -
DkoeB00004266-RA     -            862 626at7147            -           1571   6.2e-11   40.3   0.2   3   3    0.0012      0.15    9.2   0.1  1437  1559   134   252   133   259 0.57 -
DkoeB00003737-RA     -           1125 626at7147            -           1571   6.5e-11   40.2   0.0   1   3    0.0041       0.5    7.4   0.0  1332  1427   399   509   377   510 0.69 -
DkoeB00003737-RA     -           1125 626at7147            -           1571   6.5e-11   40.2   0.0   2   3   8.3e-06     0.001   16.4   0.0  1319  1392   488   563   474   567 0.82 -
DkoeB00003737-RA     -           1125 626at7147            -           1571   6.5e-11   40.2   0.0   3   3   3.6e-06   0.00044   17.6   0.0  1310  1383   570   645   564   654 0.84 -
DkoeB00003698-RA     -             79 626at7147            -           1571   8.2e-11   39.9   3.1   1   1   7.2e-13   8.7e-11   39.8   3.1  1016  1066    28    78    15    79 0.67 -
DkoeB00003693-RA     -             95 626at7147            -           1571   1.7e-10   38.9   3.1   1   1   1.5e-12   1.8e-10   38.7   3.1  1011  1069    35    93    24    95 0.92 -
DkoeB00001009-RA     -           1768 626at7147            -           1571   1.8e-10   38.7   0.1   1   1   2.2e-12   2.7e-10   38.2   0.1  1317  1455    15   172     2   188 0.76 -
DkoeB00010746-RA     -            237 626at7147            -           1571     4e-10   37.6   1.3   1   1   4.1e-12     5e-10   37.3   1.3  1012  1066    27    81     9    98 0.89 -
DkoeB00006341-RA     -           1124 626at7147            -           1571   6.4e-10   36.9   0.1   1   3      0.32        39    1.2   0.0  1413  1515    52   166    36   177 0.54 -
DkoeB00006341-RA     -           1124 626at7147            -           1571   6.4e-10   36.9   0.1   2   3   1.3e-07   1.6e-05   22.4   0.0  1359  1526   292   472   264   479 0.68 -
DkoeB00006341-RA     -           1124 626at7147            -           1571   6.4e-10   36.9   0.1   3   3     0.032       3.9    4.5   0.0  1353  1388   482   516   475   522 0.83 -
DkoeB00008424-RA     -            417 626at7147            -           1571   6.4e-10   36.9   0.0   1   1   8.7e-12   1.1e-09   36.2   0.0  1313  1430   294   411   258   416 0.89 -
DkoeB00010744-RA     -             99 626at7147            -           1571     1e-09   36.3   1.9   1   1   9.6e-12   1.2e-09   36.1   1.9   954  1007    31    88    24    97 0.58 -
DkoeB00003705-RA     -             88 626at7147            -           1571     2e-09   35.3   0.9   1   1   1.7e-11   2.1e-09   35.2   0.9   964  1007    38    81    16    86 0.82 -
DkoeB00000590-RA     -            166 626at7147            -           1571     2e-09   35.3   0.0   1   1   2.7e-11   3.3e-09   34.6   0.0  1330  1449     5   135     1   138 0.86 -
DkoeB00012207-RA     -            185 626at7147            -           1571   2.3e-09   35.1   0.1   1   1   2.6e-11   3.2e-09   34.6   0.1  1433  1518    90   172    74   181 0.70 -
DkoeB00006408-RA     -            103 626at7147            -           1571   3.1e-09   34.6   2.8   1   1   2.9e-11   3.5e-09   34.5   2.8  1009  1073    23    87    15    98 0.89 -
DkoeB00004197-RA     -            103 626at7147            -           1571     5e-09   34.0   2.2   1   1   4.6e-11   5.6e-09   33.8   2.2  1011  1065    25    79    17    93 0.91 -
DkoeB00003704-RA     -             82 626at7147            -           1571   7.4e-09   33.4   5.2   1   1   6.4e-11   7.7e-09   33.3   5.2  1021  1066    36    81    19    82 0.78 -
DkoeB00003504-RA     -            443 626at7147            -           1571   7.7e-09   33.3   0.0   1   2      0.53        64    0.5   0.0  1436  1469    84   117    77   121 0.86 -
DkoeB00003504-RA     -            443 626at7147            -           1571   7.7e-09   33.3   0.0   2   2   2.2e-10   2.6e-08   31.6   0.0  1313  1433   117   248    95   262 0.81 -
DkoeB00006883-RA     -            498 626at7147            -           1571   8.3e-09   33.2   0.7   1   3      0.11        13    2.8   0.0  1350  1378    84   113    81   128 0.80 -
DkoeB00006883-RA     -            498 626at7147            -           1571   8.3e-09   33.2   0.7   2   3   7.4e-09     9e-07   26.5   0.1  1308  1428   131   253   128   257 0.84 -
DkoeB00006883-RA     -            498 626at7147            -           1571   8.3e-09   33.2   0.7   3   3       0.6        73    0.3   0.0  1351  1381   282   312   276   321 0.78 -
DkoeB00010785-RA     -            183 626at7147            -           1571   9.8e-09   33.0   0.0   1   1   9.9e-11   1.2e-08   32.7   0.0  1320  1395    33   108    22   150 0.80 -
DkoeB00008601-RA     -            394 626at7147            -           1571   1.3e-08   32.6   0.1   1   3       2.3   2.7e+02   -1.6   0.0  1433  1463   115   145   111   156 0.83 -
DkoeB00008601-RA     -            394 626at7147            -           1571   1.3e-08   32.6   0.1   2   3   6.6e-09     8e-07   26.7   0.1  1357  1430   158   233   150   238 0.81 -
DkoeB00008601-RA     -            394 626at7147            -           1571   1.3e-08   32.6   0.1   3   3      0.11        13    2.8   0.0  1355  1383   256   284   248   292 0.89 -
DkoeB00003714-RA     -             82 626at7147            -           1571     2e-08   32.0   3.1   1   1   1.7e-10     2e-08   31.9   3.1  1022  1066    37    81    21    82 0.53 -
DkoeB00006786-RA     -           1258 626at7147            -           1571   2.3e-08   31.7   0.1   1   3     0.019       2.3    5.3   0.0  1490  1519   463   493   280   510 0.55 -
DkoeB00006786-RA     -           1258 626at7147            -           1571   2.3e-08   31.7   0.1   2   3     0.004      0.48    7.5   0.0  1347  1514   400   583   343   589 0.62 -
DkoeB00006786-RA     -           1258 626at7147            -           1571   2.3e-08   31.7   0.1   3   3   3.1e-07   3.8e-05   21.1   0.0  1348  1533   694   892   656   920 0.71 -
DkoeB00004108-RA     -            258 626at7147            -           1571   3.8e-08   31.0   0.3   1   2   4.3e-08   5.2e-06   24.0   0.3  1317  1430    22   146    11   164 0.72 -
DkoeB00004108-RA     -            258 626at7147            -           1571   3.8e-08   31.0   0.3   2   2     0.037       4.5    4.3   0.0  1360  1390   171   200   159   214 0.85 -
DkoeB00012206-RA     -            256 626at7147            -           1571   3.9e-08   31.0   0.7   1   3   1.4e-07   1.7e-05   22.2   0.2  1359  1429    84   156    60   157 0.83 -
DkoeB00012206-RA     -            256 626at7147            -           1571   3.9e-08   31.0   0.7   2   3    0.0018      0.22    8.6   0.0  1485  1526   128   167   119   179 0.75 -
DkoeB00012206-RA     -            256 626at7147            -           1571   3.9e-08   31.0   0.7   3   3   0.00036     0.044   11.0   0.1  1326  1386   140   210   138   218 0.74 -
DkoeB00008335-RA     -            940 626at7147            -           1571   3.9e-08   31.0   0.8   1   2   2.7e-05    0.0033   14.7   0.0  1437  1519   101   189    95   207 0.78 -
DkoeB00008335-RA     -            940 626at7147            -           1571   3.9e-08   31.0   0.8   2   2   4.7e-05    0.0056   13.9   0.1  1323  1455   363   502   350   519 0.79 -
DkoeB00005943-RA     -           1056 626at7147            -           1571   4.1e-08   30.9   0.3   1   3     0.012       1.4    6.0   0.0  1320  1429   135   254    74   265 0.74 -
DkoeB00005943-RA     -           1056 626at7147            -           1571   4.1e-08   30.9   0.3   2   3   1.8e-07   2.1e-05   21.9   0.0  1321  1428   334   448   325   461 0.80 -
DkoeB00005943-RA     -           1056 626at7147            -           1571   4.1e-08   30.9   0.3   3   3       2.4   2.8e+02   -1.7   0.0  1359  1416   474   533   467   547 0.69 -
DkoeB00003700-RA     -             86 626at7147            -           1571   4.5e-08   30.8   3.9   1   1     4e-10   4.9e-08   30.7   3.9  1010  1066    31    85    17    86 0.59 -
DkoeB00003669-RA     -            132 626at7147            -           1571   5.6e-08   30.5   1.3   1   1   5.5e-10   6.7e-08   30.2   1.3  1018  1077    30    89    20   103 0.65 -
DkoeB00009930-RA     -            910 626at7147            -           1571   5.7e-08   30.4   4.2   1   3   7.6e-06   0.00092   16.5   0.0  1436  1520   451   535   445   544 0.86 -
DkoeB00009930-RA     -            910 626at7147            -           1571   5.7e-08   30.4   4.2   2   3      0.27        33    1.4   0.0  1355  1427   549   620   535   628 0.60 -
DkoeB00009930-RA     -            910 626at7147            -           1571   5.7e-08   30.4   4.2   3   3    0.0002     0.025   11.8   0.5  1436  1516   761   845   752   861 0.74 -
DkoeB00009071-RA     -            401 626at7147            -           1571   6.7e-08   30.2   0.0   1   1   5.2e-07   6.3e-05   20.4   0.0  1434  1537   100   199    89   205 0.80 -
DkoeB00001438-RA     -            271 626at7147            -           1571   1.2e-07   29.3   0.0   1   2    0.0057      0.69    7.0   0.0  1470  1513    52    94    34   129 0.87 -
DkoeB00001438-RA     -            271 626at7147            -           1571   1.2e-07   29.3   0.0   2   2   5.6e-07   6.8e-05   20.3   0.0  1315  1383   187   258   179   265 0.85 -
DkoeB00005198-RA     -            104 626at7147            -           1571   1.9e-07   28.7   8.1   1   1   1.6e-09     2e-07   28.7   8.1  1025  1065    63   101    29   104 0.70 -
DkoeB00003703-RA     -             83 626at7147            -           1571   2.7e-07   28.2   1.4   1   1   2.2e-09   2.7e-07   28.2   1.4   969  1006    44    81    11    83 0.52 -
DkoeB00011973-RA     -           1255 626at7147            -           1571   3.2e-07   28.0   0.1   1   2   3.5e-06   0.00043   17.6   0.0  1412  1516   296   414   188   432 0.71 -
DkoeB00011973-RA     -           1255 626at7147            -           1571   3.2e-07   28.0   0.1   2   2    0.0026      0.31    8.1   0.0  1325  1425   516   620   501   634 0.75 -
DkoeB00007126-RA     -            359 626at7147            -           1571   6.2e-07   27.0   0.6   1   2   6.2e-06   0.00075   16.8   0.1  1437  1526   124   212     4   245 0.67 -
DkoeB00007126-RA     -            359 626at7147            -           1571   6.2e-07   27.0   0.6   2   2   8.8e-06    0.0011   16.3   0.1  1408  1457   178   232   132   320 0.51 -
DkoeB00002809-RA     -           2643 626at7147            -           1571     1e-06   26.3   8.6   1   5      0.64        77    0.2   0.0  1420  1519   156   271   133   314 0.61 -
DkoeB00002809-RA     -           2643 626at7147            -           1571     1e-06   26.3   8.6   2   5     0.018       2.2    5.3   0.1  1319  1395   352   437   339   485 0.60 -
DkoeB00002809-RA     -           2643 626at7147            -           1571     1e-06   26.3   8.6   3   5    0.0038      0.46    7.6   0.1  1441  1526   772   855   761   862 0.76 -
DkoeB00002809-RA     -           2643 626at7147            -           1571     1e-06   26.3   8.6   4   5   0.00014     0.017   12.3   0.1  1367  1458   893   993   890  1003 0.81 -
DkoeB00002809-RA     -           2643 626at7147            -           1571     1e-06   26.3   8.6   5   5      0.47        57    0.6   0.0  1314  1392  1011  1096  1003  1107 0.71 -
DkoeB00010695-RA     -           1051 626at7147            -           1571   1.7e-06   25.6   6.8   1   3   2.9e-06   0.00035   17.9   0.0  1436  1518   170   258   160   274 0.77 -
DkoeB00010695-RA     -           1051 626at7147            -           1571   1.7e-06   25.6   6.8   2   3      0.12        15    2.5   0.0  1371  1431   287   352   279   370 0.74 -
DkoeB00010695-RA     -           1051 626at7147            -           1571   1.7e-06   25.6   6.8   3   3    0.0039      0.47    7.5   0.0  1319  1395   428   508   417   549 0.79 -
DkoeB00003701-RA     -             77 626at7147            -           1571   6.1e-06   23.7   1.1   1   1   5.3e-08   6.4e-06   23.7   1.1  1006  1057    27    76    16    77 0.68 -
DkoeB00002251-RA     -            100 626at7147            -           1571   9.2e-06   23.1   4.3   1   1   7.9e-08   9.5e-06   23.1   4.3   906  1008    38    95    18   100 0.58 -
DkoeB00001309-RA     -             98 626at7147            -           1571   9.9e-06   23.0   4.0   1   1   8.2e-08   9.9e-06   23.0   4.0  1025  1065    52    92    18    97 0.59 -
DkoeB00001311-RA     -             98 626at7147            -           1571   9.9e-06   23.0   4.0   1   1   8.2e-08   9.9e-06   23.0   4.0  1025  1065    52    92    18    97 0.59 -
DkoeB00012564-RA     -           1004 626at7147            -           1571   1.6e-05   22.4   0.0   1   2   1.9e-06   0.00023   18.5   0.0  1319  1430   502   619   495   626 0.79 -
DkoeB00012564-RA     -           1004 626at7147            -           1571   1.6e-05   22.4   0.0   2   2      0.28        33    1.4   0.0  1358  1383   645   670   639   715 0.87 -
DkoeB00002134-RA     -            306 626at7147            -           1571   2.5e-05   21.7   0.0   1   1   2.8e-07   3.4e-05   21.2   0.0  1431  1552   138   270   127   288 0.77 -
DkoeB00012940-RA     -            469 626at7147            -           1571   2.6e-05   21.7   0.3   1   2   4.6e-05    0.0056   13.9   0.0  1487  1537   115   165    93   180 0.84 -
DkoeB00012940-RA     -            469 626at7147            -           1571   2.6e-05   21.7   0.3   2   2     0.012       1.5    5.9   0.0  1348  1387   247   287   239   294 0.85 -
DkoeB00003699-RA     -             77 626at7147            -           1571   2.7e-05   21.6   1.4   1   1   2.2e-07   2.7e-05   21.6   1.4  1023  1056    42    75    22    77 0.56 -
DkoeB00001235-RA     -            541 626at7147            -           1571   4.2e-05   21.0   0.2   1   3      0.89   1.1e+02   -0.3   0.0  1433  1513   127   209   123   236 0.65 -
DkoeB00001235-RA     -            541 626at7147            -           1571   4.2e-05   21.0   0.2   2   3   6.2e-05    0.0075   13.5   0.0  1454  1516   336   403   230   433 0.73 -
DkoeB00001235-RA     -            541 626at7147            -           1571   4.2e-05   21.0   0.2   3   3     5e-05     0.006   13.8   0.0  1455  1516   337   403   287   500 0.63 -
DkoeB00009114-RA     -            116 626at7147            -           1571   0.00011   19.6   0.0   1   1   1.1e-06   0.00014   19.2   0.0  1355  1390    52    88    18   111 0.71 -
DkoeB00006683-RA     -           1004 626at7147            -           1571   0.00015   19.1   0.2   1   2   7.8e-06   0.00095   16.5   0.0  1324  1435   117   243    96   253 0.74 -
DkoeB00006683-RA     -           1004 626at7147            -           1571   0.00015   19.1   0.2   2   2      0.78        94   -0.1   0.0  1404  1507   653   755   577   761 0.70 -
DkoeB00007379-RA     -            214 626at7147            -           1571   0.00023   18.5   0.0   1   2   2.6e-05    0.0032   14.7   0.0  1432  1524    34   123    28   133 0.71 -
DkoeB00007379-RA     -            214 626at7147            -           1571   0.00023   18.5   0.0   2   2      0.19        23    2.0   0.0  1356  1384   134   162   117   169 0.85 -
DkoeB00007967-RA     -            293 626at7147            -           1571   0.00039   17.8   0.3   1   2   0.00037     0.044   10.9   0.0  1432  1521   109   194    95   210 0.75 -
DkoeB00007967-RA     -            293 626at7147            -           1571   0.00039   17.8   0.3   2   2     0.022       2.7    5.0   0.0  1356  1386   209   239   195   248 0.87 -
DkoeB00003968-RA     -           1041 626at7147            -           1571    0.0004   17.7   0.0   1   2     0.047       5.8    3.9   0.0  1437  1514    80   164    71   271 0.77 -
DkoeB00003968-RA     -           1041 626at7147            -           1571    0.0004   17.7   0.0   2   2   0.00024     0.029   11.5   0.0  1325  1430   342   455   330   502 0.80 -
DkoeB00008723-RA     -            293 626at7147            -           1571   0.00051   17.4   0.3   1   3       1.3   1.6e+02   -0.8   0.0  1467  1517    47   103    15   118 0.71 -
DkoeB00008723-RA     -            293 626at7147            -           1571   0.00051   17.4   0.3   2   3   6.1e-05    0.0074   13.5   0.3  1428  1520   123   211   111   247 0.79 -
DkoeB00008723-RA     -            293 626at7147            -           1571   0.00051   17.4   0.3   3   3      0.37        45    1.0   0.0  1351  1385   219   258   211   263 0.64 -
DkoeB00007927-RA     -            301 626at7147            -           1571   0.00053   17.3   0.0   1   2   1.5e-05    0.0019   15.5   0.0  1433  1519   122   204   115   212 0.82 -
DkoeB00007927-RA     -            301 626at7147            -           1571   0.00053   17.3   0.0   2   2       1.8   2.2e+02   -1.3   0.0  1436  1466   231   260   227   269 0.73 -
DkoeB00007935-RA     -            582 626at7147            -           1571   0.00057   17.2   0.1   1   2   3.4e-05    0.0042   14.3   0.1  1433  1528   385   478   375   490 0.79 -
DkoeB00007935-RA     -            582 626at7147            -           1571   0.00057   17.2   0.1   2   2      0.61        74    0.3   0.0  1357  1385   495   523   488   537 0.78 -
DkoeB00011044-RA     -            946 626at7147            -           1571   0.00072   16.9   0.2   1   2     0.006      0.73    6.9   0.0  1491  1520   285   314   276   334 0.80 -
DkoeB00011044-RA     -            946 626at7147            -           1571   0.00072   16.9   0.2   2   2     0.003      0.37    7.9   0.0  1353  1390   341   375   331   386 0.79 -
DkoeB00007829-RA     -            434 626at7147            -           1571   0.00085   16.6   0.0   1   1   1.1e-05    0.0013   16.0   0.0  1435  1524   250   336   245   390 0.82 -
DkoeB00009370-RA     -            170 626at7147            -           1571   0.00092   16.5   0.0   1   1   1.1e-05    0.0013   16.0   0.0  1467  1517    60   110    44   116 0.83 -
DkoeB00008081-RA     -           1356 626at7147            -           1571    0.0019   15.5   0.0   1   2      0.13        15    2.5   0.0  1354  1388   277   311   270   327 0.88 -
DkoeB00008081-RA     -           1356 626at7147            -           1571    0.0019   15.5   0.0   2   2    0.0005      0.06   10.5   0.0  1324  1389   435   502   420   507 0.83 -
DkoeB00002651-RA     -           1445 626at7147            -           1571     0.002   15.4   0.0   1   1   8.2e-05    0.0099   13.1   0.0  1330  1457   167   317   149   331 0.64 -
DkoeB00008481-RA     -            710 626at7147            -           1571    0.0028   14.9   0.2   1   2   8.2e-05      0.01   13.1   0.0  1487  1537   115   165    93   178 0.84 -
DkoeB00008481-RA     -            710 626at7147            -           1571    0.0028   14.9   0.2   2   2       1.3   1.6e+02   -0.8   0.0  1361  1387   240   266   234   272 0.83 -
DkoeB00010348-RA     -            759 626at7147            -           1571    0.0052   14.0   0.1   1   4       5.2   6.3e+02   -2.8   0.0  1485  1518    85   122    81   125 0.77 -
DkoeB00010348-RA     -            759 626at7147            -           1571    0.0052   14.0   0.1   2   4      0.15        18    2.3   0.0  1434  1514   250   327   241   331 0.77 -
DkoeB00010348-RA     -            759 626at7147            -           1571    0.0052   14.0   0.1   3   4      0.21        26    1.8   0.0  1320  1382   303   370   287   374 0.78 -
DkoeB00010348-RA     -            759 626at7147            -           1571    0.0052   14.0   0.1   4   4     0.006      0.73    6.9   0.0  1309  1396   388   478   383   516 0.77 -
DkoeB00010407-RA     -            898 626at7147            -           1571    0.0092   13.2   0.0   1   1   0.00014     0.017   12.4   0.0  1313  1388   315   398   304   411 0.75 -
DkoeB00010180-RA     -            197 626at7147            -           1571     0.013   12.7   0.0   1   1   0.00015     0.018   12.2   0.0  1358  1467    38   172    34   194 0.59 -
DkoeB00011540-RA     -            772 626at7147            -           1571     0.015   12.5   0.2   1   3      0.25        31    1.5   0.0  1432  1515    96   181    89   196 0.68 -
DkoeB00011540-RA     -            772 626at7147            -           1571     0.015   12.5   0.2   2   3    0.0024      0.29    8.2   0.1  1484  1531   357   405   262   431 0.71 -
DkoeB00011540-RA     -            772 626at7147            -           1571     0.015   12.5   0.2   3   3       7.1   8.5e+02   -3.3   0.0  1319  1384   446   523   433   530 0.54 -
DkoeB00009371-RA     -            210 626at7147            -           1571     0.018   12.2   0.0   1   1    0.0002     0.024   11.8   0.0  1479  1518   112   151    86   159 0.84 -
DkoeB00003458-RA     -           1034 626at7147            -           1571     0.032   11.4   0.0   1   2    0.0048      0.59    7.2   0.0  1487  1517   336   366   320   381 0.79 -
DkoeB00003458-RA     -           1034 626at7147            -           1571     0.032   11.4   0.0   2   2      0.19        24    1.9   0.0  1353  1392   399   437   384   443 0.77 -
DkoeB00003333-RA     -           1223 626at7147            -           1571     0.038   11.2   0.4   1   2     0.061       7.4    3.6   0.0  1480  1518   633   671   627   678 0.84 -
DkoeB00003333-RA     -           1223 626at7147            -           1571     0.038   11.2   0.4   2   2     0.015       1.9    5.6   0.1  1349  1383   723   757   702   769 0.88 -
DkoeB00012321-RA     -            326 626at7147            -           1571     0.042   11.0   0.3   1   1     0.002      0.25    8.5   0.0  1435  1524   149   235   145   243 0.79 -
DkoeB00001045-RA     -            290 626at7147            -           1571     0.056   10.6   0.2   1   2     0.002      0.24    8.5   0.0  1433  1516   112   196   105   214 0.74 -
DkoeB00001045-RA     -            290 626at7147            -           1571     0.056   10.6   0.2   2   2       1.4   1.7e+02   -0.9   0.0  1359  1387   222   250   217   254 0.84 -
DkoeB00005174-RA     -            710 626at7147            -           1571       0.5    7.4  11.2   1   1    0.0059      0.71    6.9  11.2  1275  1315   284   324   227   330 0.65 -
DkoeB00006300-RA     -           1668 626at7147            -           1571       2.5    5.1  59.8   1   6       1.4   1.8e+02   -1.0   4.4   448   496   432   477   408   486 0.59 -
DkoeB00006300-RA     -           1668 626at7147            -           1571       2.5    5.1  59.8   2   6    0.0066       0.8    6.8   5.4   288   356   463   526   458   540 0.63 -
DkoeB00006300-RA     -           1668 626at7147            -           1571       2.5    5.1  59.8   3   6   8.2e-05    0.0099   13.1   3.0  1029  1071   759   801   658   836 0.71 -
DkoeB00006300-RA     -           1668 626at7147            -           1571       2.5    5.1  59.8   4   6    0.0007     0.085   10.0   3.5   440   493  1261  1312  1228  1322 0.70 -
DkoeB00006300-RA     -           1668 626at7147            -           1571       2.5    5.1  59.8   5   6      0.25        30    1.6   3.8   440   465  1348  1372  1314  1413 0.66 -
DkoeB00006300-RA     -           1668 626at7147            -           1571       2.5    5.1  59.8   6   6      0.85     1e+02   -0.2   7.1   931  1019  1535  1628  1524  1646 0.55 -
#
# Program:         hmmsearch
# Version:         3.1b2 (February 2015)
# Pipeline mode:   SEARCH
# Query file:      /home/nmoreyra/Documents/Genomics/03_orthologs_search/00_Phylogenomics_BUSCO-groups/busco4_odb10/busco_downloads/lineages/diptera_odb10/hmms/626at7147.hmm
# Target file:     /home/nmoreyra/Documents/Genomics/03_orthologs_search/00_Phylogenomics_BUSCO-groups/busco4_odb10/../00_proteins/DkoeB_proteins.fasta
# Option settings: /home/nmoreyra/Software/miniconda3/envs/busco4/bin/hmmsearch --domtblout /home/nmoreyra/Documents/Genomics/03_orthologs_search/00_Phylogenomics_BUSCO-groups/busco4_odb10/DkoeB_diptera/run_diptera_odb10/hmmer_output/initial_run_results/626at7147.out --cpu 1 /home/nmoreyra/Documents/Genomics/03_orthologs_search/00_Phylogenomics_BUSCO-groups/busco4_odb10/busco_downloads/lineages/diptera_odb10/hmms/626at7147.hmm /home/nmoreyra/Documents/Genomics/03_orthologs_search/00_Phylogenomics_BUSCO-groups/busco4_odb10/../00_proteins/DkoeB_proteins.fasta 
# Current dir:     /home/nmoreyra/Documents/Genomics/03_orthologs_search/00_Phylogenomics_BUSCO-groups/busco4_odb10
# Date:            Mon Jan 25 14:13:51 2021
# [ok]
