#                                                                            --- full sequence --- -------------- this domain -------------   hmm coord   ali coord   env coord
# target name        accession   tlen query name           accession   qlen   E-value  score  bias   #  of  c-Evalue  i-Evalue  score  bias  from    to  from    to  from    to  acc description of target
#------------------- ---------- ----- -------------------- ---------- ----- --------- ------ ----- --- --- --------- --------- ------ ----- ----- ----- ----- ----- ----- ----- ---- ---------------------
DkoeB00005513-RA     -            159 63174at7147          -            123   6.3e-38  129.3   8.7   1   1     8e-40   3.6e-37  126.8   8.7    10   123    24   145     7   145 0.83 -
DkoeB00004770-RA     -            263 63174at7147          -            123   3.9e-19   68.6   6.9   1   1   9.3e-21   4.2e-18   65.3   6.9    14   121   117   240   109   242 0.76 -
DkoeB00012391-RA     -            170 63174at7147          -            123     2e-07   30.8   2.7   1   3       2.8   1.3e+03   -0.9   0.0   104   119    29    44    18    47 0.79 -
DkoeB00012391-RA     -            170 63174at7147          -            123     2e-07   30.8   2.7   2   3     0.049        22    4.8   0.1    98   122    55    79    37    80 0.85 -
DkoeB00012391-RA     -            170 63174at7147          -            123     2e-07   30.8   2.7   3   3   3.1e-08   1.4e-05   24.8   0.3    55   121    93   156    87   158 0.90 -
DkoeB00006292-RA     -            149 63174at7147          -            123   2.1e-07   30.7   4.4   1   2    0.0031       1.4    8.7   0.1    98   121    49    72     3    74 0.81 -
DkoeB00006292-RA     -            149 63174at7147          -            123   2.1e-07   30.7   4.4   2   2   1.1e-07   5.2e-05   23.0   1.2    44   122    76   146    71   147 0.82 -
DkoeB00000237-RA     -            141 63174at7147          -            123   3.3e-07   30.1   0.9   1   2    0.0044         2    8.2   0.0   103   122    24    43    19    44 0.89 -
DkoeB00000237-RA     -            141 63174at7147          -            123   3.3e-07   30.1   0.9   2   2     7e-07   0.00032   20.5   0.4    51   119    52   123    46   126 0.84 -
DkoeB00011388-RA     -            238 63174at7147          -            123   2.7e-06   27.1   5.3   1   4       9.8   4.4e+03   -2.6   0.0     7    24    36    53    31    65 0.51 -
DkoeB00011388-RA     -            238 63174at7147          -            123   2.7e-06   27.1   5.3   2   4       3.3   1.5e+03   -1.1   0.0   104   119    97   112    82   118 0.77 -
DkoeB00011388-RA     -            238 63174at7147          -            123   2.7e-06   27.1   5.3   3   4     0.073        33    4.2   0.1    98   122   123   147    93   148 0.84 -
DkoeB00011388-RA     -            238 63174at7147          -            123   2.7e-06   27.1   5.3   4   4   6.4e-08   2.9e-05   23.8   0.3    55   121   161   224   155   226 0.90 -
DkoeB00000241-RA     -            148 63174at7147          -            123   4.8e-06   26.3   1.8   1   2    0.0032       1.4    8.6   0.0   103   122    31    50    26    51 0.89 -
DkoeB00000241-RA     -            148 63174at7147          -            123   4.8e-06   26.3   1.8   2   2   9.1e-06    0.0041   16.8   0.7    51   119    59   130    54   134 0.84 -
DkoeB00012860-RA     -            186 63174at7147          -            123   1.4e-05   24.8   0.7   1   2   0.00093      0.42   10.4   0.2    96   122    65    91    61    92 0.89 -
DkoeB00012860-RA     -            186 63174at7147          -            123   1.4e-05   24.8   0.7   2   2    0.0002     0.088   12.6   0.0    50   120    99   172    94   174 0.84 -
DkoeB00012140-RA     -            214 63174at7147          -            123   1.7e-05   24.6   0.4   1   1   5.3e-08   2.4e-05   24.1   0.4    49   121   130   199   111   201 0.82 -
DkoeB00001744-RA     -            121 63174at7147          -            123   0.00013   21.7   1.2   1   3       4.8   2.2e+03   -1.6   0.0   107   120     7    20     2    23 0.76 -
DkoeB00001744-RA     -            121 63174at7147          -            123   0.00013   21.7   1.2   2   3     0.035        16    5.3   0.2    89   122    51    84    25    85 0.70 -
DkoeB00001744-RA     -            121 63174at7147          -            123   0.00013   21.7   1.2   3   3   4.5e-05     0.021   14.6   0.0    98   120    96   118    89   120 0.89 -
DkoeB00007922-RA     -            220 63174at7147          -            123   0.00019   21.2   1.4   1   1     8e-07   0.00036   20.3   1.4    51   121   112   182   104   184 0.81 -
DkoeB00005565-RA     -            149 63174at7147          -            123   0.00037   20.2   4.9   1   3      0.35   1.6e+02    2.1   0.0    99   120    50    71     4    74 0.70 -
DkoeB00005565-RA     -            149 63174at7147          -            123   0.00037   20.2   4.9   2   3      0.29   1.3e+02    2.3   0.1   100   117    88   105    73   111 0.73 -
DkoeB00005565-RA     -            149 63174at7147          -            123   0.00037   20.2   4.9   3   3   2.9e-05     0.013   15.2   2.5    96   122   120   146    90   147 0.84 -
DkoeB00014214-RA     -            152 63174at7147          -            123    0.0004   20.1   4.9   1   3      0.36   1.6e+02    2.0   0.0    99   120    50    71     4    74 0.71 -
DkoeB00014214-RA     -            152 63174at7147          -            123    0.0004   20.1   4.9   2   3      0.29   1.3e+02    2.3   0.1   100   117    88   105    73   112 0.74 -
DkoeB00014214-RA     -            152 63174at7147          -            123    0.0004   20.1   4.9   3   3     3e-05     0.014   15.2   2.5    96   122   120   146    90   147 0.84 -
DkoeB00012097-RA     -            176 63174at7147          -            123    0.0008   19.2   2.6   1   2    0.0052       2.3    8.0   0.0    57   122    19    76     7    77 0.77 -
DkoeB00012097-RA     -            176 63174at7147          -            123    0.0008   19.2   2.6   2   2   0.00086      0.39   10.5   0.9    46   120    81   147    75   150 0.79 -
DkoeB00012096-RA     -            149 63174at7147          -            123   0.00083   19.1   1.5   1   3    0.0021      0.96    9.2   0.1    99   121    49    71    43    73 0.88 -
DkoeB00012096-RA     -            149 63174at7147          -            123   0.00083   19.1   1.5   2   3     0.033        15    5.3   0.2   106   122    56    72    55   107 0.77 -
DkoeB00012096-RA     -            149 63174at7147          -            123   0.00083   19.1   1.5   3   3    0.0038       1.7    8.4   0.2    96   120   119   143    73   146 0.88 -
DkoeB00003463-RA     -            248 63174at7147          -            123     0.006   16.3   1.0   1   2     0.022        10    5.9   0.0    99   122    48    71    22    72 0.87 -
DkoeB00003463-RA     -            248 63174at7147          -            123     0.006   16.3   1.0   2   2    0.0045         2    8.2   0.4    96   122   118   144    79   145 0.76 -
DkoeB00012249-RA     -            155 63174at7147          -            123    0.0061   16.3   2.0   1   2    0.0057       2.6    7.8   0.2    96   120    50    74     2    77 0.92 -
DkoeB00012249-RA     -            155 63174at7147          -            123    0.0061   16.3   2.0   2   2    0.0042       1.9    8.2   0.1    82   122   112   152    86   153 0.85 -
DkoeB00005211-RA     -            206 63174at7147          -            123    0.0085   15.8   0.0   1   1   3.2e-05     0.015   15.1   0.0    52   121   115   188   106   190 0.76 -
DkoeB00010472-RA     -            189 63174at7147          -            123    0.0086   15.8   0.2   1   1   3.5e-05     0.016   15.0   0.2    49   122   104   174    92   175 0.84 -
DkoeB00005589-RA     -            526 63174at7147          -            123      0.01   15.6   2.3   1   1   4.4e-05      0.02   14.6   0.1    97   122   447   472   430   473 0.89 -
DkoeB00012079-RA     -           1247 63174at7147          -            123     0.011   15.4   0.2   1   2   0.00011     0.051   13.3   0.0    51   119   279   348   264   350 0.87 -
DkoeB00012079-RA     -           1247 63174at7147          -            123     0.011   15.4   0.2   2   2       8.7   3.9e+03   -2.5   0.0    66    98   731   763   716   765 0.71 -
DkoeB00007196-RA     -            221 63174at7147          -            123     0.013   15.3   2.3   1   2       1.5   6.6e+02    0.0   0.0     7    51    42    88    36    91 0.62 -
DkoeB00007196-RA     -            221 63174at7147          -            123     0.013   15.3   2.3   2   2   0.00012     0.057   13.2   1.9    51   122   120   191   111   192 0.93 -
DkoeB00014215-RA     -            205 63174at7147          -            123     0.013   15.3   5.7   1   4       6.2   2.8e+03   -2.0   0.0    92   113     9    29     5    39 0.73 -
DkoeB00014215-RA     -            205 63174at7147          -            123     0.013   15.3   5.7   2   4       5.9   2.7e+03   -1.9   0.0    98   118    50    70    30    77 0.71 -
DkoeB00014215-RA     -            205 63174at7147          -            123     0.013   15.3   5.7   3   4      0.23   1.1e+02    2.6   0.3    96   117    85   106    50   112 0.72 -
DkoeB00014215-RA     -            205 63174at7147          -            123     0.013   15.3   5.7   4   4   4.9e-05     0.022   14.5   0.3    96   122   121   147   113   148 0.88 -
DkoeB00009173-RA     -            244 63174at7147          -            123     0.013   15.2   2.1   1   2   0.00079      0.36   10.6   0.6    61   122    72   141    64   142 0.64 -
DkoeB00009173-RA     -            244 63174at7147          -            123     0.013   15.2   2.1   2   2      0.21        94    2.8   0.0    96   119   159   182   146   187 0.79 -
DkoeB00000458-RA     -            401 63174at7147          -            123     0.016   15.0   0.7   1   2     0.061        28    4.5   0.0    95   121   261   287   231   289 0.84 -
DkoeB00000458-RA     -            401 63174at7147          -            123     0.016   15.0   0.7   2   2    0.0043       1.9    8.2   0.2    96   122   343   369   299   370 0.83 -
DkoeB00005564-RA     -            157 63174at7147          -            123     0.016   14.9   8.1   1   4       2.7   1.2e+03   -0.8   0.0    91   113    15    36     3    45 0.73 -
DkoeB00005564-RA     -            157 63174at7147          -            123     0.016   14.9   8.1   2   4       1.5     7e+02   -0.0   0.1    81    81    40    40    12    82 0.55 -
DkoeB00005564-RA     -            157 63174at7147          -            123     0.016   14.9   8.1   3   4       0.2        89    2.9   0.2    98   117    94   113    80   119 0.65 -
DkoeB00005564-RA     -            157 63174at7147          -            123     0.016   14.9   8.1   4   4   3.9e-05     0.018   14.8   0.7    96   122   128   154   121   155 0.89 -
DkoeB00004171-RA     -           1475 63174at7147          -            123     0.054   13.2   0.9   1   2     0.061        28    4.5   0.0    99   122   799   822   791   823 0.87 -
DkoeB00004171-RA     -           1475 63174at7147          -            123     0.054   13.2   0.9   2   2     0.015       6.7    6.5   0.3    51   119   831   900   828   904 0.80 -
DkoeB00012186-RA     -           1341 63174at7147          -            123      0.11   12.2   4.4   1   2      0.18        81    3.0   0.1    99   122   362   385   347   386 0.91 -
DkoeB00012186-RA     -           1341 63174at7147          -            123      0.11   12.2   4.4   2   2    0.0022      0.98    9.2   1.5    49   118   392   461   387   466 0.93 -
DkoeB00006426-RA     -            159 63174at7147          -            123      0.17   11.7   2.5   1   3       4.6   2.1e+03   -1.6   0.0    92   114    12    34     4    38 0.76 -
DkoeB00006426-RA     -            159 63174at7147          -            123      0.17   11.7   2.5   2   3      0.33   1.5e+02    2.1   0.0    99   120    55    76    45    79 0.84 -
DkoeB00006426-RA     -            159 63174at7147          -            123      0.17   11.7   2.5   3   3     0.004       1.8    8.3   0.4    82   122   114   154    97   155 0.86 -
DkoeB00004244-RA     -            200 63174at7147          -            123      0.52   10.1   5.5   1   2      0.78   3.5e+02    0.9   0.1    85   116    91   115    51   122 0.56 -
DkoeB00004244-RA     -            200 63174at7147          -            123      0.52   10.1   5.5   2   2    0.0018      0.83    9.4   3.1    41   121   121   193   113   195 0.74 -
DkoeB00001739-RA     -            732 63174at7147          -            123       6.8    6.5  14.4   1   1   8.3e-05     0.038   13.7   5.0    18   112    41   137    36   175 0.83 -
#
# Program:         hmmsearch
# Version:         3.1b2 (February 2015)
# Pipeline mode:   SEARCH
# Query file:      /home/nmoreyra/Documents/Genomics/03_orthologs_search/00_Phylogenomics_BUSCO-groups/busco4_odb10/busco_downloads/lineages/diptera_odb10/hmms/63174at7147.hmm
# Target file:     /home/nmoreyra/Documents/Genomics/03_orthologs_search/00_Phylogenomics_BUSCO-groups/busco4_odb10/../00_proteins/DkoeB_proteins.fasta
# Option settings: /home/nmoreyra/Software/miniconda3/envs/busco4/bin/hmmsearch --domtblout /home/nmoreyra/Documents/Genomics/03_orthologs_search/00_Phylogenomics_BUSCO-groups/busco4_odb10/DkoeB_diptera/run_diptera_odb10/hmmer_output/initial_run_results/63174at7147.out --cpu 1 /home/nmoreyra/Documents/Genomics/03_orthologs_search/00_Phylogenomics_BUSCO-groups/busco4_odb10/busco_downloads/lineages/diptera_odb10/hmms/63174at7147.hmm /home/nmoreyra/Documents/Genomics/03_orthologs_search/00_Phylogenomics_BUSCO-groups/busco4_odb10/../00_proteins/DkoeB_proteins.fasta 
# Current dir:     /home/nmoreyra/Documents/Genomics/03_orthologs_search/00_Phylogenomics_BUSCO-groups/busco4_odb10
# Date:            Mon Jan 25 14:14:14 2021
# [ok]
