#                                                                            --- full sequence --- -------------- this domain -------------   hmm coord   ali coord   env coord
# target name        accession   tlen query name           accession   qlen   E-value  score  bias   #  of  c-Evalue  i-Evalue  score  bias  from    to  from    to  from    to  acc description of target
#------------------- ---------- ----- -------------------- ---------- ----- --------- ------ ----- --- --- --------- --------- ------ ----- ----- ----- ----- ----- ----- ----- ---- ---------------------
DkoeB00007822-RA     -            191 64660at7147          -            152   3.3e-88  292.7  14.5   1   1   2.6e-91   6.1e-88  291.9  14.5     5   152    38   188     4   188 0.96 -
DkoeB00008644-RA     -           1083 64660at7147          -            152   3.8e-14   52.3  27.5   1   3   3.4e-05      0.08   12.2  10.8    13    82    22    93     9   106 0.72 -
DkoeB00008644-RA     -           1083 64660at7147          -            152   3.8e-14   52.3  27.5   2   3   2.3e-07   0.00053   19.3   5.6    23    83   100   164    94   172 0.82 -
DkoeB00008644-RA     -           1083 64660at7147          -            152   3.8e-14   52.3  27.5   3   3   5.1e-10   1.2e-06   27.9   0.1    67   113   305   351   300   401 0.76 -
DkoeB00011884-RA     -            295 64660at7147          -            152   1.5e-08   34.1  26.5   1   3       3.2   7.5e+03   -3.9   0.1    18    81    26    45    19    52 0.53 -
DkoeB00011884-RA     -            295 64660at7147          -            152   1.5e-08   34.1  26.5   2   3   1.6e-06    0.0037   16.6   5.4    24    95    69   146    62   149 0.78 -
DkoeB00011884-RA     -            295 64660at7147          -            152   1.5e-08   34.1  26.5   3   3   6.6e-11   1.6e-07   30.8  13.1    11    86   104   183    91   195 0.81 -
DkoeB00009475-RA     -           1485 64660at7147          -            152   3.6e-07   29.6  15.0   1   3     1e-06    0.0024   17.2   1.9    53   106   747   801   735   810 0.67 -
DkoeB00009475-RA     -           1485 64660at7147          -            152   3.6e-07   29.6  15.0   2   3   3.9e-05     0.091   12.1   0.9    65   106   811   851   804   854 0.85 -
DkoeB00009475-RA     -           1485 64660at7147          -            152   3.6e-07   29.6  15.0   3   3    0.0002      0.48    9.7   0.5    56   110   846   902   841   909 0.87 -
DkoeB00002497-RA     -            376 64660at7147          -            152   6.7e-06   25.5   3.5   1   1   5.2e-09   1.2e-05   24.6   3.5    40   122    12   102     4   109 0.79 -
DkoeB00002498-RA     -            301 64660at7147          -            152   0.00054   19.3   0.2   1   1   4.1e-07   0.00095   18.5   0.2    45   110    18    87     6   106 0.66 -
#
# Program:         hmmsearch
# Version:         3.1b2 (February 2015)
# Pipeline mode:   SEARCH
# Query file:      /home/nmoreyra/Documents/Genomics/03_orthologs_search/00_Phylogenomics_BUSCO-groups/busco4_odb10/busco_downloads/lineages/diptera_odb10/hmms/64660at7147.hmm
# Target file:     /home/nmoreyra/Documents/Genomics/03_orthologs_search/00_Phylogenomics_BUSCO-groups/busco4_odb10/../00_proteins/DkoeB_proteins.fasta
# Option settings: /home/nmoreyra/Software/miniconda3/envs/busco4/bin/hmmsearch --domtblout /home/nmoreyra/Documents/Genomics/03_orthologs_search/00_Phylogenomics_BUSCO-groups/busco4_odb10/DkoeB_diptera/run_diptera_odb10/hmmer_output/initial_run_results/64660at7147.out --cpu 1 /home/nmoreyra/Documents/Genomics/03_orthologs_search/00_Phylogenomics_BUSCO-groups/busco4_odb10/busco_downloads/lineages/diptera_odb10/hmms/64660at7147.hmm /home/nmoreyra/Documents/Genomics/03_orthologs_search/00_Phylogenomics_BUSCO-groups/busco4_odb10/../00_proteins/DkoeB_proteins.fasta 
# Current dir:     /home/nmoreyra/Documents/Genomics/03_orthologs_search/00_Phylogenomics_BUSCO-groups/busco4_odb10
# Date:            Mon Jan 25 14:13:20 2021
# [ok]
