#                                                                            --- full sequence --- -------------- this domain -------------   hmm coord   ali coord   env coord
# target name        accession   tlen query name           accession   qlen   E-value  score  bias   #  of  c-Evalue  i-Evalue  score  bias  from    to  from    to  from    to  acc description of target
#------------------- ---------- ----- -------------------- ---------- ----- --------- ------ ----- --- --- --------- --------- ------ ----- ----- ----- ----- ----- ----- ----- ---- ---------------------
DkoeB00004224-RA     -            209 65381at7147          -            147   9.7e-81  268.3   5.0   1   2     0.022        52    3.1   0.0     1    15     1    14     1    27 0.79 -
DkoeB00004224-RA     -            209 65381at7147          -            147   9.7e-81  268.3   5.0   2   2   2.8e-83   6.6e-80  265.6   2.5    11   147    38   183    31   183 0.96 -
DkoeB00007816-RA     -            223 65381at7147          -            147   0.00078   18.8   0.8   1   1   5.4e-07    0.0013   18.1   0.8    65   146    36   118    14   122 0.78 -
DkoeB00003468-RA     -            177 65381at7147          -            147    0.0018   17.6   0.5   1   1   1.1e-06    0.0025   17.2   0.5    65   141    36   113    16   123 0.71 -
DkoeB00005327-RA     -            261 65381at7147          -            147    0.0038   16.5   0.2   1   1     3e-06    0.0071   15.7   0.2    99   147   140   188   112   188 0.81 -
DkoeB00008340-RA     -            172 65381at7147          -            147    0.0039   16.5   0.5   1   1   2.5e-06    0.0058   16.0   0.5    65   140    36   112    16   130 0.73 -
DkoeB00007811-RA     -            190 65381at7147          -            147    0.0054   16.1   0.1   1   2   2.3e-06    0.0054   16.1   0.1   100   132    72   104    24   126 0.83 -
DkoeB00007811-RA     -            190 65381at7147          -            147    0.0054   16.1   0.1   2   2      0.83   1.9e+03   -2.0   0.2     8    29   145   166   138   172 0.73 -
#
# Program:         hmmsearch
# Version:         3.1b2 (February 2015)
# Pipeline mode:   SEARCH
# Query file:      /home/nmoreyra/Documents/Genomics/03_orthologs_search/00_Phylogenomics_BUSCO-groups/busco4_odb10/busco_downloads/lineages/diptera_odb10/hmms/65381at7147.hmm
# Target file:     /home/nmoreyra/Documents/Genomics/03_orthologs_search/00_Phylogenomics_BUSCO-groups/busco4_odb10/../00_proteins/DkoeB_proteins.fasta
# Option settings: /home/nmoreyra/Software/miniconda3/envs/busco4/bin/hmmsearch --domtblout /home/nmoreyra/Documents/Genomics/03_orthologs_search/00_Phylogenomics_BUSCO-groups/busco4_odb10/DkoeB_diptera/run_diptera_odb10/hmmer_output/initial_run_results/65381at7147.out --cpu 1 /home/nmoreyra/Documents/Genomics/03_orthologs_search/00_Phylogenomics_BUSCO-groups/busco4_odb10/busco_downloads/lineages/diptera_odb10/hmms/65381at7147.hmm /home/nmoreyra/Documents/Genomics/03_orthologs_search/00_Phylogenomics_BUSCO-groups/busco4_odb10/../00_proteins/DkoeB_proteins.fasta 
# Current dir:     /home/nmoreyra/Documents/Genomics/03_orthologs_search/00_Phylogenomics_BUSCO-groups/busco4_odb10
# Date:            Mon Jan 25 14:14:00 2021
# [ok]
