#                                                                            --- full sequence --- -------------- this domain -------------   hmm coord   ali coord   env coord
# target name        accession   tlen query name           accession   qlen   E-value  score  bias   #  of  c-Evalue  i-Evalue  score  bias  from    to  from    to  from    to  acc description of target
#------------------- ---------- ----- -------------------- ---------- ----- --------- ------ ----- --- --- --------- --------- ------ ----- ----- ----- ----- ----- ----- ----- ---- ---------------------
DkoeB00008646-RA     -            149 72609at7147          -            110   5.7e-57  190.3   0.0   1   2     5e-60     1e-56  189.5   0.0     1   105     3   112     3   124 0.94 -
DkoeB00008646-RA     -            149 72609at7147          -            110   5.7e-57  190.3   0.0   2   2       1.6   3.2e+03   -2.0   0.0    50    66   115   131   113   138 0.79 -
DkoeB00009668-RA     -            180 72609at7147          -            110   5.9e-05   22.9   0.0   1   1     4e-08     8e-05   22.5   0.0     7    58    23    74    18   110 0.87 -
DkoeB00009226-RA     -            940 72609at7147          -            110   0.00044   20.1   0.0   1   1   5.9e-07    0.0012   18.7   0.0    18    70   386   438   377   458 0.83 -
DkoeB00014000-RA     -            170 72609at7147          -            110    0.0011   18.9   0.0   1   1   6.8e-07    0.0014   18.5   0.0    30    64    86   120    65   166 0.81 -
DkoeB00014397-RA     -           1977 72609at7147          -            110    0.0047   16.8   0.2   1   1     6e-06     0.012   15.5   0.2    27    87  1878  1937  1872  1956 0.83 -
DkoeB00011022-RA     -            330 72609at7147          -            110    0.0075   16.1   0.0   1   2   1.5e-05     0.031   14.2   0.0    22    59   182   219   167   244 0.86 -
DkoeB00011022-RA     -            330 72609at7147          -            110    0.0075   16.1   0.0   2   2       1.1   2.3e+03   -1.5   0.0    69    91   304   326   289   329 0.67 -
DkoeB00001271-RA     -            303 72609at7147          -            110     0.025   14.5   0.0   1   1   2.2e-05     0.044   13.7   0.0    26    56   178   208   162   239 0.83 -
#
# Program:         hmmsearch
# Version:         3.1b2 (February 2015)
# Pipeline mode:   SEARCH
# Query file:      /home/nmoreyra/Documents/Genomics/03_orthologs_search/00_Phylogenomics_BUSCO-groups/busco4_odb10/busco_downloads/lineages/diptera_odb10/hmms/72609at7147.hmm
# Target file:     /home/nmoreyra/Documents/Genomics/03_orthologs_search/00_Phylogenomics_BUSCO-groups/busco4_odb10/../00_proteins/DkoeB_proteins.fasta
# Option settings: /home/nmoreyra/Software/miniconda3/envs/busco4/bin/hmmsearch --domtblout /home/nmoreyra/Documents/Genomics/03_orthologs_search/00_Phylogenomics_BUSCO-groups/busco4_odb10/DkoeB_diptera/run_diptera_odb10/hmmer_output/initial_run_results/72609at7147.out --cpu 1 /home/nmoreyra/Documents/Genomics/03_orthologs_search/00_Phylogenomics_BUSCO-groups/busco4_odb10/busco_downloads/lineages/diptera_odb10/hmms/72609at7147.hmm /home/nmoreyra/Documents/Genomics/03_orthologs_search/00_Phylogenomics_BUSCO-groups/busco4_odb10/../00_proteins/DkoeB_proteins.fasta 
# Current dir:     /home/nmoreyra/Documents/Genomics/03_orthologs_search/00_Phylogenomics_BUSCO-groups/busco4_odb10
# Date:            Mon Jan 25 14:13:47 2021
# [ok]
