#                                                                            --- full sequence --- -------------- this domain -------------   hmm coord   ali coord   env coord
# target name        accession   tlen query name           accession   qlen   E-value  score  bias   #  of  c-Evalue  i-Evalue  score  bias  from    to  from    to  from    to  acc description of target
#------------------- ---------- ----- -------------------- ---------- ----- --------- ------ ----- --- --- --------- --------- ------ ----- ----- ----- ----- ----- ----- ----- ---- ---------------------
DkoeB00003046-RA     -             86 74939at7147          -             66   1.3e-45  153.1   5.7   1   1   5.6e-49   1.6e-45  152.8   5.7     1    66    15    81    15    81 0.99 -
DkoeB00004262-RA     -            247 74939at7147          -             66     0.012   15.4   0.1   1   3       1.9   5.2e+03   -2.7   0.0    24    40    12    28    11    31 0.80 -
DkoeB00004262-RA     -            247 74939at7147          -             66     0.012   15.4   0.1   2   3   9.8e-05      0.28   11.0   0.2    26    55    40    69    35    79 0.87 -
DkoeB00004262-RA     -            247 74939at7147          -             66     0.012   15.4   0.1   3   3      0.18   5.2e+02    0.6   0.0    28    52   179   203   149   211 0.80 -
DkoeB00004265-RA     -            444 74939at7147          -             66     0.013   15.3   7.9   1   6         4   1.1e+04   -3.7   0.0    24    40    25    41    24    43 0.79 -
DkoeB00004265-RA     -            444 74939at7147          -             66     0.013   15.3   7.9   2   6   0.00061       1.7    8.5   0.1    26    52    53    79    48    87 0.91 -
DkoeB00004265-RA     -            444 74939at7147          -             66     0.013   15.3   7.9   3   6         4   1.1e+04   -3.7   0.0    24    40   204   220   203   222 0.79 -
DkoeB00004265-RA     -            444 74939at7147          -             66     0.013   15.3   7.9   4   6   0.00025      0.69    9.8   0.1    26    55   232   261   227   270 0.89 -
DkoeB00004265-RA     -            444 74939at7147          -             66     0.013   15.3   7.9   5   6       2.5     7e+03   -3.1   0.0    42    54   321   333   318   335 0.78 -
DkoeB00004265-RA     -            444 74939at7147          -             66     0.013   15.3   7.9   6   6       3.8   1.1e+04   -3.6   0.1    38    52   379   393   362   397 0.58 -
DkoeB00002550-RA     -           1703 74939at7147          -             66     0.036   13.9   0.0   1   1   4.9e-05      0.14   12.0   0.0    22    56   620   654   610   662 0.90 -
DkoeB00002546-RA     -            145 74939at7147          -             66     0.063   13.1   0.1   1   2    0.0014       3.8    7.4   0.0    39    58     6    25     2    34 0.83 -
DkoeB00002546-RA     -            145 74939at7147          -             66     0.063   13.1   0.1   2   2     0.022        63    3.5   0.0    41    56    47    62    40    72 0.83 -
#
# Program:         hmmsearch
# Version:         3.1b2 (February 2015)
# Pipeline mode:   SEARCH
# Query file:      /home/nmoreyra/Documents/Genomics/03_orthologs_search/00_Phylogenomics_BUSCO-groups/busco4_odb10/busco_downloads/lineages/diptera_odb10/hmms/74939at7147.hmm
# Target file:     /home/nmoreyra/Documents/Genomics/03_orthologs_search/00_Phylogenomics_BUSCO-groups/busco4_odb10/../00_proteins/DkoeB_proteins.fasta
# Option settings: /home/nmoreyra/Software/miniconda3/envs/busco4/bin/hmmsearch --domtblout /home/nmoreyra/Documents/Genomics/03_orthologs_search/00_Phylogenomics_BUSCO-groups/busco4_odb10/DkoeB_diptera/run_diptera_odb10/hmmer_output/initial_run_results/74939at7147.out --cpu 1 /home/nmoreyra/Documents/Genomics/03_orthologs_search/00_Phylogenomics_BUSCO-groups/busco4_odb10/busco_downloads/lineages/diptera_odb10/hmms/74939at7147.hmm /home/nmoreyra/Documents/Genomics/03_orthologs_search/00_Phylogenomics_BUSCO-groups/busco4_odb10/../00_proteins/DkoeB_proteins.fasta 
# Current dir:     /home/nmoreyra/Documents/Genomics/03_orthologs_search/00_Phylogenomics_BUSCO-groups/busco4_odb10
# Date:            Mon Jan 25 14:14:37 2021
# [ok]
