#                                                                            --- full sequence --- -------------- this domain -------------   hmm coord   ali coord   env coord
# target name        accession   tlen query name           accession   qlen   E-value  score  bias   #  of  c-Evalue  i-Evalue  score  bias  from    to  from    to  from    to  acc description of target
#------------------- ---------- ----- -------------------- ---------- ----- --------- ------ ----- --- --- --------- --------- ------ ----- ----- ----- ----- ----- ----- ----- ---- ---------------------
DkoeB00004970-RA     -           2246 839at7147            -           1380         0 1937.3  27.0   1   4  9.7e-304  7.2e-301 1000.5   6.1     1   633    62   797    62   830 0.89 -
DkoeB00004970-RA     -           2246 839at7147            -           1380         0 1937.3  27.0   2   4   2.7e-43     2e-40  137.6   2.8   630   737   850   969   843   977 0.92 -
DkoeB00004970-RA     -           2246 839at7147            -           1380         0 1937.3  27.0   3   4   4.2e-30   3.1e-27   93.8   0.0   742   810  1039  1110  1015  1115 0.87 -
DkoeB00004970-RA     -           2246 839at7147            -           1380         0 1937.3  27.0   4   4  1.4e-215    1e-212  708.5   0.8   814  1380  1174  1907  1170  1907 0.87 -
DkoeB00010353-RA     -           5118 839at7147            -           1380         0 1410.3  72.3   1  19   1.1e-08   8.4e-06   22.8   0.0   344   449    32   131    28   134 0.84 -
DkoeB00010353-RA     -           5118 839at7147            -           1380         0 1410.3  72.3   2  19   1.3e-25   9.8e-23   79.0   0.1   228   449   123   368   121   370 0.78 -
DkoeB00010353-RA     -           5118 839at7147            -           1380         0 1410.3  72.3   3  19   2.9e-39   2.1e-36  124.2   0.6   165   454   300   585   290   589 0.87 -
DkoeB00010353-RA     -           5118 839at7147            -           1380         0 1410.3  72.3   4  19     8e-26   5.9e-23   79.7   0.4   352   591   592   848   588   855 0.83 -
DkoeB00010353-RA     -           5118 839at7147            -           1380         0 1410.3  72.3   5  19   6.3e-16   4.7e-13   46.9   0.0   346   454   804   917   797   919 0.86 -
DkoeB00010353-RA     -           5118 839at7147            -           1380         0 1410.3  72.3   6  19   6.3e-33   4.7e-30  103.2   0.0   244   471   920  1142   917  1174 0.90 -
DkoeB00010353-RA     -           5118 839at7147            -           1380         0 1410.3  72.3   7  19   1.3e-31   9.4e-29   98.9   0.3   273   469  1177  1376  1166  1377 0.92 -
DkoeB00010353-RA     -           5118 839at7147            -           1380         0 1410.3  72.3   8  19   2.1e-05     0.015   12.0   0.0   238   357  1580  1700  1579  1709 0.72 -
DkoeB00010353-RA     -           5118 839at7147            -           1380         0 1410.3  72.3   9  19   3.9e-27   2.9e-24   84.0   0.2   246   454  1710  1911  1705  1915 0.93 -
DkoeB00010353-RA     -           5118 839at7147            -           1380         0 1410.3  72.3  10  19   5.8e-24   4.3e-21   73.5   0.0   233   393  1904  2058  1903  2064 0.93 -
DkoeB00010353-RA     -           5118 839at7147            -           1380         0 1410.3  72.3  11  19   2.2e-28   1.6e-25   88.2   4.2   284   481  2094  2301  2083  2311 0.81 -
DkoeB00010353-RA     -           5118 839at7147            -           1380         0 1410.3  72.3  12  19   4.7e-28   3.4e-25   87.1   0.1   249   455  2175  2381  2169  2382 0.87 -
DkoeB00010353-RA     -           5118 839at7147            -           1380         0 1410.3  72.3  13  19   3.1e-47   2.3e-44  150.6   2.3   144   503  2286  2649  2283  2689 0.83 -
DkoeB00010353-RA     -           5118 839at7147            -           1380         0 1410.3  72.3  14  19   1.7e-35   1.3e-32  111.7   0.4   165   448  2630  2901  2624  2904 0.84 -
DkoeB00010353-RA     -           5118 839at7147            -           1380         0 1410.3  72.3  15  19   4.9e-34   3.7e-31  106.9   0.1   291   482  2850  3037  2847  3046 0.92 -
DkoeB00010353-RA     -           5118 839at7147            -           1380         0 1410.3  72.3  16  19   1.6e-31   1.2e-28   98.6   0.5   161   388  3046  3263  3041  3266 0.90 -
DkoeB00010353-RA     -           5118 839at7147            -           1380         0 1410.3  72.3  17  19   2.1e-34   1.5e-31  108.1   0.3   233   454  3218  3435  3217  3439 0.90 -
DkoeB00010353-RA     -           5118 839at7147            -           1380         0 1410.3  72.3  18  19   6.1e-29   4.5e-26   90.0   0.1   238   449  3433  3642  3431  3648 0.88 -
DkoeB00010353-RA     -           5118 839at7147            -           1380         0 1410.3  72.3  19  19    0.0006      0.44    7.2   0.0   236   325  3644  3730  3642  3747 0.76 -
DkoeB00012864-RA     -           4194 839at7147            -           1380         0 1189.5 157.6   1  17   8.2e-20   6.1e-17   59.8   2.5   235   451    77   304    33   312 0.79 -
DkoeB00012864-RA     -           4194 839at7147            -           1380         0 1189.5 157.6   2  17   2.8e-41   2.1e-38  130.9   3.5   166   473   351   650   338   685 0.83 -
DkoeB00012864-RA     -           4194 839at7147            -           1380         0 1189.5 157.6   3  17   7.3e-37   5.4e-34  116.3   4.0   182   477   727  1025   717  1042 0.81 -
DkoeB00012864-RA     -           4194 839at7147            -           1380         0 1189.5 157.6   4  17   2.4e-24   1.8e-21   74.8   3.6   282   454   931  1107   929  1108 0.88 -
DkoeB00012864-RA     -           4194 839at7147            -           1380         0 1189.5 157.6   5  17   1.4e-18     1e-15   55.7   1.7   292   454  1047  1211  1033  1211 0.87 -
DkoeB00012864-RA     -           4194 839at7147            -           1380         0 1189.5 157.6   6  17   8.1e-25     6e-22   76.3   0.5   235   367  1206  1336  1203  1346 0.93 -
DkoeB00012864-RA     -           4194 839at7147            -           1380         0 1189.5 157.6   7  17   7.4e-23   5.5e-20   69.8   5.0   155   369  1341  1546  1337  1548 0.87 -
DkoeB00012864-RA     -           4194 839at7147            -           1380         0 1189.5 157.6   8  17   3.4e-43   2.5e-40  137.3   6.5   133   470  1530  1848  1528  1852 0.91 -
DkoeB00012864-RA     -           4194 839at7147            -           1380         0 1189.5 157.6   9  17   2.3e-35   1.7e-32  111.3   8.1   151   489  1852  2174  1848  2177 0.86 -
DkoeB00012864-RA     -           4194 839at7147            -           1380         0 1189.5 157.6  10  17   7.1e-34   5.2e-31  106.4   4.9   158   433  2162  2425  2155  2426 0.86 -
DkoeB00012864-RA     -           4194 839at7147            -           1380         0 1189.5 157.6  11  17   7.3e-16   5.4e-13   46.7   0.6   136   267  2349  2473  2347  2508 0.82 -
DkoeB00012864-RA     -           4194 839at7147            -           1380         0 1189.5 157.6  12  17   7.8e-21   5.8e-18   63.1   5.7   316   588  2481  2768  2471  2774 0.81 -
DkoeB00012864-RA     -           4194 839at7147            -           1380         0 1189.5 157.6  13  17   1.7e-10   1.2e-07   28.9   0.7   638   699  2732  2796  2703  2798 0.83 -
DkoeB00012864-RA     -           4194 839at7147            -           1380         0 1189.5 157.6  14  17   9.7e-27   7.2e-24   82.7   3.8   293   445  2778  2932  2772  2934 0.87 -
DkoeB00012864-RA     -           4194 839at7147            -           1380         0 1189.5 157.6  15  17   4.5e-29   3.3e-26   90.5   3.1   226   454  2926  3145  2915  3146 0.88 -
DkoeB00012864-RA     -           4194 839at7147            -           1380         0 1189.5 157.6  16  17   1.5e-32   1.1e-29  102.0   5.5   179   390  3091  3289  3090  3289 0.92 -
DkoeB00012864-RA     -           4194 839at7147            -           1380         0 1189.5 157.6  17  17     6e-33   4.4e-30  103.3   7.5   147   511  3267  3628  3266  3666 0.83 -
DkoeB00003177-RA     -           2986 839at7147            -           1380  4.1e-287  955.0   0.3   1  11   5.9e-42   4.4e-39  133.1   0.0   134   455    32   346     6   351 0.90 -
DkoeB00003177-RA     -           2986 839at7147            -           1380  4.1e-287  955.0   0.3   2  11   2.9e-37   2.2e-34  117.6   0.1   136   390   364   621   360   622 0.86 -
DkoeB00003177-RA     -           2986 839at7147            -           1380  4.1e-287  955.0   0.3   3  11   6.9e-30   5.1e-27   93.2   0.0   249   440   590   781   590   788 0.84 -
DkoeB00003177-RA     -           2986 839at7147            -           1380  4.1e-287  955.0   0.3   4  11     3e-18   2.2e-15   54.6   0.0   353   456   815   919   803   925 0.91 -
DkoeB00003177-RA     -           2986 839at7147            -           1380  4.1e-287  955.0   0.3   5  11   9.6e-34   7.1e-31  105.9   0.0   136   452   934  1278   920  1278 0.79 -
DkoeB00003177-RA     -           2986 839at7147            -           1380  4.1e-287  955.0   0.3   6  11   1.4e-28     1e-25   88.9   0.1   293   456  1224  1387  1217  1390 0.90 -
DkoeB00003177-RA     -           2986 839at7147            -           1380  4.1e-287  955.0   0.3   7  11   2.1e-42   1.6e-39  134.6   0.0   233   456  1273  1492  1272  1499 0.92 -
DkoeB00003177-RA     -           2986 839at7147            -           1380  4.1e-287  955.0   0.3   8  11   2.6e-13     2e-10   38.2   0.0   245   399  1501  1653  1495  1667 0.83 -
DkoeB00003177-RA     -           2986 839at7147            -           1380  4.1e-287  955.0   0.3   9  11     6e-25   4.5e-22   76.8   0.5   274   446  1688  1860  1679  1875 0.88 -
DkoeB00003177-RA     -           2986 839at7147            -           1380  4.1e-287  955.0   0.3  10  11   1.2e-22   8.6e-20   69.2   0.0   936  1182  1877  2161  1868  2165 0.78 -
DkoeB00003177-RA     -           2986 839at7147            -           1380  4.1e-287  955.0   0.3  11  11   9.5e-41     7e-38  129.1   0.0   172   473  2138  2437  2113  2476 0.83 -
DkoeB00004900-RA     -           1956 839at7147            -           1380  1.3e-155  519.2  69.9   1  10   4.8e-40   3.5e-37  126.8  10.2    81   450   150   535    54   543 0.75 -
DkoeB00004900-RA     -           1956 839at7147            -           1380  1.3e-155  519.2  69.9   2  10   1.8e-30   1.3e-27   95.1   7.1   173   470   362   670   357   672 0.81 -
DkoeB00004900-RA     -           1956 839at7147            -           1380  1.3e-155  519.2  69.9   3  10   7.8e-38   5.8e-35  119.5   2.0   163   457   580   884   574   897 0.81 -
DkoeB00004900-RA     -           1956 839at7147            -           1380  1.3e-155  519.2  69.9   4  10     7e-31   5.2e-28   96.4   2.8   230   477   763  1030   761  1046 0.78 -
DkoeB00004900-RA     -           1956 839at7147            -           1380  1.3e-155  519.2  69.9   5  10   3.6e-25   2.7e-22   77.5   0.1   247   457  1011  1225  1010  1253 0.81 -
DkoeB00004900-RA     -           1956 839at7147            -           1380  1.3e-155  519.2  69.9   6  10     2e-07   0.00014   18.8   0.0   111   203  1200  1299  1185  1301 0.82 -
DkoeB00004900-RA     -           1956 839at7147            -           1380  1.3e-155  519.2  69.9   7  10   1.8e-06    0.0013   15.6   0.0   815   864  1299  1352  1296  1354 0.87 -
DkoeB00004900-RA     -           1956 839at7147            -           1380  1.3e-155  519.2  69.9   8  10   2.9e-14   2.1e-11   41.4   0.4   136   292  1341  1497  1337  1523 0.82 -
DkoeB00004900-RA     -           1956 839at7147            -           1380  1.3e-155  519.2  69.9   9  10   1.5e-10   1.1e-07   29.1   0.1   386   452  1551  1617  1536  1627 0.74 -
DkoeB00004900-RA     -           1956 839at7147            -           1380  1.3e-155  519.2  69.9  10  10   5.9e-07   0.00044   17.2   1.5  1213  1342  1631  1774  1620  1795 0.72 -
DkoeB00005897-RA     -           2024 839at7147            -           1380    1e-153  513.0  48.9   1   7     2e-09   1.5e-06   25.3   0.0   307   415    63   172    55   172 0.83 -
DkoeB00005897-RA     -           2024 839at7147            -           1380    1e-153  513.0  48.9   2   7   2.2e-45   1.6e-42  144.5   5.5    82   473   161   572   152   582 0.82 -
DkoeB00005897-RA     -           2024 839at7147            -           1380    1e-153  513.0  48.9   3   7   2.6e-38   1.9e-35  121.0   2.2   153   448   673   957   668   963 0.89 -
DkoeB00005897-RA     -           2024 839at7147            -           1380    1e-153  513.0  48.9   4   7   1.1e-42   8.3e-40  135.5   4.4   113   477   965  1323   958  1328 0.83 -
DkoeB00005897-RA     -           2024 839at7147            -           1380    1e-153  513.0  48.9   5   7   1.9e-20   1.4e-17   61.9   0.4   289   477  1236  1437  1233  1443 0.77 -
DkoeB00005897-RA     -           2024 839at7147            -           1380    1e-153  513.0  48.9   6   7   7.3e-31   5.4e-28   96.4   5.3   247   508  1418  1692  1415  1706 0.80 -
DkoeB00005897-RA     -           2024 839at7147            -           1380    1e-153  513.0  48.9   7   7     0.031        23    1.5   0.1  1252  1332  1692  1787  1681  1847 0.68 -
DkoeB00001938-RA     -           1826 839at7147            -           1380  1.1e-152  509.5  28.3   1   8   6.6e-27   4.9e-24   83.3   0.1   100   365    42   311    29   330 0.81 -
DkoeB00001938-RA     -           1826 839at7147            -           1380  1.1e-152  509.5  28.3   2   8   6.5e-30   4.8e-27   93.2   0.1   288   468   350   542   306   544 0.84 -
DkoeB00001938-RA     -           1826 839at7147            -           1380  1.1e-152  509.5  28.3   3   8   6.4e-13   4.7e-10   36.9   0.0   355   473   533   654   529   659 0.72 -
DkoeB00001938-RA     -           1826 839at7147            -           1380  1.1e-152  509.5  28.3   4   8   5.2e-25   3.9e-22   77.0   0.9   115   369   612   895   612   900 0.78 -
DkoeB00001938-RA     -           1826 839at7147            -           1380  1.1e-152  509.5  28.3   5   8   3.1e-27   2.3e-24   84.4   4.0   136   390   882  1147   861  1151 0.81 -
DkoeB00001938-RA     -           1826 839at7147            -           1380  1.1e-152  509.5  28.3   6   8   5.9e-26   4.3e-23   80.1   0.1   288   454  1154  1333  1148  1337 0.84 -
DkoeB00001938-RA     -           1826 839at7147            -           1380  1.1e-152  509.5  28.3   7   8   6.7e-25     5e-22   76.6   0.3   235   458  1328  1565  1327  1583 0.80 -
DkoeB00001938-RA     -           1826 839at7147            -           1380  1.1e-152  509.5  28.3   8   8    0.0073       5.4    3.6   0.0  1218  1300  1583  1667  1575  1729 0.82 -
DkoeB00007484-RA     -           3597 839at7147            -           1380  3.7e-144  481.3  10.3   1   6     1e-20   7.7e-18   62.7   0.0   303   456   353   506   349   509 0.90 -
DkoeB00007484-RA     -           3597 839at7147            -           1380  3.7e-144  481.3  10.3   2   6   8.5e-29   6.3e-26   89.5   0.6   282   454   437   622   433   622 0.85 -
DkoeB00007484-RA     -           3597 839at7147            -           1380  3.7e-144  481.3  10.3   3   6   1.8e-41   1.3e-38  131.5   0.3   223   445   604   823   602   825 0.92 -
DkoeB00007484-RA     -           3597 839at7147            -           1380  3.7e-144  481.3  10.3   4   6   3.9e-35   2.9e-32  110.5   0.0   235   457   825  1048   822  1051 0.86 -
DkoeB00007484-RA     -           3597 839at7147            -           1380  3.7e-144  481.3  10.3   5   6   8.7e-38   6.5e-35  119.3   0.0   249   454   949  1151   948  1162 0.90 -
DkoeB00007484-RA     -           3597 839at7147            -           1380  3.7e-144  481.3  10.3   6   6   2.5e-08   1.9e-05   21.7   0.0   141   266  1167  1282  1154  1306 0.82 -
DkoeB00005808-RA     -           1722 839at7147            -           1380   6.6e-85  285.0  22.6   1   4     1e-37   7.4e-35  119.1   1.9    81   455   135   545   122   548 0.76 -
DkoeB00005808-RA     -           1722 839at7147            -           1380   6.6e-85  285.0  22.6   2   4   1.7e-32   1.3e-29  101.8   3.1   825  1049   522   768   511   770 0.85 -
DkoeB00005808-RA     -           1722 839at7147            -           1380   6.6e-85  285.0  22.6   3   4     8e-25   5.9e-22   76.4   1.9    94   399   713  1004   711  1026 0.84 -
DkoeB00005808-RA     -           1722 839at7147            -           1380   6.6e-85  285.0  22.6   4   4   8.5e-11   6.3e-08   29.9   0.3    97   348  1049  1200  1040  1274 0.52 -
DkoeB00009851-RA     -            994 839at7147            -           1380   1.1e-82  277.6  23.3   1   5   1.2e-10   8.8e-08   29.4   0.1   399   579     9   199     2   214 0.78 -
DkoeB00009851-RA     -            994 839at7147            -           1380   1.1e-82  277.6  23.3   2   5     1e-50   7.5e-48  162.2  12.6    79   456   224   600   217   607 0.86 -
DkoeB00009851-RA     -            994 839at7147            -           1380   1.1e-82  277.6  23.3   3   5     8e-08     6e-05   20.0   0.0   939   990   610   663   603   673 0.77 -
DkoeB00009851-RA     -            994 839at7147            -           1380   1.1e-82  277.6  23.3   4   5   2.7e-08     2e-05   21.6   0.0   945  1032   669   757   665   766 0.79 -
DkoeB00009851-RA     -            994 839at7147            -           1380   1.1e-82  277.6  23.3   5   5   1.3e-15   9.4e-13   45.9   0.6   262   393   787   918   765   922 0.81 -
DkoeB00009852-RA     -           1853 839at7147            -           1380   6.1e-70  235.4  18.9   1   4   1.4e-18     1e-15   55.7   0.6   296   422    18   139    13   149 0.87 -
DkoeB00009852-RA     -           1853 839at7147            -           1380   6.1e-70  235.4  18.9   2   4   2.4e-25   1.8e-22   78.1   0.6   277   470   153   366   139   377 0.78 -
DkoeB00009852-RA     -           1853 839at7147            -           1380   6.1e-70  235.4  18.9   3   4   1.7e-30   1.3e-27   95.1   4.6   159   447   379   667   372   694 0.77 -
DkoeB00009852-RA     -           1853 839at7147            -           1380   6.1e-70  235.4  18.9   4   4   3.4e-11   2.5e-08   31.2   0.1   288   507   615   848   612   855 0.75 -
DkoeB00003176-RA     -            662 839at7147            -           1380   4.6e-69  232.5   5.2   1   4     5e-08   3.7e-05   20.7   0.0   622   698   126   201   119   213 0.79 -
DkoeB00003176-RA     -            662 839at7147            -           1380   4.6e-69  232.5   5.2   2   4   1.9e-34   1.4e-31  108.3   0.7   227   446   226   455   209   465 0.87 -
DkoeB00003176-RA     -            662 839at7147            -           1380   4.6e-69  232.5   5.2   3   4   8.6e-23   6.4e-20   69.6   0.0   249   389   471   611   462   613 0.85 -
DkoeB00003176-RA     -            662 839at7147            -           1380   4.6e-69  232.5   5.2   4   4     3e-16   2.2e-13   48.0   0.0   247   333   579   661   579   662 0.86 -
DkoeB00009848-RA     -           1785 839at7147            -           1380     6e-65  218.8  16.1   1   3   3.1e-32   2.3e-29  100.9   3.9   177   470    21   319    13   328 0.79 -
DkoeB00009848-RA     -           1785 839at7147            -           1380     6e-65  218.8  16.1   2   3   4.2e-29   3.1e-26   90.5   0.8   158   448   331   620   324   623 0.77 -
DkoeB00009848-RA     -           1785 839at7147            -           1380     6e-65  218.8  16.1   3   3   3.2e-18   2.4e-15   54.5   0.1   236   508   519   801   516   811 0.76 -
DkoeB00006865-RA     -           1517 839at7147            -           1380   2.9e-53  180.1  32.6   1   3   3.4e-20   2.5e-17   61.0   5.4    87   310    90   309    83   327 0.81 -
DkoeB00006865-RA     -           1517 839at7147            -           1380   2.9e-53  180.1  32.6   2   3   2.9e-23   2.2e-20   71.2   6.9   236   473   345   589   325   591 0.84 -
DkoeB00006865-RA     -           1517 839at7147            -           1380   2.9e-53  180.1  32.6   3   3   6.8e-21     5e-18   63.3   5.1   144   494   583   931   575   951 0.79 -
DkoeB00008408-RA     -            795 839at7147            -           1380   2.2e-45  154.0   0.0   1   2   1.2e-35   8.8e-33  112.2   0.0    74   298   120   343   115   380 0.86 -
DkoeB00008408-RA     -            795 839at7147            -           1380   2.2e-45  154.0   0.0   2   2   1.2e-13   8.5e-11   39.4   0.0   946  1090   407   564   398   570 0.78 -
DkoeB00008532-RA     -           1933 839at7147            -           1380   6.9e-39  132.5   4.3   1   3      0.21   1.6e+02   -1.3   0.0   812   840   128   156   121   188 0.80 -
DkoeB00008532-RA     -           1933 839at7147            -           1380   6.9e-39  132.5   4.3   2   3   3.1e-30   2.3e-27   94.3   0.2   142   472   288   639   276   645 0.76 -
DkoeB00008532-RA     -           1933 839at7147            -           1380   6.9e-39  132.5   4.3   3   3   6.3e-14   4.7e-11   40.3   0.5   249   374   628   754   619   767 0.79 -
DkoeB00009850-RA     -            554 839at7147            -           1380   1.3e-10   38.8   0.2   1   2   1.7e-13   1.3e-10   38.8   0.2   360   489   285   423   247   449 0.75 -
DkoeB00009850-RA     -            554 839at7147            -           1380   1.3e-10   38.8   0.2   2   2       1.2   8.9e+02   -3.7   0.1   338   370   488   519   482   523 0.73 -
DkoeB00012667-RA     -            943 839at7147            -           1380   1.9e-08   31.6   0.1   1   1     4e-11   2.9e-08   31.0   0.1   934  1085    82   239    68   253 0.70 -
DkoeB00000208-RA     -            399 839at7147            -           1380     0.014   12.2   0.0   1   1   2.3e-05     0.017   11.9   0.0   658   774   231   351   194   360 0.72 -
#
# Program:         hmmsearch
# Version:         3.1b2 (February 2015)
# Pipeline mode:   SEARCH
# Query file:      /home/nmoreyra/Documents/Genomics/03_orthologs_search/00_Phylogenomics_BUSCO-groups/busco4_odb10/busco_downloads/lineages/diptera_odb10/hmms/839at7147.hmm
# Target file:     /home/nmoreyra/Documents/Genomics/03_orthologs_search/00_Phylogenomics_BUSCO-groups/busco4_odb10/../00_proteins/DkoeB_proteins.fasta
# Option settings: /home/nmoreyra/Software/miniconda3/envs/busco4/bin/hmmsearch --domtblout /home/nmoreyra/Documents/Genomics/03_orthologs_search/00_Phylogenomics_BUSCO-groups/busco4_odb10/DkoeB_diptera/run_diptera_odb10/hmmer_output/initial_run_results/839at7147.out --cpu 1 /home/nmoreyra/Documents/Genomics/03_orthologs_search/00_Phylogenomics_BUSCO-groups/busco4_odb10/busco_downloads/lineages/diptera_odb10/hmms/839at7147.hmm /home/nmoreyra/Documents/Genomics/03_orthologs_search/00_Phylogenomics_BUSCO-groups/busco4_odb10/../00_proteins/DkoeB_proteins.fasta 
# Current dir:     /home/nmoreyra/Documents/Genomics/03_orthologs_search/00_Phylogenomics_BUSCO-groups/busco4_odb10
# Date:            Mon Jan 25 14:15:10 2021
# [ok]
