#                                                                            --- full sequence --- -------------- this domain -------------   hmm coord   ali coord   env coord
# target name        accession   tlen query name           accession   qlen   E-value  score  bias   #  of  c-Evalue  i-Evalue  score  bias  from    to  from    to  from    to  acc description of target
#------------------- ---------- ----- -------------------- ---------- ----- --------- ------ ----- --- --- --------- --------- ------ ----- ----- ----- ----- ----- ----- ----- ---- ---------------------
DkoeB00001467-RA     -           2850 860at7147            -            921         0 1411.5  37.2   1   9   1.6e-06     0.022   12.3   0.1    22    55  1139  1182  1134  1246 0.79 -
DkoeB00001467-RA     -           2850 860at7147            -            921         0 1411.5  37.2   2   9     3e-05      0.42    8.1   0.1    61    84  1301  1324  1292  1368 0.69 -
DkoeB00001467-RA     -           2850 860at7147            -            921         0 1411.5  37.2   3   9     0.041   5.7e+02   -2.3   2.4    89   112  1515  1542  1505  1550 0.70 -
DkoeB00001467-RA     -           2850 860at7147            -            921         0 1411.5  37.2   4   9   3.3e-31   4.7e-27   93.9   0.1   103   170  1603  1672  1580  1684 0.85 -
DkoeB00001467-RA     -           2850 860at7147            -            921         0 1411.5  37.2   5   9   5.6e-26   7.9e-22   76.6   0.0   166   223  1772  1829  1767  1833 0.94 -
DkoeB00001467-RA     -           2850 860at7147            -            921         0 1411.5  37.2   6   9   6.3e-14   8.8e-10   36.8   1.9   221   274  1869  1940  1849  1948 0.76 -
DkoeB00001467-RA     -           2850 860at7147            -            921         0 1411.5  37.2   7   9  8.6e-107  1.2e-102  344.1   0.0   270   475  2000  2231  1979  2236 0.87 -
DkoeB00001467-RA     -           2850 860at7147            -            921         0 1411.5  37.2   8   9    1e-192  1.5e-188  628.4   0.3   471   802  2306  2656  2298  2663 0.93 -
DkoeB00001467-RA     -           2850 860at7147            -            921         0 1411.5  37.2   9   9     3e-72   4.3e-68  229.7   0.4   801   921  2718  2850  2706  2850 0.91 -
#
# Program:         hmmsearch
# Version:         3.1b2 (February 2015)
# Pipeline mode:   SEARCH
# Query file:      /home/nmoreyra/Documents/Genomics/03_orthologs_search/00_Phylogenomics_BUSCO-groups/busco4_odb10/busco_downloads/lineages/diptera_odb10/hmms/860at7147.hmm
# Target file:     /home/nmoreyra/Documents/Genomics/03_orthologs_search/00_Phylogenomics_BUSCO-groups/busco4_odb10/../00_proteins/DkoeB_proteins.fasta
# Option settings: /home/nmoreyra/Software/miniconda3/envs/busco4/bin/hmmsearch --domtblout /home/nmoreyra/Documents/Genomics/03_orthologs_search/00_Phylogenomics_BUSCO-groups/busco4_odb10/DkoeB_diptera/run_diptera_odb10/hmmer_output/initial_run_results/860at7147.out --cpu 1 /home/nmoreyra/Documents/Genomics/03_orthologs_search/00_Phylogenomics_BUSCO-groups/busco4_odb10/busco_downloads/lineages/diptera_odb10/hmms/860at7147.hmm /home/nmoreyra/Documents/Genomics/03_orthologs_search/00_Phylogenomics_BUSCO-groups/busco4_odb10/../00_proteins/DkoeB_proteins.fasta 
# Current dir:     /home/nmoreyra/Documents/Genomics/03_orthologs_search/00_Phylogenomics_BUSCO-groups/busco4_odb10
# Date:            Mon Jan 25 14:13:30 2021
# [ok]
