#                                                                            --- full sequence --- -------------- this domain -------------   hmm coord   ali coord   env coord
# target name        accession   tlen query name           accession   qlen   E-value  score  bias   #  of  c-Evalue  i-Evalue  score  bias  from    to  from    to  from    to  acc description of target
#------------------- ---------- ----- -------------------- ---------- ----- --------- ------ ----- --- --- --------- --------- ------ ----- ----- ----- ----- ----- ----- ----- ---- ---------------------
DkoeB00010824-RA     -           1244 8968at7147           -            429  1.3e-208  692.8  23.8   1   8  1.6e-116  1.6e-114  382.7   0.0     1   195   191   396   191   406 0.94 -
DkoeB00010824-RA     -           1244 8968at7147           -            429  1.3e-208  692.8  23.8   2   8   6.3e-15   6.4e-13   47.9   0.2   180   224   496   540   473   558 0.81 -
DkoeB00010824-RA     -           1244 8968at7147           -            429  1.3e-208  692.8  23.8   3   8   3.4e-28   3.5e-26   91.6   0.1   222   287   584   661   562   674 0.87 -
DkoeB00010824-RA     -           1244 8968at7147           -            429  1.3e-208  692.8  23.8   4   8       1.1   1.2e+02    1.0   0.1   284   302   686   704   678   718 0.74 -
DkoeB00010824-RA     -           1244 8968at7147           -            429  1.3e-208  692.8  23.8   5   8      0.11        11    4.4   0.1   287   309   768   789   753   844 0.88 -
DkoeB00010824-RA     -           1244 8968at7147           -            429  1.3e-208  692.8  23.8   6   8   1.8e-06   0.00019   20.1   0.2   309   328   888   907   823   914 0.82 -
DkoeB00010824-RA     -           1244 8968at7147           -            429  1.3e-208  692.8  23.8   7   8     4e-42   4.1e-40  137.5   0.2   325   419  1055  1154  1034  1159 0.90 -
DkoeB00010824-RA     -           1244 8968at7147           -            429  1.3e-208  692.8  23.8   8   8   7.4e-06   0.00075   18.1   0.1   401   429  1182  1217  1171  1217 0.83 -
DkoeB00011158-RA     -           1246 8968at7147           -            429     1e-43  149.4   0.2   1   2   3.1e-15   3.2e-13   48.9   0.0     2    84   453   538   452   549 0.82 -
DkoeB00011158-RA     -           1246 8968at7147           -            429     1e-43  149.4   0.2   2   2   3.5e-30   3.5e-28   98.2   0.0    85   187   573   676   563   697 0.91 -
DkoeB00013166-RA     -           1853 8968at7147           -            429     5e-21   74.7   0.0   1   1   7.7e-23   7.8e-21   74.0   0.0     2   250   185   444   184   465 0.80 -
DkoeB00008481-RA     -            710 8968at7147           -            429   6.3e-21   74.3   0.0   1   2      0.72        74    1.6   0.0     1    29   457   485   457   493 0.89 -
DkoeB00008481-RA     -            710 8968at7147           -            429   6.3e-21   74.3   0.0   2   2   9.8e-22     1e-19   70.4   0.0    25   191   506   674   503   704 0.80 -
DkoeB00007794-RA     -            598 8968at7147           -            429   4.6e-18   64.9   0.0   1   1   7.5e-20   7.6e-18   64.2   0.0     7   125   364   484   361   491 0.83 -
DkoeB00004690-RA     -            671 8968at7147           -            429   1.4e-16   60.1   0.0   1   1     2e-18   2.1e-16   59.5   0.0     6   125    80   202    75   259 0.86 -
DkoeB00011432-RA     -            617 8968at7147           -            429   2.4e-15   55.9   0.2   1   2       5.5   5.6e+02   -1.3   0.1   261   306    81   130    60   139 0.67 -
DkoeB00011432-RA     -            617 8968at7147           -            429   2.4e-15   55.9   0.2   2   2     9e-17   9.2e-15   54.0   0.0     9   125   415   534   410   538 0.83 -
DkoeB00002898-RA     -           1015 8968at7147           -            429   5.6e-15   54.7   0.0   1   1   8.9e-17   9.1e-15   54.0   0.0     6   219   237   451   232   476 0.79 -
DkoeB00000600-RA     -           1255 8968at7147           -            429   6.7e-15   54.5   0.0   1   2    0.0058      0.59    8.5   0.0    14    78   680   752   676   867 0.82 -
DkoeB00000600-RA     -           1255 8968at7147           -            429   6.7e-15   54.5   0.0   2   2   1.4e-13   1.4e-11   43.5   0.0    25   141  1028  1142  1002  1232 0.71 -
DkoeB00004833-RA     -            620 8968at7147           -            429   6.8e-15   54.5   0.0   1   2   3.8e-08   3.9e-06   25.6   0.0    39   126   153   235   124   241 0.87 -
DkoeB00004833-RA     -            620 8968at7147           -            429   6.8e-15   54.5   0.0   2   2   1.9e-08     2e-06   26.6   0.0    38   126   425   508   411   521 0.87 -
DkoeB00013806-RA     -            620 8968at7147           -            429   6.8e-15   54.4   0.0   1   2   3.8e-08   3.9e-06   25.6   0.0    39   126   153   235   124   241 0.87 -
DkoeB00013806-RA     -            620 8968at7147           -            429   6.8e-15   54.4   0.0   2   2   1.9e-08     2e-06   26.6   0.0    38   126   425   508   411   521 0.87 -
DkoeB00010751-RA     -            838 8968at7147           -            429   9.8e-15   53.9   0.0   1   1   1.5e-16   1.6e-14   53.3   0.0     5   125   168   294   164   301 0.82 -
DkoeB00004907-RA     -            269 8968at7147           -            429   3.5e-14   52.1   0.0   1   1   4.5e-16   4.6e-14   51.7   0.0     2   127    68   196    67   202 0.87 -
DkoeB00001864-RA     -           1490 8968at7147           -            429   5.4e-14   51.5   0.2   1   1   1.7e-15   1.7e-13   49.8   0.0     8   126    76   205    73   222 0.75 -
DkoeB00000797-RA     -            396 8968at7147           -            429   7.1e-14   51.1   0.0   1   1   1.1e-15   1.1e-13   50.4   0.0     6   124   154   275   149   284 0.89 -
DkoeB00005275-RA     -            875 8968at7147           -            429   9.8e-14   50.6   0.0   1   1   2.1e-15   2.1e-13   49.5   0.0     9   125   670   789   666   796 0.82 -
DkoeB00008574-RA     -           2197 8968at7147           -            429   2.2e-13   49.5   0.0   1   1     5e-15   5.1e-13   48.3   0.0    32   192  1526  1687  1511  1701 0.81 -
DkoeB00009912-RA     -            468 8968at7147           -            429   9.4e-13   47.4   0.5   1   2   7.7e-12   7.8e-10   37.8   0.0     6   126    73   198    68   207 0.79 -
DkoeB00009912-RA     -            468 8968at7147           -            429   9.4e-13   47.4   0.5   2   2     0.035       3.6    6.0   0.1    42   125   321   393   309   397 0.69 -
DkoeB00002843-RA     -           1984 8968at7147           -            429   9.7e-13   47.3   0.0   1   2   4.5e-05    0.0046   15.5   0.0    33   125   982  1075   953  1088 0.74 -
DkoeB00002843-RA     -           1984 8968at7147           -            429   9.7e-13   47.3   0.0   2   2   3.5e-09   3.6e-07   29.0   0.0    35   124  1328  1415  1295  1440 0.80 -
DkoeB00009927-RA     -            578 8968at7147           -            429   1.8e-12   46.4   0.0   1   1   2.6e-14   2.6e-12   45.9   0.0     2   125   378   509   377   514 0.82 -
DkoeB00003954-RA     -            360 8968at7147           -            429   2.3e-12   46.1   0.1   1   2      0.87        88    1.4   0.0    11    30    60    79    55   129 0.78 -
DkoeB00003954-RA     -            360 8968at7147           -            429   2.3e-12   46.1   0.1   2   2   2.6e-13   2.6e-11   42.6   0.0     2   129   149   283   148   289 0.78 -
DkoeB00004189-RA     -            266 8968at7147           -            429   3.7e-12   45.4   0.0   1   1     5e-14   5.1e-12   45.0   0.0     2   139    68   211    67   265 0.81 -
DkoeB00010738-RA     -            454 8968at7147           -            429   6.1e-12   44.7   0.0   1   1   9.1e-14   9.2e-12   44.1   0.0    36   121   286   376   265   394 0.86 -
DkoeB00000266-RA     -            702 8968at7147           -            429   6.3e-12   44.7   0.0   1   1   9.5e-14   9.7e-12   44.1   0.0     2   127    77   209    76   216 0.81 -
DkoeB00007628-RA     -            690 8968at7147           -            429   6.9e-12   44.5   0.0   1   1   1.1e-13   1.1e-11   43.9   0.0     9   128   462   602   458   606 0.74 -
DkoeB00009166-RA     -            265 8968at7147           -            429   7.5e-12   44.4   0.1   1   1   1.5e-13   1.6e-11   43.4   0.0    13   190    67   256    55   263 0.69 -
DkoeB00001218-RA     -            794 8968at7147           -            429   9.5e-12   44.1   0.0   1   1   1.7e-13   1.7e-11   43.2   0.0    29   123   100   192    78   197 0.84 -
DkoeB00000923-RA     -           1089 8968at7147           -            429   1.3e-11   43.6   0.0   1   1   2.7e-13   2.8e-11   42.6   0.0    33   127   129   220   105   267 0.86 -
DkoeB00008271-RA     -            493 8968at7147           -            429   1.9e-11   43.1   0.0   1   2   2.1e-12   2.1e-10   39.7   0.0    10   124    81   201    76   205 0.83 -
DkoeB00008271-RA     -            493 8968at7147           -            429   1.9e-11   43.1   0.0   2   2       1.1   1.1e+02    1.1   0.0   203   294   310   402   294   459 0.79 -
DkoeB00010523-RA     -            757 8968at7147           -            429   2.8e-11   42.5   0.0   1   1   5.3e-13   5.4e-11   41.6   0.0    37   124   352   443   316   449 0.81 -
DkoeB00006249-RA     -            675 8968at7147           -            429     6e-11   41.4   0.0   1   1   9.4e-13   9.5e-11   40.8   0.0    11   124    96   214    87   231 0.77 -
DkoeB00009058-RA     -            361 8968at7147           -            429     1e-10   40.7   0.0   1   1   1.5e-12   1.6e-10   40.1   0.0    25   126   120   217    97   229 0.79 -
DkoeB00012695-RA     -            385 8968at7147           -            429   1.1e-10   40.5   0.0   1   1   1.7e-12   1.7e-10   39.9   0.0    33   122   102   190    70   196 0.83 -
DkoeB00005173-RA     -            771 8968at7147           -            429   1.2e-10   40.5   0.0   1   1   1.9e-12   1.9e-10   39.8   0.0    32   128   132   224   100   233 0.80 -
DkoeB00006261-RA     -            929 8968at7147           -            429   1.5e-10   40.2   0.0   1   1   2.4e-12   2.4e-10   39.4   0.0     5   178   730   905   726   913 0.72 -
DkoeB00001143-RA     -           1869 8968at7147           -            429   1.9e-10   39.8   0.0   1   1   4.2e-12   4.2e-10   38.7   0.0     7   125  1612  1734  1606  1738 0.80 -
DkoeB00003624-RA     -            329 8968at7147           -            429   2.3e-10   39.5   0.0   1   1   3.5e-12   3.5e-10   38.9   0.0    34   125   158   245   148   248 0.92 -
DkoeB00011142-RA     -            355 8968at7147           -            429     3e-10   39.1   0.0   1   1   4.3e-12   4.3e-10   38.6   0.0    15   124    95   212    87   217 0.75 -
DkoeB00011008-RA     -           2684 8968at7147           -            429   3.4e-10   39.0   0.0   1   1   5.8e-12   5.9e-10   38.2   0.0    27   126  2428  2533  2418  2598 0.85 -
DkoeB00001171-RA     -            764 8968at7147           -            429   4.1e-10   38.7   0.0   1   1   6.7e-12   6.8e-10   38.0   0.0    31   126   184   281   148   284 0.73 -
DkoeB00011793-RA     -            828 8968at7147           -            429   6.3e-10   38.1   0.1   1   1   1.1e-11   1.1e-09   37.3   0.1    35   183   118   268    84   305 0.76 -
DkoeB00005915-RA     -            714 8968at7147           -            429   6.4e-10   38.1   0.0   1   1   9.2e-12   9.3e-10   37.5   0.0    37   125   123   213   106   286 0.89 -
DkoeB00010551-RA     -            840 8968at7147           -            429   7.2e-10   37.9   0.0   1   1   1.1e-11   1.1e-09   37.3   0.0    36   121   652   737   620   743 0.85 -
DkoeB00012703-RA     -            400 8968at7147           -            429   1.2e-09   37.2   0.0   1   2   3.4e-11   3.5e-09   35.7   0.0    37   122    52   138    12   144 0.80 -
DkoeB00012703-RA     -            400 8968at7147           -            429   1.2e-09   37.2   0.0   2   2       9.6   9.7e+02   -2.1   0.0   263   319   159   216   154   234 0.77 -
DkoeB00012874-RA     -            575 8968at7147           -            429   1.3e-09   37.1   0.0   1   1   2.5e-11   2.6e-09   36.1   0.0    37   124   131   216    89   221 0.88 -
DkoeB00006015-RA     -           1171 8968at7147           -            429   1.5e-09   36.9   0.0   1   1   3.4e-11   3.5e-09   35.6   0.0    10   127   680   809   669   883 0.80 -
DkoeB00006473-RA     -            700 8968at7147           -            429   1.8e-09   36.6   0.2   1   2         2     2e+02    0.2   0.0   144   184    64   104    59   121 0.83 -
DkoeB00006473-RA     -            700 8968at7147           -            429   1.8e-09   36.6   0.2   2   2   1.1e-10   1.2e-08   33.9   0.0    35   124   299   385   267   389 0.84 -
DkoeB00004233-RA     -            856 8968at7147           -            429     2e-09   36.4   0.0   1   1   3.6e-11   3.7e-09   35.6   0.0    11   123   655   773   648   782 0.77 -
DkoeB00004704-RA     -            652 8968at7147           -            429   2.7e-09   36.0   0.0   1   1   5.7e-11   5.8e-09   34.9   0.0    35   125   354   441   347   446 0.90 -
DkoeB00002343-RA     -            375 8968at7147           -            429   3.2e-09   35.8   0.0   1   1   4.8e-11   4.9e-09   35.2   0.0    27   127    85   184    62   191 0.81 -
DkoeB00011277-RA     -            492 8968at7147           -            429   3.2e-09   35.8   0.0   1   1   1.5e-10   1.6e-08   33.5   0.0    32   124   131   226   115   231 0.82 -
DkoeB00005519-RA     -           1514 8968at7147           -            429   3.2e-09   35.7   0.1   1   2   1.7e-09   1.7e-07   30.1   0.0    22   124   159   259   140   263 0.82 -
DkoeB00005519-RA     -           1514 8968at7147           -            429   3.2e-09   35.7   0.1   2   2      0.24        24    3.2   0.0   338   379  1236  1277  1226  1289 0.85 -
DkoeB00003623-RA     -            343 8968at7147           -            429   3.2e-09   35.7   0.0   1   1     5e-11   5.1e-09   35.1   0.0    34   125   172   259   163   262 0.91 -
DkoeB00002838-RA     -           2593 8968at7147           -            429   3.2e-09   35.7   0.1   1   2   2.4e-10   2.5e-08   32.8   0.0    13   124   573   688   566   693 0.80 -
DkoeB00002838-RA     -           2593 8968at7147           -            429   3.2e-09   35.7   0.1   2   2       2.2   2.2e+02    0.0   0.0   171   224  1839  1892  1831  1921 0.72 -
DkoeB00012087-RA     -            544 8968at7147           -            429   4.3e-09   35.3   0.0   1   1   6.5e-11   6.6e-09   34.7   0.0     9   155   305   471   302   489 0.69 -
DkoeB00008841-RA     -            632 8968at7147           -            429   5.1e-09   35.1   0.0   1   1   7.9e-11     8e-09   34.4   0.0     8   126   444   562   439   627 0.80 -
DkoeB00011260-RA     -            583 8968at7147           -            429   5.4e-09   35.0   0.0   1   1   8.1e-11   8.2e-09   34.4   0.0    10   125   101   220    93   233 0.83 -
DkoeB00003654-RA     -            898 8968at7147           -            429     7e-09   34.6   0.0   1   1   1.2e-10   1.3e-08   33.8   0.0    31   125   108   199    78   209 0.82 -
DkoeB00011405-RA     -            381 8968at7147           -            429   7.4e-09   34.6   0.0   1   1   1.1e-10   1.1e-08   34.0   0.0    28   127   136   242   117   254 0.80 -
DkoeB00004732-RA     -            313 8968at7147           -            429   8.3e-09   34.4   0.0   1   1   1.2e-10   1.2e-08   33.8   0.0    28   125   105   203    83   208 0.82 -
DkoeB00014167-RA     -           1163 8968at7147           -            429   8.6e-09   34.4   0.1   1   1   3.3e-10   3.4e-08   32.4   0.1    37   125   967  1068   955  1079 0.71 -
DkoeB00006205-RA     -            928 8968at7147           -            429   8.6e-09   34.4   0.0   1   1   1.7e-10   1.7e-08   33.4   0.0    28   132   761   864   752   926 0.72 -
DkoeB00000858-RA     -            351 8968at7147           -            429   9.8e-09   34.2   0.0   1   1   1.5e-10   1.5e-08   33.5   0.0    27   128   109   210    90   229 0.79 -
DkoeB00008912-RA     -           1303 8968at7147           -            429     1e-08   34.1   0.5   1   2   3.3e-10   3.4e-08   32.4   0.0     2   127   728   865   727   868 0.78 -
DkoeB00008912-RA     -           1303 8968at7147           -            429     1e-08   34.1   0.5   2   2       5.5   5.6e+02   -1.3   0.2   144   171  1012  1041  1006  1053 0.76 -
DkoeB00007247-RA     -           1434 8968at7147           -            429   1.1e-08   34.0   0.0   1   1   1.8e-10   1.8e-08   33.3   0.0    11   125     8   126     2   131 0.81 -
DkoeB00009120-RA     -            375 8968at7147           -            429   1.4e-08   33.7   0.0   1   1   1.9e-10     2e-08   33.2   0.0    26   126   133   235   121   241 0.81 -
DkoeB00009282-RA     -            759 8968at7147           -            429   1.4e-08   33.7   0.0   1   1   2.5e-10   2.5e-08   32.8   0.0    16   122     5   124     2   131 0.75 -
DkoeB00002428-RA     -           1102 8968at7147           -            429   1.6e-08   33.5   0.0   1   1   2.7e-10   2.7e-08   32.7   0.0    12   126   207   329   198   404 0.71 -
DkoeB00004076-RA     -            441 8968at7147           -            429   1.8e-08   33.3   0.0   1   1   2.7e-10   2.8e-08   32.7   0.0    31   103   262   333   230   337 0.74 -
DkoeB00005590-RA     -           1097 8968at7147           -            429   2.3e-08   32.9   0.0   1   1   3.7e-10   3.8e-08   32.2   0.0    13   124   645   762   639   784 0.80 -
DkoeB00008722-RA     -            366 8968at7147           -            429     3e-08   32.6   0.1   1   1   4.1e-10   4.2e-08   32.1   0.1    34   125   126   214    94   221 0.81 -
DkoeB00009112-RA     -           1271 8968at7147           -            429     3e-08   32.5   0.0   1   1   5.2e-10   5.3e-08   31.7   0.0    26   126   995  1098   953  1103 0.76 -
DkoeB00004762-RA     -            314 8968at7147           -            429   3.4e-08   32.4   0.0   1   1   5.6e-10   5.7e-08   31.6   0.0    10   127    80   202    71   212 0.73 -
DkoeB00007026-RA     -            317 8968at7147           -            429   3.6e-08   32.3   0.0   1   1   5.4e-10   5.5e-08   31.7   0.0    33   127   136   227   128   234 0.88 -
DkoeB00008327-RA     -            444 8968at7147           -            429   3.8e-08   32.2   0.0   1   1   6.1e-10   6.2e-08   31.5   0.0    15   128   220   335   214   341 0.81 -
DkoeB00002676-RA     -            746 8968at7147           -            429   4.7e-08   31.9   0.1   1   1   1.1e-09   1.1e-07   30.7   0.0    32   125   209   298   184   305 0.81 -
DkoeB00000484-RA     -            290 8968at7147           -            429   6.2e-08   31.5   0.0   1   1   7.7e-10   7.9e-08   31.2   0.0    37   125   119   205    77   223 0.85 -
DkoeB00012375-RA     -            643 8968at7147           -            429   6.8e-08   31.4   0.0   1   1   1.2e-09   1.2e-07   30.5   0.0    26   178   473   626   459   636 0.72 -
DkoeB00012395-RA     -            560 8968at7147           -            429   1.3e-07   30.5   0.0   1   1   1.9e-09     2e-07   29.9   0.0     8   127   323   463   318   473 0.73 -
DkoeB00004523-RA     -            487 8968at7147           -            429     2e-07   29.8   0.0   1   1   3.3e-09   3.4e-07   29.1   0.0    27   126   299   402   286   423 0.83 -
DkoeB00002719-RA     -           1545 8968at7147           -            429   2.7e-07   29.4   0.1   1   1   4.2e-09   4.3e-07   28.7   0.1     1   127   613   750   613   753 0.75 -
DkoeB00005792-RA     -           1486 8968at7147           -            429     3e-07   29.2   0.0   1   1   5.4e-09   5.5e-07   28.4   0.0     2   127   684   828   683   831 0.72 -
DkoeB00003325-RA     -            372 8968at7147           -            429   3.1e-07   29.2   0.0   1   1   4.4e-09   4.4e-07   28.7   0.0    34   127   140   232   104   235 0.84 -
DkoeB00001687-RA     -           1150 8968at7147           -            429   4.4e-07   28.7   0.0   1   2   1.2e-05    0.0012   17.4   0.0    34    81   896   939   881   950 0.81 -
DkoeB00001687-RA     -           1150 8968at7147           -            429   4.4e-07   28.7   0.0   2   2    0.0051      0.52    8.7   0.0    96   125  1016  1045  1000  1052 0.89 -
DkoeB00006509-RA     -           1504 8968at7147           -            429   5.3e-07   28.4   0.0   1   1   8.7e-09   8.9e-07   27.7   0.0     9   187   556   733   549   744 0.68 -
DkoeB00004299-RA     -            330 8968at7147           -            429   5.6e-07   28.4   0.0   1   1   7.5e-09   7.7e-07   27.9   0.0    38   124   177   266   149   276 0.81 -
DkoeB00005441-RA     -           1161 8968at7147           -            429   6.8e-07   28.1   0.0   1   1   1.1e-08   1.1e-06   27.4   0.0    15   122   142   269   133   274 0.69 -
DkoeB00008023-RA     -           1337 8968at7147           -            429   8.7e-07   27.7   0.0   1   1   1.4e-08   1.4e-06   27.0   0.0     6   124   647   775   642   780 0.76 -
DkoeB00003768-RA     -            725 8968at7147           -            429   9.1e-07   27.7   0.0   1   1   1.5e-08   1.5e-06   26.9   0.0    35   124   106   193    71   197 0.84 -
DkoeB00008234-RA     -            515 8968at7147           -            429     1e-06   27.5   0.0   1   1   1.7e-08   1.7e-06   26.7   0.0    38   122   139   226    98   232 0.86 -
DkoeB00009709-RA     -            449 8968at7147           -            429   1.3e-06   27.1   0.0   1   1   2.1e-08   2.1e-06   26.4   0.0    36   126   133   229   120   235 0.86 -
DkoeB00010909-RA     -           1584 8968at7147           -            429   1.6e-06   26.9   0.0   1   1   2.4e-08   2.5e-06   26.2   0.0     3   124  1361  1493  1359  1502 0.76 -
DkoeB00004857-RA     -            518 8968at7147           -            429   1.7e-06   26.8   0.0   1   1   2.5e-08   2.6e-06   26.2   0.0    16   129   279   413   271   418 0.70 -
DkoeB00010520-RA     -           1414 8968at7147           -            429   2.2e-06   26.4   0.0   1   1   3.8e-08   3.8e-06   25.6   0.0    36   124   134   224   118   309 0.76 -
DkoeB00000181-RA     -           1395 8968at7147           -            429     3e-06   26.0   0.0   1   1   5.7e-08   5.8e-06   25.0   0.0    37   124   253   338   214   343 0.79 -
DkoeB00010519-RA     -            300 8968at7147           -            429     3e-06   26.0   0.0   1   1   4.1e-08   4.1e-06   25.5   0.0    36   124   133   223   102   238 0.80 -
DkoeB00002311-RA     -            455 8968at7147           -            429   4.6e-06   25.4   0.0   1   1   5.9e-08     6e-06   25.0   0.0    24   127   286   387   256   446 0.81 -
DkoeB00003171-RA     -            788 8968at7147           -            429   5.8e-06   25.0   0.0   1   1   1.1e-07   1.2e-05   24.0   0.0    38   126   586   671   574   702 0.82 -
DkoeB00011334-RA     -            335 8968at7147           -            429     6e-06   25.0   0.0   1   1   8.5e-08   8.7e-06   24.4   0.0    33   124   151   244   122   248 0.80 -
DkoeB00007064-RA     -           1673 8968at7147           -            429   8.1e-06   24.6   0.0   1   1   1.7e-07   1.7e-05   23.5   0.0    37   125   127   214    96   282 0.83 -
DkoeB00004709-RA     -            524 8968at7147           -            429   1.1e-05   24.2   0.0   1   1   1.6e-07   1.6e-05   23.6   0.0    37   125   139   226   125   233 0.85 -
DkoeB00003091-RA     -            592 8968at7147           -            429   1.1e-05   24.1   0.0   1   1   1.7e-07   1.8e-05   23.4   0.0     8   122   162   282   156   294 0.77 -
DkoeB00004036-RA     -            480 8968at7147           -            429   1.4e-05   23.8   0.0   1   1   2.2e-07   2.2e-05   23.1   0.0    33   125    30   119    13   124 0.89 -
DkoeB00001815-RA     -            400 8968at7147           -            429   1.7e-05   23.5   0.0   1   1   2.4e-07   2.4e-05   23.0   0.0    31   133   180   282   153   294 0.82 -
DkoeB00005468-RA     -            394 8968at7147           -            429   1.8e-05   23.4   0.0   1   1   2.9e-07   2.9e-05   22.7   0.0    38   125   246   329   210   333 0.90 -
DkoeB00008609-RA     -            442 8968at7147           -            429   2.2e-05   23.1   0.0   1   1   3.7e-07   3.8e-05   22.3   0.0    39   125   159   243   115   251 0.86 -
DkoeB00011335-RA     -           1172 8968at7147           -            429   2.3e-05   23.1   0.0   1   1     4e-07   4.1e-05   22.2   0.0    35   125   357   447   351   453 0.83 -
DkoeB00003694-RA     -            915 8968at7147           -            429   2.4e-05   23.0   0.0   1   1   3.8e-07   3.8e-05   22.3   0.0    38   126   712   797   678   823 0.86 -
DkoeB00007357-RA     -            915 8968at7147           -            429   2.7e-05   22.8   0.0   1   1   4.4e-07   4.4e-05   22.1   0.0    33   125   158   249   144   253 0.83 -
DkoeB00012401-RA     -            515 8968at7147           -            429   5.6e-05   21.8   0.0   1   1   8.8e-07   8.9e-05   21.1   0.0    14   112   263   364   258   384 0.76 -
DkoeB00007855-RA     -            428 8968at7147           -            429   5.7e-05   21.8   0.0   1   1   9.3e-07   9.4e-05   21.0   0.0    32   124   230   323   206   326 0.81 -
DkoeB00006359-RA     -            193 8968at7147           -            429   8.4e-05   21.2   0.0   1   1   1.2e-06   0.00012   20.7   0.0     8    85    74   153    67   170 0.76 -
DkoeB00004706-RA     -           1598 8968at7147           -            429   0.00011   20.9   2.7   1   1   3.7e-06   0.00038   19.1   0.0    32    82   731   777   708   851 0.62 -
DkoeB00003653-RA     -            349 8968at7147           -            429   0.00011   20.8   0.0   1   1   2.4e-06   0.00024   19.7   0.0     8   127   171   317   167   324 0.64 -
DkoeB00012420-RA     -           1018 8968at7147           -            429   0.00012   20.7   0.0   1   1   1.9e-06   0.00019   20.0   0.0    37   159   162   282   138   301 0.75 -
DkoeB00004755-RA     -           2454 8968at7147           -            429   0.00013   20.5   0.0   1   1   2.7e-06   0.00028   19.5   0.0    34   125  1868  1971  1860  1975 0.78 -
DkoeB00010313-RA     -            758 8968at7147           -            429    0.0002   20.0   0.0   1   1   4.4e-06   0.00045   18.8   0.0    53   200   607   751   596   757 0.67 -
DkoeB00001295-RA     -           1659 8968at7147           -            429   0.00025   19.7   0.0   1   1   4.7e-06   0.00048   18.7   0.0    45   124   251   330   237   334 0.94 -
DkoeB00005548-RA     -            802 8968at7147           -            429   0.00025   19.7   0.0   1   1   5.1e-06   0.00052   18.6   0.0    26   125   613   706   609   713 0.78 -
DkoeB00002763-RA     -            975 8968at7147           -            429   0.00046   18.8   0.0   1   1   7.9e-06    0.0008   18.0   0.0    38   125   690   776   661   781 0.84 -
DkoeB00011225-RA     -            816 8968at7147           -            429   0.00062   18.3   0.0   1   1     1e-05     0.001   17.6   0.0    47   124   174   248   154   251 0.88 -
DkoeB00002293-RA     -           2154 8968at7147           -            429   0.00069   18.2   0.0   1   1   3.3e-05    0.0034   15.9   0.0    12   125   935  1073   924  1077 0.66 -
DkoeB00009154-RA     -            335 8968at7147           -            429   0.00081   18.0   0.0   1   1   1.3e-05    0.0013   17.3   0.0    22   127   134   238   121   248 0.80 -
DkoeB00004781-RA     -            592 8968at7147           -            429    0.0016   17.0   0.1   1   1     3e-05    0.0031   16.1   0.1    32    82   154   204   140   209 0.91 -
DkoeB00012729-RA     -           1236 8968at7147           -            429    0.0025   16.3   0.8   1   1   5.2e-05    0.0053   15.3   0.0    34   126   796   885   778   891 0.85 -
DkoeB00006922-RA     -            730 8968at7147           -            429    0.0047   15.4   0.0   1   1     8e-05    0.0081   14.7   0.0    32   120   144   234   124   240 0.70 -
DkoeB00010713-RA     -            538 8968at7147           -            429    0.0059   15.1   0.0   1   1   9.1e-05    0.0093   14.5   0.0    38   123   252   339   212   345 0.76 -
DkoeB00001631-RA     -            932 8968at7147           -            429     0.007   14.9   0.0   1   1   0.00014     0.014   13.9   0.0    42   124   728   807   719   812 0.90 -
DkoeB00009310-RA     -            458 8968at7147           -            429    0.0071   14.8   0.1   1   2     0.034       3.5    6.0   0.0    10    90   165   247   159   251 0.67 -
DkoeB00009310-RA     -            458 8968at7147           -            429    0.0071   14.8   0.1   2   2     0.023       2.3    6.6   0.0    90   125   287   322   278   325 0.91 -
DkoeB00002561-RA     -            495 8968at7147           -            429     0.012   14.1   0.1   1   2   0.00032     0.033   12.7   0.0     7   125   147   269   143   277 0.73 -
DkoeB00002561-RA     -            495 8968at7147           -            429     0.012   14.1   0.1   2   2       6.3   6.4e+02   -1.5   0.0   245   310   274   336   270   342 0.78 -
DkoeB00005273-RA     -           1366 8968at7147           -            429     0.014   13.9   0.0   1   1   0.00081     0.082   11.3   0.0    15   127   513   651   506   661 0.56 -
DkoeB00005241-RA     -            639 8968at7147           -            429     0.019   13.5   0.0   1   1   0.00034     0.035   12.6   0.0    37   104   457   523   442   529 0.82 -
DkoeB00007197-RA     -            819 8968at7147           -            429     0.022   13.2   0.0   1   2       4.9     5e+02   -1.1   0.0   294   328   579   613   535   636 0.78 -
DkoeB00007197-RA     -            819 8968at7147           -            429     0.022   13.2   0.0   2   2   0.00096     0.097   11.1   0.0    96   125   738   767   721   781 0.88 -
DkoeB00002850-RA     -            506 8968at7147           -            429     0.026   13.0   0.0   1   1   0.00041     0.042   12.3   0.0    33   124   256   349   237   353 0.78 -
DkoeB00004499-RA     -            443 8968at7147           -            429     0.045   12.2   0.0   1   1   0.00071     0.072   11.5   0.0     4    90    71   163    69   168 0.70 -
DkoeB00008677-RA     -           1025 8968at7147           -            429     0.056   11.9   0.0   1   1    0.0011      0.11   11.0   0.0    70   125   850   906   833   910 0.81 -
DkoeB00007588-RA     -            643 8968at7147           -            429     0.075   11.5   0.0   1   1    0.0012      0.12   10.8   0.0    35    65   432   462   422   471 0.85 -
DkoeB00009693-RA     -            913 8968at7147           -            429     0.083   11.3   0.0   1   1    0.0016      0.16   10.4   0.0    45   127   343   441   324   446 0.68 -
#
# Program:         hmmsearch
# Version:         3.1b2 (February 2015)
# Pipeline mode:   SEARCH
# Query file:      /home/nmoreyra/Documents/Genomics/03_orthologs_search/00_Phylogenomics_BUSCO-groups/busco4_odb10/busco_downloads/lineages/diptera_odb10/hmms/8968at7147.hmm
# Target file:     /home/nmoreyra/Documents/Genomics/03_orthologs_search/00_Phylogenomics_BUSCO-groups/busco4_odb10/../00_proteins/DkoeB_proteins.fasta
# Option settings: /home/nmoreyra/Software/miniconda3/envs/busco4/bin/hmmsearch --domtblout /home/nmoreyra/Documents/Genomics/03_orthologs_search/00_Phylogenomics_BUSCO-groups/busco4_odb10/DkoeB_diptera/run_diptera_odb10/hmmer_output/initial_run_results/8968at7147.out --cpu 1 /home/nmoreyra/Documents/Genomics/03_orthologs_search/00_Phylogenomics_BUSCO-groups/busco4_odb10/busco_downloads/lineages/diptera_odb10/hmms/8968at7147.hmm /home/nmoreyra/Documents/Genomics/03_orthologs_search/00_Phylogenomics_BUSCO-groups/busco4_odb10/../00_proteins/DkoeB_proteins.fasta 
# Current dir:     /home/nmoreyra/Documents/Genomics/03_orthologs_search/00_Phylogenomics_BUSCO-groups/busco4_odb10
# Date:            Mon Jan 25 14:14:11 2021
# [ok]
