#                                                                            --- full sequence --- -------------- this domain -------------   hmm coord   ali coord   env coord
# target name        accession   tlen query name           accession   qlen   E-value  score  bias   #  of  c-Evalue  i-Evalue  score  bias  from    to  from    to  from    to  acc description of target
#------------------- ---------- ----- -------------------- ---------- ----- --------- ------ ----- --- --- --------- --------- ------ ----- ----- ----- ----- ----- ----- ----- ---- ---------------------
YOtrMO022486         -            248 1269244at2759        -            121   3.4e-25   87.9  18.9   1   4   1.4e-06    0.0046   16.4   0.2     1    35     5    39     5    50 0.79 -
YOtrMO022486         -            248 1269244at2759        -            121   3.4e-25   87.9  18.9   2   4   0.00024       0.8    9.2   0.1    30    53    57    81    52    89 0.77 -
YOtrMO022486         -            248 1269244at2759        -            121   3.4e-25   87.9  18.9   3   4   1.4e-11   4.7e-08   32.5   0.2    45    84    90   129    81   138 0.84 -
YOtrMO022486         -            248 1269244at2759        -            121   3.4e-25   87.9  18.9   4   4     2e-12   6.4e-09   35.3   5.1    76   120   139   195   132   196 0.77 -
YOtrMO014711         -            215 1269244at2759        -            121   1.8e-06   27.4   1.3   1   1   3.9e-06     0.013   15.0   1.3     3    76     6   111     4   122 0.57 -
YOtrMO024162         -           1599 1269244at2759        -            121     0.017   14.6   0.2   1   3     0.022        72    2.9   0.0     2    20     8    26     7    35 0.88 -
YOtrMO024162         -           1599 1269244at2759        -            121     0.017   14.6   0.2   2   3      0.46   1.5e+03   -1.4   0.0    31    52    64    85    60    89 0.78 -
YOtrMO024162         -           1599 1269244at2759        -            121     0.017   14.6   0.2   3   3   0.00083       2.7    7.5   0.0    48    77    99   128    91   134 0.86 -
YOtrMO007791         -            399 1269244at2759        -            121     0.018   14.5   0.0   1   3     0.022        72    2.9   0.0     6    21     6    21     2    29 0.89 -
YOtrMO007791         -            399 1269244at2759        -            121     0.018   14.5   0.0   2   3     0.087   2.9e+02    1.0   0.0    31    51    52    73    47    79 0.87 -
YOtrMO007791         -            399 1269244at2759        -            121     0.018   14.5   0.0   3   3     0.003       9.9    5.7   0.0    50    75    89   114    82   119 0.87 -
#
# Program:         hmmsearch
# Version:         3.1b2 (February 2015)
# Pipeline mode:   SEARCH
# Query file:      /home/nmoreyra/Documents/Academico/Repositorios/BUSCO2Tree/test_marzo2023/busco_downloads/lineages/eukaryota_odb10/hmms/1269244at2759.hmm
# Target file:     /home/nmoreyra/Documents/Academico/Repositorios/BUSCO2Tree/test_marzo2023/00_proteins/Dmoj.fasta
# Option settings: hmmsearch --domtblout /home/nmoreyra/Documents/Academico/Repositorios/BUSCO2Tree/test_marzo2023/Results/00_proteins/Dmoj/run_eukaryota_odb10/hmmer_output/initial_run_results/1269244at2759.out --cpu 1 /home/nmoreyra/Documents/Academico/Repositorios/BUSCO2Tree/test_marzo2023/busco_downloads/lineages/eukaryota_odb10/hmms/1269244at2759.hmm /home/nmoreyra/Documents/Academico/Repositorios/BUSCO2Tree/test_marzo2023/00_proteins/Dmoj.fasta 
# Current dir:     /home/nmoreyra/Documents/Academico/Repositorios/BUSCO2Tree/test_marzo2023
# Date:            Thu Mar 23 14:23:15 2023
# [ok]
