#                                                                            --- full sequence --- -------------- this domain -------------   hmm coord   ali coord   env coord
# target name        accession   tlen query name           accession   qlen   E-value  score  bias   #  of  c-Evalue  i-Evalue  score  bias  from    to  from    to  from    to  acc description of target
#------------------- ---------- ----- -------------------- ---------- ----- --------- ------ ----- --- --- --------- --------- ------ ----- ----- ----- ----- ----- ----- ----- ---- ---------------------
YOtrMO028353         -           1213 142542at2759         -            706  9.3e-220  731.0  11.1   1   3   1.2e-06    0.0015   16.4   0.1     1    47    13    68    13    72 0.85 -
YOtrMO028353         -           1213 142542at2759         -            706  9.3e-220  731.0  11.1   2   3   4.6e-91   5.5e-88  295.5   0.3    40   288   116   400    89   404 0.83 -
YOtrMO028353         -           1213 142542at2759         -            706  9.3e-220  731.0  11.1   3   3  5.4e-129  6.4e-126  420.8   1.7   287   652   451   885   439   920 0.85 -
YOtrMO020048         -           1667 142542at2759         -            706   2.4e-21   75.2   4.0   1   3   6.4e-11   7.6e-08   30.6   0.2   158   270    60   180    49   293 0.83 -
YOtrMO020048         -           1667 142542at2759         -            706   2.4e-21   75.2   4.0   2   3   5.2e-13   6.2e-10   37.5   0.2   124   259   959  1115   908  1120 0.66 -
YOtrMO020048         -           1667 142542at2759         -            706   2.4e-21   75.2   4.0   3   3    0.0012       1.4    6.5   0.0   293   362  1174  1244  1159  1255 0.82 -
YOtrMO023368         -           1005 142542at2759         -            706   7.5e-13   47.1   0.6   1   1   1.4e-15   1.7e-12   45.9   0.6    84   262   253   451   243   484 0.79 -
YOtrMO020049         -           1058 142542at2759         -            706   2.7e-12   45.3   0.2   1   2   3.3e-13   3.9e-10   38.1   0.1   122   259   356   510   309   518 0.72 -
YOtrMO020049         -           1058 142542at2759         -            706   2.7e-12   45.3   0.2   2   2    0.0037       4.4    4.9   0.0   293   358   569   636   550   641 0.84 -
YOtrMO023811         -            933 142542at2759         -            706   3.2e-12   45.0   1.2   1   2   5.6e-15   6.6e-12   44.0   1.0    85   283   165   390   146   402 0.67 -
YOtrMO023811         -            933 142542at2759         -            706   3.2e-12   45.0   1.2   2   2       1.4   1.7e+03   -3.6   0.0   341   364   480   503   452   505 0.84 -
YOtrMO023964         -            948 142542at2759         -            706   3.3e-11   41.7   0.1   1   1   5.2e-14   6.1e-11   40.8   0.1   129   265   236   388   178   405 0.67 -
YOtrMO027464         -           1073 142542at2759         -            706   1.2e-08   33.2   0.2   1   2   2.2e-10   2.6e-07   28.8   0.2    85   268   346   552   336   576 0.79 -
YOtrMO027464         -           1073 142542at2759         -            706   1.2e-08   33.2   0.2   2   2     0.028        34    2.0   0.0   291   358   600   667   588   674 0.82 -
YOtrMO020195         -           1163 142542at2759         -            706     8e-08   30.5   0.1   1   2   8.7e-10     1e-06   26.8   0.1   149   259   486   608   477   616 0.77 -
YOtrMO020195         -           1163 142542at2759         -            706     8e-08   30.5   0.1   2   2     0.056        67    1.0   0.0   340   372   722   754   665   756 0.89 -
YOtrMO021402         -           1119 142542at2759         -            706   1.4e-06   26.3   0.0   1   2   1.5e-08   1.8e-05   22.7   0.1   170   259   460   556   440   561 0.80 -
YOtrMO021402         -           1119 142542at2759         -            706   1.4e-06   26.3   0.0   2   2     0.054        65    1.0   0.0   287   371   605   691   601   721 0.83 -
YOtrMO013370         -            693 142542at2759         -            706   1.5e-05   23.0   0.0   1   1   2.3e-08   2.8e-05   22.1   0.0    55   284   181   427   166   432 0.73 -
YOtrMO019515         -            934 142542at2759         -            706    0.0016   16.3   0.4   1   2      0.13   1.6e+02   -0.3   0.0    84   108   182   205   168   254 0.83 -
YOtrMO019515         -            934 142542at2759         -            706    0.0016   16.3   0.4   2   2   6.8e-06    0.0081   13.9   0.1   167   265   293   386   282   402 0.78 -
#
# Program:         hmmsearch
# Version:         3.1b2 (February 2015)
# Pipeline mode:   SEARCH
# Query file:      /home/nmoreyra/Documents/Academico/Repositorios/BUSCO2Tree/test_marzo2023/busco_downloads/lineages/eukaryota_odb10/hmms/142542at2759.hmm
# Target file:     /home/nmoreyra/Documents/Academico/Repositorios/BUSCO2Tree/test_marzo2023/00_proteins/Dmoj.fasta
# Option settings: hmmsearch --domtblout /home/nmoreyra/Documents/Academico/Repositorios/BUSCO2Tree/test_marzo2023/Results/00_proteins/Dmoj/run_eukaryota_odb10/hmmer_output/initial_run_results/142542at2759.out --cpu 1 /home/nmoreyra/Documents/Academico/Repositorios/BUSCO2Tree/test_marzo2023/busco_downloads/lineages/eukaryota_odb10/hmms/142542at2759.hmm /home/nmoreyra/Documents/Academico/Repositorios/BUSCO2Tree/test_marzo2023/00_proteins/Dmoj.fasta 
# Current dir:     /home/nmoreyra/Documents/Academico/Repositorios/BUSCO2Tree/test_marzo2023
# Date:            Thu Mar 23 14:23:18 2023
# [ok]
