#                                                                            --- full sequence --- -------------- this domain -------------   hmm coord   ali coord   env coord
# target name        accession   tlen query name           accession   qlen   E-value  score  bias   #  of  c-Evalue  i-Evalue  score  bias  from    to  from    to  from    to  acc description of target
#------------------- ---------- ----- -------------------- ---------- ----- --------- ------ ----- --- --- --------- --------- ------ ----- ----- ----- ----- ----- ----- ----- ---- ---------------------
YOtrMO009354         -            960 290630at2759         -            562    5e-204  678.3   6.0   1   3    0.0091      0.82    7.5   0.0   437   470    89   122    17   126 0.46 -
YOtrMO009354         -            960 290630at2759         -            562    5e-204  678.3   6.0   2   3   9.2e-06   0.00082   17.4   0.0    11    69   129   212   122   219 0.70 -
YOtrMO009354         -            960 290630at2759         -            562    5e-204  678.3   6.0   3   3  2.5e-197  2.3e-195  649.7   3.0    71   538   314   836   308   869 0.88 -
YOtrMO002590         -            359 290630at2759         -            562   4.1e-63  213.1   9.2   1   3   1.7e-26   1.5e-24   85.8   0.3   153   292    66   204    56   205 0.95 -
YOtrMO002590         -            359 290630at2759         -            562   4.1e-63  213.1   9.2   2   3   2.2e-19   1.9e-17   62.3   0.1   153   237   150   234   148   243 0.94 -
YOtrMO002590         -            359 290630at2759         -            562   4.1e-63  213.1   9.2   3   3   5.1e-26   4.6e-24   84.2   0.8   155   307   194   355   193   358 0.90 -
YOtrMO006905         -            412 290630at2759         -            562   3.1e-43  147.5  10.0   1   4   8.8e-13   7.8e-11   40.5   0.1   153   236   105   189    98   191 0.94 -
YOtrMO006905         -            412 290630at2759         -            562   3.1e-43  147.5  10.0   2   4   1.5e-15   1.4e-13   49.6   1.5   141   225   177   262   176   262 0.93 -
YOtrMO006905         -            412 290630at2759         -            562   3.1e-43  147.5  10.0   3   4   6.4e-06   0.00057   17.9   0.2   167   209   246   288   240   295 0.92 -
YOtrMO006905         -            412 290630at2759         -            562   3.1e-43  147.5  10.0   4   4   9.4e-19   8.4e-17   60.2   0.1   167   269   308   409   306   411 0.94 -
YOtrMO030743         -            410 290630at2759         -            562   9.3e-43  145.9   2.4   1   2   4.1e-15   3.6e-13   48.2   0.1   153   226    16    89    12    92 0.97 -
YOtrMO030743         -            410 290630at2759         -            562   9.3e-43  145.9   2.4   2   2   5.1e-30   4.5e-28   97.4   0.5   155   370   102   325    99   334 0.90 -
YOtrMO014889         -            489 290630at2759         -            562     8e-41  139.5  11.8   1   4   9.8e-12   8.7e-10   37.1   0.1   154   344   117   189   109   189 0.54 -
YOtrMO014889         -            489 290630at2759         -            562     8e-41  139.5  11.8   2   4     7e-15   6.2e-13   47.5   0.4   121   240   168   292   167   303 0.86 -
YOtrMO014889         -            489 290630at2759         -            562     8e-41  139.5  11.8   3   4   3.6e-16   3.2e-14   51.7   1.2   136   227   355   446   346   448 0.93 -
YOtrMO014889         -            489 290630at2759         -            562     8e-41  139.5  11.8   4   4   4.1e-07   3.6e-05   21.8   0.1   138   184   441   487   439   488 0.95 -
YOtrMO027324         -           1365 290630at2759         -            562   1.5e-40  138.6  14.1   1   3   7.6e-08   6.8e-06   24.2   0.1   151   205  1029  1080  1006  1084 0.81 -
YOtrMO027324         -           1365 290630at2759         -            562   1.5e-40  138.6  14.1   2   3     1e-11   8.9e-10   37.0   0.7   167   227  1082  1140  1078  1148 0.90 -
YOtrMO027324         -           1365 290630at2759         -            562   1.5e-40  138.6  14.1   3   3   4.3e-26   3.9e-24   84.5   2.9   154   315  1151  1310  1144  1318 0.91 -
YOtrMO008537         -           1699 290630at2759         -            562   6.5e-40  136.5  20.0   1   5   1.4e-11   1.2e-09   36.6   1.3   107   228   885  1008   879  1011 0.91 -
YOtrMO008537         -           1699 290630at2759         -            562   6.5e-40  136.5  20.0   2   5   7.6e-12   6.8e-10   37.4   0.3   169   291   991  1111   989  1171 0.89 -
YOtrMO008537         -           1699 290630at2759         -            562   6.5e-40  136.5  20.0   3   5   1.2e-09     1e-07   30.2   0.0   153   213  1245  1305  1210  1311 0.88 -
YOtrMO008537         -           1699 290630at2759         -            562   6.5e-40  136.5  20.0   4   5     0.012       1.1    7.1   0.0   265   312  1314  1362  1305  1368 0.81 -
YOtrMO008537         -           1699 290630at2759         -            562   6.5e-40  136.5  20.0   5   5   4.4e-13     4e-11   41.5   3.9   154   282  1368  1496  1363  1498 0.94 -
YOtrMO008959         -            374 290630at2759         -            562   3.1e-38  131.0   2.5   1   2   6.1e-22   5.4e-20   70.8   0.6   114   228    77   191    65   200 0.94 -
YOtrMO008959         -            374 290630at2759         -            562   3.1e-38  131.0   2.5   2   2     1e-18   9.1e-17   60.1   0.0   154   293   201   343   196   371 0.85 -
YOtrMO013385         -            348 290630at2759         -            562   5.8e-38  130.1   0.1   1   2   3.1e-10   2.8e-08   32.1   0.0   149   228    48   128    43   129 0.93 -
YOtrMO013385         -            348 290630at2759         -            562   5.8e-38  130.1   0.1   2   2   2.7e-24   2.4e-22   78.5   0.0   158   307   184   344   173   347 0.91 -
YOtrMO023382         -            510 290630at2759         -            562   1.4e-37  128.8   2.9   1   4       7.5   6.7e+02   -2.2   0.0   472   544    38   109    34   124 0.63 -
YOtrMO023382         -            510 290630at2759         -            562   1.4e-37  128.8   2.9   2   4   1.5e-06   0.00013   19.9   0.0   156   189   214   247   205   253 0.90 -
YOtrMO023382         -            510 290630at2759         -            562   1.4e-37  128.8   2.9   3   4   5.4e-18   4.9e-16   57.7   0.1   158   229   266   338   252   346 0.89 -
YOtrMO023382         -            510 290630at2759         -            562   1.4e-37  128.8   2.9   4   4   9.9e-16   8.9e-14   50.3   0.0   152   307   345   508   337   509 0.84 -
YOtrMO022873         -            332 290630at2759         -            562   1.4e-37  128.8   5.3   1   3   9.4e-11   8.4e-09   33.8   0.2   169   283    53   169    49   173 0.90 -
YOtrMO022873         -            332 290630at2759         -            562   1.4e-37  128.8   5.3   2   3   5.2e-14   4.6e-12   44.6   0.0   160   228   174   242   163   251 0.92 -
YOtrMO022873         -            332 290630at2759         -            562   1.4e-37  128.8   5.3   3   3   3.6e-16   3.2e-14   51.7   0.9   153   222   251   320   244   324 0.95 -
YOtrMO027730         -           1237 290630at2759         -            562   4.1e-37  127.3   1.8   1   3     3e-17   2.6e-15   55.3   0.0   114   226     9   121     1   123 0.95 -
YOtrMO027730         -           1237 290630at2759         -            562   4.1e-37  127.3   1.8   2   3   3.8e-14   3.4e-12   45.0   0.4   155   231    92   168    91   173 0.95 -
YOtrMO027730         -           1237 290630at2759         -            562   4.1e-37  127.3   1.8   3   3   1.4e-13   1.3e-11   43.1   0.0   153   261   205   315   197   322 0.91 -
YOtrMO028313         -            541 290630at2759         -            562   8.2e-37  126.3   4.2   1   3   0.00069     0.061   11.2   0.0   151   225   243   324   231   326 0.77 -
YOtrMO028313         -            541 290630at2759         -            562   8.2e-37  126.3   4.2   2   3   2.6e-07   2.3e-05   22.5   0.0   170   228   311   370   305   373 0.93 -
YOtrMO028313         -            541 290630at2759         -            562   8.2e-37  126.3   4.2   3   3   2.4e-33   2.2e-31  108.4   0.8   115   307   341   537   339   539 0.94 -
YOtrMO020258         -            934 290630at2759         -            562   9.4e-37  126.1   3.4   1   6   1.6e-07   1.5e-05   23.1   0.0   113   226    22   138     7   142 0.86 -
YOtrMO020258         -            934 290630at2759         -            562   9.4e-37  126.1   3.4   2   6   2.7e-09   2.4e-07   29.0   0.1   155   266   109   222   103   244 0.87 -
YOtrMO020258         -            934 290630at2759         -            562   9.4e-37  126.1   3.4   3   6     0.013       1.1    7.0   0.0   152   194   409   450   405   460 0.90 -
YOtrMO020258         -            934 290630at2759         -            562   9.4e-37  126.1   3.4   4   6   0.00084     0.075   10.9   0.0   128   185   466   523   461   526 0.91 -
YOtrMO020258         -            934 290630at2759         -            562   9.4e-37  126.1   3.4   5   6    0.0078      0.69    7.7   0.0   304   343   537   577   523   582 0.87 -
YOtrMO020258         -            934 290630at2759         -            562   9.4e-37  126.1   3.4   6   6   1.4e-16   1.3e-14   53.1   0.0   148   264   584   701   580   715 0.92 -
YOtrMO013659         -            925 290630at2759         -            562   2.1e-36  125.0   1.5   1   2   4.3e-21   3.8e-19   68.0   0.2    69   233    12   179     5   182 0.91 -
YOtrMO013659         -            925 290630at2759         -            562   2.1e-36  125.0   1.5   2   2   2.5e-17   2.3e-15   55.5   0.0   153   231   182   262   177   274 0.92 -
YOtrMO016799         -            724 290630at2759         -            562   8.1e-36  123.0   8.1   1   4   0.00037     0.033   12.1   0.0   278   331   373   430   370   434 0.84 -
YOtrMO016799         -            724 290630at2759         -            562   8.1e-36  123.0   8.1   2   4   2.9e-10   2.6e-08   32.2   0.4   157   231   434   507   431   543 0.85 -
YOtrMO016799         -            724 290630at2759         -            562   8.1e-36  123.0   8.1   3   4   7.3e-15   6.5e-13   47.4   0.0   153   237   554   647   550   649 0.86 -
YOtrMO016799         -            724 290630at2759         -            562   8.1e-36  123.0   8.1   4   4   4.3e-10   3.8e-08   31.7   0.2   154   230   648   723   646   723 0.93 -
YOtrMO008207         -            680 290630at2759         -            562   6.6e-35  120.0   6.1   1   4     0.062       5.5    4.7   0.0   153   187    25    59    16    62 0.81 -
YOtrMO008207         -            680 290630at2759         -            562   6.6e-35  120.0   6.1   2   4   6.5e-15   5.8e-13   47.6   0.5   145   228    62   145    59   158 0.95 -
YOtrMO008207         -            680 290630at2759         -            562   6.6e-35  120.0   6.1   3   4   2.3e-21   2.1e-19   68.8   0.6   104   222   156   274   145   319 0.93 -
YOtrMO008207         -            680 290630at2759         -            562   6.6e-35  120.0   6.1   4   4       9.5   8.5e+02   -2.5   0.0   284   334   293   348   286   376 0.67 -
YOtrMO020214         -            425 290630at2759         -            562   4.3e-34  117.3   0.4   1   2   6.9e-09   6.2e-07   27.7   0.0   154   228   104   196   100   198 0.77 -
YOtrMO020214         -            425 290630at2759         -            562   4.3e-34  117.3   0.4   2   2   3.4e-26     3e-24   84.8   0.1   103   295   199   402   196   422 0.83 -
YOtrMO031156         -            609 290630at2759         -            562   2.2e-33  115.0   5.9   1   4   3.1e-05    0.0028   15.6   0.0   154   191    62    99    59   127 0.75 -
YOtrMO031156         -            609 290630at2759         -            562   2.2e-33  115.0   5.9   2   4   6.1e-14   5.5e-12   44.3   0.0   110   227   148   268   133   291 0.89 -
YOtrMO031156         -            609 290630at2759         -            562   2.2e-33  115.0   5.9   3   4   2.9e-07   2.6e-05   22.3   0.1   153   258   322   426   318   434 0.81 -
YOtrMO031156         -            609 290630at2759         -            562   2.2e-33  115.0   5.9   4   4   3.6e-09   3.2e-07   28.6   0.9   108   270   441   605   432   608 0.77 -
YOtrMO009429         -            835 290630at2759         -            562   3.5e-33  114.3  15.1   1   5   2.4e-12   2.1e-10   39.1   0.8   159   345   120   323   112   340 0.73 -
YOtrMO009429         -            835 290630at2759         -            562   3.5e-33  114.3  15.1   2   5       5.3   4.7e+02   -1.7   0.0   323   402   343   418   323   424 0.60 -
YOtrMO009429         -            835 290630at2759         -            562   3.5e-33  114.3  15.1   3   5   1.3e-06   0.00011   20.2   0.3   153   250   424   526   372   527 0.78 -
YOtrMO009429         -            835 290630at2759         -            562   3.5e-33  114.3  15.1   4   5   3.3e-13     3e-11   41.9   0.2   154   235   523   604   516   614 0.94 -
YOtrMO009429         -            835 290630at2759         -            562   3.5e-33  114.3  15.1   5   5   2.5e-07   2.2e-05   22.5   0.1   161   210   613   662   602   682 0.84 -
YOtrMO005416         -            357 290630at2759         -            562   1.5e-32  112.2   9.3   1   2   7.8e-16     7e-14   50.6   0.6   153   293    65   208    61   210 0.90 -
YOtrMO005416         -            357 290630at2759         -            562   1.5e-32  112.2   9.3   2   2   1.9e-20   1.7e-18   65.8   2.0   167   306   211   355   206   356 0.93 -
YOtrMO022066         -            511 290630at2759         -            562   4.4e-32  110.7  12.1   1   3     5e-19   4.4e-17   61.1   4.4   155   315   209   367   191   370 0.82 -
YOtrMO022066         -            511 290630at2759         -            562   4.4e-32  110.7  12.1   2   3   4.4e-12   3.9e-10   38.2   0.1   140   228   357   441   357   442 0.92 -
YOtrMO022066         -            511 290630at2759         -            562   4.4e-32  110.7  12.1   3   3   6.2e-10   5.5e-08   31.1   0.1   154   230   411   492   410   504 0.83 -
YOtrMO000894         -            790 290630at2759         -            562   7.5e-32  109.9   0.5   1   3     2e-13   1.7e-11   42.7   0.0   153   236    15    98     9   100 0.95 -
YOtrMO000894         -            790 290630at2759         -            562   7.5e-32  109.9   0.5   2   3   3.9e-15   3.5e-13   48.3   0.0   153   237    99   184    98   191 0.91 -
YOtrMO000894         -            790 290630at2759         -            562   7.5e-32  109.9   0.5   3   3   2.1e-05    0.0018   16.2   0.0    74   142   191   261   188   282 0.85 -
YOtrMO002122         -            479 290630at2759         -            562   1.1e-31  109.3   4.4   1   3     6e-12   5.3e-10   37.8   0.0   154   232   166   244   162   249 0.94 -
YOtrMO002122         -            479 290630at2759         -            562   1.1e-31  109.3   4.4   2   3     7e-21   6.3e-19   67.3   2.4   152   308   248   405   241   413 0.93 -
YOtrMO002122         -            479 290630at2759         -            562   1.1e-31  109.3   4.4   3   3     0.016       1.4    6.7   0.0   170   225   390   453   385   456 0.82 -
YOtrMO007228         -            709 290630at2759         -            562   1.2e-31  109.3   5.5   1   2      0.16        14    3.3   0.0   157   186   382   411   377   415 0.85 -
YOtrMO007228         -            709 290630at2759         -            562   1.2e-31  109.3   5.5   2   2   3.4e-32     3e-30  104.6   4.1   154   345   452   651   445   666 0.92 -
YOtrMO030034         -            742 290630at2759         -            562   1.2e-31  109.2   5.3   1   3   7.5e-07   6.7e-05   21.0   0.1   154   230    59   142    52   231 0.63 -
YOtrMO030034         -            742 290630at2759         -            562   1.2e-31  109.2   5.3   2   3   1.5e-15   1.4e-13   49.6   0.8   147   343   356   564   348   564 0.85 -
YOtrMO030034         -            742 290630at2759         -            562   1.2e-31  109.2   5.3   3   3   2.3e-10   2.1e-08   32.5   0.5   156   226   580   650   576   653 0.94 -
YOtrMO014969         -            319 290630at2759         -            562   2.3e-30  105.0   6.2   1   5    0.0034      0.31    8.9   0.0   274   313     6    50     2    54 0.85 -
YOtrMO014969         -            319 290630at2759         -            562   2.3e-30  105.0   6.2   2   5   0.00034      0.03   12.2   0.1   279   313    60    98    51   103 0.71 -
YOtrMO014969         -            319 290630at2759         -            562   2.3e-30  105.0   6.2   3   5   3.1e-14   2.8e-12   45.3   0.2   153   228   103   181    97   187 0.89 -
YOtrMO014969         -            319 290630at2759         -            562   2.3e-30  105.0   6.2   4   5   3.9e-09   3.5e-07   28.5   0.0   153   228   190   263   182   272 0.87 -
YOtrMO014969         -            319 290630at2759         -            562   2.3e-30  105.0   6.2   5   5    0.0025      0.22    9.3   0.0   160   186   288   314   281   317 0.88 -
YOtrMO025724         -            805 290630at2759         -            562   2.7e-30  104.8   7.5   1   2   2.2e-13     2e-11   42.5   0.5   117   234   149   265   143   269 0.91 -
YOtrMO025724         -            805 290630at2759         -            562   2.7e-30  104.8   7.5   2   2   2.1e-20   1.8e-18   65.7   1.1   153   307   268   430   262   439 0.90 -
YOtrMO030793         -            347 290630at2759         -            562   4.4e-30  104.1   4.0   1   2   1.4e-09   1.3e-07   29.9   0.3   153   228    56   131    49   136 0.93 -
YOtrMO030793         -            347 290630at2759         -            562   4.4e-30  104.1   4.0   2   2   4.3e-23   3.8e-21   74.6   0.3   137   306   171   345   152   346 0.87 -
YOtrMO004501         -            479 290630at2759         -            562   5.9e-30  103.7   2.1   1   3   1.2e-08   1.1e-06   26.8   0.2    83   174   182   272   164   284 0.84 -
YOtrMO004501         -            479 290630at2759         -            562   5.9e-30  103.7   2.1   2   3     7e-13   6.2e-11   40.9   0.0   153   225   295   370   289   401 0.86 -
YOtrMO004501         -            479 290630at2759         -            562   5.9e-30  103.7   2.1   3   3   7.9e-11   7.1e-09   34.1   0.0   132   187   404   459   385   463 0.91 -
YOtrMO008533         -            506 290630at2759         -            562   8.4e-30  103.2   0.3   1   2   2.1e-10   1.9e-08   32.7   0.0   139   219   248   328   224   345 0.67 -
YOtrMO008533         -            506 290630at2759         -            562   8.4e-30  103.2   0.3   2   2   8.7e-21   7.8e-19   66.9   0.1   159   308   353   504   347   505 0.91 -
YOtrMO013900         -            318 290630at2759         -            562     3e-29  101.3   0.2   1   3   3.9e-15   3.5e-13   48.3   0.1   191   392    16   219     2   222 0.80 -
YOtrMO013900         -            318 290630at2759         -            562     3e-29  101.3   0.2   2   3   8.9e-12   7.9e-10   37.2   0.0   160   293   153   294   143   294 0.84 -
YOtrMO013900         -            318 290630at2759         -            562     3e-29  101.3   0.2   3   3   1.2e-08   1.1e-06   26.9   0.0   163   218   248   304   243   308 0.89 -
YOtrMO027064         -            349 290630at2759         -            562   7.2e-29  100.1   1.0   1   2   2.4e-09   2.1e-07   29.2   0.1   193   309    50   172    46   180 0.89 -
YOtrMO027064         -            349 290630at2759         -            562   7.2e-29  100.1   1.0   2   2   1.6e-21   1.4e-19   69.4   0.2   154   291   182   320   176   324 0.93 -
YOtrMO022760         -            754 290630at2759         -            562   9.3e-29   99.7   0.6   1   3       9.7   8.7e+02   -2.5   0.0    75   104   397   426   391   428 0.81 -
YOtrMO022760         -            754 290630at2759         -            562   9.3e-29   99.7   0.6   2   3   4.7e-16   4.2e-14   51.3   0.2   191   313   492   617   485   624 0.92 -
YOtrMO022760         -            754 290630at2759         -            562   9.3e-29   99.7   0.6   3   3   2.6e-14   2.3e-12   45.6   0.0   157   229   626   698   622   721 0.94 -
YOtrMO029330         -            318 290630at2759         -            562   1.2e-28   99.4  13.5   1   5   0.00095     0.085   10.7   0.1   274   311     6    48     3    59 0.85 -
YOtrMO029330         -            318 290630at2759         -            562   1.2e-28   99.4  13.5   2   5   0.00022      0.02   12.8   0.2   281   313    62    98    51   103 0.60 -
YOtrMO029330         -            318 290630at2759         -            562   1.2e-28   99.4  13.5   3   5   5.1e-21   4.6e-19   67.7   0.7   153   293   103   244    98   244 0.88 -
YOtrMO029330         -            318 290630at2759         -            562   1.2e-28   99.4  13.5   4   5   1.6e-07   1.4e-05   23.2   0.1   153   227   190   262   185   269 0.84 -
YOtrMO029330         -            318 290630at2759         -            562   1.2e-28   99.4  13.5   5   5   0.00013     0.012   13.5   0.3   117   188   237   316   235   317 0.79 -
YOtrMO024030         -            571 290630at2759         -            562   3.4e-28   97.9   5.9   1   2     1e-24     9e-23   80.0   1.4   153   345   276   481   269   492 0.85 -
YOtrMO024030         -            571 290630at2759         -            562   3.4e-28   97.9   5.9   2   2   1.3e-06   0.00012   20.2   0.2   161   226   504   570   493   570 0.89 -
YOtrMO003419         -            316 290630at2759         -            562   6.1e-27   93.7   1.5   1   4   2.8e-06   0.00025   19.1   0.0   166   227     5    66     1    69 0.83 -
YOtrMO003419         -            316 290630at2759         -            562   6.1e-27   93.7   1.5   2   4   7.9e-05    0.0071   14.3   0.0   150   188    75   113    67   125 0.86 -
YOtrMO003419         -            316 290630at2759         -            562   6.1e-27   93.7   1.5   3   4   2.1e-10   1.9e-08   32.7   0.0    75   187   127   247   122   252 0.86 -
YOtrMO003419         -            316 290630at2759         -            562   6.1e-27   93.7   1.5   4   4   1.1e-07   9.7e-06   23.7   0.1   162   208   264   310   257   314 0.94 -
YOtrMO018346         -            327 290630at2759         -            562   4.2e-26   90.9   0.4   1   4   3.7e-08   3.3e-06   25.3   0.0   152   227     6    81     3    83 0.97 -
YOtrMO018346         -            327 290630at2759         -            562   4.2e-26   90.9   0.4   2   4   0.00035     0.032   12.1   0.2   153   211    49   106    49   113 0.87 -
YOtrMO018346         -            327 290630at2759         -            562   4.2e-26   90.9   0.4   3   4   6.3e-14   5.6e-12   44.3   0.1   158   275   149   267   141   271 0.90 -
YOtrMO018346         -            327 290630at2759         -            562   4.2e-26   90.9   0.4   4   4   1.9e-05    0.0017   16.3   0.0   152   188   283   319   276   325 0.89 -
YOtrMO020790         -           2279 290630at2759         -            562   5.3e-26   90.6   1.2   1   3     1e-11   9.1e-10   37.0   0.0   152   228   212   288   203   291 0.95 -
YOtrMO020790         -           2279 290630at2759         -            562   5.3e-26   90.6   1.2   2   3   1.2e-06   0.00011   20.3   0.0   156   238   258   345   255   354 0.78 -
YOtrMO020790         -           2279 290630at2759         -            562   5.3e-26   90.6   1.2   3   3   8.6e-15   7.7e-13   47.2   0.2   148   349   350   581   332   584 0.77 -
YOtrMO029461         -           1557 290630at2759         -            562   5.7e-26   90.5   1.7   1   4       1.1        94    0.7   0.0    74   105   516   547   507   552 0.85 -
YOtrMO029461         -           1557 290630at2759         -            562   5.7e-26   90.5   1.7   2   4   0.00016     0.014   13.3   0.0   276   309   580   617   571   624 0.63 -
YOtrMO029461         -           1557 290630at2759         -            562   5.7e-26   90.5   1.7   3   4   1.7e-13   1.5e-11   42.9   0.4   148   237   621   710   617   713 0.93 -
YOtrMO029461         -           1557 290630at2759         -            562   5.7e-26   90.5   1.7   4   4   1.2e-09     1e-07   30.2   0.0   155   229   712   786   710   789 0.97 -
YOtrMO002157         -            535 290630at2759         -            562     1e-24   86.3   0.2   1   2   3.4e-11     3e-09   35.3   0.0    96   226    62   194    52   200 0.92 -
YOtrMO002157         -            535 290630at2759         -            562     1e-24   86.3   0.2   2   2   6.3e-16   5.6e-14   50.9   0.1   138   261   190   312   188   317 0.91 -
YOtrMO009198         -            332 290630at2759         -            562   1.5e-24   85.8  10.7   1   5   2.7e-08   2.4e-06   25.7   0.0   153   225    11    86     5    90 0.85 -
YOtrMO009198         -            332 290630at2759         -            562   1.5e-24   85.8  10.7   2   5   2.1e-11   1.9e-09   35.9   0.3   143   225    86   171    85   176 0.89 -
YOtrMO009198         -            332 290630at2759         -            562   1.5e-24   85.8  10.7   3   5   8.6e-10   7.7e-08   30.7   0.6   154   225   142   217   141   224 0.89 -
YOtrMO009198         -            332 290630at2759         -            562   1.5e-24   85.8  10.7   4   5   4.4e-05    0.0039   15.1   0.8   154   225   188   275   187   279 0.78 -
YOtrMO009198         -            332 290630at2759         -            562   1.5e-24   85.8  10.7   5   5   0.00045     0.041   11.8   0.1   166   228   258   330   247   331 0.67 -
YOtrMO013524         -            309 290630at2759         -            562     1e-23   83.1   1.8   1   3   7.7e-13   6.9e-11   40.7   0.1   158   228    19    89    13    99 0.94 -
YOtrMO013524         -            309 290630at2759         -            562     1e-23   83.1   1.8   2   3   7.9e-13     7e-11   40.7   0.2   149   315    94   263    84   266 0.81 -
YOtrMO013524         -            309 290630at2759         -            562     1e-23   83.1   1.8   3   3    0.0003     0.026   12.4   0.0   159   231   186   260   180   296 0.86 -
YOtrMO006883         -            649 290630at2759         -            562   3.4e-23   81.3   4.9   1   3   5.1e-11   4.6e-09   34.7   0.0   148   237   354   445   350   446 0.91 -
YOtrMO006883         -            649 290630at2759         -            562   3.4e-23   81.3   4.9   2   3   4.3e-07   3.8e-05   21.7   0.2   154   228   446   520   442   524 0.95 -
YOtrMO006883         -            649 290630at2759         -            562   3.4e-23   81.3   4.9   3   3   5.3e-06   0.00047   18.1   0.1   162   215   583   635   577   640 0.90 -
YOtrMO022710         -            929 290630at2759         -            562   5.4e-23   80.7   0.2   1   3      0.37        33    2.2   0.0   138   204   101   168    37   180 0.56 -
YOtrMO022710         -            929 290630at2759         -            562   5.4e-23   80.7   0.2   2   3   6.7e-11   5.9e-09   34.3   0.0   128   311   177   369   162   386 0.87 -
YOtrMO022710         -            929 290630at2759         -            562   5.4e-23   80.7   0.2   3   3     1e-12   9.2e-11   40.3   0.3   156   336   456   648   445   660 0.78 -
YOtrMO021810         -            323 290630at2759         -            562   5.5e-23   80.7   1.5   1   3   4.1e-09   3.7e-07   28.4   0.7   144   227    16   102    13   103 0.88 -
YOtrMO021810         -            323 290630at2759         -            562   5.5e-23   80.7   1.5   2   3     2e-08   1.8e-06   26.1   0.2   278   345    67   143    64   149 0.82 -
YOtrMO021810         -            323 290630at2759         -            562   5.5e-23   80.7   1.5   3   3   7.7e-13   6.9e-11   40.7   0.0   116   219   157   260   144   265 0.96 -
YOtrMO008234         -            329 290630at2759         -            562   1.6e-20   72.5   2.7   1   3       4.3   3.9e+02   -1.4   0.0   279   297    13    31     8    34 0.85 -
YOtrMO008234         -            329 290630at2759         -            562   1.6e-20   72.5   2.7   2   3     3e-07   2.7e-05   22.3   0.5   149   228    55   133    21   136 0.86 -
YOtrMO008234         -            329 290630at2759         -            562   1.6e-20   72.5   2.7   3   3   2.8e-15   2.5e-13   48.8   0.0   154   309   144   299   141   309 0.87 -
YOtrMO013769         -           2465 290630at2759         -            562     3e-20   71.6   5.4   1   3   1.7e-05    0.0015   16.5   0.1    97   215   108   239    97   256 0.74 -
YOtrMO013769         -           2465 290630at2759         -            562     3e-20   71.6   5.4   2   3   1.2e-08     1e-06   26.9   0.2   116   269   518   677   515   693 0.80 -
YOtrMO013769         -           2465 290630at2759         -            562     3e-20   71.6   5.4   3   3   9.9e-09   8.8e-07   27.2   0.1   159   226   697   764   688   769 0.89 -
YOtrMO007093         -            347 290630at2759         -            562   3.9e-20   71.2   1.6   1   4      0.27        24    2.6   0.0    72   105    29    62    10    68 0.62 -
YOtrMO007093         -            347 290630at2759         -            562   3.9e-20   71.2   1.6   2   4   0.00034      0.03   12.2   0.1   152   187    80   115    73   145 0.74 -
YOtrMO007093         -            347 290630at2759         -            562   3.9e-20   71.2   1.6   3   4   5.5e-07   4.9e-05   21.4   0.2   253   316   148   214   137   222 0.75 -
YOtrMO007093         -            347 290630at2759         -            562   3.9e-20   71.2   1.6   4   4   6.5e-10   5.8e-08   31.1   0.0   113   227   225   343   222   345 0.91 -
YOtrMO025025         -            507 290630at2759         -            562   1.2e-19   69.6   0.6   1   3       1.1        95    0.6   0.0   154   186   218   249   213   253 0.85 -
YOtrMO025025         -            507 290630at2759         -            562   1.2e-19   69.6   0.6   2   3   1.4e-14   1.2e-12   46.5   0.0   114   233   266   387   223   399 0.85 -
YOtrMO025025         -            507 290630at2759         -            562   1.2e-19   69.6   0.6   3   3   1.8e-06   0.00016   19.7   0.3   116   221   395   498   390   505 0.84 -
YOtrMO013468         -            528 290630at2759         -            562   3.7e-19   68.0   6.4   1   2   3.6e-05    0.0032   15.4   0.1   140   227   232   320   216   328 0.76 -
YOtrMO013468         -            528 290630at2759         -            562   3.7e-19   68.0   6.4   2   2   1.5e-19   1.4e-17   62.8   2.2    78   319   257   510   253   518 0.89 -
YOtrMO017986         -            752 290630at2759         -            562   5.1e-19   67.6   1.0   1   3   2.4e-08   2.1e-06   25.9   0.0   153   227   433   518   425   520 0.82 -
YOtrMO017986         -            752 290630at2759         -            562   5.1e-19   67.6   1.0   2   3    0.0012      0.11   10.4   0.0   278   314   537   575   524   584 0.81 -
YOtrMO017986         -            752 290630at2759         -            562   5.1e-19   67.6   1.0   3   3   6.5e-09   5.8e-07   27.8   0.4    85   222   599   747   588   750 0.71 -
YOtrMO031372         -            428 290630at2759         -            562   6.6e-19   67.2   0.9   1   3   1.2e-06   0.00011   20.2   0.3   166   225    98   157    80   166 0.86 -
YOtrMO031372         -            428 290630at2759         -            562   6.6e-19   67.2   0.9   2   3   1.1e-07   9.8e-06   23.7   0.0   157   228   178   248   159   256 0.92 -
YOtrMO031372         -            428 290630at2759         -            562   6.6e-19   67.2   0.9   3   3   3.2e-06   0.00028   18.9   0.0   114   227   305   422   299   424 0.80 -
YOtrMO023986         -            785 290630at2759         -            562   1.7e-18   65.8   8.1   1   2   8.2e-19   7.3e-17   60.4   5.5   119   344    25   274    12   275 0.78 -
YOtrMO023986         -            785 290630at2759         -            562   1.7e-18   65.8   8.1   2   2    0.0032      0.29    9.0   0.2   176   223   266   315   244   324 0.81 -
YOtrMO019945         -            495 290630at2759         -            562   5.7e-18   64.1   9.6   1   3   1.9e-08   1.7e-06   26.2   0.2   154   226   165   237   156   240 0.85 -
YOtrMO019945         -            495 290630at2759         -            562   5.7e-18   64.1   9.6   2   3    0.0089       0.8    7.5   0.2   290   315   296   321   282   324 0.83 -
YOtrMO019945         -            495 290630at2759         -            562   5.7e-18   64.1   9.6   3   3   2.6e-11   2.3e-09   35.7   0.4   154   308   325   488   321   492 0.78 -
YOtrMO028235         -            378 290630at2759         -            562   8.7e-18   63.5   2.8   1   2     7e-06   0.00063   17.7   0.1   172   237   130   207   111   208 0.67 -
YOtrMO028235         -            378 290630at2759         -            562   8.7e-18   63.5   2.8   2   2   1.9e-14   1.7e-12   46.0   0.5   154   306   208   371   206   373 0.88 -
YOtrMO014939         -            790 290630at2759         -            562   2.1e-17   62.2   3.0   1   4   5.7e-08   5.1e-06   24.6   0.1   167   225    33    94    15   101 0.83 -
YOtrMO014939         -            790 290630at2759         -            562   2.1e-17   62.2   3.0   2   4   7.5e-06   0.00067   17.6   0.1   278   313   104   143   101   149 0.80 -
YOtrMO014939         -            790 290630at2759         -            562   2.1e-17   62.2   3.0   3   4     0.045         4    5.2   0.0   234   306   147   220   145   220 0.55 -
YOtrMO014939         -            790 290630at2759         -            562   2.1e-17   62.2   3.0   4   4   4.7e-05    0.0042   15.0   0.0   169   264   206   303   180   308 0.81 -
YOtrMO025294         -            507 290630at2759         -            562   3.4e-17   61.5   0.0   1   2   1.6e-13   1.4e-11   43.0   0.0    74   287   160   375   150   382 0.89 -
YOtrMO025294         -            507 290630at2759         -            562   3.4e-17   61.5   0.0   2   2   2.8e-05    0.0025   15.8   0.0   215   271   387   442   380   445 0.88 -
YOtrMO008604         -            823 290630at2759         -            562   1.4e-16   59.5  12.0   1   5   9.7e-09   8.6e-07   27.2   0.1   154   313    80   265    65   286 0.74 -
YOtrMO008604         -            823 290630at2759         -            562   1.4e-16   59.5  12.0   2   5      0.12        10    3.8   0.2   276   307   303   341   298   354 0.79 -
YOtrMO008604         -            823 290630at2759         -            562   1.4e-16   59.5  12.0   3   5    0.0079      0.71    7.7   0.0   163   224   368   434   359   437 0.84 -
YOtrMO008604         -            823 290630at2759         -            562   1.4e-16   59.5  12.0   4   5     3e-07   2.7e-05   22.2   0.2   117   226   584   709   573   713 0.79 -
YOtrMO008604         -            823 290630at2759         -            562   1.4e-16   59.5  12.0   5   5      0.37        33    2.2   0.0   129   185   756   819   721   822 0.62 -
YOtrMO028992         -            646 290630at2759         -            562     2e-16   59.0   0.9   1   3     4e-08   3.6e-06   25.2   0.0   193   277   324   414   315   420 0.78 -
YOtrMO028992         -            646 290630at2759         -            562     2e-16   59.0   0.9   2   3     0.052       4.6    5.0   0.0   156   232   421   494   414   542 0.74 -
YOtrMO028992         -            646 290630at2759         -            562     2e-16   59.0   0.9   3   3   1.5e-08   1.3e-06   26.6   0.1   230   306   537   617   461   622 0.68 -
YOtrMO008149         -            514 290630at2759         -            562     3e-16   58.4   1.0   1   4      0.55        49    1.6   0.0   200   226   131   157   123   184 0.82 -
YOtrMO008149         -            514 290630at2759         -            562     3e-16   58.4   1.0   2   4     0.015       1.3    6.8   0.0   321   400   180   254   162   264 0.77 -
YOtrMO008149         -            514 290630at2759         -            562     3e-16   58.4   1.0   3   4   1.5e-11   1.4e-09   36.4   0.1   111   241   220   361   216   376 0.82 -
YOtrMO008149         -            514 290630at2759         -            562     3e-16   58.4   1.0   4   4   7.8e-05    0.0069   14.3   0.0   255   307   421   476   388   487 0.71 -
YOtrMO019864         -            327 290630at2759         -            562     3e-16   58.4   0.7   1   2   3.7e-13   3.3e-11   41.8   0.1   201   345    16   164    12   205 0.82 -
YOtrMO019864         -            327 290630at2759         -            562     3e-16   58.4   0.7   2   2     5e-05    0.0044   14.9   0.1   159   213   237   291   231   301 0.89 -
YOtrMO014579         -            420 290630at2759         -            562   4.9e-16   57.7   6.3   1   5   0.00051     0.046   11.6   0.2   166   225   113   174   104   179 0.75 -
YOtrMO014579         -            420 290630at2759         -            562   4.9e-16   57.7   6.3   2   5   2.3e-05     0.002   16.0   0.3   138   185   171   222   157   228 0.71 -
YOtrMO014579         -            420 290630at2759         -            562   4.9e-16   57.7   6.3   3   5     5e-06   0.00045   18.2   0.3   278   345   246   320   240   331 0.61 -
YOtrMO014579         -            420 290630at2759         -            562   4.9e-16   57.7   6.3   4   5     0.023       2.1    6.1   0.1   163   215   298   353   284   354 0.83 -
YOtrMO014579         -            420 290630at2759         -            562   4.9e-16   57.7   6.3   5   5    0.0001    0.0093   13.9   0.0   154   226   334   407   324   411 0.86 -
YOtrMO001991         -           1138 290630at2759         -            562     6e-16   57.4   0.4   1   4    0.0029      0.26    9.1   0.0   153   185    76   109    48   115 0.83 -
YOtrMO001991         -           1138 290630at2759         -            562     6e-16   57.4   0.4   2   4     1e-06   9.1e-05   20.5   0.0   111   235   126   254   122   265 0.84 -
YOtrMO001991         -           1138 290630at2759         -            562     6e-16   57.4   0.4   3   4   0.00015     0.014   13.3   0.0   167   227   768   836   755   837 0.80 -
YOtrMO001991         -           1138 290630at2759         -            562     6e-16   57.4   0.4   4   4     1e-06   9.2e-05   20.5   0.0   154   226   804   877   799   882 0.91 -
YOtrMO006371         -            772 290630at2759         -            562     2e-15   55.7   1.1   1   4    0.0024      0.22    9.4   0.0   155   192    72   109    68   117 0.89 -
YOtrMO006371         -            772 290630at2759         -            562     2e-15   55.7   1.1   2   4   6.4e-12   5.7e-10   37.7   0.0   153   232   132   211   125   221 0.94 -
YOtrMO006371         -            772 290630at2759         -            562     2e-15   55.7   1.1   3   4       5.5   4.9e+02   -1.7   0.0   370   386   243   259   234   266 0.82 -
YOtrMO006371         -            772 290630at2759         -            562     2e-15   55.7   1.1   4   4     0.097       8.7    4.1   0.0   176   220   334   379   325   388 0.65 -
YOtrMO001989         -            493 290630at2759         -            562   3.3e-15   55.0   1.2   1   3   9.9e-10   8.8e-08   30.5   0.0   158   229   105   175    75   180 0.90 -
YOtrMO001989         -            493 290630at2759         -            562   3.3e-15   55.0   1.2   2   3   1.4e-06   0.00012   20.1   0.0   154   233   142   235   141   263 0.65 -
YOtrMO001989         -            493 290630at2759         -            562   3.3e-15   55.0   1.2   3   3   7.9e-06    0.0007   17.6   0.1    98   188   226   327   213   339 0.54 -
YOtrMO009201         -            480 290630at2759         -            562   5.8e-15   54.2   5.4   1   3    0.0025      0.22    9.3   0.0   148   189   145   186   137   189 0.93 -
YOtrMO009201         -            480 290630at2759         -            562   5.8e-15   54.2   5.4   2   3     2e-12   1.8e-10   39.3   0.7   158   316   209   368   203   371 0.91 -
YOtrMO009201         -            480 290630at2759         -            562   5.8e-15   54.2   5.4   3   3   7.9e-08   7.1e-06   24.2   0.6   107   225   284   408   279   449 0.59 -
YOtrMO030660         -            487 290630at2759         -            562   8.5e-15   53.6   1.9   1   2   5.6e-09     5e-07   28.0   0.0   120   187    30    97    22   123 0.61 -
YOtrMO030660         -            487 290630at2759         -            562   8.5e-15   53.6   1.9   2   2   2.8e-07   2.5e-05   22.4   0.8   163   285   157   295   148   330 0.75 -
YOtrMO023344         -            690 290630at2759         -            562   1.1e-14   53.2   0.0   1   2   2.8e-15   2.5e-13   48.8   0.0   154   311    52   221    43   248 0.86 -
YOtrMO023344         -            690 290630at2759         -            562   1.1e-14   53.2   0.0   2   2      0.38        34    2.1   0.0   245   291   286   341   277   368 0.63 -
YOtrMO031376         -            853 290630at2759         -            562   1.8e-14   52.5   2.8   1   5     0.042       3.8    5.3   0.0   154   208   300   363   295   375 0.69 -
YOtrMO031376         -            853 290630at2759         -            562   1.8e-14   52.5   2.8   2   5   1.9e-05    0.0017   16.3   0.1   114   232   399   524   377   533 0.74 -
YOtrMO031376         -            853 290630at2759         -            562   1.8e-14   52.5   2.8   3   5      0.97        86    0.8   0.0   154   186   576   608   572   616 0.89 -
YOtrMO031376         -            853 290630at2759         -            562   1.8e-14   52.5   2.8   4   5     5e-08   4.5e-06   24.8   0.0    76   187   621   735   613   737 0.91 -
YOtrMO031376         -            853 290630at2759         -            562   1.8e-14   52.5   2.8   5   5       2.9   2.6e+02   -0.8   0.0    76   142   778   848   746   851 0.60 -
YOtrMO008516         -            461 290630at2759         -            562   2.1e-14   52.3   1.6   1   2   7.6e-07   6.8e-05   20.9   0.2   243   309   227   304   215   312 0.72 -
YOtrMO008516         -            461 290630at2759         -            562   2.1e-14   52.3   1.6   2   2   9.5e-10   8.5e-08   30.5   0.1   152   227   316   395   308   399 0.84 -
YOtrMO001459         -            982 290630at2759         -            562   3.5e-14   51.6   4.3   1   4   1.4e-07   1.3e-05   23.3   0.5   152   226    66   157    59   160 0.80 -
YOtrMO001459         -            982 290630at2759         -            562   3.5e-14   51.6   4.3   2   4     2e-09   1.8e-07   29.4   0.6   102   216   117   238   103   244 0.83 -
YOtrMO001459         -            982 290630at2759         -            562   3.5e-14   51.6   4.3   3   4      0.33        29    2.3   0.0   157   208   221   276   214   280 0.79 -
YOtrMO001459         -            982 290630at2759         -            562   3.5e-14   51.6   4.3   4   4     0.042       3.8    5.3   0.0   170   224   296   351   287   356 0.89 -
YOtrMO004267         -           1520 290630at2759         -            562   5.3e-14   51.0   0.1   1   3   0.00036     0.033   12.1   0.0   159   240    22   110    17   132 0.76 -
YOtrMO004267         -           1520 290630at2759         -            562   5.3e-14   51.0   0.1   2   3   0.00014     0.012   13.5   0.0   171   279   481   594   449   604 0.55 -
YOtrMO004267         -           1520 290630at2759         -            562   5.3e-14   51.0   0.1   3   3   7.9e-07     7e-05   20.9   0.0   118   189  1393  1464  1382  1471 0.87 -
YOtrMO031923         -            446 290630at2759         -            562   5.6e-14   50.9   0.4   1   3   1.1e-07   9.4e-06   23.8   0.0   153   225    63   136    56   140 0.88 -
YOtrMO031923         -            446 290630at2759         -            562   5.6e-14   50.9   0.4   2   3   4.5e-05     0.004   15.1   0.0   100   226   182   310   171   317 0.76 -
YOtrMO031923         -            446 290630at2759         -            562   5.6e-14   50.9   0.4   3   3    0.0065      0.58    7.9   0.1   156   187   325   356   314   363 0.87 -
YOtrMO001422         -           3465 290630at2759         -            562   8.4e-14   50.3   1.3   1   3     0.079       7.1    4.4   0.0   161   187   190   217   185   229 0.83 -
YOtrMO001422         -           3465 290630at2759         -            562   8.4e-14   50.3   1.3   2   3    0.0001     0.009   13.9   0.2   133   216  3212  3301  3207  3315 0.85 -
YOtrMO001422         -           3465 290630at2759         -            562   8.4e-14   50.3   1.3   3   3   3.1e-09   2.7e-07   28.8   0.1   187   278  3320  3410  3298  3420 0.54 -
YOtrMO029782         -            784 290630at2759         -            562   9.6e-14   50.1   0.7   1   2   1.7e-08   1.5e-06   26.4   0.1    93   230   331   477   325   523 0.73 -
YOtrMO029782         -            784 290630at2759         -            562   9.6e-14   50.1   0.7   2   2   3.6e-07   3.2e-05   22.0   0.0    69   184   540   662   508   666 0.84 -
YOtrMO012556         -            464 290630at2759         -            562   1.4e-13   49.6   1.8   1   2   5.9e-09   5.3e-07   27.9   0.8   154   335    16   214    12   222 0.82 -
YOtrMO012556         -            464 290630at2759         -            562   1.4e-13   49.6   1.8   2   2     2e-06   0.00018   19.6   0.0   153   188   274   309   265   315 0.92 -
YOtrMO013331         -            396 290630at2759         -            562   1.6e-13   49.4   0.0   1   3       2.1   1.9e+02   -0.4   0.0   367   388    22    43     5    58 0.74 -
YOtrMO013331         -            396 290630at2759         -            562   1.6e-13   49.4   0.0   2   3   2.3e-08     2e-06   26.0   0.0   252   391    78   219    63   229 0.83 -
YOtrMO013331         -            396 290630at2759         -            562   1.6e-13   49.4   0.0   3   3   1.9e-06   0.00017   19.6   0.0   163   222   249   307   243   316 0.81 -
YOtrMO021441         -            627 290630at2759         -            562   9.1e-13   46.9   0.2   1   2   1.5e-13   1.3e-11   43.1   0.3   116   228    54   167    50   171 0.91 -
YOtrMO021441         -            627 290630at2759         -            562   9.1e-13   46.9   0.2   2   2       1.1        95    0.6   0.0    74    96   597   619   588   623 0.58 -
YOtrMO017004         -            409 290630at2759         -            562   1.5e-12   46.2   3.8   1   4      0.22        20    2.9   0.0   274   307    23    60    15    68 0.67 -
YOtrMO017004         -            409 290630at2759         -            562   1.5e-12   46.2   3.8   2   4    0.0073      0.65    7.8   0.0   159   219    79   143    72   175 0.85 -
YOtrMO017004         -            409 290630at2759         -            562   1.5e-12   46.2   3.8   3   4   1.9e-05    0.0017   16.3   0.1   151   187   245   281   239   286 0.91 -
YOtrMO017004         -            409 290630at2759         -            562   1.5e-12   46.2   3.8   4   4      0.15        14    3.4   0.0   159   187   377   405   370   408 0.83 -
YOtrMO008072         -            778 290630at2759         -            562   1.7e-12   46.0   0.1   1   3   2.7e-05    0.0024   15.8   0.0   152   227    97   175    69   179 0.85 -
YOtrMO008072         -            778 290630at2759         -            562   1.7e-12   46.0   0.1   2   3    0.0016      0.14   10.0   0.0   197   238   222   264   215   311 0.67 -
YOtrMO008072         -            778 290630at2759         -            562   1.7e-12   46.0   0.1   3   3   2.3e-05     0.002   16.1   0.0   164   220   331   389   319   398 0.84 -
YOtrMO007664         -            350 290630at2759         -            562   1.9e-12   45.8   0.9   1   3   3.3e-07   2.9e-05   22.1   0.2   292   346    40   101    23   109 0.78 -
YOtrMO007664         -            350 290630at2759         -            562   1.9e-12   45.8   0.9   2   3   0.00017     0.015   13.1   0.0   278   314   107   149   103   175 0.77 -
YOtrMO007664         -            350 290630at2759         -            562   1.9e-12   45.8   0.9   3   3    0.0072      0.64    7.8   0.0    72   131   255   314   240   319 0.70 -
YOtrMO014623         -            783 290630at2759         -            562   8.4e-12   43.7   0.0   1   3   1.5e-05    0.0014   16.6   0.0   154   214   119   178   113   190 0.84 -
YOtrMO014623         -            783 290630at2759         -            562   8.4e-12   43.7   0.0   2   3   6.1e-06   0.00054   17.9   0.0   146   215   193   261   161   266 0.86 -
YOtrMO014623         -            783 290630at2759         -            562   8.4e-12   43.7   0.0   3   3     0.036       3.2    5.5   0.0   371   405   289   324   277   362 0.77 -
YOtrMO026749         -           1147 290630at2759         -            562   1.5e-11   42.9   1.3   1   3     0.057       5.1    4.8   0.0   157   187   743   773   732   779 0.87 -
YOtrMO026749         -           1147 290630at2759         -            562   1.5e-11   42.9   1.3   2   3   1.9e-08   1.7e-06   26.2   0.1   153   227   832   905   829   909 0.90 -
YOtrMO026749         -           1147 290630at2759         -            562   1.5e-11   42.9   1.3   3   3    0.0063      0.56    8.0   0.1    73   189   921  1047   914  1054 0.74 -
YOtrMO009674         -            665 290630at2759         -            562   1.7e-11   42.7   0.1   1   3   4.4e-06    0.0004   18.4   0.0   154   209    71   127    63   132 0.89 -
YOtrMO009674         -            665 290630at2759         -            562   1.7e-11   42.7   0.1   2   3   0.00033      0.03   12.2   0.0   155   228   115   192   112   199 0.82 -
YOtrMO009674         -            665 290630at2759         -            562   1.7e-11   42.7   0.1   3   3   0.00054     0.048   11.5   0.0   124   184   560   620   542   625 0.83 -
YOtrMO014383         -            427 290630at2759         -            562   1.9e-11   42.6   0.3   1   2   4.5e-10     4e-08   31.6   0.0   129   228   144   247   133   255 0.84 -
YOtrMO014383         -            427 290630at2759         -            562   1.9e-11   42.6   0.3   2   2    0.0033      0.29    8.9   0.1   123   184   352   419   330   424 0.56 -
YOtrMO008837         -            644 290630at2759         -            562   4.5e-11   41.3   0.6   1   2   1.3e-09   1.2e-07   30.0   0.3   161   293    91   230    80   253 0.83 -
YOtrMO008837         -            644 290630at2759         -            562   4.5e-11   41.3   0.6   2   2    0.0022       0.2    9.5   0.0   156   204   278   326   258   332 0.84 -
YOtrMO014375         -            469 290630at2759         -            562   5.8e-11   41.0   0.1   1   2   2.2e-08     2e-06   26.0   0.0   153   228   215   294   184   297 0.87 -
YOtrMO014375         -            469 290630at2759         -            562   5.8e-11   41.0   0.1   2   2   0.00026     0.023   12.6   0.2   120   184   395   465   367   468 0.74 -
YOtrMO006656         -            357 290630at2759         -            562   1.1e-10   40.0   1.6   1   3   6.2e-06   0.00056   17.9   1.1   155   237    11    98     8   107 0.82 -
YOtrMO006656         -            357 290630at2759         -            562   1.1e-10   40.0   1.6   2   3     0.017       1.5    6.6   0.0   193   255   110   179   106   231 0.66 -
YOtrMO006656         -            357 290630at2759         -            562   1.1e-10   40.0   1.6   3   3    0.0003     0.027   12.4   0.0   192   235   267   310   261   317 0.90 -
YOtrMO007781         -           1280 290630at2759         -            562   1.8e-10   39.3   0.1   1   3     0.035       3.2    5.5   0.0   154   189   884   917   878   939 0.83 -
YOtrMO007781         -           1280 290630at2759         -            562   1.8e-10   39.3   0.1   2   3     0.037       3.3    5.4   0.0   169   230   956  1018   945  1024 0.85 -
YOtrMO007781         -           1280 290630at2759         -            562   1.8e-10   39.3   0.1   3   3   6.9e-08   6.2e-06   24.4   0.0   197   318  1078  1199  1069  1251 0.68 -
YOtrMO016433         -            484 290630at2759         -            562   4.1e-10   38.1   0.0   1   2   7.4e-10   6.6e-08   30.9   0.0   115   231   197   321   146   330 0.84 -
YOtrMO016433         -            484 290630at2759         -            562   4.1e-10   38.1   0.0   2   2     0.065       5.8    4.6   0.0   319   344   427   452   405   474 0.70 -
YOtrMO023197         -            431 290630at2759         -            562   6.9e-10   37.4   2.3   1   3      0.45        40    1.9   0.0   294   310   197   213   175   228 0.68 -
YOtrMO023197         -            431 290630at2759         -            562   6.9e-10   37.4   2.3   2   3   7.6e-10   6.8e-08   30.8   0.1   153   229   274   353   254   356 0.82 -
YOtrMO023197         -            431 290630at2759         -            562   6.9e-10   37.4   2.3   3   3         1        90    0.7   0.0   279   310   374   410   368   414 0.59 -
YOtrMO008954         -            793 290630at2759         -            562   1.1e-09   36.8   0.1   1   2   1.4e-08   1.3e-06   26.7   0.0   153   213   452   511   447   519 0.86 -
YOtrMO008954         -            793 290630at2759         -            562   1.1e-09   36.8   0.1   2   2     0.006      0.54    8.1   0.0   196   303   623   733   576   791 0.55 -
YOtrMO010074         -            898 290630at2759         -            562   1.3e-09   36.6   0.0   1   2     5e-09   4.5e-07   28.1   0.0   154   320    11   175     8   186 0.81 -
YOtrMO010074         -            898 290630at2759         -            562   1.3e-09   36.6   0.0   2   2     0.031       2.8    5.7   0.0   155   185   227   257   196   281 0.63 -
YOtrMO007274         -            649 290630at2759         -            562   1.3e-09   36.5   1.3   1   3       1.8   1.6e+02   -0.1   0.0   318   345   174   201   164   246 0.64 -
YOtrMO007274         -            649 290630at2759         -            562   1.3e-09   36.5   1.3   2   3      0.05       4.5    5.0   0.0   196   229   271   305   215   318 0.74 -
YOtrMO007274         -            649 290630at2759         -            562   1.3e-09   36.5   1.3   3   3   6.1e-09   5.4e-07   27.8   0.5   153   231   319   402   306   413 0.84 -
YOtrMO009521         -            458 290630at2759         -            562   1.8e-09   36.0   0.1   1   1   1.1e-10   9.5e-09   33.6   0.0   152   315   228   402   222   407 0.84 -
YOtrMO014338         -           1380 290630at2759         -            562   3.8e-09   35.0   0.0   1   1   1.3e-10   1.1e-08   33.4   0.0    97   255  1163  1331  1099  1347 0.74 -
YOtrMO029815         -            333 290630at2759         -            562   7.5e-09   34.0   0.1   1   2     0.015       1.3    6.8   0.0   159   226    85   153    78   186 0.91 -
YOtrMO029815         -            333 290630at2759         -            562   7.5e-09   34.0   0.1   2   2   4.4e-08     4e-06   25.0   0.0   149   231   202   284   198   314 0.74 -
YOtrMO013457         -            978 290630at2759         -            562   8.1e-09   33.9   2.9   1   3       9.2   8.2e+02   -2.5   0.0   440   465    79   104    72   109 0.88 -
YOtrMO013457         -            978 290630at2759         -            562   8.1e-09   33.9   2.9   2   3      0.43        38    1.9   0.0   195   227   124   157   111   178 0.85 -
YOtrMO013457         -            978 290630at2759         -            562   8.1e-09   33.9   2.9   3   3   1.2e-09   1.1e-07   30.2   0.5   166   308   182   341   172   351 0.68 -
YOtrMO014159         -           3476 290630at2759         -            562   8.7e-09   33.8   6.7   1   1   6.9e-10   6.1e-08   31.0   6.7   165   308  3025  3184  3013  3190 0.74 -
YOtrMO017331         -           1270 290630at2759         -            562     2e-08   32.6   0.4   1   3   0.00038     0.033   12.0   0.0   168   235   389   457   376   470 0.58 -
YOtrMO017331         -           1270 290630at2759         -            562     2e-08   32.6   0.4   2   3   0.00015     0.013   13.4   0.1   136   208   532   615   509   682 0.74 -
YOtrMO017331         -           1270 290630at2759         -            562     2e-08   32.6   0.4   3   3      0.79        70    1.1   0.0   279   307   873   905   864   914 0.51 -
YOtrMO005874         -            541 290630at2759         -            562   2.2e-08   32.5   0.4   1   2    0.0051      0.46    8.3   0.0   154   196    79   122    76   137 0.68 -
YOtrMO005874         -            541 290630at2759         -            562   2.2e-08   32.5   0.4   2   2   2.8e-07   2.5e-05   22.3   0.1   161   226   136   202   125   205 0.88 -
YOtrMO007884         -            324 290630at2759         -            562   2.2e-08   32.4   0.0   1   2    0.0021      0.19    9.6   0.0   159   227    20    85    15    97 0.84 -
YOtrMO007884         -            324 290630at2759         -            562   2.2e-08   32.4   0.0   2   2   8.9e-07     8e-05   20.7   0.0    84   210   168   298   146   323 0.81 -
YOtrMO006136         -           1172 290630at2759         -            562   2.5e-08   32.2   1.4   1   3      0.03       2.7    5.7   0.0   237   308   325   408   321   421 0.61 -
YOtrMO006136         -           1172 290630at2759         -            562   2.5e-08   32.2   1.4   2   3   1.1e-07     1e-05   23.7   0.2   114   256   420   560   408   570 0.79 -
YOtrMO006136         -           1172 290630at2759         -            562   2.5e-08   32.2   1.4   3   3       3.6   3.2e+02   -1.1   0.0   159   185   637   663   626   668 0.63 -
YOtrMO019535         -            355 290630at2759         -            562     3e-08   32.0   9.9   1   3   1.7e-07   1.5e-05   23.1   0.2   117   222    16   129    13   138 0.68 -
YOtrMO019535         -            355 290630at2759         -            562     3e-08   32.0   9.9   2   3      0.29        26    2.5   0.1   169   190   181   202   174   224 0.71 -
YOtrMO019535         -            355 290630at2759         -            562     3e-08   32.0   9.9   3   3    0.0057      0.51    8.1   1.6   288   350   225   295   220   316 0.68 -
YOtrMO003687         -           3914 290630at2759         -            562   4.8e-08   31.3   0.8   1   3     0.088       7.8    4.2   0.4   247   309  3656  3724  3641  3736 0.75 -
YOtrMO003687         -           3914 290630at2759         -            562   4.8e-08   31.3   0.8   2   3     0.075       6.7    4.4   0.6   154   222  3688  3771  3678  3783 0.75 -
YOtrMO003687         -           3914 290630at2759         -            562   4.8e-08   31.3   0.8   3   3   1.5e-07   1.3e-05   23.3   0.0   149   226  3822  3899  3746  3907 0.78 -
YOtrMO006903         -           1371 290630at2759         -            562   5.9e-08   31.0   0.2   1   2   8.9e-05    0.0079   14.1   0.1    85   211    29   154    20   168 0.86 -
YOtrMO006903         -           1371 290630at2759         -            562   5.9e-08   31.0   0.2   2   2   7.7e-05    0.0069   14.3   0.0   153   225   273   346   267   369 0.82 -
YOtrMO020831         -           1728 290630at2759         -            562   7.4e-08   30.7   0.7   1   3   1.3e-08   1.2e-06   26.7   0.2   234   402  1212  1379  1205  1382 0.76 -
YOtrMO020831         -           1728 290630at2759         -            562   7.4e-08   30.7   0.7   2   3     0.052       4.7    5.0   0.0   108   218  1298  1405  1292  1407 0.74 -
YOtrMO020831         -           1728 290630at2759         -            562   7.4e-08   30.7   0.7   3   3       5.6     5e+02   -1.8   0.0   301   341  1604  1648  1600  1654 0.63 -
YOtrMO015377         -            657 290630at2759         -            562   9.7e-08   30.3   0.0   1   1   1.6e-09   1.4e-07   29.8   0.0    78   293    84   306    68   315 0.77 -
YOtrMO027578         -           2760 290630at2759         -            562   1.1e-07   30.1   0.1   1   2    0.0004     0.035   12.0   0.0   245   310  2472  2541  2453  2547 0.64 -
YOtrMO027578         -           2760 290630at2759         -            562   1.1e-07   30.1   0.1   2   2   2.7e-05    0.0024   15.8   0.1   194   273  2583  2668  2567  2684 0.83 -
YOtrMO021574         -            916 290630at2759         -            562   1.3e-07   29.9   0.4   1   2   4.6e-09   4.1e-07   28.2   0.1   113   207   331   425   323   432 0.93 -
YOtrMO021574         -            916 290630at2759         -            562   1.3e-07   29.9   0.4   2   2       6.5   5.8e+02   -2.0   0.0   293   311   508   526   502   550 0.73 -
YOtrMO000632         -            667 290630at2759         -            562   1.3e-07   29.9   0.1   1   2   1.3e-07   1.1e-05   23.5   0.0   167   228   240   307   210   311 0.78 -
YOtrMO000632         -            667 290630at2759         -            562   1.3e-07   29.9   0.1   2   2       0.1       8.9    4.0   0.0   294   343   437   492   420   516 0.65 -
YOtrMO005211         -            715 290630at2759         -            562   1.5e-07   29.7   0.2   1   4   0.00029     0.026   12.4   0.1   154   222    62   133    53   142 0.89 -
YOtrMO005211         -            715 290630at2759         -            562   1.5e-07   29.7   0.2   2   4      0.39        35    2.1   0.0   210   228   181   199   163   204 0.88 -
YOtrMO005211         -            715 290630at2759         -            562   1.5e-07   29.7   0.2   3   4      0.51        45    1.7   0.0    50   102   256   307   225   322 0.71 -
YOtrMO005211         -            715 290630at2759         -            562   1.5e-07   29.7   0.2   4   4    0.0075      0.67    7.7   0.0   172   307   513   567   485   596 0.68 -
YOtrMO027889         -            613 290630at2759         -            562   2.4e-07   29.0   0.0   1   2   1.6e-06   0.00014   19.9   0.0    75   269    28   223    21   247 0.74 -
YOtrMO027889         -            613 290630at2759         -            562   2.4e-07   29.0   0.0   2   2     0.036       3.3    5.5   0.0   159   231   493   567   487   586 0.84 -
YOtrMO022897         -            297 290630at2759         -            562   3.3e-07   28.6   0.1   1   2   1.2e-06   0.00011   20.2   0.0   154   223    13    78     9    85 0.87 -
YOtrMO022897         -            297 290630at2759         -            562   3.3e-07   28.6   0.1   2   2     0.022         2    6.2   0.1   158   224   225   292   215   296 0.75 -
YOtrMO015838         -            663 290630at2759         -            562   3.7e-07   28.4   1.0   1   2   0.00059     0.052   11.4   0.2   153   186   127   160   120   189 0.88 -
YOtrMO015838         -            663 290630at2759         -            562   3.7e-07   28.4   1.0   2   2   3.3e-05     0.003   15.5   0.1   170   225   582   637   560   644 0.69 -
YOtrMO015842         -            447 290630at2759         -            562   5.2e-07   27.9   0.4   1   2   2.4e-08   2.1e-06   25.9   0.1   162   228   193   259   176   271 0.64 -
YOtrMO015842         -            447 290630at2759         -            562   5.2e-07   27.9   0.4   2   2       2.9   2.6e+02   -0.8   0.0   241   294   331   385   319   389 0.75 -
YOtrMO029865         -           1170 290630at2759         -            562   9.5e-07   27.0   0.4   1   3      0.23        21    2.8   0.0   443   470    19    46     8    59 0.57 -
YOtrMO029865         -           1170 290630at2759         -            562   9.5e-07   27.0   0.4   2   3   1.3e-06   0.00012   20.2   0.1   116   218    22   121    19   125 0.81 -
YOtrMO029865         -           1170 290630at2759         -            562   9.5e-07   27.0   0.4   3   3      0.19        17    3.1   0.0   128   227   203   301   124   308 0.70 -
YOtrMO002976         -            434 290630at2759         -            562   1.3e-06   26.6   1.5   1   2   2.1e-07   1.9e-05   22.8   0.2   117   287    48   221    42   231 0.80 -
YOtrMO002976         -            434 290630at2759         -            562   1.3e-06   26.6   1.5   2   2      0.24        21    2.8   0.1    29    80   237   291   226   299 0.71 -
YOtrMO013534         -           2005 290630at2759         -            562   2.7e-06   25.6   0.6   1   3   4.2e-05    0.0037   15.2   0.1   108   190   127   211    99   228 0.83 -
YOtrMO013534         -           2005 290630at2759         -            562   2.7e-06   25.6   0.6   2   3       3.3     3e+02   -1.0   0.0   131   184   243   298   233   302 0.71 -
YOtrMO013534         -           2005 290630at2759         -            562   2.7e-06   25.6   0.6   3   3     0.024       2.1    6.1   0.0   132   227   394   500   377   503 0.80 -
YOtrMO028419         -            383 290630at2759         -            562   2.9e-06   25.4   0.9   1   3       3.8   3.4e+02   -1.2   0.1   196   227   181   213   137   217 0.84 -
YOtrMO028419         -            383 290630at2759         -            562   2.9e-06   25.4   0.9   2   3   1.8e-06   0.00016   19.7   0.1   154   222   226   297   223   299 0.81 -
YOtrMO028419         -            383 290630at2759         -            562   2.9e-06   25.4   0.9   3   3       0.2        18    3.0   0.0   167   222   314   367   310   378 0.80 -
YOtrMO014602         -           1072 290630at2759         -            562   3.7e-06   25.1   2.1   1   4       8.1   7.2e+02   -2.3   0.0   130   145    75    91    53    95 0.79 -
YOtrMO014602         -           1072 290630at2759         -            562   3.7e-06   25.1   2.1   2   4   0.00094     0.084   10.7   0.1   159   225   205   274   197   328 0.80 -
YOtrMO014602         -           1072 290630at2759         -            562   3.7e-06   25.1   2.1   3   4   0.00046     0.041   11.8   0.0   324   402   462   538   449   563 0.76 -
YOtrMO014602         -           1072 290630at2759         -            562   3.7e-06   25.1   2.1   4   4       5.6     5e+02   -1.7   0.0   293   343   776   828   738   832 0.58 -
YOtrMO013594         -           1952 290630at2759         -            562   4.2e-06   24.9   1.8   1   2   3.4e-06   0.00031   18.8   0.2   154   261  1654  1768  1644  1769 0.80 -
YOtrMO013594         -           1952 290630at2759         -            562   4.2e-06   24.9   1.8   2   2   0.00022      0.02   12.8   0.3   154   310  1703  1866  1702  1871 0.80 -
YOtrMO024179         -           1388 290630at2759         -            562     5e-06   24.7   0.8   1   5   0.00036     0.032   12.1   0.0   188   232  1002  1047   998  1089 0.67 -
YOtrMO024179         -           1388 290630at2759         -            562     5e-06   24.7   0.8   2   5      0.32        28    2.4   0.2   112   139  1154  1181  1053  1183 0.54 -
YOtrMO024179         -           1388 290630at2759         -            562     5e-06   24.7   0.8   3   5    0.0068       0.6    7.9   0.3   113   189  1155  1234  1113  1291 0.71 -
YOtrMO024179         -           1388 290630at2759         -            562     5e-06   24.7   0.8   4   5       7.8     7e+02   -2.2   0.0   170   187  1271  1288  1240  1310 0.81 -
YOtrMO024179         -           1388 290630at2759         -            562     5e-06   24.7   0.8   5   5       2.6   2.3e+02   -0.7   0.0   153   184  1354  1387  1351  1387 0.70 -
YOtrMO019402         -            323 290630at2759         -            562   5.3e-06   24.6   0.2   1   2     6e-05    0.0053   14.7   0.2   151   200   115   165    27   181 0.73 -
YOtrMO019402         -            323 290630at2759         -            562   5.3e-06   24.6   0.2   2   2    0.0042      0.37    8.6   0.0   164   229   171   236   162   238 0.91 -
YOtrMO027004         -            993 290630at2759         -            562   7.9e-06   24.0   5.2   1   4     0.024       2.2    6.1   0.0   275   312   196   237   184   250 0.72 -
YOtrMO027004         -            993 290630at2759         -            562   7.9e-06   24.0   5.2   2   4    0.0051      0.45    8.3   0.0   155   228   255   330   249   334 0.71 -
YOtrMO027004         -            993 290630at2759         -            562   7.9e-06   24.0   5.2   3   4       1.3   1.1e+02    0.4   0.3   149   201   656   714   593   723 0.73 -
YOtrMO027004         -            993 290630at2759         -            562   7.9e-06   24.0   5.2   4   4    0.0057      0.51    8.1   0.1   112   247   823   965   779   971 0.77 -
YOtrMO009251         -            654 290630at2759         -            562     1e-05   23.6   1.0   1   2   3.8e-05    0.0033   15.3   0.1   119   187    86   159    60   165 0.76 -
YOtrMO009251         -            654 290630at2759         -            562     1e-05   23.6   1.0   2   2     0.021       1.8    6.3   0.0   178   230   190   245   174   297 0.73 -
YOtrMO022606         -            354 290630at2759         -            562   2.2e-05   22.5   0.5   1   2    0.0013      0.12   10.2   0.0   160   227   126   193    77   198 0.84 -
YOtrMO022606         -            354 290630at2759         -            562   2.2e-05   22.5   0.5   2   2    0.0012      0.11   10.3   0.1    62   137   206   283   200   300 0.62 -
YOtrMO023618         -            341 290630at2759         -            562   3.1e-05   22.0   0.0   1   1   4.5e-07     4e-05   21.7   0.0   148   228   177   260   104   311 0.80 -
YOtrMO030879         -            376 290630at2759         -            562   3.6e-05   21.8   0.0   1   2   4.1e-05    0.0036   15.2   0.0    92   188    39   146    22   152 0.72 -
YOtrMO030879         -            376 290630at2759         -            562   3.6e-05   21.8   0.0   2   2      0.11       9.4    4.0   0.0    79   143   180   246   167   252 0.72 -
YOtrMO005421         -            605 290630at2759         -            562   4.6e-05   21.5   0.0   1   2       1.5   1.3e+02    0.2   0.0   374   408   170   205   139   213 0.75 -
YOtrMO005421         -            605 290630at2759         -            562   4.6e-05   21.5   0.0   2   2   3.9e-06   0.00035   18.6   0.0    75   186   248   359   230   362 0.92 -
YOtrMO027278         -            681 290630at2759         -            562   5.3e-05   21.3   0.1   1   2     2e-06   0.00018   19.5   0.0   152   228   509   586   500   596 0.91 -
YOtrMO027278         -            681 290630at2759         -            562   5.3e-05   21.3   0.1   2   2         4   3.5e+02   -1.3   0.0   364   395   596   627   584   633 0.70 -
YOtrMO007937         -            417 290630at2759         -            562   8.6e-05   20.6   0.5   1   3       1.1     1e+02    0.6   0.0    60   101    82   126    42   131 0.72 -
YOtrMO007937         -            417 290630at2759         -            562   8.6e-05   20.6   0.5   2   3       7.5   6.7e+02   -2.2   0.0   206   231   207   232   203   244 0.74 -
YOtrMO007937         -            417 290630at2759         -            562   8.6e-05   20.6   0.5   3   3   1.2e-05    0.0011   16.9   0.2   160   226   246   313   235   331 0.88 -
YOtrMO014191         -            520 290630at2759         -            562   9.3e-05   20.5   0.1   1   1   6.9e-06   0.00062   17.8   0.0   177   268   174   268   158   274 0.85 -
YOtrMO008231         -            507 290630at2759         -            562   0.00013   20.0   0.0   1   2    0.0005     0.045   11.6   0.0    73   222   206   357   197   365 0.81 -
YOtrMO008231         -            507 290630at2759         -            562   0.00013   20.0   0.0   2   2     0.022         2    6.2   0.0   160   218   380   444   373   459 0.85 -
YOtrMO023899         -            494 290630at2759         -            562   0.00045   18.2   0.8   1   3      0.15        13    3.5   0.0   159   184    78   103    71   110 0.84 -
YOtrMO023899         -            494 290630at2759         -            562   0.00045   18.2   0.8   2   3       1.2   1.1e+02    0.5   0.0   298   312   161   175   155   179 0.83 -
YOtrMO023899         -            494 290630at2759         -            562   0.00045   18.2   0.8   3   3    0.0016      0.14    9.9   0.1   153   227   221   303   219   308 0.80 -
YOtrMO007586         -            729 290630at2759         -            562   0.00048   18.1   0.1   1   1   1.2e-05    0.0011   17.0   0.1   145   228   546   630   529   647 0.89 -
YOtrMO029321         -            586 290630at2759         -            562   0.00066   17.7   0.1   1   2    0.0012      0.11   10.3   0.0   160   227   216   290   212   294 0.87 -
YOtrMO029321         -            586 290630at2759         -            562   0.00066   17.7   0.1   2   2     0.045         4    5.2   0.1    82   142   417   478   380   502 0.62 -
YOtrMO027250         -            444 290630at2759         -            562     0.001   17.0   0.2   1   2     5e-05    0.0044   14.9   0.1   153   229   180   260    81   263 0.76 -
YOtrMO027250         -            444 290630at2759         -            562     0.001   17.0   0.2   2   2       6.2   5.5e+02   -1.9   0.0    59   102   307   347   295   353 0.50 -
YOtrMO001562         -            406 290630at2759         -            562     0.002   16.1   0.0   1   3       4.6   4.1e+02   -1.5   0.0   320   337    89   106    84   153 0.68 -
YOtrMO001562         -            406 290630at2759         -            562     0.002   16.1   0.0   2   3   0.00029     0.026   12.4   0.0   154   226   170   244   168   247 0.89 -
YOtrMO001562         -            406 290630at2759         -            562     0.002   16.1   0.0   3   3    0.0067      0.59    7.9   0.0   280   315   212   253   203   282 0.80 -
YOtrMO005046         -            344 290630at2759         -            562    0.0031   15.4   0.0   1   1   5.5e-05    0.0049   14.8   0.0   194   310   170   298   120   317 0.76 -
YOtrMO000585         -            665 290630at2759         -            562    0.0048   14.8   0.1   1   1    0.0021      0.19    9.5   0.0   165   223   525   583   510   591 0.87 -
YOtrMO020222         -            176 290630at2759         -            562    0.0072   14.2   0.0   1   1   0.00013     0.012   13.6   0.0   237   292   117   171   106   174 0.58 -
YOtrMO014892         -           1519 290630at2759         -            562    0.0076   14.2   0.6   1   2    0.0038      0.34    8.7   0.1   159   236    66   143    60   160 0.65 -
YOtrMO014892         -           1519 290630at2759         -            562    0.0076   14.2   0.6   2   2      0.18        16    3.2   0.1   292   389   295   401   255   437 0.67 -
YOtrMO028036         -           1201 290630at2759         -            562    0.0079   14.1   0.3   1   3    0.0043      0.38    8.5   0.1   192   234    66   108    13   124 0.70 -
YOtrMO028036         -           1201 290630at2759         -            562    0.0079   14.1   0.3   2   3       2.1   1.9e+02   -0.4   0.0    70   101   155   186   139   212 0.72 -
YOtrMO028036         -           1201 290630at2759         -            562    0.0079   14.1   0.3   3   3       1.5   1.4e+02    0.1   0.0    77   136   524   582   510   595 0.80 -
YOtrMO028576         -           1749 290630at2759         -            562     0.017   13.0   4.0   1   5    0.0025      0.23    9.3   0.0   316   398    16    95     9   109 0.77 -
YOtrMO028576         -           1749 290630at2759         -            562     0.017   13.0   4.0   2   5       1.6   1.4e+02    0.0   0.0   158   225   114   179    97   183 0.74 -
YOtrMO028576         -           1749 290630at2759         -            562     0.017   13.0   4.0   3   5         1        92    0.7   0.0   238   271   237   270   213   279 0.82 -
YOtrMO028576         -           1749 290630at2759         -            562     0.017   13.0   4.0   4   5       5.7   5.1e+02   -1.8   0.0   306   346   274   315   259   319 0.71 -
YOtrMO028576         -           1749 290630at2759         -            562     0.017   13.0   4.0   5   5       7.2   6.4e+02   -2.1   0.3   112   183   472   547   457   560 0.72 -
YOtrMO017100         -            378 290630at2759         -            562     0.034   12.0   7.8   1   4     0.039       3.5    5.4   0.0   159   307    14    83     4   120 0.57 -
YOtrMO017100         -            378 290630at2759         -            562     0.034   12.0   7.8   2   4       0.1       9.1    4.0   0.1   157   184   147   174   100   178 0.66 -
YOtrMO017100         -            378 290630at2759         -            562     0.034   12.0   7.8   3   4     0.084       7.5    4.3   0.2   159   213   213   267   208   271 0.82 -
YOtrMO017100         -            378 290630at2759         -            562     0.034   12.0   7.8   4   4       1.7   1.5e+02   -0.0   0.1   154   186   328   364   318   368 0.70 -
#
# Program:         hmmsearch
# Version:         3.1b2 (February 2015)
# Pipeline mode:   SEARCH
# Query file:      /home/nmoreyra/Documents/Academico/Repositorios/BUSCO2Tree/test_marzo2023/busco_downloads/lineages/eukaryota_odb10/hmms/290630at2759.hmm
# Target file:     /home/nmoreyra/Documents/Academico/Repositorios/BUSCO2Tree/test_marzo2023/00_proteins/Dmoj.fasta
# Option settings: hmmsearch --domtblout /home/nmoreyra/Documents/Academico/Repositorios/BUSCO2Tree/test_marzo2023/Results/00_proteins/Dmoj/run_eukaryota_odb10/hmmer_output/initial_run_results/290630at2759.out --cpu 1 /home/nmoreyra/Documents/Academico/Repositorios/BUSCO2Tree/test_marzo2023/busco_downloads/lineages/eukaryota_odb10/hmms/290630at2759.hmm /home/nmoreyra/Documents/Academico/Repositorios/BUSCO2Tree/test_marzo2023/00_proteins/Dmoj.fasta 
# Current dir:     /home/nmoreyra/Documents/Academico/Repositorios/BUSCO2Tree/test_marzo2023
# Date:            Thu Mar 23 14:23:34 2023
# [ok]
