#                                                                            --- full sequence --- -------------- this domain -------------   hmm coord   ali coord   env coord
# target name        accession   tlen query name           accession   qlen   E-value  score  bias   #  of  c-Evalue  i-Evalue  score  bias  from    to  from    to  from    to  acc description of target
#------------------- ---------- ----- -------------------- ---------- ----- --------- ------ ----- --- --- --------- --------- ------ ----- ----- ----- ----- ----- ----- ----- ---- ---------------------
YOtrMO002157         -            535 621827at2759         -            349   1.6e-96  322.9   4.4   1   2   9.2e-88   9.7e-86  287.5   0.8     1   270    20   335    20   345 0.86 -
YOtrMO002157         -            535 621827at2759         -            349   1.6e-96  322.9   4.4   2   2   1.7e-11   1.8e-09   36.7   0.1   253   334   362   459   354   474 0.79 -
YOtrMO027324         -           1365 621827at2759         -            349   7.2e-43  146.5  10.5   1   4   2.2e-14   2.4e-12   46.1   0.3    79   147  1028  1102  1022  1107 0.80 -
YOtrMO027324         -           1365 621827at2759         -            349   7.2e-43  146.5  10.5   2   4   6.2e-14   6.6e-12   44.7   0.2    76   145  1106  1180  1102  1184 0.90 -
YOtrMO027324         -           1365 621827at2759         -            349   7.2e-43  146.5  10.5   3   4   4.4e-13   4.6e-11   41.9   0.1    74   147  1184  1262  1182  1269 0.91 -
YOtrMO027324         -           1365 621827at2759         -            349   7.2e-43  146.5  10.5   4   4   3.3e-12   3.5e-10   39.0   0.2    90   147  1244  1305  1242  1312 0.89 -
YOtrMO002590         -            359 621827at2759         -            349   2.3e-39  134.9   1.0   1   3   9.4e-21   9.9e-19   67.1   0.1    41   151    66   188    38   192 0.78 -
YOtrMO002590         -            359 621827at2759         -            349   2.3e-39  134.9   1.0   2   3   4.2e-09   4.4e-07   28.8   0.0   111   186   188   272   184   280 0.76 -
YOtrMO002590         -            359 621827at2759         -            349   2.3e-39  134.9   1.0   3   3   5.6e-11   5.9e-09   34.9   0.0    86   145   292   356   273   358 0.85 -
YOtrMO006905         -            412 621827at2759         -            349   1.4e-36  125.8  14.6   1   4   3.8e-11     4e-09   35.5   0.5    92   163   123   203   103   206 0.72 -
YOtrMO006905         -            412 621827at2759         -            349   1.4e-36  125.8  14.6   2   4   4.6e-12   4.8e-10   38.5   2.5    75   163   185   287   182   301 0.73 -
YOtrMO006905         -            412 621827at2759         -            349   1.4e-36  125.8  14.6   3   4   2.7e-06   0.00029   19.5   0.0    86   128   306   349   299   351 0.85 -
YOtrMO006905         -            412 621827at2759         -            349   1.4e-36  125.8  14.6   4   4   1.4e-12   1.5e-10   40.2   1.1    90   146   352   411   350   411 0.90 -
YOtrMO022066         -            511 621827at2759         -            349   1.7e-36  125.5  13.9   1   4   8.8e-15   9.3e-13   47.5   3.0    92   183   223   319   208   323 0.71 -
YOtrMO022066         -            511 621827at2759         -            349   1.7e-36  125.5  13.9   2   4   1.7e-15   1.8e-13   49.8   0.4    74   147   324   402   321   408 0.87 -
YOtrMO022066         -            511 621827at2759         -            349   1.7e-36  125.5  13.9   3   4   1.1e-08   1.2e-06   27.4   0.0   112   146   407   441   403   447 0.90 -
YOtrMO022066         -            511 621827at2759         -            349   1.7e-36  125.5  13.9   4   4     0.028         3    6.3   0.0   112   145   456   489   448   493 0.84 -
YOtrMO008537         -           1699 621827at2759         -            349   1.3e-31  109.5  15.8   1   6   0.00027     0.029   12.9   0.0    93   145   911   965   897   973 0.79 -
YOtrMO008537         -           1699 621827at2759         -            349   1.3e-31  109.5  15.8   2   6   1.1e-06   0.00011   20.9   0.1    90   154   991  1058   975  1069 0.83 -
YOtrMO008537         -           1699 621827at2759         -            349   1.3e-31  109.5  15.8   3   6   1.8e-07   1.9e-05   23.4   0.0    90   182  1074  1174  1068  1182 0.83 -
YOtrMO008537         -           1699 621827at2759         -            349   1.3e-31  109.5  15.8   4   6   0.00036     0.038   12.5   0.0    40    88  1244  1295  1215  1302 0.62 -
YOtrMO008537         -           1699 621827at2759         -            349   1.3e-31  109.5  15.8   5   6   7.1e-08   7.5e-06   24.7   0.4    84   144  1336  1398  1305  1403 0.87 -
YOtrMO008537         -           1699 621827at2759         -            349   1.3e-31  109.5  15.8   6   6   3.1e-06   0.00033   19.3   0.1    86   149  1422  1488  1405  1496 0.85 -
YOtrMO008959         -            374 621827at2759         -            349   1.1e-30  106.5   1.0   1   4    0.0094      0.99    7.9   0.0    78   118    72   119    67   131 0.73 -
YOtrMO008959         -            374 621827at2759         -            349   1.1e-30  106.5   1.0   2   4   2.2e-15   2.3e-13   49.4   0.3    90   149   132   194   129   199 0.84 -
YOtrMO008959         -            374 621827at2759         -            349   1.1e-30  106.5   1.0   3   4   8.3e-09   8.7e-07   27.8   0.0   112   186   197   280   192   295 0.77 -
YOtrMO008959         -            374 621827at2759         -            349   1.1e-30  106.5   1.0   4   4     7e-06   0.00074   18.2   0.0    79   145   293   364   279   373 0.76 -
YOtrMO014889         -            489 621827at2759         -            349   3.9e-30  104.6   4.5   1   5   8.6e-08   9.1e-06   24.5   0.0    91   148   133   193   109   199 0.86 -
YOtrMO014889         -            489 621827at2759         -            349   3.9e-30  104.6   4.5   2   5   6.4e-09   6.8e-07   28.2   0.0    39   144   156   278   154   283 0.84 -
YOtrMO014889         -            489 621827at2759         -            349   3.9e-30  104.6   4.5   3   5   1.2e-05    0.0012   17.5   0.0    92   144   224   278   218   309 0.67 -
YOtrMO014889         -            489 621827at2759         -            349   3.9e-30  104.6   4.5   4   5   2.2e-09   2.4e-07   29.7   0.6    90   159   346   420   332   424 0.80 -
YOtrMO014889         -            489 621827at2759         -            349   3.9e-30  104.6   4.5   5   5   4.5e-10   4.8e-08   32.0   0.1    72   143   406   486   403   488 0.85 -
YOtrMO014969         -            319 621827at2759         -            349   2.1e-29  102.2   8.5   1   5   3.7e-05    0.0039   15.8   0.3    92   145    31    93    22    95 0.81 -
YOtrMO014969         -            319 621827at2759         -            349   2.1e-29  102.2   8.5   2   5   1.6e-11   1.7e-09   36.8   0.1    91   151    78   141    74   145 0.84 -
YOtrMO014969         -            319 621827at2759         -            349   2.1e-29  102.2   8.5   3   5   2.7e-07   2.8e-05   22.8   0.1    76   129    99   160    96   162 0.88 -
YOtrMO014969         -            319 621827at2759         -            349   2.1e-29  102.2   8.5   4   5   1.8e-15   1.9e-13   49.7   0.0    84   184   158   265   152   282 0.87 -
YOtrMO014969         -            319 621827at2759         -            349   2.1e-29  102.2   8.5   5   5     0.019         2    6.9   0.0    48    74   288   314   276   317 0.84 -
YOtrMO027730         -           1237 621827at2759         -            349   1.7e-28   99.2   8.3   1   3     1e-09   1.1e-07   30.8   0.2    60   128    25   103     4   106 0.84 -
YOtrMO027730         -           1237 621827at2759         -            349   1.7e-28   99.2   8.3   2   3   1.2e-13   1.3e-11   43.7   0.7    89   146   105   165   102   174 0.85 -
YOtrMO027730         -           1237 621827at2759         -            349   1.7e-28   99.2   8.3   3   3   4.6e-09   4.9e-07   28.7   0.1    74   146   199   282   188   295 0.82 -
YOtrMO013385         -            348 621827at2759         -            349     2e-28   99.0   0.5   1   4       0.2        21    3.6   0.0   111   145    48    84    41    95 0.86 -
YOtrMO013385         -            348 621827at2759         -            349     2e-28   99.0   0.5   2   4   5.1e-13   5.4e-11   41.7   0.1    72   148    87   173    60   192 0.77 -
YOtrMO013385         -            348 621827at2759         -            349     2e-28   99.0   0.5   3   4   3.9e-11   4.1e-09   35.5   0.0    91   148   196   256   191   258 0.88 -
YOtrMO013385         -            348 621827at2759         -            349     2e-28   99.0   0.5   4   4     7e-05    0.0074   14.9   0.0    94   140   291   340   287   345 0.87 -
YOtrMO002122         -            479 621827at2759         -            349   3.2e-28   98.3   8.1   1   5   0.00053     0.056   12.0   0.0   109   145   159   197   153   213 0.79 -
YOtrMO002122         -            479 621827at2759         -            349   3.2e-28   98.3   8.1   2   5   0.00035     0.037   12.6   0.0    90   128   181   220   176   223 0.87 -
YOtrMO002122         -            479 621827at2759         -            349   3.2e-28   98.3   8.1   3   5   1.6e-11   1.7e-09   36.8   0.5    90   151   223   287   205   289 0.84 -
YOtrMO002122         -            479 621827at2759         -            349   3.2e-28   98.3   8.1   4   5     7e-17   7.4e-15   54.4   0.6    93   213   268   400   267   412 0.82 -
YOtrMO002122         -            479 621827at2759         -            349   3.2e-28   98.3   8.1   5   5   0.00017     0.017   13.7   0.0    93   152   352   412   349   453 0.83 -
YOtrMO030743         -            410 621827at2759         -            349   1.4e-27   96.2   0.6   1   3   4.2e-09   4.5e-07   28.8   0.0    77   171    13   121     4   121 0.81 -
YOtrMO030743         -            410 621827at2759         -            349   1.4e-27   96.2   0.6   2   3   7.3e-12   7.7e-10   37.9   0.1    79   186    99   221    96   223 0.80 -
YOtrMO030743         -            410 621827at2759         -            349   1.4e-27   96.2   0.6   3   3   2.9e-11     3e-09   35.9   0.0    47   145   190   300   179   320 0.79 -
YOtrMO022873         -            332 621827at2759         -            349   9.4e-27   93.5   6.5   1   3   6.2e-09   6.6e-07   28.2   0.2    83   170    46   144    40   164 0.76 -
YOtrMO022873         -            332 621827at2759         -            349   9.4e-27   93.5   6.5   2   3   1.8e-17   1.9e-15   56.3   0.2    47   145   173   283   167   286 0.87 -
YOtrMO022873         -            332 621827at2759         -            349   9.4e-27   93.5   6.5   3   3     3e-08   3.2e-06   26.0   1.3    91   143   268   323   266   325 0.86 -
YOtrMO029330         -            318 621827at2759         -            349   5.2e-26   91.0   7.1   1   4   5.2e-06   0.00055   18.6   0.3    92   144    31    92    26    92 0.80 -
YOtrMO029330         -            318 621827at2759         -            349   5.2e-26   91.0   7.1   2   4   1.8e-12   1.9e-10   39.9   0.2    90   145    77   135    74   145 0.89 -
YOtrMO029330         -            318 621827at2759         -            349   5.2e-26   91.0   7.1   3   4   7.6e-15   8.1e-13   47.7   0.5    85   185   159   266   149   270 0.88 -
YOtrMO029330         -            318 621827at2759         -            349   5.2e-26   91.0   7.1   4   4       1.6   1.6e+02    0.6   0.0    51    73   291   313   284   315 0.80 -
YOtrMO013659         -            925 621827at2759         -            349   8.5e-26   90.3   1.1   1   2   1.9e-15     2e-13   49.6   1.0    83   198    63   193    12   198 0.78 -
YOtrMO013659         -            925 621827at2759         -            349   8.5e-26   90.3   1.1   2   2   6.8e-12   7.2e-10   38.0   0.0    91   145   201   258   180   270 0.86 -
YOtrMO016799         -            724 621827at2759         -            349   9.7e-26   90.1   1.1   1   4   0.00024     0.025   13.2   0.0   105   146   365   408   360   418 0.84 -
YOtrMO016799         -            724 621827at2759         -            349   9.7e-26   90.1   1.1   2   4   1.4e-05    0.0014   17.2   0.0    52   188   441   510   432   544 0.48 -
YOtrMO016799         -            724 621827at2759         -            349   9.7e-26   90.1   1.1   3   4   7.9e-06   0.00083   18.0   0.0    74   128   548   609   529   611 0.84 -
YOtrMO016799         -            724 621827at2759         -            349   9.7e-26   90.1   1.1   4   4   1.1e-11   1.1e-09   37.3   0.1    91   181   622   720   614   722 0.78 -
YOtrMO007228         -            709 621827at2759         -            349   4.8e-25   87.9   4.3   1   3     0.056       5.9    5.4   0.0    40    80   377   419   373   427 0.81 -
YOtrMO007228         -            709 621827at2759         -            349   4.8e-25   87.9   4.3   2   3   1.9e-10   2.1e-08   33.2   0.4    75   151   446   533   443   549 0.79 -
YOtrMO007228         -            709 621827at2759         -            349   4.8e-25   87.9   4.3   3   3   3.6e-14   3.8e-12   45.4   0.7    74   180   529   650   526   651 0.78 -
YOtrMO005416         -            357 621827at2759         -            349   6.4e-24   84.2   7.2   1   4    0.0013      0.13   10.8   0.1   113   185    63   143    53   161 0.69 -
YOtrMO005416         -            357 621827at2759         -            349   6.4e-24   84.2   7.2   2   4   4.6e-11   4.8e-09   35.2   0.1    90   151   169   235   122   237 0.77 -
YOtrMO005416         -            357 621827at2759         -            349   6.4e-24   84.2   7.2   3   4   3.1e-05    0.0033   16.1   0.1   111   161   235   287   231   299 0.84 -
YOtrMO005416         -            357 621827at2759         -            349   6.4e-24   84.2   7.2   4   4   3.5e-08   3.7e-06   25.7   0.3    92   143   301   355   290   356 0.89 -
YOtrMO028313         -            541 621827at2759         -            349   1.7e-23   82.8   0.5   1   3     1e-08   1.1e-06   27.5   0.0    50   205   254   397   243   401 0.40 -
YOtrMO028313         -            541 621827at2759         -            349   1.7e-23   82.8   0.5   2   3   1.8e-09   1.9e-07   30.0   0.0    80   147   379   455   374   465 0.87 -
YOtrMO028313         -            541 621827at2759         -            349   1.7e-23   82.8   0.5   3   3   1.9e-07   2.1e-05   23.3   0.4    90   144   480   537   471   540 0.89 -
YOtrMO014579         -            420 621827at2759         -            349   2.6e-23   82.2   8.7   1   5   5.3e-05    0.0056   15.3   0.1   114   151   101   138    92   156 0.86 -
YOtrMO014579         -            420 621827at2759         -            349   2.6e-23   82.2   8.7   2   5   3.5e-06   0.00037   19.2   0.4    92   146   162   223   136   225 0.72 -
YOtrMO014579         -            420 621827at2759         -            349   2.6e-23   82.2   8.7   3   5   4.4e-06   0.00046   18.9   0.0   112   145   245   279   241   284 0.88 -
YOtrMO014579         -            420 621827at2759         -            349   2.6e-23   82.2   8.7   4   5   5.5e-08   5.8e-06   25.1   0.1    88   147   302   368   294   371 0.82 -
YOtrMO014579         -            420 621827at2759         -            349   2.6e-23   82.2   8.7   5   5     0.069       7.3    5.1   0.0   128   146   391   409   369   418 0.65 -
YOtrMO020258         -            934 621827at2759         -            349   8.5e-23   80.5   4.2   1   6     0.012       1.3    7.5   0.0   227   262    66   101    57   117 0.74 -
YOtrMO020258         -            934 621827at2759         -            349   8.5e-23   80.5   4.2   2   6      0.84        89    1.5   0.0   185   212   105   133    98   140 0.84 -
YOtrMO020258         -            934 621827at2759         -            349   8.5e-23   80.5   4.2   3   6   1.6e-05    0.0016   17.0   0.1    73   146   142   225   110   228 0.71 -
YOtrMO020258         -            934 621827at2759         -            349   8.5e-23   80.5   4.2   4   6     0.029         3    6.3   0.0   114   160   409   456   393   468 0.73 -
YOtrMO020258         -            934 621827at2759         -            349   8.5e-23   80.5   4.2   5   6     0.014       1.5    7.3   0.0   111   146   487   524   464   529 0.78 -
YOtrMO020258         -            934 621827at2759         -            349   8.5e-23   80.5   4.2   6   6   1.7e-10   1.8e-08   33.3   0.1    30   173   536   696   531   710 0.78 -
YOtrMO030793         -            347 621827at2759         -            349   9.4e-23   80.3   2.8   1   3   2.6e-06   0.00028   19.6   0.1   112   196    53   145    35   155 0.79 -
YOtrMO030793         -            347 621827at2759         -            349   9.4e-23   80.3   2.8   2   3   1.7e-12   1.8e-10   39.9   0.1    91   183   162   263   158   270 0.83 -
YOtrMO030793         -            347 621827at2759         -            349   9.4e-23   80.3   2.8   3   3   3.8e-06    0.0004   19.1   0.0    90   143   289   345   281   346 0.86 -
YOtrMO009429         -            835 621827at2759         -            349   3.1e-22   78.6  10.2   1   4   2.6e-05    0.0027   16.3   0.0   100   213   138   272   127   329 0.64 -
YOtrMO009429         -            835 621827at2759         -            349   3.1e-22   78.6  10.2   2   4   8.5e-05     0.009   14.6   0.2    90   146   398   455   395   518 0.81 -
YOtrMO009429         -            835 621827at2759         -            349   3.1e-22   78.6  10.2   3   4   2.8e-08   2.9e-06   26.1   0.1    89   146   537   597   513   612 0.86 -
YOtrMO009429         -            835 621827at2759         -            349   3.1e-22   78.6  10.2   4   4   8.3e-08   8.8e-06   24.5   0.3    90   139   621   674   614   689 0.80 -
YOtrMO025724         -            805 621827at2759         -            349   2.6e-21   75.6   2.3   1   2   1.2e-16   1.2e-14   53.6   0.5    51   214   153   340   133   340 0.79 -
YOtrMO025724         -            805 621827at2759         -            349   2.6e-21   75.6   2.3   2   2   1.5e-09   1.6e-07   30.2   0.2    39   144   310   430   308   434 0.85 -
YOtrMO027064         -            349 621827at2759         -            349   5.1e-21   74.6   0.0   1   3     0.015       1.6    7.3   0.0    55   158    66    97    40   130 0.39 -
YOtrMO027064         -            349 621827at2759         -            349   5.1e-21   74.6   0.0   2   3     1e-10   1.1e-08   34.1   0.0    92   149   157   217   131   238 0.73 -
YOtrMO027064         -            349 621827at2759         -            349   5.1e-21   74.6   0.0   3   3   2.3e-14   2.4e-12   46.1   0.0    91   223   198   345   196   347 0.81 -
YOtrMO008207         -            680 621827at2759         -            349   4.4e-20   71.6   6.5   1   3   6.1e-07   6.4e-05   21.7   0.5    92   146    43   103    38   109 0.80 -
YOtrMO008207         -            680 621827at2759         -            349   4.4e-20   71.6   6.5   2   3   1.3e-08   1.4e-06   27.2   0.2    92   152    88   151    86   157 0.87 -
YOtrMO008207         -            680 621827at2759         -            349   4.4e-20   71.6   6.5   3   3   8.9e-12   9.4e-10   37.6   0.2    41   146   163   280   158   322 0.67 -
YOtrMO019945         -            495 621827at2759         -            349   3.1e-19   68.8   4.7   1   3     4e-07   4.2e-05   22.3   0.0    74   149   158   242   140   247 0.81 -
YOtrMO019945         -            495 621827at2759         -            349   3.1e-19   68.8   4.7   2   3    0.0076       0.8    8.2   0.1   127   149   296   318   282   323 0.80 -
YOtrMO019945         -            495 621827at2759         -            349   3.1e-19   68.8   4.7   3   3   4.1e-12   4.3e-10   38.7   0.3    85   187   335   445   317   485 0.77 -
YOtrMO025025         -            507 621827at2759         -            349   3.8e-19   68.5   0.2   1   2    0.0015      0.16   10.5   0.0   145   200   211   267   210   272 0.80 -
YOtrMO025025         -            507 621827at2759         -            349   3.8e-19   68.5   0.2   2   2   4.4e-17   4.7e-15   55.0   0.1    48   250   270   499   263   504 0.73 -
YOtrMO000894         -            790 621827at2759         -            349   4.8e-19   68.1   0.0   1   1   1.4e-20   1.5e-18   66.5   0.0    46   255    20   261     8   272 0.76 -
YOtrMO022760         -            754 621827at2759         -            349   7.3e-19   67.5   1.8   1   3   1.6e-10   1.6e-08   33.5   0.4    93   182   515   613   493   617 0.51 -
YOtrMO022760         -            754 621827at2759         -            349   7.3e-19   67.5   1.8   2   3   2.6e-08   2.7e-06   26.2   0.0    40   108   621   698   613   705 0.83 -
YOtrMO022760         -            754 621827at2759         -            349   7.3e-19   67.5   1.8   3   3     0.012       1.3    7.5   0.0   111   173   660   724   657   733 0.74 -
YOtrMO013524         -            309 621827at2759         -            349   1.1e-18   66.9   5.0   1   3   1.2e-14   1.2e-12   47.1   0.2    36   147     9   132     5   136 0.86 -
YOtrMO013524         -            309 621827at2759         -            349   1.1e-18   66.9   5.0   2   3   5.2e-06   0.00054   18.6   0.3    93   147   117   174   117   193 0.86 -
YOtrMO013524         -            309 621827at2759         -            349   1.1e-18   66.9   5.0   3   3   0.00017     0.018   13.7   0.0    90   148   196   259   187   280 0.80 -
YOtrMO006883         -            649 621827at2759         -            349   2.7e-18   65.6   4.2   1   4    0.0013      0.14   10.7   0.0   112   145   356   391   351   397 0.75 -
YOtrMO006883         -            649 621827at2759         -            349   2.7e-18   65.6   4.2   2   4   4.4e-10   4.7e-08   32.0   0.2    90   152   419   484   410   487 0.87 -
YOtrMO006883         -            649 621827at2759         -            349   2.7e-18   65.6   4.2   3   4   0.00062     0.066   11.8   0.1   129   148   503   522   495   530 0.86 -
YOtrMO006883         -            649 621827at2759         -            349   2.7e-18   65.6   4.2   4   4    0.0037      0.39    9.2   0.0    89   174   543   639   538   644 0.69 -
YOtrMO023382         -            510 621827at2759         -            349   3.1e-18   65.5   0.0   1   3    0.0029      0.31    9.6   0.0    44    75   214   245   199   262 0.82 -
YOtrMO023382         -            510 621827at2759         -            349   3.1e-18   65.5   0.0   2   3   4.1e-14   4.3e-12   45.3   0.1    40   188   260   430   252   433 0.82 -
YOtrMO023382         -            510 621827at2759         -            349   3.1e-18   65.5   0.0   3   3     0.017       1.8    7.0   0.0    90   143   451   507   447   509 0.81 -
YOtrMO029461         -           1557 621827at2759         -            349   4.9e-18   64.8   5.8   1   3   9.3e-05    0.0098   14.5   0.1    40   143   510   614   506   615 0.82 -
YOtrMO029461         -           1557 621827at2759         -            349   4.9e-18   64.8   5.8   2   3   8.7e-11   9.2e-09   34.3   0.8    76   195   580   718   563   721 0.72 -
YOtrMO029461         -           1557 621827at2759         -            349   4.9e-18   64.8   5.8   3   3   4.9e-08   5.1e-06   25.3   0.1    89   148   725   787   702   804 0.78 -
YOtrMO014939         -            790 621827at2759         -            349   5.5e-18   64.7   1.0   1   5    0.0099         1    7.8   0.1    90   145    35    96    21   102 0.78 -
YOtrMO014939         -            790 621827at2759         -            349   5.5e-18   64.7   1.0   2   5   4.9e-05    0.0052   15.4   0.2    88   143    78   136    62   144 0.87 -
YOtrMO014939         -            790 621827at2759         -            349   5.5e-18   64.7   1.0   3   5   0.00022     0.023   13.3   0.0    78   125   148   201   143   206 0.77 -
YOtrMO014939         -            790 621827at2759         -            349   5.5e-18   64.7   1.0   4   5   2.2e-08   2.3e-06   26.4   0.0    76   145   187   265   185   268 0.84 -
YOtrMO014939         -            790 621827at2759         -            349   5.5e-18   64.7   1.0   5   5   3.8e-05    0.0041   15.8   0.1    90   144   249   306   245   317 0.84 -
YOtrMO009354         -            960 621827at2759         -            349   2.1e-17   62.7   4.1   1   5      0.29        30    3.0   0.0    30    87    35    98    25   105 0.67 -
YOtrMO009354         -            960 621827at2759         -            349   2.1e-17   62.7   4.1   2   5       2.6   2.7e+02   -0.1   0.0    51    92   152   193   145   199 0.84 -
YOtrMO009354         -            960 621827at2759         -            349   2.1e-17   62.7   4.1   3   5   0.00025     0.027   13.1   0.0   101   150   382   434   312   438 0.71 -
YOtrMO009354         -            960 621827at2759         -            349   2.1e-17   62.7   4.1   4   5   2.4e-12   2.6e-10   39.4   0.7    39   189   437   600   433   620 0.73 -
YOtrMO009354         -            960 621827at2759         -            349   2.1e-17   62.7   4.1   5   5       2.1   2.2e+02    0.2   0.0    48    75   638   665   605   678 0.81 -
YOtrMO007093         -            347 621827at2759         -            349   5.1e-17   61.5   6.9   1   4     0.071       7.5    5.0   0.0    42    78    27    63    16    71 0.64 -
YOtrMO007093         -            347 621827at2759         -            349   5.1e-17   61.5   6.9   2   4   6.9e-09   7.3e-07   28.1   1.3    41   149    81   210    76   218 0.72 -
YOtrMO007093         -            347 621827at2759         -            349   5.1e-17   61.5   6.9   3   4   1.8e-07   1.9e-05   23.4   0.0    90   146   239   298   225   311 0.87 -
YOtrMO007093         -            347 621827at2759         -            349   5.1e-17   61.5   6.9   4   4       1.5   1.6e+02    0.6   0.1    92   108   329   345   304   346 0.77 -
YOtrMO019864         -            327 621827at2759         -            349   1.9e-16   59.6   4.6   1   4      0.18        19    3.7   0.0   121   147    19    45    14    65 0.72 -
YOtrMO019864         -            327 621827at2759         -            349   1.9e-16   59.6   4.6   2   4   2.9e-16   3.1e-14   52.3   1.5    58   183    28   166    26   184 0.82 -
YOtrMO019864         -            327 621827at2759         -            349   1.9e-16   59.6   4.6   3   4      0.28        30    3.0   0.0   155   190   236   273   229   287 0.63 -
YOtrMO019864         -            327 621827at2759         -            349   1.9e-16   59.6   4.6   4   4      0.43        46    2.4   0.0   223   246   273   296   265   303 0.87 -
YOtrMO008234         -            329 621827at2759         -            349   2.1e-16   59.5   0.0   1   3   0.00066      0.07   11.7   0.0    90   164    33   114    14   120 0.72 -
YOtrMO008234         -            329 621827at2759         -            349   2.1e-16   59.5   0.0   2   3   3.8e-07     4e-05   22.3   0.0    91   151   117   181   101   188 0.74 -
YOtrMO008234         -            329 621827at2759         -            349   2.1e-16   59.5   0.0   3   3   1.7e-07   1.8e-05   23.5   0.0    49   145   192   298   181   304 0.68 -
YOtrMO009201         -            480 621827at2759         -            349   2.2e-16   59.4   1.5   1   4       3.2   3.4e+02   -0.4   0.0   225   248   152   175   128   184 0.74 -
YOtrMO009201         -            480 621827at2759         -            349   2.2e-16   59.4   1.5   2   4   1.5e-05    0.0016   17.1   0.0    38   127   201   300   199   309 0.83 -
YOtrMO009201         -            480 621827at2759         -            349   2.2e-16   59.4   1.5   3   4     6e-09   6.3e-07   28.3   0.0    92   145   306   360   301   375 0.90 -
YOtrMO009201         -            480 621827at2759         -            349   2.2e-16   59.4   1.5   4   4    0.0016      0.17   10.4   0.0   123   145   388   410   366   433 0.83 -
YOtrMO013900         -            318 621827at2759         -            349   3.4e-16   58.7   0.0   1   2   4.9e-11   5.1e-09   35.1   0.0    38   181    17   178     6   182 0.77 -
YOtrMO013900         -            318 621827at2759         -            349   3.4e-16   58.7   0.0   2   2   3.3e-06   0.00034   19.3   0.0    49   134   201   300   190   309 0.74 -
YOtrMO003419         -            316 621827at2759         -            349   6.8e-16   57.8   0.8   1   3   6.3e-07   6.6e-05   21.6   0.0   130   185     9    70     3    94 0.73 -
YOtrMO003419         -            316 621827at2759         -            349   6.8e-16   57.8   0.8   2   3     4e-05    0.0042   15.7   0.0    90   180    94   194    77   198 0.78 -
YOtrMO003419         -            316 621827at2759         -            349   6.8e-16   57.8   0.8   3   3   2.2e-05    0.0024   16.5   0.3    40   131   212   313   195   315 0.67 -
YOtrMO018346         -            327 621827at2759         -            349   3.4e-15   55.5   0.5   1   3   3.2e-08   3.4e-06   25.9   0.1    91   147    24    83     4   101 0.80 -
YOtrMO018346         -            327 621827at2759         -            349   3.4e-15   55.5   0.5   2   3   4.7e-07   4.9e-05   22.0   0.1    92   173   162   251   157   271 0.78 -
YOtrMO018346         -            327 621827at2759         -            349   3.4e-15   55.5   0.5   3   3      0.12        13    4.3   0.0    49   254   292   315   281   325 0.61 -
YOtrMO017986         -            752 621827at2759         -            349   5.5e-15   54.8   0.1   1   4     0.001      0.11   11.1   0.0   112   152   430   472   424   489 0.83 -
YOtrMO017986         -            752 621827at2759         -            349   5.5e-15   54.8   0.1   2   4     0.019         2    6.9   0.0    92   144   451   517   450   523 0.70 -
YOtrMO017986         -            752 621827at2759         -            349   5.5e-15   54.8   0.1   3   4   3.4e-07   3.6e-05   22.5   0.0    72   144   478   568   475   572 0.65 -
YOtrMO017986         -            752 621827at2759         -            349   5.5e-15   54.8   0.1   4   4   2.5e-05    0.0027   16.3   0.1    93   147   651   708   640   744 0.83 -
YOtrMO020790         -           2279 621827at2759         -            349   1.1e-14   53.9   4.5   1   3   9.1e-07   9.6e-05   21.1   0.1    47   143   219   331   203   338 0.50 -
YOtrMO020790         -           2279 621827at2759         -            349   1.1e-14   53.9   4.5   2   3    0.0027      0.29    9.7   0.0    91   146   372   432   367   437 0.88 -
YOtrMO020790         -           2279 621827at2759         -            349   1.1e-14   53.9   4.5   3   3   3.6e-07   3.8e-05   22.4   0.3    89   149   470   534   464   540 0.83 -
YOtrMO013468         -            528 621827at2759         -            349   1.4e-14   53.5   0.3   1   4       2.4   2.5e+02   -0.0   0.0   165   188   221   244   215   249 0.85 -
YOtrMO013468         -            528 621827at2759         -            349   1.4e-14   53.5   0.3   2   4   1.3e-10   1.3e-08   33.8   0.1    45   144   252   362   245   365 0.82 -
YOtrMO013468         -            528 621827at2759         -            349   1.4e-14   53.5   0.3   3   4   6.8e-07   7.2e-05   21.5   0.0    90   213   347   494   343   496 0.75 -
YOtrMO013468         -            528 621827at2759         -            349   1.4e-14   53.5   0.3   4   4      0.04       4.2    5.8   0.0   103   145   454   499   448   512 0.82 -
YOtrMO031156         -            609 621827at2759         -            349   1.5e-14   53.3   0.7   1   5      0.33        35    2.8   0.0    46    74    66    94    36   128 0.71 -
YOtrMO031156         -            609 621827at2759         -            349   1.5e-14   53.3   0.7   2   5   0.00076     0.081   11.5   0.0    92   146   168   225   147   231 0.86 -
YOtrMO031156         -            609 621827at2759         -            349   1.5e-14   53.3   0.7   3   5     0.053       5.7    5.4   0.0    92   112   254   274   237   283 0.85 -
YOtrMO031156         -            609 621827at2759         -            349   1.5e-14   53.3   0.7   4   5   0.00029     0.031   12.9   0.0    74   198   316   445   288   483 0.77 -
YOtrMO031156         -            609 621827at2759         -            349   1.5e-14   53.3   0.7   5   5   0.00012     0.012   14.2   0.1    50   147   495   607   461   608 0.77 -
YOtrMO009198         -            332 621827at2759         -            349   1.8e-14   53.1   7.8   1   4     6e-08   6.3e-06   25.0   0.3    92   182    29   129     6   130 0.76 -
YOtrMO009198         -            332 621827at2759         -            349   1.8e-14   53.1   7.8   2   4   5.6e-07   5.9e-05   21.8   0.2    78   144    94   172    88   178 0.79 -
YOtrMO009198         -            332 621827at2759         -            349   1.8e-14   53.1   7.8   3   4    0.0016      0.17   10.4   0.1    78   105   185   218   178   255 0.72 -
YOtrMO009198         -            332 621827at2759         -            349   1.8e-14   53.1   7.8   4   4      0.01       1.1    7.8   0.0    91   107   314   330   296   331 0.79 -
YOtrMO020214         -            425 621827at2759         -            349   2.6e-14   52.6   0.5   1   4   0.00036     0.038   12.5   0.0   110   148    98   138    81   148 0.76 -
YOtrMO020214         -            425 621827at2759         -            349   2.6e-14   52.6   0.5   2   4   1.5e-05    0.0016   17.1   0.2   111   183   159   241   156   244 0.66 -
YOtrMO020214         -            425 621827at2759         -            349   2.6e-14   52.6   0.5   3   4   7.1e-07   7.5e-05   21.4   0.1    91   182   224   329   221   335 0.71 -
YOtrMO020214         -            425 621827at2759         -            349   2.6e-14   52.6   0.5   4   4       5.7     6e+02   -1.3   0.0   115   146   387   420   356   423 0.73 -
YOtrMO028992         -            646 621827at2759         -            349   3.6e-14   52.1   0.5   1   3   0.00039     0.041   12.4   0.1   106   145   317   358   300   371 0.81 -
YOtrMO028992         -            646 621827at2759         -            349   3.6e-14   52.1   0.5   2   3     0.027       2.8    6.4   0.0    42    74   419   451   411   479 0.83 -
YOtrMO028992         -            646 621827at2759         -            349   3.6e-14   52.1   0.5   3   3   3.2e-09   3.4e-07   29.2   0.0    89   145   559   619   519   626 0.83 -
YOtrMO001991         -           1138 621827at2759         -            349   3.6e-14   52.1   0.0   1   4    0.0081      0.86    8.1   0.0   110   184    71   161    65   169 0.82 -
YOtrMO001991         -           1138 621827at2759         -            349   3.6e-14   52.1   0.0   2   4   0.00072     0.076   11.6   0.0    45    73   172   200   164   224 0.88 -
YOtrMO001991         -           1138 621827at2759         -            349   3.6e-14   52.1   0.0   3   4   7.5e-08     8e-06   24.7   0.0    93   149   773   840   768   842 0.74 -
YOtrMO001991         -           1138 621827at2759         -            349   3.6e-14   52.1   0.0   4   4      0.57        60    2.0   0.0   111   147   842   880   838   884 0.81 -
YOtrMO021441         -            627 621827at2759         -            349   4.4e-14   51.8   0.2   1   2   1.9e-14     2e-12   46.4   0.3    40   149    48   170    11   217 0.84 -
YOtrMO021441         -            627 621827at2759         -            349   4.4e-14   51.8   0.2   2   2      0.29        31    3.0   0.0   111   140   588   619   584   623 0.77 -
YOtrMO008533         -            506 621827at2759         -            349   4.6e-14   51.7   0.3   1   2   1.8e-06   0.00019   20.1   0.0    92   184   238   339   233   350 0.79 -
YOtrMO008533         -            506 621827at2759         -            349   4.6e-14   51.7   0.3   2   2   1.2e-08   1.3e-06   27.3   0.1    96   180   369   461   361   500 0.69 -
YOtrMO008954         -            793 621827at2759         -            349   1.1e-13   50.5   0.3   1   4       5.8   6.1e+02   -1.3   0.0   111   128   448   465   443   467 0.80 -
YOtrMO008954         -            793 621827at2759         -            349   1.1e-13   50.5   0.3   2   4   1.1e-10   1.2e-08   34.0   0.1    90   132   468   510   449   512 0.87 -
YOtrMO008954         -            793 621827at2759         -            349   1.1e-13   50.5   0.3   3   4     0.022       2.3    6.7   0.0   153   187   625   659   616   691 0.79 -
YOtrMO008954         -            793 621827at2759         -            349   1.1e-13   50.5   0.3   4   4     0.047         5    5.6   0.0    96   140   686   733   669   737 0.78 -
YOtrMO028235         -            378 621827at2759         -            349   2.6e-13   49.3   0.4   1   2   4.8e-09   5.1e-07   28.6   0.1    90   145   181   240   175   253 0.87 -
YOtrMO028235         -            378 621827at2759         -            349   2.6e-13   49.3   0.4   2   2   6.6e-06    0.0007   18.3   0.0    91   150   270   334   243   351 0.81 -
YOtrMO007781         -           1280 621827at2759         -            349   3.1e-13   49.0   0.0   1   4    0.0016      0.17   10.4   0.0   113   149   881   917   874   923 0.90 -
YOtrMO007781         -           1280 621827at2759         -            349   3.1e-13   49.0   0.0   2   4         3   3.2e+02   -0.4   0.0   121   145   948   972   944   977 0.90 -
YOtrMO007781         -           1280 621827at2759         -            349   3.1e-13   49.0   0.0   3   4   0.00067     0.071   11.7   0.0   116   143  1077  1104  1067  1127 0.83 -
YOtrMO007781         -           1280 621827at2759         -            349   3.1e-13   49.0   0.0   4   4   9.9e-07   0.00011   21.0   0.0    94   185  1137  1232  1136  1254 0.86 -
YOtrMO024030         -            571 621827at2759         -            349   4.7e-13   48.4  15.9   1   3   2.2e-09   2.3e-07   29.7   0.3    76   147   272   354   267   362 0.72 -
YOtrMO024030         -            571 621827at2759         -            349   4.7e-13   48.4  15.9   2   3   9.2e-06   0.00097   17.8   2.4    89   194   380   494   369   508 0.71 -
YOtrMO024030         -            571 621827at2759         -            349   4.7e-13   48.4  15.9   3   3    0.0037      0.39    9.2   1.8    89   144   511   570   463   570 0.78 -
YOtrMO030034         -            742 621827at2759         -            349   7.2e-13   47.8   4.9   1   5     0.077       8.2    4.9   0.2   103   181    46   139    41   144 0.70 -
YOtrMO030034         -            742 621827at2759         -            349   7.2e-13   47.8   4.9   2   5      0.38        40    2.6   0.1    52    76   116   142    89   205 0.43 -
YOtrMO030034         -            742 621827at2759         -            349   7.2e-13   47.8   4.9   3   5       4.1   4.3e+02   -0.8   0.0   163   181   376   396   354   403 0.75 -
YOtrMO030034         -            742 621827at2759         -            349   7.2e-13   47.8   4.9   4   5   3.2e-06   0.00034   19.3   0.1    50   185   415   570   383   592 0.71 -
YOtrMO030034         -            742 621827at2759         -            349   7.2e-13   47.8   4.9   5   5   1.2e-06   0.00013   20.7   0.1    88   145   591   651   565   654 0.82 -
YOtrMO007664         -            350 621827at2759         -            349   7.8e-13   47.7   0.6   1   3    0.0072      0.76    8.3   0.0   126   147    37    58    33    90 0.65 -
YOtrMO007664         -            350 621827at2759         -            349   7.8e-13   47.7   0.6   2   3   2.5e-11   2.6e-09   36.1   0.1    92   148    86   146    83   156 0.86 -
YOtrMO007664         -            350 621827at2759         -            349   7.8e-13   47.7   0.6   3   3       2.1   2.2e+02    0.2   0.0   156   181   258   284   253   313 0.66 -
YOtrMO023197         -            431 621827at2759         -            349   8.4e-13   47.6   4.6   1   3    0.0011      0.12   11.0   0.1    90   109   195   214   190   225 0.87 -
YOtrMO023197         -            431 621827at2759         -            349   8.4e-13   47.6   4.6   2   3   5.2e-11   5.5e-09   35.0   0.6    93   183   248   353   221   360 0.74 -
YOtrMO023197         -            431 621827at2759         -            349   8.4e-13   47.6   4.6   3   3       1.7   1.8e+02    0.5   0.0    91   109   393   411   390   417 0.86 -
YOtrMO013331         -            396 621827at2759         -            349   3.2e-12   45.7   0.0   1   2   2.9e-10   3.1e-08   32.6   0.0    41   186    21   184    14   190 0.74 -
YOtrMO013331         -            396 621827at2759         -            349   3.2e-12   45.7   0.0   2   2    0.0013      0.14   10.7   0.0    90   150   255   319   241   325 0.86 -
YOtrMO031372         -            428 621827at2759         -            349   4.3e-12   45.3   0.0   1   3   0.00019      0.02   13.4   0.1    64   129    69   141    66   150 0.78 -
YOtrMO031372         -            428 621827at2759         -            349   4.3e-12   45.3   0.0   2   3   4.8e-08   5.1e-06   25.3   0.0    40   152   126   254   124   278 0.78 -
YOtrMO031372         -            428 621827at2759         -            349   4.3e-12   45.3   0.0   3   3      0.04       4.3    5.8   0.0    52    82   316   348   299   423 0.62 -
YOtrMO031923         -            446 621827at2759         -            349   4.4e-12   45.2   2.0   1   4   3.3e-07   3.5e-05   22.5   0.0   113   187    61   144    55   157 0.71 -
YOtrMO031923         -            446 621827at2759         -            349   4.4e-12   45.2   2.0   2   4       8.3   8.8e+02   -1.8   0.0   128   151   209   232   177   245 0.72 -
YOtrMO031923         -            446 621827at2759         -            349   4.4e-12   45.2   2.0   3   4   0.00013     0.014   14.0   0.2   128   150   294   316   251   331 0.75 -
YOtrMO031923         -            446 621827at2759         -            349   4.4e-12   45.2   2.0   4   4     0.062       6.6    5.2   0.0    89   108   337   356   318   364 0.83 -
YOtrMO026749         -           1147 621827at2759         -            349   8.9e-12   44.2   3.2   1   4       1.7   1.8e+02    0.4   0.0   117   143   741   769   730   775 0.56 -
YOtrMO026749         -           1147 621827at2759         -            349   8.9e-12   44.2   3.2   2   4   1.4e-10   1.5e-08   33.6   0.2    89   145   846   905   840   917 0.91 -
YOtrMO026749         -           1147 621827at2759         -            349   8.9e-12   44.2   3.2   3   4    0.0001     0.011   14.4   0.0    89   146   888   950   885   963 0.84 -
YOtrMO026749         -           1147 621827at2759         -            349   8.9e-12   44.2   3.2   4   4      0.04       4.2    5.8   0.0    29    74   991  1044   983  1048 0.67 -
YOtrMO008516         -            461 621827at2759         -            349   1.4e-11   43.5   0.0   1   2    0.0023      0.24    9.9   0.0   129   148   287   306   261   311 0.73 -
YOtrMO008516         -            461 621827at2759         -            349   1.4e-11   43.5   0.0   2   2   8.8e-10   9.3e-08   31.0   0.0    87   176   330   431   324   436 0.73 -
YOtrMO023986         -            785 621827at2759         -            349   1.7e-11   43.3   7.0   1   2   1.5e-09   1.5e-07   30.3   1.0    17   147    46   189    38   194 0.75 -
YOtrMO023986         -            785 621827at2759         -            349   1.7e-11   43.3   7.0   2   2   4.9e-08   5.2e-06   25.3   1.3    92   213   173   314   164   323 0.73 -
YOtrMO013769         -           2465 621827at2759         -            349     6e-11   41.5   7.9   1   5   1.1e-05    0.0012   17.5   0.2   111   184   172   253   167   257 0.81 -
YOtrMO013769         -           2465 621827at2759         -            349     6e-11   41.5   7.9   2   5       5.9   6.2e+02   -1.3   0.0    56    78   327   349   290   356 0.72 -
YOtrMO013769         -           2465 621827at2759         -            349     6e-11   41.5   7.9   3   5       1.2   1.3e+02    1.0   0.0   126   144   447   465   441   474 0.76 -
YOtrMO013769         -           2465 621827at2759         -            349     6e-11   41.5   7.9   4   5   0.00012     0.013   14.1   0.0    44   126   516   612   504   632 0.78 -
YOtrMO013769         -           2465 621827at2759         -            349     6e-11   41.5   7.9   5   5     0.012       1.2    7.6   0.3    92   213   664   760   654   785 0.39 -
YOtrMO008604         -            823 621827at2759         -            349   7.7e-11   41.1   1.4   1   6   0.00011     0.012   14.2   0.0    73   147    72   159    15   169 0.82 -
YOtrMO008604         -            823 621827at2759         -            349   7.7e-11   41.1   1.4   2   6   0.00092     0.097   11.2   0.0   111   144   222   259   186   275 0.69 -
YOtrMO008604         -            823 621827at2759         -            349   7.7e-11   41.1   1.4   3   6       1.2   1.2e+02    1.0   0.0    48    74   365   391   359   436 0.82 -
YOtrMO008604         -            823 621827at2759         -            349   7.7e-11   41.1   1.4   4   6      0.38        40    2.6   0.0   184   212   622   651   595   653 0.76 -
YOtrMO008604         -            823 621827at2759         -            349   7.7e-11   41.1   1.4   5   6       1.6   1.7e+02    0.5   0.0    48    71   685   708   673   715 0.86 -
YOtrMO008604         -            823 621827at2759         -            349   7.7e-11   41.1   1.4   6   6      0.61        64    1.9   0.0    90   107   795   820   737   822 0.63 -
YOtrMO008072         -            778 621827at2759         -            349   8.4e-11   41.0   0.4   1   3   8.2e-08   8.7e-06   24.5   0.1    93   152   117   182   112   196 0.83 -
YOtrMO008072         -            778 621827at2759         -            349   8.4e-11   41.0   0.4   2   3      0.25        27    3.2   0.0   228   253   225   250   209   262 0.55 -
YOtrMO008072         -            778 621827at2759         -            349   8.4e-11   41.0   0.4   3   3    0.0032      0.34    9.4   0.0    90   143   336   394   328   406 0.78 -
YOtrMO029815         -            333 621827at2759         -            349     1e-10   40.8   0.1   1   1   2.1e-12   2.2e-10   39.7   0.1    88   148   220   283   169   288 0.84 -
YOtrMO029782         -            784 621827at2759         -            349   1.2e-10   40.6   2.1   1   3     0.041       4.4    5.8   0.1    90   141   366   423   348   424 0.79 -
YOtrMO029782         -            784 621827at2759         -            349   1.2e-10   40.6   2.1   2   3   0.00018     0.019   13.6   0.1    92   149   460   526   436   563 0.72 -
YOtrMO029782         -            784 621827at2759         -            349   1.2e-10   40.6   2.1   3   3   3.6e-06   0.00038   19.1   0.0    89   143   603   661   587   666 0.87 -
YOtrMO004501         -            479 621827at2759         -            349   1.8e-10   40.0   0.2   1   1   3.8e-11     4e-09   35.5   0.1    41   250   211   452   199   454 0.74 -
YOtrMO025294         -            507 621827at2759         -            349   2.1e-10   39.7   0.2   1   3   1.2e-09   1.2e-07   30.6   0.1    74   158   193   287   171   291 0.83 -
YOtrMO025294         -            507 621827at2759         -            349   2.1e-10   39.7   0.2   2   3     0.065       6.9    5.1   0.0   188   251   284   353   280   357 0.74 -
YOtrMO025294         -            507 621827at2759         -            349   2.1e-10   39.7   0.2   3   3       1.3   1.4e+02    0.9   0.0   155   181   414   441   385   451 0.62 -
YOtrMO021810         -            323 621827at2759         -            349   2.4e-10   39.5   1.4   1   2   1.1e-07   1.1e-05   24.2   1.0    76   152    21   109    15   152 0.69 -
YOtrMO021810         -            323 621827at2759         -            349   2.4e-10   39.5   1.4   2   2   0.00058     0.062   11.9   0.0   116   174   195   260   185   280 0.68 -
YOtrMO017004         -            409 621827at2759         -            349   2.5e-10   39.5   0.7   1   4      0.04       4.3    5.8   0.0    92   104    47    59    27    65 0.92 -
YOtrMO017004         -            409 621827at2759         -            349   2.5e-10   39.5   0.7   2   4      0.24        25    3.3   0.0   188   254   120   191   112   199 0.80 -
YOtrMO017004         -            409 621827at2759         -            349   2.5e-10   39.5   0.7   3   4   5.6e-07   5.9e-05   21.8   0.0   111   183   200   281   196   287 0.77 -
YOtrMO017004         -            409 621827at2759         -            349   2.5e-10   39.5   0.7   4   4      0.24        25    3.3   0.1    92   107   389   404   367   407 0.66 -
YOtrMO009674         -            665 621827at2759         -            349   1.1e-09   37.3   0.2   1   2   1.4e-06   0.00015   20.4   0.1   116   191    71   157    62   200 0.45 -
YOtrMO009674         -            665 621827at2759         -            349   1.1e-09   37.3   0.2   2   2   0.00015     0.015   13.9   0.0    90   144   563   620   558   623 0.89 -
YOtrMO014383         -            427 621827at2759         -            349   1.1e-09   37.3   0.1   1   3   1.2e-09   1.2e-07   30.6   0.0    45   146   130   247   123   265 0.78 -
YOtrMO014383         -            427 621827at2759         -            349   1.1e-09   37.3   0.1   2   3      0.33        35    2.8   0.0   115   144   284   313   276   324 0.87 -
YOtrMO014383         -            427 621827at2759         -            349   1.1e-09   37.3   0.1   3   3       4.4   4.7e+02   -0.9   0.0    44    68   391   415   355   421 0.56 -
YOtrMO006371         -            772 621827at2759         -            349   2.8e-09   36.0   0.5   1   3      0.18        19    3.7   0.0    39    73    68   102    57   109 0.77 -
YOtrMO006371         -            772 621827at2759         -            349   2.8e-09   36.0   0.5   2   3   6.8e-09   7.2e-07   28.1   0.4    76   150   128   211   125   222 0.78 -
YOtrMO006371         -            772 621827at2759         -            349   2.8e-09   36.0   0.5   3   3       4.8   5.1e+02   -1.0   0.0    24    67   330   380   317   387 0.51 -
YOtrMO014375         -            469 621827at2759         -            349   2.8e-09   36.0   0.2   1   4       7.3   7.8e+02   -1.6   0.0   164   188   128   152   125   165 0.81 -
YOtrMO014375         -            469 621827at2759         -            349   2.8e-09   36.0   0.2   2   4   1.3e-08   1.4e-06   27.1   0.0    38   144   170   292   144   296 0.79 -
YOtrMO014375         -            469 621827at2759         -            349   2.8e-09   36.0   0.2   3   4      0.85        90    1.5   0.0   115   145   331   361   325   371 0.84 -
YOtrMO014375         -            469 621827at2759         -            349   2.8e-09   36.0   0.2   4   4      0.44        47    2.4   0.0    45    72   438   465   429   467 0.85 -
YOtrMO013594         -           1952 621827at2759         -            349   2.9e-09   36.0   0.2   1   3   3.1e-08   3.2e-06   25.9   0.1    76   185  1649  1780  1645  1785 0.75 -
YOtrMO013594         -           1952 621827at2759         -            349   2.9e-09   36.0   0.2   2   3       0.2        21    3.5   0.0   215   251  1783  1819  1772  1827 0.88 -
YOtrMO013594         -           1952 621827at2759         -            349   2.9e-09   36.0   0.2   3   3       2.4   2.6e+02   -0.0   0.0   125   202  1844  1923  1836  1929 0.69 -
YOtrMO009521         -            458 621827at2759         -            349   3.2e-09   35.8   0.1   1   2   1.9e-09     2e-07   29.9   0.0    89   167   245   335   239   376 0.80 -
YOtrMO009521         -            458 621827at2759         -            349   3.2e-09   35.8   0.1   2   2      0.12        12    4.3   0.0    97   147   342   397   329   430 0.68 -
YOtrMO019535         -            355 621827at2759         -            349     9e-09   34.3   5.8   1   2   2.4e-06   0.00025   19.7   0.0    44   128    13   113     6   136 0.76 -
YOtrMO019535         -            355 621827at2759         -            349     9e-09   34.3   5.8   2   2   0.00028     0.029   12.9   3.2    88   179   179   288   171   293 0.71 -
YOtrMO022710         -            929 621827at2759         -            349   1.1e-08   34.0   0.3   1   4     0.017       1.8    7.0   0.0    88   214   175   315   158   319 0.72 -
YOtrMO022710         -            929 621827at2759         -            349   1.1e-08   34.0   0.3   2   4      0.54        57    2.1   0.0    75   115   328   375   311   381 0.72 -
YOtrMO022710         -            929 621827at2759         -            349   1.1e-08   34.0   0.3   3   4         4   4.2e+02   -0.7   0.0   116   144   500   530   492   543 0.75 -
YOtrMO022710         -            929 621827at2759         -            349   1.1e-08   34.0   0.3   4   4   3.8e-06   0.00041   19.0   0.4    99   170   567   645   515   656 0.72 -
YOtrMO022897         -            297 621827at2759         -            349   9.5e-08   31.0   0.3   1   3     1e-06   0.00011   20.9   0.0    90   141    26    78    13    80 0.90 -
YOtrMO022897         -            297 621827at2759         -            349   9.5e-08   31.0   0.3   2   3       3.6   3.8e+02   -0.6   0.0   111   168    89   146    84   170 0.69 -
YOtrMO022897         -            297 621827at2759         -            349   9.5e-08   31.0   0.3   3   3      0.02       2.1    6.8   0.0   117   144   224   251   209   284 0.85 -
YOtrMO005874         -            541 621827at2759         -            349   1.1e-07   30.8   0.1   1   2     0.042       4.4    5.8   0.0    88   111    93   116    79   131 0.82 -
YOtrMO005874         -            541 621827at2759         -            349   1.1e-07   30.8   0.1   2   2   2.7e-07   2.9e-05   22.8   0.0    91   147   146   205   140   209 0.86 -
YOtrMO012556         -            464 621827at2759         -            349   2.8e-07   29.4   5.0   1   3   0.00016     0.017   13.7   0.1    89   138    75   126    19   129 0.76 -
YOtrMO012556         -            464 621827at2759         -            349   2.8e-07   29.4   5.0   2   3    0.0018      0.19   10.3   1.1    98   191   133   233   128   242 0.70 -
YOtrMO012556         -            464 621827at2759         -            349   2.8e-07   29.4   5.0   3   3    0.0074      0.78    8.2   0.1    46   144   197   305   193   311 0.75 -
YOtrMO008149         -            514 621827at2759         -            349   2.5e-06   26.3   3.7   1   2   8.3e-05    0.0088   14.6   1.0    91   148   283   350   214   357 0.70 -
YOtrMO008149         -            514 621827at2759         -            349   2.5e-06   26.3   3.7   2   2    0.0039      0.42    9.1   0.0    89   143   418   475   404   484 0.85 -
YOtrMO006656         -            357 621827at2759         -            349   2.5e-06   26.3   4.4   1   3   0.00058     0.062   11.9   1.7    92   144    27    87     1   104 0.74 -
YOtrMO006656         -            357 621827at2759         -            349   2.5e-06   26.3   4.4   2   3     0.043       4.6    5.7   0.0   130   158   131   159   105   186 0.87 -
YOtrMO006656         -            357 621827at2759         -            349   2.5e-06   26.3   4.4   3   3      0.01       1.1    7.8   0.0    78   109   268   305   262   313 0.66 -
YOtrMO001989         -            493 621827at2759         -            349     3e-06   26.1   0.3   1   4   0.00041     0.043   12.4   0.0   152   213   102   168    94   177 0.83 -
YOtrMO001989         -            493 621827at2759         -            349     3e-06   26.1   0.3   2   4      0.96     1e+02    1.3   0.0    90   111   213   234   194   239 0.87 -
YOtrMO001989         -            493 621827at2759         -            349     3e-06   26.1   0.3   3   4       2.8   2.9e+02   -0.2   0.0   222   254   237   269   217   295 0.69 -
YOtrMO001989         -            493 621827at2759         -            349     3e-06   26.1   0.3   4   4      0.01       1.1    7.8   0.0   103   146   278   325   265   336 0.70 -
YOtrMO001422         -           3465 621827at2759         -            349   4.3e-06   25.6   0.2   1   1   3.1e-07   3.3e-05   22.6   0.0    90   155  3344  3412  3339  3417 0.86 -
YOtrMO017331         -           1270 621827at2759         -            349   7.8e-06   24.7   2.2   1   4   9.5e-05      0.01   14.5   0.1    88   148   388   452   383   468 0.71 -
YOtrMO017331         -           1270 621827at2759         -            349   7.8e-06   24.7   2.2   2   4       0.2        21    3.5   0.0   123   156   569   602   507   611 0.82 -
YOtrMO017331         -           1270 621827at2759         -            349   7.8e-06   24.7   2.2   3   4      0.52        55    2.2   0.1    91   140   576   627   575   680 0.62 -
YOtrMO017331         -           1270 621827at2759         -            349   7.8e-06   24.7   2.2   4   4      0.55        59    2.1   0.0   113   143   872   904   868   910 0.75 -
YOtrMO024179         -           1388 621827at2759         -            349   8.8e-06   24.5   0.5   1   5     0.001      0.11   11.1   0.0   104   145   998  1042   996  1049 0.69 -
YOtrMO024179         -           1388 621827at2759         -            349   8.8e-06   24.5   0.5   2   5       3.4   3.6e+02   -0.5   0.0   224   266  1059  1101  1046  1108 0.79 -
YOtrMO024179         -           1388 621827at2759         -            349   8.8e-06   24.5   0.5   3   5       2.2   2.3e+02    0.1   0.0   156   185  1202  1234  1160  1238 0.58 -
YOtrMO024179         -           1388 621827at2759         -            349   8.8e-06   24.5   0.5   4   5     0.033       3.5    6.1   0.0    89   109  1269  1289  1262  1308 0.80 -
YOtrMO024179         -           1388 621827at2759         -            349   8.8e-06   24.5   0.5   5   5       7.6     8e+02   -1.7   0.0   118   143  1361  1386  1352  1387 0.69 -
YOtrMO015838         -            663 621827at2759         -            349   8.8e-06   24.5   0.8   1   2       1.2   1.3e+02    1.0   0.0   229   254   133   158   120   183 0.45 -
YOtrMO015838         -            663 621827at2759         -            349   8.8e-06   24.5   0.8   2   2   7.1e-07   7.5e-05   21.4   0.3    90   151   581   645   577   653 0.87 -
YOtrMO023899         -            494 621827at2759         -            349   1.3e-05   24.0   2.0   1   6    0.0029      0.31    9.6   0.0    44    72    75   103    71   111 0.90 -
YOtrMO023899         -            494 621827at2759         -            349   1.3e-05   24.0   2.0   2   6     0.093       9.9    4.6   0.0    84   110   153   175   142   196 0.79 -
YOtrMO023899         -            494 621827at2759         -            349   1.3e-05   24.0   2.0   3   6       9.1   9.6e+02   -1.9   0.0   148   181   219   252   215   260 0.77 -
YOtrMO023899         -            494 621827at2759         -            349   1.3e-05   24.0   2.0   4   6       3.7   3.9e+02   -0.6   0.0   118   149   273   307   242   315 0.64 -
YOtrMO023899         -            494 621827at2759         -            349   1.3e-05   24.0   2.0   5   6      0.91        97    1.4   0.0   155   183   334   362   324   369 0.86 -
YOtrMO023899         -            494 621827at2759         -            349   1.3e-05   24.0   2.0   6   6      0.99     1e+02    1.2   0.0   128   148   401   421   395   434 0.78 -
YOtrMO014159         -           3476 621827at2759         -            349   1.3e-05   23.9   6.0   1   2   1.1e-06   0.00011   20.9   2.8    89   193  3028  3144  3022  3162 0.77 -
YOtrMO014159         -           3476 621827at2759         -            349   1.3e-05   23.9   6.0   2   2       0.3        32    3.0   0.1   128   146  3167  3185  3160  3191 0.84 -
YOtrMO028419         -            383 621827at2759         -            349   2.4e-05   23.1   3.9   1   3   0.00012     0.012   14.2   0.3    98   148   205   261   198   265 0.86 -
YOtrMO028419         -            383 621827at2759         -            349   2.4e-05   23.1   3.9   2   3   0.00013     0.013   14.1   0.2    90   140   242   297   237   300 0.80 -
YOtrMO028419         -            383 621827at2759         -            349   2.4e-05   23.1   3.9   3   3    0.0065      0.68    8.4   0.0   109   140   333   367   328   372 0.82 -
YOtrMO029865         -           1170 621827at2759         -            349   2.5e-05   23.0   0.0   1   3    0.0031      0.32    9.5   0.0   154   213    21    85    17    86 0.82 -
YOtrMO029865         -           1170 621827at2759         -            349   2.5e-05   23.0   0.0   2   3   8.9e-05    0.0094   14.6   0.1   153   255    61   169    55   179 0.68 -
YOtrMO029865         -           1170 621827at2759         -            349   2.5e-05   23.0   0.0   3   3       1.6   1.7e+02    0.5   0.0   226   252   272   298   268   326 0.83 -
YOtrMO001459         -            982 621827at2759         -            349   3.1e-05   22.7   0.7   1   2      0.33        35    2.8   0.0    47    72    73    98    61   106 0.60 -
YOtrMO001459         -            982 621827at2759         -            349   3.1e-05   22.7   0.7   2   2     2e-05    0.0021   16.7   0.2    89   144   141   200   119   213 0.83 -
YOtrMO002976         -            434 621827at2759         -            349   3.4e-05   22.6   2.2   1   3   6.6e-06    0.0007   18.3   0.5   115   225    42   165    34   171 0.74 -
YOtrMO002976         -            434 621827at2759         -            349   3.4e-05   22.6   2.2   2   3       0.3        32    3.0   0.0   155   187   131   164   127   248 0.67 -
YOtrMO002976         -            434 621827at2759         -            349   3.4e-05   22.6   2.2   3   3      0.95     1e+02    1.3   0.0   112   145   253   286   243   294 0.82 -
YOtrMO030660         -            487 621827at2759         -            349   5.4e-05   21.9   0.5   1   3   1.2e-05    0.0013   17.4   0.0   129   188    37   102    24   128 0.57 -
YOtrMO030660         -            487 621827at2759         -            349   5.4e-05   21.9   0.5   2   3       2.1   2.2e+02    0.2   0.1    49    78   155   184   146   225 0.78 -
YOtrMO030660         -            487 621827at2759         -            349   5.4e-05   21.9   0.5   3   3       4.3   4.6e+02   -0.9   0.0    49   147   202   228   187   243 0.58 -
YOtrMO015842         -            447 621827at2759         -            349   6.5e-05   21.7   0.2   1   2   7.9e-06   0.00083   18.0   0.0    51   112   194   264   178   269 0.85 -
YOtrMO015842         -            447 621827at2759         -            349   6.5e-05   21.7   0.2   2   2      0.99     1e+02    1.2   0.0    48    76   334   363   321   383 0.67 -
YOtrMO030879         -            376 621827at2759         -            349   9.3e-05   21.1   0.0   1   3    0.0014      0.15   10.6   0.0   109   147    99   145    81   153 0.72 -
YOtrMO030879         -            376 621827at2759         -            349   9.3e-05   21.1   0.0   2   3     0.074       7.8    5.0   0.0    46    75   175   204   164   211 0.86 -
YOtrMO030879         -            376 621827at2759         -            349   9.3e-05   21.1   0.0   3   3       1.3   1.4e+02    0.8   0.0   121   145   283   307   276   311 0.86 -
YOtrMO008837         -            644 621827at2759         -            349   0.00011   20.9   0.7   1   2   0.00064     0.068   11.7   0.1    88   182    97   160    71   170 0.58 -
YOtrMO008837         -            644 621827at2759         -            349   0.00011   20.9   0.7   2   2     0.025       2.6    6.5   0.1    24    80   259   314   245   325 0.74 -
YOtrMO007274         -            649 621827at2759         -            349   0.00016   20.4   0.3   1   3         5   5.3e+02   -1.1   0.0   124   144   180   200   164   245 0.82 -
YOtrMO007274         -            649 621827at2759         -            349   0.00016   20.4   0.3   2   3       5.5   5.8e+02   -1.2   0.0   126   144   284   302   264   313 0.70 -
YOtrMO007274         -            649 621827at2759         -            349   0.00016   20.4   0.3   3   3   2.6e-05    0.0027   16.3   0.1    32   108   310   400   304   407 0.70 -
YOtrMO014623         -            783 621827at2759         -            349   0.00029   19.5   0.3   1   1   8.4e-06   0.00088   17.9   0.0    38   170   115   261    97   287 0.72 -
YOtrMO004267         -           1520 621827at2759         -            349   0.00062   18.4   0.0   1   4     0.036       3.8    6.0   0.0   130   188    33   104    21   108 0.65 -
YOtrMO004267         -           1520 621827at2759         -            349   0.00062   18.4   0.0   2   4       3.9   4.1e+02   -0.7   0.0    90   118   479   508   472   537 0.74 -
YOtrMO004267         -           1520 621827at2759         -            349   0.00062   18.4   0.0   3   4     0.066         7    5.1   0.0   219   273   549   603   525   606 0.68 -
YOtrMO004267         -           1520 621827at2759         -            349   0.00062   18.4   0.0   4   4       4.2   4.5e+02   -0.8   0.0   152   185  1429  1464  1396  1475 0.60 -
YOtrMO000516         -            412 621827at2759         -            349    0.0015   17.1   0.1   1   3       9.8     1e+03   -2.0   0.0   226   246    57    77    50    88 0.82 -
YOtrMO000516         -            412 621827at2759         -            349    0.0015   17.1   0.1   2   3      0.54        58    2.1   0.0    55    74   122   142   109   152 0.77 -
YOtrMO000516         -            412 621827at2759         -            349    0.0015   17.1   0.1   3   3   0.00083     0.088   11.4   0.1   114   146   201   236   184   240 0.76 -
YOtrMO006146         -            412 621827at2759         -            349    0.0015   17.1   0.1   1   3       9.8     1e+03   -2.0   0.0   226   246    57    77    50    88 0.82 -
YOtrMO006146         -            412 621827at2759         -            349    0.0015   17.1   0.1   2   3      0.54        58    2.1   0.0    55    74   122   142   109   152 0.77 -
YOtrMO006146         -            412 621827at2759         -            349    0.0015   17.1   0.1   3   3   0.00083     0.088   11.4   0.1   114   146   201   236   184   240 0.76 -
YOtrMO021574         -            916 621827at2759         -            349    0.0021   16.7   0.2   1   2    0.0093      0.98    7.9   0.0    49    91   379   424   373   425 0.80 -
YOtrMO021574         -            916 621827at2759         -            349    0.0021   16.7   0.2   2   2     0.034       3.6    6.1   0.0    92   138   509   555   503   560 0.93 -
YOtrMO015377         -            657 621827at2759         -            349    0.0024   16.5   0.7   1   3      0.77        81    1.6   0.0   120   154    82   116    70   130 0.75 -
YOtrMO015377         -            657 621827at2759         -            349    0.0024   16.5   0.7   2   3   0.00091     0.097   11.2   0.1    92   147   179   239   129   246 0.69 -
YOtrMO015377         -            657 621827at2759         -            349    0.0024   16.5   0.7   3   3       9.3   9.9e+02   -2.0   0.0   250   298   394   442   389   450 0.85 -
YOtrMO016810         -            867 621827at2759         -            349    0.0026   16.4   0.0   1   1   7.7e-05    0.0081   14.8   0.0    98   183   128   222   125   240 0.77 -
YOtrMO013457         -            978 621827at2759         -            349     0.004   15.8   1.6   1   2   0.00085     0.089   11.3   0.1    92   145   187   245   180   251 0.82 -
YOtrMO013457         -            978 621827at2759         -            349     0.004   15.8   1.6   2   2       2.2   2.3e+02    0.1   0.0    92   111   327   346   299   354 0.84 -
YOtrMO030593         -            352 621827at2759         -            349    0.0043   15.7   0.3   1   1   9.5e-05      0.01   14.5   0.3    92   144   128   182   122   187 0.84 -
YOtrMO000632         -            667 621827at2759         -            349    0.0044   15.6   0.3   1   2     0.042       4.4    5.8   0.1   127   148   288   309   274   317 0.84 -
YOtrMO000632         -            667 621827at2759         -            349    0.0044   15.6   0.3   2   2     0.019         2    6.9   0.0    85   199   388   514   380   535 0.69 -
YOtrMO007884         -            324 621827at2759         -            349    0.0056   15.3   0.0   1   2      0.23        25    3.3   0.0   192   213    19    40    11    86 0.73 -
YOtrMO007884         -            324 621827at2759         -            349    0.0056   15.3   0.0   2   2    0.0034      0.36    9.3   0.0    46    81   245   280   226   323 0.82 -
YOtrMO022606         -            354 621827at2759         -            349    0.0081   14.8   0.0   1   4      0.21        22    3.5   0.0   219   273    62   115    27   121 0.81 -
YOtrMO022606         -            354 621827at2759         -            349    0.0081   14.8   0.0   2   4     0.064       6.8    5.2   0.0    58    76   230   248   123   250 0.85 -
YOtrMO022606         -            354 621827at2759         -            349    0.0081   14.8   0.0   3   4     0.052       5.5    5.4   0.0    58    77   230   249   218   269 0.77 -
YOtrMO022606         -            354 621827at2759         -            349    0.0081   14.8   0.0   4   4       3.5   3.7e+02   -0.5   0.0   181   212   316   346   293   348 0.80 -
YOtrMO020831         -           1728 621827at2759         -            349      0.01   14.4   0.3   1   3    0.0094      0.99    7.9   0.1   129   186  1274  1336  1243  1340 0.80 -
YOtrMO020831         -           1728 621827at2759         -            349      0.01   14.4   0.3   2   3       7.7   8.1e+02   -1.7   0.0    22    60  1513  1552  1511  1581 0.84 -
YOtrMO020831         -           1728 621827at2759         -            349      0.01   14.4   0.3   3   3      0.35        37    2.7   0.0   216   253  1613  1650  1607  1691 0.87 -
YOtrMO000585         -            665 621827at2759         -            349     0.012   14.2   0.2   1   2     0.037       3.9    5.9   0.0   124   148   376   400   344   500 0.76 -
YOtrMO000585         -            665 621827at2759         -            349     0.012   14.2   0.2   2   2     0.069       7.3    5.0   0.1    92   126   532   567   519   595 0.59 -
YOtrMO010074         -            898 621827at2759         -            349     0.027   13.0   0.0   1   2     0.032       3.4    6.2   0.0    45   109    93   166    56   174 0.60 -
YOtrMO010074         -            898 621827at2759         -            349     0.027   13.0   0.0   2   2      0.13        13    4.2   0.0    44    79   228   263   218   275 0.82 -
YOtrMO023344         -            690 621827at2759         -            349     0.039   12.5   0.0   1   2      0.12        13    4.2   0.0    90   108    67    85    48    93 0.88 -
YOtrMO023344         -            690 621827at2759         -            349     0.039   12.5   0.0   2   2     0.047         5    5.6   0.0    89   147   115   176   113   224 0.73 -
YOtrMO031376         -            853 621827at2759         -            349     0.043   12.4   0.2   1   5       2.8   2.9e+02   -0.2   0.1   103   134   287   320   283   347 0.60 -
YOtrMO031376         -            853 621827at2759         -            349     0.043   12.4   0.2   2   5     0.066         7    5.1   0.0   155   213   447   513   439   531 0.77 -
YOtrMO031376         -            853 621827at2759         -            349     0.043   12.4   0.2   3   5       4.4   4.6e+02   -0.9   0.0   206   250   595   641   584   656 0.65 -
YOtrMO031376         -            853 621827at2759         -            349     0.043   12.4   0.2   4   5       3.6   3.8e+02   -0.6   0.0    48    73   663   688   654   691 0.76 -
YOtrMO031376         -            853 621827at2759         -            349     0.043   12.4   0.2   5   5       6.8   7.1e+02   -1.5   0.0   156   182   822   850   781   852 0.68 -
YOtrMO005046         -            344 621827at2759         -            349     0.057   12.0   0.1   1   2     0.055       5.9    5.4   0.1   128   148   189   209   136   214 0.88 -
YOtrMO005046         -            344 621827at2759         -            349     0.057   12.0   0.1   2   2      0.17        18    3.8   0.0    86   108   276   298   259   303 0.86 -
YOtrMO024244         -            788 621827at2759         -            349      0.13   10.8   0.1   1   2      0.39        42    2.6   0.0   127   199   319   396   312   419 0.59 -
YOtrMO024244         -            788 621827at2759         -            349      0.13   10.8   0.1   2   2      0.05       5.2    5.5   0.0   106   152   602   647   584   651 0.80 -
#
# Program:         hmmsearch
# Version:         3.1b2 (February 2015)
# Pipeline mode:   SEARCH
# Query file:      /home/nmoreyra/Documents/Academico/Repositorios/BUSCO2Tree/test_marzo2023/busco_downloads/lineages/eukaryota_odb10/hmms/621827at2759.hmm
# Target file:     /home/nmoreyra/Documents/Academico/Repositorios/BUSCO2Tree/test_marzo2023/00_proteins/Dmoj.fasta
# Option settings: hmmsearch --domtblout /home/nmoreyra/Documents/Academico/Repositorios/BUSCO2Tree/test_marzo2023/Results/00_proteins/Dmoj/run_eukaryota_odb10/hmmer_output/initial_run_results/621827at2759.out --cpu 1 /home/nmoreyra/Documents/Academico/Repositorios/BUSCO2Tree/test_marzo2023/busco_downloads/lineages/eukaryota_odb10/hmms/621827at2759.hmm /home/nmoreyra/Documents/Academico/Repositorios/BUSCO2Tree/test_marzo2023/00_proteins/Dmoj.fasta 
# Current dir:     /home/nmoreyra/Documents/Academico/Repositorios/BUSCO2Tree/test_marzo2023
# Date:            Thu Mar 23 14:23:25 2023
# [ok]
