#                                                                            --- full sequence --- -------------- this domain -------------   hmm coord   ali coord   env coord
# target name        accession   tlen query name           accession   qlen   E-value  score  bias   #  of  c-Evalue  i-Evalue  score  bias  from    to  from    to  from    to  acc description of target
#------------------- ---------- ----- -------------------- ---------- ----- --------- ------ ----- --- --- --------- --------- ------ ----- ----- ----- ----- ----- ----- ----- ---- ---------------------
YOtrMO020844         -            498 937686at2759         -            340  7.4e-121  402.9  16.8   1   3   1.1e-79   2.1e-76  256.7   6.9     1   194    42   255    42   271 0.93 -
YOtrMO020844         -            498 937686at2759         -            340  7.4e-121  402.9  16.8   2   3   3.9e-12   7.4e-09   34.6   0.1   195   242   308   361   297   366 0.87 -
YOtrMO020844         -            498 937686at2759         -            340  7.4e-121  402.9  16.8   3   3   2.4e-37   4.5e-34  117.5   0.4   241   340   382   488   368   488 0.93 -
YOtrMO006655         -            404 937686at2759         -            340   2.2e-16   59.4   3.0   1   2      0.58   1.1e+03   -2.1   0.0    42    83     9    50     6    76 0.71 -
YOtrMO006655         -            404 937686at2759         -            340   2.2e-16   59.4   3.0   2   2   3.3e-18   6.1e-15   54.6   1.7   151   334   186   391    74   395 0.79 -
YOtrMO016056         -            445 937686at2759         -            340   0.00062   18.4   1.5   1   2      0.59   1.1e+03   -2.1   0.2   209   233   106   133    72   178 0.55 -
YOtrMO016056         -            445 937686at2759         -            340   0.00062   18.4   1.5   2   2   3.3e-07   0.00062   18.4   1.5   225   330   327   432   309   442 0.81 -
YOtrMO009557         -            441 937686at2759         -            340    0.0013   17.4   0.1   1   1   1.3e-06    0.0024   16.5   0.1   245   308   340   403   270   432 0.85 -
YOtrMO021826         -            390 937686at2759         -            340    0.0015   17.1   0.0   1   1   2.3e-06    0.0043   15.7   0.0   263   318   309   366   295   388 0.80 -
YOtrMO009483         -            914 937686at2759         -            340    0.0022   16.6   0.4   1   1   2.8e-06    0.0052   15.4   0.4   259   338   765   843   723   845 0.79 -
YOtrMO030771         -            527 937686at2759         -            340     0.021   13.4   0.2   1   1   1.9e-05     0.035   12.7   0.2   208   320   352   466   292   489 0.82 -
#
# Program:         hmmsearch
# Version:         3.1b2 (February 2015)
# Pipeline mode:   SEARCH
# Query file:      /home/nmoreyra/Documents/Academico/Repositorios/BUSCO2Tree/test_marzo2023/busco_downloads/lineages/eukaryota_odb10/hmms/937686at2759.hmm
# Target file:     /home/nmoreyra/Documents/Academico/Repositorios/BUSCO2Tree/test_marzo2023/00_proteins/Dmoj.fasta
# Option settings: hmmsearch --domtblout /home/nmoreyra/Documents/Academico/Repositorios/BUSCO2Tree/test_marzo2023/Results/00_proteins/Dmoj/run_eukaryota_odb10/hmmer_output/initial_run_results/937686at2759.out --cpu 1 /home/nmoreyra/Documents/Academico/Repositorios/BUSCO2Tree/test_marzo2023/busco_downloads/lineages/eukaryota_odb10/hmms/937686at2759.hmm /home/nmoreyra/Documents/Academico/Repositorios/BUSCO2Tree/test_marzo2023/00_proteins/Dmoj.fasta 
# Current dir:     /home/nmoreyra/Documents/Academico/Repositorios/BUSCO2Tree/test_marzo2023
# Date:            Thu Mar 23 14:23:26 2023
# [ok]
