#                                                                            --- full sequence --- -------------- this domain -------------   hmm coord   ali coord   env coord
# target name        accession   tlen query name           accession   qlen   E-value  score  bias   #  of  c-Evalue  i-Evalue  score  bias  from    to  from    to  from    to  acc description of target
#------------------- ---------- ----- -------------------- ---------- ----- --------- ------ ----- --- --- --------- --------- ------ ----- ----- ----- ----- ----- ----- ----- ---- ---------------------
DALD002617-1.p1      -            321 1454155at2759        -             98   6.3e-23   80.5   9.1   1   3   2.2e-26   6.3e-23   80.5   9.1     1    82    58   146    58   151 0.91 -
DALD002617-1.p1      -            321 1454155at2759        -             98   6.3e-23   80.5   9.1   2   3      0.27   7.9e+02   -0.0   2.3    47    79   155   186   146   199 0.72 -
DALD002617-1.p1      -            321 1454155at2759        -             98   6.3e-23   80.5   9.1   3   3       0.3   8.6e+02   -0.1   0.0    81    95   283   297   279   299 0.81 -
DALD007388-2.p1      -            825 1454155at2759        -             98     0.066   13.1   0.5   1   2      0.25   7.2e+02    0.1   0.1    63    90    36    63    26    64 0.85 -
DALD007388-2.p1      -            825 1454155at2759        -             98     0.066   13.1   0.5   2   2   0.00025      0.73    9.7   0.0    27    67   590   630   587   641 0.93 -
DALD004486-1.p1      -            247 1454155at2759        -             98     0.075   12.9   1.1   1   2     0.077   2.2e+02    1.7   0.0    50    66    64    80    54    84 0.85 -
DALD004486-1.p1      -            247 1454155at2759        -             98     0.075   12.9   1.1   2   2   0.00035         1    9.2   0.3    23    93   119   193   116   197 0.79 -
DALD005103-1.p1      -            232 1454155at2759        -             98      0.21   11.4   2.9   1   2     0.071   2.1e+02    1.8   0.0    50    66    64    80    54    84 0.85 -
DALD005103-1.p1      -            232 1454155at2759        -             98      0.21   11.4   2.9   2   2   0.00047       1.4    8.8   0.9    23    93   119   193   116   197 0.79 -
DALD007785-1.p1      -            188 1454155at2759        -             98      0.33   10.8  11.9   1   2    0.0062        18    5.2   0.4    63    95    50    82    34    84 0.78 -
DALD007785-1.p1      -            188 1454155at2759        -             98      0.33   10.8  11.9   2   2   0.00038       1.1    9.1   5.4    50    85   144   179   141   183 0.89 -
#
# Program:         hmmsearch
# Version:         3.1b2 (February 2015)
# Pipeline mode:   SEARCH
# Query file:      /home/nmoreyra/Documents/Academico/Repositorios/BUSCO2Tree/test_marzo2023/busco_downloads/lineages/eukaryota_odb10/hmms/1454155at2759.hmm
# Target file:     /home/nmoreyra/Documents/Academico/Repositorios/BUSCO2Tree/test_marzo2023/00_proteins/Dald.fasta
# Option settings: hmmsearch --domtblout /home/nmoreyra/Documents/Academico/Repositorios/BUSCO2Tree/test_marzo2023/Results/00_proteins/Dald/run_eukaryota_odb10/hmmer_output/initial_run_results/1454155at2759.out --cpu 1 /home/nmoreyra/Documents/Academico/Repositorios/BUSCO2Tree/test_marzo2023/busco_downloads/lineages/eukaryota_odb10/hmms/1454155at2759.hmm /home/nmoreyra/Documents/Academico/Repositorios/BUSCO2Tree/test_marzo2023/00_proteins/Dald.fasta 
# Current dir:     /home/nmoreyra/Documents/Academico/Repositorios/BUSCO2Tree/test_marzo2023
# Date:            Thu Mar 23 14:19:36 2023
# [ok]
