#                                                                            --- full sequence --- -------------- this domain -------------   hmm coord   ali coord   env coord
# target name        accession   tlen query name           accession   qlen   E-value  score  bias   #  of  c-Evalue  i-Evalue  score  bias  from    to  from    to  from    to  acc description of target
#------------------- ---------- ----- -------------------- ---------- ----- --------- ------ ----- --- --- --------- --------- ------ ----- ----- ----- ----- ----- ----- ----- ---- ---------------------
DALD008752-1.p1      -            498 937686at2759         -            340  3.4e-121  404.1  15.5   1   3   4.7e-80   9.8e-77  257.9   5.6     1   194    42   255    42   261 0.93 -
DALD008752-1.p1      -            498 937686at2759         -            340  3.4e-121  404.1  15.5   2   3   3.9e-12   8.2e-09   34.6   0.1   195   242   308   361   297   366 0.87 -
DALD008752-1.p1      -            498 937686at2759         -            340  3.4e-121  404.1  15.5   3   3   2.4e-37     5e-34  117.5   0.4   241   340   382   488   368   488 0.93 -
DALD002620-1.p1      -            404 937686at2759         -            340   2.8e-16   59.2   3.0   1   2       0.6   1.3e+03   -2.2   0.0    42    83     9    50     6    75 0.73 -
DALD002620-1.p1      -            404 937686at2759         -            340   2.8e-16   59.2   3.0   2   2   3.7e-18   7.8e-15   54.4   1.7   151   334   186   391    74   395 0.79 -
DALD003292-1.p1      -            445 937686at2759         -            340   0.00069   18.4   1.5   1   2      0.59   1.2e+03   -2.1   0.2   209   233   106   133    72   178 0.55 -
DALD003292-1.p1      -            445 937686at2759         -            340   0.00069   18.4   1.5   2   2   3.3e-07   0.00069   18.4   1.5   225   330   327   432   309   442 0.81 -
DALD012489-1.p1      -            422 937686at2759         -            340    0.0013   17.5   0.1   1   1   1.2e-06    0.0024   16.6   0.1   245   308   321   384   250   413 0.85 -
DALD000772-1.p1      -            390 937686at2759         -            340    0.0018   17.1   0.0   1   1   2.3e-06    0.0047   15.7   0.0   263   318   309   366   295   388 0.80 -
DALD012323-1.p1      -            914 937686at2759         -            340    0.0024   16.7   0.4   1   1   2.8e-06    0.0058   15.4   0.4   259   338   765   843   723   845 0.79 -
DALD009728-1.p1      -            531 937686at2759         -            340     0.024   13.4   0.2   1   1   1.9e-05      0.04   12.6   0.2   208   320   356   470   296   493 0.82 -
#
# Program:         hmmsearch
# Version:         3.1b2 (February 2015)
# Pipeline mode:   SEARCH
# Query file:      /home/nmoreyra/Documents/Academico/Repositorios/BUSCO2Tree/test_marzo2023/busco_downloads/lineages/eukaryota_odb10/hmms/937686at2759.hmm
# Target file:     /home/nmoreyra/Documents/Academico/Repositorios/BUSCO2Tree/test_marzo2023/00_proteins/Dald.fasta
# Option settings: hmmsearch --domtblout /home/nmoreyra/Documents/Academico/Repositorios/BUSCO2Tree/test_marzo2023/Results/00_proteins/Dald/run_eukaryota_odb10/hmmer_output/initial_run_results/937686at2759.out --cpu 1 /home/nmoreyra/Documents/Academico/Repositorios/BUSCO2Tree/test_marzo2023/busco_downloads/lineages/eukaryota_odb10/hmms/937686at2759.hmm /home/nmoreyra/Documents/Academico/Repositorios/BUSCO2Tree/test_marzo2023/00_proteins/Dald.fasta 
# Current dir:     /home/nmoreyra/Documents/Academico/Repositorios/BUSCO2Tree/test_marzo2023
# Date:            Thu Mar 23 14:19:43 2023
# [ok]
