#                                                                            --- full sequence --- -------------- this domain -------------   hmm coord   ali coord   env coord
# target name        accession   tlen query name           accession   qlen   E-value  score  bias   #  of  c-Evalue  i-Evalue  score  bias  from    to  from    to  from    to  acc description of target
#------------------- ---------- ----- -------------------- ---------- ----- --------- ------ ----- --- --- --------- --------- ------ ----- ----- ----- ----- ----- ----- ----- ---- ---------------------
FBpp0228087          -            809 100698at2759         -            502  3.2e-258  856.8   4.5   1   2   4.8e-51   9.4e-48  162.5   0.0     1   116    78   206    78   212 0.92 -
FBpp0228087          -            809 100698at2759         -            502  3.2e-258  856.8   4.5   2   2  2.2e-212  4.3e-209  694.7   2.0   115   498   299   719   288   722 0.93 -
FBpp0390717          -           1867 100698at2759         -            502     0.011   13.8   4.1   1   3     0.054   1.1e+02    0.7   0.0   167   217   689   746   612   760 0.72 -
FBpp0390717          -           1867 100698at2759         -            502     0.011   13.8   4.1   2   3   2.8e-05     0.054   11.5   0.1   332   385  1041  1095  1037  1127 0.82 -
FBpp0390717          -           1867 100698at2759         -            502     0.011   13.8   4.1   3   3      0.06   1.2e+02    0.6   0.3   396   497  1136  1239  1129  1243 0.67 -
FBpp0230595          -            714 100698at2759         -            502     0.016   13.3   0.3   1   2   1.7e-05     0.033   12.3   0.1   153   269   224   343   209   360 0.78 -
FBpp0230595          -            714 100698at2759         -            502     0.016   13.3   0.3   2   2       0.7   1.4e+03   -3.0   0.0   382   436   527   585   492   607 0.66 -
FBpp0235741          -           1366 100698at2759         -            502     0.025   12.7   0.1   1   2      0.58   1.1e+03   -2.7   0.0   168   186    71    89    58    93 0.75 -
FBpp0235741          -           1366 100698at2759         -            502     0.025   12.7   0.1   2   2   3.6e-05      0.07   11.2   0.0   394   463   474   542   468   560 0.84 -
FBpp0229988          -            531 100698at2759         -            502     0.061   11.4   0.0   1   1   4.7e-05     0.091   10.8   0.0   369   487   332   456   306   460 0.73 -
FBpp0398880          -            914 100698at2759         -            502     0.062   11.3   0.0   1   1   5.2e-05       0.1   10.6   0.0   397   500   626   727   617   729 0.87 -
FBpp0237442          -            610 100698at2759         -            502     0.074   11.1   0.0   1   1   5.7e-05      0.11   10.5   0.0   365   477   262   378   239   390 0.70 -
#
# Program:         hmmsearch
# Version:         3.1b2 (February 2015)
# Pipeline mode:   SEARCH
# Query file:      /home/nmoreyra/Documents/Academico/Repositorios/BUSCO2Tree/test_marzo2023/busco_downloads/lineages/eukaryota_odb10/hmms/100698at2759.hmm
# Target file:     /home/nmoreyra/Documents/Academico/Repositorios/BUSCO2Tree/test_marzo2023/00_proteins/Dvir.fasta
# Option settings: hmmsearch --domtblout /home/nmoreyra/Documents/Academico/Repositorios/BUSCO2Tree/test_marzo2023/Results/00_proteins/Dvir/run_eukaryota_odb10/hmmer_output/initial_run_results/100698at2759.out --cpu 1 /home/nmoreyra/Documents/Academico/Repositorios/BUSCO2Tree/test_marzo2023/busco_downloads/lineages/eukaryota_odb10/hmms/100698at2759.hmm /home/nmoreyra/Documents/Academico/Repositorios/BUSCO2Tree/test_marzo2023/00_proteins/Dvir.fasta 
# Current dir:     /home/nmoreyra/Documents/Academico/Repositorios/BUSCO2Tree/test_marzo2023
# Date:            Thu Mar 23 14:24:04 2023
# [ok]
