#                                                                            --- full sequence --- -------------- this domain -------------   hmm coord   ali coord   env coord
# target name        accession   tlen query name           accession   qlen   E-value  score  bias   #  of  c-Evalue  i-Evalue  score  bias  from    to  from    to  from    to  acc description of target
#------------------- ---------- ----- -------------------- ---------- ----- --------- ------ ----- --- --- --------- --------- ------ ----- ----- ----- ----- ----- ----- ----- ---- ---------------------
FBpp0230187          -            363 1182451at2759        -            154   1.5e-43  147.8  15.4   1   2   1.4e-14   1.7e-11   43.7   3.0     1    91    70   177    70   186 0.85 -
FBpp0230187          -            363 1182451at2759        -            154   1.5e-43  147.8  15.4   2   2   8.5e-34     1e-30  106.2   4.7    76   154   260   338   238   338 0.88 -
FBpp0398489          -            296 1182451at2759        -            154     6e-17   61.5  21.8   1   3      0.11   1.3e+02    1.9   0.2    86   136    10    60     4    66 0.77 -
FBpp0398489          -            296 1182451at2759        -            154     6e-17   61.5  21.8   2   3    0.0052       6.4    6.2  10.7     9    81    56   128    46   188 0.81 -
FBpp0398489          -            296 1182451at2759        -            154     6e-17   61.5  21.8   3   3   1.4e-18   1.8e-15   56.7   1.9    84   153   194   263   187   264 0.94 -
FBpp0226671          -            289 1182451at2759        -            154   1.8e-12   46.9   4.2   1   2      0.03        38    3.7   3.8    30    96    37   103    28   127 0.89 -
FBpp0226671          -            289 1182451at2759        -            154   1.8e-12   46.9   4.2   2   2   1.4e-15   1.8e-12   46.9   4.2    75   153   179   260   171   261 0.85 -
FBpp0225046          -            475 1182451at2759        -            154   1.3e-09   37.6   3.6   1   3      0.12   1.5e+02    1.7   0.2     9    51   219   261   211   269 0.72 -
FBpp0225046          -            475 1182451at2759        -            154   1.3e-09   37.6   3.6   2   3     0.086   1.1e+02    2.2   0.6    53    87   281   315   262   320 0.85 -
FBpp0225046          -            475 1182451at2759        -            154   1.3e-09   37.6   3.6   3   3   1.1e-12   1.3e-09   37.6   3.6    83   146   381   444   368   452 0.86 -
FBpp0227880          -            278 1182451at2759        -            154   1.8e-09   37.2  19.4   1   2         1   1.3e+03   -1.3   0.0   126   145    50    69    45    78 0.74 -
FBpp0227880          -            278 1182451at2759        -            154   1.8e-09   37.2  19.4   2   2   1.6e-12     2e-09   37.1  17.2    20   151   109   248    90   251 0.78 -
FBpp0232945          -            315 1182451at2759        -            154   2.7e-08   33.4   0.9   1   3       1.8   2.2e+03   -2.0   0.1   118   130    61    73    53    97 0.51 -
FBpp0232945          -            315 1182451at2759        -            154   2.7e-08   33.4   0.9   2   3      0.78   9.6e+02   -0.9   0.2    13    38   180   202   166   222 0.56 -
FBpp0232945          -            315 1182451at2759        -            154   2.7e-08   33.4   0.9   3   3   2.2e-11   2.7e-08   33.4   0.9    85   153   221   289   210   290 0.93 -
FBpp0225559          -            213 1182451at2759        -            154   0.00022   20.7   4.3   1   2   0.00025      0.31   10.5   0.1   117   148    59    90    51    93 0.87 -
FBpp0225559          -            213 1182451at2759        -            154   0.00022   20.7   4.3   2   2   0.00019      0.23   10.9   1.5    74   140   138   204   122   212 0.89 -
FBpp0227129          -            364 1182451at2759        -            154    0.0003   20.2   1.2   1   1   5.6e-07    0.0007   19.1   1.2    74   153   180   252   156   253 0.77 -
FBpp0400455          -            212 1182451at2759        -            154    0.0031   16.9   0.9   1   2   0.00068      0.84    9.0   0.1   117   148    53    84    45    87 0.87 -
FBpp0400455          -            212 1182451at2759        -            154    0.0031   16.9   0.9   2   2    0.0047       5.8    6.3   0.1    75   127   137   189   134   205 0.94 -
FBpp0235899          -            280 1182451at2759        -            154    0.0062   16.0   0.9   1   2      0.57     7e+02   -0.4   1.4    22    59    45    82    27   132 0.63 -
FBpp0235899          -            280 1182451at2759        -            154    0.0062   16.0   0.9   2   2     5e-06    0.0062   16.0   0.9    63   147   194   277   187   280 0.84 -
FBpp0391509          -            790 1182451at2759        -            154     0.013   14.9   0.0   1   1   2.1e-05     0.026   13.9   0.0    58   101   403   446   381   477 0.87 -
#
# Program:         hmmsearch
# Version:         3.1b2 (February 2015)
# Pipeline mode:   SEARCH
# Query file:      /home/nmoreyra/Documents/Academico/Repositorios/BUSCO2Tree/test_marzo2023/busco_downloads/lineages/eukaryota_odb10/hmms/1182451at2759.hmm
# Target file:     /home/nmoreyra/Documents/Academico/Repositorios/BUSCO2Tree/test_marzo2023/00_proteins/Dvir.fasta
# Option settings: hmmsearch --domtblout /home/nmoreyra/Documents/Academico/Repositorios/BUSCO2Tree/test_marzo2023/Results/00_proteins/Dvir/run_eukaryota_odb10/hmmer_output/initial_run_results/1182451at2759.out --cpu 1 /home/nmoreyra/Documents/Academico/Repositorios/BUSCO2Tree/test_marzo2023/busco_downloads/lineages/eukaryota_odb10/hmms/1182451at2759.hmm /home/nmoreyra/Documents/Academico/Repositorios/BUSCO2Tree/test_marzo2023/00_proteins/Dvir.fasta 
# Current dir:     /home/nmoreyra/Documents/Academico/Repositorios/BUSCO2Tree/test_marzo2023
# Date:            Thu Mar 23 14:24:04 2023
# [ok]
